2024-02-09 00:09:35 开始第 2733 次操作

2024-02-09 00:09:35 开始操作号码 【1762633】
2024-02-09 00:09:42 GSD getOne 第 1 次 等待 3 秒
2024-02-09 00:09:45 查询号码 【1762633】，返回信息 {"status":"ok","msg":"江苏-南京","gid":"165003","time_insert":"2021-07-01 06:54"}
2024-02-09 00:09:45 查询号码 【1762633】，GSD为【"江苏-南京"】

2024-02-09 00:09:46 开始第 2734 次操作

2024-02-09 00:09:46 开始操作号码 【1762634】
2024-02-09 00:09:51 GSD getOne 第 1 次 等待 3 秒
2024-02-09 00:09:54 查询号码 【1762634】，返回信息 {"status":"ok","msg":"江苏-南京","gid":"165127","time_insert":"2021-07-01 07:41"}
2024-02-09 00:09:54 查询号码 【1762634】，GSD为【"江苏-南京"】

2024-02-09 00:09:55 开始第 2735 次操作

2024-02-09 00:09:55 开始操作号码 【1762635】
2024-02-09 00:10:00 GSD getOne 第 1 次 等待 3 秒
2024-02-09 00:10:03 查询号码 【1762635】，返回信息 {"status":"ok","msg":"江苏-南京","gid":"165136","time_insert":"2021-07-01 07:41"}
2024-02-09 00:10:03 查询号码 【1762635】，GSD为【"江苏-南京"】

2024-02-09 00:10:04 开始第 2736 次操作

2024-02-09 00:10:04 开始操作号码 【1762636】
2024-02-09 00:10:09 GSD getOne 第 1 次 等待 3 秒
2024-02-09 00:10:12 查询号码 【1762636】，返回信息 {"status":"ok","msg":"江苏-南京","gid":"165143","time_insert":"2021-07-01 07:42"}
2024-02-09 00:10:13 查询号码 【1762636】，GSD为【"江苏-南京"】

2024-02-09 00:34:26 开始第 2737 次操作

2024-02-09 00:34:26 开始操作号码 【1762637】
2024-02-09 00:34:32 GSD getOne 第 1 次 等待 3 秒
2024-02-09 00:34:35 查询号码 【1762637】，返回信息 {"status":"ok","msg":"江苏-南京","gid":"165149","time_insert":"2021-07-01 07:42"}
2024-02-09 00:34:35 查询号码 【1762637】，GSD为【"江苏-南京"】

2024-02-09 00:34:36 开始第 2738 次操作

2024-02-09 00:34:36 开始操作号码 【1762638】
2024-02-09 00:34:40 GSD getOne 第 1 次 等待 3 秒
2024-02-09 00:34:43 查询号码 【1762638】，返回信息 {"status":"ok","msg":"江苏-南京","gid":"165157","time_insert":"2021-07-01 07:43"}
2024-02-09 00:34:43 查询号码 【1762638】，GSD为【"江苏-南京"】

2024-02-09 00:34:44 开始第 2739 次操作

2024-02-09 00:34:44 开始操作号码 【1762639】
2024-02-09 00:34:50 GSD getOne 第 1 次 等待 3 秒
2024-02-09 00:34:53 查询号码 【1762639】，返回信息 {"status":"ok","msg":"江苏-南京","gid":"165160","time_insert":"2021-07-01 07:43"}
2024-02-09 00:34:53 查询号码 【1762639】，GSD为【"江苏-南京"】

2024-02-09 00:34:54 开始第 2740 次操作

2024-02-09 00:34:54 开始操作号码 【1762640】
2024-02-09 00:34:59 GSD getOne 第 1 次 等待 3 秒
2024-02-09 00:35:02 查询号码 【1762640】，返回信息 {"status":"ok","msg":"江苏-徐州","gid":"165168","time_insert":"2021-07-01 07:44"}
2024-02-09 00:35:02 查询号码 【1762640】，GSD为【"江苏-徐州"】

2024-02-09 01:08:37 开始第 2741 次操作

2024-02-09 01:08:37 开始操作号码 【1762641】
2024-02-09 01:08:43 GSD getOne 第 1 次 等待 3 秒
2024-02-09 01:08:46 查询号码 【1762641】，返回信息 {"status":"ok","msg":"江苏-徐州","gid":"165171","time_insert":"2021-07-01 07:44"}
2024-02-09 01:08:46 查询号码 【1762641】，GSD为【"江苏-徐州"】

2024-02-09 01:08:47 开始第 2742 次操作

2024-02-09 01:08:47 开始操作号码 【1762642】
2024-02-09 01:08:51 GSD getOne 第 1 次 等待 3 秒
2024-02-09 01:08:54 查询号码 【1762642】，返回信息 {"status":"ok","msg":"江苏-徐州","gid":"165179","time_insert":"2021-07-01 07:44"}
2024-02-09 01:08:54 查询号码 【1762642】，GSD为【"江苏-徐州"】

2024-02-09 01:08:55 开始第 2743 次操作

2024-02-09 01:08:55 开始操作号码 【1762643】
2024-02-09 01:09:00 GSD getOne 第 1 次 等待 3 秒
2024-02-09 01:09:03 查询号码 【1762643】，返回信息 {"status":"ok","msg":"江苏-徐州","gid":"165182","time_insert":"2021-07-01 07:45"}
2024-02-09 01:09:03 查询号码 【1762643】，GSD为【"江苏-徐州"】

2024-02-09 01:09:04 开始第 2744 次操作

2024-02-09 01:09:04 开始操作号码 【1762644】
2024-02-09 01:09:09 GSD getOne 第 1 次 等待 3 秒
2024-02-09 01:09:12 查询号码 【1762644】，返回信息 {"status":"ok","msg":"江苏-徐州","gid":"30083","time_insert":"2020-08-04 15:55","time_update":"2020-08-26 01:12"}
2024-02-09 01:09:12 查询号码 【1762644】，GSD为【"江苏-徐州"】

2024-02-09 01:31:59 开始第 2745 次操作

2024-02-09 01:31:59 开始操作号码 【1762645】
2024-02-09 01:32:04 GSD getOne 第 1 次 等待 3 秒
2024-02-09 01:32:07 查询号码 【1762645】，返回信息 {"status":"ok","msg":"江苏-徐州","gid":"165189","time_insert":"2021-07-01 07:45"}
2024-02-09 01:32:07 查询号码 【1762645】，GSD为【"江苏-徐州"】

2024-02-09 01:32:08 开始第 2746 次操作

2024-02-09 01:32:08 开始操作号码 【1762646】
2024-02-09 01:32:13 GSD getOne 第 1 次 等待 3 秒
2024-02-09 01:32:16 查询号码 【1762646】，返回信息 {"status":"ok","msg":"江苏-徐州","gid":"165193","time_insert":"2021-07-01 07:46"}
2024-02-09 01:32:16 查询号码 【1762646】，GSD为【"江苏-徐州"】

2024-02-09 01:32:17 开始第 2747 次操作

2024-02-09 01:32:17 开始操作号码 【1762647】
2024-02-09 01:32:21 GSD getOne 第 1 次 等待 3 秒
2024-02-09 01:32:24 查询号码 【1762647】，返回信息 {"status":"ok","msg":"江苏-徐州","gid":"165199","time_insert":"2021-07-01 07:46"}
2024-02-09 01:32:24 查询号码 【1762647】，GSD为【"江苏-徐州"】

2024-02-09 01:32:25 开始第 2748 次操作

2024-02-09 01:32:25 开始操作号码 【1762648】
2024-02-09 01:32:30 GSD getOne 第 1 次 等待 3 秒
2024-02-09 01:32:33 查询号码 【1762648】，返回信息 {"status":"ok","msg":"江苏-徐州","gid":"165205","time_insert":"2021-07-01 07:46"}
2024-02-09 01:32:33 查询号码 【1762648】，GSD为【"江苏-徐州"】

2024-02-09 02:09:23 开始第 2749 次操作

2024-02-09 02:09:23 开始操作号码 【1762649】
2024-02-09 02:09:28 GSD getOne 第 1 次 等待 3 秒
2024-02-09 02:09:31 查询号码 【1762649】，返回信息 {"status":"ok","msg":"江苏-徐州","gid":"165210","time_insert":"2021-07-01 07:47"}
2024-02-09 02:09:31 查询号码 【1762649】，GSD为【"江苏-徐州"】

2024-02-09 02:09:32 开始第 2750 次操作

2024-02-09 02:09:32 开始操作号码 【1762650】
2024-02-09 02:09:36 GSD getOne 第 1 次 等待 3 秒
2024-02-09 02:09:39 查询号码 【1762650】，返回信息 {"status":"ok","msg":"江苏-徐州","gid":"165215","time_insert":"2021-07-01 07:47"}
2024-02-09 02:09:40 查询号码 【1762650】，GSD为【"江苏-徐州"】

2024-02-09 02:09:41 开始第 2751 次操作

2024-02-09 02:09:41 开始操作号码 【1762651】
2024-02-09 02:09:46 GSD getOne 第 1 次 等待 3 秒
2024-02-09 02:09:49 查询号码 【1762651】，返回信息 {"status":"ok","msg":"江苏-徐州","gid":"165221","time_insert":"2021-07-01 07:47"}
2024-02-09 02:09:49 查询号码 【1762651】，GSD为【"江苏-徐州"】

2024-02-09 02:09:50 开始第 2752 次操作

2024-02-09 02:09:50 开始操作号码 【1762652】
2024-02-09 02:09:54 GSD getOne 第 1 次 等待 3 秒
2024-02-09 02:09:57 查询号码 【1762652】，返回信息 {"status":"ok","msg":"江苏-徐州","gid":"165225","time_insert":"2021-07-01 07:48"}
2024-02-09 02:09:57 查询号码 【1762652】，GSD为【"江苏-徐州"】

2024-02-09 02:32:11 开始第 2753 次操作

2024-02-09 02:32:11 开始操作号码 【1762653】
2024-02-09 02:32:16 GSD getOne 第 1 次 等待 3 秒
2024-02-09 02:32:19 查询号码 【1762653】，返回信息 {"status":"ok","msg":"江苏-徐州","gid":"165231","time_insert":"2021-07-01 07:48"}
2024-02-09 02:32:19 查询号码 【1762653】，GSD为【"江苏-徐州"】

2024-02-09 02:32:20 开始第 2754 次操作

2024-02-09 02:32:20 开始操作号码 【1762654】
2024-02-09 02:32:24 GSD getOne 第 1 次 等待 3 秒
2024-02-09 02:32:27 查询号码 【1762654】，返回信息 {"status":"ok","msg":"江苏-徐州","gid":"165236","time_insert":"2021-07-01 07:49"}
2024-02-09 02:32:27 查询号码 【1762654】，GSD为【"江苏-徐州"】

2024-02-09 02:32:28 开始第 2755 次操作

2024-02-09 02:32:28 开始操作号码 【1762655】
2024-02-09 02:32:33 GSD getOne 第 1 次 等待 3 秒
2024-02-09 02:32:36 查询号码 【1762655】，返回信息 {"status":"ok","msg":"江苏-徐州","gid":"165241","time_insert":"2021-07-01 07:49"}
2024-02-09 02:32:36 查询号码 【1762655】，GSD为【"江苏-徐州"】

2024-02-09 02:32:37 开始第 2756 次操作

2024-02-09 02:32:37 开始操作号码 【1762656】
2024-02-09 02:32:41 GSD getOne 第 1 次 等待 3 秒
2024-02-09 02:32:44 查询号码 【1762656】，返回信息 {"status":"ok","msg":"江苏-徐州","gid":"165247","time_insert":"2021-07-01 07:49"}
2024-02-09 02:32:44 查询号码 【1762656】，GSD为【"江苏-徐州"】

2024-02-09 03:06:39 开始第 2757 次操作

2024-02-09 03:06:39 开始操作号码 【1762657】
2024-02-09 03:06:44 GSD getOne 第 1 次 等待 3 秒
2024-02-09 03:06:47 查询号码 【1762657】，返回信息 {"status":"ok","msg":"江苏-徐州","gid":"165253","time_insert":"2021-07-01 07:50"}
2024-02-09 03:06:47 查询号码 【1762657】，GSD为【"江苏-徐州"】

2024-02-09 03:06:48 开始第 2758 次操作

2024-02-09 03:06:48 开始操作号码 【1762658】
2024-02-09 03:06:53 GSD getOne 第 1 次 等待 3 秒
2024-02-09 03:06:56 查询号码 【1762658】，返回信息 {"status":"ok","msg":"江苏-徐州","gid":"165259","time_insert":"2021-07-01 07:50"}
2024-02-09 03:06:56 查询号码 【1762658】，GSD为【"江苏-徐州"】

2024-02-09 03:06:57 开始第 2759 次操作

2024-02-09 03:06:57 开始操作号码 【1762659】
2024-02-09 03:07:01 GSD getOne 第 1 次 等待 3 秒
2024-02-09 03:07:04 查询号码 【1762659】，返回信息 {"status":"ok","msg":"江苏-徐州","gid":"165262","time_insert":"2021-07-01 07:51"}
2024-02-09 03:07:04 查询号码 【1762659】，GSD为【"江苏-徐州"】

2024-02-09 03:07:05 开始第 2760 次操作

2024-02-09 03:07:05 开始操作号码 【1762660】
2024-02-09 03:07:09 GSD getOne 第 1 次 等待 3 秒
2024-02-09 03:07:12 查询号码 【1762660】，返回信息 {"status":"ok","msg":"江苏-徐州","gid":"165271","time_insert":"2021-07-01 07:51"}
2024-02-09 03:07:12 查询号码 【1762660】，GSD为【"江苏-徐州"】

2024-02-09 03:32:12 开始第 2761 次操作

2024-02-09 03:32:12 开始操作号码 【1762661】
2024-02-09 03:32:17 GSD getOne 第 1 次 等待 3 秒
2024-02-09 03:32:20 查询号码 【1762661】，返回信息 {"status":"ok","msg":"江苏-盐城","gid":"165277","time_insert":"2021-07-01 07:51"}
2024-02-09 03:32:20 查询号码 【1762661】，GSD为【"江苏-盐城"】

2024-02-09 03:32:21 开始第 2762 次操作

2024-02-09 03:32:21 开始操作号码 【1762662】
2024-02-09 03:32:25 GSD getOne 第 1 次 等待 3 秒
2024-02-09 03:32:28 查询号码 【1762662】，返回信息 {"status":"ok","msg":"江苏-盐城","gid":"165282","time_insert":"2021-07-01 07:52"}
2024-02-09 03:32:28 查询号码 【1762662】，GSD为【"江苏-盐城"】

2024-02-09 03:32:29 开始第 2763 次操作

2024-02-09 03:32:29 开始操作号码 【1762663】
2024-02-09 03:32:33 GSD getOne 第 1 次 等待 3 秒
2024-02-09 03:32:36 查询号码 【1762663】，返回信息 {"status":"ok","msg":"江苏-盐城","gid":"165288","time_insert":"2021-07-01 07:52"}
2024-02-09 03:32:37 查询号码 【1762663】，GSD为【"江苏-盐城"】

2024-02-09 03:32:38 开始第 2764 次操作

2024-02-09 03:32:38 开始操作号码 【1762664】
2024-02-09 03:32:42 GSD getOne 第 1 次 等待 3 秒
2024-02-09 03:32:45 查询号码 【1762664】，返回信息 {"status":"ok","msg":"江苏-徐州","gid":"165293","time_insert":"2021-07-01 07:53"}
2024-02-09 03:32:45 查询号码 【1762664】，GSD为【"江苏-徐州"】

2024-02-09 04:07:30 开始第 2765 次操作

2024-02-09 04:07:30 开始操作号码 【1762665】
2024-02-09 04:07:36 GSD getOne 第 1 次 等待 3 秒
2024-02-09 04:07:39 查询号码 【1762665】，返回信息 {"status":"ok","msg":"江苏-盐城","gid":"165604","time_insert":"2021-07-01 10:22"}
2024-02-09 04:07:39 查询号码 【1762665】，GSD为【"江苏-盐城"】

2024-02-09 04:07:40 开始第 2766 次操作

2024-02-09 04:07:40 开始操作号码 【1762666】
2024-02-09 04:07:44 GSD getOne 第 1 次 等待 3 秒
2024-02-09 04:07:47 查询号码 【1762666】，返回信息 {"status":"ok","msg":"江苏-宿迁","gid":"165616","time_insert":"2021-07-01 10:22"}
2024-02-09 04:07:47 查询号码 【1762666】，GSD为【"江苏-宿迁"】

2024-02-09 04:07:48 开始第 2767 次操作

2024-02-09 04:07:48 开始操作号码 【1762667】
2024-02-09 04:07:52 GSD getOne 第 1 次 等待 3 秒
2024-02-09 04:07:55 查询号码 【1762667】，返回信息 {"status":"ok","msg":"江苏-盐城","gid":"165630","time_insert":"2021-07-01 10:23"}
2024-02-09 04:07:55 查询号码 【1762667】，GSD为【"江苏-盐城"】

2024-02-09 04:07:56 开始第 2768 次操作

2024-02-09 04:07:56 开始操作号码 【1762668】
2024-02-09 04:08:01 GSD getOne 第 1 次 等待 3 秒
2024-02-09 04:08:04 查询号码 【1762668】，返回信息 {"status":"ok","msg":"江苏-盐城","gid":"165640","time_insert":"2021-07-01 10:24"}
2024-02-09 04:08:04 查询号码 【1762668】，GSD为【"江苏-盐城"】

2024-02-09 04:32:11 开始第 2769 次操作

2024-02-09 04:32:11 开始操作号码 【1762669】
2024-02-09 04:32:16 GSD getOne 第 1 次 等待 3 秒
2024-02-09 04:32:19 查询号码 【1762669】，返回信息 {"status":"ok","msg":"江苏-盐城","gid":"165653","time_insert":"2021-07-01 10:25"}
2024-02-09 04:32:19 查询号码 【1762669】，GSD为【"江苏-盐城"】

2024-02-09 04:32:20 开始第 2770 次操作

2024-02-09 04:32:20 开始操作号码 【1762670】
2024-02-09 04:32:24 GSD getOne 第 1 次 等待 3 秒
2024-02-09 04:32:27 查询号码 【1762670】，返回信息 {"status":"ok","msg":"江苏-南京","gid":"165665","time_insert":"2021-07-01 10:26"}
2024-02-09 04:32:28 查询号码 【1762670】，GSD为【"江苏-南京"】

2024-02-09 04:32:29 开始第 2771 次操作

2024-02-09 04:32:29 开始操作号码 【1762671】
2024-02-09 04:32:33 GSD getOne 第 1 次 等待 3 秒
2024-02-09 04:32:36 查询号码 【1762671】，返回信息 {"status":"ok","msg":"江苏-南京","gid":"165676","time_insert":"2021-07-01 10:26"}
2024-02-09 04:32:36 查询号码 【1762671】，GSD为【"江苏-南京"】

2024-02-09 04:32:37 开始第 2772 次操作

2024-02-09 04:32:37 开始操作号码 【1762672】
2024-02-09 04:32:41 GSD getOne 第 1 次 等待 3 秒
2024-02-09 04:32:44 查询号码 【1762672】，返回信息 {"status":"ok","msg":"江苏-南京","gid":"165689","time_insert":"2021-07-01 10:27"}
2024-02-09 04:32:44 查询号码 【1762672】，GSD为【"江苏-南京"】

2024-02-09 05:06:37 开始第 2773 次操作

2024-02-09 05:06:37 开始操作号码 【1762673】
2024-02-09 05:06:44 GSD getOne 第 1 次 等待 3 秒
2024-02-09 05:06:47 查询号码 【1762673】，返回信息 {"status":"ok","msg":"江苏-南京","gid":"165698","time_insert":"2021-07-01 10:28"}
2024-02-09 05:06:47 查询号码 【1762673】，GSD为【"江苏-南京"】

2024-02-09 05:06:48 开始第 2774 次操作

2024-02-09 05:06:48 开始操作号码 【1762674】
2024-02-09 05:06:53 GSD getOne 第 1 次 等待 3 秒
2024-02-09 05:06:56 查询号码 【1762674】，返回信息 {"status":"ok","msg":"江苏-南京","gid":"165712","time_insert":"2021-07-01 10:29"}
2024-02-09 05:06:57 查询号码 【1762674】，GSD为【"江苏-南京"】

2024-02-09 05:06:58 开始第 2775 次操作

2024-02-09 05:06:58 开始操作号码 【1762675】
2024-02-09 05:07:02 GSD getOne 第 1 次 等待 3 秒
2024-02-09 05:07:05 查询号码 【1762675】，返回信息 {"status":"ok","msg":"江苏-南京","gid":"165723","time_insert":"2021-07-01 10:29"}
2024-02-09 05:07:05 查询号码 【1762675】，GSD为【"江苏-南京"】

2024-02-09 05:07:06 开始第 2776 次操作

2024-02-09 05:07:06 开始操作号码 【1762676】
2024-02-09 05:07:10 GSD getOne 第 1 次 等待 3 秒
2024-02-09 05:07:13 查询号码 【1762676】，返回信息 {"status":"ok","msg":"江苏-南京","gid":"165735","time_insert":"2021-07-01 10:30"}
2024-02-09 05:07:13 查询号码 【1762676】，GSD为【"江苏-南京"】

2024-02-09 05:32:34 开始第 2777 次操作

2024-02-09 05:32:34 开始操作号码 【1762677】
2024-02-09 05:32:40 GSD getOne 第 1 次 等待 3 秒
2024-02-09 05:32:43 查询号码 【1762677】，返回信息 {"status":"ok","msg":"江苏-南京","gid":"165740","time_insert":"2021-07-01 10:31"}
2024-02-09 05:32:43 查询号码 【1762677】，GSD为【"江苏-南京"】

2024-02-09 05:32:44 开始第 2778 次操作

2024-02-09 05:32:44 开始操作号码 【1762678】
2024-02-09 05:32:49 GSD getOne 第 1 次 等待 3 秒
2024-02-09 05:32:52 查询号码 【1762678】，返回信息 {"status":"ok","msg":"江苏-南京","gid":"165745","time_insert":"2021-07-01 10:32"}
2024-02-09 05:32:52 查询号码 【1762678】，GSD为【"江苏-南京"】

2024-02-09 05:32:53 开始第 2779 次操作

2024-02-09 05:32:53 开始操作号码 【1762679】
2024-02-09 05:32:58 GSD getOne 第 1 次 等待 3 秒
2024-02-09 05:33:01 查询号码 【1762679】，返回信息 {"status":"ok","msg":"江苏-南京","gid":"165750","time_insert":"2021-07-01 10:33"}
2024-02-09 05:33:01 查询号码 【1762679】，GSD为【"江苏-南京"】

2024-02-09 05:33:02 开始第 2780 次操作

2024-02-09 05:33:02 开始操作号码 【1762680】
2024-02-09 05:33:07 GSD getOne 第 1 次 等待 3 秒
2024-02-09 05:33:10 查询号码 【1762680】，返回信息 {"status":"ok","msg":"江苏-南京","gid":"165755","time_insert":"2021-07-01 10:33"}
2024-02-09 05:33:10 查询号码 【1762680】，GSD为【"江苏-南京"】

2024-02-09 06:07:03 开始第 2781 次操作

2024-02-09 06:07:03 开始操作号码 【1762681】
2024-02-09 06:07:08 GSD getOne 第 1 次 等待 3 秒
2024-02-09 06:07:11 查询号码 【1762681】，返回信息 {"status":"ok","msg":"江苏-南京","gid":"165757","time_insert":"2021-07-01 10:34"}
2024-02-09 06:07:11 查询号码 【1762681】，GSD为【"江苏-南京"】

2024-02-09 06:07:12 开始第 2782 次操作

2024-02-09 06:07:12 开始操作号码 【1762682】
2024-02-09 06:07:16 GSD getOne 第 1 次 等待 3 秒
2024-02-09 06:07:19 查询号码 【1762682】，返回信息 {"status":"ok","msg":"江苏-南京","gid":"165761","time_insert":"2021-07-01 10:35"}
2024-02-09 06:07:19 查询号码 【1762682】，GSD为【"江苏-南京"】

2024-02-09 06:07:20 开始第 2783 次操作

2024-02-09 06:07:20 开始操作号码 【1762683】
2024-02-09 06:07:26 GSD getOne 第 1 次 等待 3 秒
2024-02-09 06:07:29 查询号码 【1762683】，返回信息 {"status":"ok","msg":"江苏-南京","gid":"165763","time_insert":"2021-07-01 10:36"}
2024-02-09 06:07:29 查询号码 【1762683】，GSD为【"江苏-南京"】

2024-02-09 06:07:30 开始第 2784 次操作

2024-02-09 06:07:30 开始操作号码 【1762684】
2024-02-09 06:07:35 GSD getOne 第 1 次 等待 3 秒
2024-02-09 06:07:38 查询号码 【1762684】，返回信息 {"status":"ok","msg":"江苏-南京","gid":"165766","time_insert":"2021-07-01 10:36"}
2024-02-09 06:07:38 查询号码 【1762684】，GSD为【"江苏-南京"】

2024-02-09 06:32:02 开始第 2785 次操作

2024-02-09 06:32:02 开始操作号码 【1762685】
2024-02-09 06:32:06 GSD getOne 第 1 次 等待 3 秒
2024-02-09 06:32:09 查询号码 【1762685】，返回信息 {"status":"ok","msg":"江苏-南京","gid":"165769","time_insert":"2021-07-01 10:37"}
2024-02-09 06:32:09 查询号码 【1762685】，GSD为【"江苏-南京"】

2024-02-09 06:32:10 开始第 2786 次操作

2024-02-09 06:32:10 开始操作号码 【1762686】
2024-02-09 06:32:14 GSD getOne 第 1 次 等待 3 秒
2024-02-09 06:32:17 查询号码 【1762686】，返回信息 {"status":"ok","msg":"江苏-南京","gid":"165771","time_insert":"2021-07-01 10:38"}
2024-02-09 06:32:17 查询号码 【1762686】，GSD为【"江苏-南京"】

2024-02-09 06:32:18 开始第 2787 次操作

2024-02-09 06:32:18 开始操作号码 【1762687】
2024-02-09 06:32:23 GSD getOne 第 1 次 等待 3 秒
2024-02-09 06:32:26 查询号码 【1762687】，返回信息 {"status":"ok","msg":"江苏-南京","gid":"165774","time_insert":"2021-07-01 10:39"}
2024-02-09 06:32:26 查询号码 【1762687】，GSD为【"江苏-南京"】

2024-02-09 06:32:27 开始第 2788 次操作

2024-02-09 06:32:27 开始操作号码 【1762688】
2024-02-09 06:32:32 GSD getOne 第 1 次 等待 3 秒
2024-02-09 06:32:35 查询号码 【1762688】，返回信息 {"status":"ok","msg":"江苏-南京","gid":"165777","time_insert":"2021-07-01 10:39"}
2024-02-09 06:32:35 查询号码 【1762688】，GSD为【"江苏-南京"】

2024-02-09 07:08:33 开始第 2789 次操作

2024-02-09 07:08:33 开始操作号码 【1762689】
2024-02-09 07:08:38 GSD getOne 第 1 次 等待 3 秒
2024-02-09 07:08:41 查询号码 【1762689】，返回信息 {"status":"ok","msg":"江苏-南京","gid":"165778","time_insert":"2021-07-01 10:40"}
2024-02-09 07:08:41 查询号码 【1762689】，GSD为【"江苏-南京"】

2024-02-09 07:08:42 开始第 2790 次操作

2024-02-09 07:08:42 开始操作号码 【1762690】
2024-02-09 07:08:46 GSD getOne 第 1 次 等待 3 秒
2024-02-09 07:08:49 查询号码 【1762690】，返回信息 {"status":"ok","msg":"江苏-南京","gid":"165779","time_insert":"2021-07-01 10:41"}
2024-02-09 07:08:49 查询号码 【1762690】，GSD为【"江苏-南京"】

2024-02-09 07:08:50 开始第 2791 次操作

2024-02-09 07:08:50 开始操作号码 【1762691】
2024-02-09 07:08:55 GSD getOne 第 1 次 等待 3 秒
2024-02-09 07:08:58 查询号码 【1762691】，返回信息 {"status":"ok","msg":"江苏-南京","gid":"165785","time_insert":"2021-07-01 10:42"}
2024-02-09 07:08:58 查询号码 【1762691】，GSD为【"江苏-南京"】

2024-02-09 07:08:59 开始第 2792 次操作

2024-02-09 07:08:59 开始操作号码 【1762692】
2024-02-09 07:09:03 GSD getOne 第 1 次 等待 3 秒
2024-02-09 07:09:06 查询号码 【1762692】，返回信息 {"status":"ok","msg":"江苏-南京","gid":"165789","time_insert":"2021-07-01 10:43"}
2024-02-09 07:09:06 查询号码 【1762692】，GSD为【"江苏-南京"】

2024-02-09 07:32:10 开始第 2793 次操作

2024-02-09 07:32:10 开始操作号码 【1762693】
2024-02-09 07:32:14 GSD getOne 第 1 次 等待 3 秒
2024-02-09 07:32:17 查询号码 【1762693】，返回信息 {"status":"ok","msg":"江苏-南京","gid":"165791","time_insert":"2021-07-01 10:43"}
2024-02-09 07:32:18 查询号码 【1762693】，GSD为【"江苏-南京"】

2024-02-09 07:32:19 开始第 2794 次操作

2024-02-09 07:32:19 开始操作号码 【1762694】
2024-02-09 07:32:24 GSD getOne 第 1 次 等待 3 秒
2024-02-09 07:32:27 查询号码 【1762694】，返回信息 {"status":"ok","msg":"江苏-南京","gid":"165792","time_insert":"2021-07-01 10:44"}
2024-02-09 07:32:27 查询号码 【1762694】，GSD为【"江苏-南京"】

2024-02-09 07:32:28 开始第 2795 次操作

2024-02-09 07:32:28 开始操作号码 【1762695】
2024-02-09 07:32:32 GSD getOne 第 1 次 等待 3 秒
2024-02-09 07:32:35 查询号码 【1762695】，返回信息 {"status":"ok","msg":"江苏-南京","gid":"165808","time_insert":"2021-07-01 10:51"}
2024-02-09 07:32:35 查询号码 【1762695】，GSD为【"江苏-南京"】

2024-02-09 07:32:36 开始第 2796 次操作

2024-02-09 07:32:36 开始操作号码 【1762696】
2024-02-09 07:32:41 GSD getOne 第 1 次 等待 3 秒
2024-02-09 07:32:44 查询号码 【1762696】，返回信息 {"status":"ok","msg":"江苏-连云港","gid":"165816","time_insert":"2021-07-01 10:52"}
2024-02-09 07:32:44 查询号码 【1762696】，GSD为【"江苏-连云港"】

2024-02-09 08:34:31 开始第 2797 次操作

2024-02-09 08:34:31 开始操作号码 【1762697】
2024-02-09 08:34:35 GSD getOne 第 1 次 等待 3 秒
2024-02-09 08:34:38 查询号码 【1762697】，返回信息 {"status":"ok","msg":"江苏-连云港","gid":"165824","time_insert":"2021-07-01 10:52"}
2024-02-09 08:34:38 查询号码 【1762697】，GSD为【"江苏-连云港"】

2024-02-09 08:34:39 开始第 2798 次操作

2024-02-09 08:34:39 开始操作号码 【1762698】
2024-02-09 08:34:43 GSD getOne 第 1 次 等待 3 秒
2024-02-09 08:34:46 查询号码 【1762698】，返回信息 {"status":"ok","msg":"江苏-连云港","gid":"165832","time_insert":"2021-07-01 10:53"}
2024-02-09 08:34:46 查询号码 【1762698】，GSD为【"江苏-连云港"】

2024-02-09 08:34:47 开始第 2799 次操作

2024-02-09 08:34:47 开始操作号码 【1762699】
2024-02-09 08:34:51 GSD getOne 第 1 次 等待 3 秒
2024-02-09 08:34:54 查询号码 【1762699】，返回信息 {"status":"ok","msg":"江苏-连云港","gid":"165841","time_insert":"2021-07-01 10:54"}
2024-02-09 08:34:54 查询号码 【1762699】，GSD为【"江苏-连云港"】

2024-02-09 08:34:55 开始第 2800 次操作

2024-02-09 08:34:55 开始操作号码 【1762700】
2024-02-09 08:35:00 GSD getOne 第 1 次 等待 3 秒
2024-02-09 08:35:03 查询号码 【1762700】，返回信息 {"status":"ok","msg":"河南-郑州","gid":"165851","time_insert":"2021-07-01 10:55"}
2024-02-09 08:35:03 查询号码 【1762700】，GSD为【"河南-郑州"】

2024-02-09 09:38:28 开始第 2801 次操作

2024-02-09 09:38:28 开始操作号码 【1762701】
2024-02-09 09:38:32 GSD getOne 第 1 次 等待 3 秒
2024-02-09 09:38:35 查询号码 【1762701】，返回信息 {"status":"ok","msg":"河南-周口","gid":"165859","time_insert":"2021-07-01 10:55"}
2024-02-09 09:38:35 查询号码 【1762701】，GSD为【"河南-周口"】

2024-02-09 09:38:36 开始第 2802 次操作

2024-02-09 09:38:36 开始操作号码 【1762702】
2024-02-09 09:38:40 GSD getOne 第 1 次 等待 3 秒
2024-02-09 09:38:43 查询号码 【1762702】，返回信息 {"status":"ok","msg":"河南-商丘","gid":"165868","time_insert":"2021-07-01 10:56"}
2024-02-09 09:38:43 查询号码 【1762702】，GSD为【"河南-商丘"】

2024-02-09 09:38:44 开始第 2803 次操作

2024-02-09 09:38:44 开始操作号码 【1762703】
2024-02-09 09:38:50 GSD getOne 第 1 次 等待 3 秒
2024-02-09 09:38:53 查询号码 【1762703】，返回信息 {"status":"ok","msg":"河南-商丘","gid":"55252","time_insert":"2020-07-25 14:36"}
2024-02-09 09:38:53 查询号码 【1762703】，GSD为【"河南-商丘"】

2024-02-09 09:38:54 开始第 2804 次操作

2024-02-09 09:38:54 开始操作号码 【1762704】
2024-02-09 09:38:58 GSD getOne 第 1 次 等待 3 秒
2024-02-09 09:39:01 查询号码 【1762704】，返回信息 {"status":"ok","msg":"河南-商丘","gid":"165881","time_insert":"2021-07-01 10:57"}
2024-02-09 09:39:01 查询号码 【1762704】，GSD为【"河南-商丘"】

2024-02-09 10:13:16 开始第 2805 次操作

2024-02-09 10:13:16 开始操作号码 【1762705】
2024-02-09 10:13:21 GSD getOne 第 1 次 等待 3 秒
2024-02-09 10:13:24 查询号码 【1762705】，返回信息 {"status":"ok","msg":"河南-商丘","gid":"165893","time_insert":"2021-07-01 10:58"}
2024-02-09 10:13:24 查询号码 【1762705】，GSD为【"河南-商丘"】

2024-02-09 10:13:25 开始第 2806 次操作

2024-02-09 10:13:25 开始操作号码 【1762706】
2024-02-09 10:13:29 GSD getOne 第 1 次 等待 3 秒
2024-02-09 10:13:32 查询号码 【1762706】，返回信息 {"status":"ok","msg":"河南-商丘","gid":"165901","time_insert":"2021-07-01 10:59"}
2024-02-09 10:13:32 查询号码 【1762706】，GSD为【"河南-商丘"】

2024-02-09 10:13:33 开始第 2807 次操作

2024-02-09 10:13:33 开始操作号码 【1762707】
2024-02-09 10:13:37 GSD getOne 第 1 次 等待 3 秒
2024-02-09 10:13:40 查询号码 【1762707】，返回信息 {"status":"ok","msg":"河南-商丘","gid":"165910","time_insert":"2021-07-01 11:00"}
2024-02-09 10:13:41 查询号码 【1762707】，GSD为【"河南-商丘"】

2024-02-09 10:13:42 开始第 2808 次操作

2024-02-09 10:13:42 开始操作号码 【1762708】
2024-02-09 10:13:46 GSD getOne 第 1 次 等待 3 秒
2024-02-09 10:13:49 查询号码 【1762708】，返回信息 {"status":"ok","msg":"河南-商丘","gid":"165921","time_insert":"2021-07-01 11:00"}
2024-02-09 10:13:49 查询号码 【1762708】，GSD为【"河南-商丘"】

2024-02-09 10:32:02 开始第 2809 次操作

2024-02-09 10:32:02 开始操作号码 【1762709】
2024-02-09 10:32:06 GSD getOne 第 1 次 等待 3 秒
2024-02-09 10:32:09 查询号码 【1762709】，返回信息 {"status":"ok","msg":"河南-商丘","gid":"165929","time_insert":"2021-07-01 11:01"}
2024-02-09 10:32:09 查询号码 【1762709】，GSD为【"河南-商丘"】

2024-02-09 10:32:10 开始第 2810 次操作

2024-02-09 10:32:10 开始操作号码 【1762710】
2024-02-09 10:32:14 GSD getOne 第 1 次 等待 3 秒
2024-02-09 10:32:17 查询号码 【1762710】，返回信息 {"status":"ok","msg":"河南-商丘","gid":"165939","time_insert":"2021-07-01 11:02"}
2024-02-09 10:32:17 查询号码 【1762710】，GSD为【"河南-商丘"】

2024-02-09 10:32:18 开始第 2811 次操作

2024-02-09 10:32:18 开始操作号码 【1762711】
2024-02-09 10:32:23 GSD getOne 第 1 次 等待 3 秒
2024-02-09 10:32:26 查询号码 【1762711】，返回信息 {"status":"ok","msg":"河南-郑州","gid":"165949","time_insert":"2021-07-01 11:03"}
2024-02-09 10:32:26 查询号码 【1762711】，GSD为【"河南-郑州"】

2024-02-09 10:32:27 开始第 2812 次操作

2024-02-09 10:32:27 开始操作号码 【1762712】
2024-02-09 10:32:31 GSD getOne 第 1 次 等待 3 秒
2024-02-09 10:32:34 查询号码 【1762712】，返回信息 {"status":"ok","msg":"河南-驻马店","gid":"165956","time_insert":"2021-07-01 11:03"}
2024-02-09 10:32:34 查询号码 【1762712】，GSD为【"河南-驻马店"】

2024-02-09 11:08:13 开始第 2813 次操作

2024-02-09 11:08:13 开始操作号码 【1762713】
2024-02-09 11:08:17 GSD getOne 第 1 次 等待 3 秒
2024-02-09 11:08:20 查询号码 【1762713】，返回信息 {"status":"ok","msg":"河南-驻马店","gid":"165966","time_insert":"2021-07-01 11:04"}
2024-02-09 11:08:20 查询号码 【1762713】，GSD为【"河南-驻马店"】

2024-02-09 11:08:21 开始第 2814 次操作

2024-02-09 11:08:21 开始操作号码 【1762714】
2024-02-09 11:08:25 GSD getOne 第 1 次 等待 3 秒
2024-02-09 11:08:28 查询号码 【1762714】，返回信息 {"status":"ok","msg":"河南-驻马店","gid":"165972","time_insert":"2021-07-01 11:05"}
2024-02-09 11:08:28 查询号码 【1762714】，GSD为【"河南-驻马店"】

2024-02-09 11:08:29 开始第 2815 次操作

2024-02-09 11:08:29 开始操作号码 【1762715】
2024-02-09 11:08:33 GSD getOne 第 1 次 等待 3 秒
2024-02-09 11:08:36 查询号码 【1762715】，返回信息 {"status":"ok","msg":"河南-驻马店","gid":"165980","time_insert":"2021-07-01 11:06"}
2024-02-09 11:08:36 查询号码 【1762715】，GSD为【"河南-驻马店"】

2024-02-09 11:08:37 开始第 2816 次操作

2024-02-09 11:08:37 开始操作号码 【1762716】
2024-02-09 11:08:43 GSD getOne 第 1 次 等待 3 秒
2024-02-09 11:08:46 查询号码 【1762716】，返回信息 {"status":"ok","msg":"河南-驻马店","gid":"165988","time_insert":"2021-07-01 11:07"}
2024-02-09 11:08:46 查询号码 【1762716】，GSD为【"河南-驻马店"】

2024-02-09 11:32:21 开始第 2817 次操作

2024-02-09 11:32:21 开始操作号码 【1762717】
2024-02-09 11:32:26 GSD getOne 第 1 次 等待 3 秒
2024-02-09 11:32:29 查询号码 【1762717】，返回信息 {"status":"ok","msg":"河南-驻马店","gid":"165996","time_insert":"2021-07-01 11:07"}
2024-02-09 11:32:29 查询号码 【1762717】，GSD为【"河南-驻马店"】

2024-02-09 11:32:30 开始第 2818 次操作

2024-02-09 11:32:30 开始操作号码 【1762718】
2024-02-09 11:32:34 GSD getOne 第 1 次 等待 3 秒
2024-02-09 11:32:37 查询号码 【1762718】，返回信息 {"status":"ok","msg":"河南-驻马店","gid":"30084","time_insert":"2020-08-04 15:55","time_update":"2020-09-11 21:45"}
2024-02-09 11:32:37 查询号码 【1762718】，GSD为【"河南-驻马店"】

2024-02-09 11:32:38 开始第 2819 次操作

2024-02-09 11:32:38 开始操作号码 【1762719】
2024-02-09 11:32:42 GSD getOne 第 1 次 等待 3 秒
2024-02-09 11:32:45 查询号码 【1762719】，返回信息 {"status":"ok","msg":"河南-驻马店","gid":"166009","time_insert":"2021-07-01 11:08"}
2024-02-09 11:32:45 查询号码 【1762719】，GSD为【"河南-驻马店"】

2024-02-09 11:32:46 开始第 2820 次操作

2024-02-09 11:32:46 开始操作号码 【1762720】
2024-02-09 11:32:52 GSD getOne 第 1 次 等待 3 秒
2024-02-09 11:32:55 查询号码 【1762720】，返回信息 {"status":"ok","msg":"河南-驻马店","gid":"166015","time_insert":"2021-07-01 11:09"}
2024-02-09 11:32:55 查询号码 【1762720】，GSD为【"河南-驻马店"】

2024-02-09 12:08:58 开始第 2821 次操作

2024-02-09 12:08:58 开始操作号码 【1762721】
2024-02-09 12:09:04 GSD getOne 第 1 次 等待 3 秒
2024-02-09 12:09:07 查询号码 【1762721】，返回信息 {"status":"ok","msg":"河南-驻马店","gid":"166021","time_insert":"2021-07-01 11:10"}
2024-02-09 12:09:07 查询号码 【1762721】，GSD为【"河南-驻马店"】

2024-02-09 12:09:08 开始第 2822 次操作

2024-02-09 12:09:08 开始操作号码 【1762722】
2024-02-09 12:09:12 GSD getOne 第 1 次 等待 3 秒
2024-02-09 12:09:15 查询号码 【1762722】，返回信息 {"status":"ok","msg":"河南-郑州","gid":"166027","time_insert":"2021-07-01 11:11"}
2024-02-09 12:09:15 查询号码 【1762722】，GSD为【"河南-郑州"】

2024-02-09 12:09:16 开始第 2823 次操作

2024-02-09 12:09:16 开始操作号码 【1762723】
2024-02-09 12:09:21 GSD getOne 第 1 次 等待 3 秒
2024-02-09 12:09:24 查询号码 【1762723】，返回信息 {"status":"ok","msg":"河南-周口","gid":"166031","time_insert":"2021-07-01 11:12"}
2024-02-09 12:09:24 查询号码 【1762723】，GSD为【"河南-周口"】

2024-02-09 12:09:25 开始第 2824 次操作

2024-02-09 12:09:25 开始操作号码 【1762724】
2024-02-09 12:09:29 GSD getOne 第 1 次 等待 3 秒
2024-02-09 12:09:32 查询号码 【1762724】，返回信息 {"status":"ok","msg":"河南-周口","gid":"166035","time_insert":"2021-07-01 11:12"}
2024-02-09 12:09:32 查询号码 【1762724】，GSD为【"河南-周口"】

2024-02-09 12:32:18 开始第 2825 次操作

2024-02-09 12:32:18 开始操作号码 【1762725】
2024-02-09 12:32:23 GSD getOne 第 1 次 等待 3 秒
2024-02-09 12:32:26 查询号码 【1762725】，返回信息 {"status":"ok","msg":"河南-周口","gid":"166040","time_insert":"2021-07-01 11:13"}
2024-02-09 12:32:26 查询号码 【1762725】，GSD为【"河南-周口"】

2024-02-09 12:32:27 开始第 2826 次操作

2024-02-09 12:32:27 开始操作号码 【1762726】
2024-02-09 12:32:32 GSD getOne 第 1 次 等待 3 秒
2024-02-09 12:32:35 查询号码 【1762726】，返回信息 {"status":"ok","msg":"河南-周口","gid":"166042","time_insert":"2021-07-01 11:14"}
2024-02-09 12:32:35 查询号码 【1762726】，GSD为【"河南-周口"】

2024-02-09 12:32:36 开始第 2827 次操作

2024-02-09 12:32:36 开始操作号码 【1762727】
2024-02-09 12:32:40 GSD getOne 第 1 次 等待 3 秒
2024-02-09 12:32:43 查询号码 【1762727】，返回信息 {"status":"ok","msg":"河南-商丘","gid":"166136","time_insert":"2021-07-01 11:49"}
2024-02-09 12:32:43 查询号码 【1762727】，GSD为【"河南-商丘"】

2024-02-09 12:32:44 开始第 2828 次操作

2024-02-09 12:32:44 开始操作号码 【1762728】
2024-02-09 12:32:49 GSD getOne 第 1 次 等待 3 秒
2024-02-09 12:32:52 查询号码 【1762728】，返回信息 {"status":"ok","msg":"河南-周口","gid":"166144","time_insert":"2021-07-01 11:50"}
2024-02-09 12:32:52 查询号码 【1762728】，GSD为【"河南-周口"】

2024-02-09 13:07:28 开始第 2829 次操作

2024-02-09 13:07:28 开始操作号码 【1762729】
2024-02-09 13:07:33 GSD getOne 第 1 次 等待 3 秒
2024-02-09 13:07:36 查询号码 【1762729】，返回信息 {"status":"ok","msg":"河南-周口","gid":"166151","time_insert":"2021-07-01 11:50"}
2024-02-09 13:07:36 查询号码 【1762729】，GSD为【"河南-周口"】

2024-02-09 13:07:37 开始第 2830 次操作

2024-02-09 13:07:37 开始操作号码 【1762730】
2024-02-09 13:07:41 GSD getOne 第 1 次 等待 3 秒
2024-02-09 13:07:44 查询号码 【1762730】，返回信息 {"status":"ok","msg":"吉林-延边","gid":"166157","time_insert":"2021-07-01 11:50"}
2024-02-09 13:07:44 查询号码 【1762730】，GSD为【"吉林-延边"】

2024-02-09 13:07:45 开始第 2831 次操作

2024-02-09 13:07:45 开始操作号码 【1762731】
2024-02-09 13:07:49 GSD getOne 第 1 次 等待 3 秒
2024-02-09 13:07:52 查询号码 【1762731】，返回信息 {"status":"ok","msg":"吉林-延边","gid":"166162","time_insert":"2021-07-01 11:51"}
2024-02-09 13:07:52 查询号码 【1762731】，GSD为【"吉林-延边"】

2024-02-09 13:07:53 开始第 2832 次操作

2024-02-09 13:07:53 开始操作号码 【1762732】
2024-02-09 13:07:57 GSD getOne 第 1 次 等待 3 秒
2024-02-09 13:08:00 查询号码 【1762732】，返回信息 {"status":"ok","msg":"吉林-延边","gid":"166169","time_insert":"2021-07-01 11:51"}
2024-02-09 13:08:00 查询号码 【1762732】，GSD为【"吉林-延边"】

2024-02-09 13:32:05 开始第 2833 次操作

2024-02-09 13:32:05 开始操作号码 【1762733】
2024-02-09 13:32:10 GSD getOne 第 1 次 等待 3 秒
2024-02-09 13:32:13 查询号码 【1762733】，返回信息 {"status":"ok","msg":"吉林-延边","gid":"166175","time_insert":"2021-07-01 11:52"}
2024-02-09 13:32:13 查询号码 【1762733】，GSD为【"吉林-延边"】

2024-02-09 13:32:14 开始第 2834 次操作

2024-02-09 13:32:14 开始操作号码 【1762734】
2024-02-09 13:32:18 GSD getOne 第 1 次 等待 3 秒
2024-02-09 13:32:21 查询号码 【1762734】，返回信息 {"status":"ok","msg":"吉林-延边","gid":"166180","time_insert":"2021-07-01 11:52"}
2024-02-09 13:32:21 查询号码 【1762734】，GSD为【"吉林-延边"】

2024-02-09 13:32:22 开始第 2835 次操作

2024-02-09 13:32:22 开始操作号码 【1762735】
2024-02-09 13:32:26 GSD getOne 第 1 次 等待 3 秒
2024-02-09 13:32:29 查询号码 【1762735】，返回信息 {"status":"ok","msg":"吉林-延边","gid":"166185","time_insert":"2021-07-01 11:52"}
2024-02-09 13:32:29 查询号码 【1762735】，GSD为【"吉林-延边"】

2024-02-09 13:32:30 开始第 2836 次操作

2024-02-09 13:32:30 开始操作号码 【1762736】
2024-02-09 13:32:36 GSD getOne 第 1 次 等待 3 秒
2024-02-09 13:32:39 查询号码 【1762736】，返回信息 {"status":"ok","msg":"吉林-延边","gid":"166193","time_insert":"2021-07-01 11:53"}
2024-02-09 13:32:39 查询号码 【1762736】，GSD为【"吉林-延边"】

2024-02-09 14:09:51 开始第 2837 次操作

2024-02-09 14:09:51 开始操作号码 【1762737】
2024-02-09 14:09:55 GSD getOne 第 1 次 等待 3 秒
2024-02-09 14:09:58 查询号码 【1762737】，返回信息 {"status":"ok","msg":"吉林-延边","gid":"166199","time_insert":"2021-07-01 11:53"}
2024-02-09 14:09:59 查询号码 【1762737】，GSD为【"吉林-延边"】

2024-02-09 14:10:00 开始第 2838 次操作

2024-02-09 14:10:00 开始操作号码 【1762738】
2024-02-09 14:10:04 GSD getOne 第 1 次 等待 3 秒
2024-02-09 14:10:07 查询号码 【1762738】，返回信息 {"status":"ok","msg":"吉林-延边","gid":"166209","time_insert":"2021-07-01 11:54"}
2024-02-09 14:10:07 查询号码 【1762738】，GSD为【"吉林-延边"】

2024-02-09 14:10:08 开始第 2839 次操作

2024-02-09 14:10:08 开始操作号码 【1762739】
2024-02-09 14:10:12 GSD getOne 第 1 次 等待 3 秒
2024-02-09 14:10:15 查询号码 【1762739】，返回信息 {"status":"ok","msg":"吉林-延边","gid":"166212","time_insert":"2021-07-01 11:54"}
2024-02-09 14:10:15 查询号码 【1762739】，GSD为【"吉林-延边"】

2024-02-09 14:10:16 开始第 2840 次操作

2024-02-09 14:10:16 开始操作号码 【1762740】
2024-02-09 14:10:21 GSD getOne 第 1 次 等待 3 秒
2024-02-09 14:10:24 查询号码 【1762740】，返回信息 {"status":"ok","msg":"吉林-吉林","gid":"166223","time_insert":"2021-07-01 11:55"}
2024-02-09 14:10:24 查询号码 【1762740】，GSD为【"吉林-吉林"】

2024-02-09 14:32:03 开始第 2841 次操作

2024-02-09 14:32:03 开始操作号码 【1762741】
2024-02-09 14:32:07 GSD getOne 第 1 次 等待 3 秒
2024-02-09 14:32:10 查询号码 【1762741】，返回信息 {"status":"ok","msg":"吉林-吉林","gid":"166232","time_insert":"2021-07-01 11:55"}
2024-02-09 14:32:10 查询号码 【1762741】，GSD为【"吉林-吉林"】

2024-02-09 14:32:11 开始第 2842 次操作

2024-02-09 14:32:11 开始操作号码 【1762742】
2024-02-09 14:32:16 GSD getOne 第 1 次 等待 3 秒
2024-02-09 14:32:19 查询号码 【1762742】，返回信息 {"status":"ok","msg":"吉林-吉林","gid":"166236","time_insert":"2021-07-01 11:56"}
2024-02-09 14:32:19 查询号码 【1762742】，GSD为【"吉林-吉林"】

2024-02-09 14:32:20 开始第 2843 次操作

2024-02-09 14:32:20 开始操作号码 【1762743】
2024-02-09 14:32:24 GSD getOne 第 1 次 等待 3 秒
2024-02-09 14:32:27 查询号码 【1762743】，返回信息 {"status":"ok","msg":"吉林-吉林","gid":"166244","time_insert":"2021-07-01 11:56"}
2024-02-09 14:32:27 查询号码 【1762743】，GSD为【"吉林-吉林"】

2024-02-09 14:32:28 开始第 2844 次操作

2024-02-09 14:32:28 开始操作号码 【1762744】
2024-02-09 14:32:32 GSD getOne 第 1 次 等待 3 秒
2024-02-09 14:32:35 查询号码 【1762744】，返回信息 {"status":"ok","msg":"吉林-吉林","gid":"166247","time_insert":"2021-07-01 11:56"}
2024-02-09 14:32:35 查询号码 【1762744】，GSD为【"吉林-吉林"】

2024-02-09 15:06:49 开始第 2845 次操作

2024-02-09 15:06:49 开始操作号码 【1762745】
2024-02-09 15:06:55 GSD getOne 第 1 次 等待 3 秒
2024-02-09 15:06:58 查询号码 【1762745】，返回信息 {"status":"ok","msg":"吉林-吉林","gid":"166255","time_insert":"2021-07-01 11:57"}
2024-02-09 15:06:58 查询号码 【1762745】，GSD为【"吉林-吉林"】

2024-02-09 15:06:59 开始第 2846 次操作

2024-02-09 15:06:59 开始操作号码 【1762746】
2024-02-09 15:07:03 GSD getOne 第 1 次 等待 3 秒
2024-02-09 15:07:06 查询号码 【1762746】，返回信息 {"status":"ok","msg":"吉林-吉林","gid":"166257","time_insert":"2021-07-01 11:57"}
2024-02-09 15:07:06 查询号码 【1762746】，GSD为【"吉林-吉林"】

2024-02-09 15:07:07 开始第 2847 次操作

2024-02-09 15:07:07 开始操作号码 【1762747】
2024-02-09 15:07:12 GSD getOne 第 1 次 等待 3 秒
2024-02-09 15:07:15 查询号码 【1762747】，返回信息 {"status":"ok","msg":"吉林-吉林","gid":"166264","time_insert":"2021-07-01 11:58"}
2024-02-09 15:07:15 查询号码 【1762747】，GSD为【"吉林-吉林"】

2024-02-09 15:07:16 开始第 2848 次操作

2024-02-09 15:07:16 开始操作号码 【1762748】
2024-02-09 15:07:20 GSD getOne 第 1 次 等待 3 秒
2024-02-09 15:07:23 查询号码 【1762748】，返回信息 {"status":"ok","msg":"吉林-吉林","gid":"166271","time_insert":"2021-07-01 11:58"}
2024-02-09 15:07:23 查询号码 【1762748】，GSD为【"吉林-吉林"】

2024-02-09 15:32:16 开始第 2849 次操作

2024-02-09 15:32:16 开始操作号码 【1762749】
2024-02-09 15:32:22 GSD getOne 第 1 次 等待 3 秒
2024-02-09 15:32:25 查询号码 【1762749】，返回信息 {"status":"ok","msg":"吉林-吉林","gid":"166275","time_insert":"2021-07-01 11:58"}
2024-02-09 15:32:25 查询号码 【1762749】，GSD为【"吉林-吉林"】

2024-02-09 15:32:26 开始第 2850 次操作

2024-02-09 15:32:26 开始操作号码 【1762750】
2024-02-09 15:32:30 GSD getOne 第 1 次 等待 3 秒
2024-02-09 15:32:33 查询号码 【1762750】，返回信息 {"status":"ok","msg":"吉林-长春","gid":"166285","time_insert":"2021-07-01 11:59"}
2024-02-09 15:32:33 查询号码 【1762750】，GSD为【"吉林-长春"】

2024-02-09 15:32:34 开始第 2851 次操作

2024-02-09 15:32:34 开始操作号码 【1762751】
2024-02-09 15:32:40 GSD getOne 第 1 次 等待 3 秒
2024-02-09 15:32:43 查询号码 【1762751】，返回信息 {"status":"ok","msg":"吉林-长春","gid":"166290","time_insert":"2021-07-01 11:59"}
2024-02-09 15:32:43 查询号码 【1762751】，GSD为【"吉林-长春"】

2024-02-09 15:32:44 开始第 2852 次操作

2024-02-09 15:32:44 开始操作号码 【1762752】
2024-02-09 15:32:49 GSD getOne 第 1 次 等待 3 秒
2024-02-09 15:32:52 查询号码 【1762752】，返回信息 {"status":"ok","msg":"吉林-长春","gid":"166296","time_insert":"2021-07-01 12:00"}
2024-02-09 15:32:52 查询号码 【1762752】，GSD为【"吉林-长春"】

2024-02-09 16:09:22 开始第 2853 次操作

2024-02-09 16:09:22 开始操作号码 【1762753】
2024-02-09 16:09:26 GSD getOne 第 1 次 等待 3 秒
2024-02-09 16:09:29 查询号码 【1762753】，返回信息 {"status":"ok","msg":"吉林-长春","gid":"166301","time_insert":"2021-07-01 12:00"}
2024-02-09 16:09:29 查询号码 【1762753】，GSD为【"吉林-长春"】

2024-02-09 16:09:30 开始第 2854 次操作

2024-02-09 16:09:30 开始操作号码 【1762754】
2024-02-09 16:09:34 GSD getOne 第 1 次 等待 3 秒
2024-02-09 16:09:37 查询号码 【1762754】，返回信息 {"status":"ok","msg":"吉林-长春","gid":"166307","time_insert":"2021-07-01 12:01"}
2024-02-09 16:09:37 查询号码 【1762754】，GSD为【"吉林-长春"】

2024-02-09 16:09:38 开始第 2855 次操作

2024-02-09 16:09:38 开始操作号码 【1762755】
2024-02-09 16:09:42 GSD getOne 第 1 次 等待 3 秒
2024-02-09 16:09:45 查询号码 【1762755】，返回信息 {"status":"ok","msg":"吉林-长春","gid":"166311","time_insert":"2021-07-01 12:01"}
2024-02-09 16:09:45 查询号码 【1762755】，GSD为【"吉林-长春"】

2024-02-09 16:09:46 开始第 2856 次操作

2024-02-09 16:09:46 开始操作号码 【1762756】
2024-02-09 16:09:50 GSD getOne 第 1 次 等待 3 秒
2024-02-09 16:09:53 查询号码 【1762756】，返回信息 {"status":"ok","msg":"吉林-长春","gid":"166317","time_insert":"2021-07-01 12:01"}
2024-02-09 16:09:53 查询号码 【1762756】，GSD为【"吉林-长春"】

2024-02-09 16:32:28 开始第 2857 次操作

2024-02-09 16:32:28 开始操作号码 【1762757】
2024-02-09 16:32:32 GSD getOne 第 1 次 等待 3 秒
2024-02-09 16:32:35 查询号码 【1762757】，返回信息 {"status":"ok","msg":"吉林-长春","gid":"166485","time_insert":"2021-07-01 12:57"}
2024-02-09 16:32:35 查询号码 【1762757】，GSD为【"吉林-长春"】

2024-02-09 16:32:36 开始第 2858 次操作

2024-02-09 16:32:36 开始操作号码 【1762758】
2024-02-09 16:32:40 GSD getOne 第 1 次 等待 3 秒
2024-02-09 16:32:43 查询号码 【1762758】，返回信息 {"status":"ok","msg":"吉林-长春","gid":"166495","time_insert":"2021-07-01 12:58"}
2024-02-09 16:32:43 查询号码 【1762758】，GSD为【"吉林-长春"】

2024-02-09 16:32:44 开始第 2859 次操作

2024-02-09 16:32:44 开始操作号码 【1762759】
2024-02-09 16:32:48 GSD getOne 第 1 次 等待 3 秒
2024-02-09 16:32:51 查询号码 【1762759】，返回信息 {"status":"ok","msg":"吉林-长春","gid":"166500","time_insert":"2021-07-01 12:59"}
2024-02-09 16:32:51 查询号码 【1762759】，GSD为【"吉林-长春"】

2024-02-09 16:32:52 开始第 2860 次操作

2024-02-09 16:32:52 开始操作号码 【1762760】
2024-02-09 16:32:57 GSD getOne 第 1 次 等待 3 秒
2024-02-09 16:33:00 查询号码 【1762760】，返回信息 {"status":"ok","msg":"天津-天津","gid":"166508","time_insert":"2021-07-01 12:59"}
2024-02-09 16:33:00 查询号码 【1762760】，GSD为【"天津-天津"】

2024-02-09 17:08:38 开始第 2861 次操作

2024-02-09 17:08:38 开始操作号码 【1762761】
2024-02-09 17:08:42 GSD getOne 第 1 次 等待 3 秒
2024-02-09 17:08:45 查询号码 【1762761】，返回信息 {"status":"ok","msg":"天津-天津","gid":"166516","time_insert":"2021-07-01 13:00"}
2024-02-09 17:08:45 查询号码 【1762761】，GSD为【"天津-天津"】

2024-02-09 17:08:46 开始第 2862 次操作

2024-02-09 17:08:46 开始操作号码 【1762762】
2024-02-09 17:08:53 GSD getOne 第 1 次 等待 3 秒
2024-02-09 17:08:56 查询号码 【1762762】，返回信息 {"status":"ok","msg":"天津-天津","gid":"166524","time_insert":"2021-07-01 13:00"}
2024-02-09 17:08:56 查询号码 【1762762】，GSD为【"天津-天津"】

2024-02-09 17:08:57 开始第 2863 次操作

2024-02-09 17:08:57 开始操作号码 【1762763】
2024-02-09 17:09:02 GSD getOne 第 1 次 等待 3 秒
2024-02-09 17:09:05 查询号码 【1762763】，返回信息 {"status":"ok","msg":"天津-天津","gid":"166535","time_insert":"2021-07-01 13:01"}
2024-02-09 17:09:05 查询号码 【1762763】，GSD为【"天津-天津"】

2024-02-09 17:09:06 开始第 2864 次操作

2024-02-09 17:09:06 开始操作号码 【1762764】
2024-02-09 17:09:10 GSD getOne 第 1 次 等待 3 秒
2024-02-09 17:09:13 查询号码 【1762764】，返回信息 {"status":"ok","msg":"天津-天津","gid":"166546","time_insert":"2021-07-01 13:02"}
2024-02-09 17:09:13 查询号码 【1762764】，GSD为【"天津-天津"】

2024-02-09 17:32:34 开始第 2865 次操作

2024-02-09 17:32:34 开始操作号码 【1762765】
2024-02-09 17:32:38 GSD getOne 第 1 次 等待 3 秒
2024-02-09 17:32:41 查询号码 【1762765】，返回信息 {"status":"ok","msg":"天津-天津","gid":"166558","time_insert":"2021-07-01 13:03"}
2024-02-09 17:32:41 查询号码 【1762765】，GSD为【"天津-天津"】

2024-02-09 17:32:42 开始第 2866 次操作

2024-02-09 17:32:42 开始操作号码 【1762766】
2024-02-09 17:32:47 GSD getOne 第 1 次 等待 3 秒
2024-02-09 17:32:50 查询号码 【1762766】，返回信息 {"status":"ok","msg":"天津-天津","gid":"166569","time_insert":"2021-07-01 13:04"}
2024-02-09 17:32:50 查询号码 【1762766】，GSD为【"天津-天津"】

2024-02-09 17:32:51 开始第 2867 次操作

2024-02-09 17:32:51 开始操作号码 【1762767】
2024-02-09 17:32:56 GSD getOne 第 1 次 等待 3 秒
2024-02-09 17:32:59 查询号码 【1762767】，返回信息 {"status":"ok","msg":"天津-天津","gid":"55253","time_insert":"2020-10-02 21:23"}
2024-02-09 17:32:59 查询号码 【1762767】，GSD为【"天津-天津"】

2024-02-09 17:33:00 开始第 2868 次操作

2024-02-09 17:33:00 开始操作号码 【1762768】
2024-02-09 17:33:04 GSD getOne 第 1 次 等待 3 秒
2024-02-09 17:33:07 查询号码 【1762768】，返回信息 {"status":"ok","msg":"天津-天津","gid":"166586","time_insert":"2021-07-01 13:05"}
2024-02-09 17:33:07 查询号码 【1762768】，GSD为【"天津-天津"】

2024-02-09 18:08:00 开始第 2869 次操作

2024-02-09 18:08:00 开始操作号码 【1762769】
2024-02-09 18:08:04 GSD getOne 第 1 次 等待 3 秒
2024-02-09 18:08:07 查询号码 【1762769】，返回信息 {"status":"ok","msg":"天津-天津","gid":"166588","time_insert":"2021-07-01 13:05"}
2024-02-09 18:08:07 查询号码 【1762769】，GSD为【"天津-天津"】

2024-02-09 18:08:08 开始第 2870 次操作

2024-02-09 18:08:08 开始操作号码 【1762770】
2024-02-09 18:08:13 GSD getOne 第 1 次 等待 3 秒
2024-02-09 18:08:16 查询号码 【1762770】，返回信息 {"status":"ok","msg":"天津-天津","gid":"166594","time_insert":"2021-07-01 13:06"}
2024-02-09 18:08:16 查询号码 【1762770】，GSD为【"天津-天津"】

2024-02-09 18:08:17 开始第 2871 次操作

2024-02-09 18:08:17 开始操作号码 【1762771】
2024-02-09 18:08:21 GSD getOne 第 1 次 等待 3 秒
2024-02-09 18:08:24 查询号码 【1762771】，返回信息 {"status":"ok","msg":"天津-天津","gid":"166599","time_insert":"2021-07-01 13:06"}
2024-02-09 18:08:24 查询号码 【1762771】，GSD为【"天津-天津"】

2024-02-09 18:08:25 开始第 2872 次操作

2024-02-09 18:08:25 开始操作号码 【1762772】
2024-02-09 18:08:30 GSD getOne 第 1 次 等待 3 秒
2024-02-09 18:08:33 查询号码 【1762772】，返回信息 {"status":"ok","msg":"天津-天津","gid":"166606","time_insert":"2021-07-01 13:07"}
2024-02-09 18:08:33 查询号码 【1762772】，GSD为【"天津-天津"】

2024-02-09 18:32:02 开始第 2873 次操作

2024-02-09 18:32:02 开始操作号码 【1762773】
2024-02-09 18:32:06 GSD getOne 第 1 次 等待 3 秒
2024-02-09 18:32:09 查询号码 【1762773】，返回信息 {"status":"ok","msg":"天津-天津","gid":"166614","time_insert":"2021-07-01 13:08"}
2024-02-09 18:32:09 查询号码 【1762773】，GSD为【"天津-天津"】

2024-02-09 18:32:10 开始第 2874 次操作

2024-02-09 18:32:10 开始操作号码 【1762774】
2024-02-09 18:32:15 GSD getOne 第 1 次 等待 3 秒
2024-02-09 18:32:18 查询号码 【1762774】，返回信息 {"status":"ok","msg":"天津-天津","gid":"166622","time_insert":"2021-07-01 13:08"}
2024-02-09 18:32:18 查询号码 【1762774】，GSD为【"天津-天津"】

2024-02-09 18:32:19 开始第 2875 次操作

2024-02-09 18:32:19 开始操作号码 【1762775】
2024-02-09 18:32:23 GSD getOne 第 1 次 等待 3 秒
2024-02-09 18:32:26 查询号码 【1762775】，返回信息 {"status":"ok","msg":"天津-天津","gid":"166630","time_insert":"2021-07-01 13:09"}
2024-02-09 18:32:26 查询号码 【1762775】，GSD为【"天津-天津"】

2024-02-09 18:32:27 开始第 2876 次操作

2024-02-09 18:32:27 开始操作号码 【1762776】
2024-02-09 18:32:33 GSD getOne 第 1 次 等待 3 秒
2024-02-09 18:32:36 查询号码 【1762776】，返回信息 {"status":"ok","msg":"天津-天津","gid":"166637","time_insert":"2021-07-01 13:10"}
2024-02-09 18:32:36 查询号码 【1762776】，GSD为【"天津-天津"】

2024-02-09 19:06:27 开始第 2877 次操作

2024-02-09 19:06:27 开始操作号码 【1762777】
2024-02-09 19:06:33 GSD getOne 第 1 次 等待 3 秒
2024-02-09 19:06:36 查询号码 【1762777】，返回信息 {"status":"ok","msg":"天津-天津","gid":"166644","time_insert":"2021-07-01 13:11"}
2024-02-09 19:06:36 查询号码 【1762777】，GSD为【"天津-天津"】

2024-02-09 19:06:37 开始第 2878 次操作

2024-02-09 19:06:37 开始操作号码 【1762778】
2024-02-09 19:06:43 GSD getOne 第 1 次 等待 3 秒
2024-02-09 19:06:46 查询号码 【1762778】，返回信息 {"status":"ok","msg":"天津-天津","gid":"166650","time_insert":"2021-07-01 13:11"}
2024-02-09 19:06:46 查询号码 【1762778】，GSD为【"天津-天津"】

2024-02-09 19:06:47 开始第 2879 次操作

2024-02-09 19:06:47 开始操作号码 【1762779】
2024-02-09 19:06:51 GSD getOne 第 1 次 等待 3 秒
2024-02-09 19:06:54 查询号码 【1762779】，返回信息 {"status":"ok","msg":"天津-天津","gid":"166660","time_insert":"2021-07-01 13:12"}
2024-02-09 19:06:54 查询号码 【1762779】，GSD为【"天津-天津"】

2024-02-09 19:06:55 开始第 2880 次操作

2024-02-09 19:06:55 开始操作号码 【1762780】
2024-02-09 19:07:01 GSD getOne 第 1 次 等待 3 秒
2024-02-09 19:07:04 查询号码 【1762780】，返回信息 {"status":"ok","msg":"天津-天津","gid":"166667","time_insert":"2021-07-01 13:13"}
2024-02-09 19:07:04 查询号码 【1762780】，GSD为【"天津-天津"】

2024-02-09 19:32:10 开始第 2881 次操作

2024-02-09 19:32:10 开始操作号码 【1762781】
2024-02-09 19:32:16 GSD getOne 第 1 次 等待 3 秒
2024-02-09 19:32:19 查询号码 【1762781】，返回信息 {"status":"ok","msg":"天津-天津","gid":"166674","time_insert":"2021-07-01 13:14"}
2024-02-09 19:32:19 查询号码 【1762781】，GSD为【"天津-天津"】

2024-02-09 19:32:20 开始第 2882 次操作

2024-02-09 19:32:20 开始操作号码 【1762782】
2024-02-09 19:32:25 GSD getOne 第 1 次 等待 3 秒
2024-02-09 19:32:28 查询号码 【1762782】，返回信息 {"status":"ok","msg":"天津-天津","gid":"166683","time_insert":"2021-07-01 13:15"}
2024-02-09 19:32:28 查询号码 【1762782】，GSD为【"天津-天津"】

2024-02-09 19:32:29 开始第 2883 次操作

2024-02-09 19:32:29 开始操作号码 【1762783】
2024-02-09 19:32:34 GSD getOne 第 1 次 等待 3 秒
2024-02-09 19:32:37 查询号码 【1762783】，返回信息 {"status":"ok","msg":"天津-天津","gid":"166692","time_insert":"2021-07-01 13:16"}
2024-02-09 19:32:37 查询号码 【1762783】，GSD为【"天津-天津"】

2024-02-09 19:32:38 开始第 2884 次操作

2024-02-09 19:32:38 开始操作号码 【1762784】
2024-02-09 19:32:42 GSD getOne 第 1 次 等待 3 秒
2024-02-09 19:32:45 查询号码 【1762784】，返回信息 {"status":"ok","msg":"天津-天津","gid":"166701","time_insert":"2021-07-01 13:16"}
2024-02-09 19:32:45 查询号码 【1762784】，GSD为【"天津-天津"】

2024-02-09 20:13:17 开始第 2885 次操作

2024-02-09 20:13:17 开始操作号码 【1762785】
2024-02-09 20:13:21 GSD getOne 第 1 次 等待 3 秒
2024-02-09 20:13:24 查询号码 【1762785】，返回信息 {"status":"ok","msg":"天津-天津","gid":"166708","time_insert":"2021-07-01 13:17"}
2024-02-09 20:13:24 查询号码 【1762785】，GSD为【"天津-天津"】

2024-02-09 20:13:25 开始第 2886 次操作

2024-02-09 20:13:25 开始操作号码 【1762786】
2024-02-09 20:13:29 GSD getOne 第 1 次 等待 3 秒
2024-02-09 20:13:32 查询号码 【1762786】，返回信息 {"status":"ok","msg":"天津-天津","gid":"166714","time_insert":"2021-07-01 13:18"}
2024-02-09 20:13:32 查询号码 【1762786】，GSD为【"天津-天津"】

2024-02-09 20:13:33 开始第 2887 次操作

2024-02-09 20:13:33 开始操作号码 【1762787】
2024-02-09 20:13:37 GSD getOne 第 1 次 等待 3 秒
2024-02-09 20:13:40 查询号码 【1762787】，返回信息 {"status":"ok","msg":"天津-天津","gid":"166717","time_insert":"2021-07-01 13:18"}
2024-02-09 20:13:40 查询号码 【1762787】，GSD为【"天津-天津"】

2024-02-09 20:13:41 开始第 2888 次操作

2024-02-09 20:13:41 开始操作号码 【1762788】
2024-02-09 20:13:45 GSD getOne 第 1 次 等待 3 秒
2024-02-09 20:13:48 查询号码 【1762788】，返回信息 {"status":"ok","msg":"天津-天津","gid":"166770","time_insert":"2021-07-01 13:37"}
2024-02-09 20:13:48 查询号码 【1762788】，GSD为【"天津-天津"】

2024-02-09 20:42:39 开始第 2889 次操作

2024-02-09 20:42:39 开始操作号码 【1762789】
2024-02-09 20:42:43 GSD getOne 第 1 次 等待 3 秒
2024-02-09 20:42:46 查询号码 【1762789】，返回信息 {"status":"ok","msg":"天津-天津","gid":"166780","time_insert":"2021-07-01 13:38"}
2024-02-09 20:42:46 查询号码 【1762789】，GSD为【"天津-天津"】

2024-02-09 20:42:47 开始第 2890 次操作

2024-02-09 20:42:47 开始操作号码 【1762790】
2024-02-09 20:42:52 GSD getOne 第 1 次 等待 3 秒
2024-02-09 20:42:55 查询号码 【1762790】，返回信息 {"status":"ok","msg":"江苏-宿迁","gid":"166783","time_insert":"2021-07-01 13:38"}
2024-02-09 20:42:55 查询号码 【1762790】，GSD为【"江苏-宿迁"】

2024-02-09 20:42:56 开始第 2891 次操作

2024-02-09 20:42:56 开始操作号码 【1762791】
2024-02-09 20:43:00 GSD getOne 第 1 次 等待 3 秒
2024-02-09 20:43:03 查询号码 【1762791】，返回信息 {"status":"ok","msg":"江苏-宿迁","gid":"166791","time_insert":"2021-07-01 13:38"}
2024-02-09 20:43:03 查询号码 【1762791】，GSD为【"江苏-宿迁"】

2024-02-09 20:43:04 开始第 2892 次操作

2024-02-09 20:43:04 开始操作号码 【1762792】
2024-02-09 20:43:09 GSD getOne 第 1 次 等待 3 秒
2024-02-09 20:43:12 查询号码 【1762792】，返回信息 {"status":"ok","msg":"江苏-宿迁","gid":"166794","time_insert":"2021-07-01 13:39"}
2024-02-09 20:43:12 查询号码 【1762792】，GSD为【"江苏-宿迁"】

2024-02-09 21:07:25 开始第 2893 次操作

2024-02-09 21:07:25 开始操作号码 【1762793】
2024-02-09 21:07:30 GSD getOne 第 1 次 等待 3 秒
2024-02-09 21:07:33 查询号码 【1762793】，返回信息 {"status":"ok","msg":"江苏-宿迁","gid":"166802","time_insert":"2021-07-01 13:39"}
2024-02-09 21:07:33 查询号码 【1762793】，GSD为【"江苏-宿迁"】

2024-02-09 21:07:34 开始第 2894 次操作

2024-02-09 21:07:34 开始操作号码 【1762794】
2024-02-09 21:07:38 GSD getOne 第 1 次 等待 3 秒
2024-02-09 21:07:41 查询号码 【1762794】，返回信息 {"status":"ok","msg":"江苏-宿迁","gid":"166809","time_insert":"2021-07-01 13:40"}
2024-02-09 21:07:41 查询号码 【1762794】，GSD为【"江苏-宿迁"】

2024-02-09 21:07:42 开始第 2895 次操作

2024-02-09 21:07:42 开始操作号码 【1762795】
2024-02-09 21:07:47 GSD getOne 第 1 次 等待 3 秒
2024-02-09 21:07:50 查询号码 【1762795】，返回信息 {"status":"ok","msg":"江苏-泰州","gid":"166816","time_insert":"2021-07-01 13:40"}
2024-02-09 21:07:50 查询号码 【1762795】，GSD为【"江苏-泰州"】

2024-02-09 21:07:51 开始第 2896 次操作

2024-02-09 21:07:51 开始操作号码 【1762796】
2024-02-09 21:07:56 GSD getOne 第 1 次 等待 3 秒
2024-02-09 21:07:59 查询号码 【1762796】，返回信息 {"status":"ok","msg":"江苏-泰州","gid":"166821","time_insert":"2021-07-01 13:40"}
2024-02-09 21:07:59 查询号码 【1762796】，GSD为【"江苏-泰州"】

2024-02-09 21:32:25 开始第 2897 次操作

2024-02-09 21:32:25 开始操作号码 【1762797】
2024-02-09 21:32:30 GSD getOne 第 1 次 等待 3 秒
2024-02-09 21:32:33 查询号码 【1762797】，返回信息 {"status":"ok","msg":"江苏-泰州","gid":"166829","time_insert":"2021-07-01 13:41"}
2024-02-09 21:32:33 查询号码 【1762797】，GSD为【"江苏-泰州"】

2024-02-09 21:32:34 开始第 2898 次操作

2024-02-09 21:32:34 开始操作号码 【1762798】
2024-02-09 21:32:38 GSD getOne 第 1 次 等待 3 秒
2024-02-09 21:32:41 查询号码 【1762798】，返回信息 {"status":"ok","msg":"江苏-镇江","gid":"166833","time_insert":"2021-07-01 13:41"}
2024-02-09 21:32:41 查询号码 【1762798】，GSD为【"江苏-镇江"】

2024-02-09 21:32:42 开始第 2899 次操作

2024-02-09 21:32:42 开始操作号码 【1762799】
2024-02-09 21:32:46 GSD getOne 第 1 次 等待 3 秒
2024-02-09 21:32:49 查询号码 【1762799】，返回信息 {"status":"ok","msg":"江苏-镇江","gid":"166840","time_insert":"2021-07-01 13:42"}
2024-02-09 21:32:49 查询号码 【1762799】，GSD为【"江苏-镇江"】

2024-02-09 21:32:50 开始第 2900 次操作

2024-02-09 21:32:50 开始操作号码 【1762800】
2024-02-09 21:32:54 GSD getOne 第 1 次 等待 3 秒
2024-02-09 21:32:57 查询号码 【1762800】，返回信息 {"status":"ok","msg":"四川-成都","gid":"30085","time_insert":"2019-12-30 11:15","time_update":"2020-10-29 22:05"}
2024-02-09 21:32:58 查询号码 【1762800】，GSD为【"四川-成都"】

2024-02-09 22:06:54 开始第 2901 次操作

2024-02-09 22:06:54 开始操作号码 【1762801】
2024-02-09 22:07:00 GSD getOne 第 1 次 等待 3 秒
2024-02-09 22:07:03 查询号码 【1762801】，返回信息 {"status":"ok","msg":"四川-成都","gid":"30086","time_insert":"2018-06-14 16:54","time_update":"2020-10-29 22:09"}
2024-02-09 22:07:03 查询号码 【1762801】，GSD为【"四川-成都"】

2024-02-09 22:07:04 开始第 2902 次操作

2024-02-09 22:07:04 开始操作号码 【1762802】
2024-02-09 22:07:09 GSD getOne 第 1 次 等待 3 秒
2024-02-09 22:07:12 查询号码 【1762802】，返回信息 {"status":"ok","msg":"四川-成都","gid":"166846","time_insert":"2021-07-01 13:42"}
2024-02-09 22:07:12 查询号码 【1762802】，GSD为【"四川-成都"】

2024-02-09 22:07:13 开始第 2903 次操作

2024-02-09 22:07:13 开始操作号码 【1762803】
2024-02-09 22:07:17 GSD getOne 第 1 次 等待 3 秒
2024-02-09 22:07:20 查询号码 【1762803】，返回信息 {"status":"ok","msg":"四川-成都","gid":"30087","time_insert":"2017-05-01 00:00","time_update":"2020-10-29 22:14"}
2024-02-09 22:07:20 查询号码 【1762803】，GSD为【"四川-成都"】

2024-02-09 22:07:21 开始第 2904 次操作

2024-02-09 22:07:22 开始操作号码 【1762804】
2024-02-09 22:07:26 GSD getOne 第 1 次 等待 3 秒
2024-02-09 22:07:29 查询号码 【1762804】，返回信息 {"status":"ok","msg":"四川-成都","gid":"166853","time_insert":"2021-07-01 13:43"}
2024-02-09 22:07:29 查询号码 【1762804】，GSD为【"四川-成都"】

2024-02-09 22:32:25 开始第 2905 次操作

2024-02-09 22:32:25 开始操作号码 【1762805】
2024-02-09 22:32:32 GSD getOne 第 1 次 等待 3 秒
2024-02-09 22:32:35 查询号码 【1762805】，返回信息 {"status":"ok","msg":"四川-成都","gid":"166862","time_insert":"2021-07-01 13:43"}
2024-02-09 22:32:35 查询号码 【1762805】，GSD为【"四川-成都"】

2024-02-09 22:32:36 开始第 2906 次操作

2024-02-09 22:32:36 开始操作号码 【1762806】
2024-02-09 22:32:40 GSD getOne 第 1 次 等待 3 秒
2024-02-09 22:32:43 查询号码 【1762806】，返回信息 {"status":"ok","msg":"四川-成都","gid":"30088","time_insert":"2018-04-22 18:08","time_update":"2020-10-29 22:19"}
2024-02-09 22:32:43 查询号码 【1762806】，GSD为【"四川-成都"】

2024-02-09 22:32:44 开始第 2907 次操作

2024-02-09 22:32:44 开始操作号码 【1762807】
2024-02-09 22:32:49 GSD getOne 第 1 次 等待 3 秒
2024-02-09 22:32:52 查询号码 【1762807】，返回信息 {"status":"ok","msg":"四川-成都","gid":"166870","time_insert":"2021-07-01 13:44"}
2024-02-09 22:32:52 查询号码 【1762807】，GSD为【"四川-成都"】

2024-02-09 22:32:53 开始第 2908 次操作

2024-02-09 22:32:53 开始操作号码 【1762808】
2024-02-09 22:32:57 GSD getOne 第 1 次 等待 3 秒
2024-02-09 22:33:00 查询号码 【1762808】，返回信息 {"status":"ok","msg":"四川-成都","gid":"30089","time_insert":"2018-01-15 17:19","time_update":"2020-10-29 22:23"}
2024-02-09 22:33:00 查询号码 【1762808】，GSD为【"四川-成都"】

2024-02-09 23:07:16 开始第 2909 次操作

2024-02-09 23:07:16 开始操作号码 【1762809】
2024-02-09 23:07:22 GSD getOne 第 1 次 等待 3 秒
2024-02-09 23:07:25 查询号码 【1762809】，返回信息 {"status":"ok","msg":"四川-成都","gid":"166875","time_insert":"2021-07-01 13:44"}
2024-02-09 23:07:25 查询号码 【1762809】，GSD为【"四川-成都"】

2024-02-09 23:07:26 开始第 2910 次操作

2024-02-09 23:07:26 开始操作号码 【1762810】
2024-02-09 23:07:30 GSD getOne 第 1 次 等待 3 秒
2024-02-09 23:07:33 查询号码 【1762810】，返回信息 {"status":"ok","msg":"四川-宜宾","gid":"30090","time_insert":"2019-04-01 09:31","time_update":"2020-10-29 22:28"}
2024-02-09 23:07:33 查询号码 【1762810】，GSD为【"四川-宜宾"】

2024-02-09 23:07:34 开始第 2911 次操作

2024-02-09 23:07:34 开始操作号码 【1762811】
2024-02-09 23:07:39 GSD getOne 第 1 次 等待 3 秒
2024-02-09 23:07:42 查询号码 【1762811】，返回信息 {"status":"ok","msg":"四川-宜宾","gid":"166882","time_insert":"2021-07-01 13:45"}
2024-02-09 23:07:42 查询号码 【1762811】，GSD为【"四川-宜宾"】

2024-02-09 23:07:43 开始第 2912 次操作

2024-02-09 23:07:43 开始操作号码 【1762812】
2024-02-09 23:07:48 GSD getOne 第 1 次 等待 3 秒
2024-02-09 23:07:51 查询号码 【1762812】，返回信息 {"status":"ok","msg":"四川-宜宾","gid":"30091","time_insert":"2018-08-07 23:05","time_update":"2020-10-29 22:33"}
2024-02-09 23:07:51 查询号码 【1762812】，GSD为【"四川-宜宾"】

