2024-08-04 00:10:10 开始第 9817 次操作

2024-08-04 00:10:10 开始操作号码 【1549698】
2024-08-04 00:10:28 GSD getOne 第 1 次 等待 3 秒
2024-08-04 00:10:31 查询号码 【1549698】，返回信息 {"status":"ok","msg":"-","gid":"675629","time_insert":"2023-04-25 03:00"}
2024-08-04 00:10:31 查询号码 【1549698】，GSD为【"-"】
2024-08-04 00:10:31 ok && -
2024-08-04 00:10:33 CHB 1549698?1722701431 第 1 次 等待 3 秒
2024-08-04 00:10:36 CHB 1549698?1722701431 第 1 次 获取到号码【1549698】GSD
2024-08-04 00:10:36 未获取到号码【1549698】GSD，可能号码格式错误
2024-08-04 00:10:36 获取到号码【1549698】的GSD为【-】
2024-08-04 00:10:47 GSD insert 第 1 次 等待 3 秒
2024-08-04 00:10:50 {"status":"bad","gid":"675629","msg":"添加失败！号码【1549698(-|-)】已存在！"}
2024-08-04 00:10:50 随机等待 108 秒，约 1 分钟
2024-08-04 00:10:50 下次操作: 2024-08-04 00:12:38

2024-08-04 00:12:38 开始第 9818 次操作

2024-08-04 00:12:38 开始操作号码 【1549699】
2024-08-04 00:12:40 GSD getOne 第 1 次 等待 3 秒
2024-08-04 00:12:43 查询号码 【1549699】，返回信息 {"status":"ok","msg":"-","gid":"675628","time_insert":"2023-04-25 02:58"}
2024-08-04 00:12:43 查询号码 【1549699】，GSD为【"-"】
2024-08-04 00:12:43 ok && -
2024-08-04 00:12:45 CHB 1549699?1722701563 第 1 次 等待 3 秒
2024-08-04 00:12:48 CHB 1549699?1722701563 第 1 次 获取到号码【1549699】GSD
2024-08-04 00:12:48 未获取到号码【1549699】GSD，可能号码格式错误
2024-08-04 00:12:48 获取到号码【1549699】的GSD为【-】
2024-08-04 00:12:58 GSD insert 第 1 次 等待 3 秒
2024-08-04 00:13:01 {"status":"bad","gid":"675628","msg":"添加失败！号码【1549699(-|-)】已存在！"}
2024-08-04 00:13:01 随机等待 180 秒，约 3 分钟
2024-08-04 00:13:01 下次操作: 2024-08-04 00:16:01

2024-08-04 00:16:01 开始第 9819 次操作

2024-08-04 00:16:01 开始操作号码 【1549700】
2024-08-04 00:16:09 GSD getOne 第 1 次 等待 3 秒
2024-08-04 00:16:12 查询号码 【1549700】，返回信息 {"status":"ok","msg":"-","gid":"675622","time_insert":"2023-04-25 02:56"}
2024-08-04 00:16:12 查询号码 【1549700】，GSD为【"-"】
2024-08-04 00:16:12 ok && -
2024-08-04 00:16:14 CHB 1549700?1722701772 第 1 次 等待 3 秒
2024-08-04 00:16:17 CHB 1549700?1722701772 第 1 次 获取到号码【1549700】GSD
2024-08-04 00:16:17 未获取到号码【1549700】GSD，可能号码格式错误
2024-08-04 00:16:17 获取到号码【1549700】的GSD为【-】
2024-08-04 00:16:29 GSD insert 第 1 次 等待 3 秒
2024-08-04 00:16:32 {"status":"bad","gid":"675622","msg":"添加失败！号码【1549700(-|-)】已存在！"}
2024-08-04 00:16:32 随机等待 92 秒，约 1 分钟
2024-08-04 00:16:32 下次操作: 2024-08-04 00:18:04

2024-08-04 00:18:04 开始第 9820 次操作

2024-08-04 00:18:04 开始操作号码 【1549701】
2024-08-04 00:18:12 GSD getOne 第 1 次 等待 3 秒
2024-08-04 00:18:15 查询号码 【1549701】，返回信息 {"status":"ok","msg":"-","gid":"675619","time_insert":"2023-04-25 02:53"}
2024-08-04 00:18:15 查询号码 【1549701】，GSD为【"-"】
2024-08-04 00:18:15 ok && -
2024-08-04 00:18:17 CHB 1549701?1722701895 第 1 次 等待 3 秒
2024-08-04 00:18:20 CHB 1549701?1722701895 第 1 次 获取到号码【1549701】GSD
2024-08-04 00:18:20 未获取到号码【1549701】GSD，可能号码格式错误
2024-08-04 00:18:20 获取到号码【1549701】的GSD为【-】
2024-08-04 00:18:28 GSD insert 第 1 次 等待 3 秒
2024-08-04 00:18:31 {"status":"bad","gid":"675619","msg":"添加失败！号码【1549701(-|-)】已存在！"}

2024-08-04 00:37:43 开始第 9821 次操作

2024-08-04 00:37:43 开始操作号码 【1549702】
2024-08-04 00:37:54 GSD getOne 第 1 次 等待 3 秒
2024-08-04 00:37:57 查询号码 【1549702】，返回信息 {"status":"ok","msg":"-","gid":"675616","time_insert":"2023-04-25 02:51"}
2024-08-04 00:37:57 查询号码 【1549702】，GSD为【"-"】
2024-08-04 00:37:57 ok && -
2024-08-04 00:38:00 CHB 1549702?1722703077 第 1 次 等待 3 秒
2024-08-04 00:38:03 CHB 1549702?1722703077 第 1 次 获取到号码【1549702】GSD
2024-08-04 00:38:03 未获取到号码【1549702】GSD，可能号码格式错误
2024-08-04 00:38:03 获取到号码【1549702】的GSD为【-】
2024-08-04 00:38:20 GSD insert 第 1 次 等待 3 秒
2024-08-04 00:38:23 {"status":"bad","gid":"675616","msg":"添加失败！号码【1549702(-|-)】已存在！"}
2024-08-04 00:38:23 随机等待 202 秒，约 3 分钟
2024-08-04 00:38:23 下次操作: 2024-08-04 00:41:45

2024-08-04 00:41:45 开始第 9822 次操作

2024-08-04 00:41:45 开始操作号码 【1549703】
2024-08-04 00:41:47 GSD getOne 第 1 次 等待 3 秒
2024-08-04 00:41:50 查询号码 【1549703】，返回信息 {"status":"ok","msg":"-","gid":"675614","time_insert":"2023-04-25 02:49"}
2024-08-04 00:41:50 查询号码 【1549703】，GSD为【"-"】
2024-08-04 00:41:50 ok && -
2024-08-04 00:41:52 CHB 1549703?1722703310 第 1 次 等待 3 秒
2024-08-04 00:41:55 CHB 1549703?1722703310 第 1 次 获取到号码【1549703】GSD
2024-08-04 00:41:55 未获取到号码【1549703】GSD，可能号码格式错误
2024-08-04 00:41:55 获取到号码【1549703】的GSD为【-】
2024-08-04 00:42:03 GSD insert 第 1 次 等待 3 秒
2024-08-04 00:42:06 {"status":"bad","gid":"675614","msg":"添加失败！号码【1549703(-|-)】已存在！"}
2024-08-04 00:42:06 随机等待 189 秒，约 3 分钟
2024-08-04 00:42:06 下次操作: 2024-08-04 00:45:15

2024-08-04 00:45:15 开始第 9823 次操作

2024-08-04 00:45:15 开始操作号码 【1549704】
2024-08-04 00:45:23 GSD getOne 第 1 次 等待 3 秒
2024-08-04 00:45:26 查询号码 【1549704】，返回信息 {"status":"ok","msg":"-","gid":"675608","time_insert":"2023-04-25 02:45"}
2024-08-04 00:45:26 查询号码 【1549704】，GSD为【"-"】
2024-08-04 00:45:26 ok && -
2024-08-04 00:45:28 CHB 1549704?1722703526 第 1 次 等待 3 秒
2024-08-04 00:45:31 CHB 1549704?1722703526 第 1 次 获取到号码【1549704】GSD
2024-08-04 00:45:31 未获取到号码【1549704】GSD，可能号码格式错误
2024-08-04 00:45:31 获取到号码【1549704】的GSD为【-】
2024-08-04 00:45:46 GSD insert 第 1 次 等待 3 秒
2024-08-04 00:45:49 {"status":"bad","gid":"675608","msg":"添加失败！号码【1549704(-|-)】已存在！"}
2024-08-04 00:45:49 随机等待 219 秒，约 3 分钟
2024-08-04 00:45:49 下次操作: 2024-08-04 00:49:28

2024-08-04 00:49:28 开始第 9824 次操作

2024-08-04 00:49:28 开始操作号码 【1549705】
2024-08-04 00:49:36 GSD getOne 第 1 次 等待 3 秒
2024-08-04 00:49:39 查询号码 【1549705】，返回信息 {"status":"ok","msg":"-","gid":"675607","time_insert":"2023-04-25 02:43"}
2024-08-04 00:49:39 查询号码 【1549705】，GSD为【"-"】
2024-08-04 00:49:39 ok && -
2024-08-04 00:49:41 CHB 1549705?1722703779 第 1 次 等待 3 秒
2024-08-04 00:49:44 CHB 1549705?1722703779 第 1 次 获取到号码【1549705】GSD
2024-08-04 00:49:44 未获取到号码【1549705】GSD，可能号码格式错误
2024-08-04 00:49:44 获取到号码【1549705】的GSD为【-】
2024-08-04 00:49:52 GSD insert 第 1 次 等待 3 秒
2024-08-04 00:49:55 {"status":"bad","gid":"675607","msg":"添加失败！号码【1549705(-|-)】已存在！"}

2024-08-04 01:07:58 开始第 9825 次操作

2024-08-04 01:07:58 开始操作号码 【1549706】
2024-08-04 01:08:16 GSD getOne 第 1 次 等待 3 秒
2024-08-04 01:08:19 查询号码 【1549706】，返回信息 {"status":"ok","msg":"-","gid":"675601","time_insert":"2023-04-25 02:41"}
2024-08-04 01:08:19 查询号码 【1549706】，GSD为【"-"】
2024-08-04 01:08:19 ok && -
2024-08-04 01:08:21 CHB 1549706?1722704899 第 1 次 等待 3 秒
2024-08-04 01:08:24 CHB 1549706?1722704899 第 1 次 获取到号码【1549706】GSD
2024-08-04 01:08:24 未获取到号码【1549706】GSD，可能号码格式错误
2024-08-04 01:08:24 获取到号码【1549706】的GSD为【-】
2024-08-04 01:08:40 GSD insert 第 1 次 等待 3 秒
2024-08-04 01:08:43 {"status":"bad","gid":"675601","msg":"添加失败！号码【1549706(-|-)】已存在！"}
2024-08-04 01:08:43 随机等待 223 秒，约 3 分钟
2024-08-04 01:08:43 下次操作: 2024-08-04 01:12:26

2024-08-04 01:12:26 开始第 9826 次操作

2024-08-04 01:12:26 开始操作号码 【1549707】
2024-08-04 01:12:35 GSD getOne 第 1 次 等待 3 秒
2024-08-04 01:12:38 查询号码 【1549707】，返回信息 {"status":"ok","msg":"-","gid":"675598","time_insert":"2023-04-25 02:39"}
2024-08-04 01:12:38 查询号码 【1549707】，GSD为【"-"】
2024-08-04 01:12:38 ok && -
2024-08-04 01:12:40 CHB 1549707?1722705158 第 1 次 等待 3 秒
2024-08-04 01:12:43 CHB 1549707?1722705158 第 1 次 获取到号码【1549707】GSD
2024-08-04 01:12:43 未获取到号码【1549707】GSD，可能号码格式错误
2024-08-04 01:12:43 获取到号码【1549707】的GSD为【-】
2024-08-04 01:12:55 GSD insert 第 1 次 等待 3 秒
2024-08-04 01:12:58 {"status":"bad","gid":"675598","msg":"添加失败！号码【1549707(-|-)】已存在！"}
2024-08-04 01:12:58 随机等待 91 秒，约 1 分钟
2024-08-04 01:12:58 下次操作: 2024-08-04 01:14:29

2024-08-04 01:14:29 开始第 9827 次操作

2024-08-04 01:14:29 开始操作号码 【1549708】
2024-08-04 01:14:38 GSD getOne 第 1 次 等待 3 秒
2024-08-04 01:14:41 查询号码 【1549708】，返回信息 {"status":"ok","msg":"-","gid":"675594","time_insert":"2023-04-25 02:37"}
2024-08-04 01:14:41 查询号码 【1549708】，GSD为【"-"】
2024-08-04 01:14:41 ok && -
2024-08-04 01:14:43 CHB 1549708?1722705281 第 1 次 等待 3 秒
2024-08-04 01:14:46 CHB 1549708?1722705281 第 1 次 获取到号码【1549708】GSD
2024-08-04 01:14:46 未获取到号码【1549708】GSD，可能号码格式错误
2024-08-04 01:14:46 获取到号码【1549708】的GSD为【-】
2024-08-04 01:14:54 GSD insert 第 1 次 等待 3 秒
2024-08-04 01:14:57 {"status":"bad","gid":"675594","msg":"添加失败！号码【1549708(-|-)】已存在！"}
2024-08-04 01:14:57 随机等待 230 秒，约 3 分钟
2024-08-04 01:14:57 下次操作: 2024-08-04 01:18:47

2024-08-04 01:18:47 开始第 9828 次操作

2024-08-04 01:18:47 开始操作号码 【1549709】
2024-08-04 01:18:57 GSD getOne 第 1 次 等待 3 秒
2024-08-04 01:19:00 查询号码 【1549709】，返回信息 {"status":"ok","msg":"-","gid":"675591","time_insert":"2023-04-25 02:34"}
2024-08-04 01:19:00 查询号码 【1549709】，GSD为【"-"】
2024-08-04 01:19:00 ok && -
2024-08-04 01:19:02 CHB 1549709?1722705540 第 1 次 等待 3 秒
2024-08-04 01:19:05 CHB 1549709?1722705540 第 1 次 获取到号码【1549709】GSD
2024-08-04 01:19:05 未获取到号码【1549709】GSD，可能号码格式错误
2024-08-04 01:19:05 获取到号码【1549709】的GSD为【-】
2024-08-04 01:19:13 GSD insert 第 1 次 等待 3 秒
2024-08-04 01:19:16 {"status":"bad","gid":"675591","msg":"添加失败！号码【1549709(-|-)】已存在！"}

2024-08-04 01:32:31 开始第 9829 次操作

2024-08-04 01:32:31 开始操作号码 【1549710】
2024-08-04 01:32:44 GSD getOne 第 1 次 等待 3 秒
2024-08-04 01:32:47 查询号码 【1549710】，返回信息 {"status":"ok","msg":"-","gid":"675587","time_insert":"2023-04-25 02:32"}
2024-08-04 01:32:47 查询号码 【1549710】，GSD为【"-"】
2024-08-04 01:32:47 ok && -
2024-08-04 01:32:51 CHB 1549710?1722706367 第 1 次 等待 3 秒
2024-08-04 01:32:54 CHB 1549710?1722706367 第 1 次 获取到号码【1549710】GSD
2024-08-04 01:32:54 未获取到号码【1549710】GSD，可能号码格式错误
2024-08-04 01:32:54 获取到号码【1549710】的GSD为【-】
2024-08-04 01:33:03 GSD insert 第 1 次 等待 3 秒
2024-08-04 01:33:06 {"status":"bad","gid":"675587","msg":"添加失败！号码【1549710(-|-)】已存在！"}
2024-08-04 01:33:06 随机等待 111 秒，约 1 分钟
2024-08-04 01:33:06 下次操作: 2024-08-04 01:34:57

2024-08-04 01:34:57 开始第 9830 次操作

2024-08-04 01:34:57 开始操作号码 【1549711】
2024-08-04 01:35:07 GSD getOne 第 1 次 等待 3 秒
2024-08-04 01:35:10 查询号码 【1549711】，返回信息 {"status":"ok","msg":"-","gid":"675583","time_insert":"2023-04-25 02:30"}
2024-08-04 01:35:10 查询号码 【1549711】，GSD为【"-"】
2024-08-04 01:35:10 ok && -
2024-08-04 01:35:12 CHB 1549711?1722706510 第 1 次 等待 3 秒
2024-08-04 01:35:15 CHB 1549711?1722706510 第 1 次 获取到号码【1549711】GSD
2024-08-04 01:35:15 未获取到号码【1549711】GSD，可能号码格式错误
2024-08-04 01:35:15 获取到号码【1549711】的GSD为【-】
2024-08-04 01:35:17 GSD insert 第 1 次 等待 3 秒
2024-08-04 01:35:20 {"status":"bad","gid":"675583","msg":"添加失败！号码【1549711(-|-)】已存在！"}
2024-08-04 01:35:20 随机等待 104 秒，约 1 分钟
2024-08-04 01:35:20 下次操作: 2024-08-04 01:37:04

2024-08-04 01:37:04 开始第 9831 次操作

2024-08-04 01:37:04 开始操作号码 【1549712】
2024-08-04 01:37:13 GSD getOne 第 1 次 等待 3 秒
2024-08-04 01:37:16 查询号码 【1549712】，返回信息 {"status":"ok","msg":"-","gid":"675573","time_insert":"2023-04-25 02:22"}
2024-08-04 01:37:16 查询号码 【1549712】，GSD为【"-"】
2024-08-04 01:37:16 ok && -
2024-08-04 01:37:18 CHB 1549712?1722706636 第 1 次 等待 3 秒
2024-08-04 01:37:21 CHB 1549712?1722706636 第 1 次 获取到号码【1549712】GSD
2024-08-04 01:37:22 未获取到号码【1549712】GSD，可能号码格式错误
2024-08-04 01:37:22 获取到号码【1549712】的GSD为【-】
2024-08-04 01:37:33 GSD insert 第 1 次 等待 3 秒
2024-08-04 01:37:36 {"status":"bad","gid":"675573","msg":"添加失败！号码【1549712(-|-)】已存在！"}
2024-08-04 01:37:36 随机等待 95 秒，约 1 分钟
2024-08-04 01:37:36 下次操作: 2024-08-04 01:39:11

2024-08-04 01:39:11 开始第 9832 次操作

2024-08-04 01:39:11 开始操作号码 【1549713】
2024-08-04 01:39:19 GSD getOne 第 1 次 等待 3 秒
2024-08-04 01:39:22 查询号码 【1549713】，返回信息 {"status":"ok","msg":"-","gid":"675571","time_insert":"2023-04-25 02:19"}
2024-08-04 01:39:22 查询号码 【1549713】，GSD为【"-"】
2024-08-04 01:39:22 ok && -
2024-08-04 01:39:25 CHB 1549713?1722706762 第 1 次 等待 3 秒
2024-08-04 01:39:28 CHB 1549713?1722706762 第 1 次 获取到号码【1549713】GSD
2024-08-04 01:39:28 未获取到号码【1549713】GSD，可能号码格式错误
2024-08-04 01:39:28 获取到号码【1549713】的GSD为【-】
2024-08-04 01:39:42 GSD insert 第 1 次 等待 3 秒
2024-08-04 01:39:45 {"status":"bad","gid":"675571","msg":"添加失败！号码【1549713(-|-)】已存在！"}

