2024-08-03 00:10:42 开始第 9633 次操作

2024-08-03 00:10:42 开始操作号码 【1549514】
2024-08-03 00:10:54 GSD getOne 第 1 次 等待 3 秒
2024-08-03 00:10:57 查询号码 【1549514】，返回信息 {"status":"ok","msg":"-","gid":"676604","time_insert":"2023-04-25 14:46"}
2024-08-03 00:10:57 查询号码 【1549514】，GSD为【"-"】
2024-08-03 00:10:57 ok && -
2024-08-03 00:11:00 CHB 1549514?1722615057 第 1 次 等待 3 秒
2024-08-03 00:11:03 CHB 1549514?1722615057 第 1 次 获取到号码【1549514】GSD
2024-08-03 00:11:03 未获取到号码【1549514】GSD，可能号码格式错误
2024-08-03 00:11:03 获取到号码【1549514】的GSD为【-】
2024-08-03 00:11:11 GSD insert 第 1 次 等待 3 秒
2024-08-03 00:11:14 {"status":"bad","gid":"676604","msg":"添加失败！号码【1549514(-|-)】已存在！"}
2024-08-03 00:11:14 随机等待 68 秒，约 1 分钟
2024-08-03 00:11:14 下次操作: 2024-08-03 00:12:22

2024-08-03 00:12:22 开始第 9634 次操作

2024-08-03 00:12:22 开始操作号码 【1549515】
2024-08-03 00:12:30 GSD getOne 第 1 次 等待 3 秒
2024-08-03 00:12:33 查询号码 【1549515】，返回信息 {"status":"ok","msg":"-","gid":"676601","time_insert":"2023-04-25 14:44"}
2024-08-03 00:12:33 查询号码 【1549515】，GSD为【"-"】
2024-08-03 00:12:33 ok && -
2024-08-03 00:12:36 CHB 1549515?1722615153 第 1 次 等待 3 秒
2024-08-03 00:12:39 CHB 1549515?1722615153 第 1 次 获取到号码【1549515】GSD
2024-08-03 00:12:39 未获取到号码【1549515】GSD，可能号码格式错误
2024-08-03 00:12:39 获取到号码【1549515】的GSD为【-】
2024-08-03 00:12:47 GSD insert 第 1 次 等待 3 秒
2024-08-03 00:12:50 {"status":"bad","gid":"676601","msg":"添加失败！号码【1549515(-|-)】已存在！"}
2024-08-03 00:12:50 随机等待 158 秒，约 2 分钟
2024-08-03 00:12:50 下次操作: 2024-08-03 00:15:28

2024-08-03 00:15:28 开始第 9635 次操作

2024-08-03 00:15:28 开始操作号码 【1549516】
2024-08-03 00:15:37 GSD getOne 第 1 次 等待 3 秒
2024-08-03 00:15:40 查询号码 【1549516】，返回信息 {"status":"ok","msg":"-","gid":"676592","time_insert":"2023-04-25 14:39"}
2024-08-03 00:15:40 查询号码 【1549516】，GSD为【"-"】
2024-08-03 00:15:40 ok && -
2024-08-03 00:15:43 CHB 1549516?1722615340 第 1 次 等待 3 秒
2024-08-03 00:15:46 CHB 1549516?1722615340 第 1 次 获取到号码【1549516】GSD
2024-08-03 00:15:46 未获取到号码【1549516】GSD，可能号码格式错误
2024-08-03 00:15:46 获取到号码【1549516】的GSD为【-】
2024-08-03 00:15:54 GSD insert 第 1 次 等待 3 秒
2024-08-03 00:15:57 {"status":"bad","gid":"676592","msg":"添加失败！号码【1549516(-|-)】已存在！"}
2024-08-03 00:15:57 随机等待 133 秒，约 2 分钟
2024-08-03 00:15:57 下次操作: 2024-08-03 00:18:10

2024-08-03 00:18:10 开始第 9636 次操作

2024-08-03 00:18:10 开始操作号码 【1549517】
2024-08-03 00:18:18 GSD getOne 第 1 次 等待 3 秒
2024-08-03 00:18:21 查询号码 【1549517】，返回信息 {"status":"ok","msg":"-","gid":"676586","time_insert":"2023-04-25 14:37"}
2024-08-03 00:18:21 查询号码 【1549517】，GSD为【"-"】
2024-08-03 00:18:21 ok && -
2024-08-03 00:18:24 CHB 1549517?1722615501 第 1 次 等待 3 秒
2024-08-03 00:18:27 CHB 1549517?1722615501 第 1 次 获取到号码【1549517】GSD
2024-08-03 00:18:27 未获取到号码【1549517】GSD，可能号码格式错误
2024-08-03 00:18:27 获取到号码【1549517】的GSD为【-】
2024-08-03 00:18:35 GSD insert 第 1 次 等待 3 秒
2024-08-03 00:18:38 {"status":"bad","gid":"676586","msg":"添加失败！号码【1549517(-|-)】已存在！"}

2024-08-03 00:39:49 开始第 9637 次操作

2024-08-03 00:39:49 开始操作号码 【1549518】
2024-08-03 00:39:57 GSD getOne 第 1 次 等待 3 秒
2024-08-03 00:40:00 查询号码 【1549518】，返回信息 {"status":"ok","msg":"-","gid":"676584","time_insert":"2023-04-25 14:34"}
2024-08-03 00:40:00 查询号码 【1549518】，GSD为【"-"】
2024-08-03 00:40:00 ok && -
2024-08-03 00:40:03 CHB 1549518?1722616800 第 1 次 等待 3 秒
2024-08-03 00:40:06 CHB 1549518?1722616800 第 1 次 获取到号码【1549518】GSD
2024-08-03 00:40:06 未获取到号码【1549518】GSD，可能号码格式错误
2024-08-03 00:40:06 获取到号码【1549518】的GSD为【-】
2024-08-03 00:40:19 GSD insert 第 1 次 等待 3 秒
2024-08-03 00:40:22 {"status":"bad","gid":"676584","msg":"添加失败！号码【1549518(-|-)】已存在！"}
2024-08-03 00:40:22 随机等待 176 秒，约 2 分钟
2024-08-03 00:40:22 下次操作: 2024-08-03 00:43:18

2024-08-03 00:43:18 开始第 9638 次操作

2024-08-03 00:43:18 开始操作号码 【1549519】
2024-08-03 00:43:27 GSD getOne 第 1 次 等待 3 秒
2024-08-03 00:43:30 查询号码 【1549519】，返回信息 {"status":"ok","msg":"-","gid":"676579","time_insert":"2023-04-25 14:31"}
2024-08-03 00:43:30 查询号码 【1549519】，GSD为【"-"】
2024-08-03 00:43:30 ok && -
2024-08-03 00:43:33 CHB 1549519?1722617010 第 1 次 等待 3 秒
2024-08-03 00:43:36 CHB 1549519?1722617010 第 1 次 获取到号码【1549519】GSD
2024-08-03 00:43:36 未获取到号码【1549519】GSD，可能号码格式错误
2024-08-03 00:43:36 获取到号码【1549519】的GSD为【-】
2024-08-03 00:43:47 GSD insert 第 1 次 等待 3 秒
2024-08-03 00:43:50 {"status":"bad","gid":"676579","msg":"添加失败！号码【1549519(-|-)】已存在！"}
2024-08-03 00:43:50 随机等待 130 秒，约 2 分钟
2024-08-03 00:43:50 下次操作: 2024-08-03 00:46:00

2024-08-03 00:46:00 开始第 9639 次操作

2024-08-03 00:46:00 开始操作号码 【1549520】
2024-08-03 00:46:08 GSD getOne 第 1 次 等待 3 秒
2024-08-03 00:46:11 查询号码 【1549520】，返回信息 {"status":"ok","msg":"-","gid":"676568","time_insert":"2023-04-25 14:23"}
2024-08-03 00:46:11 查询号码 【1549520】，GSD为【"-"】
2024-08-03 00:46:11 ok && -
2024-08-03 00:46:14 CHB 1549520?1722617171 第 1 次 等待 3 秒
2024-08-03 00:46:17 CHB 1549520?1722617171 第 1 次 获取到号码【1549520】GSD
2024-08-03 00:46:17 未获取到号码【1549520】GSD，可能号码格式错误
2024-08-03 00:46:17 获取到号码【1549520】的GSD为【-】
2024-08-03 00:46:25 GSD insert 第 1 次 等待 3 秒
2024-08-03 00:46:28 {"status":"bad","gid":"676568","msg":"添加失败！号码【1549520(-|-)】已存在！"}
2024-08-03 00:46:28 随机等待 136 秒，约 2 分钟
2024-08-03 00:46:28 下次操作: 2024-08-03 00:48:44

2024-08-03 00:48:44 开始第 9640 次操作

2024-08-03 00:48:44 开始操作号码 【1549521】
2024-08-03 00:48:52 GSD getOne 第 1 次 等待 3 秒
2024-08-03 00:48:55 查询号码 【1549521】，返回信息 {"status":"ok","msg":"-","gid":"676567","time_insert":"2023-04-25 14:21"}
2024-08-03 00:48:55 查询号码 【1549521】，GSD为【"-"】
2024-08-03 00:48:55 ok && -
2024-08-03 00:48:57 CHB 1549521?1722617335 第 1 次 等待 3 秒
2024-08-03 00:49:00 CHB 1549521?1722617335 第 1 次 获取到号码【1549521】GSD
2024-08-03 00:49:00 未获取到号码【1549521】GSD，可能号码格式错误
2024-08-03 00:49:00 获取到号码【1549521】的GSD为【-】
2024-08-03 00:49:08 GSD insert 第 1 次 等待 3 秒
2024-08-03 00:49:11 {"status":"bad","gid":"676567","msg":"添加失败！号码【1549521(-|-)】已存在！"}

2024-08-03 01:08:36 开始第 9641 次操作

2024-08-03 01:08:36 开始操作号码 【1549522】
2024-08-03 01:08:46 GSD getOne 第 1 次 等待 3 秒
2024-08-03 01:08:49 查询号码 【1549522】，返回信息 {"status":"ok","msg":"-","gid":"676562","time_insert":"2023-04-25 14:19"}
2024-08-03 01:08:49 查询号码 【1549522】，GSD为【"-"】
2024-08-03 01:08:49 ok && -
2024-08-03 01:08:51 CHB 1549522?1722618529 第 1 次 等待 3 秒
2024-08-03 01:08:54 CHB 1549522?1722618529 第 1 次 获取到号码【1549522】GSD
2024-08-03 01:08:54 未获取到号码【1549522】GSD，可能号码格式错误
2024-08-03 01:08:54 获取到号码【1549522】的GSD为【-】
2024-08-03 01:09:03 GSD insert 第 1 次 等待 3 秒
2024-08-03 01:09:06 {"status":"bad","gid":"676562","msg":"添加失败！号码【1549522(-|-)】已存在！"}
2024-08-03 01:09:06 随机等待 184 秒，约 3 分钟
2024-08-03 01:09:06 下次操作: 2024-08-03 01:12:10

2024-08-03 01:12:10 开始第 9642 次操作

2024-08-03 01:12:11 开始操作号码 【1549523】
2024-08-03 01:12:19 GSD getOne 第 1 次 等待 3 秒
2024-08-03 01:12:22 查询号码 【1549523】，返回信息 {"status":"ok","msg":"-","gid":"676558","time_insert":"2023-04-25 14:17"}
2024-08-03 01:12:22 查询号码 【1549523】，GSD为【"-"】
2024-08-03 01:12:22 ok && -
2024-08-03 01:12:24 CHB 1549523?1722618742 第 1 次 等待 3 秒
2024-08-03 01:12:27 CHB 1549523?1722618742 第 1 次 获取到号码【1549523】GSD
2024-08-03 01:12:27 未获取到号码【1549523】GSD，可能号码格式错误
2024-08-03 01:12:27 获取到号码【1549523】的GSD为【-】
2024-08-03 01:12:36 GSD insert 第 1 次 等待 3 秒
2024-08-03 01:12:39 {"status":"bad","gid":"676558","msg":"添加失败！号码【1549523(-|-)】已存在！"}
2024-08-03 01:12:39 随机等待 211 秒，约 3 分钟
2024-08-03 01:12:39 下次操作: 2024-08-03 01:16:10

2024-08-03 01:16:10 开始第 9643 次操作

2024-08-03 01:16:10 开始操作号码 【1549524】
2024-08-03 01:16:19 GSD getOne 第 1 次 等待 3 秒
2024-08-03 01:16:22 查询号码 【1549524】，返回信息 {"status":"ok","msg":"-","gid":"676545","time_insert":"2023-04-25 14:03"}
2024-08-03 01:16:22 查询号码 【1549524】，GSD为【"-"】
2024-08-03 01:16:22 ok && -
2024-08-03 01:16:24 CHB 1549524?1722618982 第 1 次 等待 3 秒
2024-08-03 01:16:27 CHB 1549524?1722618982 第 1 次 获取到号码【1549524】GSD
2024-08-03 01:16:27 未获取到号码【1549524】GSD，可能号码格式错误
2024-08-03 01:16:27 获取到号码【1549524】的GSD为【-】
2024-08-03 01:16:36 GSD insert 第 1 次 等待 3 秒
2024-08-03 01:16:39 {"status":"bad","gid":"676545","msg":"添加失败！号码【1549524(-|-)】已存在！"}
2024-08-03 01:16:39 随机等待 195 秒，约 3 分钟
2024-08-03 01:16:39 下次操作: 2024-08-03 01:19:54

2024-08-03 01:19:54 开始第 9644 次操作

2024-08-03 01:19:54 开始操作号码 【1549525】
2024-08-03 01:20:02 GSD getOne 第 1 次 等待 3 秒
2024-08-03 01:20:05 查询号码 【1549525】，返回信息 {"status":"ok","msg":"-","gid":"676540","time_insert":"2023-04-25 14:00"}
2024-08-03 01:20:05 查询号码 【1549525】，GSD为【"-"】
2024-08-03 01:20:05 ok && -
2024-08-03 01:20:08 CHB 1549525?1722619205 第 1 次 等待 3 秒
2024-08-03 01:20:11 CHB 1549525?1722619205 第 1 次 获取到号码【1549525】GSD
2024-08-03 01:20:11 未获取到号码【1549525】GSD，可能号码格式错误
2024-08-03 01:20:11 获取到号码【1549525】的GSD为【-】
2024-08-03 01:20:18 GSD insert 第 1 次 等待 3 秒
2024-08-03 01:20:21 {"status":"bad","gid":"676540","msg":"添加失败！号码【1549525(-|-)】已存在！"}

