2024-09-01 00:25:53 开始第 2113 次操作

2024-09-01 00:25:53 开始操作号码 【1432112】
2024-09-01 00:26:02 GSD getOne 第 1 次 等待 3 秒
2024-09-01 00:26:05 查询号码 【1432112】，返回信息 {"status":"ok","msg":"-","gid":"554256","time_insert":"2023-02-25 15:09"}
2024-09-01 00:26:05 查询号码 【1432112】，GSD为【"-"】
2024-09-01 00:26:05 ok && -
2024-09-01 00:26:09 CHB 1432112?1725121565 第 1 次 等待 3 秒
2024-09-01 00:26:12 CHB 1432112?1725121565 第 1 次 获取到号码【1432112】GSD
2024-09-01 00:26:12 未获取到号码【1432112】GSD，可能号码格式错误
2024-09-01 00:26:12 获取到号码【1432112】的GSD为【-】
2024-09-01 00:26:22 GSD insert 第 1 次 等待 3 秒
2024-09-01 00:26:25 {"status":"bad","gid":"554256","msg":"添加失败！号码【1432112(-|-)】已存在！"}
2024-09-01 00:26:25 随机等待 210 秒，约 3 分钟
2024-09-01 00:26:25 下次操作: 2024-09-01 00:29:55

2024-09-01 00:29:55 开始第 2114 次操作

2024-09-01 00:29:55 开始操作号码 【1432113】
2024-09-01 00:30:03 GSD getOne 第 1 次 等待 3 秒
2024-09-01 00:30:06 查询号码 【1432113】，返回信息 {"status":"ok","msg":"-","gid":"554274","time_insert":"2023-02-25 15:18"}
2024-09-01 00:30:06 查询号码 【1432113】，GSD为【"-"】
2024-09-01 00:30:06 ok && -
2024-09-01 00:30:08 CHB 1432113?1725121806 第 1 次 等待 3 秒
2024-09-01 00:30:11 CHB 1432113?1725121806 第 1 次 获取到号码【1432113】GSD
2024-09-01 00:30:11 未获取到号码【1432113】GSD，可能号码格式错误
2024-09-01 00:30:11 获取到号码【1432113】的GSD为【-】
2024-09-01 00:30:20 GSD insert 第 1 次 等待 3 秒
2024-09-01 00:30:23 {"status":"bad","gid":"554274","msg":"添加失败！号码【1432113(-|-)】已存在！"}
2024-09-01 00:30:23 随机等待 71 秒，约 1 分钟
2024-09-01 00:30:23 下次操作: 2024-09-01 00:31:34

2024-09-01 00:31:34 开始第 2115 次操作

2024-09-01 00:31:34 开始操作号码 【1432114】
2024-09-01 00:31:42 GSD getOne 第 1 次 等待 3 秒
2024-09-01 00:31:45 查询号码 【1432114】，返回信息 {"status":"ok","msg":"-","gid":"554297","time_insert":"2023-02-25 15:35"}
2024-09-01 00:31:45 查询号码 【1432114】，GSD为【"-"】
2024-09-01 00:31:45 ok && -
2024-09-01 00:31:48 CHB 1432114?1725121905 第 1 次 等待 3 秒
2024-09-01 00:31:51 CHB 1432114?1725121905 第 1 次 获取到号码【1432114】GSD
2024-09-01 00:31:51 未获取到号码【1432114】GSD，可能号码格式错误
2024-09-01 00:31:51 获取到号码【1432114】的GSD为【-】
2024-09-01 00:31:59 GSD insert 第 1 次 等待 3 秒
2024-09-01 00:32:02 {"status":"bad","gid":"554297","msg":"添加失败！号码【1432114(-|-)】已存在！"}
2024-09-01 00:32:02 随机等待 223 秒，约 3 分钟
2024-09-01 00:32:02 下次操作: 2024-09-01 00:35:45

2024-09-01 00:35:45 开始第 2116 次操作

2024-09-01 00:35:45 开始操作号码 【1432115】
2024-09-01 00:35:54 GSD getOne 第 1 次 等待 3 秒
2024-09-01 00:35:57 查询号码 【1432115】，返回信息 {"status":"ok","msg":"-","gid":"554325","time_insert":"2023-02-25 15:49"}
2024-09-01 00:35:57 查询号码 【1432115】，GSD为【"-"】
2024-09-01 00:35:57 ok && -
2024-09-01 00:35:59 CHB 1432115?1725122157 第 1 次 等待 3 秒
2024-09-01 00:36:02 CHB 1432115?1725122157 第 1 次 获取到号码【1432115】GSD
2024-09-01 00:36:02 未获取到号码【1432115】GSD，可能号码格式错误
2024-09-01 00:36:02 获取到号码【1432115】的GSD为【-】
2024-09-01 00:36:11 GSD insert 第 1 次 等待 3 秒
2024-09-01 00:36:14 {"status":"bad","gid":"554325","msg":"添加失败！号码【1432115(-|-)】已存在！"}

2024-09-01 00:44:08 开始第 2117 次操作

2024-09-01 00:44:08 开始操作号码 【1432116】
2024-09-01 00:44:19 GSD getOne 第 1 次 等待 3 秒
2024-09-01 00:44:22 查询号码 【1432116】，返回信息 {"status":"ok","msg":"-","gid":"554354","time_insert":"2023-02-25 16:06"}
2024-09-01 00:44:22 查询号码 【1432116】，GSD为【"-"】
2024-09-01 00:44:22 ok && -
2024-09-01 00:44:24 CHB 1432116?1725122662 第 1 次 等待 3 秒
2024-09-01 00:44:27 CHB 1432116?1725122662 第 1 次 获取到号码【1432116】GSD
2024-09-01 00:44:27 未获取到号码【1432116】GSD，可能号码格式错误
2024-09-01 00:44:27 获取到号码【1432116】的GSD为【-】
2024-09-01 00:44:36 GSD insert 第 1 次 等待 3 秒
2024-09-01 00:44:39 {"status":"bad","gid":"554354","msg":"添加失败！号码【1432116(-|-)】已存在！"}
2024-09-01 00:44:39 随机等待 147 秒，约 2 分钟
2024-09-01 00:44:39 下次操作: 2024-09-01 00:47:06

2024-09-01 00:47:06 开始第 2118 次操作

2024-09-01 00:47:06 开始操作号码 【1432117】
2024-09-01 00:47:14 GSD getOne 第 1 次 等待 3 秒
2024-09-01 00:47:17 查询号码 【1432117】，返回信息 {"status":"ok","msg":"-","gid":"554368","time_insert":"2023-02-25 16:15"}
2024-09-01 00:47:17 查询号码 【1432117】，GSD为【"-"】
2024-09-01 00:47:17 ok && -
2024-09-01 00:47:19 CHB 1432117?1725122837 第 1 次 等待 3 秒
2024-09-01 00:47:22 CHB 1432117?1725122837 第 1 次 获取到号码【1432117】GSD
2024-09-01 00:47:22 未获取到号码【1432117】GSD，可能号码格式错误
2024-09-01 00:47:22 获取到号码【1432117】的GSD为【-】
2024-09-01 00:47:30 GSD insert 第 1 次 等待 3 秒
2024-09-01 00:47:33 {"status":"bad","gid":"554368","msg":"添加失败！号码【1432117(-|-)】已存在！"}
2024-09-01 00:47:33 随机等待 141 秒，约 2 分钟
2024-09-01 00:47:33 下次操作: 2024-09-01 00:49:54

2024-09-01 00:49:54 开始第 2119 次操作

2024-09-01 00:49:54 开始操作号码 【1432118】
2024-09-01 00:50:03 GSD getOne 第 1 次 等待 3 秒
2024-09-01 00:50:06 查询号码 【1432118】，返回信息 {"status":"ok","msg":"-","gid":"554382","time_insert":"2023-02-25 16:27"}
2024-09-01 00:50:06 查询号码 【1432118】，GSD为【"-"】
2024-09-01 00:50:06 ok && -
2024-09-01 00:50:08 CHB 1432118?1725123006 第 1 次 等待 3 秒
2024-09-01 00:50:11 CHB 1432118?1725123006 第 1 次 获取到号码【1432118】GSD
2024-09-01 00:50:11 未获取到号码【1432118】GSD，可能号码格式错误
2024-09-01 00:50:11 获取到号码【1432118】的GSD为【-】
2024-09-01 00:50:19 GSD insert 第 1 次 等待 3 秒
2024-09-01 00:50:22 {"status":"bad","gid":"554382","msg":"添加失败！号码【1432118(-|-)】已存在！"}
2024-09-01 00:50:22 随机等待 231 秒，约 3 分钟
2024-09-01 00:50:22 下次操作: 2024-09-01 00:54:13

2024-09-01 00:54:13 开始第 2120 次操作

2024-09-01 00:54:13 开始操作号码 【1432119】
2024-09-01 00:54:21 GSD getOne 第 1 次 等待 3 秒
2024-09-01 00:54:24 查询号码 【1432119】，返回信息 {"status":"ok","msg":"-","gid":"554403","time_insert":"2023-02-25 16:39"}
2024-09-01 00:54:24 查询号码 【1432119】，GSD为【"-"】
2024-09-01 00:54:24 ok && -
2024-09-01 00:54:26 CHB 1432119?1725123264 第 1 次 等待 3 秒
2024-09-01 00:54:29 CHB 1432119?1725123264 第 1 次 获取到号码【1432119】GSD
2024-09-01 00:54:29 未获取到号码【1432119】GSD，可能号码格式错误
2024-09-01 00:54:29 获取到号码【1432119】的GSD为【-】
2024-09-01 00:54:38 GSD insert 第 1 次 等待 3 秒
2024-09-01 00:54:41 {"status":"bad","gid":"554403","msg":"添加失败！号码【1432119(-|-)】已存在！"}

