2023-11-14 00:09:50 开始第 8713 次操作

2023-11-14 00:09:50 开始操作号码 【1978612】
2023-11-14 00:09:54 GSD getOne 第 1 次 等待 3 秒
2023-11-14 00:09:57 查询号码 【1978612】，返回信息 {"status":"ok","msg":"-","gid":"588365","time_insert":"2023-03-13 16:58"}
2023-11-14 00:09:57 查询号码 【1978612】，GSD为【"-"】
2023-11-14 00:09:57 ok && -
2023-11-14 00:10:00 CHB 1978612?1699891797 第 1 次 等待 3 秒
2023-11-14 00:10:03 CHB 1978612?1699891797 第 1 次 获取到号码【1978612】GSD
2023-11-14 00:10:03 未获取到号码【1978612】GSD，可能号码格式错误
2023-11-14 00:10:03 获取到号码【1978612】的GSD为【-】
2023-11-14 00:10:07 GSD insert 第 1 次 等待 3 秒
2023-11-14 00:10:10 {"status":"bad","gid":"588365","msg":"添加失败！号码【1978612(-|-)】已存在！"}
2023-11-14 00:10:10 随机等待 139 秒，约 2 分钟
2023-11-14 00:10:10 下次操作: 2023-11-14 00:12:29

2023-11-14 00:12:29 开始第 8714 次操作

2023-11-14 00:12:29 开始操作号码 【1978613】
2023-11-14 00:12:33 GSD getOne 第 1 次 等待 3 秒
2023-11-14 00:12:36 查询号码 【1978613】，返回信息 {"status":"ok","msg":"-","gid":"588367","time_insert":"2023-03-13 17:00"}
2023-11-14 00:12:36 查询号码 【1978613】，GSD为【"-"】
2023-11-14 00:12:36 ok && -
2023-11-14 00:12:39 CHB 1978613?1699891956 第 1 次 等待 3 秒
2023-11-14 00:12:42 CHB 1978613?1699891956 第 1 次 获取到号码【1978613】GSD
2023-11-14 00:12:42 未获取到号码【1978613】GSD，可能号码格式错误
2023-11-14 00:12:42 获取到号码【1978613】的GSD为【-】
2023-11-14 00:12:45 GSD insert 第 1 次 等待 3 秒
2023-11-14 00:12:48 {"status":"bad","gid":"588367","msg":"添加失败！号码【1978613(-|-)】已存在！"}
2023-11-14 00:12:48 随机等待 95 秒，约 1 分钟
2023-11-14 00:12:48 下次操作: 2023-11-14 00:14:23

2023-11-14 00:14:23 开始第 8715 次操作

2023-11-14 00:14:23 开始操作号码 【1978614】
2023-11-14 00:14:26 GSD getOne 第 1 次 等待 3 秒
2023-11-14 00:14:29 查询号码 【1978614】，返回信息 {"status":"ok","msg":"-","gid":"588382","time_insert":"2023-03-13 17:13"}
2023-11-14 00:14:29 查询号码 【1978614】，GSD为【"-"】
2023-11-14 00:14:29 ok && -
2023-11-14 00:14:31 CHB 1978614?1699892069 第 1 次 等待 3 秒
2023-11-14 00:14:34 CHB 1978614?1699892069 第 1 次 获取到号码【1978614】GSD
2023-11-14 00:14:34 未获取到号码【1978614】GSD，可能号码格式错误
2023-11-14 00:14:34 获取到号码【1978614】的GSD为【-】
2023-11-14 00:14:38 GSD insert 第 1 次 等待 3 秒
2023-11-14 00:14:41 {"status":"bad","gid":"588382","msg":"添加失败！号码【1978614(-|-)】已存在！"}
2023-11-14 00:14:41 随机等待 229 秒，约 3 分钟
2023-11-14 00:14:41 下次操作: 2023-11-14 00:18:30

2023-11-14 00:18:30 开始第 8716 次操作

2023-11-14 00:18:30 开始操作号码 【1978615】
2023-11-14 00:18:34 GSD getOne 第 1 次 等待 3 秒
2023-11-14 00:18:37 查询号码 【1978615】，返回信息 {"status":"ok","msg":"-","gid":"588387","time_insert":"2023-03-13 17:16"}
2023-11-14 00:18:37 查询号码 【1978615】，GSD为【"-"】
2023-11-14 00:18:37 ok && -
2023-11-14 00:18:39 CHB 1978615?1699892317 第 1 次 等待 3 秒
2023-11-14 00:18:42 CHB 1978615?1699892317 第 1 次 获取到号码【1978615】GSD
2023-11-14 00:18:42 未获取到号码【1978615】GSD，可能号码格式错误
2023-11-14 00:18:42 获取到号码【1978615】的GSD为【-】
2023-11-14 00:19:33 GSD insert 第 1 次 等待 3 秒
2023-11-14 00:19:36 {"status":"bad","gid":"588387","msg":"添加失败！号码【1978615(-|-)】已存在！"}

