2021-07-02 00:00:16 开始第 8 次操作

2021-07-02 00:00:16 开始操作号码 【1753505】
2021-07-02 00:00:26 GSD getOne 第 1 次 等待 1 秒
2021-07-02 00:00:27 查询号码 【1753505】，返回信息 {"status":"bad","msg":""}
2021-07-02 00:00:27 查询号码 【1753505】，GSD为【""】
2021-07-02 00:00:27 bad
2021-07-02 00:00:28 CHB 1753505?1625155227 第 1 次 等待 1 秒
2021-07-02 00:00:29 CHB 1753505?1625155227 第 1 次 获取到号码【1753505】GSD
2021-07-02 00:00:29 获取到号码【1753505】的GSD为【山西-忻州】
2021-07-02 00:00:49 GSD insert 第 1 次 等待 1 秒
2021-07-02 00:00:50 {"status":"ok","msg":"添加成功！170098"}
2021-07-02 00:00:50 下次操作: 2021-07-02 00:00:56

2021-07-02 00:00:56 开始第 9 次操作

2021-07-02 00:00:56 开始操作号码 【1753506】
2021-07-02 00:01:16 GSD getOne 第 1 次 等待 1 秒
2021-07-02 00:01:17 查询号码 【1753506】，返回信息 {"status":"bad","msg":""}
2021-07-02 00:01:17 查询号码 【1753506】，GSD为【""】
2021-07-02 00:01:17 bad
2021-07-02 00:01:18 CHB 1753506?1625155277 第 1 次 等待 1 秒
2021-07-02 00:01:19 CHB 1753506?1625155277 第 1 次 获取到号码【1753506】GSD
2021-07-02 00:01:19 获取到号码【1753506】的GSD为【山西-忻州】
2021-07-02 00:01:41 GSD insert 第 1 次 等待 1 秒
2021-07-02 00:01:42 {"status":"ok","msg":"添加成功！170108"}
2021-07-02 00:01:42 下次操作: 2021-07-02 00:01:56

2021-07-02 00:01:56 开始第 10 次操作

2021-07-02 00:01:56 开始操作号码 【1753507】
2021-07-02 00:02:01 GSD getOne 第 1 次 等待 1 秒
2021-07-02 00:02:02 查询号码 【1753507】，返回信息 {"status":"bad","msg":""}
2021-07-02 00:02:02 查询号码 【1753507】，GSD为【""】
2021-07-02 00:02:02 bad
2021-07-02 00:02:03 CHB 1753507?1625155322 第 1 次 等待 1 秒
2021-07-02 00:02:04 CHB 1753507?1625155322 第 1 次 获取到号码【1753507】GSD
2021-07-02 00:02:04 获取到号码【1753507】的GSD为【山西-忻州】
2021-07-02 00:02:23 GSD insert 第 1 次 等待 1 秒
2021-07-02 00:02:24 {"status":"ok","msg":"添加成功！170117"}
2021-07-02 00:02:24 下次操作: 2021-07-02 00:02:40

2021-07-02 00:02:40 开始第 11 次操作

2021-07-02 00:02:40 开始操作号码 【1753508】
2021-07-02 00:02:44 GSD getOne 第 1 次 等待 1 秒
2021-07-02 00:02:45 查询号码 【1753508】，返回信息 {"status":"bad","msg":""}
2021-07-02 00:02:45 查询号码 【1753508】，GSD为【""】
2021-07-02 00:02:45 bad
2021-07-02 00:02:47 CHB 1753508?1625155365 第 1 次 等待 1 秒
2021-07-02 00:02:48 CHB 1753508?1625155365 第 1 次 获取到号码【1753508】GSD
2021-07-02 00:02:48 获取到号码【1753508】的GSD为【山西-忻州】
2021-07-02 00:03:07 GSD insert 第 1 次 等待 1 秒
2021-07-02 00:03:08 {"status":"ok","msg":"添加成功！170124"}
2021-07-02 00:03:08 下次操作: 2021-07-02 00:03:20

2021-07-02 00:03:20 开始第 12 次操作

2021-07-02 00:03:20 开始操作号码 【1753509】
2021-07-02 00:03:27 GSD getOne 第 1 次 等待 1 秒
2021-07-02 00:03:28 查询号码 【1753509】，返回信息 {"status":"bad","msg":""}
2021-07-02 00:03:28 查询号码 【1753509】，GSD为【""】
2021-07-02 00:03:28 bad
2021-07-02 00:03:30 CHB 1753509?1625155408 第 1 次 等待 1 秒
2021-07-02 00:03:31 CHB 1753509?1625155408 第 1 次 获取到号码【1753509】GSD
2021-07-02 00:03:31 获取到号码【1753509】的GSD为【山西-忻州】
2021-07-02 00:03:53 GSD insert 第 1 次 等待 1 秒
2021-07-02 00:03:54 {"status":"ok","msg":"添加成功！170132"}
2021-07-02 00:03:54 下次操作: 2021-07-02 00:04:10

2021-07-02 00:04:10 开始第 13 次操作

2021-07-02 00:04:10 开始操作号码 【1753510】
2021-07-02 00:04:14 GSD getOne 第 1 次 等待 1 秒
2021-07-02 00:04:15 查询号码 【1753510】，返回信息 {"status":"ok","msg":"山西-太原","time_insert":"2020-12-23 09:50"}
2021-07-02 00:04:16 查询号码 【1753510】，GSD为【"山西-太原"】

2021-07-02 00:04:16 开始第 13 次操作

2021-07-02 00:04:16 开始操作号码 【1753511】
2021-07-02 00:04:35 GSD getOne 第 1 次 等待 1 秒
2021-07-02 00:04:36 查询号码 【1753511】，返回信息 {"status":"bad","msg":""}
2021-07-02 00:04:36 查询号码 【1753511】，GSD为【""】
2021-07-02 00:04:36 bad
2021-07-02 00:04:38 CHB 1753511?1625155476 第 1 次 等待 1 秒
2021-07-02 00:04:39 CHB 1753511?1625155476 第 1 次 获取到号码【1753511】GSD
2021-07-02 00:04:39 获取到号码【1753511】的GSD为【山西-太原】
2021-07-02 00:04:58 GSD insert 第 1 次 等待 1 秒
2021-07-02 00:04:59 {"status":"ok","msg":"添加成功！170141"}
2021-07-02 00:04:59 下次操作: 2021-07-02 00:05:13

2021-07-02 00:05:13 开始第 14 次操作

2021-07-02 00:05:13 开始操作号码 【1753512】
2021-07-02 00:05:17 GSD getOne 第 1 次 等待 1 秒
2021-07-02 00:05:18 查询号码 【1753512】，返回信息 {"status":"bad","msg":""}
2021-07-02 00:05:18 查询号码 【1753512】，GSD为【""】
2021-07-02 00:05:18 bad
2021-07-02 00:05:20 CHB 1753512?1625155518 第 1 次 等待 1 秒
2021-07-02 00:05:21 CHB 1753512?1625155518 第 1 次 获取到号码【1753512】GSD
2021-07-02 00:05:21 获取到号码【1753512】的GSD为【山西-太原】
2021-07-02 00:05:40 GSD insert 第 1 次 等待 1 秒
2021-07-02 00:05:41 {"status":"ok","msg":"添加成功！170151"}
2021-07-02 00:05:41 下次操作: 2021-07-02 00:05:50

2021-07-02 00:05:50 开始第 15 次操作

2021-07-02 00:05:50 开始操作号码 【1753513】
2021-07-02 00:06:00 GSD getOne 第 1 次 等待 1 秒
2021-07-02 00:06:01 查询号码 【1753513】，返回信息 {"status":"bad","msg":""}
2021-07-02 00:06:02 查询号码 【1753513】，GSD为【""】
2021-07-02 00:06:02 bad
2021-07-02 00:06:03 CHB 1753513?1625155562 第 1 次 等待 1 秒
2021-07-02 00:06:04 CHB 1753513?1625155562 第 1 次 获取到号码【1753513】GSD
2021-07-02 00:06:04 获取到号码【1753513】的GSD为【山西-太原】
2021-07-02 00:06:23 GSD insert 第 1 次 等待 1 秒
2021-07-02 00:06:24 {"status":"ok","msg":"添加成功！170157"}
2021-07-02 00:06:24 下次操作: 2021-07-02 00:06:38

2021-07-02 00:06:38 开始第 16 次操作

2021-07-02 00:06:38 开始操作号码 【1753514】
2021-07-02 00:06:49 GSD getOne 第 1 次 等待 1 秒
2021-07-02 00:06:50 查询号码 【1753514】，返回信息 {"status":"bad","msg":""}
2021-07-02 00:06:51 查询号码 【1753514】，GSD为【""】
2021-07-02 00:06:51 bad
2021-07-02 00:06:52 CHB 1753514?1625155611 第 1 次 等待 1 秒
2021-07-02 00:06:53 CHB 1753514?1625155611 第 1 次 获取到号码【1753514】GSD
2021-07-02 00:06:53 获取到号码【1753514】的GSD为【山西-太原】
2021-07-02 00:07:12 GSD insert 第 1 次 等待 1 秒
2021-07-02 00:07:13 {"status":"ok","msg":"添加成功！170164"}
2021-07-02 00:07:13 下次操作: 2021-07-02 00:07:19

2021-07-02 00:07:19 开始第 17 次操作

2021-07-02 00:07:19 开始操作号码 【1753515】
2021-07-02 00:07:41 GSD getOne 第 1 次 等待 1 秒
2021-07-02 00:07:42 查询号码 【1753515】，返回信息 {"status":"bad","msg":""}
2021-07-02 00:07:42 查询号码 【1753515】，GSD为【""】
2021-07-02 00:07:42 bad
2021-07-02 00:07:43 CHB 1753515?1625155662 第 1 次 等待 1 秒
2021-07-02 00:07:44 CHB 1753515?1625155662 第 1 次 获取到号码【1753515】GSD
2021-07-02 00:07:44 获取到号码【1753515】的GSD为【山西-太原】
2021-07-02 00:08:03 GSD insert 第 1 次 等待 1 秒
2021-07-02 00:08:04 {"status":"ok","msg":"添加成功！170171"}
2021-07-02 00:08:04 下次操作: 2021-07-02 00:08:19

2021-07-02 00:08:19 开始第 18 次操作

2021-07-02 00:08:19 开始操作号码 【1753516】
2021-07-02 00:08:22 GSD getOne 第 1 次 等待 1 秒
2021-07-02 00:08:23 查询号码 【1753516】，返回信息 {"status":"bad","msg":""}
2021-07-02 00:08:23 查询号码 【1753516】，GSD为【""】
2021-07-02 00:08:23 bad
2021-07-02 00:08:25 CHB 1753516?1625155703 第 1 次 等待 1 秒
2021-07-02 00:08:26 CHB 1753516?1625155703 第 1 次 获取到号码【1753516】GSD
2021-07-02 00:08:26 获取到号码【1753516】的GSD为【山西-太原】
2021-07-02 00:08:45 GSD insert 第 1 次 等待 1 秒
2021-07-02 00:08:46 {"status":"ok","msg":"添加成功！170180"}
2021-07-02 00:08:46 下次操作: 2021-07-02 00:08:56

2021-07-02 00:08:56 开始第 19 次操作

2021-07-02 00:08:56 开始操作号码 【1753517】
2021-07-02 00:09:07 GSD getOne 第 1 次 等待 1 秒
2021-07-02 00:09:08 查询号码 【1753517】，返回信息 {"status":"bad","msg":""}
2021-07-02 00:09:08 查询号码 【1753517】，GSD为【""】
2021-07-02 00:09:08 bad
2021-07-02 00:09:10 CHB 1753517?1625155748 第 1 次 等待 1 秒
2021-07-02 00:09:11 CHB 1753517?1625155748 第 1 次 获取到号码【1753517】GSD
2021-07-02 00:09:11 获取到号码【1753517】的GSD为【山西-太原】
2021-07-02 00:09:30 GSD insert 第 1 次 等待 1 秒
2021-07-02 00:09:31 {"status":"ok","msg":"添加成功！170187"}
2021-07-02 00:09:31 下次操作: 2021-07-02 00:09:40

2021-07-02 00:09:40 开始第 20 次操作

2021-07-02 00:09:40 开始操作号码 【1753518】
2021-07-02 00:09:55 GSD getOne 第 1 次 等待 1 秒
2021-07-02 00:09:56 查询号码 【1753518】，返回信息 {"status":"bad","msg":""}
2021-07-02 00:09:56 查询号码 【1753518】，GSD为【""】
2021-07-02 00:09:56 bad
2021-07-02 00:09:58 CHB 1753518?1625155796 第 1 次 等待 1 秒
2021-07-02 00:09:59 CHB 1753518?1625155796 第 1 次 获取到号码【1753518】GSD
2021-07-02 00:09:59 获取到号码【1753518】的GSD为【山西-太原】
2021-07-02 00:10:18 GSD insert 第 1 次 等待 1 秒
2021-07-02 00:10:19 {"status":"ok","msg":"添加成功！170192"}
2021-07-02 00:10:19 下次操作: 2021-07-02 00:10:31

2021-07-02 00:10:31 开始第 21 次操作

2021-07-02 00:10:31 开始操作号码 【1753519】
2021-07-02 00:10:38 GSD getOne 第 1 次 等待 1 秒
2021-07-02 00:10:39 查询号码 【1753519】，返回信息 {"status":"bad","msg":""}
2021-07-02 00:10:39 查询号码 【1753519】，GSD为【""】
2021-07-02 00:10:39 bad
2021-07-02 00:10:40 CHB 1753519?1625155839 第 1 次 等待 1 秒
2021-07-02 00:10:41 CHB 1753519?1625155839 第 1 次 获取到号码【1753519】GSD
2021-07-02 00:10:41 获取到号码【1753519】的GSD为【山西-太原】
2021-07-02 00:11:00 GSD insert 第 1 次 等待 1 秒
2021-07-02 00:11:01 {"status":"ok","msg":"添加成功！170200"}
2021-07-02 00:11:01 下次操作: 2021-07-02 00:11:17

2021-07-02 00:11:17 开始第 22 次操作

2021-07-02 00:11:17 开始操作号码 【1753520】
2021-07-02 00:11:21 GSD getOne 第 1 次 等待 1 秒
2021-07-02 00:11:22 查询号码 【1753520】，返回信息 {"status":"ok","msg":"山西-大同","time_insert":"2018-03-23 13:32","time_update":"2020-08-19 13:52"}
2021-07-02 00:11:22 查询号码 【1753520】，GSD为【"山西-大同"】

2021-07-02 00:11:22 开始第 22 次操作

2021-07-02 00:11:22 开始操作号码 【1753521】
2021-07-02 00:11:42 GSD getOne 第 1 次 等待 1 秒
2021-07-02 00:11:43 查询号码 【1753521】，返回信息 {"status":"bad","msg":""}
2021-07-02 00:11:43 查询号码 【1753521】，GSD为【""】
2021-07-02 00:11:43 bad
2021-07-02 00:11:45 CHB 1753521?1625155903 第 1 次 等待 1 秒
2021-07-02 00:11:46 CHB 1753521?1625155903 第 1 次 获取到号码【1753521】GSD
2021-07-02 00:11:46 获取到号码【1753521】的GSD为【山西-大同】
2021-07-02 00:12:07 GSD insert 第 1 次 等待 1 秒
2021-07-02 00:12:08 {"status":"ok","msg":"添加成功！170207"}
2021-07-02 00:12:08 下次操作: 2021-07-02 00:12:26

2021-07-02 00:12:26 开始第 23 次操作

2021-07-02 00:12:26 开始操作号码 【1753522】
2021-07-02 00:12:30 GSD getOne 第 1 次 等待 1 秒
2021-07-02 00:12:31 查询号码 【1753522】，返回信息 {"status":"bad","msg":""}
2021-07-02 00:12:31 查询号码 【1753522】，GSD为【""】
2021-07-02 00:12:31 bad
2021-07-02 00:12:33 CHB 1753522?1625155951 第 1 次 等待 1 秒
2021-07-02 00:12:34 CHB 1753522?1625155951 第 1 次 获取到号码【1753522】GSD
2021-07-02 00:12:34 获取到号码【1753522】的GSD为【山西-大同】
2021-07-02 00:12:53 GSD insert 第 1 次 等待 1 秒
2021-07-02 00:12:54 {"status":"ok","msg":"添加成功！170216"}
2021-07-02 00:12:54 下次操作: 2021-07-02 00:13:12

2021-07-02 00:13:12 开始第 24 次操作

2021-07-02 00:13:12 开始操作号码 【1753523】
2021-07-02 00:13:16 GSD getOne 第 1 次 等待 1 秒
2021-07-02 00:13:17 查询号码 【1753523】，返回信息 {"status":"bad","msg":""}
2021-07-02 00:13:17 查询号码 【1753523】，GSD为【""】
2021-07-02 00:13:17 bad
2021-07-02 00:13:20 CHB 1753523?1625155997 第 1 次 等待 1 秒
2021-07-02 00:13:21 CHB 1753523?1625155997 第 1 次 获取到号码【1753523】GSD
2021-07-02 00:13:21 获取到号码【1753523】的GSD为【山西-大同】
2021-07-02 00:13:43 GSD insert 第 1 次 等待 1 秒
2021-07-02 00:13:44 {"status":"ok","msg":"添加成功！170224"}
2021-07-02 00:13:44 下次操作: 2021-07-02 00:14:01

2021-07-02 00:14:01 开始第 25 次操作

2021-07-02 00:14:01 开始操作号码 【1753524】
2021-07-02 00:14:08 GSD getOne 第 1 次 等待 1 秒
2021-07-02 00:14:09 查询号码 【1753524】，返回信息 {"status":"bad","msg":""}
2021-07-02 00:14:09 查询号码 【1753524】，GSD为【""】
2021-07-02 00:14:09 bad
2021-07-02 00:14:11 CHB 1753524?1625156049 第 1 次 等待 1 秒
2021-07-02 00:14:12 CHB 1753524?1625156049 第 1 次 获取到号码【1753524】GSD
2021-07-02 00:14:12 获取到号码【1753524】的GSD为【山西-大同】
2021-07-02 00:14:35 GSD insert 第 1 次 等待 1 秒
2021-07-02 00:14:36 {"status":"ok","msg":"添加成功！170231"}
2021-07-02 00:14:36 下次操作: 2021-07-02 00:14:51

2021-07-02 00:14:51 开始第 26 次操作

2021-07-02 00:14:51 开始操作号码 【1753525】
2021-07-02 00:14:54 GSD getOne 第 1 次 等待 1 秒
2021-07-02 00:14:55 查询号码 【1753525】，返回信息 {"status":"bad","msg":""}
2021-07-02 00:14:55 查询号码 【1753525】，GSD为【""】
2021-07-02 00:14:55 bad
2021-07-02 00:14:57 CHB 1753525?1625156095 第 1 次 等待 1 秒
2021-07-02 00:14:58 CHB 1753525?1625156095 第 1 次 获取到号码【1753525】GSD
2021-07-02 00:14:58 获取到号码【1753525】的GSD为【山西-大同】
2021-07-02 00:15:17 GSD insert 第 1 次 等待 1 秒
2021-07-02 00:15:18 {"status":"ok","msg":"添加成功！170238"}
2021-07-02 00:15:18 下次操作: 2021-07-02 00:15:24

2021-07-02 00:15:24 开始第 27 次操作

2021-07-02 00:15:24 开始操作号码 【1753526】
2021-07-02 00:15:45 GSD getOne 第 1 次 等待 1 秒
2021-07-02 00:15:46 查询号码 【1753526】，返回信息 {"status":"bad","msg":""}
2021-07-02 00:15:46 查询号码 【1753526】，GSD为【""】
2021-07-02 00:15:46 bad
2021-07-02 00:15:48 CHB 1753526?1625156146 第 1 次 等待 1 秒
2021-07-02 00:15:49 CHB 1753526?1625156146 第 1 次 获取到号码【1753526】GSD
2021-07-02 00:15:49 获取到号码【1753526】的GSD为【山西-大同】
2021-07-02 00:16:08 GSD insert 第 1 次 等待 1 秒
2021-07-02 00:16:09 {"status":"ok","msg":"添加成功！170246"}
2021-07-02 00:16:09 下次操作: 2021-07-02 00:16:26

2021-07-02 00:16:26 开始第 28 次操作

2021-07-02 00:16:26 开始操作号码 【1753527】
2021-07-02 00:16:32 GSD getOne 第 1 次 等待 1 秒
2021-07-02 00:16:33 查询号码 【1753527】，返回信息 {"status":"bad","msg":""}
2021-07-02 00:16:34 查询号码 【1753527】，GSD为【""】
2021-07-02 00:16:34 bad
2021-07-02 00:16:35 CHB 1753527?1625156194 第 1 次 等待 1 秒
2021-07-02 00:16:36 CHB 1753527?1625156194 第 1 次 获取到号码【1753527】GSD
2021-07-02 00:16:36 获取到号码【1753527】的GSD为【山西-大同】
2021-07-02 00:16:55 GSD insert 第 1 次 等待 1 秒
2021-07-02 00:16:56 {"status":"ok","msg":"添加成功！170253"}
2021-07-02 00:16:56 下次操作: 2021-07-02 00:17:08

2021-07-02 00:17:08 开始第 29 次操作

2021-07-02 00:17:08 开始操作号码 【1753528】
2021-07-02 00:17:15 GSD getOne 第 1 次 等待 1 秒
2021-07-02 00:17:16 查询号码 【1753528】，返回信息 {"status":"bad","msg":""}
2021-07-02 00:17:16 查询号码 【1753528】，GSD为【""】
2021-07-02 00:17:16 bad
2021-07-02 00:17:17 CHB 1753528?1625156236 第 1 次 等待 1 秒
2021-07-02 00:17:18 CHB 1753528?1625156236 第 1 次 获取到号码【1753528】GSD
2021-07-02 00:17:18 获取到号码【1753528】的GSD为【山西-大同】
2021-07-02 00:17:37 GSD insert 第 1 次 等待 1 秒
2021-07-02 00:17:38 {"status":"ok","msg":"添加成功！170261"}
2021-07-02 00:17:38 下次操作: 2021-07-02 00:17:48

2021-07-02 00:17:48 开始第 30 次操作

2021-07-02 00:17:48 开始操作号码 【1753529】
2021-07-02 00:18:00 GSD getOne 第 1 次 等待 1 秒
2021-07-02 00:18:01 查询号码 【1753529】，返回信息 {"status":"bad","msg":""}
2021-07-02 00:18:01 查询号码 【1753529】，GSD为【""】
2021-07-02 00:18:01 bad
2021-07-02 00:18:02 CHB 1753529?1625156281 第 1 次 等待 1 秒
2021-07-02 00:18:03 CHB 1753529?1625156281 第 1 次 获取到号码【1753529】GSD
2021-07-02 00:18:03 获取到号码【1753529】的GSD为【山西-大同】
2021-07-02 00:18:22 GSD insert 第 1 次 等待 1 秒
2021-07-02 00:18:23 {"status":"ok","msg":"添加成功！170268"}

2021-07-02 01:39:45 开始第 1 次操作

2021-07-02 01:39:45 开始操作号码 【1753530】
2021-07-02 01:39:49 GSD getOne 第 1 次 等待 1 秒
2021-07-02 01:39:50 查询号码 【1753530】，返回信息 {"status":"bad","msg":""}
2021-07-02 01:39:50 查询号码 【1753530】，GSD为【""】
2021-07-02 01:39:50 bad
2021-07-02 01:39:52 CHB 1753530?1625161190 第 1 次 等待 1 秒
2021-07-02 01:39:53 CHB 1753530?1625161190 第 1 次 获取到号码【1753530】GSD
2021-07-02 01:39:53 获取到号码【1753530】的GSD为【山西-阳泉】
2021-07-02 01:40:12 GSD insert 第 1 次 等待 1 秒
2021-07-02 01:40:13 {"status":"ok","msg":"添加成功！170441"}
2021-07-02 01:40:13 下次操作: 2021-07-02 01:40:25

2021-07-02 01:40:25 开始第 2 次操作

2021-07-02 01:40:25 开始操作号码 【1753531】
2021-07-02 01:40:36 GSD getOne 第 1 次 等待 1 秒
2021-07-02 01:40:37 查询号码 【1753531】，返回信息 {"status":"bad","msg":""}
2021-07-02 01:40:37 查询号码 【1753531】，GSD为【""】
2021-07-02 01:40:37 bad
2021-07-02 01:40:38 CHB 1753531?1625161237 第 1 次 等待 1 秒
2021-07-02 01:40:39 CHB 1753531?1625161237 第 1 次 获取到号码【1753531】GSD
2021-07-02 01:40:39 获取到号码【1753531】的GSD为【山西-阳泉】
2021-07-02 01:40:59 GSD insert 第 1 次 等待 1 秒
2021-07-02 01:41:00 {"status":"ok","msg":"添加成功！170450"}
2021-07-02 01:41:00 下次操作: 2021-07-02 01:41:13

2021-07-02 01:41:13 开始第 3 次操作

2021-07-02 01:41:13 开始操作号码 【1753532】
2021-07-02 01:41:23 GSD getOne 第 1 次 等待 1 秒
2021-07-02 01:41:24 查询号码 【1753532】，返回信息 {"status":"bad","msg":""}
2021-07-02 01:41:24 查询号码 【1753532】，GSD为【""】
2021-07-02 01:41:24 bad
2021-07-02 01:41:26 CHB 1753532?1625161284 第 1 次 等待 1 秒
2021-07-02 01:41:27 CHB 1753532?1625161284 第 1 次 获取到号码【1753532】GSD
2021-07-02 01:41:27 获取到号码【1753532】的GSD为【山西-阳泉】
2021-07-02 01:41:49 GSD insert 第 1 次 等待 1 秒
2021-07-02 01:41:50 {"status":"ok","msg":"添加成功！170458"}
2021-07-02 01:41:50 下次操作: 2021-07-02 01:41:59

2021-07-02 01:41:59 开始第 4 次操作

2021-07-02 01:41:59 开始操作号码 【1753533】
2021-07-02 01:42:10 GSD getOne 第 1 次 等待 1 秒
2021-07-02 01:42:11 查询号码 【1753533】，返回信息 {"status":"bad","msg":""}
2021-07-02 01:42:11 查询号码 【1753533】，GSD为【""】
2021-07-02 01:42:11 bad
2021-07-02 01:42:12 CHB 1753533?1625161331 第 1 次 等待 1 秒
2021-07-02 01:42:13 CHB 1753533?1625161331 第 1 次 获取到号码【1753533】GSD
2021-07-02 01:42:13 获取到号码【1753533】的GSD为【山西-阳泉】
2021-07-02 01:42:32 GSD insert 第 1 次 等待 1 秒
2021-07-02 01:42:33 {"status":"ok","msg":"添加成功！170466"}
2021-07-02 01:42:33 下次操作: 2021-07-02 01:42:40

2021-07-02 01:42:40 开始第 5 次操作

2021-07-02 01:42:40 开始操作号码 【1753534】
2021-07-02 01:42:59 GSD getOne 第 1 次 等待 1 秒
2021-07-02 01:43:00 查询号码 【1753534】，返回信息 {"status":"bad","msg":""}
2021-07-02 01:43:00 查询号码 【1753534】，GSD为【""】
2021-07-02 01:43:00 bad
2021-07-02 01:43:01 CHB 1753534?1625161380 第 1 次 等待 1 秒
2021-07-02 01:43:02 CHB 1753534?1625161380 第 1 次 获取到号码【1753534】GSD
2021-07-02 01:43:02 获取到号码【1753534】的GSD为【山西-阳泉】
2021-07-02 01:43:21 GSD insert 第 1 次 等待 1 秒
2021-07-02 01:43:22 {"status":"ok","msg":"添加成功！170477"}
2021-07-02 01:43:22 下次操作: 2021-07-02 01:43:28

2021-07-02 01:43:28 开始第 6 次操作

2021-07-02 01:43:28 开始操作号码 【1753535】
2021-07-02 01:43:47 GSD getOne 第 1 次 等待 1 秒
2021-07-02 01:43:48 查询号码 【1753535】，返回信息 {"status":"bad","msg":""}
2021-07-02 01:43:48 查询号码 【1753535】，GSD为【""】
2021-07-02 01:43:48 bad
2021-07-02 01:43:50 CHB 1753535?1625161428 第 1 次 等待 1 秒
2021-07-02 01:43:51 CHB 1753535?1625161428 第 1 次 获取到号码【1753535】GSD
2021-07-02 01:43:51 获取到号码【1753535】的GSD为【山西-阳泉】
2021-07-02 01:44:10 GSD insert 第 1 次 等待 1 秒
2021-07-02 01:44:11 {"status":"ok","msg":"添加成功！170487"}
2021-07-02 01:44:11 下次操作: 2021-07-02 01:44:21

2021-07-02 01:44:21 开始第 7 次操作

2021-07-02 01:44:21 开始操作号码 【1753536】
2021-07-02 01:44:31 GSD getOne 第 1 次 等待 1 秒
2021-07-02 01:44:32 查询号码 【1753536】，返回信息 {"status":"bad","msg":""}
2021-07-02 01:44:33 查询号码 【1753536】，GSD为【""】
2021-07-02 01:44:33 bad
2021-07-02 01:44:34 CHB 1753536?1625161473 第 1 次 等待 1 秒
2021-07-02 01:44:35 CHB 1753536?1625161473 第 1 次 获取到号码【1753536】GSD
2021-07-02 01:44:35 获取到号码【1753536】的GSD为【山西-阳泉】
2021-07-02 01:44:54 GSD insert 第 1 次 等待 1 秒
2021-07-02 01:44:55 {"status":"ok","msg":"添加成功！170497"}
2021-07-02 01:44:55 下次操作: 2021-07-02 01:45:09

2021-07-02 01:45:09 开始第 8 次操作

2021-07-02 01:45:09 开始操作号码 【1753537】
2021-07-02 01:45:16 GSD getOne 第 1 次 等待 1 秒
2021-07-02 01:45:17 查询号码 【1753537】，返回信息 {"status":"bad","msg":""}
2021-07-02 01:45:17 查询号码 【1753537】，GSD为【""】
2021-07-02 01:45:17 bad
2021-07-02 01:45:18 CHB 1753537?1625161517 第 1 次 等待 1 秒
2021-07-02 01:45:19 CHB 1753537?1625161517 第 1 次 获取到号码【1753537】GSD
2021-07-02 01:45:19 获取到号码【1753537】的GSD为【山西-阳泉】
2021-07-02 01:45:38 GSD insert 第 1 次 等待 1 秒
2021-07-02 01:45:39 {"status":"ok","msg":"添加成功！170507"}
2021-07-02 01:45:39 下次操作: 2021-07-02 01:45:53

2021-07-02 01:45:53 开始第 9 次操作

2021-07-02 01:45:53 开始操作号码 【1753538】
2021-07-02 01:46:00 GSD getOne 第 1 次 等待 1 秒
2021-07-02 01:46:01 查询号码 【1753538】，返回信息 {"status":"bad","msg":""}
2021-07-02 01:46:01 查询号码 【1753538】，GSD为【""】
2021-07-02 01:46:01 bad
2021-07-02 01:46:02 CHB 1753538?1625161561 第 1 次 等待 1 秒
2021-07-02 01:46:03 CHB 1753538?1625161561 第 1 次 获取到号码【1753538】GSD
2021-07-02 01:46:03 获取到号码【1753538】的GSD为【山西-阳泉】
2021-07-02 01:46:25 GSD insert 第 1 次 等待 1 秒
2021-07-02 01:46:26 {"status":"ok","msg":"添加成功！170518"}
2021-07-02 01:46:26 下次操作: 2021-07-02 01:46:32

2021-07-02 01:46:32 开始第 10 次操作

2021-07-02 01:46:32 开始操作号码 【1753539】
2021-07-02 01:46:51 GSD getOne 第 1 次 等待 1 秒
2021-07-02 01:46:52 查询号码 【1753539】，返回信息 {"status":"bad","msg":""}
2021-07-02 01:46:52 查询号码 【1753539】，GSD为【""】
2021-07-02 01:46:52 bad
2021-07-02 01:46:53 CHB 1753539?1625161612 第 1 次 等待 1 秒
2021-07-02 01:46:54 CHB 1753539?1625161612 第 1 次 获取到号码【1753539】GSD
2021-07-02 01:46:55 获取到号码【1753539】的GSD为【山西-阳泉】
2021-07-02 01:47:14 GSD insert 第 1 次 等待 1 秒
2021-07-02 01:47:15 {"status":"ok","msg":"添加成功！170529"}
2021-07-02 01:47:15 下次操作: 2021-07-02 01:47:29

2021-07-02 01:47:29 开始第 11 次操作

2021-07-02 01:47:29 开始操作号码 【1753540】
2021-07-02 01:47:35 GSD getOne 第 1 次 等待 1 秒
2021-07-02 01:47:36 查询号码 【1753540】，返回信息 {"status":"bad","msg":""}
2021-07-02 01:47:36 查询号码 【1753540】，GSD为【""】
2021-07-02 01:47:36 bad
2021-07-02 01:47:38 CHB 1753540?1625161656 第 1 次 等待 1 秒
2021-07-02 01:47:39 CHB 1753540?1625161656 第 1 次 获取到号码【1753540】GSD
2021-07-02 01:47:39 获取到号码【1753540】的GSD为【山西-晋中】
2021-07-02 01:47:58 GSD insert 第 1 次 等待 1 秒
2021-07-02 01:47:59 {"status":"ok","msg":"添加成功！170541"}
2021-07-02 01:47:59 下次操作: 2021-07-02 01:48:06

2021-07-02 01:48:06 开始第 12 次操作

2021-07-02 01:48:06 开始操作号码 【1753541】
2021-07-02 01:48:25 GSD getOne 第 1 次 等待 1 秒
2021-07-02 01:48:26 查询号码 【1753541】，返回信息 {"status":"bad","msg":""}
2021-07-02 01:48:26 查询号码 【1753541】，GSD为【""】
2021-07-02 01:48:26 bad
2021-07-02 01:48:27 CHB 1753541?1625161706 第 1 次 等待 1 秒
2021-07-02 01:48:28 CHB 1753541?1625161706 第 1 次 获取到号码【1753541】GSD
2021-07-02 01:48:28 获取到号码【1753541】的GSD为【山西-晋中】
2021-07-02 01:48:47 GSD insert 第 1 次 等待 1 秒
2021-07-02 01:48:48 {"status":"ok","msg":"添加成功！170554"}
2021-07-02 01:48:48 下次操作: 2021-07-02 01:48:59

2021-07-02 01:48:59 开始第 13 次操作

2021-07-02 01:48:59 开始操作号码 【1753542】
2021-07-02 01:49:10 GSD getOne 第 1 次 等待 1 秒
2021-07-02 01:49:11 查询号码 【1753542】，返回信息 {"status":"bad","msg":""}
2021-07-02 01:49:11 查询号码 【1753542】，GSD为【""】
2021-07-02 01:49:11 bad
2021-07-02 01:49:12 CHB 1753542?1625161751 第 1 次 等待 1 秒
2021-07-02 01:49:13 CHB 1753542?1625161751 第 1 次 获取到号码【1753542】GSD
2021-07-02 01:49:13 获取到号码【1753542】的GSD为【山西-晋中】
2021-07-02 01:49:32 GSD insert 第 1 次 等待 1 秒
2021-07-02 01:49:33 {"status":"ok","msg":"添加成功！170561"}
2021-07-02 01:49:33 下次操作: 2021-07-02 01:49:40

2021-07-02 01:49:40 开始第 14 次操作

2021-07-02 01:49:40 开始操作号码 【1753543】
2021-07-02 01:49:59 GSD getOne 第 1 次 等待 1 秒
2021-07-02 01:50:00 查询号码 【1753543】，返回信息 {"status":"bad","msg":""}
2021-07-02 01:50:00 查询号码 【1753543】，GSD为【""】
2021-07-02 01:50:00 bad
2021-07-02 01:50:01 CHB 1753543?1625161800 第 1 次 等待 1 秒
2021-07-02 01:50:02 CHB 1753543?1625161800 第 1 次 获取到号码【1753543】GSD
2021-07-02 01:50:02 获取到号码【1753543】的GSD为【山西-晋中】
2021-07-02 01:50:22 GSD insert 第 1 次 等待 1 秒
2021-07-02 01:50:23 {"status":"ok","msg":"添加成功！170573"}
2021-07-02 01:50:23 下次操作: 2021-07-02 01:50:32

2021-07-02 01:50:32 开始第 15 次操作

2021-07-02 01:50:32 开始操作号码 【1753544】
2021-07-02 01:50:43 GSD getOne 第 1 次 等待 1 秒
2021-07-02 01:50:44 查询号码 【1753544】，返回信息 {"status":"bad","msg":""}
2021-07-02 01:50:44 查询号码 【1753544】，GSD为【""】
2021-07-02 01:50:44 bad
2021-07-02 01:50:45 CHB 1753544?1625161844 第 1 次 等待 1 秒
2021-07-02 01:50:46 CHB 1753544?1625161844 第 1 次 获取到号码【1753544】GSD
2021-07-02 01:50:46 获取到号码【1753544】的GSD为【山西-晋中】
2021-07-02 01:51:08 GSD insert 第 1 次 等待 1 秒
2021-07-02 01:51:09 {"status":"ok","msg":"添加成功！170585"}
2021-07-02 01:51:09 下次操作: 2021-07-02 01:51:22

2021-07-02 01:51:22 开始第 16 次操作

2021-07-02 01:51:22 开始操作号码 【1753545】
2021-07-02 01:51:34 GSD getOne 第 1 次 等待 1 秒
2021-07-02 01:51:35 查询号码 【1753545】，返回信息 {"status":"bad","msg":""}
2021-07-02 01:51:35 查询号码 【1753545】，GSD为【""】
2021-07-02 01:51:35 bad
2021-07-02 01:51:36 CHB 1753545?1625161895 第 1 次 等待 1 秒
2021-07-02 01:51:37 CHB 1753545?1625161895 第 1 次 获取到号码【1753545】GSD
2021-07-02 01:51:37 获取到号码【1753545】的GSD为【山西-长治】
2021-07-02 01:51:56 GSD insert 第 1 次 等待 1 秒
2021-07-02 01:51:57 {"status":"ok","msg":"添加成功！170597"}
2021-07-02 01:51:57 下次操作: 2021-07-02 01:52:12

2021-07-02 01:52:12 开始第 17 次操作

2021-07-02 01:52:12 开始操作号码 【1753546】
2021-07-02 01:52:18 GSD getOne 第 1 次 等待 1 秒
2021-07-02 01:52:19 查询号码 【1753546】，返回信息 {"status":"bad","msg":""}
2021-07-02 01:52:20 查询号码 【1753546】，GSD为【""】
2021-07-02 01:52:20 bad
2021-07-02 01:52:21 CHB 1753546?1625161940 第 1 次 等待 1 秒
2021-07-02 01:52:22 CHB 1753546?1625161940 第 1 次 获取到号码【1753546】GSD
2021-07-02 01:52:22 获取到号码【1753546】的GSD为【山西-长治】
2021-07-02 01:52:41 GSD insert 第 1 次 等待 1 秒
2021-07-02 01:52:42 {"status":"ok","msg":"添加成功！170606"}
2021-07-02 01:52:42 下次操作: 2021-07-02 01:52:54

2021-07-02 01:52:54 开始第 18 次操作

2021-07-02 01:52:54 开始操作号码 【1753547】
2021-07-02 01:53:05 GSD getOne 第 1 次 等待 1 秒
2021-07-02 01:53:06 查询号码 【1753547】，返回信息 {"status":"bad","msg":""}
2021-07-02 01:53:06 查询号码 【1753547】，GSD为【""】
2021-07-02 01:53:06 bad
2021-07-02 01:53:07 CHB 1753547?1625161986 第 1 次 等待 1 秒
2021-07-02 01:53:08 CHB 1753547?1625161986 第 1 次 获取到号码【1753547】GSD
2021-07-02 01:53:08 获取到号码【1753547】的GSD为【山西-长治】
2021-07-02 01:53:27 GSD insert 第 1 次 等待 1 秒
2021-07-02 01:53:28 {"status":"ok","msg":"添加成功！170617"}
2021-07-02 01:53:28 下次操作: 2021-07-02 01:53:42

2021-07-02 01:53:42 开始第 19 次操作

2021-07-02 01:53:42 开始操作号码 【1753548】
2021-07-02 01:53:49 GSD getOne 第 1 次 等待 1 秒
2021-07-02 01:53:50 查询号码 【1753548】，返回信息 {"status":"bad","msg":""}
2021-07-02 01:53:50 查询号码 【1753548】，GSD为【""】
2021-07-02 01:53:50 bad
2021-07-02 01:53:51 CHB 1753548?1625162030 第 1 次 等待 1 秒
2021-07-02 01:53:52 CHB 1753548?1625162030 第 1 次 获取到号码【1753548】GSD
2021-07-02 01:53:52 获取到号码【1753548】的GSD为【山西-长治】
2021-07-02 01:54:11 GSD insert 第 1 次 等待 1 秒
2021-07-02 01:54:12 {"status":"ok","msg":"添加成功！170624"}
2021-07-02 01:54:12 下次操作: 2021-07-02 01:54:30

2021-07-02 01:54:30 开始第 20 次操作

2021-07-02 01:54:30 开始操作号码 【1753549】
2021-07-02 01:54:34 GSD getOne 第 1 次 等待 1 秒
2021-07-02 01:54:35 查询号码 【1753549】，返回信息 {"status":"bad","msg":""}
2021-07-02 01:54:35 查询号码 【1753549】，GSD为【""】
2021-07-02 01:54:35 bad
2021-07-02 01:54:37 CHB 1753549?1625162075 第 1 次 等待 1 秒
2021-07-02 01:54:38 CHB 1753549?1625162075 第 1 次 获取到号码【1753549】GSD
2021-07-02 01:54:38 获取到号码【1753549】的GSD为【山西-长治】
2021-07-02 01:54:57 GSD insert 第 1 次 等待 1 秒
2021-07-02 01:54:58 {"status":"ok","msg":"添加成功！170631"}
2021-07-02 01:54:58 下次操作: 2021-07-02 01:55:13

2021-07-02 01:55:13 开始第 21 次操作

2021-07-02 01:55:13 开始操作号码 【1753550】
2021-07-02 01:55:19 GSD getOne 第 1 次 等待 1 秒
2021-07-02 01:55:20 查询号码 【1753550】，返回信息 {"status":"bad","msg":""}
2021-07-02 01:55:20 查询号码 【1753550】，GSD为【""】
2021-07-02 01:55:20 bad
2021-07-02 01:55:22 CHB 1753550?1625162120 第 1 次 等待 1 秒
2021-07-02 01:55:23 CHB 1753550?1625162120 第 1 次 获取到号码【1753550】GSD
2021-07-02 01:55:23 获取到号码【1753550】的GSD为【山西-长治】
2021-07-02 01:55:42 GSD insert 第 1 次 等待 1 秒
2021-07-02 01:55:43 {"status":"ok","msg":"添加成功！170640"}
2021-07-02 01:55:43 下次操作: 2021-07-02 01:55:50

2021-07-02 01:55:50 开始第 22 次操作

2021-07-02 01:55:50 开始操作号码 【1753551】
2021-07-02 01:56:09 GSD getOne 第 1 次 等待 1 秒
2021-07-02 01:56:10 查询号码 【1753551】，返回信息 {"status":"bad","msg":""}
2021-07-02 01:56:10 查询号码 【1753551】，GSD为【""】
2021-07-02 01:56:10 bad
2021-07-02 01:56:11 CHB 1753551?1625162170 第 1 次 等待 1 秒
2021-07-02 01:56:12 CHB 1753551?1625162170 第 1 次 获取到号码【1753551】GSD
2021-07-02 01:56:12 获取到号码【1753551】的GSD为【山西-长治】
2021-07-02 01:56:31 GSD insert 第 1 次 等待 1 秒
2021-07-02 01:56:32 {"status":"ok","msg":"添加成功！170651"}
2021-07-02 01:56:32 下次操作: 2021-07-02 01:56:42

2021-07-02 01:56:42 开始第 23 次操作

2021-07-02 01:56:42 开始操作号码 【1753552】
2021-07-02 01:56:53 GSD getOne 第 1 次 等待 1 秒
2021-07-02 01:56:54 查询号码 【1753552】，返回信息 {"status":"bad","msg":""}
2021-07-02 01:56:54 查询号码 【1753552】，GSD为【""】
2021-07-02 01:56:54 bad
2021-07-02 01:56:55 CHB 1753552?1625162214 第 1 次 等待 1 秒
2021-07-02 01:56:56 CHB 1753552?1625162214 第 1 次 获取到号码【1753552】GSD
2021-07-02 01:56:56 获取到号码【1753552】的GSD为【山西-长治】
2021-07-02 01:57:15 GSD insert 第 1 次 等待 1 秒
2021-07-02 01:57:16 {"status":"ok","msg":"添加成功！170658"}
2021-07-02 01:57:16 下次操作: 2021-07-02 01:57:27

2021-07-02 01:57:27 开始第 24 次操作

2021-07-02 01:57:27 开始操作号码 【1753553】
2021-07-02 01:57:40 GSD getOne 第 1 次 等待 1 秒
2021-07-02 01:57:41 查询号码 【1753553】，返回信息 {"status":"bad","msg":""}
2021-07-02 01:57:41 查询号码 【1753553】，GSD为【""】
2021-07-02 01:57:41 bad
2021-07-02 01:57:42 CHB 1753553?1625162261 第 1 次 等待 1 秒
2021-07-02 01:57:43 CHB 1753553?1625162261 第 1 次 获取到号码【1753553】GSD
2021-07-02 01:57:43 获取到号码【1753553】的GSD为【山西-长治】
2021-07-02 01:58:02 GSD insert 第 1 次 等待 1 秒
2021-07-02 01:58:03 {"status":"ok","msg":"添加成功！170663"}
2021-07-02 01:58:03 下次操作: 2021-07-02 01:58:19

2021-07-02 01:58:19 开始第 25 次操作

2021-07-02 01:58:19 开始操作号码 【1753554】
2021-07-02 01:58:24 GSD getOne 第 1 次 等待 1 秒
2021-07-02 01:58:25 查询号码 【1753554】，返回信息 {"status":"bad","msg":""}
2021-07-02 01:58:25 查询号码 【1753554】，GSD为【""】
2021-07-02 01:58:25 bad
2021-07-02 01:58:26 CHB 1753554?1625162305 第 1 次 等待 1 秒
2021-07-02 01:58:27 CHB 1753554?1625162305 第 1 次 获取到号码【1753554】GSD
2021-07-02 01:58:27 获取到号码【1753554】的GSD为【山西-长治】
2021-07-02 01:58:46 GSD insert 第 1 次 等待 1 秒
2021-07-02 01:58:47 {"status":"ok","msg":"添加成功！170669"}
2021-07-02 01:58:47 下次操作: 2021-07-02 01:59:05

2021-07-02 01:59:05 开始第 26 次操作

2021-07-02 01:59:05 开始操作号码 【1753555】
2021-07-02 01:59:09 GSD getOne 第 1 次 等待 1 秒
2021-07-02 01:59:10 查询号码 【1753555】，返回信息 {"status":"bad","msg":""}
2021-07-02 01:59:10 查询号码 【1753555】，GSD为【""】
2021-07-02 01:59:10 bad
2021-07-02 01:59:11 CHB 1753555?1625162350 第 1 次 等待 1 秒
2021-07-02 01:59:12 CHB 1753555?1625162350 第 1 次 获取到号码【1753555】GSD
2021-07-02 01:59:12 获取到号码【1753555】的GSD为【山西-长治】
2021-07-02 01:59:31 GSD insert 第 1 次 等待 1 秒
2021-07-02 01:59:32 {"status":"ok","msg":"添加成功！170676"}
2021-07-02 01:59:32 下次操作: 2021-07-02 01:59:48

2021-07-02 01:59:48 开始第 27 次操作

2021-07-02 01:59:48 开始操作号码 【1753556】
2021-07-02 01:59:53 GSD getOne 第 1 次 等待 1 秒
2021-07-02 01:59:54 查询号码 【1753556】，返回信息 {"status":"bad","msg":""}
2021-07-02 01:59:54 查询号码 【1753556】，GSD为【""】
2021-07-02 01:59:54 bad
2021-07-02 01:59:55 CHB 1753556?1625162394 第 1 次 等待 1 秒
2021-07-02 01:59:56 CHB 1753556?1625162394 第 1 次 获取到号码【1753556】GSD
2021-07-02 01:59:56 获取到号码【1753556】的GSD为【山西-长治】
2021-07-02 02:00:15 GSD insert 第 1 次 等待 1 秒
2021-07-02 02:00:16 {"status":"ok","msg":"添加成功！170683"}
2021-07-02 02:00:16 下次操作: 2021-07-02 02:00:30

2021-07-02 02:00:30 开始第 28 次操作

2021-07-02 02:00:30 开始操作号码 【1753557】
2021-07-02 02:00:37 GSD getOne 第 1 次 等待 1 秒
2021-07-02 02:00:38 查询号码 【1753557】，返回信息 {"status":"bad","msg":""}
2021-07-02 02:00:38 查询号码 【1753557】，GSD为【""】
2021-07-02 02:00:38 bad
2021-07-02 02:00:39 CHB 1753557?1625162438 第 1 次 等待 1 秒
2021-07-02 02:00:40 CHB 1753557?1625162438 第 1 次 获取到号码【1753557】GSD
2021-07-02 02:00:40 获取到号码【1753557】的GSD为【山西-长治】
2021-07-02 02:00:59 GSD insert 第 1 次 等待 1 秒
2021-07-02 02:01:00 {"status":"ok","msg":"添加成功！170688"}
2021-07-02 02:01:00 下次操作: 2021-07-02 02:01:12

2021-07-02 02:01:12 开始第 29 次操作

2021-07-02 02:01:12 开始操作号码 【1753558】
2021-07-02 02:01:23 GSD getOne 第 1 次 等待 1 秒
2021-07-02 02:01:24 查询号码 【1753558】，返回信息 {"status":"bad","msg":""}
2021-07-02 02:01:24 查询号码 【1753558】，GSD为【""】
2021-07-02 02:01:24 bad
2021-07-02 02:01:25 CHB 1753558?1625162484 第 1 次 等待 1 秒
2021-07-02 02:01:26 CHB 1753558?1625162484 第 1 次 获取到号码【1753558】GSD
2021-07-02 02:01:26 获取到号码【1753558】的GSD为【山西-长治】
2021-07-02 02:01:46 GSD insert 第 1 次 等待 1 秒
2021-07-02 02:01:47 {"status":"ok","msg":"添加成功！170695"}
2021-07-02 02:01:47 下次操作: 2021-07-02 02:01:57

2021-07-02 02:01:57 开始第 30 次操作

2021-07-02 02:01:57 开始操作号码 【1753559】
2021-07-02 02:02:08 GSD getOne 第 1 次 等待 1 秒
2021-07-02 02:02:09 查询号码 【1753559】，返回信息 {"status":"bad","msg":""}
2021-07-02 02:02:09 查询号码 【1753559】，GSD为【""】
2021-07-02 02:02:09 bad
2021-07-02 02:02:10 CHB 1753559?1625162529 第 1 次 等待 1 秒
2021-07-02 02:02:11 CHB 1753559?1625162529 第 1 次 获取到号码【1753559】GSD
2021-07-02 02:02:11 获取到号码【1753559】的GSD为【山西-长治】
2021-07-02 02:02:30 GSD insert 第 1 次 等待 1 秒
2021-07-02 02:02:31 {"status":"ok","msg":"添加成功！170701"}

2021-07-02 02:57:42 开始第 1 次操作

2021-07-02 02:57:42 开始操作号码 【1753560】
2021-07-02 02:57:46 GSD getOne 第 1 次 等待 1 秒
2021-07-02 02:57:47 查询号码 【1753560】，返回信息 {"status":"bad","msg":""}
2021-07-02 02:57:47 查询号码 【1753560】，GSD为【""】
2021-07-02 02:57:47 bad
2021-07-02 02:57:48 CHB 1753560?1625165867 第 1 次 等待 1 秒
2021-07-02 02:57:49 CHB 1753560?1625165867 第 1 次 获取到号码【1753560】GSD
2021-07-02 02:57:49 获取到号码【1753560】的GSD为【山西-晋城】
2021-07-02 02:58:08 GSD insert 第 1 次 等待 1 秒
2021-07-02 02:58:09 {"status":"ok","msg":"添加成功！170812"}
2021-07-02 02:58:10 下次操作: 2021-07-02 02:58:26

2021-07-02 02:58:26 开始第 2 次操作

2021-07-02 02:58:26 开始操作号码 【1753561】
2021-07-02 02:58:29 GSD getOne 第 1 次 等待 1 秒
2021-07-02 02:58:30 查询号码 【1753561】，返回信息 {"status":"bad","msg":""}
2021-07-02 02:58:30 查询号码 【1753561】，GSD为【""】
2021-07-02 02:58:30 bad
2021-07-02 02:58:31 CHB 1753561?1625165910 第 1 次 等待 1 秒
2021-07-02 02:58:32 CHB 1753561?1625165910 第 1 次 获取到号码【1753561】GSD
2021-07-02 02:58:32 获取到号码【1753561】的GSD为【山西-晋城】
2021-07-02 02:58:52 GSD insert 第 1 次 等待 1 秒
2021-07-02 02:58:53 {"status":"ok","msg":"添加成功！170822"}
2021-07-02 02:58:53 下次操作: 2021-07-02 02:59:05

2021-07-02 02:59:05 开始第 3 次操作

2021-07-02 02:59:05 开始操作号码 【1753562】
2021-07-02 02:59:11 GSD getOne 第 1 次 等待 1 秒
2021-07-02 02:59:12 查询号码 【1753562】，返回信息 {"status":"bad","msg":""}
2021-07-02 02:59:12 查询号码 【1753562】，GSD为【""】
2021-07-02 02:59:12 bad
2021-07-02 02:59:14 CHB 1753562?1625165952 第 1 次 等待 1 秒
2021-07-02 02:59:15 CHB 1753562?1625165952 第 1 次 获取到号码【1753562】GSD
2021-07-02 02:59:15 获取到号码【1753562】的GSD为【山西-晋城】
2021-07-02 02:59:34 GSD insert 第 1 次 等待 1 秒
2021-07-02 02:59:35 {"status":"ok","msg":"添加成功！170836"}
2021-07-02 02:59:35 下次操作: 2021-07-02 02:59:49

2021-07-02 02:59:49 开始第 4 次操作

2021-07-02 02:59:49 开始操作号码 【1753563】
2021-07-02 02:59:54 GSD getOne 第 1 次 等待 1 秒
2021-07-02 02:59:55 查询号码 【1753563】，返回信息 {"status":"bad","msg":""}
2021-07-02 02:59:55 查询号码 【1753563】，GSD为【""】
2021-07-02 02:59:55 bad
2021-07-02 02:59:56 CHB 1753563?1625165995 第 1 次 等待 1 秒
2021-07-02 02:59:57 CHB 1753563?1625165995 第 1 次 获取到号码【1753563】GSD
2021-07-02 02:59:57 获取到号码【1753563】的GSD为【山西-晋城】
2021-07-02 03:00:16 GSD insert 第 1 次 等待 1 秒
2021-07-02 03:00:17 {"status":"ok","msg":"添加成功！170850"}
2021-07-02 03:00:17 下次操作: 2021-07-02 03:00:32

2021-07-02 03:00:32 开始第 5 次操作

2021-07-02 03:00:32 开始操作号码 【1753564】
2021-07-02 03:00:36 GSD getOne 第 1 次 等待 1 秒
2021-07-02 03:00:37 查询号码 【1753564】，返回信息 {"status":"bad","msg":""}
2021-07-02 03:00:37 查询号码 【1753564】，GSD为【""】
2021-07-02 03:00:37 bad
2021-07-02 03:00:38 CHB 1753564?1625166037 第 1 次 等待 1 秒
2021-07-02 03:00:39 CHB 1753564?1625166037 第 1 次 获取到号码【1753564】GSD
2021-07-02 03:00:39 获取到号码【1753564】的GSD为【山西-晋城】
2021-07-02 03:00:58 GSD insert 第 1 次 等待 1 秒
2021-07-02 03:00:59 {"status":"ok","msg":"添加成功！170862"}
2021-07-02 03:00:59 下次操作: 2021-07-02 03:01:11

2021-07-02 03:01:11 开始第 6 次操作

2021-07-02 03:01:11 开始操作号码 【1753565】
2021-07-02 03:01:18 GSD getOne 第 1 次 等待 1 秒
2021-07-02 03:01:19 查询号码 【1753565】，返回信息 {"status":"bad","msg":""}
2021-07-02 03:01:19 查询号码 【1753565】，GSD为【""】
2021-07-02 03:01:19 bad
2021-07-02 03:01:20 CHB 1753565?1625166079 第 1 次 等待 1 秒
2021-07-02 03:01:21 CHB 1753565?1625166079 第 1 次 获取到号码【1753565】GSD
2021-07-02 03:01:21 获取到号码【1753565】的GSD为【山西-晋城】
2021-07-02 03:01:40 GSD insert 第 1 次 等待 1 秒
2021-07-02 03:01:41 {"status":"ok","msg":"添加成功！170873"}
2021-07-02 03:01:41 下次操作: 2021-07-02 03:01:57

2021-07-02 03:01:58 开始第 7 次操作

2021-07-02 03:01:58 开始操作号码 【1753566】
2021-07-02 03:02:01 GSD getOne 第 1 次 等待 1 秒
2021-07-02 03:02:02 查询号码 【1753566】，返回信息 {"status":"bad","msg":""}
2021-07-02 03:02:02 查询号码 【1753566】，GSD为【""】
2021-07-02 03:02:02 bad
2021-07-02 03:02:03 CHB 1753566?1625166122 第 1 次 等待 1 秒
2021-07-02 03:02:04 CHB 1753566?1625166122 第 1 次 获取到号码【1753566】GSD
2021-07-02 03:02:04 获取到号码【1753566】的GSD为【山西-晋城】
2021-07-02 03:02:26 GSD insert 第 1 次 等待 1 秒
2021-07-02 03:02:27 {"status":"ok","msg":"添加成功！170889"}
2021-07-02 03:02:27 下次操作: 2021-07-02 03:02:41

2021-07-02 03:02:41 开始第 8 次操作

2021-07-02 03:02:41 开始操作号码 【1753567】
2021-07-02 03:02:46 GSD getOne 第 1 次 等待 1 秒
2021-07-02 03:02:47 查询号码 【1753567】，返回信息 {"status":"bad","msg":""}
2021-07-02 03:02:47 查询号码 【1753567】，GSD为【""】
2021-07-02 03:02:47 bad
2021-07-02 03:02:49 CHB 1753567?1625166167 第 1 次 等待 1 秒
2021-07-02 03:02:50 CHB 1753567?1625166167 第 1 次 获取到号码【1753567】GSD
2021-07-02 03:02:50 获取到号码【1753567】的GSD为【山西-晋城】
2021-07-02 03:03:08 GSD insert 第 1 次 等待 1 秒
2021-07-02 03:03:09 {"status":"ok","msg":"添加成功！170902"}
2021-07-02 03:03:10 下次操作: 2021-07-02 03:03:22

2021-07-02 03:03:22 开始第 9 次操作

2021-07-02 03:03:22 开始操作号码 【1753568】
2021-07-02 03:03:29 GSD getOne 第 1 次 等待 1 秒
2021-07-02 03:03:30 查询号码 【1753568】，返回信息 {"status":"bad","msg":""}
2021-07-02 03:03:30 查询号码 【1753568】，GSD为【""】
2021-07-02 03:03:30 bad
2021-07-02 03:03:31 CHB 1753568?1625166210 第 1 次 等待 1 秒
2021-07-02 03:03:32 CHB 1753568?1625166210 第 1 次 获取到号码【1753568】GSD
2021-07-02 03:03:32 获取到号码【1753568】的GSD为【山西-晋城】
2021-07-02 03:03:51 GSD insert 第 1 次 等待 1 秒
2021-07-02 03:03:52 {"status":"ok","msg":"添加成功！170911"}
2021-07-02 03:03:52 下次操作: 2021-07-02 03:04:09

2021-07-02 03:04:09 开始第 10 次操作

2021-07-02 03:04:09 开始操作号码 【1753569】
2021-07-02 03:04:12 GSD getOne 第 1 次 等待 1 秒
2021-07-02 03:04:13 查询号码 【1753569】，返回信息 {"status":"bad","msg":""}
2021-07-02 03:04:14 查询号码 【1753569】，GSD为【""】
2021-07-02 03:04:14 bad
2021-07-02 03:04:15 CHB 1753569?1625166254 第 1 次 等待 1 秒
2021-07-02 03:04:16 CHB 1753569?1625166254 第 1 次 获取到号码【1753569】GSD
2021-07-02 03:04:16 获取到号码【1753569】的GSD为【山西-晋城】
2021-07-02 03:04:35 GSD insert 第 1 次 等待 1 秒
2021-07-02 03:04:36 {"status":"ok","msg":"添加成功！170920"}
2021-07-02 03:04:36 下次操作: 2021-07-02 03:04:54

2021-07-02 03:04:54 开始第 11 次操作

2021-07-02 03:04:54 开始操作号码 【1753570】
2021-07-02 03:04:57 GSD getOne 第 1 次 等待 1 秒
2021-07-02 03:04:58 查询号码 【1753570】，返回信息 {"status":"bad","msg":""}
2021-07-02 03:04:59 查询号码 【1753570】，GSD为【""】
2021-07-02 03:04:59 bad
2021-07-02 03:05:00 CHB 1753570?1625166299 第 1 次 等待 1 秒
2021-07-02 03:05:01 CHB 1753570?1625166299 第 1 次 获取到号码【1753570】GSD
2021-07-02 03:05:01 获取到号码【1753570】的GSD为【山西-临汾】
2021-07-02 03:05:20 GSD insert 第 1 次 等待 1 秒
2021-07-02 03:05:21 {"status":"ok","msg":"添加成功！170930"}
2021-07-02 03:05:21 下次操作: 2021-07-02 03:05:33

2021-07-02 03:05:33 开始第 12 次操作

2021-07-02 03:05:33 开始操作号码 【1753571】
2021-07-02 03:05:39 GSD getOne 第 1 次 等待 1 秒
2021-07-02 03:05:40 查询号码 【1753571】，返回信息 {"status":"bad","msg":""}
2021-07-02 03:05:41 查询号码 【1753571】，GSD为【""】
2021-07-02 03:05:41 bad
2021-07-02 03:05:42 CHB 1753571?1625166341 第 1 次 等待 1 秒
2021-07-02 03:05:43 CHB 1753571?1625166341 第 1 次 获取到号码【1753571】GSD
2021-07-02 03:05:43 获取到号码【1753571】的GSD为【山西-临汾】
2021-07-02 03:06:02 GSD insert 第 1 次 等待 1 秒
2021-07-02 03:06:03 {"status":"ok","msg":"添加成功！170941"}
2021-07-02 03:06:03 下次操作: 2021-07-02 03:06:20

2021-07-02 03:06:20 开始第 13 次操作

2021-07-02 03:06:20 开始操作号码 【1753572】
2021-07-02 03:06:24 GSD getOne 第 1 次 等待 1 秒
2021-07-02 03:06:25 查询号码 【1753572】，返回信息 {"status":"bad","msg":""}
2021-07-02 03:06:25 查询号码 【1753572】，GSD为【""】
2021-07-02 03:06:25 bad
2021-07-02 03:06:26 CHB 1753572?1625166385 第 1 次 等待 1 秒
2021-07-02 03:06:27 CHB 1753572?1625166385 第 1 次 获取到号码【1753572】GSD
2021-07-02 03:06:27 获取到号码【1753572】的GSD为【山西-临汾】
2021-07-02 03:06:46 GSD insert 第 1 次 等待 1 秒
2021-07-02 03:06:47 {"status":"ok","msg":"添加成功！170954"}
2021-07-02 03:06:47 下次操作: 2021-07-02 03:06:54

2021-07-02 03:06:54 开始第 14 次操作

2021-07-02 03:06:54 开始操作号码 【1753573】
2021-07-02 03:07:13 GSD getOne 第 1 次 等待 1 秒
2021-07-02 03:07:14 查询号码 【1753573】，返回信息 {"status":"bad","msg":""}
2021-07-02 03:07:14 查询号码 【1753573】，GSD为【""】
2021-07-02 03:07:14 bad
2021-07-02 03:07:15 CHB 1753573?1625166434 第 1 次 等待 1 秒
2021-07-02 03:07:16 CHB 1753573?1625166434 第 1 次 获取到号码【1753573】GSD
2021-07-02 03:07:16 获取到号码【1753573】的GSD为【山西-临汾】
2021-07-02 03:07:35 GSD insert 第 1 次 等待 1 秒
2021-07-02 03:07:36 {"status":"ok","msg":"添加成功！170967"}
2021-07-02 03:07:36 下次操作: 2021-07-02 03:07:50

2021-07-02 03:07:50 开始第 15 次操作

2021-07-02 03:07:50 开始操作号码 【1753574】
2021-07-02 03:07:55 GSD getOne 第 1 次 等待 1 秒
2021-07-02 03:07:56 查询号码 【1753574】，返回信息 {"status":"bad","msg":""}
2021-07-02 03:07:56 查询号码 【1753574】，GSD为【""】
2021-07-02 03:07:56 bad
2021-07-02 03:07:57 CHB 1753574?1625166476 第 1 次 等待 1 秒
2021-07-02 03:07:58 CHB 1753574?1625166476 第 1 次 获取到号码【1753574】GSD
2021-07-02 03:07:58 获取到号码【1753574】的GSD为【山西-临汾】
2021-07-02 03:08:17 GSD insert 第 1 次 等待 1 秒
2021-07-02 03:08:18 {"status":"ok","msg":"添加成功！170977"}
2021-07-02 03:08:18 下次操作: 2021-07-02 03:08:24

2021-07-02 03:08:24 开始第 16 次操作

2021-07-02 03:08:24 开始操作号码 【1753575】
2021-07-02 03:08:43 GSD getOne 第 1 次 等待 1 秒
2021-07-02 03:08:44 查询号码 【1753575】，返回信息 {"status":"bad","msg":""}
2021-07-02 03:08:44 查询号码 【1753575】，GSD为【""】
2021-07-02 03:08:44 bad
2021-07-02 03:08:45 CHB 1753575?1625166524 第 1 次 等待 1 秒
2021-07-02 03:08:46 CHB 1753575?1625166524 第 1 次 获取到号码【1753575】GSD
2021-07-02 03:08:46 获取到号码【1753575】的GSD为【山西-临汾】
2021-07-02 03:09:05 GSD insert 第 1 次 等待 1 秒
2021-07-02 03:09:06 {"status":"ok","msg":"添加成功！170988"}
2021-07-02 03:09:06 下次操作: 2021-07-02 03:09:12

2021-07-02 03:09:12 开始第 17 次操作

2021-07-02 03:09:12 开始操作号码 【1753576】
2021-07-02 03:09:32 GSD getOne 第 1 次 等待 1 秒
2021-07-02 03:09:33 查询号码 【1753576】，返回信息 {"status":"bad","msg":""}
2021-07-02 03:09:33 查询号码 【1753576】，GSD为【""】
2021-07-02 03:09:33 bad
2021-07-02 03:09:34 CHB 1753576?1625166573 第 1 次 等待 1 秒
2021-07-02 03:09:35 CHB 1753576?1625166573 第 1 次 获取到号码【1753576】GSD
2021-07-02 03:09:35 获取到号码【1753576】的GSD为【山西-临汾】
2021-07-02 03:09:54 GSD insert 第 1 次 等待 1 秒
2021-07-02 03:09:55 {"status":"ok","msg":"添加成功！170997"}
2021-07-02 03:09:55 下次操作: 2021-07-02 03:10:08

2021-07-02 03:10:08 开始第 18 次操作

2021-07-02 03:10:08 开始操作号码 【1753577】
2021-07-02 03:10:16 GSD getOne 第 1 次 等待 1 秒
2021-07-02 03:10:17 查询号码 【1753577】，返回信息 {"status":"bad","msg":""}
2021-07-02 03:10:17 查询号码 【1753577】，GSD为【""】
2021-07-02 03:10:17 bad
2021-07-02 03:10:18 CHB 1753577?1625166617 第 1 次 等待 1 秒
2021-07-02 03:10:19 CHB 1753577?1625166617 第 1 次 获取到号码【1753577】GSD
2021-07-02 03:10:19 获取到号码【1753577】的GSD为【山西-临汾】
2021-07-02 03:10:38 GSD insert 第 1 次 等待 1 秒
2021-07-02 03:10:39 {"status":"ok","msg":"添加成功！171004"}
2021-07-02 03:10:39 下次操作: 2021-07-02 03:10:55

2021-07-02 03:10:55 开始第 19 次操作

2021-07-02 03:10:55 开始操作号码 【1753578】
2021-07-02 03:10:59 GSD getOne 第 1 次 等待 1 秒
2021-07-02 03:11:00 查询号码 【1753578】，返回信息 {"status":"bad","msg":""}
2021-07-02 03:11:00 查询号码 【1753578】，GSD为【""】
2021-07-02 03:11:00 bad
2021-07-02 03:11:01 CHB 1753578?1625166660 第 1 次 等待 1 秒
2021-07-02 03:11:02 CHB 1753578?1625166660 第 1 次 获取到号码【1753578】GSD
2021-07-02 03:11:02 获取到号码【1753578】的GSD为【山西-临汾】
2021-07-02 03:11:21 GSD insert 第 1 次 等待 1 秒
2021-07-02 03:11:22 {"status":"ok","msg":"添加成功！171008"}
2021-07-02 03:11:22 下次操作: 2021-07-02 03:11:39

2021-07-02 03:11:39 开始第 20 次操作

2021-07-02 03:11:39 开始操作号码 【1753579】
2021-07-02 03:11:42 GSD getOne 第 1 次 等待 1 秒
2021-07-02 03:11:44 查询号码 【1753579】，返回信息 {"status":"bad","msg":""}
2021-07-02 03:11:44 查询号码 【1753579】，GSD为【""】
2021-07-02 03:11:44 bad
2021-07-02 03:11:45 CHB 1753579?1625166704 第 1 次 等待 1 秒
2021-07-02 03:11:46 CHB 1753579?1625166704 第 1 次 获取到号码【1753579】GSD
2021-07-02 03:11:46 获取到号码【1753579】的GSD为【山西-临汾】
2021-07-02 03:12:05 GSD insert 第 1 次 等待 1 秒
2021-07-02 03:12:06 {"status":"ok","msg":"添加成功！171013"}
2021-07-02 03:12:06 下次操作: 2021-07-02 03:12:24

2021-07-02 03:12:24 开始第 21 次操作

2021-07-02 03:12:24 开始操作号码 【1753580】
2021-07-02 03:12:27 GSD getOne 第 1 次 等待 1 秒
2021-07-02 03:12:28 查询号码 【1753580】，返回信息 {"status":"bad","msg":""}
2021-07-02 03:12:29 查询号码 【1753580】，GSD为【""】
2021-07-02 03:12:29 bad
2021-07-02 03:12:30 CHB 1753580?1625166749 第 1 次 等待 1 秒
2021-07-02 03:12:31 CHB 1753580?1625166749 第 1 次 获取到号码【1753580】GSD
2021-07-02 03:12:31 获取到号码【1753580】的GSD为【山西-吕梁】
2021-07-02 03:12:50 GSD insert 第 1 次 等待 1 秒
2021-07-02 03:12:51 {"status":"ok","msg":"添加成功！171018"}
2021-07-02 03:12:51 下次操作: 2021-07-02 03:12:59

2021-07-02 03:12:59 开始第 22 次操作

2021-07-02 03:12:59 开始操作号码 【1753581】
2021-07-02 03:13:10 GSD getOne 第 1 次 等待 1 秒
2021-07-02 03:13:11 查询号码 【1753581】，返回信息 {"status":"bad","msg":""}
2021-07-02 03:13:11 查询号码 【1753581】，GSD为【""】
2021-07-02 03:13:11 bad
2021-07-02 03:13:12 CHB 1753581?1625166791 第 1 次 等待 1 秒
2021-07-02 03:13:13 CHB 1753581?1625166791 第 1 次 获取到号码【1753581】GSD
2021-07-02 03:13:13 获取到号码【1753581】的GSD为【山西-吕梁】
2021-07-02 03:13:32 GSD insert 第 1 次 等待 1 秒
2021-07-02 03:13:33 {"status":"ok","msg":"添加成功！171023"}
2021-07-02 03:13:33 下次操作: 2021-07-02 03:13:46

2021-07-02 03:13:46 开始第 23 次操作

2021-07-02 03:13:46 开始操作号码 【1753582】
2021-07-02 03:13:53 GSD getOne 第 1 次 等待 1 秒
2021-07-02 03:13:54 查询号码 【1753582】，返回信息 {"status":"bad","msg":""}
2021-07-02 03:13:54 查询号码 【1753582】，GSD为【""】
2021-07-02 03:13:54 bad
2021-07-02 03:13:55 CHB 1753582?1625166834 第 1 次 等待 1 秒
2021-07-02 03:13:56 CHB 1753582?1625166834 第 1 次 获取到号码【1753582】GSD
2021-07-02 03:13:56 获取到号码【1753582】的GSD为【山西-吕梁】
2021-07-02 03:14:15 GSD insert 第 1 次 等待 1 秒
2021-07-02 03:14:16 {"status":"ok","msg":"添加成功！171027"}
2021-07-02 03:14:16 下次操作: 2021-07-02 03:14:22

2021-07-02 03:14:22 开始第 24 次操作

2021-07-02 03:14:22 开始操作号码 【1753583】
2021-07-02 03:14:41 GSD getOne 第 1 次 等待 1 秒
2021-07-02 03:14:42 查询号码 【1753583】，返回信息 {"status":"bad","msg":""}
2021-07-02 03:14:42 查询号码 【1753583】，GSD为【""】
2021-07-02 03:14:42 bad
2021-07-02 03:14:43 CHB 1753583?1625166882 第 1 次 等待 1 秒
2021-07-02 03:14:44 CHB 1753583?1625166882 第 1 次 获取到号码【1753583】GSD
2021-07-02 03:14:44 获取到号码【1753583】的GSD为【山西-吕梁】
2021-07-02 03:15:03 GSD insert 第 1 次 等待 1 秒
2021-07-02 03:15:04 {"status":"ok","msg":"添加成功！171033"}
2021-07-02 03:15:04 下次操作: 2021-07-02 03:15:22

2021-07-02 03:15:22 开始第 25 次操作

2021-07-02 03:15:22 开始操作号码 【1753584】
2021-07-02 03:15:26 GSD getOne 第 1 次 等待 1 秒
2021-07-02 03:15:27 查询号码 【1753584】，返回信息 {"status":"bad","msg":""}
2021-07-02 03:15:27 查询号码 【1753584】，GSD为【""】
2021-07-02 03:15:27 bad
2021-07-02 03:15:28 CHB 1753584?1625166927 第 1 次 等待 1 秒
2021-07-02 03:15:29 CHB 1753584?1625166927 第 1 次 获取到号码【1753584】GSD
2021-07-02 03:15:29 获取到号码【1753584】的GSD为【山西-吕梁】
2021-07-02 03:15:48 GSD insert 第 1 次 等待 1 秒
2021-07-02 03:15:49 {"status":"ok","msg":"添加成功！171036"}
2021-07-02 03:15:49 下次操作: 2021-07-02 03:16:07

2021-07-02 03:16:07 开始第 26 次操作

2021-07-02 03:16:07 开始操作号码 【1753585】
2021-07-02 03:16:11 GSD getOne 第 1 次 等待 1 秒
2021-07-02 03:16:12 查询号码 【1753585】，返回信息 {"status":"bad","msg":""}
2021-07-02 03:16:12 查询号码 【1753585】，GSD为【""】
2021-07-02 03:16:12 bad
2021-07-02 03:16:13 CHB 1753585?1625166972 第 1 次 等待 1 秒
2021-07-02 03:16:14 CHB 1753585?1625166972 第 1 次 获取到号码【1753585】GSD
2021-07-02 03:16:14 获取到号码【1753585】的GSD为【山西-吕梁】
2021-07-02 03:16:33 GSD insert 第 1 次 等待 1 秒
2021-07-02 03:16:34 {"status":"ok","msg":"添加成功！171040"}
2021-07-02 03:16:34 下次操作: 2021-07-02 03:16:48

2021-07-02 03:16:48 开始第 27 次操作

2021-07-02 03:16:48 开始操作号码 【1753586】
2021-07-02 03:16:53 GSD getOne 第 1 次 等待 1 秒
2021-07-02 03:16:54 查询号码 【1753586】，返回信息 {"status":"bad","msg":""}
2021-07-02 03:16:54 查询号码 【1753586】，GSD为【""】
2021-07-02 03:16:54 bad
2021-07-02 03:16:55 CHB 1753586?1625167014 第 1 次 等待 1 秒
2021-07-02 03:16:56 CHB 1753586?1625167014 第 1 次 获取到号码【1753586】GSD
2021-07-02 03:16:56 获取到号码【1753586】的GSD为【山西-吕梁】
2021-07-02 03:17:15 GSD insert 第 1 次 等待 1 秒
2021-07-02 03:17:16 {"status":"ok","msg":"添加成功！171043"}
2021-07-02 03:17:16 下次操作: 2021-07-02 03:17:32

2021-07-02 03:17:32 开始第 28 次操作

2021-07-02 03:17:32 开始操作号码 【1753587】
2021-07-02 03:17:36 GSD getOne 第 1 次 等待 1 秒
2021-07-02 03:17:37 查询号码 【1753587】，返回信息 {"status":"bad","msg":""}
2021-07-02 03:17:37 查询号码 【1753587】，GSD为【""】
2021-07-02 03:17:37 bad
2021-07-02 03:17:39 CHB 1753587?1625167057 第 1 次 等待 1 秒
2021-07-02 03:17:40 CHB 1753587?1625167057 第 1 次 获取到号码【1753587】GSD
2021-07-02 03:17:40 获取到号码【1753587】的GSD为【山西-吕梁】
2021-07-02 03:17:59 GSD insert 第 1 次 等待 1 秒
2021-07-02 03:18:00 {"status":"ok","msg":"添加成功！171048"}
2021-07-02 03:18:00 下次操作: 2021-07-02 03:18:07

2021-07-02 03:18:07 开始第 29 次操作

2021-07-02 03:18:07 开始操作号码 【1753588】
2021-07-02 03:18:26 GSD getOne 第 1 次 等待 1 秒
2021-07-02 03:18:27 查询号码 【1753588】，返回信息 {"status":"bad","msg":""}
2021-07-02 03:18:27 查询号码 【1753588】，GSD为【""】
2021-07-02 03:18:27 bad
2021-07-02 03:18:28 CHB 1753588?1625167107 第 1 次 等待 1 秒
2021-07-02 03:18:29 CHB 1753588?1625167107 第 1 次 获取到号码【1753588】GSD
2021-07-02 03:18:29 获取到号码【1753588】的GSD为【山西-吕梁】
2021-07-02 03:18:48 GSD insert 第 1 次 等待 1 秒
2021-07-02 03:18:49 {"status":"ok","msg":"添加成功！171053"}
2021-07-02 03:18:49 下次操作: 2021-07-02 03:18:55

2021-07-02 03:18:55 开始第 30 次操作

2021-07-02 03:18:55 开始操作号码 【1753589】
2021-07-02 03:19:14 GSD getOne 第 1 次 等待 1 秒
2021-07-02 03:19:15 查询号码 【1753589】，返回信息 {"status":"bad","msg":""}
2021-07-02 03:19:15 查询号码 【1753589】，GSD为【""】
2021-07-02 03:19:15 bad
2021-07-02 03:19:16 CHB 1753589?1625167155 第 1 次 等待 1 秒
2021-07-02 03:19:17 CHB 1753589?1625167155 第 1 次 获取到号码【1753589】GSD
2021-07-02 03:19:18 获取到号码【1753589】的GSD为【山西-吕梁】
2021-07-02 03:19:37 GSD insert 第 1 次 等待 1 秒
2021-07-02 03:19:38 {"status":"ok","msg":"添加成功！171058"}

