2021-07-31 00:00:39 开始第 12 次操作

2021-07-31 00:00:39 开始操作号码 【1918345】
2021-07-31 00:00:43 GSD getOne 第 1 次 等待 3 秒
2021-07-31 00:00:46 查询号码 【1918345】，返回信息 {"status":"bad","msg":""}
2021-07-31 00:00:46 查询号码 【1918345】，GSD为【""】
2021-07-31 00:00:46 bad
2021-07-31 00:00:47 CHB 1918345?1627660846 第 1 次 等待 3 秒
2021-07-31 00:00:50 CHB 1918345?1627660846 第 1 次 获取到号码【1918345】GSD
2021-07-31 00:00:50 获取到号码【1918345】的GSD为【四川-广安】
2021-07-31 00:00:54 GSD insert 第 1 次 等待 3 秒
2021-07-31 00:00:57 {"status":"ok","gid":449849,"msg":"添加成功！"}
2021-07-31 00:00:57 下次操作: 2021-07-31 00:01:15

2021-07-31 00:01:15 开始第 13 次操作

2021-07-31 00:01:15 开始操作号码 【1918344】
2021-07-31 00:01:18 GSD getOne 第 1 次 等待 3 秒
2021-07-31 00:01:21 查询号码 【1918344】，返回信息 {"status":"bad","msg":""}
2021-07-31 00:01:21 查询号码 【1918344】，GSD为【""】
2021-07-31 00:01:21 bad
2021-07-31 00:01:23 CHB 1918344?1627660881 第 1 次 等待 3 秒
2021-07-31 00:01:26 CHB 1918344?1627660881 第 1 次 获取到号码【1918344】GSD
2021-07-31 00:01:26 获取到号码【1918344】的GSD为【四川-凉山】
2021-07-31 00:01:33 GSD insert 第 1 次 等待 3 秒
2021-07-31 00:01:36 {"status":"ok","gid":449859,"msg":"添加成功！"}
2021-07-31 00:01:36 下次操作: 2021-07-31 00:01:52

2021-07-31 00:01:52 开始第 14 次操作

2021-07-31 00:01:52 开始操作号码 【1918343】
2021-07-31 00:01:58 GSD getOne 第 1 次 等待 3 秒
2021-07-31 00:02:01 查询号码 【1918343】，返回信息 {"status":"bad","msg":""}
2021-07-31 00:02:01 查询号码 【1918343】，GSD为【""】
2021-07-31 00:02:01 bad
2021-07-31 00:02:02 CHB 1918343?1627660921 第 1 次 等待 3 秒
2021-07-31 00:02:05 CHB 1918343?1627660921 第 1 次 获取到号码【1918343】GSD
2021-07-31 00:02:05 获取到号码【1918343】的GSD为【四川-凉山】
2021-07-31 00:02:09 GSD insert 第 1 次 等待 3 秒
2021-07-31 00:02:12 {"status":"ok","gid":449870,"msg":"添加成功！"}
2021-07-31 00:02:12 下次操作: 2021-07-31 00:02:36

2021-07-31 00:02:36 开始第 15 次操作

2021-07-31 00:02:36 开始操作号码 【1918342】
2021-07-31 00:02:41 GSD getOne 第 1 次 等待 3 秒
2021-07-31 00:02:44 查询号码 【1918342】，返回信息 {"status":"bad","msg":""}
2021-07-31 00:02:44 查询号码 【1918342】，GSD为【""】
2021-07-31 00:02:44 bad
2021-07-31 00:02:45 CHB 1918342?1627660964 第 1 次 等待 3 秒
2021-07-31 00:02:48 CHB 1918342?1627660964 第 1 次 获取到号码【1918342】GSD
2021-07-31 00:02:48 获取到号码【1918342】的GSD为【四川-凉山】
2021-07-31 00:02:52 GSD insert 第 1 次 等待 3 秒
2021-07-31 00:02:55 {"status":"ok","gid":449884,"msg":"添加成功！"}
2021-07-31 00:02:55 下次操作: 2021-07-31 00:03:11

2021-07-31 00:03:11 开始第 16 次操作

2021-07-31 00:03:11 开始操作号码 【1918341】
2021-07-31 00:03:16 GSD getOne 第 1 次 等待 3 秒
2021-07-31 00:03:19 查询号码 【1918341】，返回信息 {"status":"bad","msg":""}
2021-07-31 00:03:19 查询号码 【1918341】，GSD为【""】
2021-07-31 00:03:19 bad
2021-07-31 00:03:20 CHB 1918341?1627660999 第 1 次 等待 3 秒
2021-07-31 00:03:23 CHB 1918341?1627660999 第 1 次 获取到号码【1918341】GSD
2021-07-31 00:03:23 获取到号码【1918341】的GSD为【四川-凉山】
2021-07-31 00:03:27 GSD insert 第 1 次 等待 3 秒
2021-07-31 00:03:30 {"status":"ok","gid":449892,"msg":"添加成功！"}
2021-07-31 00:03:30 下次操作: 2021-07-31 00:03:54

2021-07-31 00:03:54 开始第 17 次操作

2021-07-31 00:03:54 开始操作号码 【1918340】
2021-07-31 00:04:11 GSD getOne 第 1 次 等待 3 秒
2021-07-31 00:04:14 查询号码 【1918340】，返回信息 {"status":"bad","msg":""}
2021-07-31 00:04:14 查询号码 【1918340】，GSD为【""】
2021-07-31 00:04:14 bad
2021-07-31 00:04:15 CHB 1918340?1627661054 第 1 次 等待 3 秒
2021-07-31 00:04:18 CHB 1918340?1627661054 第 1 次 获取到号码【1918340】GSD
2021-07-31 00:04:18 获取到号码【1918340】的GSD为【四川-凉山】
2021-07-31 00:04:22 GSD insert 第 1 次 等待 3 秒
2021-07-31 00:04:25 {"status":"ok","gid":449908,"msg":"添加成功！"}
2021-07-31 00:04:25 下次操作: 2021-07-31 00:04:46

2021-07-31 00:04:46 开始第 18 次操作

2021-07-31 00:04:46 开始操作号码 【1918339】
2021-07-31 00:04:49 GSD getOne 第 1 次 等待 3 秒
2021-07-31 00:04:52 查询号码 【1918339】，返回信息 {"status":"bad","msg":""}
2021-07-31 00:04:52 查询号码 【1918339】，GSD为【""】
2021-07-31 00:04:52 bad
2021-07-31 00:04:54 CHB 1918339?1627661092 第 1 次 等待 3 秒
2021-07-31 00:04:57 CHB 1918339?1627661092 第 1 次 获取到号码【1918339】GSD
2021-07-31 00:04:57 获取到号码【1918339】的GSD为【四川-乐山】
2021-07-31 00:05:02 GSD insert 第 1 次 等待 3 秒
2021-07-31 00:05:05 {"status":"ok","gid":449918,"msg":"添加成功！"}
2021-07-31 00:05:05 下次操作: 2021-07-31 00:05:27

2021-07-31 00:05:27 开始第 19 次操作

2021-07-31 00:05:27 开始操作号码 【1918338】
2021-07-31 00:05:31 GSD getOne 第 1 次 等待 3 秒
2021-07-31 00:05:34 查询号码 【1918338】，返回信息 {"status":"bad","msg":""}
2021-07-31 00:05:34 查询号码 【1918338】，GSD为【""】
2021-07-31 00:05:34 bad
2021-07-31 00:05:35 CHB 1918338?1627661134 第 1 次 等待 3 秒
2021-07-31 00:05:38 CHB 1918338?1627661134 第 1 次 获取到号码【1918338】GSD
2021-07-31 00:05:38 获取到号码【1918338】的GSD为【四川-乐山】
2021-07-31 00:05:42 GSD insert 第 1 次 等待 3 秒
2021-07-31 00:05:45 {"status":"ok","gid":449928,"msg":"添加成功！"}
2021-07-31 00:05:45 下次操作: 2021-07-31 00:06:07

2021-07-31 00:06:07 开始第 20 次操作

2021-07-31 00:06:07 开始操作号码 【1918337】
2021-07-31 00:06:12 GSD getOne 第 1 次 等待 3 秒
2021-07-31 00:06:15 查询号码 【1918337】，返回信息 {"status":"bad","msg":""}
2021-07-31 00:06:16 查询号码 【1918337】，GSD为【""】
2021-07-31 00:06:16 bad
2021-07-31 00:06:17 CHB 1918337?1627661176 第 1 次 等待 3 秒
2021-07-31 00:06:20 CHB 1918337?1627661176 第 1 次 获取到号码【1918337】GSD
2021-07-31 00:06:20 获取到号码【1918337】的GSD为【四川-乐山】
2021-07-31 00:06:24 GSD insert 第 1 次 等待 3 秒
2021-07-31 00:06:27 {"status":"ok","gid":449939,"msg":"添加成功！"}
2021-07-31 00:06:27 下次操作: 2021-07-31 00:06:49

2021-07-31 00:06:49 开始第 21 次操作

2021-07-31 00:06:49 开始操作号码 【1918336】
2021-07-31 00:07:02 GSD getOne 第 1 次 等待 3 秒
2021-07-31 00:07:05 查询号码 【1918336】，返回信息 {"status":"bad","msg":""}
2021-07-31 00:07:05 查询号码 【1918336】，GSD为【""】
2021-07-31 00:07:05 bad
2021-07-31 00:07:07 CHB 1918336?1627661225 第 1 次 等待 3 秒
2021-07-31 00:07:10 CHB 1918336?1627661225 第 1 次 获取到号码【1918336】GSD
2021-07-31 00:07:10 获取到号码【1918336】的GSD为【四川-乐山】
2021-07-31 00:07:13 GSD insert 第 1 次 等待 3 秒
2021-07-31 00:07:16 {"status":"ok","gid":449952,"msg":"添加成功！"}
2021-07-31 00:07:16 下次操作: 2021-07-31 00:07:29

2021-07-31 00:07:29 开始第 22 次操作

2021-07-31 00:07:29 开始操作号码 【1918335】
2021-07-31 00:07:33 GSD getOne 第 1 次 等待 3 秒
2021-07-31 00:07:36 查询号码 【1918335】，返回信息 {"status":"bad","msg":""}
2021-07-31 00:07:36 查询号码 【1918335】，GSD为【""】
2021-07-31 00:07:36 bad
2021-07-31 00:07:38 CHB 1918335?1627661256 第 1 次 等待 3 秒
2021-07-31 00:07:41 CHB 1918335?1627661256 第 1 次 获取到号码【1918335】GSD
2021-07-31 00:07:41 获取到号码【1918335】的GSD为【四川-乐山】
2021-07-31 00:07:44 GSD insert 第 1 次 等待 3 秒
2021-07-31 00:07:47 {"status":"ok","gid":449958,"msg":"添加成功！"}
2021-07-31 00:07:48 下次操作: 2021-07-31 00:08:10

2021-07-31 00:08:10 开始第 23 次操作

2021-07-31 00:08:10 开始操作号码 【1918334】
2021-07-31 00:08:15 GSD getOne 第 1 次 等待 3 秒
2021-07-31 00:08:18 查询号码 【1918334】，返回信息 {"status":"bad","msg":""}
2021-07-31 00:08:18 查询号码 【1918334】，GSD为【""】
2021-07-31 00:08:18 bad
2021-07-31 00:08:20 CHB 1918334?1627661298 第 1 次 等待 3 秒
2021-07-31 00:08:23 CHB 1918334?1627661298 第 1 次 获取到号码【1918334】GSD
2021-07-31 00:08:23 获取到号码【1918334】的GSD为【四川-眉山】
2021-07-31 00:08:27 GSD insert 第 1 次 等待 3 秒
2021-07-31 00:08:30 {"status":"ok","gid":449969,"msg":"添加成功！"}
2021-07-31 00:08:30 下次操作: 2021-07-31 00:08:46

2021-07-31 00:08:46 开始第 24 次操作

2021-07-31 00:08:46 开始操作号码 【1918333】
2021-07-31 00:08:49 GSD getOne 第 1 次 等待 3 秒
2021-07-31 00:08:52 查询号码 【1918333】，返回信息 {"status":"bad","msg":""}
2021-07-31 00:08:52 查询号码 【1918333】，GSD为【""】
2021-07-31 00:08:52 bad
2021-07-31 00:08:54 CHB 1918333?1627661332 第 1 次 等待 3 秒
2021-07-31 00:08:57 CHB 1918333?1627661332 第 1 次 获取到号码【1918333】GSD
2021-07-31 00:08:57 获取到号码【1918333】的GSD为【四川-眉山】
2021-07-31 00:09:04 GSD insert 第 1 次 等待 3 秒
2021-07-31 00:09:07 {"status":"ok","gid":449982,"msg":"添加成功！"}
2021-07-31 00:09:07 下次操作: 2021-07-31 00:09:29

2021-07-31 00:09:29 开始第 25 次操作

2021-07-31 00:09:29 开始操作号码 【1918332】
2021-07-31 00:09:35 GSD getOne 第 1 次 等待 3 秒
2021-07-31 00:09:38 查询号码 【1918332】，返回信息 {"status":"bad","msg":""}
2021-07-31 00:09:38 查询号码 【1918332】，GSD为【""】
2021-07-31 00:09:38 bad
2021-07-31 00:09:39 CHB 1918332?1627661378 第 1 次 等待 3 秒
2021-07-31 00:09:42 CHB 1918332?1627661378 第 1 次 获取到号码【1918332】GSD
2021-07-31 00:09:42 获取到号码【1918332】的GSD为【四川-眉山】
2021-07-31 00:09:46 GSD insert 第 1 次 等待 3 秒
2021-07-31 00:09:49 {"status":"ok","gid":449991,"msg":"添加成功！"}
2021-07-31 00:09:49 下次操作: 2021-07-31 00:10:10

2021-07-31 00:10:10 开始第 26 次操作

2021-07-31 00:10:10 开始操作号码 【1918331】
2021-07-31 00:10:17 GSD getOne 第 1 次 等待 3 秒
2021-07-31 00:10:20 查询号码 【1918331】，返回信息 {"status":"bad","msg":""}
2021-07-31 00:10:21 查询号码 【1918331】，GSD为【""】
2021-07-31 00:10:21 bad
2021-07-31 00:10:22 CHB 1918331?1627661421 第 1 次 等待 3 秒
2021-07-31 00:10:25 CHB 1918331?1627661421 第 1 次 获取到号码【1918331】GSD
2021-07-31 00:10:25 获取到号码【1918331】的GSD为【四川-眉山】
2021-07-31 00:10:35 GSD insert 第 1 次 等待 3 秒
2021-07-31 00:10:38 {"status":"ok","gid":450001,"msg":"添加成功！"}
2021-07-31 00:10:38 下次操作: 2021-07-31 00:10:59

2021-07-31 00:10:59 开始第 27 次操作

2021-07-31 00:10:59 开始操作号码 【1918330】
2021-07-31 00:11:03 GSD getOne 第 1 次 等待 3 秒
2021-07-31 00:11:06 查询号码 【1918330】，返回信息 {"status":"ok","msg":"四川-眉山","gid":"51925","time_insert":"2021-04-22 10:28"}
2021-07-31 00:11:06 查询号码 【1918330】，GSD为【"四川-眉山"】

2021-07-31 00:11:06 开始第 27 次操作

2021-07-31 00:11:06 开始操作号码 【1918329】
2021-07-31 00:11:12 GSD getOne 第 1 次 等待 3 秒
2021-07-31 00:11:15 查询号码 【1918329】，返回信息 {"status":"bad","msg":""}
2021-07-31 00:11:15 查询号码 【1918329】，GSD为【""】
2021-07-31 00:11:15 bad
2021-07-31 00:11:17 CHB 1918329?1627661475 第 1 次 等待 3 秒
2021-07-31 00:11:20 CHB 1918329?1627661475 第 1 次 获取到号码【1918329】GSD
2021-07-31 00:11:20 获取到号码【1918329】的GSD为【四川-内江】
2021-07-31 00:11:23 GSD insert 第 1 次 等待 3 秒
2021-07-31 00:11:26 {"status":"ok","gid":450019,"msg":"添加成功！"}
2021-07-31 00:11:26 下次操作: 2021-07-31 00:11:39

2021-07-31 00:11:39 开始第 28 次操作

2021-07-31 00:11:39 开始操作号码 【1918328】
2021-07-31 00:11:46 GSD getOne 第 1 次 等待 3 秒
2021-07-31 00:11:49 查询号码 【1918328】，返回信息 {"status":"ok","msg":"四川-内江","gid":"50420","time_insert":"2021-04-21 16:34"}
2021-07-31 00:11:49 查询号码 【1918328】，GSD为【"四川-内江"】

2021-07-31 00:11:49 开始第 28 次操作

2021-07-31 00:11:49 开始操作号码 【1918327】
2021-07-31 00:11:54 GSD getOne 第 1 次 等待 3 秒
2021-07-31 00:11:57 查询号码 【1918327】，返回信息 {"status":"ok","msg":"四川-内江","gid":"46270","time_insert":"2020-04-16 11:23","time_update":"2020-11-15 14:48"}
2021-07-31 00:11:57 查询号码 【1918327】，GSD为【"四川-内江"】

2021-07-31 00:11:57 开始第 28 次操作

2021-07-31 00:11:57 开始操作号码 【1918326】
2021-07-31 00:12:15 GSD getOne 第 1 次 等待 3 秒
2021-07-31 00:12:18 查询号码 【1918326】，返回信息 {"status":"bad","msg":""}
2021-07-31 00:12:18 查询号码 【1918326】，GSD为【""】
2021-07-31 00:12:18 bad
2021-07-31 00:12:19 CHB 1918326?1627661538 第 1 次 等待 3 秒
2021-07-31 00:12:22 CHB 1918326?1627661538 第 1 次 获取到号码【1918326】GSD
2021-07-31 00:12:22 获取到号码【1918326】的GSD为【四川-内江】
2021-07-31 00:12:26 GSD insert 第 1 次 等待 3 秒
2021-07-31 00:12:29 {"status":"ok","gid":450030,"msg":"添加成功！"}
2021-07-31 00:12:29 下次操作: 2021-07-31 00:12:47

2021-07-31 00:12:47 开始第 29 次操作

2021-07-31 00:12:47 开始操作号码 【1918325】
2021-07-31 00:12:55 GSD getOne 第 1 次 等待 3 秒
2021-07-31 00:12:58 查询号码 【1918325】，返回信息 {"status":"bad","msg":""}
2021-07-31 00:12:58 查询号码 【1918325】，GSD为【""】
2021-07-31 00:12:58 bad
2021-07-31 00:12:59 CHB 1918325?1627661578 第 1 次 等待 3 秒
2021-07-31 00:13:02 CHB 1918325?1627661578 第 1 次 获取到号码【1918325】GSD
2021-07-31 00:13:02 获取到号码【1918325】的GSD为【四川-内江】
2021-07-31 00:13:07 GSD insert 第 1 次 等待 3 秒
2021-07-31 00:13:10 {"status":"ok","gid":450038,"msg":"添加成功！"}
2021-07-31 00:13:10 下次操作: 2021-07-31 00:13:23

2021-07-31 00:13:23 开始第 30 次操作

2021-07-31 00:13:23 开始操作号码 【1918324】
2021-07-31 00:13:29 GSD getOne 第 1 次 等待 3 秒
2021-07-31 00:13:32 查询号码 【1918324】，返回信息 {"status":"bad","msg":""}
2021-07-31 00:13:32 查询号码 【1918324】，GSD为【""】
2021-07-31 00:13:32 bad
2021-07-31 00:13:33 CHB 1918324?1627661612 第 1 次 等待 3 秒
2021-07-31 00:13:36 CHB 1918324?1627661612 第 1 次 获取到号码【1918324】GSD
2021-07-31 00:13:36 获取到号码【1918324】的GSD为【四川-成都】
2021-07-31 00:13:40 GSD insert 第 1 次 等待 3 秒
2021-07-31 00:13:43 {"status":"ok","gid":450048,"msg":"添加成功！"}
2021-07-31 00:13:43 下次操作: 2021-07-31 00:13:58

2021-07-31 00:13:58 开始第 31 次操作

2021-07-31 00:13:58 开始操作号码 【1918323】
2021-07-31 00:14:10 GSD getOne 第 1 次 等待 3 秒
2021-07-31 00:14:13 查询号码 【1918323】，返回信息 {"status":"bad","msg":""}
2021-07-31 00:14:13 查询号码 【1918323】，GSD为【""】
2021-07-31 00:14:13 bad
2021-07-31 00:14:15 CHB 1918323?1627661653 第 1 次 等待 3 秒
2021-07-31 00:14:18 CHB 1918323?1627661653 第 1 次 获取到号码【1918323】GSD
2021-07-31 00:14:18 获取到号码【1918323】的GSD为【四川-成都】
2021-07-31 00:14:21 GSD insert 第 1 次 等待 3 秒
2021-07-31 00:14:24 {"status":"ok","gid":450060,"msg":"添加成功！"}
2021-07-31 00:14:24 下次操作: 2021-07-31 00:14:46

2021-07-31 00:14:46 开始第 32 次操作

2021-07-31 00:14:46 开始操作号码 【1918322】
2021-07-31 00:14:53 GSD getOne 第 1 次 等待 3 秒
2021-07-31 00:14:56 查询号码 【1918322】，返回信息 {"status":"bad","msg":""}
2021-07-31 00:14:56 查询号码 【1918322】，GSD为【""】
2021-07-31 00:14:56 bad
2021-07-31 00:14:58 CHB 1918322?1627661696 第 1 次 等待 3 秒
2021-07-31 00:15:01 CHB 1918322?1627661696 第 1 次 获取到号码【1918322】GSD
2021-07-31 00:15:01 获取到号码【1918322】的GSD为【四川-成都】
2021-07-31 00:15:05 GSD insert 第 1 次 等待 3 秒
2021-07-31 00:15:08 {"status":"ok","gid":450067,"msg":"添加成功！"}
2021-07-31 00:15:08 下次操作: 2021-07-31 00:15:26

2021-07-31 00:15:26 开始第 33 次操作

2021-07-31 00:15:26 开始操作号码 【1918321】
2021-07-31 00:15:31 GSD getOne 第 1 次 等待 3 秒
2021-07-31 00:15:34 查询号码 【1918321】，返回信息 {"status":"bad","msg":""}
2021-07-31 00:15:34 查询号码 【1918321】，GSD为【""】
2021-07-31 00:15:34 bad
2021-07-31 00:15:36 CHB 1918321?1627661734 第 1 次 等待 3 秒
2021-07-31 00:15:39 CHB 1918321?1627661734 第 1 次 获取到号码【1918321】GSD
2021-07-31 00:15:39 获取到号码【1918321】的GSD为【四川-成都】
2021-07-31 00:15:42 GSD insert 第 1 次 等待 3 秒
2021-07-31 00:15:45 {"status":"ok","gid":450075,"msg":"添加成功！"}
2021-07-31 00:15:45 下次操作: 2021-07-31 00:16:08

2021-07-31 00:16:08 开始第 34 次操作

2021-07-31 00:16:08 开始操作号码 【1918320】
2021-07-31 00:16:12 GSD getOne 第 1 次 等待 3 秒
2021-07-31 00:16:15 查询号码 【1918320】，返回信息 {"status":"bad","msg":""}
2021-07-31 00:16:15 查询号码 【1918320】，GSD为【""】
2021-07-31 00:16:15 bad
2021-07-31 00:16:16 CHB 1918320?1627661775 第 1 次 等待 3 秒
2021-07-31 00:16:19 CHB 1918320?1627661775 第 1 次 获取到号码【1918320】GSD
2021-07-31 00:16:19 获取到号码【1918320】的GSD为【四川-成都】
2021-07-31 00:16:23 GSD insert 第 1 次 等待 3 秒
2021-07-31 00:16:26 {"status":"ok","gid":450084,"msg":"添加成功！"}
2021-07-31 00:16:26 下次操作: 2021-07-31 00:16:49

2021-07-31 00:16:49 开始第 35 次操作

2021-07-31 00:16:49 开始操作号码 【1918319】
2021-07-31 00:16:52 GSD getOne 第 1 次 等待 3 秒
2021-07-31 00:16:55 查询号码 【1918319】，返回信息 {"status":"bad","msg":""}
2021-07-31 00:16:55 查询号码 【1918319】，GSD为【""】
2021-07-31 00:16:55 bad
2021-07-31 00:16:57 CHB 1918319?1627661815 第 1 次 等待 3 秒
2021-07-31 00:17:00 CHB 1918319?1627661815 第 1 次 获取到号码【1918319】GSD
2021-07-31 00:17:00 获取到号码【1918319】的GSD为【四川-自贡】
2021-07-31 00:17:08 GSD insert 第 1 次 等待 3 秒
2021-07-31 00:17:11 {"status":"ok","gid":450090,"msg":"添加成功！"}
2021-07-31 00:17:11 下次操作: 2021-07-31 00:17:32

2021-07-31 00:17:32 开始第 36 次操作

2021-07-31 00:17:32 开始操作号码 【1918318】
2021-07-31 00:17:35 GSD getOne 第 1 次 等待 3 秒
2021-07-31 00:17:38 查询号码 【1918318】，返回信息 {"status":"bad","msg":""}
2021-07-31 00:17:39 查询号码 【1918318】，GSD为【""】
2021-07-31 00:17:39 bad
2021-07-31 00:17:40 CHB 1918318?1627661859 第 1 次 等待 3 秒
2021-07-31 00:17:43 CHB 1918318?1627661859 第 1 次 获取到号码【1918318】GSD
2021-07-31 00:17:43 获取到号码【1918318】的GSD为【四川-自贡】
2021-07-31 00:17:55 GSD insert 第 1 次 等待 3 秒
2021-07-31 00:17:58 {"status":"ok","gid":450095,"msg":"添加成功！"}
2021-07-31 00:17:58 下次操作: 2021-07-31 00:18:16

2021-07-31 00:18:16 开始第 37 次操作

2021-07-31 00:18:16 开始操作号码 【1918317】
2021-07-31 00:18:20 GSD getOne 第 1 次 等待 3 秒
2021-07-31 00:18:23 查询号码 【1918317】，返回信息 {"status":"bad","msg":""}
2021-07-31 00:18:23 查询号码 【1918317】，GSD为【""】
2021-07-31 00:18:23 bad
2021-07-31 00:18:25 CHB 1918317?1627661903 第 1 次 等待 3 秒
2021-07-31 00:18:28 CHB 1918317?1627661903 第 1 次 获取到号码【1918317】GSD
2021-07-31 00:18:28 获取到号码【1918317】的GSD为【四川-自贡】
2021-07-31 00:18:32 GSD insert 第 1 次 等待 3 秒
2021-07-31 00:18:35 {"status":"ok","gid":450099,"msg":"添加成功！"}
2021-07-31 00:18:35 下次操作: 2021-07-31 00:18:53

2021-07-31 00:18:53 开始第 38 次操作

2021-07-31 00:18:53 开始操作号码 【1918316】
2021-07-31 00:18:56 GSD getOne 第 1 次 等待 3 秒
2021-07-31 00:18:59 查询号码 【1918316】，返回信息 {"status":"bad","msg":""}
2021-07-31 00:18:59 查询号码 【1918316】，GSD为【""】
2021-07-31 00:18:59 bad
2021-07-31 00:19:01 CHB 1918316?1627661939 第 1 次 等待 3 秒
2021-07-31 00:19:04 CHB 1918316?1627661939 第 1 次 获取到号码【1918316】GSD
2021-07-31 00:19:04 获取到号码【1918316】的GSD为【四川-自贡】
2021-07-31 00:19:07 GSD insert 第 1 次 等待 3 秒
2021-07-31 00:19:10 {"status":"ok","gid":450104,"msg":"添加成功！"}
2021-07-31 00:19:10 下次操作: 2021-07-31 00:19:31

2021-07-31 00:19:31 开始第 39 次操作

2021-07-31 00:19:31 开始操作号码 【1918315】
2021-07-31 00:19:35 GSD getOne 第 1 次 等待 3 秒
2021-07-31 00:19:38 查询号码 【1918315】，返回信息 {"status":"bad","msg":""}
2021-07-31 00:19:38 查询号码 【1918315】，GSD为【""】
2021-07-31 00:19:38 bad
2021-07-31 00:19:40 CHB 1918315?1627661978 第 1 次 等待 3 秒
2021-07-31 00:19:43 CHB 1918315?1627661978 第 1 次 获取到号码【1918315】GSD
2021-07-31 00:19:43 获取到号码【1918315】的GSD为【四川-自贡】
2021-07-31 00:19:48 GSD insert 第 1 次 等待 3 秒
2021-07-31 00:19:51 {"status":"ok","gid":450108,"msg":"添加成功！"}
2021-07-31 00:19:51 下次操作: 2021-07-31 00:20:07

2021-07-31 00:20:07 开始第 40 次操作

2021-07-31 00:20:07 开始操作号码 【1918314】
2021-07-31 00:20:11 GSD getOne 第 1 次 等待 3 秒
2021-07-31 00:20:14 查询号码 【1918314】，返回信息 {"status":"bad","msg":""}
2021-07-31 00:20:14 查询号码 【1918314】，GSD为【""】
2021-07-31 00:20:14 bad
2021-07-31 00:20:16 CHB 1918314?1627662014 第 1 次 等待 3 秒
2021-07-31 00:20:19 CHB 1918314?1627662014 第 1 次 获取到号码【1918314】GSD
2021-07-31 00:20:19 获取到号码【1918314】的GSD为【四川-宜宾】
2021-07-31 00:20:25 GSD insert 第 1 次 等待 3 秒
2021-07-31 00:20:28 {"status":"ok","gid":450114,"msg":"添加成功！"}

