2024-01-12 00:10:22 开始第 8485 次操作

2024-01-12 00:10:22 开始操作号码 【1878385】
2024-01-12 00:10:26 GSD getOne 第 1 次 等待 3 秒
2024-01-12 00:10:29 查询号码 【1878385】，返回信息 {"status":"ok","msg":"四川-德阳","gid":"43120","time_insert":"2016-11-04 09:22","time_update":"2020-11-13 11:05"}
2024-01-12 00:10:29 查询号码 【1878385】，GSD为【"四川-德阳"】

2024-01-12 00:10:30 开始第 8486 次操作

2024-01-12 00:10:30 开始操作号码 【1878386】
2024-01-12 00:10:33 GSD getOne 第 1 次 等待 3 秒
2024-01-12 00:10:36 查询号码 【1878386】，返回信息 {"status":"ok","msg":"四川-德阳","gid":"43121","time_insert":"2018-05-22 15:40","time_update":"2021-06-20 02:16"}
2024-01-12 00:10:36 查询号码 【1878386】，GSD为【"四川-德阳"】

2024-01-12 00:10:37 开始第 8487 次操作

2024-01-12 00:10:37 开始操作号码 【1878387】
2024-01-12 00:10:40 GSD getOne 第 1 次 等待 3 秒
2024-01-12 00:10:43 查询号码 【1878387】，返回信息 {"status":"ok","msg":"四川-德阳","gid":"43122","time_insert":"2018-03-15 11:55","time_update":"2020-11-13 11:14"}
2024-01-12 00:10:43 查询号码 【1878387】，GSD为【"四川-德阳"】

2024-01-12 00:10:44 开始第 8488 次操作

2024-01-12 00:10:44 开始操作号码 【1878388】
2024-01-12 00:10:48 GSD getOne 第 1 次 等待 3 秒
2024-01-12 00:10:51 查询号码 【1878388】，返回信息 {"status":"ok","msg":"四川-德阳","gid":"43123","time_insert":"2017-04-18 23:24","time_update":"2020-11-13 11:19"}
2024-01-12 00:10:51 查询号码 【1878388】，GSD为【"四川-德阳"】

