2023-10-15 00:08:23 开始第 3229 次操作

2023-10-15 00:08:23 开始操作号码 【1973195】
2023-10-15 00:08:30 GSD getOne 第 1 次 等待 3 秒
2023-10-15 00:08:33 查询号码 【1973195】，返回信息 {"status":"ok","msg":"-","gid":"554912","time_insert":"2023-02-25 21:52"}
2023-10-15 00:08:33 查询号码 【1973195】，GSD为【"-"】
2023-10-15 00:08:33 ok && -
2023-10-15 00:08:39 CHB 1973195?1697299713 第 1 次 等待 3 秒
2023-10-15 00:08:42 CHB 1973195?1697299713 第 1 次 获取到号码【1973195】GSD
2023-10-15 00:08:42 未获取到号码【1973195】GSD，可能号码格式错误
2023-10-15 00:08:42 获取到号码【1973195】的GSD为【-】
2023-10-15 00:08:48 GSD insert 第 1 次 等待 3 秒
2023-10-15 00:08:51 {"status":"bad","gid":"554912","msg":"添加失败！号码【1973195(-|-)】已存在！"}
2023-10-15 00:08:51 随机等待 184 秒，约 3 分钟
2023-10-15 00:08:51 下次操作: 2023-10-15 00:11:55

2023-10-15 00:11:55 开始第 3230 次操作

2023-10-15 00:11:55 开始操作号码 【1973196】
2023-10-15 00:11:59 GSD getOne 第 1 次 等待 3 秒
2023-10-15 00:12:02 查询号码 【1973196】，返回信息 {"status":"ok","msg":"-","gid":"554917","time_insert":"2023-02-25 21:54"}
2023-10-15 00:12:02 查询号码 【1973196】，GSD为【"-"】
2023-10-15 00:12:02 ok && -
2023-10-15 00:12:09 CHB 1973196?1697299922 第 1 次 等待 3 秒
2023-10-15 00:12:12 CHB 1973196?1697299922 第 1 次 获取到号码【1973196】GSD
2023-10-15 00:12:12 未获取到号码【1973196】GSD，可能号码格式错误
2023-10-15 00:12:12 获取到号码【1973196】的GSD为【-】
2023-10-15 00:12:17 GSD insert 第 1 次 等待 3 秒
2023-10-15 00:12:20 {"status":"bad","gid":"554917","msg":"添加失败！号码【1973196(-|-)】已存在！"}
2023-10-15 00:12:20 随机等待 197 秒，约 3 分钟
2023-10-15 00:12:20 下次操作: 2023-10-15 00:15:37

2023-10-15 00:15:37 开始第 3231 次操作

2023-10-15 00:15:37 开始操作号码 【1973197】
2023-10-15 00:15:41 GSD getOne 第 1 次 等待 3 秒
2023-10-15 00:15:44 查询号码 【1973197】，返回信息 {"status":"ok","msg":"-","gid":"554923","time_insert":"2023-02-25 21:57"}
2023-10-15 00:15:44 查询号码 【1973197】，GSD为【"-"】
2023-10-15 00:15:44 ok && -
2023-10-15 00:15:51 CHB 1973197?1697300144 第 1 次 等待 3 秒
2023-10-15 00:15:54 CHB 1973197?1697300144 第 1 次 获取到号码【1973197】GSD
2023-10-15 00:15:54 未获取到号码【1973197】GSD，可能号码格式错误
2023-10-15 00:15:54 获取到号码【1973197】的GSD为【-】
2023-10-15 00:15:58 GSD insert 第 1 次 等待 3 秒
2023-10-15 00:16:01 {"status":"bad","gid":"554923","msg":"添加失败！号码【1973197(-|-)】已存在！"}
2023-10-15 00:16:01 随机等待 133 秒，约 2 分钟
2023-10-15 00:16:01 下次操作: 2023-10-15 00:18:14

2023-10-15 00:18:14 开始第 3232 次操作

2023-10-15 00:18:14 开始操作号码 【1973198】
2023-10-15 00:18:24 GSD getOne 第 1 次 等待 3 秒
2023-10-15 00:18:27 查询号码 【1973198】，返回信息 {"status":"ok","msg":"-","gid":"554927","time_insert":"2023-02-25 21:59"}
2023-10-15 00:18:28 查询号码 【1973198】，GSD为【"-"】
2023-10-15 00:18:28 ok && -
2023-10-15 00:18:30 CHB 1973198?1697300308 第 1 次 等待 3 秒
2023-10-15 00:18:33 CHB 1973198?1697300308 第 1 次 获取到号码【1973198】GSD
2023-10-15 00:18:33 未获取到号码【1973198】GSD，可能号码格式错误
2023-10-15 00:18:33 获取到号码【1973198】的GSD为【-】
2023-10-15 00:18:40 GSD insert 第 1 次 等待 3 秒
2023-10-15 00:18:43 {"status":"bad","gid":"554927","msg":"添加失败！号码【1973198(-|-)】已存在！"}

2023-10-15 00:33:43 开始第 3233 次操作

2023-10-15 00:33:43 开始操作号码 【1973199】
2023-10-15 00:33:51 GSD getOne 第 1 次 等待 3 秒
2023-10-15 00:33:54 查询号码 【1973199】，返回信息 {"status":"ok","msg":"-","gid":"554935","time_insert":"2023-02-25 22:02"}
2023-10-15 00:33:54 查询号码 【1973199】，GSD为【"-"】
2023-10-15 00:33:54 ok && -
2023-10-15 00:33:55 CHB 1973199?1697301234 第 1 次 等待 3 秒
2023-10-15 00:33:58 CHB 1973199?1697301234 第 1 次 获取到号码【1973199】GSD
2023-10-15 00:33:58 未获取到号码【1973199】GSD，可能号码格式错误
2023-10-15 00:33:58 获取到号码【1973199】的GSD为【-】
2023-10-15 00:34:16 GSD insert 第 1 次 等待 3 秒
2023-10-15 00:34:19 {"status":"bad","gid":"554935","msg":"添加失败！号码【1973199(-|-)】已存在！"}
2023-10-15 00:34:19 随机等待 91 秒，约 1 分钟
2023-10-15 00:34:19 下次操作: 2023-10-15 00:35:50

2023-10-15 00:35:50 开始第 3234 次操作

2023-10-15 00:35:50 开始操作号码 【1973200】
2023-10-15 00:35:56 GSD getOne 第 1 次 等待 3 秒
2023-10-15 00:35:59 查询号码 【1973200】，返回信息 {"status":"ok","msg":"-","gid":"554944","time_insert":"2023-02-25 22:11"}
2023-10-15 00:35:59 查询号码 【1973200】，GSD为【"-"】
2023-10-15 00:35:59 ok && -
2023-10-15 00:36:01 CHB 1973200?1697301359 第 1 次 等待 3 秒
2023-10-15 00:36:04 CHB 1973200?1697301359 第 1 次 获取到号码【1973200】GSD
2023-10-15 00:36:04 未获取到号码【1973200】GSD，可能号码格式错误
2023-10-15 00:36:04 获取到号码【1973200】的GSD为【-】
2023-10-15 00:36:06 GSD insert 第 1 次 等待 3 秒
2023-10-15 00:36:09 {"status":"bad","gid":"554944","msg":"添加失败！号码【1973200(-|-)】已存在！"}
2023-10-15 00:36:09 随机等待 149 秒，约 2 分钟
2023-10-15 00:36:09 下次操作: 2023-10-15 00:38:38

2023-10-15 00:38:38 开始第 3235 次操作

2023-10-15 00:38:38 开始操作号码 【1973201】
2023-10-15 00:38:46 GSD getOne 第 1 次 等待 3 秒
2023-10-15 00:38:49 查询号码 【1973201】，返回信息 {"status":"ok","msg":"-","gid":"554950","time_insert":"2023-02-25 22:14"}
2023-10-15 00:38:49 查询号码 【1973201】，GSD为【"-"】
2023-10-15 00:38:49 ok && -
2023-10-15 00:38:51 CHB 1973201?1697301529 第 1 次 等待 3 秒
2023-10-15 00:38:54 CHB 1973201?1697301529 第 1 次 获取到号码【1973201】GSD
2023-10-15 00:38:54 未获取到号码【1973201】GSD，可能号码格式错误
2023-10-15 00:38:54 获取到号码【1973201】的GSD为【-】
2023-10-15 00:38:57 GSD insert 第 1 次 等待 3 秒
2023-10-15 00:39:00 {"status":"bad","gid":"554950","msg":"添加失败！号码【1973201(-|-)】已存在！"}
2023-10-15 00:39:00 随机等待 202 秒，约 3 分钟
2023-10-15 00:39:00 下次操作: 2023-10-15 00:42:22

2023-10-15 00:42:22 开始第 3236 次操作

2023-10-15 00:42:22 开始操作号码 【1973202】
2023-10-15 00:42:32 GSD getOne 第 1 次 等待 3 秒
2023-10-15 00:42:35 查询号码 【1973202】，返回信息 {"status":"ok","msg":"-","gid":"554954","time_insert":"2023-02-25 22:16"}
2023-10-15 00:42:35 查询号码 【1973202】，GSD为【"-"】
2023-10-15 00:42:35 ok && -
2023-10-15 00:42:37 CHB 1973202?1697301755 第 1 次 等待 3 秒
2023-10-15 00:42:40 CHB 1973202?1697301755 第 1 次 获取到号码【1973202】GSD
2023-10-15 00:42:40 未获取到号码【1973202】GSD，可能号码格式错误
2023-10-15 00:42:40 获取到号码【1973202】的GSD为【-】
2023-10-15 00:42:44 GSD insert 第 1 次 等待 3 秒
2023-10-15 00:42:47 {"status":"bad","gid":"554954","msg":"添加失败！号码【1973202(-|-)】已存在！"}

2023-10-15 01:06:04 开始第 3237 次操作

2023-10-15 01:06:04 开始操作号码 【1973203】
2023-10-15 01:06:09 GSD getOne 第 1 次 等待 3 秒
2023-10-15 01:06:12 查询号码 【1973203】，返回信息 {"status":"ok","msg":"-","gid":"554960","time_insert":"2023-02-25 22:19"}
2023-10-15 01:06:12 查询号码 【1973203】，GSD为【"-"】
2023-10-15 01:06:12 ok && -
2023-10-15 01:06:17 CHB 1973203?1697303172 第 1 次 等待 3 秒
2023-10-15 01:06:20 CHB 1973203?1697303172 第 1 次 获取到号码【1973203】GSD
2023-10-15 01:06:20 未获取到号码【1973203】GSD，可能号码格式错误
2023-10-15 01:06:20 获取到号码【1973203】的GSD为【-】
2023-10-15 01:06:26 GSD insert 第 1 次 等待 3 秒
2023-10-15 01:06:29 {"status":"bad","gid":"554960","msg":"添加失败！号码【1973203(-|-)】已存在！"}
2023-10-15 01:06:29 随机等待 95 秒，约 1 分钟
2023-10-15 01:06:29 下次操作: 2023-10-15 01:08:04

2023-10-15 01:08:04 开始第 3238 次操作

2023-10-15 01:08:04 开始操作号码 【1973204】
2023-10-15 01:08:08 GSD getOne 第 1 次 等待 3 秒
2023-10-15 01:08:11 查询号码 【1973204】，返回信息 {"status":"ok","msg":"-","gid":"554972","time_insert":"2023-02-25 22:27"}
2023-10-15 01:08:11 查询号码 【1973204】，GSD为【"-"】
2023-10-15 01:08:11 ok && -
2023-10-15 01:08:13 CHB 1973204?1697303291 第 1 次 等待 3 秒
2023-10-15 01:08:16 CHB 1973204?1697303291 第 1 次 获取到号码【1973204】GSD
2023-10-15 01:08:16 未获取到号码【1973204】GSD，可能号码格式错误
2023-10-15 01:08:16 获取到号码【1973204】的GSD为【-】
2023-10-15 01:08:22 GSD insert 第 1 次 等待 3 秒
2023-10-15 01:08:25 {"status":"bad","gid":"554972","msg":"添加失败！号码【1973204(-|-)】已存在！"}
2023-10-15 01:08:25 随机等待 71 秒，约 1 分钟
2023-10-15 01:08:25 下次操作: 2023-10-15 01:09:36

2023-10-15 01:09:36 开始第 3239 次操作

2023-10-15 01:09:36 开始操作号码 【1973205】
2023-10-15 01:09:49 GSD getOne 第 1 次 等待 3 秒
2023-10-15 01:09:52 查询号码 【1973205】，返回信息 {"status":"ok","msg":"-","gid":"554977","time_insert":"2023-02-25 22:30"}
2023-10-15 01:09:52 查询号码 【1973205】，GSD为【"-"】
2023-10-15 01:09:52 ok && -
2023-10-15 01:09:54 CHB 1973205?1697303392 第 1 次 等待 3 秒
2023-10-15 01:09:57 CHB 1973205?1697303392 第 1 次 获取到号码【1973205】GSD
2023-10-15 01:09:57 未获取到号码【1973205】GSD，可能号码格式错误
2023-10-15 01:09:57 获取到号码【1973205】的GSD为【-】
2023-10-15 01:10:03 GSD insert 第 1 次 等待 3 秒
2023-10-15 01:10:06 {"status":"bad","gid":"554977","msg":"添加失败！号码【1973205(-|-)】已存在！"}
2023-10-15 01:10:06 随机等待 187 秒，约 3 分钟
2023-10-15 01:10:06 下次操作: 2023-10-15 01:13:13

2023-10-15 01:13:13 开始第 3240 次操作

2023-10-15 01:13:13 开始操作号码 【1973206】
2023-10-15 01:13:15 GSD getOne 第 1 次 等待 3 秒
2023-10-15 01:13:18 查询号码 【1973206】，返回信息 {"status":"ok","msg":"-","gid":"554980","time_insert":"2023-02-25 22:32"}
2023-10-15 01:13:18 查询号码 【1973206】，GSD为【"-"】
2023-10-15 01:13:18 ok && -
2023-10-15 01:13:29 CHB 1973206?1697303598 第 1 次 等待 3 秒
2023-10-15 01:13:32 CHB 1973206?1697303598 第 1 次 获取到号码【1973206】GSD
2023-10-15 01:13:32 未获取到号码【1973206】GSD，可能号码格式错误
2023-10-15 01:13:32 获取到号码【1973206】的GSD为【-】
2023-10-15 01:13:39 GSD insert 第 1 次 等待 3 秒
2023-10-15 01:13:42 {"status":"bad","gid":"554980","msg":"添加失败！号码【1973206(-|-)】已存在！"}

2023-10-15 01:32:15 开始第 3241 次操作

2023-10-15 01:32:15 开始操作号码 【1973207】
2023-10-15 01:32:21 GSD getOne 第 1 次 等待 3 秒
2023-10-15 01:32:24 查询号码 【1973207】，返回信息 {"status":"ok","msg":"-","gid":"554987","time_insert":"2023-02-25 22:35"}
2023-10-15 01:32:24 查询号码 【1973207】，GSD为【"-"】
2023-10-15 01:32:24 ok && -
2023-10-15 01:32:30 CHB 1973207?1697304744 第 1 次 等待 3 秒
2023-10-15 01:32:33 CHB 1973207?1697304744 第 1 次 获取到号码【1973207】GSD
2023-10-15 01:32:33 未获取到号码【1973207】GSD，可能号码格式错误
2023-10-15 01:32:33 获取到号码【1973207】的GSD为【-】
2023-10-15 01:32:42 GSD insert 第 1 次 等待 3 秒
2023-10-15 01:32:45 {"status":"bad","gid":"554987","msg":"添加失败！号码【1973207(-|-)】已存在！"}
2023-10-15 01:32:45 随机等待 217 秒，约 3 分钟
2023-10-15 01:32:45 下次操作: 2023-10-15 01:36:22

2023-10-15 01:36:22 开始第 3242 次操作

2023-10-15 01:36:22 开始操作号码 【1973208】
2023-10-15 01:36:35 GSD getOne 第 1 次 等待 3 秒
2023-10-15 01:36:38 查询号码 【1973208】，返回信息 {"status":"ok","msg":"-","gid":"554990","time_insert":"2023-02-25 22:37"}
2023-10-15 01:36:38 查询号码 【1973208】，GSD为【"-"】
2023-10-15 01:36:38 ok && -
2023-10-15 01:36:39 CHB 1973208?1697304998 第 1 次 等待 3 秒
2023-10-15 01:36:42 CHB 1973208?1697304998 第 1 次 获取到号码【1973208】GSD
2023-10-15 01:36:43 未获取到号码【1973208】GSD，可能号码格式错误
2023-10-15 01:36:43 获取到号码【1973208】的GSD为【-】
2023-10-15 01:36:49 GSD insert 第 1 次 等待 3 秒
2023-10-15 01:36:52 {"status":"bad","gid":"554990","msg":"添加失败！号码【1973208(-|-)】已存在！"}
2023-10-15 01:36:52 随机等待 222 秒，约 3 分钟
2023-10-15 01:36:52 下次操作: 2023-10-15 01:40:34

2023-10-15 01:40:34 开始第 3243 次操作

2023-10-15 01:40:34 开始操作号码 【1973209】
2023-10-15 01:40:40 GSD getOne 第 1 次 等待 3 秒
2023-10-15 01:40:43 查询号码 【1973209】，返回信息 {"status":"ok","msg":"-","gid":"554995","time_insert":"2023-02-25 22:39"}
2023-10-15 01:40:43 查询号码 【1973209】，GSD为【"-"】
2023-10-15 01:40:43 ok && -
2023-10-15 01:40:48 CHB 1973209?1697305243 第 1 次 等待 3 秒
2023-10-15 01:40:51 CHB 1973209?1697305243 第 1 次 获取到号码【1973209】GSD
2023-10-15 01:40:52 未获取到号码【1973209】GSD，可能号码格式错误
2023-10-15 01:40:52 获取到号码【1973209】的GSD为【-】
2023-10-15 01:40:59 GSD insert 第 1 次 等待 3 秒
2023-10-15 01:41:02 {"status":"bad","gid":"554995","msg":"添加失败！号码【1973209(-|-)】已存在！"}
2023-10-15 01:41:02 随机等待 97 秒，约 1 分钟
2023-10-15 01:41:02 下次操作: 2023-10-15 01:42:39

2023-10-15 01:42:39 开始第 3244 次操作

2023-10-15 01:42:39 开始操作号码 【1973210】
2023-10-15 01:42:42 GSD getOne 第 1 次 等待 3 秒
2023-10-15 01:42:45 查询号码 【1973210】，返回信息 {"status":"ok","msg":"-","gid":"555000","time_insert":"2023-02-25 22:42"}
2023-10-15 01:42:45 查询号码 【1973210】，GSD为【"-"】
2023-10-15 01:42:45 ok && -
2023-10-15 01:42:51 CHB 1973210?1697305365 第 1 次 等待 3 秒
2023-10-15 01:42:54 CHB 1973210?1697305365 第 1 次 获取到号码【1973210】GSD
2023-10-15 01:42:54 未获取到号码【1973210】GSD，可能号码格式错误
2023-10-15 01:42:54 获取到号码【1973210】的GSD为【-】
2023-10-15 01:42:59 GSD insert 第 1 次 等待 3 秒
2023-10-15 01:43:02 {"status":"bad","gid":"555000","msg":"添加失败！号码【1973210(-|-)】已存在！"}

2023-10-15 02:08:46 开始第 3245 次操作

2023-10-15 02:08:46 开始操作号码 【1973211】
2023-10-15 02:08:48 GSD getOne 第 1 次 等待 3 秒
2023-10-15 02:08:51 查询号码 【1973211】，返回信息 {"status":"ok","msg":"-","gid":"555002","time_insert":"2023-02-25 22:43"}
2023-10-15 02:08:51 查询号码 【1973211】，GSD为【"-"】
2023-10-15 02:08:51 ok && -
2023-10-15 02:08:53 CHB 1973211?1697306931 第 1 次 等待 3 秒
2023-10-15 02:08:56 CHB 1973211?1697306931 第 1 次 获取到号码【1973211】GSD
2023-10-15 02:08:56 未获取到号码【1973211】GSD，可能号码格式错误
2023-10-15 02:08:56 获取到号码【1973211】的GSD为【-】
2023-10-15 02:09:00 GSD insert 第 1 次 等待 3 秒
2023-10-15 02:09:03 {"status":"bad","gid":"555002","msg":"添加失败！号码【1973211(-|-)】已存在！"}
2023-10-15 02:09:03 随机等待 133 秒，约 2 分钟
2023-10-15 02:09:03 下次操作: 2023-10-15 02:11:16

2023-10-15 02:11:16 开始第 3246 次操作

2023-10-15 02:11:16 开始操作号码 【1973212】
2023-10-15 02:11:20 GSD getOne 第 1 次 等待 3 秒
2023-10-15 02:11:23 查询号码 【1973212】，返回信息 {"status":"ok","msg":"-","gid":"555008","time_insert":"2023-02-25 22:46"}
2023-10-15 02:11:24 查询号码 【1973212】，GSD为【"-"】
2023-10-15 02:11:24 ok && -
2023-10-15 02:11:25 CHB 1973212?1697307084 第 1 次 等待 3 秒
2023-10-15 02:11:28 CHB 1973212?1697307084 第 1 次 获取到号码【1973212】GSD
2023-10-15 02:11:28 未获取到号码【1973212】GSD，可能号码格式错误
2023-10-15 02:11:28 获取到号码【1973212】的GSD为【-】
2023-10-15 02:11:32 GSD insert 第 1 次 等待 3 秒
2023-10-15 02:11:35 {"status":"bad","gid":"555008","msg":"添加失败！号码【1973212(-|-)】已存在！"}
2023-10-15 02:11:35 随机等待 78 秒，约 1 分钟
2023-10-15 02:11:35 下次操作: 2023-10-15 02:12:53

2023-10-15 02:12:53 开始第 3247 次操作

2023-10-15 02:12:53 开始操作号码 【1973213】
2023-10-15 02:13:03 GSD getOne 第 1 次 等待 3 秒
2023-10-15 02:13:06 查询号码 【1973213】，返回信息 {"status":"ok","msg":"-","gid":"555013","time_insert":"2023-02-25 22:50"}
2023-10-15 02:13:06 查询号码 【1973213】，GSD为【"-"】
2023-10-15 02:13:06 ok && -
2023-10-15 02:13:07 CHB 1973213?1697307186 第 1 次 等待 3 秒
2023-10-15 02:13:10 CHB 1973213?1697307186 第 1 次 获取到号码【1973213】GSD
2023-10-15 02:13:10 未获取到号码【1973213】GSD，可能号码格式错误
2023-10-15 02:13:10 获取到号码【1973213】的GSD为【-】
2023-10-15 02:13:14 GSD insert 第 1 次 等待 3 秒
2023-10-15 02:13:17 {"status":"bad","gid":"555013","msg":"添加失败！号码【1973213(-|-)】已存在！"}
2023-10-15 02:13:17 随机等待 68 秒，约 1 分钟
2023-10-15 02:13:17 下次操作: 2023-10-15 02:14:25

2023-10-15 02:14:25 开始第 3248 次操作

2023-10-15 02:14:25 开始操作号码 【1973214】
2023-10-15 02:14:28 GSD getOne 第 1 次 等待 3 秒
2023-10-15 02:14:31 查询号码 【1973214】，返回信息 {"status":"ok","msg":"-","gid":"555020","time_insert":"2023-02-25 22:53"}
2023-10-15 02:14:31 查询号码 【1973214】，GSD为【"-"】
2023-10-15 02:14:31 ok && -
2023-10-15 02:14:33 CHB 1973214?1697307271 第 1 次 等待 3 秒
2023-10-15 02:14:36 CHB 1973214?1697307271 第 1 次 获取到号码【1973214】GSD
2023-10-15 02:14:36 未获取到号码【1973214】GSD，可能号码格式错误
2023-10-15 02:14:36 获取到号码【1973214】的GSD为【-】
2023-10-15 02:14:43 GSD insert 第 1 次 等待 3 秒
2023-10-15 02:14:46 {"status":"bad","gid":"555020","msg":"添加失败！号码【1973214(-|-)】已存在！"}

