2024-02-02 00:09:10 开始第 1445 次操作

2024-02-02 00:09:10 开始操作号码 【1761345】
2024-02-02 00:09:15 GSD getOne 第 1 次 等待 3 秒
2024-02-02 00:09:18 查询号码 【1761345】，返回信息 {"status":"ok","msg":"河南-郑州","gid":"151188","time_insert":"2021-06-29 04:52"}
2024-02-02 00:09:18 查询号码 【1761345】，GSD为【"河南-郑州"】

2024-02-02 00:09:19 开始第 1446 次操作

2024-02-02 00:09:19 开始操作号码 【1761346】
2024-02-02 00:09:24 GSD getOne 第 1 次 等待 3 秒
2024-02-02 00:09:27 查询号码 【1761346】，返回信息 {"status":"ok","msg":"河南-郑州","gid":"151193","time_insert":"2021-06-29 04:52"}
2024-02-02 00:09:27 查询号码 【1761346】，GSD为【"河南-郑州"】

2024-02-02 00:09:28 开始第 1447 次操作

2024-02-02 00:09:28 开始操作号码 【1761347】
2024-02-02 00:09:32 GSD getOne 第 1 次 等待 3 秒
2024-02-02 00:09:35 查询号码 【1761347】，返回信息 {"status":"ok","msg":"河南-郑州","gid":"151197","time_insert":"2021-06-29 04:52"}
2024-02-02 00:09:35 查询号码 【1761347】，GSD为【"河南-郑州"】

2024-02-02 00:09:36 开始第 1448 次操作

2024-02-02 00:09:36 开始操作号码 【1761348】
2024-02-02 00:09:41 GSD getOne 第 1 次 等待 3 秒
2024-02-02 00:09:44 查询号码 【1761348】，返回信息 {"status":"ok","msg":"河南-漯河","gid":"151203","time_insert":"2021-06-29 04:53"}
2024-02-02 00:09:44 查询号码 【1761348】，GSD为【"河南-漯河"】

2024-02-02 00:33:22 开始第 1449 次操作

2024-02-02 00:33:22 开始操作号码 【1761349】
2024-02-02 00:33:29 GSD getOne 第 1 次 等待 3 秒
2024-02-02 00:33:32 查询号码 【1761349】，返回信息 {"status":"ok","msg":"河南-漯河","gid":"151375","time_insert":"2021-06-29 05:45"}
2024-02-02 00:33:32 查询号码 【1761349】，GSD为【"河南-漯河"】

2024-02-02 00:33:33 开始第 1450 次操作

2024-02-02 00:33:33 开始操作号码 【1761350】
2024-02-02 00:33:40 GSD getOne 第 1 次 等待 3 秒
2024-02-02 00:33:43 查询号码 【1761350】，返回信息 {"status":"ok","msg":"河南-漯河","gid":"151382","time_insert":"2021-06-29 05:45"}
2024-02-02 00:33:43 查询号码 【1761350】，GSD为【"河南-漯河"】

2024-02-02 00:33:44 开始第 1451 次操作

2024-02-02 00:33:44 开始操作号码 【1761351】
2024-02-02 00:33:49 GSD getOne 第 1 次 等待 3 秒
2024-02-02 00:33:52 查询号码 【1761351】，返回信息 {"status":"ok","msg":"河南-安阳","gid":"151389","time_insert":"2021-06-29 05:46"}
2024-02-02 00:33:52 查询号码 【1761351】，GSD为【"河南-安阳"】

2024-02-02 00:33:53 开始第 1452 次操作

2024-02-02 00:33:53 开始操作号码 【1761352】
2024-02-02 00:33:59 GSD getOne 第 1 次 等待 3 秒
2024-02-02 00:34:02 查询号码 【1761352】，返回信息 {"status":"ok","msg":"河南-安阳","gid":"151394","time_insert":"2021-06-29 05:46"}
2024-02-02 00:34:02 查询号码 【1761352】，GSD为【"河南-安阳"】

