2024-02-25 00:07:55 开始第 5677 次操作

2024-02-25 00:07:55 开始操作号码 【1765577】
2024-02-25 00:08:03 GSD getOne 第 1 次 等待 3 秒
2024-02-25 00:08:06 查询号码 【1765577】，返回信息 {"status":"ok","msg":"安徽-宿州","gid":"187355","time_insert":"2021-07-04 04:50"}
2024-02-25 00:08:06 查询号码 【1765577】，GSD为【"安徽-宿州"】

2024-02-25 00:08:07 开始第 5678 次操作

2024-02-25 00:08:07 开始操作号码 【1765578】
2024-02-25 00:08:12 GSD getOne 第 1 次 等待 3 秒
2024-02-25 00:08:15 查询号码 【1765578】，返回信息 {"status":"ok","msg":"安徽-亳州","gid":"187349","time_insert":"2021-07-04 04:50"}
2024-02-25 00:08:15 查询号码 【1765578】，GSD为【"安徽-亳州"】

2024-02-25 00:08:16 开始第 5679 次操作

2024-02-25 00:08:16 开始操作号码 【1765579】
2024-02-25 00:08:20 GSD getOne 第 1 次 等待 3 秒
2024-02-25 00:08:23 查询号码 【1765579】，返回信息 {"status":"ok","msg":"安徽-阜阳","gid":"187340","time_insert":"2021-07-04 04:49"}
2024-02-25 00:08:23 查询号码 【1765579】，GSD为【"安徽-阜阳"】

2024-02-25 00:08:24 开始第 5680 次操作

2024-02-25 00:08:24 开始操作号码 【1765580】
2024-02-25 00:08:31 GSD getOne 第 1 次 等待 3 秒
2024-02-25 00:08:34 查询号码 【1765580】，返回信息 {"status":"ok","msg":"安徽-滁州","gid":"187335","time_insert":"2021-07-04 04:49"}
2024-02-25 00:08:34 查询号码 【1765580】，GSD为【"安徽-滁州"】

