2024-04-12 00:08:31 开始第 3309 次操作

2024-04-12 00:08:31 开始操作号码 【1653210】
2024-04-12 00:08:37 GSD getOne 第 1 次 等待 3 秒
2024-04-12 00:08:40 查询号码 【1653210】，返回信息 {"status":"ok","msg":"山东-菏泽","gid":"254437","time_insert":"2021-07-12 06:47"}
2024-04-12 00:08:40 查询号码 【1653210】，GSD为【"山东-菏泽"】

2024-04-12 00:08:41 开始第 3310 次操作

2024-04-12 00:08:41 开始操作号码 【1653211】
2024-04-12 00:08:47 GSD getOne 第 1 次 等待 3 秒
2024-04-12 00:08:50 查询号码 【1653211】，返回信息 {"status":"ok","msg":"山东-临沂","gid":"254452","time_insert":"2021-07-12 06:48"}
2024-04-12 00:08:50 查询号码 【1653211】，GSD为【"山东-临沂"】

2024-04-12 00:08:51 开始第 3311 次操作

2024-04-12 00:08:51 开始操作号码 【1653212】
2024-04-12 00:08:56 GSD getOne 第 1 次 等待 3 秒
2024-04-12 00:08:59 查询号码 【1653212】，返回信息 {"status":"ok","msg":"辽宁-阜新","gid":"254463","time_insert":"2021-07-12 06:49"}
2024-04-12 00:08:59 查询号码 【1653212】，GSD为【"辽宁-阜新"】

2024-04-12 00:09:00 开始第 3312 次操作

2024-04-12 00:09:00 开始操作号码 【1653213】
2024-04-12 00:09:05 GSD getOne 第 1 次 等待 3 秒
2024-04-12 00:09:08 查询号码 【1653213】，返回信息 {"status":"ok","msg":"山东-济宁","gid":"254477","time_insert":"2021-07-12 06:50"}
2024-04-12 00:09:08 查询号码 【1653213】，GSD为【"山东-济宁"】

