2023-10-28 00:09:08 开始第 5605 次操作

2023-10-28 00:09:08 开始操作号码 【1975515】
2023-10-28 00:09:13 GSD getOne 第 1 次 等待 3 秒
2023-10-28 00:09:16 查询号码 【1975515】，返回信息 {"status":"ok","msg":"-","gid":"569802","time_insert":"2023-03-04 19:12"}
2023-10-28 00:09:16 查询号码 【1975515】，GSD为【"-"】
2023-10-28 00:09:16 ok && -
2023-10-28 00:09:23 CHB 1975515?1698422956 第 1 次 等待 3 秒
2023-10-28 00:09:26 CHB 1975515?1698422956 第 1 次 获取到号码【1975515】GSD
2023-10-28 00:09:26 未获取到号码【1975515】GSD，可能号码格式错误
2023-10-28 00:09:26 获取到号码【1975515】的GSD为【-】
2023-10-28 00:09:33 GSD insert 第 1 次 等待 3 秒
2023-10-28 00:09:36 {"status":"bad","gid":"569802","msg":"添加失败！号码【1975515(-|-)】已存在！"}
2023-10-28 00:09:36 随机等待 230 秒，约 3 分钟
2023-10-28 00:09:36 下次操作: 2023-10-28 00:13:26

2023-10-28 00:13:26 开始第 5606 次操作

2023-10-28 00:13:26 开始操作号码 【1975516】
2023-10-28 00:13:29 GSD getOne 第 1 次 等待 3 秒
2023-10-28 00:13:32 查询号码 【1975516】，返回信息 {"status":"ok","msg":"-","gid":"569804","time_insert":"2023-03-04 19:14"}
2023-10-28 00:13:32 查询号码 【1975516】，GSD为【"-"】
2023-10-28 00:13:32 ok && -
2023-10-28 00:13:35 CHB 1975516?1698423212 第 1 次 等待 3 秒
2023-10-28 00:13:38 CHB 1975516?1698423212 第 1 次 获取到号码【1975516】GSD
2023-10-28 00:13:38 未获取到号码【1975516】GSD，可能号码格式错误
2023-10-28 00:13:38 获取到号码【1975516】的GSD为【-】
2023-10-28 00:13:41 GSD insert 第 1 次 等待 3 秒
2023-10-28 00:13:44 {"status":"bad","gid":"569804","msg":"添加失败！号码【1975516(-|-)】已存在！"}
2023-10-28 00:13:44 随机等待 115 秒，约 1 分钟
2023-10-28 00:13:44 下次操作: 2023-10-28 00:15:39

2023-10-28 00:15:39 开始第 5607 次操作

2023-10-28 00:15:39 开始操作号码 【1975517】
2023-10-28 00:15:42 GSD getOne 第 1 次 等待 3 秒
2023-10-28 00:15:45 查询号码 【1975517】，返回信息 {"status":"ok","msg":"-","gid":"569809","time_insert":"2023-03-04 19:16"}
2023-10-28 00:15:45 查询号码 【1975517】，GSD为【"-"】
2023-10-28 00:15:45 ok && -
2023-10-28 00:15:51 CHB 1975517?1698423345 第 1 次 等待 3 秒
2023-10-28 00:15:54 CHB 1975517?1698423345 第 1 次 获取到号码【1975517】GSD
2023-10-28 00:15:54 未获取到号码【1975517】GSD，可能号码格式错误
2023-10-28 00:15:54 获取到号码【1975517】的GSD为【-】
2023-10-28 00:15:57 GSD insert 第 1 次 等待 3 秒
2023-10-28 00:16:00 {"status":"bad","gid":"569809","msg":"添加失败！号码【1975517(-|-)】已存在！"}
2023-10-28 00:16:00 随机等待 197 秒，约 3 分钟
2023-10-28 00:16:00 下次操作: 2023-10-28 00:19:17

2023-10-28 00:19:17 开始第 5608 次操作

2023-10-28 00:19:17 开始操作号码 【1975518】
2023-10-28 00:19:23 GSD getOne 第 1 次 等待 3 秒
2023-10-28 00:19:27 查询号码 【1975518】，返回信息 {"status":"ok","msg":"-","gid":"569820","time_insert":"2023-03-04 19:24"}
2023-10-28 00:19:27 查询号码 【1975518】，GSD为【"-"】
2023-10-28 00:19:27 ok && -
2023-10-28 00:19:33 CHB 1975518?1698423567 第 1 次 等待 3 秒
2023-10-28 00:19:36 CHB 1975518?1698423567 第 1 次 获取到号码【1975518】GSD
2023-10-28 00:19:36 未获取到号码【1975518】GSD，可能号码格式错误
2023-10-28 00:19:36 获取到号码【1975518】的GSD为【-】
2023-10-28 00:19:40 GSD insert 第 1 次 等待 3 秒
2023-10-28 00:19:43 {"status":"bad","gid":"569820","msg":"添加失败！号码【1975518(-|-)】已存在！"}

