2024-05-05 00:08:25 开始第 7385 次操作

2024-05-05 00:08:25 开始操作号码 【1657286】
2024-05-05 00:08:36 GSD getOne 第 1 次 等待 3 秒
2024-05-05 00:08:39 查询号码 【1657286】，返回信息 {"status":"ok","msg":"山东-青岛","gid":"302920","time_insert":"2021-07-17 12:14"}
2024-05-05 00:08:39 查询号码 【1657286】，GSD为【"山东-青岛"】

2024-05-05 00:08:40 开始第 7386 次操作

2024-05-05 00:08:40 开始操作号码 【1657287】
2024-05-05 00:08:53 GSD getOne 第 1 次 等待 3 秒
2024-05-05 00:08:56 查询号码 【1657287】，返回信息 {"status":"ok","msg":"山东-青岛","gid":"302924","time_insert":"2021-07-17 12:15"}
2024-05-05 00:08:56 查询号码 【1657287】，GSD为【"山东-青岛"】

2024-05-05 00:08:57 开始第 7387 次操作

2024-05-05 00:08:57 开始操作号码 【1657288】
2024-05-05 00:09:04 GSD getOne 第 1 次 等待 3 秒
2024-05-05 00:09:07 查询号码 【1657288】，返回信息 {"status":"ok","msg":"山东-临沂","gid":"302932","time_insert":"2021-07-17 12:16"}
2024-05-05 00:09:07 查询号码 【1657288】，GSD为【"山东-临沂"】

2024-05-05 00:09:08 开始第 7388 次操作

2024-05-05 00:09:08 开始操作号码 【1657289】
2024-05-05 00:09:15 GSD getOne 第 1 次 等待 3 秒
2024-05-05 00:09:18 查询号码 【1657289】，返回信息 {"status":"ok","msg":"黑龙江-绥化","gid":"302936","time_insert":"2021-07-17 12:17"}
2024-05-05 00:09:18 查询号码 【1657289】，GSD为【"黑龙江-绥化"】

2024-05-05 00:33:49 开始第 7389 次操作

2024-05-05 00:33:49 开始操作号码 【1657290】
2024-05-05 00:33:55 GSD getOne 第 1 次 等待 3 秒
2024-05-05 00:33:58 查询号码 【1657290】，返回信息 {"status":"ok","msg":"黑龙江-黑河","gid":"302942","time_insert":"2021-07-17 12:18"}
2024-05-05 00:33:58 查询号码 【1657290】，GSD为【"黑龙江-黑河"】

2024-05-05 00:33:59 开始第 7390 次操作

2024-05-05 00:33:59 开始操作号码 【1657291】
2024-05-05 00:34:16 GSD getOne 第 1 次 等待 3 秒
2024-05-05 00:34:19 查询号码 【1657291】，返回信息 {"status":"ok","msg":"山东-青岛","gid":"302947","time_insert":"2021-07-17 12:18"}
2024-05-05 00:34:19 查询号码 【1657291】，GSD为【"山东-青岛"】

2024-05-05 00:34:20 开始第 7391 次操作

2024-05-05 00:34:20 开始操作号码 【1657292】
2024-05-05 00:34:30 GSD getOne 第 1 次 等待 3 秒
2024-05-05 00:34:33 查询号码 【1657292】，返回信息 {"status":"ok","msg":"辽宁-锦州","gid":"302949","time_insert":"2021-07-17 12:19"}
2024-05-05 00:34:33 查询号码 【1657292】，GSD为【"辽宁-锦州"】

2024-05-05 00:34:34 开始第 7392 次操作

2024-05-05 00:34:34 开始操作号码 【1657293】
2024-05-05 00:34:43 GSD getOne 第 1 次 等待 3 秒
2024-05-05 00:34:46 查询号码 【1657293】，返回信息 {"status":"ok","msg":"山东-临沂","gid":"302951","time_insert":"2021-07-17 12:20"}
2024-05-05 00:34:46 查询号码 【1657293】，GSD为【"山东-临沂"】

