2024-08-24 00:27:13 开始第 789 次操作

2024-08-24 00:27:13 开始操作号码 【1430788】
2024-08-24 00:27:21 GSD getOne 第 1 次 等待 3 秒
2024-08-24 00:27:24 查询号码 【1430788】，返回信息 {"status":"ok","msg":"-","gid":"529112","time_insert":"2023-02-13 15:28"}
2024-08-24 00:27:24 查询号码 【1430788】，GSD为【"-"】
2024-08-24 00:27:24 ok && -
2024-08-24 00:27:26 CHB 1430788?1724430444 第 1 次 等待 3 秒
2024-08-24 00:27:29 CHB 1430788?1724430444 第 1 次 获取到号码【1430788】GSD
2024-08-24 00:27:29 未获取到号码【1430788】GSD，可能号码格式错误
2024-08-24 00:27:29 获取到号码【1430788】的GSD为【-】
2024-08-24 00:27:36 GSD insert 第 1 次 等待 3 秒
2024-08-24 00:27:39 {"status":"bad","gid":"529112","msg":"添加失败！号码【1430788(-|-)】已存在！"}
2024-08-24 00:27:39 随机等待 101 秒，约 1 分钟
2024-08-24 00:27:39 下次操作: 2024-08-24 00:29:20

2024-08-24 00:29:20 开始第 790 次操作

2024-08-24 00:29:20 开始操作号码 【1430789】
2024-08-24 00:29:28 GSD getOne 第 1 次 等待 3 秒
2024-08-24 00:29:31 查询号码 【1430789】，返回信息 {"status":"ok","msg":"-","gid":"529126","time_insert":"2023-02-13 15:40"}
2024-08-24 00:29:31 查询号码 【1430789】，GSD为【"-"】
2024-08-24 00:29:31 ok && -
2024-08-24 00:29:34 CHB 1430789?1724430571 第 1 次 等待 3 秒
2024-08-24 00:29:37 CHB 1430789?1724430571 第 1 次 获取到号码【1430789】GSD
2024-08-24 00:29:37 未获取到号码【1430789】GSD，可能号码格式错误
2024-08-24 00:29:37 获取到号码【1430789】的GSD为【-】
2024-08-24 00:29:45 GSD insert 第 1 次 等待 3 秒
2024-08-24 00:29:48 {"status":"bad","gid":"529126","msg":"添加失败！号码【1430789(-|-)】已存在！"}
2024-08-24 00:29:48 随机等待 75 秒，约 1 分钟
2024-08-24 00:29:48 下次操作: 2024-08-24 00:31:03

2024-08-24 00:31:03 开始第 791 次操作

2024-08-24 00:31:03 开始操作号码 【1430790】
2024-08-24 00:31:20 GSD getOne 第 1 次 等待 3 秒
2024-08-24 00:31:23 查询号码 【1430790】，返回信息 {"status":"ok","msg":"-","gid":"529139","time_insert":"2023-02-13 15:51"}
2024-08-24 00:31:23 查询号码 【1430790】，GSD为【"-"】
2024-08-24 00:31:23 ok && -
2024-08-24 00:31:24 CHB 1430790?1724430683 第 1 次 等待 3 秒
2024-08-24 00:31:27 CHB 1430790?1724430683 第 1 次 获取到号码【1430790】GSD
2024-08-24 00:31:27 未获取到号码【1430790】GSD，可能号码格式错误
2024-08-24 00:31:27 获取到号码【1430790】的GSD为【-】
2024-08-24 00:31:36 GSD insert 第 1 次 等待 3 秒
2024-08-24 00:31:39 {"status":"bad","gid":"529139","msg":"添加失败！号码【1430790(-|-)】已存在！"}
2024-08-24 00:31:39 随机等待 117 秒，约 1 分钟
2024-08-24 00:31:39 下次操作: 2024-08-24 00:33:36

2024-08-24 00:33:36 开始第 792 次操作

2024-08-24 00:33:36 开始操作号码 【1430791】
2024-08-24 00:33:43 GSD getOne 第 1 次 等待 3 秒
2024-08-24 00:33:46 查询号码 【1430791】，返回信息 {"status":"ok","msg":"-","gid":"529156","time_insert":"2023-02-13 16:04"}
2024-08-24 00:33:46 查询号码 【1430791】，GSD为【"-"】
2024-08-24 00:33:46 ok && -
2024-08-24 00:33:48 CHB 1430791?1724430826 第 1 次 等待 3 秒
2024-08-24 00:33:51 CHB 1430791?1724430826 第 1 次 获取到号码【1430791】GSD
2024-08-24 00:33:51 未获取到号码【1430791】GSD，可能号码格式错误
2024-08-24 00:33:51 获取到号码【1430791】的GSD为【-】
2024-08-24 00:34:03 GSD insert 第 1 次 等待 3 秒
2024-08-24 00:34:06 {"status":"bad","gid":"529156","msg":"添加失败！号码【1430791(-|-)】已存在！"}

