2023-12-01 00:10:16 开始第 765 次操作

2023-12-01 00:10:16 开始操作号码 【1870665】
2023-12-01 00:10:20 GSD getOne 第 1 次 等待 3 秒
2023-12-01 00:10:23 查询号码 【1870665】，返回信息 {"status":"ok","msg":"山东-东营","gid":"390644","time_insert":"2021-07-25 15:39"}
2023-12-01 00:10:23 查询号码 【1870665】，GSD为【"山东-东营"】

2023-12-01 00:10:24 开始第 766 次操作

2023-12-01 00:10:24 开始操作号码 【1870666】
2023-12-01 00:10:28 GSD getOne 第 1 次 等待 3 秒
2023-12-01 00:10:31 查询号码 【1870666】，返回信息 {"status":"ok","msg":"山东-东营","gid":"390917","time_insert":"2021-07-25 15:54"}
2023-12-01 00:10:31 查询号码 【1870666】，GSD为【"山东-东营"】

2023-12-01 00:10:32 开始第 767 次操作

2023-12-01 00:10:32 开始操作号码 【1870667】
2023-12-01 00:10:36 GSD getOne 第 1 次 等待 3 秒
2023-12-01 00:10:39 查询号码 【1870667】，返回信息 {"status":"ok","msg":"山东-潍坊","gid":"391037","time_insert":"2021-07-25 16:08"}
2023-12-01 00:10:39 查询号码 【1870667】，GSD为【"山东-潍坊"】

2023-12-01 00:10:40 开始第 768 次操作

2023-12-01 00:10:40 开始操作号码 【1870668】
2023-12-01 00:10:45 GSD getOne 第 1 次 等待 3 秒
2023-12-01 00:10:48 查询号码 【1870668】，返回信息 {"status":"ok","msg":"山东-潍坊","gid":"391090","time_insert":"2021-07-25 16:22"}
2023-12-01 00:10:48 查询号码 【1870668】，GSD为【"山东-潍坊"】

2023-12-01 00:38:48 开始第 769 次操作

2023-12-01 00:38:48 开始操作号码 【1870669】
2023-12-01 00:38:53 GSD getOne 第 1 次 等待 3 秒
2023-12-01 00:38:56 查询号码 【1870669】，返回信息 {"status":"ok","msg":"山东-潍坊","gid":"391135","time_insert":"2021-07-25 16:33","time_update":"2021-08-03 02:30"}
2023-12-01 00:38:56 查询号码 【1870669】，GSD为【"山东-潍坊"】

2023-12-01 00:38:57 开始第 770 次操作

2023-12-01 00:38:57 开始操作号码 【1870670】
2023-12-01 00:39:01 GSD getOne 第 1 次 等待 3 秒
2023-12-01 00:39:04 查询号码 【1870670】，返回信息 {"status":"ok","msg":"陕西-西安","gid":"391285","time_insert":"2021-07-25 16:47"}
2023-12-01 00:39:04 查询号码 【1870670】，GSD为【"陕西-西安"】

2023-12-01 00:39:05 开始第 771 次操作

2023-12-01 00:39:05 开始操作号码 【1870671】
2023-12-01 00:39:09 GSD getOne 第 1 次 等待 3 秒
2023-12-01 00:39:12 查询号码 【1870671】，返回信息 {"status":"ok","msg":"陕西-西安","gid":"391476","time_insert":"2021-07-25 17:00"}
2023-12-01 00:39:12 查询号码 【1870671】，GSD为【"陕西-西安"】

2023-12-01 00:39:13 开始第 772 次操作

2023-12-01 00:39:13 开始操作号码 【1870672】
2023-12-01 00:39:16 GSD getOne 第 1 次 等待 3 秒
2023-12-01 00:39:19 查询号码 【1870672】，返回信息 {"status":"ok","msg":"陕西-西安","gid":"41651","time_insert":"2015-03-27 15:32","time_update":"2020-12-10 06:30"}
2023-12-01 00:39:19 查询号码 【1870672】，GSD为【"陕西-西安"】

2023-12-01 01:07:42 开始第 773 次操作

2023-12-01 01:07:42 开始操作号码 【1870673】
2023-12-01 01:07:47 GSD getOne 第 1 次 等待 3 秒
2023-12-01 01:07:50 查询号码 【1870673】，返回信息 {"status":"ok","msg":"陕西-西安","gid":"391604","time_insert":"2021-07-25 17:14"}
2023-12-01 01:07:50 查询号码 【1870673】，GSD为【"陕西-西安"】

2023-12-01 01:07:51 开始第 774 次操作

2023-12-01 01:07:51 开始操作号码 【1870674】
2023-12-01 01:07:55 GSD getOne 第 1 次 等待 3 秒
2023-12-01 01:07:58 查询号码 【1870674】，返回信息 {"status":"ok","msg":"陕西-西安","gid":"49588","time_insert":"2021-04-20 17:41"}
2023-12-01 01:07:58 查询号码 【1870674】，GSD为【"陕西-西安"】

2023-12-01 01:07:59 开始第 775 次操作

2023-12-01 01:07:59 开始操作号码 【1870675】
2023-12-01 01:08:02 GSD getOne 第 1 次 等待 3 秒
2023-12-01 01:08:05 查询号码 【1870675】，返回信息 {"status":"ok","msg":"陕西-西安","gid":"391665","time_insert":"2021-07-25 17:29"}
2023-12-01 01:08:05 查询号码 【1870675】，GSD为【"陕西-西安"】

2023-12-01 01:08:06 开始第 776 次操作

2023-12-01 01:08:06 开始操作号码 【1870676】
2023-12-01 01:08:10 GSD getOne 第 1 次 等待 3 秒
2023-12-01 01:08:13 查询号码 【1870676】，返回信息 {"status":"ok","msg":"陕西-西安","gid":"238792","time_insert":"2021-07-10 10:55","time_update":"2021-07-25 17:41"}
2023-12-01 01:08:13 查询号码 【1870676】，GSD为【"陕西-西安"】

