2023-11-12 00:08:21 开始第 8345 次操作

2023-11-12 00:08:21 开始操作号码 【1978244】
2023-11-12 00:08:31 GSD getOne 第 1 次 等待 3 秒
2023-11-12 00:08:34 查询号码 【1978244】，返回信息 {"status":"ok","msg":"-","gid":"586407","time_insert":"2023-03-12 18:53"}
2023-11-12 00:08:34 查询号码 【1978244】，GSD为【"-"】
2023-11-12 00:08:34 ok && -
2023-11-12 00:08:36 CHB 1978244?1699718914 第 1 次 等待 3 秒
2023-11-12 00:08:39 CHB 1978244?1699718914 第 1 次 获取到号码【1978244】GSD
2023-11-12 00:08:40 未获取到号码【1978244】GSD，可能号码格式错误
2023-11-12 00:08:40 获取到号码【1978244】的GSD为【-】
2023-11-12 00:08:44 GSD insert 第 1 次 等待 3 秒
2023-11-12 00:08:47 {"status":"bad","gid":"586407","msg":"添加失败！号码【1978244(-|-)】已存在！"}
2023-11-12 00:08:47 随机等待 185 秒，约 3 分钟
2023-11-12 00:08:47 下次操作: 2023-11-12 00:11:52

2023-11-12 00:11:52 开始第 8346 次操作

2023-11-12 00:11:52 开始操作号码 【1978245】
2023-11-12 00:11:58 GSD getOne 第 1 次 等待 3 秒
2023-11-12 00:12:01 查询号码 【1978245】，返回信息 {"status":"ok","msg":"-","gid":"586411","time_insert":"2023-03-12 18:56"}
2023-11-12 00:12:01 查询号码 【1978245】，GSD为【"-"】
2023-11-12 00:12:01 ok && -
2023-11-12 00:12:03 CHB 1978245?1699719121 第 1 次 等待 3 秒
2023-11-12 00:12:06 CHB 1978245?1699719121 第 1 次 获取到号码【1978245】GSD
2023-11-12 00:12:06 未获取到号码【1978245】GSD，可能号码格式错误
2023-11-12 00:12:06 获取到号码【1978245】的GSD为【-】
2023-11-12 00:12:09 GSD insert 第 1 次 等待 3 秒
2023-11-12 00:12:12 {"status":"bad","gid":"586411","msg":"添加失败！号码【1978245(-|-)】已存在！"}
2023-11-12 00:12:12 随机等待 222 秒，约 3 分钟
2023-11-12 00:12:12 下次操作: 2023-11-12 00:15:54

2023-11-12 00:15:54 开始第 8347 次操作

2023-11-12 00:15:54 开始操作号码 【1978246】
2023-11-12 00:15:58 GSD getOne 第 1 次 等待 3 秒
2023-11-12 00:16:01 查询号码 【1978246】，返回信息 {"status":"ok","msg":"-","gid":"586415","time_insert":"2023-03-12 18:57"}
2023-11-12 00:16:01 查询号码 【1978246】，GSD为【"-"】
2023-11-12 00:16:01 ok && -
2023-11-12 00:16:03 CHB 1978246?1699719361 第 1 次 等待 3 秒
2023-11-12 00:16:06 CHB 1978246?1699719361 第 1 次 获取到号码【1978246】GSD
2023-11-12 00:16:06 未获取到号码【1978246】GSD，可能号码格式错误
2023-11-12 00:16:06 获取到号码【1978246】的GSD为【-】
2023-11-12 00:16:09 GSD insert 第 1 次 等待 3 秒
2023-11-12 00:16:12 {"status":"bad","gid":"586415","msg":"添加失败！号码【1978246(-|-)】已存在！"}
2023-11-12 00:16:12 随机等待 205 秒，约 3 分钟
2023-11-12 00:16:12 下次操作: 2023-11-12 00:19:37

2023-11-12 00:19:37 开始第 8348 次操作

2023-11-12 00:19:37 开始操作号码 【1978247】
2023-11-12 00:19:40 GSD getOne 第 1 次 等待 3 秒
2023-11-12 00:19:43 查询号码 【1978247】，返回信息 {"status":"ok","msg":"-","gid":"586422","time_insert":"2023-03-12 19:00"}
2023-11-12 00:19:43 查询号码 【1978247】，GSD为【"-"】
2023-11-12 00:19:43 ok && -
2023-11-12 00:19:45 CHB 1978247?1699719583 第 1 次 等待 3 秒
2023-11-12 00:19:48 CHB 1978247?1699719583 第 1 次 获取到号码【1978247】GSD
2023-11-12 00:19:48 未获取到号码【1978247】GSD，可能号码格式错误
2023-11-12 00:19:48 获取到号码【1978247】的GSD为【-】
2023-11-12 00:19:51 GSD insert 第 1 次 等待 3 秒
2023-11-12 00:19:54 {"status":"bad","gid":"586422","msg":"添加失败！号码【1978247(-|-)】已存在！"}

2023-11-12 00:34:13 开始第 8349 次操作

2023-11-12 00:34:13 开始操作号码 【1978248】
2023-11-12 00:34:24 GSD getOne 第 1 次 等待 3 秒
2023-11-12 00:34:27 查询号码 【1978248】，返回信息 {"status":"ok","msg":"-","gid":"586423","time_insert":"2023-03-12 19:02"}
2023-11-12 00:34:27 查询号码 【1978248】，GSD为【"-"】
2023-11-12 00:34:27 ok && -
2023-11-12 00:34:30 CHB 1978248?1699720467 第 1 次 等待 3 秒
2023-11-12 00:34:33 CHB 1978248?1699720467 第 1 次 获取到号码【1978248】GSD
2023-11-12 00:34:33 未获取到号码【1978248】GSD，可能号码格式错误
2023-11-12 00:34:33 获取到号码【1978248】的GSD为【-】
2023-11-12 00:34:46 GSD insert 第 1 次 等待 3 秒
2023-11-12 00:34:49 {"status":"bad","gid":"586423","msg":"添加失败！号码【1978248(-|-)】已存在！"}
2023-11-12 00:34:49 随机等待 231 秒，约 3 分钟
2023-11-12 00:34:49 下次操作: 2023-11-12 00:38:40

2023-11-12 00:38:40 开始第 8350 次操作

2023-11-12 00:38:40 开始操作号码 【1978249】
2023-11-12 00:38:43 GSD getOne 第 1 次 等待 3 秒
2023-11-12 00:38:46 查询号码 【1978249】，返回信息 {"status":"ok","msg":"-","gid":"586425","time_insert":"2023-03-12 19:04"}
2023-11-12 00:38:46 查询号码 【1978249】，GSD为【"-"】
2023-11-12 00:38:46 ok && -
2023-11-12 00:38:48 CHB 1978249?1699720726 第 1 次 等待 3 秒
2023-11-12 00:38:51 CHB 1978249?1699720726 第 1 次 获取到号码【1978249】GSD
2023-11-12 00:38:52 未获取到号码【1978249】GSD，可能号码格式错误
2023-11-12 00:38:52 获取到号码【1978249】的GSD为【-】
2023-11-12 00:38:56 GSD insert 第 1 次 等待 3 秒
2023-11-12 00:38:59 {"status":"bad","gid":"586425","msg":"添加失败！号码【1978249(-|-)】已存在！"}
2023-11-12 00:38:59 随机等待 206 秒，约 3 分钟
2023-11-12 00:38:59 下次操作: 2023-11-12 00:42:25

2023-11-12 00:42:25 开始第 8351 次操作

2023-11-12 00:42:25 开始操作号码 【1978250】
2023-11-12 00:42:33 GSD getOne 第 1 次 等待 3 秒
2023-11-12 00:42:36 查询号码 【1978250】，返回信息 {"status":"ok","msg":"-","gid":"586439","time_insert":"2023-03-12 19:13"}
2023-11-12 00:42:36 查询号码 【1978250】，GSD为【"-"】
2023-11-12 00:42:36 ok && -
2023-11-12 00:42:39 CHB 1978250?1699720956 第 1 次 等待 3 秒
2023-11-12 00:42:42 CHB 1978250?1699720956 第 1 次 获取到号码【1978250】GSD
2023-11-12 00:42:42 未获取到号码【1978250】GSD，可能号码格式错误
2023-11-12 00:42:42 获取到号码【1978250】的GSD为【-】
2023-11-12 00:42:48 GSD insert 第 1 次 等待 3 秒
2023-11-12 00:42:51 {"status":"bad","gid":"586439","msg":"添加失败！号码【1978250(-|-)】已存在！"}
2023-11-12 00:42:51 随机等待 106 秒，约 1 分钟
2023-11-12 00:42:51 下次操作: 2023-11-12 00:44:37

2023-11-12 00:44:37 开始第 8352 次操作

2023-11-12 00:44:37 开始操作号码 【1978251】
2023-11-12 00:44:44 GSD getOne 第 1 次 等待 3 秒
2023-11-12 00:44:47 查询号码 【1978251】，返回信息 {"status":"ok","msg":"-","gid":"586442","time_insert":"2023-03-12 19:15"}
2023-11-12 00:44:47 查询号码 【1978251】，GSD为【"-"】
2023-11-12 00:44:47 ok && -
2023-11-12 00:44:50 CHB 1978251?1699721087 第 1 次 等待 3 秒
2023-11-12 00:44:53 CHB 1978251?1699721087 第 1 次 获取到号码【1978251】GSD
2023-11-12 00:44:53 未获取到号码【1978251】GSD，可能号码格式错误
2023-11-12 00:44:53 获取到号码【1978251】的GSD为【-】
2023-11-12 00:44:56 GSD insert 第 1 次 等待 3 秒
2023-11-12 00:44:59 {"status":"bad","gid":"586442","msg":"添加失败！号码【1978251(-|-)】已存在！"}

