2024-02-07 00:08:54 开始第 2365 次操作

2024-02-07 00:08:54 开始操作号码 【1762265】
2024-02-07 00:08:59 GSD getOne 第 1 次 等待 3 秒
2024-02-07 00:09:02 查询号码 【1762265】，返回信息 {"status":"ok","msg":"天津-天津","gid":"161431","time_insert":"2021-06-30 15:14"}
2024-02-07 00:09:02 查询号码 【1762265】，GSD为【"天津-天津"】

2024-02-07 00:09:03 开始第 2366 次操作

2024-02-07 00:09:03 开始操作号码 【1762266】
2024-02-07 00:09:09 GSD getOne 第 1 次 等待 3 秒
2024-02-07 00:09:12 查询号码 【1762266】，返回信息 {"status":"ok","msg":"天津-天津","gid":"161437","time_insert":"2021-06-30 15:15"}
2024-02-07 00:09:12 查询号码 【1762266】，GSD为【"天津-天津"】

2024-02-07 00:09:13 开始第 2367 次操作

2024-02-07 00:09:13 开始操作号码 【1762267】
2024-02-07 00:09:19 GSD getOne 第 1 次 等待 3 秒
2024-02-07 00:09:22 查询号码 【1762267】，返回信息 {"status":"ok","msg":"天津-天津","gid":"161448","time_insert":"2021-06-30 15:16"}
2024-02-07 00:09:22 查询号码 【1762267】，GSD为【"天津-天津"】

2024-02-07 00:09:23 开始第 2368 次操作

2024-02-07 00:09:23 开始操作号码 【1762268】
2024-02-07 00:09:27 GSD getOne 第 1 次 等待 3 秒
2024-02-07 00:09:30 查询号码 【1762268】，返回信息 {"status":"ok","msg":"天津-天津","gid":"161458","time_insert":"2021-06-30 15:17"}
2024-02-07 00:09:30 查询号码 【1762268】，GSD为【"天津-天津"】

