2023-12-22 00:09:33 开始第 4625 次操作

2023-12-22 00:09:33 开始操作号码 【1874525】
2023-12-22 00:09:39 GSD getOne 第 1 次 等待 3 秒
2023-12-22 00:09:42 查询号码 【1874525】，返回信息 {"status":"ok","msg":"黑龙江-齐齐哈尔","gid":"458042","time_insert":"2021-07-31 16:52"}
2023-12-22 00:09:42 查询号码 【1874525】，GSD为【"黑龙江-齐齐哈尔"】

2023-12-22 00:09:43 开始第 4626 次操作

2023-12-22 00:09:43 开始操作号码 【1874526】
2023-12-22 00:09:46 GSD getOne 第 1 次 等待 3 秒
2023-12-22 00:09:49 查询号码 【1874526】，返回信息 {"status":"ok","msg":"黑龙江-齐齐哈尔","gid":"458027","time_insert":"2021-07-31 16:52"}
2023-12-22 00:09:49 查询号码 【1874526】，GSD为【"黑龙江-齐齐哈尔"】

2023-12-22 00:09:50 开始第 4627 次操作

2023-12-22 00:09:50 开始操作号码 【1874527】
2023-12-22 00:09:53 GSD getOne 第 1 次 等待 3 秒
2023-12-22 00:09:56 查询号码 【1874527】，返回信息 {"status":"ok","msg":"黑龙江-齐齐哈尔","gid":"458015","time_insert":"2021-07-31 16:51"}
2023-12-22 00:09:56 查询号码 【1874527】，GSD为【"黑龙江-齐齐哈尔"】

2023-12-22 00:09:57 开始第 4628 次操作

2023-12-22 00:09:57 开始操作号码 【1874528】
2023-12-22 00:10:01 GSD getOne 第 1 次 等待 3 秒
2023-12-22 00:10:04 查询号码 【1874528】，返回信息 {"status":"ok","msg":"黑龙江-齐齐哈尔","gid":"457999","time_insert":"2021-07-31 16:50"}
2023-12-22 00:10:04 查询号码 【1874528】，GSD为【"黑龙江-齐齐哈尔"】

2023-12-22 00:37:10 开始第 4629 次操作

2023-12-22 00:37:10 开始操作号码 【1874529】
2023-12-22 00:37:14 GSD getOne 第 1 次 等待 3 秒
2023-12-22 00:37:17 查询号码 【1874529】，返回信息 {"status":"ok","msg":"黑龙江-齐齐哈尔","gid":"457985","time_insert":"2021-07-31 16:49"}
2023-12-22 00:37:17 查询号码 【1874529】，GSD为【"黑龙江-齐齐哈尔"】

2023-12-22 00:37:18 开始第 4630 次操作

2023-12-22 00:37:18 开始操作号码 【1874530】
2023-12-22 00:37:22 GSD getOne 第 1 次 等待 3 秒
2023-12-22 00:37:25 查询号码 【1874530】，返回信息 {"status":"ok","msg":"黑龙江-牡丹江","gid":"457974","time_insert":"2021-07-31 16:48"}
2023-12-22 00:37:25 查询号码 【1874530】，GSD为【"黑龙江-牡丹江"】

2023-12-22 00:37:26 开始第 4631 次操作

2023-12-22 00:37:26 开始操作号码 【1874531】
2023-12-22 00:37:29 GSD getOne 第 1 次 等待 3 秒
2023-12-22 00:37:32 查询号码 【1874531】，返回信息 {"status":"ok","msg":"黑龙江-牡丹江","gid":"457962","time_insert":"2021-07-31 16:47"}
2023-12-22 00:37:32 查询号码 【1874531】，GSD为【"黑龙江-牡丹江"】

2023-12-22 00:37:33 开始第 4632 次操作

2023-12-22 00:37:33 开始操作号码 【1874532】
2023-12-22 00:37:37 GSD getOne 第 1 次 等待 3 秒
2023-12-22 00:37:40 查询号码 【1874532】，返回信息 {"status":"ok","msg":"黑龙江-牡丹江","gid":"457949","time_insert":"2021-07-31 16:46"}
2023-12-22 00:37:40 查询号码 【1874532】，GSD为【"黑龙江-牡丹江"】

2023-12-22 01:06:59 开始第 4633 次操作

2023-12-22 01:06:59 开始操作号码 【1874533】
2023-12-22 01:07:04 GSD getOne 第 1 次 等待 3 秒
2023-12-22 01:07:07 查询号码 【1874533】，返回信息 {"status":"ok","msg":"黑龙江-牡丹江","gid":"457937","time_insert":"2021-07-31 16:45"}
2023-12-22 01:07:07 查询号码 【1874533】，GSD为【"黑龙江-牡丹江"】

2023-12-22 01:07:08 开始第 4634 次操作

2023-12-22 01:07:08 开始操作号码 【1874534】
2023-12-22 01:07:12 GSD getOne 第 1 次 等待 3 秒
2023-12-22 01:07:15 查询号码 【1874534】，返回信息 {"status":"ok","msg":"黑龙江-牡丹江","gid":"457928","time_insert":"2021-07-31 16:45"}
2023-12-22 01:07:15 查询号码 【1874534】，GSD为【"黑龙江-牡丹江"】

2023-12-22 01:07:16 开始第 4635 次操作

2023-12-22 01:07:16 开始操作号码 【1874535】
2023-12-22 01:07:20 GSD getOne 第 1 次 等待 3 秒
2023-12-22 01:07:23 查询号码 【1874535】，返回信息 {"status":"ok","msg":"黑龙江-牡丹江","gid":"457912","time_insert":"2021-07-31 16:43"}
2023-12-22 01:07:23 查询号码 【1874535】，GSD为【"黑龙江-牡丹江"】

2023-12-22 01:07:24 开始第 4636 次操作

2023-12-22 01:07:24 开始操作号码 【1874536】
2023-12-22 01:07:29 GSD getOne 第 1 次 等待 3 秒
2023-12-22 01:07:32 查询号码 【1874536】，返回信息 {"status":"ok","msg":"黑龙江-牡丹江","gid":"457903","time_insert":"2021-07-31 16:42"}
2023-12-22 01:07:32 查询号码 【1874536】，GSD为【"黑龙江-牡丹江"】

