2023-12-11 00:08:28 开始第 2605 次操作

2023-12-11 00:08:28 开始操作号码 【1872505】
2023-12-11 00:08:32 GSD getOne 第 1 次 等待 3 秒
2023-12-11 00:08:35 查询号码 【1872505】，返回信息 {"status":"ok","msg":"云南-昆明","gid":"478484","time_insert":"2021-08-02 11:51"}
2023-12-11 00:08:35 查询号码 【1872505】，GSD为【"云南-昆明"】

2023-12-11 00:08:36 开始第 2606 次操作

2023-12-11 00:08:36 开始操作号码 【1872506】
2023-12-11 00:08:39 GSD getOne 第 1 次 等待 3 秒
2023-12-11 00:08:42 查询号码 【1872506】，返回信息 {"status":"ok","msg":"云南-昆明","gid":"42085","time_insert":"2017-11-22 13:54","time_update":"2020-12-06 17:32"}
2023-12-11 00:08:42 查询号码 【1872506】，GSD为【"云南-昆明"】

2023-12-11 00:08:43 开始第 2607 次操作

2023-12-11 00:08:43 开始操作号码 【1872507】
2023-12-11 00:08:48 GSD getOne 第 1 次 等待 3 秒
2023-12-11 00:08:51 查询号码 【1872507】，返回信息 {"status":"ok","msg":"云南-昆明","gid":"42086","time_insert":"2016-10-27 21:21","time_update":"2020-12-06 17:35"}
2023-12-11 00:08:51 查询号码 【1872507】，GSD为【"云南-昆明"】

2023-12-11 00:08:52 开始第 2608 次操作

2023-12-11 00:08:52 开始操作号码 【1872508】
2023-12-11 00:08:55 GSD getOne 第 1 次 等待 3 秒
2023-12-11 00:08:58 查询号码 【1872508】，返回信息 {"status":"ok","msg":"云南-昆明","gid":"42087","time_insert":"2017-06-19 20:09","time_update":"2020-12-06 17:38"}
2023-12-11 00:08:58 查询号码 【1872508】，GSD为【"云南-昆明"】

