2024-01-13 00:09:39 开始第 8669 次操作

2024-01-13 00:09:39 开始操作号码 【1878569】
2024-01-13 00:09:42 GSD getOne 第 1 次 等待 3 秒
2024-01-13 00:09:45 查询号码 【1878569】，返回信息 {"status":"ok","msg":"贵州-铜仁","gid":"422137","time_insert":"2021-07-28 06:57"}
2024-01-13 00:09:45 查询号码 【1878569】，GSD为【"贵州-铜仁"】

2024-01-13 00:09:46 开始第 8670 次操作

2024-01-13 00:09:46 开始操作号码 【1878570】
2024-01-13 00:09:49 GSD getOne 第 1 次 等待 3 秒
2024-01-13 00:09:52 查询号码 【1878570】，返回信息 {"status":"ok","msg":"贵州-毕节","gid":"43271","time_insert":"2017-08-27 08:12","time_update":"2020-11-23 21:19"}
2024-01-13 00:09:53 查询号码 【1878570】，GSD为【"贵州-毕节"】

2024-01-13 00:09:54 开始第 8671 次操作

2024-01-13 00:09:54 开始操作号码 【1878571】
2024-01-13 00:10:00 GSD getOne 第 1 次 等待 3 秒
2024-01-13 00:10:03 查询号码 【1878571】，返回信息 {"status":"ok","msg":"贵州-毕节","gid":"43272","time_insert":"2017-07-13 23:01","time_update":"2020-11-23 21:22"}
2024-01-13 00:10:03 查询号码 【1878571】，GSD为【"贵州-毕节"】

2024-01-13 00:10:04 开始第 8672 次操作

2024-01-13 00:10:04 开始操作号码 【1878572】
2024-01-13 00:10:07 GSD getOne 第 1 次 等待 3 秒
2024-01-13 00:10:10 查询号码 【1878572】，返回信息 {"status":"ok","msg":"贵州-毕节","gid":"422124","time_insert":"2021-07-28 06:56"}
2024-01-13 00:10:10 查询号码 【1878572】，GSD为【"贵州-毕节"】

