2021-07-19 00:00:37 开始第 15 次操作

2021-07-19 00:00:37 开始操作号码 【1806042】
2021-07-19 00:00:42 GSD getOne 第 1 次 等待 3 秒
2021-07-19 00:00:45 查询号码 【1806042】，返回信息 {"status":"bad","msg":""}
2021-07-19 00:00:46 查询号码 【1806042】，GSD为【""】
2021-07-19 00:00:46 bad
2021-07-19 00:00:49 CHB 1806042?1626624046 第 1 次 等待 3 秒
2021-07-19 00:00:52 CHB 1806042?1626624046 第 1 次 获取到号码【1806042】GSD
2021-07-19 00:00:52 获取到号码【1806042】的GSD为【福建-宁德】
2021-07-19 00:01:02 GSD insert 第 1 次 等待 3 秒
2021-07-19 00:01:05 {"status":"ok","gid":320474,"msg":"添加成功！"}
2021-07-19 00:01:05 下次操作: 2021-07-19 00:01:18

2021-07-19 00:01:18 开始第 16 次操作

2021-07-19 00:01:18 开始操作号码 【1806043】
2021-07-19 00:01:21 GSD getOne 第 1 次 等待 3 秒
2021-07-19 00:01:24 查询号码 【1806043】，返回信息 {"status":"bad","msg":""}
2021-07-19 00:01:24 查询号码 【1806043】，GSD为【""】
2021-07-19 00:01:24 bad
2021-07-19 00:01:28 CHB 1806043?1626624084 第 1 次 等待 3 秒
2021-07-19 00:01:31 CHB 1806043?1626624084 第 1 次 获取到号码【1806043】GSD
2021-07-19 00:01:31 获取到号码【1806043】的GSD为【福建-宁德】
2021-07-19 00:01:50 GSD insert 第 1 次 等待 3 秒
2021-07-19 00:01:53 {"status":"ok","gid":320481,"msg":"添加成功！"}
2021-07-19 00:01:53 下次操作: 2021-07-19 00:02:08

2021-07-19 00:02:08 开始第 17 次操作

2021-07-19 00:02:08 开始操作号码 【1806044】
2021-07-19 00:02:10 GSD getOne 第 1 次 等待 3 秒
2021-07-19 00:02:13 查询号码 【1806044】，返回信息 {"status":"bad","msg":""}
2021-07-19 00:02:13 查询号码 【1806044】，GSD为【""】
2021-07-19 00:02:13 bad
2021-07-19 00:02:16 CHB 1806044?1626624133 第 1 次 等待 3 秒
2021-07-19 00:02:19 CHB 1806044?1626624133 第 1 次 获取到号码【1806044】GSD
2021-07-19 00:02:19 获取到号码【1806044】的GSD为【福建-莆田】
2021-07-19 00:02:35 GSD insert 第 1 次 等待 3 秒
2021-07-19 00:02:38 {"status":"ok","gid":320491,"msg":"添加成功！"}
2021-07-19 00:02:38 下次操作: 2021-07-19 00:02:56

2021-07-19 00:02:56 开始第 18 次操作

2021-07-19 00:02:56 开始操作号码 【1806045】
2021-07-19 00:03:02 GSD getOne 第 1 次 等待 3 秒
2021-07-19 00:03:05 查询号码 【1806045】，返回信息 {"status":"bad","msg":""}
2021-07-19 00:03:06 查询号码 【1806045】，GSD为【""】
2021-07-19 00:03:06 bad
2021-07-19 00:03:10 CHB 1806045?1626624186 第 1 次 等待 3 秒
2021-07-19 00:03:13 CHB 1806045?1626624186 第 1 次 获取到号码【1806045】GSD
2021-07-19 00:03:13 获取到号码【1806045】的GSD为【福建-莆田】
2021-07-19 00:03:42 GSD insert 第 1 次 等待 3 秒
2021-07-19 00:03:45 {"status":"ok","gid":320500,"msg":"添加成功！"}
2021-07-19 00:03:45 下次操作: 2021-07-19 00:03:57

2021-07-19 00:03:57 开始第 19 次操作

2021-07-19 00:03:57 开始操作号码 【1806046】
2021-07-19 00:04:03 GSD getOne 第 1 次 等待 3 秒
2021-07-19 00:04:06 查询号码 【1806046】，返回信息 {"status":"bad","msg":""}
2021-07-19 00:04:06 查询号码 【1806046】，GSD为【""】
2021-07-19 00:04:06 bad
2021-07-19 00:04:09 CHB 1806046?1626624246 第 1 次 等待 3 秒
2021-07-19 00:04:12 CHB 1806046?1626624246 第 1 次 获取到号码【1806046】GSD
2021-07-19 00:04:12 获取到号码【1806046】的GSD为【福建-莆田】
2021-07-19 00:04:22 GSD insert 第 1 次 等待 3 秒
2021-07-19 00:04:25 {"status":"ok","gid":320509,"msg":"添加成功！"}
2021-07-19 00:04:25 下次操作: 2021-07-19 00:04:39

2021-07-19 00:04:39 开始第 20 次操作

2021-07-19 00:04:39 开始操作号码 【1806047】
2021-07-19 00:04:43 GSD getOne 第 1 次 等待 3 秒
2021-07-19 00:04:46 查询号码 【1806047】，返回信息 {"status":"bad","msg":""}
2021-07-19 00:04:46 查询号码 【1806047】，GSD为【""】
2021-07-19 00:04:46 bad
2021-07-19 00:04:49 CHB 1806047?1626624286 第 1 次 等待 3 秒
2021-07-19 00:04:52 CHB 1806047?1626624286 第 1 次 未获取到 等待 22 秒 下次操作: 2021-07-19 00:05:14
2021-07-19 00:05:17 CHB 1806047?1626624314 第 2 次 等待 3 秒
2021-07-19 00:05:20 CHB 1806047?1626624314 第 2 次 未获取到 等待 12 秒 下次操作: 2021-07-19 00:05:32
2021-07-19 00:05:33 CHB 1806047?1626624332 第 3 次 等待 3 秒
2021-07-19 00:05:36 CHB 1806047?1626624332 第 3 次 获取到号码【1806047】GSD
2021-07-19 00:05:36 获取到号码【1806047】的GSD为【福建-福州】
2021-07-19 00:06:14 GSD insert 第 1 次 等待 3 秒
2021-07-19 00:06:17 {"status":"ok","gid":320526,"msg":"添加成功！"}
2021-07-19 00:06:17 下次操作: 2021-07-19 00:06:40

2021-07-19 00:06:40 开始第 21 次操作

2021-07-19 00:06:40 开始操作号码 【1806048】
2021-07-19 00:06:49 GSD getOne 第 1 次 等待 3 秒
2021-07-19 00:06:52 查询号码 【1806048】，返回信息 {"status":"bad","msg":""}
2021-07-19 00:06:52 查询号码 【1806048】，GSD为【""】
2021-07-19 00:06:52 bad
2021-07-19 00:06:55 CHB 1806048?1626624412 第 1 次 等待 3 秒
2021-07-19 00:06:58 CHB 1806048?1626624412 第 1 次 获取到号码【1806048】GSD
2021-07-19 00:06:58 获取到号码【1806048】的GSD为【福建-福州】
2021-07-19 00:07:11 GSD insert 第 1 次 等待 3 秒
2021-07-19 00:07:14 {"status":"ok","gid":320534,"msg":"添加成功！"}
2021-07-19 00:07:14 下次操作: 2021-07-19 00:07:38

2021-07-19 00:07:38 开始第 22 次操作

2021-07-19 00:07:38 开始操作号码 【1806049】
2021-07-19 00:08:05 GSD getOne 第 1 次 等待 3 秒
2021-07-19 00:08:08 查询号码 【1806049】，返回信息 {"status":"bad","msg":""}
2021-07-19 00:08:08 查询号码 【1806049】，GSD为【""】
2021-07-19 00:08:08 bad
2021-07-19 00:08:10 CHB 1806049?1626624488 第 1 次 等待 3 秒
2021-07-19 00:08:13 CHB 1806049?1626624488 第 1 次 获取到号码【1806049】GSD
2021-07-19 00:08:13 获取到号码【1806049】的GSD为【福建-福州】
2021-07-19 00:08:37 GSD insert 第 1 次 等待 3 秒
2021-07-19 00:08:40 {"status":"ok","gid":320551,"msg":"添加成功！"}
2021-07-19 00:08:40 下次操作: 2021-07-19 00:08:58

2021-07-19 00:08:58 开始第 23 次操作

2021-07-19 00:08:58 开始操作号码 【1806050】
2021-07-19 00:09:01 GSD getOne 第 1 次 等待 3 秒
2021-07-19 00:09:04 查询号码 【1806050】，返回信息 {"status":"bad","msg":""}
2021-07-19 00:09:04 查询号码 【1806050】，GSD为【""】
2021-07-19 00:09:04 bad
2021-07-19 00:09:07 CHB 1806050?1626624544 第 1 次 等待 3 秒
2021-07-19 00:09:10 CHB 1806050?1626624544 第 1 次 获取到号码【1806050】GSD
2021-07-19 00:09:10 获取到号码【1806050】的GSD为【福建-福州】
2021-07-19 00:09:43 GSD insert 第 1 次 等待 3 秒
2021-07-19 00:09:46 {"status":"ok","gid":320565,"msg":"添加成功！"}
2021-07-19 00:09:46 下次操作: 2021-07-19 00:10:06

2021-07-19 00:10:06 开始第 24 次操作

2021-07-19 00:10:06 开始操作号码 【1806051】
2021-07-19 00:10:09 GSD getOne 第 1 次 等待 3 秒
2021-07-19 00:10:12 查询号码 【1806051】，返回信息 {"status":"bad","msg":""}
2021-07-19 00:10:13 查询号码 【1806051】，GSD为【""】
2021-07-19 00:10:13 bad
2021-07-19 00:10:16 CHB 1806051?1626624613 第 1 次 等待 3 秒
2021-07-19 00:10:19 CHB 1806051?1626624613 第 1 次 获取到号码【1806051】GSD
2021-07-19 00:10:19 获取到号码【1806051】的GSD为【福建-福州】
2021-07-19 00:10:32 GSD insert 第 1 次 等待 3 秒
2021-07-19 00:10:35 {"status":"ok","gid":320576,"msg":"添加成功！"}
2021-07-19 00:10:35 下次操作: 2021-07-19 00:10:47

2021-07-19 00:10:47 开始第 25 次操作

2021-07-19 00:10:47 开始操作号码 【1806052】
2021-07-19 00:11:00 GSD getOne 第 1 次 等待 3 秒
2021-07-19 00:11:03 查询号码 【1806052】，返回信息 {"status":"bad","msg":""}
2021-07-19 00:11:03 查询号码 【1806052】，GSD为【""】
2021-07-19 00:11:03 bad
2021-07-19 00:11:04 CHB 1806052?1626624663 第 1 次 等待 3 秒
2021-07-19 00:11:07 CHB 1806052?1626624663 第 1 次 获取到号码【1806052】GSD
2021-07-19 00:11:07 获取到号码【1806052】的GSD为【福建-福州】
2021-07-19 00:11:25 GSD insert 第 1 次 等待 3 秒
2021-07-19 00:11:28 {"status":"ok","gid":320585,"msg":"添加成功！"}
2021-07-19 00:11:28 下次操作: 2021-07-19 00:11:44

2021-07-19 00:11:44 开始第 26 次操作

2021-07-19 00:11:44 开始操作号码 【1806053】
2021-07-19 00:11:56 GSD getOne 第 1 次 等待 3 秒
2021-07-19 00:11:59 查询号码 【1806053】，返回信息 {"status":"bad","msg":""}
2021-07-19 00:11:59 查询号码 【1806053】，GSD为【""】
2021-07-19 00:11:59 bad
2021-07-19 00:12:02 CHB 1806053?1626624719 第 1 次 等待 3 秒
2021-07-19 00:12:05 CHB 1806053?1626624719 第 1 次 获取到号码【1806053】GSD
2021-07-19 00:12:05 获取到号码【1806053】的GSD为【福建-福州】
2021-07-19 00:13:12 GSD insert 第 1 次 等待 3 秒
2021-07-19 00:13:15 {"status":"ok","gid":320603,"msg":"添加成功！"}
2021-07-19 00:13:15 下次操作: 2021-07-19 00:13:30

2021-07-19 00:13:30 开始第 27 次操作

2021-07-19 00:13:30 开始操作号码 【1806054】
2021-07-19 00:13:38 GSD getOne 第 1 次 等待 3 秒
2021-07-19 00:13:41 查询号码 【1806054】，返回信息 {"status":"bad","msg":""}
2021-07-19 00:13:41 查询号码 【1806054】，GSD为【""】
2021-07-19 00:13:41 bad
2021-07-19 00:13:43 CHB 1806054?1626624821 第 1 次 等待 3 秒
2021-07-19 00:13:46 CHB 1806054?1626624821 第 1 次 获取到号码【1806054】GSD
2021-07-19 00:13:46 获取到号码【1806054】的GSD为【福建-福州】
2021-07-19 00:13:56 GSD insert 第 1 次 等待 3 秒
2021-07-19 00:13:59 {"status":"ok","gid":320609,"msg":"添加成功！"}
2021-07-19 00:13:59 下次操作: 2021-07-19 00:14:15

2021-07-19 00:14:15 开始第 28 次操作

2021-07-19 00:14:15 开始操作号码 【1806055】
2021-07-19 00:14:19 GSD getOne 第 1 次 等待 3 秒
2021-07-19 00:14:22 查询号码 【1806055】，返回信息 {"status":"bad","msg":""}
2021-07-19 00:14:22 查询号码 【1806055】，GSD为【""】
2021-07-19 00:14:22 bad
2021-07-19 00:14:27 CHB 1806055?1626624862 第 1 次 等待 3 秒
2021-07-19 00:14:30 CHB 1806055?1626624862 第 1 次 获取到号码【1806055】GSD
2021-07-19 00:14:30 获取到号码【1806055】的GSD为【福建-福州】
2021-07-19 00:14:40 GSD insert 第 1 次 等待 3 秒
2021-07-19 00:14:43 {"status":"ok","gid":320616,"msg":"添加成功！"}
2021-07-19 00:14:43 下次操作: 2021-07-19 00:15:01

2021-07-19 00:15:01 开始第 29 次操作

2021-07-19 00:15:01 开始操作号码 【1806056】
2021-07-19 00:15:09 GSD getOne 第 1 次 等待 3 秒
2021-07-19 00:15:12 查询号码 【1806056】，返回信息 {"status":"bad","msg":""}
2021-07-19 00:15:12 查询号码 【1806056】，GSD为【""】
2021-07-19 00:15:12 bad
2021-07-19 00:15:14 CHB 1806056?1626624912 第 1 次 等待 3 秒
2021-07-19 00:15:17 CHB 1806056?1626624912 第 1 次 获取到号码【1806056】GSD
2021-07-19 00:15:17 获取到号码【1806056】的GSD为【福建-福州】
2021-07-19 00:15:35 GSD insert 第 1 次 等待 3 秒
2021-07-19 00:15:38 {"status":"ok","gid":320624,"msg":"添加成功！"}
2021-07-19 00:15:38 下次操作: 2021-07-19 00:15:51

2021-07-19 00:15:51 开始第 30 次操作

2021-07-19 00:15:51 开始操作号码 【1806057】
2021-07-19 00:15:57 GSD getOne 第 1 次 等待 3 秒
2021-07-19 00:16:00 查询号码 【1806057】，返回信息 {"status":"bad","msg":""}
2021-07-19 00:16:00 查询号码 【1806057】，GSD为【""】
2021-07-19 00:16:00 bad
2021-07-19 00:16:07 CHB 1806057?1626624960 第 1 次 等待 3 秒
2021-07-19 00:16:10 CHB 1806057?1626624960 第 1 次 获取到号码【1806057】GSD
2021-07-19 00:16:10 获取到号码【1806057】的GSD为【福建-福州】
2021-07-19 00:16:59 GSD insert 第 1 次 等待 3 秒
2021-07-19 00:17:02 {"status":"ok","gid":320636,"msg":"添加成功！"}
2021-07-19 00:17:02 下次操作: 2021-07-19 00:17:21

2021-07-19 00:17:21 开始第 31 次操作

2021-07-19 00:17:21 开始操作号码 【1806058】
2021-07-19 00:17:41 GSD getOne 第 1 次 等待 3 秒
2021-07-19 00:17:44 查询号码 【1806058】，返回信息 {"status":"bad","msg":""}
2021-07-19 00:17:44 查询号码 【1806058】，GSD为【""】
2021-07-19 00:17:44 bad
2021-07-19 00:17:45 CHB 1806058?1626625064 第 1 次 等待 3 秒
2021-07-19 00:17:48 CHB 1806058?1626625064 第 1 次 获取到号码【1806058】GSD
2021-07-19 00:17:48 获取到号码【1806058】的GSD为【福建-福州】
2021-07-19 00:18:12 GSD insert 第 1 次 等待 3 秒
2021-07-19 00:18:15 {"status":"ok","gid":320647,"msg":"添加成功！"}
2021-07-19 00:18:15 下次操作: 2021-07-19 00:18:31

2021-07-19 00:18:31 开始第 32 次操作

2021-07-19 00:18:31 开始操作号码 【1806059】
2021-07-19 00:18:47 GSD getOne 第 1 次 等待 3 秒
2021-07-19 00:18:50 查询号码 【1806059】，返回信息 {"status":"bad","msg":""}
2021-07-19 00:18:50 查询号码 【1806059】，GSD为【""】
2021-07-19 00:18:50 bad
2021-07-19 00:18:52 CHB 1806059?1626625130 第 1 次 等待 3 秒
2021-07-19 00:18:55 CHB 1806059?1626625130 第 1 次 获取到号码【1806059】GSD
2021-07-19 00:18:55 获取到号码【1806059】的GSD为【福建-福州】
2021-07-19 00:19:13 GSD insert 第 1 次 等待 3 秒
2021-07-19 00:19:16 {"status":"ok","gid":320658,"msg":"添加成功！"}
2021-07-19 00:19:16 下次操作: 2021-07-19 00:19:36

2021-07-19 00:19:36 开始第 33 次操作

2021-07-19 00:19:36 开始操作号码 【1806060】
2021-07-19 00:19:40 GSD getOne 第 1 次 等待 3 秒
2021-07-19 00:19:43 查询号码 【1806060】，返回信息 {"status":"bad","msg":""}
2021-07-19 00:19:43 查询号码 【1806060】，GSD为【""】
2021-07-19 00:19:43 bad
2021-07-19 00:19:46 CHB 1806060?1626625183 第 1 次 等待 3 秒
2021-07-19 00:19:49 CHB 1806060?1626625183 第 1 次 获取到号码【1806060】GSD
2021-07-19 00:19:49 获取到号码【1806060】的GSD为【福建-福州】
2021-07-19 00:20:09 GSD insert 第 1 次 等待 3 秒
2021-07-19 00:20:12 {"status":"ok","gid":320669,"msg":"添加成功！"}
2021-07-19 00:20:12 下次操作: 2021-07-19 00:20:26

2021-07-19 00:20:26 开始第 34 次操作

2021-07-19 00:20:26 开始操作号码 【1806061】
2021-07-19 00:20:33 GSD getOne 第 1 次 等待 3 秒
2021-07-19 00:20:36 查询号码 【1806061】，返回信息 {"status":"bad","msg":""}
2021-07-19 00:20:36 查询号码 【1806061】，GSD为【""】
2021-07-19 00:20:36 bad
2021-07-19 00:20:39 CHB 1806061?1626625236 第 1 次 等待 3 秒
2021-07-19 00:20:42 CHB 1806061?1626625236 第 1 次 获取到号码【1806061】GSD
2021-07-19 00:20:42 获取到号码【1806061】的GSD为【福建-福州】
2021-07-19 00:20:59 GSD insert 第 1 次 等待 3 秒
2021-07-19 00:21:02 {"status":"ok","gid":320673,"msg":"添加成功！"}
2021-07-19 00:21:02 下次操作: 2021-07-19 00:21:14

2021-07-19 00:21:14 开始第 35 次操作

2021-07-19 00:21:14 开始操作号码 【1806062】
2021-07-19 00:21:20 GSD getOne 第 1 次 等待 3 秒
2021-07-19 00:21:23 查询号码 【1806062】，返回信息 {"status":"bad","msg":""}
2021-07-19 00:21:23 查询号码 【1806062】，GSD为【""】
2021-07-19 00:21:23 bad
2021-07-19 00:21:25 CHB 1806062?1626625283 第 1 次 等待 3 秒
2021-07-19 00:21:28 CHB 1806062?1626625283 第 1 次 获取到号码【1806062】GSD
2021-07-19 00:21:28 获取到号码【1806062】的GSD为【福建-福州】
2021-07-19 00:21:38 GSD insert 第 1 次 等待 3 秒
2021-07-19 00:21:41 {"status":"ok","gid":320682,"msg":"添加成功！"}
2021-07-19 00:21:41 下次操作: 2021-07-19 00:22:00

2021-07-19 00:22:00 开始第 36 次操作

2021-07-19 00:22:00 开始操作号码 【1806063】
2021-07-19 00:22:04 GSD getOne 第 1 次 等待 3 秒
2021-07-19 00:22:07 查询号码 【1806063】，返回信息 {"status":"bad","msg":""}
2021-07-19 00:22:07 查询号码 【1806063】，GSD为【""】
2021-07-19 00:22:07 bad
2021-07-19 00:22:09 CHB 1806063?1626625327 第 1 次 等待 3 秒
2021-07-19 00:22:12 CHB 1806063?1626625327 第 1 次 获取到号码【1806063】GSD
2021-07-19 00:22:12 获取到号码【1806063】的GSD为【福建-福州】
2021-07-19 00:22:26 GSD insert 第 1 次 等待 3 秒
2021-07-19 00:22:29 {"status":"ok","gid":320687,"msg":"添加成功！"}
2021-07-19 00:22:29 下次操作: 2021-07-19 00:22:52

2021-07-19 00:22:52 开始第 37 次操作

2021-07-19 00:22:52 开始操作号码 【1806064】
2021-07-19 00:22:59 GSD getOne 第 1 次 等待 3 秒
2021-07-19 00:23:02 查询号码 【1806064】，返回信息 {"status":"bad","msg":""}
2021-07-19 00:23:02 查询号码 【1806064】，GSD为【""】
2021-07-19 00:23:02 bad
2021-07-19 00:23:04 CHB 1806064?1626625382 第 1 次 等待 3 秒
2021-07-19 00:23:07 CHB 1806064?1626625382 第 1 次 获取到号码【1806064】GSD
2021-07-19 00:23:07 获取到号码【1806064】的GSD为【福建-福州】
2021-07-19 00:23:42 GSD insert 第 1 次 等待 3 秒
2021-07-19 00:23:45 {"status":"ok","gid":320700,"msg":"添加成功！"}
2021-07-19 00:23:45 下次操作: 2021-07-19 00:24:01

2021-07-19 00:24:01 开始第 38 次操作

2021-07-19 00:24:01 开始操作号码 【1806065】
2021-07-19 00:24:09 GSD getOne 第 1 次 等待 3 秒
2021-07-19 00:24:12 查询号码 【1806065】，返回信息 {"status":"bad","msg":""}
2021-07-19 00:24:12 查询号码 【1806065】，GSD为【""】
2021-07-19 00:24:12 bad
2021-07-19 00:24:14 CHB 1806065?1626625452 第 1 次 等待 3 秒
2021-07-19 00:24:17 CHB 1806065?1626625452 第 1 次 获取到号码【1806065】GSD
2021-07-19 00:24:17 获取到号码【1806065】的GSD为【福建-福州】
2021-07-19 00:24:44 GSD insert 第 1 次 等待 3 秒
2021-07-19 00:24:47 {"status":"ok","gid":320708,"msg":"添加成功！"}
2021-07-19 00:24:47 下次操作: 2021-07-19 00:24:59

2021-07-19 00:24:59 开始第 39 次操作

2021-07-19 00:24:59 开始操作号码 【1806066】
2021-07-19 00:25:04 GSD getOne 第 1 次 等待 3 秒
2021-07-19 00:25:07 查询号码 【1806066】，返回信息 {"status":"bad","msg":""}
2021-07-19 00:25:07 查询号码 【1806066】，GSD为【""】
2021-07-19 00:25:07 bad
2021-07-19 00:25:10 CHB 1806066?1626625507 第 1 次 等待 3 秒
2021-07-19 00:25:13 CHB 1806066?1626625507 第 1 次 获取到号码【1806066】GSD
2021-07-19 00:25:13 获取到号码【1806066】的GSD为【福建-福州】
2021-07-19 00:25:23 GSD insert 第 1 次 等待 3 秒
2021-07-19 00:25:26 {"status":"ok","gid":320715,"msg":"添加成功！"}
2021-07-19 00:25:26 下次操作: 2021-07-19 00:25:44

2021-07-19 00:25:45 开始第 40 次操作

2021-07-19 00:25:45 开始操作号码 【1806067】
2021-07-19 00:25:47 GSD getOne 第 1 次 等待 3 秒
2021-07-19 00:25:50 查询号码 【1806067】，返回信息 {"status":"bad","msg":""}
2021-07-19 00:25:50 查询号码 【1806067】，GSD为【""】
2021-07-19 00:25:50 bad
2021-07-19 00:25:52 CHB 1806067?1626625550 第 1 次 等待 3 秒
2021-07-19 00:25:55 CHB 1806067?1626625550 第 1 次 获取到号码【1806067】GSD
2021-07-19 00:25:55 获取到号码【1806067】的GSD为【福建-福州】
2021-07-19 00:26:22 GSD insert 第 1 次 等待 3 秒
2021-07-19 00:26:25 {"status":"ok","gid":320725,"msg":"添加成功！"}

2021-07-19 01:01:30 开始第 1 次操作

2021-07-19 01:01:30 开始操作号码 【1806068】
2021-07-19 01:01:37 GSD getOne 第 1 次 等待 3 秒
2021-07-19 01:01:40 查询号码 【1806068】，返回信息 {"status":"bad","msg":""}
2021-07-19 01:01:40 查询号码 【1806068】，GSD为【""】
2021-07-19 01:01:40 bad
2021-07-19 01:01:41 CHB 1806068?1626627700 第 1 次 等待 3 秒
2021-07-19 01:01:44 CHB 1806068?1626627700 第 1 次 获取到号码【1806068】GSD
2021-07-19 01:01:44 获取到号码【1806068】的GSD为【福建-福州】
2021-07-19 01:02:32 GSD insert 第 1 次 等待 3 秒
2021-07-19 01:02:35 {"status":"ok","gid":320856,"msg":"添加成功！"}
2021-07-19 01:02:35 下次操作: 2021-07-19 01:02:56

2021-07-19 01:02:56 开始第 2 次操作

2021-07-19 01:02:56 开始操作号码 【1806069】
2021-07-19 01:03:24 GSD getOne 第 1 次 等待 3 秒
2021-07-19 01:03:27 查询号码 【1806069】，返回信息 {"status":"bad","msg":""}
2021-07-19 01:03:27 查询号码 【1806069】，GSD为【""】
2021-07-19 01:03:27 bad
2021-07-19 01:03:29 CHB 1806069?1626627807 第 1 次 等待 3 秒
2021-07-19 01:03:32 CHB 1806069?1626627807 第 1 次 获取到号码【1806069】GSD
2021-07-19 01:03:32 获取到号码【1806069】的GSD为【福建-福州】
2021-07-19 01:03:57 GSD insert 第 1 次 等待 3 秒
2021-07-19 01:04:00 {"status":"ok","gid":320877,"msg":"添加成功！"}
2021-07-19 01:04:00 下次操作: 2021-07-19 01:04:15

2021-07-19 01:04:15 开始第 3 次操作

2021-07-19 01:04:15 开始操作号码 【1806070】
2021-07-19 01:04:23 GSD getOne 第 1 次 等待 3 秒
2021-07-19 01:04:26 查询号码 【1806070】，返回信息 {"status":"bad","msg":""}
2021-07-19 01:04:26 查询号码 【1806070】，GSD为【""】
2021-07-19 01:04:26 bad
2021-07-19 01:04:27 CHB 1806070?1626627866 第 1 次 等待 3 秒
2021-07-19 01:04:30 CHB 1806070?1626627866 第 1 次 获取到号码【1806070】GSD
2021-07-19 01:04:31 获取到号码【1806070】的GSD为【福建-福州】
2021-07-19 01:04:35 GSD insert 第 1 次 等待 3 秒
2021-07-19 01:04:38 {"status":"ok","gid":320881,"msg":"添加成功！"}
2021-07-19 01:04:38 下次操作: 2021-07-19 01:05:00

2021-07-19 01:05:00 开始第 4 次操作

2021-07-19 01:05:00 开始操作号码 【1806071】
2021-07-19 01:05:06 GSD getOne 第 1 次 等待 3 秒
2021-07-19 01:05:09 查询号码 【1806071】，返回信息 {"status":"bad","msg":""}
2021-07-19 01:05:09 查询号码 【1806071】，GSD为【""】
2021-07-19 01:05:09 bad
2021-07-19 01:05:11 CHB 1806071?1626627909 第 1 次 等待 3 秒
2021-07-19 01:05:14 CHB 1806071?1626627909 第 1 次 获取到号码【1806071】GSD
2021-07-19 01:05:14 获取到号码【1806071】的GSD为【福建-福州】
2021-07-19 01:05:24 GSD insert 第 1 次 等待 3 秒
2021-07-19 01:05:27 {"status":"ok","gid":320891,"msg":"添加成功！"}
2021-07-19 01:05:27 下次操作: 2021-07-19 01:05:51

2021-07-19 01:05:51 开始第 5 次操作

2021-07-19 01:05:51 开始操作号码 【1806072】
2021-07-19 01:05:53 GSD getOne 第 1 次 等待 3 秒
2021-07-19 01:05:56 查询号码 【1806072】，返回信息 {"status":"bad","msg":""}
2021-07-19 01:05:57 查询号码 【1806072】，GSD为【""】
2021-07-19 01:05:57 bad
2021-07-19 01:05:58 CHB 1806072?1626627957 第 1 次 等待 3 秒
2021-07-19 01:06:01 CHB 1806072?1626627957 第 1 次 获取到号码【1806072】GSD
2021-07-19 01:06:01 获取到号码【1806072】的GSD为【福建-福州】
2021-07-19 01:06:12 GSD insert 第 1 次 等待 3 秒
2021-07-19 01:06:15 {"status":"ok","gid":320898,"msg":"添加成功！"}
2021-07-19 01:06:15 下次操作: 2021-07-19 01:06:36

2021-07-19 01:06:36 开始第 6 次操作

2021-07-19 01:06:36 开始操作号码 【1806073】
2021-07-19 01:06:44 GSD getOne 第 1 次 等待 3 秒
2021-07-19 01:06:47 查询号码 【1806073】，返回信息 {"status":"bad","msg":""}
2021-07-19 01:06:47 查询号码 【1806073】，GSD为【""】
2021-07-19 01:06:47 bad
2021-07-19 01:06:49 CHB 1806073?1626628007 第 1 次 等待 3 秒
2021-07-19 01:06:52 CHB 1806073?1626628007 第 1 次 获取到号码【1806073】GSD
2021-07-19 01:06:52 获取到号码【1806073】的GSD为【福建-福州】
2021-07-19 01:08:05 GSD insert 第 1 次 等待 3 秒
2021-07-19 01:08:08 {"status":"ok","gid":320912,"msg":"添加成功！"}
2021-07-19 01:08:08 下次操作: 2021-07-19 01:08:25

2021-07-19 01:08:25 开始第 7 次操作

2021-07-19 01:08:25 开始操作号码 【1806074】
2021-07-19 01:08:29 GSD getOne 第 1 次 等待 3 秒
2021-07-19 01:08:32 查询号码 【1806074】，返回信息 {"status":"bad","msg":""}
2021-07-19 01:08:32 查询号码 【1806074】，GSD为【""】
2021-07-19 01:08:32 bad
2021-07-19 01:08:33 CHB 1806074?1626628112 第 1 次 等待 3 秒
2021-07-19 01:08:36 CHB 1806074?1626628112 第 1 次 获取到号码【1806074】GSD
2021-07-19 01:08:36 获取到号码【1806074】的GSD为【福建-福州】
2021-07-19 01:08:44 GSD insert 第 1 次 等待 3 秒
2021-07-19 01:08:47 {"status":"ok","gid":320918,"msg":"添加成功！"}
2021-07-19 01:08:47 下次操作: 2021-07-19 01:09:10

2021-07-19 01:09:10 开始第 8 次操作

2021-07-19 01:09:10 开始操作号码 【1806075】
2021-07-19 01:09:15 GSD getOne 第 1 次 等待 3 秒
2021-07-19 01:09:18 查询号码 【1806075】，返回信息 {"status":"bad","msg":""}
2021-07-19 01:09:18 查询号码 【1806075】，GSD为【""】
2021-07-19 01:09:18 bad
2021-07-19 01:09:23 CHB 1806075?1626628158 第 1 次 等待 3 秒
2021-07-19 01:09:26 CHB 1806075?1626628158 第 1 次 获取到号码【1806075】GSD
2021-07-19 01:09:26 获取到号码【1806075】的GSD为【福建-福州】
2021-07-19 01:09:31 GSD insert 第 1 次 等待 3 秒
2021-07-19 01:09:34 {"status":"ok","gid":320924,"msg":"添加成功！"}
2021-07-19 01:09:34 下次操作: 2021-07-19 01:09:56

2021-07-19 01:09:56 开始第 9 次操作

2021-07-19 01:09:56 开始操作号码 【1806076】
2021-07-19 01:10:21 GSD getOne 第 1 次 等待 3 秒
2021-07-19 01:10:24 查询号码 【1806076】，返回信息 {"status":"bad","msg":""}
2021-07-19 01:10:24 查询号码 【1806076】，GSD为【""】
2021-07-19 01:10:24 bad
2021-07-19 01:10:25 CHB 1806076?1626628224 第 1 次 等待 3 秒
2021-07-19 01:10:28 CHB 1806076?1626628224 第 1 次 获取到号码【1806076】GSD
2021-07-19 01:10:29 获取到号码【1806076】的GSD为【福建-福州】
2021-07-19 01:10:31 GSD insert 第 1 次 等待 3 秒
2021-07-19 01:10:34 {"status":"ok","gid":320935,"msg":"添加成功！"}
2021-07-19 01:10:34 下次操作: 2021-07-19 01:10:50

2021-07-19 01:10:50 开始第 10 次操作

2021-07-19 01:10:50 开始操作号码 【1806077】
2021-07-19 01:10:57 GSD getOne 第 1 次 等待 3 秒
2021-07-19 01:11:00 查询号码 【1806077】，返回信息 {"status":"bad","msg":""}
2021-07-19 01:11:01 查询号码 【1806077】，GSD为【""】
2021-07-19 01:11:01 bad
2021-07-19 01:11:02 CHB 1806077?1626628261 第 1 次 等待 3 秒
2021-07-19 01:11:05 CHB 1806077?1626628261 第 1 次 获取到号码【1806077】GSD
2021-07-19 01:11:05 获取到号码【1806077】的GSD为【福建-福州】
2021-07-19 01:11:40 GSD insert 第 1 次 等待 3 秒
2021-07-19 01:11:43 {"status":"ok","gid":320949,"msg":"添加成功！"}
2021-07-19 01:11:43 下次操作: 2021-07-19 01:12:05

2021-07-19 01:12:05 开始第 11 次操作

2021-07-19 01:12:05 开始操作号码 【1806078】
2021-07-19 01:12:09 GSD getOne 第 1 次 等待 3 秒
2021-07-19 01:12:12 查询号码 【1806078】，返回信息 {"status":"bad","msg":""}
2021-07-19 01:12:12 查询号码 【1806078】，GSD为【""】
2021-07-19 01:12:12 bad
2021-07-19 01:12:15 CHB 1806078?1626628332 第 1 次 等待 3 秒
2021-07-19 01:12:18 CHB 1806078?1626628332 第 1 次 获取到号码【1806078】GSD
2021-07-19 01:12:18 获取到号码【1806078】的GSD为【福建-福州】
2021-07-19 01:12:21 GSD insert 第 1 次 等待 3 秒
2021-07-19 01:12:24 {"status":"ok","gid":320956,"msg":"添加成功！"}
2021-07-19 01:12:24 下次操作: 2021-07-19 01:12:39

2021-07-19 01:12:39 开始第 12 次操作

2021-07-19 01:12:39 开始操作号码 【1806079】
2021-07-19 01:12:56 GSD getOne 第 1 次 等待 3 秒
2021-07-19 01:12:59 查询号码 【1806079】，返回信息 {"status":"bad","msg":""}
2021-07-19 01:12:59 查询号码 【1806079】，GSD为【""】
2021-07-19 01:12:59 bad
2021-07-19 01:13:00 CHB 1806079?1626628379 第 1 次 等待 3 秒
2021-07-19 01:13:03 CHB 1806079?1626628379 第 1 次 获取到号码【1806079】GSD
2021-07-19 01:13:04 获取到号码【1806079】的GSD为【福建-福州】
2021-07-19 01:13:14 GSD insert 第 1 次 等待 3 秒
2021-07-19 01:13:17 {"status":"ok","gid":320967,"msg":"添加成功！"}
2021-07-19 01:13:17 下次操作: 2021-07-19 01:13:40

2021-07-19 01:13:40 开始第 13 次操作

2021-07-19 01:13:40 开始操作号码 【1806080】
2021-07-19 01:13:50 GSD getOne 第 1 次 等待 3 秒
2021-07-19 01:13:53 查询号码 【1806080】，返回信息 {"status":"bad","msg":""}
2021-07-19 01:13:53 查询号码 【1806080】，GSD为【""】
2021-07-19 01:13:53 bad
2021-07-19 01:13:55 CHB 1806080?1626628433 第 1 次 等待 3 秒
2021-07-19 01:13:58 CHB 1806080?1626628433 第 1 次 获取到号码【1806080】GSD
2021-07-19 01:13:58 获取到号码【1806080】的GSD为【福建-福州】
2021-07-19 01:14:02 GSD insert 第 1 次 等待 3 秒
2021-07-19 01:14:05 {"status":"ok","gid":320977,"msg":"添加成功！"}
2021-07-19 01:14:05 下次操作: 2021-07-19 01:14:24

2021-07-19 01:14:24 开始第 14 次操作

2021-07-19 01:14:24 开始操作号码 【1806081】
2021-07-19 01:14:56 GSD getOne 第 1 次 等待 3 秒
2021-07-19 01:14:59 查询号码 【1806081】，返回信息 {"status":"bad","msg":""}
2021-07-19 01:14:59 查询号码 【1806081】，GSD为【""】
2021-07-19 01:14:59 bad
2021-07-19 01:15:01 CHB 1806081?1626628499 第 1 次 等待 3 秒
2021-07-19 01:15:04 CHB 1806081?1626628499 第 1 次 获取到号码【1806081】GSD
2021-07-19 01:15:04 获取到号码【1806081】的GSD为【福建-福州】
2021-07-19 01:15:08 GSD insert 第 1 次 等待 3 秒
2021-07-19 01:15:11 {"status":"ok","gid":320989,"msg":"添加成功！"}
2021-07-19 01:15:11 下次操作: 2021-07-19 01:15:34

2021-07-19 01:15:34 开始第 15 次操作

2021-07-19 01:15:34 开始操作号码 【1806082】
2021-07-19 01:15:57 GSD getOne 第 1 次 等待 3 秒
2021-07-19 01:16:00 查询号码 【1806082】，返回信息 {"status":"bad","msg":""}
2021-07-19 01:16:00 查询号码 【1806082】，GSD为【""】
2021-07-19 01:16:00 bad
2021-07-19 01:16:02 CHB 1806082?1626628560 第 1 次 等待 3 秒
2021-07-19 01:16:05 CHB 1806082?1626628560 第 1 次 获取到号码【1806082】GSD
2021-07-19 01:16:05 获取到号码【1806082】的GSD为【福建-福州】
2021-07-19 01:16:29 GSD insert 第 1 次 等待 3 秒
2021-07-19 01:16:32 {"status":"ok","gid":321000,"msg":"添加成功！"}
2021-07-19 01:16:32 下次操作: 2021-07-19 01:16:56

2021-07-19 01:16:56 开始第 16 次操作

2021-07-19 01:16:56 开始操作号码 【1806083】
2021-07-19 01:17:20 GSD getOne 第 1 次 等待 3 秒
2021-07-19 01:17:23 查询号码 【1806083】，返回信息 {"status":"bad","msg":""}
2021-07-19 01:17:23 查询号码 【1806083】，GSD为【""】
2021-07-19 01:17:23 bad
2021-07-19 01:17:25 CHB 1806083?1626628643 第 1 次 等待 3 秒
2021-07-19 01:17:28 CHB 1806083?1626628643 第 1 次 获取到号码【1806083】GSD
2021-07-19 01:17:28 获取到号码【1806083】的GSD为【福建-福州】
2021-07-19 01:17:33 GSD insert 第 1 次 等待 3 秒
2021-07-19 01:17:36 {"status":"ok","gid":321011,"msg":"添加成功！"}
2021-07-19 01:17:36 下次操作: 2021-07-19 01:17:51

2021-07-19 01:17:51 开始第 17 次操作

2021-07-19 01:17:51 开始操作号码 【1806084】
2021-07-19 01:18:01 GSD getOne 第 1 次 等待 3 秒
2021-07-19 01:18:04 查询号码 【1806084】，返回信息 {"status":"bad","msg":""}
2021-07-19 01:18:05 查询号码 【1806084】，GSD为【""】
2021-07-19 01:18:05 bad
2021-07-19 01:18:06 CHB 1806084?1626628685 第 1 次 等待 3 秒
2021-07-19 01:18:09 CHB 1806084?1626628685 第 1 次 获取到号码【1806084】GSD
2021-07-19 01:18:09 获取到号码【1806084】的GSD为【福建-福州】
2021-07-19 01:18:17 GSD insert 第 1 次 等待 3 秒
2021-07-19 01:18:20 {"status":"ok","gid":321018,"msg":"添加成功！"}
2021-07-19 01:18:20 下次操作: 2021-07-19 01:18:37

2021-07-19 01:18:37 开始第 18 次操作

2021-07-19 01:18:37 开始操作号码 【1806085】
2021-07-19 01:18:43 GSD getOne 第 1 次 等待 3 秒
2021-07-19 01:18:46 查询号码 【1806085】，返回信息 {"status":"bad","msg":""}
2021-07-19 01:18:46 查询号码 【1806085】，GSD为【""】
2021-07-19 01:18:46 bad
2021-07-19 01:23:46 CHB 1806085?1626628726 第 1 次 等待 3 秒
2021-07-19 01:23:49 CHB 1806085?1626628726 第 1 次 未获取到 等待 18 秒 下次操作: 2021-07-19 01:24:07
2021-07-19 01:24:09 CHB 1806085?1626629047 第 2 次 等待 3 秒
2021-07-19 01:24:12 CHB 1806085?1626629047 第 2 次 获取到号码【1806085】GSD
2021-07-19 01:24:12 获取到号码【1806085】的GSD为【福建-福州】
2021-07-19 01:24:28 GSD insert 第 1 次 等待 3 秒
2021-07-19 01:24:31 {"status":"ok","gid":321044,"msg":"添加成功！"}
2021-07-19 01:24:31 下次操作: 2021-07-19 01:24:49

2021-07-19 01:24:49 开始第 19 次操作

2021-07-19 01:24:49 开始操作号码 【1806086】
2021-07-19 01:24:59 GSD getOne 第 1 次 等待 3 秒
2021-07-19 01:25:02 查询号码 【1806086】，返回信息 {"status":"bad","msg":""}
2021-07-19 01:25:03 查询号码 【1806086】，GSD为【""】
2021-07-19 01:25:03 bad
2021-07-19 01:25:04 CHB 1806086?1626629103 第 1 次 等待 3 秒
2021-07-19 01:25:07 CHB 1806086?1626629103 第 1 次 获取到号码【1806086】GSD
2021-07-19 01:25:07 获取到号码【1806086】的GSD为【福建-福州】
2021-07-19 01:25:12 GSD insert 第 1 次 等待 3 秒
2021-07-19 01:25:15 {"status":"ok","gid":321049,"msg":"添加成功！"}
2021-07-19 01:25:15 下次操作: 2021-07-19 01:25:29

2021-07-19 01:25:29 开始第 20 次操作

2021-07-19 01:25:29 开始操作号码 【1806087】
2021-07-19 01:26:26 GSD getOne 第 1 次 等待 3 秒
2021-07-19 01:26:29 查询号码 【1806087】，返回信息 {"status":"bad","msg":""}
2021-07-19 01:26:29 查询号码 【1806087】，GSD为【""】
2021-07-19 01:26:29 bad
2021-07-19 01:26:31 CHB 1806087?1626629189 第 1 次 等待 3 秒
2021-07-19 01:26:34 CHB 1806087?1626629189 第 1 次 获取到号码【1806087】GSD
2021-07-19 01:26:34 获取到号码【1806087】的GSD为【福建-福州】
2021-07-19 01:27:02 GSD insert 第 1 次 等待 3 秒
2021-07-19 01:27:05 {"status":"ok","gid":321060,"msg":"添加成功！"}
2021-07-19 01:27:05 下次操作: 2021-07-19 01:27:29

2021-07-19 01:27:29 开始第 21 次操作

2021-07-19 01:27:29 开始操作号码 【1806088】
2021-07-19 01:27:35 GSD getOne 第 1 次 等待 3 秒
2021-07-19 01:27:38 查询号码 【1806088】，返回信息 {"status":"ok","msg":"福建-福州","gid":"32307","time_insert":"2019-11-12 10:48","time_update":"2020-09-04 21:12"}
2021-07-19 01:27:38 查询号码 【1806088】，GSD为【"福建-福州"】

2021-07-19 01:27:38 开始第 21 次操作

2021-07-19 01:27:38 开始操作号码 【1806089】
2021-07-19 01:27:43 GSD getOne 第 1 次 等待 3 秒
2021-07-19 01:27:46 查询号码 【1806089】，返回信息 {"status":"bad","msg":""}
2021-07-19 01:27:46 查询号码 【1806089】，GSD为【""】
2021-07-19 01:27:46 bad
2021-07-19 01:27:48 CHB 1806089?1626629266 第 1 次 等待 3 秒
2021-07-19 01:27:51 CHB 1806089?1626629266 第 1 次 获取到号码【1806089】GSD
2021-07-19 01:27:51 获取到号码【1806089】的GSD为【福建-福州】
2021-07-19 01:28:03 GSD insert 第 1 次 等待 3 秒
2021-07-19 01:28:06 {"status":"ok","gid":321071,"msg":"添加成功！"}
2021-07-19 01:28:06 下次操作: 2021-07-19 01:28:28

2021-07-19 01:28:28 开始第 22 次操作

2021-07-19 01:28:28 开始操作号码 【1806090】
2021-07-19 01:28:38 GSD getOne 第 1 次 等待 3 秒
2021-07-19 01:28:41 查询号码 【1806090】，返回信息 {"status":"bad","msg":""}
2021-07-19 01:28:41 查询号码 【1806090】，GSD为【""】
2021-07-19 01:28:41 bad
2021-07-19 01:28:43 CHB 1806090?1626629321 第 1 次 等待 3 秒
2021-07-19 01:28:46 CHB 1806090?1626629321 第 1 次 获取到号码【1806090】GSD
2021-07-19 01:28:46 获取到号码【1806090】的GSD为【福建-厦门】
2021-07-19 01:28:50 GSD insert 第 1 次 等待 3 秒
2021-07-19 01:28:53 {"status":"ok","gid":321078,"msg":"添加成功！"}
2021-07-19 01:28:53 下次操作: 2021-07-19 01:29:14

2021-07-19 01:29:14 开始第 23 次操作

2021-07-19 01:29:14 开始操作号码 【1806091】
2021-07-19 01:29:30 GSD getOne 第 1 次 等待 3 秒
2021-07-19 01:29:33 查询号码 【1806091】，返回信息 {"status":"bad","msg":""}
2021-07-19 01:29:33 查询号码 【1806091】，GSD为【""】
2021-07-19 01:29:33 bad
2021-07-19 01:29:34 CHB 1806091?1626629373 第 1 次 等待 3 秒
2021-07-19 01:29:37 CHB 1806091?1626629373 第 1 次 获取到号码【1806091】GSD
2021-07-19 01:29:37 获取到号码【1806091】的GSD为【福建-厦门】
2021-07-19 01:29:42 GSD insert 第 1 次 等待 3 秒
2021-07-19 01:29:45 {"status":"ok","gid":321089,"msg":"添加成功！"}
2021-07-19 01:29:45 下次操作: 2021-07-19 01:30:06

2021-07-19 01:30:06 开始第 24 次操作

2021-07-19 01:30:06 开始操作号码 【1806092】
2021-07-19 01:30:09 GSD getOne 第 1 次 等待 3 秒
2021-07-19 01:30:12 查询号码 【1806092】，返回信息 {"status":"ok","msg":"福建-厦门","gid":"32308","time_insert":"2019-05-23 11:06","time_update":"2020-09-04 20:19"}
2021-07-19 01:30:12 查询号码 【1806092】，GSD为【"福建-厦门"】

2021-07-19 01:30:12 开始第 24 次操作

2021-07-19 01:30:12 开始操作号码 【1806093】
2021-07-19 01:30:25 GSD getOne 第 1 次 等待 3 秒
2021-07-19 01:30:28 查询号码 【1806093】，返回信息 {"status":"bad","msg":""}
2021-07-19 01:30:28 查询号码 【1806093】，GSD为【""】
2021-07-19 01:30:28 bad
2021-07-19 01:30:30 CHB 1806093?1626629428 第 1 次 等待 3 秒
2021-07-19 01:30:33 CHB 1806093?1626629428 第 1 次 获取到号码【1806093】GSD
2021-07-19 01:30:33 获取到号码【1806093】的GSD为【福建-厦门】
2021-07-19 01:30:37 GSD insert 第 1 次 等待 3 秒
2021-07-19 01:30:40 {"status":"ok","gid":321097,"msg":"添加成功！"}
2021-07-19 01:30:40 下次操作: 2021-07-19 01:30:59

2021-07-19 01:30:59 开始第 25 次操作

2021-07-19 01:30:59 开始操作号码 【1806094】
2021-07-19 01:31:11 GSD getOne 第 1 次 等待 3 秒
2021-07-19 01:31:14 查询号码 【1806094】，返回信息 {"status":"bad","msg":""}
2021-07-19 01:31:14 查询号码 【1806094】，GSD为【""】
2021-07-19 01:31:14 bad
2021-07-19 01:31:16 CHB 1806094?1626629474 第 1 次 等待 3 秒
2021-07-19 01:31:19 CHB 1806094?1626629474 第 1 次 获取到号码【1806094】GSD
2021-07-19 01:31:19 获取到号码【1806094】的GSD为【福建-厦门】
2021-07-19 01:31:25 GSD insert 第 1 次 等待 3 秒
2021-07-19 01:31:28 {"status":"ok","gid":321108,"msg":"添加成功！"}
2021-07-19 01:31:28 下次操作: 2021-07-19 01:31:49

2021-07-19 01:31:49 开始第 26 次操作

2021-07-19 01:31:49 开始操作号码 【1806095】
2021-07-19 01:32:14 GSD getOne 第 1 次 等待 3 秒
2021-07-19 01:32:17 查询号码 【1806095】，返回信息 {"status":"bad","msg":""}
2021-07-19 01:32:17 查询号码 【1806095】，GSD为【""】
2021-07-19 01:32:17 bad
2021-07-19 01:32:19 CHB 1806095?1626629537 第 1 次 等待 3 秒
2021-07-19 01:32:22 CHB 1806095?1626629537 第 1 次 获取到号码【1806095】GSD
2021-07-19 01:32:22 获取到号码【1806095】的GSD为【福建-厦门】
2021-07-19 01:32:31 GSD insert 第 1 次 等待 3 秒
2021-07-19 01:32:34 {"status":"ok","gid":321114,"msg":"添加成功！"}
2021-07-19 01:32:34 下次操作: 2021-07-19 01:32:55

2021-07-19 01:32:55 开始第 27 次操作

2021-07-19 01:32:55 开始操作号码 【1806096】
2021-07-19 01:32:57 GSD getOne 第 1 次 等待 3 秒
2021-07-19 01:33:00 查询号码 【1806096】，返回信息 {"status":"bad","msg":""}
2021-07-19 01:33:00 查询号码 【1806096】，GSD为【""】
2021-07-19 01:33:00 bad
2021-07-19 01:33:02 CHB 1806096?1626629580 第 1 次 等待 3 秒
2021-07-19 01:33:05 CHB 1806096?1626629580 第 1 次 获取到号码【1806096】GSD
2021-07-19 01:33:05 获取到号码【1806096】的GSD为【福建-厦门】
2021-07-19 01:33:09 GSD insert 第 1 次 等待 3 秒
2021-07-19 01:33:12 {"status":"ok","gid":321120,"msg":"添加成功！"}
2021-07-19 01:33:12 下次操作: 2021-07-19 01:33:32

2021-07-19 01:33:32 开始第 28 次操作

2021-07-19 01:33:32 开始操作号码 【1806097】
2021-07-19 01:34:00 GSD getOne 第 1 次 等待 3 秒
2021-07-19 01:34:03 查询号码 【1806097】，返回信息 {"status":"bad","msg":""}
2021-07-19 01:34:03 查询号码 【1806097】，GSD为【""】
2021-07-19 01:34:03 bad
2021-07-19 01:34:05 CHB 1806097?1626629643 第 1 次 等待 3 秒
2021-07-19 01:34:08 CHB 1806097?1626629643 第 1 次 获取到号码【1806097】GSD
2021-07-19 01:34:08 获取到号码【1806097】的GSD为【福建-厦门】
2021-07-19 01:34:12 GSD insert 第 1 次 等待 3 秒
2021-07-19 01:34:15 {"status":"ok","gid":321130,"msg":"添加成功！"}
2021-07-19 01:34:15 下次操作: 2021-07-19 01:34:34

2021-07-19 01:34:34 开始第 29 次操作

2021-07-19 01:34:34 开始操作号码 【1806098】
2021-07-19 01:34:37 GSD getOne 第 1 次 等待 3 秒
2021-07-19 01:34:40 查询号码 【1806098】，返回信息 {"status":"bad","msg":""}
2021-07-19 01:34:40 查询号码 【1806098】，GSD为【""】
2021-07-19 01:34:40 bad
2021-07-19 01:34:42 CHB 1806098?1626629680 第 1 次 等待 3 秒
2021-07-19 01:34:45 CHB 1806098?1626629680 第 1 次 获取到号码【1806098】GSD
2021-07-19 01:34:45 获取到号码【1806098】的GSD为【福建-厦门】
2021-07-19 01:34:52 GSD insert 第 1 次 等待 3 秒
2021-07-19 01:34:55 {"status":"ok","gid":321134,"msg":"添加成功！"}
2021-07-19 01:34:55 下次操作: 2021-07-19 01:35:16

2021-07-19 01:35:16 开始第 30 次操作

2021-07-19 01:35:16 开始操作号码 【1806099】
2021-07-19 01:35:19 GSD getOne 第 1 次 等待 3 秒
2021-07-19 01:35:22 查询号码 【1806099】，返回信息 {"status":"bad","msg":""}
2021-07-19 01:35:22 查询号码 【1806099】，GSD为【""】
2021-07-19 01:35:22 bad
2021-07-19 01:35:24 CHB 1806099?1626629722 第 1 次 等待 3 秒
2021-07-19 01:35:27 CHB 1806099?1626629722 第 1 次 获取到号码【1806099】GSD
2021-07-19 01:35:27 获取到号码【1806099】的GSD为【福建-厦门】
2021-07-19 01:35:34 GSD insert 第 1 次 等待 3 秒
2021-07-19 01:35:37 {"status":"ok","gid":321139,"msg":"添加成功！"}
2021-07-19 01:35:37 下次操作: 2021-07-19 01:35:59

2021-07-19 01:35:59 开始第 31 次操作

2021-07-19 01:35:59 开始操作号码 【1806100】
2021-07-19 01:36:02 GSD getOne 第 1 次 等待 3 秒
2021-07-19 01:36:05 查询号码 【1806100】，返回信息 {"status":"bad","msg":""}
2021-07-19 01:36:05 查询号码 【1806100】，GSD为【""】
2021-07-19 01:36:05 bad
2021-07-19 01:36:07 CHB 1806100?1626629765 第 1 次 等待 3 秒
2021-07-19 01:36:10 CHB 1806100?1626629765 第 1 次 获取到号码【1806100】GSD
2021-07-19 01:36:10 获取到号码【1806100】的GSD为【江苏-泰州】
2021-07-19 01:36:49 GSD insert 第 1 次 等待 3 秒
2021-07-19 01:36:52 {"status":"ok","gid":321154,"msg":"添加成功！"}
2021-07-19 01:36:52 下次操作: 2021-07-19 01:37:05

2021-07-19 01:37:05 开始第 32 次操作

2021-07-19 01:37:05 开始操作号码 【1806101】
2021-07-19 01:37:11 GSD getOne 第 1 次 等待 3 秒
2021-07-19 01:37:14 查询号码 【1806101】，返回信息 {"status":"bad","msg":""}
2021-07-19 01:37:14 查询号码 【1806101】，GSD为【""】
2021-07-19 01:37:14 bad
2021-07-19 01:37:16 CHB 1806101?1626629834 第 1 次 等待 3 秒
2021-07-19 01:37:19 CHB 1806101?1626629834 第 1 次 获取到号码【1806101】GSD
2021-07-19 01:37:19 获取到号码【1806101】的GSD为【江苏-泰州】
2021-07-19 01:37:33 GSD insert 第 1 次 等待 3 秒
2021-07-19 01:37:36 {"status":"ok","gid":321163,"msg":"添加成功！"}
2021-07-19 01:37:36 下次操作: 2021-07-19 01:37:56

2021-07-19 01:37:56 开始第 33 次操作

2021-07-19 01:37:56 开始操作号码 【1806102】
2021-07-19 01:37:59 GSD getOne 第 1 次 等待 3 秒
2021-07-19 01:38:02 查询号码 【1806102】，返回信息 {"status":"bad","msg":""}
2021-07-19 01:38:02 查询号码 【1806102】，GSD为【""】
2021-07-19 01:38:02 bad
2021-07-19 01:38:04 CHB 1806102?1626629882 第 1 次 等待 3 秒
2021-07-19 01:38:07 CHB 1806102?1626629882 第 1 次 获取到号码【1806102】GSD
2021-07-19 01:38:07 获取到号码【1806102】的GSD为【江苏-泰州】
2021-07-19 01:38:15 GSD insert 第 1 次 等待 3 秒
2021-07-19 01:38:18 {"status":"ok","gid":321171,"msg":"添加成功！"}
2021-07-19 01:38:18 下次操作: 2021-07-19 01:38:37

2021-07-19 01:38:37 开始第 34 次操作

2021-07-19 01:38:37 开始操作号码 【1806103】
2021-07-19 01:38:39 GSD getOne 第 1 次 等待 3 秒
2021-07-19 01:38:42 查询号码 【1806103】，返回信息 {"status":"bad","msg":""}
2021-07-19 01:38:43 查询号码 【1806103】，GSD为【""】
2021-07-19 01:38:43 bad
2021-07-19 01:38:44 CHB 1806103?1626629923 第 1 次 等待 3 秒
2021-07-19 01:38:47 CHB 1806103?1626629923 第 1 次 获取到号码【1806103】GSD
2021-07-19 01:38:47 获取到号码【1806103】的GSD为【江苏-泰州】
2021-07-19 01:38:55 GSD insert 第 1 次 等待 3 秒
2021-07-19 01:38:58 {"status":"ok","gid":321177,"msg":"添加成功！"}
2021-07-19 01:38:58 下次操作: 2021-07-19 01:39:10

2021-07-19 01:39:11 开始第 35 次操作

2021-07-19 01:39:11 开始操作号码 【1806104】
2021-07-19 01:39:13 GSD getOne 第 1 次 等待 3 秒
2021-07-19 01:39:16 查询号码 【1806104】，返回信息 {"status":"bad","msg":""}
2021-07-19 01:39:16 查询号码 【1806104】，GSD为【""】
2021-07-19 01:39:16 bad
2021-07-19 01:39:18 CHB 1806104?1626629956 第 1 次 等待 3 秒
2021-07-19 01:39:21 CHB 1806104?1626629956 第 1 次 获取到号码【1806104】GSD
2021-07-19 01:39:21 获取到号码【1806104】的GSD为【江苏-泰州】
2021-07-19 01:39:24 GSD insert 第 1 次 等待 3 秒
2021-07-19 01:39:27 {"status":"ok","gid":321181,"msg":"添加成功！"}
2021-07-19 01:39:27 下次操作: 2021-07-19 01:39:44

2021-07-19 01:39:44 开始第 36 次操作

2021-07-19 01:39:44 开始操作号码 【1806105】
2021-07-19 01:40:16 GSD getOne 第 1 次 等待 3 秒
2021-07-19 01:40:19 查询号码 【1806105】，返回信息 {"status":"bad","msg":""}
2021-07-19 01:40:20 查询号码 【1806105】，GSD为【""】
2021-07-19 01:40:20 bad
2021-07-19 01:40:21 CHB 1806105?1626630020 第 1 次 等待 3 秒
2021-07-19 01:40:24 CHB 1806105?1626630020 第 1 次 获取到号码【1806105】GSD
2021-07-19 01:40:24 获取到号码【1806105】的GSD为【江苏-泰州】
2021-07-19 01:40:58 GSD insert 第 1 次 等待 3 秒
2021-07-19 01:41:01 {"status":"ok","gid":321198,"msg":"添加成功！"}
2021-07-19 01:41:01 下次操作: 2021-07-19 01:41:19

2021-07-19 01:41:19 开始第 37 次操作

2021-07-19 01:41:19 开始操作号码 【1806106】
2021-07-19 01:41:25 GSD getOne 第 1 次 等待 3 秒
2021-07-19 01:41:28 查询号码 【1806106】，返回信息 {"status":"bad","msg":""}
2021-07-19 01:41:28 查询号码 【1806106】，GSD为【""】
2021-07-19 01:41:28 bad
2021-07-19 01:41:30 CHB 1806106?1626630088 第 1 次 等待 3 秒
2021-07-19 01:41:33 CHB 1806106?1626630088 第 1 次 获取到号码【1806106】GSD
2021-07-19 01:41:33 获取到号码【1806106】的GSD为【江苏-泰州】
2021-07-19 01:41:38 GSD insert 第 1 次 等待 3 秒
2021-07-19 01:41:41 {"status":"ok","gid":321204,"msg":"添加成功！"}
2021-07-19 01:41:41 下次操作: 2021-07-19 01:41:58

2021-07-19 01:41:58 开始第 38 次操作

2021-07-19 01:41:58 开始操作号码 【1806107】
2021-07-19 01:42:01 GSD getOne 第 1 次 等待 3 秒
2021-07-19 01:42:04 查询号码 【1806107】，返回信息 {"status":"bad","msg":""}
2021-07-19 01:42:04 查询号码 【1806107】，GSD为【""】
2021-07-19 01:42:04 bad
2021-07-19 01:42:06 CHB 1806107?1626630124 第 1 次 等待 3 秒
2021-07-19 01:42:09 CHB 1806107?1626630124 第 1 次 获取到号码【1806107】GSD
2021-07-19 01:42:09 获取到号码【1806107】的GSD为【江苏-泰州】
2021-07-19 01:42:25 GSD insert 第 1 次 等待 3 秒
2021-07-19 01:42:28 {"status":"ok","gid":321213,"msg":"添加成功！"}
2021-07-19 01:42:28 下次操作: 2021-07-19 01:42:52

2021-07-19 01:42:52 开始第 39 次操作

2021-07-19 01:42:52 开始操作号码 【1806108】
2021-07-19 01:43:53 GSD getOne 第 1 次 等待 3 秒
2021-07-19 01:43:56 查询号码 【1806108】，返回信息 {"status":"bad","msg":""}
2021-07-19 01:43:57 查询号码 【1806108】，GSD为【""】
2021-07-19 01:43:57 bad
2021-07-19 01:43:58 CHB 1806108?1626630237 第 1 次 等待 3 秒
2021-07-19 01:44:01 CHB 1806108?1626630237 第 1 次 获取到号码【1806108】GSD
2021-07-19 01:44:01 获取到号码【1806108】的GSD为【江苏-泰州】
2021-07-19 01:44:04 GSD insert 第 1 次 等待 3 秒
2021-07-19 01:44:07 {"status":"ok","gid":321229,"msg":"添加成功！"}
2021-07-19 01:44:07 下次操作: 2021-07-19 01:44:26

2021-07-19 01:44:26 开始第 40 次操作

2021-07-19 01:44:26 开始操作号码 【1806109】
2021-07-19 01:45:32 GSD getOne 第 1 次 等待 3 秒
2021-07-19 01:45:35 查询号码 【1806109】，返回信息 {"status":"bad","msg":""}
2021-07-19 01:45:35 查询号码 【1806109】，GSD为【""】
2021-07-19 01:45:35 bad
2021-07-19 01:45:36 CHB 1806109?1626630335 第 1 次 等待 3 秒
2021-07-19 01:45:39 CHB 1806109?1626630335 第 1 次 获取到号码【1806109】GSD
2021-07-19 01:45:39 获取到号码【1806109】的GSD为【江苏-南通】
2021-07-19 01:46:41 GSD insert 第 1 次 等待 3 秒
2021-07-19 01:46:44 {"status":"ok","gid":321251,"msg":"添加成功！"}

2021-07-19 02:49:15 开始第 1 次操作

2021-07-19 02:49:15 开始操作号码 【1806110】
2021-07-19 02:49:19 GSD getOne 第 1 次 等待 3 秒
2021-07-19 02:49:22 查询号码 【1806110】，返回信息 {"status":"ok","msg":"-","gid":"321375","time_insert":"2021-07-19 02:04"}
2021-07-19 02:49:22 查询号码 【1806110】，GSD为【"-"】
2021-07-19 02:49:22 ok && -
2021-07-19 02:49:24 CHB 1806110?1626634162 第 1 次 等待 3 秒
2021-07-19 02:49:27 CHB 1806110?1626634162 第 1 次 获取到号码【1806110】GSD
2021-07-19 02:49:27 获取到号码【1806110】的GSD为【江苏-徐州】
2021-07-19 02:49:47 GSD insert 第 1 次 等待 3 秒
2021-07-19 02:49:50 {"status":"ok","gid":"321375","msg":"添加号码已存在，但为‘-’，修改为【江苏-徐州】成功！"}
2021-07-19 02:49:50 下次操作: 2021-07-19 02:50:08

2021-07-19 02:50:08 开始第 2 次操作

2021-07-19 02:50:08 开始操作号码 【1806111】
2021-07-19 02:50:20 GSD getOne 第 1 次 等待 3 秒
2021-07-19 02:50:23 查询号码 【1806111】，返回信息 {"status":"ok","msg":"江苏-徐州","gid":"321390","time_insert":"2021-07-19 02:06"}
2021-07-19 02:50:23 查询号码 【1806111】，GSD为【"江苏-徐州"】

2021-07-19 02:50:23 开始第 2 次操作

2021-07-19 02:50:23 开始操作号码 【1806112】
2021-07-19 02:50:42 GSD getOne 第 1 次 等待 3 秒
2021-07-19 02:50:45 查询号码 【1806112】，返回信息 {"status":"ok","msg":"江苏-徐州","gid":"321399","time_insert":"2021-07-19 02:07"}
2021-07-19 02:50:45 查询号码 【1806112】，GSD为【"江苏-徐州"】

2021-07-19 02:50:45 开始第 2 次操作

2021-07-19 02:50:45 开始操作号码 【1806113】
2021-07-19 02:51:12 GSD getOne 第 1 次 等待 3 秒
2021-07-19 02:51:15 查询号码 【1806113】，返回信息 {"status":"ok","msg":"江苏-徐州","gid":"321406","time_insert":"2021-07-19 02:08"}
2021-07-19 02:51:15 查询号码 【1806113】，GSD为【"江苏-徐州"】

2021-07-19 02:51:15 开始第 2 次操作

2021-07-19 02:51:15 开始操作号码 【1806114】
2021-07-19 02:51:40 GSD getOne 第 1 次 等待 3 秒
2021-07-19 02:51:43 查询号码 【1806114】，返回信息 {"status":"ok","msg":"江苏-徐州","gid":"321413","time_insert":"2021-07-19 02:09"}
2021-07-19 02:51:43 查询号码 【1806114】，GSD为【"江苏-徐州"】

2021-07-19 02:51:43 开始第 2 次操作

2021-07-19 02:51:43 开始操作号码 【1806115】
2021-07-19 02:52:10 GSD getOne 第 1 次 等待 3 秒
2021-07-19 02:52:13 查询号码 【1806115】，返回信息 {"status":"ok","msg":"江苏-扬州","gid":"321423","time_insert":"2021-07-19 02:10"}
2021-07-19 02:52:13 查询号码 【1806115】，GSD为【"江苏-扬州"】

2021-07-19 02:52:13 开始第 2 次操作

2021-07-19 02:52:13 开始操作号码 【1806116】
2021-07-19 02:52:32 GSD getOne 第 1 次 等待 3 秒
2021-07-19 02:52:35 查询号码 【1806116】，返回信息 {"status":"ok","msg":"江苏-扬州","gid":"321433","time_insert":"2021-07-19 02:11"}
2021-07-19 02:52:35 查询号码 【1806116】，GSD为【"江苏-扬州"】

2021-07-19 02:52:35 开始第 2 次操作

2021-07-19 02:52:35 开始操作号码 【1806117】
2021-07-19 02:52:55 GSD getOne 第 1 次 等待 3 秒
2021-07-19 02:52:58 查询号码 【1806117】，返回信息 {"status":"ok","msg":"江苏-扬州","gid":"321444","time_insert":"2021-07-19 02:12"}
2021-07-19 02:52:58 查询号码 【1806117】，GSD为【"江苏-扬州"】

2021-07-19 02:52:58 开始第 2 次操作

2021-07-19 02:52:58 开始操作号码 【1806118】
2021-07-19 02:53:17 GSD getOne 第 1 次 等待 3 秒
2021-07-19 02:53:20 查询号码 【1806118】，返回信息 {"status":"ok","msg":"江苏-镇江","gid":"321455","time_insert":"2021-07-19 02:13"}
2021-07-19 02:53:20 查询号码 【1806118】，GSD为【"江苏-镇江"】

2021-07-19 02:53:20 开始第 2 次操作

2021-07-19 02:53:20 开始操作号码 【1806119】
2021-07-19 02:53:39 GSD getOne 第 1 次 等待 3 秒
2021-07-19 02:53:42 查询号码 【1806119】，返回信息 {"status":"ok","msg":"江苏-镇江","gid":"321461","time_insert":"2021-07-19 02:14"}
2021-07-19 02:53:42 查询号码 【1806119】，GSD为【"江苏-镇江"】

2021-07-19 02:53:42 开始第 2 次操作

2021-07-19 02:53:42 开始操作号码 【1806120】
2021-07-19 02:54:03 GSD getOne 第 1 次 等待 3 秒
2021-07-19 02:54:06 查询号码 【1806120】，返回信息 {"status":"ok","msg":"江苏-南京","gid":"321469","time_insert":"2021-07-19 02:15"}
2021-07-19 02:54:06 查询号码 【1806120】，GSD为【"江苏-南京"】

2021-07-19 02:54:06 开始第 2 次操作

2021-07-19 02:54:06 开始操作号码 【1806121】
2021-07-19 02:54:24 GSD getOne 第 1 次 等待 3 秒
2021-07-19 02:54:27 查询号码 【1806121】，返回信息 {"status":"ok","msg":"江苏-南京","gid":"321475","time_insert":"2021-07-19 02:16"}
2021-07-19 02:54:28 查询号码 【1806121】，GSD为【"江苏-南京"】

2021-07-19 02:54:28 开始第 2 次操作

2021-07-19 02:54:28 开始操作号码 【1806122】
2021-07-19 02:54:46 GSD getOne 第 1 次 等待 3 秒
2021-07-19 02:54:49 查询号码 【1806122】，返回信息 {"status":"ok","msg":"江苏-南京","gid":"32309","time_insert":"2017-04-20 16:08","time_update":"2020-08-26 03:45"}
2021-07-19 02:54:49 查询号码 【1806122】，GSD为【"江苏-南京"】

2021-07-19 02:54:49 开始第 2 次操作

2021-07-19 02:54:49 开始操作号码 【1806123】
2021-07-19 02:55:07 GSD getOne 第 1 次 等待 3 秒
2021-07-19 02:55:10 查询号码 【1806123】，返回信息 {"status":"ok","msg":"江苏-南京","gid":"321485","time_insert":"2021-07-19 02:17"}
2021-07-19 02:55:10 查询号码 【1806123】，GSD为【"江苏-南京"】

2021-07-19 02:55:10 开始第 2 次操作

2021-07-19 02:55:10 开始操作号码 【1806124】
2021-07-19 02:55:28 GSD getOne 第 1 次 等待 3 秒
2021-07-19 02:55:31 查询号码 【1806124】，返回信息 {"status":"ok","msg":"江苏-南京","gid":"321497","time_insert":"2021-07-19 02:18"}
2021-07-19 02:55:31 查询号码 【1806124】，GSD为【"江苏-南京"】

2021-07-19 02:55:31 开始第 2 次操作

2021-07-19 02:55:31 开始操作号码 【1806125】
2021-07-19 02:55:53 GSD getOne 第 1 次 等待 3 秒
2021-07-19 02:55:56 查询号码 【1806125】，返回信息 {"status":"ok","msg":"江苏-南京","gid":"321506","time_insert":"2021-07-19 02:19"}
2021-07-19 02:55:57 查询号码 【1806125】，GSD为【"江苏-南京"】

2021-07-19 02:55:57 开始第 2 次操作

2021-07-19 02:55:57 开始操作号码 【1806126】
2021-07-19 02:56:23 GSD getOne 第 1 次 等待 3 秒
2021-07-19 02:56:26 查询号码 【1806126】，返回信息 {"status":"ok","msg":"江苏-南京","gid":"321512","time_insert":"2021-07-19 02:20"}
2021-07-19 02:56:26 查询号码 【1806126】，GSD为【"江苏-南京"】

2021-07-19 02:56:26 开始第 2 次操作

2021-07-19 02:56:26 开始操作号码 【1806127】
2021-07-19 02:56:51 GSD getOne 第 1 次 等待 3 秒
2021-07-19 02:56:54 查询号码 【1806127】，返回信息 {"status":"ok","msg":"江苏-南京","gid":"321520","time_insert":"2021-07-19 02:21"}
2021-07-19 02:56:54 查询号码 【1806127】，GSD为【"江苏-南京"】

2021-07-19 02:56:54 开始第 2 次操作

2021-07-19 02:56:54 开始操作号码 【1806128】
2021-07-19 02:57:15 GSD getOne 第 1 次 等待 3 秒
2021-07-19 02:57:18 查询号码 【1806128】，返回信息 {"status":"ok","msg":"江苏-南京","gid":"321530","time_insert":"2021-07-19 02:22"}
2021-07-19 02:57:18 查询号码 【1806128】，GSD为【"江苏-南京"】

2021-07-19 02:57:18 开始第 2 次操作

2021-07-19 02:57:18 开始操作号码 【1806129】
2021-07-19 02:57:36 GSD getOne 第 1 次 等待 3 秒
2021-07-19 02:57:39 查询号码 【1806129】，返回信息 {"status":"ok","msg":"江苏-南京","gid":"321539","time_insert":"2021-07-19 02:23"}
2021-07-19 02:57:39 查询号码 【1806129】，GSD为【"江苏-南京"】

2021-07-19 02:57:39 开始第 2 次操作

2021-07-19 02:57:39 开始操作号码 【1806130】
2021-07-19 02:57:57 GSD getOne 第 1 次 等待 3 秒
2021-07-19 02:58:00 查询号码 【1806130】，返回信息 {"status":"ok","msg":"江苏-南通","gid":"321549","time_insert":"2021-07-19 02:24"}
2021-07-19 02:58:01 查询号码 【1806130】，GSD为【"江苏-南通"】

2021-07-19 02:58:01 开始第 2 次操作

2021-07-19 02:58:01 开始操作号码 【1806131】
2021-07-19 02:58:19 GSD getOne 第 1 次 等待 3 秒
2021-07-19 02:58:22 查询号码 【1806131】，返回信息 {"status":"ok","msg":"江苏-连云港","gid":"321559","time_insert":"2021-07-19 02:25"}
2021-07-19 02:58:22 查询号码 【1806131】，GSD为【"江苏-连云港"】

2021-07-19 02:58:22 开始第 2 次操作

2021-07-19 02:58:22 开始操作号码 【1806132】
2021-07-19 02:58:50 GSD getOne 第 1 次 等待 3 秒
2021-07-19 02:58:53 查询号码 【1806132】，返回信息 {"status":"ok","msg":"江苏-连云港","gid":"321568","time_insert":"2021-07-19 02:26"}
2021-07-19 02:58:53 查询号码 【1806132】，GSD为【"江苏-连云港"】

2021-07-19 02:58:53 开始第 2 次操作

2021-07-19 02:58:53 开始操作号码 【1806133】
2021-07-19 02:59:16 GSD getOne 第 1 次 等待 3 秒
2021-07-19 02:59:19 查询号码 【1806133】，返回信息 {"status":"ok","msg":"江苏-连云港","gid":"321574","time_insert":"2021-07-19 02:27"}
2021-07-19 02:59:19 查询号码 【1806133】，GSD为【"江苏-连云港"】

2021-07-19 02:59:19 开始第 2 次操作

2021-07-19 02:59:19 开始操作号码 【1806134】
2021-07-19 02:59:42 GSD getOne 第 1 次 等待 3 秒
2021-07-19 02:59:45 查询号码 【1806134】，返回信息 {"status":"ok","msg":"江苏-连云港","gid":"321578","time_insert":"2021-07-19 02:28"}
2021-07-19 02:59:45 查询号码 【1806134】，GSD为【"江苏-连云港"】

2021-07-19 02:59:45 开始第 2 次操作

2021-07-19 02:59:45 开始操作号码 【1806135】
2021-07-19 03:00:04 GSD getOne 第 1 次 等待 3 秒
2021-07-19 03:00:07 查询号码 【1806135】，返回信息 {"status":"ok","msg":"江苏-连云港","gid":"321580","time_insert":"2021-07-19 02:28"}
2021-07-19 03:00:07 查询号码 【1806135】，GSD为【"江苏-连云港"】

2021-07-19 03:00:07 开始第 2 次操作

2021-07-19 03:00:07 开始操作号码 【1806136】
2021-07-19 03:00:31 GSD getOne 第 1 次 等待 3 秒
2021-07-19 03:00:34 查询号码 【1806136】，返回信息 {"status":"ok","msg":"江苏-连云港","gid":"321582","time_insert":"2021-07-19 02:29"}
2021-07-19 03:00:34 查询号码 【1806136】，GSD为【"江苏-连云港"】

2021-07-19 03:00:34 开始第 2 次操作

2021-07-19 03:00:34 开始操作号码 【1806137】
2021-07-19 03:00:56 GSD getOne 第 1 次 等待 3 秒
2021-07-19 03:00:59 查询号码 【1806137】，返回信息 {"status":"ok","msg":"江苏-连云港","gid":"321583","time_insert":"2021-07-19 02:31"}
2021-07-19 03:00:59 查询号码 【1806137】，GSD为【"江苏-连云港"】

2021-07-19 03:00:59 开始第 2 次操作

2021-07-19 03:00:59 开始操作号码 【1806138】
2021-07-19 03:01:17 GSD getOne 第 1 次 等待 3 秒
2021-07-19 03:01:20 查询号码 【1806138】，返回信息 {"status":"ok","msg":"江苏-连云港","gid":"321589","time_insert":"2021-07-19 02:31"}
2021-07-19 03:01:20 查询号码 【1806138】，GSD为【"江苏-连云港"】

2021-07-19 03:01:20 开始第 2 次操作

2021-07-19 03:01:20 开始操作号码 【1806139】
2021-07-19 03:01:41 GSD getOne 第 1 次 等待 3 秒
2021-07-19 03:01:44 查询号码 【1806139】，返回信息 {"status":"ok","msg":"江苏-连云港","gid":"321592","time_insert":"2021-07-19 02:32"}
2021-07-19 03:01:44 查询号码 【1806139】，GSD为【"江苏-连云港"】

2021-07-19 03:01:44 开始第 2 次操作

2021-07-19 03:01:44 开始操作号码 【1806140】
2021-07-19 03:02:14 GSD getOne 第 1 次 等待 3 秒
2021-07-19 03:02:17 查询号码 【1806140】，返回信息 {"status":"ok","msg":"江苏-盐城","gid":"321593","time_insert":"2021-07-19 02:33"}
2021-07-19 03:02:17 查询号码 【1806140】，GSD为【"江苏-盐城"】

2021-07-19 03:02:17 开始第 2 次操作

2021-07-19 03:02:17 开始操作号码 【1806141】
2021-07-19 03:02:36 GSD getOne 第 1 次 等待 3 秒
2021-07-19 03:02:39 查询号码 【1806141】，返回信息 {"status":"ok","msg":"江苏-盐城","gid":"321595","time_insert":"2021-07-19 02:34"}
2021-07-19 03:02:39 查询号码 【1806141】，GSD为【"江苏-盐城"】

2021-07-19 03:02:39 开始第 2 次操作

2021-07-19 03:02:39 开始操作号码 【1806142】
2021-07-19 03:03:01 GSD getOne 第 1 次 等待 3 秒
2021-07-19 03:03:04 查询号码 【1806142】，返回信息 {"status":"ok","msg":"江苏-南京","gid":"321596","time_insert":"2021-07-19 02:35"}
2021-07-19 03:03:04 查询号码 【1806142】，GSD为【"江苏-南京"】

2021-07-19 03:03:04 开始第 2 次操作

2021-07-19 03:03:04 开始操作号码 【1806143】
2021-07-19 03:03:23 GSD getOne 第 1 次 等待 3 秒
2021-07-19 03:03:26 查询号码 【1806143】，返回信息 {"status":"ok","msg":"-","gid":"321601","time_insert":"2021-07-19 02:36"}
2021-07-19 03:03:26 查询号码 【1806143】，GSD为【"-"】
2021-07-19 03:03:26 ok && -
2021-07-19 03:03:27 CHB 1806143?1626635006 第 1 次 等待 3 秒
2021-07-19 03:03:30 CHB 1806143?1626635006 第 1 次 获取到号码【1806143】GSD
2021-07-19 03:03:30 获取到号码【1806143】的GSD为【江苏-南京】
2021-07-19 03:04:03 GSD insert 第 1 次 等待 3 秒
2021-07-19 03:04:06 {"status":"ok","gid":"321601","msg":"添加号码已存在，但为‘-’，修改为【江苏-南京】成功！"}
2021-07-19 03:04:06 下次操作: 2021-07-19 03:04:29

2021-07-19 03:04:29 开始第 3 次操作

2021-07-19 03:04:29 开始操作号码 【1806144】
2021-07-19 03:04:47 GSD getOne 第 1 次 等待 3 秒
2021-07-19 03:04:50 查询号码 【1806144】，返回信息 {"status":"ok","msg":"江苏-南京","gid":"321606","time_insert":"2021-07-19 02:38"}
2021-07-19 03:04:50 查询号码 【1806144】，GSD为【"江苏-南京"】

2021-07-19 03:04:50 开始第 3 次操作

2021-07-19 03:04:50 开始操作号码 【1806145】
2021-07-19 03:05:11 GSD getOne 第 1 次 等待 3 秒
2021-07-19 03:05:14 查询号码 【1806145】，返回信息 {"status":"ok","msg":"江苏-南京","gid":"321608","time_insert":"2021-07-19 02:39"}
2021-07-19 03:05:14 查询号码 【1806145】，GSD为【"江苏-南京"】

2021-07-19 03:05:14 开始第 3 次操作

2021-07-19 03:05:14 开始操作号码 【1806146】
2021-07-19 03:05:32 GSD getOne 第 1 次 等待 3 秒
2021-07-19 03:05:35 查询号码 【1806146】，返回信息 {"status":"ok","msg":"江苏-南京","gid":"321611","time_insert":"2021-07-19 02:40"}
2021-07-19 03:05:35 查询号码 【1806146】，GSD为【"江苏-南京"】

2021-07-19 03:05:35 开始第 3 次操作

2021-07-19 03:05:35 开始操作号码 【1806147】
2021-07-19 03:05:53 GSD getOne 第 1 次 等待 3 秒
2021-07-19 03:05:56 查询号码 【1806147】，返回信息 {"status":"ok","msg":"江苏-南京","gid":"321615","time_insert":"2021-07-19 02:41"}
2021-07-19 03:05:56 查询号码 【1806147】，GSD为【"江苏-南京"】

2021-07-19 03:05:56 开始第 3 次操作

2021-07-19 03:05:56 开始操作号码 【1806148】
2021-07-19 03:06:15 GSD getOne 第 1 次 等待 3 秒
2021-07-19 03:06:18 查询号码 【1806148】，返回信息 {"status":"ok","msg":"江苏-南京","gid":"321618","time_insert":"2021-07-19 02:42"}
2021-07-19 03:06:18 查询号码 【1806148】，GSD为【"江苏-南京"】

2021-07-19 03:06:18 开始第 3 次操作

2021-07-19 03:06:18 开始操作号码 【1806149】
2021-07-19 03:06:36 GSD getOne 第 1 次 等待 3 秒
2021-07-19 03:06:39 查询号码 【1806149】，返回信息 {"status":"ok","msg":"江苏-南京","gid":"321620","time_insert":"2021-07-19 02:43"}
2021-07-19 03:06:39 查询号码 【1806149】，GSD为【"江苏-南京"】

2021-07-19 03:06:39 开始第 3 次操作

2021-07-19 03:06:39 开始操作号码 【1806150】
2021-07-19 03:06:58 GSD getOne 第 1 次 等待 3 秒
2021-07-19 03:07:01 查询号码 【1806150】，返回信息 {"status":"ok","msg":"江苏-无锡","gid":"321622","time_insert":"2021-07-19 02:44"}
2021-07-19 03:07:01 查询号码 【1806150】，GSD为【"江苏-无锡"】

2021-07-19 03:07:01 开始第 3 次操作

2021-07-19 03:07:01 开始操作号码 【1806151】
2021-07-19 03:07:19 GSD getOne 第 1 次 等待 3 秒
2021-07-19 03:07:22 查询号码 【1806151】，返回信息 {"status":"bad","msg":""}
2021-07-19 03:07:22 查询号码 【1806151】，GSD为【""】
2021-07-19 03:07:22 bad
2021-07-19 03:07:24 CHB 1806151?1626635242 第 1 次 等待 3 秒
2021-07-19 03:07:27 CHB 1806151?1626635242 第 1 次 获取到号码【1806151】GSD
2021-07-19 03:07:27 获取到号码【1806151】的GSD为【江苏-无锡】
2021-07-19 03:07:45 GSD insert 第 1 次 等待 3 秒
2021-07-19 03:07:48 {"status":"ok","gid":321814,"msg":"添加成功！"}
2021-07-19 03:07:48 下次操作: 2021-07-19 03:08:06

2021-07-19 03:08:06 开始第 4 次操作

2021-07-19 03:08:06 开始操作号码 【1806152】
2021-07-19 03:08:09 GSD getOne 第 1 次 等待 3 秒
2021-07-19 03:08:12 查询号码 【1806152】，返回信息 {"status":"bad","msg":""}
2021-07-19 03:08:12 查询号码 【1806152】，GSD为【""】
2021-07-19 03:08:12 bad
2021-07-19 03:08:14 CHB 1806152?1626635292 第 1 次 等待 3 秒
2021-07-19 03:08:17 CHB 1806152?1626635292 第 1 次 获取到号码【1806152】GSD
2021-07-19 03:08:17 获取到号码【1806152】的GSD为【江苏-无锡】
2021-07-19 03:08:36 GSD insert 第 1 次 等待 3 秒
2021-07-19 03:08:39 {"status":"ok","gid":321827,"msg":"添加成功！"}
2021-07-19 03:08:39 下次操作: 2021-07-19 03:09:03

2021-07-19 03:09:03 开始第 5 次操作

2021-07-19 03:09:03 开始操作号码 【1806153】
2021-07-19 03:09:06 GSD getOne 第 1 次 等待 3 秒
2021-07-19 03:09:09 查询号码 【1806153】，返回信息 {"status":"ok","msg":"江苏-无锡","gid":"32310","time_insert":"2017-04-20 16:08","time_update":"2020-08-26 03:48"}
2021-07-19 03:09:09 查询号码 【1806153】，GSD为【"江苏-无锡"】

2021-07-19 03:09:10 开始第 5 次操作

2021-07-19 03:09:10 开始操作号码 【1806154】
2021-07-19 03:09:28 GSD getOne 第 1 次 等待 3 秒
2021-07-19 03:09:31 查询号码 【1806154】，返回信息 {"status":"bad","msg":""}
2021-07-19 03:09:31 查询号码 【1806154】，GSD为【""】
2021-07-19 03:09:31 bad
2021-07-19 03:09:32 CHB 1806154?1626635371 第 1 次 等待 3 秒
2021-07-19 03:09:35 CHB 1806154?1626635371 第 1 次 获取到号码【1806154】GSD
2021-07-19 03:09:35 获取到号码【1806154】的GSD为【江苏-无锡】
2021-07-19 03:09:58 GSD insert 第 1 次 等待 3 秒
2021-07-19 03:10:01 {"status":"ok","gid":321846,"msg":"添加成功！"}
2021-07-19 03:10:01 下次操作: 2021-07-19 03:10:14

2021-07-19 03:10:14 开始第 6 次操作

2021-07-19 03:10:14 开始操作号码 【1806155】
2021-07-19 03:10:22 GSD getOne 第 1 次 等待 3 秒
2021-07-19 03:10:25 查询号码 【1806155】，返回信息 {"status":"bad","msg":""}
2021-07-19 03:10:25 查询号码 【1806155】，GSD为【""】
2021-07-19 03:10:25 bad
2021-07-19 03:10:27 CHB 1806155?1626635425 第 1 次 等待 3 秒
2021-07-19 03:10:30 CHB 1806155?1626635425 第 1 次 获取到号码【1806155】GSD
2021-07-19 03:10:30 获取到号码【1806155】的GSD为【江苏-无锡】
2021-07-19 03:10:51 GSD insert 第 1 次 等待 3 秒
2021-07-19 03:10:54 {"status":"ok","gid":321860,"msg":"添加成功！"}
2021-07-19 03:10:54 下次操作: 2021-07-19 03:11:18

2021-07-19 03:11:18 开始第 7 次操作

2021-07-19 03:11:18 开始操作号码 【1806156】
2021-07-19 03:11:21 GSD getOne 第 1 次 等待 3 秒
2021-07-19 03:11:24 查询号码 【1806156】，返回信息 {"status":"bad","msg":""}
2021-07-19 03:11:24 查询号码 【1806156】，GSD为【""】
2021-07-19 03:11:24 bad
2021-07-19 03:11:26 CHB 1806156?1626635484 第 1 次 等待 3 秒
2021-07-19 03:11:29 CHB 1806156?1626635484 第 1 次 获取到号码【1806156】GSD
2021-07-19 03:11:29 获取到号码【1806156】的GSD为【江苏-无锡】
2021-07-19 03:11:56 GSD insert 第 1 次 等待 3 秒
2021-07-19 03:11:59 {"status":"ok","gid":321870,"msg":"添加成功！"}
2021-07-19 03:11:59 下次操作: 2021-07-19 03:12:19

2021-07-19 03:12:19 开始第 8 次操作

2021-07-19 03:12:19 开始操作号码 【1806157】
2021-07-19 03:12:22 GSD getOne 第 1 次 等待 3 秒
2021-07-19 03:12:25 查询号码 【1806157】，返回信息 {"status":"bad","msg":""}
2021-07-19 03:12:25 查询号码 【1806157】，GSD为【""】
2021-07-19 03:12:25 bad
2021-07-19 03:12:27 CHB 1806157?1626635545 第 1 次 等待 3 秒
2021-07-19 03:12:30 CHB 1806157?1626635545 第 1 次 获取到号码【1806157】GSD
2021-07-19 03:12:30 获取到号码【1806157】的GSD为【江苏-无锡】
2021-07-19 03:12:48 GSD insert 第 1 次 等待 3 秒
2021-07-19 03:12:51 {"status":"ok","gid":321881,"msg":"添加成功！"}
2021-07-19 03:12:51 下次操作: 2021-07-19 03:13:13

2021-07-19 03:13:13 开始第 9 次操作

2021-07-19 03:13:13 开始操作号码 【1806158】
2021-07-19 03:13:16 GSD getOne 第 1 次 等待 3 秒
2021-07-19 03:13:19 查询号码 【1806158】，返回信息 {"status":"bad","msg":""}
2021-07-19 03:13:19 查询号码 【1806158】，GSD为【""】
2021-07-19 03:13:19 bad
2021-07-19 03:13:21 CHB 1806158?1626635599 第 1 次 等待 3 秒
2021-07-19 03:13:24 CHB 1806158?1626635599 第 1 次 获取到号码【1806158】GSD
2021-07-19 03:13:24 获取到号码【1806158】的GSD为【江苏-无锡】
2021-07-19 03:13:42 GSD insert 第 1 次 等待 3 秒
2021-07-19 03:13:45 {"status":"ok","gid":321890,"msg":"添加成功！"}
2021-07-19 03:13:45 下次操作: 2021-07-19 03:14:01

2021-07-19 03:14:01 开始第 10 次操作

2021-07-19 03:14:01 开始操作号码 【1806159】
2021-07-19 03:14:04 GSD getOne 第 1 次 等待 3 秒
2021-07-19 03:14:07 查询号码 【1806159】，返回信息 {"status":"bad","msg":""}
2021-07-19 03:14:07 查询号码 【1806159】，GSD为【""】
2021-07-19 03:14:07 bad
2021-07-19 03:14:08 CHB 1806159?1626635647 第 1 次 等待 3 秒
2021-07-19 03:14:11 CHB 1806159?1626635647 第 1 次 获取到号码【1806159】GSD
2021-07-19 03:14:12 获取到号码【1806159】的GSD为【江苏-无锡】
2021-07-19 03:14:30 GSD insert 第 1 次 等待 3 秒
2021-07-19 03:14:33 {"status":"ok","gid":321897,"msg":"添加成功！"}
2021-07-19 03:14:33 下次操作: 2021-07-19 03:14:52

2021-07-19 03:14:52 开始第 11 次操作

2021-07-19 03:14:52 开始操作号码 【1806160】
2021-07-19 03:14:55 GSD getOne 第 1 次 等待 3 秒
2021-07-19 03:14:58 查询号码 【1806160】，返回信息 {"status":"bad","msg":""}
2021-07-19 03:14:58 查询号码 【1806160】，GSD为【""】
2021-07-19 03:14:58 bad
2021-07-19 03:14:59 CHB 1806160?1626635698 第 1 次 等待 3 秒
2021-07-19 03:15:02 CHB 1806160?1626635698 第 1 次 获取到号码【1806160】GSD
2021-07-19 03:15:03 获取到号码【1806160】的GSD为【江苏-南京】
2021-07-19 03:15:21 GSD insert 第 1 次 等待 3 秒
2021-07-19 03:15:24 {"status":"ok","gid":321904,"msg":"添加成功！"}
2021-07-19 03:15:24 下次操作: 2021-07-19 03:15:41

2021-07-19 03:15:41 开始第 12 次操作

2021-07-19 03:15:41 开始操作号码 【1806161】
2021-07-19 03:15:43 GSD getOne 第 1 次 等待 3 秒
2021-07-19 03:15:46 查询号码 【1806161】，返回信息 {"status":"bad","msg":""}
2021-07-19 03:15:47 查询号码 【1806161】，GSD为【""】
2021-07-19 03:15:47 bad
2021-07-19 03:15:48 CHB 1806161?1626635747 第 1 次 等待 3 秒
2021-07-19 03:15:51 CHB 1806161?1626635747 第 1 次 获取到号码【1806161】GSD
2021-07-19 03:15:51 获取到号码【1806161】的GSD为【江苏-南京】
2021-07-19 03:16:13 GSD insert 第 1 次 等待 3 秒
2021-07-19 03:16:16 {"status":"ok","gid":321911,"msg":"添加成功！"}
2021-07-19 03:16:16 下次操作: 2021-07-19 03:16:35

2021-07-19 03:16:35 开始第 13 次操作

2021-07-19 03:16:35 开始操作号码 【1806162】
2021-07-19 03:16:42 GSD getOne 第 1 次 等待 3 秒
2021-07-19 03:16:45 查询号码 【1806162】，返回信息 {"status":"bad","msg":""}
2021-07-19 03:16:45 查询号码 【1806162】，GSD为【""】
2021-07-19 03:16:45 bad
2021-07-19 03:16:47 CHB 1806162?1626635805 第 1 次 等待 3 秒
2021-07-19 03:16:50 CHB 1806162?1626635805 第 1 次 获取到号码【1806162】GSD
2021-07-19 03:16:50 获取到号码【1806162】的GSD为【江苏-南京】
2021-07-19 03:17:16 GSD insert 第 1 次 等待 3 秒
2021-07-19 03:17:19 {"status":"ok","gid":321923,"msg":"添加成功！"}
2021-07-19 03:17:19 下次操作: 2021-07-19 03:17:35

2021-07-19 03:17:35 开始第 14 次操作

2021-07-19 03:17:35 开始操作号码 【1806163】
2021-07-19 03:17:38 GSD getOne 第 1 次 等待 3 秒
2021-07-19 03:17:41 查询号码 【1806163】，返回信息 {"status":"bad","msg":""}
2021-07-19 03:17:41 查询号码 【1806163】，GSD为【""】
2021-07-19 03:17:41 bad
2021-07-19 03:17:42 CHB 1806163?1626635861 第 1 次 等待 3 秒
2021-07-19 03:17:45 CHB 1806163?1626635861 第 1 次 获取到号码【1806163】GSD
2021-07-19 03:17:46 获取到号码【1806163】的GSD为【江苏-南京】
2021-07-19 03:18:04 GSD insert 第 1 次 等待 3 秒
2021-07-19 03:18:07 {"status":"ok","gid":321930,"msg":"添加成功！"}
2021-07-19 03:18:07 下次操作: 2021-07-19 03:18:30

2021-07-19 03:18:30 开始第 15 次操作

2021-07-19 03:18:30 开始操作号码 【1806164】
2021-07-19 03:18:33 GSD getOne 第 1 次 等待 3 秒
2021-07-19 03:18:36 查询号码 【1806164】，返回信息 {"status":"bad","msg":""}
2021-07-19 03:18:36 查询号码 【1806164】，GSD为【""】
2021-07-19 03:18:36 bad
2021-07-19 03:18:37 CHB 1806164?1626635916 第 1 次 等待 3 秒
2021-07-19 03:18:40 CHB 1806164?1626635916 第 1 次 获取到号码【1806164】GSD
2021-07-19 03:18:41 获取到号码【1806164】的GSD为【江苏-南京】
2021-07-19 03:18:59 GSD insert 第 1 次 等待 3 秒
2021-07-19 03:19:02 {"status":"ok","gid":321939,"msg":"添加成功！"}
2021-07-19 03:19:02 下次操作: 2021-07-19 03:19:17

2021-07-19 03:19:17 开始第 16 次操作

2021-07-19 03:19:17 开始操作号码 【1806165】
2021-07-19 03:19:20 GSD getOne 第 1 次 等待 3 秒
2021-07-19 03:19:23 查询号码 【1806165】，返回信息 {"status":"bad","msg":""}
2021-07-19 03:19:23 查询号码 【1806165】，GSD为【""】
2021-07-19 03:19:23 bad
2021-07-19 03:19:25 CHB 1806165?1626635963 第 1 次 等待 3 秒
2021-07-19 03:19:28 CHB 1806165?1626635963 第 1 次 获取到号码【1806165】GSD
2021-07-19 03:19:28 获取到号码【1806165】的GSD为【江苏-南京】
2021-07-19 03:19:46 GSD insert 第 1 次 等待 3 秒
2021-07-19 03:19:49 {"status":"ok","gid":321948,"msg":"添加成功！"}
2021-07-19 03:19:49 下次操作: 2021-07-19 03:20:13

2021-07-19 03:20:13 开始第 17 次操作

2021-07-19 03:20:13 开始操作号码 【1806166】
2021-07-19 03:20:16 GSD getOne 第 1 次 等待 3 秒
2021-07-19 03:20:19 查询号码 【1806166】，返回信息 {"status":"bad","msg":""}
2021-07-19 03:20:19 查询号码 【1806166】，GSD为【""】
2021-07-19 03:20:19 bad
2021-07-19 03:20:21 CHB 1806166?1626636019 第 1 次 等待 3 秒
2021-07-19 03:20:24 CHB 1806166?1626636019 第 1 次 获取到号码【1806166】GSD
2021-07-19 03:20:24 获取到号码【1806166】的GSD为【江苏-南京】
2021-07-19 03:20:48 GSD insert 第 1 次 等待 3 秒
2021-07-19 03:20:51 {"status":"ok","gid":321955,"msg":"添加成功！"}
2021-07-19 03:20:51 下次操作: 2021-07-19 03:21:10

2021-07-19 03:21:10 开始第 18 次操作

2021-07-19 03:21:10 开始操作号码 【1806167】
2021-07-19 03:21:15 GSD getOne 第 1 次 等待 3 秒
2021-07-19 03:21:18 查询号码 【1806167】，返回信息 {"status":"bad","msg":""}
2021-07-19 03:21:18 查询号码 【1806167】，GSD为【""】
2021-07-19 03:21:18 bad
2021-07-19 03:21:20 CHB 1806167?1626636078 第 1 次 等待 3 秒
2021-07-19 03:21:23 CHB 1806167?1626636078 第 1 次 获取到号码【1806167】GSD
2021-07-19 03:21:23 获取到号码【1806167】的GSD为【江苏-南京】
2021-07-19 03:21:41 GSD insert 第 1 次 等待 3 秒
2021-07-19 03:21:44 {"status":"ok","gid":321963,"msg":"添加成功！"}
2021-07-19 03:21:44 下次操作: 2021-07-19 03:22:03

2021-07-19 03:22:03 开始第 19 次操作

2021-07-19 03:22:03 开始操作号码 【1806168】
2021-07-19 03:22:10 GSD getOne 第 1 次 等待 3 秒
2021-07-19 03:22:13 查询号码 【1806168】，返回信息 {"status":"bad","msg":""}
2021-07-19 03:22:13 查询号码 【1806168】，GSD为【""】
2021-07-19 03:22:13 bad
2021-07-19 03:22:15 CHB 1806168?1626636133 第 1 次 等待 3 秒
2021-07-19 03:22:18 CHB 1806168?1626636133 第 1 次 获取到号码【1806168】GSD
2021-07-19 03:22:18 获取到号码【1806168】的GSD为【江苏-南京】
2021-07-19 03:22:37 GSD insert 第 1 次 等待 3 秒
2021-07-19 03:22:40 {"status":"ok","gid":321971,"msg":"添加成功！"}
2021-07-19 03:22:40 下次操作: 2021-07-19 03:22:54

2021-07-19 03:22:54 开始第 20 次操作

2021-07-19 03:22:54 开始操作号码 【1806169】
2021-07-19 03:22:59 GSD getOne 第 1 次 等待 3 秒
2021-07-19 03:23:02 查询号码 【1806169】，返回信息 {"status":"bad","msg":""}
2021-07-19 03:23:02 查询号码 【1806169】，GSD为【""】
2021-07-19 03:23:02 bad
2021-07-19 03:23:04 CHB 1806169?1626636182 第 1 次 等待 3 秒
2021-07-19 03:23:07 CHB 1806169?1626636182 第 1 次 获取到号码【1806169】GSD
2021-07-19 03:23:07 获取到号码【1806169】的GSD为【江苏-南京】
2021-07-19 03:23:27 GSD insert 第 1 次 等待 3 秒
2021-07-19 03:23:30 {"status":"ok","gid":321977,"msg":"添加成功！"}
2021-07-19 03:23:30 下次操作: 2021-07-19 03:23:44

2021-07-19 03:23:44 开始第 21 次操作

2021-07-19 03:23:44 开始操作号码 【1806170】
2021-07-19 03:23:47 GSD getOne 第 1 次 等待 3 秒
2021-07-19 03:23:50 查询号码 【1806170】，返回信息 {"status":"bad","msg":""}
2021-07-19 03:23:50 查询号码 【1806170】，GSD为【""】
2021-07-19 03:23:50 bad
2021-07-19 03:23:52 CHB 1806170?1626636230 第 1 次 等待 3 秒
2021-07-19 03:23:55 CHB 1806170?1626636230 第 1 次 获取到号码【1806170】GSD
2021-07-19 03:23:55 获取到号码【1806170】的GSD为【江苏-南京】
2021-07-19 03:24:17 GSD insert 第 1 次 等待 3 秒
2021-07-19 03:24:20 {"status":"ok","gid":321983,"msg":"添加成功！"}
2021-07-19 03:24:20 下次操作: 2021-07-19 03:24:40

2021-07-19 03:24:40 开始第 22 次操作

2021-07-19 03:24:40 开始操作号码 【1806171】
2021-07-19 03:24:51 GSD getOne 第 1 次 等待 3 秒
2021-07-19 03:24:54 查询号码 【1806171】，返回信息 {"status":"bad","msg":""}
2021-07-19 03:24:55 查询号码 【1806171】，GSD为【""】
2021-07-19 03:24:55 bad
2021-07-19 03:24:56 CHB 1806171?1626636295 第 1 次 等待 3 秒
2021-07-19 03:24:59 CHB 1806171?1626636295 第 1 次 获取到号码【1806171】GSD
2021-07-19 03:24:59 获取到号码【1806171】的GSD为【江苏-南京】
2021-07-19 03:25:17 GSD insert 第 1 次 等待 3 秒
2021-07-19 03:25:20 {"status":"ok","gid":321988,"msg":"添加成功！"}
2021-07-19 03:25:20 下次操作: 2021-07-19 03:25:32

2021-07-19 03:25:32 开始第 23 次操作

2021-07-19 03:25:32 开始操作号码 【1806172】
2021-07-19 03:25:39 GSD getOne 第 1 次 等待 3 秒
2021-07-19 03:25:42 查询号码 【1806172】，返回信息 {"status":"bad","msg":""}
2021-07-19 03:25:42 查询号码 【1806172】，GSD为【""】
2021-07-19 03:25:42 bad
2021-07-19 03:25:44 CHB 1806172?1626636342 第 1 次 等待 3 秒
2021-07-19 03:25:47 CHB 1806172?1626636342 第 1 次 获取到号码【1806172】GSD
2021-07-19 03:25:47 获取到号码【1806172】的GSD为【江苏-南京】
2021-07-19 03:26:05 GSD insert 第 1 次 等待 3 秒
2021-07-19 03:26:08 {"status":"ok","gid":321992,"msg":"添加成功！"}
2021-07-19 03:26:08 下次操作: 2021-07-19 03:26:25

2021-07-19 03:26:25 开始第 24 次操作

2021-07-19 03:26:25 开始操作号码 【1806173】
2021-07-19 03:26:28 GSD getOne 第 1 次 等待 3 秒
2021-07-19 03:26:31 查询号码 【1806173】，返回信息 {"status":"bad","msg":""}
2021-07-19 03:26:31 查询号码 【1806173】，GSD为【""】
2021-07-19 03:26:31 bad
2021-07-19 03:26:33 CHB 1806173?1626636391 第 1 次 等待 3 秒
2021-07-19 03:26:36 CHB 1806173?1626636391 第 1 次 获取到号码【1806173】GSD
2021-07-19 03:26:36 获取到号码【1806173】的GSD为【江苏-南京】
2021-07-19 03:26:54 GSD insert 第 1 次 等待 3 秒
2021-07-19 03:26:57 {"status":"ok","gid":321997,"msg":"添加成功！"}
2021-07-19 03:26:57 下次操作: 2021-07-19 03:27:10

2021-07-19 03:27:10 开始第 25 次操作

2021-07-19 03:27:10 开始操作号码 【1806174】
2021-07-19 03:27:13 GSD getOne 第 1 次 等待 3 秒
2021-07-19 03:27:16 查询号码 【1806174】，返回信息 {"status":"bad","msg":""}
2021-07-19 03:27:16 查询号码 【1806174】，GSD为【""】
2021-07-19 03:27:16 bad
2021-07-19 03:27:18 CHB 1806174?1626636436 第 1 次 等待 3 秒
2021-07-19 03:27:21 CHB 1806174?1626636436 第 1 次 获取到号码【1806174】GSD
2021-07-19 03:27:21 获取到号码【1806174】的GSD为【江苏-南京】
2021-07-19 03:27:39 GSD insert 第 1 次 等待 3 秒
2021-07-19 03:27:42 {"status":"ok","gid":322000,"msg":"添加成功！"}
2021-07-19 03:27:42 下次操作: 2021-07-19 03:27:55

2021-07-19 03:27:55 开始第 26 次操作

2021-07-19 03:27:55 开始操作号码 【1806175】
2021-07-19 03:28:01 GSD getOne 第 1 次 等待 3 秒
2021-07-19 03:28:04 查询号码 【1806175】，返回信息 {"status":"bad","msg":""}
2021-07-19 03:28:04 查询号码 【1806175】，GSD为【""】
2021-07-19 03:28:04 bad
2021-07-19 03:28:06 CHB 1806175?1626636484 第 1 次 等待 3 秒
2021-07-19 03:28:09 CHB 1806175?1626636484 第 1 次 获取到号码【1806175】GSD
2021-07-19 03:28:09 获取到号码【1806175】的GSD为【江苏-南京】
2021-07-19 03:28:30 GSD insert 第 1 次 等待 3 秒
2021-07-19 03:28:33 {"status":"ok","gid":322006,"msg":"添加成功！"}
2021-07-19 03:28:33 下次操作: 2021-07-19 03:28:48

2021-07-19 03:28:48 开始第 27 次操作

2021-07-19 03:28:48 开始操作号码 【1806176】
2021-07-19 03:28:54 GSD getOne 第 1 次 等待 3 秒
2021-07-19 03:28:57 查询号码 【1806176】，返回信息 {"status":"bad","msg":""}
2021-07-19 03:28:57 查询号码 【1806176】，GSD为【""】
2021-07-19 03:28:57 bad
2021-07-19 03:28:59 CHB 1806176?1626636537 第 1 次 等待 3 秒
2021-07-19 03:29:02 CHB 1806176?1626636537 第 1 次 获取到号码【1806176】GSD
2021-07-19 03:29:02 获取到号码【1806176】的GSD为【江苏-南京】
2021-07-19 03:29:21 GSD insert 第 1 次 等待 3 秒
2021-07-19 03:29:24 {"status":"ok","gid":322013,"msg":"添加成功！"}
2021-07-19 03:29:24 下次操作: 2021-07-19 03:29:43

2021-07-19 03:29:43 开始第 28 次操作

2021-07-19 03:29:43 开始操作号码 【1806177】
2021-07-19 03:29:46 GSD getOne 第 1 次 等待 3 秒
2021-07-19 03:29:49 查询号码 【1806177】，返回信息 {"status":"bad","msg":""}
2021-07-19 03:29:49 查询号码 【1806177】，GSD为【""】
2021-07-19 03:29:49 bad
2021-07-19 03:29:50 CHB 1806177?1626636589 第 1 次 等待 3 秒
2021-07-19 03:29:53 CHB 1806177?1626636589 第 1 次 获取到号码【1806177】GSD
2021-07-19 03:29:53 获取到号码【1806177】的GSD为【江苏-南京】
2021-07-19 03:30:12 GSD insert 第 1 次 等待 3 秒
2021-07-19 03:30:15 {"status":"ok","gid":322017,"msg":"添加成功！"}
2021-07-19 03:30:15 下次操作: 2021-07-19 03:30:27

2021-07-19 03:30:27 开始第 29 次操作

2021-07-19 03:30:27 开始操作号码 【1806178】
2021-07-19 03:30:31 GSD getOne 第 1 次 等待 3 秒
2021-07-19 03:30:34 查询号码 【1806178】，返回信息 {"status":"ok","msg":"江苏-南京","gid":"32311","time_insert":"2017-04-20 16:08","time_update":"2020-08-26 03:53"}
2021-07-19 03:30:34 查询号码 【1806178】，GSD为【"江苏-南京"】

2021-07-19 03:30:34 开始第 29 次操作

2021-07-19 03:30:34 开始操作号码 【1806179】
2021-07-19 03:31:04 GSD getOne 第 1 次 等待 3 秒
2021-07-19 03:31:07 查询号码 【1806179】，返回信息 {"status":"bad","msg":""}
2021-07-19 03:31:07 查询号码 【1806179】，GSD为【""】
2021-07-19 03:31:07 bad
2021-07-19 03:31:08 CHB 1806179?1626636667 第 1 次 等待 3 秒
2021-07-19 03:31:11 CHB 1806179?1626636667 第 1 次 获取到号码【1806179】GSD
2021-07-19 03:31:11 获取到号码【1806179】的GSD为【江苏-南京】
2021-07-19 03:31:30 GSD insert 第 1 次 等待 3 秒
2021-07-19 03:31:33 {"status":"ok","gid":322023,"msg":"添加成功！"}
2021-07-19 03:31:33 下次操作: 2021-07-19 03:31:53

2021-07-19 03:31:53 开始第 30 次操作

2021-07-19 03:31:53 开始操作号码 【1806180】
2021-07-19 03:31:56 GSD getOne 第 1 次 等待 3 秒
2021-07-19 03:31:59 查询号码 【1806180】，返回信息 {"status":"bad","msg":""}
2021-07-19 03:31:59 查询号码 【1806180】，GSD为【""】
2021-07-19 03:31:59 bad
2021-07-19 03:32:01 CHB 1806180?1626636719 第 1 次 等待 3 秒
2021-07-19 03:32:04 CHB 1806180?1626636719 第 1 次 获取到号码【1806180】GSD
2021-07-19 03:32:04 获取到号码【1806180】的GSD为【江苏-南通】
2021-07-19 03:32:23 GSD insert 第 1 次 等待 3 秒
2021-07-19 03:32:26 {"status":"ok","gid":322032,"msg":"添加成功！"}
2021-07-19 03:32:26 下次操作: 2021-07-19 03:32:44

2021-07-19 03:32:44 开始第 31 次操作

2021-07-19 03:32:44 开始操作号码 【1806181】
2021-07-19 03:32:47 GSD getOne 第 1 次 等待 3 秒
2021-07-19 03:32:50 查询号码 【1806181】，返回信息 {"status":"bad","msg":""}
2021-07-19 03:32:50 查询号码 【1806181】，GSD为【""】
2021-07-19 03:32:50 bad
2021-07-19 03:32:52 CHB 1806181?1626636770 第 1 次 等待 3 秒
2021-07-19 03:32:55 CHB 1806181?1626636770 第 1 次 获取到号码【1806181】GSD
2021-07-19 03:32:55 获取到号码【1806181】的GSD为【江苏-南通】
2021-07-19 03:33:13 GSD insert 第 1 次 等待 3 秒
2021-07-19 03:33:16 {"status":"ok","gid":322040,"msg":"添加成功！"}
2021-07-19 03:33:16 下次操作: 2021-07-19 03:33:36

2021-07-19 03:33:36 开始第 32 次操作

2021-07-19 03:33:36 开始操作号码 【1806182】
2021-07-19 03:33:46 GSD getOne 第 1 次 等待 3 秒
2021-07-19 03:33:49 查询号码 【1806182】，返回信息 {"status":"bad","msg":""}
2021-07-19 03:33:49 查询号码 【1806182】，GSD为【""】
2021-07-19 03:33:49 bad
2021-07-19 03:33:51 CHB 1806182?1626636829 第 1 次 等待 3 秒
2021-07-19 03:33:54 CHB 1806182?1626636829 第 1 次 获取到号码【1806182】GSD
2021-07-19 03:33:54 获取到号码【1806182】的GSD为【江苏-镇江】
2021-07-19 03:34:12 GSD insert 第 1 次 等待 3 秒
2021-07-19 03:34:15 {"status":"ok","gid":322047,"msg":"添加成功！"}
2021-07-19 03:34:15 下次操作: 2021-07-19 03:34:38

2021-07-19 03:34:38 开始第 33 次操作

2021-07-19 03:34:38 开始操作号码 【1806183】
2021-07-19 03:34:44 GSD getOne 第 1 次 等待 3 秒
2021-07-19 03:34:47 查询号码 【1806183】，返回信息 {"status":"bad","msg":""}
2021-07-19 03:34:47 查询号码 【1806183】，GSD为【""】
2021-07-19 03:34:47 bad
2021-07-19 03:34:49 CHB 1806183?1626636887 第 1 次 等待 3 秒
2021-07-19 03:34:52 CHB 1806183?1626636887 第 1 次 获取到号码【1806183】GSD
2021-07-19 03:34:52 获取到号码【1806183】的GSD为【江苏-扬州】
2021-07-19 03:35:10 GSD insert 第 1 次 等待 3 秒
2021-07-19 03:35:13 {"status":"ok","gid":322056,"msg":"添加成功！"}
2021-07-19 03:35:13 下次操作: 2021-07-19 03:35:33

2021-07-19 03:35:33 开始第 34 次操作

2021-07-19 03:35:33 开始操作号码 【1806184】
2021-07-19 03:35:36 GSD getOne 第 1 次 等待 3 秒
2021-07-19 03:35:39 查询号码 【1806184】，返回信息 {"status":"bad","msg":""}
2021-07-19 03:35:39 查询号码 【1806184】，GSD为【""】
2021-07-19 03:35:39 bad
2021-07-19 03:35:41 CHB 1806184?1626636939 第 1 次 等待 3 秒
2021-07-19 03:35:44 CHB 1806184?1626636939 第 1 次 获取到号码【1806184】GSD
2021-07-19 03:35:44 获取到号码【1806184】的GSD为【江苏-南京】
2021-07-19 03:36:02 GSD insert 第 1 次 等待 3 秒
2021-07-19 03:36:05 {"status":"ok","gid":322063,"msg":"添加成功！"}
2021-07-19 03:36:05 下次操作: 2021-07-19 03:36:28

2021-07-19 03:36:28 开始第 35 次操作

2021-07-19 03:36:28 开始操作号码 【1806185】
2021-07-19 03:36:31 GSD getOne 第 1 次 等待 3 秒
2021-07-19 03:36:34 查询号码 【1806185】，返回信息 {"status":"bad","msg":""}
2021-07-19 03:36:34 查询号码 【1806185】，GSD为【""】
2021-07-19 03:36:34 bad
2021-07-19 03:36:36 CHB 1806185?1626636994 第 1 次 等待 3 秒
2021-07-19 03:36:39 CHB 1806185?1626636994 第 1 次 获取到号码【1806185】GSD
2021-07-19 03:36:39 获取到号码【1806185】的GSD为【江苏-南京】
2021-07-19 03:36:59 GSD insert 第 1 次 等待 3 秒
2021-07-19 03:37:02 {"status":"ok","gid":322073,"msg":"添加成功！"}
2021-07-19 03:37:02 下次操作: 2021-07-19 03:37:20

2021-07-19 03:37:20 开始第 36 次操作

2021-07-19 03:37:20 开始操作号码 【1806186】
2021-07-19 03:37:26 GSD getOne 第 1 次 等待 3 秒
2021-07-19 03:37:29 查询号码 【1806186】，返回信息 {"status":"bad","msg":""}
2021-07-19 03:37:29 查询号码 【1806186】，GSD为【""】
2021-07-19 03:37:29 bad
2021-07-19 03:37:31 CHB 1806186?1626637049 第 1 次 等待 3 秒
2021-07-19 03:37:34 CHB 1806186?1626637049 第 1 次 获取到号码【1806186】GSD
2021-07-19 03:37:34 获取到号码【1806186】的GSD为【江苏-盐城】
2021-07-19 03:38:02 GSD insert 第 1 次 等待 3 秒
2021-07-19 03:38:05 {"status":"ok","gid":322085,"msg":"添加成功！"}
2021-07-19 03:38:05 下次操作: 2021-07-19 03:38:24

2021-07-19 03:38:24 开始第 37 次操作

2021-07-19 03:38:24 开始操作号码 【1806187】
2021-07-19 03:38:27 GSD getOne 第 1 次 等待 3 秒
2021-07-19 03:38:30 查询号码 【1806187】，返回信息 {"status":"bad","msg":""}
2021-07-19 03:38:30 查询号码 【1806187】，GSD为【""】
2021-07-19 03:38:30 bad
2021-07-19 03:38:32 CHB 1806187?1626637110 第 1 次 等待 3 秒
2021-07-19 03:38:35 CHB 1806187?1626637110 第 1 次 获取到号码【1806187】GSD
2021-07-19 03:38:35 获取到号码【1806187】的GSD为【江苏-常州】
2021-07-19 03:38:53 GSD insert 第 1 次 等待 3 秒
2021-07-19 03:38:56 {"status":"ok","gid":322096,"msg":"添加成功！"}
2021-07-19 03:38:56 下次操作: 2021-07-19 03:39:14

2021-07-19 03:39:14 开始第 38 次操作

2021-07-19 03:39:14 开始操作号码 【1806188】
2021-07-19 03:39:17 GSD getOne 第 1 次 等待 3 秒
2021-07-19 03:39:20 查询号码 【1806188】，返回信息 {"status":"bad","msg":""}
2021-07-19 03:39:20 查询号码 【1806188】，GSD为【""】
2021-07-19 03:39:20 bad
2021-07-19 03:39:22 CHB 1806188?1626637160 第 1 次 等待 3 秒
2021-07-19 03:39:25 CHB 1806188?1626637160 第 1 次 获取到号码【1806188】GSD
2021-07-19 03:39:25 获取到号码【1806188】的GSD为【江苏-南京】
2021-07-19 03:39:43 GSD insert 第 1 次 等待 3 秒
2021-07-19 03:39:46 {"status":"ok","gid":322106,"msg":"添加成功！"}
2021-07-19 03:39:46 下次操作: 2021-07-19 03:40:02

2021-07-19 03:40:02 开始第 39 次操作

2021-07-19 03:40:02 开始操作号码 【1806189】
2021-07-19 03:40:05 GSD getOne 第 1 次 等待 3 秒
2021-07-19 03:40:08 查询号码 【1806189】，返回信息 {"status":"bad","msg":""}
2021-07-19 03:40:08 查询号码 【1806189】，GSD为【""】
2021-07-19 03:40:08 bad
2021-07-19 03:40:10 CHB 1806189?1626637208 第 1 次 等待 3 秒
2021-07-19 03:40:13 CHB 1806189?1626637208 第 1 次 获取到号码【1806189】GSD
2021-07-19 03:40:13 获取到号码【1806189】的GSD为【江苏-徐州】
2021-07-19 03:40:37 GSD insert 第 1 次 等待 3 秒
2021-07-19 03:40:40 {"status":"ok","gid":322115,"msg":"添加成功！"}
2021-07-19 03:40:40 下次操作: 2021-07-19 03:40:53

2021-07-19 03:40:53 开始第 40 次操作

2021-07-19 03:40:53 开始操作号码 【1806190】
2021-07-19 03:40:56 GSD getOne 第 1 次 等待 3 秒
2021-07-19 03:40:59 查询号码 【1806190】，返回信息 {"status":"bad","msg":""}
2021-07-19 03:40:59 查询号码 【1806190】，GSD为【""】
2021-07-19 03:40:59 bad
2021-07-19 03:41:01 CHB 1806190?1626637259 第 1 次 等待 3 秒
2021-07-19 03:41:04 CHB 1806190?1626637259 第 1 次 获取到号码【1806190】GSD
2021-07-19 03:41:04 获取到号码【1806190】的GSD为【江苏-无锡】
2021-07-19 03:41:23 GSD insert 第 1 次 等待 3 秒
2021-07-19 03:41:26 {"status":"ok","gid":322125,"msg":"添加成功！"}

