2023-11-18 00:10:57 开始第 9445 次操作

2023-11-18 00:10:57 开始操作号码 【1979344】
2023-11-18 00:11:05 GSD getOne 第 1 次 等待 3 秒
2023-11-18 00:11:08 查询号码 【1979344】，返回信息 {"status":"ok","msg":"-","gid":"592682","time_insert":"2023-03-15 17:18"}
2023-11-18 00:11:08 查询号码 【1979344】，GSD为【"-"】
2023-11-18 00:11:08 ok && -
2023-11-18 00:11:12 CHB 1979344?1700237468 第 1 次 等待 3 秒
2023-11-18 00:11:15 CHB 1979344?1700237468 第 1 次 获取到号码【1979344】GSD
2023-11-18 00:11:15 未获取到号码【1979344】GSD，可能号码格式错误
2023-11-18 00:11:15 获取到号码【1979344】的GSD为【-】
2023-11-18 00:11:19 GSD insert 第 1 次 等待 3 秒
2023-11-18 00:11:22 {"status":"bad","gid":"592682","msg":"添加失败！号码【1979344(-|-)】已存在！"}
2023-11-18 00:11:22 随机等待 150 秒，约 2 分钟
2023-11-18 00:11:22 下次操作: 2023-11-18 00:13:52

2023-11-18 00:13:52 开始第 9446 次操作

2023-11-18 00:13:52 开始操作号码 【1979345】
2023-11-18 00:13:57 GSD getOne 第 1 次 等待 3 秒
2023-11-18 00:14:00 查询号码 【1979345】，返回信息 {"status":"ok","msg":"-","gid":"592688","time_insert":"2023-03-15 17:21"}
2023-11-18 00:14:00 查询号码 【1979345】，GSD为【"-"】
2023-11-18 00:14:00 ok && -
2023-11-18 00:14:03 CHB 1979345?1700237640 第 1 次 等待 3 秒
2023-11-18 00:14:06 CHB 1979345?1700237640 第 1 次 获取到号码【1979345】GSD
2023-11-18 00:14:06 未获取到号码【1979345】GSD，可能号码格式错误
2023-11-18 00:14:06 获取到号码【1979345】的GSD为【-】
2023-11-18 00:14:12 GSD insert 第 1 次 等待 3 秒
2023-11-18 00:14:15 {"status":"bad","gid":"592688","msg":"添加失败！号码【1979345(-|-)】已存在！"}
2023-11-18 00:14:15 随机等待 85 秒，约 1 分钟
2023-11-18 00:14:15 下次操作: 2023-11-18 00:15:40

2023-11-18 00:15:40 开始第 9447 次操作

2023-11-18 00:15:40 开始操作号码 【1979346】
2023-11-18 00:15:44 GSD getOne 第 1 次 等待 3 秒
2023-11-18 00:15:47 查询号码 【1979346】，返回信息 {"status":"ok","msg":"-","gid":"592696","time_insert":"2023-03-15 17:28"}
2023-11-18 00:15:47 查询号码 【1979346】，GSD为【"-"】
2023-11-18 00:15:47 ok && -
2023-11-18 00:15:50 CHB 1979346?1700237747 第 1 次 等待 3 秒
2023-11-18 00:15:53 CHB 1979346?1700237747 第 1 次 获取到号码【1979346】GSD
2023-11-18 00:15:53 未获取到号码【1979346】GSD，可能号码格式错误
2023-11-18 00:15:53 获取到号码【1979346】的GSD为【-】
2023-11-18 00:15:56 GSD insert 第 1 次 等待 3 秒
2023-11-18 00:15:59 {"status":"bad","gid":"592696","msg":"添加失败！号码【1979346(-|-)】已存在！"}
2023-11-18 00:15:59 随机等待 168 秒，约 2 分钟
2023-11-18 00:15:59 下次操作: 2023-11-18 00:18:47

2023-11-18 00:18:47 开始第 9448 次操作

2023-11-18 00:18:47 开始操作号码 【1979347】
2023-11-18 00:18:54 GSD getOne 第 1 次 等待 3 秒
2023-11-18 00:18:57 查询号码 【1979347】，返回信息 {"status":"ok","msg":"-","gid":"592698","time_insert":"2023-03-15 17:30"}
2023-11-18 00:18:57 查询号码 【1979347】，GSD为【"-"】
2023-11-18 00:18:57 ok && -
2023-11-18 00:19:00 CHB 1979347?1700237937 第 1 次 等待 3 秒
2023-11-18 00:19:03 CHB 1979347?1700237937 第 1 次 获取到号码【1979347】GSD
2023-11-18 00:19:03 未获取到号码【1979347】GSD，可能号码格式错误
2023-11-18 00:19:03 获取到号码【1979347】的GSD为【-】
2023-11-18 00:19:07 GSD insert 第 1 次 等待 3 秒
2023-11-18 00:19:10 {"status":"bad","gid":"592698","msg":"添加失败！号码【1979347(-|-)】已存在！"}

