2024-04-30 00:09:59 开始第 6465 次操作

2024-04-30 00:09:59 开始操作号码 【1656366】
2024-04-30 00:10:05 GSD getOne 第 1 次 等待 3 秒
2024-04-30 00:10:08 查询号码 【1656366】，返回信息 {"status":"ok","msg":"陕西-榆林","gid":"292332","time_insert":"2021-07-16 10:55"}
2024-04-30 00:10:08 查询号码 【1656366】，GSD为【"陕西-榆林"】

2024-04-30 00:10:09 开始第 6466 次操作

2024-04-30 00:10:09 开始操作号码 【1656367】
2024-04-30 00:10:15 GSD getOne 第 1 次 等待 3 秒
2024-04-30 00:10:18 查询号码 【1656367】，返回信息 {"status":"ok","msg":"内蒙古-呼伦贝尔","gid":"292339","time_insert":"2021-07-16 10:55"}
2024-04-30 00:10:18 查询号码 【1656367】，GSD为【"内蒙古-呼伦贝尔"】

2024-04-30 00:10:19 开始第 6467 次操作

2024-04-30 00:10:19 开始操作号码 【1656368】
2024-04-30 00:10:26 GSD getOne 第 1 次 等待 3 秒
2024-04-30 00:10:29 查询号码 【1656368】，返回信息 {"status":"ok","msg":"内蒙古-呼伦贝尔","gid":"292348","time_insert":"2021-07-16 10:56"}
2024-04-30 00:10:29 查询号码 【1656368】，GSD为【"内蒙古-呼伦贝尔"】

2024-04-30 00:10:30 开始第 6468 次操作

2024-04-30 00:10:30 开始操作号码 【1656369】
2024-04-30 00:10:35 GSD getOne 第 1 次 等待 3 秒
2024-04-30 00:10:38 查询号码 【1656369】，返回信息 {"status":"ok","msg":"山东-临沂","gid":"292357","time_insert":"2021-07-16 10:56"}
2024-04-30 00:10:38 查询号码 【1656369】，GSD为【"山东-临沂"】

2024-04-30 00:35:09 开始第 6469 次操作

2024-04-30 00:35:09 开始操作号码 【1656370】
2024-04-30 00:35:14 GSD getOne 第 1 次 等待 3 秒
2024-04-30 00:35:17 查询号码 【1656370】，返回信息 {"status":"ok","msg":"河南-商丘","gid":"292364","time_insert":"2021-07-16 10:57"}
2024-04-30 00:35:17 查询号码 【1656370】，GSD为【"河南-商丘"】

2024-04-30 00:35:18 开始第 6470 次操作

2024-04-30 00:35:18 开始操作号码 【1656371】
2024-04-30 00:35:28 GSD getOne 第 1 次 等待 3 秒
2024-04-30 00:35:31 查询号码 【1656371】，返回信息 {"status":"ok","msg":"河南-郑州","gid":"292371","time_insert":"2021-07-16 10:57"}
2024-04-30 00:35:31 查询号码 【1656371】，GSD为【"河南-郑州"】

2024-04-30 00:35:32 开始第 6471 次操作

2024-04-30 00:35:32 开始操作号码 【1656372】
2024-04-30 00:35:38 GSD getOne 第 1 次 等待 3 秒
2024-04-30 00:35:41 查询号码 【1656372】，返回信息 {"status":"ok","msg":"河南-安阳","gid":"292380","time_insert":"2021-07-16 10:58"}
2024-04-30 00:35:41 查询号码 【1656372】，GSD为【"河南-安阳"】

2024-04-30 00:35:42 开始第 6472 次操作

2024-04-30 00:35:42 开始操作号码 【1656373】
2024-04-30 00:35:59 GSD getOne 第 1 次 等待 3 秒
2024-04-30 00:36:02 查询号码 【1656373】，返回信息 {"status":"ok","msg":"河南-新乡","gid":"292389","time_insert":"2021-07-16 10:59"}
2024-04-30 00:36:02 查询号码 【1656373】，GSD为【"河南-新乡"】

