2023-10-23 00:08:14 开始第 4685 次操作

2023-10-23 00:08:14 开始操作号码 【1974595】
2023-10-23 00:08:17 GSD getOne 第 1 次 等待 3 秒
2023-10-23 00:08:20 查询号码 【1974595】，返回信息 {"status":"ok","msg":"-","gid":"564042","time_insert":"2023-03-02 01:32"}
2023-10-23 00:08:21 查询号码 【1974595】，GSD为【"-"】
2023-10-23 00:08:21 ok && -
2023-10-23 00:08:33 CHB 1974595?1697990901 第 1 次 等待 3 秒
2023-10-23 00:08:36 CHB 1974595?1697990901 第 1 次 获取到号码【1974595】GSD
2023-10-23 00:08:36 未获取到号码【1974595】GSD，可能号码格式错误
2023-10-23 00:08:36 获取到号码【1974595】的GSD为【-】
2023-10-23 00:08:40 GSD insert 第 1 次 等待 3 秒
2023-10-23 00:08:43 {"status":"bad","gid":"564042","msg":"添加失败！号码【1974595(-|-)】已存在！"}
2023-10-23 00:08:43 随机等待 88 秒，约 1 分钟
2023-10-23 00:08:43 下次操作: 2023-10-23 00:10:11

2023-10-23 00:10:11 开始第 4686 次操作

2023-10-23 00:10:11 开始操作号码 【1974596】
2023-10-23 00:10:15 GSD getOne 第 1 次 等待 3 秒
2023-10-23 00:10:18 查询号码 【1974596】，返回信息 {"status":"ok","msg":"-","gid":"564045","time_insert":"2023-03-02 01:35"}
2023-10-23 00:10:18 查询号码 【1974596】，GSD为【"-"】
2023-10-23 00:10:18 ok && -
2023-10-23 00:10:23 CHB 1974596?1697991018 第 1 次 等待 3 秒
2023-10-23 00:10:26 CHB 1974596?1697991018 第 1 次 获取到号码【1974596】GSD
2023-10-23 00:10:26 未获取到号码【1974596】GSD，可能号码格式错误
2023-10-23 00:10:26 获取到号码【1974596】的GSD为【-】
2023-10-23 00:10:31 GSD insert 第 1 次 等待 3 秒
2023-10-23 00:10:34 {"status":"bad","gid":"564045","msg":"添加失败！号码【1974596(-|-)】已存在！"}
2023-10-23 00:10:34 随机等待 213 秒，约 3 分钟
2023-10-23 00:10:34 下次操作: 2023-10-23 00:14:07

2023-10-23 00:14:07 开始第 4687 次操作

2023-10-23 00:14:07 开始操作号码 【1974597】
2023-10-23 00:14:10 GSD getOne 第 1 次 等待 3 秒
2023-10-23 00:14:13 查询号码 【1974597】，返回信息 {"status":"ok","msg":"-","gid":"564050","time_insert":"2023-03-02 01:38"}
2023-10-23 00:14:13 查询号码 【1974597】，GSD为【"-"】
2023-10-23 00:14:13 ok && -
2023-10-23 00:14:19 CHB 1974597?1697991253 第 1 次 等待 3 秒
2023-10-23 00:14:22 CHB 1974597?1697991253 第 1 次 获取到号码【1974597】GSD
2023-10-23 00:14:22 未获取到号码【1974597】GSD，可能号码格式错误
2023-10-23 00:14:22 获取到号码【1974597】的GSD为【-】
2023-10-23 00:14:27 GSD insert 第 1 次 等待 3 秒
2023-10-23 00:14:30 {"status":"bad","gid":"564050","msg":"添加失败！号码【1974597(-|-)】已存在！"}
2023-10-23 00:14:30 随机等待 191 秒，约 3 分钟
2023-10-23 00:14:30 下次操作: 2023-10-23 00:17:41

2023-10-23 00:17:41 开始第 4688 次操作

2023-10-23 00:17:41 开始操作号码 【1974598】
2023-10-23 00:17:45 GSD getOne 第 1 次 等待 3 秒
2023-10-23 00:17:48 查询号码 【1974598】，返回信息 {"status":"ok","msg":"-","gid":"564061","time_insert":"2023-03-02 01:44"}
2023-10-23 00:17:48 查询号码 【1974598】，GSD为【"-"】
2023-10-23 00:17:48 ok && -
2023-10-23 00:17:54 CHB 1974598?1697991468 第 1 次 等待 3 秒
2023-10-23 00:17:57 CHB 1974598?1697991468 第 1 次 获取到号码【1974598】GSD
2023-10-23 00:17:57 未获取到号码【1974598】GSD，可能号码格式错误
2023-10-23 00:17:57 获取到号码【1974598】的GSD为【-】
2023-10-23 00:18:01 GSD insert 第 1 次 等待 3 秒
2023-10-23 00:18:04 {"status":"bad","gid":"564061","msg":"添加失败！号码【1974598(-|-)】已存在！"}

2023-10-23 00:33:46 开始第 4689 次操作

2023-10-23 00:33:46 开始操作号码 【1974599】
2023-10-23 00:33:50 GSD getOne 第 1 次 等待 3 秒
2023-10-23 00:33:53 查询号码 【1974599】，返回信息 {"status":"ok","msg":"-","gid":"564067","time_insert":"2023-03-02 01:46"}
2023-10-23 00:33:53 查询号码 【1974599】，GSD为【"-"】
2023-10-23 00:33:53 ok && -
2023-10-23 00:34:03 CHB 1974599?1697992433 第 1 次 等待 3 秒
2023-10-23 00:34:06 CHB 1974599?1697992433 第 1 次 获取到号码【1974599】GSD
2023-10-23 00:34:06 未获取到号码【1974599】GSD，可能号码格式错误
2023-10-23 00:34:06 获取到号码【1974599】的GSD为【-】
2023-10-23 00:34:12 GSD insert 第 1 次 等待 3 秒
2023-10-23 00:34:15 {"status":"bad","gid":"564067","msg":"添加失败！号码【1974599(-|-)】已存在！"}
2023-10-23 00:34:15 随机等待 226 秒，约 3 分钟
2023-10-23 00:34:15 下次操作: 2023-10-23 00:38:01

2023-10-23 00:38:01 开始第 4690 次操作

2023-10-23 00:38:01 开始操作号码 【1974600】
2023-10-23 00:38:04 GSD getOne 第 1 次 等待 3 秒
2023-10-23 00:38:07 查询号码 【1974600】，返回信息 {"status":"ok","msg":"-","gid":"564072","time_insert":"2023-03-02 01:48"}
2023-10-23 00:38:07 查询号码 【1974600】，GSD为【"-"】
2023-10-23 00:38:07 ok && -
2023-10-23 00:38:13 CHB 1974600?1697992687 第 1 次 等待 3 秒
2023-10-23 00:38:16 CHB 1974600?1697992687 第 1 次 获取到号码【1974600】GSD
2023-10-23 00:38:16 未获取到号码【1974600】GSD，可能号码格式错误
2023-10-23 00:38:16 获取到号码【1974600】的GSD为【-】
2023-10-23 00:38:19 GSD insert 第 1 次 等待 3 秒
2023-10-23 00:38:22 {"status":"bad","gid":"564072","msg":"添加失败！号码【1974600(-|-)】已存在！"}
2023-10-23 00:38:22 随机等待 216 秒，约 3 分钟
2023-10-23 00:38:22 下次操作: 2023-10-23 00:41:58

2023-10-23 00:41:58 开始第 4691 次操作

2023-10-23 00:41:58 开始操作号码 【1974601】
2023-10-23 00:42:03 GSD getOne 第 1 次 等待 3 秒
2023-10-23 00:42:06 查询号码 【1974601】，返回信息 {"status":"ok","msg":"-","gid":"564074","time_insert":"2023-03-02 01:51"}
2023-10-23 00:42:06 查询号码 【1974601】，GSD为【"-"】
2023-10-23 00:42:06 ok && -
2023-10-23 00:42:12 CHB 1974601?1697992926 第 1 次 等待 3 秒
2023-10-23 00:42:15 CHB 1974601?1697992926 第 1 次 获取到号码【1974601】GSD
2023-10-23 00:42:15 未获取到号码【1974601】GSD，可能号码格式错误
2023-10-23 00:42:15 获取到号码【1974601】的GSD为【-】
2023-10-23 00:42:18 GSD insert 第 1 次 等待 3 秒
2023-10-23 00:42:21 {"status":"bad","gid":"564074","msg":"添加失败！号码【1974601(-|-)】已存在！"}
2023-10-23 00:42:21 随机等待 142 秒，约 2 分钟
2023-10-23 00:42:21 下次操作: 2023-10-23 00:44:43

2023-10-23 00:44:43 开始第 4692 次操作

2023-10-23 00:44:43 开始操作号码 【1974602】
2023-10-23 00:44:49 GSD getOne 第 1 次 等待 3 秒
2023-10-23 00:44:52 查询号码 【1974602】，返回信息 {"status":"ok","msg":"-","gid":"564080","time_insert":"2023-03-02 01:55"}
2023-10-23 00:44:52 查询号码 【1974602】，GSD为【"-"】
2023-10-23 00:44:52 ok && -
2023-10-23 00:44:58 CHB 1974602?1697993092 第 1 次 等待 3 秒
2023-10-23 00:45:01 CHB 1974602?1697993092 第 1 次 获取到号码【1974602】GSD
2023-10-23 00:45:01 未获取到号码【1974602】GSD，可能号码格式错误
2023-10-23 00:45:01 获取到号码【1974602】的GSD为【-】
2023-10-23 00:45:03 GSD insert 第 1 次 等待 3 秒
2023-10-23 00:45:06 {"status":"bad","gid":"564080","msg":"添加失败！号码【1974602(-|-)】已存在！"}

