2024-05-09 00:10:42 开始第 8125 次操作

2024-05-09 00:10:42 开始操作号码 【1658026】
2024-05-09 00:10:52 GSD getOne 第 1 次 等待 3 秒
2024-05-09 00:10:55 查询号码 【1658026】，返回信息 {"status":"ok","msg":"-","gid":"311571","time_insert":"2021-07-18 06:04"}
2024-05-09 00:10:55 查询号码 【1658026】，GSD为【"-"】
2024-05-09 00:10:55 ok && -
2024-05-09 00:10:57 CHB 1658026?1715184655 第 1 次 等待 3 秒
2024-05-09 00:11:00 CHB 1658026?1715184655 第 1 次 获取到号码【1658026】GSD
2024-05-09 00:11:00 未获取到号码【1658026】GSD，可能号码格式错误
2024-05-09 00:11:00 获取到号码【1658026】的GSD为【-】
2024-05-09 00:11:07 GSD insert 第 1 次 等待 3 秒
2024-05-09 00:11:10 {"status":"bad","gid":"311571","msg":"添加失败！号码【1658026(-|-)】已存在！"}
2024-05-09 00:11:10 随机等待 140 秒，约 2 分钟
2024-05-09 00:11:10 下次操作: 2024-05-09 00:13:30

2024-05-09 00:13:30 开始第 8126 次操作

2024-05-09 00:13:30 开始操作号码 【1658027】
2024-05-09 00:13:47 GSD getOne 第 1 次 等待 3 秒
2024-05-09 00:13:50 查询号码 【1658027】，返回信息 {"status":"ok","msg":"湖北-武汉","gid":"311576","time_insert":"2021-07-18 06:05","time_update":"2023-05-26 09:24"}
2024-05-09 00:13:50 查询号码 【1658027】，GSD为【"湖北-武汉"】

2024-05-09 00:13:51 开始第 8127 次操作

2024-05-09 00:13:51 开始操作号码 【1658028】
2024-05-09 00:13:59 GSD getOne 第 1 次 等待 3 秒
2024-05-09 00:14:02 查询号码 【1658028】，返回信息 {"status":"ok","msg":"四川-成都","gid":"311581","time_insert":"2021-07-18 06:06","time_update":"2023-05-26 09:24"}
2024-05-09 00:14:02 查询号码 【1658028】，GSD为【"四川-成都"】

2024-05-09 00:14:03 开始第 8128 次操作

2024-05-09 00:14:03 开始操作号码 【1658029】
2024-05-09 00:14:10 GSD getOne 第 1 次 等待 3 秒
2024-05-09 00:14:13 查询号码 【1658029】，返回信息 {"status":"ok","msg":"-","gid":"311587","time_insert":"2021-07-18 06:06"}
2024-05-09 00:14:13 查询号码 【1658029】，GSD为【"-"】
2024-05-09 00:14:13 ok && -
2024-05-09 00:14:15 CHB 1658029?1715184853 第 1 次 等待 3 秒
2024-05-09 00:14:18 CHB 1658029?1715184853 第 1 次 获取到号码【1658029】GSD
2024-05-09 00:14:18 未获取到号码【1658029】GSD，可能号码格式错误
2024-05-09 00:14:18 获取到号码【1658029】的GSD为【-】
2024-05-09 00:14:28 GSD insert 第 1 次 等待 3 秒
2024-05-09 00:14:31 {"status":"bad","gid":"311587","msg":"添加失败！号码【1658029(-|-)】已存在！"}

