2021-07-22 00:00:12 开始第 10 次操作

2021-07-22 00:00:12 开始操作号码 【1809363】
2021-07-22 00:00:14 GSD getOne 第 1 次 等待 3 秒
2021-07-22 00:00:17 查询号码 【1809363】，返回信息 {"status":"ok","msg":"甘肃-张掖","gid":"32974","time_insert":"2017-10-05 15:50","time_update":"2020-12-13 08:57"}
2021-07-22 00:00:17 查询号码 【1809363】，GSD为【"甘肃-张掖"】

2021-07-22 00:00:17 开始第 10 次操作

2021-07-22 00:00:17 开始操作号码 【1809364】
2021-07-22 00:00:25 GSD getOne 第 1 次 等待 3 秒
2021-07-22 00:00:28 查询号码 【1809364】，返回信息 {"status":"ok","msg":"甘肃-张掖","gid":"32975","time_insert":"2014-03-25 14:10","time_update":"2020-12-13 09:00"}
2021-07-22 00:00:28 查询号码 【1809364】，GSD为【"甘肃-张掖"】

2021-07-22 00:00:28 开始第 10 次操作

2021-07-22 00:00:28 开始操作号码 【1809365】
2021-07-22 00:00:31 GSD getOne 第 1 次 等待 3 秒
2021-07-22 00:00:34 查询号码 【1809365】，返回信息 {"status":"ok","msg":"-","gid":"350168","time_insert":"2021-07-21 23:59"}
2021-07-22 00:00:34 查询号码 【1809365】，GSD为【"-"】
2021-07-22 00:00:34 ok && -
2021-07-22 00:00:36 CHB 1809365?1626883234 第 1 次 等待 3 秒
2021-07-22 00:00:39 CHB 1809365?1626883234 第 1 次 获取到号码【1809365】GSD
2021-07-22 00:00:39 获取到号码【1809365】的GSD为【甘肃-张掖】
2021-07-22 00:01:14 GSD insert 第 1 次 等待 3 秒
2021-07-22 00:01:17 {"status":"ok","gid":"350168","msg":"添加号码已存在，但为‘-’，修改为【甘肃-张掖】成功！"}
2021-07-22 00:01:17 下次操作: 2021-07-22 00:01:33

2021-07-22 00:01:33 开始第 11 次操作

2021-07-22 00:01:33 开始操作号码 【1809366】
2021-07-22 00:01:35 GSD getOne 第 1 次 等待 3 秒
2021-07-22 00:01:38 查询号码 【1809366】，返回信息 {"status":"ok","msg":"甘肃-张掖","gid":"350178","time_insert":"2021-07-22 00:00"}
2021-07-22 00:01:38 查询号码 【1809366】，GSD为【"甘肃-张掖"】

2021-07-22 00:01:38 开始第 11 次操作

2021-07-22 00:01:38 开始操作号码 【1809367】
2021-07-22 00:01:46 GSD getOne 第 1 次 等待 3 秒
2021-07-22 00:01:49 查询号码 【1809367】，返回信息 {"status":"ok","msg":"甘肃-张掖","gid":"32976","time_insert":"2019-03-15 10:16","time_update":"2020-12-13 09:04"}
2021-07-22 00:01:49 查询号码 【1809367】，GSD为【"甘肃-张掖"】

2021-07-22 00:01:49 开始第 11 次操作

2021-07-22 00:01:49 开始操作号码 【1809368】
2021-07-22 00:02:02 GSD getOne 第 1 次 等待 3 秒
2021-07-22 00:02:05 查询号码 【1809368】，返回信息 {"status":"bad","msg":""}
2021-07-22 00:02:05 查询号码 【1809368】，GSD为【""】
2021-07-22 00:02:05 bad
2021-07-22 00:02:07 CHB 1809368?1626883325 第 1 次 等待 3 秒
2021-07-22 00:02:10 CHB 1809368?1626883325 第 1 次 获取到号码【1809368】GSD
2021-07-22 00:02:10 获取到号码【1809368】的GSD为【甘肃-张掖】
2021-07-22 00:02:12 GSD insert 第 1 次 等待 3 秒
2021-07-22 00:02:15 {"status":"ok","gid":350192,"msg":"添加成功！"}
2021-07-22 00:02:15 下次操作: 2021-07-22 00:02:33

2021-07-22 00:02:33 开始第 12 次操作

2021-07-22 00:02:33 开始操作号码 【1809369】
2021-07-22 00:02:37 GSD getOne 第 1 次 等待 3 秒
2021-07-22 00:02:40 查询号码 【1809369】，返回信息 {"status":"bad","msg":""}
2021-07-22 00:02:40 查询号码 【1809369】，GSD为【""】
2021-07-22 00:02:40 bad
2021-07-22 00:02:43 CHB 1809369?1626883360 第 1 次 等待 3 秒
2021-07-22 00:02:46 CHB 1809369?1626883360 第 1 次 获取到号码【1809369】GSD
2021-07-22 00:02:46 获取到号码【1809369】的GSD为【甘肃-张掖】
2021-07-22 00:02:53 GSD insert 第 1 次 等待 3 秒
2021-07-22 00:02:56 {"status":"ok","gid":350199,"msg":"添加成功！"}
2021-07-22 00:02:56 下次操作: 2021-07-22 00:03:11

2021-07-22 00:03:11 开始第 13 次操作

2021-07-22 00:03:11 开始操作号码 【1809370】
2021-07-22 00:03:14 GSD getOne 第 1 次 等待 3 秒
2021-07-22 00:03:17 查询号码 【1809370】，返回信息 {"status":"bad","msg":""}
2021-07-22 00:03:17 查询号码 【1809370】，GSD为【""】
2021-07-22 00:03:17 bad
2021-07-22 00:03:20 CHB 1809370?1626883397 第 1 次 等待 3 秒
2021-07-22 00:03:23 CHB 1809370?1626883397 第 1 次 获取到号码【1809370】GSD
2021-07-22 00:03:23 获取到号码【1809370】的GSD为【甘肃-酒泉】
2021-07-22 00:03:25 GSD insert 第 1 次 等待 3 秒
2021-07-22 00:03:28 {"status":"ok","gid":350205,"msg":"添加成功！"}
2021-07-22 00:03:28 下次操作: 2021-07-22 00:03:46

2021-07-22 00:03:46 开始第 14 次操作

2021-07-22 00:03:46 开始操作号码 【1809371】
2021-07-22 00:03:50 GSD getOne 第 1 次 等待 3 秒
2021-07-22 00:03:54 查询号码 【1809371】，返回信息 {"status":"bad","msg":""}
2021-07-22 00:03:54 查询号码 【1809371】，GSD为【""】
2021-07-22 00:03:54 bad
2021-07-22 00:03:56 CHB 1809371?1626883434 第 1 次 等待 3 秒
2021-07-22 00:03:59 CHB 1809371?1626883434 第 1 次 获取到号码【1809371】GSD
2021-07-22 00:03:59 获取到号码【1809371】的GSD为【甘肃-酒泉】
2021-07-22 00:04:54 GSD insert 第 1 次 等待 3 秒
2021-07-22 00:04:57 {"status":"ok","gid":350220,"msg":"添加成功！"}
2021-07-22 00:04:57 下次操作: 2021-07-22 00:05:21

2021-07-22 00:05:21 开始第 15 次操作

2021-07-22 00:05:21 开始操作号码 【1809372】
2021-07-22 00:05:26 GSD getOne 第 1 次 等待 3 秒
2021-07-22 00:05:29 查询号码 【1809372】，返回信息 {"status":"bad","msg":""}
2021-07-22 00:05:30 查询号码 【1809372】，GSD为【""】
2021-07-22 00:05:30 bad
2021-07-22 00:05:32 CHB 1809372?1626883530 第 1 次 等待 3 秒
2021-07-22 00:05:35 CHB 1809372?1626883530 第 1 次 获取到号码【1809372】GSD
2021-07-22 00:05:35 获取到号码【1809372】的GSD为【甘肃-酒泉】
2021-07-22 00:05:38 GSD insert 第 1 次 等待 3 秒
2021-07-22 00:05:41 {"status":"ok","gid":350229,"msg":"添加成功！"}
2021-07-22 00:05:41 下次操作: 2021-07-22 00:05:53

2021-07-22 00:05:53 开始第 16 次操作

2021-07-22 00:05:53 开始操作号码 【1809373】
2021-07-22 00:05:57 GSD getOne 第 1 次 等待 3 秒
2021-07-22 00:06:00 查询号码 【1809373】，返回信息 {"status":"bad","msg":""}
2021-07-22 00:06:00 查询号码 【1809373】，GSD为【""】
2021-07-22 00:06:00 bad
2021-07-22 00:06:02 CHB 1809373?1626883560 第 1 次 等待 3 秒
2021-07-22 00:06:05 CHB 1809373?1626883560 第 1 次 获取到号码【1809373】GSD
2021-07-22 00:06:05 获取到号码【1809373】的GSD为【甘肃-嘉峪关】
2021-07-22 00:06:10 GSD insert 第 1 次 等待 3 秒
2021-07-22 00:06:13 {"status":"ok","gid":350234,"msg":"添加成功！"}
2021-07-22 00:06:13 下次操作: 2021-07-22 00:06:25

2021-07-22 00:06:25 开始第 17 次操作

2021-07-22 00:06:25 开始操作号码 【1809374】
2021-07-22 00:06:31 GSD getOne 第 1 次 等待 3 秒
2021-07-22 00:06:34 查询号码 【1809374】，返回信息 {"status":"bad","msg":""}
2021-07-22 00:06:34 查询号码 【1809374】，GSD为【""】
2021-07-22 00:06:34 bad
2021-07-22 00:06:38 CHB 1809374?1626883594 第 1 次 等待 3 秒
2021-07-22 00:06:41 CHB 1809374?1626883594 第 1 次 获取到号码【1809374】GSD
2021-07-22 00:06:41 获取到号码【1809374】的GSD为【甘肃-嘉峪关】
2021-07-22 00:06:44 GSD insert 第 1 次 等待 3 秒
2021-07-22 00:06:47 {"status":"ok","gid":350240,"msg":"添加成功！"}
2021-07-22 00:06:47 下次操作: 2021-07-22 00:07:10

2021-07-22 00:07:10 开始第 18 次操作

2021-07-22 00:07:10 开始操作号码 【1809375】
2021-07-22 00:07:18 GSD getOne 第 1 次 等待 3 秒
2021-07-22 00:07:21 查询号码 【1809375】，返回信息 {"status":"bad","msg":""}
2021-07-22 00:07:21 查询号码 【1809375】，GSD为【""】
2021-07-22 00:07:21 bad
2021-07-22 00:07:23 CHB 1809375?1626883641 第 1 次 等待 3 秒
2021-07-22 00:07:26 CHB 1809375?1626883641 第 1 次 获取到号码【1809375】GSD
2021-07-22 00:07:26 获取到号码【1809375】的GSD为【甘肃-嘉峪关】
2021-07-22 00:07:32 GSD insert 第 1 次 等待 3 秒
2021-07-22 00:07:35 {"status":"ok","gid":350251,"msg":"添加成功！"}
2021-07-22 00:07:35 下次操作: 2021-07-22 00:07:56

2021-07-22 00:07:56 开始第 19 次操作

2021-07-22 00:07:56 开始操作号码 【1809376】
2021-07-22 00:07:59 GSD getOne 第 1 次 等待 3 秒
2021-07-22 00:08:02 查询号码 【1809376】，返回信息 {"status":"ok","msg":"甘肃-酒泉","gid":"32977","time_insert":"2018-04-09 11:17","time_update":"2020-12-13 09:09"}
2021-07-22 00:08:02 查询号码 【1809376】，GSD为【"甘肃-酒泉"】

2021-07-22 00:08:02 开始第 19 次操作

2021-07-22 00:08:02 开始操作号码 【1809377】
2021-07-22 00:08:05 GSD getOne 第 1 次 等待 3 秒
2021-07-22 00:08:08 查询号码 【1809377】，返回信息 {"status":"ok","msg":"甘肃-嘉峪关","gid":"32978","time_insert":"2017-09-20 19:13","time_update":"2020-12-13 09:13"}
2021-07-22 00:08:08 查询号码 【1809377】，GSD为【"甘肃-嘉峪关"】

2021-07-22 00:08:08 开始第 19 次操作

2021-07-22 00:08:08 开始操作号码 【1809378】
2021-07-22 00:08:10 GSD getOne 第 1 次 等待 3 秒
2021-07-22 00:08:13 查询号码 【1809378】，返回信息 {"status":"bad","msg":""}
2021-07-22 00:08:14 查询号码 【1809378】，GSD为【""】
2021-07-22 00:08:14 bad
2021-07-22 00:08:16 CHB 1809378?1626883694 第 1 次 等待 3 秒
2021-07-22 00:08:19 CHB 1809378?1626883694 第 1 次 获取到号码【1809378】GSD
2021-07-22 00:08:19 获取到号码【1809378】的GSD为【甘肃-酒泉】
2021-07-22 00:08:22 GSD insert 第 1 次 等待 3 秒
2021-07-22 00:08:25 {"status":"ok","gid":350261,"msg":"添加成功！"}
2021-07-22 00:08:25 下次操作: 2021-07-22 00:08:38

2021-07-22 00:08:38 开始第 20 次操作

2021-07-22 00:08:38 开始操作号码 【1809379】
2021-07-22 00:08:40 GSD getOne 第 1 次 等待 3 秒
2021-07-22 00:08:43 查询号码 【1809379】，返回信息 {"status":"ok","msg":"甘肃-酒泉","gid":"32979","time_insert":"2017-05-01 00:00","time_update":"2020-12-13 09:17"}
2021-07-22 00:08:43 查询号码 【1809379】，GSD为【"甘肃-酒泉"】

2021-07-22 00:08:43 开始第 20 次操作

2021-07-22 00:08:43 开始操作号码 【1809380】
2021-07-22 00:08:48 GSD getOne 第 1 次 等待 3 秒
2021-07-22 00:08:51 查询号码 【1809380】，返回信息 {"status":"bad","msg":""}
2021-07-22 00:08:51 查询号码 【1809380】，GSD为【""】
2021-07-22 00:08:51 bad
2021-07-22 00:08:54 CHB 1809380?1626883731 第 1 次 等待 3 秒
2021-07-22 00:08:57 CHB 1809380?1626883731 第 1 次 获取到号码【1809380】GSD
2021-07-22 00:08:57 获取到号码【1809380】的GSD为【甘肃-天水】
2021-07-22 00:09:01 GSD insert 第 1 次 等待 3 秒
2021-07-22 00:09:04 {"status":"ok","gid":350271,"msg":"添加成功！"}
2021-07-22 00:09:04 下次操作: 2021-07-22 00:09:16

2021-07-22 00:09:16 开始第 21 次操作

2021-07-22 00:09:16 开始操作号码 【1809381】
2021-07-22 00:09:21 GSD getOne 第 1 次 等待 3 秒
2021-07-22 00:09:24 查询号码 【1809381】，返回信息 {"status":"bad","msg":""}
2021-07-22 00:09:24 查询号码 【1809381】，GSD为【""】
2021-07-22 00:09:24 bad
2021-07-22 00:09:27 CHB 1809381?1626883764 第 1 次 等待 3 秒
2021-07-22 00:09:30 CHB 1809381?1626883764 第 1 次 获取到号码【1809381】GSD
2021-07-22 00:09:30 获取到号码【1809381】的GSD为【甘肃-天水】
2021-07-22 00:09:32 GSD insert 第 1 次 等待 3 秒
2021-07-22 00:09:35 {"status":"ok","gid":350275,"msg":"添加成功！"}
2021-07-22 00:09:35 下次操作: 2021-07-22 00:09:53

2021-07-22 00:09:53 开始第 22 次操作

2021-07-22 00:09:53 开始操作号码 【1809382】
2021-07-22 00:09:57 GSD getOne 第 1 次 等待 3 秒
2021-07-22 00:10:00 查询号码 【1809382】，返回信息 {"status":"ok","msg":"甘肃-天水","gid":"32980","time_insert":"2017-07-15 19:22","time_update":"2020-12-13 09:21"}
2021-07-22 00:10:00 查询号码 【1809382】，GSD为【"甘肃-天水"】

2021-07-22 00:10:00 开始第 22 次操作

2021-07-22 00:10:00 开始操作号码 【1809383】
2021-07-22 00:10:03 GSD getOne 第 1 次 等待 3 秒
2021-07-22 00:10:06 查询号码 【1809383】，返回信息 {"status":"bad","msg":""}
2021-07-22 00:10:06 查询号码 【1809383】，GSD为【""】
2021-07-22 00:10:06 bad
2021-07-22 00:10:08 CHB 1809383?1626883806 第 1 次 等待 3 秒
2021-07-22 00:10:11 CHB 1809383?1626883806 第 1 次 获取到号码【1809383】GSD
2021-07-22 00:10:11 获取到号码【1809383】的GSD为【甘肃-天水】
2021-07-22 00:10:14 GSD insert 第 1 次 等待 3 秒
2021-07-22 00:10:17 {"status":"ok","gid":350281,"msg":"添加成功！"}
2021-07-22 00:10:17 下次操作: 2021-07-22 00:10:35

2021-07-22 00:10:35 开始第 23 次操作

2021-07-22 00:10:35 开始操作号码 【1809384】
2021-07-22 00:10:38 GSD getOne 第 1 次 等待 3 秒
2021-07-22 00:10:41 查询号码 【1809384】，返回信息 {"status":"bad","msg":""}
2021-07-22 00:10:41 查询号码 【1809384】，GSD为【""】
2021-07-22 00:10:41 bad
2021-07-22 00:10:43 CHB 1809384?1626883841 第 1 次 等待 3 秒
2021-07-22 00:10:46 CHB 1809384?1626883841 第 1 次 获取到号码【1809384】GSD
2021-07-22 00:10:46 获取到号码【1809384】的GSD为【甘肃-酒泉】
2021-07-22 00:10:50 GSD insert 第 1 次 等待 3 秒
2021-07-22 00:10:53 {"status":"ok","gid":350289,"msg":"添加成功！"}
2021-07-22 00:10:53 下次操作: 2021-07-22 00:11:08

2021-07-22 00:11:08 开始第 24 次操作

2021-07-22 00:11:08 开始操作号码 【1809385】
2021-07-22 00:11:18 GSD getOne 第 1 次 等待 3 秒
2021-07-22 00:11:21 查询号码 【1809385】，返回信息 {"status":"bad","msg":""}
2021-07-22 00:11:21 查询号码 【1809385】，GSD为【""】
2021-07-22 00:11:21 bad
2021-07-22 00:11:24 CHB 1809385?1626883881 第 1 次 等待 3 秒
2021-07-22 00:11:27 CHB 1809385?1626883881 第 1 次 获取到号码【1809385】GSD
2021-07-22 00:11:27 获取到号码【1809385】的GSD为【甘肃-天水】
2021-07-22 00:11:32 GSD insert 第 1 次 等待 3 秒
2021-07-22 00:11:35 {"status":"ok","gid":350295,"msg":"添加成功！"}
2021-07-22 00:11:35 下次操作: 2021-07-22 00:11:47

2021-07-22 00:11:47 开始第 25 次操作

2021-07-22 00:11:47 开始操作号码 【1809386】
2021-07-22 00:12:16 GSD getOne 第 1 次 等待 3 秒
2021-07-22 00:12:19 查询号码 【1809386】，返回信息 {"status":"bad","msg":""}
2021-07-22 00:12:19 查询号码 【1809386】，GSD为【""】
2021-07-22 00:12:19 bad
2021-07-22 00:12:22 CHB 1809386?1626883939 第 1 次 等待 3 秒
2021-07-22 00:12:25 CHB 1809386?1626883939 第 1 次 获取到号码【1809386】GSD
2021-07-22 00:12:25 获取到号码【1809386】的GSD为【甘肃-天水】
2021-07-22 00:12:29 GSD insert 第 1 次 等待 3 秒
2021-07-22 00:12:32 {"status":"ok","gid":350303,"msg":"添加成功！"}
2021-07-22 00:12:32 下次操作: 2021-07-22 00:12:49

2021-07-22 00:12:49 开始第 26 次操作

2021-07-22 00:12:49 开始操作号码 【1809387】
2021-07-22 00:12:57 GSD getOne 第 1 次 等待 3 秒
2021-07-22 00:13:00 查询号码 【1809387】，返回信息 {"status":"ok","msg":"甘肃-天水","gid":"32981","time_insert":"2015-01-22 16:36","time_update":"2020-12-13 09:22"}
2021-07-22 00:13:00 查询号码 【1809387】，GSD为【"甘肃-天水"】

2021-07-22 00:13:00 开始第 26 次操作

2021-07-22 00:13:00 开始操作号码 【1809388】
2021-07-22 00:13:02 GSD getOne 第 1 次 等待 3 秒
2021-07-22 00:13:05 查询号码 【1809388】，返回信息 {"status":"bad","msg":""}
2021-07-22 00:13:05 查询号码 【1809388】，GSD为【""】
2021-07-22 00:13:05 bad
2021-07-22 00:13:08 CHB 1809388?1626883985 第 1 次 等待 3 秒
2021-07-22 00:13:11 CHB 1809388?1626883985 第 1 次 获取到号码【1809388】GSD
2021-07-22 00:13:11 获取到号码【1809388】的GSD为【甘肃-天水】
2021-07-22 00:13:14 GSD insert 第 1 次 等待 3 秒
2021-07-22 00:13:17 {"status":"ok","gid":350313,"msg":"添加成功！"}
2021-07-22 00:13:17 下次操作: 2021-07-22 00:13:39

2021-07-22 00:13:39 开始第 27 次操作

2021-07-22 00:13:39 开始操作号码 【1809389】
2021-07-22 00:13:43 GSD getOne 第 1 次 等待 3 秒
2021-07-22 00:13:46 查询号码 【1809389】，返回信息 {"status":"bad","msg":""}
2021-07-22 00:13:46 查询号码 【1809389】，GSD为【""】
2021-07-22 00:13:46 bad
2021-07-22 00:13:50 CHB 1809389?1626884026 第 1 次 等待 3 秒
2021-07-22 00:13:53 CHB 1809389?1626884026 第 1 次 获取到号码【1809389】GSD
2021-07-22 00:13:53 获取到号码【1809389】的GSD为【甘肃-天水】
2021-07-22 00:13:59 GSD insert 第 1 次 等待 3 秒
2021-07-22 00:14:02 {"status":"ok","gid":350321,"msg":"添加成功！"}
2021-07-22 00:14:02 下次操作: 2021-07-22 00:14:20

2021-07-22 00:14:20 开始第 28 次操作

2021-07-22 00:14:20 开始操作号码 【1809390】
2021-07-22 00:14:45 GSD getOne 第 1 次 等待 3 秒
2021-07-22 00:14:48 查询号码 【1809390】，返回信息 {"status":"bad","msg":""}
2021-07-22 00:14:48 查询号码 【1809390】，GSD为【""】
2021-07-22 00:14:48 bad
2021-07-22 00:14:52 CHB 1809390?1626884088 第 1 次 等待 3 秒
2021-07-22 00:14:55 CHB 1809390?1626884088 第 1 次 获取到号码【1809390】GSD
2021-07-22 00:14:55 获取到号码【1809390】的GSD为【甘肃-陇南】
2021-07-22 00:14:58 GSD insert 第 1 次 等待 3 秒
2021-07-22 00:15:01 {"status":"ok","gid":350326,"msg":"添加成功！"}
2021-07-22 00:15:01 下次操作: 2021-07-22 00:15:24

2021-07-22 00:15:24 开始第 29 次操作

2021-07-22 00:15:24 开始操作号码 【1809391】
2021-07-22 00:15:28 GSD getOne 第 1 次 等待 3 秒
2021-07-22 00:15:31 查询号码 【1809391】，返回信息 {"status":"ok","msg":"甘肃-陇南","gid":"32982","time_insert":"2017-04-20 15:10","time_update":"2020-12-13 09:27"}
2021-07-22 00:15:31 查询号码 【1809391】，GSD为【"甘肃-陇南"】

2021-07-22 00:15:31 开始第 29 次操作

2021-07-22 00:15:31 开始操作号码 【1809392】
2021-07-22 00:15:43 GSD getOne 第 1 次 等待 3 秒
2021-07-22 00:15:46 查询号码 【1809392】，返回信息 {"status":"ok","msg":"甘肃-陇南","gid":"32983","time_insert":"2018-08-02 10:22","time_update":"2020-12-13 09:31"}
2021-07-22 00:15:46 查询号码 【1809392】，GSD为【"甘肃-陇南"】

2021-07-22 00:15:46 开始第 29 次操作

2021-07-22 00:15:46 开始操作号码 【1809393】
2021-07-22 00:15:51 GSD getOne 第 1 次 等待 3 秒
2021-07-22 00:15:54 查询号码 【1809393】，返回信息 {"status":"bad","msg":""}
2021-07-22 00:15:54 查询号码 【1809393】，GSD为【""】
2021-07-22 00:15:54 bad
2021-07-22 00:15:57 CHB 1809393?1626884154 第 1 次 等待 3 秒
2021-07-22 00:16:00 CHB 1809393?1626884154 第 1 次 获取到号码【1809393】GSD
2021-07-22 00:16:00 获取到号码【1809393】的GSD为【甘肃-甘南】
2021-07-22 00:16:02 GSD insert 第 1 次 等待 3 秒
2021-07-22 00:16:06 {"status":"ok","gid":350335,"msg":"添加成功！"}
2021-07-22 00:16:06 下次操作: 2021-07-22 00:16:19

2021-07-22 00:16:19 开始第 30 次操作

2021-07-22 00:16:19 开始操作号码 【1809394】
2021-07-22 00:16:30 GSD getOne 第 1 次 等待 3 秒
2021-07-22 00:16:33 查询号码 【1809394】，返回信息 {"status":"bad","msg":""}
2021-07-22 00:16:33 查询号码 【1809394】，GSD为【""】
2021-07-22 00:16:33 bad
2021-07-22 00:16:40 CHB 1809394?1626884193 第 1 次 等待 3 秒
2021-07-22 00:16:43 CHB 1809394?1626884193 第 1 次 获取到号码【1809394】GSD
2021-07-22 00:16:43 获取到号码【1809394】的GSD为【甘肃-甘南】
2021-07-22 00:16:48 GSD insert 第 1 次 等待 3 秒
2021-07-22 00:16:51 {"status":"ok","gid":350341,"msg":"添加成功！"}
2021-07-22 00:16:51 下次操作: 2021-07-22 00:17:09

2021-07-22 00:17:09 开始第 31 次操作

2021-07-22 00:17:09 开始操作号码 【1809395】
2021-07-22 00:17:12 GSD getOne 第 1 次 等待 3 秒
2021-07-22 00:17:15 查询号码 【1809395】，返回信息 {"status":"ok","msg":"甘肃-陇南","gid":"51628","time_insert":"2021-04-22 10:03"}
2021-07-22 00:17:15 查询号码 【1809395】，GSD为【"甘肃-陇南"】

2021-07-22 00:17:15 开始第 31 次操作

2021-07-22 00:17:15 开始操作号码 【1809396】
2021-07-22 00:17:49 GSD getOne 第 1 次 等待 3 秒
2021-07-22 00:17:52 查询号码 【1809396】，返回信息 {"status":"ok","msg":"甘肃-陇南","gid":"32984","time_insert":"2017-06-19 15:40","time_update":"2020-12-13 09:35"}
2021-07-22 00:17:52 查询号码 【1809396】，GSD为【"甘肃-陇南"】

2021-07-22 00:17:52 开始第 31 次操作

2021-07-22 00:17:52 开始操作号码 【1809397】
2021-07-22 00:17:55 GSD getOne 第 1 次 等待 3 秒
2021-07-22 00:17:58 查询号码 【1809397】，返回信息 {"status":"bad","msg":""}
2021-07-22 00:17:58 查询号码 【1809397】，GSD为【""】
2021-07-22 00:17:58 bad
2021-07-22 00:18:01 CHB 1809397?1626884278 第 1 次 等待 3 秒
2021-07-22 00:18:04 CHB 1809397?1626884278 第 1 次 获取到号码【1809397】GSD
2021-07-22 00:18:04 获取到号码【1809397】的GSD为【甘肃-陇南】
2021-07-22 00:18:07 GSD insert 第 1 次 等待 3 秒
2021-07-22 00:18:10 {"status":"ok","gid":350350,"msg":"添加成功！"}
2021-07-22 00:18:10 下次操作: 2021-07-22 00:18:26

2021-07-22 00:18:26 开始第 32 次操作

2021-07-22 00:18:26 开始操作号码 【1809398】
2021-07-22 00:18:33 GSD getOne 第 1 次 等待 3 秒
2021-07-22 00:18:36 查询号码 【1809398】，返回信息 {"status":"ok","msg":"-","gid":"349129","time_insert":"2021-07-21 21:17"}
2021-07-22 00:18:36 查询号码 【1809398】，GSD为【"-"】
2021-07-22 00:18:36 ok && -
2021-07-22 00:18:39 CHB 1809398?1626884316 第 1 次 等待 3 秒
2021-07-22 00:18:42 CHB 1809398?1626884316 第 1 次 获取到号码【1809398】GSD
2021-07-22 00:18:42 获取到号码【1809398】的GSD为【甘肃-陇南】
2021-07-22 00:18:46 GSD insert 第 1 次 等待 3 秒
2021-07-22 00:18:49 {"status":"ok","gid":"349129","msg":"添加号码已存在，但为‘-’，修改为【甘肃-陇南】成功！"}
2021-07-22 00:18:49 下次操作: 2021-07-22 00:19:09

2021-07-22 00:19:09 开始第 33 次操作

2021-07-22 00:19:09 开始操作号码 【1809399】
2021-07-22 00:19:12 GSD getOne 第 1 次 等待 3 秒
2021-07-22 00:19:15 查询号码 【1809399】，返回信息 {"status":"ok","msg":"甘肃-陇南","gid":"130853","time_insert":"2021-06-26 07:25","time_update":"2021-06-26 07:33"}
2021-07-22 00:19:15 查询号码 【1809399】，GSD为【"甘肃-陇南"】

2021-07-22 00:19:15 开始第 33 次操作

2021-07-22 00:19:15 开始操作号码 【1809400】
2021-07-22 00:19:21 GSD getOne 第 1 次 等待 3 秒
2021-07-22 00:19:24 查询号码 【1809400】，返回信息 {"status":"bad","msg":""}
2021-07-22 00:19:24 查询号码 【1809400】，GSD为【""】
2021-07-22 00:19:24 bad
2021-07-22 00:19:27 CHB 1809400?1626884364 第 1 次 等待 3 秒
2021-07-22 00:19:30 CHB 1809400?1626884364 第 1 次 获取到号码【1809400】GSD
2021-07-22 00:19:30 获取到号码【1809400】的GSD为【福建-福州】
2021-07-22 00:19:33 GSD insert 第 1 次 等待 3 秒
2021-07-22 00:19:36 {"status":"ok","gid":350358,"msg":"添加成功！"}
2021-07-22 00:19:36 下次操作: 2021-07-22 00:19:59

2021-07-22 00:19:59 开始第 34 次操作

2021-07-22 00:19:59 开始操作号码 【1809401】
2021-07-22 00:20:02 GSD getOne 第 1 次 等待 3 秒
2021-07-22 00:20:05 查询号码 【1809401】，返回信息 {"status":"bad","msg":""}
2021-07-22 00:20:05 查询号码 【1809401】，GSD为【""】
2021-07-22 00:20:05 bad
2021-07-22 00:20:08 CHB 1809401?1626884405 第 1 次 等待 3 秒
2021-07-22 00:20:11 CHB 1809401?1626884405 第 1 次 获取到号码【1809401】GSD
2021-07-22 00:20:11 获取到号码【1809401】的GSD为【福建-福州】
2021-07-22 00:20:20 GSD insert 第 1 次 等待 3 秒
2021-07-22 00:20:23 {"status":"ok","gid":350363,"msg":"添加成功！"}
2021-07-22 00:20:23 下次操作: 2021-07-22 00:20:43

2021-07-22 00:20:43 开始第 35 次操作

2021-07-22 00:20:43 开始操作号码 【1809402】
2021-07-22 00:20:49 GSD getOne 第 1 次 等待 3 秒
2021-07-22 00:20:52 查询号码 【1809402】，返回信息 {"status":"bad","msg":""}
2021-07-22 00:20:52 查询号码 【1809402】，GSD为【""】
2021-07-22 00:20:52 bad
2021-07-22 00:20:54 CHB 1809402?1626884452 第 1 次 等待 3 秒
2021-07-22 00:20:57 CHB 1809402?1626884452 第 1 次 获取到号码【1809402】GSD
2021-07-22 00:20:57 获取到号码【1809402】的GSD为【福建-龙岩】
2021-07-22 00:21:03 GSD insert 第 1 次 等待 3 秒
2021-07-22 00:21:06 {"status":"ok","gid":350368,"msg":"添加成功！"}
2021-07-22 00:21:06 下次操作: 2021-07-22 00:21:27

2021-07-22 00:21:27 开始第 36 次操作

2021-07-22 00:21:27 开始操作号码 【1809403】
2021-07-22 00:21:34 GSD getOne 第 1 次 等待 3 秒
2021-07-22 00:21:37 查询号码 【1809403】，返回信息 {"status":"bad","msg":""}
2021-07-22 00:21:37 查询号码 【1809403】，GSD为【""】
2021-07-22 00:21:37 bad
2021-07-22 00:21:40 CHB 1809403?1626884497 第 1 次 等待 3 秒
2021-07-22 00:21:43 CHB 1809403?1626884497 第 1 次 获取到号码【1809403】GSD
2021-07-22 00:21:43 获取到号码【1809403】的GSD为【福建-龙岩】
2021-07-22 00:21:46 GSD insert 第 1 次 等待 3 秒
2021-07-22 00:21:49 {"status":"ok","gid":350372,"msg":"添加成功！"}
2021-07-22 00:21:49 下次操作: 2021-07-22 00:22:03

2021-07-22 00:22:03 开始第 37 次操作

2021-07-22 00:22:03 开始操作号码 【1809404】
2021-07-22 00:22:07 GSD getOne 第 1 次 等待 3 秒
2021-07-22 00:22:10 查询号码 【1809404】，返回信息 {"status":"bad","msg":""}
2021-07-22 00:22:10 查询号码 【1809404】，GSD为【""】
2021-07-22 00:22:10 bad
2021-07-22 00:22:13 CHB 1809404?1626884530 第 1 次 等待 3 秒
2021-07-22 00:22:16 CHB 1809404?1626884530 第 1 次 获取到号码【1809404】GSD
2021-07-22 00:22:16 获取到号码【1809404】的GSD为【福建-龙岩】
2021-07-22 00:22:19 GSD insert 第 1 次 等待 3 秒
2021-07-22 00:22:22 {"status":"ok","gid":350376,"msg":"添加成功！"}
2021-07-22 00:22:22 下次操作: 2021-07-22 00:22:38

2021-07-22 00:22:38 开始第 38 次操作

2021-07-22 00:22:38 开始操作号码 【1809405】
2021-07-22 00:22:47 GSD getOne 第 1 次 等待 3 秒
2021-07-22 00:22:50 查询号码 【1809405】，返回信息 {"status":"bad","msg":""}
2021-07-22 00:22:50 查询号码 【1809405】，GSD为【""】
2021-07-22 00:22:50 bad
2021-07-22 00:22:52 CHB 1809405?1626884570 第 1 次 等待 3 秒
2021-07-22 00:22:55 CHB 1809405?1626884570 第 1 次 获取到号码【1809405】GSD
2021-07-22 00:22:55 获取到号码【1809405】的GSD为【福建-泉州】
2021-07-22 00:22:58 GSD insert 第 1 次 等待 3 秒
2021-07-22 00:23:01 {"status":"ok","gid":350381,"msg":"添加成功！"}
2021-07-22 00:23:01 下次操作: 2021-07-22 00:23:22

2021-07-22 00:23:22 开始第 39 次操作

2021-07-22 00:23:22 开始操作号码 【1809406】
2021-07-22 00:23:25 GSD getOne 第 1 次 等待 3 秒
2021-07-22 00:23:28 查询号码 【1809406】，返回信息 {"status":"bad","msg":""}
2021-07-22 00:23:28 查询号码 【1809406】，GSD为【""】
2021-07-22 00:23:28 bad
2021-07-22 00:23:31 CHB 1809406?1626884608 第 1 次 等待 3 秒
2021-07-22 00:23:34 CHB 1809406?1626884608 第 1 次 获取到号码【1809406】GSD
2021-07-22 00:23:34 获取到号码【1809406】的GSD为【福建-泉州】
2021-07-22 00:23:38 GSD insert 第 1 次 等待 3 秒
2021-07-22 00:23:41 {"status":"ok","gid":350387,"msg":"添加成功！"}
2021-07-22 00:23:41 下次操作: 2021-07-22 00:23:53

2021-07-22 00:23:53 开始第 40 次操作

2021-07-22 00:23:53 开始操作号码 【1809407】
2021-07-22 00:23:55 GSD getOne 第 1 次 等待 3 秒
2021-07-22 00:23:58 查询号码 【1809407】，返回信息 {"status":"bad","msg":""}
2021-07-22 00:23:58 查询号码 【1809407】，GSD为【""】
2021-07-22 00:23:58 bad
2021-07-22 00:24:01 CHB 1809407?1626884638 第 1 次 等待 3 秒
2021-07-22 00:24:04 CHB 1809407?1626884638 第 1 次 获取到号码【1809407】GSD
2021-07-22 00:24:04 获取到号码【1809407】的GSD为【福建-泉州】
2021-07-22 00:24:08 GSD insert 第 1 次 等待 3 秒
2021-07-22 00:24:11 {"status":"ok","gid":350389,"msg":"添加成功！"}

2021-07-22 01:04:45 开始第 1 次操作

2021-07-22 01:04:45 开始操作号码 【1809408】
2021-07-22 01:04:47 GSD getOne 第 1 次 等待 3 秒
2021-07-22 01:04:50 查询号码 【1809408】，返回信息 {"status":"bad","msg":""}
2021-07-22 01:04:50 查询号码 【1809408】，GSD为【""】
2021-07-22 01:04:50 bad
2021-07-22 01:04:51 CHB 1809408?1626887090 第 1 次 等待 3 秒
2021-07-22 01:04:54 CHB 1809408?1626887090 第 1 次 未获取到 等待 24 秒 下次操作: 2021-07-22 01:05:18
2021-07-22 01:05:18 CHB 1809408?1626887118 第 2 次 等待 3 秒
2021-07-22 01:05:21 CHB 1809408?1626887118 第 2 次 未获取到 等待 22 秒 下次操作: 2021-07-22 01:05:43
2021-07-22 01:05:44 CHB 1809408?1626887143 第 3 次 等待 3 秒
2021-07-22 01:05:47 CHB 1809408?1626887143 第 3 次 跳过号码【1809408】
2021-07-22 01:05:47 未获取到号码【1809408】源码
2021-07-22 01:05:47 获取到号码【1809408】的GSD为【-】
2021-07-22 01:05:54 GSD insert 第 1 次 等待 3 秒
2021-07-22 01:05:57 {"status":"ok","gid":350497,"msg":"添加成功！"}
2021-07-22 01:05:57 下次操作: 2021-07-22 01:06:17

2021-07-22 01:06:17 开始第 2 次操作

2021-07-22 01:06:17 开始操作号码 【1809409】
2021-07-22 01:06:23 GSD getOne 第 1 次 等待 3 秒
2021-07-22 01:06:26 查询号码 【1809409】，返回信息 {"status":"bad","msg":""}
2021-07-22 01:06:26 查询号码 【1809409】，GSD为【""】
2021-07-22 01:06:26 bad
2021-07-22 01:06:27 CHB 1809409?1626887186 第 1 次 等待 3 秒
2021-07-22 01:06:30 CHB 1809409?1626887186 第 1 次 未获取到 等待 12 秒 下次操作: 2021-07-22 01:06:42
2021-07-22 01:06:42 CHB 1809409?1626887202 第 2 次 等待 3 秒
2021-07-22 01:06:45 CHB 1809409?1626887202 第 2 次 未获取到 等待 21 秒 下次操作: 2021-07-22 01:07:06
2021-07-22 01:07:07 CHB 1809409?1626887226 第 3 次 等待 3 秒
2021-07-22 01:07:10 CHB 1809409?1626887226 第 3 次 跳过号码【1809409】
2021-07-22 01:07:10 未获取到号码【1809409】源码
2021-07-22 01:07:10 获取到号码【1809409】的GSD为【-】
2021-07-22 01:07:12 GSD insert 第 1 次 等待 3 秒
2021-07-22 01:07:15 {"status":"ok","gid":350513,"msg":"添加成功！"}
2021-07-22 01:07:15 下次操作: 2021-07-22 01:07:31

2021-07-22 01:07:31 开始第 3 次操作

2021-07-22 01:07:31 开始操作号码 【1809410】
2021-07-22 01:07:34 GSD getOne 第 1 次 等待 3 秒
2021-07-22 01:07:37 查询号码 【1809410】，返回信息 {"status":"bad","msg":""}
2021-07-22 01:07:37 查询号码 【1809410】，GSD为【""】
2021-07-22 01:07:37 bad
2021-07-22 01:07:38 CHB 1809410?1626887257 第 1 次 等待 3 秒
2021-07-22 01:07:41 CHB 1809410?1626887257 第 1 次 未获取到 等待 14 秒 下次操作: 2021-07-22 01:07:55
2021-07-22 01:07:55 CHB 1809410?1626887275 第 2 次 等待 3 秒
2021-07-22 01:07:58 CHB 1809410?1626887275 第 2 次 未获取到 等待 13 秒 下次操作: 2021-07-22 01:08:11
2021-07-22 01:08:12 CHB 1809410?1626887291 第 3 次 等待 3 秒
2021-07-22 01:08:15 CHB 1809410?1626887291 第 3 次 跳过号码【1809410】
2021-07-22 01:08:15 未获取到号码【1809410】源码
2021-07-22 01:08:15 获取到号码【1809410】的GSD为【-】
2021-07-22 01:08:17 GSD insert 第 1 次 等待 3 秒
2021-07-22 01:08:20 {"status":"ok","gid":350523,"msg":"添加成功！"}
2021-07-22 01:08:20 下次操作: 2021-07-22 01:08:34

2021-07-22 01:08:34 开始第 4 次操作

2021-07-22 01:08:34 开始操作号码 【1809411】
2021-07-22 01:08:40 GSD getOne 第 1 次 等待 3 秒
2021-07-22 01:08:43 查询号码 【1809411】，返回信息 {"status":"bad","msg":""}
2021-07-22 01:08:43 查询号码 【1809411】，GSD为【""】
2021-07-22 01:08:43 bad
2021-07-22 01:08:44 CHB 1809411?1626887323 第 1 次 等待 3 秒
2021-07-22 01:08:47 CHB 1809411?1626887323 第 1 次 未获取到 等待 14 秒 下次操作: 2021-07-22 01:09:01
2021-07-22 01:09:01 CHB 1809411?1626887341 第 2 次 等待 3 秒
2021-07-22 01:09:04 CHB 1809411?1626887341 第 2 次 未获取到 等待 22 秒 下次操作: 2021-07-22 01:09:26
2021-07-22 01:09:26 CHB 1809411?1626887366 第 3 次 等待 3 秒
2021-07-22 01:09:29 CHB 1809411?1626887366 第 3 次 跳过号码【1809411】
2021-07-22 01:09:29 未获取到号码【1809411】源码
2021-07-22 01:09:29 获取到号码【1809411】的GSD为【-】
2021-07-22 01:09:32 GSD insert 第 1 次 等待 3 秒
2021-07-22 01:09:35 {"status":"ok","gid":350535,"msg":"添加成功！"}
2021-07-22 01:09:35 下次操作: 2021-07-22 01:09:55

2021-07-22 01:09:55 开始第 5 次操作

2021-07-22 01:09:55 开始操作号码 【1809412】
2021-07-22 01:10:01 GSD getOne 第 1 次 等待 3 秒
2021-07-22 01:10:04 查询号码 【1809412】，返回信息 {"status":"bad","msg":""}
2021-07-22 01:10:04 查询号码 【1809412】，GSD为【""】
2021-07-22 01:10:04 bad
2021-07-22 01:10:04 CHB 1809412?1626887404 第 1 次 等待 3 秒
2021-07-22 01:10:07 CHB 1809412?1626887404 第 1 次 未获取到 等待 22 秒 下次操作: 2021-07-22 01:10:29
2021-07-22 01:10:30 CHB 1809412?1626887429 第 2 次 等待 3 秒
2021-07-22 01:10:33 CHB 1809412?1626887429 第 2 次 未获取到 等待 14 秒 下次操作: 2021-07-22 01:10:47
2021-07-22 01:10:48 CHB 1809412?1626887447 第 3 次 等待 3 秒
2021-07-22 01:10:51 CHB 1809412?1626887447 第 3 次 跳过号码【1809412】
2021-07-22 01:10:51 未获取到号码【1809412】源码
2021-07-22 01:10:51 获取到号码【1809412】的GSD为【-】
2021-07-22 01:10:56 GSD insert 第 1 次 等待 3 秒
2021-07-22 01:10:59 {"status":"ok","gid":350548,"msg":"添加成功！"}
2021-07-22 01:10:59 下次操作: 2021-07-22 01:11:21

2021-07-22 01:11:21 开始第 6 次操作

2021-07-22 01:11:21 开始操作号码 【1809413】
2021-07-22 01:11:24 GSD getOne 第 1 次 等待 3 秒
2021-07-22 01:11:27 查询号码 【1809413】，返回信息 {"status":"bad","msg":""}
2021-07-22 01:11:27 查询号码 【1809413】，GSD为【""】
2021-07-22 01:11:27 bad
2021-07-22 01:11:28 CHB 1809413?1626887487 第 1 次 等待 3 秒
2021-07-22 01:11:31 CHB 1809413?1626887487 第 1 次 未获取到 等待 24 秒 下次操作: 2021-07-22 01:11:55
2021-07-22 01:11:55 CHB 1809413?1626887515 第 2 次 等待 3 秒
2021-07-22 01:11:58 CHB 1809413?1626887515 第 2 次 未获取到 等待 16 秒 下次操作: 2021-07-22 01:12:14
2021-07-22 01:12:14 CHB 1809413?1626887534 第 3 次 等待 3 秒
2021-07-22 01:12:17 CHB 1809413?1626887534 第 3 次 跳过号码【1809413】
2021-07-22 01:12:17 未获取到号码【1809413】源码
2021-07-22 01:12:17 获取到号码【1809413】的GSD为【-】
2021-07-22 01:12:23 GSD insert 第 1 次 等待 3 秒
2021-07-22 01:12:26 {"status":"ok","gid":350560,"msg":"添加成功！"}
2021-07-22 01:12:26 下次操作: 2021-07-22 01:12:39

2021-07-22 01:12:39 开始第 7 次操作

2021-07-22 01:12:39 开始操作号码 【1809414】
2021-07-22 01:12:41 GSD getOne 第 1 次 等待 3 秒
2021-07-22 01:12:44 查询号码 【1809414】，返回信息 {"status":"bad","msg":""}
2021-07-22 01:12:44 查询号码 【1809414】，GSD为【""】
2021-07-22 01:12:44 bad
2021-07-22 01:12:45 CHB 1809414?1626887564 第 1 次 等待 3 秒
2021-07-22 01:12:48 CHB 1809414?1626887564 第 1 次 未获取到 等待 13 秒 下次操作: 2021-07-22 01:13:01
2021-07-22 01:13:01 CHB 1809414?1626887581 第 2 次 等待 3 秒
2021-07-22 01:13:04 CHB 1809414?1626887581 第 2 次 未获取到 等待 12 秒 下次操作: 2021-07-22 01:13:16
2021-07-22 01:13:18 CHB 1809414?1626887596 第 3 次 等待 3 秒
2021-07-22 01:13:21 CHB 1809414?1626887596 第 3 次 获取到号码【1809414】GSD
2021-07-22 01:13:21 获取到号码【1809414】的GSD为【福建-南平】
2021-07-22 01:13:31 GSD insert 第 1 次 等待 3 秒
2021-07-22 01:13:34 {"status":"ok","gid":350572,"msg":"添加成功！"}
2021-07-22 01:13:34 下次操作: 2021-07-22 01:13:54

2021-07-22 01:13:54 开始第 8 次操作

2021-07-22 01:13:54 开始操作号码 【1809415】
2021-07-22 01:13:58 GSD getOne 第 1 次 等待 3 秒
2021-07-22 01:14:01 查询号码 【1809415】，返回信息 {"status":"bad","msg":""}
2021-07-22 01:14:01 查询号码 【1809415】，GSD为【""】
2021-07-22 01:14:01 bad
2021-07-22 01:14:01 CHB 1809415?1626887641 第 1 次 等待 3 秒
2021-07-22 01:14:04 CHB 1809415?1626887641 第 1 次 未获取到 等待 14 秒 下次操作: 2021-07-22 01:14:18
2021-07-22 01:14:19 CHB 1809415?1626887658 第 2 次 等待 3 秒
2021-07-22 01:14:22 CHB 1809415?1626887658 第 2 次 未获取到 等待 18 秒 下次操作: 2021-07-22 01:14:40
2021-07-22 01:14:40 CHB 1809415?1626887680 第 3 次 等待 3 秒
2021-07-22 01:14:43 CHB 1809415?1626887680 第 3 次 跳过号码【1809415】
2021-07-22 01:14:43 未获取到号码【1809415】源码
2021-07-22 01:14:43 获取到号码【1809415】的GSD为【-】
2021-07-22 01:14:46 GSD insert 第 1 次 等待 3 秒
2021-07-22 01:14:49 {"status":"ok","gid":350584,"msg":"添加成功！"}
2021-07-22 01:14:49 下次操作: 2021-07-22 01:15:09

2021-07-22 01:15:09 开始第 9 次操作

2021-07-22 01:15:09 开始操作号码 【1809416】
2021-07-22 01:15:15 GSD getOne 第 1 次 等待 3 秒
2021-07-22 01:15:18 查询号码 【1809416】，返回信息 {"status":"bad","msg":""}
2021-07-22 01:15:18 查询号码 【1809416】，GSD为【""】
2021-07-22 01:15:18 bad
2021-07-22 01:15:18 CHB 1809416?1626887718 第 1 次 等待 3 秒
2021-07-22 01:15:21 CHB 1809416?1626887718 第 1 次 未获取到 等待 13 秒 下次操作: 2021-07-22 01:15:34
2021-07-22 01:15:35 CHB 1809416?1626887734 第 2 次 等待 3 秒
2021-07-22 01:15:38 CHB 1809416?1626887734 第 2 次 未获取到 等待 19 秒 下次操作: 2021-07-22 01:15:57
2021-07-22 01:15:57 CHB 1809416?1626887757 第 3 次 等待 3 秒
2021-07-22 01:16:00 CHB 1809416?1626887757 第 3 次 跳过号码【1809416】
2021-07-22 01:16:00 未获取到号码【1809416】源码
2021-07-22 01:16:00 获取到号码【1809416】的GSD为【-】
2021-07-22 01:16:03 GSD insert 第 1 次 等待 3 秒
2021-07-22 01:16:06 {"status":"ok","gid":350596,"msg":"添加成功！"}
2021-07-22 01:16:06 下次操作: 2021-07-22 01:16:26

2021-07-22 01:16:26 开始第 10 次操作

2021-07-22 01:16:26 开始操作号码 【1809417】
2021-07-22 01:16:28 GSD getOne 第 1 次 等待 3 秒
2021-07-22 01:16:31 查询号码 【1809417】，返回信息 {"status":"bad","msg":""}
2021-07-22 01:16:31 查询号码 【1809417】，GSD为【""】
2021-07-22 01:16:31 bad
2021-07-22 01:16:32 CHB 1809417?1626887791 第 1 次 等待 3 秒
2021-07-22 01:16:35 CHB 1809417?1626887791 第 1 次 未获取到 等待 20 秒 下次操作: 2021-07-22 01:16:55
2021-07-22 01:16:55 CHB 1809417?1626887815 第 2 次 等待 3 秒
2021-07-22 01:16:58 CHB 1809417?1626887815 第 2 次 未获取到 等待 12 秒 下次操作: 2021-07-22 01:17:10
2021-07-22 01:17:12 CHB 1809417?1626887830 第 3 次 等待 3 秒
2021-07-22 01:17:15 CHB 1809417?1626887830 第 3 次 获取到号码【1809417】GSD
2021-07-22 01:17:15 获取到号码【1809417】的GSD为【福建-南平】
2021-07-22 01:17:17 GSD insert 第 1 次 等待 3 秒
2021-07-22 01:17:20 {"status":"ok","gid":350610,"msg":"添加成功！"}
2021-07-22 01:17:20 下次操作: 2021-07-22 01:17:39

2021-07-22 01:17:39 开始第 11 次操作

2021-07-22 01:17:39 开始操作号码 【1809418】
2021-07-22 01:17:42 GSD getOne 第 1 次 等待 3 秒
2021-07-22 01:17:45 查询号码 【1809418】，返回信息 {"status":"bad","msg":""}
2021-07-22 01:17:45 查询号码 【1809418】，GSD为【""】
2021-07-22 01:17:45 bad
2021-07-22 01:17:46 CHB 1809418?1626887865 第 1 次 等待 3 秒
2021-07-22 01:17:49 CHB 1809418?1626887865 第 1 次 未获取到 等待 22 秒 下次操作: 2021-07-22 01:18:11
2021-07-22 01:18:11 CHB 1809418?1626887891 第 2 次 等待 3 秒
2021-07-22 01:18:14 CHB 1809418?1626887891 第 2 次 未获取到 等待 13 秒 下次操作: 2021-07-22 01:18:27
2021-07-22 01:18:28 CHB 1809418?1626887907 第 3 次 等待 3 秒
2021-07-22 01:18:31 CHB 1809418?1626887907 第 3 次 跳过号码【1809418】
2021-07-22 01:18:31 未获取到号码【1809418】源码
2021-07-22 01:18:31 获取到号码【1809418】的GSD为【-】
2021-07-22 01:18:33 GSD insert 第 1 次 等待 3 秒
2021-07-22 01:18:36 {"status":"ok","gid":350624,"msg":"添加成功！"}
2021-07-22 01:18:36 下次操作: 2021-07-22 01:18:55

2021-07-22 01:18:55 开始第 12 次操作

2021-07-22 01:18:55 开始操作号码 【1809419】
2021-07-22 01:18:58 GSD getOne 第 1 次 等待 3 秒
2021-07-22 01:19:01 查询号码 【1809419】，返回信息 {"status":"bad","msg":""}
2021-07-22 01:19:01 查询号码 【1809419】，GSD为【""】
2021-07-22 01:19:01 bad
2021-07-22 01:19:02 CHB 1809419?1626887941 第 1 次 等待 3 秒
2021-07-22 01:19:05 CHB 1809419?1626887941 第 1 次 未获取到 等待 17 秒 下次操作: 2021-07-22 01:19:22
2021-07-22 01:19:22 CHB 1809419?1626887962 第 2 次 等待 3 秒
2021-07-22 01:19:25 CHB 1809419?1626887962 第 2 次 未获取到 等待 13 秒 下次操作: 2021-07-22 01:19:38
2021-07-22 01:19:42 CHB 1809419?1626887978 第 3 次 等待 3 秒
2021-07-22 01:19:45 CHB 1809419?1626887978 第 3 次 跳过号码【1809419】
2021-07-22 01:19:45 未获取到号码【1809419】源码
2021-07-22 01:19:45 获取到号码【1809419】的GSD为【-】
2021-07-22 01:19:47 GSD insert 第 1 次 等待 3 秒
2021-07-22 01:19:50 {"status":"ok","gid":350634,"msg":"添加成功！"}
2021-07-22 01:19:50 下次操作: 2021-07-22 01:20:04

2021-07-22 01:20:04 开始第 13 次操作

2021-07-22 01:20:04 开始操作号码 【1809420】
2021-07-22 01:20:07 GSD getOne 第 1 次 等待 3 秒
2021-07-22 01:20:10 查询号码 【1809420】，返回信息 {"status":"bad","msg":""}
2021-07-22 01:20:10 查询号码 【1809420】，GSD为【""】
2021-07-22 01:20:10 bad
2021-07-22 01:20:11 CHB 1809420?1626888010 第 1 次 等待 3 秒
2021-07-22 01:20:14 CHB 1809420?1626888010 第 1 次 未获取到 等待 19 秒 下次操作: 2021-07-22 01:20:33
2021-07-22 01:20:33 CHB 1809420?1626888033 第 2 次 等待 3 秒
2021-07-22 01:20:36 CHB 1809420?1626888033 第 2 次 未获取到 等待 22 秒 下次操作: 2021-07-22 01:20:58
2021-07-22 01:20:59 CHB 1809420?1626888058 第 3 次 等待 3 秒
2021-07-22 01:21:02 CHB 1809420?1626888058 第 3 次 跳过号码【1809420】
2021-07-22 01:21:02 未获取到号码【1809420】源码
2021-07-22 01:21:02 获取到号码【1809420】的GSD为【-】
2021-07-22 01:21:04 GSD insert 第 1 次 等待 3 秒
2021-07-22 01:21:07 {"status":"ok","gid":350650,"msg":"添加成功！"}
2021-07-22 01:21:07 下次操作: 2021-07-22 01:21:19

2021-07-22 01:21:19 开始第 14 次操作

2021-07-22 01:21:19 开始操作号码 【1809421】
2021-07-22 01:21:22 GSD getOne 第 1 次 等待 3 秒
2021-07-22 01:21:25 查询号码 【1809421】，返回信息 {"status":"bad","msg":""}
2021-07-22 01:21:25 查询号码 【1809421】，GSD为【""】
2021-07-22 01:21:25 bad
2021-07-22 01:21:25 CHB 1809421?1626888085 第 1 次 等待 3 秒
2021-07-22 01:21:28 CHB 1809421?1626888085 第 1 次 未获取到 等待 13 秒 下次操作: 2021-07-22 01:21:41
2021-07-22 01:21:42 CHB 1809421?1626888101 第 2 次 等待 3 秒
2021-07-22 01:21:45 CHB 1809421?1626888101 第 2 次 未获取到 等待 22 秒 下次操作: 2021-07-22 01:22:07
2021-07-22 01:22:08 CHB 1809421?1626888127 第 3 次 等待 3 秒
2021-07-22 01:22:11 CHB 1809421?1626888127 第 3 次 跳过号码【1809421】
2021-07-22 01:22:11 未获取到号码【1809421】源码
2021-07-22 01:22:11 获取到号码【1809421】的GSD为【-】
2021-07-22 01:22:13 GSD insert 第 1 次 等待 3 秒
2021-07-22 01:22:16 {"status":"ok","gid":350661,"msg":"添加成功！"}
2021-07-22 01:22:16 下次操作: 2021-07-22 01:22:39

2021-07-22 01:22:39 开始第 15 次操作

2021-07-22 01:22:39 开始操作号码 【1809422】
2021-07-22 01:22:42 GSD getOne 第 1 次 等待 3 秒
2021-07-22 01:22:45 查询号码 【1809422】，返回信息 {"status":"bad","msg":""}
2021-07-22 01:22:45 查询号码 【1809422】，GSD为【""】
2021-07-22 01:22:45 bad
2021-07-22 01:22:45 CHB 1809422?1626888165 第 1 次 等待 3 秒
2021-07-22 01:22:48 CHB 1809422?1626888165 第 1 次 未获取到 等待 24 秒 下次操作: 2021-07-22 01:23:12
2021-07-22 01:23:13 CHB 1809422?1626888192 第 2 次 等待 3 秒
2021-07-22 01:23:16 CHB 1809422?1626888192 第 2 次 未获取到 等待 13 秒 下次操作: 2021-07-22 01:23:29
2021-07-22 01:23:30 CHB 1809422?1626888209 第 3 次 等待 3 秒
2021-07-22 01:23:33 CHB 1809422?1626888209 第 3 次 跳过号码【1809422】
2021-07-22 01:23:33 未获取到号码【1809422】源码
2021-07-22 01:23:33 获取到号码【1809422】的GSD为【-】
2021-07-22 01:24:03 GSD insert 第 1 次 等待 3 秒
2021-07-22 01:24:06 {"status":"ok","gid":350674,"msg":"添加成功！"}
2021-07-22 01:24:06 下次操作: 2021-07-22 01:24:20

2021-07-22 01:24:20 开始第 16 次操作

2021-07-22 01:24:20 开始操作号码 【1809423】
2021-07-22 01:24:22 GSD getOne 第 1 次 等待 3 秒
2021-07-22 01:24:25 查询号码 【1809423】，返回信息 {"status":"bad","msg":""}
2021-07-22 01:24:25 查询号码 【1809423】，GSD为【""】
2021-07-22 01:24:25 bad
2021-07-22 01:24:26 CHB 1809423?1626888265 第 1 次 等待 3 秒
2021-07-22 01:24:29 CHB 1809423?1626888265 第 1 次 未获取到 等待 24 秒 下次操作: 2021-07-22 01:24:53
2021-07-22 01:24:53 CHB 1809423?1626888293 第 2 次 等待 3 秒
2021-07-22 01:24:56 CHB 1809423?1626888293 第 2 次 未获取到 等待 17 秒 下次操作: 2021-07-22 01:25:13
2021-07-22 01:25:14 CHB 1809423?1626888313 第 3 次 等待 3 秒
2021-07-22 01:25:17 CHB 1809423?1626888313 第 3 次 跳过号码【1809423】
2021-07-22 01:25:17 未获取到号码【1809423】源码
2021-07-22 01:25:17 获取到号码【1809423】的GSD为【-】
2021-07-22 01:25:25 GSD insert 第 1 次 等待 3 秒
2021-07-22 01:25:28 {"status":"ok","gid":350685,"msg":"添加成功！"}
2021-07-22 01:25:28 下次操作: 2021-07-22 01:25:47

2021-07-22 01:25:47 开始第 17 次操作

2021-07-22 01:25:47 开始操作号码 【1809424】
2021-07-22 01:25:49 GSD getOne 第 1 次 等待 3 秒
2021-07-22 01:25:52 查询号码 【1809424】，返回信息 {"status":"bad","msg":""}
2021-07-22 01:25:52 查询号码 【1809424】，GSD为【""】
2021-07-22 01:25:52 bad
2021-07-22 01:25:53 CHB 1809424?1626888352 第 1 次 等待 3 秒
2021-07-22 01:25:56 CHB 1809424?1626888352 第 1 次 未获取到 等待 12 秒 下次操作: 2021-07-22 01:26:08
2021-07-22 01:26:09 CHB 1809424?1626888368 第 2 次 等待 3 秒
2021-07-22 01:26:12 CHB 1809424?1626888368 第 2 次 获取到号码【1809424】GSD
2021-07-22 01:26:12 获取到号码【1809424】的GSD为【江苏-南京】
2021-07-22 01:26:15 GSD insert 第 1 次 等待 3 秒
2021-07-22 01:26:18 {"status":"ok","gid":350692,"msg":"添加成功！"}
2021-07-22 01:26:18 下次操作: 2021-07-22 01:26:37

2021-07-22 01:26:37 开始第 18 次操作

2021-07-22 01:26:37 开始操作号码 【1809425】
2021-07-22 01:26:43 GSD getOne 第 1 次 等待 3 秒
2021-07-22 01:26:46 查询号码 【1809425】，返回信息 {"status":"bad","msg":""}
2021-07-22 01:26:46 查询号码 【1809425】，GSD为【""】
2021-07-22 01:26:46 bad
2021-07-22 01:26:46 CHB 1809425?1626888406 第 1 次 等待 3 秒
2021-07-22 01:26:49 CHB 1809425?1626888406 第 1 次 未获取到 等待 13 秒 下次操作: 2021-07-22 01:27:02
2021-07-22 01:27:03 CHB 1809425?1626888422 第 2 次 等待 3 秒
2021-07-22 01:27:06 CHB 1809425?1626888422 第 2 次 未获取到 等待 23 秒 下次操作: 2021-07-22 01:27:29
2021-07-22 01:27:30 CHB 1809425?1626888449 第 3 次 等待 3 秒
2021-07-22 01:27:33 CHB 1809425?1626888449 第 3 次 跳过号码【1809425】
2021-07-22 01:27:33 未获取到号码【1809425】源码
2021-07-22 01:27:33 获取到号码【1809425】的GSD为【-】
2021-07-22 01:27:35 GSD insert 第 1 次 等待 3 秒
2021-07-22 01:27:38 {"status":"ok","gid":350706,"msg":"添加成功！"}
2021-07-22 01:27:38 下次操作: 2021-07-22 01:27:52

2021-07-22 01:27:52 开始第 19 次操作

2021-07-22 01:27:52 开始操作号码 【1809426】
2021-07-22 01:27:55 GSD getOne 第 1 次 等待 3 秒
2021-07-22 01:27:58 查询号码 【1809426】，返回信息 {"status":"bad","msg":""}
2021-07-22 01:27:58 查询号码 【1809426】，GSD为【""】
2021-07-22 01:27:58 bad
2021-07-22 01:27:59 CHB 1809426?1626888478 第 1 次 等待 3 秒
2021-07-22 01:28:02 CHB 1809426?1626888478 第 1 次 未获取到 等待 13 秒 下次操作: 2021-07-22 01:28:15
2021-07-22 01:28:15 CHB 1809426?1626888495 第 2 次 等待 3 秒
2021-07-22 01:28:18 CHB 1809426?1626888495 第 2 次 未获取到 等待 15 秒 下次操作: 2021-07-22 01:28:33
2021-07-22 01:28:34 CHB 1809426?1626888513 第 3 次 等待 3 秒
2021-07-22 01:28:37 CHB 1809426?1626888513 第 3 次 跳过号码【1809426】
2021-07-22 01:28:37 未获取到号码【1809426】源码
2021-07-22 01:28:37 获取到号码【1809426】的GSD为【-】
2021-07-22 01:28:40 GSD insert 第 1 次 等待 3 秒
2021-07-22 01:28:43 {"status":"ok","gid":350712,"msg":"添加成功！"}
2021-07-22 01:28:43 下次操作: 2021-07-22 01:29:04

2021-07-22 01:29:04 开始第 20 次操作

2021-07-22 01:29:04 开始操作号码 【1809427】
2021-07-22 01:29:31 GSD getOne 第 1 次 等待 3 秒
2021-07-22 01:29:34 查询号码 【1809427】，返回信息 {"status":"ok","msg":"江苏-苏州","gid":"50404","time_insert":"2021-04-21 16:34"}
2021-07-22 01:29:34 查询号码 【1809427】，GSD为【"江苏-苏州"】

2021-07-22 01:29:34 开始第 20 次操作

2021-07-22 01:29:34 开始操作号码 【1809428】
2021-07-22 01:29:36 GSD getOne 第 1 次 等待 3 秒
2021-07-22 01:29:39 查询号码 【1809428】，返回信息 {"status":"bad","msg":""}
2021-07-22 01:29:39 查询号码 【1809428】，GSD为【""】
2021-07-22 01:29:39 bad
2021-07-22 01:29:40 CHB 1809428?1626888579 第 1 次 等待 3 秒
2021-07-22 01:29:43 CHB 1809428?1626888579 第 1 次 未获取到 等待 17 秒 下次操作: 2021-07-22 01:30:00
2021-07-22 01:30:00 CHB 1809428?1626888600 第 2 次 等待 3 秒
2021-07-22 01:30:03 CHB 1809428?1626888600 第 2 次 未获取到 等待 22 秒 下次操作: 2021-07-22 01:30:25
2021-07-22 01:30:26 CHB 1809428?1626888625 第 3 次 等待 3 秒
2021-07-22 01:30:29 CHB 1809428?1626888625 第 3 次 跳过号码【1809428】
2021-07-22 01:30:29 未获取到号码【1809428】源码
2021-07-22 01:30:29 获取到号码【1809428】的GSD为【-】
2021-07-22 01:30:31 GSD insert 第 1 次 等待 3 秒
2021-07-22 01:30:34 {"status":"ok","gid":350726,"msg":"添加成功！"}
2021-07-22 01:30:34 下次操作: 2021-07-22 01:30:55

2021-07-22 01:30:55 开始第 21 次操作

2021-07-22 01:30:55 开始操作号码 【1809429】
2021-07-22 01:30:58 GSD getOne 第 1 次 等待 3 秒
2021-07-22 01:31:01 查询号码 【1809429】，返回信息 {"status":"bad","msg":""}
2021-07-22 01:31:01 查询号码 【1809429】，GSD为【""】
2021-07-22 01:31:01 bad
2021-07-22 01:31:01 CHB 1809429?1626888661 第 1 次 等待 3 秒
2021-07-22 01:31:04 CHB 1809429?1626888661 第 1 次 未获取到 等待 24 秒 下次操作: 2021-07-22 01:31:28
2021-07-22 01:31:29 CHB 1809429?1626888688 第 2 次 等待 3 秒
2021-07-22 01:31:32 CHB 1809429?1626888688 第 2 次 未获取到 等待 15 秒 下次操作: 2021-07-22 01:31:47
2021-07-22 01:31:47 CHB 1809429?1626888707 第 3 次 等待 3 秒
2021-07-22 01:31:50 CHB 1809429?1626888707 第 3 次 跳过号码【1809429】
2021-07-22 01:31:50 未获取到号码【1809429】源码
2021-07-22 01:31:50 获取到号码【1809429】的GSD为【-】
2021-07-22 01:31:53 GSD insert 第 1 次 等待 3 秒
2021-07-22 01:31:56 {"status":"ok","gid":350734,"msg":"添加成功！"}
2021-07-22 01:31:56 下次操作: 2021-07-22 01:32:19

2021-07-22 01:32:19 开始第 22 次操作

2021-07-22 01:32:19 开始操作号码 【1809430】
2021-07-22 01:32:21 GSD getOne 第 1 次 等待 3 秒
2021-07-22 01:32:24 查询号码 【1809430】，返回信息 {"status":"bad","msg":""}
2021-07-22 01:32:24 查询号码 【1809430】，GSD为【""】
2021-07-22 01:32:24 bad
2021-07-22 01:32:25 CHB 1809430?1626888744 第 1 次 等待 3 秒
2021-07-22 01:32:28 CHB 1809430?1626888744 第 1 次 未获取到 等待 15 秒 下次操作: 2021-07-22 01:32:43
2021-07-22 01:32:43 CHB 1809430?1626888763 第 2 次 等待 3 秒
2021-07-22 01:32:46 CHB 1809430?1626888763 第 2 次 未获取到 等待 14 秒 下次操作: 2021-07-22 01:33:00
2021-07-22 01:33:01 CHB 1809430?1626888780 第 3 次 等待 3 秒
2021-07-22 01:33:04 CHB 1809430?1626888780 第 3 次 跳过号码【1809430】
2021-07-22 01:33:04 未获取到号码【1809430】源码
2021-07-22 01:33:04 获取到号码【1809430】的GSD为【-】
2021-07-22 01:33:06 GSD insert 第 1 次 等待 3 秒
2021-07-22 01:33:09 {"status":"ok","gid":350742,"msg":"添加成功！"}
2021-07-22 01:33:09 下次操作: 2021-07-22 01:33:30

2021-07-22 01:33:30 开始第 23 次操作

2021-07-22 01:33:30 开始操作号码 【1809431】
2021-07-22 01:33:33 GSD getOne 第 1 次 等待 3 秒
2021-07-22 01:33:36 查询号码 【1809431】，返回信息 {"status":"bad","msg":""}
2021-07-22 01:33:36 查询号码 【1809431】，GSD为【""】
2021-07-22 01:33:36 bad
2021-07-22 01:33:36 CHB 1809431?1626888816 第 1 次 等待 3 秒
2021-07-22 01:33:39 CHB 1809431?1626888816 第 1 次 未获取到 等待 19 秒 下次操作: 2021-07-22 01:33:58
2021-07-22 01:33:59 CHB 1809431?1626888838 第 2 次 等待 3 秒
2021-07-22 01:34:02 CHB 1809431?1626888838 第 2 次 未获取到 等待 16 秒 下次操作: 2021-07-22 01:34:18
2021-07-22 01:34:18 CHB 1809431?1626888858 第 3 次 等待 3 秒
2021-07-22 01:34:21 CHB 1809431?1626888858 第 3 次 跳过号码【1809431】
2021-07-22 01:34:21 未获取到号码【1809431】源码
2021-07-22 01:34:21 获取到号码【1809431】的GSD为【-】
2021-07-22 01:34:24 GSD insert 第 1 次 等待 3 秒
2021-07-22 01:34:27 {"status":"ok","gid":350748,"msg":"添加成功！"}
2021-07-22 01:34:27 下次操作: 2021-07-22 01:34:45

2021-07-22 01:34:45 开始第 24 次操作

2021-07-22 01:34:45 开始操作号码 【1809432】
2021-07-22 01:34:48 GSD getOne 第 1 次 等待 3 秒
2021-07-22 01:34:51 查询号码 【1809432】，返回信息 {"status":"bad","msg":""}
2021-07-22 01:34:51 查询号码 【1809432】，GSD为【""】
2021-07-22 01:34:51 bad
2021-07-22 01:34:52 CHB 1809432?1626888891 第 1 次 等待 3 秒
2021-07-22 01:34:55 CHB 1809432?1626888891 第 1 次 未获取到 等待 22 秒 下次操作: 2021-07-22 01:35:17
2021-07-22 01:35:17 CHB 1809432?1626888917 第 2 次 等待 3 秒
2021-07-22 01:35:20 CHB 1809432?1626888917 第 2 次 未获取到 等待 24 秒 下次操作: 2021-07-22 01:35:44
2021-07-22 01:35:45 CHB 1809432?1626888944 第 3 次 等待 3 秒
2021-07-22 01:35:48 CHB 1809432?1626888944 第 3 次 跳过号码【1809432】
2021-07-22 01:35:48 未获取到号码【1809432】源码
2021-07-22 01:35:48 获取到号码【1809432】的GSD为【-】
2021-07-22 01:35:50 GSD insert 第 1 次 等待 3 秒
2021-07-22 01:35:53 {"status":"ok","gid":350757,"msg":"添加成功！"}
2021-07-22 01:35:53 下次操作: 2021-07-22 01:36:17

2021-07-22 01:36:17 开始第 25 次操作

2021-07-22 01:36:17 开始操作号码 【1809433】
2021-07-22 01:36:20 GSD getOne 第 1 次 等待 3 秒
2021-07-22 01:36:23 查询号码 【1809433】，返回信息 {"status":"bad","msg":""}
2021-07-22 01:36:23 查询号码 【1809433】，GSD为【""】
2021-07-22 01:36:23 bad
2021-07-22 01:36:23 CHB 1809433?1626888983 第 1 次 等待 3 秒
2021-07-22 01:36:26 CHB 1809433?1626888983 第 1 次 未获取到 等待 20 秒 下次操作: 2021-07-22 01:36:46
2021-07-22 01:36:47 CHB 1809433?1626889006 第 2 次 等待 3 秒
2021-07-22 01:36:50 CHB 1809433?1626889006 第 2 次 未获取到 等待 18 秒 下次操作: 2021-07-22 01:37:08
2021-07-22 01:37:08 CHB 1809433?1626889028 第 3 次 等待 3 秒
2021-07-22 01:37:11 CHB 1809433?1626889028 第 3 次 跳过号码【1809433】
2021-07-22 01:37:11 未获取到号码【1809433】源码
2021-07-22 01:37:11 获取到号码【1809433】的GSD为【-】
2021-07-22 01:37:14 GSD insert 第 1 次 等待 3 秒
2021-07-22 01:37:17 {"status":"ok","gid":350761,"msg":"添加成功！"}
2021-07-22 01:37:17 下次操作: 2021-07-22 01:37:32

2021-07-22 01:37:32 开始第 26 次操作

2021-07-22 01:37:32 开始操作号码 【1809434】
2021-07-22 01:37:34 GSD getOne 第 1 次 等待 3 秒
2021-07-22 01:37:37 查询号码 【1809434】，返回信息 {"status":"bad","msg":""}
2021-07-22 01:37:37 查询号码 【1809434】，GSD为【""】
2021-07-22 01:37:37 bad
2021-07-22 01:37:38 CHB 1809434?1626889057 第 1 次 等待 3 秒
2021-07-22 01:37:41 CHB 1809434?1626889057 第 1 次 未获取到 等待 14 秒 下次操作: 2021-07-22 01:37:55
2021-07-22 01:37:55 CHB 1809434?1626889075 第 2 次 等待 3 秒
2021-07-22 01:37:58 CHB 1809434?1626889075 第 2 次 未获取到 等待 12 秒 下次操作: 2021-07-22 01:38:10
2021-07-22 01:38:12 CHB 1809434?1626889090 第 3 次 等待 3 秒
2021-07-22 01:38:15 CHB 1809434?1626889090 第 3 次 获取到号码【1809434】GSD
2021-07-22 01:38:15 获取到号码【1809434】的GSD为【江苏-盐城】
2021-07-22 01:38:35 GSD insert 第 1 次 等待 3 秒
2021-07-22 01:38:38 {"status":"ok","gid":350768,"msg":"添加成功！"}
2021-07-22 01:38:38 下次操作: 2021-07-22 01:38:51

2021-07-22 01:38:51 开始第 27 次操作

2021-07-22 01:38:51 开始操作号码 【1809435】
2021-07-22 01:38:53 GSD getOne 第 1 次 等待 3 秒
2021-07-22 01:38:56 查询号码 【1809435】，返回信息 {"status":"bad","msg":""}
2021-07-22 01:38:56 查询号码 【1809435】，GSD为【""】
2021-07-22 01:38:56 bad
2021-07-22 01:38:57 CHB 1809435?1626889136 第 1 次 等待 3 秒
2021-07-22 01:39:00 CHB 1809435?1626889136 第 1 次 未获取到 等待 12 秒 下次操作: 2021-07-22 01:39:12
2021-07-22 01:39:13 CHB 1809435?1626889152 第 2 次 等待 3 秒
2021-07-22 01:39:16 CHB 1809435?1626889152 第 2 次 获取到号码【1809435】GSD
2021-07-22 01:39:16 获取到号码【1809435】的GSD为【江苏-南通】
2021-07-22 01:39:19 GSD insert 第 1 次 等待 3 秒
2021-07-22 01:39:22 {"status":"ok","gid":350772,"msg":"添加成功！"}
2021-07-22 01:39:22 下次操作: 2021-07-22 01:39:43

2021-07-22 01:39:43 开始第 28 次操作

2021-07-22 01:39:43 开始操作号码 【1809436】
2021-07-22 01:39:45 GSD getOne 第 1 次 等待 3 秒
2021-07-22 01:39:48 查询号码 【1809436】，返回信息 {"status":"bad","msg":""}
2021-07-22 01:39:48 查询号码 【1809436】，GSD为【""】
2021-07-22 01:39:48 bad
2021-07-22 01:39:49 CHB 1809436?1626889188 第 1 次 等待 3 秒
2021-07-22 01:39:52 CHB 1809436?1626889188 第 1 次 未获取到 等待 22 秒 下次操作: 2021-07-22 01:40:14
2021-07-22 01:40:14 CHB 1809436?1626889214 第 2 次 等待 3 秒
2021-07-22 01:40:17 CHB 1809436?1626889214 第 2 次 未获取到 等待 12 秒 下次操作: 2021-07-22 01:40:29
2021-07-22 01:40:31 CHB 1809436?1626889229 第 3 次 等待 3 秒
2021-07-22 01:40:34 CHB 1809436?1626889229 第 3 次 获取到号码【1809436】GSD
2021-07-22 01:40:34 获取到号码【1809436】的GSD为【江苏-南通】
2021-07-22 01:40:36 GSD insert 第 1 次 等待 3 秒
2021-07-22 01:40:39 {"status":"ok","gid":350777,"msg":"添加成功！"}
2021-07-22 01:40:39 下次操作: 2021-07-22 01:40:52

2021-07-22 01:40:52 开始第 29 次操作

2021-07-22 01:40:52 开始操作号码 【1809437】
2021-07-22 01:40:55 GSD getOne 第 1 次 等待 3 秒
2021-07-22 01:40:58 查询号码 【1809437】，返回信息 {"status":"bad","msg":""}
2021-07-22 01:40:58 查询号码 【1809437】，GSD为【""】
2021-07-22 01:40:58 bad
2021-07-22 01:40:58 CHB 1809437?1626889258 第 1 次 等待 3 秒
2021-07-22 01:41:01 CHB 1809437?1626889258 第 1 次 未获取到 等待 12 秒 下次操作: 2021-07-22 01:41:13
2021-07-22 01:41:15 CHB 1809437?1626889273 第 2 次 等待 3 秒
2021-07-22 01:41:18 CHB 1809437?1626889273 第 2 次 获取到号码【1809437】GSD
2021-07-22 01:41:18 获取到号码【1809437】的GSD为【江苏-南通】
2021-07-22 01:41:20 GSD insert 第 1 次 等待 3 秒
2021-07-22 01:41:23 {"status":"ok","gid":350781,"msg":"添加成功！"}
2021-07-22 01:41:23 下次操作: 2021-07-22 01:41:40

2021-07-22 01:41:40 开始第 30 次操作

2021-07-22 01:41:40 开始操作号码 【1809438】
2021-07-22 01:41:43 GSD getOne 第 1 次 等待 3 秒
2021-07-22 01:41:46 查询号码 【1809438】，返回信息 {"status":"bad","msg":""}
2021-07-22 01:41:46 查询号码 【1809438】，GSD为【""】
2021-07-22 01:41:46 bad
2021-07-22 01:41:46 CHB 1809438?1626889306 第 1 次 等待 3 秒
2021-07-22 01:41:49 CHB 1809438?1626889306 第 1 次 未获取到 等待 18 秒 下次操作: 2021-07-22 01:42:07
2021-07-22 01:42:08 CHB 1809438?1626889327 第 2 次 等待 3 秒
2021-07-22 01:42:11 CHB 1809438?1626889327 第 2 次 未获取到 等待 17 秒 下次操作: 2021-07-22 01:42:28
2021-07-22 01:42:29 CHB 1809438?1626889348 第 3 次 等待 3 秒
2021-07-22 01:42:32 CHB 1809438?1626889348 第 3 次 跳过号码【1809438】
2021-07-22 01:42:32 未获取到号码【1809438】源码
2021-07-22 01:42:32 获取到号码【1809438】的GSD为【-】
2021-07-22 01:42:53 GSD insert 第 1 次 等待 3 秒
2021-07-22 01:42:56 {"status":"ok","gid":350792,"msg":"添加成功！"}
2021-07-22 01:42:56 下次操作: 2021-07-22 01:43:14

2021-07-22 01:43:14 开始第 31 次操作

2021-07-22 01:43:14 开始操作号码 【1809439】
2021-07-22 01:43:17 GSD getOne 第 1 次 等待 3 秒
2021-07-22 01:43:20 查询号码 【1809439】，返回信息 {"status":"bad","msg":""}
2021-07-22 01:43:20 查询号码 【1809439】，GSD为【""】
2021-07-22 01:43:20 bad
2021-07-22 01:43:21 CHB 1809439?1626889400 第 1 次 等待 3 秒
2021-07-22 01:43:24 CHB 1809439?1626889400 第 1 次 未获取到 等待 22 秒 下次操作: 2021-07-22 01:43:46
2021-07-22 01:43:46 CHB 1809439?1626889426 第 2 次 等待 3 秒
2021-07-22 01:43:49 CHB 1809439?1626889426 第 2 次 未获取到 等待 24 秒 下次操作: 2021-07-22 01:44:13
2021-07-22 01:44:14 CHB 1809439?1626889453 第 3 次 等待 3 秒
2021-07-22 01:44:17 CHB 1809439?1626889453 第 3 次 跳过号码【1809439】
2021-07-22 01:44:17 未获取到号码【1809439】源码
2021-07-22 01:44:17 获取到号码【1809439】的GSD为【-】
2021-07-22 01:45:21 GSD insert 第 1 次 等待 3 秒
2021-07-22 01:45:24 {"status":"ok","gid":350803,"msg":"添加成功！"}
2021-07-22 01:45:24 下次操作: 2021-07-22 01:45:40

2021-07-22 01:45:40 开始第 32 次操作

2021-07-22 01:45:40 开始操作号码 【1809440】
2021-07-22 01:45:42 GSD getOne 第 1 次 等待 3 秒
2021-07-22 01:45:45 查询号码 【1809440】，返回信息 {"status":"bad","msg":""}
2021-07-22 01:45:45 查询号码 【1809440】，GSD为【""】
2021-07-22 01:45:45 bad
2021-07-22 01:45:46 CHB 1809440?1626889545 第 1 次 等待 3 秒
2021-07-22 01:45:49 CHB 1809440?1626889545 第 1 次 未获取到 等待 13 秒 下次操作: 2021-07-22 01:46:02
2021-07-22 01:46:02 CHB 1809440?1626889562 第 2 次 等待 3 秒
2021-07-22 01:46:05 CHB 1809440?1626889562 第 2 次 未获取到 等待 12 秒 下次操作: 2021-07-22 01:46:17
2021-07-22 01:46:19 CHB 1809440?1626889577 第 3 次 等待 3 秒
2021-07-22 01:46:22 CHB 1809440?1626889577 第 3 次 获取到号码【1809440】GSD
2021-07-22 01:46:22 获取到号码【1809440】的GSD为【江苏-常州】
2021-07-22 01:46:24 GSD insert 第 1 次 等待 3 秒
2021-07-22 01:46:27 {"status":"ok","gid":350810,"msg":"添加成功！"}
2021-07-22 01:46:27 下次操作: 2021-07-22 01:46:48

2021-07-22 01:46:48 开始第 33 次操作

2021-07-22 01:46:48 开始操作号码 【1809441】
2021-07-22 01:46:52 GSD getOne 第 1 次 等待 3 秒
2021-07-22 01:46:55 查询号码 【1809441】，返回信息 {"status":"bad","msg":""}
2021-07-22 01:46:56 查询号码 【1809441】，GSD为【""】
2021-07-22 01:46:56 bad
2021-07-22 01:46:56 CHB 1809441?1626889616 第 1 次 等待 3 秒
2021-07-22 01:46:59 CHB 1809441?1626889616 第 1 次 未获取到 等待 17 秒 下次操作: 2021-07-22 01:47:16
2021-07-22 01:47:16 CHB 1809441?1626889636 第 2 次 等待 3 秒
2021-07-22 01:47:19 CHB 1809441?1626889636 第 2 次 未获取到 等待 16 秒 下次操作: 2021-07-22 01:47:35
2021-07-22 01:47:36 CHB 1809441?1626889655 第 3 次 等待 3 秒
2021-07-22 01:47:39 CHB 1809441?1626889655 第 3 次 跳过号码【1809441】
2021-07-22 01:47:39 未获取到号码【1809441】源码
2021-07-22 01:47:39 获取到号码【1809441】的GSD为【-】
2021-07-22 01:47:41 GSD insert 第 1 次 等待 3 秒
2021-07-22 01:47:44 {"status":"ok","gid":350821,"msg":"添加成功！"}
2021-07-22 01:47:44 下次操作: 2021-07-22 01:47:59

2021-07-22 01:47:59 开始第 34 次操作

2021-07-22 01:47:59 开始操作号码 【1809442】
2021-07-22 01:48:02 GSD getOne 第 1 次 等待 3 秒
2021-07-22 01:48:05 查询号码 【1809442】，返回信息 {"status":"bad","msg":""}
2021-07-22 01:48:05 查询号码 【1809442】，GSD为【""】
2021-07-22 01:48:05 bad
2021-07-22 01:48:06 CHB 1809442?1626889685 第 1 次 等待 3 秒
2021-07-22 01:48:09 CHB 1809442?1626889685 第 1 次 未获取到 等待 13 秒 下次操作: 2021-07-22 01:48:22
2021-07-22 01:48:22 CHB 1809442?1626889702 第 2 次 等待 3 秒
2021-07-22 01:48:25 CHB 1809442?1626889702 第 2 次 未获取到 等待 16 秒 下次操作: 2021-07-22 01:48:41
2021-07-22 01:48:41 CHB 1809442?1626889721 第 3 次 等待 3 秒
2021-07-22 01:48:45 CHB 1809442?1626889721 第 3 次 跳过号码【1809442】
2021-07-22 01:48:45 未获取到号码【1809442】源码
2021-07-22 01:48:45 获取到号码【1809442】的GSD为【-】
2021-07-22 01:48:47 GSD insert 第 1 次 等待 3 秒
2021-07-22 01:48:50 {"status":"ok","gid":350833,"msg":"添加成功！"}
2021-07-22 01:48:50 下次操作: 2021-07-22 01:49:02

2021-07-22 01:49:02 开始第 35 次操作

2021-07-22 01:49:02 开始操作号码 【1809443】
2021-07-22 01:49:05 GSD getOne 第 1 次 等待 3 秒
2021-07-22 01:49:08 查询号码 【1809443】，返回信息 {"status":"bad","msg":""}
2021-07-22 01:49:08 查询号码 【1809443】，GSD为【""】
2021-07-22 01:49:08 bad
2021-07-22 01:49:08 CHB 1809443?1626889748 第 1 次 等待 3 秒
2021-07-22 01:49:11 CHB 1809443?1626889748 第 1 次 未获取到 等待 17 秒 下次操作: 2021-07-22 01:49:28
2021-07-22 01:49:29 CHB 1809443?1626889768 第 2 次 等待 3 秒
2021-07-22 01:49:32 CHB 1809443?1626889768 第 2 次 未获取到 等待 17 秒 下次操作: 2021-07-22 01:49:49
2021-07-22 01:49:49 CHB 1809443?1626889789 第 3 次 等待 3 秒
2021-07-22 01:49:52 CHB 1809443?1626889789 第 3 次 跳过号码【1809443】
2021-07-22 01:49:52 未获取到号码【1809443】源码
2021-07-22 01:49:52 获取到号码【1809443】的GSD为【-】
2021-07-22 01:50:10 GSD insert 第 1 次 等待 3 秒
2021-07-22 01:50:13 {"status":"ok","gid":350845,"msg":"添加成功！"}
2021-07-22 01:50:13 下次操作: 2021-07-22 01:50:36

2021-07-22 01:50:36 开始第 36 次操作

2021-07-22 01:50:36 开始操作号码 【1809444】
2021-07-22 01:50:39 GSD getOne 第 1 次 等待 3 秒
2021-07-22 01:50:42 查询号码 【1809444】，返回信息 {"status":"bad","msg":""}
2021-07-22 01:50:42 查询号码 【1809444】，GSD为【""】
2021-07-22 01:50:42 bad
2021-07-22 01:50:42 CHB 1809444?1626889842 第 1 次 等待 3 秒
2021-07-22 01:50:45 CHB 1809444?1626889842 第 1 次 未获取到 等待 12 秒 下次操作: 2021-07-22 01:50:57
2021-07-22 01:50:58 CHB 1809444?1626889857 第 2 次 等待 3 秒
2021-07-22 01:51:01 CHB 1809444?1626889857 第 2 次 获取到号码【1809444】GSD
2021-07-22 01:51:01 获取到号码【1809444】的GSD为【江苏-常州】
2021-07-22 01:51:05 GSD insert 第 1 次 等待 3 秒
2021-07-22 01:51:08 {"status":"ok","gid":350855,"msg":"添加成功！"}
2021-07-22 01:51:08 下次操作: 2021-07-22 01:51:29

2021-07-22 01:51:29 开始第 37 次操作

2021-07-22 01:51:29 开始操作号码 【1809445】
2021-07-22 01:51:31 GSD getOne 第 1 次 等待 3 秒
2021-07-22 01:51:34 查询号码 【1809445】，返回信息 {"status":"bad","msg":""}
2021-07-22 01:51:34 查询号码 【1809445】，GSD为【""】
2021-07-22 01:51:34 bad
2021-07-22 01:51:35 CHB 1809445?1626889894 第 1 次 等待 3 秒
2021-07-22 01:51:38 CHB 1809445?1626889894 第 1 次 未获取到 等待 13 秒 下次操作: 2021-07-22 01:51:51
2021-07-22 01:51:51 CHB 1809445?1626889911 第 2 次 等待 3 秒
2021-07-22 01:51:54 CHB 1809445?1626889911 第 2 次 未获取到 等待 24 秒 下次操作: 2021-07-22 01:52:18
2021-07-22 01:52:19 CHB 1809445?1626889938 第 3 次 等待 3 秒
2021-07-22 01:52:22 CHB 1809445?1626889938 第 3 次 跳过号码【1809445】
2021-07-22 01:52:22 未获取到号码【1809445】源码
2021-07-22 01:52:22 获取到号码【1809445】的GSD为【-】
2021-07-22 01:52:24 GSD insert 第 1 次 等待 3 秒
2021-07-22 01:52:27 {"status":"ok","gid":350866,"msg":"添加成功！"}
2021-07-22 01:52:27 下次操作: 2021-07-22 01:52:47

2021-07-22 01:52:47 开始第 38 次操作

2021-07-22 01:52:47 开始操作号码 【1809446】
2021-07-22 01:52:50 GSD getOne 第 1 次 等待 3 秒
2021-07-22 01:52:53 查询号码 【1809446】，返回信息 {"status":"bad","msg":""}
2021-07-22 01:52:53 查询号码 【1809446】，GSD为【""】
2021-07-22 01:52:53 bad
2021-07-22 01:52:53 CHB 1809446?1626889973 第 1 次 等待 3 秒
2021-07-22 01:52:56 CHB 1809446?1626889973 第 1 次 未获取到 等待 20 秒 下次操作: 2021-07-22 01:53:16
2021-07-22 01:53:17 CHB 1809446?1626889996 第 2 次 等待 3 秒
2021-07-22 01:53:20 CHB 1809446?1626889996 第 2 次 未获取到 等待 21 秒 下次操作: 2021-07-22 01:53:41
2021-07-22 01:53:41 CHB 1809446?1626890021 第 3 次 等待 3 秒
2021-07-22 01:53:44 CHB 1809446?1626890021 第 3 次 跳过号码【1809446】
2021-07-22 01:53:44 未获取到号码【1809446】源码
2021-07-22 01:53:44 获取到号码【1809446】的GSD为【-】
2021-07-22 01:53:47 GSD insert 第 1 次 等待 3 秒
2021-07-22 01:53:50 {"status":"ok","gid":350878,"msg":"添加成功！"}
2021-07-22 01:53:50 下次操作: 2021-07-22 01:54:06

2021-07-22 01:54:06 开始第 39 次操作

2021-07-22 01:54:06 开始操作号码 【1809447】
2021-07-22 01:54:08 GSD getOne 第 1 次 等待 3 秒
2021-07-22 01:54:12 查询号码 【1809447】，返回信息 {"status":"bad","msg":""}
2021-07-22 01:54:12 查询号码 【1809447】，GSD为【""】
2021-07-22 01:54:12 bad
2021-07-22 01:54:12 CHB 1809447?1626890052 第 1 次 等待 3 秒
2021-07-22 01:54:15 CHB 1809447?1626890052 第 1 次 未获取到 等待 14 秒 下次操作: 2021-07-22 01:54:29
2021-07-22 01:54:30 CHB 1809447?1626890069 第 2 次 等待 3 秒
2021-07-22 01:54:33 CHB 1809447?1626890069 第 2 次 未获取到 等待 24 秒 下次操作: 2021-07-22 01:54:57
2021-07-22 01:54:57 CHB 1809447?1626890097 第 3 次 等待 3 秒
2021-07-22 01:55:00 CHB 1809447?1626890097 第 3 次 跳过号码【1809447】
2021-07-22 01:55:00 未获取到号码【1809447】源码
2021-07-22 01:55:00 获取到号码【1809447】的GSD为【-】
2021-07-22 01:55:03 GSD insert 第 1 次 等待 3 秒
2021-07-22 01:55:06 {"status":"ok","gid":350894,"msg":"添加成功！"}
2021-07-22 01:55:06 下次操作: 2021-07-22 01:55:26

2021-07-22 01:55:26 开始第 40 次操作

2021-07-22 01:55:26 开始操作号码 【1809448】
2021-07-22 01:55:33 GSD getOne 第 1 次 等待 3 秒
2021-07-22 01:55:36 查询号码 【1809448】，返回信息 {"status":"bad","msg":""}
2021-07-22 01:55:36 查询号码 【1809448】，GSD为【""】
2021-07-22 01:55:36 bad
2021-07-22 01:55:37 CHB 1809448?1626890136 第 1 次 等待 3 秒
2021-07-22 01:55:40 CHB 1809448?1626890136 第 1 次 未获取到 等待 23 秒 下次操作: 2021-07-22 01:56:03
2021-07-22 01:56:03 CHB 1809448?1626890163 第 2 次 等待 3 秒
2021-07-22 01:56:06 CHB 1809448?1626890163 第 2 次 未获取到 等待 16 秒 下次操作: 2021-07-22 01:56:22
2021-07-22 01:56:26 CHB 1809448?1626890182 第 3 次 等待 3 秒
2021-07-22 01:56:29 CHB 1809448?1626890182 第 3 次 跳过号码【1809448】
2021-07-22 01:56:29 未获取到号码【1809448】源码
2021-07-22 01:56:29 获取到号码【1809448】的GSD为【-】
2021-07-22 01:56:33 GSD insert 第 1 次 等待 3 秒
2021-07-22 01:56:36 {"status":"ok","gid":350909,"msg":"添加成功！"}

