2024-08-27 00:27:25 开始第 1293 次操作

2024-08-27 00:27:25 开始操作号码 【1431292】
2024-08-27 00:27:33 GSD getOne 第 1 次 等待 3 秒
2024-08-27 00:27:36 查询号码 【1431292】，返回信息 {"status":"ok","msg":"-","gid":"537125","time_insert":"2023-02-18 03:29"}
2024-08-27 00:27:36 查询号码 【1431292】，GSD为【"-"】
2024-08-27 00:27:36 ok && -
2024-08-27 00:27:38 CHB 1431292?1724689656 第 1 次 等待 3 秒
2024-08-27 00:27:41 CHB 1431292?1724689656 第 1 次 获取到号码【1431292】GSD
2024-08-27 00:27:41 未获取到号码【1431292】GSD，可能号码格式错误
2024-08-27 00:27:41 获取到号码【1431292】的GSD为【-】
2024-08-27 00:27:51 GSD insert 第 1 次 等待 3 秒
2024-08-27 00:27:54 {"status":"bad","gid":"537125","msg":"添加失败！号码【1431292(-|-)】已存在！"}
2024-08-27 00:27:54 随机等待 110 秒，约 1 分钟
2024-08-27 00:27:54 下次操作: 2024-08-27 00:29:44

2024-08-27 00:29:44 开始第 1294 次操作

2024-08-27 00:29:44 开始操作号码 【1431293】
2024-08-27 00:29:53 GSD getOne 第 1 次 等待 3 秒
2024-08-27 00:29:56 查询号码 【1431293】，返回信息 {"status":"ok","msg":"-","gid":"537142","time_insert":"2023-02-18 03:39"}
2024-08-27 00:29:56 查询号码 【1431293】，GSD为【"-"】
2024-08-27 00:29:56 ok && -
2024-08-27 00:29:58 CHB 1431293?1724689796 第 1 次 等待 3 秒
2024-08-27 00:30:01 CHB 1431293?1724689796 第 1 次 获取到号码【1431293】GSD
2024-08-27 00:30:02 未获取到号码【1431293】GSD，可能号码格式错误
2024-08-27 00:30:02 获取到号码【1431293】的GSD为【-】
2024-08-27 00:30:09 GSD insert 第 1 次 等待 3 秒
2024-08-27 00:30:13 {"status":"bad","gid":"537142","msg":"添加失败！号码【1431293(-|-)】已存在！"}
2024-08-27 00:30:13 随机等待 100 秒，约 1 分钟
2024-08-27 00:30:13 下次操作: 2024-08-27 00:31:53

2024-08-27 00:31:53 开始第 1295 次操作

2024-08-27 00:31:53 开始操作号码 【1431294】
2024-08-27 00:32:00 GSD getOne 第 1 次 等待 3 秒
2024-08-27 00:32:03 查询号码 【1431294】，返回信息 {"status":"ok","msg":"-","gid":"537164","time_insert":"2023-02-18 03:49"}
2024-08-27 00:32:03 查询号码 【1431294】，GSD为【"-"】
2024-08-27 00:32:03 ok && -
2024-08-27 00:32:06 CHB 1431294?1724689923 第 1 次 等待 3 秒
2024-08-27 00:32:09 CHB 1431294?1724689923 第 1 次 获取到号码【1431294】GSD
2024-08-27 00:32:09 未获取到号码【1431294】GSD，可能号码格式错误
2024-08-27 00:32:09 获取到号码【1431294】的GSD为【-】
2024-08-27 00:32:16 GSD insert 第 1 次 等待 3 秒
2024-08-27 00:32:19 {"status":"bad","gid":"537164","msg":"添加失败！号码【1431294(-|-)】已存在！"}
2024-08-27 00:32:20 随机等待 145 秒，约 2 分钟
2024-08-27 00:32:20 下次操作: 2024-08-27 00:34:45

2024-08-27 00:34:45 开始第 1296 次操作

2024-08-27 00:34:45 开始操作号码 【1431295】
2024-08-27 00:34:53 GSD getOne 第 1 次 等待 3 秒
2024-08-27 00:34:56 查询号码 【1431295】，返回信息 {"status":"ok","msg":"-","gid":"537187","time_insert":"2023-02-18 04:02"}
2024-08-27 00:34:56 查询号码 【1431295】，GSD为【"-"】
2024-08-27 00:34:56 ok && -
2024-08-27 00:34:58 CHB 1431295?1724690096 第 1 次 等待 3 秒
2024-08-27 00:35:01 CHB 1431295?1724690096 第 1 次 获取到号码【1431295】GSD
2024-08-27 00:35:01 未获取到号码【1431295】GSD，可能号码格式错误
2024-08-27 00:35:01 获取到号码【1431295】的GSD为【-】
2024-08-27 00:35:11 GSD insert 第 1 次 等待 3 秒
2024-08-27 00:35:14 {"status":"bad","gid":"537187","msg":"添加失败！号码【1431295(-|-)】已存在！"}

2024-08-27 00:44:52 开始第 1297 次操作

2024-08-27 00:44:52 开始操作号码 【1431296】
2024-08-27 00:45:00 GSD getOne 第 1 次 等待 3 秒
2024-08-27 00:45:03 查询号码 【1431296】，返回信息 {"status":"ok","msg":"-","gid":"537198","time_insert":"2023-02-18 04:10"}
2024-08-27 00:45:03 查询号码 【1431296】，GSD为【"-"】
2024-08-27 00:45:03 ok && -
2024-08-27 00:45:06 CHB 1431296?1724690703 第 1 次 等待 3 秒
2024-08-27 00:45:09 CHB 1431296?1724690703 第 1 次 获取到号码【1431296】GSD
2024-08-27 00:45:09 未获取到号码【1431296】GSD，可能号码格式错误
2024-08-27 00:45:09 获取到号码【1431296】的GSD为【-】
2024-08-27 00:45:16 GSD insert 第 1 次 等待 3 秒
2024-08-27 00:45:19 {"status":"bad","gid":"537198","msg":"添加失败！号码【1431296(-|-)】已存在！"}
2024-08-27 00:45:19 随机等待 80 秒，约 1 分钟
2024-08-27 00:45:19 下次操作: 2024-08-27 00:46:39

2024-08-27 00:46:39 开始第 1298 次操作

2024-08-27 00:46:39 开始操作号码 【1431297】
2024-08-27 00:46:48 GSD getOne 第 1 次 等待 3 秒
2024-08-27 00:46:51 查询号码 【1431297】，返回信息 {"status":"ok","msg":"-","gid":"537213","time_insert":"2023-02-18 04:19"}
2024-08-27 00:46:51 查询号码 【1431297】，GSD为【"-"】
2024-08-27 00:46:51 ok && -
2024-08-27 00:46:53 CHB 1431297?1724690811 第 1 次 等待 3 秒
2024-08-27 00:46:56 CHB 1431297?1724690811 第 1 次 获取到号码【1431297】GSD
2024-08-27 00:46:56 未获取到号码【1431297】GSD，可能号码格式错误
2024-08-27 00:46:56 获取到号码【1431297】的GSD为【-】
2024-08-27 00:47:04 GSD insert 第 1 次 等待 3 秒
2024-08-27 00:47:07 {"status":"bad","gid":"537213","msg":"添加失败！号码【1431297(-|-)】已存在！"}
2024-08-27 00:47:07 随机等待 92 秒，约 1 分钟
2024-08-27 00:47:07 下次操作: 2024-08-27 00:48:39

2024-08-27 00:48:39 开始第 1299 次操作

2024-08-27 00:48:39 开始操作号码 【1431298】
2024-08-27 00:48:47 GSD getOne 第 1 次 等待 3 秒
2024-08-27 00:48:50 查询号码 【1431298】，返回信息 {"status":"ok","msg":"-","gid":"537229","time_insert":"2023-02-18 04:30"}
2024-08-27 00:48:50 查询号码 【1431298】，GSD为【"-"】
2024-08-27 00:48:50 ok && -
2024-08-27 00:48:52 CHB 1431298?1724690930 第 1 次 等待 3 秒
2024-08-27 00:48:55 CHB 1431298?1724690930 第 1 次 获取到号码【1431298】GSD
2024-08-27 00:48:55 未获取到号码【1431298】GSD，可能号码格式错误
2024-08-27 00:48:55 获取到号码【1431298】的GSD为【-】
2024-08-27 00:49:04 GSD insert 第 1 次 等待 3 秒
2024-08-27 00:49:07 {"status":"bad","gid":"537229","msg":"添加失败！号码【1431298(-|-)】已存在！"}
2024-08-27 00:49:07 随机等待 82 秒，约 1 分钟
2024-08-27 00:49:07 下次操作: 2024-08-27 00:50:29

2024-08-27 00:50:29 开始第 1300 次操作

2024-08-27 00:50:29 开始操作号码 【1431299】
2024-08-27 00:50:37 GSD getOne 第 1 次 等待 3 秒
2024-08-27 00:50:40 查询号码 【1431299】，返回信息 {"status":"ok","msg":"-","gid":"537267","time_insert":"2023-02-18 04:47"}
2024-08-27 00:50:41 查询号码 【1431299】，GSD为【"-"】
2024-08-27 00:50:41 ok && -
2024-08-27 00:52:44 CHB 1431299?1724691041 第 1 次 等待 3 秒
2024-08-27 00:52:47 CHB 1431299?1724691041 第 1 次 获取到号码【1431299】GSD
2024-08-27 00:52:47 未获取到号码【1431299】GSD，可能号码格式错误
2024-08-27 00:52:47 获取到号码【1431299】的GSD为【-】
2024-08-27 00:52:55 GSD insert 第 1 次 等待 3 秒
2024-08-27 00:52:58 {"status":"bad","gid":"537267","msg":"添加失败！号码【1431299(-|-)】已存在！"}

2024-08-27 01:19:19 开始第 1301 次操作

2024-08-27 01:19:19 开始操作号码 【1431300】
2024-08-27 01:19:27 GSD getOne 第 1 次 等待 3 秒
2024-08-27 01:19:30 查询号码 【1431300】，返回信息 {"status":"ok","msg":"-","gid":"537292","time_insert":"2023-02-18 04:59"}
2024-08-27 01:19:30 查询号码 【1431300】，GSD为【"-"】
2024-08-27 01:19:30 ok && -
2024-08-27 01:19:32 CHB 1431300?1724692770 第 1 次 等待 3 秒
2024-08-27 01:19:35 CHB 1431300?1724692770 第 1 次 获取到号码【1431300】GSD
2024-08-27 01:19:35 未获取到号码【1431300】GSD，可能号码格式错误
2024-08-27 01:19:35 获取到号码【1431300】的GSD为【-】
2024-08-27 01:19:43 GSD insert 第 1 次 等待 3 秒
2024-08-27 01:19:46 {"status":"bad","gid":"537292","msg":"添加失败！号码【1431300(-|-)】已存在！"}
2024-08-27 01:19:46 随机等待 222 秒，约 3 分钟
2024-08-27 01:19:46 下次操作: 2024-08-27 01:23:28

2024-08-27 01:23:28 开始第 1302 次操作

2024-08-27 01:23:28 开始操作号码 【1431301】
2024-08-27 01:23:35 GSD getOne 第 1 次 等待 3 秒
2024-08-27 01:23:38 查询号码 【1431301】，返回信息 {"status":"ok","msg":"-","gid":"537317","time_insert":"2023-02-18 05:15"}
2024-08-27 01:23:39 查询号码 【1431301】，GSD为【"-"】
2024-08-27 01:23:39 ok && -
2024-08-27 01:23:42 CHB 1431301?1724693019 第 1 次 等待 3 秒
2024-08-27 01:23:45 CHB 1431301?1724693019 第 1 次 获取到号码【1431301】GSD
2024-08-27 01:23:45 未获取到号码【1431301】GSD，可能号码格式错误
2024-08-27 01:23:45 获取到号码【1431301】的GSD为【-】
2024-08-27 01:23:52 GSD insert 第 1 次 等待 3 秒
2024-08-27 01:23:55 {"status":"bad","gid":"537317","msg":"添加失败！号码【1431301(-|-)】已存在！"}
2024-08-27 01:23:55 随机等待 223 秒，约 3 分钟
2024-08-27 01:23:55 下次操作: 2024-08-27 01:27:38

2024-08-27 01:27:38 开始第 1303 次操作

2024-08-27 01:27:38 开始操作号码 【1431302】
2024-08-27 01:27:47 GSD getOne 第 1 次 等待 3 秒
2024-08-27 01:27:50 查询号码 【1431302】，返回信息 {"status":"ok","msg":"-","gid":"537344","time_insert":"2023-02-18 05:32"}
2024-08-27 01:27:50 查询号码 【1431302】，GSD为【"-"】
2024-08-27 01:27:50 ok && -
2024-08-27 01:27:52 CHB 1431302?1724693270 第 1 次 等待 3 秒
2024-08-27 01:27:55 CHB 1431302?1724693270 第 1 次 获取到号码【1431302】GSD
2024-08-27 01:27:55 未获取到号码【1431302】GSD，可能号码格式错误
2024-08-27 01:27:55 获取到号码【1431302】的GSD为【-】
2024-08-27 01:28:02 GSD insert 第 1 次 等待 3 秒
2024-08-27 01:28:05 {"status":"bad","gid":"537344","msg":"添加失败！号码【1431302(-|-)】已存在！"}
2024-08-27 01:28:05 随机等待 103 秒，约 1 分钟
2024-08-27 01:28:05 下次操作: 2024-08-27 01:29:48

2024-08-27 01:29:48 开始第 1304 次操作

2024-08-27 01:29:48 开始操作号码 【1431303】
2024-08-27 01:29:56 GSD getOne 第 1 次 等待 3 秒
2024-08-27 01:29:59 查询号码 【1431303】，返回信息 {"status":"ok","msg":"-","gid":"537374","time_insert":"2023-02-18 05:48"}
2024-08-27 01:29:59 查询号码 【1431303】，GSD为【"-"】
2024-08-27 01:29:59 ok && -
2024-08-27 01:30:01 CHB 1431303?1724693399 第 1 次 等待 3 秒
2024-08-27 01:30:04 CHB 1431303?1724693399 第 1 次 获取到号码【1431303】GSD
2024-08-27 01:30:04 未获取到号码【1431303】GSD，可能号码格式错误
2024-08-27 01:30:04 获取到号码【1431303】的GSD为【-】
2024-08-27 01:30:12 GSD insert 第 1 次 等待 3 秒
2024-08-27 01:30:15 {"status":"bad","gid":"537374","msg":"添加失败！号码【1431303(-|-)】已存在！"}

