2024-08-30 00:26:37 开始第 1793 次操作

2024-08-30 00:26:37 开始操作号码 【1431792】
2024-08-30 00:26:54 GSD getOne 第 1 次 等待 3 秒
2024-08-30 00:26:57 查询号码 【1431792】，返回信息 {"status":"ok","msg":"-","gid":"547604","time_insert":"2023-02-22 17:28"}
2024-08-30 00:26:57 查询号码 【1431792】，GSD为【"-"】
2024-08-30 00:26:57 ok && -
2024-08-30 00:27:00 CHB 1431792?1724948817 第 1 次 等待 3 秒
2024-08-30 00:27:03 CHB 1431792?1724948817 第 1 次 获取到号码【1431792】GSD
2024-08-30 00:27:03 未获取到号码【1431792】GSD，可能号码格式错误
2024-08-30 00:27:03 获取到号码【1431792】的GSD为【-】
2024-08-30 00:27:12 GSD insert 第 1 次 等待 3 秒
2024-08-30 00:27:15 {"status":"bad","gid":"547604","msg":"添加失败！号码【1431792(-|-)】已存在！"}
2024-08-30 00:27:15 随机等待 128 秒，约 2 分钟
2024-08-30 00:27:15 下次操作: 2024-08-30 00:29:23

2024-08-30 00:29:23 开始第 1794 次操作

2024-08-30 00:29:23 开始操作号码 【1431793】
2024-08-30 00:29:32 GSD getOne 第 1 次 等待 3 秒
2024-08-30 00:29:35 查询号码 【1431793】，返回信息 {"status":"ok","msg":"-","gid":"547626","time_insert":"2023-02-22 17:39"}
2024-08-30 00:29:35 查询号码 【1431793】，GSD为【"-"】
2024-08-30 00:29:35 ok && -
2024-08-30 00:29:37 CHB 1431793?1724948975 第 1 次 等待 3 秒
2024-08-30 00:29:40 CHB 1431793?1724948975 第 1 次 获取到号码【1431793】GSD
2024-08-30 00:29:40 未获取到号码【1431793】GSD，可能号码格式错误
2024-08-30 00:29:40 获取到号码【1431793】的GSD为【-】
2024-08-30 00:29:49 GSD insert 第 1 次 等待 3 秒
2024-08-30 00:29:52 {"status":"bad","gid":"547626","msg":"添加失败！号码【1431793(-|-)】已存在！"}
2024-08-30 00:29:52 随机等待 179 秒，约 2 分钟
2024-08-30 00:29:52 下次操作: 2024-08-30 00:32:51

2024-08-30 00:32:51 开始第 1795 次操作

2024-08-30 00:32:51 开始操作号码 【1431794】
2024-08-30 00:32:59 GSD getOne 第 1 次 等待 3 秒
2024-08-30 00:33:02 查询号码 【1431794】，返回信息 {"status":"ok","msg":"-","gid":"547645","time_insert":"2023-02-22 17:51"}
2024-08-30 00:33:02 查询号码 【1431794】，GSD为【"-"】
2024-08-30 00:33:02 ok && -
2024-08-30 00:33:05 CHB 1431794?1724949182 第 1 次 等待 3 秒
2024-08-30 00:33:08 CHB 1431794?1724949182 第 1 次 获取到号码【1431794】GSD
2024-08-30 00:33:08 未获取到号码【1431794】GSD，可能号码格式错误
2024-08-30 00:33:08 获取到号码【1431794】的GSD为【-】
2024-08-30 00:33:15 GSD insert 第 1 次 等待 3 秒
2024-08-30 00:33:18 {"status":"bad","gid":"547645","msg":"添加失败！号码【1431794(-|-)】已存在！"}
2024-08-30 00:33:18 随机等待 114 秒，约 1 分钟
2024-08-30 00:33:18 下次操作: 2024-08-30 00:35:12

2024-08-30 00:35:12 开始第 1796 次操作

2024-08-30 00:35:12 开始操作号码 【1431795】
2024-08-30 00:35:20 GSD getOne 第 1 次 等待 3 秒
2024-08-30 00:35:23 查询号码 【1431795】，返回信息 {"status":"ok","msg":"-","gid":"547670","time_insert":"2023-02-22 18:04"}
2024-08-30 00:35:23 查询号码 【1431795】，GSD为【"-"】
2024-08-30 00:35:23 ok && -
2024-08-30 00:35:26 CHB 1431795?1724949323 第 1 次 等待 3 秒
2024-08-30 00:35:29 CHB 1431795?1724949323 第 1 次 获取到号码【1431795】GSD
2024-08-30 00:35:29 未获取到号码【1431795】GSD，可能号码格式错误
2024-08-30 00:35:29 获取到号码【1431795】的GSD为【-】
2024-08-30 00:35:36 GSD insert 第 1 次 等待 3 秒
2024-08-30 00:35:39 {"status":"bad","gid":"547670","msg":"添加失败！号码【1431795(-|-)】已存在！"}

2024-08-30 00:44:35 开始第 1797 次操作

2024-08-30 00:44:35 开始操作号码 【1431796】
2024-08-30 00:44:43 GSD getOne 第 1 次 等待 3 秒
2024-08-30 00:44:46 查询号码 【1431796】，返回信息 {"status":"ok","msg":"-","gid":"547689","time_insert":"2023-02-22 18:15"}
2024-08-30 00:44:47 查询号码 【1431796】，GSD为【"-"】
2024-08-30 00:44:47 ok && -
2024-08-30 00:44:51 CHB 1431796?1724949887 第 1 次 等待 3 秒
2024-08-30 00:44:54 CHB 1431796?1724949887 第 1 次 获取到号码【1431796】GSD
2024-08-30 00:44:54 未获取到号码【1431796】GSD，可能号码格式错误
2024-08-30 00:44:54 获取到号码【1431796】的GSD为【-】
2024-08-30 00:45:02 GSD insert 第 1 次 等待 3 秒
2024-08-30 00:45:05 {"status":"bad","gid":"547689","msg":"添加失败！号码【1431796(-|-)】已存在！"}
2024-08-30 00:45:05 随机等待 215 秒，约 3 分钟
2024-08-30 00:45:05 下次操作: 2024-08-30 00:48:40

2024-08-30 00:48:40 开始第 1798 次操作

2024-08-30 00:48:40 开始操作号码 【1431797】
2024-08-30 00:48:48 GSD getOne 第 1 次 等待 3 秒
2024-08-30 00:48:51 查询号码 【1431797】，返回信息 {"status":"ok","msg":"-","gid":"547714","time_insert":"2023-02-22 18:32"}
2024-08-30 00:48:51 查询号码 【1431797】，GSD为【"-"】
2024-08-30 00:48:51 ok && -
2024-08-30 00:48:53 CHB 1431797?1724950131 第 1 次 等待 3 秒
2024-08-30 00:48:56 CHB 1431797?1724950131 第 1 次 获取到号码【1431797】GSD
2024-08-30 00:48:56 未获取到号码【1431797】GSD，可能号码格式错误
2024-08-30 00:48:56 获取到号码【1431797】的GSD为【-】
2024-08-30 00:49:04 GSD insert 第 1 次 等待 3 秒
2024-08-30 00:49:07 {"status":"bad","gid":"547714","msg":"添加失败！号码【1431797(-|-)】已存在！"}
2024-08-30 00:49:07 随机等待 90 秒，约 1 分钟
2024-08-30 00:49:07 下次操作: 2024-08-30 00:50:37

2024-08-30 00:50:37 开始第 1799 次操作

2024-08-30 00:50:37 开始操作号码 【1431798】
2024-08-30 00:50:45 GSD getOne 第 1 次 等待 3 秒
2024-08-30 00:50:48 查询号码 【1431798】，返回信息 {"status":"ok","msg":"-","gid":"547734","time_insert":"2023-02-22 18:42"}
2024-08-30 00:50:48 查询号码 【1431798】，GSD为【"-"】
2024-08-30 00:50:48 ok && -
2024-08-30 00:50:51 CHB 1431798?1724950248 第 1 次 等待 3 秒
2024-08-30 00:50:54 CHB 1431798?1724950248 第 1 次 获取到号码【1431798】GSD
2024-08-30 00:50:54 未获取到号码【1431798】GSD，可能号码格式错误
2024-08-30 00:50:54 获取到号码【1431798】的GSD为【-】
2024-08-30 00:51:02 GSD insert 第 1 次 等待 3 秒
2024-08-30 00:51:05 {"status":"bad","gid":"547734","msg":"添加失败！号码【1431798(-|-)】已存在！"}
2024-08-30 00:51:05 随机等待 131 秒，约 2 分钟
2024-08-30 00:51:05 下次操作: 2024-08-30 00:53:16

2024-08-30 00:53:16 开始第 1800 次操作

2024-08-30 00:53:16 开始操作号码 【1431799】
2024-08-30 00:53:24 GSD getOne 第 1 次 等待 3 秒
2024-08-30 00:53:27 查询号码 【1431799】，返回信息 {"status":"ok","msg":"-","gid":"547753","time_insert":"2023-02-22 18:52"}
2024-08-30 00:53:27 查询号码 【1431799】，GSD为【"-"】
2024-08-30 00:53:27 ok && -
2024-08-30 00:53:30 CHB 1431799?1724950407 第 1 次 等待 3 秒
2024-08-30 00:53:33 CHB 1431799?1724950407 第 1 次 获取到号码【1431799】GSD
2024-08-30 00:53:34 未获取到号码【1431799】GSD，可能号码格式错误
2024-08-30 00:53:34 获取到号码【1431799】的GSD为【-】
2024-08-30 00:53:41 GSD insert 第 1 次 等待 3 秒
2024-08-30 00:53:44 {"status":"bad","gid":"547753","msg":"添加失败！号码【1431799(-|-)】已存在！"}

2024-08-30 01:18:30 开始第 1801 次操作

2024-08-30 01:18:30 开始操作号码 【1431800】
2024-08-30 01:18:37 GSD getOne 第 1 次 等待 3 秒
2024-08-30 01:18:40 查询号码 【1431800】，返回信息 {"status":"ok","msg":"-","gid":"547783","time_insert":"2023-02-22 19:09"}
2024-08-30 01:18:40 查询号码 【1431800】，GSD为【"-"】
2024-08-30 01:18:40 ok && -
2024-08-30 01:18:42 CHB 1431800?1724951920 第 1 次 等待 3 秒
2024-08-30 01:18:45 CHB 1431800?1724951920 第 1 次 获取到号码【1431800】GSD
2024-08-30 01:18:45 未获取到号码【1431800】GSD，可能号码格式错误
2024-08-30 01:18:45 获取到号码【1431800】的GSD为【-】
2024-08-30 01:18:53 GSD insert 第 1 次 等待 3 秒
2024-08-30 01:18:56 {"status":"bad","gid":"547783","msg":"添加失败！号码【1431800(-|-)】已存在！"}
2024-08-30 01:18:56 随机等待 197 秒，约 3 分钟
2024-08-30 01:18:56 下次操作: 2024-08-30 01:22:13

2024-08-30 01:22:13 开始第 1802 次操作

2024-08-30 01:22:13 开始操作号码 【1431801】
2024-08-30 01:22:21 GSD getOne 第 1 次 等待 3 秒
2024-08-30 01:22:24 查询号码 【1431801】，返回信息 {"status":"ok","msg":"-","gid":"547801","time_insert":"2023-02-22 19:20"}
2024-08-30 01:22:24 查询号码 【1431801】，GSD为【"-"】
2024-08-30 01:22:24 ok && -
2024-08-30 01:22:25 CHB 1431801?1724952144 第 1 次 等待 3 秒
2024-08-30 01:22:28 CHB 1431801?1724952144 第 1 次 获取到号码【1431801】GSD
2024-08-30 01:22:28 未获取到号码【1431801】GSD，可能号码格式错误
2024-08-30 01:22:28 获取到号码【1431801】的GSD为【-】
2024-08-30 01:22:36 GSD insert 第 1 次 等待 3 秒
2024-08-30 01:22:39 {"status":"bad","gid":"547801","msg":"添加失败！号码【1431801(-|-)】已存在！"}
2024-08-30 01:22:39 随机等待 108 秒，约 1 分钟
2024-08-30 01:22:39 下次操作: 2024-08-30 01:24:27

2024-08-30 01:24:27 开始第 1803 次操作

2024-08-30 01:24:27 开始操作号码 【1431802】
2024-08-30 01:24:38 GSD getOne 第 1 次 等待 3 秒
2024-08-30 01:24:41 查询号码 【1431802】，返回信息 {"status":"ok","msg":"-","gid":"547817","time_insert":"2023-02-22 19:32"}
2024-08-30 01:24:41 查询号码 【1431802】，GSD为【"-"】
2024-08-30 01:24:41 ok && -
2024-08-30 01:24:42 CHB 1431802?1724952281 第 1 次 等待 3 秒
2024-08-30 01:24:45 CHB 1431802?1724952281 第 1 次 获取到号码【1431802】GSD
2024-08-30 01:24:45 未获取到号码【1431802】GSD，可能号码格式错误
2024-08-30 01:24:45 获取到号码【1431802】的GSD为【-】
2024-08-30 01:24:53 GSD insert 第 1 次 等待 3 秒
2024-08-30 01:24:56 {"status":"bad","gid":"547817","msg":"添加失败！号码【1431802(-|-)】已存在！"}
2024-08-30 01:24:56 随机等待 119 秒，约 1 分钟
2024-08-30 01:24:56 下次操作: 2024-08-30 01:26:55

2024-08-30 01:26:55 开始第 1804 次操作

2024-08-30 01:26:55 开始操作号码 【1431803】
2024-08-30 01:27:02 GSD getOne 第 1 次 等待 3 秒
2024-08-30 01:27:05 查询号码 【1431803】，返回信息 {"status":"ok","msg":"-","gid":"547829","time_insert":"2023-02-22 19:41"}
2024-08-30 01:27:05 查询号码 【1431803】，GSD为【"-"】
2024-08-30 01:27:05 ok && -
2024-08-30 01:27:08 CHB 1431803?1724952425 第 1 次 等待 3 秒
2024-08-30 01:27:11 CHB 1431803?1724952425 第 1 次 获取到号码【1431803】GSD
2024-08-30 01:27:11 未获取到号码【1431803】GSD，可能号码格式错误
2024-08-30 01:27:11 获取到号码【1431803】的GSD为【-】
2024-08-30 01:27:20 GSD insert 第 1 次 等待 3 秒
2024-08-30 01:27:23 {"status":"bad","gid":"547829","msg":"添加失败！号码【1431803(-|-)】已存在！"}

2024-08-30 01:39:06 开始第 1805 次操作

2024-08-30 01:39:06 开始操作号码 【1431804】
2024-08-30 01:39:14 GSD getOne 第 1 次 等待 3 秒
2024-08-30 01:39:17 查询号码 【1431804】，返回信息 {"status":"ok","msg":"-","gid":"547844","time_insert":"2023-02-22 19:52"}
2024-08-30 01:39:17 查询号码 【1431804】，GSD为【"-"】
2024-08-30 01:39:17 ok && -
2024-08-30 01:39:20 CHB 1431804?1724953157 第 1 次 等待 3 秒
2024-08-30 01:39:23 CHB 1431804?1724953157 第 1 次 获取到号码【1431804】GSD
2024-08-30 01:39:23 未获取到号码【1431804】GSD，可能号码格式错误
2024-08-30 01:39:23 获取到号码【1431804】的GSD为【-】
2024-08-30 01:39:40 GSD insert 第 1 次 等待 3 秒
2024-08-30 01:39:43 {"status":"bad","gid":"547844","msg":"添加失败！号码【1431804(-|-)】已存在！"}
2024-08-30 01:39:43 随机等待 73 秒，约 1 分钟
2024-08-30 01:39:43 下次操作: 2024-08-30 01:40:56

2024-08-30 01:40:56 开始第 1806 次操作

2024-08-30 01:40:56 开始操作号码 【1431805】
2024-08-30 01:41:07 GSD getOne 第 1 次 等待 3 秒
2024-08-30 01:41:10 查询号码 【1431805】，返回信息 {"status":"ok","msg":"-","gid":"547859","time_insert":"2023-02-22 20:02"}
2024-08-30 01:41:10 查询号码 【1431805】，GSD为【"-"】
2024-08-30 01:41:10 ok && -
2024-08-30 01:41:11 CHB 1431805?1724953270 第 1 次 等待 3 秒
2024-08-30 01:41:14 CHB 1431805?1724953270 第 1 次 获取到号码【1431805】GSD
2024-08-30 01:41:14 未获取到号码【1431805】GSD，可能号码格式错误
2024-08-30 01:41:14 获取到号码【1431805】的GSD为【-】
2024-08-30 01:41:22 GSD insert 第 1 次 等待 3 秒
2024-08-30 01:41:25 {"status":"bad","gid":"547859","msg":"添加失败！号码【1431805(-|-)】已存在！"}
2024-08-30 01:41:25 随机等待 97 秒，约 1 分钟
2024-08-30 01:41:25 下次操作: 2024-08-30 01:43:02

2024-08-30 01:43:02 开始第 1807 次操作

2024-08-30 01:43:02 开始操作号码 【1431806】
2024-08-30 01:43:10 GSD getOne 第 1 次 等待 3 秒
2024-08-30 01:43:13 查询号码 【1431806】，返回信息 {"status":"ok","msg":"-","gid":"547870","time_insert":"2023-02-22 20:12"}
2024-08-30 01:43:13 查询号码 【1431806】，GSD为【"-"】
2024-08-30 01:43:13 ok && -
2024-08-30 01:43:16 CHB 1431806?1724953393 第 1 次 等待 3 秒
2024-08-30 01:43:19 CHB 1431806?1724953393 第 1 次 获取到号码【1431806】GSD
2024-08-30 01:43:19 未获取到号码【1431806】GSD，可能号码格式错误
2024-08-30 01:43:19 获取到号码【1431806】的GSD为【-】
2024-08-30 01:43:27 GSD insert 第 1 次 等待 3 秒
2024-08-30 01:43:30 {"status":"bad","gid":"547870","msg":"添加失败！号码【1431806(-|-)】已存在！"}
2024-08-30 01:43:30 随机等待 120 秒，约 2 分钟
2024-08-30 01:43:30 下次操作: 2024-08-30 01:45:30

2024-08-30 01:45:30 开始第 1808 次操作

2024-08-30 01:45:30 开始操作号码 【1431807】
2024-08-30 01:45:38 GSD getOne 第 1 次 等待 3 秒
2024-08-30 01:45:41 查询号码 【1431807】，返回信息 {"status":"ok","msg":"-","gid":"547891","time_insert":"2023-02-22 20:26"}
2024-08-30 01:45:41 查询号码 【1431807】，GSD为【"-"】
2024-08-30 01:45:41 ok && -
2024-08-30 01:45:42 CHB 1431807?1724953541 第 1 次 等待 3 秒
2024-08-30 01:45:45 CHB 1431807?1724953541 第 1 次 获取到号码【1431807】GSD
2024-08-30 01:45:45 未获取到号码【1431807】GSD，可能号码格式错误
2024-08-30 01:45:45 获取到号码【1431807】的GSD为【-】
2024-08-30 01:45:53 GSD insert 第 1 次 等待 3 秒
2024-08-30 01:45:56 {"status":"bad","gid":"547891","msg":"添加失败！号码【1431807(-|-)】已存在！"}

