2023-12-15 00:08:43 开始第 3341 次操作

2023-12-15 00:08:43 开始操作号码 【1873241】
2023-12-15 00:08:48 GSD getOne 第 1 次 等待 3 秒
2023-12-15 00:08:51 查询号码 【1873241】，返回信息 {"status":"ok","msg":"河北-承德","gid":"471912","time_insert":"2021-08-01 21:42"}
2023-12-15 00:08:51 查询号码 【1873241】，GSD为【"河北-承德"】

2023-12-15 00:08:52 开始第 3342 次操作

2023-12-15 00:08:52 开始操作号码 【1873242】
2023-12-15 00:08:55 GSD getOne 第 1 次 等待 3 秒
2023-12-15 00:08:58 查询号码 【1873242】，返回信息 {"status":"ok","msg":"河北-承德","gid":"471899","time_insert":"2021-08-01 21:42"}
2023-12-15 00:08:58 查询号码 【1873242】，GSD为【"河北-承德"】

2023-12-15 00:08:59 开始第 3343 次操作

2023-12-15 00:08:59 开始操作号码 【1873243】
2023-12-15 00:09:04 GSD getOne 第 1 次 等待 3 秒
2023-12-15 00:09:07 查询号码 【1873243】，返回信息 {"status":"ok","msg":"河北-承德","gid":"471883","time_insert":"2021-08-01 21:41"}
2023-12-15 00:09:07 查询号码 【1873243】，GSD为【"河北-承德"】

2023-12-15 00:09:08 开始第 3344 次操作

2023-12-15 00:09:08 开始操作号码 【1873244】
2023-12-15 00:09:11 GSD getOne 第 1 次 等待 3 秒
2023-12-15 00:09:14 查询号码 【1873244】，返回信息 {"status":"ok","msg":"河北-承德","gid":"471874","time_insert":"2021-08-01 21:40"}
2023-12-15 00:09:14 查询号码 【1873244】，GSD为【"河北-承德"】

2023-12-15 00:34:33 开始第 3345 次操作

2023-12-15 00:34:33 开始操作号码 【1873245】
2023-12-15 00:34:39 GSD getOne 第 1 次 等待 3 秒
2023-12-15 00:34:42 查询号码 【1873245】，返回信息 {"status":"ok","msg":"河北-承德","gid":"471865","time_insert":"2021-08-01 21:40"}
2023-12-15 00:34:42 查询号码 【1873245】，GSD为【"河北-承德"】

2023-12-15 00:34:43 开始第 3346 次操作

2023-12-15 00:34:43 开始操作号码 【1873246】
2023-12-15 00:34:53 GSD getOne 第 1 次 等待 3 秒
2023-12-15 00:34:56 查询号码 【1873246】，返回信息 {"status":"ok","msg":"河北-承德","gid":"471850","time_insert":"2021-08-01 21:39"}
2023-12-15 00:34:56 查询号码 【1873246】，GSD为【"河北-承德"】

2023-12-15 00:34:57 开始第 3347 次操作

2023-12-15 00:34:57 开始操作号码 【1873247】
2023-12-15 00:35:01 GSD getOne 第 1 次 等待 3 秒
2023-12-15 00:35:04 查询号码 【1873247】，返回信息 {"status":"ok","msg":"河北-承德","gid":"471835","time_insert":"2021-08-01 21:38"}
2023-12-15 00:35:04 查询号码 【1873247】，GSD为【"河北-承德"】

2023-12-15 00:35:05 开始第 3348 次操作

2023-12-15 00:35:05 开始操作号码 【1873248】
2023-12-15 00:35:09 GSD getOne 第 1 次 等待 3 秒
2023-12-15 00:35:12 查询号码 【1873248】，返回信息 {"status":"ok","msg":"河北-承德","gid":"471826","time_insert":"2021-08-01 21:38"}
2023-12-15 00:35:12 查询号码 【1873248】，GSD为【"河北-承德"】

2023-12-15 01:07:23 开始第 3349 次操作

2023-12-15 01:07:23 开始操作号码 【1873249】
2023-12-15 01:07:28 GSD getOne 第 1 次 等待 3 秒
2023-12-15 01:07:31 查询号码 【1873249】，返回信息 {"status":"ok","msg":"河北-承德","gid":"471818","time_insert":"2021-08-01 21:37"}
2023-12-15 01:07:31 查询号码 【1873249】，GSD为【"河北-承德"】

2023-12-15 01:07:32 开始第 3350 次操作

2023-12-15 01:07:32 开始操作号码 【1873250】
2023-12-15 01:07:37 GSD getOne 第 1 次 等待 3 秒
2023-12-15 01:07:40 查询号码 【1873250】，返回信息 {"status":"ok","msg":"河北-唐山","gid":"471812","time_insert":"2021-08-01 21:36"}
2023-12-15 01:07:40 查询号码 【1873250】，GSD为【"河北-唐山"】

2023-12-15 01:07:41 开始第 3351 次操作

2023-12-15 01:07:41 开始操作号码 【1873251】
2023-12-15 01:07:46 GSD getOne 第 1 次 等待 3 秒
2023-12-15 01:07:49 查询号码 【1873251】，返回信息 {"status":"ok","msg":"河北-唐山","gid":"471807","time_insert":"2021-08-01 21:36"}
2023-12-15 01:07:49 查询号码 【1873251】，GSD为【"河北-唐山"】

2023-12-15 01:07:50 开始第 3352 次操作

2023-12-15 01:07:50 开始操作号码 【1873252】
2023-12-15 01:07:54 GSD getOne 第 1 次 等待 3 秒
2023-12-15 01:07:57 查询号码 【1873252】，返回信息 {"status":"ok","msg":"河北-唐山","gid":"471803","time_insert":"2021-08-01 21:35"}
2023-12-15 01:07:57 查询号码 【1873252】，GSD为【"河北-唐山"】

2023-12-15 01:32:15 开始第 3353 次操作

2023-12-15 01:32:15 开始操作号码 【1873253】
2023-12-15 01:32:19 GSD getOne 第 1 次 等待 3 秒
2023-12-15 01:32:22 查询号码 【1873253】，返回信息 {"status":"ok","msg":"河北-唐山","gid":"471799","time_insert":"2021-08-01 21:34"}
2023-12-15 01:32:22 查询号码 【1873253】，GSD为【"河北-唐山"】

2023-12-15 01:32:23 开始第 3354 次操作

2023-12-15 01:32:23 开始操作号码 【1873254】
2023-12-15 01:32:28 GSD getOne 第 1 次 等待 3 秒
2023-12-15 01:32:31 查询号码 【1873254】，返回信息 {"status":"ok","msg":"河北-唐山","gid":"471794","time_insert":"2021-08-01 21:34"}
2023-12-15 01:32:31 查询号码 【1873254】，GSD为【"河北-唐山"】

2023-12-15 01:32:32 开始第 3355 次操作

2023-12-15 01:32:32 开始操作号码 【1873255】
2023-12-15 01:32:36 GSD getOne 第 1 次 等待 3 秒
2023-12-15 01:32:39 查询号码 【1873255】，返回信息 {"status":"ok","msg":"河北-唐山","gid":"471791","time_insert":"2021-08-01 21:33"}
2023-12-15 01:32:39 查询号码 【1873255】，GSD为【"河北-唐山"】

2023-12-15 01:32:40 开始第 3356 次操作

2023-12-15 01:32:40 开始操作号码 【1873256】
2023-12-15 01:32:44 GSD getOne 第 1 次 等待 3 秒
2023-12-15 01:32:47 查询号码 【1873256】，返回信息 {"status":"ok","msg":"河北-唐山","gid":"471662","time_insert":"2021-08-01 21:17"}
2023-12-15 01:32:47 查询号码 【1873256】，GSD为【"河北-唐山"】

2023-12-15 02:10:12 开始第 3357 次操作

2023-12-15 02:10:12 开始操作号码 【1873257】
2023-12-15 02:10:15 GSD getOne 第 1 次 等待 3 秒
2023-12-15 02:10:18 查询号码 【1873257】，返回信息 {"status":"ok","msg":"河北-唐山","gid":"471653","time_insert":"2021-08-01 21:16"}
2023-12-15 02:10:18 查询号码 【1873257】，GSD为【"河北-唐山"】

2023-12-15 02:10:19 开始第 3358 次操作

2023-12-15 02:10:19 开始操作号码 【1873258】
2023-12-15 02:10:23 GSD getOne 第 1 次 等待 3 秒
2023-12-15 02:10:26 查询号码 【1873258】，返回信息 {"status":"ok","msg":"河北-唐山","gid":"471643","time_insert":"2021-08-01 21:16"}
2023-12-15 02:10:26 查询号码 【1873258】，GSD为【"河北-唐山"】

2023-12-15 02:10:27 开始第 3359 次操作

2023-12-15 02:10:27 开始操作号码 【1873259】
2023-12-15 02:10:31 GSD getOne 第 1 次 等待 3 秒
2023-12-15 02:10:34 查询号码 【1873259】，返回信息 {"status":"ok","msg":"河北-唐山","gid":"471635","time_insert":"2021-08-01 21:15"}
2023-12-15 02:10:34 查询号码 【1873259】，GSD为【"河北-唐山"】

2023-12-15 02:10:35 开始第 3360 次操作

2023-12-15 02:10:35 开始操作号码 【1873260】
2023-12-15 02:10:38 GSD getOne 第 1 次 等待 3 秒
2023-12-15 02:10:41 查询号码 【1873260】，返回信息 {"status":"ok","msg":"河北-廊坊","gid":"471625","time_insert":"2021-08-01 21:14"}
2023-12-15 02:10:41 查询号码 【1873260】，GSD为【"河北-廊坊"】

