2024-09-19 00:27:25 开始第 5029 次操作

2024-09-19 00:27:25 开始操作号码 【1435026】
2024-09-19 00:27:34 GSD getOne 第 1 次 等待 3 秒
2024-09-19 00:27:37 查询号码 【1435026】，返回信息 {"status":"ok","msg":"-","gid":"620123","time_insert":"2023-03-28 14:47"}
2024-09-19 00:27:37 查询号码 【1435026】，GSD为【"-"】
2024-09-19 00:27:37 ok && -
2024-09-19 00:27:39 CHB 1435026?1726676857 第 1 次 等待 3 秒
2024-09-19 00:27:42 CHB 1435026?1726676857 第 1 次 获取到号码【1435026】GSD
2024-09-19 00:27:42 未获取到号码【1435026】GSD，可能号码格式错误
2024-09-19 00:27:42 获取到号码【1435026】的GSD为【-】
2024-09-19 00:27:52 GSD insert 第 1 次 等待 3 秒
2024-09-19 00:27:55 {"status":"bad","gid":"620123","msg":"添加失败！号码【1435026(-|-)】已存在！"}
2024-09-19 00:27:55 随机等待 170 秒，约 2 分钟
2024-09-19 00:27:55 下次操作: 2024-09-19 00:30:45

2024-09-19 00:30:45 开始第 5030 次操作

2024-09-19 00:30:45 开始操作号码 【1435027】
2024-09-19 00:30:53 GSD getOne 第 1 次 等待 3 秒
2024-09-19 00:30:56 查询号码 【1435027】，返回信息 {"status":"ok","msg":"-","gid":"620146","time_insert":"2023-03-28 15:03"}
2024-09-19 00:30:56 查询号码 【1435027】，GSD为【"-"】
2024-09-19 00:30:56 ok && -
2024-09-19 00:30:58 CHB 1435027?1726677056 第 1 次 等待 3 秒
2024-09-19 00:31:01 CHB 1435027?1726677056 第 1 次 获取到号码【1435027】GSD
2024-09-19 00:31:01 未获取到号码【1435027】GSD，可能号码格式错误
2024-09-19 00:31:01 获取到号码【1435027】的GSD为【-】
2024-09-19 00:31:09 GSD insert 第 1 次 等待 3 秒
2024-09-19 00:31:12 {"status":"bad","gid":"620146","msg":"添加失败！号码【1435027(-|-)】已存在！"}
2024-09-19 00:31:12 随机等待 204 秒，约 3 分钟
2024-09-19 00:31:12 下次操作: 2024-09-19 00:34:36

2024-09-19 00:34:36 开始第 5031 次操作

2024-09-19 00:34:36 开始操作号码 【1435028】
2024-09-19 00:34:44 GSD getOne 第 1 次 等待 3 秒
2024-09-19 00:34:47 查询号码 【1435028】，返回信息 {"status":"ok","msg":"-","gid":"620175","time_insert":"2023-03-28 15:21"}
2024-09-19 00:34:48 查询号码 【1435028】，GSD为【"-"】
2024-09-19 00:34:48 ok && -
2024-09-19 00:34:50 CHB 1435028?1726677288 第 1 次 等待 3 秒
2024-09-19 00:34:53 CHB 1435028?1726677288 第 1 次 获取到号码【1435028】GSD
2024-09-19 00:34:53 未获取到号码【1435028】GSD，可能号码格式错误
2024-09-19 00:34:53 获取到号码【1435028】的GSD为【-】
2024-09-19 00:35:01 GSD insert 第 1 次 等待 3 秒
2024-09-19 00:35:04 {"status":"bad","gid":"620175","msg":"添加失败！号码【1435028(-|-)】已存在！"}
2024-09-19 00:35:04 随机等待 184 秒，约 3 分钟
2024-09-19 00:35:04 下次操作: 2024-09-19 00:38:08

2024-09-19 00:38:08 开始第 5032 次操作

2024-09-19 00:38:08 开始操作号码 【1435029】
2024-09-19 00:38:19 GSD getOne 第 1 次 等待 3 秒
2024-09-19 00:38:22 查询号码 【1435029】，返回信息 {"status":"ok","msg":"-","gid":"620197","time_insert":"2023-03-28 15:35"}
2024-09-19 00:38:22 查询号码 【1435029】，GSD为【"-"】
2024-09-19 00:38:22 ok && -
2024-09-19 00:38:26 CHB 1435029?1726677502 第 1 次 等待 3 秒
2024-09-19 00:38:29 CHB 1435029?1726677502 第 1 次 获取到号码【1435029】GSD
2024-09-19 00:38:29 未获取到号码【1435029】GSD，可能号码格式错误
2024-09-19 00:38:29 获取到号码【1435029】的GSD为【-】
2024-09-19 00:38:38 GSD insert 第 1 次 等待 3 秒
2024-09-19 00:38:41 {"status":"bad","gid":"620197","msg":"添加失败！号码【1435029(-|-)】已存在！"}

2024-09-19 00:45:42 开始第 5033 次操作

2024-09-19 00:45:42 开始操作号码 【1435030】
2024-09-19 00:45:52 GSD getOne 第 1 次 等待 3 秒
2024-09-19 00:45:55 查询号码 【1435030】，返回信息 {"status":"ok","msg":"-","gid":"620221","time_insert":"2023-03-28 15:48"}
2024-09-19 00:45:55 查询号码 【1435030】，GSD为【"-"】
2024-09-19 00:45:55 ok && -
2024-09-19 00:45:57 CHB 1435030?1726677955 第 1 次 等待 3 秒
2024-09-19 00:46:00 CHB 1435030?1726677955 第 1 次 获取到号码【1435030】GSD
2024-09-19 00:46:00 未获取到号码【1435030】GSD，可能号码格式错误
2024-09-19 00:46:00 获取到号码【1435030】的GSD为【-】
2024-09-19 00:46:10 GSD insert 第 1 次 等待 3 秒
2024-09-19 00:46:13 {"status":"bad","gid":"620221","msg":"添加失败！号码【1435030(-|-)】已存在！"}
2024-09-19 00:46:13 随机等待 92 秒，约 1 分钟
2024-09-19 00:46:13 下次操作: 2024-09-19 00:47:45

2024-09-19 00:47:45 开始第 5034 次操作

2024-09-19 00:47:45 开始操作号码 【1435031】
2024-09-19 00:47:53 GSD getOne 第 1 次 等待 3 秒
2024-09-19 00:47:56 查询号码 【1435031】，返回信息 {"status":"ok","msg":"-","gid":"620252","time_insert":"2023-03-28 16:09"}
2024-09-19 00:47:56 查询号码 【1435031】，GSD为【"-"】
2024-09-19 00:47:56 ok && -
2024-09-19 00:47:59 CHB 1435031?1726678076 第 1 次 等待 3 秒
2024-09-19 00:48:02 CHB 1435031?1726678076 第 1 次 获取到号码【1435031】GSD
2024-09-19 00:48:02 未获取到号码【1435031】GSD，可能号码格式错误
2024-09-19 00:48:02 获取到号码【1435031】的GSD为【-】
2024-09-19 00:48:10 GSD insert 第 1 次 等待 3 秒
2024-09-19 00:48:13 {"status":"bad","gid":"620252","msg":"添加失败！号码【1435031(-|-)】已存在！"}
2024-09-19 00:48:13 随机等待 127 秒，约 2 分钟
2024-09-19 00:48:13 下次操作: 2024-09-19 00:50:20

2024-09-19 00:50:20 开始第 5035 次操作

2024-09-19 00:50:20 开始操作号码 【1435032】
2024-09-19 00:50:28 GSD getOne 第 1 次 等待 3 秒
2024-09-19 00:50:31 查询号码 【1435032】，返回信息 {"status":"ok","msg":"-","gid":"620280","time_insert":"2023-03-28 16:26"}
2024-09-19 00:50:31 查询号码 【1435032】，GSD为【"-"】
2024-09-19 00:50:31 ok && -
2024-09-19 00:50:33 CHB 1435032?1726678231 第 1 次 等待 3 秒
2024-09-19 00:50:36 CHB 1435032?1726678231 第 1 次 获取到号码【1435032】GSD
2024-09-19 00:50:36 未获取到号码【1435032】GSD，可能号码格式错误
2024-09-19 00:50:36 获取到号码【1435032】的GSD为【-】
2024-09-19 00:50:44 GSD insert 第 1 次 等待 3 秒
2024-09-19 00:50:47 {"status":"bad","gid":"620280","msg":"添加失败！号码【1435032(-|-)】已存在！"}
2024-09-19 00:50:47 随机等待 182 秒，约 3 分钟
2024-09-19 00:50:47 下次操作: 2024-09-19 00:53:49

2024-09-19 00:53:49 开始第 5036 次操作

2024-09-19 00:53:49 开始操作号码 【1435033】
2024-09-19 00:53:59 GSD getOne 第 1 次 等待 3 秒
2024-09-19 00:54:02 查询号码 【1435033】，返回信息 {"status":"ok","msg":"-","gid":"620314","time_insert":"2023-03-28 16:49"}
2024-09-19 00:54:02 查询号码 【1435033】，GSD为【"-"】
2024-09-19 00:54:02 ok && -
2024-09-19 00:54:04 CHB 1435033?1726678442 第 1 次 等待 3 秒
2024-09-19 00:54:07 CHB 1435033?1726678442 第 1 次 获取到号码【1435033】GSD
2024-09-19 00:54:07 未获取到号码【1435033】GSD，可能号码格式错误
2024-09-19 00:54:07 获取到号码【1435033】的GSD为【-】
2024-09-19 00:54:16 GSD insert 第 1 次 等待 3 秒
2024-09-19 00:54:19 {"status":"bad","gid":"620314","msg":"添加失败！号码【1435033(-|-)】已存在！"}

