2024-02-03 00:08:14 开始第 1629 次操作

2024-02-03 00:08:14 开始操作号码 【1761529】
2024-02-03 00:08:19 GSD getOne 第 1 次 等待 3 秒
2024-02-03 00:08:22 查询号码 【1761529】，返回信息 {"status":"ok","msg":"山东-菏泽","gid":"153300","time_insert":"2021-06-29 12:08"}
2024-02-03 00:08:22 查询号码 【1761529】，GSD为【"山东-菏泽"】

2024-02-03 00:08:23 开始第 1630 次操作

2024-02-03 00:08:23 开始操作号码 【1761530】
2024-02-03 00:08:30 GSD getOne 第 1 次 等待 3 秒
2024-02-03 00:08:33 查询号码 【1761530】，返回信息 {"status":"ok","msg":"山东-菏泽","gid":"153308","time_insert":"2021-06-29 12:09"}
2024-02-03 00:08:33 查询号码 【1761530】，GSD为【"山东-菏泽"】

2024-02-03 00:08:34 开始第 1631 次操作

2024-02-03 00:08:34 开始操作号码 【1761531】
2024-02-03 00:08:38 GSD getOne 第 1 次 等待 3 秒
2024-02-03 00:08:41 查询号码 【1761531】，返回信息 {"status":"ok","msg":"山东-济南","gid":"153315","time_insert":"2021-06-29 12:10"}
2024-02-03 00:08:41 查询号码 【1761531】，GSD为【"山东-济南"】

2024-02-03 00:08:42 开始第 1632 次操作

2024-02-03 00:08:42 开始操作号码 【1761532】
2024-02-03 00:08:46 GSD getOne 第 1 次 等待 3 秒
2024-02-03 00:08:49 查询号码 【1761532】，返回信息 {"status":"ok","msg":"山东-青岛","gid":"153324","time_insert":"2021-06-29 12:11"}
2024-02-03 00:08:49 查询号码 【1761532】，GSD为【"山东-青岛"】

