2023-11-11 00:09:27 开始第 8165 次操作

2023-11-11 00:09:27 开始操作号码 【1978064】
2023-11-11 00:09:30 GSD getOne 第 1 次 等待 3 秒
2023-11-11 00:09:33 查询号码 【1978064】，返回信息 {"status":"ok","msg":"-","gid":"585332","time_insert":"2023-03-12 06:28"}
2023-11-11 00:09:34 查询号码 【1978064】，GSD为【"-"】
2023-11-11 00:09:34 ok && -
2023-11-11 00:09:41 CHB 1978064?1699632574 第 1 次 等待 3 秒
2023-11-11 00:09:44 CHB 1978064?1699632574 第 1 次 获取到号码【1978064】GSD
2023-11-11 00:09:44 未获取到号码【1978064】GSD，可能号码格式错误
2023-11-11 00:09:44 获取到号码【1978064】的GSD为【-】
2023-11-11 00:09:54 GSD insert 第 1 次 等待 3 秒
2023-11-11 00:09:57 {"status":"bad","gid":"585332","msg":"添加失败！号码【1978064(-|-)】已存在！"}
2023-11-11 00:09:57 随机等待 234 秒，约 3 分钟
2023-11-11 00:09:57 下次操作: 2023-11-11 00:13:51

2023-11-11 00:13:51 开始第 8166 次操作

2023-11-11 00:13:51 开始操作号码 【1978065】
2023-11-11 00:13:53 GSD getOne 第 1 次 等待 3 秒
2023-11-11 00:13:56 查询号码 【1978065】，返回信息 {"status":"ok","msg":"-","gid":"585336","time_insert":"2023-03-12 06:29"}
2023-11-11 00:13:57 查询号码 【1978065】，GSD为【"-"】
2023-11-11 00:13:57 ok && -
2023-11-11 00:14:00 CHB 1978065?1699632837 第 1 次 等待 3 秒
2023-11-11 00:14:03 CHB 1978065?1699632837 第 1 次 获取到号码【1978065】GSD
2023-11-11 00:14:03 未获取到号码【1978065】GSD，可能号码格式错误
2023-11-11 00:14:03 获取到号码【1978065】的GSD为【-】
2023-11-11 00:14:06 GSD insert 第 1 次 等待 3 秒
2023-11-11 00:14:09 {"status":"bad","gid":"585336","msg":"添加失败！号码【1978065(-|-)】已存在！"}
2023-11-11 00:14:09 随机等待 112 秒，约 1 分钟
2023-11-11 00:14:09 下次操作: 2023-11-11 00:16:01

2023-11-11 00:16:01 开始第 8167 次操作

2023-11-11 00:16:01 开始操作号码 【1978066】
2023-11-11 00:16:04 GSD getOne 第 1 次 等待 3 秒
2023-11-11 00:16:07 查询号码 【1978066】，返回信息 {"status":"ok","msg":"-","gid":"585337","time_insert":"2023-03-12 06:30"}
2023-11-11 00:16:07 查询号码 【1978066】，GSD为【"-"】
2023-11-11 00:16:07 ok && -
2023-11-11 00:16:10 CHB 1978066?1699632967 第 1 次 等待 3 秒
2023-11-11 00:16:13 CHB 1978066?1699632967 第 1 次 获取到号码【1978066】GSD
2023-11-11 00:16:13 未获取到号码【1978066】GSD，可能号码格式错误
2023-11-11 00:16:13 获取到号码【1978066】的GSD为【-】
2023-11-11 00:16:16 GSD insert 第 1 次 等待 3 秒
2023-11-11 00:16:19 {"status":"bad","gid":"585337","msg":"添加失败！号码【1978066(-|-)】已存在！"}
2023-11-11 00:16:19 随机等待 119 秒，约 1 分钟
2023-11-11 00:16:19 下次操作: 2023-11-11 00:18:18

2023-11-11 00:18:18 开始第 8168 次操作

2023-11-11 00:18:18 开始操作号码 【1978067】
2023-11-11 00:18:21 GSD getOne 第 1 次 等待 3 秒
2023-11-11 00:18:24 查询号码 【1978067】，返回信息 {"status":"ok","msg":"-","gid":"585343","time_insert":"2023-03-12 06:33"}
2023-11-11 00:18:24 查询号码 【1978067】，GSD为【"-"】
2023-11-11 00:18:24 ok && -
2023-11-11 00:18:31 CHB 1978067?1699633104 第 1 次 等待 3 秒
2023-11-11 00:18:34 CHB 1978067?1699633104 第 1 次 获取到号码【1978067】GSD
2023-11-11 00:18:34 未获取到号码【1978067】GSD，可能号码格式错误
2023-11-11 00:18:34 获取到号码【1978067】的GSD为【-】
2023-11-11 00:18:40 GSD insert 第 1 次 等待 3 秒
2023-11-11 00:18:43 {"status":"bad","gid":"585343","msg":"添加失败！号码【1978067(-|-)】已存在！"}

2023-11-11 00:36:48 开始第 8169 次操作

2023-11-11 00:36:48 开始操作号码 【1978068】
2023-11-11 00:36:52 GSD getOne 第 1 次 等待 3 秒
2023-11-11 00:36:55 查询号码 【1978068】，返回信息 {"status":"ok","msg":"-","gid":"585346","time_insert":"2023-03-12 06:37"}
2023-11-11 00:36:55 查询号码 【1978068】，GSD为【"-"】
2023-11-11 00:36:55 ok && -
2023-11-11 00:36:58 CHB 1978068?1699634215 第 1 次 等待 3 秒
2023-11-11 00:37:01 CHB 1978068?1699634215 第 1 次 获取到号码【1978068】GSD
2023-11-11 00:37:01 未获取到号码【1978068】GSD，可能号码格式错误
2023-11-11 00:37:01 获取到号码【1978068】的GSD为【-】
2023-11-11 00:37:04 GSD insert 第 1 次 等待 3 秒
2023-11-11 00:37:07 {"status":"bad","gid":"585346","msg":"添加失败！号码【1978068(-|-)】已存在！"}
2023-11-11 00:37:07 随机等待 188 秒，约 3 分钟
2023-11-11 00:37:07 下次操作: 2023-11-11 00:40:15

2023-11-11 00:40:15 开始第 8170 次操作

2023-11-11 00:40:15 开始操作号码 【1978069】
2023-11-11 00:40:27 GSD getOne 第 1 次 等待 3 秒
2023-11-11 00:40:30 查询号码 【1978069】，返回信息 {"status":"ok","msg":"-","gid":"585349","time_insert":"2023-03-12 06:39"}
2023-11-11 00:40:30 查询号码 【1978069】，GSD为【"-"】
2023-11-11 00:40:30 ok && -
2023-11-11 00:40:32 CHB 1978069?1699634430 第 1 次 等待 3 秒
2023-11-11 00:40:35 CHB 1978069?1699634430 第 1 次 获取到号码【1978069】GSD
2023-11-11 00:40:35 未获取到号码【1978069】GSD，可能号码格式错误
2023-11-11 00:40:35 获取到号码【1978069】的GSD为【-】
2023-11-11 00:40:38 GSD insert 第 1 次 等待 3 秒
2023-11-11 00:40:41 {"status":"bad","gid":"585349","msg":"添加失败！号码【1978069(-|-)】已存在！"}
2023-11-11 00:40:41 随机等待 130 秒，约 2 分钟
2023-11-11 00:40:41 下次操作: 2023-11-11 00:42:51

2023-11-11 00:42:51 开始第 8171 次操作

2023-11-11 00:42:51 开始操作号码 【1978070】
2023-11-11 00:42:54 GSD getOne 第 1 次 等待 3 秒
2023-11-11 00:42:57 查询号码 【1978070】，返回信息 {"status":"ok","msg":"-","gid":"585356","time_insert":"2023-03-12 06:42"}
2023-11-11 00:42:57 查询号码 【1978070】，GSD为【"-"】
2023-11-11 00:42:57 ok && -
2023-11-11 00:43:00 CHB 1978070?1699634577 第 1 次 等待 3 秒
2023-11-11 00:43:03 CHB 1978070?1699634577 第 1 次 获取到号码【1978070】GSD
2023-11-11 00:43:03 未获取到号码【1978070】GSD，可能号码格式错误
2023-11-11 00:43:03 获取到号码【1978070】的GSD为【-】
2023-11-11 00:43:06 GSD insert 第 1 次 等待 3 秒
2023-11-11 00:43:09 {"status":"bad","gid":"585356","msg":"添加失败！号码【1978070(-|-)】已存在！"}
2023-11-11 00:43:09 随机等待 149 秒，约 2 分钟
2023-11-11 00:43:09 下次操作: 2023-11-11 00:45:38

2023-11-11 00:45:38 开始第 8172 次操作

2023-11-11 00:45:38 开始操作号码 【1978071】
2023-11-11 00:45:40 GSD getOne 第 1 次 等待 3 秒
2023-11-11 00:45:43 查询号码 【1978071】，返回信息 {"status":"ok","msg":"-","gid":"585362","time_insert":"2023-03-12 06:45"}
2023-11-11 00:45:43 查询号码 【1978071】，GSD为【"-"】
2023-11-11 00:45:43 ok && -
2023-11-11 00:45:46 CHB 1978071?1699634743 第 1 次 等待 3 秒
2023-11-11 00:45:49 CHB 1978071?1699634743 第 1 次 获取到号码【1978071】GSD
2023-11-11 00:45:49 未获取到号码【1978071】GSD，可能号码格式错误
2023-11-11 00:45:49 获取到号码【1978071】的GSD为【-】
2023-11-11 00:45:52 GSD insert 第 1 次 等待 3 秒
2023-11-11 00:45:55 {"status":"bad","gid":"585362","msg":"添加失败！号码【1978071(-|-)】已存在！"}

