2024-09-21 00:27:31 开始第 5361 次操作

2024-09-21 00:27:31 开始操作号码 【1435358】
2024-09-21 00:27:34 GSD getOne 第 1 次 等待 3 秒
2024-09-21 00:27:37 查询号码 【1435358】，返回信息 {"status":"ok","msg":"-","gid":"631615","time_insert":"2023-04-03 11:00"}
2024-09-21 00:27:37 查询号码 【1435358】，GSD为【"-"】
2024-09-21 00:27:37 ok && -
2024-09-21 00:27:43 CHB 1435358?1726849657 第 1 次 等待 3 秒
2024-09-21 00:27:46 CHB 1435358?1726849657 第 1 次 获取到号码【1435358】GSD
2024-09-21 00:27:46 未获取到号码【1435358】GSD，可能号码格式错误
2024-09-21 00:27:46 获取到号码【1435358】的GSD为【-】
2024-09-21 00:27:48 GSD insert 第 1 次 等待 3 秒
2024-09-21 00:27:51 {"status":"bad","gid":"631615","msg":"添加失败！号码【1435358(-|-)】已存在！"}
2024-09-21 00:27:51 随机等待 116 秒，约 1 分钟
2024-09-21 00:27:51 下次操作: 2024-09-21 00:29:47

2024-09-21 00:29:47 开始第 5362 次操作

2024-09-21 00:29:47 开始操作号码 【1435359】
2024-09-21 00:29:49 GSD getOne 第 1 次 等待 3 秒
2024-09-21 00:29:52 查询号码 【1435359】，返回信息 {"status":"ok","msg":"-","gid":"631648","time_insert":"2023-04-03 11:23"}
2024-09-21 00:29:52 查询号码 【1435359】，GSD为【"-"】
2024-09-21 00:29:52 ok && -
2024-09-21 00:29:55 CHB 1435359?1726849792 第 1 次 等待 3 秒
2024-09-21 00:29:58 CHB 1435359?1726849792 第 1 次 获取到号码【1435359】GSD
2024-09-21 00:29:58 未获取到号码【1435359】GSD，可能号码格式错误
2024-09-21 00:29:58 获取到号码【1435359】的GSD为【-】
2024-09-21 00:30:01 GSD insert 第 1 次 等待 3 秒
2024-09-21 00:30:04 {"status":"bad","gid":"631648","msg":"添加失败！号码【1435359(-|-)】已存在！"}
2024-09-21 00:30:04 随机等待 186 秒，约 3 分钟
2024-09-21 00:30:04 下次操作: 2024-09-21 00:33:10

2024-09-21 00:33:10 开始第 5363 次操作

2024-09-21 00:33:10 开始操作号码 【1435360】
2024-09-21 00:33:13 GSD getOne 第 1 次 等待 3 秒
2024-09-21 00:33:16 查询号码 【1435360】，返回信息 {"status":"ok","msg":"-","gid":"631662","time_insert":"2023-04-03 11:35"}
2024-09-21 00:33:16 查询号码 【1435360】，GSD为【"-"】
2024-09-21 00:33:16 ok && -
2024-09-21 00:33:17 CHB 1435360?1726849996 第 1 次 等待 3 秒
2024-09-21 00:33:20 CHB 1435360?1726849996 第 1 次 获取到号码【1435360】GSD
2024-09-21 00:33:20 未获取到号码【1435360】GSD，可能号码格式错误
2024-09-21 00:33:20 获取到号码【1435360】的GSD为【-】
2024-09-21 00:33:22 GSD insert 第 1 次 等待 3 秒
2024-09-21 00:33:25 {"status":"bad","gid":"631662","msg":"添加失败！号码【1435360(-|-)】已存在！"}
2024-09-21 00:33:25 随机等待 115 秒，约 1 分钟
2024-09-21 00:33:25 下次操作: 2024-09-21 00:35:20

2024-09-21 00:35:20 开始第 5364 次操作

2024-09-21 00:35:20 开始操作号码 【1435361】
2024-09-21 00:35:22 GSD getOne 第 1 次 等待 3 秒
2024-09-21 00:35:25 查询号码 【1435361】，返回信息 {"status":"ok","msg":"-","gid":"631705","time_insert":"2023-04-03 11:57"}
2024-09-21 00:35:25 查询号码 【1435361】，GSD为【"-"】
2024-09-21 00:35:25 ok && -
2024-09-21 00:35:27 CHB 1435361?1726850125 第 1 次 等待 3 秒
2024-09-21 00:35:30 CHB 1435361?1726850125 第 1 次 获取到号码【1435361】GSD
2024-09-21 00:35:30 未获取到号码【1435361】GSD，可能号码格式错误
2024-09-21 00:35:30 获取到号码【1435361】的GSD为【-】
2024-09-21 00:35:32 GSD insert 第 1 次 等待 3 秒
2024-09-21 00:35:35 {"status":"bad","gid":"631705","msg":"添加失败！号码【1435361(-|-)】已存在！"}

2024-09-21 00:45:52 开始第 5365 次操作

2024-09-21 00:45:52 开始操作号码 【1435362】
2024-09-21 00:45:54 GSD getOne 第 1 次 等待 3 秒
2024-09-21 00:45:57 查询号码 【1435362】，返回信息 {"status":"ok","msg":"-","gid":"631729","time_insert":"2023-04-03 12:16"}
2024-09-21 00:45:57 查询号码 【1435362】，GSD为【"-"】
2024-09-21 00:45:57 ok && -
2024-09-21 00:45:58 CHB 1435362?1726850757 第 1 次 等待 3 秒
2024-09-21 00:46:01 CHB 1435362?1726850757 第 1 次 获取到号码【1435362】GSD
2024-09-21 00:46:02 未获取到号码【1435362】GSD，可能号码格式错误
2024-09-21 00:46:02 获取到号码【1435362】的GSD为【-】
2024-09-21 00:46:03 GSD insert 第 1 次 等待 3 秒
2024-09-21 00:46:06 {"status":"bad","gid":"631729","msg":"添加失败！号码【1435362(-|-)】已存在！"}
2024-09-21 00:46:06 随机等待 224 秒，约 3 分钟
2024-09-21 00:46:06 下次操作: 2024-09-21 00:49:50

2024-09-21 00:49:50 开始第 5366 次操作

2024-09-21 00:49:50 开始操作号码 【1435363】
2024-09-21 00:49:52 GSD getOne 第 1 次 等待 3 秒
2024-09-21 00:49:55 查询号码 【1435363】，返回信息 {"status":"ok","msg":"-","gid":"631754","time_insert":"2023-04-03 12:35"}
2024-09-21 00:49:55 查询号码 【1435363】，GSD为【"-"】
2024-09-21 00:49:55 ok && -
2024-09-21 00:49:57 CHB 1435363?1726850995 第 1 次 等待 3 秒
2024-09-21 00:50:00 CHB 1435363?1726850995 第 1 次 获取到号码【1435363】GSD
2024-09-21 00:50:00 未获取到号码【1435363】GSD，可能号码格式错误
2024-09-21 00:50:00 获取到号码【1435363】的GSD为【-】
2024-09-21 00:50:02 GSD insert 第 1 次 等待 3 秒
2024-09-21 00:50:05 {"status":"bad","gid":"631754","msg":"添加失败！号码【1435363(-|-)】已存在！"}
2024-09-21 00:50:05 随机等待 135 秒，约 2 分钟
2024-09-21 00:50:05 下次操作: 2024-09-21 00:52:20

2024-09-21 00:52:20 开始第 5367 次操作

2024-09-21 00:52:20 开始操作号码 【1435364】
2024-09-21 00:52:22 GSD getOne 第 1 次 等待 3 秒
2024-09-21 00:52:25 查询号码 【1435364】，返回信息 {"status":"ok","msg":"-","gid":"631772","time_insert":"2023-04-03 12:43"}
2024-09-21 00:52:25 查询号码 【1435364】，GSD为【"-"】
2024-09-21 00:52:25 ok && -
2024-09-21 00:52:26 CHB 1435364?1726851145 第 1 次 等待 3 秒
2024-09-21 00:52:29 CHB 1435364?1726851145 第 1 次 获取到号码【1435364】GSD
2024-09-21 00:52:29 未获取到号码【1435364】GSD，可能号码格式错误
2024-09-21 00:52:29 获取到号码【1435364】的GSD为【-】
2024-09-21 00:52:31 GSD insert 第 1 次 等待 3 秒
2024-09-21 00:52:34 {"status":"bad","gid":"631772","msg":"添加失败！号码【1435364(-|-)】已存在！"}
2024-09-21 00:52:34 随机等待 137 秒，约 2 分钟
2024-09-21 00:52:34 下次操作: 2024-09-21 00:54:51

2024-09-21 00:54:51 开始第 5368 次操作

2024-09-21 00:54:51 开始操作号码 【1435365】
2024-09-21 00:54:54 GSD getOne 第 1 次 等待 3 秒
2024-09-21 00:54:57 查询号码 【1435365】，返回信息 {"status":"ok","msg":"-","gid":"631786","time_insert":"2023-04-03 12:53"}
2024-09-21 00:54:57 查询号码 【1435365】，GSD为【"-"】
2024-09-21 00:54:57 ok && -
2024-09-21 00:54:59 CHB 1435365?1726851297 第 1 次 等待 3 秒
2024-09-21 00:55:02 CHB 1435365?1726851297 第 1 次 获取到号码【1435365】GSD
2024-09-21 00:55:02 未获取到号码【1435365】GSD，可能号码格式错误
2024-09-21 00:55:02 获取到号码【1435365】的GSD为【-】
2024-09-21 00:55:18 GSD insert 第 1 次 等待 3 秒
2024-09-21 00:55:21 {"status":"bad","gid":"631786","msg":"添加失败！号码【1435365(-|-)】已存在！"}

