2024-07-08 00:09:19 开始第 4965 次操作

2024-07-08 00:09:19 开始操作号码 【1544848】
2024-07-08 00:09:27 GSD getOne 第 1 次 等待 3 秒
2024-07-08 00:09:30 查询号码 【1544848】，返回信息 {"status":"ok","msg":"-","gid":"619185","time_insert":"2023-03-28 03:49"}
2024-07-08 00:09:30 查询号码 【1544848】，GSD为【"-"】
2024-07-08 00:09:30 ok && -
2024-07-08 00:09:32 CHB 1544848?1720368570 第 1 次 等待 3 秒
2024-07-08 00:09:35 CHB 1544848?1720368570 第 1 次 获取到号码【1544848】GSD
2024-07-08 00:09:35 未获取到号码【1544848】GSD，可能号码格式错误
2024-07-08 00:09:35 获取到号码【1544848】的GSD为【-】
2024-07-08 00:09:46 GSD insert 第 1 次 等待 3 秒
2024-07-08 00:09:49 {"status":"bad","gid":"619185","msg":"添加失败！号码【1544848(-|-)】已存在！"}
2024-07-08 00:09:49 随机等待 112 秒，约 1 分钟
2024-07-08 00:09:49 下次操作: 2024-07-08 00:11:41

2024-07-08 00:11:41 开始第 4966 次操作

2024-07-08 00:11:41 开始操作号码 【1544849】
2024-07-08 00:11:49 GSD getOne 第 1 次 等待 3 秒
2024-07-08 00:11:52 查询号码 【1544849】，返回信息 {"status":"ok","msg":"-","gid":"619221","time_insert":"2023-03-28 04:13"}
2024-07-08 00:11:52 查询号码 【1544849】，GSD为【"-"】
2024-07-08 00:11:52 ok && -
2024-07-08 00:11:54 CHB 1544849?1720368712 第 1 次 等待 3 秒
2024-07-08 00:11:57 CHB 1544849?1720368712 第 1 次 获取到号码【1544849】GSD
2024-07-08 00:11:57 未获取到号码【1544849】GSD，可能号码格式错误
2024-07-08 00:11:57 获取到号码【1544849】的GSD为【-】
2024-07-08 00:12:05 GSD insert 第 1 次 等待 3 秒
2024-07-08 00:12:08 {"status":"bad","gid":"619221","msg":"添加失败！号码【1544849(-|-)】已存在！"}
2024-07-08 00:12:08 随机等待 223 秒，约 3 分钟
2024-07-08 00:12:08 下次操作: 2024-07-08 00:15:51

2024-07-08 00:15:51 开始第 4967 次操作

2024-07-08 00:15:51 开始操作号码 【1544850】
2024-07-08 00:15:59 GSD getOne 第 1 次 等待 3 秒
2024-07-08 00:16:03 查询号码 【1544850】，返回信息 {"status":"ok","msg":"-","gid":"619247","time_insert":"2023-03-28 04:32"}
2024-07-08 00:16:03 查询号码 【1544850】，GSD为【"-"】
2024-07-08 00:16:03 ok && -
2024-07-08 00:16:05 CHB 1544850?1720368963 第 1 次 等待 3 秒
2024-07-08 00:16:08 CHB 1544850?1720368963 第 1 次 获取到号码【1544850】GSD
2024-07-08 00:16:08 未获取到号码【1544850】GSD，可能号码格式错误
2024-07-08 00:16:08 获取到号码【1544850】的GSD为【-】
2024-07-08 00:16:16 GSD insert 第 1 次 等待 3 秒
2024-07-08 00:16:19 {"status":"bad","gid":"619247","msg":"添加失败！号码【1544850(-|-)】已存在！"}
2024-07-08 00:16:19 随机等待 213 秒，约 3 分钟
2024-07-08 00:16:19 下次操作: 2024-07-08 00:19:52

2024-07-08 00:19:52 开始第 4968 次操作

2024-07-08 00:19:52 开始操作号码 【1544851】
2024-07-08 00:20:01 GSD getOne 第 1 次 等待 3 秒
2024-07-08 00:20:04 查询号码 【1544851】，返回信息 {"status":"ok","msg":"-","gid":"619272","time_insert":"2023-03-28 04:49"}
2024-07-08 00:20:04 查询号码 【1544851】，GSD为【"-"】
2024-07-08 00:20:04 ok && -
2024-07-08 00:20:07 CHB 1544851?1720369204 第 1 次 等待 3 秒
2024-07-08 00:20:10 CHB 1544851?1720369204 第 1 次 获取到号码【1544851】GSD
2024-07-08 00:20:10 未获取到号码【1544851】GSD，可能号码格式错误
2024-07-08 00:20:10 获取到号码【1544851】的GSD为【-】
2024-07-08 00:20:18 GSD insert 第 1 次 等待 3 秒
2024-07-08 00:20:21 {"status":"bad","gid":"619272","msg":"添加失败！号码【1544851(-|-)】已存在！"}

