2023-10-22 00:08:20 开始第 4501 次操作

2023-10-22 00:08:20 开始操作号码 【1974411】
2023-10-22 00:08:27 GSD getOne 第 1 次 等待 3 秒
2023-10-22 00:08:30 查询号码 【1974411】，返回信息 {"status":"ok","msg":"-","gid":"562913","time_insert":"2023-03-01 13:32"}
2023-10-22 00:08:30 查询号码 【1974411】，GSD为【"-"】
2023-10-22 00:08:30 ok && -
2023-10-22 00:08:32 CHB 1974411?1697904510 第 1 次 等待 3 秒
2023-10-22 00:08:35 CHB 1974411?1697904510 第 1 次 获取到号码【1974411】GSD
2023-10-22 00:08:35 未获取到号码【1974411】GSD，可能号码格式错误
2023-10-22 00:08:35 获取到号码【1974411】的GSD为【-】
2023-10-22 00:08:44 GSD insert 第 1 次 等待 3 秒
2023-10-22 00:08:47 {"status":"bad","gid":"562913","msg":"添加失败！号码【1974411(-|-)】已存在！"}
2023-10-22 00:08:47 随机等待 78 秒，约 1 分钟
2023-10-22 00:08:47 下次操作: 2023-10-22 00:10:05

2023-10-22 00:10:05 开始第 4502 次操作

2023-10-22 00:10:05 开始操作号码 【1974412】
2023-10-22 00:10:11 GSD getOne 第 1 次 等待 3 秒
2023-10-22 00:10:14 查询号码 【1974412】，返回信息 {"status":"ok","msg":"-","gid":"562923","time_insert":"2023-03-01 13:35"}
2023-10-22 00:10:14 查询号码 【1974412】，GSD为【"-"】
2023-10-22 00:10:14 ok && -
2023-10-22 00:10:15 CHB 1974412?1697904614 第 1 次 等待 3 秒
2023-10-22 00:10:18 CHB 1974412?1697904614 第 1 次 获取到号码【1974412】GSD
2023-10-22 00:10:18 未获取到号码【1974412】GSD，可能号码格式错误
2023-10-22 00:10:18 获取到号码【1974412】的GSD为【-】
2023-10-22 00:10:25 GSD insert 第 1 次 等待 3 秒
2023-10-22 00:10:28 {"status":"bad","gid":"562923","msg":"添加失败！号码【1974412(-|-)】已存在！"}
2023-10-22 00:10:28 随机等待 133 秒，约 2 分钟
2023-10-22 00:10:28 下次操作: 2023-10-22 00:12:41

2023-10-22 00:12:41 开始第 4503 次操作

2023-10-22 00:12:41 开始操作号码 【1974413】
2023-10-22 00:12:46 GSD getOne 第 1 次 等待 3 秒
2023-10-22 00:12:49 查询号码 【1974413】，返回信息 {"status":"ok","msg":"-","gid":"562925","time_insert":"2023-03-01 13:37"}
2023-10-22 00:12:49 查询号码 【1974413】，GSD为【"-"】
2023-10-22 00:12:49 ok && -
2023-10-22 00:12:55 CHB 1974413?1697904769 第 1 次 等待 3 秒
2023-10-22 00:12:58 CHB 1974413?1697904769 第 1 次 获取到号码【1974413】GSD
2023-10-22 00:12:58 未获取到号码【1974413】GSD，可能号码格式错误
2023-10-22 00:12:58 获取到号码【1974413】的GSD为【-】
2023-10-22 00:13:05 GSD insert 第 1 次 等待 3 秒
2023-10-22 00:13:08 {"status":"bad","gid":"562925","msg":"添加失败！号码【1974413(-|-)】已存在！"}
2023-10-22 00:13:08 随机等待 189 秒，约 3 分钟
2023-10-22 00:13:08 下次操作: 2023-10-22 00:16:17

2023-10-22 00:16:17 开始第 4504 次操作

2023-10-22 00:16:17 开始操作号码 【1974414】
2023-10-22 00:16:19 GSD getOne 第 1 次 等待 3 秒
2023-10-22 00:16:22 查询号码 【1974414】，返回信息 {"status":"ok","msg":"-","gid":"562928","time_insert":"2023-03-01 13:39"}
2023-10-22 00:16:22 查询号码 【1974414】，GSD为【"-"】
2023-10-22 00:16:22 ok && -
2023-10-22 00:16:30 CHB 1974414?1697904982 第 1 次 等待 3 秒
2023-10-22 00:16:33 CHB 1974414?1697904982 第 1 次 获取到号码【1974414】GSD
2023-10-22 00:16:33 未获取到号码【1974414】GSD，可能号码格式错误
2023-10-22 00:16:33 获取到号码【1974414】的GSD为【-】
2023-10-22 00:16:38 GSD insert 第 1 次 等待 3 秒
2023-10-22 00:16:41 {"status":"bad","gid":"562928","msg":"添加失败！号码【1974414(-|-)】已存在！"}

2023-10-22 00:35:00 开始第 4505 次操作

2023-10-22 00:35:00 开始操作号码 【1974415】
2023-10-22 00:35:07 GSD getOne 第 1 次 等待 3 秒
2023-10-22 00:35:10 查询号码 【1974415】，返回信息 {"status":"ok","msg":"-","gid":"562932","time_insert":"2023-03-01 13:41"}
2023-10-22 00:35:11 查询号码 【1974415】，GSD为【"-"】
2023-10-22 00:35:11 ok && -
2023-10-22 00:35:17 CHB 1974415?1697906111 第 1 次 等待 3 秒
2023-10-22 00:35:20 CHB 1974415?1697906111 第 1 次 获取到号码【1974415】GSD
2023-10-22 00:35:20 未获取到号码【1974415】GSD，可能号码格式错误
2023-10-22 00:35:20 获取到号码【1974415】的GSD为【-】
2023-10-22 00:35:33 GSD insert 第 1 次 等待 3 秒
2023-10-22 00:35:36 {"status":"bad","gid":"562932","msg":"添加失败！号码【1974415(-|-)】已存在！"}
2023-10-22 00:35:36 随机等待 87 秒，约 1 分钟
2023-10-22 00:35:36 下次操作: 2023-10-22 00:37:03

2023-10-22 00:37:03 开始第 4506 次操作

2023-10-22 00:37:03 开始操作号码 【1974416】
2023-10-22 00:37:11 GSD getOne 第 1 次 等待 3 秒
2023-10-22 00:37:14 查询号码 【1974416】，返回信息 {"status":"ok","msg":"-","gid":"562934","time_insert":"2023-03-01 13:42"}
2023-10-22 00:37:14 查询号码 【1974416】，GSD为【"-"】
2023-10-22 00:37:14 ok && -
2023-10-22 00:37:16 CHB 1974416?1697906234 第 1 次 等待 3 秒
2023-10-22 00:37:19 CHB 1974416?1697906234 第 1 次 获取到号码【1974416】GSD
2023-10-22 00:37:19 未获取到号码【1974416】GSD，可能号码格式错误
2023-10-22 00:37:19 获取到号码【1974416】的GSD为【-】
2023-10-22 00:37:25 GSD insert 第 1 次 等待 3 秒
2023-10-22 00:37:28 {"status":"bad","gid":"562934","msg":"添加失败！号码【1974416(-|-)】已存在！"}
2023-10-22 00:37:28 随机等待 118 秒，约 1 分钟
2023-10-22 00:37:28 下次操作: 2023-10-22 00:39:26

2023-10-22 00:39:26 开始第 4507 次操作

2023-10-22 00:39:26 开始操作号码 【1974417】
2023-10-22 00:39:32 GSD getOne 第 1 次 等待 3 秒
2023-10-22 00:39:35 查询号码 【1974417】，返回信息 {"status":"ok","msg":"-","gid":"562939","time_insert":"2023-03-01 13:44"}
2023-10-22 00:39:35 查询号码 【1974417】，GSD为【"-"】
2023-10-22 00:39:35 ok && -
2023-10-22 00:39:37 CHB 1974417?1697906375 第 1 次 等待 3 秒
2023-10-22 00:39:40 CHB 1974417?1697906375 第 1 次 获取到号码【1974417】GSD
2023-10-22 00:39:40 未获取到号码【1974417】GSD，可能号码格式错误
2023-10-22 00:39:40 获取到号码【1974417】的GSD为【-】
2023-10-22 00:39:46 GSD insert 第 1 次 等待 3 秒
2023-10-22 00:39:49 {"status":"bad","gid":"562939","msg":"添加失败！号码【1974417(-|-)】已存在！"}
2023-10-22 00:39:49 随机等待 70 秒，约 1 分钟
2023-10-22 00:39:49 下次操作: 2023-10-22 00:40:59

2023-10-22 00:40:59 开始第 4508 次操作

2023-10-22 00:40:59 开始操作号码 【1974418】
2023-10-22 00:41:03 GSD getOne 第 1 次 等待 3 秒
2023-10-22 00:41:06 查询号码 【1974418】，返回信息 {"status":"ok","msg":"-","gid":"562946","time_insert":"2023-03-01 13:49"}
2023-10-22 00:41:06 查询号码 【1974418】，GSD为【"-"】
2023-10-22 00:41:06 ok && -
2023-10-22 00:41:13 CHB 1974418?1697906466 第 1 次 等待 3 秒
2023-10-22 00:41:16 CHB 1974418?1697906466 第 1 次 获取到号码【1974418】GSD
2023-10-22 00:41:16 未获取到号码【1974418】GSD，可能号码格式错误
2023-10-22 00:41:16 获取到号码【1974418】的GSD为【-】
2023-10-22 00:41:19 GSD insert 第 1 次 等待 3 秒
2023-10-22 00:41:22 {"status":"bad","gid":"562946","msg":"添加失败！号码【1974418(-|-)】已存在！"}

