2021-07-04 00:00:56 开始第 10 次操作

2021-07-04 00:00:56 开始操作号码 【1754842】
2021-07-04 00:01:10 GSD getOne 第 1 次 等待 1 秒
2021-07-04 00:01:11 查询号码 【1754842】，返回信息 {"status":"bad","msg":""}
2021-07-04 00:01:11 查询号码 【1754842】，GSD为【""】
2021-07-04 00:01:11 bad
2021-07-04 00:01:13 CHB 1754842?1625328071 第 1 次 等待 1 秒
2021-07-04 00:01:14 CHB 1754842?1625328071 第 1 次 获取到号码【1754842】GSD
2021-07-04 00:01:14 获取到号码【1754842】的GSD为【内蒙古-乌兰察布】
2021-07-04 00:01:35 GSD insert 第 1 次 等待 1 秒
2021-07-04 00:01:36 {"status":"ok","msg":"添加成功！185564"}
2021-07-04 00:01:36 下次操作: 2021-07-04 00:01:50

2021-07-04 00:01:50 开始第 11 次操作

2021-07-04 00:01:50 开始操作号码 【1754843】
2021-07-04 00:01:56 GSD getOne 第 1 次 等待 1 秒
2021-07-04 00:01:57 查询号码 【1754843】，返回信息 {"status":"bad","msg":""}
2021-07-04 00:01:58 查询号码 【1754843】，GSD为【""】
2021-07-04 00:01:58 bad
2021-07-04 00:01:59 CHB 1754843?1625328118 第 1 次 等待 1 秒
2021-07-04 00:02:00 CHB 1754843?1625328118 第 1 次 获取到号码【1754843】GSD
2021-07-04 00:02:00 获取到号码【1754843】的GSD为【内蒙古-乌兰察布】
2021-07-04 00:02:26 GSD insert 第 1 次 等待 1 秒
2021-07-04 00:02:27 {"status":"ok","msg":"添加成功！185576"}
2021-07-04 00:02:27 下次操作: 2021-07-04 00:02:35

2021-07-04 00:02:35 开始第 12 次操作

2021-07-04 00:02:35 开始操作号码 【1754844】
2021-07-04 00:02:55 GSD getOne 第 1 次 等待 1 秒
2021-07-04 00:02:56 查询号码 【1754844】，返回信息 {"status":"bad","msg":""}
2021-07-04 00:02:56 查询号码 【1754844】，GSD为【""】
2021-07-04 00:02:56 bad
2021-07-04 00:02:57 CHB 1754844?1625328176 第 1 次 等待 1 秒
2021-07-04 00:02:58 CHB 1754844?1625328176 第 1 次 获取到号码【1754844】GSD
2021-07-04 00:02:58 获取到号码【1754844】的GSD为【内蒙古-乌兰察布】
2021-07-04 00:03:25 GSD insert 第 1 次 等待 1 秒
2021-07-04 00:03:26 {"status":"ok","msg":"添加成功！185585"}
2021-07-04 00:03:26 下次操作: 2021-07-04 00:03:41

2021-07-04 00:03:41 开始第 13 次操作

2021-07-04 00:03:41 开始操作号码 【1754845】
2021-07-04 00:03:51 GSD getOne 第 1 次 等待 1 秒
2021-07-04 00:03:52 查询号码 【1754845】，返回信息 {"status":"bad","msg":""}
2021-07-04 00:03:52 查询号码 【1754845】，GSD为【""】
2021-07-04 00:03:52 bad
2021-07-04 00:03:54 CHB 1754845?1625328232 第 1 次 等待 1 秒
2021-07-04 00:03:55 CHB 1754845?1625328232 第 1 次 获取到号码【1754845】GSD
2021-07-04 00:03:55 获取到号码【1754845】的GSD为【内蒙古-乌兰察布】
2021-07-04 00:04:14 GSD insert 第 1 次 等待 1 秒
2021-07-04 00:04:15 {"status":"ok","msg":"添加成功！185596"}
2021-07-04 00:04:15 下次操作: 2021-07-04 00:04:26

2021-07-04 00:04:26 开始第 14 次操作

2021-07-04 00:04:26 开始操作号码 【1754846】
2021-07-04 00:04:39 GSD getOne 第 1 次 等待 1 秒
2021-07-04 00:04:40 查询号码 【1754846】，返回信息 {"status":"bad","msg":""}
2021-07-04 00:04:41 查询号码 【1754846】，GSD为【""】
2021-07-04 00:04:41 bad
2021-07-04 00:04:42 CHB 1754846?1625328281 第 1 次 等待 1 秒
2021-07-04 00:04:43 CHB 1754846?1625328281 第 1 次 获取到号码【1754846】GSD
2021-07-04 00:04:44 获取到号码【1754846】的GSD为【内蒙古-乌兰察布】
2021-07-04 00:05:03 GSD insert 第 1 次 等待 1 秒
2021-07-04 00:05:04 {"status":"ok","msg":"添加成功！185605"}
2021-07-04 00:05:04 下次操作: 2021-07-04 00:05:20

2021-07-04 00:05:20 开始第 15 次操作

2021-07-04 00:05:20 开始操作号码 【1754847】
2021-07-04 00:05:29 GSD getOne 第 1 次 等待 1 秒
2021-07-04 00:05:30 查询号码 【1754847】，返回信息 {"status":"bad","msg":""}
2021-07-04 00:05:30 查询号码 【1754847】，GSD为【""】
2021-07-04 00:05:30 bad
2021-07-04 00:05:31 CHB 1754847?1625328330 第 1 次 等待 1 秒
2021-07-04 00:05:32 CHB 1754847?1625328330 第 1 次 获取到号码【1754847】GSD
2021-07-04 00:05:33 获取到号码【1754847】的GSD为【内蒙古-乌兰察布】
2021-07-04 00:05:51 GSD insert 第 1 次 等待 1 秒
2021-07-04 00:05:52 {"status":"ok","msg":"添加成功！185613"}
2021-07-04 00:05:52 下次操作: 2021-07-04 00:06:04

2021-07-04 00:06:04 开始第 16 次操作

2021-07-04 00:06:04 开始操作号码 【1754848】
2021-07-04 00:06:16 GSD getOne 第 1 次 等待 1 秒
2021-07-04 00:06:17 查询号码 【1754848】，返回信息 {"status":"bad","msg":""}
2021-07-04 00:06:17 查询号码 【1754848】，GSD为【""】
2021-07-04 00:06:17 bad
2021-07-04 00:06:18 CHB 1754848?1625328377 第 1 次 等待 1 秒
2021-07-04 00:06:19 CHB 1754848?1625328377 第 1 次 获取到号码【1754848】GSD
2021-07-04 00:06:19 获取到号码【1754848】的GSD为【内蒙古-乌兰察布】
2021-07-04 00:06:38 GSD insert 第 1 次 等待 1 秒
2021-07-04 00:06:39 {"status":"ok","msg":"添加成功！185624"}
2021-07-04 00:06:39 下次操作: 2021-07-04 00:06:51

2021-07-04 00:06:51 开始第 17 次操作

2021-07-04 00:06:51 开始操作号码 【1754849】
2021-07-04 00:07:02 GSD getOne 第 1 次 等待 1 秒
2021-07-04 00:07:03 查询号码 【1754849】，返回信息 {"status":"bad","msg":""}
2021-07-04 00:07:03 查询号码 【1754849】，GSD为【""】
2021-07-04 00:07:03 bad
2021-07-04 00:07:05 CHB 1754849?1625328423 第 1 次 等待 1 秒
2021-07-04 00:07:06 CHB 1754849?1625328423 第 1 次 获取到号码【1754849】GSD
2021-07-04 00:07:06 获取到号码【1754849】的GSD为【内蒙古-乌兰察布】
2021-07-04 00:07:25 GSD insert 第 1 次 等待 1 秒
2021-07-04 00:07:26 {"status":"ok","msg":"添加成功！185634"}
2021-07-04 00:07:26 下次操作: 2021-07-04 00:07:40

2021-07-04 00:07:40 开始第 18 次操作

2021-07-04 00:07:40 开始操作号码 【1754850】
2021-07-04 00:07:48 GSD getOne 第 1 次 等待 1 秒
2021-07-04 00:07:49 查询号码 【1754850】，返回信息 {"status":"bad","msg":""}
2021-07-04 00:07:49 查询号码 【1754850】，GSD为【""】
2021-07-04 00:07:49 bad
2021-07-04 00:07:50 CHB 1754850?1625328469 第 1 次 等待 1 秒
2021-07-04 00:07:51 CHB 1754850?1625328469 第 1 次 获取到号码【1754850】GSD
2021-07-04 00:07:51 获取到号码【1754850】的GSD为【内蒙古-通辽】
2021-07-04 00:08:14 GSD insert 第 1 次 等待 1 秒
2021-07-04 00:08:15 {"status":"ok","msg":"添加成功！185644"}
2021-07-04 00:08:15 下次操作: 2021-07-04 00:08:32

2021-07-04 00:08:32 开始第 19 次操作

2021-07-04 00:08:32 开始操作号码 【1754851】
2021-07-04 00:08:36 GSD getOne 第 1 次 等待 1 秒
2021-07-04 00:08:37 查询号码 【1754851】，返回信息 {"status":"bad","msg":""}
2021-07-04 00:08:38 查询号码 【1754851】，GSD为【""】
2021-07-04 00:08:38 bad
2021-07-04 00:08:39 CHB 1754851?1625328518 第 1 次 等待 1 秒
2021-07-04 00:08:40 CHB 1754851?1625328518 第 1 次 获取到号码【1754851】GSD
2021-07-04 00:08:40 获取到号码【1754851】的GSD为【内蒙古-通辽】
2021-07-04 00:09:04 GSD insert 第 1 次 等待 1 秒
2021-07-04 00:09:05 {"status":"ok","msg":"添加成功！185654"}
2021-07-04 00:09:05 下次操作: 2021-07-04 00:09:20

2021-07-04 00:09:20 开始第 20 次操作

2021-07-04 00:09:20 开始操作号码 【1754852】
2021-07-04 00:09:29 GSD getOne 第 1 次 等待 1 秒
2021-07-04 00:09:30 查询号码 【1754852】，返回信息 {"status":"bad","msg":""}
2021-07-04 00:09:30 查询号码 【1754852】，GSD为【""】
2021-07-04 00:09:30 bad
2021-07-04 00:09:35 CHB 1754852?1625328570 第 1 次 等待 1 秒
2021-07-04 00:09:36 CHB 1754852?1625328570 第 1 次 获取到号码【1754852】GSD
2021-07-04 00:09:36 获取到号码【1754852】的GSD为【内蒙古-通辽】
2021-07-04 00:09:55 GSD insert 第 1 次 等待 1 秒
2021-07-04 00:09:56 {"status":"ok","msg":"添加成功！185662"}
2021-07-04 00:09:56 下次操作: 2021-07-04 00:10:11

2021-07-04 00:10:11 开始第 21 次操作

2021-07-04 00:10:11 开始操作号码 【1754853】
2021-07-04 00:10:17 GSD getOne 第 1 次 等待 1 秒
2021-07-04 00:10:18 查询号码 【1754853】，返回信息 {"status":"bad","msg":""}
2021-07-04 00:10:18 查询号码 【1754853】，GSD为【""】
2021-07-04 00:10:18 bad
2021-07-04 00:10:19 CHB 1754853?1625328618 第 1 次 等待 1 秒
2021-07-04 00:10:20 CHB 1754853?1625328618 第 1 次 获取到号码【1754853】GSD
2021-07-04 00:10:21 获取到号码【1754853】的GSD为【内蒙古-通辽】
2021-07-04 00:10:42 GSD insert 第 1 次 等待 1 秒
2021-07-04 00:10:43 {"status":"ok","msg":"添加成功！185672"}
2021-07-04 00:10:43 下次操作: 2021-07-04 00:10:52

2021-07-04 00:10:52 开始第 22 次操作

2021-07-04 00:10:52 开始操作号码 【1754854】
2021-07-04 00:11:12 GSD getOne 第 1 次 等待 1 秒
2021-07-04 00:11:13 查询号码 【1754854】，返回信息 {"status":"bad","msg":""}
2021-07-04 00:11:13 查询号码 【1754854】，GSD为【""】
2021-07-04 00:11:13 bad
2021-07-04 00:11:15 CHB 1754854?1625328673 第 1 次 等待 1 秒
2021-07-04 00:11:16 CHB 1754854?1625328673 第 1 次 获取到号码【1754854】GSD
2021-07-04 00:11:16 获取到号码【1754854】的GSD为【内蒙古-通辽】
2021-07-04 00:11:36 GSD insert 第 1 次 等待 1 秒
2021-07-04 00:11:37 {"status":"ok","msg":"添加成功！185681"}
2021-07-04 00:11:37 下次操作: 2021-07-04 00:11:52

2021-07-04 00:11:52 开始第 23 次操作

2021-07-04 00:11:52 开始操作号码 【1754855】
2021-07-04 00:11:58 GSD getOne 第 1 次 等待 1 秒
2021-07-04 00:11:59 查询号码 【1754855】，返回信息 {"status":"bad","msg":""}
2021-07-04 00:12:00 查询号码 【1754855】，GSD为【""】
2021-07-04 00:12:00 bad
2021-07-04 00:12:01 CHB 1754855?1625328720 第 1 次 等待 1 秒
2021-07-04 00:12:02 CHB 1754855?1625328720 第 1 次 获取到号码【1754855】GSD
2021-07-04 00:12:02 获取到号码【1754855】的GSD为【内蒙古-通辽】
2021-07-04 00:12:21 GSD insert 第 1 次 等待 1 秒
2021-07-04 00:12:22 {"status":"ok","msg":"添加成功！185691"}
2021-07-04 00:12:22 下次操作: 2021-07-04 00:12:30

2021-07-04 00:12:30 开始第 24 次操作

2021-07-04 00:12:30 开始操作号码 【1754856】
2021-07-04 00:13:09 GSD getOne 第 1 次 等待 1 秒
2021-07-04 00:13:10 查询号码 【1754856】，返回信息 {"status":"bad","msg":""}
2021-07-04 00:13:10 查询号码 【1754856】，GSD为【""】
2021-07-04 00:13:10 bad
2021-07-04 00:13:12 CHB 1754856?1625328790 第 1 次 等待 1 秒
2021-07-04 00:13:13 CHB 1754856?1625328790 第 1 次 获取到号码【1754856】GSD
2021-07-04 00:13:13 获取到号码【1754856】的GSD为【内蒙古-通辽】
2021-07-04 00:13:32 GSD insert 第 1 次 等待 1 秒
2021-07-04 00:13:33 {"status":"ok","msg":"添加成功！185706"}
2021-07-04 00:13:33 下次操作: 2021-07-04 00:13:45

2021-07-04 00:13:45 开始第 25 次操作

2021-07-04 00:13:45 开始操作号码 【1754857】
2021-07-04 00:13:57 GSD getOne 第 1 次 等待 1 秒
2021-07-04 00:13:58 查询号码 【1754857】，返回信息 {"status":"bad","msg":""}
2021-07-04 00:13:58 查询号码 【1754857】，GSD为【""】
2021-07-04 00:13:58 bad
2021-07-04 00:13:59 CHB 1754857?1625328838 第 1 次 等待 1 秒
2021-07-04 00:14:00 CHB 1754857?1625328838 第 1 次 获取到号码【1754857】GSD
2021-07-04 00:14:00 获取到号码【1754857】的GSD为【内蒙古-通辽】
2021-07-04 00:14:20 GSD insert 第 1 次 等待 1 秒
2021-07-04 00:14:21 {"status":"ok","msg":"添加成功！185716"}
2021-07-04 00:14:21 下次操作: 2021-07-04 00:14:32

2021-07-04 00:14:32 开始第 26 次操作

2021-07-04 00:14:32 开始操作号码 【1754858】
2021-07-04 00:14:55 GSD getOne 第 1 次 等待 1 秒
2021-07-04 00:14:56 查询号码 【1754858】，返回信息 {"status":"bad","msg":""}
2021-07-04 00:14:56 查询号码 【1754858】，GSD为【""】
2021-07-04 00:14:56 bad
2021-07-04 00:14:57 CHB 1754858?1625328896 第 1 次 等待 1 秒
2021-07-04 00:14:58 CHB 1754858?1625328896 第 1 次 获取到号码【1754858】GSD
2021-07-04 00:14:58 获取到号码【1754858】的GSD为【内蒙古-通辽】
2021-07-04 00:15:36 GSD insert 第 1 次 等待 1 秒
2021-07-04 00:15:37 {"status":"ok","msg":"添加成功！185728"}
2021-07-04 00:15:37 下次操作: 2021-07-04 00:15:55

2021-07-04 00:15:55 开始第 27 次操作

2021-07-04 00:15:55 开始操作号码 【1754859】
2021-07-04 00:15:58 GSD getOne 第 1 次 等待 1 秒
2021-07-04 00:15:59 查询号码 【1754859】，返回信息 {"status":"bad","msg":""}
2021-07-04 00:15:59 查询号码 【1754859】，GSD为【""】
2021-07-04 00:15:59 bad
2021-07-04 00:16:01 CHB 1754859?1625328959 第 1 次 等待 1 秒
2021-07-04 00:16:02 CHB 1754859?1625328959 第 1 次 获取到号码【1754859】GSD
2021-07-04 00:16:02 获取到号码【1754859】的GSD为【内蒙古-通辽】
2021-07-04 00:16:22 GSD insert 第 1 次 等待 1 秒
2021-07-04 00:16:23 {"status":"ok","msg":"添加成功！185736"}
2021-07-04 00:16:23 下次操作: 2021-07-04 00:16:30

2021-07-04 00:16:30 开始第 28 次操作

2021-07-04 00:16:30 开始操作号码 【1754860】
2021-07-04 00:16:49 GSD getOne 第 1 次 等待 1 秒
2021-07-04 00:16:50 查询号码 【1754860】，返回信息 {"status":"bad","msg":""}
2021-07-04 00:16:50 查询号码 【1754860】，GSD为【""】
2021-07-04 00:16:50 bad
2021-07-04 00:16:52 CHB 1754860?1625329010 第 1 次 等待 1 秒
2021-07-04 00:16:53 CHB 1754860?1625329010 第 1 次 获取到号码【1754860】GSD
2021-07-04 00:16:53 获取到号码【1754860】的GSD为【内蒙古-赤峰】
2021-07-04 00:18:01 GSD insert 第 1 次 等待 1 秒
2021-07-04 00:18:02 {"status":"ok","msg":"添加成功！185749"}
2021-07-04 00:18:02 下次操作: 2021-07-04 00:18:17

2021-07-04 00:18:17 开始第 29 次操作

2021-07-04 00:18:17 开始操作号码 【1754861】
2021-07-04 00:18:24 GSD getOne 第 1 次 等待 1 秒
2021-07-04 00:18:25 查询号码 【1754861】，返回信息 {"status":"bad","msg":""}
2021-07-04 00:18:25 查询号码 【1754861】，GSD为【""】
2021-07-04 00:18:25 bad
2021-07-04 00:18:26 CHB 1754861?1625329105 第 1 次 等待 1 秒
2021-07-04 00:18:27 CHB 1754861?1625329105 第 1 次 获取到号码【1754861】GSD
2021-07-04 00:18:27 获取到号码【1754861】的GSD为【内蒙古-赤峰】
2021-07-04 00:18:46 GSD insert 第 1 次 等待 1 秒
2021-07-04 00:18:47 {"status":"ok","msg":"添加成功！185754"}
2021-07-04 00:18:47 下次操作: 2021-07-04 00:18:55

2021-07-04 00:18:55 开始第 30 次操作

2021-07-04 00:18:55 开始操作号码 【1754862】
2021-07-04 00:19:30 GSD getOne 第 1 次 等待 1 秒
2021-07-04 00:19:31 查询号码 【1754862】，返回信息 {"status":"bad","msg":""}
2021-07-04 00:19:31 查询号码 【1754862】，GSD为【""】
2021-07-04 00:19:31 bad
2021-07-04 00:19:32 CHB 1754862?1625329171 第 1 次 等待 1 秒
2021-07-04 00:19:33 CHB 1754862?1625329171 第 1 次 获取到号码【1754862】GSD
2021-07-04 00:19:33 获取到号码【1754862】的GSD为【内蒙古-赤峰】
2021-07-04 00:19:52 GSD insert 第 1 次 等待 1 秒
2021-07-04 00:19:53 {"status":"ok","msg":"添加成功！185761"}

2021-07-04 01:33:01 开始第 1 次操作

2021-07-04 01:33:01 开始操作号码 【1754863】
2021-07-04 01:33:08 GSD getOne 第 1 次 等待 1 秒
2021-07-04 01:33:09 查询号码 【1754863】，返回信息 {"status":"bad","msg":""}
2021-07-04 01:33:09 查询号码 【1754863】，GSD为【""】
2021-07-04 01:33:09 bad
2021-07-04 01:33:10 CHB 1754863?1625333589 第 1 次 等待 1 秒
2021-07-04 01:33:11 CHB 1754863?1625333589 第 1 次 获取到号码【1754863】GSD
2021-07-04 01:33:11 获取到号码【1754863】的GSD为【内蒙古-赤峰】
2021-07-04 01:33:15 GSD insert 第 1 次 等待 1 秒
2021-07-04 01:33:16 {"status":"ok","msg":"添加成功！185985"}
2021-07-04 01:33:16 下次操作: 2021-07-04 01:33:26

2021-07-04 01:33:26 开始第 2 次操作

2021-07-04 01:33:26 开始操作号码 【1754864】
2021-07-04 01:33:30 GSD getOne 第 1 次 等待 1 秒
2021-07-04 01:33:31 查询号码 【1754864】，返回信息 {"status":"bad","msg":""}
2021-07-04 01:33:31 查询号码 【1754864】，GSD为【""】
2021-07-04 01:33:31 bad
2021-07-04 01:33:32 CHB 1754864?1625333611 第 1 次 等待 1 秒
2021-07-04 01:33:33 CHB 1754864?1625333611 第 1 次 获取到号码【1754864】GSD
2021-07-04 01:33:33 获取到号码【1754864】的GSD为【内蒙古-赤峰】
2021-07-04 01:33:37 GSD insert 第 1 次 等待 1 秒
2021-07-04 01:33:38 {"status":"ok","msg":"添加成功！185991"}
2021-07-04 01:33:38 下次操作: 2021-07-04 01:33:47

2021-07-04 01:33:47 开始第 3 次操作

2021-07-04 01:33:47 开始操作号码 【1754865】
2021-07-04 01:33:51 GSD getOne 第 1 次 等待 1 秒
2021-07-04 01:33:52 查询号码 【1754865】，返回信息 {"status":"bad","msg":""}
2021-07-04 01:33:52 查询号码 【1754865】，GSD为【""】
2021-07-04 01:33:52 bad
2021-07-04 01:33:53 CHB 1754865?1625333632 第 1 次 等待 1 秒
2021-07-04 01:33:54 CHB 1754865?1625333632 第 1 次 获取到号码【1754865】GSD
2021-07-04 01:33:54 获取到号码【1754865】的GSD为【内蒙古-赤峰】
2021-07-04 01:34:01 GSD insert 第 1 次 等待 1 秒
2021-07-04 01:34:02 {"status":"ok","msg":"添加成功！185997"}
2021-07-04 01:34:02 下次操作: 2021-07-04 01:34:08

2021-07-04 01:34:08 开始第 4 次操作

2021-07-04 01:34:08 开始操作号码 【1754866】
2021-07-04 01:34:12 GSD getOne 第 1 次 等待 1 秒
2021-07-04 01:34:13 查询号码 【1754866】，返回信息 {"status":"bad","msg":""}
2021-07-04 01:34:13 查询号码 【1754866】，GSD为【""】
2021-07-04 01:34:13 bad
2021-07-04 01:34:14 CHB 1754866?1625333653 第 1 次 等待 1 秒
2021-07-04 01:34:15 CHB 1754866?1625333653 第 1 次 获取到号码【1754866】GSD
2021-07-04 01:34:15 获取到号码【1754866】的GSD为【内蒙古-赤峰】
2021-07-04 01:34:20 GSD insert 第 1 次 等待 1 秒
2021-07-04 01:34:21 {"status":"ok","msg":"添加成功！186002"}
2021-07-04 01:34:21 下次操作: 2021-07-04 01:34:30

2021-07-04 01:34:30 开始第 5 次操作

2021-07-04 01:34:30 开始操作号码 【1754867】
2021-07-04 01:34:33 GSD getOne 第 1 次 等待 1 秒
2021-07-04 01:34:34 查询号码 【1754867】，返回信息 {"status":"ok","msg":"内蒙古-赤峰","time_insert":"2020-08-04 15:52","time_update":"2020-12-17 01:26"}
2021-07-04 01:34:34 查询号码 【1754867】，GSD为【"内蒙古-赤峰"】

2021-07-04 01:34:34 开始第 5 次操作

2021-07-04 01:34:34 开始操作号码 【1754868】
2021-07-04 01:34:39 GSD getOne 第 1 次 等待 1 秒
2021-07-04 01:34:40 查询号码 【1754868】，返回信息 {"status":"bad","msg":""}
2021-07-04 01:34:40 查询号码 【1754868】，GSD为【""】
2021-07-04 01:34:40 bad
2021-07-04 01:34:41 CHB 1754868?1625333680 第 1 次 等待 1 秒
2021-07-04 01:34:42 CHB 1754868?1625333680 第 1 次 获取到号码【1754868】GSD
2021-07-04 01:34:42 获取到号码【1754868】的GSD为【内蒙古-赤峰】
2021-07-04 01:34:58 GSD insert 第 1 次 等待 1 秒
2021-07-04 01:34:59 {"status":"ok","msg":"添加成功！186010"}
2021-07-04 01:34:59 下次操作: 2021-07-04 01:35:11

2021-07-04 01:35:11 开始第 6 次操作

2021-07-04 01:35:11 开始操作号码 【1754869】
2021-07-04 01:35:14 GSD getOne 第 1 次 等待 1 秒
2021-07-04 01:35:15 查询号码 【1754869】，返回信息 {"status":"bad","msg":""}
2021-07-04 01:35:15 查询号码 【1754869】，GSD为【""】
2021-07-04 01:35:15 bad
2021-07-04 01:35:17 CHB 1754869?1625333715 第 1 次 等待 1 秒
2021-07-04 01:35:18 CHB 1754869?1625333715 第 1 次 获取到号码【1754869】GSD
2021-07-04 01:35:19 获取到号码【1754869】的GSD为【内蒙古-赤峰】
2021-07-04 01:35:22 GSD insert 第 1 次 等待 1 秒
2021-07-04 01:35:23 {"status":"ok","msg":"添加成功！186016"}
2021-07-04 01:35:23 下次操作: 2021-07-04 01:35:32

2021-07-04 01:35:32 开始第 7 次操作

2021-07-04 01:35:32 开始操作号码 【1754870】
2021-07-04 01:35:38 GSD getOne 第 1 次 等待 1 秒
2021-07-04 01:35:39 查询号码 【1754870】，返回信息 {"status":"bad","msg":""}
2021-07-04 01:35:39 查询号码 【1754870】，GSD为【""】
2021-07-04 01:35:39 bad
2021-07-04 01:35:41 CHB 1754870?1625333739 第 1 次 等待 1 秒
2021-07-04 01:35:42 CHB 1754870?1625333739 第 1 次 获取到号码【1754870】GSD
2021-07-04 01:35:42 获取到号码【1754870】的GSD为【内蒙古-赤峰】
2021-07-04 01:35:46 GSD insert 第 1 次 等待 1 秒
2021-07-04 01:35:47 {"status":"ok","msg":"添加成功！186023"}
2021-07-04 01:35:47 下次操作: 2021-07-04 01:35:55

2021-07-04 01:35:55 开始第 8 次操作

2021-07-04 01:35:55 开始操作号码 【1754871】
2021-07-04 01:36:01 GSD getOne 第 1 次 等待 1 秒
2021-07-04 01:36:02 查询号码 【1754871】，返回信息 {"status":"bad","msg":""}
2021-07-04 01:36:02 查询号码 【1754871】，GSD为【""】
2021-07-04 01:36:02 bad
2021-07-04 01:36:03 CHB 1754871?1625333762 第 1 次 等待 1 秒
2021-07-04 01:36:04 CHB 1754871?1625333762 第 1 次 获取到号码【1754871】GSD
2021-07-04 01:36:04 获取到号码【1754871】的GSD为【内蒙古-赤峰】
2021-07-04 01:36:08 GSD insert 第 1 次 等待 1 秒
2021-07-04 01:36:09 {"status":"ok","msg":"添加成功！186029"}
2021-07-04 01:36:09 下次操作: 2021-07-04 01:36:27

2021-07-04 01:36:27 开始第 9 次操作

2021-07-04 01:36:27 开始操作号码 【1754872】
2021-07-04 01:36:31 GSD getOne 第 1 次 等待 1 秒
2021-07-04 01:36:32 查询号码 【1754872】，返回信息 {"status":"bad","msg":""}
2021-07-04 01:36:32 查询号码 【1754872】，GSD为【""】
2021-07-04 01:36:32 bad
2021-07-04 01:36:34 CHB 1754872?1625333792 第 1 次 等待 1 秒
2021-07-04 01:36:35 CHB 1754872?1625333792 第 1 次 获取到号码【1754872】GSD
2021-07-04 01:36:35 获取到号码【1754872】的GSD为【内蒙古-赤峰】
2021-07-04 01:36:38 GSD insert 第 1 次 等待 1 秒
2021-07-04 01:36:39 {"status":"ok","msg":"添加成功！186035"}
2021-07-04 01:36:39 下次操作: 2021-07-04 01:36:53

2021-07-04 01:36:53 开始第 10 次操作

2021-07-04 01:36:53 开始操作号码 【1754873】
2021-07-04 01:36:57 GSD getOne 第 1 次 等待 1 秒
2021-07-04 01:36:58 查询号码 【1754873】，返回信息 {"status":"bad","msg":""}
2021-07-04 01:36:58 查询号码 【1754873】，GSD为【""】
2021-07-04 01:36:58 bad
2021-07-04 01:36:59 CHB 1754873?1625333818 第 1 次 等待 1 秒
2021-07-04 01:37:00 CHB 1754873?1625333818 第 1 次 获取到号码【1754873】GSD
2021-07-04 01:37:00 获取到号码【1754873】的GSD为【内蒙古-赤峰】
2021-07-04 01:37:04 GSD insert 第 1 次 等待 1 秒
2021-07-04 01:37:05 {"status":"ok","msg":"添加成功！186042"}
2021-07-04 01:37:05 下次操作: 2021-07-04 01:37:21

2021-07-04 01:37:21 开始第 11 次操作

2021-07-04 01:37:21 开始操作号码 【1754874】
2021-07-04 01:37:25 GSD getOne 第 1 次 等待 1 秒
2021-07-04 01:37:26 查询号码 【1754874】，返回信息 {"status":"bad","msg":""}
2021-07-04 01:37:26 查询号码 【1754874】，GSD为【""】
2021-07-04 01:37:26 bad
2021-07-04 01:37:27 CHB 1754874?1625333846 第 1 次 等待 1 秒
2021-07-04 01:37:28 CHB 1754874?1625333846 第 1 次 获取到号码【1754874】GSD
2021-07-04 01:37:28 获取到号码【1754874】的GSD为【内蒙古-赤峰】
2021-07-04 01:37:32 GSD insert 第 1 次 等待 1 秒
2021-07-04 01:37:33 {"status":"ok","msg":"添加成功！186048"}
2021-07-04 01:37:33 下次操作: 2021-07-04 01:37:41

2021-07-04 01:37:41 开始第 12 次操作

2021-07-04 01:37:41 开始操作号码 【1754875】
2021-07-04 01:37:44 GSD getOne 第 1 次 等待 1 秒
2021-07-04 01:37:45 查询号码 【1754875】，返回信息 {"status":"bad","msg":""}
2021-07-04 01:37:45 查询号码 【1754875】，GSD为【""】
2021-07-04 01:37:45 bad
2021-07-04 01:37:47 CHB 1754875?1625333865 第 1 次 等待 1 秒
2021-07-04 01:37:48 CHB 1754875?1625333865 第 1 次 获取到号码【1754875】GSD
2021-07-04 01:37:48 获取到号码【1754875】的GSD为【内蒙古-赤峰】
2021-07-04 01:37:55 GSD insert 第 1 次 等待 1 秒
2021-07-04 01:37:56 {"status":"ok","msg":"添加成功！186053"}
2021-07-04 01:37:56 下次操作: 2021-07-04 01:38:06

2021-07-04 01:38:06 开始第 13 次操作

2021-07-04 01:38:06 开始操作号码 【1754876】
2021-07-04 01:38:10 GSD getOne 第 1 次 等待 1 秒
2021-07-04 01:38:11 查询号码 【1754876】，返回信息 {"status":"bad","msg":""}
2021-07-04 01:38:11 查询号码 【1754876】，GSD为【""】
2021-07-04 01:38:11 bad
2021-07-04 01:38:13 CHB 1754876?1625333891 第 1 次 等待 1 秒
2021-07-04 01:38:14 CHB 1754876?1625333891 第 1 次 获取到号码【1754876】GSD
2021-07-04 01:38:14 获取到号码【1754876】的GSD为【内蒙古-赤峰】
2021-07-04 01:38:19 GSD insert 第 1 次 等待 1 秒
2021-07-04 01:38:20 {"status":"ok","msg":"添加成功！186058"}
2021-07-04 01:38:20 下次操作: 2021-07-04 01:38:34

2021-07-04 01:38:34 开始第 14 次操作

2021-07-04 01:38:34 开始操作号码 【1754877】
2021-07-04 01:38:37 GSD getOne 第 1 次 等待 1 秒
2021-07-04 01:38:38 查询号码 【1754877】，返回信息 {"status":"bad","msg":""}
2021-07-04 01:38:38 查询号码 【1754877】，GSD为【""】
2021-07-04 01:38:38 bad
2021-07-04 01:38:39 CHB 1754877?1625333918 第 1 次 等待 1 秒
2021-07-04 01:38:40 CHB 1754877?1625333918 第 1 次 获取到号码【1754877】GSD
2021-07-04 01:38:41 获取到号码【1754877】的GSD为【内蒙古-赤峰】
2021-07-04 01:38:44 GSD insert 第 1 次 等待 1 秒
2021-07-04 01:38:45 {"status":"ok","msg":"添加成功！186065"}
2021-07-04 01:38:45 下次操作: 2021-07-04 01:38:51

2021-07-04 01:38:51 开始第 15 次操作

2021-07-04 01:38:51 开始操作号码 【1754878】
2021-07-04 01:38:56 GSD getOne 第 1 次 等待 1 秒
2021-07-04 01:38:57 查询号码 【1754878】，返回信息 {"status":"bad","msg":""}
2021-07-04 01:38:57 查询号码 【1754878】，GSD为【""】
2021-07-04 01:38:57 bad
2021-07-04 01:38:58 CHB 1754878?1625333937 第 1 次 等待 1 秒
2021-07-04 01:38:59 CHB 1754878?1625333937 第 1 次 获取到号码【1754878】GSD
2021-07-04 01:38:59 获取到号码【1754878】的GSD为【内蒙古-赤峰】
2021-07-04 01:39:02 GSD insert 第 1 次 等待 1 秒
2021-07-04 01:39:03 {"status":"ok","msg":"添加成功！186070"}
2021-07-04 01:39:03 下次操作: 2021-07-04 01:39:21

2021-07-04 01:39:21 开始第 16 次操作

2021-07-04 01:39:21 开始操作号码 【1754879】
2021-07-04 01:39:25 GSD getOne 第 1 次 等待 1 秒
2021-07-04 01:39:26 查询号码 【1754879】，返回信息 {"status":"bad","msg":""}
2021-07-04 01:39:26 查询号码 【1754879】，GSD为【""】
2021-07-04 01:39:26 bad
2021-07-04 01:39:27 CHB 1754879?1625333966 第 1 次 等待 1 秒
2021-07-04 01:39:28 CHB 1754879?1625333966 第 1 次 获取到号码【1754879】GSD
2021-07-04 01:39:28 获取到号码【1754879】的GSD为【内蒙古-赤峰】
2021-07-04 01:39:32 GSD insert 第 1 次 等待 1 秒
2021-07-04 01:39:33 {"status":"ok","msg":"添加成功！186076"}
2021-07-04 01:39:33 下次操作: 2021-07-04 01:39:40

2021-07-04 01:39:40 开始第 17 次操作

2021-07-04 01:39:40 开始操作号码 【1754880】
2021-07-04 01:39:44 GSD getOne 第 1 次 等待 1 秒
2021-07-04 01:39:45 查询号码 【1754880】，返回信息 {"status":"bad","msg":""}
2021-07-04 01:39:45 查询号码 【1754880】，GSD为【""】
2021-07-04 01:39:45 bad
2021-07-04 01:39:47 CHB 1754880?1625333985 第 1 次 等待 1 秒
2021-07-04 01:39:48 CHB 1754880?1625333985 第 1 次 获取到号码【1754880】GSD
2021-07-04 01:39:48 获取到号码【1754880】的GSD为【内蒙古-通辽】
2021-07-04 01:39:51 GSD insert 第 1 次 等待 1 秒
2021-07-04 01:39:52 {"status":"ok","msg":"添加成功！186082"}
2021-07-04 01:39:52 下次操作: 2021-07-04 01:40:08

2021-07-04 01:40:08 开始第 18 次操作

2021-07-04 01:40:08 开始操作号码 【1754881】
2021-07-04 01:40:12 GSD getOne 第 1 次 等待 1 秒
2021-07-04 01:40:13 查询号码 【1754881】，返回信息 {"status":"bad","msg":""}
2021-07-04 01:40:13 查询号码 【1754881】，GSD为【""】
2021-07-04 01:40:13 bad
2021-07-04 01:40:14 CHB 1754881?1625334013 第 1 次 等待 1 秒
2021-07-04 01:40:15 CHB 1754881?1625334013 第 1 次 获取到号码【1754881】GSD
2021-07-04 01:40:15 获取到号码【1754881】的GSD为【内蒙古-通辽】
2021-07-04 01:40:19 GSD insert 第 1 次 等待 1 秒
2021-07-04 01:40:20 {"status":"ok","msg":"添加成功！186088"}
2021-07-04 01:40:20 下次操作: 2021-07-04 01:40:29

2021-07-04 01:40:29 开始第 19 次操作

2021-07-04 01:40:29 开始操作号码 【1754882】
2021-07-04 01:40:33 GSD getOne 第 1 次 等待 1 秒
2021-07-04 01:40:34 查询号码 【1754882】，返回信息 {"status":"bad","msg":""}
2021-07-04 01:40:34 查询号码 【1754882】，GSD为【""】
2021-07-04 01:40:34 bad
2021-07-04 01:40:35 CHB 1754882?1625334034 第 1 次 等待 1 秒
2021-07-04 01:40:36 CHB 1754882?1625334034 第 1 次 获取到号码【1754882】GSD
2021-07-04 01:40:36 获取到号码【1754882】的GSD为【内蒙古-通辽】
2021-07-04 01:40:40 GSD insert 第 1 次 等待 1 秒
2021-07-04 01:40:41 {"status":"ok","msg":"添加成功！186094"}
2021-07-04 01:40:41 下次操作: 2021-07-04 01:40:56

2021-07-04 01:40:56 开始第 20 次操作

2021-07-04 01:40:56 开始操作号码 【1754883】
2021-07-04 01:41:00 GSD getOne 第 1 次 等待 1 秒
2021-07-04 01:41:01 查询号码 【1754883】，返回信息 {"status":"bad","msg":""}
2021-07-04 01:41:01 查询号码 【1754883】，GSD为【""】
2021-07-04 01:41:01 bad
2021-07-04 01:41:03 CHB 1754883?1625334061 第 1 次 等待 1 秒
2021-07-04 01:41:04 CHB 1754883?1625334061 第 1 次 获取到号码【1754883】GSD
2021-07-04 01:41:04 获取到号码【1754883】的GSD为【内蒙古-通辽】
2021-07-04 01:41:08 GSD insert 第 1 次 等待 1 秒
2021-07-04 01:41:09 {"status":"ok","msg":"添加成功！186104"}
2021-07-04 01:41:10 下次操作: 2021-07-04 01:41:22

2021-07-04 01:41:22 开始第 21 次操作

2021-07-04 01:41:22 开始操作号码 【1754884】
2021-07-04 01:41:25 GSD getOne 第 1 次 等待 1 秒
2021-07-04 01:41:26 查询号码 【1754884】，返回信息 {"status":"bad","msg":""}
2021-07-04 01:41:26 查询号码 【1754884】，GSD为【""】
2021-07-04 01:41:26 bad
2021-07-04 01:41:28 CHB 1754884?1625334086 第 1 次 等待 1 秒
2021-07-04 01:41:29 CHB 1754884?1625334086 第 1 次 获取到号码【1754884】GSD
2021-07-04 01:41:29 获取到号码【1754884】的GSD为【内蒙古-通辽】
2021-07-04 01:41:32 GSD insert 第 1 次 等待 1 秒
2021-07-04 01:41:33 {"status":"ok","msg":"添加成功！186110"}
2021-07-04 01:41:33 下次操作: 2021-07-04 01:41:41

2021-07-04 01:41:41 开始第 22 次操作

2021-07-04 01:41:41 开始操作号码 【1754885】
2021-07-04 01:41:47 GSD getOne 第 1 次 等待 1 秒
2021-07-04 01:41:48 查询号码 【1754885】，返回信息 {"status":"bad","msg":""}
2021-07-04 01:41:49 查询号码 【1754885】，GSD为【""】
2021-07-04 01:41:49 bad
2021-07-04 01:41:50 CHB 1754885?1625334109 第 1 次 等待 1 秒
2021-07-04 01:41:51 CHB 1754885?1625334109 第 1 次 获取到号码【1754885】GSD
2021-07-04 01:41:51 获取到号码【1754885】的GSD为【内蒙古-兴安盟】
2021-07-04 01:41:54 GSD insert 第 1 次 等待 1 秒
2021-07-04 01:41:55 {"status":"ok","msg":"添加成功！186113"}
2021-07-04 01:41:55 下次操作: 2021-07-04 01:42:12

2021-07-04 01:42:12 开始第 23 次操作

2021-07-04 01:42:12 开始操作号码 【1754886】
2021-07-04 01:42:16 GSD getOne 第 1 次 等待 1 秒
2021-07-04 01:42:17 查询号码 【1754886】，返回信息 {"status":"bad","msg":""}
2021-07-04 01:42:17 查询号码 【1754886】，GSD为【""】
2021-07-04 01:42:17 bad
2021-07-04 01:42:18 CHB 1754886?1625334137 第 1 次 等待 1 秒
2021-07-04 01:42:19 CHB 1754886?1625334137 第 1 次 获取到号码【1754886】GSD
2021-07-04 01:42:19 获取到号码【1754886】的GSD为【内蒙古-兴安盟】
2021-07-04 01:42:25 GSD insert 第 1 次 等待 1 秒
2021-07-04 01:42:26 {"status":"ok","msg":"添加成功！186124"}
2021-07-04 01:42:26 下次操作: 2021-07-04 01:42:35

2021-07-04 01:42:35 开始第 24 次操作

2021-07-04 01:42:35 开始操作号码 【1754887】
2021-07-04 01:42:42 GSD getOne 第 1 次 等待 1 秒
2021-07-04 01:42:43 查询号码 【1754887】，返回信息 {"status":"bad","msg":""}
2021-07-04 01:42:43 查询号码 【1754887】，GSD为【""】
2021-07-04 01:42:43 bad
2021-07-04 01:42:46 CHB 1754887?1625334163 第 1 次 等待 1 秒
2021-07-04 01:42:47 CHB 1754887?1625334163 第 1 次 获取到号码【1754887】GSD
2021-07-04 01:42:47 获取到号码【1754887】的GSD为【内蒙古-兴安盟】
2021-07-04 01:42:51 GSD insert 第 1 次 等待 1 秒
2021-07-04 01:42:52 {"status":"ok","msg":"添加成功！186128"}
2021-07-04 01:42:52 下次操作: 2021-07-04 01:42:59

2021-07-04 01:42:59 开始第 25 次操作

2021-07-04 01:42:59 开始操作号码 【1754888】
2021-07-04 01:43:05 GSD getOne 第 1 次 等待 1 秒
2021-07-04 01:43:06 查询号码 【1754888】，返回信息 {"status":"bad","msg":""}
2021-07-04 01:43:06 查询号码 【1754888】，GSD为【""】
2021-07-04 01:43:06 bad
2021-07-04 01:43:07 CHB 1754888?1625334186 第 1 次 等待 1 秒
2021-07-04 01:43:08 CHB 1754888?1625334186 第 1 次 获取到号码【1754888】GSD
2021-07-04 01:43:08 获取到号码【1754888】的GSD为【内蒙古-兴安盟】
2021-07-04 01:43:11 GSD insert 第 1 次 等待 1 秒
2021-07-04 01:43:12 {"status":"ok","msg":"添加成功！186136"}
2021-07-04 01:43:12 下次操作: 2021-07-04 01:43:23

2021-07-04 01:43:24 开始第 26 次操作

2021-07-04 01:43:24 开始操作号码 【1754889】
2021-07-04 01:43:27 GSD getOne 第 1 次 等待 1 秒
2021-07-04 01:43:28 查询号码 【1754889】，返回信息 {"status":"bad","msg":""}
2021-07-04 01:43:28 查询号码 【1754889】，GSD为【""】
2021-07-04 01:43:28 bad
2021-07-04 01:43:29 CHB 1754889?1625334208 第 1 次 等待 1 秒
2021-07-04 01:43:30 CHB 1754889?1625334208 第 1 次 获取到号码【1754889】GSD
2021-07-04 01:43:30 获取到号码【1754889】的GSD为【内蒙古-兴安盟】
2021-07-04 01:43:36 GSD insert 第 1 次 等待 1 秒
2021-07-04 01:43:37 {"status":"ok","msg":"添加成功！186142"}
2021-07-04 01:43:37 下次操作: 2021-07-04 01:43:55

2021-07-04 01:43:55 开始第 27 次操作

2021-07-04 01:43:55 开始操作号码 【1754890】
2021-07-04 01:44:02 GSD getOne 第 1 次 等待 1 秒
2021-07-04 01:44:03 查询号码 【1754890】，返回信息 {"status":"bad","msg":""}
2021-07-04 01:44:03 查询号码 【1754890】，GSD为【""】
2021-07-04 01:44:03 bad
2021-07-04 01:44:04 CHB 1754890?1625334243 第 1 次 等待 1 秒
2021-07-04 01:44:05 CHB 1754890?1625334243 第 1 次 获取到号码【1754890】GSD
2021-07-04 01:44:05 获取到号码【1754890】的GSD为【内蒙古-通辽】
2021-07-04 01:44:08 GSD insert 第 1 次 等待 1 秒
2021-07-04 01:44:09 {"status":"ok","msg":"添加成功！186150"}
2021-07-04 01:44:09 下次操作: 2021-07-04 01:44:19

2021-07-04 01:44:19 开始第 28 次操作

2021-07-04 01:44:20 开始操作号码 【1754891】
2021-07-04 01:44:23 GSD getOne 第 1 次 等待 1 秒
2021-07-04 01:44:24 查询号码 【1754891】，返回信息 {"status":"bad","msg":""}
2021-07-04 01:44:24 查询号码 【1754891】，GSD为【""】
2021-07-04 01:44:24 bad
2021-07-04 01:44:25 CHB 1754891?1625334264 第 1 次 等待 1 秒
2021-07-04 01:44:26 CHB 1754891?1625334264 第 1 次 获取到号码【1754891】GSD
2021-07-04 01:44:26 获取到号码【1754891】的GSD为【内蒙古-通辽】
2021-07-04 01:44:30 GSD insert 第 1 次 等待 1 秒
2021-07-04 01:44:31 {"status":"ok","msg":"添加成功！186156"}
2021-07-04 01:44:31 下次操作: 2021-07-04 01:44:43

2021-07-04 01:44:43 开始第 29 次操作

2021-07-04 01:44:43 开始操作号码 【1754892】
2021-07-04 01:44:47 GSD getOne 第 1 次 等待 1 秒
2021-07-04 01:44:48 查询号码 【1754892】，返回信息 {"status":"bad","msg":""}
2021-07-04 01:44:48 查询号码 【1754892】，GSD为【""】
2021-07-04 01:44:48 bad
2021-07-04 01:44:49 CHB 1754892?1625334288 第 1 次 等待 1 秒
2021-07-04 01:44:50 CHB 1754892?1625334288 第 1 次 获取到号码【1754892】GSD
2021-07-04 01:44:50 获取到号码【1754892】的GSD为【内蒙古-通辽】
2021-07-04 01:44:53 GSD insert 第 1 次 等待 1 秒
2021-07-04 01:44:54 {"status":"ok","msg":"添加成功！186164"}
2021-07-04 01:44:54 下次操作: 2021-07-04 01:45:05

2021-07-04 01:45:05 开始第 30 次操作

2021-07-04 01:45:05 开始操作号码 【1754893】
2021-07-04 01:45:11 GSD getOne 第 1 次 等待 1 秒
2021-07-04 01:45:12 查询号码 【1754893】，返回信息 {"status":"bad","msg":""}
2021-07-04 01:45:12 查询号码 【1754893】，GSD为【""】
2021-07-04 01:45:12 bad
2021-07-04 01:45:13 CHB 1754893?1625334312 第 1 次 等待 1 秒
2021-07-04 01:45:14 CHB 1754893?1625334312 第 1 次 获取到号码【1754893】GSD
2021-07-04 01:45:14 获取到号码【1754893】的GSD为【内蒙古-锡林郭勒盟】
2021-07-04 01:45:18 GSD insert 第 1 次 等待 1 秒
2021-07-04 01:45:19 {"status":"ok","msg":"添加成功！186170"}

