2024-02-24 00:08:48 开始第 5493 次操作

2024-02-24 00:08:49 开始操作号码 【1765393】
2024-02-24 00:08:53 GSD getOne 第 1 次 等待 3 秒
2024-02-24 00:08:56 查询号码 【1765393】，返回信息 {"status":"ok","msg":"山东-临沂","gid":"189916","time_insert":"2021-07-04 12:56"}
2024-02-24 00:08:56 查询号码 【1765393】，GSD为【"山东-临沂"】

2024-02-24 00:08:57 开始第 5494 次操作

2024-02-24 00:08:57 开始操作号码 【1765394】
2024-02-24 00:09:01 GSD getOne 第 1 次 等待 3 秒
2024-02-24 00:09:04 查询号码 【1765394】，返回信息 {"status":"ok","msg":"山东-临沂","gid":"189823","time_insert":"2021-07-04 12:12"}
2024-02-24 00:09:04 查询号码 【1765394】，GSD为【"山东-临沂"】

2024-02-24 00:09:05 开始第 5495 次操作

2024-02-24 00:09:05 开始操作号码 【1765395】
2024-02-24 00:09:10 GSD getOne 第 1 次 等待 3 秒
2024-02-24 00:09:13 查询号码 【1765395】，返回信息 {"status":"ok","msg":"山东-临沂","gid":"189818","time_insert":"2021-07-04 12:11"}
2024-02-24 00:09:13 查询号码 【1765395】，GSD为【"山东-临沂"】

2024-02-24 00:09:14 开始第 5496 次操作

2024-02-24 00:09:14 开始操作号码 【1765396】
2024-02-24 00:09:18 GSD getOne 第 1 次 等待 3 秒
2024-02-24 00:09:21 查询号码 【1765396】，返回信息 {"status":"ok","msg":"山东-临沂","gid":"189810","time_insert":"2021-07-04 12:10"}
2024-02-24 00:09:22 查询号码 【1765396】，GSD为【"山东-临沂"】

2024-02-24 00:33:26 开始第 5497 次操作

2024-02-24 00:33:26 开始操作号码 【1765397】
2024-02-24 00:33:31 GSD getOne 第 1 次 等待 3 秒
2024-02-24 00:33:34 查询号码 【1765397】，返回信息 {"status":"ok","msg":"山东-临沂","gid":"189802","time_insert":"2021-07-04 12:09"}
2024-02-24 00:33:34 查询号码 【1765397】，GSD为【"山东-临沂"】

2024-02-24 00:33:35 开始第 5498 次操作

2024-02-24 00:33:35 开始操作号码 【1765398】
2024-02-24 00:33:40 GSD getOne 第 1 次 等待 3 秒
2024-02-24 00:33:43 查询号码 【1765398】，返回信息 {"status":"ok","msg":"山东-临沂","gid":"189792","time_insert":"2021-07-04 12:08"}
2024-02-24 00:33:43 查询号码 【1765398】，GSD为【"山东-临沂"】

2024-02-24 00:33:44 开始第 5499 次操作

2024-02-24 00:33:44 开始操作号码 【1765399】
2024-02-24 00:33:50 GSD getOne 第 1 次 等待 3 秒
2024-02-24 00:33:53 查询号码 【1765399】，返回信息 {"status":"ok","msg":"山东-临沂","gid":"189781","time_insert":"2021-07-04 12:08"}
2024-02-24 00:33:53 查询号码 【1765399】，GSD为【"山东-临沂"】

2024-02-24 00:33:54 开始第 5500 次操作

2024-02-24 00:33:54 开始操作号码 【1765400】
2024-02-24 00:34:00 GSD getOne 第 1 次 等待 3 秒
2024-02-24 00:34:03 查询号码 【1765400】，返回信息 {"status":"ok","msg":"吉林-长春","gid":"189769","time_insert":"2021-07-04 12:07"}
2024-02-24 00:34:04 查询号码 【1765400】，GSD为【"吉林-长春"】

2024-02-24 01:06:41 开始第 5501 次操作

2024-02-24 01:06:41 开始操作号码 【1765401】
2024-02-24 01:06:46 GSD getOne 第 1 次 等待 3 秒
2024-02-24 01:06:49 查询号码 【1765401】，返回信息 {"status":"ok","msg":"吉林-长春","gid":"189759","time_insert":"2021-07-04 12:06"}
2024-02-24 01:06:49 查询号码 【1765401】，GSD为【"吉林-长春"】

2024-02-24 01:06:50 开始第 5502 次操作

2024-02-24 01:06:50 开始操作号码 【1765402】
2024-02-24 01:06:55 GSD getOne 第 1 次 等待 3 秒
2024-02-24 01:06:58 查询号码 【1765402】，返回信息 {"status":"ok","msg":"吉林-长春","gid":"189749","time_insert":"2021-07-04 12:05"}
2024-02-24 01:06:58 查询号码 【1765402】，GSD为【"吉林-长春"】

2024-02-24 01:06:59 开始第 5503 次操作

2024-02-24 01:06:59 开始操作号码 【1765403】
2024-02-24 01:07:05 GSD getOne 第 1 次 等待 3 秒
2024-02-24 01:07:08 查询号码 【1765403】，返回信息 {"status":"ok","msg":"吉林-长春","gid":"189740","time_insert":"2021-07-04 12:04"}
2024-02-24 01:07:08 查询号码 【1765403】，GSD为【"吉林-长春"】

2024-02-24 01:07:09 开始第 5504 次操作

2024-02-24 01:07:09 开始操作号码 【1765404】
2024-02-24 01:07:13 GSD getOne 第 1 次 等待 3 秒
2024-02-24 01:07:16 查询号码 【1765404】，返回信息 {"status":"ok","msg":"吉林-长春","gid":"189729","time_insert":"2021-07-04 12:04"}
2024-02-24 01:07:16 查询号码 【1765404】，GSD为【"吉林-长春"】

2024-02-24 01:32:23 开始第 5505 次操作

2024-02-24 01:32:23 开始操作号码 【1765405】
2024-02-24 01:32:27 GSD getOne 第 1 次 等待 3 秒
2024-02-24 01:32:30 查询号码 【1765405】，返回信息 {"status":"ok","msg":"吉林-长春","gid":"189721","time_insert":"2021-07-04 12:03"}
2024-02-24 01:32:30 查询号码 【1765405】，GSD为【"吉林-长春"】

2024-02-24 01:32:31 开始第 5506 次操作

2024-02-24 01:32:31 开始操作号码 【1765406】
2024-02-24 01:32:35 GSD getOne 第 1 次 等待 3 秒
2024-02-24 01:32:38 查询号码 【1765406】，返回信息 {"status":"ok","msg":"吉林-四平","gid":"189713","time_insert":"2021-07-04 12:02"}
2024-02-24 01:32:39 查询号码 【1765406】，GSD为【"吉林-四平"】

2024-02-24 01:32:40 开始第 5507 次操作

2024-02-24 01:32:40 开始操作号码 【1765407】
2024-02-24 01:32:44 GSD getOne 第 1 次 等待 3 秒
2024-02-24 01:32:47 查询号码 【1765407】，返回信息 {"status":"ok","msg":"吉林-辽源","gid":"189702","time_insert":"2021-07-04 12:01"}
2024-02-24 01:32:47 查询号码 【1765407】，GSD为【"吉林-辽源"】

2024-02-24 01:32:48 开始第 5508 次操作

2024-02-24 01:32:48 开始操作号码 【1765408】
2024-02-24 01:32:52 GSD getOne 第 1 次 等待 3 秒
2024-02-24 01:32:55 查询号码 【1765408】，返回信息 {"status":"ok","msg":"吉林-长春","gid":"189690","time_insert":"2021-07-04 12:00"}
2024-02-24 01:32:55 查询号码 【1765408】，GSD为【"吉林-长春"】

2024-02-24 02:10:12 开始第 5509 次操作

2024-02-24 02:10:12 开始操作号码 【1765409】
2024-02-24 02:10:17 GSD getOne 第 1 次 等待 3 秒
2024-02-24 02:10:20 查询号码 【1765409】，返回信息 {"status":"ok","msg":"吉林-长春","gid":"189678","time_insert":"2021-07-04 11:59"}
2024-02-24 02:10:20 查询号码 【1765409】，GSD为【"吉林-长春"】

2024-02-24 02:10:21 开始第 5510 次操作

2024-02-24 02:10:21 开始操作号码 【1765410】
2024-02-24 02:10:26 GSD getOne 第 1 次 等待 3 秒
2024-02-24 02:10:29 查询号码 【1765410】，返回信息 {"status":"ok","msg":"吉林-长春","gid":"189669","time_insert":"2021-07-04 11:59"}
2024-02-24 02:10:29 查询号码 【1765410】，GSD为【"吉林-长春"】

2024-02-24 02:10:30 开始第 5511 次操作

2024-02-24 02:10:30 开始操作号码 【1765411】
2024-02-24 02:10:34 GSD getOne 第 1 次 等待 3 秒
2024-02-24 02:10:37 查询号码 【1765411】，返回信息 {"status":"ok","msg":"吉林-长春","gid":"189660","time_insert":"2021-07-04 11:58"}
2024-02-24 02:10:37 查询号码 【1765411】，GSD为【"吉林-长春"】

2024-02-24 02:10:38 开始第 5512 次操作

2024-02-24 02:10:39 开始操作号码 【1765412】
2024-02-24 02:10:43 GSD getOne 第 1 次 等待 3 秒
2024-02-24 02:10:46 查询号码 【1765412】，返回信息 {"status":"ok","msg":"吉林-长春","gid":"189651","time_insert":"2021-07-04 11:57"}
2024-02-24 02:10:46 查询号码 【1765412】，GSD为【"吉林-长春"】

2024-02-24 02:32:47 开始第 5513 次操作

2024-02-24 02:32:47 开始操作号码 【1765413】
2024-02-24 02:32:52 GSD getOne 第 1 次 等待 3 秒
2024-02-24 02:32:55 查询号码 【1765413】，返回信息 {"status":"ok","msg":"吉林-长春","gid":"189642","time_insert":"2021-07-04 11:56"}
2024-02-24 02:32:55 查询号码 【1765413】，GSD为【"吉林-长春"】

2024-02-24 02:32:56 开始第 5514 次操作

2024-02-24 02:32:56 开始操作号码 【1765414】
2024-02-24 02:33:01 GSD getOne 第 1 次 等待 3 秒
2024-02-24 02:33:04 查询号码 【1765414】，返回信息 {"status":"ok","msg":"吉林-长春","gid":"189631","time_insert":"2021-07-04 11:55"}
2024-02-24 02:33:04 查询号码 【1765414】，GSD为【"吉林-长春"】

2024-02-24 02:33:05 开始第 5515 次操作

2024-02-24 02:33:05 开始操作号码 【1765415】
2024-02-24 02:33:09 GSD getOne 第 1 次 等待 3 秒
2024-02-24 02:33:12 查询号码 【1765415】，返回信息 {"status":"ok","msg":"吉林-长春","gid":"189621","time_insert":"2021-07-04 11:55"}
2024-02-24 02:33:12 查询号码 【1765415】，GSD为【"吉林-长春"】

2024-02-24 02:33:13 开始第 5516 次操作

2024-02-24 02:33:13 开始操作号码 【1765416】
2024-02-24 02:33:19 GSD getOne 第 1 次 等待 3 秒
2024-02-24 02:33:22 查询号码 【1765416】，返回信息 {"status":"ok","msg":"吉林-长春","gid":"189610","time_insert":"2021-07-04 11:54"}
2024-02-24 02:33:22 查询号码 【1765416】，GSD为【"吉林-长春"】

