2024-04-03 00:09:24 开始第 1653 次操作

2024-04-03 00:09:24 开始操作号码 【1651554】
2024-04-03 00:09:33 GSD getOne 第 1 次 等待 3 秒
2024-04-03 00:09:36 查询号码 【1651554】，返回信息 {"status":"ok","msg":"内蒙古-呼和浩特","gid":"233826","time_insert":"2021-07-09 21:03"}
2024-04-03 00:09:36 查询号码 【1651554】，GSD为【"内蒙古-呼和浩特"】

2024-04-03 00:09:37 开始第 1654 次操作

2024-04-03 00:09:37 开始操作号码 【1651555】
2024-04-03 00:09:43 GSD getOne 第 1 次 等待 3 秒
2024-04-03 00:09:46 查询号码 【1651555】，返回信息 {"status":"ok","msg":"广东-深圳","gid":"233832","time_insert":"2021-07-09 21:04"}
2024-04-03 00:09:46 查询号码 【1651555】，GSD为【"广东-深圳"】

2024-04-03 00:09:47 开始第 1655 次操作

2024-04-03 00:09:47 开始操作号码 【1651556】
2024-04-03 00:09:53 GSD getOne 第 1 次 等待 3 秒
2024-04-03 00:09:56 查询号码 【1651556】，返回信息 {"status":"ok","msg":"山东-聊城","gid":"233836","time_insert":"2021-07-09 21:04"}
2024-04-03 00:09:56 查询号码 【1651556】，GSD为【"山东-聊城"】

2024-04-03 00:09:57 开始第 1656 次操作

2024-04-03 00:09:57 开始操作号码 【1651557】
2024-04-03 00:10:03 GSD getOne 第 1 次 等待 3 秒
2024-04-03 00:10:06 查询号码 【1651557】，返回信息 {"status":"ok","msg":"安徽-宿州","gid":"233841","time_insert":"2021-07-09 21:05"}
2024-04-03 00:10:07 查询号码 【1651557】，GSD为【"安徽-宿州"】

2024-04-03 00:36:10 开始第 1657 次操作

2024-04-03 00:36:10 开始操作号码 【1651558】
2024-04-03 00:36:17 GSD getOne 第 1 次 等待 3 秒
2024-04-03 00:36:20 查询号码 【1651558】，返回信息 {"status":"ok","msg":"安徽-阜阳","gid":"233848","time_insert":"2021-07-09 21:05"}
2024-04-03 00:36:20 查询号码 【1651558】，GSD为【"安徽-阜阳"】

2024-04-03 00:36:21 开始第 1658 次操作

2024-04-03 00:36:21 开始操作号码 【1651559】
2024-04-03 00:36:30 GSD getOne 第 1 次 等待 3 秒
2024-04-03 00:36:33 查询号码 【1651559】，返回信息 {"status":"ok","msg":"安徽-阜阳","gid":"233854","time_insert":"2021-07-09 21:05"}
2024-04-03 00:36:33 查询号码 【1651559】，GSD为【"安徽-阜阳"】

2024-04-03 00:36:34 开始第 1659 次操作

2024-04-03 00:36:34 开始操作号码 【1651560】
2024-04-03 00:36:39 GSD getOne 第 1 次 等待 3 秒
2024-04-03 00:36:42 查询号码 【1651560】，返回信息 {"status":"ok","msg":"河北-廊坊","gid":"233857","time_insert":"2021-07-09 21:06"}
2024-04-03 00:36:42 查询号码 【1651560】，GSD为【"河北-廊坊"】

2024-04-03 00:36:43 开始第 1660 次操作

2024-04-03 00:36:43 开始操作号码 【1651561】
2024-04-03 00:36:53 GSD getOne 第 1 次 等待 3 秒
2024-04-03 00:36:56 查询号码 【1651561】，返回信息 {"status":"ok","msg":"北京-北京","gid":"233863","time_insert":"2021-07-09 21:06"}
2024-04-03 00:36:56 查询号码 【1651561】，GSD为【"北京-北京"】

