2024-02-10 00:08:56 开始第 2917 次操作

2024-02-10 00:08:56 开始操作号码 【1762817】
2024-02-10 00:09:01 GSD getOne 第 1 次 等待 3 秒
2024-02-10 00:09:04 查询号码 【1762817】，返回信息 {"status":"ok","msg":"四川-南充","gid":"166913","time_insert":"2021-07-01 13:47"}
2024-02-10 00:09:04 查询号码 【1762817】，GSD为【"四川-南充"】

2024-02-10 00:09:05 开始第 2918 次操作

2024-02-10 00:09:05 开始操作号码 【1762818】
2024-02-10 00:09:09 GSD getOne 第 1 次 等待 3 秒
2024-02-10 00:09:12 查询号码 【1762818】，返回信息 {"status":"ok","msg":"四川-乐山","gid":"30092","time_insert":"2019-07-27 14:05","time_update":"2020-10-29 22:36"}
2024-02-10 00:09:12 查询号码 【1762818】，GSD为【"四川-乐山"】

2024-02-10 00:09:13 开始第 2919 次操作

2024-02-10 00:09:13 开始操作号码 【1762819】
2024-02-10 00:09:18 GSD getOne 第 1 次 等待 3 秒
2024-02-10 00:09:21 查询号码 【1762819】，返回信息 {"status":"ok","msg":"四川-南充","gid":"166919","time_insert":"2021-07-01 13:47"}
2024-02-10 00:09:21 查询号码 【1762819】，GSD为【"四川-南充"】

2024-02-10 00:09:22 开始第 2920 次操作

2024-02-10 00:09:22 开始操作号码 【1762820】
2024-02-10 00:09:26 GSD getOne 第 1 次 等待 3 秒
2024-02-10 00:09:29 查询号码 【1762820】，返回信息 {"status":"ok","msg":"四川-资阳","gid":"166926","time_insert":"2021-07-01 13:48"}
2024-02-10 00:09:29 查询号码 【1762820】，GSD为【"四川-资阳"】

