2021-08-02 00:00:27 开始第 15 次操作

2021-08-02 00:00:27 开始操作号码 【1916452】
2021-08-02 00:00:31 GSD getOne 第 1 次 等待 3 秒
2021-08-02 00:00:34 查询号码 【1916452】，返回信息 {"status":"bad","msg":""}
2021-08-02 00:00:34 查询号码 【1916452】，GSD为【""】
2021-08-02 00:00:34 bad
2021-08-02 00:00:36 CHB 1916452?1627833634 第 1 次 等待 3 秒
2021-08-02 00:00:39 CHB 1916452?1627833634 第 1 次 获取到号码【1916452】GSD
2021-08-02 00:00:39 获取到号码【1916452】的GSD为【湖北-孝感】
2021-08-02 00:00:58 GSD insert 第 1 次 等待 3 秒
2021-08-02 00:01:01 {"status":"ok","gid":473047,"msg":"添加成功！"}
2021-08-02 00:01:01 下次操作: 2021-08-02 00:01:21

2021-08-02 00:01:21 开始第 16 次操作

2021-08-02 00:01:21 开始操作号码 【1916451】
2021-08-02 00:01:28 GSD getOne 第 1 次 等待 3 秒
2021-08-02 00:01:31 查询号码 【1916451】，返回信息 {"status":"bad","msg":""}
2021-08-02 00:01:32 查询号码 【1916451】，GSD为【""】
2021-08-02 00:01:32 bad
2021-08-02 00:01:34 CHB 1916451?1627833692 第 1 次 等待 3 秒
2021-08-02 00:01:37 CHB 1916451?1627833692 第 1 次 获取到号码【1916451】GSD
2021-08-02 00:01:37 获取到号码【1916451】的GSD为【湖北-孝感】
2021-08-02 00:01:56 GSD insert 第 1 次 等待 3 秒
2021-08-02 00:01:59 {"status":"ok","gid":473061,"msg":"添加成功！"}
2021-08-02 00:01:59 下次操作: 2021-08-02 00:02:22

2021-08-02 00:02:22 开始第 17 次操作

2021-08-02 00:02:22 开始操作号码 【1916450】
2021-08-02 00:02:26 GSD getOne 第 1 次 等待 3 秒
2021-08-02 00:02:29 查询号码 【1916450】，返回信息 {"status":"bad","msg":""}
2021-08-02 00:02:29 查询号码 【1916450】，GSD为【""】
2021-08-02 00:02:29 bad
2021-08-02 00:02:32 CHB 1916450?1627833749 第 1 次 等待 3 秒
2021-08-02 00:02:35 CHB 1916450?1627833749 第 1 次 获取到号码【1916450】GSD
2021-08-02 00:02:36 获取到号码【1916450】的GSD为【湖北-孝感】
2021-08-02 00:02:46 GSD insert 第 1 次 等待 3 秒
2021-08-02 00:02:49 {"status":"ok","gid":473070,"msg":"添加成功！"}
2021-08-02 00:02:49 下次操作: 2021-08-02 00:03:04

2021-08-02 00:03:04 开始第 18 次操作

2021-08-02 00:03:04 开始操作号码 【1916449】
2021-08-02 00:03:09 GSD getOne 第 1 次 等待 3 秒
2021-08-02 00:03:12 查询号码 【1916449】，返回信息 {"status":"bad","msg":""}
2021-08-02 00:03:12 查询号码 【1916449】，GSD为【""】
2021-08-02 00:03:12 bad
2021-08-02 00:03:14 CHB 1916449?1627833792 第 1 次 等待 3 秒
2021-08-02 00:03:17 CHB 1916449?1627833792 第 1 次 获取到号码【1916449】GSD
2021-08-02 00:03:17 获取到号码【1916449】的GSD为【湖北-孝感】
2021-08-02 00:03:36 GSD insert 第 1 次 等待 3 秒
2021-08-02 00:03:39 {"status":"ok","gid":473079,"msg":"添加成功！"}
2021-08-02 00:03:39 下次操作: 2021-08-02 00:03:53

2021-08-02 00:03:53 开始第 19 次操作

2021-08-02 00:03:53 开始操作号码 【1916448】
2021-08-02 00:03:57 GSD getOne 第 1 次 等待 3 秒
2021-08-02 00:04:00 查询号码 【1916448】，返回信息 {"status":"bad","msg":""}
2021-08-02 00:04:00 查询号码 【1916448】，GSD为【""】
2021-08-02 00:04:00 bad
2021-08-02 00:04:04 CHB 1916448?1627833840 第 1 次 等待 3 秒
2021-08-02 00:04:07 CHB 1916448?1627833840 第 1 次 获取到号码【1916448】GSD
2021-08-02 00:04:07 获取到号码【1916448】的GSD为【湖北-孝感】
2021-08-02 00:04:23 GSD insert 第 1 次 等待 3 秒
2021-08-02 00:04:26 {"status":"ok","gid":473090,"msg":"添加成功！"}
2021-08-02 00:04:26 下次操作: 2021-08-02 00:04:39

2021-08-02 00:04:39 开始第 20 次操作

2021-08-02 00:04:39 开始操作号码 【1916447】
2021-08-02 00:04:50 GSD getOne 第 1 次 等待 3 秒
2021-08-02 00:04:53 查询号码 【1916447】，返回信息 {"status":"bad","msg":""}
2021-08-02 00:04:54 查询号码 【1916447】，GSD为【""】
2021-08-02 00:04:54 bad
2021-08-02 00:04:57 CHB 1916447?1627833894 第 1 次 等待 3 秒
2021-08-02 00:05:00 CHB 1916447?1627833894 第 1 次 获取到号码【1916447】GSD
2021-08-02 00:05:00 获取到号码【1916447】的GSD为【湖北-咸宁】
2021-08-02 00:05:11 GSD insert 第 1 次 等待 3 秒
2021-08-02 00:05:14 {"status":"ok","gid":473101,"msg":"添加成功！"}
2021-08-02 00:05:14 下次操作: 2021-08-02 00:05:28

2021-08-02 00:05:28 开始第 21 次操作

2021-08-02 00:05:28 开始操作号码 【1916446】
2021-08-02 00:06:25 GSD getOne 第 1 次 等待 3 秒
2021-08-02 00:06:28 查询号码 【1916446】，返回信息 {"status":"bad","msg":""}
2021-08-02 00:06:28 查询号码 【1916446】，GSD为【""】
2021-08-02 00:06:28 bad
2021-08-02 00:06:30 CHB 1916446?1627833988 第 1 次 等待 3 秒
2021-08-02 00:06:33 CHB 1916446?1627833988 第 1 次 获取到号码【1916446】GSD
2021-08-02 00:06:33 获取到号码【1916446】的GSD为【湖北-咸宁】
2021-08-02 00:06:59 GSD insert 第 1 次 等待 3 秒
2021-08-02 00:07:02 {"status":"ok","gid":473126,"msg":"添加成功！"}
2021-08-02 00:07:02 下次操作: 2021-08-02 00:07:15

2021-08-02 00:07:15 开始第 22 次操作

2021-08-02 00:07:15 开始操作号码 【1916445】
2021-08-02 00:07:22 GSD getOne 第 1 次 等待 3 秒
2021-08-02 00:07:25 查询号码 【1916445】，返回信息 {"status":"bad","msg":""}
2021-08-02 00:07:26 查询号码 【1916445】，GSD为【""】
2021-08-02 00:07:26 bad
2021-08-02 00:07:28 CHB 1916445?1627834046 第 1 次 等待 3 秒
2021-08-02 00:07:31 CHB 1916445?1627834046 第 1 次 获取到号码【1916445】GSD
2021-08-02 00:07:31 获取到号码【1916445】的GSD为【湖北-咸宁】
2021-08-02 00:07:42 GSD insert 第 1 次 等待 3 秒
2021-08-02 00:07:45 {"status":"ok","gid":473135,"msg":"添加成功！"}
2021-08-02 00:07:45 下次操作: 2021-08-02 00:08:05

2021-08-02 00:08:05 开始第 23 次操作

2021-08-02 00:08:05 开始操作号码 【1916444】
2021-08-02 00:08:09 GSD getOne 第 1 次 等待 3 秒
2021-08-02 00:08:12 查询号码 【1916444】，返回信息 {"status":"bad","msg":""}
2021-08-02 00:08:12 查询号码 【1916444】，GSD为【""】
2021-08-02 00:08:12 bad
2021-08-02 00:08:16 CHB 1916444?1627834092 第 1 次 等待 3 秒
2021-08-02 00:08:19 CHB 1916444?1627834092 第 1 次 获取到号码【1916444】GSD
2021-08-02 00:08:19 获取到号码【1916444】的GSD为【湖北-咸宁】
2021-08-02 00:08:30 GSD insert 第 1 次 等待 3 秒
2021-08-02 00:08:33 {"status":"ok","gid":473146,"msg":"添加成功！"}
2021-08-02 00:08:33 下次操作: 2021-08-02 00:08:57

2021-08-02 00:08:57 开始第 24 次操作

2021-08-02 00:08:57 开始操作号码 【1916443】
2021-08-02 00:09:01 GSD getOne 第 1 次 等待 3 秒
2021-08-02 00:09:04 查询号码 【1916443】，返回信息 {"status":"bad","msg":""}
2021-08-02 00:09:04 查询号码 【1916443】，GSD为【""】
2021-08-02 00:09:04 bad
2021-08-02 00:09:07 CHB 1916443?1627834144 第 1 次 等待 3 秒
2021-08-02 00:09:10 CHB 1916443?1627834144 第 1 次 获取到号码【1916443】GSD
2021-08-02 00:09:10 获取到号码【1916443】的GSD为【湖北-咸宁】
2021-08-02 00:09:55 GSD insert 第 1 次 等待 3 秒
2021-08-02 00:09:58 {"status":"ok","gid":473158,"msg":"添加成功！"}
2021-08-02 00:09:58 下次操作: 2021-08-02 00:10:17

2021-08-02 00:10:17 开始第 25 次操作

2021-08-02 00:10:17 开始操作号码 【1916442】
2021-08-02 00:10:22 GSD getOne 第 1 次 等待 3 秒
2021-08-02 00:10:25 查询号码 【1916442】，返回信息 {"status":"bad","msg":""}
2021-08-02 00:10:25 查询号码 【1916442】，GSD为【""】
2021-08-02 00:10:25 bad
2021-08-02 00:10:29 CHB 1916442?1627834225 第 1 次 等待 3 秒
2021-08-02 00:10:32 CHB 1916442?1627834225 第 1 次 获取到号码【1916442】GSD
2021-08-02 00:10:32 获取到号码【1916442】的GSD为【湖北-咸宁】
2021-08-02 00:10:43 GSD insert 第 1 次 等待 3 秒
2021-08-02 00:10:46 {"status":"ok","gid":473165,"msg":"添加成功！"}
2021-08-02 00:10:46 下次操作: 2021-08-02 00:11:00

2021-08-02 00:11:00 开始第 26 次操作

2021-08-02 00:11:00 开始操作号码 【1916441】
2021-08-02 00:11:14 GSD getOne 第 1 次 等待 3 秒
2021-08-02 00:11:17 查询号码 【1916441】，返回信息 {"status":"bad","msg":""}
2021-08-02 00:11:17 查询号码 【1916441】，GSD为【""】
2021-08-02 00:11:17 bad
2021-08-02 00:11:21 CHB 1916441?1627834277 第 1 次 等待 3 秒
2021-08-02 00:11:24 CHB 1916441?1627834277 第 1 次 获取到号码【1916441】GSD
2021-08-02 00:11:24 获取到号码【1916441】的GSD为【湖北-咸宁】
2021-08-02 00:11:42 GSD insert 第 1 次 等待 3 秒
2021-08-02 00:11:45 {"status":"ok","gid":473179,"msg":"添加成功！"}
2021-08-02 00:11:45 下次操作: 2021-08-02 00:11:59

2021-08-02 00:11:59 开始第 27 次操作

2021-08-02 00:11:59 开始操作号码 【1916440】
2021-08-02 00:12:04 GSD getOne 第 1 次 等待 3 秒
2021-08-02 00:12:07 查询号码 【1916440】，返回信息 {"status":"bad","msg":""}
2021-08-02 00:12:07 查询号码 【1916440】，GSD为【""】
2021-08-02 00:12:07 bad
2021-08-02 00:12:12 CHB 1916440?1627834327 第 1 次 等待 3 秒
2021-08-02 00:12:15 CHB 1916440?1627834327 第 1 次 获取到号码【1916440】GSD
2021-08-02 00:12:16 获取到号码【1916440】的GSD为【湖北-咸宁】
2021-08-02 00:12:29 GSD insert 第 1 次 等待 3 秒
2021-08-02 00:12:32 {"status":"ok","gid":473188,"msg":"添加成功！"}
2021-08-02 00:12:32 下次操作: 2021-08-02 00:12:47

2021-08-02 00:12:47 开始第 28 次操作

2021-08-02 00:12:47 开始操作号码 【1916439】
2021-08-02 00:12:51 GSD getOne 第 1 次 等待 3 秒
2021-08-02 00:12:54 查询号码 【1916439】，返回信息 {"status":"bad","msg":""}
2021-08-02 00:12:54 查询号码 【1916439】，GSD为【""】
2021-08-02 00:12:54 bad
2021-08-02 00:12:59 CHB 1916439?1627834374 第 1 次 等待 3 秒
2021-08-02 00:13:02 CHB 1916439?1627834374 第 1 次 获取到号码【1916439】GSD
2021-08-02 00:13:02 获取到号码【1916439】的GSD为【湖北-黄冈】
2021-08-02 00:14:11 GSD insert 第 1 次 等待 3 秒
2021-08-02 00:14:14 {"status":"ok","gid":473204,"msg":"添加成功！"}
2021-08-02 00:14:14 下次操作: 2021-08-02 00:14:36

2021-08-02 00:14:36 开始第 29 次操作

2021-08-02 00:14:36 开始操作号码 【1916438】
2021-08-02 00:14:40 GSD getOne 第 1 次 等待 3 秒
2021-08-02 00:14:43 查询号码 【1916438】，返回信息 {"status":"bad","msg":""}
2021-08-02 00:14:43 查询号码 【1916438】，GSD为【""】
2021-08-02 00:14:43 bad
2021-08-02 00:14:53 CHB 1916438?1627834483 第 1 次 等待 3 秒
2021-08-02 00:14:56 CHB 1916438?1627834483 第 1 次 获取到号码【1916438】GSD
2021-08-02 00:14:56 获取到号码【1916438】的GSD为【湖北-黄冈】
2021-08-02 00:15:01 GSD insert 第 1 次 等待 3 秒
2021-08-02 00:15:04 {"status":"ok","gid":473208,"msg":"添加成功！"}
2021-08-02 00:15:04 下次操作: 2021-08-02 00:15:27

2021-08-02 00:15:27 开始第 30 次操作

2021-08-02 00:15:27 开始操作号码 【1916437】
2021-08-02 00:15:34 GSD getOne 第 1 次 等待 3 秒
2021-08-02 00:15:37 查询号码 【1916437】，返回信息 {"status":"bad","msg":""}
2021-08-02 00:15:37 查询号码 【1916437】，GSD为【""】
2021-08-02 00:15:37 bad
2021-08-02 00:15:42 CHB 1916437?1627834537 第 1 次 等待 3 秒
2021-08-02 00:15:45 CHB 1916437?1627834537 第 1 次 获取到号码【1916437】GSD
2021-08-02 00:15:45 获取到号码【1916437】的GSD为【湖北-黄冈】
2021-08-02 00:15:56 GSD insert 第 1 次 等待 3 秒
2021-08-02 00:15:59 {"status":"ok","gid":473216,"msg":"添加成功！"}
2021-08-02 00:15:59 下次操作: 2021-08-02 00:16:11

2021-08-02 00:16:11 开始第 31 次操作

2021-08-02 00:16:11 开始操作号码 【1916436】
2021-08-02 00:16:20 GSD getOne 第 1 次 等待 3 秒
2021-08-02 00:16:23 查询号码 【1916436】，返回信息 {"status":"bad","msg":""}
2021-08-02 00:16:23 查询号码 【1916436】，GSD为【""】
2021-08-02 00:16:23 bad
2021-08-02 00:16:25 CHB 1916436?1627834583 第 1 次 等待 3 秒
2021-08-02 00:16:28 CHB 1916436?1627834583 第 1 次 获取到号码【1916436】GSD
2021-08-02 00:16:28 获取到号码【1916436】的GSD为【湖北-黄冈】
2021-08-02 00:17:05 GSD insert 第 1 次 等待 3 秒
2021-08-02 00:17:09 {"status":"ok","gid":473224,"msg":"添加成功！"}
2021-08-02 00:17:09 下次操作: 2021-08-02 00:17:23

2021-08-02 00:17:23 开始第 32 次操作

2021-08-02 00:17:23 开始操作号码 【1916435】
2021-08-02 00:17:31 GSD getOne 第 1 次 等待 3 秒
2021-08-02 00:17:34 查询号码 【1916435】，返回信息 {"status":"bad","msg":""}
2021-08-02 00:17:35 查询号码 【1916435】，GSD为【""】
2021-08-02 00:17:35 bad
2021-08-02 00:17:36 CHB 1916435?1627834655 第 1 次 等待 3 秒
2021-08-02 00:17:39 CHB 1916435?1627834655 第 1 次 获取到号码【1916435】GSD
2021-08-02 00:17:39 获取到号码【1916435】的GSD为【湖北-黄冈】
2021-08-02 00:18:26 GSD insert 第 1 次 等待 3 秒
2021-08-02 00:18:29 {"status":"ok","gid":473233,"msg":"添加成功！"}
2021-08-02 00:18:29 下次操作: 2021-08-02 00:18:51

2021-08-02 00:18:51 开始第 33 次操作

2021-08-02 00:18:51 开始操作号码 【1916434】
2021-08-02 00:18:55 GSD getOne 第 1 次 等待 3 秒
2021-08-02 00:18:58 查询号码 【1916434】，返回信息 {"status":"bad","msg":""}
2021-08-02 00:18:58 查询号码 【1916434】，GSD为【""】
2021-08-02 00:18:58 bad
2021-08-02 00:19:00 CHB 1916434?1627834738 第 1 次 等待 3 秒
2021-08-02 00:19:03 CHB 1916434?1627834738 第 1 次 获取到号码【1916434】GSD
2021-08-02 00:19:03 获取到号码【1916434】的GSD为【湖北-黄冈】
2021-08-02 00:19:53 GSD insert 第 1 次 等待 3 秒
2021-08-02 00:19:56 {"status":"ok","gid":473239,"msg":"添加成功！"}
2021-08-02 00:19:56 下次操作: 2021-08-02 00:20:18

2021-08-02 00:20:18 开始第 34 次操作

2021-08-02 00:20:18 开始操作号码 【1916433】
2021-08-02 00:20:23 GSD getOne 第 1 次 等待 3 秒
2021-08-02 00:20:26 查询号码 【1916433】，返回信息 {"status":"bad","msg":""}
2021-08-02 00:20:26 查询号码 【1916433】，GSD为【""】
2021-08-02 00:20:26 bad
2021-08-02 00:20:29 CHB 1916433?1627834826 第 1 次 等待 3 秒
2021-08-02 00:20:32 CHB 1916433?1627834826 第 1 次 获取到号码【1916433】GSD
2021-08-02 00:20:32 获取到号码【1916433】的GSD为【湖北-黄冈】
2021-08-02 00:20:43 GSD insert 第 1 次 等待 3 秒
2021-08-02 00:20:46 {"status":"ok","gid":473247,"msg":"添加成功！"}
2021-08-02 00:20:46 下次操作: 2021-08-02 00:21:05

2021-08-02 00:21:05 开始第 35 次操作

2021-08-02 00:21:05 开始操作号码 【1916432】
2021-08-02 00:21:09 GSD getOne 第 1 次 等待 3 秒
2021-08-02 00:21:12 查询号码 【1916432】，返回信息 {"status":"bad","msg":""}
2021-08-02 00:21:12 查询号码 【1916432】，GSD为【""】
2021-08-02 00:21:12 bad
2021-08-02 00:21:14 CHB 1916432?1627834872 第 1 次 等待 3 秒
2021-08-02 00:21:17 CHB 1916432?1627834872 第 1 次 获取到号码【1916432】GSD
2021-08-02 00:21:17 获取到号码【1916432】的GSD为【湖北-黄冈】
2021-08-02 00:21:36 GSD insert 第 1 次 等待 3 秒
2021-08-02 00:21:39 {"status":"ok","gid":473253,"msg":"添加成功！"}
2021-08-02 00:21:39 下次操作: 2021-08-02 00:22:03

2021-08-02 00:22:03 开始第 36 次操作

2021-08-02 00:22:03 开始操作号码 【1916431】
2021-08-02 00:22:13 GSD getOne 第 1 次 等待 3 秒
2021-08-02 00:22:16 查询号码 【1916431】，返回信息 {"status":"bad","msg":""}
2021-08-02 00:22:16 查询号码 【1916431】，GSD为【""】
2021-08-02 00:22:16 bad
2021-08-02 00:22:19 CHB 1916431?1627834936 第 1 次 等待 3 秒
2021-08-02 00:22:22 CHB 1916431?1627834936 第 1 次 获取到号码【1916431】GSD
2021-08-02 00:22:22 获取到号码【1916431】的GSD为【湖北-黄冈】
2021-08-02 00:22:33 GSD insert 第 1 次 等待 3 秒
2021-08-02 00:22:36 {"status":"ok","gid":473258,"msg":"添加成功！"}
2021-08-02 00:22:36 下次操作: 2021-08-02 00:22:59

2021-08-02 00:22:59 开始第 37 次操作

2021-08-02 00:22:59 开始操作号码 【1916430】
2021-08-02 00:23:06 GSD getOne 第 1 次 等待 3 秒
2021-08-02 00:23:09 查询号码 【1916430】，返回信息 {"status":"bad","msg":""}
2021-08-02 00:23:09 查询号码 【1916430】，GSD为【""】
2021-08-02 00:23:09 bad
2021-08-02 00:23:11 CHB 1916430?1627834989 第 1 次 等待 3 秒
2021-08-02 00:23:14 CHB 1916430?1627834989 第 1 次 获取到号码【1916430】GSD
2021-08-02 00:23:14 获取到号码【1916430】的GSD为【湖北-黄冈】
2021-08-02 00:23:33 GSD insert 第 1 次 等待 3 秒
2021-08-02 00:23:36 {"status":"ok","gid":473264,"msg":"添加成功！"}
2021-08-02 00:23:36 下次操作: 2021-08-02 00:23:48

2021-08-02 00:23:48 开始第 38 次操作

2021-08-02 00:23:48 开始操作号码 【1916429】
2021-08-02 00:23:55 GSD getOne 第 1 次 等待 3 秒
2021-08-02 00:23:58 查询号码 【1916429】，返回信息 {"status":"bad","msg":""}
2021-08-02 00:23:58 查询号码 【1916429】，GSD为【""】
2021-08-02 00:23:58 bad
2021-08-02 00:24:00 CHB 1916429?1627835038 第 1 次 等待 3 秒
2021-08-02 00:24:03 CHB 1916429?1627835038 第 1 次 获取到号码【1916429】GSD
2021-08-02 00:24:03 获取到号码【1916429】的GSD为【湖北-宜昌】
2021-08-02 00:24:43 GSD insert 第 1 次 等待 3 秒
2021-08-02 00:24:46 {"status":"ok","gid":473270,"msg":"添加成功！"}
2021-08-02 00:24:46 下次操作: 2021-08-02 00:25:00

2021-08-02 00:25:00 开始第 39 次操作

2021-08-02 00:25:00 开始操作号码 【1916428】
2021-08-02 00:25:04 GSD getOne 第 1 次 等待 3 秒
2021-08-02 00:25:07 查询号码 【1916428】，返回信息 {"status":"bad","msg":""}
2021-08-02 00:25:07 查询号码 【1916428】，GSD为【""】
2021-08-02 00:25:07 bad
2021-08-02 00:25:10 CHB 1916428?1627835107 第 1 次 等待 3 秒
2021-08-02 00:25:13 CHB 1916428?1627835107 第 1 次 获取到号码【1916428】GSD
2021-08-02 00:25:13 获取到号码【1916428】的GSD为【湖北-宜昌】
2021-08-02 00:25:31 GSD insert 第 1 次 等待 3 秒
2021-08-02 00:25:34 {"status":"ok","gid":473274,"msg":"添加成功！"}
2021-08-02 00:25:34 下次操作: 2021-08-02 00:25:53

2021-08-02 00:25:53 开始第 40 次操作

2021-08-02 00:25:53 开始操作号码 【1916427】
2021-08-02 00:26:03 GSD getOne 第 1 次 等待 3 秒
2021-08-02 00:26:06 查询号码 【1916427】，返回信息 {"status":"bad","msg":""}
2021-08-02 00:26:06 查询号码 【1916427】，GSD为【""】
2021-08-02 00:26:06 bad
2021-08-02 00:26:08 CHB 1916427?1627835166 第 1 次 等待 3 秒
2021-08-02 00:26:11 CHB 1916427?1627835166 第 1 次 获取到号码【1916427】GSD
2021-08-02 00:26:11 获取到号码【1916427】的GSD为【湖北-宜昌】
2021-08-02 00:27:31 GSD insert 第 1 次 等待 3 秒
2021-08-02 00:27:34 {"status":"ok","gid":473282,"msg":"添加成功！"}

