2024-01-31 00:09:21 开始第 1077 次操作

2024-01-31 00:09:21 开始操作号码 【1760977】
2024-01-31 00:09:25 GSD getOne 第 1 次 等待 3 秒
2024-01-31 00:09:28 查询号码 【1760977】，返回信息 {"status":"ok","msg":"青海-海西","gid":"147370","time_insert":"2021-06-28 15:42"}
2024-01-31 00:09:29 查询号码 【1760977】，GSD为【"青海-海西"】

2024-01-31 00:09:30 开始第 1078 次操作

2024-01-31 00:09:30 开始操作号码 【1760978】
2024-01-31 00:09:34 GSD getOne 第 1 次 等待 3 秒
2024-01-31 00:09:37 查询号码 【1760978】，返回信息 {"status":"ok","msg":"青海-西宁","gid":"147374","time_insert":"2021-06-28 15:42"}
2024-01-31 00:09:37 查询号码 【1760978】，GSD为【"青海-西宁"】

2024-01-31 00:09:38 开始第 1079 次操作

2024-01-31 00:09:38 开始操作号码 【1760979】
2024-01-31 00:09:42 GSD getOne 第 1 次 等待 3 秒
2024-01-31 00:09:45 查询号码 【1760979】，返回信息 {"status":"ok","msg":"青海-格尔木","gid":"147383","time_insert":"2021-06-28 15:43"}
2024-01-31 00:09:45 查询号码 【1760979】，GSD为【"青海-格尔木"】

2024-01-31 00:09:46 开始第 1080 次操作

2024-01-31 00:09:46 开始操作号码 【1760980】
2024-01-31 00:09:50 GSD getOne 第 1 次 等待 3 秒
2024-01-31 00:09:53 查询号码 【1760980】，返回信息 {"status":"ok","msg":"辽宁-沈阳","gid":"147390","time_insert":"2021-06-28 15:43"}
2024-01-31 00:09:53 查询号码 【1760980】，GSD为【"辽宁-沈阳"】

