2024-07-19 00:10:21 开始第 6941 次操作

2024-07-19 00:10:21 开始操作号码 【1546824】
2024-07-19 00:10:30 GSD getOne 第 1 次 等待 3 秒
2024-07-19 00:10:33 查询号码 【1546824】，返回信息 {"status":"ok","msg":"-","gid":"670350","time_insert":"2023-04-22 07:18"}
2024-07-19 00:10:33 查询号码 【1546824】，GSD为【"-"】
2024-07-19 00:10:33 ok && -
2024-07-19 00:10:34 CHB 1546824?1721319033 第 1 次 等待 3 秒
2024-07-19 00:10:37 CHB 1546824?1721319033 第 1 次 获取到号码【1546824】GSD
2024-07-19 00:10:38 未获取到号码【1546824】GSD，可能号码格式错误
2024-07-19 00:10:38 获取到号码【1546824】的GSD为【-】
2024-07-19 00:10:45 GSD insert 第 1 次 等待 3 秒
2024-07-19 00:10:48 {"status":"bad","gid":"670350","msg":"添加失败！号码【1546824(-|-)】已存在！"}
2024-07-19 00:10:48 随机等待 173 秒，约 2 分钟
2024-07-19 00:10:48 下次操作: 2024-07-19 00:13:41

2024-07-19 00:13:41 开始第 6942 次操作

2024-07-19 00:13:41 开始操作号码 【1546825】
2024-07-19 00:13:49 GSD getOne 第 1 次 等待 3 秒
2024-07-19 00:13:52 查询号码 【1546825】，返回信息 {"status":"ok","msg":"-","gid":"670389","time_insert":"2023-04-22 07:42"}
2024-07-19 00:13:52 查询号码 【1546825】，GSD为【"-"】
2024-07-19 00:13:52 ok && -
2024-07-19 00:13:55 CHB 1546825?1721319232 第 1 次 等待 3 秒
2024-07-19 00:13:58 CHB 1546825?1721319232 第 1 次 获取到号码【1546825】GSD
2024-07-19 00:13:58 未获取到号码【1546825】GSD，可能号码格式错误
2024-07-19 00:13:58 获取到号码【1546825】的GSD为【-】
2024-07-19 00:14:05 GSD insert 第 1 次 等待 3 秒
2024-07-19 00:14:08 {"status":"bad","gid":"670389","msg":"添加失败！号码【1546825(-|-)】已存在！"}
2024-07-19 00:14:09 随机等待 97 秒，约 1 分钟
2024-07-19 00:14:09 下次操作: 2024-07-19 00:15:45

2024-07-19 00:15:46 开始第 6943 次操作

2024-07-19 00:15:46 开始操作号码 【1546826】
2024-07-19 00:15:53 GSD getOne 第 1 次 等待 3 秒
2024-07-19 00:15:56 查询号码 【1546826】，返回信息 {"status":"ok","msg":"-","gid":"670420","time_insert":"2023-04-22 08:00"}
2024-07-19 00:15:56 查询号码 【1546826】，GSD为【"-"】
2024-07-19 00:15:56 ok && -
2024-07-19 00:15:59 CHB 1546826?1721319356 第 1 次 等待 3 秒
2024-07-19 00:16:02 CHB 1546826?1721319356 第 1 次 获取到号码【1546826】GSD
2024-07-19 00:16:02 未获取到号码【1546826】GSD，可能号码格式错误
2024-07-19 00:16:02 获取到号码【1546826】的GSD为【-】
2024-07-19 00:16:11 GSD insert 第 1 次 等待 3 秒
2024-07-19 00:16:14 {"status":"bad","gid":"670420","msg":"添加失败！号码【1546826(-|-)】已存在！"}
2024-07-19 00:16:14 随机等待 90 秒，约 1 分钟
2024-07-19 00:16:14 下次操作: 2024-07-19 00:17:44

2024-07-19 00:17:44 开始第 6944 次操作

2024-07-19 00:17:44 开始操作号码 【1546827】
2024-07-19 00:17:52 GSD getOne 第 1 次 等待 3 秒
2024-07-19 00:17:55 查询号码 【1546827】，返回信息 {"status":"ok","msg":"-","gid":"670432","time_insert":"2023-04-22 08:11"}
2024-07-19 00:17:55 查询号码 【1546827】，GSD为【"-"】
2024-07-19 00:17:55 ok && -
2024-07-19 00:17:57 CHB 1546827?1721319475 第 1 次 等待 3 秒
2024-07-19 00:18:00 CHB 1546827?1721319475 第 1 次 获取到号码【1546827】GSD
2024-07-19 00:18:00 未获取到号码【1546827】GSD，可能号码格式错误
2024-07-19 00:18:00 获取到号码【1546827】的GSD为【-】
2024-07-19 00:18:08 GSD insert 第 1 次 等待 3 秒
2024-07-19 00:18:11 {"status":"bad","gid":"670432","msg":"添加失败！号码【1546827(-|-)】已存在！"}

2024-07-19 00:37:36 开始第 6945 次操作

2024-07-19 00:37:36 开始操作号码 【1546828】
2024-07-19 00:37:46 GSD getOne 第 1 次 等待 3 秒
2024-07-19 00:37:49 查询号码 【1546828】，返回信息 {"status":"ok","msg":"-","gid":"670447","time_insert":"2023-04-22 08:27"}
2024-07-19 00:37:49 查询号码 【1546828】，GSD为【"-"】
2024-07-19 00:37:49 ok && -
2024-07-19 00:37:51 CHB 1546828?1721320669 第 1 次 等待 3 秒
2024-07-19 00:37:54 CHB 1546828?1721320669 第 1 次 获取到号码【1546828】GSD
2024-07-19 00:37:54 未获取到号码【1546828】GSD，可能号码格式错误
2024-07-19 00:37:54 获取到号码【1546828】的GSD为【-】
2024-07-19 00:38:04 GSD insert 第 1 次 等待 3 秒
2024-07-19 00:38:07 {"status":"bad","gid":"670447","msg":"添加失败！号码【1546828(-|-)】已存在！"}
2024-07-19 00:38:07 随机等待 118 秒，约 1 分钟
2024-07-19 00:38:07 下次操作: 2024-07-19 00:40:05

2024-07-19 00:40:05 开始第 6946 次操作

2024-07-19 00:40:05 开始操作号码 【1546829】
2024-07-19 00:40:13 GSD getOne 第 1 次 等待 3 秒
2024-07-19 00:40:16 查询号码 【1546829】，返回信息 {"status":"ok","msg":"-","gid":"670458","time_insert":"2023-04-22 08:44"}
2024-07-19 00:40:16 查询号码 【1546829】，GSD为【"-"】
2024-07-19 00:40:16 ok && -
2024-07-19 00:40:18 CHB 1546829?1721320816 第 1 次 等待 3 秒
2024-07-19 00:40:21 CHB 1546829?1721320816 第 1 次 获取到号码【1546829】GSD
2024-07-19 00:40:21 未获取到号码【1546829】GSD，可能号码格式错误
2024-07-19 00:40:21 获取到号码【1546829】的GSD为【-】
2024-07-19 00:40:29 GSD insert 第 1 次 等待 3 秒
2024-07-19 00:40:32 {"status":"bad","gid":"670458","msg":"添加失败！号码【1546829(-|-)】已存在！"}
2024-07-19 00:40:32 随机等待 100 秒，约 1 分钟
2024-07-19 00:40:32 下次操作: 2024-07-19 00:42:12

2024-07-19 00:42:12 开始第 6947 次操作

2024-07-19 00:42:12 开始操作号码 【1546830】
2024-07-19 00:42:21 GSD getOne 第 1 次 等待 3 秒
2024-07-19 00:42:24 查询号码 【1546830】，返回信息 {"status":"ok","msg":"-","gid":"670477","time_insert":"2023-04-22 09:01"}
2024-07-19 00:42:24 查询号码 【1546830】，GSD为【"-"】
2024-07-19 00:42:24 ok && -
2024-07-19 00:42:26 CHB 1546830?1721320944 第 1 次 等待 3 秒
2024-07-19 00:42:29 CHB 1546830?1721320944 第 1 次 获取到号码【1546830】GSD
2024-07-19 00:42:29 未获取到号码【1546830】GSD，可能号码格式错误
2024-07-19 00:42:29 获取到号码【1546830】的GSD为【-】
2024-07-19 00:42:37 GSD insert 第 1 次 等待 3 秒
2024-07-19 00:42:40 {"status":"bad","gid":"670477","msg":"添加失败！号码【1546830(-|-)】已存在！"}
2024-07-19 00:42:40 随机等待 225 秒，约 3 分钟
2024-07-19 00:42:40 下次操作: 2024-07-19 00:46:25

2024-07-19 00:46:25 开始第 6948 次操作

2024-07-19 00:46:25 开始操作号码 【1546831】
2024-07-19 00:46:33 GSD getOne 第 1 次 等待 3 秒
2024-07-19 00:46:36 查询号码 【1546831】，返回信息 {"status":"ok","msg":"-","gid":"670492","time_insert":"2023-04-22 09:11"}
2024-07-19 00:46:36 查询号码 【1546831】，GSD为【"-"】
2024-07-19 00:46:36 ok && -
2024-07-19 00:46:38 CHB 1546831?1721321196 第 1 次 等待 3 秒
2024-07-19 00:46:41 CHB 1546831?1721321196 第 1 次 获取到号码【1546831】GSD
2024-07-19 00:46:41 未获取到号码【1546831】GSD，可能号码格式错误
2024-07-19 00:46:41 获取到号码【1546831】的GSD为【-】
2024-07-19 00:46:49 GSD insert 第 1 次 等待 3 秒
2024-07-19 00:46:52 {"status":"bad","gid":"670492","msg":"添加失败！号码【1546831(-|-)】已存在！"}

