2024-07-26 00:11:38 开始第 8185 次操作

2024-07-26 00:11:38 开始操作号码 【1548067】
2024-07-26 00:11:46 GSD getOne 第 1 次 等待 3 秒
2024-07-26 00:11:49 查询号码 【1548067】，返回信息 {"status":"ok","msg":"-","gid":"683760","time_insert":"2023-04-29 03:12"}
2024-07-26 00:11:49 查询号码 【1548067】，GSD为【"-"】
2024-07-26 00:11:49 ok && -
2024-07-26 00:11:51 CHB 1548067?1721923909 第 1 次 等待 3 秒
2024-07-26 00:11:54 CHB 1548067?1721923909 第 1 次 获取到号码【1548067】GSD
2024-07-26 00:11:54 未获取到号码【1548067】GSD，可能号码格式错误
2024-07-26 00:11:54 获取到号码【1548067】的GSD为【-】
2024-07-26 00:12:02 GSD insert 第 1 次 等待 3 秒
2024-07-26 00:12:05 {"status":"bad","gid":"683760","msg":"添加失败！号码【1548067(-|-)】已存在！"}
2024-07-26 00:12:05 随机等待 129 秒，约 2 分钟
2024-07-26 00:12:05 下次操作: 2024-07-26 00:14:14

2024-07-26 00:14:14 开始第 8186 次操作

2024-07-26 00:14:14 开始操作号码 【1548068】
2024-07-26 00:14:22 GSD getOne 第 1 次 等待 3 秒
2024-07-26 00:14:25 查询号码 【1548068】，返回信息 {"status":"ok","msg":"-","gid":"683750","time_insert":"2023-04-29 03:03"}
2024-07-26 00:14:25 查询号码 【1548068】，GSD为【"-"】
2024-07-26 00:14:25 ok && -
2024-07-26 00:14:27 CHB 1548068?1721924065 第 1 次 等待 3 秒
2024-07-26 00:14:30 CHB 1548068?1721924065 第 1 次 获取到号码【1548068】GSD
2024-07-26 00:14:30 未获取到号码【1548068】GSD，可能号码格式错误
2024-07-26 00:14:30 获取到号码【1548068】的GSD为【-】
2024-07-26 00:14:39 GSD insert 第 1 次 等待 3 秒
2024-07-26 00:14:42 {"status":"bad","gid":"683750","msg":"添加失败！号码【1548068(-|-)】已存在！"}
2024-07-26 00:14:42 随机等待 76 秒，约 1 分钟
2024-07-26 00:14:42 下次操作: 2024-07-26 00:15:58

2024-07-26 00:15:58 开始第 8187 次操作

2024-07-26 00:15:58 开始操作号码 【1548069】
2024-07-26 00:16:06 GSD getOne 第 1 次 等待 3 秒
2024-07-26 00:16:09 查询号码 【1548069】，返回信息 {"status":"ok","msg":"-","gid":"683747","time_insert":"2023-04-29 03:01"}
2024-07-26 00:16:09 查询号码 【1548069】，GSD为【"-"】
2024-07-26 00:16:09 ok && -
2024-07-26 00:16:11 CHB 1548069?1721924169 第 1 次 等待 3 秒
2024-07-26 00:16:14 CHB 1548069?1721924169 第 1 次 获取到号码【1548069】GSD
2024-07-26 00:16:14 未获取到号码【1548069】GSD，可能号码格式错误
2024-07-26 00:16:14 获取到号码【1548069】的GSD为【-】
2024-07-26 00:16:23 GSD insert 第 1 次 等待 3 秒
2024-07-26 00:16:26 {"status":"bad","gid":"683747","msg":"添加失败！号码【1548069(-|-)】已存在！"}
2024-07-26 00:16:26 随机等待 66 秒，约 1 分钟
2024-07-26 00:16:26 下次操作: 2024-07-26 00:17:32

2024-07-26 00:17:32 开始第 8188 次操作

2024-07-26 00:17:32 开始操作号码 【1548070】
2024-07-26 00:17:41 GSD getOne 第 1 次 等待 3 秒
2024-07-26 00:17:44 查询号码 【1548070】，返回信息 {"status":"ok","msg":"-","gid":"683742","time_insert":"2023-04-29 02:59"}
2024-07-26 00:17:44 查询号码 【1548070】，GSD为【"-"】
2024-07-26 00:17:44 ok && -
2024-07-26 00:17:46 CHB 1548070?1721924264 第 1 次 等待 3 秒
2024-07-26 00:17:49 CHB 1548070?1721924264 第 1 次 获取到号码【1548070】GSD
2024-07-26 00:17:49 未获取到号码【1548070】GSD，可能号码格式错误
2024-07-26 00:17:49 获取到号码【1548070】的GSD为【-】
2024-07-26 00:17:57 GSD insert 第 1 次 等待 3 秒
2024-07-26 00:18:00 {"status":"bad","gid":"683742","msg":"添加失败！号码【1548070(-|-)】已存在！"}

