2024-02-26 00:08:57 开始第 5861 次操作

2024-02-26 00:08:57 开始操作号码 【1765761】
2024-02-26 00:09:02 GSD getOne 第 1 次 等待 3 秒
2024-02-26 00:09:05 查询号码 【1765761】，返回信息 {"status":"ok","msg":"河南-周口","gid":"55298","time_insert":"2020-09-20 13:38"}
2024-02-26 00:09:05 查询号码 【1765761】，GSD为【"河南-周口"】

2024-02-26 00:09:06 开始第 5862 次操作

2024-02-26 00:09:06 开始操作号码 【1765762】
2024-02-26 00:09:11 GSD getOne 第 1 次 等待 3 秒
2024-02-26 00:09:14 查询号码 【1765762】，返回信息 {"status":"ok","msg":"河南-周口","gid":"55299","time_insert":"2020-12-12 13:58"}
2024-02-26 00:09:14 查询号码 【1765762】，GSD为【"河南-周口"】

2024-02-26 00:09:15 开始第 5863 次操作

2024-02-26 00:09:15 开始操作号码 【1765763】
2024-02-26 00:09:19 GSD getOne 第 1 次 等待 3 秒
2024-02-26 00:09:22 查询号码 【1765763】，返回信息 {"status":"ok","msg":"河南-周口","gid":"184913","time_insert":"2021-07-03 21:52"}
2024-02-26 00:09:22 查询号码 【1765763】，GSD为【"河南-周口"】

2024-02-26 00:09:23 开始第 5864 次操作

2024-02-26 00:09:23 开始操作号码 【1765764】
2024-02-26 00:09:28 GSD getOne 第 1 次 等待 3 秒
2024-02-26 00:09:31 查询号码 【1765764】，返回信息 {"status":"ok","msg":"河南-周口","gid":"184904","time_insert":"2021-07-03 21:51"}
2024-02-26 00:09:31 查询号码 【1765764】，GSD为【"河南-周口"】

2024-02-26 00:35:34 开始第 5865 次操作

2024-02-26 00:35:34 开始操作号码 【1765765】
2024-02-26 00:35:39 GSD getOne 第 1 次 等待 3 秒
2024-02-26 00:35:42 查询号码 【1765765】，返回信息 {"status":"ok","msg":"河南-周口","gid":"184900","time_insert":"2021-07-03 21:51"}
2024-02-26 00:35:42 查询号码 【1765765】，GSD为【"河南-周口"】

2024-02-26 00:35:43 开始第 5866 次操作

2024-02-26 00:35:43 开始操作号码 【1765766】
2024-02-26 00:35:48 GSD getOne 第 1 次 等待 3 秒
2024-02-26 00:35:51 查询号码 【1765766】，返回信息 {"status":"ok","msg":"河南-周口","gid":"184891","time_insert":"2021-07-03 21:50"}
2024-02-26 00:35:51 查询号码 【1765766】，GSD为【"河南-周口"】

2024-02-26 00:35:52 开始第 5867 次操作

2024-02-26 00:35:52 开始操作号码 【1765767】
2024-02-26 00:35:56 GSD getOne 第 1 次 等待 3 秒
2024-02-26 00:35:59 查询号码 【1765767】，返回信息 {"status":"ok","msg":"河南-濮阳","gid":"184886","time_insert":"2021-07-03 21:50"}
2024-02-26 00:35:59 查询号码 【1765767】，GSD为【"河南-濮阳"】

2024-02-26 00:36:00 开始第 5868 次操作

2024-02-26 00:36:00 开始操作号码 【1765768】
2024-02-26 00:36:05 GSD getOne 第 1 次 等待 3 秒
2024-02-26 00:36:08 查询号码 【1765768】，返回信息 {"status":"ok","msg":"河南-濮阳","gid":"184880","time_insert":"2021-07-03 21:49"}
2024-02-26 00:36:08 查询号码 【1765768】，GSD为【"河南-濮阳"】

2024-02-26 01:06:51 开始第 5869 次操作

2024-02-26 01:06:51 开始操作号码 【1765769】
2024-02-26 01:06:56 GSD getOne 第 1 次 等待 3 秒
2024-02-26 01:06:59 查询号码 【1765769】，返回信息 {"status":"ok","msg":"河南-濮阳","gid":"184873","time_insert":"2021-07-03 21:49"}
2024-02-26 01:06:59 查询号码 【1765769】，GSD为【"河南-濮阳"】

2024-02-26 01:07:00 开始第 5870 次操作

2024-02-26 01:07:00 开始操作号码 【1765770】
2024-02-26 01:07:04 GSD getOne 第 1 次 等待 3 秒
2024-02-26 01:07:07 查询号码 【1765770】，返回信息 {"status":"ok","msg":"河南-濮阳","gid":"184864","time_insert":"2021-07-03 21:48"}
2024-02-26 01:07:07 查询号码 【1765770】，GSD为【"河南-濮阳"】

2024-02-26 01:07:08 开始第 5871 次操作

2024-02-26 01:07:08 开始操作号码 【1765771】
2024-02-26 01:07:14 GSD getOne 第 1 次 等待 3 秒
2024-02-26 01:07:17 查询号码 【1765771】，返回信息 {"status":"ok","msg":"河南-濮阳","gid":"184854","time_insert":"2021-07-03 21:48"}
2024-02-26 01:07:17 查询号码 【1765771】，GSD为【"河南-濮阳"】

2024-02-26 01:07:18 开始第 5872 次操作

2024-02-26 01:07:18 开始操作号码 【1765772】
2024-02-26 01:07:24 GSD getOne 第 1 次 等待 3 秒
2024-02-26 01:07:27 查询号码 【1765772】，返回信息 {"status":"ok","msg":"河南-濮阳","gid":"184848","time_insert":"2021-07-03 21:47"}
2024-02-26 01:07:27 查询号码 【1765772】，GSD为【"河南-濮阳"】

2024-02-26 01:32:19 开始第 5873 次操作

2024-02-26 01:32:19 开始操作号码 【1765773】
2024-02-26 01:32:23 GSD getOne 第 1 次 等待 3 秒
2024-02-26 01:32:26 查询号码 【1765773】，返回信息 {"status":"ok","msg":"河南-焦作","gid":"184836","time_insert":"2021-07-03 21:47"}
2024-02-26 01:32:26 查询号码 【1765773】，GSD为【"河南-焦作"】

2024-02-26 01:32:27 开始第 5874 次操作

2024-02-26 01:32:27 开始操作号码 【1765774】
2024-02-26 01:32:33 GSD getOne 第 1 次 等待 3 秒
2024-02-26 01:32:36 查询号码 【1765774】，返回信息 {"status":"ok","msg":"河南-焦作","gid":"184827","time_insert":"2021-07-03 21:47"}
2024-02-26 01:32:36 查询号码 【1765774】，GSD为【"河南-焦作"】

2024-02-26 01:32:37 开始第 5875 次操作

2024-02-26 01:32:37 开始操作号码 【1765775】
2024-02-26 01:32:41 GSD getOne 第 1 次 等待 3 秒
2024-02-26 01:32:44 查询号码 【1765775】，返回信息 {"status":"ok","msg":"河南-焦作","gid":"184818","time_insert":"2021-07-03 21:46"}
2024-02-26 01:32:44 查询号码 【1765775】，GSD为【"河南-焦作"】

2024-02-26 01:32:45 开始第 5876 次操作

2024-02-26 01:32:45 开始操作号码 【1765776】
2024-02-26 01:32:51 GSD getOne 第 1 次 等待 3 秒
2024-02-26 01:32:54 查询号码 【1765776】，返回信息 {"status":"ok","msg":"河南-焦作","gid":"184808","time_insert":"2021-07-03 21:46"}
2024-02-26 01:32:54 查询号码 【1765776】，GSD为【"河南-焦作"】

2024-02-26 02:08:38 开始第 5877 次操作

2024-02-26 02:08:38 开始操作号码 【1765777】
2024-02-26 02:08:43 GSD getOne 第 1 次 等待 3 秒
2024-02-26 02:08:46 查询号码 【1765777】，返回信息 {"status":"ok","msg":"河南-焦作","gid":"184801","time_insert":"2021-07-03 21:45"}
2024-02-26 02:08:46 查询号码 【1765777】，GSD为【"河南-焦作"】

2024-02-26 02:08:47 开始第 5878 次操作

2024-02-26 02:08:47 开始操作号码 【1765778】
2024-02-26 02:08:51 GSD getOne 第 1 次 等待 3 秒
2024-02-26 02:08:54 查询号码 【1765778】，返回信息 {"status":"ok","msg":"河南-焦作","gid":"184792","time_insert":"2021-07-03 21:45"}
2024-02-26 02:08:54 查询号码 【1765778】，GSD为【"河南-焦作"】

2024-02-26 02:08:55 开始第 5879 次操作

2024-02-26 02:08:55 开始操作号码 【1765779】
2024-02-26 02:09:00 GSD getOne 第 1 次 等待 3 秒
2024-02-26 02:09:03 查询号码 【1765779】，返回信息 {"status":"ok","msg":"河南-焦作","gid":"184786","time_insert":"2021-07-03 21:44"}
2024-02-26 02:09:03 查询号码 【1765779】，GSD为【"河南-焦作"】

2024-02-26 02:09:04 开始第 5880 次操作

2024-02-26 02:09:04 开始操作号码 【1765780】
2024-02-26 02:09:09 GSD getOne 第 1 次 等待 3 秒
2024-02-26 02:09:12 查询号码 【1765780】，返回信息 {"status":"ok","msg":"河南-焦作","gid":"184777","time_insert":"2021-07-03 21:44"}
2024-02-26 02:09:12 查询号码 【1765780】，GSD为【"河南-焦作"】

2024-02-26 02:32:24 开始第 5881 次操作

2024-02-26 02:32:24 开始操作号码 【1765781】
2024-02-26 02:32:30 GSD getOne 第 1 次 等待 3 秒
2024-02-26 02:32:33 查询号码 【1765781】，返回信息 {"status":"ok","msg":"河南-鹤壁","gid":"184769","time_insert":"2021-07-03 21:44"}
2024-02-26 02:32:33 查询号码 【1765781】，GSD为【"河南-鹤壁"】

2024-02-26 02:32:34 开始第 5882 次操作

2024-02-26 02:32:34 开始操作号码 【1765782】
2024-02-26 02:32:38 GSD getOne 第 1 次 等待 3 秒
2024-02-26 02:32:41 查询号码 【1765782】，返回信息 {"status":"ok","msg":"河南-鹤壁","gid":"184761","time_insert":"2021-07-03 21:43"}
2024-02-26 02:32:41 查询号码 【1765782】，GSD为【"河南-鹤壁"】

2024-02-26 02:32:42 开始第 5883 次操作

2024-02-26 02:32:42 开始操作号码 【1765783】
2024-02-26 02:32:48 GSD getOne 第 1 次 等待 3 秒
2024-02-26 02:32:51 查询号码 【1765783】，返回信息 {"status":"ok","msg":"河南-鹤壁","gid":"184749","time_insert":"2021-07-03 21:43"}
2024-02-26 02:32:51 查询号码 【1765783】，GSD为【"河南-鹤壁"】

2024-02-26 02:32:52 开始第 5884 次操作

2024-02-26 02:32:52 开始操作号码 【1765784】
2024-02-26 02:32:57 GSD getOne 第 1 次 等待 3 秒
2024-02-26 02:33:00 查询号码 【1765784】，返回信息 {"status":"ok","msg":"河南-鹤壁","gid":"184741","time_insert":"2021-07-03 21:42"}
2024-02-26 02:33:00 查询号码 【1765784】，GSD为【"河南-鹤壁"】

