2023-12-10 00:08:28 开始第 2421 次操作

2023-12-10 00:08:28 开始操作号码 【1872321】
2023-12-10 00:08:33 GSD getOne 第 1 次 等待 3 秒
2023-12-10 00:08:36 查询号码 【1872321】，返回信息 {"status":"ok","msg":"重庆-重庆","gid":"41999","time_insert":"2017-03-16 20:22","time_update":"2021-01-19 03:58"}
2023-12-10 00:08:36 查询号码 【1872321】，GSD为【"重庆-重庆"】

2023-12-10 00:08:37 开始第 2422 次操作

2023-12-10 00:08:37 开始操作号码 【1872322】
2023-12-10 00:08:40 GSD getOne 第 1 次 等待 3 秒
2023-12-10 00:08:43 查询号码 【1872322】，返回信息 {"status":"ok","msg":"重庆-重庆","gid":"42000","time_insert":"2019-07-20 13:24","time_update":"2021-01-19 04:04"}
2023-12-10 00:08:43 查询号码 【1872322】，GSD为【"重庆-重庆"】

2023-12-10 00:08:44 开始第 2423 次操作

2023-12-10 00:08:44 开始操作号码 【1872323】
2023-12-10 00:08:51 GSD getOne 第 1 次 等待 3 秒
2023-12-10 00:08:54 查询号码 【1872323】，返回信息 {"status":"ok","msg":"重庆-重庆","gid":"42001","time_insert":"2016-10-30 19:38","time_update":"2021-01-19 04:10"}
2023-12-10 00:08:54 查询号码 【1872323】，GSD为【"重庆-重庆"】

2023-12-10 00:08:55 开始第 2424 次操作

2023-12-10 00:08:55 开始操作号码 【1872324】
2023-12-10 00:09:01 GSD getOne 第 1 次 等待 3 秒
2023-12-10 00:09:04 查询号码 【1872324】，返回信息 {"status":"ok","msg":"重庆-重庆","gid":"42002","time_insert":"2017-07-26 19:12","time_update":"2021-01-19 04:17"}
2023-12-10 00:09:04 查询号码 【1872324】，GSD为【"重庆-重庆"】

2023-12-10 00:35:04 开始第 2425 次操作

2023-12-10 00:35:04 开始操作号码 【1872325】
2023-12-10 00:35:09 GSD getOne 第 1 次 等待 3 秒
2023-12-10 00:35:12 查询号码 【1872325】，返回信息 {"status":"ok","msg":"重庆-重庆","gid":"42003","time_insert":"2017-07-18 11:48","time_update":"2021-01-19 04:22"}
2023-12-10 00:35:12 查询号码 【1872325】，GSD为【"重庆-重庆"】

2023-12-10 00:35:13 开始第 2426 次操作

2023-12-10 00:35:13 开始操作号码 【1872326】
2023-12-10 00:35:22 GSD getOne 第 1 次 等待 3 秒
2023-12-10 00:35:25 查询号码 【1872326】，返回信息 {"status":"ok","msg":"重庆-重庆","gid":"42004","time_insert":"2017-11-14 15:54","time_update":"2021-01-19 04:25"}
2023-12-10 00:35:25 查询号码 【1872326】，GSD为【"重庆-重庆"】

2023-12-10 00:35:26 开始第 2427 次操作

2023-12-10 00:35:26 开始操作号码 【1872327】
2023-12-10 00:35:33 GSD getOne 第 1 次 等待 3 秒
2023-12-10 00:35:36 查询号码 【1872327】，返回信息 {"status":"ok","msg":"重庆-重庆","gid":"42005","time_insert":"2019-04-30 08:47","time_update":"2021-01-19 04:31"}
2023-12-10 00:35:36 查询号码 【1872327】，GSD为【"重庆-重庆"】

2023-12-10 00:35:37 开始第 2428 次操作

2023-12-10 00:35:37 开始操作号码 【1872328】
2023-12-10 00:35:40 GSD getOne 第 1 次 等待 3 秒
2023-12-10 00:35:44 查询号码 【1872328】，返回信息 {"status":"ok","msg":"重庆-重庆","gid":"42006","time_insert":"2019-01-06 16:23","time_update":"2021-01-19 04:40"}
2023-12-10 00:35:44 查询号码 【1872328】，GSD为【"重庆-重庆"】

