2023-10-17 00:09:51 开始第 3585 次操作

2023-10-17 00:09:51 开始操作号码 【1973495】
2023-10-17 00:09:57 GSD getOne 第 1 次 等待 3 秒
2023-10-17 00:10:00 查询号码 【1973495】，返回信息 {"status":"ok","msg":"-","gid":"556755","time_insert":"2023-02-26 17:02"}
2023-10-17 00:10:00 查询号码 【1973495】，GSD为【"-"】
2023-10-17 00:10:00 ok && -
2023-10-17 00:10:06 CHB 1973495?1697472600 第 1 次 等待 3 秒
2023-10-17 00:10:09 CHB 1973495?1697472600 第 1 次 获取到号码【1973495】GSD
2023-10-17 00:10:09 未获取到号码【1973495】GSD，可能号码格式错误
2023-10-17 00:10:09 获取到号码【1973495】的GSD为【-】
2023-10-17 00:10:15 GSD insert 第 1 次 等待 3 秒
2023-10-17 00:10:18 {"status":"bad","gid":"556755","msg":"添加失败！号码【1973495(-|-)】已存在！"}
2023-10-17 00:10:18 随机等待 136 秒，约 2 分钟
2023-10-17 00:10:18 下次操作: 2023-10-17 00:12:34

2023-10-17 00:12:34 开始第 3586 次操作

2023-10-17 00:12:34 开始操作号码 【1973496】
2023-10-17 00:12:37 GSD getOne 第 1 次 等待 3 秒
2023-10-17 00:12:40 查询号码 【1973496】，返回信息 {"status":"ok","msg":"-","gid":"556768","time_insert":"2023-02-26 17:12"}
2023-10-17 00:12:40 查询号码 【1973496】，GSD为【"-"】
2023-10-17 00:12:40 ok && -
2023-10-17 00:12:42 CHB 1973496?1697472760 第 1 次 等待 3 秒
2023-10-17 00:12:45 CHB 1973496?1697472760 第 1 次 获取到号码【1973496】GSD
2023-10-17 00:12:45 未获取到号码【1973496】GSD，可能号码格式错误
2023-10-17 00:12:45 获取到号码【1973496】的GSD为【-】
2023-10-17 00:12:56 GSD insert 第 1 次 等待 3 秒
2023-10-17 00:12:59 {"status":"bad","gid":"556768","msg":"添加失败！号码【1973496(-|-)】已存在！"}
2023-10-17 00:12:59 随机等待 111 秒，约 1 分钟
2023-10-17 00:12:59 下次操作: 2023-10-17 00:14:50

2023-10-17 00:14:50 开始第 3587 次操作

2023-10-17 00:14:50 开始操作号码 【1973497】
2023-10-17 00:14:52 GSD getOne 第 1 次 等待 3 秒
2023-10-17 00:14:55 查询号码 【1973497】，返回信息 {"status":"ok","msg":"-","gid":"556773","time_insert":"2023-02-26 17:14"}
2023-10-17 00:14:56 查询号码 【1973497】，GSD为【"-"】
2023-10-17 00:14:56 ok && -
2023-10-17 00:14:57 CHB 1973497?1697472896 第 1 次 等待 3 秒
2023-10-17 00:15:00 CHB 1973497?1697472896 第 1 次 获取到号码【1973497】GSD
2023-10-17 00:15:01 未获取到号码【1973497】GSD，可能号码格式错误
2023-10-17 00:15:01 获取到号码【1973497】的GSD为【-】
2023-10-17 00:15:03 GSD insert 第 1 次 等待 3 秒
2023-10-17 00:15:06 {"status":"bad","gid":"556773","msg":"添加失败！号码【1973497(-|-)】已存在！"}
2023-10-17 00:15:06 随机等待 171 秒，约 2 分钟
2023-10-17 00:15:06 下次操作: 2023-10-17 00:17:57

2023-10-17 00:17:57 开始第 3588 次操作

2023-10-17 00:17:57 开始操作号码 【1973498】
2023-10-17 00:18:04 GSD getOne 第 1 次 等待 3 秒
2023-10-17 00:18:07 查询号码 【1973498】，返回信息 {"status":"ok","msg":"-","gid":"556775","time_insert":"2023-02-26 17:15"}
2023-10-17 00:18:07 查询号码 【1973498】，GSD为【"-"】
2023-10-17 00:18:07 ok && -
2023-10-17 00:18:14 CHB 1973498?1697473087 第 1 次 等待 3 秒
2023-10-17 00:18:17 CHB 1973498?1697473087 第 1 次 获取到号码【1973498】GSD
2023-10-17 00:18:17 未获取到号码【1973498】GSD，可能号码格式错误
2023-10-17 00:18:17 获取到号码【1973498】的GSD为【-】
2023-10-17 00:18:20 GSD insert 第 1 次 等待 3 秒
2023-10-17 00:18:23 {"status":"bad","gid":"556775","msg":"添加失败！号码【1973498(-|-)】已存在！"}

2023-10-17 00:37:43 开始第 3589 次操作

2023-10-17 00:37:43 开始操作号码 【1973499】
2023-10-17 00:37:49 GSD getOne 第 1 次 等待 3 秒
2023-10-17 00:37:52 查询号码 【1973499】，返回信息 {"status":"ok","msg":"-","gid":"556779","time_insert":"2023-02-26 17:18"}
2023-10-17 00:37:52 查询号码 【1973499】，GSD为【"-"】
2023-10-17 00:37:52 ok && -
2023-10-17 00:37:55 CHB 1973499?1697474272 第 1 次 等待 3 秒
2023-10-17 00:37:58 CHB 1973499?1697474272 第 1 次 获取到号码【1973499】GSD
2023-10-17 00:37:58 未获取到号码【1973499】GSD，可能号码格式错误
2023-10-17 00:37:58 获取到号码【1973499】的GSD为【-】
2023-10-17 00:38:08 GSD insert 第 1 次 等待 3 秒
2023-10-17 00:38:11 {"status":"bad","gid":"556779","msg":"添加失败！号码【1973499(-|-)】已存在！"}
2023-10-17 00:38:11 随机等待 72 秒，约 1 分钟
2023-10-17 00:38:11 下次操作: 2023-10-17 00:39:23

2023-10-17 00:39:23 开始第 3590 次操作

2023-10-17 00:39:23 开始操作号码 【1973500】
2023-10-17 00:39:27 GSD getOne 第 1 次 等待 3 秒
2023-10-17 00:39:30 查询号码 【1973500】，返回信息 {"status":"ok","msg":"-","gid":"556793","time_insert":"2023-02-26 17:27"}
2023-10-17 00:39:30 查询号码 【1973500】，GSD为【"-"】
2023-10-17 00:39:30 ok && -
2023-10-17 00:39:32 CHB 1973500?1697474370 第 1 次 等待 3 秒
2023-10-17 00:39:35 CHB 1973500?1697474370 第 1 次 获取到号码【1973500】GSD
2023-10-17 00:39:35 未获取到号码【1973500】GSD，可能号码格式错误
2023-10-17 00:39:35 获取到号码【1973500】的GSD为【-】
2023-10-17 00:39:40 GSD insert 第 1 次 等待 3 秒
2023-10-17 00:39:43 {"status":"bad","gid":"556793","msg":"添加失败！号码【1973500(-|-)】已存在！"}
2023-10-17 00:39:43 随机等待 179 秒，约 2 分钟
2023-10-17 00:39:43 下次操作: 2023-10-17 00:42:42

2023-10-17 00:42:42 开始第 3591 次操作

2023-10-17 00:42:42 开始操作号码 【1973501】
2023-10-17 00:42:49 GSD getOne 第 1 次 等待 3 秒
2023-10-17 00:42:52 查询号码 【1973501】，返回信息 {"status":"ok","msg":"-","gid":"556796","time_insert":"2023-02-26 17:30"}
2023-10-17 00:42:53 查询号码 【1973501】，GSD为【"-"】
2023-10-17 00:42:53 ok && -
2023-10-17 00:42:54 CHB 1973501?1697474573 第 1 次 等待 3 秒
2023-10-17 00:42:57 CHB 1973501?1697474573 第 1 次 获取到号码【1973501】GSD
2023-10-17 00:42:57 未获取到号码【1973501】GSD，可能号码格式错误
2023-10-17 00:42:57 获取到号码【1973501】的GSD为【-】
2023-10-17 00:43:01 GSD insert 第 1 次 等待 3 秒
2023-10-17 00:43:04 {"status":"bad","gid":"556796","msg":"添加失败！号码【1973501(-|-)】已存在！"}
2023-10-17 00:43:04 随机等待 123 秒，约 2 分钟
2023-10-17 00:43:04 下次操作: 2023-10-17 00:45:07

2023-10-17 00:45:07 开始第 3592 次操作

2023-10-17 00:45:07 开始操作号码 【1973502】
2023-10-17 00:45:15 GSD getOne 第 1 次 等待 3 秒
2023-10-17 00:45:18 查询号码 【1973502】，返回信息 {"status":"ok","msg":"-","gid":"556801","time_insert":"2023-02-26 17:32"}
2023-10-17 00:45:18 查询号码 【1973502】，GSD为【"-"】
2023-10-17 00:45:18 ok && -
2023-10-17 00:45:29 CHB 1973502?1697474718 第 1 次 等待 3 秒
2023-10-17 00:45:32 CHB 1973502?1697474718 第 1 次 获取到号码【1973502】GSD
2023-10-17 00:45:32 未获取到号码【1973502】GSD，可能号码格式错误
2023-10-17 00:45:32 获取到号码【1973502】的GSD为【-】
2023-10-17 00:45:34 GSD insert 第 1 次 等待 3 秒
2023-10-17 00:45:37 {"status":"bad","gid":"556801","msg":"添加失败！号码【1973502(-|-)】已存在！"}

2023-10-17 01:07:01 开始第 3593 次操作

2023-10-17 01:07:01 开始操作号码 【1973503】
2023-10-17 01:07:04 GSD getOne 第 1 次 等待 3 秒
2023-10-17 01:07:07 查询号码 【1973503】，返回信息 {"status":"ok","msg":"-","gid":"556805","time_insert":"2023-02-26 17:35"}
2023-10-17 01:07:07 查询号码 【1973503】，GSD为【"-"】
2023-10-17 01:07:07 ok && -
2023-10-17 01:07:09 CHB 1973503?1697476027 第 1 次 等待 3 秒
2023-10-17 01:07:12 CHB 1973503?1697476027 第 1 次 获取到号码【1973503】GSD
2023-10-17 01:07:12 未获取到号码【1973503】GSD，可能号码格式错误
2023-10-17 01:07:12 获取到号码【1973503】的GSD为【-】
2023-10-17 01:07:14 GSD insert 第 1 次 等待 3 秒
2023-10-17 01:07:17 {"status":"bad","gid":"556805","msg":"添加失败！号码【1973503(-|-)】已存在！"}
2023-10-17 01:07:17 随机等待 155 秒，约 2 分钟
2023-10-17 01:07:17 下次操作: 2023-10-17 01:09:52

2023-10-17 01:09:52 开始第 3594 次操作

2023-10-17 01:09:52 开始操作号码 【1973504】
2023-10-17 01:09:55 GSD getOne 第 1 次 等待 3 秒
2023-10-17 01:09:58 查询号码 【1973504】，返回信息 {"status":"ok","msg":"-","gid":"556811","time_insert":"2023-02-26 17:37"}
2023-10-17 01:09:58 查询号码 【1973504】，GSD为【"-"】
2023-10-17 01:09:58 ok && -
2023-10-17 01:10:00 CHB 1973504?1697476198 第 1 次 等待 3 秒
2023-10-17 01:10:03 CHB 1973504?1697476198 第 1 次 获取到号码【1973504】GSD
2023-10-17 01:10:03 未获取到号码【1973504】GSD，可能号码格式错误
2023-10-17 01:10:03 获取到号码【1973504】的GSD为【-】
2023-10-17 01:10:06 GSD insert 第 1 次 等待 3 秒
2023-10-17 01:10:09 {"status":"bad","gid":"556811","msg":"添加失败！号码【1973504(-|-)】已存在！"}
2023-10-17 01:10:09 随机等待 204 秒，约 3 分钟
2023-10-17 01:10:09 下次操作: 2023-10-17 01:13:33

2023-10-17 01:13:33 开始第 3595 次操作

2023-10-17 01:13:33 开始操作号码 【1973505】
2023-10-17 01:13:38 GSD getOne 第 1 次 等待 3 秒
2023-10-17 01:13:41 查询号码 【1973505】，返回信息 {"status":"ok","msg":"-","gid":"556815","time_insert":"2023-02-26 17:40"}
2023-10-17 01:13:41 查询号码 【1973505】，GSD为【"-"】
2023-10-17 01:13:41 ok && -
2023-10-17 01:13:43 CHB 1973505?1697476421 第 1 次 等待 3 秒
2023-10-17 01:13:46 CHB 1973505?1697476421 第 1 次 获取到号码【1973505】GSD
2023-10-17 01:13:46 未获取到号码【1973505】GSD，可能号码格式错误
2023-10-17 01:13:46 获取到号码【1973505】的GSD为【-】
2023-10-17 01:13:48 GSD insert 第 1 次 等待 3 秒
2023-10-17 01:13:51 {"status":"bad","gid":"556815","msg":"添加失败！号码【1973505(-|-)】已存在！"}
2023-10-17 01:13:51 随机等待 180 秒，约 3 分钟
2023-10-17 01:13:51 下次操作: 2023-10-17 01:16:51

2023-10-17 01:16:51 开始第 3596 次操作

2023-10-17 01:16:51 开始操作号码 【1973506】
2023-10-17 01:16:54 GSD getOne 第 1 次 等待 3 秒
2023-10-17 01:16:57 查询号码 【1973506】，返回信息 {"status":"ok","msg":"-","gid":"556819","time_insert":"2023-02-26 17:42"}
2023-10-17 01:16:57 查询号码 【1973506】，GSD为【"-"】
2023-10-17 01:16:57 ok && -
2023-10-17 01:17:03 CHB 1973506?1697476617 第 1 次 等待 3 秒
2023-10-17 01:17:06 CHB 1973506?1697476617 第 1 次 获取到号码【1973506】GSD
2023-10-17 01:17:06 未获取到号码【1973506】GSD，可能号码格式错误
2023-10-17 01:17:06 获取到号码【1973506】的GSD为【-】
2023-10-17 01:17:09 GSD insert 第 1 次 等待 3 秒
2023-10-17 01:17:12 {"status":"bad","gid":"556819","msg":"添加失败！号码【1973506(-|-)】已存在！"}

