2023-10-06 00:10:09 开始第 1773 次操作

2023-10-06 00:10:09 开始操作号码 【1971772】
2023-10-06 00:10:13 GSD getOne 第 1 次 等待 3 秒
2023-10-06 00:10:16 查询号码 【1971772】，返回信息 {"status":"ok","msg":"四川-乐山","gid":"545791","time_insert":"2023-02-21 22:15"}
2023-10-06 00:10:16 查询号码 【1971772】，GSD为【"四川-乐山"】

2023-10-06 00:10:17 开始第 1774 次操作

2023-10-06 00:10:17 开始操作号码 【1971773】
2023-10-06 00:10:22 GSD getOne 第 1 次 等待 3 秒
2023-10-06 00:10:25 查询号码 【1971773】，返回信息 {"status":"ok","msg":"四川-乐山","gid":"545796","time_insert":"2023-02-21 22:17"}
2023-10-06 00:10:25 查询号码 【1971773】，GSD为【"四川-乐山"】

2023-10-06 00:10:26 开始第 1775 次操作

2023-10-06 00:10:26 开始操作号码 【1971774】
2023-10-06 00:10:28 GSD getOne 第 1 次 等待 3 秒
2023-10-06 00:10:31 查询号码 【1971774】，返回信息 {"status":"ok","msg":"四川-乐山","gid":"545803","time_insert":"2023-02-21 22:19"}
2023-10-06 00:10:31 查询号码 【1971774】，GSD为【"四川-乐山"】

2023-10-06 00:10:32 开始第 1776 次操作

2023-10-06 00:10:32 开始操作号码 【1971775】
2023-10-06 00:10:36 GSD getOne 第 1 次 等待 3 秒
2023-10-06 00:10:39 查询号码 【1971775】，返回信息 {"status":"ok","msg":"四川-凉山","gid":"545804","time_insert":"2023-02-21 22:21"}
2023-10-06 00:10:39 查询号码 【1971775】，GSD为【"四川-凉山"】

2023-10-06 00:38:00 开始第 1777 次操作

2023-10-06 00:38:00 开始操作号码 【1971776】
2023-10-06 00:38:04 GSD getOne 第 1 次 等待 3 秒
2023-10-06 00:38:07 查询号码 【1971776】，返回信息 {"status":"ok","msg":"四川-凉山","gid":"545814","time_insert":"2023-02-21 22:29"}
2023-10-06 00:38:07 查询号码 【1971776】，GSD为【"四川-凉山"】

2023-10-06 00:38:08 开始第 1778 次操作

2023-10-06 00:38:08 开始操作号码 【1971777】
2023-10-06 00:38:12 GSD getOne 第 1 次 等待 3 秒
2023-10-06 00:38:15 查询号码 【1971777】，返回信息 {"status":"ok","msg":"湖北-黄冈","gid":"545822","time_insert":"2023-02-21 22:32"}
2023-10-06 00:38:15 查询号码 【1971777】，GSD为【"湖北-黄冈"】

2023-10-06 00:38:16 开始第 1779 次操作

2023-10-06 00:38:16 开始操作号码 【1971778】
2023-10-06 00:38:18 GSD getOne 第 1 次 等待 3 秒
2023-10-06 00:38:21 查询号码 【1971778】，返回信息 {"status":"ok","msg":"湖北-襄阳","gid":"545825","time_insert":"2023-02-21 22:34"}
2023-10-06 00:38:22 查询号码 【1971778】，GSD为【"湖北-襄阳"】

2023-10-06 00:38:23 开始第 1780 次操作

2023-10-06 00:38:23 开始操作号码 【1971779】
2023-10-06 00:38:29 GSD getOne 第 1 次 等待 3 秒
2023-10-06 00:38:32 查询号码 【1971779】，返回信息 {"status":"ok","msg":"湖北-黄冈","gid":"545829","time_insert":"2023-02-21 22:36"}
2023-10-06 00:38:32 查询号码 【1971779】，GSD为【"湖北-黄冈"】

