2024-09-05 00:26:50 开始第 2769 次操作

2024-09-05 00:26:50 开始操作号码 【1432768】
2024-09-05 00:27:02 GSD getOne 第 1 次 等待 3 秒
2024-09-05 00:27:05 查询号码 【1432768】，返回信息 {"status":"ok","msg":"-","gid":"568268","time_insert":"2023-03-04 01:41"}
2024-09-05 00:27:05 查询号码 【1432768】，GSD为【"-"】
2024-09-05 00:27:05 ok && -
2024-09-05 00:27:06 CHB 1432768?1725467225 第 1 次 等待 3 秒
2024-09-05 00:27:09 CHB 1432768?1725467225 第 1 次 获取到号码【1432768】GSD
2024-09-05 00:27:10 未获取到号码【1432768】GSD，可能号码格式错误
2024-09-05 00:27:10 获取到号码【1432768】的GSD为【-】
2024-09-05 00:27:18 GSD insert 第 1 次 等待 3 秒
2024-09-05 00:27:21 {"status":"bad","gid":"568268","msg":"添加失败！号码【1432768(-|-)】已存在！"}
2024-09-05 00:27:21 随机等待 137 秒，约 2 分钟
2024-09-05 00:27:21 下次操作: 2024-09-05 00:29:38

2024-09-05 00:29:38 开始第 2770 次操作

2024-09-05 00:29:38 开始操作号码 【1432769】
2024-09-05 00:29:46 GSD getOne 第 1 次 等待 3 秒
2024-09-05 00:29:49 查询号码 【1432769】，返回信息 {"status":"ok","msg":"-","gid":"568301","time_insert":"2023-03-04 01:59"}
2024-09-05 00:29:49 查询号码 【1432769】，GSD为【"-"】
2024-09-05 00:29:49 ok && -
2024-09-05 00:29:51 CHB 1432769?1725467389 第 1 次 等待 3 秒
2024-09-05 00:29:54 CHB 1432769?1725467389 第 1 次 获取到号码【1432769】GSD
2024-09-05 00:29:54 未获取到号码【1432769】GSD，可能号码格式错误
2024-09-05 00:29:54 获取到号码【1432769】的GSD为【-】
2024-09-05 00:30:01 GSD insert 第 1 次 等待 3 秒
2024-09-05 00:30:05 {"status":"bad","gid":"568301","msg":"添加失败！号码【1432769(-|-)】已存在！"}
2024-09-05 00:30:05 随机等待 197 秒，约 3 分钟
2024-09-05 00:30:05 下次操作: 2024-09-05 00:33:22

2024-09-05 00:33:22 开始第 2771 次操作

2024-09-05 00:33:22 开始操作号码 【1432770】
2024-09-05 00:33:35 GSD getOne 第 1 次 等待 3 秒
2024-09-05 00:33:38 查询号码 【1432770】，返回信息 {"status":"ok","msg":"-","gid":"568326","time_insert":"2023-03-04 02:18"}
2024-09-05 00:33:38 查询号码 【1432770】，GSD为【"-"】
2024-09-05 00:33:38 ok && -
2024-09-05 00:33:41 CHB 1432770?1725467618 第 1 次 等待 3 秒
2024-09-05 00:33:44 CHB 1432770?1725467618 第 1 次 获取到号码【1432770】GSD
2024-09-05 00:33:44 未获取到号码【1432770】GSD，可能号码格式错误
2024-09-05 00:33:44 获取到号码【1432770】的GSD为【-】
2024-09-05 00:33:51 GSD insert 第 1 次 等待 3 秒
2024-09-05 00:33:54 {"status":"bad","gid":"568326","msg":"添加失败！号码【1432770(-|-)】已存在！"}
2024-09-05 00:33:54 随机等待 84 秒，约 1 分钟
2024-09-05 00:33:54 下次操作: 2024-09-05 00:35:18

2024-09-05 00:35:18 开始第 2772 次操作

2024-09-05 00:35:18 开始操作号码 【1432771】
2024-09-05 00:35:27 GSD getOne 第 1 次 等待 3 秒
2024-09-05 00:35:30 查询号码 【1432771】，返回信息 {"status":"ok","msg":"-","gid":"568344","time_insert":"2023-03-04 02:29"}
2024-09-05 00:35:30 查询号码 【1432771】，GSD为【"-"】
2024-09-05 00:35:30 ok && -
2024-09-05 00:35:31 CHB 1432771?1725467730 第 1 次 等待 3 秒
2024-09-05 00:35:34 CHB 1432771?1725467730 第 1 次 获取到号码【1432771】GSD
2024-09-05 00:35:34 未获取到号码【1432771】GSD，可能号码格式错误
2024-09-05 00:35:34 获取到号码【1432771】的GSD为【-】
2024-09-05 00:35:44 GSD insert 第 1 次 等待 3 秒
2024-09-05 00:35:47 {"status":"bad","gid":"568344","msg":"添加失败！号码【1432771(-|-)】已存在！"}

