2024-08-02 00:11:05 开始第 9453 次操作

2024-08-02 00:11:05 开始操作号码 【1549335】
2024-08-02 00:11:16 GSD getOne 第 1 次 等待 3 秒
2024-08-02 00:11:19 查询号码 【1549335】，返回信息 {"status":"ok","msg":"-","gid":"677477","time_insert":"2023-04-26 00:54"}
2024-08-02 00:11:19 查询号码 【1549335】，GSD为【"-"】
2024-08-02 00:11:19 ok && -
2024-08-02 00:11:22 CHB 1549335?1722528679 第 1 次 等待 3 秒
2024-08-02 00:11:25 CHB 1549335?1722528679 第 1 次 获取到号码【1549335】GSD
2024-08-02 00:11:25 未获取到号码【1549335】GSD，可能号码格式错误
2024-08-02 00:11:25 获取到号码【1549335】的GSD为【-】
2024-08-02 00:11:33 GSD insert 第 1 次 等待 3 秒
2024-08-02 00:11:36 {"status":"bad","gid":"677477","msg":"添加失败！号码【1549335(-|-)】已存在！"}
2024-08-02 00:11:36 随机等待 134 秒，约 2 分钟
2024-08-02 00:11:36 下次操作: 2024-08-02 00:13:50

2024-08-02 00:13:50 开始第 9454 次操作

2024-08-02 00:13:50 开始操作号码 【1549336】
2024-08-02 00:14:06 GSD getOne 第 1 次 等待 3 秒
2024-08-02 00:14:09 查询号码 【1549336】，返回信息 {"status":"ok","msg":"-","gid":"677471","time_insert":"2023-04-26 00:51"}
2024-08-02 00:14:09 查询号码 【1549336】，GSD为【"-"】
2024-08-02 00:14:09 ok && -
2024-08-02 00:14:12 CHB 1549336?1722528849 第 1 次 等待 3 秒
2024-08-02 00:14:15 CHB 1549336?1722528849 第 1 次 获取到号码【1549336】GSD
2024-08-02 00:14:15 未获取到号码【1549336】GSD，可能号码格式错误
2024-08-02 00:14:15 获取到号码【1549336】的GSD为【-】
2024-08-02 00:14:27 GSD insert 第 1 次 等待 3 秒
2024-08-02 00:14:30 {"status":"bad","gid":"677471","msg":"添加失败！号码【1549336(-|-)】已存在！"}
2024-08-02 00:14:30 随机等待 82 秒，约 1 分钟
2024-08-02 00:14:30 下次操作: 2024-08-02 00:15:52

2024-08-02 00:15:52 开始第 9455 次操作

2024-08-02 00:15:52 开始操作号码 【1549337】
2024-08-02 00:16:00 GSD getOne 第 1 次 等待 3 秒
2024-08-02 00:16:03 查询号码 【1549337】，返回信息 {"status":"ok","msg":"-","gid":"677467","time_insert":"2023-04-26 00:49"}
2024-08-02 00:16:03 查询号码 【1549337】，GSD为【"-"】
2024-08-02 00:16:03 ok && -
2024-08-02 00:16:05 CHB 1549337?1722528963 第 1 次 等待 3 秒
2024-08-02 00:16:08 CHB 1549337?1722528963 第 1 次 获取到号码【1549337】GSD
2024-08-02 00:16:08 未获取到号码【1549337】GSD，可能号码格式错误
2024-08-02 00:16:08 获取到号码【1549337】的GSD为【-】
2024-08-02 00:16:20 GSD insert 第 1 次 等待 3 秒
2024-08-02 00:16:23 {"status":"bad","gid":"677467","msg":"添加失败！号码【1549337(-|-)】已存在！"}
2024-08-02 00:16:23 随机等待 213 秒，约 3 分钟
2024-08-02 00:16:23 下次操作: 2024-08-02 00:19:56

2024-08-02 00:19:56 开始第 9456 次操作

2024-08-02 00:19:56 开始操作号码 【1549338】
2024-08-02 00:20:05 GSD getOne 第 1 次 等待 3 秒
2024-08-02 00:20:08 查询号码 【1549338】，返回信息 {"status":"ok","msg":"-","gid":"677463","time_insert":"2023-04-26 00:46"}
2024-08-02 00:20:08 查询号码 【1549338】，GSD为【"-"】
2024-08-02 00:20:08 ok && -
2024-08-02 00:20:10 CHB 1549338?1722529208 第 1 次 等待 3 秒
2024-08-02 00:20:13 CHB 1549338?1722529208 第 1 次 获取到号码【1549338】GSD
2024-08-02 00:20:13 未获取到号码【1549338】GSD，可能号码格式错误
2024-08-02 00:20:13 获取到号码【1549338】的GSD为【-】
2024-08-02 00:20:24 GSD insert 第 1 次 等待 3 秒
2024-08-02 00:20:27 {"status":"bad","gid":"677463","msg":"添加失败！号码【1549338(-|-)】已存在！"}

