2023-12-25 00:08:50 开始第 5177 次操作

2023-12-25 00:08:50 开始操作号码 【1875077】
2023-12-25 00:09:00 GSD getOne 第 1 次 等待 3 秒
2023-12-25 00:09:03 查询号码 【1875077】，返回信息 {"status":"ok","msg":"福建-福州","gid":"451748","time_insert":"2021-07-31 03:40"}
2023-12-25 00:09:03 查询号码 【1875077】，GSD为【"福建-福州"】

2023-12-25 00:09:05 开始第 5178 次操作

2023-12-25 00:09:05 开始操作号码 【1875078】
2023-12-25 00:09:12 GSD getOne 第 1 次 等待 3 秒
2023-12-25 00:09:15 查询号码 【1875078】，返回信息 {"status":"ok","msg":"福建-福州","gid":"451734","time_insert":"2021-07-31 03:39"}
2023-12-25 00:09:15 查询号码 【1875078】，GSD为【"福建-福州"】

2023-12-25 00:09:16 开始第 5179 次操作

2023-12-25 00:09:16 开始操作号码 【1875079】
2023-12-25 00:09:42 GSD getOne 第 1 次 等待 3 秒
2023-12-25 00:09:45 查询号码 【1875079】，返回信息 {"status":"ok","msg":"福建-福州","gid":"451726","time_insert":"2021-07-31 03:39"}
2023-12-25 00:09:45 查询号码 【1875079】，GSD为【"福建-福州"】

2023-12-25 00:09:46 开始第 5180 次操作

2023-12-25 00:09:46 开始操作号码 【1875080】
2023-12-25 00:10:04 GSD getOne 第 1 次 等待 3 秒
2023-12-25 00:10:07 查询号码 【1875080】，返回信息 {"status":"ok","msg":"福建-三明","gid":"451712","time_insert":"2021-07-31 03:38"}
2023-12-25 00:10:07 查询号码 【1875080】，GSD为【"福建-三明"】

2023-12-25 00:34:51 开始第 5181 次操作

2023-12-25 00:34:51 开始操作号码 【1875081】
2023-12-25 00:34:58 GSD getOne 第 1 次 等待 3 秒
2023-12-25 00:35:01 查询号码 【1875081】，返回信息 {"status":"ok","msg":"福建-三明","gid":"451700","time_insert":"2021-07-31 03:38"}
2023-12-25 00:35:01 查询号码 【1875081】，GSD为【"福建-三明"】

2023-12-25 00:35:02 开始第 5182 次操作

2023-12-25 00:35:02 开始操作号码 【1875082】
2023-12-25 00:35:11 GSD getOne 第 1 次 等待 3 秒
2023-12-25 00:35:14 查询号码 【1875082】，返回信息 {"status":"ok","msg":"福建-三明","gid":"451690","time_insert":"2021-07-31 03:37"}
2023-12-25 00:35:14 查询号码 【1875082】，GSD为【"福建-三明"】

2023-12-25 00:35:15 开始第 5183 次操作

2023-12-25 00:35:15 开始操作号码 【1875083】
2023-12-25 00:35:19 GSD getOne 第 1 次 等待 3 秒
2023-12-25 00:35:22 查询号码 【1875083】，返回信息 {"status":"ok","msg":"福建-三明","gid":"451681","time_insert":"2021-07-31 03:36"}
2023-12-25 00:35:22 查询号码 【1875083】，GSD为【"福建-三明"】

2023-12-25 00:35:23 开始第 5184 次操作

2023-12-25 00:35:23 开始操作号码 【1875084】
2023-12-25 00:35:26 GSD getOne 第 1 次 等待 3 秒
2023-12-25 00:35:29 查询号码 【1875084】，返回信息 {"status":"ok","msg":"福建-三明","gid":"451675","time_insert":"2021-07-31 03:36"}
2023-12-25 00:35:29 查询号码 【1875084】，GSD为【"福建-三明"】

