2021-06-30 17:24:33 开始第 1 次操作

2021-06-30 17:24:33 开始操作号码 【1750693】
2021-06-30 17:24:37 GSD getOne 第 1 次 等待 1 秒
2021-06-30 17:24:38 查询号码 【1750693】，返回信息 {"status":"ok","msg":"-","time_insert":"2021-06-27 15:45"}
2021-06-30 17:24:38 查询号码 【1750693】，GSD为【"-"】
2021-06-30 17:24:38 ok && -
2021-06-30 17:24:40 CHB 1750693?1625045078 第 1 次 等待 1 秒
2021-06-30 17:24:41 CHB 1750693?1625045078 第 1 次 获取到号码【1750693】GSD
2021-06-30 17:24:41 获取到号码【1750693】的GSD为【福建-漳州】
2021-06-30 17:24:45 GSD insert 第 1 次 等待 1 秒
2021-06-30 17:24:46 {"status":"ok","msg":"添加号码已存在，但为‘-’，修改成功！"}
2021-06-30 17:24:46 下次操作: 2021-06-30 17:25:03

2021-06-30 17:25:03 开始第 2 次操作

2021-06-30 17:25:03 开始操作号码 【1750694】
2021-06-30 17:25:07 GSD getOne 第 1 次 等待 1 秒
2021-06-30 17:25:08 查询号码 【1750694】，返回信息 {"status":"ok","msg":"-","time_insert":"2021-06-27 15:45"}
2021-06-30 17:25:08 查询号码 【1750694】，GSD为【"-"】
2021-06-30 17:25:08 ok && -
2021-06-30 17:25:09 CHB 1750694?1625045108 第 1 次 等待 1 秒
2021-06-30 17:25:10 CHB 1750694?1625045108 第 1 次 获取到号码【1750694】GSD
2021-06-30 17:25:10 获取到号码【1750694】的GSD为【福建-南平】
2021-06-30 17:25:14 GSD insert 第 1 次 等待 1 秒
2021-06-30 17:25:15 {"status":"ok","msg":"添加号码已存在，但为‘-’，修改成功！"}
2021-06-30 17:25:15 下次操作: 2021-06-30 17:25:21

2021-06-30 17:25:21 开始第 3 次操作

2021-06-30 17:25:21 开始操作号码 【1750695】
2021-06-30 17:25:25 GSD getOne 第 1 次 等待 1 秒
2021-06-30 17:25:26 查询号码 【1750695】，返回信息 {"status":"ok","msg":"-","time_insert":"2021-06-27 15:46"}
2021-06-30 17:25:26 查询号码 【1750695】，GSD为【"-"】
2021-06-30 17:25:26 ok && -
2021-06-30 17:25:28 CHB 1750695?1625045126 第 1 次 等待 1 秒
2021-06-30 17:25:29 CHB 1750695?1625045126 第 1 次 获取到号码【1750695】GSD
2021-06-30 17:25:29 获取到号码【1750695】的GSD为【福建-南平】
2021-06-30 17:25:33 GSD insert 第 1 次 等待 1 秒
2021-06-30 17:25:34 {"status":"ok","msg":"添加号码已存在，但为‘-’，修改成功！"}
2021-06-30 17:25:34 下次操作: 2021-06-30 17:25:42

2021-06-30 17:25:42 开始第 4 次操作

2021-06-30 17:25:42 开始操作号码 【1750696】
2021-06-30 17:25:47 GSD getOne 第 1 次 等待 1 秒
2021-06-30 17:25:48 查询号码 【1750696】，返回信息 {"status":"ok","msg":"-","time_insert":"2021-06-27 15:47"}
2021-06-30 17:25:48 查询号码 【1750696】，GSD为【"-"】
2021-06-30 17:25:48 ok && -
2021-06-30 17:25:50 CHB 1750696?1625045148 第 1 次 等待 1 秒
2021-06-30 17:25:51 CHB 1750696?1625045148 第 1 次 获取到号码【1750696】GSD
2021-06-30 17:25:51 获取到号码【1750696】的GSD为【福建-南平】
2021-06-30 17:25:55 GSD insert 第 1 次 等待 1 秒
2021-06-30 17:25:56 {"status":"ok","msg":"添加号码已存在，但为‘-’，修改成功！"}
2021-06-30 17:25:56 下次操作: 2021-06-30 17:26:03

2021-06-30 17:26:03 开始第 5 次操作

2021-06-30 17:26:03 开始操作号码 【1750697】
2021-06-30 17:26:09 GSD getOne 第 1 次 等待 1 秒
2021-06-30 17:26:10 查询号码 【1750697】，返回信息 {"status":"ok","msg":"-","time_insert":"2021-06-27 15:48"}
2021-06-30 17:26:10 查询号码 【1750697】，GSD为【"-"】
2021-06-30 17:26:10 ok && -
2021-06-30 17:26:11 CHB 1750697?1625045170 第 1 次 等待 1 秒
2021-06-30 17:26:12 CHB 1750697?1625045170 第 1 次 获取到号码【1750697】GSD
2021-06-30 17:26:12 获取到号码【1750697】的GSD为【福建-南平】
2021-06-30 17:26:16 GSD insert 第 1 次 等待 1 秒
2021-06-30 17:26:17 {"status":"ok","msg":"添加号码已存在，但为‘-’，修改成功！"}
2021-06-30 17:26:17 下次操作: 2021-06-30 17:26:30

2021-06-30 17:26:30 开始第 6 次操作

2021-06-30 17:26:30 开始操作号码 【1750698】
2021-06-30 17:26:34 GSD getOne 第 1 次 等待 1 秒
2021-06-30 17:26:35 查询号码 【1750698】，返回信息 {"status":"ok","msg":"-","time_insert":"2021-06-27 15:48"}
2021-06-30 17:26:35 查询号码 【1750698】，GSD为【"-"】
2021-06-30 17:26:35 ok && -
2021-06-30 17:26:36 CHB 1750698?1625045195 第 1 次 等待 1 秒
2021-06-30 17:26:37 CHB 1750698?1625045195 第 1 次 获取到号码【1750698】GSD
2021-06-30 17:26:37 获取到号码【1750698】的GSD为【福建-莆田】
2021-06-30 17:26:42 GSD insert 第 1 次 等待 1 秒
2021-06-30 17:26:43 {"status":"ok","msg":"添加号码已存在，但为‘-’，修改成功！"}
2021-06-30 17:26:43 下次操作: 2021-06-30 17:26:59

2021-06-30 17:26:59 开始第 7 次操作

2021-06-30 17:26:59 开始操作号码 【1750699】
2021-06-30 17:27:03 GSD getOne 第 1 次 等待 1 秒
2021-06-30 17:27:04 查询号码 【1750699】，返回信息 {"status":"ok","msg":"-","time_insert":"2021-06-27 15:49"}
2021-06-30 17:27:04 查询号码 【1750699】，GSD为【"-"】
2021-06-30 17:27:04 ok && -
2021-06-30 17:27:05 CHB 1750699?1625045224 第 1 次 等待 1 秒
2021-06-30 17:27:06 CHB 1750699?1625045224 第 1 次 获取到号码【1750699】GSD
2021-06-30 17:27:06 获取到号码【1750699】的GSD为【福建-泉州】
2021-06-30 17:27:11 GSD insert 第 1 次 等待 1 秒
2021-06-30 17:27:12 {"status":"ok","msg":"添加号码已存在，但为‘-’，修改成功！"}
2021-06-30 17:27:12 下次操作: 2021-06-30 17:27:18

2021-06-30 17:27:18 开始第 8 次操作

2021-06-30 17:27:18 开始操作号码 【1750700】
2021-06-30 17:27:22 GSD getOne 第 1 次 等待 1 秒
2021-06-30 17:27:23 查询号码 【1750700】，返回信息 {"status":"ok","msg":"-","time_insert":"2021-06-27 15:50"}
2021-06-30 17:27:23 查询号码 【1750700】，GSD为【"-"】
2021-06-30 17:27:23 ok && -
2021-06-30 17:27:24 CHB 1750700?1625045243 第 1 次 等待 1 秒
2021-06-30 17:27:25 CHB 1750700?1625045243 第 1 次 获取到号码【1750700】GSD
2021-06-30 17:27:25 获取到号码【1750700】的GSD为【江西-南昌】
2021-06-30 17:27:31 GSD insert 第 1 次 等待 1 秒
2021-06-30 17:27:32 {"status":"ok","msg":"添加号码已存在，但为‘-’，修改成功！"}
2021-06-30 17:27:32 下次操作: 2021-06-30 17:27:49

2021-06-30 17:27:49 开始第 9 次操作

2021-06-30 17:27:49 开始操作号码 【1750701】
2021-06-30 17:27:53 GSD getOne 第 1 次 等待 1 秒
2021-06-30 17:27:54 查询号码 【1750701】，返回信息 {"status":"ok","msg":"-","time_insert":"2021-06-27 15:51"}
2021-06-30 17:27:55 查询号码 【1750701】，GSD为【"-"】
2021-06-30 17:27:55 ok && -
2021-06-30 17:27:56 CHB 1750701?1625045275 第 1 次 等待 1 秒
2021-06-30 17:27:57 CHB 1750701?1625045275 第 1 次 获取到号码【1750701】GSD
2021-06-30 17:27:57 获取到号码【1750701】的GSD为【江西-鹰潭】
2021-06-30 17:28:01 GSD insert 第 1 次 等待 1 秒
2021-06-30 17:28:02 {"status":"ok","msg":"添加号码已存在，但为‘-’，修改成功！"}
2021-06-30 17:28:02 下次操作: 2021-06-30 17:28:16

2021-06-30 17:28:16 开始第 10 次操作

2021-06-30 17:28:16 开始操作号码 【1750702】
2021-06-30 17:28:25 GSD getOne 第 1 次 等待 1 秒
2021-06-30 17:28:26 查询号码 【1750702】，返回信息 {"status":"ok","msg":"-","time_insert":"2021-06-27 15:52"}
2021-06-30 17:28:26 查询号码 【1750702】，GSD为【"-"】
2021-06-30 17:28:26 ok && -
2021-06-30 17:28:27 CHB 1750702?1625045306 第 1 次 等待 1 秒
2021-06-30 17:28:28 CHB 1750702?1625045306 第 1 次 获取到号码【1750702】GSD
2021-06-30 17:28:28 获取到号码【1750702】的GSD为【江西-九江】
2021-06-30 17:28:33 GSD insert 第 1 次 等待 1 秒
2021-06-30 17:28:34 {"status":"ok","msg":"添加号码已存在，但为‘-’，修改成功！"}
2021-06-30 17:28:34 下次操作: 2021-06-30 17:28:46

2021-06-30 17:28:46 开始第 11 次操作

2021-06-30 17:28:46 开始操作号码 【1750703】
2021-06-30 17:28:50 GSD getOne 第 1 次 等待 1 秒
2021-06-30 17:28:51 查询号码 【1750703】，返回信息 {"status":"ok","msg":"-","time_insert":"2021-06-27 15:52"}
2021-06-30 17:28:51 查询号码 【1750703】，GSD为【"-"】
2021-06-30 17:28:51 ok && -
2021-06-30 17:28:52 CHB 1750703?1625045331 第 1 次 等待 1 秒
2021-06-30 17:28:53 CHB 1750703?1625045331 第 1 次 获取到号码【1750703】GSD
2021-06-30 17:28:54 获取到号码【1750703】的GSD为【江西-上饶】
2021-06-30 17:28:58 GSD insert 第 1 次 等待 1 秒
2021-06-30 17:28:59 {"status":"ok","msg":"添加号码已存在，但为‘-’，修改成功！"}
2021-06-30 17:28:59 下次操作: 2021-06-30 17:29:09

2021-06-30 17:29:09 开始第 12 次操作

2021-06-30 17:29:09 开始操作号码 【1750704】
2021-06-30 17:29:13 GSD getOne 第 1 次 等待 1 秒
2021-06-30 17:29:14 查询号码 【1750704】，返回信息 {"status":"ok","msg":"-","time_insert":"2021-06-27 15:53"}
2021-06-30 17:29:14 查询号码 【1750704】，GSD为【"-"】
2021-06-30 17:29:14 ok && -
2021-06-30 17:29:15 CHB 1750704?1625045354 第 1 次 等待 1 秒
2021-06-30 17:29:16 CHB 1750704?1625045354 第 1 次 获取到号码【1750704】GSD
2021-06-30 17:29:17 获取到号码【1750704】的GSD为【江西-赣州】
2021-06-30 17:29:21 GSD insert 第 1 次 等待 1 秒
2021-06-30 17:29:22 {"status":"ok","msg":"添加号码已存在，但为‘-’，修改成功！"}
2021-06-30 17:29:22 下次操作: 2021-06-30 17:29:34

2021-06-30 17:29:34 开始第 13 次操作

2021-06-30 17:29:34 开始操作号码 【1750705】
2021-06-30 17:29:40 GSD getOne 第 1 次 等待 1 秒
2021-06-30 17:29:41 查询号码 【1750705】，返回信息 {"status":"ok","msg":"-","time_insert":"2021-06-27 15:54"}
2021-06-30 17:29:41 查询号码 【1750705】，GSD为【"-"】
2021-06-30 17:29:41 ok && -
2021-06-30 17:29:42 CHB 1750705?1625045381 第 1 次 等待 1 秒
2021-06-30 17:29:43 CHB 1750705?1625045381 第 1 次 获取到号码【1750705】GSD
2021-06-30 17:29:43 获取到号码【1750705】的GSD为【江西-宜春】
2021-06-30 17:29:48 GSD insert 第 1 次 等待 1 秒
2021-06-30 17:29:49 {"status":"ok","msg":"添加号码已存在，但为‘-’，修改成功！"}
2021-06-30 17:29:49 下次操作: 2021-06-30 17:29:56

2021-06-30 17:29:56 开始第 14 次操作

2021-06-30 17:29:56 开始操作号码 【1750706】
2021-06-30 17:29:59 GSD getOne 第 1 次 等待 1 秒
2021-06-30 17:30:00 查询号码 【1750706】，返回信息 {"status":"ok","msg":"-","time_insert":"2021-06-27 15:55"}
2021-06-30 17:30:00 查询号码 【1750706】，GSD为【"-"】
2021-06-30 17:30:00 ok && -
2021-06-30 17:30:02 CHB 1750706?1625045400 第 1 次 等待 1 秒
2021-06-30 17:30:03 CHB 1750706?1625045400 第 1 次 获取到号码【1750706】GSD
2021-06-30 17:30:03 获取到号码【1750706】的GSD为【江西-赣州】
2021-06-30 17:30:07 GSD insert 第 1 次 等待 1 秒
2021-06-30 17:30:08 {"status":"ok","msg":"添加号码已存在，但为‘-’，修改成功！"}
2021-06-30 17:30:08 下次操作: 2021-06-30 17:30:21

2021-06-30 17:30:21 开始第 15 次操作

2021-06-30 17:30:21 开始操作号码 【1750707】
2021-06-30 17:30:25 GSD getOne 第 1 次 等待 1 秒
2021-06-30 17:30:26 查询号码 【1750707】，返回信息 {"status":"ok","msg":"-","time_insert":"2021-06-27 16:43"}
2021-06-30 17:30:26 查询号码 【1750707】，GSD为【"-"】
2021-06-30 17:30:26 ok && -
2021-06-30 17:30:27 CHB 1750707?1625045426 第 1 次 等待 1 秒
2021-06-30 17:30:28 CHB 1750707?1625045426 第 1 次 获取到号码【1750707】GSD
2021-06-30 17:30:28 获取到号码【1750707】的GSD为【江西-赣州】
2021-06-30 17:30:33 GSD insert 第 1 次 等待 1 秒
2021-06-30 17:30:34 {"status":"ok","msg":"添加号码已存在，但为‘-’，修改成功！"}
2021-06-30 17:30:34 下次操作: 2021-06-30 17:30:51

2021-06-30 17:30:51 开始第 16 次操作

2021-06-30 17:30:51 开始操作号码 【1750708】
2021-06-30 17:30:55 GSD getOne 第 1 次 等待 1 秒
2021-06-30 17:30:56 查询号码 【1750708】，返回信息 {"status":"ok","msg":"-","time_insert":"2021-06-27 16:44"}
2021-06-30 17:30:56 查询号码 【1750708】，GSD为【"-"】
2021-06-30 17:30:56 ok && -
2021-06-30 17:30:57 CHB 1750708?1625045456 第 1 次 等待 1 秒
2021-06-30 17:30:58 CHB 1750708?1625045456 第 1 次 获取到号码【1750708】GSD
2021-06-30 17:30:58 获取到号码【1750708】的GSD为【江西-南昌】
2021-06-30 17:31:02 GSD insert 第 1 次 等待 1 秒
2021-06-30 17:31:03 {"status":"ok","msg":"添加号码已存在，但为‘-’，修改成功！"}
2021-06-30 17:31:03 下次操作: 2021-06-30 17:31:17

2021-06-30 17:31:17 开始第 17 次操作

2021-06-30 17:31:17 开始操作号码 【1750709】
2021-06-30 17:31:21 GSD getOne 第 1 次 等待 1 秒
2021-06-30 17:31:22 查询号码 【1750709】，返回信息 {"status":"ok","msg":"-","time_insert":"2021-06-27 16:45"}
2021-06-30 17:31:22 查询号码 【1750709】，GSD为【"-"】
2021-06-30 17:31:22 ok && -
2021-06-30 17:31:23 CHB 1750709?1625045482 第 1 次 等待 1 秒
2021-06-30 17:31:24 CHB 1750709?1625045482 第 1 次 获取到号码【1750709】GSD
2021-06-30 17:31:24 获取到号码【1750709】的GSD为【江西-南昌】
2021-06-30 17:31:28 GSD insert 第 1 次 等待 1 秒
2021-06-30 17:31:29 {"status":"ok","msg":"添加号码已存在，但为‘-’，修改成功！"}
2021-06-30 17:31:29 下次操作: 2021-06-30 17:31:46

2021-06-30 17:31:46 开始第 18 次操作

2021-06-30 17:31:46 开始操作号码 【1750710】
2021-06-30 17:31:50 GSD getOne 第 1 次 等待 1 秒
2021-06-30 17:31:51 查询号码 【1750710】，返回信息 {"status":"ok","msg":"-","time_insert":"2021-06-27 16:45"}
2021-06-30 17:31:51 查询号码 【1750710】，GSD为【"-"】
2021-06-30 17:31:51 ok && -
2021-06-30 17:31:53 CHB 1750710?1625045511 第 1 次 等待 1 秒
2021-06-30 17:31:54 CHB 1750710?1625045511 第 1 次 获取到号码【1750710】GSD
2021-06-30 17:31:54 获取到号码【1750710】的GSD为【湖北-武汉】
2021-06-30 17:31:58 GSD insert 第 1 次 等待 1 秒
2021-06-30 17:31:59 {"status":"ok","msg":"添加号码已存在，但为‘-’，修改成功！"}
2021-06-30 17:31:59 下次操作: 2021-06-30 17:32:05

2021-06-30 17:32:05 开始第 19 次操作

2021-06-30 17:32:05 开始操作号码 【1750711】
2021-06-30 17:32:09 GSD getOne 第 1 次 等待 1 秒
2021-06-30 17:32:10 查询号码 【1750711】，返回信息 {"status":"ok","msg":"-","time_insert":"2021-06-27 16:46"}
2021-06-30 17:32:10 查询号码 【1750711】，GSD为【"-"】
2021-06-30 17:32:10 ok && -
2021-06-30 17:32:11 CHB 1750711?1625045530 第 1 次 等待 1 秒
2021-06-30 17:32:12 CHB 1750711?1625045530 第 1 次 获取到号码【1750711】GSD
2021-06-30 17:32:12 获取到号码【1750711】的GSD为【湖北-武汉】
2021-06-30 17:32:19 GSD insert 第 1 次 等待 1 秒
2021-06-30 17:32:20 {"status":"ok","msg":"添加号码已存在，但为‘-’，修改成功！"}
2021-06-30 17:32:20 下次操作: 2021-06-30 17:32:28

2021-06-30 17:32:28 开始第 20 次操作

2021-06-30 17:32:28 开始操作号码 【1750712】
2021-06-30 17:32:32 GSD getOne 第 1 次 等待 1 秒
2021-06-30 17:32:33 查询号码 【1750712】，返回信息 {"status":"ok","msg":"湖北-武汉","time_insert":"2018-11-19 14:35","time_update":"2020-09-18 12:48"}
2021-06-30 17:32:33 查询号码 【1750712】，GSD为【"湖北-武汉"】

2021-06-30 17:32:33 开始第 20 次操作

2021-06-30 17:32:33 开始操作号码 【1750713】
2021-06-30 17:32:36 GSD getOne 第 1 次 等待 1 秒
2021-06-30 17:32:37 查询号码 【1750713】，返回信息 {"status":"ok","msg":"-","time_insert":"2021-06-27 16:47"}
2021-06-30 17:32:38 查询号码 【1750713】，GSD为【"-"】
2021-06-30 17:32:38 ok && -
2021-06-30 17:32:39 CHB 1750713?1625045558 第 1 次 等待 1 秒
2021-06-30 17:32:40 CHB 1750713?1625045558 第 1 次 获取到号码【1750713】GSD
2021-06-30 17:32:40 获取到号码【1750713】的GSD为【湖北-武汉】
2021-06-30 17:32:44 GSD insert 第 1 次 等待 1 秒
2021-06-30 17:32:45 {"status":"ok","msg":"添加号码已存在，但为‘-’，修改成功！"}
2021-06-30 17:32:45 下次操作: 2021-06-30 17:32:56

2021-06-30 17:32:56 开始第 21 次操作

2021-06-30 17:32:56 开始操作号码 【1750714】
2021-06-30 17:33:00 GSD getOne 第 1 次 等待 1 秒
2021-06-30 17:33:01 查询号码 【1750714】，返回信息 {"status":"ok","msg":"-","time_insert":"2021-06-27 16:48"}
2021-06-30 17:33:01 查询号码 【1750714】，GSD为【"-"】
2021-06-30 17:33:01 ok && -
2021-06-30 17:33:02 CHB 1750714?1625045581 第 1 次 等待 1 秒
2021-06-30 17:33:03 CHB 1750714?1625045581 第 1 次 获取到号码【1750714】GSD
2021-06-30 17:33:03 获取到号码【1750714】的GSD为【湖北-武汉】
2021-06-30 17:33:07 GSD insert 第 1 次 等待 1 秒
2021-06-30 17:33:08 {"status":"ok","msg":"添加号码已存在，但为‘-’，修改成功！"}
2021-06-30 17:33:08 下次操作: 2021-06-30 17:33:20

2021-06-30 17:33:20 开始第 22 次操作

2021-06-30 17:33:20 开始操作号码 【1750715】
2021-06-30 17:33:26 GSD getOne 第 1 次 等待 1 秒
2021-06-30 17:33:27 查询号码 【1750715】，返回信息 {"status":"ok","msg":"-","time_insert":"2021-06-27 16:49"}
2021-06-30 17:33:27 查询号码 【1750715】，GSD为【"-"】
2021-06-30 17:33:27 ok && -
2021-06-30 17:33:28 CHB 1750715?1625045607 第 1 次 等待 1 秒
2021-06-30 17:33:29 CHB 1750715?1625045607 第 1 次 获取到号码【1750715】GSD
2021-06-30 17:33:29 获取到号码【1750715】的GSD为【湖北-武汉】
2021-06-30 17:33:34 GSD insert 第 1 次 等待 1 秒
2021-06-30 17:33:35 {"status":"ok","msg":"添加号码已存在，但为‘-’，修改成功！"}
2021-06-30 17:33:35 下次操作: 2021-06-30 17:33:48

2021-06-30 17:33:48 开始第 23 次操作

2021-06-30 17:33:48 开始操作号码 【1750716】
2021-06-30 17:33:55 GSD getOne 第 1 次 等待 1 秒
2021-06-30 17:33:56 查询号码 【1750716】，返回信息 {"status":"ok","msg":"-","time_insert":"2021-06-27 16:50"}
2021-06-30 17:33:56 查询号码 【1750716】，GSD为【"-"】
2021-06-30 17:33:56 ok && -
2021-06-30 17:33:57 CHB 1750716?1625045636 第 1 次 等待 1 秒
2021-06-30 17:33:58 CHB 1750716?1625045636 第 1 次 获取到号码【1750716】GSD
2021-06-30 17:33:58 获取到号码【1750716】的GSD为【湖北-武汉】
2021-06-30 17:34:04 GSD insert 第 1 次 等待 1 秒
2021-06-30 17:34:05 {"status":"ok","msg":"添加号码已存在，但为‘-’，修改成功！"}
2021-06-30 17:34:05 下次操作: 2021-06-30 17:34:12

2021-06-30 17:34:12 开始第 24 次操作

2021-06-30 17:34:12 开始操作号码 【1750717】
2021-06-30 17:34:15 GSD getOne 第 1 次 等待 1 秒
2021-06-30 17:34:16 查询号码 【1750717】，返回信息 {"status":"ok","msg":"-","time_insert":"2021-06-27 16:51"}
2021-06-30 17:34:16 查询号码 【1750717】，GSD为【"-"】
2021-06-30 17:34:16 ok && -
2021-06-30 17:34:18 CHB 1750717?1625045656 第 1 次 等待 1 秒
2021-06-30 17:34:19 CHB 1750717?1625045656 第 1 次 获取到号码【1750717】GSD
2021-06-30 17:34:19 获取到号码【1750717】的GSD为【湖北-武汉】
2021-06-30 17:34:27 GSD insert 第 1 次 等待 1 秒
2021-06-30 17:34:28 {"status":"ok","msg":"添加号码已存在，但为‘-’，修改成功！"}
2021-06-30 17:34:28 下次操作: 2021-06-30 17:34:44

2021-06-30 17:34:44 开始第 25 次操作

2021-06-30 17:34:44 开始操作号码 【1750718】
2021-06-30 17:34:48 GSD getOne 第 1 次 等待 1 秒
2021-06-30 17:34:49 查询号码 【1750718】，返回信息 {"status":"ok","msg":"-","time_insert":"2021-06-27 16:51"}
2021-06-30 17:34:49 查询号码 【1750718】，GSD为【"-"】
2021-06-30 17:34:49 ok && -
2021-06-30 17:34:50 CHB 1750718?1625045689 第 1 次 等待 1 秒
2021-06-30 17:34:51 CHB 1750718?1625045689 第 1 次 获取到号码【1750718】GSD
2021-06-30 17:34:51 获取到号码【1750718】的GSD为【湖北-武汉】
2021-06-30 17:34:56 GSD insert 第 1 次 等待 1 秒
2021-06-30 17:34:57 {"status":"ok","msg":"添加号码已存在，但为‘-’，修改成功！"}
2021-06-30 17:34:57 下次操作: 2021-06-30 17:35:03

2021-06-30 17:35:03 开始第 26 次操作

2021-06-30 17:35:03 开始操作号码 【1750719】
2021-06-30 17:35:07 GSD getOne 第 1 次 等待 1 秒
2021-06-30 17:35:08 查询号码 【1750719】，返回信息 {"status":"ok","msg":"-","time_insert":"2021-06-27 16:52"}
2021-06-30 17:35:08 查询号码 【1750719】，GSD为【"-"】
2021-06-30 17:35:08 ok && -
2021-06-30 17:35:09 CHB 1750719?1625045708 第 1 次 等待 1 秒
2021-06-30 17:35:10 CHB 1750719?1625045708 第 1 次 获取到号码【1750719】GSD
2021-06-30 17:35:10 获取到号码【1750719】的GSD为【湖北-武汉】
2021-06-30 17:35:15 GSD insert 第 1 次 等待 1 秒
2021-06-30 17:35:16 {"status":"ok","msg":"添加号码已存在，但为‘-’，修改成功！"}
2021-06-30 17:35:16 下次操作: 2021-06-30 17:35:30

2021-06-30 17:35:30 开始第 27 次操作

2021-06-30 17:35:30 开始操作号码 【1750720】
2021-06-30 17:35:34 GSD getOne 第 1 次 等待 1 秒
2021-06-30 17:35:35 查询号码 【1750720】，返回信息 {"status":"ok","msg":"-","time_insert":"2021-06-27 16:53"}
2021-06-30 17:35:35 查询号码 【1750720】，GSD为【"-"】
2021-06-30 17:35:35 ok && -
2021-06-30 17:35:36 CHB 1750720?1625045735 第 1 次 等待 1 秒
2021-06-30 17:35:37 CHB 1750720?1625045735 第 1 次 获取到号码【1750720】GSD
2021-06-30 17:35:37 获取到号码【1750720】的GSD为【湖北-宜昌】
2021-06-30 17:35:42 GSD insert 第 1 次 等待 1 秒
2021-06-30 17:35:43 {"status":"ok","msg":"添加号码已存在，但为‘-’，修改成功！"}
2021-06-30 17:35:43 下次操作: 2021-06-30 17:35:51

2021-06-30 17:35:51 开始第 28 次操作

2021-06-30 17:35:51 开始操作号码 【1750721】
2021-06-30 17:35:55 GSD getOne 第 1 次 等待 1 秒
2021-06-30 17:35:56 查询号码 【1750721】，返回信息 {"status":"ok","msg":"-","time_insert":"2021-06-27 16:54"}
2021-06-30 17:35:56 查询号码 【1750721】，GSD为【"-"】
2021-06-30 17:35:56 ok && -
2021-06-30 17:35:57 CHB 1750721?1625045756 第 1 次 等待 1 秒
2021-06-30 17:35:58 CHB 1750721?1625045756 第 1 次 获取到号码【1750721】GSD
2021-06-30 17:35:58 获取到号码【1750721】的GSD为【湖北-荆州】
2021-06-30 17:36:03 GSD insert 第 1 次 等待 1 秒
2021-06-30 17:36:04 {"status":"ok","msg":"添加号码已存在，但为‘-’，修改成功！"}
2021-06-30 17:36:04 下次操作: 2021-06-30 17:36:17

2021-06-30 17:36:17 开始第 29 次操作

2021-06-30 17:36:17 开始操作号码 【1750722】
2021-06-30 17:36:20 GSD getOne 第 1 次 等待 1 秒
2021-06-30 17:36:21 查询号码 【1750722】，返回信息 {"status":"ok","msg":"-","time_insert":"2021-06-27 16:54"}
2021-06-30 17:36:21 查询号码 【1750722】，GSD为【"-"】
2021-06-30 17:36:21 ok && -
2021-06-30 17:36:22 CHB 1750722?1625045781 第 1 次 等待 1 秒
2021-06-30 17:36:24 CHB 1750722?1625045781 第 1 次 获取到号码【1750722】GSD
2021-06-30 17:36:24 获取到号码【1750722】的GSD为【湖北-江汉】
2021-06-30 17:36:28 GSD insert 第 1 次 等待 1 秒
2021-06-30 17:36:29 {"status":"ok","msg":"添加号码已存在，但为‘-’，修改成功！"}
2021-06-30 17:36:29 下次操作: 2021-06-30 17:36:39

2021-06-30 17:36:39 开始第 30 次操作

2021-06-30 17:36:39 开始操作号码 【1750723】
2021-06-30 17:36:44 GSD getOne 第 1 次 等待 1 秒
2021-06-30 17:36:45 查询号码 【1750723】，返回信息 {"status":"ok","msg":"-","time_insert":"2021-06-27 16:55"}
2021-06-30 17:36:45 查询号码 【1750723】，GSD为【"-"】
2021-06-30 17:36:45 ok && -
2021-06-30 17:36:46 CHB 1750723?1625045805 第 1 次 等待 1 秒
2021-06-30 17:36:47 CHB 1750723?1625045805 第 1 次 获取到号码【1750723】GSD
2021-06-30 17:36:47 获取到号码【1750723】的GSD为【湖北-黄石】
2021-06-30 17:36:52 GSD insert 第 1 次 等待 1 秒
2021-06-30 17:36:53 {"status":"ok","msg":"添加号码已存在，但为‘-’，修改成功！"}

