2024-09-15 00:25:45 开始第 4365 次操作

2024-09-15 00:25:45 开始操作号码 【1434362】
2024-09-15 00:25:53 GSD getOne 第 1 次 等待 3 秒
2024-09-15 00:25:56 查询号码 【1434362】，返回信息 {"status":"ok","msg":"-","gid":"604499","time_insert":"2023-03-21 07:33"}
2024-09-15 00:25:56 查询号码 【1434362】，GSD为【"-"】
2024-09-15 00:25:56 ok && -
2024-09-15 00:25:57 CHB 1434362?1726331156 第 1 次 等待 3 秒
2024-09-15 00:26:00 CHB 1434362?1726331156 第 1 次 获取到号码【1434362】GSD
2024-09-15 00:26:00 未获取到号码【1434362】GSD，可能号码格式错误
2024-09-15 00:26:00 获取到号码【1434362】的GSD为【-】
2024-09-15 00:26:08 GSD insert 第 1 次 等待 3 秒
2024-09-15 00:26:11 {"status":"bad","gid":"604499","msg":"添加失败！号码【1434362(-|-)】已存在！"}
2024-09-15 00:26:11 随机等待 66 秒，约 1 分钟
2024-09-15 00:26:11 下次操作: 2024-09-15 00:27:17

2024-09-15 00:27:17 开始第 4366 次操作

2024-09-15 00:27:17 开始操作号码 【1434363】
2024-09-15 00:27:25 GSD getOne 第 1 次 等待 3 秒
2024-09-15 00:27:28 查询号码 【1434363】，返回信息 {"status":"ok","msg":"-","gid":"604531","time_insert":"2023-03-21 07:51"}
2024-09-15 00:27:28 查询号码 【1434363】，GSD为【"-"】
2024-09-15 00:27:28 ok && -
2024-09-15 00:27:31 CHB 1434363?1726331248 第 1 次 等待 3 秒
2024-09-15 00:27:34 CHB 1434363?1726331248 第 1 次 获取到号码【1434363】GSD
2024-09-15 00:27:34 未获取到号码【1434363】GSD，可能号码格式错误
2024-09-15 00:27:34 获取到号码【1434363】的GSD为【-】
2024-09-15 00:27:50 GSD insert 第 1 次 等待 3 秒
2024-09-15 00:27:53 {"status":"bad","gid":"604531","msg":"添加失败！号码【1434363(-|-)】已存在！"}
2024-09-15 00:27:53 随机等待 160 秒，约 2 分钟
2024-09-15 00:27:53 下次操作: 2024-09-15 00:30:33

2024-09-15 00:30:33 开始第 4367 次操作

2024-09-15 00:30:33 开始操作号码 【1434364】
2024-09-15 00:30:41 GSD getOne 第 1 次 等待 3 秒
2024-09-15 00:30:44 查询号码 【1434364】，返回信息 {"status":"ok","msg":"-","gid":"604550","time_insert":"2023-03-21 08:05"}
2024-09-15 00:30:44 查询号码 【1434364】，GSD为【"-"】
2024-09-15 00:30:44 ok && -
2024-09-15 00:30:47 CHB 1434364?1726331444 第 1 次 等待 3 秒
2024-09-15 00:30:50 CHB 1434364?1726331444 第 1 次 获取到号码【1434364】GSD
2024-09-15 00:30:50 未获取到号码【1434364】GSD，可能号码格式错误
2024-09-15 00:30:50 获取到号码【1434364】的GSD为【-】
2024-09-15 00:30:58 GSD insert 第 1 次 等待 3 秒
2024-09-15 00:31:01 {"status":"bad","gid":"604550","msg":"添加失败！号码【1434364(-|-)】已存在！"}
2024-09-15 00:31:01 随机等待 198 秒，约 3 分钟
2024-09-15 00:31:01 下次操作: 2024-09-15 00:34:19

2024-09-15 00:34:19 开始第 4368 次操作

2024-09-15 00:34:19 开始操作号码 【1434365】
2024-09-15 00:34:33 GSD getOne 第 1 次 等待 3 秒
2024-09-15 00:34:36 查询号码 【1434365】，返回信息 {"status":"ok","msg":"-","gid":"604564","time_insert":"2023-03-21 08:20"}
2024-09-15 00:34:36 查询号码 【1434365】，GSD为【"-"】
2024-09-15 00:34:36 ok && -
2024-09-15 00:34:38 CHB 1434365?1726331676 第 1 次 等待 3 秒
2024-09-15 00:34:41 CHB 1434365?1726331676 第 1 次 获取到号码【1434365】GSD
2024-09-15 00:34:41 未获取到号码【1434365】GSD，可能号码格式错误
2024-09-15 00:34:41 获取到号码【1434365】的GSD为【-】
2024-09-15 00:34:48 GSD insert 第 1 次 等待 3 秒
2024-09-15 00:34:51 {"status":"bad","gid":"604564","msg":"添加失败！号码【1434365(-|-)】已存在！"}

2024-09-15 00:43:15 开始第 4369 次操作

2024-09-15 00:43:15 开始操作号码 【1434366】
2024-09-15 00:43:23 GSD getOne 第 1 次 等待 3 秒
2024-09-15 00:43:26 查询号码 【1434366】，返回信息 {"status":"ok","msg":"-","gid":"604581","time_insert":"2023-03-21 08:37"}
2024-09-15 00:43:26 查询号码 【1434366】，GSD为【"-"】
2024-09-15 00:43:26 ok && -
2024-09-15 00:43:29 CHB 1434366?1726332206 第 1 次 等待 3 秒
2024-09-15 00:43:32 CHB 1434366?1726332206 第 1 次 获取到号码【1434366】GSD
2024-09-15 00:43:32 未获取到号码【1434366】GSD，可能号码格式错误
2024-09-15 00:43:32 获取到号码【1434366】的GSD为【-】
2024-09-15 00:43:39 GSD insert 第 1 次 等待 3 秒
2024-09-15 00:43:42 {"status":"bad","gid":"604581","msg":"添加失败！号码【1434366(-|-)】已存在！"}
2024-09-15 00:43:42 随机等待 189 秒，约 3 分钟
2024-09-15 00:43:42 下次操作: 2024-09-15 00:46:51

2024-09-15 00:46:51 开始第 4370 次操作

2024-09-15 00:46:51 开始操作号码 【1434367】
2024-09-15 00:46:59 GSD getOne 第 1 次 等待 3 秒
2024-09-15 00:47:02 查询号码 【1434367】，返回信息 {"status":"ok","msg":"-","gid":"604587","time_insert":"2023-03-21 08:47"}
2024-09-15 00:47:02 查询号码 【1434367】，GSD为【"-"】
2024-09-15 00:47:02 ok && -
2024-09-15 00:47:04 CHB 1434367?1726332422 第 1 次 等待 3 秒
2024-09-15 00:47:07 CHB 1434367?1726332422 第 1 次 获取到号码【1434367】GSD
2024-09-15 00:47:07 未获取到号码【1434367】GSD，可能号码格式错误
2024-09-15 00:47:07 获取到号码【1434367】的GSD为【-】
2024-09-15 00:47:18 GSD insert 第 1 次 等待 3 秒
2024-09-15 00:47:21 {"status":"bad","gid":"604587","msg":"添加失败！号码【1434367(-|-)】已存在！"}
2024-09-15 00:47:21 随机等待 84 秒，约 1 分钟
2024-09-15 00:47:21 下次操作: 2024-09-15 00:48:45

2024-09-15 00:48:45 开始第 4371 次操作

2024-09-15 00:48:45 开始操作号码 【1434368】
2024-09-15 00:48:53 GSD getOne 第 1 次 等待 3 秒
2024-09-15 00:48:56 查询号码 【1434368】，返回信息 {"status":"ok","msg":"-","gid":"604604","time_insert":"2023-03-21 08:57"}
2024-09-15 00:48:56 查询号码 【1434368】，GSD为【"-"】
2024-09-15 00:48:56 ok && -
2024-09-15 00:48:58 CHB 1434368?1726332536 第 1 次 等待 3 秒
2024-09-15 00:49:01 CHB 1434368?1726332536 第 1 次 获取到号码【1434368】GSD
2024-09-15 00:49:01 未获取到号码【1434368】GSD，可能号码格式错误
2024-09-15 00:49:01 获取到号码【1434368】的GSD为【-】
2024-09-15 00:49:08 GSD insert 第 1 次 等待 3 秒
2024-09-15 00:49:11 {"status":"bad","gid":"604604","msg":"添加失败！号码【1434368(-|-)】已存在！"}
2024-09-15 00:49:11 随机等待 227 秒，约 3 分钟
2024-09-15 00:49:11 下次操作: 2024-09-15 00:52:58

2024-09-15 00:52:58 开始第 4372 次操作

2024-09-15 00:52:58 开始操作号码 【1434369】
2024-09-15 00:53:06 GSD getOne 第 1 次 等待 3 秒
2024-09-15 00:53:09 查询号码 【1434369】，返回信息 {"status":"ok","msg":"-","gid":"604616","time_insert":"2023-03-21 09:09"}
2024-09-15 00:53:09 查询号码 【1434369】，GSD为【"-"】
2024-09-15 00:53:09 ok && -
2024-09-15 00:53:11 CHB 1434369?1726332789 第 1 次 等待 3 秒
2024-09-15 00:53:14 CHB 1434369?1726332789 第 1 次 获取到号码【1434369】GSD
2024-09-15 00:53:14 未获取到号码【1434369】GSD，可能号码格式错误
2024-09-15 00:53:14 获取到号码【1434369】的GSD为【-】
2024-09-15 00:53:22 GSD insert 第 1 次 等待 3 秒
2024-09-15 00:53:25 {"status":"bad","gid":"604616","msg":"添加失败！号码【1434369(-|-)】已存在！"}

2024-09-15 01:19:23 开始第 4373 次操作

2024-09-15 01:19:23 开始操作号码 【1434370】
2024-09-15 01:19:34 GSD getOne 第 1 次 等待 3 秒
2024-09-15 01:19:37 查询号码 【1434370】，返回信息 {"status":"ok","msg":"-","gid":"604635","time_insert":"2023-03-21 09:27"}
2024-09-15 01:19:37 查询号码 【1434370】，GSD为【"-"】
2024-09-15 01:19:37 ok && -
2024-09-15 01:19:39 CHB 1434370?1726334377 第 1 次 等待 3 秒
2024-09-15 01:19:42 CHB 1434370?1726334377 第 1 次 获取到号码【1434370】GSD
2024-09-15 01:19:42 未获取到号码【1434370】GSD，可能号码格式错误
2024-09-15 01:19:42 获取到号码【1434370】的GSD为【-】
2024-09-15 01:19:52 GSD insert 第 1 次 等待 3 秒
2024-09-15 01:19:55 {"status":"bad","gid":"604635","msg":"添加失败！号码【1434370(-|-)】已存在！"}
2024-09-15 01:19:55 随机等待 183 秒，约 3 分钟
2024-09-15 01:19:55 下次操作: 2024-09-15 01:22:58

2024-09-15 01:22:58 开始第 4374 次操作

2024-09-15 01:22:58 开始操作号码 【1434371】
2024-09-15 01:23:07 GSD getOne 第 1 次 等待 3 秒
2024-09-15 01:23:10 查询号码 【1434371】，返回信息 {"status":"ok","msg":"-","gid":"604652","time_insert":"2023-03-21 09:42"}
2024-09-15 01:23:10 查询号码 【1434371】，GSD为【"-"】
2024-09-15 01:23:10 ok && -
2024-09-15 01:23:13 CHB 1434371?1726334590 第 1 次 等待 3 秒
2024-09-15 01:23:16 CHB 1434371?1726334590 第 1 次 获取到号码【1434371】GSD
2024-09-15 01:23:16 未获取到号码【1434371】GSD，可能号码格式错误
2024-09-15 01:23:16 获取到号码【1434371】的GSD为【-】
2024-09-15 01:23:23 GSD insert 第 1 次 等待 3 秒
2024-09-15 01:23:26 {"status":"bad","gid":"604652","msg":"添加失败！号码【1434371(-|-)】已存在！"}
2024-09-15 01:23:26 随机等待 93 秒，约 1 分钟
2024-09-15 01:23:26 下次操作: 2024-09-15 01:24:59

2024-09-15 01:24:59 开始第 4375 次操作

2024-09-15 01:24:59 开始操作号码 【1434372】
2024-09-15 01:25:08 GSD getOne 第 1 次 等待 3 秒
2024-09-15 01:25:11 查询号码 【1434372】，返回信息 {"status":"ok","msg":"-","gid":"604672","time_insert":"2023-03-21 10:01"}
2024-09-15 01:25:11 查询号码 【1434372】，GSD为【"-"】
2024-09-15 01:25:11 ok && -
2024-09-15 01:25:14 CHB 1434372?1726334711 第 1 次 等待 3 秒
2024-09-15 01:25:17 CHB 1434372?1726334711 第 1 次 获取到号码【1434372】GSD
2024-09-15 01:25:17 未获取到号码【1434372】GSD，可能号码格式错误
2024-09-15 01:25:17 获取到号码【1434372】的GSD为【-】
2024-09-15 01:25:25 GSD insert 第 1 次 等待 3 秒
2024-09-15 01:25:28 {"status":"bad","gid":"604672","msg":"添加失败！号码【1434372(-|-)】已存在！"}
2024-09-15 01:25:28 随机等待 178 秒，约 2 分钟
2024-09-15 01:25:28 下次操作: 2024-09-15 01:28:26

2024-09-15 01:28:26 开始第 4376 次操作

2024-09-15 01:28:26 开始操作号码 【1434373】
2024-09-15 01:28:36 GSD getOne 第 1 次 等待 3 秒
2024-09-15 01:28:39 查询号码 【1434373】，返回信息 {"status":"ok","msg":"-","gid":"604683","time_insert":"2023-03-21 10:12"}
2024-09-15 01:28:39 查询号码 【1434373】，GSD为【"-"】
2024-09-15 01:28:39 ok && -
2024-09-15 01:28:41 CHB 1434373?1726334919 第 1 次 等待 3 秒
2024-09-15 01:28:44 CHB 1434373?1726334919 第 1 次 获取到号码【1434373】GSD
2024-09-15 01:28:44 未获取到号码【1434373】GSD，可能号码格式错误
2024-09-15 01:28:44 获取到号码【1434373】的GSD为【-】
2024-09-15 01:28:52 GSD insert 第 1 次 等待 3 秒
2024-09-15 01:28:55 {"status":"bad","gid":"604683","msg":"添加失败！号码【1434373(-|-)】已存在！"}

