2024-02-21 00:09:32 开始第 4941 次操作

2024-02-21 00:09:32 开始操作号码 【1764841】
2024-02-21 00:09:36 GSD getOne 第 1 次 等待 3 秒
2024-02-21 00:09:39 查询号码 【1764841】，返回信息 {"status":"ok","msg":"内蒙古-呼伦贝尔","gid":"189715","time_insert":"2021-07-04 12:02"}
2024-02-21 00:09:39 查询号码 【1764841】，GSD为【"内蒙古-呼伦贝尔"】

2024-02-21 00:09:40 开始第 4942 次操作

2024-02-21 00:09:40 开始操作号码 【1764842】
2024-02-21 00:09:45 GSD getOne 第 1 次 等待 3 秒
2024-02-21 00:09:48 查询号码 【1764842】，返回信息 {"status":"ok","msg":"内蒙古-呼伦贝尔","gid":"189723","time_insert":"2021-07-04 12:03"}
2024-02-21 00:09:48 查询号码 【1764842】，GSD为【"内蒙古-呼伦贝尔"】

2024-02-21 00:09:49 开始第 4943 次操作

2024-02-21 00:09:49 开始操作号码 【1764843】
2024-02-21 00:09:53 GSD getOne 第 1 次 等待 3 秒
2024-02-21 00:09:56 查询号码 【1764843】，返回信息 {"status":"ok","msg":"内蒙古-呼伦贝尔","gid":"189731","time_insert":"2021-07-04 12:04"}
2024-02-21 00:09:56 查询号码 【1764843】，GSD为【"内蒙古-呼伦贝尔"】

2024-02-21 00:09:57 开始第 4944 次操作

2024-02-21 00:09:57 开始操作号码 【1764844】
2024-02-21 00:10:02 GSD getOne 第 1 次 等待 3 秒
2024-02-21 00:10:05 查询号码 【1764844】，返回信息 {"status":"ok","msg":"内蒙古-呼伦贝尔","gid":"189741","time_insert":"2021-07-04 12:04"}
2024-02-21 00:10:05 查询号码 【1764844】，GSD为【"内蒙古-呼伦贝尔"】

