2024-03-25 00:08:20 开始第 100 次操作
2024-03-25 00:08:20 号码【176（0000 ---> 9999）】处理完毕
2024-03-25 00:32:24 开始第 100 次操作
2024-03-25 00:32:24 号码【176（0000 ---> 9999）】处理完毕
2024-03-25 01:07:05 开始第 100 次操作
2024-03-25 01:07:05 号码【176（0000 ---> 9999）】处理完毕
2024-03-25 01:33:17 开始第 100 次操作
2024-03-25 01:33:17 号码【176（0000 ---> 9999）】处理完毕
2024-03-25 02:10:19 开始第 100 次操作
2024-03-25 02:10:19 号码【176（0000 ---> 9999）】处理完毕
2024-03-25 02:32:44 开始第 100 次操作
2024-03-25 02:32:44 号码【176（0000 ---> 9999）】处理完毕
2024-03-25 03:07:47 开始第 100 次操作
2024-03-25 03:07:47 号码【176（0000 ---> 9999）】处理完毕
2024-03-25 03:32:09 开始第 100 次操作
2024-03-25 03:32:09 号码【176（0000 ---> 9999）】处理完毕
2024-03-25 04:07:19 开始第 100 次操作
2024-03-25 04:07:19 号码【176（0000 ---> 9999）】处理完毕
2024-03-25 04:32:24 开始第 100 次操作
2024-03-25 04:32:24 号码【176（0000 ---> 9999）】处理完毕
2024-03-25 05:06:20 开始第 100 次操作
2024-03-25 05:06:20 号码【176（0000 ---> 9999）】处理完毕
2024-03-25 05:32:19 开始第 100 次操作
2024-03-25 05:32:19 号码【176（0000 ---> 9999）】处理完毕
2024-03-25 06:08:33 开始第 100 次操作
2024-03-25 06:08:33 号码【176（0000 ---> 9999）】处理完毕
2024-03-25 06:32:21 开始第 100 次操作
2024-03-25 06:32:21 号码【176（0000 ---> 9999）】处理完毕
2024-03-25 07:07:58 开始第 100 次操作
2024-03-25 07:07:58 号码【176（0000 ---> 9999）】处理完毕
2024-03-25 07:32:30 开始第 100 次操作
2024-03-25 07:32:30 号码【176（0000 ---> 9999）】处理完毕
2024-03-25 08:37:04 开始第 100 次操作
2024-03-25 08:37:04 号码【176（0000 ---> 9999）】处理完毕
2024-03-25 09:42:17 开始第 100 次操作
2024-03-25 09:42:17 号码【176（0000 ---> 9999）】处理完毕
2024-03-25 10:17:22 开始第 100 次操作
2024-03-25 10:17:22 号码【176（0000 ---> 9999）】处理完毕
2024-03-25 10:35:19 开始第 100 次操作
2024-03-25 10:35:19 号码【176（0000 ---> 9999）】处理完毕
2024-03-25 11:10:17 开始第 100 次操作
2024-03-25 11:10:17 号码【176（0000 ---> 9999）】处理完毕
2024-03-25 11:32:26 开始第 100 次操作
2024-03-25 11:32:26 号码【176（0000 ---> 9999）】处理完毕
2024-03-25 12:10:29 开始第 100 次操作
2024-03-25 12:10:29 号码【176（0000 ---> 9999）】处理完毕
2024-03-25 12:33:11 开始第 100 次操作
2024-03-25 12:33:11 号码【176（0000 ---> 9999）】处理完毕
2024-03-25 13:08:06 开始第 100 次操作
2024-03-25 13:08:06 号码【176（0000 ---> 9999）】处理完毕
2024-03-25 13:32:17 开始第 100 次操作
2024-03-25 13:32:17 号码【176（0000 ---> 9999）】处理完毕
2024-03-25 13:58:48 开始第 100 次操作

2024-03-25 13:58:48 开始操作号码 【1650001】
2024-03-25 13:58:53 GSD getOne 第 1 次 等待 3 秒
2024-03-25 13:58:56 查询号码 【1650001】，返回信息 {"status":"ok","msg":"北京-北京","gid":"28417","time_insert":"2020-08-04 15:42","time_update":"2020-12-25 12:35"}
2024-03-25 13:58:56 查询号码 【1650001】，GSD为【"北京-北京"】

2024-03-25 14:11:18 开始第 101 次操作

2024-03-25 14:11:18 开始操作号码 【1650002】
2024-03-25 14:11:23 GSD getOne 第 1 次 等待 3 秒
2024-03-25 14:11:26 查询号码 【1650002】，返回信息 {"status":"ok","msg":"北京-北京","gid":"215247","time_insert":"2021-07-07 15:58"}
2024-03-25 14:11:26 查询号码 【1650002】，GSD为【"北京-北京"】

2024-03-25 14:11:27 开始第 102 次操作

2024-03-25 14:11:27 开始操作号码 【1650003】
2024-03-25 14:11:36 GSD getOne 第 1 次 等待 3 秒
2024-03-25 14:11:39 查询号码 【1650003】，返回信息 {"status":"ok","msg":"北京-北京","gid":"215255","time_insert":"2021-07-07 15:58"}
2024-03-25 14:11:39 查询号码 【1650003】，GSD为【"北京-北京"】

2024-03-25 14:11:41 开始第 103 次操作

2024-03-25 14:11:41 开始操作号码 【1650004】
2024-03-25 14:11:46 GSD getOne 第 1 次 等待 3 秒
2024-03-25 14:11:49 查询号码 【1650004】，返回信息 {"status":"ok","msg":"北京-北京","gid":"215258","time_insert":"2021-07-07 15:59"}
2024-03-25 14:11:49 查询号码 【1650004】，GSD为【"北京-北京"】

2024-03-25 14:11:50 开始第 104 次操作

2024-03-25 14:11:50 开始操作号码 【1650005】
2024-03-25 14:28:38 GSD getOne 第 1 次 等待 3 秒
2024-03-25 14:28:46 GSD getOne 第 2 次 等待 3 秒
2024-03-25 14:28:49 查询号码 【1650005】，返回信息 {"status":"ok","msg":"湖北-武汉","gid":"215261","time_insert":"2021-07-07 15:59"}
2024-03-25 14:28:49 查询号码 【1650005】，GSD为【"湖北-武汉"】

