2023-10-30 00:09:11 开始第 5973 次操作

2023-10-30 00:09:11 开始操作号码 【1975883】
2023-10-30 00:09:16 GSD getOne 第 1 次 等待 3 秒
2023-10-30 00:09:19 查询号码 【1975883】，返回信息 {"status":"ok","msg":"-","gid":"571861","time_insert":"2023-03-05 18:16"}
2023-10-30 00:09:19 查询号码 【1975883】，GSD为【"-"】
2023-10-30 00:09:19 ok && -
2023-10-30 00:09:25 CHB 1975883?1698595759 第 1 次 等待 3 秒
2023-10-30 00:09:28 CHB 1975883?1698595759 第 1 次 获取到号码【1975883】GSD
2023-10-30 00:09:28 未获取到号码【1975883】GSD，可能号码格式错误
2023-10-30 00:09:28 获取到号码【1975883】的GSD为【-】
2023-10-30 00:09:36 GSD insert 第 1 次 等待 3 秒
2023-10-30 00:09:39 {"status":"bad","gid":"571861","msg":"添加失败！号码【1975883(-|-)】已存在！"}
2023-10-30 00:09:39 随机等待 70 秒，约 1 分钟
2023-10-30 00:09:39 下次操作: 2023-10-30 00:10:49

2023-10-30 00:10:49 开始第 5974 次操作

2023-10-30 00:10:49 开始操作号码 【1975884】
2023-10-30 00:10:52 GSD getOne 第 1 次 等待 3 秒
2023-10-30 00:10:55 查询号码 【1975884】，返回信息 {"status":"ok","msg":"-","gid":"571863","time_insert":"2023-03-05 18:17"}
2023-10-30 00:10:55 查询号码 【1975884】，GSD为【"-"】
2023-10-30 00:10:55 ok && -
2023-10-30 00:10:58 CHB 1975884?1698595855 第 1 次 等待 3 秒
2023-10-30 00:11:01 CHB 1975884?1698595855 第 1 次 获取到号码【1975884】GSD
2023-10-30 00:11:01 未获取到号码【1975884】GSD，可能号码格式错误
2023-10-30 00:11:01 获取到号码【1975884】的GSD为【-】
2023-10-30 00:11:04 GSD insert 第 1 次 等待 3 秒
2023-10-30 00:11:07 {"status":"bad","gid":"571863","msg":"添加失败！号码【1975884(-|-)】已存在！"}
2023-10-30 00:11:07 随机等待 73 秒，约 1 分钟
2023-10-30 00:11:07 下次操作: 2023-10-30 00:12:20

2023-10-30 00:12:20 开始第 5975 次操作

2023-10-30 00:12:20 开始操作号码 【1975885】
2023-10-30 00:12:25 GSD getOne 第 1 次 等待 3 秒
2023-10-30 00:12:28 查询号码 【1975885】，返回信息 {"status":"ok","msg":"-","gid":"571869","time_insert":"2023-03-05 18:20"}
2023-10-30 00:12:29 查询号码 【1975885】，GSD为【"-"】
2023-10-30 00:12:29 ok && -
2023-10-30 00:12:34 CHB 1975885?1698595949 第 1 次 等待 3 秒
2023-10-30 00:12:37 CHB 1975885?1698595949 第 1 次 获取到号码【1975885】GSD
2023-10-30 00:12:37 未获取到号码【1975885】GSD，可能号码格式错误
2023-10-30 00:12:37 获取到号码【1975885】的GSD为【-】
2023-10-30 00:12:43 GSD insert 第 1 次 等待 3 秒
2023-10-30 00:12:46 {"status":"bad","gid":"571869","msg":"添加失败！号码【1975885(-|-)】已存在！"}
2023-10-30 00:12:46 随机等待 148 秒，约 2 分钟
2023-10-30 00:12:46 下次操作: 2023-10-30 00:15:14

2023-10-30 00:15:14 开始第 5976 次操作

2023-10-30 00:15:14 开始操作号码 【1975886】
2023-10-30 00:15:18 GSD getOne 第 1 次 等待 3 秒
2023-10-30 00:15:21 查询号码 【1975886】，返回信息 {"status":"ok","msg":"-","gid":"571886","time_insert":"2023-03-05 18:31"}
2023-10-30 00:15:21 查询号码 【1975886】，GSD为【"-"】
2023-10-30 00:15:21 ok && -
2023-10-30 00:15:23 CHB 1975886?1698596121 第 1 次 等待 3 秒
2023-10-30 00:15:26 CHB 1975886?1698596121 第 1 次 获取到号码【1975886】GSD
2023-10-30 00:15:26 未获取到号码【1975886】GSD，可能号码格式错误
2023-10-30 00:15:26 获取到号码【1975886】的GSD为【-】
2023-10-30 00:15:32 GSD insert 第 1 次 等待 3 秒
2023-10-30 00:15:35 {"status":"bad","gid":"571886","msg":"添加失败！号码【1975886(-|-)】已存在！"}

