2021-08-01 00:08:00 开始第 3 次操作

2021-08-01 00:08:00 开始操作号码 【1917395】
2021-08-01 00:08:06 GSD getOne 第 1 次 等待 3 秒
2021-08-01 00:08:09 查询号码 【1917395】，返回信息 {"status":"bad","msg":""}
2021-08-01 00:08:09 查询号码 【1917395】，GSD为【""】
2021-08-01 00:08:09 bad
2021-08-01 00:08:11 CHB 1917395?1627747689 第 1 次 等待 3 秒
2021-08-01 00:08:14 CHB 1917395?1627747689 第 1 次 获取到号码【1917395】GSD
2021-08-01 00:08:14 获取到号码【1917395】的GSD为【湖南-邵阳】
2021-08-01 00:08:36 GSD insert 第 1 次 等待 3 秒
2021-08-01 00:08:39 {"status":"ok","gid":461664,"msg":"添加成功！"}
2021-08-01 00:08:39 下次操作: 2021-08-01 00:08:55

2021-08-01 00:08:55 开始第 4 次操作

2021-08-01 00:08:55 开始操作号码 【1917394】
2021-08-01 00:09:10 GSD getOne 第 1 次 等待 3 秒
2021-08-01 00:09:13 查询号码 【1917394】，返回信息 {"status":"bad","msg":""}
2021-08-01 00:09:13 查询号码 【1917394】，GSD为【""】
2021-08-01 00:09:13 bad
2021-08-01 00:09:16 CHB 1917394?1627747753 第 1 次 等待 3 秒
2021-08-01 00:09:19 CHB 1917394?1627747753 第 1 次 未获取到 等待 23 秒 下次操作: 2021-08-01 00:09:42
2021-08-01 00:09:44 CHB 1917394?1627747782 第 2 次 等待 3 秒
2021-08-01 00:09:47 CHB 1917394?1627747782 第 2 次 获取到号码【1917394】GSD
2021-08-01 00:09:47 获取到号码【1917394】的GSD为【湖南-邵阳】
2021-08-01 00:09:53 GSD insert 第 1 次 等待 3 秒
2021-08-01 00:09:56 {"status":"ok","gid":461680,"msg":"添加成功！"}
2021-08-01 00:09:56 下次操作: 2021-08-01 00:10:13

2021-08-01 00:10:13 开始第 5 次操作

2021-08-01 00:10:13 开始操作号码 【1917393】
2021-08-01 00:10:18 GSD getOne 第 1 次 等待 3 秒
2021-08-01 00:10:21 查询号码 【1917393】，返回信息 {"status":"bad","msg":""}
2021-08-01 00:10:21 查询号码 【1917393】，GSD为【""】
2021-08-01 00:10:21 bad
2021-08-01 00:10:23 CHB 1917393?1627747821 第 1 次 等待 3 秒
2021-08-01 00:10:26 CHB 1917393?1627747821 第 1 次 获取到号码【1917393】GSD
2021-08-01 00:10:26 获取到号码【1917393】的GSD为【湖南-邵阳】
2021-08-01 00:11:07 GSD insert 第 1 次 等待 3 秒
2021-08-01 00:11:10 {"status":"ok","gid":461697,"msg":"添加成功！"}
2021-08-01 00:11:10 下次操作: 2021-08-01 00:11:25

2021-08-01 00:11:25 开始第 6 次操作

2021-08-01 00:11:25 开始操作号码 【1917392】
2021-08-01 00:11:29 GSD getOne 第 1 次 等待 3 秒
2021-08-01 00:11:32 查询号码 【1917392】，返回信息 {"status":"bad","msg":""}
2021-08-01 00:11:32 查询号码 【1917392】，GSD为【""】
2021-08-01 00:11:32 bad
2021-08-01 00:11:33 CHB 1917392?1627747892 第 1 次 等待 3 秒
2021-08-01 00:11:36 CHB 1917392?1627747892 第 1 次 获取到号码【1917392】GSD
2021-08-01 00:11:36 获取到号码【1917392】的GSD为【湖南-邵阳】
2021-08-01 00:12:12 GSD insert 第 1 次 等待 3 秒
2021-08-01 00:12:15 {"status":"ok","gid":461712,"msg":"添加成功！"}
2021-08-01 00:12:15 下次操作: 2021-08-01 00:12:29

2021-08-01 00:12:29 开始第 7 次操作

2021-08-01 00:12:29 开始操作号码 【1917391】
2021-08-01 00:12:34 GSD getOne 第 1 次 等待 3 秒
2021-08-01 00:12:37 查询号码 【1917391】，返回信息 {"status":"bad","msg":""}
2021-08-01 00:12:37 查询号码 【1917391】，GSD为【""】
2021-08-01 00:12:37 bad
2021-08-01 00:12:38 CHB 1917391?1627747957 第 1 次 等待 3 秒
2021-08-01 00:12:41 CHB 1917391?1627747957 第 1 次 获取到号码【1917391】GSD
2021-08-01 00:12:41 获取到号码【1917391】的GSD为【湖南-邵阳】
2021-08-01 00:13:01 GSD insert 第 1 次 等待 3 秒
2021-08-01 00:13:04 {"status":"ok","gid":461722,"msg":"添加成功！"}
2021-08-01 00:13:04 下次操作: 2021-08-01 00:13:18

2021-08-01 00:13:18 开始第 8 次操作

2021-08-01 00:13:18 开始操作号码 【1917390】
2021-08-01 00:13:22 GSD getOne 第 1 次 等待 3 秒
2021-08-01 00:13:25 查询号码 【1917390】，返回信息 {"status":"bad","msg":""}
2021-08-01 00:13:25 查询号码 【1917390】，GSD为【""】
2021-08-01 00:13:25 bad
2021-08-01 00:13:26 CHB 1917390?1627748005 第 1 次 等待 3 秒
2021-08-01 00:13:29 CHB 1917390?1627748005 第 1 次 获取到号码【1917390】GSD
2021-08-01 00:13:29 获取到号码【1917390】的GSD为【湖南-邵阳】
2021-08-01 00:14:04 GSD insert 第 1 次 等待 3 秒
2021-08-01 00:14:07 {"status":"ok","gid":461733,"msg":"添加成功！"}
2021-08-01 00:14:07 下次操作: 2021-08-01 00:14:28

2021-08-01 00:14:28 开始第 9 次操作

2021-08-01 00:14:28 开始操作号码 【1917389】
2021-08-01 00:14:32 GSD getOne 第 1 次 等待 3 秒
2021-08-01 00:14:35 查询号码 【1917389】，返回信息 {"status":"bad","msg":""}
2021-08-01 00:14:35 查询号码 【1917389】，GSD为【""】
2021-08-01 00:14:35 bad
2021-08-01 00:14:37 CHB 1917389?1627748075 第 1 次 等待 3 秒
2021-08-01 00:14:40 CHB 1917389?1627748075 第 1 次 获取到号码【1917389】GSD
2021-08-01 00:14:40 获取到号码【1917389】的GSD为【湖南-娄底】
2021-08-01 00:15:59 GSD insert 第 1 次 等待 3 秒
2021-08-01 00:16:02 {"status":"ok","gid":461748,"msg":"添加成功！"}
2021-08-01 00:16:02 下次操作: 2021-08-01 00:16:24

2021-08-01 00:16:24 开始第 10 次操作

2021-08-01 00:16:24 开始操作号码 【1917388】
2021-08-01 00:16:31 GSD getOne 第 1 次 等待 3 秒
2021-08-01 00:16:34 查询号码 【1917388】，返回信息 {"status":"bad","msg":""}
2021-08-01 00:16:34 查询号码 【1917388】，GSD为【""】
2021-08-01 00:16:34 bad
2021-08-01 00:16:38 CHB 1917388?1627748194 第 1 次 等待 3 秒
2021-08-01 00:16:41 CHB 1917388?1627748194 第 1 次 获取到号码【1917388】GSD
2021-08-01 00:16:41 获取到号码【1917388】的GSD为【湖南-娄底】
2021-08-01 00:16:52 GSD insert 第 1 次 等待 3 秒
2021-08-01 00:16:55 {"status":"ok","gid":461757,"msg":"添加成功！"}
2021-08-01 00:16:55 下次操作: 2021-08-01 00:17:07

2021-08-01 00:17:07 开始第 11 次操作

2021-08-01 00:17:07 开始操作号码 【1917387】
2021-08-01 00:17:18 GSD getOne 第 1 次 等待 3 秒
2021-08-01 00:17:21 查询号码 【1917387】，返回信息 {"status":"bad","msg":""}
2021-08-01 00:17:21 查询号码 【1917387】，GSD为【""】
2021-08-01 00:17:21 bad
2021-08-01 00:17:24 CHB 1917387?1627748241 第 1 次 等待 3 秒
2021-08-01 00:17:27 CHB 1917387?1627748241 第 1 次 获取到号码【1917387】GSD
2021-08-01 00:17:27 获取到号码【1917387】的GSD为【湖南-娄底】
2021-08-01 00:17:39 GSD insert 第 1 次 等待 3 秒
2021-08-01 00:17:42 {"status":"ok","gid":461766,"msg":"添加成功！"}
2021-08-01 00:17:42 下次操作: 2021-08-01 00:17:58

2021-08-01 00:17:58 开始第 12 次操作

2021-08-01 00:17:58 开始操作号码 【1917386】
2021-08-01 00:18:03 GSD getOne 第 1 次 等待 3 秒
2021-08-01 00:18:06 查询号码 【1917386】，返回信息 {"status":"bad","msg":""}
2021-08-01 00:18:06 查询号码 【1917386】，GSD为【""】
2021-08-01 00:18:06 bad
2021-08-01 00:18:07 CHB 1917386?1627748286 第 1 次 等待 3 秒
2021-08-01 00:18:10 CHB 1917386?1627748286 第 1 次 获取到号码【1917386】GSD
2021-08-01 00:18:10 获取到号码【1917386】的GSD为【湖南-娄底】
2021-08-01 00:18:33 GSD insert 第 1 次 等待 3 秒
2021-08-01 00:18:36 {"status":"ok","gid":461773,"msg":"添加成功！"}
2021-08-01 00:18:36 下次操作: 2021-08-01 00:18:52

2021-08-01 00:18:52 开始第 13 次操作

2021-08-01 00:18:52 开始操作号码 【1917385】
2021-08-01 00:18:57 GSD getOne 第 1 次 等待 3 秒
2021-08-01 00:19:00 查询号码 【1917385】，返回信息 {"status":"bad","msg":""}
2021-08-01 00:19:00 查询号码 【1917385】，GSD为【""】
2021-08-01 00:19:00 bad
2021-08-01 00:19:06 CHB 1917385?1627748340 第 1 次 等待 3 秒
2021-08-01 00:19:09 CHB 1917385?1627748340 第 1 次 获取到号码【1917385】GSD
2021-08-01 00:19:09 获取到号码【1917385】的GSD为【湖南-娄底】
2021-08-01 00:19:22 GSD insert 第 1 次 等待 3 秒
2021-08-01 00:19:25 {"status":"ok","gid":461778,"msg":"添加成功！"}
2021-08-01 00:19:25 下次操作: 2021-08-01 00:19:45

2021-08-01 00:19:45 开始第 14 次操作

2021-08-01 00:19:45 开始操作号码 【1917384】
2021-08-01 00:19:48 GSD getOne 第 1 次 等待 3 秒
2021-08-01 00:19:51 查询号码 【1917384】，返回信息 {"status":"bad","msg":""}
2021-08-01 00:19:51 查询号码 【1917384】，GSD为【""】
2021-08-01 00:19:51 bad
2021-08-01 00:19:53 CHB 1917384?1627748391 第 1 次 等待 3 秒
2021-08-01 00:19:56 CHB 1917384?1627748391 第 1 次 获取到号码【1917384】GSD
2021-08-01 00:19:56 获取到号码【1917384】的GSD为【湖南-娄底】
2021-08-01 00:21:24 GSD insert 第 1 次 等待 3 秒
2021-08-01 00:21:27 {"status":"ok","gid":461792,"msg":"添加成功！"}
2021-08-01 00:21:27 下次操作: 2021-08-01 00:21:50

2021-08-01 00:21:50 开始第 15 次操作

2021-08-01 00:21:50 开始操作号码 【1917383】
2021-08-01 00:22:00 GSD getOne 第 1 次 等待 3 秒
2021-08-01 00:22:03 查询号码 【1917383】，返回信息 {"status":"bad","msg":""}
2021-08-01 00:22:03 查询号码 【1917383】，GSD为【""】
2021-08-01 00:22:03 bad
2021-08-01 00:22:04 CHB 1917383?1627748523 第 1 次 等待 3 秒
2021-08-01 00:22:07 CHB 1917383?1627748523 第 1 次 获取到号码【1917383】GSD
2021-08-01 00:22:07 获取到号码【1917383】的GSD为【湖南-娄底】
2021-08-01 00:22:28 GSD insert 第 1 次 等待 3 秒
2021-08-01 00:22:31 {"status":"ok","gid":461801,"msg":"添加成功！"}
2021-08-01 00:22:31 下次操作: 2021-08-01 00:22:51

2021-08-01 00:22:51 开始第 16 次操作

2021-08-01 00:22:51 开始操作号码 【1917382】
2021-08-01 00:22:57 GSD getOne 第 1 次 等待 3 秒
2021-08-01 00:23:00 查询号码 【1917382】，返回信息 {"status":"bad","msg":""}
2021-08-01 00:23:00 查询号码 【1917382】，GSD为【""】
2021-08-01 00:23:00 bad
2021-08-01 00:23:01 CHB 1917382?1627748580 第 1 次 等待 3 秒
2021-08-01 00:23:04 CHB 1917382?1627748580 第 1 次 获取到号码【1917382】GSD
2021-08-01 00:23:04 获取到号码【1917382】的GSD为【湖南-娄底】
2021-08-01 00:23:31 GSD insert 第 1 次 等待 3 秒
2021-08-01 00:23:34 {"status":"ok","gid":461811,"msg":"添加成功！"}
2021-08-01 00:23:34 下次操作: 2021-08-01 00:23:55

2021-08-01 00:23:55 开始第 17 次操作

2021-08-01 00:23:55 开始操作号码 【1917381】
2021-08-01 00:23:58 GSD getOne 第 1 次 等待 3 秒
2021-08-01 00:24:01 查询号码 【1917381】，返回信息 {"status":"bad","msg":""}
2021-08-01 00:24:01 查询号码 【1917381】，GSD为【""】
2021-08-01 00:24:01 bad
2021-08-01 00:24:04 CHB 1917381?1627748641 第 1 次 等待 3 秒
2021-08-01 00:24:07 CHB 1917381?1627748641 第 1 次 获取到号码【1917381】GSD
2021-08-01 00:24:07 获取到号码【1917381】的GSD为【湖南-娄底】
2021-08-01 00:24:18 GSD insert 第 1 次 等待 3 秒
2021-08-01 00:24:21 {"status":"ok","gid":461813,"msg":"添加成功！"}
2021-08-01 00:24:21 下次操作: 2021-08-01 00:24:37

2021-08-01 00:24:37 开始第 18 次操作

2021-08-01 00:24:37 开始操作号码 【1917380】
2021-08-01 00:24:42 GSD getOne 第 1 次 等待 3 秒
2021-08-01 00:24:45 查询号码 【1917380】，返回信息 {"status":"bad","msg":""}
2021-08-01 00:24:45 查询号码 【1917380】，GSD为【""】
2021-08-01 00:24:45 bad
2021-08-01 00:24:47 CHB 1917380?1627748685 第 1 次 等待 3 秒
2021-08-01 00:24:50 CHB 1917380?1627748685 第 1 次 获取到号码【1917380】GSD
2021-08-01 00:24:50 获取到号码【1917380】的GSD为【湖南-娄底】
2021-08-01 00:25:18 GSD insert 第 1 次 等待 3 秒
2021-08-01 00:25:21 {"status":"ok","gid":461820,"msg":"添加成功！"}
2021-08-01 00:25:21 下次操作: 2021-08-01 00:25:37

2021-08-01 00:25:37 开始第 19 次操作

2021-08-01 00:25:37 开始操作号码 【1917379】
2021-08-01 00:26:00 GSD getOne 第 1 次 等待 3 秒
2021-08-01 00:26:03 查询号码 【1917379】，返回信息 {"status":"bad","msg":""}
2021-08-01 00:26:03 查询号码 【1917379】，GSD为【""】
2021-08-01 00:26:03 bad
2021-08-01 00:26:06 CHB 1917379?1627748763 第 1 次 等待 3 秒
2021-08-01 00:26:09 CHB 1917379?1627748763 第 1 次 获取到号码【1917379】GSD
2021-08-01 00:26:09 获取到号码【1917379】的GSD为【湖南-益阳】
2021-08-01 00:26:27 GSD insert 第 1 次 等待 3 秒
2021-08-01 00:26:30 {"status":"ok","gid":461829,"msg":"添加成功！"}
2021-08-01 00:26:30 下次操作: 2021-08-01 00:26:54

2021-08-01 00:26:54 开始第 20 次操作

2021-08-01 00:26:54 开始操作号码 【1917378】
2021-08-01 00:26:58 GSD getOne 第 1 次 等待 3 秒
2021-08-01 00:27:01 查询号码 【1917378】，返回信息 {"status":"bad","msg":""}
2021-08-01 00:27:01 查询号码 【1917378】，GSD为【""】
2021-08-01 00:27:01 bad
2021-08-01 00:27:03 CHB 1917378?1627748821 第 1 次 等待 3 秒
2021-08-01 00:27:06 CHB 1917378?1627748821 第 1 次 获取到号码【1917378】GSD
2021-08-01 00:27:06 获取到号码【1917378】的GSD为【湖南-益阳】
2021-08-01 00:27:31 GSD insert 第 1 次 等待 3 秒
2021-08-01 00:27:34 {"status":"ok","gid":461834,"msg":"添加成功！"}
2021-08-01 00:27:34 下次操作: 2021-08-01 00:27:49

2021-08-01 00:27:49 开始第 21 次操作

2021-08-01 00:27:49 开始操作号码 【1917377】
2021-08-01 00:27:53 GSD getOne 第 1 次 等待 3 秒
2021-08-01 00:27:56 查询号码 【1917377】，返回信息 {"status":"bad","msg":""}
2021-08-01 00:27:56 查询号码 【1917377】，GSD为【""】
2021-08-01 00:27:56 bad
2021-08-01 00:27:57 CHB 1917377?1627748876 第 1 次 等待 3 秒
2021-08-01 00:28:00 CHB 1917377?1627748876 第 1 次 获取到号码【1917377】GSD
2021-08-01 00:28:00 获取到号码【1917377】的GSD为【湖南-益阳】
2021-08-01 00:28:19 GSD insert 第 1 次 等待 3 秒
2021-08-01 00:28:22 {"status":"ok","gid":461837,"msg":"添加成功！"}
2021-08-01 00:28:22 下次操作: 2021-08-01 00:28:41

2021-08-01 00:28:41 开始第 22 次操作

2021-08-01 00:28:41 开始操作号码 【1917376】
2021-08-01 00:28:44 GSD getOne 第 1 次 等待 3 秒
2021-08-01 00:28:47 查询号码 【1917376】，返回信息 {"status":"bad","msg":""}
2021-08-01 00:28:48 查询号码 【1917376】，GSD为【""】
2021-08-01 00:28:48 bad
2021-08-01 00:28:51 CHB 1917376?1627748928 第 1 次 等待 3 秒
2021-08-01 00:28:54 CHB 1917376?1627748928 第 1 次 获取到号码【1917376】GSD
2021-08-01 00:28:54 获取到号码【1917376】的GSD为【湖南-益阳】
2021-08-01 00:29:10 GSD insert 第 1 次 等待 3 秒
2021-08-01 00:29:13 {"status":"ok","gid":461841,"msg":"添加成功！"}
2021-08-01 00:29:13 下次操作: 2021-08-01 00:29:33

2021-08-01 00:29:33 开始第 23 次操作

2021-08-01 00:29:33 开始操作号码 【1917375】
2021-08-01 00:29:41 GSD getOne 第 1 次 等待 3 秒
2021-08-01 00:29:44 查询号码 【1917375】，返回信息 {"status":"bad","msg":""}
2021-08-01 00:29:44 查询号码 【1917375】，GSD为【""】
2021-08-01 00:29:44 bad
2021-08-01 00:29:46 CHB 1917375?1627748984 第 1 次 等待 3 秒
2021-08-01 00:29:49 CHB 1917375?1627748984 第 1 次 获取到号码【1917375】GSD
2021-08-01 00:29:49 获取到号码【1917375】的GSD为【湖南-益阳】
2021-08-01 00:30:08 GSD insert 第 1 次 等待 3 秒
2021-08-01 00:30:11 {"status":"ok","gid":461844,"msg":"添加成功！"}
2021-08-01 00:30:11 下次操作: 2021-08-01 00:30:33

2021-08-01 00:30:33 开始第 24 次操作

2021-08-01 00:30:33 开始操作号码 【1917374】
2021-08-01 00:30:36 GSD getOne 第 1 次 等待 3 秒
2021-08-01 00:30:39 查询号码 【1917374】，返回信息 {"status":"bad","msg":""}
2021-08-01 00:30:39 查询号码 【1917374】，GSD为【""】
2021-08-01 00:30:39 bad
2021-08-01 00:30:41 CHB 1917374?1627749039 第 1 次 等待 3 秒
2021-08-01 00:30:44 CHB 1917374?1627749039 第 1 次 获取到号码【1917374】GSD
2021-08-01 00:30:44 获取到号码【1917374】的GSD为【湖南-益阳】
2021-08-01 00:31:03 GSD insert 第 1 次 等待 3 秒
2021-08-01 00:31:06 {"status":"ok","gid":461851,"msg":"添加成功！"}
2021-08-01 00:31:06 下次操作: 2021-08-01 00:31:26

2021-08-01 00:31:26 开始第 25 次操作

2021-08-01 00:31:26 开始操作号码 【1917373】
2021-08-01 00:31:47 GSD getOne 第 1 次 等待 3 秒
2021-08-01 00:31:50 查询号码 【1917373】，返回信息 {"status":"bad","msg":""}
2021-08-01 00:31:51 查询号码 【1917373】，GSD为【""】
2021-08-01 00:31:51 bad
2021-08-01 00:31:52 CHB 1917373?1627749111 第 1 次 等待 3 秒
2021-08-01 00:31:55 CHB 1917373?1627749111 第 1 次 获取到号码【1917373】GSD
2021-08-01 00:31:55 获取到号码【1917373】的GSD为【湖南-益阳】
2021-08-01 00:32:14 GSD insert 第 1 次 等待 3 秒
2021-08-01 00:32:17 {"status":"ok","gid":461855,"msg":"添加成功！"}
2021-08-01 00:32:17 下次操作: 2021-08-01 00:32:38

2021-08-01 00:32:38 开始第 26 次操作

2021-08-01 00:32:38 开始操作号码 【1917372】
2021-08-01 00:32:44 GSD getOne 第 1 次 等待 3 秒
2021-08-01 00:32:47 查询号码 【1917372】，返回信息 {"status":"bad","msg":""}
2021-08-01 00:32:47 查询号码 【1917372】，GSD为【""】
2021-08-01 00:32:47 bad
2021-08-01 00:32:49 CHB 1917372?1627749167 第 1 次 等待 3 秒
2021-08-01 00:32:52 CHB 1917372?1627749167 第 1 次 获取到号码【1917372】GSD
2021-08-01 00:32:52 获取到号码【1917372】的GSD为【湖南-益阳】
2021-08-01 00:33:13 GSD insert 第 1 次 等待 3 秒
2021-08-01 00:33:16 {"status":"ok","gid":461856,"msg":"添加成功！"}
2021-08-01 00:33:16 下次操作: 2021-08-01 00:33:37

2021-08-01 00:33:37 开始第 27 次操作

2021-08-01 00:33:37 开始操作号码 【1917371】
2021-08-01 00:33:45 GSD getOne 第 1 次 等待 3 秒
2021-08-01 00:33:48 查询号码 【1917371】，返回信息 {"status":"bad","msg":""}
2021-08-01 00:33:48 查询号码 【1917371】，GSD为【""】
2021-08-01 00:33:48 bad
2021-08-01 00:33:50 CHB 1917371?1627749228 第 1 次 等待 3 秒
2021-08-01 00:33:53 CHB 1917371?1627749228 第 1 次 获取到号码【1917371】GSD
2021-08-01 00:33:53 获取到号码【1917371】的GSD为【湖南-益阳】
2021-08-01 00:34:28 GSD insert 第 1 次 等待 3 秒
2021-08-01 00:34:31 {"status":"ok","gid":461858,"msg":"添加成功！"}
2021-08-01 00:34:31 下次操作: 2021-08-01 00:34:49

2021-08-01 00:34:49 开始第 28 次操作

2021-08-01 00:34:49 开始操作号码 【1917370】
2021-08-01 00:34:52 GSD getOne 第 1 次 等待 3 秒
2021-08-01 00:34:55 查询号码 【1917370】，返回信息 {"status":"bad","msg":""}
2021-08-01 00:34:55 查询号码 【1917370】，GSD为【""】
2021-08-01 00:34:55 bad
2021-08-01 00:34:57 CHB 1917370?1627749295 第 1 次 等待 3 秒
2021-08-01 00:35:00 CHB 1917370?1627749295 第 1 次 获取到号码【1917370】GSD
2021-08-01 00:35:00 获取到号码【1917370】的GSD为【湖南-益阳】
2021-08-01 00:35:19 GSD insert 第 1 次 等待 3 秒
2021-08-01 00:35:22 {"status":"ok","gid":461861,"msg":"添加成功！"}
2021-08-01 00:35:22 下次操作: 2021-08-01 00:35:42

2021-08-01 00:35:42 开始第 29 次操作

2021-08-01 00:35:42 开始操作号码 【1917369】
2021-08-01 00:35:45 GSD getOne 第 1 次 等待 3 秒
2021-08-01 00:35:48 查询号码 【1917369】，返回信息 {"status":"bad","msg":""}
2021-08-01 00:35:48 查询号码 【1917369】，GSD为【""】
2021-08-01 00:35:48 bad
2021-08-01 00:35:50 CHB 1917369?1627749348 第 1 次 等待 3 秒
2021-08-01 00:35:53 CHB 1917369?1627749348 第 1 次 获取到号码【1917369】GSD
2021-08-01 00:35:53 获取到号码【1917369】的GSD为【湖南-常德】
2021-08-01 00:36:22 GSD insert 第 1 次 等待 3 秒
2021-08-01 00:36:25 {"status":"ok","gid":461865,"msg":"添加成功！"}
2021-08-01 00:36:25 下次操作: 2021-08-01 00:36:49

2021-08-01 00:36:49 开始第 30 次操作

2021-08-01 00:36:49 开始操作号码 【1917368】
2021-08-01 00:36:54 GSD getOne 第 1 次 等待 3 秒
2021-08-01 00:36:57 查询号码 【1917368】，返回信息 {"status":"bad","msg":""}
2021-08-01 00:36:58 查询号码 【1917368】，GSD为【""】
2021-08-01 00:36:58 bad
2021-08-01 00:37:00 CHB 1917368?1627749418 第 1 次 等待 3 秒
2021-08-01 00:37:03 CHB 1917368?1627749418 第 1 次 获取到号码【1917368】GSD
2021-08-01 00:37:03 获取到号码【1917368】的GSD为【湖南-常德】
2021-08-01 00:38:13 GSD insert 第 1 次 等待 3 秒
2021-08-01 00:38:16 {"status":"ok","gid":461867,"msg":"添加成功！"}
2021-08-01 00:38:16 下次操作: 2021-08-01 00:38:37

2021-08-01 00:38:37 开始第 31 次操作

2021-08-01 00:38:37 开始操作号码 【1917367】
2021-08-01 00:38:51 GSD getOne 第 1 次 等待 3 秒
2021-08-01 00:38:54 查询号码 【1917367】，返回信息 {"status":"bad","msg":""}
2021-08-01 00:38:54 查询号码 【1917367】，GSD为【""】
2021-08-01 00:38:54 bad
2021-08-01 00:38:59 CHB 1917367?1627749534 第 1 次 等待 3 秒
2021-08-01 00:39:02 CHB 1917367?1627749534 第 1 次 获取到号码【1917367】GSD
2021-08-01 00:39:02 获取到号码【1917367】的GSD为【湖南-常德】
2021-08-01 00:39:14 GSD insert 第 1 次 等待 3 秒
2021-08-01 00:39:17 {"status":"ok","gid":461869,"msg":"添加成功！"}
2021-08-01 00:39:17 下次操作: 2021-08-01 00:39:35

2021-08-01 00:39:35 开始第 32 次操作

2021-08-01 00:39:35 开始操作号码 【1917366】
2021-08-01 00:39:42 GSD getOne 第 1 次 等待 3 秒
2021-08-01 00:39:45 查询号码 【1917366】，返回信息 {"status":"bad","msg":""}
2021-08-01 00:39:45 查询号码 【1917366】，GSD为【""】
2021-08-01 00:39:45 bad
2021-08-01 00:39:47 CHB 1917366?1627749585 第 1 次 等待 3 秒
2021-08-01 00:39:50 CHB 1917366?1627749585 第 1 次 获取到号码【1917366】GSD
2021-08-01 00:39:50 获取到号码【1917366】的GSD为【湖南-常德】
2021-08-01 00:40:02 GSD insert 第 1 次 等待 3 秒
2021-08-01 00:40:05 {"status":"ok","gid":461871,"msg":"添加成功！"}
2021-08-01 00:40:05 下次操作: 2021-08-01 00:40:29

2021-08-01 00:40:29 开始第 33 次操作

2021-08-01 00:40:29 开始操作号码 【1917365】
2021-08-01 00:41:35 GSD getOne 第 1 次 等待 3 秒
2021-08-01 00:41:38 查询号码 【1917365】，返回信息 {"status":"bad","msg":""}
2021-08-01 00:41:39 查询号码 【1917365】，GSD为【""】
2021-08-01 00:41:39 bad
2021-08-01 00:41:40 CHB 1917365?1627749699 第 1 次 等待 3 秒
2021-08-01 00:41:43 CHB 1917365?1627749699 第 1 次 获取到号码【1917365】GSD
2021-08-01 00:41:43 获取到号码【1917365】的GSD为【湖南-常德】
2021-08-01 00:42:07 GSD insert 第 1 次 等待 3 秒
2021-08-01 00:42:10 {"status":"ok","gid":461875,"msg":"添加成功！"}
2021-08-01 00:42:10 下次操作: 2021-08-01 00:42:31

2021-08-01 00:42:31 开始第 34 次操作

2021-08-01 00:42:31 开始操作号码 【1917364】
2021-08-01 00:42:39 GSD getOne 第 1 次 等待 3 秒
2021-08-01 00:42:42 查询号码 【1917364】，返回信息 {"status":"bad","msg":""}
2021-08-01 00:42:42 查询号码 【1917364】，GSD为【""】
2021-08-01 00:42:42 bad
2021-08-01 00:42:45 CHB 1917364?1627749762 第 1 次 等待 3 秒
2021-08-01 00:42:48 CHB 1917364?1627749762 第 1 次 获取到号码【1917364】GSD
2021-08-01 00:42:48 获取到号码【1917364】的GSD为【湖南-常德】
2021-08-01 00:43:27 GSD insert 第 1 次 等待 3 秒
2021-08-01 00:43:30 {"status":"ok","gid":461877,"msg":"添加成功！"}
2021-08-01 00:43:30 下次操作: 2021-08-01 00:43:54

2021-08-01 00:43:54 开始第 35 次操作

2021-08-01 00:43:54 开始操作号码 【1917363】
2021-08-01 00:44:14 GSD getOne 第 1 次 等待 3 秒
2021-08-01 00:44:17 查询号码 【1917363】，返回信息 {"status":"bad","msg":""}
2021-08-01 00:44:17 查询号码 【1917363】，GSD为【""】
2021-08-01 00:44:17 bad
2021-08-01 00:44:19 CHB 1917363?1627749857 第 1 次 等待 3 秒
2021-08-01 00:44:22 CHB 1917363?1627749857 第 1 次 获取到号码【1917363】GSD
2021-08-01 00:44:22 获取到号码【1917363】的GSD为【湖南-常德】
2021-08-01 00:44:42 GSD insert 第 1 次 等待 3 秒
2021-08-01 00:44:45 {"status":"ok","gid":461881,"msg":"添加成功！"}
2021-08-01 00:44:45 下次操作: 2021-08-01 00:45:03

2021-08-01 00:45:03 开始第 36 次操作

2021-08-01 00:45:03 开始操作号码 【1917362】
2021-08-01 00:45:19 GSD getOne 第 1 次 等待 3 秒
2021-08-01 00:45:22 查询号码 【1917362】，返回信息 {"status":"bad","msg":""}
2021-08-01 00:45:23 查询号码 【1917362】，GSD为【""】
2021-08-01 00:45:23 bad
2021-08-01 00:45:25 CHB 1917362?1627749923 第 1 次 等待 3 秒
2021-08-01 00:45:28 CHB 1917362?1627749923 第 1 次 获取到号码【1917362】GSD
2021-08-01 00:45:28 获取到号码【1917362】的GSD为【湖南-常德】
2021-08-01 00:45:39 GSD insert 第 1 次 等待 3 秒
2021-08-01 00:45:42 {"status":"ok","gid":461883,"msg":"添加成功！"}
2021-08-01 00:45:42 下次操作: 2021-08-01 00:45:57

2021-08-01 00:45:57 开始第 37 次操作

2021-08-01 00:45:57 开始操作号码 【1917361】
2021-08-01 00:46:00 GSD getOne 第 1 次 等待 3 秒
2021-08-01 00:46:03 查询号码 【1917361】，返回信息 {"status":"bad","msg":""}
2021-08-01 00:46:03 查询号码 【1917361】，GSD为【""】
2021-08-01 00:46:03 bad
2021-08-01 00:46:04 CHB 1917361?1627749963 第 1 次 等待 3 秒
2021-08-01 00:46:07 CHB 1917361?1627749963 第 1 次 获取到号码【1917361】GSD
2021-08-01 00:46:07 获取到号码【1917361】的GSD为【湖南-常德】
2021-08-01 00:46:26 GSD insert 第 1 次 等待 3 秒
2021-08-01 00:46:29 {"status":"ok","gid":461884,"msg":"添加成功！"}
2021-08-01 00:46:29 下次操作: 2021-08-01 00:46:47

2021-08-01 00:46:47 开始第 38 次操作

2021-08-01 00:46:47 开始操作号码 【1917360】
2021-08-01 00:47:22 GSD getOne 第 1 次 等待 3 秒
2021-08-01 00:47:25 查询号码 【1917360】，返回信息 {"status":"bad","msg":""}
2021-08-01 00:47:25 查询号码 【1917360】，GSD为【""】
2021-08-01 00:47:25 bad
2021-08-01 00:47:26 CHB 1917360?1627750045 第 1 次 等待 3 秒
2021-08-01 00:47:29 CHB 1917360?1627750045 第 1 次 获取到号码【1917360】GSD
2021-08-01 00:47:29 获取到号码【1917360】的GSD为【湖南-常德】
2021-08-01 00:48:08 GSD insert 第 1 次 等待 3 秒
2021-08-01 00:48:11 {"status":"ok","gid":461887,"msg":"添加成功！"}
2021-08-01 00:48:11 下次操作: 2021-08-01 00:48:33

2021-08-01 00:48:33 开始第 39 次操作

2021-08-01 00:48:33 开始操作号码 【1917359】
2021-08-01 00:48:37 GSD getOne 第 1 次 等待 3 秒
2021-08-01 00:48:40 查询号码 【1917359】，返回信息 {"status":"bad","msg":""}
2021-08-01 00:48:40 查询号码 【1917359】，GSD为【""】
2021-08-01 00:48:40 bad
2021-08-01 00:48:42 CHB 1917359?1627750120 第 1 次 等待 3 秒
2021-08-01 00:48:45 CHB 1917359?1627750120 第 1 次 获取到号码【1917359】GSD
2021-08-01 00:48:45 获取到号码【1917359】的GSD为【湖南-郴州】
2021-08-01 00:49:04 GSD insert 第 1 次 等待 3 秒
2021-08-01 00:49:07 {"status":"ok","gid":461891,"msg":"添加成功！"}
2021-08-01 00:49:07 下次操作: 2021-08-01 00:49:25

2021-08-01 00:49:25 开始第 40 次操作

2021-08-01 00:49:25 开始操作号码 【1917358】
2021-08-01 00:49:29 GSD getOne 第 1 次 等待 3 秒
2021-08-01 00:49:32 查询号码 【1917358】，返回信息 {"status":"bad","msg":""}
2021-08-01 00:49:32 查询号码 【1917358】，GSD为【""】
2021-08-01 00:49:32 bad
2021-08-01 00:49:35 CHB 1917358?1627750172 第 1 次 等待 3 秒
2021-08-01 00:49:38 CHB 1917358?1627750172 第 1 次 获取到号码【1917358】GSD
2021-08-01 00:49:38 获取到号码【1917358】的GSD为【湖南-郴州】
2021-08-01 00:49:52 GSD insert 第 1 次 等待 3 秒
2021-08-01 00:49:55 {"status":"ok","gid":461893,"msg":"添加成功！"}

2021-08-01 01:01:23 开始第 1 次操作

2021-08-01 01:01:23 开始操作号码 【1917357】
2021-08-01 01:01:37 GSD getOne 第 1 次 等待 3 秒
2021-08-01 01:01:40 查询号码 【1917357】，返回信息 {"status":"bad","msg":""}
2021-08-01 01:01:40 查询号码 【1917357】，GSD为【""】
2021-08-01 01:01:40 bad
2021-08-01 01:01:43 CHB 1917357?1627750900 第 1 次 等待 3 秒
2021-08-01 01:01:46 CHB 1917357?1627750900 第 1 次 获取到号码【1917357】GSD
2021-08-01 01:01:46 获取到号码【1917357】的GSD为【湖南-郴州】
2021-08-01 01:01:54 GSD insert 第 1 次 等待 3 秒
2021-08-01 01:01:57 {"status":"ok","gid":461924,"msg":"添加成功！"}
2021-08-01 01:01:57 下次操作: 2021-08-01 01:02:11

2021-08-01 01:02:11 开始第 2 次操作

2021-08-01 01:02:11 开始操作号码 【1917356】
2021-08-01 01:02:14 GSD getOne 第 1 次 等待 3 秒
2021-08-01 01:02:17 查询号码 【1917356】，返回信息 {"status":"bad","msg":""}
2021-08-01 01:02:17 查询号码 【1917356】，GSD为【""】
2021-08-01 01:02:17 bad
2021-08-01 01:02:19 CHB 1917356?1627750937 第 1 次 等待 3 秒
2021-08-01 01:02:22 CHB 1917356?1627750937 第 1 次 获取到号码【1917356】GSD
2021-08-01 01:02:22 获取到号码【1917356】的GSD为【湖南-郴州】
2021-08-01 01:02:26 GSD insert 第 1 次 等待 3 秒
2021-08-01 01:02:29 {"status":"ok","gid":461932,"msg":"添加成功！"}
2021-08-01 01:02:29 下次操作: 2021-08-01 01:02:47

2021-08-01 01:02:47 开始第 3 次操作

2021-08-01 01:02:47 开始操作号码 【1917355】
2021-08-01 01:02:51 GSD getOne 第 1 次 等待 3 秒
2021-08-01 01:02:54 查询号码 【1917355】，返回信息 {"status":"bad","msg":""}
2021-08-01 01:02:54 查询号码 【1917355】，GSD为【""】
2021-08-01 01:02:54 bad
2021-08-01 01:02:56 CHB 1917355?1627750974 第 1 次 等待 3 秒
2021-08-01 01:02:59 CHB 1917355?1627750974 第 1 次 获取到号码【1917355】GSD
2021-08-01 01:02:59 获取到号码【1917355】的GSD为【湖南-郴州】
2021-08-01 01:03:02 GSD insert 第 1 次 等待 3 秒
2021-08-01 01:03:05 {"status":"ok","gid":461939,"msg":"添加成功！"}
2021-08-01 01:03:05 下次操作: 2021-08-01 01:03:27

2021-08-01 01:03:27 开始第 4 次操作

2021-08-01 01:03:27 开始操作号码 【1917354】
2021-08-01 01:03:34 GSD getOne 第 1 次 等待 3 秒
2021-08-01 01:03:37 查询号码 【1917354】，返回信息 {"status":"bad","msg":""}
2021-08-01 01:03:37 查询号码 【1917354】，GSD为【""】
2021-08-01 01:03:37 bad
2021-08-01 01:03:39 CHB 1917354?1627751017 第 1 次 等待 3 秒
2021-08-01 01:03:42 CHB 1917354?1627751017 第 1 次 获取到号码【1917354】GSD
2021-08-01 01:03:42 获取到号码【1917354】的GSD为【湖南-郴州】
2021-08-01 01:03:49 GSD insert 第 1 次 等待 3 秒
2021-08-01 01:03:52 {"status":"ok","gid":461948,"msg":"添加成功！"}
2021-08-01 01:03:52 下次操作: 2021-08-01 01:04:12

2021-08-01 01:04:12 开始第 5 次操作

2021-08-01 01:04:12 开始操作号码 【1917353】
2021-08-01 01:04:15 GSD getOne 第 1 次 等待 3 秒
2021-08-01 01:04:18 查询号码 【1917353】，返回信息 {"status":"bad","msg":""}
2021-08-01 01:04:18 查询号码 【1917353】，GSD为【""】
2021-08-01 01:04:18 bad
2021-08-01 01:04:21 CHB 1917353?1627751058 第 1 次 等待 3 秒
2021-08-01 01:04:24 CHB 1917353?1627751058 第 1 次 获取到号码【1917353】GSD
2021-08-01 01:04:24 获取到号码【1917353】的GSD为【湖南-郴州】
2021-08-01 01:04:32 GSD insert 第 1 次 等待 3 秒
2021-08-01 01:04:35 {"status":"ok","gid":461957,"msg":"添加成功！"}
2021-08-01 01:04:35 下次操作: 2021-08-01 01:04:54

2021-08-01 01:04:54 开始第 6 次操作

2021-08-01 01:04:54 开始操作号码 【1917352】
2021-08-01 01:05:03 GSD getOne 第 1 次 等待 3 秒
2021-08-01 01:05:06 查询号码 【1917352】，返回信息 {"status":"bad","msg":""}
2021-08-01 01:05:06 查询号码 【1917352】，GSD为【""】
2021-08-01 01:05:06 bad
2021-08-01 01:05:08 CHB 1917352?1627751106 第 1 次 等待 3 秒
2021-08-01 01:05:11 CHB 1917352?1627751106 第 1 次 获取到号码【1917352】GSD
2021-08-01 01:05:11 获取到号码【1917352】的GSD为【湖南-郴州】
2021-08-01 01:05:15 GSD insert 第 1 次 等待 3 秒
2021-08-01 01:05:18 {"status":"ok","gid":461966,"msg":"添加成功！"}
2021-08-01 01:05:18 下次操作: 2021-08-01 01:05:30

2021-08-01 01:05:30 开始第 7 次操作

2021-08-01 01:05:30 开始操作号码 【1917351】
2021-08-01 01:05:33 GSD getOne 第 1 次 等待 3 秒
2021-08-01 01:05:36 查询号码 【1917351】，返回信息 {"status":"bad","msg":""}
2021-08-01 01:05:36 查询号码 【1917351】，GSD为【""】
2021-08-01 01:05:36 bad
2021-08-01 01:05:40 CHB 1917351?1627751136 第 1 次 等待 3 秒
2021-08-01 01:05:43 CHB 1917351?1627751136 第 1 次 获取到号码【1917351】GSD
2021-08-01 01:05:43 获取到号码【1917351】的GSD为【湖南-郴州】
2021-08-01 01:05:53 GSD insert 第 1 次 等待 3 秒
2021-08-01 01:05:56 {"status":"ok","gid":461971,"msg":"添加成功！"}
2021-08-01 01:05:56 下次操作: 2021-08-01 01:06:13

2021-08-01 01:06:13 开始第 8 次操作

2021-08-01 01:06:13 开始操作号码 【1917350】
2021-08-01 01:06:17 GSD getOne 第 1 次 等待 3 秒
2021-08-01 01:06:20 查询号码 【1917350】，返回信息 {"status":"bad","msg":""}
2021-08-01 01:06:20 查询号码 【1917350】，GSD为【""】
2021-08-01 01:06:20 bad
2021-08-01 01:06:24 CHB 1917350?1627751180 第 1 次 等待 3 秒
2021-08-01 01:06:27 CHB 1917350?1627751180 第 1 次 获取到号码【1917350】GSD
2021-08-01 01:06:27 未获取到号码【1917350】GSD，查号吧 502 百度云加速 错误
2021-08-01 01:06:27 获取到号码【1917350】的GSD为【-】
2021-08-01 01:06:33 GSD insert 第 1 次 等待 3 秒
2021-08-01 01:06:36 {"status":"ok","gid":461980,"msg":"添加成功！"}
2021-08-01 01:06:36 下次操作: 2021-08-01 01:06:56

2021-08-01 01:06:56 开始第 9 次操作

2021-08-01 01:06:56 开始操作号码 【1917349】
2021-08-01 01:07:03 GSD getOne 第 1 次 等待 3 秒
2021-08-01 01:07:06 查询号码 【1917349】，返回信息 {"status":"bad","msg":""}
2021-08-01 01:07:06 查询号码 【1917349】，GSD为【""】
2021-08-01 01:07:06 bad
2021-08-01 01:07:20 CHB 1917349?1627751226 第 1 次 等待 3 秒
2021-08-01 01:07:23 CHB 1917349?1627751226 第 1 次 获取到号码【1917349】GSD
2021-08-01 01:07:23 获取到号码【1917349】的GSD为【湖南-衡阳】
2021-08-01 01:07:27 GSD insert 第 1 次 等待 3 秒
2021-08-01 01:07:30 {"status":"ok","gid":461992,"msg":"添加成功！"}
2021-08-01 01:07:30 下次操作: 2021-08-01 01:07:42

2021-08-01 01:07:42 开始第 10 次操作

2021-08-01 01:07:42 开始操作号码 【1917348】
2021-08-01 01:07:46 GSD getOne 第 1 次 等待 3 秒
2021-08-01 01:07:49 查询号码 【1917348】，返回信息 {"status":"bad","msg":""}
2021-08-01 01:07:49 查询号码 【1917348】，GSD为【""】
2021-08-01 01:07:49 bad
2021-08-01 01:07:53 CHB 1917348?1627751269 第 1 次 等待 3 秒
2021-08-01 01:07:56 CHB 1917348?1627751269 第 1 次 获取到号码【1917348】GSD
2021-08-01 01:07:56 未获取到号码【1917348】GSD，查号吧 502 百度云加速 错误
2021-08-01 01:07:56 获取到号码【1917348】的GSD为【-】
2021-08-01 01:08:39 GSD insert 第 1 次 等待 3 秒
2021-08-01 01:08:42 {"status":"ok","gid":462001,"msg":"添加成功！"}
2021-08-01 01:08:42 下次操作: 2021-08-01 01:09:01

2021-08-01 01:09:01 开始第 11 次操作

2021-08-01 01:09:01 开始操作号码 【1917347】
2021-08-01 01:09:07 GSD getOne 第 1 次 等待 3 秒
2021-08-01 01:09:10 查询号码 【1917347】，返回信息 {"status":"bad","msg":""}
2021-08-01 01:09:10 查询号码 【1917347】，GSD为【""】
2021-08-01 01:09:10 bad
2021-08-01 01:09:14 CHB 1917347?1627751350 第 1 次 等待 3 秒
2021-08-01 01:09:17 CHB 1917347?1627751350 第 1 次 获取到号码【1917347】GSD
2021-08-01 01:09:17 未获取到号码【1917347】GSD，查号吧 502 百度云加速 错误
2021-08-01 01:09:17 获取到号码【1917347】的GSD为【-】
2021-08-01 01:09:31 GSD insert 第 1 次 等待 3 秒
2021-08-01 01:09:34 {"status":"ok","gid":462010,"msg":"添加成功！"}
2021-08-01 01:09:34 下次操作: 2021-08-01 01:09:49

2021-08-01 01:09:49 开始第 12 次操作

2021-08-01 01:09:49 开始操作号码 【1917346】
2021-08-01 01:09:52 GSD getOne 第 1 次 等待 3 秒
2021-08-01 01:09:55 查询号码 【1917346】，返回信息 {"status":"bad","msg":""}
2021-08-01 01:09:55 查询号码 【1917346】，GSD为【""】
2021-08-01 01:09:55 bad
2021-08-01 01:10:00 CHB 1917346?1627751395 第 1 次 等待 3 秒
2021-08-01 01:10:03 CHB 1917346?1627751395 第 1 次 获取到号码【1917346】GSD
2021-08-01 01:10:03 未获取到号码【1917346】GSD，查号吧 502 百度云加速 错误
2021-08-01 01:10:03 获取到号码【1917346】的GSD为【-】
2021-08-01 01:10:07 GSD insert 第 1 次 等待 3 秒
2021-08-01 01:10:10 {"status":"ok","gid":462017,"msg":"添加成功！"}
2021-08-01 01:10:10 下次操作: 2021-08-01 01:10:31

2021-08-01 01:10:31 开始第 13 次操作

2021-08-01 01:10:31 开始操作号码 【1917345】
2021-08-01 01:10:38 GSD getOne 第 1 次 等待 3 秒
2021-08-01 01:10:41 查询号码 【1917345】，返回信息 {"status":"bad","msg":""}
2021-08-01 01:10:41 查询号码 【1917345】，GSD为【""】
2021-08-01 01:10:41 bad
2021-08-01 01:10:50 CHB 1917345?1627751441 第 1 次 等待 3 秒
2021-08-01 01:10:53 CHB 1917345?1627751441 第 1 次 获取到号码【1917345】GSD
2021-08-01 01:10:53 获取到号码【1917345】的GSD为【湖南-衡阳】
2021-08-01 01:11:00 GSD insert 第 1 次 等待 3 秒
2021-08-01 01:11:03 {"status":"ok","gid":462030,"msg":"添加成功！"}
2021-08-01 01:11:03 下次操作: 2021-08-01 01:11:24

2021-08-01 01:11:24 开始第 14 次操作

2021-08-01 01:11:24 开始操作号码 【1917344】
2021-08-01 01:11:29 GSD getOne 第 1 次 等待 3 秒
2021-08-01 01:11:32 查询号码 【1917344】，返回信息 {"status":"bad","msg":""}
2021-08-01 01:11:32 查询号码 【1917344】，GSD为【""】
2021-08-01 01:11:32 bad
2021-08-01 01:11:36 CHB 1917344?1627751492 第 1 次 等待 3 秒
2021-08-01 01:11:39 CHB 1917344?1627751492 第 1 次 获取到号码【1917344】GSD
2021-08-01 01:11:39 未获取到号码【1917344】GSD，查号吧 502 百度云加速 错误
2021-08-01 01:11:39 获取到号码【1917344】的GSD为【-】
2021-08-01 01:11:47 GSD insert 第 1 次 等待 3 秒
2021-08-01 01:11:50 {"status":"ok","gid":462037,"msg":"添加成功！"}
2021-08-01 01:11:50 下次操作: 2021-08-01 01:12:05

2021-08-01 01:12:05 开始第 15 次操作

2021-08-01 01:12:05 开始操作号码 【1917343】
2021-08-01 01:12:10 GSD getOne 第 1 次 等待 3 秒
2021-08-01 01:12:13 查询号码 【1917343】，返回信息 {"status":"bad","msg":""}
2021-08-01 01:12:13 查询号码 【1917343】，GSD为【""】
2021-08-01 01:12:13 bad
2021-08-01 01:12:17 CHB 1917343?1627751533 第 1 次 等待 3 秒
2021-08-01 01:12:20 CHB 1917343?1627751533 第 1 次 获取到号码【1917343】GSD
2021-08-01 01:12:20 未获取到号码【1917343】GSD，查号吧 502 百度云加速 错误
2021-08-01 01:12:20 获取到号码【1917343】的GSD为【-】
2021-08-01 01:12:24 GSD insert 第 1 次 等待 3 秒
2021-08-01 01:12:27 {"status":"ok","gid":462043,"msg":"添加成功！"}
2021-08-01 01:12:27 下次操作: 2021-08-01 01:12:47

2021-08-01 01:12:47 开始第 16 次操作

2021-08-01 01:12:47 开始操作号码 【1917342】
2021-08-01 01:12:51 GSD getOne 第 1 次 等待 3 秒
2021-08-01 01:12:54 查询号码 【1917342】，返回信息 {"status":"bad","msg":""}
2021-08-01 01:12:54 查询号码 【1917342】，GSD为【""】
2021-08-01 01:12:54 bad
2021-08-01 01:13:09 CHB 1917342?1627751574 第 1 次 等待 3 秒
2021-08-01 01:13:12 CHB 1917342?1627751574 第 1 次 获取到号码【1917342】GSD
2021-08-01 01:13:13 获取到号码【1917342】的GSD为【湖南-衡阳】
2021-08-01 01:13:17 GSD insert 第 1 次 等待 3 秒
2021-08-01 01:13:20 {"status":"ok","gid":462053,"msg":"添加成功！"}
2021-08-01 01:13:20 下次操作: 2021-08-01 01:13:37

2021-08-01 01:13:37 开始第 17 次操作

2021-08-01 01:13:37 开始操作号码 【1917341】
2021-08-01 01:13:41 GSD getOne 第 1 次 等待 3 秒
2021-08-01 01:13:44 查询号码 【1917341】，返回信息 {"status":"bad","msg":""}
2021-08-01 01:13:44 查询号码 【1917341】，GSD为【""】
2021-08-01 01:13:44 bad
2021-08-01 01:13:49 CHB 1917341?1627751624 第 1 次 等待 3 秒
2021-08-01 01:13:52 CHB 1917341?1627751624 第 1 次 获取到号码【1917341】GSD
2021-08-01 01:13:52 未获取到号码【1917341】GSD，查号吧 502 百度云加速 错误
2021-08-01 01:13:52 获取到号码【1917341】的GSD为【-】
2021-08-01 01:13:59 GSD insert 第 1 次 等待 3 秒
2021-08-01 01:14:02 {"status":"ok","gid":462059,"msg":"添加成功！"}
2021-08-01 01:14:02 下次操作: 2021-08-01 01:14:19

2021-08-01 01:14:19 开始第 18 次操作

2021-08-01 01:14:19 开始操作号码 【1917340】
2021-08-01 01:14:22 GSD getOne 第 1 次 等待 3 秒
2021-08-01 01:14:25 查询号码 【1917340】，返回信息 {"status":"bad","msg":""}
2021-08-01 01:14:25 查询号码 【1917340】，GSD为【""】
2021-08-01 01:14:25 bad
2021-08-01 01:14:29 CHB 1917340?1627751665 第 1 次 等待 3 秒
2021-08-01 01:14:32 CHB 1917340?1627751665 第 1 次 获取到号码【1917340】GSD
2021-08-01 01:14:32 未获取到号码【1917340】GSD，查号吧 502 百度云加速 错误
2021-08-01 01:14:32 获取到号码【1917340】的GSD为【-】
2021-08-01 01:14:36 GSD insert 第 1 次 等待 3 秒
2021-08-01 01:14:39 {"status":"ok","gid":462066,"msg":"添加成功！"}
2021-08-01 01:14:39 下次操作: 2021-08-01 01:15:01

2021-08-01 01:15:01 开始第 19 次操作

2021-08-01 01:15:01 开始操作号码 【1917339】
2021-08-01 01:15:06 GSD getOne 第 1 次 等待 3 秒
2021-08-01 01:15:09 查询号码 【1917339】，返回信息 {"status":"bad","msg":""}
2021-08-01 01:15:09 查询号码 【1917339】，GSD为【""】
2021-08-01 01:15:09 bad
2021-08-01 01:15:13 CHB 1917339?1627751709 第 1 次 等待 3 秒
2021-08-01 01:15:16 CHB 1917339?1627751709 第 1 次 获取到号码【1917339】GSD
2021-08-01 01:15:16 未获取到号码【1917339】GSD，查号吧 502 百度云加速 错误
2021-08-01 01:15:16 获取到号码【1917339】的GSD为【-】
2021-08-01 01:15:26 GSD insert 第 1 次 等待 3 秒
2021-08-01 01:15:29 {"status":"ok","gid":462076,"msg":"添加成功！"}
2021-08-01 01:15:29 下次操作: 2021-08-01 01:15:45

2021-08-01 01:15:46 开始第 20 次操作

2021-08-01 01:15:46 开始操作号码 【1917338】
2021-08-01 01:15:55 GSD getOne 第 1 次 等待 3 秒
2021-08-01 01:15:58 查询号码 【1917338】，返回信息 {"status":"bad","msg":""}
2021-08-01 01:15:58 查询号码 【1917338】，GSD为【""】
2021-08-01 01:15:58 bad
2021-08-01 01:16:03 CHB 1917338?1627751758 第 1 次 等待 3 秒
2021-08-01 01:16:06 CHB 1917338?1627751758 第 1 次 获取到号码【1917338】GSD
2021-08-01 01:16:06 未获取到号码【1917338】GSD，查号吧 502 百度云加速 错误
2021-08-01 01:16:06 获取到号码【1917338】的GSD为【-】
2021-08-01 01:16:12 GSD insert 第 1 次 等待 3 秒
2021-08-01 01:16:15 {"status":"ok","gid":462083,"msg":"添加成功！"}
2021-08-01 01:16:15 下次操作: 2021-08-01 01:16:33

2021-08-01 01:16:33 开始第 21 次操作

2021-08-01 01:16:33 开始操作号码 【1917337】
2021-08-01 01:16:38 GSD getOne 第 1 次 等待 3 秒
2021-08-01 01:16:41 查询号码 【1917337】，返回信息 {"status":"bad","msg":""}
2021-08-01 01:16:41 查询号码 【1917337】，GSD为【""】
2021-08-01 01:16:41 bad
2021-08-01 01:16:50 CHB 1917337?1627751801 第 1 次 等待 3 秒
2021-08-01 01:16:53 CHB 1917337?1627751801 第 1 次 获取到号码【1917337】GSD
2021-08-01 01:16:53 获取到号码【1917337】的GSD为【湖南-株洲】
2021-08-01 01:16:56 GSD insert 第 1 次 等待 3 秒
2021-08-01 01:16:59 {"status":"ok","gid":462094,"msg":"添加成功！"}
2021-08-01 01:16:59 下次操作: 2021-08-01 01:17:19

2021-08-01 01:17:19 开始第 22 次操作

2021-08-01 01:17:19 开始操作号码 【1917336】
2021-08-01 01:17:23 GSD getOne 第 1 次 等待 3 秒
2021-08-01 01:17:26 查询号码 【1917336】，返回信息 {"status":"bad","msg":""}
2021-08-01 01:17:26 查询号码 【1917336】，GSD为【""】
2021-08-01 01:17:26 bad
2021-08-01 01:17:28 CHB 1917336?1627751846 第 1 次 等待 3 秒
2021-08-01 01:17:31 CHB 1917336?1627751846 第 1 次 获取到号码【1917336】GSD
2021-08-01 01:17:31 获取到号码【1917336】的GSD为【湖南-株洲】
2021-08-01 01:17:37 GSD insert 第 1 次 等待 3 秒
2021-08-01 01:17:40 {"status":"ok","gid":462104,"msg":"添加成功！"}
2021-08-01 01:17:40 下次操作: 2021-08-01 01:17:55

2021-08-01 01:17:55 开始第 23 次操作

2021-08-01 01:17:55 开始操作号码 【1917335】
2021-08-01 01:18:02 GSD getOne 第 1 次 等待 3 秒
2021-08-01 01:18:05 查询号码 【1917335】，返回信息 {"status":"bad","msg":""}
2021-08-01 01:18:05 查询号码 【1917335】，GSD为【""】
2021-08-01 01:18:05 bad
2021-08-01 01:18:07 CHB 1917335?1627751885 第 1 次 等待 3 秒
2021-08-01 01:18:10 CHB 1917335?1627751885 第 1 次 获取到号码【1917335】GSD
2021-08-01 01:18:10 获取到号码【1917335】的GSD为【湖南-株洲】
2021-08-01 01:18:18 GSD insert 第 1 次 等待 3 秒
2021-08-01 01:18:21 {"status":"ok","gid":462114,"msg":"添加成功！"}
2021-08-01 01:18:22 下次操作: 2021-08-01 01:18:42

2021-08-01 01:18:42 开始第 24 次操作

2021-08-01 01:18:42 开始操作号码 【1917334】
2021-08-01 01:18:47 GSD getOne 第 1 次 等待 3 秒
2021-08-01 01:18:50 查询号码 【1917334】，返回信息 {"status":"bad","msg":""}
2021-08-01 01:18:50 查询号码 【1917334】，GSD为【""】
2021-08-01 01:18:50 bad
2021-08-01 01:18:51 CHB 1917334?1627751930 第 1 次 等待 3 秒
2021-08-01 01:18:54 CHB 1917334?1627751930 第 1 次 获取到号码【1917334】GSD
2021-08-01 01:18:54 获取到号码【1917334】的GSD为【湖南-株洲】
2021-08-01 01:19:05 GSD insert 第 1 次 等待 3 秒
2021-08-01 01:19:08 {"status":"ok","gid":462124,"msg":"添加成功！"}
2021-08-01 01:19:08 下次操作: 2021-08-01 01:19:27

2021-08-01 01:19:27 开始第 25 次操作

2021-08-01 01:19:27 开始操作号码 【1917333】
2021-08-01 01:19:32 GSD getOne 第 1 次 等待 3 秒
2021-08-01 01:19:35 查询号码 【1917333】，返回信息 {"status":"bad","msg":""}
2021-08-01 01:19:35 查询号码 【1917333】，GSD为【""】
2021-08-01 01:19:35 bad
2021-08-01 01:19:37 CHB 1917333?1627751975 第 1 次 等待 3 秒
2021-08-01 01:19:40 CHB 1917333?1627751975 第 1 次 获取到号码【1917333】GSD
2021-08-01 01:19:40 获取到号码【1917333】的GSD为【湖南-株洲】
2021-08-01 01:19:49 GSD insert 第 1 次 等待 3 秒
2021-08-01 01:19:52 {"status":"ok","gid":462133,"msg":"添加成功！"}
2021-08-01 01:19:52 下次操作: 2021-08-01 01:20:06

2021-08-01 01:20:06 开始第 26 次操作

2021-08-01 01:20:06 开始操作号码 【1917332】
2021-08-01 01:20:09 GSD getOne 第 1 次 等待 3 秒
2021-08-01 01:20:12 查询号码 【1917332】，返回信息 {"status":"bad","msg":""}
2021-08-01 01:20:12 查询号码 【1917332】，GSD为【""】
2021-08-01 01:20:12 bad
2021-08-01 01:20:14 CHB 1917332?1627752012 第 1 次 等待 3 秒
2021-08-01 01:20:17 CHB 1917332?1627752012 第 1 次 获取到号码【1917332】GSD
2021-08-01 01:20:17 获取到号码【1917332】的GSD为【湖南-株洲】
2021-08-01 01:20:20 GSD insert 第 1 次 等待 3 秒
2021-08-01 01:20:23 {"status":"ok","gid":462142,"msg":"添加成功！"}
2021-08-01 01:20:23 下次操作: 2021-08-01 01:20:41

2021-08-01 01:20:41 开始第 27 次操作

2021-08-01 01:20:41 开始操作号码 【1917331】
2021-08-01 01:20:46 GSD getOne 第 1 次 等待 3 秒
2021-08-01 01:20:49 查询号码 【1917331】，返回信息 {"status":"bad","msg":""}
2021-08-01 01:20:49 查询号码 【1917331】，GSD为【""】
2021-08-01 01:20:49 bad
2021-08-01 01:20:51 CHB 1917331?1627752049 第 1 次 等待 3 秒
2021-08-01 01:20:54 CHB 1917331?1627752049 第 1 次 获取到号码【1917331】GSD
2021-08-01 01:20:54 获取到号码【1917331】的GSD为【湖南-株洲】
2021-08-01 01:20:58 GSD insert 第 1 次 等待 3 秒
2021-08-01 01:21:01 {"status":"ok","gid":462150,"msg":"添加成功！"}
2021-08-01 01:21:01 下次操作: 2021-08-01 01:21:21

2021-08-01 01:21:21 开始第 28 次操作

2021-08-01 01:21:21 开始操作号码 【1917330】
2021-08-01 01:21:25 GSD getOne 第 1 次 等待 3 秒
2021-08-01 01:21:28 查询号码 【1917330】，返回信息 {"status":"bad","msg":""}
2021-08-01 01:21:28 查询号码 【1917330】，GSD为【""】
2021-08-01 01:21:28 bad
2021-08-01 01:21:30 CHB 1917330?1627752088 第 1 次 等待 3 秒
2021-08-01 01:21:33 CHB 1917330?1627752088 第 1 次 获取到号码【1917330】GSD
2021-08-01 01:21:33 获取到号码【1917330】的GSD为【湖南-株洲】
2021-08-01 01:21:54 GSD insert 第 1 次 等待 3 秒
2021-08-01 01:21:57 {"status":"ok","gid":462162,"msg":"添加成功！"}
2021-08-01 01:21:57 下次操作: 2021-08-01 01:22:11

2021-08-01 01:22:11 开始第 29 次操作

2021-08-01 01:22:11 开始操作号码 【1917329】
2021-08-01 01:22:17 GSD getOne 第 1 次 等待 3 秒
2021-08-01 01:22:20 查询号码 【1917329】，返回信息 {"status":"bad","msg":""}
2021-08-01 01:22:20 查询号码 【1917329】，GSD为【""】
2021-08-01 01:22:20 bad
2021-08-01 01:22:21 CHB 1917329?1627752140 第 1 次 等待 3 秒
2021-08-01 01:22:24 CHB 1917329?1627752140 第 1 次 获取到号码【1917329】GSD
2021-08-01 01:22:24 获取到号码【1917329】的GSD为【湖南-湘潭】
2021-08-01 01:22:31 GSD insert 第 1 次 等待 3 秒
2021-08-01 01:22:34 {"status":"ok","gid":462172,"msg":"添加成功！"}
2021-08-01 01:22:34 下次操作: 2021-08-01 01:22:56

2021-08-01 01:22:56 开始第 30 次操作

2021-08-01 01:22:56 开始操作号码 【1917328】
2021-08-01 01:23:02 GSD getOne 第 1 次 等待 3 秒
2021-08-01 01:23:05 查询号码 【1917328】，返回信息 {"status":"bad","msg":""}
2021-08-01 01:23:05 查询号码 【1917328】，GSD为【""】
2021-08-01 01:23:05 bad
2021-08-01 01:23:06 CHB 1917328?1627752185 第 1 次 等待 3 秒
2021-08-01 01:23:09 CHB 1917328?1627752185 第 1 次 获取到号码【1917328】GSD
2021-08-01 01:23:09 获取到号码【1917328】的GSD为【湖南-湘潭】
2021-08-01 01:23:13 GSD insert 第 1 次 等待 3 秒
2021-08-01 01:23:16 {"status":"ok","gid":462182,"msg":"添加成功！"}
2021-08-01 01:23:16 下次操作: 2021-08-01 01:23:31

2021-08-01 01:23:31 开始第 31 次操作

2021-08-01 01:23:31 开始操作号码 【1917327】
2021-08-01 01:23:38 GSD getOne 第 1 次 等待 3 秒
2021-08-01 01:23:41 查询号码 【1917327】，返回信息 {"status":"bad","msg":""}
2021-08-01 01:23:41 查询号码 【1917327】，GSD为【""】
2021-08-01 01:23:41 bad
2021-08-01 01:23:44 CHB 1917327?1627752221 第 1 次 等待 3 秒
2021-08-01 01:23:47 CHB 1917327?1627752221 第 1 次 获取到号码【1917327】GSD
2021-08-01 01:23:47 获取到号码【1917327】的GSD为【湖南-湘潭】
2021-08-01 01:23:59 GSD insert 第 1 次 等待 3 秒
2021-08-01 01:24:02 {"status":"ok","gid":462192,"msg":"添加成功！"}
2021-08-01 01:24:02 下次操作: 2021-08-01 01:24:14

2021-08-01 01:24:14 开始第 32 次操作

2021-08-01 01:24:14 开始操作号码 【1917326】
2021-08-01 01:24:21 GSD getOne 第 1 次 等待 3 秒
2021-08-01 01:24:24 查询号码 【1917326】，返回信息 {"status":"bad","msg":""}
2021-08-01 01:24:25 查询号码 【1917326】，GSD为【""】
2021-08-01 01:24:25 bad
2021-08-01 01:24:26 CHB 1917326?1627752265 第 1 次 等待 3 秒
2021-08-01 01:24:29 CHB 1917326?1627752265 第 1 次 获取到号码【1917326】GSD
2021-08-01 01:24:29 获取到号码【1917326】的GSD为【湖南-湘潭】
2021-08-01 01:24:42 GSD insert 第 1 次 等待 3 秒
2021-08-01 01:24:45 {"status":"ok","gid":462200,"msg":"添加成功！"}
2021-08-01 01:24:45 下次操作: 2021-08-01 01:25:06

2021-08-01 01:25:06 开始第 33 次操作

2021-08-01 01:25:06 开始操作号码 【1917325】
2021-08-01 01:25:10 GSD getOne 第 1 次 等待 3 秒
2021-08-01 01:25:13 查询号码 【1917325】，返回信息 {"status":"bad","msg":""}
2021-08-01 01:25:13 查询号码 【1917325】，GSD为【""】
2021-08-01 01:25:13 bad
2021-08-01 01:25:15 CHB 1917325?1627752313 第 1 次 等待 3 秒
2021-08-01 01:25:18 CHB 1917325?1627752313 第 1 次 获取到号码【1917325】GSD
2021-08-01 01:25:18 获取到号码【1917325】的GSD为【湖南-湘潭】
2021-08-01 01:25:22 GSD insert 第 1 次 等待 3 秒
2021-08-01 01:25:25 {"status":"ok","gid":462210,"msg":"添加成功！"}
2021-08-01 01:25:25 下次操作: 2021-08-01 01:25:45

2021-08-01 01:25:45 开始第 34 次操作

2021-08-01 01:25:45 开始操作号码 【1917324】
2021-08-01 01:25:49 GSD getOne 第 1 次 等待 3 秒
2021-08-01 01:25:52 查询号码 【1917324】，返回信息 {"status":"ok","msg":"湖南-湘潭","gid":"140256","time_insert":"2021-06-27 15:56","time_update":"2021-07-01 13:52"}
2021-08-01 01:25:52 查询号码 【1917324】，GSD为【"湖南-湘潭"】

2021-08-01 01:25:52 开始第 34 次操作

2021-08-01 01:25:52 开始操作号码 【1917323】
2021-08-01 01:25:57 GSD getOne 第 1 次 等待 3 秒
2021-08-01 01:26:00 查询号码 【1917323】，返回信息 {"status":"ok","msg":"湖南-湘潭","gid":"50082","time_insert":"2021-04-21 15:10"}
2021-08-01 01:26:00 查询号码 【1917323】，GSD为【"湖南-湘潭"】

2021-08-01 01:26:00 开始第 34 次操作

2021-08-01 01:26:00 开始操作号码 【1917322】
2021-08-01 01:26:03 GSD getOne 第 1 次 等待 3 秒
2021-08-01 01:26:06 查询号码 【1917322】，返回信息 {"status":"bad","msg":""}
2021-08-01 01:26:07 查询号码 【1917322】，GSD为【""】
2021-08-01 01:26:07 bad
2021-08-01 01:26:08 CHB 1917322?1627752367 第 1 次 等待 3 秒
2021-08-01 01:26:11 CHB 1917322?1627752367 第 1 次 获取到号码【1917322】GSD
2021-08-01 01:26:11 获取到号码【1917322】的GSD为【湖南-湘潭】
2021-08-01 01:26:20 GSD insert 第 1 次 等待 3 秒
2021-08-01 01:26:23 {"status":"ok","gid":462222,"msg":"添加成功！"}
2021-08-01 01:26:23 下次操作: 2021-08-01 01:26:36

2021-08-01 01:26:36 开始第 35 次操作

2021-08-01 01:26:36 开始操作号码 【1917321】
2021-08-01 01:26:40 GSD getOne 第 1 次 等待 3 秒
2021-08-01 01:26:43 查询号码 【1917321】，返回信息 {"status":"bad","msg":""}
2021-08-01 01:26:43 查询号码 【1917321】，GSD为【""】
2021-08-01 01:26:43 bad
2021-08-01 01:26:44 CHB 1917321?1627752403 第 1 次 等待 3 秒
2021-08-01 01:26:47 CHB 1917321?1627752403 第 1 次 获取到号码【1917321】GSD
2021-08-01 01:26:47 获取到号码【1917321】的GSD为【湖南-湘潭】
2021-08-01 01:26:51 GSD insert 第 1 次 等待 3 秒
2021-08-01 01:26:54 {"status":"ok","gid":462229,"msg":"添加成功！"}
2021-08-01 01:26:54 下次操作: 2021-08-01 01:27:12

2021-08-01 01:27:12 开始第 36 次操作

2021-08-01 01:27:12 开始操作号码 【1917320】
2021-08-01 01:27:16 GSD getOne 第 1 次 等待 3 秒
2021-08-01 01:27:19 查询号码 【1917320】，返回信息 {"status":"bad","msg":""}
2021-08-01 01:27:19 查询号码 【1917320】，GSD为【""】
2021-08-01 01:27:19 bad
2021-08-01 01:27:21 CHB 1917320?1627752439 第 1 次 等待 3 秒
2021-08-01 01:27:24 CHB 1917320?1627752439 第 1 次 获取到号码【1917320】GSD
2021-08-01 01:27:24 获取到号码【1917320】的GSD为【湖南-湘潭】
2021-08-01 01:27:28 GSD insert 第 1 次 等待 3 秒
2021-08-01 01:27:31 {"status":"ok","gid":462239,"msg":"添加成功！"}
2021-08-01 01:27:31 下次操作: 2021-08-01 01:27:48

2021-08-01 01:27:48 开始第 37 次操作

2021-08-01 01:27:48 开始操作号码 【1917319】
2021-08-01 01:27:51 GSD getOne 第 1 次 等待 3 秒
2021-08-01 01:27:54 查询号码 【1917319】，返回信息 {"status":"bad","msg":""}
2021-08-01 01:27:54 查询号码 【1917319】，GSD为【""】
2021-08-01 01:27:54 bad
2021-08-01 01:27:56 CHB 1917319?1627752474 第 1 次 等待 3 秒
2021-08-01 01:27:59 CHB 1917319?1627752474 第 1 次 获取到号码【1917319】GSD
2021-08-01 01:27:59 获取到号码【1917319】的GSD为【湖南-长沙】
2021-08-01 01:28:05 GSD insert 第 1 次 等待 3 秒
2021-08-01 01:28:08 {"status":"ok","gid":462248,"msg":"添加成功！"}
2021-08-01 01:28:08 下次操作: 2021-08-01 01:28:22

2021-08-01 01:28:22 开始第 38 次操作

2021-08-01 01:28:22 开始操作号码 【1917318】
2021-08-01 01:28:26 GSD getOne 第 1 次 等待 3 秒
2021-08-01 01:28:29 查询号码 【1917318】，返回信息 {"status":"bad","msg":""}
2021-08-01 01:28:30 查询号码 【1917318】，GSD为【""】
2021-08-01 01:28:30 bad
2021-08-01 01:28:31 CHB 1917318?1627752510 第 1 次 等待 3 秒
2021-08-01 01:28:34 CHB 1917318?1627752510 第 1 次 获取到号码【1917318】GSD
2021-08-01 01:28:34 获取到号码【1917318】的GSD为【湖南-长沙】
2021-08-01 01:28:39 GSD insert 第 1 次 等待 3 秒
2021-08-01 01:28:43 {"status":"ok","gid":462254,"msg":"添加成功！"}
2021-08-01 01:28:43 下次操作: 2021-08-01 01:28:59

2021-08-01 01:28:59 开始第 39 次操作

2021-08-01 01:28:59 开始操作号码 【1917317】
2021-08-01 01:29:03 GSD getOne 第 1 次 等待 3 秒
2021-08-01 01:29:06 查询号码 【1917317】，返回信息 {"status":"bad","msg":""}
2021-08-01 01:29:06 查询号码 【1917317】，GSD为【""】
2021-08-01 01:29:06 bad
2021-08-01 01:29:08 CHB 1917317?1627752546 第 1 次 等待 3 秒
2021-08-01 01:29:11 CHB 1917317?1627752546 第 1 次 获取到号码【1917317】GSD
2021-08-01 01:29:11 获取到号码【1917317】的GSD为【湖南-长沙】
2021-08-01 01:29:19 GSD insert 第 1 次 等待 3 秒
2021-08-01 01:29:22 {"status":"ok","gid":462262,"msg":"添加成功！"}
2021-08-01 01:29:22 下次操作: 2021-08-01 01:29:44

2021-08-01 01:29:44 开始第 40 次操作

2021-08-01 01:29:44 开始操作号码 【1917316】
2021-08-01 01:29:48 GSD getOne 第 1 次 等待 3 秒
2021-08-01 01:29:51 查询号码 【1917316】，返回信息 {"status":"bad","msg":""}
2021-08-01 01:29:51 查询号码 【1917316】，GSD为【""】
2021-08-01 01:29:51 bad
2021-08-01 01:29:53 CHB 1917316?1627752591 第 1 次 等待 3 秒
2021-08-01 01:29:56 CHB 1917316?1627752591 第 1 次 获取到号码【1917316】GSD
2021-08-01 01:29:56 获取到号码【1917316】的GSD为【湖南-长沙】
2021-08-01 01:29:59 GSD insert 第 1 次 等待 3 秒
2021-08-01 01:30:02 {"status":"ok","gid":462269,"msg":"添加成功！"}

