2024-02-05 00:08:18 开始第 1997 次操作

2024-02-05 00:08:18 开始操作号码 【1761897】
2024-02-05 00:08:22 GSD getOne 第 1 次 等待 3 秒
2024-02-05 00:08:25 查询号码 【1761897】，返回信息 {"status":"ok","msg":"上海-上海","gid":"157531","time_insert":"2021-06-30 02:14"}
2024-02-05 00:08:25 查询号码 【1761897】，GSD为【"上海-上海"】

2024-02-05 00:08:26 开始第 1998 次操作

2024-02-05 00:08:26 开始操作号码 【1761898】
2024-02-05 00:08:30 GSD getOne 第 1 次 等待 3 秒
2024-02-05 00:08:33 查询号码 【1761898】，返回信息 {"status":"ok","msg":"上海-上海","gid":"157534","time_insert":"2021-06-30 02:15"}
2024-02-05 00:08:33 查询号码 【1761898】，GSD为【"上海-上海"】

2024-02-05 00:08:34 开始第 1999 次操作

2024-02-05 00:08:34 开始操作号码 【1761899】
2024-02-05 00:08:39 GSD getOne 第 1 次 等待 3 秒
2024-02-05 00:08:42 查询号码 【1761899】，返回信息 {"status":"ok","msg":"上海-上海","gid":"157603","time_insert":"2021-06-30 02:58"}
2024-02-05 00:08:42 查询号码 【1761899】，GSD为【"上海-上海"】

2024-02-05 00:08:43 开始第 2000 次操作

2024-02-05 00:08:43 开始操作号码 【1761900】
2024-02-05 00:08:47 GSD getOne 第 1 次 等待 3 秒
2024-02-05 00:08:50 查询号码 【1761900】，返回信息 {"status":"ok","msg":"广东-广州","gid":"157612","time_insert":"2021-06-30 02:59"}
2024-02-05 00:08:50 查询号码 【1761900】，GSD为【"广东-广州"】

