2023-12-04 00:08:32 开始第 1317 次操作

2023-12-04 00:08:32 开始操作号码 【1871217】
2023-12-04 00:08:37 GSD getOne 第 1 次 等待 3 秒
2023-12-04 00:08:40 查询号码 【1871217】，返回信息 {"status":"ok","msg":"安徽-安庆","gid":"431618","time_insert":"2021-07-29 08:03"}
2023-12-04 00:08:40 查询号码 【1871217】，GSD为【"安徽-安庆"】

2023-12-04 00:08:41 开始第 1318 次操作

2023-12-04 00:08:41 开始操作号码 【1871218】
2023-12-04 00:08:45 GSD getOne 第 1 次 等待 3 秒
2023-12-04 00:08:48 查询号码 【1871218】，返回信息 {"status":"ok","msg":"安徽-安庆","gid":"431670","time_insert":"2021-07-29 08:14"}
2023-12-04 00:08:48 查询号码 【1871218】，GSD为【"安徽-安庆"】

2023-12-04 00:08:49 开始第 1319 次操作

2023-12-04 00:08:49 开始操作号码 【1871219】
2023-12-04 00:08:53 GSD getOne 第 1 次 等待 3 秒
2023-12-04 00:08:56 查询号码 【1871219】，返回信息 {"status":"ok","msg":"安徽-安庆","gid":"431691","time_insert":"2021-07-29 08:25"}
2023-12-04 00:08:56 查询号码 【1871219】，GSD为【"安徽-安庆"】

2023-12-04 00:08:57 开始第 1320 次操作

2023-12-04 00:08:57 开始操作号码 【1871220】
2023-12-04 00:09:04 GSD getOne 第 1 次 等待 3 秒
2023-12-04 00:09:07 查询号码 【1871220】，返回信息 {"status":"ok","msg":"安徽-亳州","gid":"431702","time_insert":"2021-07-29 08:37"}
2023-12-04 00:09:07 查询号码 【1871220】，GSD为【"安徽-亳州"】

2023-12-04 00:35:04 开始第 1321 次操作

2023-12-04 00:35:04 开始操作号码 【1871221】
2023-12-04 00:35:08 GSD getOne 第 1 次 等待 3 秒
2023-12-04 00:35:11 查询号码 【1871221】，返回信息 {"status":"ok","msg":"安徽-亳州","gid":"431720","time_insert":"2021-07-29 08:49"}
2023-12-04 00:35:11 查询号码 【1871221】，GSD为【"安徽-亳州"】

2023-12-04 00:35:12 开始第 1322 次操作

2023-12-04 00:35:12 开始操作号码 【1871222】
2023-12-04 00:35:16 GSD getOne 第 1 次 等待 3 秒
2023-12-04 00:35:19 查询号码 【1871222】，返回信息 {"status":"ok","msg":"安徽-亳州","gid":"41779","time_insert":"2017-04-19 11:23","time_update":"2020-08-10 12:04"}
2023-12-04 00:35:19 查询号码 【1871222】，GSD为【"安徽-亳州"】

2023-12-04 00:35:20 开始第 1323 次操作

2023-12-04 00:35:20 开始操作号码 【1871223】
2023-12-04 00:35:24 GSD getOne 第 1 次 等待 3 秒
2023-12-04 00:35:27 查询号码 【1871223】，返回信息 {"status":"ok","msg":"安徽-亳州","gid":"431736","time_insert":"2021-07-29 09:02"}
2023-12-04 00:35:27 查询号码 【1871223】，GSD为【"安徽-亳州"】

2023-12-04 00:35:28 开始第 1324 次操作

2023-12-04 00:35:28 开始操作号码 【1871224】
2023-12-04 00:35:31 GSD getOne 第 1 次 等待 3 秒
2023-12-04 00:35:34 查询号码 【1871224】，返回信息 {"status":"ok","msg":"安徽-亳州","gid":"431752","time_insert":"2021-07-29 09:16"}
2023-12-04 00:35:34 查询号码 【1871224】，GSD为【"安徽-亳州"】

2023-12-04 01:06:24 开始第 1325 次操作

2023-12-04 01:06:24 开始操作号码 【1871225】
2023-12-04 01:06:28 GSD getOne 第 1 次 等待 3 秒
2023-12-04 01:06:31 查询号码 【1871225】，返回信息 {"status":"ok","msg":"安徽-亳州","gid":"431767","time_insert":"2021-07-29 09:26"}
2023-12-04 01:06:32 查询号码 【1871225】，GSD为【"安徽-亳州"】

2023-12-04 01:06:33 开始第 1326 次操作

2023-12-04 01:06:33 开始操作号码 【1871226】
2023-12-04 01:06:39 GSD getOne 第 1 次 等待 3 秒
2023-12-04 01:06:42 查询号码 【1871226】，返回信息 {"status":"ok","msg":"安徽-亳州","gid":"431803","time_insert":"2021-07-29 09:40"}
2023-12-04 01:06:42 查询号码 【1871226】，GSD为【"安徽-亳州"】

2023-12-04 01:06:43 开始第 1327 次操作

2023-12-04 01:06:43 开始操作号码 【1871227】
2023-12-04 01:06:47 GSD getOne 第 1 次 等待 3 秒
2023-12-04 01:06:50 查询号码 【1871227】，返回信息 {"status":"ok","msg":"安徽-亳州","gid":"431976","time_insert":"2021-07-29 09:54"}
2023-12-04 01:06:50 查询号码 【1871227】，GSD为【"安徽-亳州"】

2023-12-04 01:06:51 开始第 1328 次操作

2023-12-04 01:06:51 开始操作号码 【1871228】
2023-12-04 01:06:55 GSD getOne 第 1 次 等待 3 秒
2023-12-04 01:06:58 查询号码 【1871228】，返回信息 {"status":"ok","msg":"安徽-亳州","gid":"432109","time_insert":"2021-07-29 10:05"}
2023-12-04 01:06:58 查询号码 【1871228】，GSD为【"安徽-亳州"】

2023-12-04 01:32:19 开始第 1329 次操作

2023-12-04 01:32:19 开始操作号码 【1871229】
2023-12-04 01:32:24 GSD getOne 第 1 次 等待 3 秒
2023-12-04 01:32:27 查询号码 【1871229】，返回信息 {"status":"ok","msg":"安徽-亳州","gid":"432163","time_insert":"2021-07-29 10:19"}
2023-12-04 01:32:27 查询号码 【1871229】，GSD为【"安徽-亳州"】

2023-12-04 01:32:28 开始第 1330 次操作

2023-12-04 01:32:28 开始操作号码 【1871230】
2023-12-04 01:32:31 GSD getOne 第 1 次 等待 3 秒
2023-12-04 01:32:34 查询号码 【1871230】，返回信息 {"status":"ok","msg":"安徽-六安","gid":"432229","time_insert":"2021-07-29 10:33"}
2023-12-04 01:32:34 查询号码 【1871230】，GSD为【"安徽-六安"】

2023-12-04 01:32:35 开始第 1331 次操作

2023-12-04 01:32:35 开始操作号码 【1871231】
2023-12-04 01:32:39 GSD getOne 第 1 次 等待 3 秒
2023-12-04 01:32:42 查询号码 【1871231】，返回信息 {"status":"ok","msg":"安徽-六安","gid":"432269","time_insert":"2021-07-29 10:44"}
2023-12-04 01:32:42 查询号码 【1871231】，GSD为【"安徽-六安"】

2023-12-04 01:32:43 开始第 1332 次操作

2023-12-04 01:32:43 开始操作号码 【1871232】
2023-12-04 01:32:47 GSD getOne 第 1 次 等待 3 秒
2023-12-04 01:32:50 查询号码 【1871232】，返回信息 {"status":"ok","msg":"安徽-六安","gid":"432451","time_insert":"2021-07-29 10:58"}
2023-12-04 01:32:50 查询号码 【1871232】，GSD为【"安徽-六安"】

2023-12-04 02:08:48 开始第 1333 次操作

2023-12-04 02:08:48 开始操作号码 【1871233】
2023-12-04 02:08:52 GSD getOne 第 1 次 等待 3 秒
2023-12-04 02:08:55 查询号码 【1871233】，返回信息 {"status":"ok","msg":"安徽-六安","gid":"432645","time_insert":"2021-07-29 11:12"}
2023-12-04 02:08:55 查询号码 【1871233】，GSD为【"安徽-六安"】

2023-12-04 02:08:56 开始第 1334 次操作

2023-12-04 02:08:56 开始操作号码 【1871234】
2023-12-04 02:08:59 GSD getOne 第 1 次 等待 3 秒
2023-12-04 02:09:02 查询号码 【1871234】，返回信息 {"status":"ok","msg":"安徽-六安","gid":"432717","time_insert":"2021-07-29 11:26"}
2023-12-04 02:09:03 查询号码 【1871234】，GSD为【"安徽-六安"】

2023-12-04 02:09:04 开始第 1335 次操作

2023-12-04 02:09:04 开始操作号码 【1871235】
2023-12-04 02:09:07 GSD getOne 第 1 次 等待 3 秒
2023-12-04 02:09:10 查询号码 【1871235】，返回信息 {"status":"ok","msg":"安徽-六安","gid":"432739","time_insert":"2021-07-29 11:40"}
2023-12-04 02:09:10 查询号码 【1871235】，GSD为【"安徽-六安"】

2023-12-04 02:09:11 开始第 1336 次操作

2023-12-04 02:09:11 开始操作号码 【1871236】
2023-12-04 02:09:14 GSD getOne 第 1 次 等待 3 秒
2023-12-04 02:09:17 查询号码 【1871236】，返回信息 {"status":"ok","msg":"安徽-六安","gid":"432860","time_insert":"2021-07-29 11:51"}
2023-12-04 02:09:17 查询号码 【1871236】，GSD为【"安徽-六安"】

2023-12-04 02:32:27 开始第 1337 次操作

2023-12-04 02:32:27 开始操作号码 【1871237】
2023-12-04 02:32:31 GSD getOne 第 1 次 等待 3 秒
2023-12-04 02:32:34 查询号码 【1871237】，返回信息 {"status":"ok","msg":"安徽-六安","gid":"433045","time_insert":"2021-07-29 12:04"}
2023-12-04 02:32:34 查询号码 【1871237】，GSD为【"安徽-六安"】

2023-12-04 02:32:35 开始第 1338 次操作

2023-12-04 02:32:35 开始操作号码 【1871238】
2023-12-04 02:32:39 GSD getOne 第 1 次 等待 3 秒
2023-12-04 02:32:42 查询号码 【1871238】，返回信息 {"status":"ok","msg":"安徽-六安","gid":"433163","time_insert":"2021-07-29 12:17"}
2023-12-04 02:32:42 查询号码 【1871238】，GSD为【"安徽-六安"】

2023-12-04 02:32:43 开始第 1339 次操作

2023-12-04 02:32:43 开始操作号码 【1871239】
2023-12-04 02:32:46 GSD getOne 第 1 次 等待 3 秒
2023-12-04 02:32:49 查询号码 【1871239】，返回信息 {"status":"ok","msg":"安徽-六安","gid":"433203","time_insert":"2021-07-29 12:29"}
2023-12-04 02:32:49 查询号码 【1871239】，GSD为【"安徽-六安"】

2023-12-04 02:32:50 开始第 1340 次操作

2023-12-04 02:32:50 开始操作号码 【1871240】
2023-12-04 02:32:54 GSD getOne 第 1 次 等待 3 秒
2023-12-04 02:32:57 查询号码 【1871240】，返回信息 {"status":"ok","msg":"安徽-滁州","gid":"433218","time_insert":"2021-07-29 12:40"}
2023-12-04 02:32:57 查询号码 【1871240】，GSD为【"安徽-滁州"】

2023-12-04 03:05:50 开始第 1341 次操作

2023-12-04 03:05:50 开始操作号码 【1871241】
2023-12-04 03:05:54 GSD getOne 第 1 次 等待 3 秒
2023-12-04 03:05:57 查询号码 【1871241】，返回信息 {"status":"ok","msg":"安徽-安庆","gid":"433264","time_insert":"2021-07-29 12:52"}
2023-12-04 03:05:57 查询号码 【1871241】，GSD为【"安徽-安庆"】

2023-12-04 03:05:58 开始第 1342 次操作

2023-12-04 03:05:58 开始操作号码 【1871242】
2023-12-04 03:06:02 GSD getOne 第 1 次 等待 3 秒
2023-12-04 03:06:05 查询号码 【1871242】，返回信息 {"status":"ok","msg":"安徽-阜阳","gid":"433444","time_insert":"2021-07-29 13:04"}
2023-12-04 03:06:05 查询号码 【1871242】，GSD为【"安徽-阜阳"】

2023-12-04 03:06:06 开始第 1343 次操作

2023-12-04 03:06:06 开始操作号码 【1871243】
2023-12-04 03:06:10 GSD getOne 第 1 次 等待 3 秒
2023-12-04 03:06:13 查询号码 【1871243】，返回信息 {"status":"ok","msg":"安徽-亳州","gid":"433610","time_insert":"2021-07-29 13:18"}
2023-12-04 03:06:13 查询号码 【1871243】，GSD为【"安徽-亳州"】

2023-12-04 03:06:14 开始第 1344 次操作

2023-12-04 03:06:14 开始操作号码 【1871244】
2023-12-04 03:06:17 GSD getOne 第 1 次 等待 3 秒
2023-12-04 03:06:20 查询号码 【1871244】，返回信息 {"status":"ok","msg":"安徽-六安","gid":"433671","time_insert":"2021-07-29 13:29"}
2023-12-04 03:06:20 查询号码 【1871244】，GSD为【"安徽-六安"】

2023-12-04 03:32:11 开始第 1345 次操作

2023-12-04 03:32:11 开始操作号码 【1871245】
2023-12-04 03:32:15 GSD getOne 第 1 次 等待 3 秒
2023-12-04 03:32:18 查询号码 【1871245】，返回信息 {"status":"ok","msg":"安徽-蚌埠","gid":"433813","time_insert":"2021-07-29 13:43"}
2023-12-04 03:32:18 查询号码 【1871245】，GSD为【"安徽-蚌埠"】

2023-12-04 03:32:19 开始第 1346 次操作

2023-12-04 03:32:19 开始操作号码 【1871246】
2023-12-04 03:32:22 GSD getOne 第 1 次 等待 3 秒
2023-12-04 03:32:25 查询号码 【1871246】，返回信息 {"status":"ok","msg":"安徽-蚌埠","gid":"434019","time_insert":"2021-07-29 13:57"}
2023-12-04 03:32:25 查询号码 【1871246】，GSD为【"安徽-蚌埠"】

2023-12-04 03:32:26 开始第 1347 次操作

2023-12-04 03:32:26 开始操作号码 【1871247】
2023-12-04 03:32:29 GSD getOne 第 1 次 等待 3 秒
2023-12-04 03:32:32 查询号码 【1871247】，返回信息 {"status":"ok","msg":"安徽-蚌埠","gid":"434116","time_insert":"2021-07-29 14:07"}
2023-12-04 03:32:32 查询号码 【1871247】，GSD为【"安徽-蚌埠"】

2023-12-04 03:32:33 开始第 1348 次操作

2023-12-04 03:32:33 开始操作号码 【1871248】
2023-12-04 03:32:37 GSD getOne 第 1 次 等待 3 秒
2023-12-04 03:32:40 查询号码 【1871248】，返回信息 {"status":"ok","msg":"安徽-蚌埠","gid":"434145","time_insert":"2021-07-29 14:19"}
2023-12-04 03:32:40 查询号码 【1871248】，GSD为【"安徽-蚌埠"】

2023-12-04 04:07:57 开始第 1349 次操作

2023-12-04 04:07:57 开始操作号码 【1871249】
2023-12-04 04:08:01 GSD getOne 第 1 次 等待 3 秒
2023-12-04 04:08:04 查询号码 【1871249】，返回信息 {"status":"ok","msg":"安徽-蚌埠","gid":"434159","time_insert":"2021-07-29 14:31"}
2023-12-04 04:08:04 查询号码 【1871249】，GSD为【"安徽-蚌埠"】

2023-12-04 04:08:05 开始第 1350 次操作

2023-12-04 04:08:05 开始操作号码 【1871250】
2023-12-04 04:08:09 GSD getOne 第 1 次 等待 3 秒
2023-12-04 04:08:12 查询号码 【1871250】，返回信息 {"status":"ok","msg":"安徽-阜阳","gid":"434173","time_insert":"2021-07-29 14:43"}
2023-12-04 04:08:12 查询号码 【1871250】，GSD为【"安徽-阜阳"】

2023-12-04 04:08:13 开始第 1351 次操作

2023-12-04 04:08:13 开始操作号码 【1871251】
2023-12-04 04:08:16 GSD getOne 第 1 次 等待 3 秒
2023-12-04 04:08:19 查询号码 【1871251】，返回信息 {"status":"ok","msg":"安徽-阜阳","gid":"434264","time_insert":"2021-07-29 14:57"}
2023-12-04 04:08:19 查询号码 【1871251】，GSD为【"安徽-阜阳"】

2023-12-04 04:08:20 开始第 1352 次操作

2023-12-04 04:08:21 开始操作号码 【1871252】
2023-12-04 04:08:24 GSD getOne 第 1 次 等待 3 秒
2023-12-04 04:08:27 查询号码 【1871252】，返回信息 {"status":"ok","msg":"安徽-阜阳","gid":"434444","time_insert":"2021-07-29 15:11"}
2023-12-04 04:08:27 查询号码 【1871252】，GSD为【"安徽-阜阳"】

2023-12-04 04:32:18 开始第 1353 次操作

2023-12-04 04:32:18 开始操作号码 【1871253】
2023-12-04 04:32:21 GSD getOne 第 1 次 等待 3 秒
2023-12-04 04:32:24 查询号码 【1871253】，返回信息 {"status":"ok","msg":"安徽-阜阳","gid":"41780","time_insert":"2018-05-06 11:31","time_update":"2020-08-15 22:36"}
2023-12-04 04:32:24 查询号码 【1871253】，GSD为【"安徽-阜阳"】

2023-12-04 04:32:25 开始第 1354 次操作

2023-12-04 04:32:25 开始操作号码 【1871254】
2023-12-04 04:32:29 GSD getOne 第 1 次 等待 3 秒
2023-12-04 04:32:32 查询号码 【1871254】，返回信息 {"status":"ok","msg":"安徽-阜阳","gid":"434553","time_insert":"2021-07-29 15:24"}
2023-12-04 04:32:32 查询号码 【1871254】，GSD为【"安徽-阜阳"】

2023-12-04 04:32:33 开始第 1355 次操作

2023-12-04 04:32:33 开始操作号码 【1871255】
2023-12-04 04:32:37 GSD getOne 第 1 次 等待 3 秒
2023-12-04 04:32:40 查询号码 【1871255】，返回信息 {"status":"ok","msg":"安徽-阜阳","gid":"434639","time_insert":"2021-07-29 15:35"}
2023-12-04 04:32:41 查询号码 【1871255】，GSD为【"安徽-阜阳"】

2023-12-04 04:32:42 开始第 1356 次操作

2023-12-04 04:32:42 开始操作号码 【1871256】
2023-12-04 04:32:45 GSD getOne 第 1 次 等待 3 秒
2023-12-04 04:32:48 查询号码 【1871256】，返回信息 {"status":"ok","msg":"安徽-阜阳","gid":"434756","time_insert":"2021-07-29 15:46"}
2023-12-04 04:32:48 查询号码 【1871256】，GSD为【"安徽-阜阳"】

2023-12-04 05:06:31 开始第 1357 次操作

2023-12-04 05:06:31 开始操作号码 【1871257】
2023-12-04 05:06:35 GSD getOne 第 1 次 等待 3 秒
2023-12-04 05:06:38 查询号码 【1871257】，返回信息 {"status":"ok","msg":"安徽-阜阳","gid":"434885","time_insert":"2021-07-29 15:58"}
2023-12-04 05:06:38 查询号码 【1871257】，GSD为【"安徽-阜阳"】

2023-12-04 05:06:39 开始第 1358 次操作

2023-12-04 05:06:39 开始操作号码 【1871258】
2023-12-04 05:06:44 GSD getOne 第 1 次 等待 3 秒
2023-12-04 05:06:47 查询号码 【1871258】，返回信息 {"status":"ok","msg":"安徽-阜阳","gid":"434992","time_insert":"2021-07-29 16:10"}
2023-12-04 05:06:47 查询号码 【1871258】，GSD为【"安徽-阜阳"】

2023-12-04 05:06:48 开始第 1359 次操作

2023-12-04 05:06:48 开始操作号码 【1871259】
2023-12-04 05:06:51 GSD getOne 第 1 次 等待 3 秒
2023-12-04 05:06:54 查询号码 【1871259】，返回信息 {"status":"ok","msg":"安徽-阜阳","gid":"435059","time_insert":"2021-07-29 16:24"}
2023-12-04 05:06:55 查询号码 【1871259】，GSD为【"安徽-阜阳"】

2023-12-04 05:06:56 开始第 1360 次操作

2023-12-04 05:06:56 开始操作号码 【1871260】
2023-12-04 05:06:59 GSD getOne 第 1 次 等待 3 秒
2023-12-04 05:07:02 查询号码 【1871260】，返回信息 {"status":"ok","msg":"安徽-阜阳","gid":"435092","time_insert":"2021-07-29 16:37"}
2023-12-04 05:07:02 查询号码 【1871260】，GSD为【"安徽-阜阳"】

