2021-07-27 00:00:02 开始第 18 次操作

2021-07-27 00:00:02 开始操作号码 【1566321】
2021-07-27 00:00:05 GSD getOne 第 1 次 等待 3 秒
2021-07-27 00:00:08 查询号码 【1566321】，返回信息 {"status":"bad","msg":""}
2021-07-27 00:00:08 查询号码 【1566321】，GSD为【""】
2021-07-27 00:00:08 bad
2021-07-27 00:00:10 CHB 1566321?1627315208 第 1 次 等待 3 秒
2021-07-27 00:00:13 CHB 1566321?1627315208 第 1 次 获取到号码【1566321】GSD
2021-07-27 00:00:13 获取到号码【1566321】的GSD为【黑龙江-齐齐哈尔】
2021-07-27 00:00:16 GSD insert 第 1 次 等待 3 秒
2021-07-27 00:00:19 {"status":"ok","gid":407046,"msg":"添加成功！"}
2021-07-27 00:00:19 下次操作: 2021-07-27 00:00:36

2021-07-27 00:00:36 开始第 19 次操作

2021-07-27 00:00:36 开始操作号码 【1566320】
2021-07-27 00:00:44 GSD getOne 第 1 次 等待 3 秒
2021-07-27 00:00:47 查询号码 【1566320】，返回信息 {"status":"bad","msg":""}
2021-07-27 00:00:47 查询号码 【1566320】，GSD为【""】
2021-07-27 00:00:47 bad
2021-07-27 00:00:48 CHB 1566320?1627315247 第 1 次 等待 3 秒
2021-07-27 00:00:51 CHB 1566320?1627315247 第 1 次 获取到号码【1566320】GSD
2021-07-27 00:00:51 获取到号码【1566320】的GSD为【黑龙江-齐齐哈尔】
2021-07-27 00:00:56 GSD insert 第 1 次 等待 3 秒
2021-07-27 00:00:59 {"status":"ok","gid":407055,"msg":"添加成功！"}
2021-07-27 00:00:59 下次操作: 2021-07-27 00:01:21

2021-07-27 00:01:21 开始第 20 次操作

2021-07-27 00:01:21 开始操作号码 【1566319】
2021-07-27 00:01:24 GSD getOne 第 1 次 等待 3 秒
2021-07-27 00:01:27 查询号码 【1566319】，返回信息 {"status":"bad","msg":""}
2021-07-27 00:01:27 查询号码 【1566319】，GSD为【""】
2021-07-27 00:01:27 bad
2021-07-27 00:01:28 CHB 1566319?1627315287 第 1 次 等待 3 秒
2021-07-27 00:01:31 CHB 1566319?1627315287 第 1 次 获取到号码【1566319】GSD
2021-07-27 00:01:31 获取到号码【1566319】的GSD为【黑龙江-齐齐哈尔】
2021-07-27 00:01:34 GSD insert 第 1 次 等待 3 秒
2021-07-27 00:01:37 {"status":"ok","gid":407066,"msg":"添加成功！"}
2021-07-27 00:01:37 下次操作: 2021-07-27 00:01:55

2021-07-27 00:01:55 开始第 21 次操作

2021-07-27 00:01:55 开始操作号码 【1566318】
2021-07-27 00:02:04 GSD getOne 第 1 次 等待 3 秒
2021-07-27 00:02:07 查询号码 【1566318】，返回信息 {"status":"bad","msg":""}
2021-07-27 00:02:07 查询号码 【1566318】，GSD为【""】
2021-07-27 00:02:07 bad
2021-07-27 00:02:08 CHB 1566318?1627315327 第 1 次 等待 3 秒
2021-07-27 00:02:11 CHB 1566318?1627315327 第 1 次 获取到号码【1566318】GSD
2021-07-27 00:02:12 获取到号码【1566318】的GSD为【黑龙江-齐齐哈尔】
2021-07-27 00:02:14 GSD insert 第 1 次 等待 3 秒
2021-07-27 00:02:17 {"status":"ok","gid":407075,"msg":"添加成功！"}
2021-07-27 00:02:17 下次操作: 2021-07-27 00:02:29

2021-07-27 00:02:29 开始第 22 次操作

2021-07-27 00:02:29 开始操作号码 【1566317】
2021-07-27 00:02:34 GSD getOne 第 1 次 等待 3 秒
2021-07-27 00:02:37 查询号码 【1566317】，返回信息 {"status":"bad","msg":""}
2021-07-27 00:02:37 查询号码 【1566317】，GSD为【""】
2021-07-27 00:02:37 bad
2021-07-27 00:02:38 CHB 1566317?1627315357 第 1 次 等待 3 秒
2021-07-27 00:02:41 CHB 1566317?1627315357 第 1 次 获取到号码【1566317】GSD
2021-07-27 00:02:41 获取到号码【1566317】的GSD为【黑龙江-齐齐哈尔】
2021-07-27 00:02:44 GSD insert 第 1 次 等待 3 秒
2021-07-27 00:02:47 {"status":"ok","gid":407085,"msg":"添加成功！"}
2021-07-27 00:02:47 下次操作: 2021-07-27 00:03:09

2021-07-27 00:03:09 开始第 23 次操作

2021-07-27 00:03:09 开始操作号码 【1566316】
2021-07-27 00:03:20 GSD getOne 第 1 次 等待 3 秒
2021-07-27 00:03:23 查询号码 【1566316】，返回信息 {"status":"bad","msg":""}
2021-07-27 00:03:23 查询号码 【1566316】，GSD为【""】
2021-07-27 00:03:23 bad
2021-07-27 00:03:24 CHB 1566316?1627315403 第 1 次 等待 3 秒
2021-07-27 00:03:27 CHB 1566316?1627315403 第 1 次 获取到号码【1566316】GSD
2021-07-27 00:03:27 获取到号码【1566316】的GSD为【黑龙江-齐齐哈尔】
2021-07-27 00:03:30 GSD insert 第 1 次 等待 3 秒
2021-07-27 00:03:33 {"status":"ok","gid":407101,"msg":"添加成功！"}
2021-07-27 00:03:33 下次操作: 2021-07-27 00:03:54

2021-07-27 00:03:54 开始第 24 次操作

2021-07-27 00:03:54 开始操作号码 【1566315】
2021-07-27 00:03:58 GSD getOne 第 1 次 等待 3 秒
2021-07-27 00:04:01 查询号码 【1566315】，返回信息 {"status":"bad","msg":""}
2021-07-27 00:04:02 查询号码 【1566315】，GSD为【""】
2021-07-27 00:04:02 bad
2021-07-27 00:04:03 CHB 1566315?1627315442 第 1 次 等待 3 秒
2021-07-27 00:04:06 CHB 1566315?1627315442 第 1 次 获取到号码【1566315】GSD
2021-07-27 00:04:06 获取到号码【1566315】的GSD为【黑龙江-齐齐哈尔】
2021-07-27 00:04:08 GSD insert 第 1 次 等待 3 秒
2021-07-27 00:04:11 {"status":"ok","gid":407115,"msg":"添加成功！"}
2021-07-27 00:04:11 下次操作: 2021-07-27 00:04:30

2021-07-27 00:04:30 开始第 25 次操作

2021-07-27 00:04:30 开始操作号码 【1566314】
2021-07-27 00:04:34 GSD getOne 第 1 次 等待 3 秒
2021-07-27 00:04:37 查询号码 【1566314】，返回信息 {"status":"bad","msg":""}
2021-07-27 00:04:37 查询号码 【1566314】，GSD为【""】
2021-07-27 00:04:37 bad
2021-07-27 00:04:39 CHB 1566314?1627315477 第 1 次 等待 3 秒
2021-07-27 00:04:42 CHB 1566314?1627315477 第 1 次 获取到号码【1566314】GSD
2021-07-27 00:04:42 获取到号码【1566314】的GSD为【黑龙江-齐齐哈尔】
2021-07-27 00:04:44 GSD insert 第 1 次 等待 3 秒
2021-07-27 00:04:47 {"status":"ok","gid":407124,"msg":"添加成功！"}
2021-07-27 00:04:47 下次操作: 2021-07-27 00:05:03

2021-07-27 00:05:03 开始第 26 次操作

2021-07-27 00:05:03 开始操作号码 【1566313】
2021-07-27 00:05:07 GSD getOne 第 1 次 等待 3 秒
2021-07-27 00:05:10 查询号码 【1566313】，返回信息 {"status":"bad","msg":""}
2021-07-27 00:05:10 查询号码 【1566313】，GSD为【""】
2021-07-27 00:05:10 bad
2021-07-27 00:05:12 CHB 1566313?1627315510 第 1 次 等待 3 秒
2021-07-27 00:05:15 CHB 1566313?1627315510 第 1 次 获取到号码【1566313】GSD
2021-07-27 00:05:15 获取到号码【1566313】的GSD为【黑龙江-齐齐哈尔】
2021-07-27 00:05:21 GSD insert 第 1 次 等待 3 秒
2021-07-27 00:05:24 {"status":"ok","gid":407135,"msg":"添加成功！"}
2021-07-27 00:05:24 下次操作: 2021-07-27 00:05:48

2021-07-27 00:05:48 开始第 27 次操作

2021-07-27 00:05:48 开始操作号码 【1566312】
2021-07-27 00:05:53 GSD getOne 第 1 次 等待 3 秒
2021-07-27 00:05:56 查询号码 【1566312】，返回信息 {"status":"bad","msg":""}
2021-07-27 00:05:56 查询号码 【1566312】，GSD为【""】
2021-07-27 00:05:56 bad
2021-07-27 00:05:57 CHB 1566312?1627315556 第 1 次 等待 3 秒
2021-07-27 00:06:00 CHB 1566312?1627315556 第 1 次 获取到号码【1566312】GSD
2021-07-27 00:06:00 获取到号码【1566312】的GSD为【黑龙江-齐齐哈尔】
2021-07-27 00:06:06 GSD insert 第 1 次 等待 3 秒
2021-07-27 00:06:09 {"status":"ok","gid":407147,"msg":"添加成功！"}
2021-07-27 00:06:09 下次操作: 2021-07-27 00:06:29

2021-07-27 00:06:29 开始第 28 次操作

2021-07-27 00:06:29 开始操作号码 【1566311】
2021-07-27 00:06:40 GSD getOne 第 1 次 等待 3 秒
2021-07-27 00:06:43 查询号码 【1566311】，返回信息 {"status":"bad","msg":""}
2021-07-27 00:06:43 查询号码 【1566311】，GSD为【""】
2021-07-27 00:06:43 bad
2021-07-27 00:06:45 CHB 1566311?1627315603 第 1 次 等待 3 秒
2021-07-27 00:06:48 CHB 1566311?1627315603 第 1 次 获取到号码【1566311】GSD
2021-07-27 00:06:48 获取到号码【1566311】的GSD为【黑龙江-齐齐哈尔】
2021-07-27 00:06:50 GSD insert 第 1 次 等待 3 秒
2021-07-27 00:06:53 {"status":"ok","gid":407159,"msg":"添加成功！"}
2021-07-27 00:06:53 下次操作: 2021-07-27 00:07:06

2021-07-27 00:07:06 开始第 29 次操作

2021-07-27 00:07:06 开始操作号码 【1566310】
2021-07-27 00:07:09 GSD getOne 第 1 次 等待 3 秒
2021-07-27 00:07:12 查询号码 【1566310】，返回信息 {"status":"bad","msg":""}
2021-07-27 00:07:12 查询号码 【1566310】，GSD为【""】
2021-07-27 00:07:12 bad
2021-07-27 00:07:13 CHB 1566310?1627315632 第 1 次 等待 3 秒
2021-07-27 00:07:16 CHB 1566310?1627315632 第 1 次 获取到号码【1566310】GSD
2021-07-27 00:07:16 获取到号码【1566310】的GSD为【黑龙江-双鸭山】
2021-07-27 00:07:25 GSD insert 第 1 次 等待 3 秒
2021-07-27 00:07:28 {"status":"ok","gid":407168,"msg":"添加成功！"}
2021-07-27 00:07:28 下次操作: 2021-07-27 00:07:40

2021-07-27 00:07:40 开始第 30 次操作

2021-07-27 00:07:40 开始操作号码 【1566309】
2021-07-27 00:07:43 GSD getOne 第 1 次 等待 3 秒
2021-07-27 00:07:46 查询号码 【1566309】，返回信息 {"status":"bad","msg":""}
2021-07-27 00:07:46 查询号码 【1566309】，GSD为【""】
2021-07-27 00:07:46 bad
2021-07-27 00:07:48 CHB 1566309?1627315666 第 1 次 等待 3 秒
2021-07-27 00:07:51 CHB 1566309?1627315666 第 1 次 获取到号码【1566309】GSD
2021-07-27 00:07:51 获取到号码【1566309】的GSD为【黑龙江-双鸭山】
2021-07-27 00:07:53 GSD insert 第 1 次 等待 3 秒
2021-07-27 00:07:56 {"status":"ok","gid":407174,"msg":"添加成功！"}
2021-07-27 00:07:56 下次操作: 2021-07-27 00:08:09

2021-07-27 00:08:09 开始第 31 次操作

2021-07-27 00:08:09 开始操作号码 【1566308】
2021-07-27 00:08:14 GSD getOne 第 1 次 等待 3 秒
2021-07-27 00:08:17 查询号码 【1566308】，返回信息 {"status":"bad","msg":""}
2021-07-27 00:08:17 查询号码 【1566308】，GSD为【""】
2021-07-27 00:08:17 bad
2021-07-27 00:08:19 CHB 1566308?1627315697 第 1 次 等待 3 秒
2021-07-27 00:08:22 CHB 1566308?1627315697 第 1 次 获取到号码【1566308】GSD
2021-07-27 00:08:22 获取到号码【1566308】的GSD为【黑龙江-佳木斯】
2021-07-27 00:08:26 GSD insert 第 1 次 等待 3 秒
2021-07-27 00:08:29 {"status":"ok","gid":407183,"msg":"添加成功！"}
2021-07-27 00:08:29 下次操作: 2021-07-27 00:08:46

2021-07-27 00:08:46 开始第 32 次操作

2021-07-27 00:08:46 开始操作号码 【1566307】
2021-07-27 00:08:48 GSD getOne 第 1 次 等待 3 秒
2021-07-27 00:08:51 查询号码 【1566307】，返回信息 {"status":"bad","msg":""}
2021-07-27 00:08:51 查询号码 【1566307】，GSD为【""】
2021-07-27 00:08:51 bad
2021-07-27 00:08:53 CHB 1566307?1627315731 第 1 次 等待 3 秒
2021-07-27 00:08:56 CHB 1566307?1627315731 第 1 次 获取到号码【1566307】GSD
2021-07-27 00:08:56 获取到号码【1566307】的GSD为【黑龙江-佳木斯】
2021-07-27 00:09:01 GSD insert 第 1 次 等待 3 秒
2021-07-27 00:09:04 {"status":"ok","gid":407192,"msg":"添加成功！"}
2021-07-27 00:09:04 下次操作: 2021-07-27 00:09:24

2021-07-27 00:09:24 开始第 33 次操作

2021-07-27 00:09:24 开始操作号码 【1566306】
2021-07-27 00:09:27 GSD getOne 第 1 次 等待 3 秒
2021-07-27 00:09:30 查询号码 【1566306】，返回信息 {"status":"bad","msg":""}
2021-07-27 00:09:30 查询号码 【1566306】，GSD为【""】
2021-07-27 00:09:30 bad
2021-07-27 00:09:31 CHB 1566306?1627315770 第 1 次 等待 3 秒
2021-07-27 00:09:34 CHB 1566306?1627315770 第 1 次 获取到号码【1566306】GSD
2021-07-27 00:09:35 获取到号码【1566306】的GSD为【黑龙江-佳木斯】
2021-07-27 00:09:41 GSD insert 第 1 次 等待 3 秒
2021-07-27 00:09:44 {"status":"ok","gid":407202,"msg":"添加成功！"}
2021-07-27 00:09:44 下次操作: 2021-07-27 00:10:02

2021-07-27 00:10:02 开始第 34 次操作

2021-07-27 00:10:02 开始操作号码 【1566305】
2021-07-27 00:10:04 GSD getOne 第 1 次 等待 3 秒
2021-07-27 00:10:07 查询号码 【1566305】，返回信息 {"status":"bad","msg":""}
2021-07-27 00:10:07 查询号码 【1566305】，GSD为【""】
2021-07-27 00:10:07 bad
2021-07-27 00:10:08 CHB 1566305?1627315807 第 1 次 等待 3 秒
2021-07-27 00:10:11 CHB 1566305?1627315807 第 1 次 获取到号码【1566305】GSD
2021-07-27 00:10:12 未获取到号码【1566305】GSD，查号吧 400 错误
2021-07-27 00:10:12 获取到号码【1566305】的GSD为【-】
2021-07-27 00:10:14 GSD insert 第 1 次 等待 3 秒
2021-07-27 00:10:17 {"status":"ok","gid":407211,"msg":"添加成功！"}
2021-07-27 00:10:17 下次操作: 2021-07-27 00:10:34

2021-07-27 00:10:34 开始第 35 次操作

2021-07-27 00:10:34 开始操作号码 【1566304】
2021-07-27 00:10:37 GSD getOne 第 1 次 等待 3 秒
2021-07-27 00:10:40 查询号码 【1566304】，返回信息 {"status":"bad","msg":""}
2021-07-27 00:10:40 查询号码 【1566304】，GSD为【""】
2021-07-27 00:10:40 bad
2021-07-27 00:10:42 CHB 1566304?1627315840 第 1 次 等待 3 秒
2021-07-27 00:10:45 CHB 1566304?1627315840 第 1 次 获取到号码【1566304】GSD
2021-07-27 00:10:45 获取到号码【1566304】的GSD为【黑龙江-佳木斯】
2021-07-27 00:10:47 GSD insert 第 1 次 等待 3 秒
2021-07-27 00:10:50 {"status":"ok","gid":407219,"msg":"添加成功！"}
2021-07-27 00:10:50 下次操作: 2021-07-27 00:11:03

2021-07-27 00:11:03 开始第 36 次操作

2021-07-27 00:11:03 开始操作号码 【1566303】
2021-07-27 00:11:09 GSD getOne 第 1 次 等待 3 秒
2021-07-27 00:11:12 查询号码 【1566303】，返回信息 {"status":"bad","msg":""}
2021-07-27 00:11:13 查询号码 【1566303】，GSD为【""】
2021-07-27 00:11:13 bad
2021-07-27 00:11:14 CHB 1566303?1627315873 第 1 次 等待 3 秒
2021-07-27 00:11:17 CHB 1566303?1627315873 第 1 次 获取到号码【1566303】GSD
2021-07-27 00:11:17 获取到号码【1566303】的GSD为【黑龙江-佳木斯】
2021-07-27 00:11:20 GSD insert 第 1 次 等待 3 秒
2021-07-27 00:11:23 {"status":"ok","gid":407226,"msg":"添加成功！"}
2021-07-27 00:11:23 下次操作: 2021-07-27 00:11:44

2021-07-27 00:11:44 开始第 37 次操作

2021-07-27 00:11:44 开始操作号码 【1566302】
2021-07-27 00:11:49 GSD getOne 第 1 次 等待 3 秒
2021-07-27 00:11:52 查询号码 【1566302】，返回信息 {"status":"bad","msg":""}
2021-07-27 00:11:52 查询号码 【1566302】，GSD为【""】
2021-07-27 00:11:52 bad
2021-07-27 00:11:53 CHB 1566302?1627315912 第 1 次 等待 3 秒
2021-07-27 00:11:56 CHB 1566302?1627315912 第 1 次 获取到号码【1566302】GSD
2021-07-27 00:11:57 获取到号码【1566302】的GSD为【黑龙江-佳木斯】
2021-07-27 00:11:59 GSD insert 第 1 次 等待 3 秒
2021-07-27 00:12:02 {"status":"ok","gid":407233,"msg":"添加成功！"}
2021-07-27 00:12:02 下次操作: 2021-07-27 00:12:16

2021-07-27 00:12:16 开始第 38 次操作

2021-07-27 00:12:16 开始操作号码 【1566301】
2021-07-27 00:12:23 GSD getOne 第 1 次 等待 3 秒
2021-07-27 00:12:26 查询号码 【1566301】，返回信息 {"status":"bad","msg":""}
2021-07-27 00:12:26 查询号码 【1566301】，GSD为【""】
2021-07-27 00:12:26 bad
2021-07-27 00:12:27 CHB 1566301?1627315946 第 1 次 等待 3 秒
2021-07-27 00:12:30 CHB 1566301?1627315946 第 1 次 获取到号码【1566301】GSD
2021-07-27 00:12:30 获取到号码【1566301】的GSD为【黑龙江-佳木斯】
2021-07-27 00:12:33 GSD insert 第 1 次 等待 3 秒
2021-07-27 00:12:36 {"status":"ok","gid":407240,"msg":"添加成功！"}
2021-07-27 00:12:36 下次操作: 2021-07-27 00:12:49

2021-07-27 00:12:49 开始第 39 次操作

2021-07-27 00:12:49 开始操作号码 【1566300】
2021-07-27 00:12:51 GSD getOne 第 1 次 等待 3 秒
2021-07-27 00:12:54 查询号码 【1566300】，返回信息 {"status":"bad","msg":""}
2021-07-27 00:12:54 查询号码 【1566300】，GSD为【""】
2021-07-27 00:12:54 bad
2021-07-27 00:12:56 CHB 1566300?1627315974 第 1 次 等待 3 秒
2021-07-27 00:12:59 CHB 1566300?1627315974 第 1 次 获取到号码【1566300】GSD
2021-07-27 00:12:59 获取到号码【1566300】的GSD为【黑龙江-佳木斯】
2021-07-27 00:13:02 GSD insert 第 1 次 等待 3 秒
2021-07-27 00:13:05 {"status":"ok","gid":407245,"msg":"添加成功！"}
2021-07-27 00:13:05 下次操作: 2021-07-27 00:13:24

2021-07-27 00:13:24 开始第 40 次操作

2021-07-27 00:13:24 开始操作号码 【1566299】
2021-07-27 00:13:29 GSD getOne 第 1 次 等待 3 秒
2021-07-27 00:13:32 查询号码 【1566299】，返回信息 {"status":"bad","msg":""}
2021-07-27 00:13:32 查询号码 【1566299】，GSD为【""】
2021-07-27 00:13:32 bad
2021-07-27 00:13:33 CHB 1566299?1627316012 第 1 次 等待 3 秒
2021-07-27 00:13:36 CHB 1566299?1627316012 第 1 次 获取到号码【1566299】GSD
2021-07-27 00:13:37 获取到号码【1566299】的GSD为【吉林-白山】
2021-07-27 00:13:39 GSD insert 第 1 次 等待 3 秒
2021-07-27 00:13:42 {"status":"ok","gid":407250,"msg":"添加成功！"}

2021-07-27 01:04:11 开始第 1 次操作

2021-07-27 01:04:11 开始操作号码 【1566298】
2021-07-27 01:04:17 GSD getOne 第 1 次 等待 3 秒
2021-07-27 01:04:20 查询号码 【1566298】，返回信息 {"status":"bad","msg":""}
2021-07-27 01:04:20 查询号码 【1566298】，GSD为【""】
2021-07-27 01:04:20 bad
2021-07-27 01:04:22 CHB 1566298?1627319060 第 1 次 等待 3 秒
2021-07-27 01:04:25 CHB 1566298?1627319060 第 1 次 获取到号码【1566298】GSD
2021-07-27 01:04:25 获取到号码【1566298】的GSD为【吉林-白山】
2021-07-27 01:04:31 GSD insert 第 1 次 等待 3 秒
2021-07-27 01:04:34 {"status":"ok","gid":407418,"msg":"添加成功！"}
2021-07-27 01:04:34 下次操作: 2021-07-27 01:04:57

2021-07-27 01:04:57 开始第 2 次操作

2021-07-27 01:04:57 开始操作号码 【1566297】
2021-07-27 01:05:03 GSD getOne 第 1 次 等待 3 秒
2021-07-27 01:05:06 查询号码 【1566297】，返回信息 {"status":"bad","msg":""}
2021-07-27 01:05:06 查询号码 【1566297】，GSD为【""】
2021-07-27 01:05:06 bad
2021-07-27 01:05:08 CHB 1566297?1627319106 第 1 次 等待 3 秒
2021-07-27 01:05:11 CHB 1566297?1627319106 第 1 次 获取到号码【1566297】GSD
2021-07-27 01:05:11 获取到号码【1566297】的GSD为【吉林-白山】
2021-07-27 01:05:15 GSD insert 第 1 次 等待 3 秒
2021-07-27 01:05:18 {"status":"ok","gid":407429,"msg":"添加成功！"}
2021-07-27 01:05:18 下次操作: 2021-07-27 01:05:37

2021-07-27 01:05:37 开始第 3 次操作

2021-07-27 01:05:37 开始操作号码 【1566296】
2021-07-27 01:05:41 GSD getOne 第 1 次 等待 3 秒
2021-07-27 01:05:44 查询号码 【1566296】，返回信息 {"status":"bad","msg":""}
2021-07-27 01:05:44 查询号码 【1566296】，GSD为【""】
2021-07-27 01:05:44 bad
2021-07-27 01:05:46 CHB 1566296?1627319144 第 1 次 等待 3 秒
2021-07-27 01:05:49 CHB 1566296?1627319144 第 1 次 获取到号码【1566296】GSD
2021-07-27 01:05:49 获取到号码【1566296】的GSD为【吉林-白山】
2021-07-27 01:05:52 GSD insert 第 1 次 等待 3 秒
2021-07-27 01:05:55 {"status":"ok","gid":407436,"msg":"添加成功！"}
2021-07-27 01:05:55 下次操作: 2021-07-27 01:06:11

2021-07-27 01:06:11 开始第 4 次操作

2021-07-27 01:06:11 开始操作号码 【1566295】
2021-07-27 01:06:14 GSD getOne 第 1 次 等待 3 秒
2021-07-27 01:06:17 查询号码 【1566295】，返回信息 {"status":"bad","msg":""}
2021-07-27 01:06:17 查询号码 【1566295】，GSD为【""】
2021-07-27 01:06:17 bad
2021-07-27 01:06:19 CHB 1566295?1627319177 第 1 次 等待 3 秒
2021-07-27 01:06:22 CHB 1566295?1627319177 第 1 次 获取到号码【1566295】GSD
2021-07-27 01:06:22 获取到号码【1566295】的GSD为【吉林-白山】
2021-07-27 01:06:25 GSD insert 第 1 次 等待 3 秒
2021-07-27 01:06:28 {"status":"ok","gid":407446,"msg":"添加成功！"}
2021-07-27 01:06:28 下次操作: 2021-07-27 01:06:43

2021-07-27 01:06:43 开始第 5 次操作

2021-07-27 01:06:43 开始操作号码 【1566294】
2021-07-27 01:06:46 GSD getOne 第 1 次 等待 3 秒
2021-07-27 01:06:49 查询号码 【1566294】，返回信息 {"status":"bad","msg":""}
2021-07-27 01:06:49 查询号码 【1566294】，GSD为【""】
2021-07-27 01:06:49 bad
2021-07-27 01:06:50 CHB 1566294?1627319209 第 1 次 等待 3 秒
2021-07-27 01:06:53 CHB 1566294?1627319209 第 1 次 获取到号码【1566294】GSD
2021-07-27 01:06:53 获取到号码【1566294】的GSD为【吉林-白山】
2021-07-27 01:06:56 GSD insert 第 1 次 等待 3 秒
2021-07-27 01:06:59 {"status":"ok","gid":407452,"msg":"添加成功！"}
2021-07-27 01:06:59 下次操作: 2021-07-27 01:07:23

2021-07-27 01:07:24 开始第 6 次操作

2021-07-27 01:07:24 开始操作号码 【1566293】
2021-07-27 01:07:28 GSD getOne 第 1 次 等待 3 秒
2021-07-27 01:07:31 查询号码 【1566293】，返回信息 {"status":"bad","msg":""}
2021-07-27 01:07:32 查询号码 【1566293】，GSD为【""】
2021-07-27 01:07:32 bad
2021-07-27 01:07:33 CHB 1566293?1627319252 第 1 次 等待 3 秒
2021-07-27 01:07:36 CHB 1566293?1627319252 第 1 次 获取到号码【1566293】GSD
2021-07-27 01:07:36 获取到号码【1566293】的GSD为【吉林-白山】
2021-07-27 01:07:39 GSD insert 第 1 次 等待 3 秒
2021-07-27 01:07:42 {"status":"ok","gid":407464,"msg":"添加成功！"}
2021-07-27 01:07:42 下次操作: 2021-07-27 01:08:04

2021-07-27 01:08:04 开始第 7 次操作

2021-07-27 01:08:04 开始操作号码 【1566292】
2021-07-27 01:08:10 GSD getOne 第 1 次 等待 3 秒
2021-07-27 01:08:13 查询号码 【1566292】，返回信息 {"status":"bad","msg":""}
2021-07-27 01:08:13 查询号码 【1566292】，GSD为【""】
2021-07-27 01:08:13 bad
2021-07-27 01:08:15 CHB 1566292?1627319293 第 1 次 等待 3 秒
2021-07-27 01:08:18 CHB 1566292?1627319293 第 1 次 获取到号码【1566292】GSD
2021-07-27 01:08:18 获取到号码【1566292】的GSD为【吉林-辽源】
2021-07-27 01:08:23 GSD insert 第 1 次 等待 3 秒
2021-07-27 01:08:26 {"status":"ok","gid":407475,"msg":"添加成功！"}
2021-07-27 01:08:26 下次操作: 2021-07-27 01:08:47

2021-07-27 01:08:47 开始第 8 次操作

2021-07-27 01:08:47 开始操作号码 【1566291】
2021-07-27 01:08:51 GSD getOne 第 1 次 等待 3 秒
2021-07-27 01:08:54 查询号码 【1566291】，返回信息 {"status":"bad","msg":""}
2021-07-27 01:08:54 查询号码 【1566291】，GSD为【""】
2021-07-27 01:08:54 bad
2021-07-27 01:08:56 CHB 1566291?1627319334 第 1 次 等待 3 秒
2021-07-27 01:08:59 CHB 1566291?1627319334 第 1 次 获取到号码【1566291】GSD
2021-07-27 01:08:59 未获取到号码【1566291】GSD，查号吧 400 错误
2021-07-27 01:08:59 获取到号码【1566291】的GSD为【-】
2021-07-27 01:09:05 GSD insert 第 1 次 等待 3 秒
2021-07-27 01:09:08 {"status":"ok","gid":407484,"msg":"添加成功！"}
2021-07-27 01:09:08 下次操作: 2021-07-27 01:09:20

2021-07-27 01:09:20 开始第 9 次操作

2021-07-27 01:09:20 开始操作号码 【1566290】
2021-07-27 01:09:22 GSD getOne 第 1 次 等待 3 秒
2021-07-27 01:09:25 查询号码 【1566290】，返回信息 {"status":"bad","msg":""}
2021-07-27 01:09:25 查询号码 【1566290】，GSD为【""】
2021-07-27 01:09:25 bad
2021-07-27 01:09:27 CHB 1566290?1627319365 第 1 次 等待 3 秒
2021-07-27 01:09:30 CHB 1566290?1627319365 第 1 次 获取到号码【1566290】GSD
2021-07-27 01:09:30 获取到号码【1566290】的GSD为【吉林-辽源】
2021-07-27 01:09:34 GSD insert 第 1 次 等待 3 秒
2021-07-27 01:09:37 {"status":"ok","gid":407491,"msg":"添加成功！"}
2021-07-27 01:09:37 下次操作: 2021-07-27 01:09:56

2021-07-27 01:09:56 开始第 10 次操作

2021-07-27 01:09:56 开始操作号码 【1566289】
2021-07-27 01:09:58 GSD getOne 第 1 次 等待 3 秒
2021-07-27 01:10:01 查询号码 【1566289】，返回信息 {"status":"bad","msg":""}
2021-07-27 01:10:02 查询号码 【1566289】，GSD为【""】
2021-07-27 01:10:02 bad
2021-07-27 01:10:03 CHB 1566289?1627319402 第 1 次 等待 3 秒
2021-07-27 01:10:06 CHB 1566289?1627319402 第 1 次 获取到号码【1566289】GSD
2021-07-27 01:10:06 获取到号码【1566289】的GSD为【吉林-辽源】
2021-07-27 01:10:09 GSD insert 第 1 次 等待 3 秒
2021-07-27 01:10:12 {"status":"ok","gid":407500,"msg":"添加成功！"}
2021-07-27 01:10:12 下次操作: 2021-07-27 01:10:28

2021-07-27 01:10:28 开始第 11 次操作

2021-07-27 01:10:28 开始操作号码 【1566288】
2021-07-27 01:10:31 GSD getOne 第 1 次 等待 3 秒
2021-07-27 01:10:34 查询号码 【1566288】，返回信息 {"status":"bad","msg":""}
2021-07-27 01:10:34 查询号码 【1566288】，GSD为【""】
2021-07-27 01:10:34 bad
2021-07-27 01:10:36 CHB 1566288?1627319434 第 1 次 等待 3 秒
2021-07-27 01:10:39 CHB 1566288?1627319434 第 1 次 获取到号码【1566288】GSD
2021-07-27 01:10:39 获取到号码【1566288】的GSD为【吉林-辽源】
2021-07-27 01:10:42 GSD insert 第 1 次 等待 3 秒
2021-07-27 01:10:45 {"status":"ok","gid":407510,"msg":"添加成功！"}
2021-07-27 01:10:45 下次操作: 2021-07-27 01:11:01

2021-07-27 01:11:01 开始第 12 次操作

2021-07-27 01:11:01 开始操作号码 【1566287】
2021-07-27 01:11:04 GSD getOne 第 1 次 等待 3 秒
2021-07-27 01:11:07 查询号码 【1566287】，返回信息 {"status":"bad","msg":""}
2021-07-27 01:11:08 查询号码 【1566287】，GSD为【""】
2021-07-27 01:11:08 bad
2021-07-27 01:11:09 CHB 1566287?1627319468 第 1 次 等待 3 秒
2021-07-27 01:11:12 CHB 1566287?1627319468 第 1 次 获取到号码【1566287】GSD
2021-07-27 01:11:12 获取到号码【1566287】的GSD为【吉林-辽源】
2021-07-27 01:11:15 GSD insert 第 1 次 等待 3 秒
2021-07-27 01:11:18 {"status":"ok","gid":407518,"msg":"添加成功！"}
2021-07-27 01:11:18 下次操作: 2021-07-27 01:11:39

2021-07-27 01:11:39 开始第 13 次操作

2021-07-27 01:11:39 开始操作号码 【1566286】
2021-07-27 01:11:42 GSD getOne 第 1 次 等待 3 秒
2021-07-27 01:11:45 查询号码 【1566286】，返回信息 {"status":"bad","msg":""}
2021-07-27 01:11:45 查询号码 【1566286】，GSD为【""】
2021-07-27 01:11:45 bad
2021-07-27 01:11:47 CHB 1566286?1627319505 第 1 次 等待 3 秒
2021-07-27 01:11:50 CHB 1566286?1627319505 第 1 次 获取到号码【1566286】GSD
2021-07-27 01:11:50 获取到号码【1566286】的GSD为【吉林-辽源】
2021-07-27 01:11:53 GSD insert 第 1 次 等待 3 秒
2021-07-27 01:11:56 {"status":"ok","gid":407527,"msg":"添加成功！"}
2021-07-27 01:11:56 下次操作: 2021-07-27 01:12:14

2021-07-27 01:12:14 开始第 14 次操作

2021-07-27 01:12:14 开始操作号码 【1566285】
2021-07-27 01:12:17 GSD getOne 第 1 次 等待 3 秒
2021-07-27 01:12:20 查询号码 【1566285】，返回信息 {"status":"bad","msg":""}
2021-07-27 01:12:20 查询号码 【1566285】，GSD为【""】
2021-07-27 01:12:20 bad
2021-07-27 01:12:22 CHB 1566285?1627319540 第 1 次 等待 3 秒
2021-07-27 01:12:25 CHB 1566285?1627319540 第 1 次 获取到号码【1566285】GSD
2021-07-27 01:12:25 获取到号码【1566285】的GSD为【吉林-辽源】
2021-07-27 01:12:27 GSD insert 第 1 次 等待 3 秒
2021-07-27 01:12:31 {"status":"ok","gid":407536,"msg":"添加成功！"}
2021-07-27 01:12:31 下次操作: 2021-07-27 01:12:46

2021-07-27 01:12:46 开始第 15 次操作

2021-07-27 01:12:46 开始操作号码 【1566284】
2021-07-27 01:12:50 GSD getOne 第 1 次 等待 3 秒
2021-07-27 01:12:53 查询号码 【1566284】，返回信息 {"status":"bad","msg":""}
2021-07-27 01:12:53 查询号码 【1566284】，GSD为【""】
2021-07-27 01:12:53 bad
2021-07-27 01:12:55 CHB 1566284?1627319573 第 1 次 等待 3 秒
2021-07-27 01:12:58 CHB 1566284?1627319573 第 1 次 获取到号码【1566284】GSD
2021-07-27 01:12:58 获取到号码【1566284】的GSD为【吉林-辽源】
2021-07-27 01:13:02 GSD insert 第 1 次 等待 3 秒
2021-07-27 01:13:05 {"status":"ok","gid":407544,"msg":"添加成功！"}
2021-07-27 01:13:05 下次操作: 2021-07-27 01:13:24

2021-07-27 01:13:24 开始第 16 次操作

2021-07-27 01:13:24 开始操作号码 【1566283】
2021-07-27 01:13:30 GSD getOne 第 1 次 等待 3 秒
2021-07-27 01:13:33 查询号码 【1566283】，返回信息 {"status":"bad","msg":""}
2021-07-27 01:13:33 查询号码 【1566283】，GSD为【""】
2021-07-27 01:13:33 bad
2021-07-27 01:13:35 CHB 1566283?1627319613 第 1 次 等待 3 秒
2021-07-27 01:13:38 CHB 1566283?1627319613 第 1 次 获取到号码【1566283】GSD
2021-07-27 01:13:38 获取到号码【1566283】的GSD为【吉林-辽源】
2021-07-27 01:13:41 GSD insert 第 1 次 等待 3 秒
2021-07-27 01:13:44 {"status":"ok","gid":407554,"msg":"添加成功！"}
2021-07-27 01:13:44 下次操作: 2021-07-27 01:14:02

2021-07-27 01:14:02 开始第 17 次操作

2021-07-27 01:14:02 开始操作号码 【1566282】
2021-07-27 01:14:05 GSD getOne 第 1 次 等待 3 秒
2021-07-27 01:14:08 查询号码 【1566282】，返回信息 {"status":"bad","msg":""}
2021-07-27 01:14:08 查询号码 【1566282】，GSD为【""】
2021-07-27 01:14:08 bad
2021-07-27 01:14:09 CHB 1566282?1627319648 第 1 次 等待 3 秒
2021-07-27 01:14:12 CHB 1566282?1627319648 第 1 次 获取到号码【1566282】GSD
2021-07-27 01:14:12 获取到号码【1566282】的GSD为【吉林-辽源】
2021-07-27 01:14:20 GSD insert 第 1 次 等待 3 秒
2021-07-27 01:14:23 {"status":"ok","gid":407565,"msg":"添加成功！"}
2021-07-27 01:14:23 下次操作: 2021-07-27 01:14:36

2021-07-27 01:14:36 开始第 18 次操作

2021-07-27 01:14:36 开始操作号码 【1566281】
2021-07-27 01:14:39 GSD getOne 第 1 次 等待 3 秒
2021-07-27 01:14:42 查询号码 【1566281】，返回信息 {"status":"bad","msg":""}
2021-07-27 01:14:42 查询号码 【1566281】，GSD为【""】
2021-07-27 01:14:42 bad
2021-07-27 01:14:44 CHB 1566281?1627319682 第 1 次 等待 3 秒
2021-07-27 01:14:47 CHB 1566281?1627319682 第 1 次 获取到号码【1566281】GSD
2021-07-27 01:14:47 获取到号码【1566281】的GSD为【吉林-松原】
2021-07-27 01:14:50 GSD insert 第 1 次 等待 3 秒
2021-07-27 01:14:53 {"status":"ok","gid":407573,"msg":"添加成功！"}
2021-07-27 01:14:53 下次操作: 2021-07-27 01:15:15

2021-07-27 01:15:15 开始第 19 次操作

2021-07-27 01:15:15 开始操作号码 【1566280】
2021-07-27 01:15:18 GSD getOne 第 1 次 等待 3 秒
2021-07-27 01:15:21 查询号码 【1566280】，返回信息 {"status":"bad","msg":""}
2021-07-27 01:15:21 查询号码 【1566280】，GSD为【""】
2021-07-27 01:15:21 bad
2021-07-27 01:15:23 CHB 1566280?1627319721 第 1 次 等待 3 秒
2021-07-27 01:15:26 CHB 1566280?1627319721 第 1 次 获取到号码【1566280】GSD
2021-07-27 01:15:26 获取到号码【1566280】的GSD为【吉林-延边】
2021-07-27 01:15:32 GSD insert 第 1 次 等待 3 秒
2021-07-27 01:15:35 {"status":"ok","gid":407585,"msg":"添加成功！"}
2021-07-27 01:15:35 下次操作: 2021-07-27 01:15:58

2021-07-27 01:15:58 开始第 20 次操作

2021-07-27 01:15:58 开始操作号码 【1566279】
2021-07-27 01:16:01 GSD getOne 第 1 次 等待 3 秒
2021-07-27 01:16:04 查询号码 【1566279】，返回信息 {"status":"bad","msg":""}
2021-07-27 01:16:04 查询号码 【1566279】，GSD为【""】
2021-07-27 01:16:04 bad
2021-07-27 01:16:06 CHB 1566279?1627319764 第 1 次 等待 3 秒
2021-07-27 01:16:09 CHB 1566279?1627319764 第 1 次 获取到号码【1566279】GSD
2021-07-27 01:16:09 获取到号码【1566279】的GSD为【山东-济南】
2021-07-27 01:16:12 GSD insert 第 1 次 等待 3 秒
2021-07-27 01:16:15 {"status":"ok","gid":407592,"msg":"添加成功！"}
2021-07-27 01:16:15 下次操作: 2021-07-27 01:16:31

2021-07-27 01:16:31 开始第 21 次操作

2021-07-27 01:16:31 开始操作号码 【1566278】
2021-07-27 01:16:33 GSD getOne 第 1 次 等待 3 秒
2021-07-27 01:16:36 查询号码 【1566278】，返回信息 {"status":"bad","msg":""}
2021-07-27 01:16:37 查询号码 【1566278】，GSD为【""】
2021-07-27 01:16:37 bad
2021-07-27 01:16:38 CHB 1566278?1627319797 第 1 次 等待 3 秒
2021-07-27 01:16:41 CHB 1566278?1627319797 第 1 次 获取到号码【1566278】GSD
2021-07-27 01:16:41 获取到号码【1566278】的GSD为【山东-济南】
2021-07-27 01:16:46 GSD insert 第 1 次 等待 3 秒
2021-07-27 01:16:49 {"status":"ok","gid":407598,"msg":"添加成功！"}
2021-07-27 01:16:49 下次操作: 2021-07-27 01:17:12

2021-07-27 01:17:12 开始第 22 次操作

2021-07-27 01:17:12 开始操作号码 【1566277】
2021-07-27 01:17:16 GSD getOne 第 1 次 等待 3 秒
2021-07-27 01:17:19 查询号码 【1566277】，返回信息 {"status":"bad","msg":""}
2021-07-27 01:17:19 查询号码 【1566277】，GSD为【""】
2021-07-27 01:17:19 bad
2021-07-27 01:17:21 CHB 1566277?1627319839 第 1 次 等待 3 秒
2021-07-27 01:17:24 CHB 1566277?1627319839 第 1 次 获取到号码【1566277】GSD
2021-07-27 01:17:24 获取到号码【1566277】的GSD为【山东-济南】
2021-07-27 01:17:27 GSD insert 第 1 次 等待 3 秒
2021-07-27 01:17:30 {"status":"ok","gid":407610,"msg":"添加成功！"}
2021-07-27 01:17:30 下次操作: 2021-07-27 01:17:52

2021-07-27 01:17:52 开始第 23 次操作

2021-07-27 01:17:52 开始操作号码 【1566276】
2021-07-27 01:17:55 GSD getOne 第 1 次 等待 3 秒
2021-07-27 01:17:58 查询号码 【1566276】，返回信息 {"status":"bad","msg":""}
2021-07-27 01:17:58 查询号码 【1566276】，GSD为【""】
2021-07-27 01:17:58 bad
2021-07-27 01:18:00 CHB 1566276?1627319878 第 1 次 等待 3 秒
2021-07-27 01:18:03 CHB 1566276?1627319878 第 1 次 获取到号码【1566276】GSD
2021-07-27 01:18:03 获取到号码【1566276】的GSD为【山东-济南】
2021-07-27 01:18:11 GSD insert 第 1 次 等待 3 秒
2021-07-27 01:18:14 {"status":"ok","gid":407621,"msg":"添加成功！"}
2021-07-27 01:18:14 下次操作: 2021-07-27 01:18:36

2021-07-27 01:18:36 开始第 24 次操作

2021-07-27 01:18:36 开始操作号码 【1566275】
2021-07-27 01:18:39 GSD getOne 第 1 次 等待 3 秒
2021-07-27 01:18:42 查询号码 【1566275】，返回信息 {"status":"bad","msg":""}
2021-07-27 01:18:42 查询号码 【1566275】，GSD为【""】
2021-07-27 01:18:42 bad
2021-07-27 01:18:44 CHB 1566275?1627319922 第 1 次 等待 3 秒
2021-07-27 01:18:47 CHB 1566275?1627319922 第 1 次 获取到号码【1566275】GSD
2021-07-27 01:18:47 获取到号码【1566275】的GSD为【山东-济南】
2021-07-27 01:18:52 GSD insert 第 1 次 等待 3 秒
2021-07-27 01:18:55 {"status":"ok","gid":407630,"msg":"添加成功！"}
2021-07-27 01:18:55 下次操作: 2021-07-27 01:19:12

2021-07-27 01:19:12 开始第 25 次操作

2021-07-27 01:19:12 开始操作号码 【1566274】
2021-07-27 01:19:20 GSD getOne 第 1 次 等待 3 秒
2021-07-27 01:19:23 查询号码 【1566274】，返回信息 {"status":"bad","msg":""}
2021-07-27 01:19:23 查询号码 【1566274】，GSD为【""】
2021-07-27 01:19:23 bad
2021-07-27 01:19:24 CHB 1566274?1627319963 第 1 次 等待 3 秒
2021-07-27 01:19:27 CHB 1566274?1627319963 第 1 次 获取到号码【1566274】GSD
2021-07-27 01:19:27 获取到号码【1566274】的GSD为【山东-济南】
2021-07-27 01:19:30 GSD insert 第 1 次 等待 3 秒
2021-07-27 01:19:33 {"status":"ok","gid":407639,"msg":"添加成功！"}
2021-07-27 01:19:33 下次操作: 2021-07-27 01:19:51

2021-07-27 01:19:51 开始第 26 次操作

2021-07-27 01:19:51 开始操作号码 【1566273】
2021-07-27 01:19:54 GSD getOne 第 1 次 等待 3 秒
2021-07-27 01:19:57 查询号码 【1566273】，返回信息 {"status":"bad","msg":""}
2021-07-27 01:19:57 查询号码 【1566273】，GSD为【""】
2021-07-27 01:19:57 bad
2021-07-27 01:19:59 CHB 1566273?1627319997 第 1 次 等待 3 秒
2021-07-27 01:20:02 CHB 1566273?1627319997 第 1 次 获取到号码【1566273】GSD
2021-07-27 01:20:02 获取到号码【1566273】的GSD为【山东-济南】
2021-07-27 01:20:08 GSD insert 第 1 次 等待 3 秒
2021-07-27 01:20:11 {"status":"ok","gid":407652,"msg":"添加成功！"}
2021-07-27 01:20:11 下次操作: 2021-07-27 01:20:31

2021-07-27 01:20:31 开始第 27 次操作

2021-07-27 01:20:31 开始操作号码 【1566272】
2021-07-27 01:20:33 GSD getOne 第 1 次 等待 3 秒
2021-07-27 01:20:36 查询号码 【1566272】，返回信息 {"status":"bad","msg":""}
2021-07-27 01:20:36 查询号码 【1566272】，GSD为【""】
2021-07-27 01:20:36 bad
2021-07-27 01:20:38 CHB 1566272?1627320036 第 1 次 等待 3 秒
2021-07-27 01:20:41 CHB 1566272?1627320036 第 1 次 获取到号码【1566272】GSD
2021-07-27 01:20:41 获取到号码【1566272】的GSD为【山东-济南】
2021-07-27 01:20:46 GSD insert 第 1 次 等待 3 秒
2021-07-27 01:20:49 {"status":"ok","gid":407661,"msg":"添加成功！"}
2021-07-27 01:20:49 下次操作: 2021-07-27 01:21:04

2021-07-27 01:21:04 开始第 28 次操作

2021-07-27 01:21:04 开始操作号码 【1566271】
2021-07-27 01:21:08 GSD getOne 第 1 次 等待 3 秒
2021-07-27 01:21:11 查询号码 【1566271】，返回信息 {"status":"bad","msg":""}
2021-07-27 01:21:11 查询号码 【1566271】，GSD为【""】
2021-07-27 01:21:11 bad
2021-07-27 01:21:12 CHB 1566271?1627320071 第 1 次 等待 3 秒
2021-07-27 01:21:15 CHB 1566271?1627320071 第 1 次 获取到号码【1566271】GSD
2021-07-27 01:21:16 获取到号码【1566271】的GSD为【山东-济南】
2021-07-27 01:21:19 GSD insert 第 1 次 等待 3 秒
2021-07-27 01:21:22 {"status":"ok","gid":407669,"msg":"添加成功！"}
2021-07-27 01:21:22 下次操作: 2021-07-27 01:21:46

2021-07-27 01:21:46 开始第 29 次操作

2021-07-27 01:21:46 开始操作号码 【1566270】
2021-07-27 01:21:49 GSD getOne 第 1 次 等待 3 秒
2021-07-27 01:21:52 查询号码 【1566270】，返回信息 {"status":"bad","msg":""}
2021-07-27 01:21:52 查询号码 【1566270】，GSD为【""】
2021-07-27 01:21:52 bad
2021-07-27 01:21:54 CHB 1566270?1627320112 第 1 次 等待 3 秒
2021-07-27 01:21:57 CHB 1566270?1627320112 第 1 次 获取到号码【1566270】GSD
2021-07-27 01:21:57 获取到号码【1566270】的GSD为【山东-济南】
2021-07-27 01:22:02 GSD insert 第 1 次 等待 3 秒
2021-07-27 01:22:05 {"status":"ok","gid":407681,"msg":"添加成功！"}
2021-07-27 01:22:05 下次操作: 2021-07-27 01:22:20

2021-07-27 01:22:20 开始第 30 次操作

2021-07-27 01:22:20 开始操作号码 【1566269】
2021-07-27 01:22:23 GSD getOne 第 1 次 等待 3 秒
2021-07-27 01:22:26 查询号码 【1566269】，返回信息 {"status":"bad","msg":""}
2021-07-27 01:22:26 查询号码 【1566269】，GSD为【""】
2021-07-27 01:22:26 bad
2021-07-27 01:22:27 CHB 1566269?1627320146 第 1 次 等待 3 秒
2021-07-27 01:22:30 CHB 1566269?1627320146 第 1 次 获取到号码【1566269】GSD
2021-07-27 01:22:30 获取到号码【1566269】的GSD为【山东-济南】
2021-07-27 01:22:33 GSD insert 第 1 次 等待 3 秒
2021-07-27 01:22:36 {"status":"ok","gid":407688,"msg":"添加成功！"}
2021-07-27 01:22:36 下次操作: 2021-07-27 01:22:59

2021-07-27 01:22:59 开始第 31 次操作

2021-07-27 01:22:59 开始操作号码 【1566268】
2021-07-27 01:23:03 GSD getOne 第 1 次 等待 3 秒
2021-07-27 01:23:06 查询号码 【1566268】，返回信息 {"status":"bad","msg":""}
2021-07-27 01:23:06 查询号码 【1566268】，GSD为【""】
2021-07-27 01:23:06 bad
2021-07-27 01:23:08 CHB 1566268?1627320186 第 1 次 等待 3 秒
2021-07-27 01:23:11 CHB 1566268?1627320186 第 1 次 获取到号码【1566268】GSD
2021-07-27 01:23:11 获取到号码【1566268】的GSD为【山东-济南】
2021-07-27 01:23:14 GSD insert 第 1 次 等待 3 秒
2021-07-27 01:23:17 {"status":"ok","gid":407699,"msg":"添加成功！"}
2021-07-27 01:23:17 下次操作: 2021-07-27 01:23:29

2021-07-27 01:23:29 开始第 32 次操作

2021-07-27 01:23:29 开始操作号码 【1566267】
2021-07-27 01:23:32 GSD getOne 第 1 次 等待 3 秒
2021-07-27 01:23:35 查询号码 【1566267】，返回信息 {"status":"bad","msg":""}
2021-07-27 01:23:35 查询号码 【1566267】，GSD为【""】
2021-07-27 01:23:35 bad
2021-07-27 01:23:37 CHB 1566267?1627320215 第 1 次 等待 3 秒
2021-07-27 01:23:40 CHB 1566267?1627320215 第 1 次 获取到号码【1566267】GSD
2021-07-27 01:23:40 获取到号码【1566267】的GSD为【山东-济南】
2021-07-27 01:23:44 GSD insert 第 1 次 等待 3 秒
2021-07-27 01:23:47 {"status":"ok","gid":407706,"msg":"添加成功！"}
2021-07-27 01:23:47 下次操作: 2021-07-27 01:24:06

2021-07-27 01:24:06 开始第 33 次操作

2021-07-27 01:24:06 开始操作号码 【1566266】
2021-07-27 01:24:12 GSD getOne 第 1 次 等待 3 秒
2021-07-27 01:24:15 查询号码 【1566266】，返回信息 {"status":"bad","msg":""}
2021-07-27 01:24:15 查询号码 【1566266】，GSD为【""】
2021-07-27 01:24:15 bad
2021-07-27 01:24:16 CHB 1566266?1627320255 第 1 次 等待 3 秒
2021-07-27 01:24:19 CHB 1566266?1627320255 第 1 次 获取到号码【1566266】GSD
2021-07-27 01:24:19 获取到号码【1566266】的GSD为【山东-济南】
2021-07-27 01:24:22 GSD insert 第 1 次 等待 3 秒
2021-07-27 01:24:25 {"status":"ok","gid":407715,"msg":"添加成功！"}
2021-07-27 01:24:25 下次操作: 2021-07-27 01:24:48

2021-07-27 01:24:48 开始第 34 次操作

2021-07-27 01:24:48 开始操作号码 【1566265】
2021-07-27 01:24:51 GSD getOne 第 1 次 等待 3 秒
2021-07-27 01:24:54 查询号码 【1566265】，返回信息 {"status":"bad","msg":""}
2021-07-27 01:24:54 查询号码 【1566265】，GSD为【""】
2021-07-27 01:24:54 bad
2021-07-27 01:24:56 CHB 1566265?1627320294 第 1 次 等待 3 秒
2021-07-27 01:24:59 CHB 1566265?1627320294 第 1 次 获取到号码【1566265】GSD
2021-07-27 01:24:59 获取到号码【1566265】的GSD为【山东-济南】
2021-07-27 01:25:03 GSD insert 第 1 次 等待 3 秒
2021-07-27 01:25:06 {"status":"ok","gid":407725,"msg":"添加成功！"}
2021-07-27 01:25:06 下次操作: 2021-07-27 01:25:28

2021-07-27 01:25:28 开始第 35 次操作

2021-07-27 01:25:28 开始操作号码 【1566264】
2021-07-27 01:25:31 GSD getOne 第 1 次 等待 3 秒
2021-07-27 01:25:34 查询号码 【1566264】，返回信息 {"status":"bad","msg":""}
2021-07-27 01:25:34 查询号码 【1566264】，GSD为【""】
2021-07-27 01:25:34 bad
2021-07-27 01:25:36 CHB 1566264?1627320334 第 1 次 等待 3 秒
2021-07-27 01:25:39 CHB 1566264?1627320334 第 1 次 获取到号码【1566264】GSD
2021-07-27 01:25:39 获取到号码【1566264】的GSD为【山东-济南】
2021-07-27 01:25:42 GSD insert 第 1 次 等待 3 秒
2021-07-27 01:25:45 {"status":"ok","gid":407734,"msg":"添加成功！"}
2021-07-27 01:25:45 下次操作: 2021-07-27 01:26:05

2021-07-27 01:26:05 开始第 36 次操作

2021-07-27 01:26:05 开始操作号码 【1566263】
2021-07-27 01:26:12 GSD getOne 第 1 次 等待 3 秒
2021-07-27 01:26:15 查询号码 【1566263】，返回信息 {"status":"bad","msg":""}
2021-07-27 01:26:15 查询号码 【1566263】，GSD为【""】
2021-07-27 01:26:15 bad
2021-07-27 01:26:33 CHB 1566263?1627320375 第 1 次 等待 3 秒
2021-07-27 01:26:36 CHB 1566263?1627320375 第 1 次 获取到号码【1566263】GSD
2021-07-27 01:26:36 获取到号码【1566263】的GSD为【山东-济南】
2021-07-27 01:26:52 GSD insert 第 1 次 等待 3 秒
2021-07-27 01:26:55 {"status":"ok","gid":407740,"msg":"添加成功！"}
2021-07-27 01:26:55 下次操作: 2021-07-27 01:27:18

2021-07-27 01:27:18 开始第 37 次操作

2021-07-27 01:27:18 开始操作号码 【1566262】
2021-07-27 01:27:29 GSD getOne 第 1 次 等待 3 秒
2021-07-27 01:27:32 查询号码 【1566262】，返回信息 {"status":"bad","msg":""}
2021-07-27 01:27:32 查询号码 【1566262】，GSD为【""】
2021-07-27 01:27:32 bad
2021-07-27 01:32:33 CHB 1566262?1627320452 第 1 次 等待 3 秒
2021-07-27 01:32:36 CHB 1566262?1627320452 第 1 次 未获取到 等待 15 秒 下次操作: 2021-07-27 01:32:51
2021-07-27 01:32:52 CHB 1566262?1627320771 第 2 次 等待 3 秒
2021-07-27 01:32:55 CHB 1566262?1627320771 第 2 次 获取到号码【1566262】GSD
2021-07-27 01:32:55 获取到号码【1566262】的GSD为【山东-济南】
2021-07-27 01:32:58 GSD insert 第 1 次 等待 3 秒
2021-07-27 01:33:01 {"status":"ok","gid":407768,"msg":"添加成功！"}
2021-07-27 01:33:01 下次操作: 2021-07-27 01:33:14

2021-07-27 01:33:14 开始第 38 次操作

2021-07-27 01:33:14 开始操作号码 【1566261】
2021-07-27 01:33:17 GSD getOne 第 1 次 等待 3 秒
2021-07-27 01:33:20 查询号码 【1566261】，返回信息 {"status":"bad","msg":""}
2021-07-27 01:33:20 查询号码 【1566261】，GSD为【""】
2021-07-27 01:33:20 bad
2021-07-27 01:33:22 CHB 1566261?1627320800 第 1 次 等待 3 秒
2021-07-27 01:33:25 CHB 1566261?1627320800 第 1 次 获取到号码【1566261】GSD
2021-07-27 01:33:25 获取到号码【1566261】的GSD为【山东-潍坊】
2021-07-27 01:33:28 GSD insert 第 1 次 等待 3 秒
2021-07-27 01:33:31 {"status":"ok","gid":407770,"msg":"添加成功！"}
2021-07-27 01:33:31 下次操作: 2021-07-27 01:33:43

2021-07-27 01:33:43 开始第 39 次操作

2021-07-27 01:33:43 开始操作号码 【1566260】
2021-07-27 01:33:46 GSD getOne 第 1 次 等待 3 秒
2021-07-27 01:33:49 查询号码 【1566260】，返回信息 {"status":"bad","msg":""}
2021-07-27 01:33:49 查询号码 【1566260】，GSD为【""】
2021-07-27 01:33:49 bad
2021-07-27 01:33:51 CHB 1566260?1627320829 第 1 次 等待 3 秒
2021-07-27 01:33:54 CHB 1566260?1627320829 第 1 次 获取到号码【1566260】GSD
2021-07-27 01:33:54 获取到号码【1566260】的GSD为【山东-潍坊】
2021-07-27 01:33:57 GSD insert 第 1 次 等待 3 秒
2021-07-27 01:34:00 {"status":"ok","gid":407772,"msg":"添加成功！"}
2021-07-27 01:34:00 下次操作: 2021-07-27 01:34:17

2021-07-27 01:34:17 开始第 40 次操作

2021-07-27 01:34:17 开始操作号码 【1566259】
2021-07-27 01:34:19 GSD getOne 第 1 次 等待 3 秒
2021-07-27 01:34:22 查询号码 【1566259】，返回信息 {"status":"bad","msg":""}
2021-07-27 01:34:23 查询号码 【1566259】，GSD为【""】
2021-07-27 01:34:23 bad
2021-07-27 01:34:24 CHB 1566259?1627320863 第 1 次 等待 3 秒
2021-07-27 01:34:27 CHB 1566259?1627320863 第 1 次 获取到号码【1566259】GSD
2021-07-27 01:34:27 获取到号码【1566259】的GSD为【山东-潍坊】
2021-07-27 01:34:30 GSD insert 第 1 次 等待 3 秒
2021-07-27 01:34:33 {"status":"ok","gid":407776,"msg":"添加成功！"}

2021-07-27 01:42:56 开始第 1 次操作

2021-07-27 01:42:56 开始操作号码 【1566258】
2021-07-27 01:42:59 GSD getOne 第 1 次 等待 3 秒
2021-07-27 01:43:02 查询号码 【1566258】，返回信息 {"status":"bad","msg":""}
2021-07-27 01:43:02 查询号码 【1566258】，GSD为【""】
2021-07-27 01:43:02 bad
2021-07-27 01:43:04 CHB 1566258?1627321382 第 1 次 等待 3 秒
2021-07-27 01:43:07 CHB 1566258?1627321382 第 1 次 获取到号码【1566258】GSD
2021-07-27 01:43:07 获取到号码【1566258】的GSD为【山东-潍坊】
2021-07-27 01:43:10 GSD insert 第 1 次 等待 3 秒
2021-07-27 01:43:13 {"status":"ok","gid":407854,"msg":"添加成功！"}
2021-07-27 01:43:13 下次操作: 2021-07-27 01:43:37

2021-07-27 01:43:37 开始第 2 次操作

2021-07-27 01:43:37 开始操作号码 【1566257】
2021-07-27 01:43:40 GSD getOne 第 1 次 等待 3 秒
2021-07-27 01:43:43 查询号码 【1566257】，返回信息 {"status":"bad","msg":""}
2021-07-27 01:43:43 查询号码 【1566257】，GSD为【""】
2021-07-27 01:43:43 bad
2021-07-27 01:43:44 CHB 1566257?1627321423 第 1 次 等待 3 秒
2021-07-27 01:43:47 CHB 1566257?1627321423 第 1 次 获取到号码【1566257】GSD
2021-07-27 01:43:47 获取到号码【1566257】的GSD为【山东-潍坊】
2021-07-27 01:43:51 GSD insert 第 1 次 等待 3 秒
2021-07-27 01:43:54 {"status":"ok","gid":407868,"msg":"添加成功！"}
2021-07-27 01:43:54 下次操作: 2021-07-27 01:44:16

2021-07-27 01:44:16 开始第 3 次操作

2021-07-27 01:44:16 开始操作号码 【1566256】
2021-07-27 01:44:19 GSD getOne 第 1 次 等待 3 秒
2021-07-27 01:44:22 查询号码 【1566256】，返回信息 {"status":"bad","msg":""}
2021-07-27 01:44:22 查询号码 【1566256】，GSD为【""】
2021-07-27 01:44:22 bad
2021-07-27 01:44:23 CHB 1566256?1627321462 第 1 次 等待 3 秒
2021-07-27 01:44:26 CHB 1566256?1627321462 第 1 次 获取到号码【1566256】GSD
2021-07-27 01:44:27 获取到号码【1566256】的GSD为【山东-潍坊】
2021-07-27 01:44:29 GSD insert 第 1 次 等待 3 秒
2021-07-27 01:44:32 {"status":"ok","gid":407877,"msg":"添加成功！"}
2021-07-27 01:44:32 下次操作: 2021-07-27 01:44:54

2021-07-27 01:44:54 开始第 4 次操作

2021-07-27 01:44:54 开始操作号码 【1566255】
2021-07-27 01:44:57 GSD getOne 第 1 次 等待 3 秒
2021-07-27 01:45:00 查询号码 【1566255】，返回信息 {"status":"bad","msg":""}
2021-07-27 01:45:00 查询号码 【1566255】，GSD为【""】
2021-07-27 01:45:00 bad
2021-07-27 01:45:02 CHB 1566255?1627321500 第 1 次 等待 3 秒
2021-07-27 01:45:05 CHB 1566255?1627321500 第 1 次 获取到号码【1566255】GSD
2021-07-27 01:45:05 获取到号码【1566255】的GSD为【山东-潍坊】
2021-07-27 01:45:08 GSD insert 第 1 次 等待 3 秒
2021-07-27 01:45:11 {"status":"ok","gid":407886,"msg":"添加成功！"}
2021-07-27 01:45:11 下次操作: 2021-07-27 01:45:35

2021-07-27 01:45:35 开始第 5 次操作

2021-07-27 01:45:35 开始操作号码 【1566254】
2021-07-27 01:45:38 GSD getOne 第 1 次 等待 3 秒
2021-07-27 01:45:41 查询号码 【1566254】，返回信息 {"status":"bad","msg":""}
2021-07-27 01:45:41 查询号码 【1566254】，GSD为【""】
2021-07-27 01:45:41 bad
2021-07-27 01:45:43 CHB 1566254?1627321541 第 1 次 等待 3 秒
2021-07-27 01:45:46 CHB 1566254?1627321541 第 1 次 获取到号码【1566254】GSD
2021-07-27 01:45:46 获取到号码【1566254】的GSD为【山东-潍坊】
2021-07-27 01:45:48 GSD insert 第 1 次 等待 3 秒
2021-07-27 01:45:51 {"status":"ok","gid":407898,"msg":"添加成功！"}
2021-07-27 01:45:51 下次操作: 2021-07-27 01:46:13

2021-07-27 01:46:13 开始第 6 次操作

2021-07-27 01:46:13 开始操作号码 【1566253】
2021-07-27 01:46:16 GSD getOne 第 1 次 等待 3 秒
2021-07-27 01:46:19 查询号码 【1566253】，返回信息 {"status":"bad","msg":""}
2021-07-27 01:46:19 查询号码 【1566253】，GSD为【""】
2021-07-27 01:46:19 bad
2021-07-27 01:46:21 CHB 1566253?1627321579 第 1 次 等待 3 秒
2021-07-27 01:46:24 CHB 1566253?1627321579 第 1 次 获取到号码【1566253】GSD
2021-07-27 01:46:24 未获取到号码【1566253】GSD，查号吧 400 错误
2021-07-27 01:46:24 获取到号码【1566253】的GSD为【-】
2021-07-27 01:46:27 GSD insert 第 1 次 等待 3 秒
2021-07-27 01:46:30 {"status":"ok","gid":407907,"msg":"添加成功！"}
2021-07-27 01:46:30 下次操作: 2021-07-27 01:46:49

2021-07-27 01:46:49 开始第 7 次操作

2021-07-27 01:46:49 开始操作号码 【1566252】
2021-07-27 01:46:51 GSD getOne 第 1 次 等待 3 秒
2021-07-27 01:46:54 查询号码 【1566252】，返回信息 {"status":"bad","msg":""}
2021-07-27 01:46:55 查询号码 【1566252】，GSD为【""】
2021-07-27 01:46:55 bad
2021-07-27 01:46:56 CHB 1566252?1627321615 第 1 次 等待 3 秒
2021-07-27 01:46:59 CHB 1566252?1627321615 第 1 次 获取到号码【1566252】GSD
2021-07-27 01:46:59 获取到号码【1566252】的GSD为【山东-潍坊】
2021-07-27 01:47:03 GSD insert 第 1 次 等待 3 秒
2021-07-27 01:47:06 {"status":"ok","gid":407917,"msg":"添加成功！"}
2021-07-27 01:47:06 下次操作: 2021-07-27 01:47:18

2021-07-27 01:47:18 开始第 8 次操作

2021-07-27 01:47:18 开始操作号码 【1566251】
2021-07-27 01:47:21 GSD getOne 第 1 次 等待 3 秒
2021-07-27 01:47:24 查询号码 【1566251】，返回信息 {"status":"bad","msg":""}
2021-07-27 01:47:24 查询号码 【1566251】，GSD为【""】
2021-07-27 01:47:24 bad
2021-07-27 01:47:25 CHB 1566251?1627321644 第 1 次 等待 3 秒
2021-07-27 01:47:28 CHB 1566251?1627321644 第 1 次 获取到号码【1566251】GSD
2021-07-27 01:47:29 获取到号码【1566251】的GSD为【山东-潍坊】
2021-07-27 01:47:39 GSD insert 第 1 次 等待 3 秒
2021-07-27 01:47:42 {"status":"ok","gid":407925,"msg":"添加成功！"}
2021-07-27 01:47:42 下次操作: 2021-07-27 01:47:57

2021-07-27 01:47:57 开始第 9 次操作

2021-07-27 01:47:57 开始操作号码 【1566250】
2021-07-27 01:47:59 GSD getOne 第 1 次 等待 3 秒
2021-07-27 01:48:02 查询号码 【1566250】，返回信息 {"status":"bad","msg":""}
2021-07-27 01:48:02 查询号码 【1566250】，GSD为【""】
2021-07-27 01:48:02 bad
2021-07-27 01:48:04 CHB 1566250?1627321682 第 1 次 等待 3 秒
2021-07-27 01:48:07 CHB 1566250?1627321682 第 1 次 获取到号码【1566250】GSD
2021-07-27 01:48:07 获取到号码【1566250】的GSD为【山东-潍坊】
2021-07-27 01:48:10 GSD insert 第 1 次 等待 3 秒
2021-07-27 01:48:13 {"status":"ok","gid":407932,"msg":"添加成功！"}
2021-07-27 01:48:13 下次操作: 2021-07-27 01:48:25

2021-07-27 01:48:25 开始第 10 次操作

2021-07-27 01:48:25 开始操作号码 【1566249】
2021-07-27 01:48:30 GSD getOne 第 1 次 等待 3 秒
2021-07-27 01:48:33 查询号码 【1566249】，返回信息 {"status":"bad","msg":""}
2021-07-27 01:48:33 查询号码 【1566249】，GSD为【""】
2021-07-27 01:48:33 bad
2021-07-27 01:48:35 CHB 1566249?1627321713 第 1 次 等待 3 秒
2021-07-27 01:48:38 CHB 1566249?1627321713 第 1 次 获取到号码【1566249】GSD
2021-07-27 01:48:38 获取到号码【1566249】的GSD为【山东-潍坊】
2021-07-27 01:48:40 GSD insert 第 1 次 等待 3 秒
2021-07-27 01:48:43 {"status":"ok","gid":407941,"msg":"添加成功！"}
2021-07-27 01:48:43 下次操作: 2021-07-27 01:48:57

2021-07-27 01:48:57 开始第 11 次操作

2021-07-27 01:48:57 开始操作号码 【1566248】
2021-07-27 01:49:00 GSD getOne 第 1 次 等待 3 秒
2021-07-27 01:49:03 查询号码 【1566248】，返回信息 {"status":"bad","msg":""}
2021-07-27 01:49:03 查询号码 【1566248】，GSD为【""】
2021-07-27 01:49:03 bad
2021-07-27 01:49:05 CHB 1566248?1627321743 第 1 次 等待 3 秒
2021-07-27 01:49:08 CHB 1566248?1627321743 第 1 次 获取到号码【1566248】GSD
2021-07-27 01:49:08 获取到号码【1566248】的GSD为【山东-潍坊】
2021-07-27 01:49:11 GSD insert 第 1 次 等待 3 秒
2021-07-27 01:49:14 {"status":"ok","gid":407949,"msg":"添加成功！"}
2021-07-27 01:49:14 下次操作: 2021-07-27 01:49:37

2021-07-27 01:49:37 开始第 12 次操作

2021-07-27 01:49:37 开始操作号码 【1566247】
2021-07-27 01:49:40 GSD getOne 第 1 次 等待 3 秒
2021-07-27 01:49:43 查询号码 【1566247】，返回信息 {"status":"bad","msg":""}
2021-07-27 01:49:43 查询号码 【1566247】，GSD为【""】
2021-07-27 01:49:43 bad
2021-07-27 01:49:45 CHB 1566247?1627321783 第 1 次 等待 3 秒
2021-07-27 01:49:48 CHB 1566247?1627321783 第 1 次 获取到号码【1566247】GSD
2021-07-27 01:49:48 获取到号码【1566247】的GSD为【山东-潍坊】
2021-07-27 01:49:50 GSD insert 第 1 次 等待 3 秒
2021-07-27 01:49:53 {"status":"ok","gid":407960,"msg":"添加成功！"}
2021-07-27 01:49:53 下次操作: 2021-07-27 01:50:11

2021-07-27 01:50:11 开始第 13 次操作

2021-07-27 01:50:11 开始操作号码 【1566246】
2021-07-27 01:50:18 GSD getOne 第 1 次 等待 3 秒
2021-07-27 01:50:21 查询号码 【1566246】，返回信息 {"status":"bad","msg":""}
2021-07-27 01:50:21 查询号码 【1566246】，GSD为【""】
2021-07-27 01:50:21 bad
2021-07-27 01:50:23 CHB 1566246?1627321821 第 1 次 等待 3 秒
2021-07-27 01:50:26 CHB 1566246?1627321821 第 1 次 获取到号码【1566246】GSD
2021-07-27 01:50:26 获取到号码【1566246】的GSD为【山东-潍坊】
2021-07-27 01:50:32 GSD insert 第 1 次 等待 3 秒
2021-07-27 01:50:35 {"status":"ok","gid":407970,"msg":"添加成功！"}
2021-07-27 01:50:35 下次操作: 2021-07-27 01:50:58

2021-07-27 01:50:58 开始第 14 次操作

2021-07-27 01:50:58 开始操作号码 【1566245】
2021-07-27 01:51:01 GSD getOne 第 1 次 等待 3 秒
2021-07-27 01:51:04 查询号码 【1566245】，返回信息 {"status":"bad","msg":""}
2021-07-27 01:51:04 查询号码 【1566245】，GSD为【""】
2021-07-27 01:51:04 bad
2021-07-27 01:51:06 CHB 1566245?1627321864 第 1 次 等待 3 秒
2021-07-27 01:51:09 CHB 1566245?1627321864 第 1 次 获取到号码【1566245】GSD
2021-07-27 01:51:09 获取到号码【1566245】的GSD为【山东-济南】
2021-07-27 01:51:15 GSD insert 第 1 次 等待 3 秒
2021-07-27 01:51:18 {"status":"ok","gid":407980,"msg":"添加成功！"}
2021-07-27 01:51:18 下次操作: 2021-07-27 01:51:35

2021-07-27 01:51:35 开始第 15 次操作

2021-07-27 01:51:35 开始操作号码 【1566244】
2021-07-27 01:51:38 GSD getOne 第 1 次 等待 3 秒
2021-07-27 01:51:41 查询号码 【1566244】，返回信息 {"status":"bad","msg":""}
2021-07-27 01:51:41 查询号码 【1566244】，GSD为【""】
2021-07-27 01:51:41 bad
2021-07-27 01:51:43 CHB 1566244?1627321901 第 1 次 等待 3 秒
2021-07-27 01:51:46 CHB 1566244?1627321901 第 1 次 获取到号码【1566244】GSD
2021-07-27 01:51:46 获取到号码【1566244】的GSD为【山东-济南】
2021-07-27 01:51:52 GSD insert 第 1 次 等待 3 秒
2021-07-27 01:51:55 {"status":"ok","gid":407988,"msg":"添加成功！"}
2021-07-27 01:51:55 下次操作: 2021-07-27 01:52:12

2021-07-27 01:52:12 开始第 16 次操作

2021-07-27 01:52:12 开始操作号码 【1566243】
2021-07-27 01:52:14 GSD getOne 第 1 次 等待 3 秒
2021-07-27 01:52:17 查询号码 【1566243】，返回信息 {"status":"bad","msg":""}
2021-07-27 01:52:17 查询号码 【1566243】，GSD为【""】
2021-07-27 01:52:17 bad
2021-07-27 01:52:19 CHB 1566243?1627321937 第 1 次 等待 3 秒
2021-07-27 01:52:22 CHB 1566243?1627321937 第 1 次 获取到号码【1566243】GSD
2021-07-27 01:52:22 获取到号码【1566243】的GSD为【山东-济南】
2021-07-27 01:52:25 GSD insert 第 1 次 等待 3 秒
2021-07-27 01:52:28 {"status":"ok","gid":407996,"msg":"添加成功！"}
2021-07-27 01:52:28 下次操作: 2021-07-27 01:52:44

2021-07-27 01:52:44 开始第 17 次操作

2021-07-27 01:52:44 开始操作号码 【1566242】
2021-07-27 01:52:47 GSD getOne 第 1 次 等待 3 秒
2021-07-27 01:52:50 查询号码 【1566242】，返回信息 {"status":"bad","msg":""}
2021-07-27 01:52:50 查询号码 【1566242】，GSD为【""】
2021-07-27 01:52:50 bad
2021-07-27 01:52:52 CHB 1566242?1627321970 第 1 次 等待 3 秒
2021-07-27 01:52:55 CHB 1566242?1627321970 第 1 次 获取到号码【1566242】GSD
2021-07-27 01:52:55 获取到号码【1566242】的GSD为【山东-济南】
2021-07-27 01:52:59 GSD insert 第 1 次 等待 3 秒
2021-07-27 01:53:02 {"status":"ok","gid":408005,"msg":"添加成功！"}
2021-07-27 01:53:02 下次操作: 2021-07-27 01:53:15

2021-07-27 01:53:15 开始第 18 次操作

2021-07-27 01:53:15 开始操作号码 【1566241】
2021-07-27 01:53:18 GSD getOne 第 1 次 等待 3 秒
2021-07-27 01:53:21 查询号码 【1566241】，返回信息 {"status":"bad","msg":""}
2021-07-27 01:53:21 查询号码 【1566241】，GSD为【""】
2021-07-27 01:53:21 bad
2021-07-27 01:53:22 CHB 1566241?1627322001 第 1 次 等待 3 秒
2021-07-27 01:53:25 CHB 1566241?1627322001 第 1 次 获取到号码【1566241】GSD
2021-07-27 01:53:25 获取到号码【1566241】的GSD为【山东-济南】
2021-07-27 01:53:31 GSD insert 第 1 次 等待 3 秒
2021-07-27 01:53:34 {"status":"ok","gid":408011,"msg":"添加成功！"}
2021-07-27 01:53:34 下次操作: 2021-07-27 01:53:57

2021-07-27 01:53:57 开始第 19 次操作

2021-07-27 01:53:57 开始操作号码 【1566240】
2021-07-27 01:54:02 GSD getOne 第 1 次 等待 3 秒
2021-07-27 01:54:05 查询号码 【1566240】，返回信息 {"status":"bad","msg":""}
2021-07-27 01:54:05 查询号码 【1566240】，GSD为【""】
2021-07-27 01:54:05 bad
2021-07-27 01:54:07 CHB 1566240?1627322045 第 1 次 等待 3 秒
2021-07-27 01:54:10 CHB 1566240?1627322045 第 1 次 获取到号码【1566240】GSD
2021-07-27 01:54:10 获取到号码【1566240】的GSD为【山东-济南】
2021-07-27 01:54:13 GSD insert 第 1 次 等待 3 秒
2021-07-27 01:54:16 {"status":"ok","gid":408021,"msg":"添加成功！"}
2021-07-27 01:54:16 下次操作: 2021-07-27 01:54:29

2021-07-27 01:54:29 开始第 20 次操作

2021-07-27 01:54:29 开始操作号码 【1566239】
2021-07-27 01:54:32 GSD getOne 第 1 次 等待 3 秒
2021-07-27 01:54:35 查询号码 【1566239】，返回信息 {"status":"bad","msg":""}
2021-07-27 01:54:35 查询号码 【1566239】，GSD为【""】
2021-07-27 01:54:35 bad
2021-07-27 01:54:37 CHB 1566239?1627322075 第 1 次 等待 3 秒
2021-07-27 01:54:40 CHB 1566239?1627322075 第 1 次 获取到号码【1566239】GSD
2021-07-27 01:54:40 获取到号码【1566239】的GSD为【山东-威海】
2021-07-27 01:54:45 GSD insert 第 1 次 等待 3 秒
2021-07-27 01:54:48 {"status":"ok","gid":408030,"msg":"添加成功！"}
2021-07-27 01:54:48 下次操作: 2021-07-27 01:55:01

2021-07-27 01:55:01 开始第 21 次操作

2021-07-27 01:55:01 开始操作号码 【1566238】
2021-07-27 01:55:04 GSD getOne 第 1 次 等待 3 秒
2021-07-27 01:55:07 查询号码 【1566238】，返回信息 {"status":"bad","msg":""}
2021-07-27 01:55:07 查询号码 【1566238】，GSD为【""】
2021-07-27 01:55:07 bad
2021-07-27 01:55:09 CHB 1566238?1627322107 第 1 次 等待 3 秒
2021-07-27 01:55:12 CHB 1566238?1627322107 第 1 次 获取到号码【1566238】GSD
2021-07-27 01:55:12 获取到号码【1566238】的GSD为【山东-威海】
2021-07-27 01:55:15 GSD insert 第 1 次 等待 3 秒
2021-07-27 01:55:18 {"status":"ok","gid":408037,"msg":"添加成功！"}
2021-07-27 01:55:18 下次操作: 2021-07-27 01:55:34

2021-07-27 01:55:34 开始第 22 次操作

2021-07-27 01:55:34 开始操作号码 【1566237】
2021-07-27 01:55:36 GSD getOne 第 1 次 等待 3 秒
2021-07-27 01:55:39 查询号码 【1566237】，返回信息 {"status":"bad","msg":""}
2021-07-27 01:55:39 查询号码 【1566237】，GSD为【""】
2021-07-27 01:55:39 bad
2021-07-27 01:55:41 CHB 1566237?1627322139 第 1 次 等待 3 秒
2021-07-27 01:55:44 CHB 1566237?1627322139 第 1 次 获取到号码【1566237】GSD
2021-07-27 01:55:44 获取到号码【1566237】的GSD为【山东-威海】
2021-07-27 01:55:49 GSD insert 第 1 次 等待 3 秒
2021-07-27 01:55:52 {"status":"ok","gid":408046,"msg":"添加成功！"}
2021-07-27 01:55:52 下次操作: 2021-07-27 01:56:07

2021-07-27 01:56:07 开始第 23 次操作

2021-07-27 01:56:07 开始操作号码 【1566236】
2021-07-27 01:56:10 GSD getOne 第 1 次 等待 3 秒
2021-07-27 01:56:13 查询号码 【1566236】，返回信息 {"status":"bad","msg":""}
2021-07-27 01:56:13 查询号码 【1566236】，GSD为【""】
2021-07-27 01:56:13 bad
2021-07-27 01:56:15 CHB 1566236?1627322173 第 1 次 等待 3 秒
2021-07-27 01:56:18 CHB 1566236?1627322173 第 1 次 获取到号码【1566236】GSD
2021-07-27 01:56:18 获取到号码【1566236】的GSD为【山东-威海】
2021-07-27 01:56:20 GSD insert 第 1 次 等待 3 秒
2021-07-27 01:56:23 {"status":"ok","gid":408053,"msg":"添加成功！"}
2021-07-27 01:56:24 下次操作: 2021-07-27 01:56:44

2021-07-27 01:56:44 开始第 24 次操作

2021-07-27 01:56:44 开始操作号码 【1566235】
2021-07-27 01:56:46 GSD getOne 第 1 次 等待 3 秒
2021-07-27 01:56:49 查询号码 【1566235】，返回信息 {"status":"bad","msg":""}
2021-07-27 01:56:49 查询号码 【1566235】，GSD为【""】
2021-07-27 01:56:49 bad
2021-07-27 01:56:51 CHB 1566235?1627322209 第 1 次 等待 3 秒
2021-07-27 01:56:54 CHB 1566235?1627322209 第 1 次 获取到号码【1566235】GSD
2021-07-27 01:56:54 获取到号码【1566235】的GSD为【山东-威海】
2021-07-27 01:56:57 GSD insert 第 1 次 等待 3 秒
2021-07-27 01:57:00 {"status":"ok","gid":408060,"msg":"添加成功！"}
2021-07-27 01:57:00 下次操作: 2021-07-27 01:57:18

2021-07-27 01:57:18 开始第 25 次操作

2021-07-27 01:57:18 开始操作号码 【1566234】
2021-07-27 01:57:21 GSD getOne 第 1 次 等待 3 秒
2021-07-27 01:57:24 查询号码 【1566234】，返回信息 {"status":"bad","msg":""}
2021-07-27 01:57:24 查询号码 【1566234】，GSD为【""】
2021-07-27 01:57:24 bad
2021-07-27 01:57:26 CHB 1566234?1627322244 第 1 次 等待 3 秒
2021-07-27 01:57:29 CHB 1566234?1627322244 第 1 次 获取到号码【1566234】GSD
2021-07-27 01:57:29 获取到号码【1566234】的GSD为【山东-威海】
2021-07-27 01:57:32 GSD insert 第 1 次 等待 3 秒
2021-07-27 01:57:35 {"status":"ok","gid":408070,"msg":"添加成功！"}
2021-07-27 01:57:35 下次操作: 2021-07-27 01:57:57

2021-07-27 01:57:57 开始第 26 次操作

2021-07-27 01:57:57 开始操作号码 【1566233】
2021-07-27 01:58:00 GSD getOne 第 1 次 等待 3 秒
2021-07-27 01:58:03 查询号码 【1566233】，返回信息 {"status":"bad","msg":""}
2021-07-27 01:58:03 查询号码 【1566233】，GSD为【""】
2021-07-27 01:58:03 bad
2021-07-27 01:58:05 CHB 1566233?1627322283 第 1 次 等待 3 秒
2021-07-27 01:58:08 CHB 1566233?1627322283 第 1 次 获取到号码【1566233】GSD
2021-07-27 01:58:08 获取到号码【1566233】的GSD为【山东-威海】
2021-07-27 01:58:11 GSD insert 第 1 次 等待 3 秒
2021-07-27 01:58:14 {"status":"ok","gid":408080,"msg":"添加成功！"}
2021-07-27 01:58:14 下次操作: 2021-07-27 01:58:33

2021-07-27 01:58:33 开始第 27 次操作

2021-07-27 01:58:33 开始操作号码 【1566232】
2021-07-27 01:58:36 GSD getOne 第 1 次 等待 3 秒
2021-07-27 01:58:39 查询号码 【1566232】，返回信息 {"status":"bad","msg":""}
2021-07-27 01:58:39 查询号码 【1566232】，GSD为【""】
2021-07-27 01:58:39 bad
2021-07-27 01:58:41 CHB 1566232?1627322319 第 1 次 等待 3 秒
2021-07-27 01:58:44 CHB 1566232?1627322319 第 1 次 获取到号码【1566232】GSD
2021-07-27 01:58:44 获取到号码【1566232】的GSD为【山东-威海】
2021-07-27 01:58:46 GSD insert 第 1 次 等待 3 秒
2021-07-27 01:58:49 {"status":"ok","gid":408088,"msg":"添加成功！"}
2021-07-27 01:58:49 下次操作: 2021-07-27 01:59:08

2021-07-27 01:59:08 开始第 28 次操作

2021-07-27 01:59:08 开始操作号码 【1566231】
2021-07-27 01:59:11 GSD getOne 第 1 次 等待 3 秒
2021-07-27 01:59:14 查询号码 【1566231】，返回信息 {"status":"bad","msg":""}
2021-07-27 01:59:14 查询号码 【1566231】，GSD为【""】
2021-07-27 01:59:14 bad
2021-07-27 01:59:37 CHB 1566231?1627322354 第 1 次 等待 3 秒
2021-07-27 01:59:40 CHB 1566231?1627322354 第 1 次 获取到号码【1566231】GSD
2021-07-27 01:59:41 获取到号码【1566231】的GSD为【山东-威海】
2021-07-27 01:59:46 GSD insert 第 1 次 等待 3 秒
2021-07-27 01:59:49 {"status":"ok","gid":408106,"msg":"添加成功！"}
2021-07-27 01:59:49 下次操作: 2021-07-27 02:00:08

2021-07-27 02:00:08 开始第 29 次操作

2021-07-27 02:00:08 开始操作号码 【1566230】
2021-07-27 02:00:11 GSD getOne 第 1 次 等待 3 秒
2021-07-27 02:00:14 查询号码 【1566230】，返回信息 {"status":"bad","msg":""}
2021-07-27 02:00:14 查询号码 【1566230】，GSD为【""】
2021-07-27 02:00:14 bad
2021-07-27 02:00:18 CHB 1566230?1627322414 第 1 次 等待 3 秒
2021-07-27 02:00:21 CHB 1566230?1627322414 第 1 次 获取到号码【1566230】GSD
2021-07-27 02:00:21 获取到号码【1566230】的GSD为【山东-威海】
2021-07-27 02:00:24 GSD insert 第 1 次 等待 3 秒
2021-07-27 02:00:27 {"status":"ok","gid":408114,"msg":"添加成功！"}
2021-07-27 02:00:27 下次操作: 2021-07-27 02:00:40

2021-07-27 02:00:40 开始第 30 次操作

2021-07-27 02:00:40 开始操作号码 【1566229】
2021-07-27 02:00:44 GSD getOne 第 1 次 等待 3 秒
2021-07-27 02:00:47 查询号码 【1566229】，返回信息 {"status":"bad","msg":""}
2021-07-27 02:00:47 查询号码 【1566229】，GSD为【""】
2021-07-27 02:00:47 bad
2021-07-27 02:00:48 CHB 1566229?1627322447 第 1 次 等待 3 秒
2021-07-27 02:00:51 CHB 1566229?1627322447 第 1 次 获取到号码【1566229】GSD
2021-07-27 02:00:52 获取到号码【1566229】的GSD为【吉林-延边】
2021-07-27 02:00:54 GSD insert 第 1 次 等待 3 秒
2021-07-27 02:00:57 {"status":"ok","gid":408120,"msg":"添加成功！"}
2021-07-27 02:00:57 下次操作: 2021-07-27 02:01:17

2021-07-27 02:01:17 开始第 31 次操作

2021-07-27 02:01:17 开始操作号码 【1566228】
2021-07-27 02:01:20 GSD getOne 第 1 次 等待 3 秒
2021-07-27 02:01:23 查询号码 【1566228】，返回信息 {"status":"bad","msg":""}
2021-07-27 02:01:23 查询号码 【1566228】，GSD为【""】
2021-07-27 02:01:23 bad
2021-07-27 02:01:25 CHB 1566228?1627322483 第 1 次 等待 3 秒
2021-07-27 02:01:28 CHB 1566228?1627322483 第 1 次 获取到号码【1566228】GSD
2021-07-27 02:01:28 获取到号码【1566228】的GSD为【吉林-延边】
2021-07-27 02:01:31 GSD insert 第 1 次 等待 3 秒
2021-07-27 02:01:34 {"status":"ok","gid":408129,"msg":"添加成功！"}
2021-07-27 02:01:34 下次操作: 2021-07-27 02:01:54

2021-07-27 02:01:54 开始第 32 次操作

2021-07-27 02:01:54 开始操作号码 【1566227】
2021-07-27 02:01:57 GSD getOne 第 1 次 等待 3 秒
2021-07-27 02:02:00 查询号码 【1566227】，返回信息 {"status":"bad","msg":""}
2021-07-27 02:02:00 查询号码 【1566227】，GSD为【""】
2021-07-27 02:02:00 bad
2021-07-27 02:02:02 CHB 1566227?1627322520 第 1 次 等待 3 秒
2021-07-27 02:02:05 CHB 1566227?1627322520 第 1 次 获取到号码【1566227】GSD
2021-07-27 02:02:05 获取到号码【1566227】的GSD为【吉林-延边】
2021-07-27 02:02:07 GSD insert 第 1 次 等待 3 秒
2021-07-27 02:02:10 {"status":"ok","gid":408138,"msg":"添加成功！"}
2021-07-27 02:02:10 下次操作: 2021-07-27 02:02:27

2021-07-27 02:02:27 开始第 33 次操作

2021-07-27 02:02:27 开始操作号码 【1566226】
2021-07-27 02:02:30 GSD getOne 第 1 次 等待 3 秒
2021-07-27 02:02:33 查询号码 【1566226】，返回信息 {"status":"bad","msg":""}
2021-07-27 02:02:33 查询号码 【1566226】，GSD为【""】
2021-07-27 02:02:33 bad
2021-07-27 02:02:35 CHB 1566226?1627322553 第 1 次 等待 3 秒
2021-07-27 02:02:38 CHB 1566226?1627322553 第 1 次 获取到号码【1566226】GSD
2021-07-27 02:02:38 获取到号码【1566226】的GSD为【吉林-延边】
2021-07-27 02:02:41 GSD insert 第 1 次 等待 3 秒
2021-07-27 02:02:44 {"status":"ok","gid":408144,"msg":"添加成功！"}
2021-07-27 02:02:44 下次操作: 2021-07-27 02:03:05

2021-07-27 02:03:05 开始第 34 次操作

2021-07-27 02:03:05 开始操作号码 【1566225】
2021-07-27 02:03:08 GSD getOne 第 1 次 等待 3 秒
2021-07-27 02:03:11 查询号码 【1566225】，返回信息 {"status":"bad","msg":""}
2021-07-27 02:03:11 查询号码 【1566225】，GSD为【""】
2021-07-27 02:03:11 bad
2021-07-27 02:03:12 CHB 1566225?1627322591 第 1 次 等待 3 秒
2021-07-27 02:03:15 CHB 1566225?1627322591 第 1 次 获取到号码【1566225】GSD
2021-07-27 02:03:15 获取到号码【1566225】的GSD为【吉林-延边】
2021-07-27 02:03:18 GSD insert 第 1 次 等待 3 秒
2021-07-27 02:03:21 {"status":"ok","gid":408151,"msg":"添加成功！"}
2021-07-27 02:03:21 下次操作: 2021-07-27 02:03:34

2021-07-27 02:03:34 开始第 35 次操作

2021-07-27 02:03:34 开始操作号码 【1566224】
2021-07-27 02:03:37 GSD getOne 第 1 次 等待 3 秒
2021-07-27 02:03:40 查询号码 【1566224】，返回信息 {"status":"bad","msg":""}
2021-07-27 02:03:40 查询号码 【1566224】，GSD为【""】
2021-07-27 02:03:40 bad
2021-07-27 02:03:42 CHB 1566224?1627322620 第 1 次 等待 3 秒
2021-07-27 02:03:45 CHB 1566224?1627322620 第 1 次 获取到号码【1566224】GSD
2021-07-27 02:03:45 获取到号码【1566224】的GSD为【吉林-长春】
2021-07-27 02:03:48 GSD insert 第 1 次 等待 3 秒
2021-07-27 02:03:51 {"status":"ok","gid":408155,"msg":"添加成功！"}
2021-07-27 02:03:51 下次操作: 2021-07-27 02:04:05

2021-07-27 02:04:05 开始第 36 次操作

2021-07-27 02:04:05 开始操作号码 【1566223】
2021-07-27 02:04:07 GSD getOne 第 1 次 等待 3 秒
2021-07-27 02:04:10 查询号码 【1566223】，返回信息 {"status":"bad","msg":""}
2021-07-27 02:04:10 查询号码 【1566223】，GSD为【""】
2021-07-27 02:04:10 bad
2021-07-27 02:04:12 CHB 1566223?1627322650 第 1 次 等待 3 秒
2021-07-27 02:04:15 CHB 1566223?1627322650 第 1 次 获取到号码【1566223】GSD
2021-07-27 02:04:15 获取到号码【1566223】的GSD为【吉林-长春】
2021-07-27 02:04:18 GSD insert 第 1 次 等待 3 秒
2021-07-27 02:04:21 {"status":"ok","gid":408161,"msg":"添加成功！"}
2021-07-27 02:04:21 下次操作: 2021-07-27 02:04:40

2021-07-27 02:04:40 开始第 37 次操作

2021-07-27 02:04:40 开始操作号码 【1566222】
2021-07-27 02:04:43 GSD getOne 第 1 次 等待 3 秒
2021-07-27 02:04:46 查询号码 【1566222】，返回信息 {"status":"bad","msg":""}
2021-07-27 02:04:46 查询号码 【1566222】，GSD为【""】
2021-07-27 02:04:46 bad
2021-07-27 02:04:48 CHB 1566222?1627322686 第 1 次 等待 3 秒
2021-07-27 02:04:51 CHB 1566222?1627322686 第 1 次 获取到号码【1566222】GSD
2021-07-27 02:04:51 获取到号码【1566222】的GSD为【吉林-长春】
2021-07-27 02:04:54 GSD insert 第 1 次 等待 3 秒
2021-07-27 02:04:57 {"status":"ok","gid":408165,"msg":"添加成功！"}
2021-07-27 02:04:57 下次操作: 2021-07-27 02:05:18

2021-07-27 02:05:18 开始第 38 次操作

2021-07-27 02:05:18 开始操作号码 【1566221】
2021-07-27 02:05:21 GSD getOne 第 1 次 等待 3 秒
2021-07-27 02:05:24 查询号码 【1566221】，返回信息 {"status":"bad","msg":""}
2021-07-27 02:05:24 查询号码 【1566221】，GSD为【""】
2021-07-27 02:05:24 bad
2021-07-27 02:05:26 CHB 1566221?1627322724 第 1 次 等待 3 秒
2021-07-27 02:05:29 CHB 1566221?1627322724 第 1 次 获取到号码【1566221】GSD
2021-07-27 02:05:29 获取到号码【1566221】的GSD为【吉林-长春】
2021-07-27 02:05:32 GSD insert 第 1 次 等待 3 秒
2021-07-27 02:05:35 {"status":"ok","gid":408171,"msg":"添加成功！"}
2021-07-27 02:05:35 下次操作: 2021-07-27 02:05:47

2021-07-27 02:05:47 开始第 39 次操作

2021-07-27 02:05:47 开始操作号码 【1566220】
2021-07-27 02:05:50 GSD getOne 第 1 次 等待 3 秒
2021-07-27 02:05:53 查询号码 【1566220】，返回信息 {"status":"bad","msg":""}
2021-07-27 02:05:53 查询号码 【1566220】，GSD为【""】
2021-07-27 02:05:53 bad
2021-07-27 02:05:55 CHB 1566220?1627322753 第 1 次 等待 3 秒
2021-07-27 02:05:58 CHB 1566220?1627322753 第 1 次 获取到号码【1566220】GSD
2021-07-27 02:05:58 获取到号码【1566220】的GSD为【吉林-长春】
2021-07-27 02:06:01 GSD insert 第 1 次 等待 3 秒
2021-07-27 02:06:04 {"status":"ok","gid":408174,"msg":"添加成功！"}
2021-07-27 02:06:04 下次操作: 2021-07-27 02:06:23

2021-07-27 02:06:23 开始第 40 次操作

2021-07-27 02:06:23 开始操作号码 【1566219】
2021-07-27 02:06:26 GSD getOne 第 1 次 等待 3 秒
2021-07-27 02:06:29 查询号码 【1566219】，返回信息 {"status":"bad","msg":""}
2021-07-27 02:06:29 查询号码 【1566219】，GSD为【""】
2021-07-27 02:06:29 bad
2021-07-27 02:06:30 CHB 1566219?1627322789 第 1 次 等待 3 秒
2021-07-27 02:06:33 CHB 1566219?1627322789 第 1 次 获取到号码【1566219】GSD
2021-07-27 02:06:33 获取到号码【1566219】的GSD为【吉林-延边】
2021-07-27 02:06:36 GSD insert 第 1 次 等待 3 秒
2021-07-27 02:06:39 {"status":"ok","gid":408180,"msg":"添加成功！"}

