2024-02-23 00:09:18 开始第 5309 次操作

2024-02-23 00:09:18 开始操作号码 【1765209】
2024-02-23 00:09:23 GSD getOne 第 1 次 等待 3 秒
2024-02-23 00:09:26 查询号码 【1765209】，返回信息 {"status":"ok","msg":"江苏-南通","gid":"192175","time_insert":"2021-07-04 18:46"}
2024-02-23 00:09:27 查询号码 【1765209】，GSD为【"江苏-南通"】

2024-02-23 00:09:28 开始第 5310 次操作

2024-02-23 00:09:28 开始操作号码 【1765210】
2024-02-23 00:09:32 GSD getOne 第 1 次 等待 3 秒
2024-02-23 00:09:35 查询号码 【1765210】，返回信息 {"status":"ok","msg":"江苏-南通","gid":"192163","time_insert":"2021-07-04 18:45"}
2024-02-23 00:09:35 查询号码 【1765210】，GSD为【"江苏-南通"】

2024-02-23 00:09:36 开始第 5311 次操作

2024-02-23 00:09:36 开始操作号码 【1765211】
2024-02-23 00:09:41 GSD getOne 第 1 次 等待 3 秒
2024-02-23 00:09:44 查询号码 【1765211】，返回信息 {"status":"ok","msg":"江苏-南通","gid":"192151","time_insert":"2021-07-04 18:45"}
2024-02-23 00:09:44 查询号码 【1765211】，GSD为【"江苏-南通"】

2024-02-23 00:09:45 开始第 5312 次操作

2024-02-23 00:09:45 开始操作号码 【1765212】
2024-02-23 00:09:49 GSD getOne 第 1 次 等待 3 秒
2024-02-23 00:09:52 查询号码 【1765212】，返回信息 {"status":"ok","msg":"江苏-盐城","gid":"192141","time_insert":"2021-07-04 18:44"}
2024-02-23 00:09:53 查询号码 【1765212】，GSD为【"江苏-盐城"】

