2024-04-29 00:08:37 开始第 6281 次操作

2024-04-29 00:08:37 开始操作号码 【1656182】
2024-04-29 00:08:44 GSD getOne 第 1 次 等待 3 秒
2024-04-29 00:08:47 查询号码 【1656182】，返回信息 {"status":"ok","msg":"北京-北京","gid":"290329","time_insert":"2021-07-16 04:57"}
2024-04-29 00:08:47 查询号码 【1656182】，GSD为【"北京-北京"】

2024-04-29 00:08:48 开始第 6282 次操作

2024-04-29 00:08:48 开始操作号码 【1656183】
2024-04-29 00:08:55 GSD getOne 第 1 次 等待 3 秒
2024-04-29 00:08:58 查询号码 【1656183】，返回信息 {"status":"ok","msg":"北京-北京","gid":"290340","time_insert":"2021-07-16 04:58"}
2024-04-29 00:08:58 查询号码 【1656183】，GSD为【"北京-北京"】

2024-04-29 00:08:59 开始第 6283 次操作

2024-04-29 00:08:59 开始操作号码 【1656184】
2024-04-29 00:09:07 GSD getOne 第 1 次 等待 3 秒
2024-04-29 00:09:10 查询号码 【1656184】，返回信息 {"status":"ok","msg":"北京-北京","gid":"290348","time_insert":"2021-07-16 04:59"}
2024-04-29 00:09:10 查询号码 【1656184】，GSD为【"北京-北京"】

2024-04-29 00:09:11 开始第 6284 次操作

2024-04-29 00:09:11 开始操作号码 【1656185】
2024-04-29 00:09:21 GSD getOne 第 1 次 等待 3 秒
2024-04-29 00:09:24 查询号码 【1656185】，返回信息 {"status":"ok","msg":"福建-泉州","gid":"290355","time_insert":"2021-07-16 04:59"}
2024-04-29 00:09:24 查询号码 【1656185】，GSD为【"福建-泉州"】

