2024-05-17 00:09:39 开始第 9597 次操作

2024-05-17 00:09:39 开始操作号码 【1659491】
2024-05-17 00:09:46 GSD getOne 第 1 次 等待 3 秒
2024-05-17 00:09:49 查询号码 【1659491】，返回信息 {"status":"ok","msg":"-","gid":"330545","time_insert":"2021-07-19 22:50"}
2024-05-17 00:09:49 查询号码 【1659491】，GSD为【"-"】
2024-05-17 00:09:49 ok && -
2024-05-17 00:09:51 CHB 1659491?1715875789 第 1 次 等待 3 秒
2024-05-17 00:09:54 CHB 1659491?1715875789 第 1 次 获取到号码【1659491】GSD
2024-05-17 00:09:54 0: 福建-莆田
2024-05-17 00:09:54 获取到号码【1659491】的GSD为【福建-莆田】
2024-05-17 00:10:01 GSD insert 第 1 次 等待 3 秒
2024-05-17 00:10:04 {"status":"ok","gid":"330545","msg":"添加号码已存在，但为‘-’，修改为【福建-莆田】成功！"}
2024-05-17 00:10:04 随机等待 205 秒，约 3 分钟
2024-05-17 00:10:04 下次操作: 2024-05-17 00:13:29

2024-05-17 00:13:29 开始第 9598 次操作

2024-05-17 00:13:29 开始操作号码 【1659492】
2024-05-17 00:13:36 GSD getOne 第 1 次 等待 3 秒
2024-05-17 00:13:39 查询号码 【1659492】，返回信息 {"status":"ok","msg":"-","gid":"330557","time_insert":"2021-07-19 22:50"}
2024-05-17 00:13:39 查询号码 【1659492】，GSD为【"-"】
2024-05-17 00:13:39 ok && -
2024-05-17 00:13:42 CHB 1659492?1715876019 第 1 次 等待 3 秒
2024-05-17 00:13:45 CHB 1659492?1715876019 第 1 次 获取到号码【1659492】GSD
2024-05-17 00:13:45 未获取到号码【1659492】GSD，可能号码格式错误
2024-05-17 00:13:45 获取到号码【1659492】的GSD为【-】
2024-05-17 00:13:51 GSD insert 第 1 次 等待 3 秒
2024-05-17 00:13:54 {"status":"bad","gid":"330557","msg":"添加失败！号码【1659492(-|-)】已存在！"}
2024-05-17 00:13:54 随机等待 147 秒，约 2 分钟
2024-05-17 00:13:54 下次操作: 2024-05-17 00:16:21

2024-05-17 00:16:21 开始第 9599 次操作

2024-05-17 00:16:21 开始操作号码 【1659493】
2024-05-17 00:16:27 GSD getOne 第 1 次 等待 3 秒
2024-05-17 00:16:30 查询号码 【1659493】，返回信息 {"status":"ok","msg":"-","gid":"330570","time_insert":"2021-07-19 22:51"}
2024-05-17 00:16:30 查询号码 【1659493】，GSD为【"-"】
2024-05-17 00:16:30 ok && -
2024-05-17 00:16:32 CHB 1659493?1715876190 第 1 次 等待 3 秒
2024-05-17 00:16:35 CHB 1659493?1715876190 第 1 次 获取到号码【1659493】GSD
2024-05-17 00:16:35 未获取到号码【1659493】GSD，可能号码格式错误
2024-05-17 00:16:35 获取到号码【1659493】的GSD为【-】
2024-05-17 00:16:40 GSD insert 第 1 次 等待 3 秒
2024-05-17 00:16:43 {"status":"bad","gid":"330570","msg":"添加失败！号码【1659493(-|-)】已存在！"}
2024-05-17 00:16:43 随机等待 105 秒，约 1 分钟
2024-05-17 00:16:43 下次操作: 2024-05-17 00:18:28

2024-05-17 00:18:28 开始第 9600 次操作

2024-05-17 00:18:28 开始操作号码 【1659494】
2024-05-17 00:18:36 GSD getOne 第 1 次 等待 3 秒
2024-05-17 00:18:39 查询号码 【1659494】，返回信息 {"status":"ok","msg":"上海-上海","gid":"330578","time_insert":"2021-07-19 22:52","time_update":"2023-05-26 10:22"}
2024-05-17 00:18:39 查询号码 【1659494】，GSD为【"上海-上海"】

2024-05-17 00:35:53 开始第 9601 次操作

2024-05-17 00:35:53 开始操作号码 【1659495】
2024-05-17 00:35:59 GSD getOne 第 1 次 等待 3 秒
2024-05-17 00:36:02 查询号码 【1659495】，返回信息 {"status":"ok","msg":"-","gid":"330590","time_insert":"2021-07-19 22:53"}
2024-05-17 00:36:02 查询号码 【1659495】，GSD为【"-"】
2024-05-17 00:36:02 ok && -
2024-05-17 00:36:05 CHB 1659495?1715877362 第 1 次 等待 3 秒
2024-05-17 00:36:08 CHB 1659495?1715877362 第 1 次 获取到号码【1659495】GSD
2024-05-17 00:36:08 未获取到号码【1659495】GSD，可能号码格式错误
2024-05-17 00:36:08 获取到号码【1659495】的GSD为【-】
2024-05-17 00:36:20 GSD insert 第 1 次 等待 3 秒
2024-05-17 00:36:23 {"status":"bad","gid":"330590","msg":"添加失败！号码【1659495(-|-)】已存在！"}
2024-05-17 00:36:23 随机等待 218 秒，约 3 分钟
2024-05-17 00:36:23 下次操作: 2024-05-17 00:40:01

2024-05-17 00:40:01 开始第 9602 次操作

2024-05-17 00:40:01 开始操作号码 【1659496】
2024-05-17 00:40:07 GSD getOne 第 1 次 等待 3 秒
2024-05-17 00:40:10 查询号码 【1659496】，返回信息 {"status":"ok","msg":"-","gid":"330606","time_insert":"2021-07-19 22:54"}
2024-05-17 00:40:10 查询号码 【1659496】，GSD为【"-"】
2024-05-17 00:40:10 ok && -
2024-05-17 00:40:13 CHB 1659496?1715877610 第 1 次 等待 3 秒
2024-05-17 00:40:16 CHB 1659496?1715877610 第 1 次 获取到号码【1659496】GSD
2024-05-17 00:40:16 未获取到号码【1659496】GSD，可能号码格式错误
2024-05-17 00:40:16 获取到号码【1659496】的GSD为【-】
2024-05-17 00:40:32 GSD insert 第 1 次 等待 3 秒
2024-05-17 00:40:35 {"status":"bad","gid":"330606","msg":"添加失败！号码【1659496(-|-)】已存在！"}
2024-05-17 00:40:35 随机等待 84 秒，约 1 分钟
2024-05-17 00:40:35 下次操作: 2024-05-17 00:41:59

2024-05-17 00:41:59 开始第 9603 次操作

2024-05-17 00:41:59 开始操作号码 【1659497】
2024-05-17 00:42:04 GSD getOne 第 1 次 等待 3 秒
2024-05-17 00:42:07 查询号码 【1659497】，返回信息 {"status":"ok","msg":"-","gid":"330616","time_insert":"2021-07-19 22:55"}
2024-05-17 00:42:07 查询号码 【1659497】，GSD为【"-"】
2024-05-17 00:42:07 ok && -
2024-05-17 00:42:09 CHB 1659497?1715877727 第 1 次 等待 3 秒
2024-05-17 00:42:12 CHB 1659497?1715877727 第 1 次 获取到号码【1659497】GSD
2024-05-17 00:42:12 未获取到号码【1659497】GSD，可能号码格式错误
2024-05-17 00:42:12 获取到号码【1659497】的GSD为【-】
2024-05-17 00:42:19 GSD insert 第 1 次 等待 3 秒
2024-05-17 00:42:22 {"status":"bad","gid":"330616","msg":"添加失败！号码【1659497(-|-)】已存在！"}
2024-05-17 00:42:22 随机等待 214 秒，约 3 分钟
2024-05-17 00:42:22 下次操作: 2024-05-17 00:45:56

2024-05-17 00:45:56 开始第 9604 次操作

2024-05-17 00:45:56 开始操作号码 【1659498】
2024-05-17 00:46:05 GSD getOne 第 1 次 等待 3 秒
2024-05-17 00:46:08 查询号码 【1659498】，返回信息 {"status":"ok","msg":"-","gid":"330626","time_insert":"2021-07-19 22:56"}
2024-05-17 00:46:08 查询号码 【1659498】，GSD为【"-"】
2024-05-17 00:46:08 ok && -
2024-05-17 00:46:11 CHB 1659498?1715877968 第 1 次 等待 3 秒
2024-05-17 00:46:14 CHB 1659498?1715877968 第 1 次 获取到号码【1659498】GSD
2024-05-17 00:46:14 未获取到号码【1659498】GSD，可能号码格式错误
2024-05-17 00:46:14 获取到号码【1659498】的GSD为【-】
2024-05-17 00:46:20 GSD insert 第 1 次 等待 3 秒
2024-05-17 00:46:23 {"status":"bad","gid":"330626","msg":"添加失败！号码【1659498(-|-)】已存在！"}

