2024-04-24 00:09:45 开始第 5361 次操作

2024-04-24 00:09:45 开始操作号码 【1655262】
2024-04-24 00:09:50 GSD getOne 第 1 次 等待 3 秒
2024-04-24 00:09:53 查询号码 【1655262】，返回信息 {"status":"ok","msg":"湖北-十堰","gid":"280911","time_insert":"2021-07-15 06:45"}
2024-04-24 00:09:53 查询号码 【1655262】，GSD为【"湖北-十堰"】

2024-04-24 00:09:54 开始第 5362 次操作

2024-04-24 00:09:54 开始操作号码 【1655263】
2024-04-24 00:09:59 GSD getOne 第 1 次 等待 3 秒
2024-04-24 00:10:02 查询号码 【1655263】，返回信息 {"status":"ok","msg":"湖北-荆门","gid":"280917","time_insert":"2021-07-15 06:46"}
2024-04-24 00:10:02 查询号码 【1655263】，GSD为【"湖北-荆门"】

2024-04-24 00:10:03 开始第 5363 次操作

2024-04-24 00:10:03 开始操作号码 【1655264】
2024-04-24 00:10:10 GSD getOne 第 1 次 等待 3 秒
2024-04-24 00:10:13 查询号码 【1655264】，返回信息 {"status":"ok","msg":"湖北-襄阳","gid":"280926","time_insert":"2021-07-15 06:46"}
2024-04-24 00:10:13 查询号码 【1655264】，GSD为【"湖北-襄阳"】

2024-04-24 00:10:14 开始第 5364 次操作

2024-04-24 00:10:14 开始操作号码 【1655265】
2024-04-24 00:10:20 GSD getOne 第 1 次 等待 3 秒
2024-04-24 00:10:23 查询号码 【1655265】，返回信息 {"status":"ok","msg":"湖北-武汉","gid":"280933","time_insert":"2021-07-15 06:46"}
2024-04-24 00:10:23 查询号码 【1655265】，GSD为【"湖北-武汉"】

2024-04-24 00:35:38 开始第 5365 次操作

2024-04-24 00:35:38 开始操作号码 【1655266】
2024-04-24 00:35:44 GSD getOne 第 1 次 等待 3 秒
2024-04-24 00:35:48 查询号码 【1655266】，返回信息 {"status":"ok","msg":"湖北-襄阳","gid":"280941","time_insert":"2021-07-15 06:47"}
2024-04-24 00:35:48 查询号码 【1655266】，GSD为【"湖北-襄阳"】

2024-04-24 00:35:49 开始第 5366 次操作

2024-04-24 00:35:49 开始操作号码 【1655267】
2024-04-24 00:35:57 GSD getOne 第 1 次 等待 3 秒
2024-04-24 00:36:00 查询号码 【1655267】，返回信息 {"status":"ok","msg":"湖北-武汉","gid":"280946","time_insert":"2021-07-15 06:47"}
2024-04-24 00:36:00 查询号码 【1655267】，GSD为【"湖北-武汉"】

2024-04-24 00:36:01 开始第 5367 次操作

2024-04-24 00:36:01 开始操作号码 【1655268】
2024-04-24 00:36:12 GSD getOne 第 1 次 等待 3 秒
2024-04-24 00:36:15 查询号码 【1655268】，返回信息 {"status":"ok","msg":"湖北-武汉","gid":"280953","time_insert":"2021-07-15 06:48"}
2024-04-24 00:36:15 查询号码 【1655268】，GSD为【"湖北-武汉"】

2024-04-24 00:36:16 开始第 5368 次操作

2024-04-24 00:36:16 开始操作号码 【1655269】
2024-04-24 00:36:30 GSD getOne 第 1 次 等待 3 秒
2024-04-24 00:36:33 查询号码 【1655269】，返回信息 {"status":"ok","msg":"湖北-武汉","gid":"280960","time_insert":"2021-07-15 06:48"}
2024-04-24 00:36:33 查询号码 【1655269】，GSD为【"湖北-武汉"】

2024-04-24 01:06:49 开始第 5369 次操作

2024-04-24 01:06:49 开始操作号码 【1655270】
2024-04-24 01:06:56 GSD getOne 第 1 次 等待 3 秒
2024-04-24 01:06:59 查询号码 【1655270】，返回信息 {"status":"ok","msg":"河南-商丘","gid":"280971","time_insert":"2021-07-15 06:48"}
2024-04-24 01:06:59 查询号码 【1655270】，GSD为【"河南-商丘"】

2024-04-24 01:07:00 开始第 5370 次操作

2024-04-24 01:07:00 开始操作号码 【1655271】
2024-04-24 01:07:06 GSD getOne 第 1 次 等待 3 秒
2024-04-24 01:07:09 查询号码 【1655271】，返回信息 {"status":"ok","msg":"河南-郑州","gid":"280977","time_insert":"2021-07-15 06:49"}
2024-04-24 01:07:09 查询号码 【1655271】，GSD为【"河南-郑州"】

2024-04-24 01:07:10 开始第 5371 次操作

2024-04-24 01:07:10 开始操作号码 【1655272】
2024-04-24 01:07:17 GSD getOne 第 1 次 等待 3 秒
2024-04-24 01:07:20 查询号码 【1655272】，返回信息 {"status":"ok","msg":"河南-安阳","gid":"280983","time_insert":"2021-07-15 06:49"}
2024-04-24 01:07:20 查询号码 【1655272】，GSD为【"河南-安阳"】

2024-04-24 01:07:21 开始第 5372 次操作

2024-04-24 01:07:21 开始操作号码 【1655273】
2024-04-24 01:07:28 GSD getOne 第 1 次 等待 3 秒
2024-04-24 01:07:31 查询号码 【1655273】，返回信息 {"status":"ok","msg":"河南-新乡","gid":"280991","time_insert":"2021-07-15 06:49"}
2024-04-24 01:07:31 查询号码 【1655273】，GSD为【"河南-新乡"】

