2024-09-12 00:27:08 开始第 3877 次操作

2024-09-12 00:27:08 开始操作号码 【1433876】
2024-09-12 00:27:18 GSD getOne 第 1 次 等待 3 秒
2024-09-12 00:27:21 查询号码 【1433876】，返回信息 {"status":"ok","msg":"-","gid":"593300","time_insert":"2023-03-16 00:06"}
2024-09-12 00:27:21 查询号码 【1433876】，GSD为【"-"】
2024-09-12 00:27:21 ok && -
2024-09-12 00:29:23 CHB 1433876?1726072041 第 1 次 等待 3 秒
2024-09-12 00:29:26 CHB 1433876?1726072041 第 1 次 获取到号码【1433876】GSD
2024-09-12 00:29:26 未获取到号码【1433876】GSD，可能号码格式错误
2024-09-12 00:29:26 获取到号码【1433876】的GSD为【-】
2024-09-12 00:29:34 GSD insert 第 1 次 等待 3 秒
2024-09-12 00:29:37 {"status":"bad","gid":"593300","msg":"添加失败！号码【1433876(-|-)】已存在！"}
2024-09-12 00:29:37 随机等待 141 秒，约 2 分钟
2024-09-12 00:29:37 下次操作: 2024-09-12 00:31:58

2024-09-12 00:31:58 开始第 3878 次操作

2024-09-12 00:31:58 开始操作号码 【1433877】
2024-09-12 00:32:06 GSD getOne 第 1 次 等待 3 秒
2024-09-12 00:32:09 查询号码 【1433877】，返回信息 {"status":"ok","msg":"-","gid":"593326","time_insert":"2023-03-16 00:25"}
2024-09-12 00:32:09 查询号码 【1433877】，GSD为【"-"】
2024-09-12 00:32:09 ok && -
2024-09-12 00:32:36 CHB 1433877?1726072329 第 1 次 等待 3 秒
2024-09-12 00:32:39 CHB 1433877?1726072329 第 1 次 获取到号码【1433877】GSD
2024-09-12 00:32:39 未获取到号码【1433877】GSD，可能号码格式错误
2024-09-12 00:32:39 获取到号码【1433877】的GSD为【-】
2024-09-12 00:32:51 GSD insert 第 1 次 等待 3 秒
2024-09-12 00:32:54 {"status":"bad","gid":"593326","msg":"添加失败！号码【1433877(-|-)】已存在！"}
2024-09-12 00:32:54 随机等待 66 秒，约 1 分钟
2024-09-12 00:32:54 下次操作: 2024-09-12 00:34:00

2024-09-12 00:34:00 开始第 3879 次操作

2024-09-12 00:34:00 开始操作号码 【1433878】
2024-09-12 00:34:09 GSD getOne 第 1 次 等待 3 秒
2024-09-12 00:34:12 查询号码 【1433878】，返回信息 {"status":"ok","msg":"-","gid":"593350","time_insert":"2023-03-16 00:45"}
2024-09-12 00:34:12 查询号码 【1433878】，GSD为【"-"】
2024-09-12 00:34:12 ok && -
2024-09-12 00:34:14 CHB 1433878?1726072452 第 1 次 等待 3 秒
2024-09-12 00:34:17 CHB 1433878?1726072452 第 1 次 获取到号码【1433878】GSD
2024-09-12 00:34:17 未获取到号码【1433878】GSD，可能号码格式错误
2024-09-12 00:34:17 获取到号码【1433878】的GSD为【-】
2024-09-12 00:34:26 GSD insert 第 1 次 等待 3 秒
2024-09-12 00:34:29 {"status":"bad","gid":"593350","msg":"添加失败！号码【1433878(-|-)】已存在！"}
2024-09-12 00:34:29 随机等待 179 秒，约 2 分钟
2024-09-12 00:34:29 下次操作: 2024-09-12 00:37:28

2024-09-12 00:37:28 开始第 3880 次操作

2024-09-12 00:37:28 开始操作号码 【1433879】
2024-09-12 00:37:37 GSD getOne 第 1 次 等待 3 秒
2024-09-12 00:37:40 查询号码 【1433879】，返回信息 {"status":"ok","msg":"-","gid":"593364","time_insert":"2023-03-16 00:54"}
2024-09-12 00:37:40 查询号码 【1433879】，GSD为【"-"】
2024-09-12 00:37:40 ok && -
2024-09-12 00:37:42 CHB 1433879?1726072660 第 1 次 等待 3 秒
2024-09-12 00:37:45 CHB 1433879?1726072660 第 1 次 获取到号码【1433879】GSD
2024-09-12 00:37:45 未获取到号码【1433879】GSD，可能号码格式错误
2024-09-12 00:37:45 获取到号码【1433879】的GSD为【-】
2024-09-12 00:37:53 GSD insert 第 1 次 等待 3 秒
2024-09-12 00:37:56 {"status":"bad","gid":"593364","msg":"添加失败！号码【1433879(-|-)】已存在！"}

