2023-12-23 00:09:00 开始第 4809 次操作

2023-12-23 00:09:00 开始操作号码 【1874709】
2023-12-23 00:09:05 GSD getOne 第 1 次 等待 3 秒
2023-12-23 00:09:08 查询号码 【1874709】，返回信息 {"status":"ok","msg":"内蒙古-海拉尔","gid":"42391","time_insert":"2017-08-14 20:32","time_update":"2020-12-16 16:02"}
2023-12-23 00:09:08 查询号码 【1874709】，GSD为【"内蒙古-海拉尔"】

2023-12-23 00:09:09 开始第 4810 次操作

2023-12-23 00:09:09 开始操作号码 【1874710】
2023-12-23 00:09:12 GSD getOne 第 1 次 等待 3 秒
2023-12-23 00:09:15 查询号码 【1874710】，返回信息 {"status":"ok","msg":"内蒙古-包头","gid":"455876","time_insert":"2021-07-31 12:45"}
2023-12-23 00:09:15 查询号码 【1874710】，GSD为【"内蒙古-包头"】

2023-12-23 00:09:16 开始第 4811 次操作

2023-12-23 00:09:16 开始操作号码 【1874711】
2023-12-23 00:09:21 GSD getOne 第 1 次 等待 3 秒
2023-12-23 00:09:24 查询号码 【1874711】，返回信息 {"status":"ok","msg":"内蒙古-呼和浩特","gid":"455672","time_insert":"2021-07-31 12:01"}
2023-12-23 00:09:24 查询号码 【1874711】，GSD为【"内蒙古-呼和浩特"】

2023-12-23 00:09:25 开始第 4812 次操作

2023-12-23 00:09:25 开始操作号码 【1874712】
2023-12-23 00:09:28 GSD getOne 第 1 次 等待 3 秒
2023-12-23 00:09:31 查询号码 【1874712】，返回信息 {"status":"ok","msg":"内蒙古-包头","gid":"455663","time_insert":"2021-07-31 12:01"}
2023-12-23 00:09:31 查询号码 【1874712】，GSD为【"内蒙古-包头"】

2023-12-23 00:36:19 开始第 4813 次操作

2023-12-23 00:36:19 开始操作号码 【1874713】
2023-12-23 00:36:24 GSD getOne 第 1 次 等待 3 秒
2023-12-23 00:36:27 查询号码 【1874713】，返回信息 {"status":"ok","msg":"内蒙古-赤峰","gid":"455656","time_insert":"2021-07-31 12:00"}
2023-12-23 00:36:27 查询号码 【1874713】，GSD为【"内蒙古-赤峰"】

2023-12-23 00:36:28 开始第 4814 次操作

2023-12-23 00:36:28 开始操作号码 【1874714】
2023-12-23 00:36:31 GSD getOne 第 1 次 等待 3 秒
2023-12-23 00:36:34 查询号码 【1874714】，返回信息 {"status":"ok","msg":"内蒙古-赤峰","gid":"455648","time_insert":"2021-07-31 12:00"}
2023-12-23 00:36:34 查询号码 【1874714】，GSD为【"内蒙古-赤峰"】

2023-12-23 00:36:35 开始第 4815 次操作

2023-12-23 00:36:35 开始操作号码 【1874715】
2023-12-23 00:36:40 GSD getOne 第 1 次 等待 3 秒
2023-12-23 00:36:43 查询号码 【1874715】，返回信息 {"status":"ok","msg":"内蒙古-赤峰","gid":"455641","time_insert":"2021-07-31 11:59"}
2023-12-23 00:36:43 查询号码 【1874715】，GSD为【"内蒙古-赤峰"】

2023-12-23 00:36:44 开始第 4816 次操作

2023-12-23 00:36:44 开始操作号码 【1874716】
2023-12-23 00:36:50 GSD getOne 第 1 次 等待 3 秒
2023-12-23 00:36:53 查询号码 【1874716】，返回信息 {"status":"ok","msg":"内蒙古-赤峰","gid":"455634","time_insert":"2021-07-31 11:59"}
2023-12-23 00:36:53 查询号码 【1874716】，GSD为【"内蒙古-赤峰"】

2023-12-23 01:06:48 开始第 4817 次操作

2023-12-23 01:06:48 开始操作号码 【1874717】
2023-12-23 01:06:52 GSD getOne 第 1 次 等待 3 秒
2023-12-23 01:06:55 查询号码 【1874717】，返回信息 {"status":"ok","msg":"内蒙古-赤峰","gid":"455622","time_insert":"2021-07-31 11:58"}
2023-12-23 01:06:55 查询号码 【1874717】，GSD为【"内蒙古-赤峰"】

2023-12-23 01:06:56 开始第 4818 次操作

2023-12-23 01:06:56 开始操作号码 【1874718】
2023-12-23 01:07:00 GSD getOne 第 1 次 等待 3 秒
2023-12-23 01:07:03 查询号码 【1874718】，返回信息 {"status":"ok","msg":"内蒙古-赤峰","gid":"455613","time_insert":"2021-07-31 11:57"}
2023-12-23 01:07:03 查询号码 【1874718】，GSD为【"内蒙古-赤峰"】

2023-12-23 01:07:04 开始第 4819 次操作

2023-12-23 01:07:04 开始操作号码 【1874719】
2023-12-23 01:07:10 GSD getOne 第 1 次 等待 3 秒
2023-12-23 01:07:13 查询号码 【1874719】，返回信息 {"status":"ok","msg":"内蒙古-赤峰","gid":"455602","time_insert":"2021-07-31 11:57"}
2023-12-23 01:07:14 查询号码 【1874719】，GSD为【"内蒙古-赤峰"】

2023-12-23 01:07:15 开始第 4820 次操作

2023-12-23 01:07:15 开始操作号码 【1874720】
2023-12-23 01:07:20 GSD getOne 第 1 次 等待 3 秒
2023-12-23 01:07:23 查询号码 【1874720】，返回信息 {"status":"ok","msg":"内蒙古-包头","gid":"455592","time_insert":"2021-07-31 11:56"}
2023-12-23 01:07:23 查询号码 【1874720】，GSD为【"内蒙古-包头"】

