2024-07-07 00:09:11 开始第 4785 次操作

2024-07-07 00:09:11 开始操作号码 【1544668】
2024-07-07 00:09:20 GSD getOne 第 1 次 等待 3 秒
2024-07-07 00:09:23 查询号码 【1544668】，返回信息 {"status":"ok","msg":"-","gid":"614841","time_insert":"2023-03-26 01:38"}
2024-07-07 00:09:23 查询号码 【1544668】，GSD为【"-"】
2024-07-07 00:09:23 ok && -
2024-07-07 00:09:25 CHB 1544668?1720282163 第 1 次 等待 3 秒
2024-07-07 00:09:28 CHB 1544668?1720282163 第 1 次 获取到号码【1544668】GSD
2024-07-07 00:09:28 未获取到号码【1544668】GSD，可能号码格式错误
2024-07-07 00:09:28 获取到号码【1544668】的GSD为【-】
2024-07-07 00:09:36 GSD insert 第 1 次 等待 3 秒
2024-07-07 00:09:39 {"status":"bad","gid":"614841","msg":"添加失败！号码【1544668(-|-)】已存在！"}
2024-07-07 00:09:39 随机等待 201 秒，约 3 分钟
2024-07-07 00:09:39 下次操作: 2024-07-07 00:13:00

2024-07-07 00:13:00 开始第 4786 次操作

2024-07-07 00:13:00 开始操作号码 【1544669】
2024-07-07 00:13:10 GSD getOne 第 1 次 等待 3 秒
2024-07-07 00:13:13 查询号码 【1544669】，返回信息 {"status":"ok","msg":"-","gid":"614859","time_insert":"2023-03-26 01:48"}
2024-07-07 00:13:13 查询号码 【1544669】，GSD为【"-"】
2024-07-07 00:13:13 ok && -
2024-07-07 00:13:15 CHB 1544669?1720282393 第 1 次 等待 3 秒
2024-07-07 00:13:18 CHB 1544669?1720282393 第 1 次 获取到号码【1544669】GSD
2024-07-07 00:13:18 未获取到号码【1544669】GSD，可能号码格式错误
2024-07-07 00:13:18 获取到号码【1544669】的GSD为【-】
2024-07-07 00:13:26 GSD insert 第 1 次 等待 3 秒
2024-07-07 00:13:29 {"status":"bad","gid":"614859","msg":"添加失败！号码【1544669(-|-)】已存在！"}
2024-07-07 00:13:29 随机等待 139 秒，约 2 分钟
2024-07-07 00:13:29 下次操作: 2024-07-07 00:15:48

2024-07-07 00:15:48 开始第 4787 次操作

2024-07-07 00:15:48 开始操作号码 【1544670】
2024-07-07 00:15:56 GSD getOne 第 1 次 等待 3 秒
2024-07-07 00:15:59 查询号码 【1544670】，返回信息 {"status":"ok","msg":"-","gid":"614884","time_insert":"2023-03-26 02:02"}
2024-07-07 00:15:59 查询号码 【1544670】，GSD为【"-"】
2024-07-07 00:15:59 ok && -
2024-07-07 00:16:01 CHB 1544670?1720282559 第 1 次 等待 3 秒
2024-07-07 00:16:04 CHB 1544670?1720282559 第 1 次 获取到号码【1544670】GSD
2024-07-07 00:16:04 未获取到号码【1544670】GSD，可能号码格式错误
2024-07-07 00:16:04 获取到号码【1544670】的GSD为【-】
2024-07-07 00:16:13 GSD insert 第 1 次 等待 3 秒
2024-07-07 00:16:16 {"status":"bad","gid":"614884","msg":"添加失败！号码【1544670(-|-)】已存在！"}
2024-07-07 00:16:16 随机等待 215 秒，约 3 分钟
2024-07-07 00:16:16 下次操作: 2024-07-07 00:19:51

2024-07-07 00:19:51 开始第 4788 次操作

2024-07-07 00:19:51 开始操作号码 【1544671】
2024-07-07 00:19:59 GSD getOne 第 1 次 等待 3 秒
2024-07-07 00:20:02 查询号码 【1544671】，返回信息 {"status":"ok","msg":"-","gid":"614908","time_insert":"2023-03-26 02:18"}
2024-07-07 00:20:02 查询号码 【1544671】，GSD为【"-"】
2024-07-07 00:20:02 ok && -
2024-07-07 00:20:05 CHB 1544671?1720282802 第 1 次 等待 3 秒
2024-07-07 00:20:08 CHB 1544671?1720282802 第 1 次 获取到号码【1544671】GSD
2024-07-07 00:20:08 未获取到号码【1544671】GSD，可能号码格式错误
2024-07-07 00:20:08 获取到号码【1544671】的GSD为【-】
2024-07-07 00:20:22 GSD insert 第 1 次 等待 3 秒
2024-07-07 00:20:25 {"status":"bad","gid":"614908","msg":"添加失败！号码【1544671(-|-)】已存在！"}

2024-07-07 00:37:12 开始第 4789 次操作

2024-07-07 00:37:12 开始操作号码 【1544672】
2024-07-07 00:37:25 GSD getOne 第 1 次 等待 3 秒
2024-07-07 00:37:28 查询号码 【1544672】，返回信息 {"status":"ok","msg":"-","gid":"614938","time_insert":"2023-03-26 02:37"}
2024-07-07 00:37:28 查询号码 【1544672】，GSD为【"-"】
2024-07-07 00:37:28 ok && -
2024-07-07 00:37:30 CHB 1544672?1720283848 第 1 次 等待 3 秒
2024-07-07 00:37:33 CHB 1544672?1720283848 第 1 次 获取到号码【1544672】GSD
2024-07-07 00:37:33 未获取到号码【1544672】GSD，可能号码格式错误
2024-07-07 00:37:33 获取到号码【1544672】的GSD为【-】
2024-07-07 00:37:43 GSD insert 第 1 次 等待 3 秒
2024-07-07 00:37:46 {"status":"bad","gid":"614938","msg":"添加失败！号码【1544672(-|-)】已存在！"}
2024-07-07 00:37:46 随机等待 183 秒，约 3 分钟
2024-07-07 00:37:46 下次操作: 2024-07-07 00:40:49

2024-07-07 00:40:49 开始第 4790 次操作

2024-07-07 00:40:49 开始操作号码 【1544673】
2024-07-07 00:41:00 GSD getOne 第 1 次 等待 3 秒
2024-07-07 00:41:04 查询号码 【1544673】，返回信息 {"status":"ok","msg":"-","gid":"614971","time_insert":"2023-03-26 02:56"}
2024-07-07 00:41:04 查询号码 【1544673】，GSD为【"-"】
2024-07-07 00:41:04 ok && -
2024-07-07 00:41:06 CHB 1544673?1720284064 第 1 次 等待 3 秒
2024-07-07 00:41:09 CHB 1544673?1720284064 第 1 次 获取到号码【1544673】GSD
2024-07-07 00:41:09 未获取到号码【1544673】GSD，可能号码格式错误
2024-07-07 00:41:09 获取到号码【1544673】的GSD为【-】
2024-07-07 00:41:18 GSD insert 第 1 次 等待 3 秒
2024-07-07 00:41:21 {"status":"bad","gid":"614971","msg":"添加失败！号码【1544673(-|-)】已存在！"}
2024-07-07 00:41:21 随机等待 132 秒，约 2 分钟
2024-07-07 00:41:21 下次操作: 2024-07-07 00:43:33

2024-07-07 00:43:33 开始第 4791 次操作

2024-07-07 00:43:33 开始操作号码 【1544674】
2024-07-07 00:43:43 GSD getOne 第 1 次 等待 3 秒
2024-07-07 00:43:46 查询号码 【1544674】，返回信息 {"status":"ok","msg":"-","gid":"614998","time_insert":"2023-03-26 03:13"}
2024-07-07 00:43:46 查询号码 【1544674】，GSD为【"-"】
2024-07-07 00:43:46 ok && -
2024-07-07 00:43:48 CHB 1544674?1720284226 第 1 次 等待 3 秒
2024-07-07 00:43:51 CHB 1544674?1720284226 第 1 次 获取到号码【1544674】GSD
2024-07-07 00:43:51 未获取到号码【1544674】GSD，可能号码格式错误
2024-07-07 00:43:51 获取到号码【1544674】的GSD为【-】
2024-07-07 00:44:03 GSD insert 第 1 次 等待 3 秒
2024-07-07 00:44:06 {"status":"bad","gid":"614998","msg":"添加失败！号码【1544674(-|-)】已存在！"}
2024-07-07 00:44:06 随机等待 75 秒，约 1 分钟
2024-07-07 00:44:06 下次操作: 2024-07-07 00:45:21

2024-07-07 00:45:21 开始第 4792 次操作

2024-07-07 00:45:21 开始操作号码 【1544675】
2024-07-07 00:45:29 GSD getOne 第 1 次 等待 3 秒
2024-07-07 00:45:32 查询号码 【1544675】，返回信息 {"status":"ok","msg":"-","gid":"615024","time_insert":"2023-03-26 03:30"}
2024-07-07 00:45:32 查询号码 【1544675】，GSD为【"-"】
2024-07-07 00:45:32 ok && -
2024-07-07 00:45:35 CHB 1544675?1720284332 第 1 次 等待 3 秒
2024-07-07 00:45:38 CHB 1544675?1720284332 第 1 次 获取到号码【1544675】GSD
2024-07-07 00:45:38 未获取到号码【1544675】GSD，可能号码格式错误
2024-07-07 00:45:38 获取到号码【1544675】的GSD为【-】
2024-07-07 00:45:46 GSD insert 第 1 次 等待 3 秒
2024-07-07 00:45:49 {"status":"bad","gid":"615024","msg":"添加失败！号码【1544675(-|-)】已存在！"}

2024-07-07 01:06:56 开始第 4793 次操作

2024-07-07 01:06:56 开始操作号码 【1544676】
2024-07-07 01:07:05 GSD getOne 第 1 次 等待 3 秒
2024-07-07 01:07:08 查询号码 【1544676】，返回信息 {"status":"ok","msg":"-","gid":"615040","time_insert":"2023-03-26 03:42"}
2024-07-07 01:07:08 查询号码 【1544676】，GSD为【"-"】
2024-07-07 01:07:08 ok && -
2024-07-07 01:07:10 CHB 1544676?1720285628 第 1 次 等待 3 秒
2024-07-07 01:07:13 CHB 1544676?1720285628 第 1 次 获取到号码【1544676】GSD
2024-07-07 01:07:13 未获取到号码【1544676】GSD，可能号码格式错误
2024-07-07 01:07:13 获取到号码【1544676】的GSD为【-】
2024-07-07 01:07:22 GSD insert 第 1 次 等待 3 秒
2024-07-07 01:07:25 {"status":"bad","gid":"615040","msg":"添加失败！号码【1544676(-|-)】已存在！"}
2024-07-07 01:07:25 随机等待 152 秒，约 2 分钟
2024-07-07 01:07:25 下次操作: 2024-07-07 01:09:57

2024-07-07 01:09:57 开始第 4794 次操作

2024-07-07 01:09:57 开始操作号码 【1544677】
2024-07-07 01:10:05 GSD getOne 第 1 次 等待 3 秒
2024-07-07 01:10:08 查询号码 【1544677】，返回信息 {"status":"ok","msg":"-","gid":"615079","time_insert":"2023-03-26 04:05"}
2024-07-07 01:10:08 查询号码 【1544677】，GSD为【"-"】
2024-07-07 01:10:08 ok && -
2024-07-07 01:10:10 CHB 1544677?1720285808 第 1 次 等待 3 秒
2024-07-07 01:10:13 CHB 1544677?1720285808 第 1 次 获取到号码【1544677】GSD
2024-07-07 01:10:13 未获取到号码【1544677】GSD，可能号码格式错误
2024-07-07 01:10:13 获取到号码【1544677】的GSD为【-】
2024-07-07 01:10:20 GSD insert 第 1 次 等待 3 秒
2024-07-07 01:10:23 {"status":"bad","gid":"615079","msg":"添加失败！号码【1544677(-|-)】已存在！"}
2024-07-07 01:10:23 随机等待 83 秒，约 1 分钟
2024-07-07 01:10:23 下次操作: 2024-07-07 01:11:46

2024-07-07 01:11:46 开始第 4795 次操作

2024-07-07 01:11:46 开始操作号码 【1544678】
2024-07-07 01:11:55 GSD getOne 第 1 次 等待 3 秒
2024-07-07 01:11:58 查询号码 【1544678】，返回信息 {"status":"ok","msg":"-","gid":"615101","time_insert":"2023-03-26 04:20"}
2024-07-07 01:11:58 查询号码 【1544678】，GSD为【"-"】
2024-07-07 01:11:58 ok && -
2024-07-07 01:12:00 CHB 1544678?1720285918 第 1 次 等待 3 秒
2024-07-07 01:12:03 CHB 1544678?1720285918 第 1 次 获取到号码【1544678】GSD
2024-07-07 01:12:03 未获取到号码【1544678】GSD，可能号码格式错误
2024-07-07 01:12:03 获取到号码【1544678】的GSD为【-】
2024-07-07 01:12:15 GSD insert 第 1 次 等待 3 秒
2024-07-07 01:12:18 {"status":"bad","gid":"615101","msg":"添加失败！号码【1544678(-|-)】已存在！"}
2024-07-07 01:12:18 随机等待 66 秒，约 1 分钟
2024-07-07 01:12:18 下次操作: 2024-07-07 01:13:24

2024-07-07 01:13:24 开始第 4796 次操作

2024-07-07 01:13:24 开始操作号码 【1544679】
2024-07-07 01:13:31 GSD getOne 第 1 次 等待 3 秒
2024-07-07 01:13:34 查询号码 【1544679】，返回信息 {"status":"ok","msg":"-","gid":"615134","time_insert":"2023-03-26 04:40"}
2024-07-07 01:13:34 查询号码 【1544679】，GSD为【"-"】
2024-07-07 01:13:34 ok && -
2024-07-07 01:13:36 CHB 1544679?1720286014 第 1 次 等待 3 秒
2024-07-07 01:13:39 CHB 1544679?1720286014 第 1 次 获取到号码【1544679】GSD
2024-07-07 01:13:39 未获取到号码【1544679】GSD，可能号码格式错误
2024-07-07 01:13:39 获取到号码【1544679】的GSD为【-】
2024-07-07 01:13:47 GSD insert 第 1 次 等待 3 秒
2024-07-07 01:13:50 {"status":"bad","gid":"615134","msg":"添加失败！号码【1544679(-|-)】已存在！"}

