2021-07-30 00:00:01 开始第 19 次操作

2021-07-30 00:00:01 开始操作号码 【1919322】
2021-07-30 00:00:11 GSD getOne 第 1 次 等待 3 秒
2021-07-30 00:00:14 查询号码 【1919322】，返回信息 {"status":"bad","msg":""}
2021-07-30 00:00:14 查询号码 【1919322】，GSD为【""】
2021-07-30 00:00:14 bad
2021-07-30 00:00:15 CHB 1919322?1627574414 第 1 次 等待 3 秒
2021-07-30 00:00:18 CHB 1919322?1627574414 第 1 次 获取到号码【1919322】GSD
2021-07-30 00:00:18 获取到号码【1919322】的GSD为【甘肃-定西】
2021-07-30 00:00:22 GSD insert 第 1 次 等待 3 秒
2021-07-30 00:00:25 {"status":"ok","gid":438551,"msg":"添加成功！"}
2021-07-30 00:00:25 下次操作: 2021-07-30 00:00:44

2021-07-30 00:00:44 开始第 20 次操作

2021-07-30 00:00:44 开始操作号码 【1919321】
2021-07-30 00:00:48 GSD getOne 第 1 次 等待 3 秒
2021-07-30 00:00:51 查询号码 【1919321】，返回信息 {"status":"bad","msg":""}
2021-07-30 00:00:51 查询号码 【1919321】，GSD为【""】
2021-07-30 00:00:51 bad
2021-07-30 00:00:52 CHB 1919321?1627574451 第 1 次 等待 3 秒
2021-07-30 00:00:55 CHB 1919321?1627574451 第 1 次 获取到号码【1919321】GSD
2021-07-30 00:00:56 获取到号码【1919321】的GSD为【甘肃-定西】
2021-07-30 00:01:00 GSD insert 第 1 次 等待 3 秒
2021-07-30 00:01:03 {"status":"ok","gid":438557,"msg":"添加成功！"}
2021-07-30 00:01:03 下次操作: 2021-07-30 00:01:23

2021-07-30 00:01:23 开始第 21 次操作

2021-07-30 00:01:23 开始操作号码 【1919320】
2021-07-30 00:01:27 GSD getOne 第 1 次 等待 3 秒
2021-07-30 00:01:30 查询号码 【1919320】，返回信息 {"status":"bad","msg":""}
2021-07-30 00:01:30 查询号码 【1919320】，GSD为【""】
2021-07-30 00:01:30 bad
2021-07-30 00:01:31 CHB 1919320?1627574490 第 1 次 等待 3 秒
2021-07-30 00:01:34 CHB 1919320?1627574490 第 1 次 获取到号码【1919320】GSD
2021-07-30 00:01:35 获取到号码【1919320】的GSD为【甘肃-定西】
2021-07-30 00:01:38 GSD insert 第 1 次 等待 3 秒
2021-07-30 00:01:41 {"status":"ok","gid":438569,"msg":"添加成功！"}
2021-07-30 00:01:41 下次操作: 2021-07-30 00:01:56

2021-07-30 00:01:56 开始第 22 次操作

2021-07-30 00:01:56 开始操作号码 【1919319】
2021-07-30 00:02:01 GSD getOne 第 1 次 等待 3 秒
2021-07-30 00:02:04 查询号码 【1919319】，返回信息 {"status":"bad","msg":""}
2021-07-30 00:02:04 查询号码 【1919319】，GSD为【""】
2021-07-30 00:02:04 bad
2021-07-30 00:02:06 CHB 1919319?1627574524 第 1 次 等待 3 秒
2021-07-30 00:02:09 CHB 1919319?1627574524 第 1 次 获取到号码【1919319】GSD
2021-07-30 00:02:09 获取到号码【1919319】的GSD为【甘肃-兰州】
2021-07-30 00:02:12 GSD insert 第 1 次 等待 3 秒
2021-07-30 00:02:15 {"status":"ok","gid":438577,"msg":"添加成功！"}
2021-07-30 00:02:15 下次操作: 2021-07-30 00:02:33

2021-07-30 00:02:33 开始第 23 次操作

2021-07-30 00:02:33 开始操作号码 【1919318】
2021-07-30 00:02:40 GSD getOne 第 1 次 等待 3 秒
2021-07-30 00:02:43 查询号码 【1919318】，返回信息 {"status":"bad","msg":""}
2021-07-30 00:02:43 查询号码 【1919318】，GSD为【""】
2021-07-30 00:02:43 bad
2021-07-30 00:02:45 CHB 1919318?1627574563 第 1 次 等待 3 秒
2021-07-30 00:02:48 CHB 1919318?1627574563 第 1 次 获取到号码【1919318】GSD
2021-07-30 00:02:48 获取到号码【1919318】的GSD为【甘肃-兰州】
2021-07-30 00:02:52 GSD insert 第 1 次 等待 3 秒
2021-07-30 00:02:55 {"status":"ok","gid":438589,"msg":"添加成功！"}
2021-07-30 00:02:55 下次操作: 2021-07-30 00:03:08

2021-07-30 00:03:08 开始第 24 次操作

2021-07-30 00:03:08 开始操作号码 【1919317】
2021-07-30 00:03:11 GSD getOne 第 1 次 等待 3 秒
2021-07-30 00:03:15 查询号码 【1919317】，返回信息 {"status":"bad","msg":""}
2021-07-30 00:03:15 查询号码 【1919317】，GSD为【""】
2021-07-30 00:03:15 bad
2021-07-30 00:03:16 CHB 1919317?1627574595 第 1 次 等待 3 秒
2021-07-30 00:03:19 CHB 1919317?1627574595 第 1 次 获取到号码【1919317】GSD
2021-07-30 00:03:19 获取到号码【1919317】的GSD为【甘肃-兰州】
2021-07-30 00:03:24 GSD insert 第 1 次 等待 3 秒
2021-07-30 00:03:27 {"status":"ok","gid":438596,"msg":"添加成功！"}
2021-07-30 00:03:27 下次操作: 2021-07-30 00:03:50

2021-07-30 00:03:50 开始第 25 次操作

2021-07-30 00:03:50 开始操作号码 【1919316】
2021-07-30 00:03:55 GSD getOne 第 1 次 等待 3 秒
2021-07-30 00:03:58 查询号码 【1919316】，返回信息 {"status":"bad","msg":""}
2021-07-30 00:03:58 查询号码 【1919316】，GSD为【""】
2021-07-30 00:03:58 bad
2021-07-30 00:04:00 CHB 1919316?1627574638 第 1 次 等待 3 秒
2021-07-30 00:04:03 CHB 1919316?1627574638 第 1 次 获取到号码【1919316】GSD
2021-07-30 00:04:03 获取到号码【1919316】的GSD为【甘肃-兰州】
2021-07-30 00:04:10 GSD insert 第 1 次 等待 3 秒
2021-07-30 00:04:13 {"status":"ok","gid":438605,"msg":"添加成功！"}
2021-07-30 00:04:13 下次操作: 2021-07-30 00:04:36

2021-07-30 00:04:36 开始第 26 次操作

2021-07-30 00:04:36 开始操作号码 【1919315】
2021-07-30 00:04:55 GSD getOne 第 1 次 等待 3 秒
2021-07-30 00:04:58 查询号码 【1919315】，返回信息 {"status":"bad","msg":""}
2021-07-30 00:04:59 查询号码 【1919315】，GSD为【""】
2021-07-30 00:04:59 bad
2021-07-30 00:05:00 CHB 1919315?1627574699 第 1 次 等待 3 秒
2021-07-30 00:05:03 CHB 1919315?1627574699 第 1 次 获取到号码【1919315】GSD
2021-07-30 00:05:03 获取到号码【1919315】的GSD为【甘肃-兰州】
2021-07-30 00:05:10 GSD insert 第 1 次 等待 3 秒
2021-07-30 00:05:13 {"status":"ok","gid":438618,"msg":"添加成功！"}
2021-07-30 00:05:13 下次操作: 2021-07-30 00:05:29

2021-07-30 00:05:29 开始第 27 次操作

2021-07-30 00:05:29 开始操作号码 【1919314】
2021-07-30 00:05:32 GSD getOne 第 1 次 等待 3 秒
2021-07-30 00:05:35 查询号码 【1919314】，返回信息 {"status":"bad","msg":""}
2021-07-30 00:05:35 查询号码 【1919314】，GSD为【""】
2021-07-30 00:05:35 bad
2021-07-30 00:05:37 CHB 1919314?1627574735 第 1 次 等待 3 秒
2021-07-30 00:05:40 CHB 1919314?1627574735 第 1 次 获取到号码【1919314】GSD
2021-07-30 00:05:40 获取到号码【1919314】的GSD为【甘肃-兰州】
2021-07-30 00:05:44 GSD insert 第 1 次 等待 3 秒
2021-07-30 00:05:47 {"status":"ok","gid":438628,"msg":"添加成功！"}
2021-07-30 00:05:47 下次操作: 2021-07-30 00:06:09

2021-07-30 00:06:09 开始第 28 次操作

2021-07-30 00:06:09 开始操作号码 【1919313】
2021-07-30 00:06:12 GSD getOne 第 1 次 等待 3 秒
2021-07-30 00:06:15 查询号码 【1919313】，返回信息 {"status":"bad","msg":""}
2021-07-30 00:06:15 查询号码 【1919313】，GSD为【""】
2021-07-30 00:06:15 bad
2021-07-30 00:06:17 CHB 1919313?1627574775 第 1 次 等待 3 秒
2021-07-30 00:06:20 CHB 1919313?1627574775 第 1 次 获取到号码【1919313】GSD
2021-07-30 00:06:20 获取到号码【1919313】的GSD为【甘肃-兰州】
2021-07-30 00:06:23 GSD insert 第 1 次 等待 3 秒
2021-07-30 00:06:26 {"status":"ok","gid":438639,"msg":"添加成功！"}
2021-07-30 00:06:26 下次操作: 2021-07-30 00:06:49

2021-07-30 00:06:49 开始第 29 次操作

2021-07-30 00:06:49 开始操作号码 【1919312】
2021-07-30 00:06:56 GSD getOne 第 1 次 等待 3 秒
2021-07-30 00:06:59 查询号码 【1919312】，返回信息 {"status":"bad","msg":""}
2021-07-30 00:06:59 查询号码 【1919312】，GSD为【""】
2021-07-30 00:06:59 bad
2021-07-30 00:07:01 CHB 1919312?1627574819 第 1 次 等待 3 秒
2021-07-30 00:07:04 CHB 1919312?1627574819 第 1 次 获取到号码【1919312】GSD
2021-07-30 00:07:04 获取到号码【1919312】的GSD为【甘肃-兰州】
2021-07-30 00:07:15 GSD insert 第 1 次 等待 3 秒
2021-07-30 00:07:18 {"status":"ok","gid":438652,"msg":"添加成功！"}
2021-07-30 00:07:18 下次操作: 2021-07-30 00:07:30

2021-07-30 00:07:30 开始第 30 次操作

2021-07-30 00:07:30 开始操作号码 【1919311】
2021-07-30 00:07:41 GSD getOne 第 1 次 等待 3 秒
2021-07-30 00:07:44 查询号码 【1919311】，返回信息 {"status":"bad","msg":""}
2021-07-30 00:07:44 查询号码 【1919311】，GSD为【""】
2021-07-30 00:07:44 bad
2021-07-30 00:07:46 CHB 1919311?1627574864 第 1 次 等待 3 秒
2021-07-30 00:07:49 CHB 1919311?1627574864 第 1 次 获取到号码【1919311】GSD
2021-07-30 00:07:49 获取到号码【1919311】的GSD为【甘肃-兰州】
2021-07-30 00:07:54 GSD insert 第 1 次 等待 3 秒
2021-07-30 00:07:57 {"status":"ok","gid":438663,"msg":"添加成功！"}
2021-07-30 00:07:57 下次操作: 2021-07-30 00:08:13

2021-07-30 00:08:13 开始第 31 次操作

2021-07-30 00:08:13 开始操作号码 【1919310】
2021-07-30 00:08:17 GSD getOne 第 1 次 等待 3 秒
2021-07-30 00:08:20 查询号码 【1919310】，返回信息 {"status":"bad","msg":""}
2021-07-30 00:08:20 查询号码 【1919310】，GSD为【""】
2021-07-30 00:08:20 bad
2021-07-30 00:08:22 CHB 1919310?1627574900 第 1 次 等待 3 秒
2021-07-30 00:08:25 CHB 1919310?1627574900 第 1 次 获取到号码【1919310】GSD
2021-07-30 00:08:25 获取到号码【1919310】的GSD为【甘肃-兰州】
2021-07-30 00:08:29 GSD insert 第 1 次 等待 3 秒
2021-07-30 00:08:32 {"status":"ok","gid":438672,"msg":"添加成功！"}
2021-07-30 00:08:32 下次操作: 2021-07-30 00:08:48

2021-07-30 00:08:48 开始第 32 次操作

2021-07-30 00:08:48 开始操作号码 【1919309】
2021-07-30 00:08:51 GSD getOne 第 1 次 等待 3 秒
2021-07-30 00:08:54 查询号码 【1919309】，返回信息 {"status":"bad","msg":""}
2021-07-30 00:08:54 查询号码 【1919309】，GSD为【""】
2021-07-30 00:08:54 bad
2021-07-30 00:08:56 CHB 1919309?1627574934 第 1 次 等待 3 秒
2021-07-30 00:08:59 CHB 1919309?1627574934 第 1 次 获取到号码【1919309】GSD
2021-07-30 00:08:59 获取到号码【1919309】的GSD为【甘肃-临夏】
2021-07-30 00:09:02 GSD insert 第 1 次 等待 3 秒
2021-07-30 00:09:05 {"status":"ok","gid":438680,"msg":"添加成功！"}
2021-07-30 00:09:05 下次操作: 2021-07-30 00:09:26

2021-07-30 00:09:26 开始第 33 次操作

2021-07-30 00:09:26 开始操作号码 【1919308】
2021-07-30 00:09:30 GSD getOne 第 1 次 等待 3 秒
2021-07-30 00:09:33 查询号码 【1919308】，返回信息 {"status":"bad","msg":""}
2021-07-30 00:09:33 查询号码 【1919308】，GSD为【""】
2021-07-30 00:09:33 bad
2021-07-30 00:09:35 CHB 1919308?1627574973 第 1 次 等待 3 秒
2021-07-30 00:09:38 CHB 1919308?1627574973 第 1 次 获取到号码【1919308】GSD
2021-07-30 00:09:38 获取到号码【1919308】的GSD为【甘肃-临夏】
2021-07-30 00:09:44 GSD insert 第 1 次 等待 3 秒
2021-07-30 00:09:47 {"status":"ok","gid":438691,"msg":"添加成功！"}
2021-07-30 00:09:47 下次操作: 2021-07-30 00:10:10

2021-07-30 00:10:10 开始第 34 次操作

2021-07-30 00:10:10 开始操作号码 【1919307】
2021-07-30 00:10:14 GSD getOne 第 1 次 等待 3 秒
2021-07-30 00:10:17 查询号码 【1919307】，返回信息 {"status":"bad","msg":""}
2021-07-30 00:10:17 查询号码 【1919307】，GSD为【""】
2021-07-30 00:10:17 bad
2021-07-30 00:10:18 CHB 1919307?1627575017 第 1 次 等待 3 秒
2021-07-30 00:10:21 CHB 1919307?1627575017 第 1 次 获取到号码【1919307】GSD
2021-07-30 00:10:21 获取到号码【1919307】的GSD为【甘肃-临夏】
2021-07-30 00:10:25 GSD insert 第 1 次 等待 3 秒
2021-07-30 00:10:28 {"status":"ok","gid":438700,"msg":"添加成功！"}
2021-07-30 00:10:28 下次操作: 2021-07-30 00:10:49

2021-07-30 00:10:49 开始第 35 次操作

2021-07-30 00:10:49 开始操作号码 【1919306】
2021-07-30 00:10:52 GSD getOne 第 1 次 等待 3 秒
2021-07-30 00:10:55 查询号码 【1919306】，返回信息 {"status":"bad","msg":""}
2021-07-30 00:10:55 查询号码 【1919306】，GSD为【""】
2021-07-30 00:10:55 bad
2021-07-30 00:10:57 CHB 1919306?1627575055 第 1 次 等待 3 秒
2021-07-30 00:11:00 CHB 1919306?1627575055 第 1 次 获取到号码【1919306】GSD
2021-07-30 00:11:00 获取到号码【1919306】的GSD为【甘肃-临夏】
2021-07-30 00:11:03 GSD insert 第 1 次 等待 3 秒
2021-07-30 00:11:06 {"status":"ok","gid":438707,"msg":"添加成功！"}
2021-07-30 00:11:06 下次操作: 2021-07-30 00:11:27

2021-07-30 00:11:27 开始第 36 次操作

2021-07-30 00:11:27 开始操作号码 【1919305】
2021-07-30 00:11:31 GSD getOne 第 1 次 等待 3 秒
2021-07-30 00:11:34 查询号码 【1919305】，返回信息 {"status":"bad","msg":""}
2021-07-30 00:11:34 查询号码 【1919305】，GSD为【""】
2021-07-30 00:11:34 bad
2021-07-30 00:11:36 CHB 1919305?1627575094 第 1 次 等待 3 秒
2021-07-30 00:11:39 CHB 1919305?1627575094 第 1 次 获取到号码【1919305】GSD
2021-07-30 00:11:39 获取到号码【1919305】的GSD为【甘肃-临夏】
2021-07-30 00:11:42 GSD insert 第 1 次 等待 3 秒
2021-07-30 00:11:45 {"status":"ok","gid":438717,"msg":"添加成功！"}
2021-07-30 00:11:45 下次操作: 2021-07-30 00:12:09

2021-07-30 00:12:09 开始第 37 次操作

2021-07-30 00:12:09 开始操作号码 【1919304】
2021-07-30 00:12:21 GSD getOne 第 1 次 等待 3 秒
2021-07-30 00:12:24 查询号码 【1919304】，返回信息 {"status":"bad","msg":""}
2021-07-30 00:12:24 查询号码 【1919304】，GSD为【""】
2021-07-30 00:12:24 bad
2021-07-30 00:12:26 CHB 1919304?1627575144 第 1 次 等待 3 秒
2021-07-30 00:12:29 CHB 1919304?1627575144 第 1 次 获取到号码【1919304】GSD
2021-07-30 00:12:29 获取到号码【1919304】的GSD为【甘肃-白银】
2021-07-30 00:12:32 GSD insert 第 1 次 等待 3 秒
2021-07-30 00:12:35 {"status":"ok","gid":438729,"msg":"添加成功！"}
2021-07-30 00:12:35 下次操作: 2021-07-30 00:12:48

2021-07-30 00:12:49 开始第 38 次操作

2021-07-30 00:12:49 开始操作号码 【1919303】
2021-07-30 00:12:52 GSD getOne 第 1 次 等待 3 秒
2021-07-30 00:12:55 查询号码 【1919303】，返回信息 {"status":"bad","msg":""}
2021-07-30 00:12:55 查询号码 【1919303】，GSD为【""】
2021-07-30 00:12:55 bad
2021-07-30 00:12:57 CHB 1919303?1627575175 第 1 次 等待 3 秒
2021-07-30 00:13:00 CHB 1919303?1627575175 第 1 次 获取到号码【1919303】GSD
2021-07-30 00:13:00 获取到号码【1919303】的GSD为【甘肃-临夏】
2021-07-30 00:13:04 GSD insert 第 1 次 等待 3 秒
2021-07-30 00:13:07 {"status":"ok","gid":438737,"msg":"添加成功！"}
2021-07-30 00:13:07 下次操作: 2021-07-30 00:13:26

2021-07-30 00:13:26 开始第 39 次操作

2021-07-30 00:13:26 开始操作号码 【1919302】
2021-07-30 00:13:30 GSD getOne 第 1 次 等待 3 秒
2021-07-30 00:13:33 查询号码 【1919302】，返回信息 {"status":"bad","msg":""}
2021-07-30 00:13:33 查询号码 【1919302】，GSD为【""】
2021-07-30 00:13:33 bad
2021-07-30 00:13:35 CHB 1919302?1627575213 第 1 次 等待 3 秒
2021-07-30 00:13:38 CHB 1919302?1627575213 第 1 次 获取到号码【1919302】GSD
2021-07-30 00:13:38 获取到号码【1919302】的GSD为【甘肃-临夏】
2021-07-30 00:13:49 GSD insert 第 1 次 等待 3 秒
2021-07-30 00:13:52 {"status":"ok","gid":438745,"msg":"添加成功！"}
2021-07-30 00:13:52 下次操作: 2021-07-30 00:14:08

2021-07-30 00:14:08 开始第 40 次操作

2021-07-30 00:14:08 开始操作号码 【1919301】
2021-07-30 00:14:15 GSD getOne 第 1 次 等待 3 秒
2021-07-30 00:14:18 查询号码 【1919301】，返回信息 {"status":"bad","msg":""}
2021-07-30 00:14:18 查询号码 【1919301】，GSD为【""】
2021-07-30 00:14:18 bad
2021-07-30 00:14:20 CHB 1919301?1627575258 第 1 次 等待 3 秒
2021-07-30 00:14:23 CHB 1919301?1627575258 第 1 次 获取到号码【1919301】GSD
2021-07-30 00:14:23 获取到号码【1919301】的GSD为【甘肃-临夏】
2021-07-30 00:14:30 GSD insert 第 1 次 等待 3 秒
2021-07-30 00:14:33 {"status":"ok","gid":438749,"msg":"添加成功！"}

