2024-01-04 00:09:58 开始第 7017 次操作

2024-01-04 00:09:58 开始操作号码 【1876917】
2024-01-04 00:10:05 GSD getOne 第 1 次 等待 3 秒
2024-01-04 00:10:08 查询号码 【1876917】，返回信息 {"status":"ok","msg":"山东-威海","gid":"431793","time_insert":"2021-07-29 09:38"}
2024-01-04 00:10:08 查询号码 【1876917】，GSD为【"山东-威海"】

2024-01-04 00:10:09 开始第 7018 次操作

2024-01-04 00:10:09 开始操作号码 【1876918】
2024-01-04 00:10:12 GSD getOne 第 1 次 等待 3 秒
2024-01-04 00:10:15 查询号码 【1876918】，返回信息 {"status":"ok","msg":"山东-威海","gid":"431788","time_insert":"2021-07-29 09:38"}
2024-01-04 00:10:15 查询号码 【1876918】，GSD为【"山东-威海"】

2024-01-04 00:10:16 开始第 7019 次操作

2024-01-04 00:10:16 开始操作号码 【1876919】
2024-01-04 00:10:22 GSD getOne 第 1 次 等待 3 秒
2024-01-04 00:10:25 查询号码 【1876919】，返回信息 {"status":"ok","msg":"山东-威海","gid":"431784","time_insert":"2021-07-29 09:37"}
2024-01-04 00:10:25 查询号码 【1876919】，GSD为【"山东-威海"】

2024-01-04 00:10:26 开始第 7020 次操作

2024-01-04 00:10:26 开始操作号码 【1876920】
2024-01-04 00:10:30 GSD getOne 第 1 次 等待 3 秒
2024-01-04 00:10:33 查询号码 【1876920】，返回信息 {"status":"ok","msg":"山东-枣庄","gid":"56103","time_insert":"2020-07-30 21:17"}
2024-01-04 00:10:33 查询号码 【1876920】，GSD为【"山东-枣庄"】

2024-01-04 00:35:58 开始第 7021 次操作

2024-01-04 00:35:58 开始操作号码 【1876921】
2024-01-04 00:36:01 GSD getOne 第 1 次 等待 3 秒
2024-01-04 00:36:04 查询号码 【1876921】，返回信息 {"status":"ok","msg":"山东-枣庄","gid":"431782","time_insert":"2021-07-29 09:36"}
2024-01-04 00:36:04 查询号码 【1876921】，GSD为【"山东-枣庄"】

2024-01-04 00:36:05 开始第 7022 次操作

2024-01-04 00:36:05 开始操作号码 【1876922】
2024-01-04 00:36:08 GSD getOne 第 1 次 等待 3 秒
2024-01-04 00:36:11 查询号码 【1876922】，返回信息 {"status":"ok","msg":"山东-枣庄","gid":"431780","time_insert":"2021-07-29 09:35"}
2024-01-04 00:36:11 查询号码 【1876922】，GSD为【"山东-枣庄"】

2024-01-04 00:36:12 开始第 7023 次操作

2024-01-04 00:36:12 开始操作号码 【1876923】
2024-01-04 00:36:15 GSD getOne 第 1 次 等待 3 秒
2024-01-04 00:36:18 查询号码 【1876923】，返回信息 {"status":"ok","msg":"山东-枣庄","gid":"431778","time_insert":"2021-07-29 09:34"}
2024-01-04 00:36:18 查询号码 【1876923】，GSD为【"山东-枣庄"】

2024-01-04 00:36:19 开始第 7024 次操作

2024-01-04 00:36:19 开始操作号码 【1876924】
2024-01-04 00:36:21 GSD getOne 第 1 次 等待 3 秒
2024-01-04 00:36:24 查询号码 【1876924】，返回信息 {"status":"ok","msg":"山东-枣庄","gid":"431529","time_insert":"2021-07-29 07:56"}
2024-01-04 00:36:24 查询号码 【1876924】，GSD为【"山东-枣庄"】

