2024-08-23 00:29:08 开始第 621 次操作

2024-08-23 00:29:08 开始操作号码 【1430620】
2024-08-23 00:29:10 GSD getOne 第 1 次 等待 3 秒
2024-08-23 00:29:13 查询号码 【1430620】，返回信息 {"status":"ok","msg":"-","gid":"526917","time_insert":"2023-02-12 04:10"}
2024-08-23 00:29:13 查询号码 【1430620】，GSD为【"-"】
2024-08-23 00:29:13 ok && -
2024-08-23 00:29:15 CHB 1430620?1724344153 第 1 次 等待 3 秒
2024-08-23 00:29:18 CHB 1430620?1724344153 第 1 次 获取到号码【1430620】GSD
2024-08-23 00:29:18 未获取到号码【1430620】GSD，可能号码格式错误
2024-08-23 00:29:18 获取到号码【1430620】的GSD为【-】
2024-08-23 00:29:26 GSD insert 第 1 次 等待 3 秒
2024-08-23 00:29:29 {"status":"bad","gid":"526917","msg":"添加失败！号码【1430620(-|-)】已存在！"}
2024-08-23 00:29:29 随机等待 72 秒，约 1 分钟
2024-08-23 00:29:29 下次操作: 2024-08-23 00:30:41

2024-08-23 00:30:41 开始第 622 次操作

2024-08-23 00:30:41 开始操作号码 【1430621】
2024-08-23 00:30:51 GSD getOne 第 1 次 等待 3 秒
2024-08-23 00:30:54 查询号码 【1430621】，返回信息 {"status":"ok","msg":"-","gid":"526928","time_insert":"2023-02-12 04:23"}
2024-08-23 00:30:54 查询号码 【1430621】，GSD为【"-"】
2024-08-23 00:30:54 ok && -
2024-08-23 00:30:55 CHB 1430621?1724344254 第 1 次 等待 3 秒
2024-08-23 00:30:58 CHB 1430621?1724344254 第 1 次 获取到号码【1430621】GSD
2024-08-23 00:30:58 未获取到号码【1430621】GSD，可能号码格式错误
2024-08-23 00:30:58 获取到号码【1430621】的GSD为【-】
2024-08-23 00:31:06 GSD insert 第 1 次 等待 3 秒
2024-08-23 00:31:09 {"status":"bad","gid":"526928","msg":"添加失败！号码【1430621(-|-)】已存在！"}
2024-08-23 00:31:09 随机等待 221 秒，约 3 分钟
2024-08-23 00:31:09 下次操作: 2024-08-23 00:34:50

2024-08-23 00:34:50 开始第 623 次操作

2024-08-23 00:34:50 开始操作号码 【1430622】
2024-08-23 00:34:58 GSD getOne 第 1 次 等待 3 秒
2024-08-23 00:35:01 查询号码 【1430622】，返回信息 {"status":"ok","msg":"-","gid":"526938","time_insert":"2023-02-12 04:34"}
2024-08-23 00:35:01 查询号码 【1430622】，GSD为【"-"】
2024-08-23 00:35:01 ok && -
2024-08-23 00:35:03 CHB 1430622?1724344501 第 1 次 等待 3 秒
2024-08-23 00:35:06 CHB 1430622?1724344501 第 1 次 获取到号码【1430622】GSD
2024-08-23 00:35:06 未获取到号码【1430622】GSD，可能号码格式错误
2024-08-23 00:35:06 获取到号码【1430622】的GSD为【-】
2024-08-23 00:35:14 GSD insert 第 1 次 等待 3 秒
2024-08-23 00:35:17 {"status":"bad","gid":"526938","msg":"添加失败！号码【1430622(-|-)】已存在！"}
2024-08-23 00:35:17 随机等待 192 秒，约 3 分钟
2024-08-23 00:35:17 下次操作: 2024-08-23 00:38:29

2024-08-23 00:38:29 开始第 624 次操作

2024-08-23 00:38:29 开始操作号码 【1430623】
2024-08-23 00:38:38 GSD getOne 第 1 次 等待 3 秒
2024-08-23 00:38:41 查询号码 【1430623】，返回信息 {"status":"ok","msg":"-","gid":"526952","time_insert":"2023-02-12 04:48"}
2024-08-23 00:38:41 查询号码 【1430623】，GSD为【"-"】
2024-08-23 00:38:41 ok && -
2024-08-23 00:38:43 CHB 1430623?1724344721 第 1 次 等待 3 秒
2024-08-23 00:38:46 CHB 1430623?1724344721 第 1 次 获取到号码【1430623】GSD
2024-08-23 00:38:46 未获取到号码【1430623】GSD，可能号码格式错误
2024-08-23 00:38:46 获取到号码【1430623】的GSD为【-】
2024-08-23 00:38:54 GSD insert 第 1 次 等待 3 秒
2024-08-23 00:38:57 {"status":"bad","gid":"526952","msg":"添加失败！号码【1430623(-|-)】已存在！"}

