2024-03-11 00:08:48 开始第 8389 次操作

2024-03-11 00:08:48 开始操作号码 【1768289】
2024-03-11 00:08:53 GSD getOne 第 1 次 等待 3 秒
2024-03-11 00:08:56 查询号码 【1768289】，返回信息 {"status":"ok","msg":"安徽-阜阳","gid":"155393","time_insert":"2021-06-29 18:49"}
2024-03-11 00:08:56 查询号码 【1768289】，GSD为【"安徽-阜阳"】

2024-03-11 00:08:57 开始第 8390 次操作

2024-03-11 00:08:57 开始操作号码 【1768290】
2024-03-11 00:09:02 GSD getOne 第 1 次 等待 3 秒
2024-03-11 00:09:05 查询号码 【1768290】，返回信息 {"status":"ok","msg":"安徽-亳州","gid":"155386","time_insert":"2021-06-29 18:49"}
2024-03-11 00:09:05 查询号码 【1768290】，GSD为【"安徽-亳州"】

2024-03-11 00:09:06 开始第 8391 次操作

2024-03-11 00:09:06 开始操作号码 【1768291】
2024-03-11 00:09:13 GSD getOne 第 1 次 等待 3 秒
2024-03-11 00:09:16 查询号码 【1768291】，返回信息 {"status":"ok","msg":"安徽-亳州","gid":"155384","time_insert":"2021-06-29 18:48"}
2024-03-11 00:09:16 查询号码 【1768291】，GSD为【"安徽-亳州"】

2024-03-11 00:09:17 开始第 8392 次操作

2024-03-11 00:09:17 开始操作号码 【1768292】
2024-03-11 00:09:23 GSD getOne 第 1 次 等待 3 秒
2024-03-11 00:09:26 查询号码 【1768292】，返回信息 {"status":"ok","msg":"安徽-亳州","gid":"155377","time_insert":"2021-06-29 18:48"}
2024-03-11 00:09:26 查询号码 【1768292】，GSD为【"安徽-亳州"】

2024-03-11 00:34:30 开始第 8393 次操作

2024-03-11 00:34:30 开始操作号码 【1768293】
2024-03-11 00:34:36 GSD getOne 第 1 次 等待 3 秒
2024-03-11 00:34:39 查询号码 【1768293】，返回信息 {"status":"ok","msg":"安徽-亳州","gid":"155373","time_insert":"2021-06-29 18:47"}
2024-03-11 00:34:39 查询号码 【1768293】，GSD为【"安徽-亳州"】

2024-03-11 00:34:40 开始第 8394 次操作

2024-03-11 00:34:40 开始操作号码 【1768294】
2024-03-11 00:34:47 GSD getOne 第 1 次 等待 3 秒
2024-03-11 00:34:50 查询号码 【1768294】，返回信息 {"status":"ok","msg":"安徽-亳州","gid":"155365","time_insert":"2021-06-29 18:47"}
2024-03-11 00:34:50 查询号码 【1768294】，GSD为【"安徽-亳州"】

2024-03-11 00:34:51 开始第 8395 次操作

2024-03-11 00:34:51 开始操作号码 【1768295】
2024-03-11 00:34:57 GSD getOne 第 1 次 等待 3 秒
2024-03-11 00:35:00 查询号码 【1768295】，返回信息 {"status":"ok","msg":"安徽-亳州","gid":"155360","time_insert":"2021-06-29 18:47"}
2024-03-11 00:35:00 查询号码 【1768295】，GSD为【"安徽-亳州"】

2024-03-11 00:35:01 开始第 8396 次操作

2024-03-11 00:35:01 开始操作号码 【1768296】
2024-03-11 00:35:06 GSD getOne 第 1 次 等待 3 秒
2024-03-11 00:35:09 查询号码 【1768296】，返回信息 {"status":"ok","msg":"安徽-亳州","gid":"155352","time_insert":"2021-06-29 18:46"}
2024-03-11 00:35:09 查询号码 【1768296】，GSD为【"安徽-亳州"】

