2023-12-27 00:09:00 开始第 5545 次操作

2023-12-27 00:09:00 开始操作号码 【1875445】
2023-12-27 00:09:04 GSD getOne 第 1 次 等待 3 秒
2023-12-27 00:09:07 查询号码 【1875445】，返回信息 {"status":"ok","msg":"山东-潍坊","gid":"447281","time_insert":"2021-07-30 18:50"}
2023-12-27 00:09:07 查询号码 【1875445】，GSD为【"山东-潍坊"】

2023-12-27 00:09:08 开始第 5546 次操作

2023-12-27 00:09:08 开始操作号码 【1875446】
2023-12-27 00:09:13 GSD getOne 第 1 次 等待 3 秒
2023-12-27 00:09:16 查询号码 【1875446】，返回信息 {"status":"ok","msg":"山东-潍坊","gid":"259968","time_insert":"2021-07-12 22:08","time_update":"2021-08-06 03:27"}
2023-12-27 00:09:16 查询号码 【1875446】，GSD为【"山东-潍坊"】

2023-12-27 00:09:17 开始第 5547 次操作

2023-12-27 00:09:17 开始操作号码 【1875447】
2023-12-27 00:09:22 GSD getOne 第 1 次 等待 3 秒
2023-12-27 00:09:25 查询号码 【1875447】，返回信息 {"status":"ok","msg":"山东-潍坊","gid":"447265","time_insert":"2021-07-30 18:49"}
2023-12-27 00:09:25 查询号码 【1875447】，GSD为【"山东-潍坊"】

2023-12-27 00:09:26 开始第 5548 次操作

2023-12-27 00:09:26 开始操作号码 【1875448】
2023-12-27 00:09:30 GSD getOne 第 1 次 等待 3 秒
2023-12-27 00:09:33 查询号码 【1875448】，返回信息 {"status":"ok","msg":"山东-潍坊","gid":"447258","time_insert":"2021-07-30 18:48"}
2023-12-27 00:09:33 查询号码 【1875448】，GSD为【"山东-潍坊"】

2023-12-27 00:36:33 开始第 5549 次操作

2023-12-27 00:36:33 开始操作号码 【1875449】
2023-12-27 00:36:42 GSD getOne 第 1 次 等待 3 秒
2023-12-27 00:36:45 查询号码 【1875449】，返回信息 {"status":"ok","msg":"山东-潍坊","gid":"447250","time_insert":"2021-07-30 18:47"}
2023-12-27 00:36:45 查询号码 【1875449】，GSD为【"山东-潍坊"】

2023-12-27 00:36:46 开始第 5550 次操作

2023-12-27 00:36:46 开始操作号码 【1875450】
2023-12-27 00:36:50 GSD getOne 第 1 次 等待 3 秒
2023-12-27 00:36:53 查询号码 【1875450】，返回信息 {"status":"ok","msg":"山东-烟台","gid":"447243","time_insert":"2021-07-30 18:47"}
2023-12-27 00:36:53 查询号码 【1875450】，GSD为【"山东-烟台"】

2023-12-27 00:36:54 开始第 5551 次操作

2023-12-27 00:36:54 开始操作号码 【1875451】
2023-12-27 00:36:58 GSD getOne 第 1 次 等待 3 秒
2023-12-27 00:37:01 查询号码 【1875451】，返回信息 {"status":"ok","msg":"山东-烟台","gid":"447236","time_insert":"2021-07-30 18:46"}
2023-12-27 00:37:01 查询号码 【1875451】，GSD为【"山东-烟台"】

2023-12-27 00:37:02 开始第 5552 次操作

2023-12-27 00:37:02 开始操作号码 【1875452】
2023-12-27 00:37:06 GSD getOne 第 1 次 等待 3 秒
2023-12-27 00:37:09 查询号码 【1875452】，返回信息 {"status":"ok","msg":"山东-烟台","gid":"447227","time_insert":"2021-07-30 18:45"}
2023-12-27 00:37:09 查询号码 【1875452】，GSD为【"山东-烟台"】

