2024-06-21 00:11:35 开始第 1853 次操作

2024-06-21 00:11:35 开始操作号码 【1541745】
2024-06-21 00:11:49 GSD getOne 第 1 次 等待 3 秒
2024-06-21 00:11:52 查询号码 【1541745】，返回信息 {"status":"ok","msg":"-","gid":"546806","time_insert":"2023-02-22 08:46"}
2024-06-21 00:11:53 查询号码 【1541745】，GSD为【"-"】
2024-06-21 00:11:53 ok && -
2024-06-21 00:11:54 CHB 1541745?1718899913 第 1 次 等待 3 秒
2024-06-21 00:11:57 CHB 1541745?1718899913 第 1 次 获取到号码【1541745】GSD
2024-06-21 00:11:57 未获取到号码【1541745】GSD，可能号码格式错误
2024-06-21 00:11:57 获取到号码【1541745】的GSD为【-】
2024-06-21 00:12:09 GSD insert 第 1 次 等待 3 秒
2024-06-21 00:12:12 {"status":"bad","gid":"546806","msg":"添加失败！号码【1541745(-|-)】已存在！"}
2024-06-21 00:12:12 随机等待 135 秒，约 2 分钟
2024-06-21 00:12:12 下次操作: 2024-06-21 00:14:27

2024-06-21 00:14:27 开始第 1854 次操作

2024-06-21 00:14:27 开始操作号码 【1541746】
2024-06-21 00:14:47 GSD getOne 第 1 次 等待 3 秒
2024-06-21 00:14:50 查询号码 【1541746】，返回信息 {"status":"ok","msg":"-","gid":"546824","time_insert":"2023-02-22 09:02"}
2024-06-21 00:14:50 查询号码 【1541746】，GSD为【"-"】
2024-06-21 00:14:50 ok && -
2024-06-21 00:14:53 CHB 1541746?1718900090 第 1 次 等待 3 秒
2024-06-21 00:14:56 CHB 1541746?1718900090 第 1 次 获取到号码【1541746】GSD
2024-06-21 00:14:56 未获取到号码【1541746】GSD，可能号码格式错误
2024-06-21 00:14:56 获取到号码【1541746】的GSD为【-】
2024-06-21 00:15:10 GSD insert 第 1 次 等待 3 秒
2024-06-21 00:15:13 {"status":"bad","gid":"546824","msg":"添加失败！号码【1541746(-|-)】已存在！"}
2024-06-21 00:15:13 随机等待 212 秒，约 3 分钟
2024-06-21 00:15:13 下次操作: 2024-06-21 00:18:45

2024-06-21 00:18:45 开始第 1855 次操作

2024-06-21 00:18:45 开始操作号码 【1541747】
2024-06-21 00:18:53 GSD getOne 第 1 次 等待 3 秒
2024-06-21 00:18:56 查询号码 【1541747】，返回信息 {"status":"ok","msg":"-","gid":"546839","time_insert":"2023-02-22 09:15"}
2024-06-21 00:18:56 查询号码 【1541747】，GSD为【"-"】
2024-06-21 00:18:56 ok && -
2024-06-21 00:18:59 CHB 1541747?1718900336 第 1 次 等待 3 秒
2024-06-21 00:19:02 CHB 1541747?1718900336 第 1 次 获取到号码【1541747】GSD
2024-06-21 00:19:02 未获取到号码【1541747】GSD，可能号码格式错误
2024-06-21 00:19:02 获取到号码【1541747】的GSD为【-】
2024-06-21 00:19:14 GSD insert 第 1 次 等待 3 秒
2024-06-21 00:19:17 {"status":"bad","gid":"546839","msg":"添加失败！号码【1541747(-|-)】已存在！"}
2024-06-21 00:19:17 随机等待 173 秒，约 2 分钟
2024-06-21 00:19:17 下次操作: 2024-06-21 00:22:10

2024-06-21 00:22:10 开始第 1856 次操作

2024-06-21 00:22:10 开始操作号码 【1541748】
2024-06-21 00:22:18 GSD getOne 第 1 次 等待 3 秒
2024-06-21 00:22:21 查询号码 【1541748】，返回信息 {"status":"ok","msg":"-","gid":"546856","time_insert":"2023-02-22 09:32"}
2024-06-21 00:22:21 查询号码 【1541748】，GSD为【"-"】
2024-06-21 00:22:21 ok && -
2024-06-21 00:22:23 CHB 1541748?1718900541 第 1 次 等待 3 秒
2024-06-21 00:22:26 CHB 1541748?1718900541 第 1 次 获取到号码【1541748】GSD
2024-06-21 00:22:27 未获取到号码【1541748】GSD，可能号码格式错误
2024-06-21 00:22:27 获取到号码【1541748】的GSD为【-】
2024-06-21 00:22:40 GSD insert 第 1 次 等待 3 秒
2024-06-21 00:22:43 {"status":"bad","gid":"546856","msg":"添加失败！号码【1541748(-|-)】已存在！"}

