2023-12-09 00:09:50 开始第 2237 次操作

2023-12-09 00:09:50 开始操作号码 【1872137】
2023-12-09 00:09:54 GSD getOne 第 1 次 等待 3 秒
2023-12-09 00:09:57 查询号码 【1872137】，返回信息 {"status":"ok","msg":"上海-上海","gid":"481178","time_insert":"2021-08-02 16:57"}
2023-12-09 00:09:57 查询号码 【1872137】，GSD为【"上海-上海"】

2023-12-09 00:09:58 开始第 2238 次操作

2023-12-09 00:09:58 开始操作号码 【1872138】
2023-12-09 00:10:02 GSD getOne 第 1 次 等待 3 秒
2023-12-09 00:10:05 查询号码 【1872138】，返回信息 {"status":"ok","msg":"上海-上海","gid":"481170","time_insert":"2021-08-02 16:57"}
2023-12-09 00:10:05 查询号码 【1872138】，GSD为【"上海-上海"】

2023-12-09 00:10:06 开始第 2239 次操作

2023-12-09 00:10:06 开始操作号码 【1872139】
2023-12-09 00:10:11 GSD getOne 第 1 次 等待 3 秒
2023-12-09 00:10:14 查询号码 【1872139】，返回信息 {"status":"ok","msg":"上海-上海","gid":"481158","time_insert":"2021-08-02 16:56"}
2023-12-09 00:10:14 查询号码 【1872139】，GSD为【"上海-上海"】

2023-12-09 00:10:15 开始第 2240 次操作

2023-12-09 00:10:15 开始操作号码 【1872140】
2023-12-09 00:10:20 GSD getOne 第 1 次 等待 3 秒
2023-12-09 00:10:23 查询号码 【1872140】，返回信息 {"status":"ok","msg":"上海-上海","gid":"481150","time_insert":"2021-08-02 16:55"}
2023-12-09 00:10:23 查询号码 【1872140】，GSD为【"上海-上海"】

