2024-07-16 00:10:45 开始第 6401 次操作

2024-07-16 00:10:45 开始操作号码 【1546284】
2024-07-16 00:10:55 GSD getOne 第 1 次 等待 3 秒
2024-07-16 00:10:58 查询号码 【1546284】，返回信息 {"status":"ok","msg":"-","gid":"657009","time_insert":"2023-04-15 23:45"}
2024-07-16 00:10:58 查询号码 【1546284】，GSD为【"-"】
2024-07-16 00:10:58 ok && -
2024-07-16 00:11:04 CHB 1546284?1721059858 第 1 次 等待 3 秒
2024-07-16 00:11:07 CHB 1546284?1721059858 第 1 次 获取到号码【1546284】GSD
2024-07-16 00:11:07 未获取到号码【1546284】GSD，可能号码格式错误
2024-07-16 00:11:07 获取到号码【1546284】的GSD为【-】
2024-07-16 00:11:16 GSD insert 第 1 次 等待 3 秒
2024-07-16 00:11:19 {"status":"bad","gid":"657009","msg":"添加失败！号码【1546284(-|-)】已存在！"}
2024-07-16 00:11:19 随机等待 148 秒，约 2 分钟
2024-07-16 00:11:19 下次操作: 2024-07-16 00:13:47

2024-07-16 00:13:47 开始第 6402 次操作

2024-07-16 00:13:47 开始操作号码 【1546285】
2024-07-16 00:13:55 GSD getOne 第 1 次 等待 3 秒
2024-07-16 00:13:58 查询号码 【1546285】，返回信息 {"status":"ok","msg":"-","gid":"657030","time_insert":"2023-04-15 23:56"}
2024-07-16 00:13:58 查询号码 【1546285】，GSD为【"-"】
2024-07-16 00:13:58 ok && -
2024-07-16 00:14:00 CHB 1546285?1721060038 第 1 次 等待 3 秒
2024-07-16 00:14:03 CHB 1546285?1721060038 第 1 次 获取到号码【1546285】GSD
2024-07-16 00:14:03 未获取到号码【1546285】GSD，可能号码格式错误
2024-07-16 00:14:03 获取到号码【1546285】的GSD为【-】
2024-07-16 00:14:11 GSD insert 第 1 次 等待 3 秒
2024-07-16 00:14:14 {"status":"bad","gid":"657030","msg":"添加失败！号码【1546285(-|-)】已存在！"}
2024-07-16 00:14:14 随机等待 115 秒，约 1 分钟
2024-07-16 00:14:14 下次操作: 2024-07-16 00:16:09

2024-07-16 00:16:09 开始第 6403 次操作

2024-07-16 00:16:09 开始操作号码 【1546286】
2024-07-16 00:16:17 GSD getOne 第 1 次 等待 3 秒
2024-07-16 00:16:20 查询号码 【1546286】，返回信息 {"status":"ok","msg":"-","gid":"657043","time_insert":"2023-04-16 00:05"}
2024-07-16 00:16:20 查询号码 【1546286】，GSD为【"-"】
2024-07-16 00:16:20 ok && -
2024-07-16 00:16:22 CHB 1546286?1721060180 第 1 次 等待 3 秒
2024-07-16 00:16:25 CHB 1546286?1721060180 第 1 次 获取到号码【1546286】GSD
2024-07-16 00:16:25 未获取到号码【1546286】GSD，可能号码格式错误
2024-07-16 00:16:25 获取到号码【1546286】的GSD为【-】
2024-07-16 00:16:33 GSD insert 第 1 次 等待 3 秒
2024-07-16 00:16:36 {"status":"bad","gid":"657043","msg":"添加失败！号码【1546286(-|-)】已存在！"}
2024-07-16 00:16:36 随机等待 150 秒，约 2 分钟
2024-07-16 00:16:36 下次操作: 2024-07-16 00:19:06

2024-07-16 00:19:06 开始第 6404 次操作

2024-07-16 00:19:06 开始操作号码 【1546287】
2024-07-16 00:19:13 GSD getOne 第 1 次 等待 3 秒
2024-07-16 00:19:16 查询号码 【1546287】，返回信息 {"status":"ok","msg":"-","gid":"657055","time_insert":"2023-04-16 00:15"}
2024-07-16 00:19:16 查询号码 【1546287】，GSD为【"-"】
2024-07-16 00:19:16 ok && -
2024-07-16 00:19:18 CHB 1546287?1721060356 第 1 次 等待 3 秒
2024-07-16 00:19:21 CHB 1546287?1721060356 第 1 次 获取到号码【1546287】GSD
2024-07-16 00:19:21 未获取到号码【1546287】GSD，可能号码格式错误
2024-07-16 00:19:21 获取到号码【1546287】的GSD为【-】
2024-07-16 00:19:29 GSD insert 第 1 次 等待 3 秒
2024-07-16 00:19:32 {"status":"bad","gid":"657055","msg":"添加失败！号码【1546287(-|-)】已存在！"}

