2024-03-29 00:08:44 开始第 733 次操作

2024-03-29 00:08:44 开始操作号码 【1650634】
2024-03-29 00:08:51 GSD getOne 第 1 次 等待 3 秒
2024-03-29 00:08:54 查询号码 【1650634】，返回信息 {"status":"ok","msg":"山东-莱芜","gid":"222532","time_insert":"2021-07-08 13:03"}
2024-03-29 00:08:55 查询号码 【1650634】，GSD为【"山东-莱芜"】

2024-03-29 00:08:56 开始第 734 次操作

2024-03-29 00:08:56 开始操作号码 【1650635】
2024-03-29 00:09:02 GSD getOne 第 1 次 等待 3 秒
2024-03-29 00:09:05 查询号码 【1650635】，返回信息 {"status":"ok","msg":"山东-聊城","gid":"222540","time_insert":"2021-07-08 13:04"}
2024-03-29 00:09:05 查询号码 【1650635】，GSD为【"山东-聊城"】

2024-03-29 00:09:06 开始第 735 次操作

2024-03-29 00:09:06 开始操作号码 【1650636】
2024-03-29 00:09:12 GSD getOne 第 1 次 等待 3 秒
2024-03-29 00:09:15 查询号码 【1650636】，返回信息 {"status":"ok","msg":"山东-临沂","gid":"222737","time_insert":"2021-07-08 13:37"}
2024-03-29 00:09:15 查询号码 【1650636】，GSD为【"山东-临沂"】

2024-03-29 00:09:16 开始第 736 次操作

2024-03-29 00:09:16 开始操作号码 【1650637】
2024-03-29 00:09:20 GSD getOne 第 1 次 等待 3 秒
2024-03-29 00:09:23 查询号码 【1650637】，返回信息 {"status":"ok","msg":"山东-济宁","gid":"222744","time_insert":"2021-07-08 13:38"}
2024-03-29 00:09:23 查询号码 【1650637】，GSD为【"山东-济宁"】

2024-03-29 00:34:27 开始第 737 次操作

2024-03-29 00:34:27 开始操作号码 【1650638】
2024-03-29 00:34:34 GSD getOne 第 1 次 等待 3 秒
2024-03-29 00:34:37 查询号码 【1650638】，返回信息 {"status":"ok","msg":"山东-泰安","gid":"222751","time_insert":"2021-07-08 13:38"}
2024-03-29 00:34:37 查询号码 【1650638】，GSD为【"山东-泰安"】

2024-03-29 00:34:38 开始第 738 次操作

2024-03-29 00:34:38 开始操作号码 【1650639】
2024-03-29 00:34:44 GSD getOne 第 1 次 等待 3 秒
2024-03-29 00:34:47 查询号码 【1650639】，返回信息 {"status":"ok","msg":"山东-临沂","gid":"222760","time_insert":"2021-07-08 13:38"}
2024-03-29 00:34:47 查询号码 【1650639】，GSD为【"山东-临沂"】

2024-03-29 00:34:48 开始第 739 次操作

2024-03-29 00:34:48 开始操作号码 【1650640】
2024-03-29 00:34:53 GSD getOne 第 1 次 等待 3 秒
2024-03-29 00:34:56 查询号码 【1650640】，返回信息 {"status":"ok","msg":"四川-成都","gid":"222769","time_insert":"2021-07-08 13:39"}
2024-03-29 00:34:57 查询号码 【1650640】，GSD为【"四川-成都"】

2024-03-29 00:34:58 开始第 740 次操作

2024-03-29 00:34:58 开始操作号码 【1650641】
2024-03-29 00:35:02 GSD getOne 第 1 次 等待 3 秒
2024-03-29 00:35:05 查询号码 【1650641】，返回信息 {"status":"ok","msg":"福建-厦门","gid":"222774","time_insert":"2021-07-08 13:39"}
2024-03-29 00:35:05 查询号码 【1650641】，GSD为【"福建-厦门"】

