2024-01-14 00:08:58 开始第 8853 次操作

2024-01-14 00:08:58 开始操作号码 【1878753】
2024-01-14 00:09:11 GSD getOne 第 1 次 等待 3 秒
2024-01-14 00:09:14 查询号码 【1878753】，返回信息 {"status":"ok","msg":"云南-保山","gid":"43400","time_insert":"2014-02-10 10:47","time_update":"2020-12-07 00:02"}
2024-01-14 00:09:14 查询号码 【1878753】，GSD为【"云南-保山"】

2024-01-14 00:09:15 开始第 8854 次操作

2024-01-14 00:09:15 开始操作号码 【1878754】
2024-01-14 00:09:21 GSD getOne 第 1 次 等待 3 秒
2024-01-14 00:09:24 查询号码 【1878754】，返回信息 {"status":"ok","msg":"云南-保山","gid":"43401","time_insert":"2017-07-23 01:17","time_update":"2020-12-07 00:07"}
2024-01-14 00:09:24 查询号码 【1878754】，GSD为【"云南-保山"】

2024-01-14 00:09:25 开始第 8855 次操作

2024-01-14 00:09:25 开始操作号码 【1878755】
2024-01-14 00:09:56 GSD getOne 第 1 次 等待 3 秒
2024-01-14 00:09:59 查询号码 【1878755】，返回信息 {"status":"ok","msg":"云南-保山","gid":"43402","time_insert":"2018-08-03 07:53","time_update":"2020-12-07 00:11"}
2024-01-14 00:09:59 查询号码 【1878755】，GSD为【"云南-保山"】

2024-01-14 00:10:00 开始第 8856 次操作

2024-01-14 00:10:00 开始操作号码 【1878756】
2024-01-14 00:10:03 GSD getOne 第 1 次 等待 3 秒
2024-01-14 00:10:06 查询号码 【1878756】，返回信息 {"status":"ok","msg":"云南-保山","gid":"43403","time_insert":"2017-08-20 21:06","time_update":"2020-12-07 00:15"}
2024-01-14 00:10:06 查询号码 【1878756】，GSD为【"云南-保山"】

2024-01-14 00:36:33 开始第 8857 次操作

2024-01-14 00:36:33 开始操作号码 【1878757】
2024-01-14 00:36:40 GSD getOne 第 1 次 等待 3 秒
2024-01-14 00:36:43 查询号码 【1878757】，返回信息 {"status":"ok","msg":"云南-保山","gid":"43404","time_insert":"2017-05-12 11:36","time_update":"2020-12-07 00:19"}
2024-01-14 00:36:43 查询号码 【1878757】，GSD为【"云南-保山"】

2024-01-14 00:36:44 开始第 8858 次操作

2024-01-14 00:36:44 开始操作号码 【1878758】
2024-01-14 00:36:50 GSD getOne 第 1 次 等待 3 秒
2024-01-14 00:36:53 查询号码 【1878758】，返回信息 {"status":"ok","msg":"云南-保山","gid":"43405","time_insert":"2018-03-23 20:14","time_update":"2020-12-07 00:22"}
2024-01-14 00:36:53 查询号码 【1878758】，GSD为【"云南-保山"】

2024-01-14 00:36:54 开始第 8859 次操作

2024-01-14 00:36:54 开始操作号码 【1878759】
2024-01-14 00:36:58 GSD getOne 第 1 次 等待 3 秒
2024-01-14 00:37:01 查询号码 【1878759】，返回信息 {"status":"ok","msg":"云南-保山","gid":"43406","time_insert":"2018-10-13 10:34","time_update":"2020-12-07 00:26"}
2024-01-14 00:37:01 查询号码 【1878759】，GSD为【"云南-保山"】

2024-01-14 00:37:02 开始第 8860 次操作

2024-01-14 00:37:02 开始操作号码 【1878760】
2024-01-14 00:37:06 GSD getOne 第 1 次 等待 3 秒
2024-01-14 00:37:09 查询号码 【1878760】，返回信息 {"status":"ok","msg":"云南-文山","gid":"421512","time_insert":"2021-07-28 05:47"}
2024-01-14 00:37:09 查询号码 【1878760】，GSD为【"云南-文山"】

