2021-07-26 00:00:14 开始第 15 次操作

2021-07-26 00:00:14 开始操作号码 【1567301】
2021-07-26 00:00:19 GSD getOne 第 1 次 等待 3 秒
2021-07-26 00:00:22 查询号码 【1567301】，返回信息 {"status":"bad","msg":""}
2021-07-26 00:00:22 查询号码 【1567301】，GSD为【""】
2021-07-26 00:00:22 bad
2021-07-26 00:00:27 CHB 1567301?1627228822 第 1 次 等待 3 秒
2021-07-26 00:00:30 CHB 1567301?1627228822 第 1 次 获取到号码【1567301】GSD
2021-07-26 00:00:30 获取到号码【1567301】的GSD为【湖南-岳阳】
2021-07-26 00:00:42 GSD insert 第 1 次 等待 3 秒
2021-07-26 00:00:45 {"status":"ok","gid":395134,"msg":"添加成功！"}
2021-07-26 00:00:45 下次操作: 2021-07-26 00:01:06

2021-07-26 00:01:06 开始第 16 次操作

2021-07-26 00:01:06 开始操作号码 【1567300】
2021-07-26 00:01:09 GSD getOne 第 1 次 等待 3 秒
2021-07-26 00:01:12 查询号码 【1567300】，返回信息 {"status":"bad","msg":""}
2021-07-26 00:01:12 查询号码 【1567300】，GSD为【""】
2021-07-26 00:01:12 bad
2021-07-26 00:01:13 CHB 1567300?1627228872 第 1 次 等待 3 秒
2021-07-26 00:01:17 CHB 1567300?1627228872 第 1 次 获取到号码【1567300】GSD
2021-07-26 00:01:17 获取到号码【1567300】的GSD为【湖南-岳阳】
2021-07-26 00:01:35 GSD insert 第 1 次 等待 3 秒
2021-07-26 00:01:38 {"status":"ok","gid":395146,"msg":"添加成功！"}
2021-07-26 00:01:38 下次操作: 2021-07-26 00:01:50

2021-07-26 00:01:50 开始第 17 次操作

2021-07-26 00:01:50 开始操作号码 【1567299】
2021-07-26 00:01:54 GSD getOne 第 1 次 等待 3 秒
2021-07-26 00:01:57 查询号码 【1567299】，返回信息 {"status":"bad","msg":""}
2021-07-26 00:01:57 查询号码 【1567299】，GSD为【""】
2021-07-26 00:01:57 bad
2021-07-26 00:01:58 CHB 1567299?1627228917 第 1 次 等待 3 秒
2021-07-26 00:02:01 CHB 1567299?1627228917 第 1 次 获取到号码【1567299】GSD
2021-07-26 00:02:01 获取到号码【1567299】的GSD为【湖北-随州】
2021-07-26 00:02:38 GSD insert 第 1 次 等待 3 秒
2021-07-26 00:02:41 {"status":"ok","gid":395160,"msg":"添加成功！"}
2021-07-26 00:02:41 下次操作: 2021-07-26 00:03:00

2021-07-26 00:03:00 开始第 18 次操作

2021-07-26 00:03:00 开始操作号码 【1567298】
2021-07-26 00:03:02 GSD getOne 第 1 次 等待 3 秒
2021-07-26 00:03:05 查询号码 【1567298】，返回信息 {"status":"bad","msg":""}
2021-07-26 00:03:06 查询号码 【1567298】，GSD为【""】
2021-07-26 00:03:06 bad
2021-07-26 00:03:07 CHB 1567298?1627228986 第 1 次 等待 3 秒
2021-07-26 00:03:10 CHB 1567298?1627228986 第 1 次 获取到号码【1567298】GSD
2021-07-26 00:03:10 获取到号码【1567298】的GSD为【湖北-随州】
2021-07-26 00:03:39 GSD insert 第 1 次 等待 3 秒
2021-07-26 00:03:42 {"status":"ok","gid":395176,"msg":"添加成功！"}
2021-07-26 00:03:42 下次操作: 2021-07-26 00:03:57

2021-07-26 00:03:57 开始第 19 次操作

2021-07-26 00:03:57 开始操作号码 【1567297】
2021-07-26 00:04:02 GSD getOne 第 1 次 等待 3 秒
2021-07-26 00:04:05 查询号码 【1567297】，返回信息 {"status":"bad","msg":""}
2021-07-26 00:04:05 查询号码 【1567297】，GSD为【""】
2021-07-26 00:04:05 bad
2021-07-26 00:04:07 CHB 1567297?1627229045 第 1 次 等待 3 秒
2021-07-26 00:04:10 CHB 1567297?1627229045 第 1 次 获取到号码【1567297】GSD
2021-07-26 00:04:10 获取到号码【1567297】的GSD为【湖北-随州】
2021-07-26 00:04:28 GSD insert 第 1 次 等待 3 秒
2021-07-26 00:04:31 {"status":"ok","gid":395186,"msg":"添加成功！"}
2021-07-26 00:04:31 下次操作: 2021-07-26 00:04:54

2021-07-26 00:04:54 开始第 20 次操作

2021-07-26 00:04:54 开始操作号码 【1567296】
2021-07-26 00:04:57 GSD getOne 第 1 次 等待 3 秒
2021-07-26 00:05:00 查询号码 【1567296】，返回信息 {"status":"bad","msg":""}
2021-07-26 00:05:00 查询号码 【1567296】，GSD为【""】
2021-07-26 00:05:00 bad
2021-07-26 00:05:02 CHB 1567296?1627229100 第 1 次 等待 3 秒
2021-07-26 00:05:05 CHB 1567296?1627229100 第 1 次 获取到号码【1567296】GSD
2021-07-26 00:05:05 获取到号码【1567296】的GSD为【湖北-随州】
2021-07-26 00:05:25 GSD insert 第 1 次 等待 3 秒
2021-07-26 00:05:28 {"status":"ok","gid":395199,"msg":"添加成功！"}
2021-07-26 00:05:28 下次操作: 2021-07-26 00:05:47

2021-07-26 00:05:47 开始第 21 次操作

2021-07-26 00:05:47 开始操作号码 【1567295】
2021-07-26 00:05:50 GSD getOne 第 1 次 等待 3 秒
2021-07-26 00:05:53 查询号码 【1567295】，返回信息 {"status":"bad","msg":""}
2021-07-26 00:05:54 查询号码 【1567295】，GSD为【""】
2021-07-26 00:05:54 bad
2021-07-26 00:05:55 CHB 1567295?1627229154 第 1 次 等待 3 秒
2021-07-26 00:05:58 CHB 1567295?1627229154 第 1 次 获取到号码【1567295】GSD
2021-07-26 00:05:58 获取到号码【1567295】的GSD为【湖北-十堰】
2021-07-26 00:06:20 GSD insert 第 1 次 等待 3 秒
2021-07-26 00:06:23 {"status":"ok","gid":395214,"msg":"添加成功！"}
2021-07-26 00:06:23 下次操作: 2021-07-26 00:06:36

2021-07-26 00:06:36 开始第 22 次操作

2021-07-26 00:06:36 开始操作号码 【1567294】
2021-07-26 00:06:47 GSD getOne 第 1 次 等待 3 秒
2021-07-26 00:06:50 查询号码 【1567294】，返回信息 {"status":"bad","msg":""}
2021-07-26 00:06:50 查询号码 【1567294】，GSD为【""】
2021-07-26 00:06:50 bad
2021-07-26 00:06:51 CHB 1567294?1627229210 第 1 次 等待 3 秒
2021-07-26 00:06:54 CHB 1567294?1627229210 第 1 次 获取到号码【1567294】GSD
2021-07-26 00:06:54 获取到号码【1567294】的GSD为【湖北-十堰】
2021-07-26 00:07:13 GSD insert 第 1 次 等待 3 秒
2021-07-26 00:07:16 {"status":"ok","gid":395229,"msg":"添加成功！"}
2021-07-26 00:07:16 下次操作: 2021-07-26 00:07:31

2021-07-26 00:07:31 开始第 23 次操作

2021-07-26 00:07:31 开始操作号码 【1567293】
2021-07-26 00:07:34 GSD getOne 第 1 次 等待 3 秒
2021-07-26 00:07:37 查询号码 【1567293】，返回信息 {"status":"bad","msg":""}
2021-07-26 00:07:37 查询号码 【1567293】，GSD为【""】
2021-07-26 00:07:37 bad
2021-07-26 00:07:38 CHB 1567293?1627229257 第 1 次 等待 3 秒
2021-07-26 00:07:41 CHB 1567293?1627229257 第 1 次 获取到号码【1567293】GSD
2021-07-26 00:07:42 获取到号码【1567293】的GSD为【湖北-十堰】
2021-07-26 00:08:00 GSD insert 第 1 次 等待 3 秒
2021-07-26 00:08:03 {"status":"ok","gid":395238,"msg":"添加成功！"}
2021-07-26 00:08:03 下次操作: 2021-07-26 00:08:17

2021-07-26 00:08:17 开始第 24 次操作

2021-07-26 00:08:17 开始操作号码 【1567292】
2021-07-26 00:08:20 GSD getOne 第 1 次 等待 3 秒
2021-07-26 00:08:23 查询号码 【1567292】，返回信息 {"status":"bad","msg":""}
2021-07-26 00:08:23 查询号码 【1567292】，GSD为【""】
2021-07-26 00:08:23 bad
2021-07-26 00:08:24 CHB 1567292?1627229303 第 1 次 等待 3 秒
2021-07-26 00:08:27 CHB 1567292?1627229303 第 1 次 获取到号码【1567292】GSD
2021-07-26 00:08:28 获取到号码【1567292】的GSD为【湖北-十堰】
2021-07-26 00:08:52 GSD insert 第 1 次 等待 3 秒
2021-07-26 00:08:55 {"status":"ok","gid":395248,"msg":"添加成功！"}
2021-07-26 00:08:55 下次操作: 2021-07-26 00:09:11

2021-07-26 00:09:11 开始第 25 次操作

2021-07-26 00:09:11 开始操作号码 【1567291】
2021-07-26 00:09:22 GSD getOne 第 1 次 等待 3 秒
2021-07-26 00:09:25 查询号码 【1567291】，返回信息 {"status":"bad","msg":""}
2021-07-26 00:09:25 查询号码 【1567291】，GSD为【""】
2021-07-26 00:09:25 bad
2021-07-26 00:09:32 CHB 1567291?1627229365 第 1 次 等待 3 秒
2021-07-26 00:09:35 CHB 1567291?1627229365 第 1 次 获取到号码【1567291】GSD
2021-07-26 00:09:35 获取到号码【1567291】的GSD为【湖北-恩施】
2021-07-26 00:10:01 GSD insert 第 1 次 等待 3 秒
2021-07-26 00:10:04 {"status":"ok","gid":395255,"msg":"添加成功！"}
2021-07-26 00:10:04 下次操作: 2021-07-26 00:10:19

2021-07-26 00:10:19 开始第 26 次操作

2021-07-26 00:10:19 开始操作号码 【1567290】
2021-07-26 00:10:24 GSD getOne 第 1 次 等待 3 秒
2021-07-26 00:10:27 查询号码 【1567290】，返回信息 {"status":"bad","msg":""}
2021-07-26 00:10:27 查询号码 【1567290】，GSD为【""】
2021-07-26 00:10:27 bad
2021-07-26 00:10:29 CHB 1567290?1627229427 第 1 次 等待 3 秒
2021-07-26 00:10:32 CHB 1567290?1627229427 第 1 次 获取到号码【1567290】GSD
2021-07-26 00:10:32 获取到号码【1567290】的GSD为【湖北-荆门】
2021-07-26 00:10:50 GSD insert 第 1 次 等待 3 秒
2021-07-26 00:10:53 {"status":"ok","gid":395265,"msg":"添加成功！"}
2021-07-26 00:10:53 下次操作: 2021-07-26 00:11:17

2021-07-26 00:11:17 开始第 27 次操作

2021-07-26 00:11:17 开始操作号码 【1567289】
2021-07-26 00:11:20 GSD getOne 第 1 次 等待 3 秒
2021-07-26 00:11:23 查询号码 【1567289】，返回信息 {"status":"ok","msg":"河南-安阳","gid":"54666","time_insert":"2020-10-02 07:36"}
2021-07-26 00:11:23 查询号码 【1567289】，GSD为【"河南-安阳"】

2021-07-26 00:11:23 开始第 27 次操作

2021-07-26 00:11:23 开始操作号码 【1567288】
2021-07-26 00:11:41 GSD getOne 第 1 次 等待 3 秒
2021-07-26 00:11:44 查询号码 【1567288】，返回信息 {"status":"bad","msg":""}
2021-07-26 00:11:44 查询号码 【1567288】，GSD为【""】
2021-07-26 00:11:44 bad
2021-07-26 00:11:46 CHB 1567288?1627229504 第 1 次 等待 3 秒
2021-07-26 00:11:49 CHB 1567288?1627229504 第 1 次 获取到号码【1567288】GSD
2021-07-26 00:11:49 获取到号码【1567288】的GSD为【河南-商丘】
2021-07-26 00:12:07 GSD insert 第 1 次 等待 3 秒
2021-07-26 00:12:10 {"status":"ok","gid":395281,"msg":"添加成功！"}
2021-07-26 00:12:10 下次操作: 2021-07-26 00:12:25

2021-07-26 00:12:25 开始第 28 次操作

2021-07-26 00:12:25 开始操作号码 【1567287】
2021-07-26 00:12:28 GSD getOne 第 1 次 等待 3 秒
2021-07-26 00:12:31 查询号码 【1567287】，返回信息 {"status":"ok","msg":"河南-商丘","gid":"54665","time_insert":"2020-01-20 20:41"}
2021-07-26 00:12:31 查询号码 【1567287】，GSD为【"河南-商丘"】

2021-07-26 00:12:31 开始第 28 次操作

2021-07-26 00:12:31 开始操作号码 【1567286】
2021-07-26 00:12:50 GSD getOne 第 1 次 等待 3 秒
2021-07-26 00:12:53 查询号码 【1567286】，返回信息 {"status":"bad","msg":""}
2021-07-26 00:12:53 查询号码 【1567286】，GSD为【""】
2021-07-26 00:12:53 bad
2021-07-26 00:12:55 CHB 1567286?1627229573 第 1 次 等待 3 秒
2021-07-26 00:12:58 CHB 1567286?1627229573 第 1 次 获取到号码【1567286】GSD
2021-07-26 00:12:58 获取到号码【1567286】的GSD为【河南-商丘】
2021-07-26 00:13:16 GSD insert 第 1 次 等待 3 秒
2021-07-26 00:13:19 {"status":"ok","gid":395297,"msg":"添加成功！"}
2021-07-26 00:13:19 下次操作: 2021-07-26 00:13:40

2021-07-26 00:13:41 开始第 29 次操作

2021-07-26 00:13:41 开始操作号码 【1567285】
2021-07-26 00:13:43 GSD getOne 第 1 次 等待 3 秒
2021-07-26 00:13:46 查询号码 【1567285】，返回信息 {"status":"bad","msg":""}
2021-07-26 00:13:46 查询号码 【1567285】，GSD为【""】
2021-07-26 00:13:46 bad
2021-07-26 00:13:48 CHB 1567285?1627229626 第 1 次 等待 3 秒
2021-07-26 00:13:51 CHB 1567285?1627229626 第 1 次 获取到号码【1567285】GSD
2021-07-26 00:13:51 获取到号码【1567285】的GSD为【河南-商丘】
2021-07-26 00:14:10 GSD insert 第 1 次 等待 3 秒
2021-07-26 00:14:13 {"status":"ok","gid":395307,"msg":"添加成功！"}
2021-07-26 00:14:13 下次操作: 2021-07-26 00:14:36

2021-07-26 00:14:36 开始第 30 次操作

2021-07-26 00:14:36 开始操作号码 【1567284】
2021-07-26 00:14:44 GSD getOne 第 1 次 等待 3 秒
2021-07-26 00:14:47 查询号码 【1567284】，返回信息 {"status":"bad","msg":""}
2021-07-26 00:14:47 查询号码 【1567284】，GSD为【""】
2021-07-26 00:14:47 bad
2021-07-26 00:14:49 CHB 1567284?1627229687 第 1 次 等待 3 秒
2021-07-26 00:14:52 CHB 1567284?1627229687 第 1 次 获取到号码【1567284】GSD
2021-07-26 00:14:52 获取到号码【1567284】的GSD为【河南-商丘】
2021-07-26 00:15:20 GSD insert 第 1 次 等待 3 秒
2021-07-26 00:15:23 {"status":"ok","gid":395319,"msg":"添加成功！"}
2021-07-26 00:15:23 下次操作: 2021-07-26 00:15:42

2021-07-26 00:15:42 开始第 31 次操作

2021-07-26 00:15:42 开始操作号码 【1567283】
2021-07-26 00:15:53 GSD getOne 第 1 次 等待 3 秒
2021-07-26 00:15:56 查询号码 【1567283】，返回信息 {"status":"bad","msg":""}
2021-07-26 00:15:56 查询号码 【1567283】，GSD为【""】
2021-07-26 00:15:56 bad
2021-07-26 00:15:58 CHB 1567283?1627229756 第 1 次 等待 3 秒
2021-07-26 00:16:01 CHB 1567283?1627229756 第 1 次 获取到号码【1567283】GSD
2021-07-26 00:16:01 获取到号码【1567283】的GSD为【河南-商丘】
2021-07-26 00:16:20 GSD insert 第 1 次 等待 3 秒
2021-07-26 00:16:23 {"status":"ok","gid":395331,"msg":"添加成功！"}
2021-07-26 00:16:23 下次操作: 2021-07-26 00:16:36

2021-07-26 00:16:36 开始第 32 次操作

2021-07-26 00:16:36 开始操作号码 【1567282】
2021-07-26 00:16:40 GSD getOne 第 1 次 等待 3 秒
2021-07-26 00:16:43 查询号码 【1567282】，返回信息 {"status":"bad","msg":""}
2021-07-26 00:16:43 查询号码 【1567282】，GSD为【""】
2021-07-26 00:16:43 bad
2021-07-26 00:16:45 CHB 1567282?1627229803 第 1 次 等待 3 秒
2021-07-26 00:16:48 CHB 1567282?1627229803 第 1 次 获取到号码【1567282】GSD
2021-07-26 00:16:48 获取到号码【1567282】的GSD为【河南-商丘】
2021-07-26 00:18:58 GSD insert 第 1 次 等待 3 秒
2021-07-26 00:19:41 GSD insert 第 2 次 等待 3 秒
2021-07-26 00:19:44 {"status":"ok","gid":395355,"msg":"添加成功！"}
2021-07-26 00:19:44 下次操作: 2021-07-26 00:20:08

2021-07-26 00:20:08 开始第 33 次操作

2021-07-26 00:20:08 开始操作号码 【1567281】
2021-07-26 00:22:19 GSD getOne 第 1 次 等待 3 秒
2021-07-26 00:22:32 GSD getOne 第 2 次 等待 3 秒
2021-07-26 00:22:35 查询号码 【1567281】，返回信息 {"status":"bad","msg":""}
2021-07-26 00:22:35 查询号码 【1567281】，GSD为【""】
2021-07-26 00:22:35 bad
2021-07-26 00:22:37 CHB 1567281?1627230155 第 1 次 等待 3 秒
2021-07-26 00:22:40 CHB 1567281?1627230155 第 1 次 获取到号码【1567281】GSD
2021-07-26 00:22:40 获取到号码【1567281】的GSD为【河南-商丘】
2021-07-26 00:22:58 GSD insert 第 1 次 等待 3 秒
2021-07-26 00:23:01 {"status":"ok","gid":395372,"msg":"添加成功！"}
2021-07-26 00:23:01 下次操作: 2021-07-26 00:23:17

2021-07-26 00:23:17 开始第 34 次操作

2021-07-26 00:23:17 开始操作号码 【1567280】
2021-07-26 00:23:20 GSD getOne 第 1 次 等待 3 秒
2021-07-26 00:23:23 查询号码 【1567280】，返回信息 {"status":"ok","msg":"-","gid":"328196","time_insert":"2021-07-19 17:35"}
2021-07-26 00:23:23 查询号码 【1567280】，GSD为【"-"】
2021-07-26 00:23:23 ok && -
2021-07-26 00:23:25 CHB 1567280?1627230203 第 1 次 等待 3 秒
2021-07-26 00:23:28 CHB 1567280?1627230203 第 1 次 获取到号码【1567280】GSD
2021-07-26 00:23:28 获取到号码【1567280】的GSD为【河南-商丘】
2021-07-26 00:23:48 GSD insert 第 1 次 等待 3 秒
2021-07-26 00:23:51 {"status":"ok","gid":"328196","msg":"添加号码已存在，但为‘-’，修改为【河南-商丘】成功！"}
2021-07-26 00:23:51 下次操作: 2021-07-26 00:24:09

2021-07-26 00:24:09 开始第 35 次操作

2021-07-26 00:24:09 开始操作号码 【1567279】
2021-07-26 00:24:11 GSD getOne 第 1 次 等待 3 秒
2021-07-26 00:24:14 查询号码 【1567279】，返回信息 {"status":"bad","msg":""}
2021-07-26 00:24:15 查询号码 【1567279】，GSD为【""】
2021-07-26 00:24:15 bad
2021-07-26 00:24:16 CHB 1567279?1627230255 第 1 次 等待 3 秒
2021-07-26 00:24:19 CHB 1567279?1627230255 第 1 次 获取到号码【1567279】GSD
2021-07-26 00:24:19 获取到号码【1567279】的GSD为【河南-鹤壁】
2021-07-26 00:24:37 GSD insert 第 1 次 等待 3 秒
2021-07-26 00:24:40 {"status":"ok","gid":395381,"msg":"添加成功！"}
2021-07-26 00:24:40 下次操作: 2021-07-26 00:25:00

2021-07-26 00:25:00 开始第 36 次操作

2021-07-26 00:25:00 开始操作号码 【1567278】
2021-07-26 00:25:03 GSD getOne 第 1 次 等待 3 秒
2021-07-26 00:25:06 查询号码 【1567278】，返回信息 {"status":"bad","msg":""}
2021-07-26 00:25:06 查询号码 【1567278】，GSD为【""】
2021-07-26 00:25:06 bad
2021-07-26 00:25:08 CHB 1567278?1627230306 第 1 次 等待 3 秒
2021-07-26 00:25:11 CHB 1567278?1627230306 第 1 次 获取到号码【1567278】GSD
2021-07-26 00:25:11 获取到号码【1567278】的GSD为【河南-南阳】
2021-07-26 00:25:29 GSD insert 第 1 次 等待 3 秒
2021-07-26 00:25:32 {"status":"ok","gid":395385,"msg":"添加成功！"}
2021-07-26 00:25:32 下次操作: 2021-07-26 00:25:51

2021-07-26 00:25:51 开始第 37 次操作

2021-07-26 00:25:51 开始操作号码 【1567277】
2021-07-26 00:28:03 GSD getOne 第 1 次 等待 3 秒
2021-07-26 00:28:12 GSD getOne 第 2 次 等待 3 秒
2021-07-26 00:28:15 查询号码 【1567277】，返回信息 {"status":"bad","msg":""}
2021-07-26 00:28:15 查询号码 【1567277】，GSD为【""】
2021-07-26 00:28:15 bad
2021-07-26 00:28:16 CHB 1567277?1627230495 第 1 次 等待 3 秒
2021-07-26 00:28:19 CHB 1567277?1627230495 第 1 次 获取到号码【1567277】GSD
2021-07-26 00:28:19 获取到号码【1567277】的GSD为【河南-南阳】
2021-07-26 00:28:38 GSD insert 第 1 次 等待 3 秒
2021-07-26 00:28:41 {"status":"ok","gid":395397,"msg":"添加成功！"}
2021-07-26 00:28:41 下次操作: 2021-07-26 00:29:05

2021-07-26 00:29:05 开始第 38 次操作

2021-07-26 00:29:05 开始操作号码 【1567276】
2021-07-26 00:29:08 GSD getOne 第 1 次 等待 3 秒
2021-07-26 00:29:11 查询号码 【1567276】，返回信息 {"status":"bad","msg":""}
2021-07-26 00:29:11 查询号码 【1567276】，GSD为【""】
2021-07-26 00:29:11 bad
2021-07-26 00:29:13 CHB 1567276?1627230551 第 1 次 等待 3 秒
2021-07-26 00:29:16 CHB 1567276?1627230551 第 1 次 获取到号码【1567276】GSD
2021-07-26 00:29:16 获取到号码【1567276】的GSD为【河南-南阳】
2021-07-26 00:29:39 GSD insert 第 1 次 等待 3 秒
2021-07-26 00:29:42 {"status":"ok","gid":395400,"msg":"添加成功！"}
2021-07-26 00:29:42 下次操作: 2021-07-26 00:29:55

2021-07-26 00:29:55 开始第 39 次操作

2021-07-26 00:29:55 开始操作号码 【1567275】
2021-07-26 00:30:03 GSD getOne 第 1 次 等待 3 秒
2021-07-26 00:30:06 查询号码 【1567275】，返回信息 {"status":"ok","msg":"河南-南阳","gid":"22701","time_insert":"2018-03-06 11:03","time_update":"2020-09-12 01:15"}
2021-07-26 00:30:06 查询号码 【1567275】，GSD为【"河南-南阳"】

2021-07-26 00:30:06 开始第 39 次操作

2021-07-26 00:30:06 开始操作号码 【1567274】
2021-07-26 00:30:25 GSD getOne 第 1 次 等待 3 秒
2021-07-26 00:30:28 查询号码 【1567274】，返回信息 {"status":"bad","msg":""}
2021-07-26 00:30:28 查询号码 【1567274】，GSD为【""】
2021-07-26 00:30:28 bad
2021-07-26 00:30:30 CHB 1567274?1627230628 第 1 次 等待 3 秒
2021-07-26 00:30:33 CHB 1567274?1627230628 第 1 次 获取到号码【1567274】GSD
2021-07-26 00:30:33 获取到号码【1567274】的GSD为【河南-南阳】
2021-07-26 00:30:55 GSD insert 第 1 次 等待 3 秒
2021-07-26 00:30:58 {"status":"ok","gid":395403,"msg":"添加成功！"}
2021-07-26 00:30:58 下次操作: 2021-07-26 00:31:16

2021-07-26 00:31:16 开始第 40 次操作

2021-07-26 00:31:16 开始操作号码 【1567273】
2021-07-26 00:31:19 GSD getOne 第 1 次 等待 3 秒
2021-07-26 00:31:22 查询号码 【1567273】，返回信息 {"status":"bad","msg":""}
2021-07-26 00:31:22 查询号码 【1567273】，GSD为【""】
2021-07-26 00:31:22 bad
2021-07-26 00:31:25 CHB 1567273?1627230682 第 1 次 等待 3 秒
2021-07-26 00:31:28 CHB 1567273?1627230682 第 1 次 获取到号码【1567273】GSD
2021-07-26 00:31:28 获取到号码【1567273】的GSD为【河南-焦作】
2021-07-26 00:31:48 GSD insert 第 1 次 等待 3 秒
2021-07-26 00:31:51 {"status":"ok","gid":395409,"msg":"添加成功！"}

