2024-10-06 00:26:32 开始第 7781 次操作

2024-10-06 00:26:32 开始操作号码 【1437775】
2024-10-06 00:26:34 GSD getOne 第 1 次 等待 3 秒
2024-10-06 00:26:37 查询号码 【1437775】，返回信息 {"status":"ok","msg":"-","gid":"691282","time_insert":"2023-05-03 22:20"}
2024-10-06 00:26:37 查询号码 【1437775】，GSD为【"-"】
2024-10-06 00:26:37 ok && -
2024-10-06 00:26:40 CHB 1437775?1728145597 第 1 次 等待 3 秒
2024-10-06 00:26:43 CHB 1437775?1728145597 第 1 次 获取到号码【1437775】GSD
2024-10-06 00:26:43 未获取到号码【1437775】GSD，可能号码格式错误
2024-10-06 00:26:43 获取到号码【1437775】的GSD为【-】
2024-10-06 00:26:45 GSD insert 第 1 次 等待 3 秒
2024-10-06 00:26:48 {"status":"bad","gid":"691282","msg":"添加失败！号码【1437775(-|-)】已存在！"}
2024-10-06 00:26:48 随机等待 162 秒，约 2 分钟
2024-10-06 00:26:48 下次操作: 2024-10-06 00:29:30

2024-10-06 00:29:30 开始第 7782 次操作

2024-10-06 00:29:30 开始操作号码 【1437776】
2024-10-06 00:29:34 GSD getOne 第 1 次 等待 3 秒
2024-10-06 00:29:37 查询号码 【1437776】，返回信息 {"status":"ok","msg":"-","gid":"691300","time_insert":"2023-05-03 22:42"}
2024-10-06 00:29:37 查询号码 【1437776】，GSD为【"-"】
2024-10-06 00:29:37 ok && -
2024-10-06 00:29:39 CHB 1437776?1728145777 第 1 次 等待 3 秒
2024-10-06 00:29:42 CHB 1437776?1728145777 第 1 次 获取到号码【1437776】GSD
2024-10-06 00:29:42 未获取到号码【1437776】GSD，可能号码格式错误
2024-10-06 00:29:42 获取到号码【1437776】的GSD为【-】
2024-10-06 00:29:44 GSD insert 第 1 次 等待 3 秒
2024-10-06 00:29:47 {"status":"bad","gid":"691300","msg":"添加失败！号码【1437776(-|-)】已存在！"}
2024-10-06 00:29:47 随机等待 142 秒，约 2 分钟
2024-10-06 00:29:47 下次操作: 2024-10-06 00:32:09

2024-10-06 00:32:09 开始第 7783 次操作

2024-10-06 00:32:09 开始操作号码 【1437777】
2024-10-06 00:32:11 GSD getOne 第 1 次 等待 3 秒
2024-10-06 00:32:14 查询号码 【1437777】，返回信息 {"status":"ok","msg":"-","gid":"691310","time_insert":"2023-05-03 22:52"}
2024-10-06 00:32:14 查询号码 【1437777】，GSD为【"-"】
2024-10-06 00:32:14 ok && -
2024-10-06 00:32:16 CHB 1437777?1728145934 第 1 次 等待 3 秒
2024-10-06 00:32:19 CHB 1437777?1728145934 第 1 次 获取到号码【1437777】GSD
2024-10-06 00:32:19 未获取到号码【1437777】GSD，可能号码格式错误
2024-10-06 00:32:19 获取到号码【1437777】的GSD为【-】
2024-10-06 00:32:21 GSD insert 第 1 次 等待 3 秒
2024-10-06 00:32:24 {"status":"bad","gid":"691310","msg":"添加失败！号码【1437777(-|-)】已存在！"}
2024-10-06 00:32:24 随机等待 115 秒，约 1 分钟
2024-10-06 00:32:24 下次操作: 2024-10-06 00:34:19

2024-10-06 00:34:19 开始第 7784 次操作

2024-10-06 00:34:19 开始操作号码 【1437778】
2024-10-06 00:34:22 GSD getOne 第 1 次 等待 3 秒
2024-10-06 00:34:25 查询号码 【1437778】，返回信息 {"status":"ok","msg":"-","gid":"691325","time_insert":"2023-05-03 23:09"}
2024-10-06 00:34:25 查询号码 【1437778】，GSD为【"-"】
2024-10-06 00:34:25 ok && -
2024-10-06 00:34:26 CHB 1437778?1728146065 第 1 次 等待 3 秒
2024-10-06 00:34:29 CHB 1437778?1728146065 第 1 次 获取到号码【1437778】GSD
2024-10-06 00:34:29 未获取到号码【1437778】GSD，可能号码格式错误
2024-10-06 00:34:29 获取到号码【1437778】的GSD为【-】
2024-10-06 00:34:32 GSD insert 第 1 次 等待 3 秒
2024-10-06 00:34:35 {"status":"bad","gid":"691325","msg":"添加失败！号码【1437778(-|-)】已存在！"}

2024-10-06 00:44:07 开始第 7785 次操作

2024-10-06 00:44:07 开始操作号码 【1437779】
2024-10-06 00:44:09 GSD getOne 第 1 次 等待 3 秒
2024-10-06 00:44:12 查询号码 【1437779】，返回信息 {"status":"ok","msg":"-","gid":"691338","time_insert":"2023-05-03 23:23"}
2024-10-06 00:44:12 查询号码 【1437779】，GSD为【"-"】
2024-10-06 00:44:12 ok && -
2024-10-06 00:44:14 CHB 1437779?1728146652 第 1 次 等待 3 秒
2024-10-06 00:44:17 CHB 1437779?1728146652 第 1 次 获取到号码【1437779】GSD
2024-10-06 00:44:17 未获取到号码【1437779】GSD，可能号码格式错误
2024-10-06 00:44:17 获取到号码【1437779】的GSD为【-】
2024-10-06 00:44:19 GSD insert 第 1 次 等待 3 秒
2024-10-06 00:44:22 {"status":"bad","gid":"691338","msg":"添加失败！号码【1437779(-|-)】已存在！"}
2024-10-06 00:44:22 随机等待 201 秒，约 3 分钟
2024-10-06 00:44:22 下次操作: 2024-10-06 00:47:43

2024-10-06 00:47:43 开始第 7786 次操作

2024-10-06 00:47:43 开始操作号码 【1437780】
2024-10-06 00:47:46 GSD getOne 第 1 次 等待 3 秒
2024-10-06 00:47:49 查询号码 【1437780】，返回信息 {"status":"ok","msg":"-","gid":"691353","time_insert":"2023-05-03 23:41"}
2024-10-06 00:47:49 查询号码 【1437780】，GSD为【"-"】
2024-10-06 00:47:49 ok && -
2024-10-06 00:47:51 CHB 1437780?1728146869 第 1 次 等待 3 秒
2024-10-06 00:47:54 CHB 1437780?1728146869 第 1 次 获取到号码【1437780】GSD
2024-10-06 00:47:54 未获取到号码【1437780】GSD，可能号码格式错误
2024-10-06 00:47:54 获取到号码【1437780】的GSD为【-】
2024-10-06 00:47:56 GSD insert 第 1 次 等待 3 秒
2024-10-06 00:47:59 {"status":"bad","gid":"691353","msg":"添加失败！号码【1437780(-|-)】已存在！"}
2024-10-06 00:47:59 随机等待 186 秒，约 3 分钟
2024-10-06 00:47:59 下次操作: 2024-10-06 00:51:05

2024-10-06 00:51:05 开始第 7787 次操作

2024-10-06 00:51:05 开始操作号码 【1437781】
2024-10-06 00:51:08 GSD getOne 第 1 次 等待 3 秒
2024-10-06 00:51:11 查询号码 【1437781】，返回信息 {"status":"ok","msg":"-","gid":"691360","time_insert":"2023-05-03 23:50"}
2024-10-06 00:51:11 查询号码 【1437781】，GSD为【"-"】
2024-10-06 00:51:11 ok && -
2024-10-06 00:51:13 CHB 1437781?1728147071 第 1 次 等待 3 秒
2024-10-06 00:51:16 CHB 1437781?1728147071 第 1 次 获取到号码【1437781】GSD
2024-10-06 00:51:16 未获取到号码【1437781】GSD，可能号码格式错误
2024-10-06 00:51:16 获取到号码【1437781】的GSD为【-】
2024-10-06 00:51:18 GSD insert 第 1 次 等待 3 秒
2024-10-06 00:51:21 {"status":"bad","gid":"691360","msg":"添加失败！号码【1437781(-|-)】已存在！"}
2024-10-06 00:51:21 随机等待 185 秒，约 3 分钟
2024-10-06 00:51:21 下次操作: 2024-10-06 00:54:26

2024-10-06 00:54:26 开始第 7788 次操作

2024-10-06 00:54:26 开始操作号码 【1437782】
2024-10-06 00:54:29 GSD getOne 第 1 次 等待 3 秒
2024-10-06 00:54:32 查询号码 【1437782】，返回信息 {"status":"ok","msg":"-","gid":"691370","time_insert":"2023-05-04 00:01"}
2024-10-06 00:54:32 查询号码 【1437782】，GSD为【"-"】
2024-10-06 00:54:32 ok && -
2024-10-06 00:54:35 CHB 1437782?1728147272 第 1 次 等待 3 秒
2024-10-06 00:54:38 CHB 1437782?1728147272 第 1 次 获取到号码【1437782】GSD
2024-10-06 00:54:38 未获取到号码【1437782】GSD，可能号码格式错误
2024-10-06 00:54:38 获取到号码【1437782】的GSD为【-】
2024-10-06 00:54:41 GSD insert 第 1 次 等待 3 秒
2024-10-06 00:54:44 {"status":"bad","gid":"691370","msg":"添加失败！号码【1437782(-|-)】已存在！"}

2024-10-06 01:19:52 开始第 7789 次操作

2024-10-06 01:19:52 开始操作号码 【1437783】
2024-10-06 01:19:54 GSD getOne 第 1 次 等待 3 秒
2024-10-06 01:19:57 查询号码 【1437783】，返回信息 {"status":"ok","msg":"-","gid":"691378","time_insert":"2023-05-04 00:13"}
2024-10-06 01:19:57 查询号码 【1437783】，GSD为【"-"】
2024-10-06 01:19:57 ok && -
2024-10-06 01:19:59 CHB 1437783?1728148797 第 1 次 等待 3 秒
2024-10-06 01:20:02 CHB 1437783?1728148797 第 1 次 获取到号码【1437783】GSD
2024-10-06 01:20:02 未获取到号码【1437783】GSD，可能号码格式错误
2024-10-06 01:20:02 获取到号码【1437783】的GSD为【-】
2024-10-06 01:20:04 GSD insert 第 1 次 等待 3 秒
2024-10-06 01:20:07 {"status":"bad","gid":"691378","msg":"添加失败！号码【1437783(-|-)】已存在！"}
2024-10-06 01:20:07 随机等待 161 秒，约 2 分钟
2024-10-06 01:20:07 下次操作: 2024-10-06 01:22:48

2024-10-06 01:22:48 开始第 7790 次操作

2024-10-06 01:22:48 开始操作号码 【1437784】
2024-10-06 01:22:50 GSD getOne 第 1 次 等待 3 秒
2024-10-06 01:22:53 查询号码 【1437784】，返回信息 {"status":"ok","msg":"-","gid":"691395","time_insert":"2023-05-04 00:31"}
2024-10-06 01:22:53 查询号码 【1437784】，GSD为【"-"】
2024-10-06 01:22:53 ok && -
2024-10-06 01:22:54 CHB 1437784?1728148973 第 1 次 等待 3 秒
2024-10-06 01:22:57 CHB 1437784?1728148973 第 1 次 获取到号码【1437784】GSD
2024-10-06 01:22:57 未获取到号码【1437784】GSD，可能号码格式错误
2024-10-06 01:22:57 获取到号码【1437784】的GSD为【-】
2024-10-06 01:23:00 GSD insert 第 1 次 等待 3 秒
2024-10-06 01:23:03 {"status":"bad","gid":"691395","msg":"添加失败！号码【1437784(-|-)】已存在！"}
2024-10-06 01:23:03 随机等待 102 秒，约 1 分钟
2024-10-06 01:23:03 下次操作: 2024-10-06 01:24:45

2024-10-06 01:24:45 开始第 7791 次操作

2024-10-06 01:24:45 开始操作号码 【1437785】
2024-10-06 01:24:46 GSD getOne 第 1 次 等待 3 秒
2024-10-06 01:24:49 查询号码 【1437785】，返回信息 {"status":"ok","msg":"-","gid":"691407","time_insert":"2023-05-04 00:46"}
2024-10-06 01:24:49 查询号码 【1437785】，GSD为【"-"】
2024-10-06 01:24:49 ok && -
2024-10-06 01:24:50 CHB 1437785?1728149089 第 1 次 等待 3 秒
2024-10-06 01:24:53 CHB 1437785?1728149089 第 1 次 获取到号码【1437785】GSD
2024-10-06 01:24:54 未获取到号码【1437785】GSD，可能号码格式错误
2024-10-06 01:24:54 获取到号码【1437785】的GSD为【-】
2024-10-06 01:24:55 GSD insert 第 1 次 等待 3 秒
2024-10-06 01:24:58 {"status":"bad","gid":"691407","msg":"添加失败！号码【1437785(-|-)】已存在！"}
2024-10-06 01:24:58 随机等待 194 秒，约 3 分钟
2024-10-06 01:24:58 下次操作: 2024-10-06 01:28:12

2024-10-06 01:28:12 开始第 7792 次操作

2024-10-06 01:28:12 开始操作号码 【1437786】
2024-10-06 01:28:14 GSD getOne 第 1 次 等待 3 秒
2024-10-06 01:28:17 查询号码 【1437786】，返回信息 {"status":"ok","msg":"-","gid":"691423","time_insert":"2023-05-04 01:03"}
2024-10-06 01:28:17 查询号码 【1437786】，GSD为【"-"】
2024-10-06 01:28:17 ok && -
2024-10-06 01:28:19 CHB 1437786?1728149297 第 1 次 等待 3 秒
2024-10-06 01:28:22 CHB 1437786?1728149297 第 1 次 获取到号码【1437786】GSD
2024-10-06 01:28:22 未获取到号码【1437786】GSD，可能号码格式错误
2024-10-06 01:28:22 获取到号码【1437786】的GSD为【-】
2024-10-06 01:28:24 GSD insert 第 1 次 等待 3 秒
2024-10-06 01:28:27 {"status":"bad","gid":"691423","msg":"添加失败！号码【1437786(-|-)】已存在！"}

