2021-07-12 01:01:18 开始第 14 次操作
2021-07-12 01:01:18 号码【175（0000 ---> 9999）】处理完毕
2021-07-12 01:43:14 开始第 14 次操作
2021-07-12 01:43:14 号码【175（0000 ---> 9999）】处理完毕
2021-07-12 02:48:46 开始第 14 次操作
2021-07-12 02:48:46 号码【175（0000 ---> 9999）】处理完毕
2021-07-12 03:38:20 开始第 14 次操作
2021-07-12 03:38:20 号码【175（0000 ---> 9999）】处理完毕
2021-07-12 04:38:45 开始第 14 次操作
2021-07-12 04:38:45 号码【175（0000 ---> 9999）】处理完毕
2021-07-12 04:53:01 开始第 1 次操作

2021-07-12 04:53:01 开始操作号码 【1800000】
2021-07-12 04:53:11 GSD getOne 第 1 次 等待 1 秒
2021-07-12 04:53:12 查询号码 【1800000】，返回信息 {"status":"bad","msg":""}
2021-07-12 04:53:12 查询号码 【1800000】，GSD为【""】
2021-07-12 04:53:12 bad
2021-07-12 04:53:13 CHB 1800000?1626036792 第 1 次 等待 1 秒
2021-07-12 04:53:14 CHB 1800000?1626036792 第 1 次 获取到号码【1800000】GSD
2021-07-12 04:53:14 获取到号码【1800000】的GSD为【广东-东莞】
2021-07-12 04:53:23 GSD insert 第 1 次 等待 1 秒
2021-07-12 04:53:24 {"status":"ok","msg":"添加成功！253749"}
2021-07-12 04:53:24 下次操作: 2021-07-12 04:53:30

2021-07-12 04:53:30 开始第 2 次操作

2021-07-12 04:53:30 开始操作号码 【1800001】
2021-07-12 04:53:33 GSD getOne 第 1 次 等待 1 秒
2021-07-12 04:53:34 查询号码 【1800001】，返回信息 {"status":"bad","msg":""}
2021-07-12 04:53:34 查询号码 【1800001】，GSD为【""】
2021-07-12 04:53:34 bad
2021-07-12 04:53:35 CHB 1800001?1626036814 第 1 次 等待 1 秒
2021-07-12 04:53:36 CHB 1800001?1626036814 第 1 次 获取到号码【1800001】GSD
2021-07-12 04:53:36 获取到号码【1800001】的GSD为【广东-东莞】
2021-07-12 04:53:40 GSD insert 第 1 次 等待 1 秒
2021-07-12 04:53:41 {"status":"ok","msg":"添加成功！253751"}
2021-07-12 04:53:41 下次操作: 2021-07-12 04:53:57

2021-07-12 04:53:57 开始第 3 次操作

2021-07-12 04:53:57 开始操作号码 【1800002】
2021-07-12 04:54:01 GSD getOne 第 1 次 等待 1 秒
2021-07-12 04:54:02 查询号码 【1800002】，返回信息 {"status":"bad","msg":""}
2021-07-12 04:54:02 查询号码 【1800002】，GSD为【""】
2021-07-12 04:54:02 bad
2021-07-12 04:54:03 CHB 1800002?1626036842 第 1 次 等待 1 秒
2021-07-12 04:54:04 CHB 1800002?1626036842 第 1 次 获取到号码【1800002】GSD
2021-07-12 04:54:04 获取到号码【1800002】的GSD为【广东-东莞】
2021-07-12 04:54:08 GSD insert 第 1 次 等待 1 秒
2021-07-12 04:54:09 {"status":"ok","msg":"添加成功！253753"}
2021-07-12 04:54:09 下次操作: 2021-07-12 04:54:15

2021-07-12 04:54:15 开始第 4 次操作

2021-07-12 04:54:15 开始操作号码 【1800003】
2021-07-12 04:54:38 GSD getOne 第 1 次 等待 1 秒
2021-07-12 04:54:39 查询号码 【1800003】，返回信息 {"status":"bad","msg":""}
2021-07-12 04:54:39 查询号码 【1800003】，GSD为【""】
2021-07-12 04:54:39 bad
2021-07-12 04:54:40 CHB 1800003?1626036879 第 1 次 等待 1 秒
2021-07-12 04:54:41 CHB 1800003?1626036879 第 1 次 获取到号码【1800003】GSD
2021-07-12 04:54:41 获取到号码【1800003】的GSD为【广东-东莞】
2021-07-12 04:54:46 GSD insert 第 1 次 等待 1 秒
2021-07-12 04:54:47 {"status":"ok","msg":"添加成功！253755"}
2021-07-12 04:54:47 下次操作: 2021-07-12 04:55:01

2021-07-12 04:55:01 开始第 5 次操作

2021-07-12 04:55:01 开始操作号码 【1800004】
2021-07-12 04:55:05 GSD getOne 第 1 次 等待 1 秒
2021-07-12 04:55:06 查询号码 【1800004】，返回信息 {"status":"bad","msg":""}
2021-07-12 04:55:06 查询号码 【1800004】，GSD为【""】
2021-07-12 04:55:06 bad
2021-07-12 04:55:07 CHB 1800004?1626036906 第 1 次 等待 1 秒
2021-07-12 04:55:08 CHB 1800004?1626036906 第 1 次 获取到号码【1800004】GSD
2021-07-12 04:55:08 获取到号码【1800004】的GSD为【广东-东莞】
2021-07-12 04:55:12 GSD insert 第 1 次 等待 1 秒
2021-07-12 04:55:13 {"status":"ok","msg":"添加成功！253757"}
2021-07-12 04:55:13 下次操作: 2021-07-12 04:55:31

2021-07-12 04:55:31 开始第 6 次操作

2021-07-12 04:55:31 开始操作号码 【1800005】
2021-07-12 04:55:34 GSD getOne 第 1 次 等待 1 秒
2021-07-12 04:55:35 查询号码 【1800005】，返回信息 {"status":"bad","msg":""}
2021-07-12 04:55:35 查询号码 【1800005】，GSD为【""】
2021-07-12 04:55:35 bad
2021-07-12 04:55:37 CHB 1800005?1626036935 第 1 次 等待 1 秒
2021-07-12 04:55:38 CHB 1800005?1626036935 第 1 次 获取到号码【1800005】GSD
2021-07-12 04:55:38 获取到号码【1800005】的GSD为【广东-东莞】
2021-07-12 04:55:41 GSD insert 第 1 次 等待 1 秒
2021-07-12 04:55:42 {"status":"ok","msg":"添加成功！253760"}
2021-07-12 04:55:42 下次操作: 2021-07-12 04:55:54

2021-07-12 04:55:54 开始第 7 次操作

2021-07-12 04:55:54 开始操作号码 【1800006】
2021-07-12 04:55:58 GSD getOne 第 1 次 等待 1 秒
2021-07-12 04:55:59 查询号码 【1800006】，返回信息 {"status":"bad","msg":""}
2021-07-12 04:55:59 查询号码 【1800006】，GSD为【""】
2021-07-12 04:55:59 bad
2021-07-12 04:56:02 CHB 1800006?1626036959 第 1 次 等待 1 秒
2021-07-12 04:56:03 CHB 1800006?1626036959 第 1 次 获取到号码【1800006】GSD
2021-07-12 04:56:03 获取到号码【1800006】的GSD为【广东-东莞】
2021-07-12 04:56:06 GSD insert 第 1 次 等待 1 秒
2021-07-12 04:56:07 {"status":"ok","msg":"添加成功！253763"}
2021-07-12 04:56:07 下次操作: 2021-07-12 04:56:16

2021-07-12 04:56:16 开始第 8 次操作

2021-07-12 04:56:16 开始操作号码 【1800007】
2021-07-12 04:56:20 GSD getOne 第 1 次 等待 1 秒
2021-07-12 04:56:21 查询号码 【1800007】，返回信息 {"status":"bad","msg":""}
2021-07-12 04:56:21 查询号码 【1800007】，GSD为【""】
2021-07-12 04:56:21 bad
2021-07-12 04:56:22 CHB 1800007?1626036981 第 1 次 等待 1 秒
2021-07-12 04:56:23 CHB 1800007?1626036981 第 1 次 获取到号码【1800007】GSD
2021-07-12 04:56:23 获取到号码【1800007】的GSD为【广东-东莞】
2021-07-12 04:56:27 GSD insert 第 1 次 等待 1 秒
2021-07-12 04:56:28 {"status":"ok","msg":"添加成功！253764"}
2021-07-12 04:56:28 下次操作: 2021-07-12 04:56:40

2021-07-12 04:56:40 开始第 9 次操作

2021-07-12 04:56:40 开始操作号码 【1800008】
2021-07-12 04:56:44 GSD getOne 第 1 次 等待 1 秒
2021-07-12 04:56:45 查询号码 【1800008】，返回信息 {"status":"bad","msg":""}
2021-07-12 04:56:45 查询号码 【1800008】，GSD为【""】
2021-07-12 04:56:45 bad
2021-07-12 04:56:47 CHB 1800008?1626037005 第 1 次 等待 1 秒
2021-07-12 04:56:48 CHB 1800008?1626037005 第 1 次 获取到号码【1800008】GSD
2021-07-12 04:56:48 获取到号码【1800008】的GSD为【广东-东莞】
2021-07-12 04:56:51 GSD insert 第 1 次 等待 1 秒
2021-07-12 04:56:52 {"status":"ok","msg":"添加成功！253765"}
2021-07-12 04:56:52 下次操作: 2021-07-12 04:57:07

2021-07-12 04:57:07 开始第 10 次操作

2021-07-12 04:57:07 开始操作号码 【1800009】
2021-07-12 04:57:11 GSD getOne 第 1 次 等待 1 秒
2021-07-12 04:57:12 查询号码 【1800009】，返回信息 {"status":"bad","msg":""}
2021-07-12 04:57:12 查询号码 【1800009】，GSD为【""】
2021-07-12 04:57:12 bad
2021-07-12 04:57:13 CHB 1800009?1626037032 第 1 次 等待 1 秒
2021-07-12 04:57:14 CHB 1800009?1626037032 第 1 次 获取到号码【1800009】GSD
2021-07-12 04:57:14 获取到号码【1800009】的GSD为【广东-东莞】
2021-07-12 04:57:18 GSD insert 第 1 次 等待 1 秒
2021-07-12 04:57:19 {"status":"ok","msg":"添加成功！253766"}
2021-07-12 04:57:19 下次操作: 2021-07-12 04:57:29

2021-07-12 04:57:29 开始第 11 次操作

2021-07-12 04:57:29 开始操作号码 【1800010】
2021-07-12 04:57:45 GSD getOne 第 1 次 等待 1 秒
2021-07-12 04:57:46 查询号码 【1800010】，返回信息 {"status":"bad","msg":""}
2021-07-12 04:57:46 查询号码 【1800010】，GSD为【""】
2021-07-12 04:57:46 bad
2021-07-12 04:57:50 CHB 1800010?1626037066 第 1 次 等待 1 秒
2021-07-12 04:57:51 CHB 1800010?1626037066 第 1 次 获取到号码【1800010】GSD
2021-07-12 04:57:51 获取到号码【1800010】的GSD为【江苏-徐州】
2021-07-12 04:57:55 GSD insert 第 1 次 等待 1 秒
2021-07-12 04:57:56 {"status":"ok","msg":"添加成功！253767"}
2021-07-12 04:57:56 下次操作: 2021-07-12 04:58:02

2021-07-12 04:58:02 开始第 12 次操作

2021-07-12 04:58:02 开始操作号码 【1800011】
2021-07-12 04:58:05 GSD getOne 第 1 次 等待 1 秒
2021-07-12 04:58:06 查询号码 【1800011】，返回信息 {"status":"bad","msg":""}
2021-07-12 04:58:06 查询号码 【1800011】，GSD为【""】
2021-07-12 04:58:06 bad
2021-07-12 04:58:08 CHB 1800011?1626037086 第 1 次 等待 1 秒
2021-07-12 04:58:09 CHB 1800011?1626037086 第 1 次 获取到号码【1800011】GSD
2021-07-12 04:58:09 获取到号码【1800011】的GSD为【江苏-徐州】
2021-07-12 04:58:12 GSD insert 第 1 次 等待 1 秒
2021-07-12 04:58:13 {"status":"ok","msg":"添加成功！253768"}
2021-07-12 04:58:13 下次操作: 2021-07-12 04:58:23

2021-07-12 04:58:23 开始第 13 次操作

2021-07-12 04:58:23 开始操作号码 【1800012】
2021-07-12 04:58:27 GSD getOne 第 1 次 等待 1 秒
2021-07-12 04:58:28 查询号码 【1800012】，返回信息 {"status":"bad","msg":""}
2021-07-12 04:58:28 查询号码 【1800012】，GSD为【""】
2021-07-12 04:58:28 bad
2021-07-12 04:58:29 CHB 1800012?1626037108 第 1 次 等待 1 秒
2021-07-12 04:58:30 CHB 1800012?1626037108 第 1 次 获取到号码【1800012】GSD
2021-07-12 04:58:30 获取到号码【1800012】的GSD为【江苏-宿迁】
2021-07-12 04:58:52 GSD insert 第 1 次 等待 1 秒
2021-07-12 04:58:53 {"status":"ok","msg":"添加成功！253770"}
2021-07-12 04:58:53 下次操作: 2021-07-12 04:59:05

2021-07-12 04:59:05 开始第 14 次操作

2021-07-12 04:59:05 开始操作号码 【1800013】
2021-07-12 04:59:38 GSD getOne 第 1 次 等待 1 秒
2021-07-12 04:59:39 查询号码 【1800013】，返回信息 {"status":"bad","msg":""}
2021-07-12 04:59:39 查询号码 【1800013】，GSD为【""】
2021-07-12 04:59:39 bad
2021-07-12 04:59:40 CHB 1800013?1626037179 第 1 次 等待 1 秒
2021-07-12 04:59:41 CHB 1800013?1626037179 第 1 次 获取到号码【1800013】GSD
2021-07-12 04:59:41 获取到号码【1800013】的GSD为【江苏-宿迁】
2021-07-12 04:59:45 GSD insert 第 1 次 等待 1 秒
2021-07-12 04:59:46 {"status":"ok","msg":"添加成功！253774"}
2021-07-12 04:59:46 下次操作: 2021-07-12 04:59:53

2021-07-12 04:59:53 开始第 15 次操作

2021-07-12 04:59:53 开始操作号码 【1800014】
2021-07-12 04:59:57 GSD getOne 第 1 次 等待 1 秒
2021-07-12 04:59:58 查询号码 【1800014】，返回信息 {"status":"bad","msg":""}
2021-07-12 04:59:58 查询号码 【1800014】，GSD为【""】
2021-07-12 04:59:58 bad
2021-07-12 04:59:59 CHB 1800014?1626037198 第 1 次 等待 1 秒
2021-07-12 05:00:00 CHB 1800014?1626037198 第 1 次 获取到号码【1800014】GSD
2021-07-12 05:00:00 获取到号码【1800014】的GSD为【江苏-宿迁】
2021-07-12 05:00:03 GSD insert 第 1 次 等待 1 秒
2021-07-12 05:00:04 {"status":"ok","msg":"添加成功！253775"}
2021-07-12 05:00:04 下次操作: 2021-07-12 05:00:11

2021-07-12 05:00:11 开始第 16 次操作

2021-07-12 05:00:11 开始操作号码 【1800015】
2021-07-12 05:00:15 GSD getOne 第 1 次 等待 1 秒
2021-07-12 05:00:16 查询号码 【1800015】，返回信息 {"status":"bad","msg":""}
2021-07-12 05:00:16 查询号码 【1800015】，GSD为【""】
2021-07-12 05:00:16 bad
2021-07-12 05:00:17 CHB 1800015?1626037216 第 1 次 等待 1 秒
2021-07-12 05:00:18 CHB 1800015?1626037216 第 1 次 获取到号码【1800015】GSD
2021-07-12 05:00:18 获取到号码【1800015】的GSD为【江苏-宿迁】
2021-07-12 05:00:22 GSD insert 第 1 次 等待 1 秒
2021-07-12 05:00:23 {"status":"ok","msg":"添加成功！253777"}
2021-07-12 05:00:23 下次操作: 2021-07-12 05:00:33

2021-07-12 05:00:33 开始第 17 次操作

2021-07-12 05:00:33 开始操作号码 【1800016】
2021-07-12 05:00:36 GSD getOne 第 1 次 等待 1 秒
2021-07-12 05:00:37 查询号码 【1800016】，返回信息 {"status":"ok","msg":"江苏-连云港","time_insert":"2017-05-26 18:56","time_update":"2020-08-26 02:30"}
2021-07-12 05:00:37 查询号码 【1800016】，GSD为【"江苏-连云港"】

2021-07-12 05:00:37 开始第 17 次操作

2021-07-12 05:00:37 开始操作号码 【1800017】
2021-07-12 05:00:41 GSD getOne 第 1 次 等待 1 秒
2021-07-12 05:00:42 查询号码 【1800017】，返回信息 {"status":"bad","msg":""}
2021-07-12 05:00:42 查询号码 【1800017】，GSD为【""】
2021-07-12 05:00:42 bad
2021-07-12 05:00:43 CHB 1800017?1626037242 第 1 次 等待 1 秒
2021-07-12 05:00:44 CHB 1800017?1626037242 第 1 次 获取到号码【1800017】GSD
2021-07-12 05:00:44 获取到号码【1800017】的GSD为【江苏-连云港】
2021-07-12 05:00:48 GSD insert 第 1 次 等待 1 秒
2021-07-12 05:00:49 {"status":"ok","msg":"添加成功！253778"}
2021-07-12 05:00:49 下次操作: 2021-07-12 05:01:07

2021-07-12 05:01:07 开始第 18 次操作

2021-07-12 05:01:07 开始操作号码 【1800018】
2021-07-12 05:01:10 GSD getOne 第 1 次 等待 1 秒
2021-07-12 05:01:11 查询号码 【1800018】，返回信息 {"status":"bad","msg":""}
2021-07-12 05:01:11 查询号码 【1800018】，GSD为【""】
2021-07-12 05:01:11 bad
2021-07-12 05:01:12 CHB 1800018?1626037271 第 1 次 等待 1 秒
2021-07-12 05:01:13 CHB 1800018?1626037271 第 1 次 获取到号码【1800018】GSD
2021-07-12 05:01:13 获取到号码【1800018】的GSD为【江苏-连云港】
2021-07-12 05:01:17 GSD insert 第 1 次 等待 1 秒
2021-07-12 05:01:18 {"status":"ok","msg":"添加成功！253782"}
2021-07-12 05:01:18 下次操作: 2021-07-12 05:01:35

2021-07-12 05:01:35 开始第 19 次操作

2021-07-12 05:01:35 开始操作号码 【1800019】
2021-07-12 05:01:39 GSD getOne 第 1 次 等待 1 秒
2021-07-12 05:01:40 查询号码 【1800019】，返回信息 {"status":"bad","msg":""}
2021-07-12 05:01:40 查询号码 【1800019】，GSD为【""】
2021-07-12 05:01:40 bad
2021-07-12 05:01:41 CHB 1800019?1626037300 第 1 次 等待 1 秒
2021-07-12 05:01:42 CHB 1800019?1626037300 第 1 次 获取到号码【1800019】GSD
2021-07-12 05:01:42 获取到号码【1800019】的GSD为【江苏-连云港】
2021-07-12 05:01:45 GSD insert 第 1 次 等待 1 秒
2021-07-12 05:01:46 {"status":"ok","msg":"添加成功！253783"}
2021-07-12 05:01:46 下次操作: 2021-07-12 05:02:01

2021-07-12 05:02:01 开始第 20 次操作

2021-07-12 05:02:01 开始操作号码 【1800020】
2021-07-12 05:02:05 GSD getOne 第 1 次 等待 1 秒
2021-07-12 05:02:06 查询号码 【1800020】，返回信息 {"status":"bad","msg":""}
2021-07-12 05:02:06 查询号码 【1800020】，GSD为【""】
2021-07-12 05:02:06 bad
2021-07-12 05:02:07 CHB 1800020?1626037326 第 1 次 等待 1 秒
2021-07-12 05:02:08 CHB 1800020?1626037326 第 1 次 获取到号码【1800020】GSD
2021-07-12 05:02:08 获取到号码【1800020】的GSD为【江西-南昌】
2021-07-12 05:02:12 GSD insert 第 1 次 等待 1 秒
2021-07-12 05:02:13 {"status":"ok","msg":"添加成功！253784"}
2021-07-12 05:02:13 下次操作: 2021-07-12 05:02:28

2021-07-12 05:02:28 开始第 21 次操作

2021-07-12 05:02:28 开始操作号码 【1800021】
2021-07-12 05:02:31 GSD getOne 第 1 次 等待 1 秒
2021-07-12 05:02:32 查询号码 【1800021】，返回信息 {"status":"ok","msg":"江西-南昌","time_insert":"2017-11-01 14:49","time_update":"2020-09-07 15:07"}
2021-07-12 05:02:32 查询号码 【1800021】，GSD为【"江西-南昌"】

2021-07-12 05:02:32 开始第 21 次操作

2021-07-12 05:02:32 开始操作号码 【1800022】
2021-07-12 05:02:36 GSD getOne 第 1 次 等待 1 秒
2021-07-12 05:02:37 查询号码 【1800022】，返回信息 {"status":"bad","msg":""}
2021-07-12 05:02:37 查询号码 【1800022】，GSD为【""】
2021-07-12 05:02:37 bad
2021-07-12 05:02:38 CHB 1800022?1626037357 第 1 次 等待 1 秒
2021-07-12 05:02:39 CHB 1800022?1626037357 第 1 次 获取到号码【1800022】GSD
2021-07-12 05:02:39 获取到号码【1800022】的GSD为【江西-九江】
2021-07-12 05:02:43 GSD insert 第 1 次 等待 1 秒
2021-07-12 05:02:44 {"status":"ok","msg":"添加成功！253786"}
2021-07-12 05:02:44 下次操作: 2021-07-12 05:03:00

2021-07-12 05:03:00 开始第 22 次操作

2021-07-12 05:03:00 开始操作号码 【1800023】
2021-07-12 05:03:03 GSD getOne 第 1 次 等待 1 秒
2021-07-12 05:03:04 查询号码 【1800023】，返回信息 {"status":"bad","msg":""}
2021-07-12 05:03:05 查询号码 【1800023】，GSD为【""】
2021-07-12 05:03:05 bad
2021-07-12 05:03:06 CHB 1800023?1626037385 第 1 次 等待 1 秒
2021-07-12 05:03:07 CHB 1800023?1626037385 第 1 次 获取到号码【1800023】GSD
2021-07-12 05:03:07 获取到号码【1800023】的GSD为【江西-九江】
2021-07-12 05:03:10 GSD insert 第 1 次 等待 1 秒
2021-07-12 05:03:11 {"status":"ok","msg":"添加成功！253791"}
2021-07-12 05:03:11 下次操作: 2021-07-12 05:03:25

2021-07-12 05:03:25 开始第 23 次操作

2021-07-12 05:03:25 开始操作号码 【1800024】
2021-07-12 05:03:29 GSD getOne 第 1 次 等待 1 秒
2021-07-12 05:03:30 查询号码 【1800024】，返回信息 {"status":"bad","msg":""}
2021-07-12 05:03:30 查询号码 【1800024】，GSD为【""】
2021-07-12 05:03:30 bad
2021-07-12 05:03:33 CHB 1800024?1626037410 第 1 次 等待 1 秒
2021-07-12 05:03:34 CHB 1800024?1626037410 第 1 次 获取到号码【1800024】GSD
2021-07-12 05:03:34 获取到号码【1800024】的GSD为【江西-九江】
2021-07-12 05:03:37 GSD insert 第 1 次 等待 1 秒
2021-07-12 05:03:38 {"status":"ok","msg":"添加成功！253793"}
2021-07-12 05:03:38 下次操作: 2021-07-12 05:03:50

2021-07-12 05:03:50 开始第 24 次操作

2021-07-12 05:03:50 开始操作号码 【1800025】
2021-07-12 05:03:54 GSD getOne 第 1 次 等待 1 秒
2021-07-12 05:03:55 查询号码 【1800025】，返回信息 {"status":"bad","msg":""}
2021-07-12 05:03:55 查询号码 【1800025】，GSD为【""】
2021-07-12 05:03:55 bad
2021-07-12 05:03:56 CHB 1800025?1626037435 第 1 次 等待 1 秒
2021-07-12 05:03:57 CHB 1800025?1626037435 第 1 次 获取到号码【1800025】GSD
2021-07-12 05:03:57 获取到号码【1800025】的GSD为【江西-宜春】
2021-07-12 05:04:01 GSD insert 第 1 次 等待 1 秒
2021-07-12 05:04:02 {"status":"ok","msg":"添加成功！253795"}
2021-07-12 05:04:02 下次操作: 2021-07-12 05:04:12

2021-07-12 05:04:12 开始第 25 次操作

2021-07-12 05:04:12 开始操作号码 【1800026】
2021-07-12 05:04:15 GSD getOne 第 1 次 等待 1 秒
2021-07-12 05:04:16 查询号码 【1800026】，返回信息 {"status":"bad","msg":""}
2021-07-12 05:04:17 查询号码 【1800026】，GSD为【""】
2021-07-12 05:04:17 bad
2021-07-12 05:04:18 CHB 1800026?1626037457 第 1 次 等待 1 秒
2021-07-12 05:04:19 CHB 1800026?1626037457 第 1 次 获取到号码【1800026】GSD
2021-07-12 05:04:19 获取到号码【1800026】的GSD为【江西-吉安】
2021-07-12 05:04:22 GSD insert 第 1 次 等待 1 秒
2021-07-12 05:04:23 {"status":"ok","msg":"添加成功！253797"}
2021-07-12 05:04:23 下次操作: 2021-07-12 05:04:37

2021-07-12 05:04:37 开始第 26 次操作

2021-07-12 05:04:37 开始操作号码 【1800027】
2021-07-12 05:04:41 GSD getOne 第 1 次 等待 1 秒
2021-07-12 05:04:42 查询号码 【1800027】，返回信息 {"status":"bad","msg":""}
2021-07-12 05:04:42 查询号码 【1800027】，GSD为【""】
2021-07-12 05:04:42 bad
2021-07-12 05:04:43 CHB 1800027?1626037482 第 1 次 等待 1 秒
2021-07-12 05:04:44 CHB 1800027?1626037482 第 1 次 获取到号码【1800027】GSD
2021-07-12 05:04:44 获取到号码【1800027】的GSD为【江西-赣州】
2021-07-12 05:04:47 GSD insert 第 1 次 等待 1 秒
2021-07-12 05:04:48 {"status":"ok","msg":"添加成功！253799"}
2021-07-12 05:04:48 下次操作: 2021-07-12 05:05:05

2021-07-12 05:05:05 开始第 27 次操作

2021-07-12 05:05:05 开始操作号码 【1800028】
2021-07-12 05:05:09 GSD getOne 第 1 次 等待 1 秒
2021-07-12 05:05:10 查询号码 【1800028】，返回信息 {"status":"bad","msg":""}
2021-07-12 05:05:10 查询号码 【1800028】，GSD为【""】
2021-07-12 05:05:10 bad
2021-07-12 05:05:11 CHB 1800028?1626037510 第 1 次 等待 1 秒
2021-07-12 05:05:12 CHB 1800028?1626037510 第 1 次 获取到号码【1800028】GSD
2021-07-12 05:05:12 获取到号码【1800028】的GSD为【江西-抚州】
2021-07-12 05:05:16 GSD insert 第 1 次 等待 1 秒
2021-07-12 05:05:17 {"status":"ok","msg":"添加成功！253800"}
2021-07-12 05:05:17 下次操作: 2021-07-12 05:05:27

2021-07-12 05:05:27 开始第 28 次操作

2021-07-12 05:05:27 开始操作号码 【1800029】
2021-07-12 05:05:30 GSD getOne 第 1 次 等待 1 秒
2021-07-12 05:05:31 查询号码 【1800029】，返回信息 {"status":"bad","msg":""}
2021-07-12 05:05:31 查询号码 【1800029】，GSD为【""】
2021-07-12 05:05:31 bad
2021-07-12 05:05:32 CHB 1800029?1626037531 第 1 次 等待 1 秒
2021-07-12 05:05:33 CHB 1800029?1626037531 第 1 次 获取到号码【1800029】GSD
2021-07-12 05:05:34 获取到号码【1800029】的GSD为【江西-抚州】
2021-07-12 05:05:37 GSD insert 第 1 次 等待 1 秒
2021-07-12 05:05:38 {"status":"ok","msg":"添加成功！253803"}
2021-07-12 05:05:38 下次操作: 2021-07-12 05:05:48

2021-07-12 05:05:48 开始第 29 次操作

2021-07-12 05:05:48 开始操作号码 【1800030】
2021-07-12 05:05:52 GSD getOne 第 1 次 等待 1 秒
2021-07-12 05:05:53 查询号码 【1800030】，返回信息 {"status":"bad","msg":""}
2021-07-12 05:05:53 查询号码 【1800030】，GSD为【""】
2021-07-12 05:05:53 bad
2021-07-12 05:05:54 CHB 1800030?1626037553 第 1 次 等待 1 秒
2021-07-12 05:05:55 CHB 1800030?1626037553 第 1 次 获取到号码【1800030】GSD
2021-07-12 05:05:55 获取到号码【1800030】的GSD为【河北-邯郸】
2021-07-12 05:05:58 GSD insert 第 1 次 等待 1 秒
2021-07-12 05:05:59 {"status":"ok","msg":"添加成功！253804"}
2021-07-12 05:05:59 下次操作: 2021-07-12 05:06:06

2021-07-12 05:06:06 开始第 30 次操作

2021-07-12 05:06:06 开始操作号码 【1800031】
2021-07-12 05:06:10 GSD getOne 第 1 次 等待 1 秒
2021-07-12 05:06:11 查询号码 【1800031】，返回信息 {"status":"ok","msg":"河北-石家庄","time_insert":"2020-07-30 13:37","time_update":"2020-08-18 21:26"}
2021-07-12 05:06:11 查询号码 【1800031】，GSD为【"河北-石家庄"】

2021-07-12 05:06:11 开始第 30 次操作

2021-07-12 05:06:11 开始操作号码 【1800032】
2021-07-12 05:06:15 GSD getOne 第 1 次 等待 1 秒
2021-07-12 05:06:16 查询号码 【1800032】，返回信息 {"status":"bad","msg":""}
2021-07-12 05:06:16 查询号码 【1800032】，GSD为【""】
2021-07-12 05:06:16 bad
2021-07-12 05:06:17 CHB 1800032?1626037576 第 1 次 等待 1 秒
2021-07-12 05:06:18 CHB 1800032?1626037576 第 1 次 获取到号码【1800032】GSD
2021-07-12 05:06:18 获取到号码【1800032】的GSD为【河北-保定】
2021-07-12 05:06:22 GSD insert 第 1 次 等待 1 秒
2021-07-12 05:06:23 {"status":"ok","msg":"添加成功！253805"}

2021-07-12 05:41:42 开始第 1 次操作

2021-07-12 05:41:42 开始操作号码 【1800033】
2021-07-12 05:41:46 GSD getOne 第 1 次 等待 1 秒
2021-07-12 05:41:47 查询号码 【1800033】，返回信息 {"status":"bad","msg":""}
2021-07-12 05:41:47 查询号码 【1800033】，GSD为【""】
2021-07-12 05:41:47 bad
2021-07-12 05:41:48 CHB 1800033?1626039707 第 1 次 等待 1 秒
2021-07-12 05:41:49 CHB 1800033?1626039707 第 1 次 获取到号码【1800033】GSD
2021-07-12 05:41:50 获取到号码【1800033】的GSD为【河北-秦皇岛】
2021-07-12 05:42:09 GSD insert 第 1 次 等待 1 秒
2021-07-12 05:42:10 {"status":"ok","msg":"添加成功！253915"}
2021-07-12 05:42:10 下次操作: 2021-07-12 05:42:24

2021-07-12 05:42:24 开始第 2 次操作

2021-07-12 05:42:24 开始操作号码 【1800034】
2021-07-12 05:42:31 GSD getOne 第 1 次 等待 1 秒
2021-07-12 05:42:32 查询号码 【1800034】，返回信息 {"status":"bad","msg":""}
2021-07-12 05:42:32 查询号码 【1800034】，GSD为【""】
2021-07-12 05:42:32 bad
2021-07-12 05:42:33 CHB 1800034?1626039752 第 1 次 等待 1 秒
2021-07-12 05:42:34 CHB 1800034?1626039752 第 1 次 获取到号码【1800034】GSD
2021-07-12 05:42:34 获取到号码【1800034】的GSD为【河北-秦皇岛】
2021-07-12 05:42:54 GSD insert 第 1 次 等待 1 秒
2021-07-12 05:42:55 {"status":"ok","msg":"添加成功！253928"}
2021-07-12 05:42:55 下次操作: 2021-07-12 05:43:07

2021-07-12 05:43:07 开始第 3 次操作

2021-07-12 05:43:07 开始操作号码 【1800035】
2021-07-12 05:43:18 GSD getOne 第 1 次 等待 1 秒
2021-07-12 05:43:19 查询号码 【1800035】，返回信息 {"status":"bad","msg":""}
2021-07-12 05:43:19 查询号码 【1800035】，GSD为【""】
2021-07-12 05:43:19 bad
2021-07-12 05:43:21 CHB 1800035?1626039799 第 1 次 等待 1 秒
2021-07-12 05:43:22 CHB 1800035?1626039799 第 1 次 获取到号码【1800035】GSD
2021-07-12 05:43:22 获取到号码【1800035】的GSD为【河北-唐山】
2021-07-12 05:43:41 GSD insert 第 1 次 等待 1 秒
2021-07-12 05:43:42 {"status":"ok","msg":"添加成功！253945"}
2021-07-12 05:43:42 下次操作: 2021-07-12 05:43:48

2021-07-12 05:43:48 开始第 4 次操作

2021-07-12 05:43:48 开始操作号码 【1800036】
2021-07-12 05:44:07 GSD getOne 第 1 次 等待 1 秒
2021-07-12 05:44:08 查询号码 【1800036】，返回信息 {"status":"bad","msg":""}
2021-07-12 05:44:08 查询号码 【1800036】，GSD为【""】
2021-07-12 05:44:08 bad
2021-07-12 05:44:09 CHB 1800036?1626039848 第 1 次 等待 1 秒
2021-07-12 05:44:10 CHB 1800036?1626039848 第 1 次 获取到号码【1800036】GSD
2021-07-12 05:44:10 获取到号码【1800036】的GSD为【河北-廊坊】
2021-07-12 05:44:30 GSD insert 第 1 次 等待 1 秒
2021-07-12 05:44:31 {"status":"ok","msg":"添加成功！253959"}
2021-07-12 05:44:31 下次操作: 2021-07-12 05:44:37

2021-07-12 05:44:37 开始第 5 次操作

2021-07-12 05:44:37 开始操作号码 【1800037】
2021-07-12 05:44:56 GSD getOne 第 1 次 等待 1 秒
2021-07-12 05:44:57 查询号码 【1800037】，返回信息 {"status":"bad","msg":""}
2021-07-12 05:44:57 查询号码 【1800037】，GSD为【""】
2021-07-12 05:44:57 bad
2021-07-12 05:44:59 CHB 1800037?1626039897 第 1 次 等待 1 秒
2021-07-12 05:45:00 CHB 1800037?1626039897 第 1 次 获取到号码【1800037】GSD
2021-07-12 05:45:00 获取到号码【1800037】的GSD为【河北-沧州】
2021-07-12 05:45:19 GSD insert 第 1 次 等待 1 秒
2021-07-12 05:45:20 {"status":"ok","msg":"添加成功！253975"}
2021-07-12 05:45:20 下次操作: 2021-07-12 05:45:27

2021-07-12 05:45:27 开始第 6 次操作

2021-07-12 05:45:27 开始操作号码 【1800038】
2021-07-12 05:45:46 GSD getOne 第 1 次 等待 1 秒
2021-07-12 05:45:47 查询号码 【1800038】，返回信息 {"status":"bad","msg":""}
2021-07-12 05:45:47 查询号码 【1800038】，GSD为【""】
2021-07-12 05:45:47 bad
2021-07-12 05:45:49 CHB 1800038?1626039947 第 1 次 等待 1 秒
2021-07-12 05:45:50 CHB 1800038?1626039947 第 1 次 获取到号码【1800038】GSD
2021-07-12 05:45:50 获取到号码【1800038】的GSD为【河北-张家口】
2021-07-12 05:46:09 GSD insert 第 1 次 等待 1 秒
2021-07-12 05:46:10 {"status":"ok","msg":"添加成功！253988"}
2021-07-12 05:46:10 下次操作: 2021-07-12 05:46:26

2021-07-12 05:46:26 开始第 7 次操作

2021-07-12 05:46:26 开始操作号码 【1800039】
2021-07-12 05:46:31 GSD getOne 第 1 次 等待 1 秒
2021-07-12 05:46:32 查询号码 【1800039】，返回信息 {"status":"bad","msg":""}
2021-07-12 05:46:32 查询号码 【1800039】，GSD为【""】
2021-07-12 05:46:32 bad
2021-07-12 05:46:33 CHB 1800039?1626039992 第 1 次 等待 1 秒
2021-07-12 05:46:34 CHB 1800039?1626039992 第 1 次 获取到号码【1800039】GSD
2021-07-12 05:46:35 获取到号码【1800039】的GSD为【河北-邢台】
2021-07-12 05:46:54 GSD insert 第 1 次 等待 1 秒
2021-07-12 05:46:55 {"status":"ok","msg":"添加成功！254002"}
2021-07-12 05:46:55 下次操作: 2021-07-12 05:47:01

2021-07-12 05:47:01 开始第 8 次操作

2021-07-12 05:47:01 开始操作号码 【1800040】
2021-07-12 05:47:21 GSD getOne 第 1 次 等待 1 秒
2021-07-12 05:47:22 查询号码 【1800040】，返回信息 {"status":"bad","msg":""}
2021-07-12 05:47:22 查询号码 【1800040】，GSD为【""】
2021-07-12 05:47:22 bad
2021-07-12 05:47:23 CHB 1800040?1626040042 第 1 次 等待 1 秒
2021-07-12 05:47:24 CHB 1800040?1626040042 第 1 次 获取到号码【1800040】GSD
2021-07-12 05:47:24 获取到号码【1800040】的GSD为【河北-邯郸】
2021-07-12 05:47:45 GSD insert 第 1 次 等待 1 秒
2021-07-12 05:47:46 {"status":"ok","msg":"添加成功！254016"}
2021-07-12 05:47:46 下次操作: 2021-07-12 05:47:52

2021-07-12 05:47:52 开始第 9 次操作

2021-07-12 05:47:52 开始操作号码 【1800041】
2021-07-12 05:48:12 GSD getOne 第 1 次 等待 1 秒
2021-07-12 05:48:13 查询号码 【1800041】，返回信息 {"status":"bad","msg":""}
2021-07-12 05:48:13 查询号码 【1800041】，GSD为【""】
2021-07-12 05:48:13 bad
2021-07-12 05:48:14 CHB 1800041?1626040093 第 1 次 等待 1 秒
2021-07-12 05:48:15 CHB 1800041?1626040093 第 1 次 获取到号码【1800041】GSD
2021-07-12 05:48:15 获取到号码【1800041】的GSD为【河北-石家庄】
2021-07-12 05:48:34 GSD insert 第 1 次 等待 1 秒
2021-07-12 05:48:35 {"status":"ok","msg":"添加成功！254031"}
2021-07-12 05:48:35 下次操作: 2021-07-12 05:48:44

2021-07-12 05:48:44 开始第 10 次操作

2021-07-12 05:48:44 开始操作号码 【1800042】
2021-07-12 05:49:04 GSD getOne 第 1 次 等待 1 秒
2021-07-12 05:49:05 查询号码 【1800042】，返回信息 {"status":"bad","msg":""}
2021-07-12 05:49:05 查询号码 【1800042】，GSD为【""】
2021-07-12 05:49:05 bad
2021-07-12 05:49:06 CHB 1800042?1626040145 第 1 次 等待 1 秒
2021-07-12 05:49:07 CHB 1800042?1626040145 第 1 次 获取到号码【1800042】GSD
2021-07-12 05:49:07 获取到号码【1800042】的GSD为【河北-保定】
2021-07-12 05:49:26 GSD insert 第 1 次 等待 1 秒
2021-07-12 05:49:27 {"status":"ok","msg":"添加成功！254046"}
2021-07-12 05:49:27 下次操作: 2021-07-12 05:49:41

2021-07-12 05:49:41 开始第 11 次操作

2021-07-12 05:49:41 开始操作号码 【1800043】
2021-07-12 05:49:48 GSD getOne 第 1 次 等待 1 秒
2021-07-12 05:49:49 查询号码 【1800043】，返回信息 {"status":"bad","msg":""}
2021-07-12 05:49:49 查询号码 【1800043】，GSD为【""】
2021-07-12 05:49:49 bad
2021-07-12 05:49:51 CHB 1800043?1626040189 第 1 次 等待 1 秒
2021-07-12 05:49:52 CHB 1800043?1626040189 第 1 次 获取到号码【1800043】GSD
2021-07-12 05:49:52 获取到号码【1800043】的GSD为【河北-保定】
2021-07-12 05:50:11 GSD insert 第 1 次 等待 1 秒
2021-07-12 05:50:12 {"status":"ok","msg":"添加成功！254058"}
2021-07-12 05:50:12 下次操作: 2021-07-12 05:50:23

2021-07-12 05:50:23 开始第 12 次操作

2021-07-12 05:50:23 开始操作号码 【1800044】
2021-07-12 05:50:34 GSD getOne 第 1 次 等待 1 秒
2021-07-12 05:50:35 查询号码 【1800044】，返回信息 {"status":"bad","msg":""}
2021-07-12 05:50:35 查询号码 【1800044】，GSD为【""】
2021-07-12 05:50:35 bad
2021-07-12 05:50:37 CHB 1800044?1626040235 第 1 次 等待 1 秒
2021-07-12 05:50:38 CHB 1800044?1626040235 第 1 次 获取到号码【1800044】GSD
2021-07-12 05:50:38 获取到号码【1800044】的GSD为【河北-保定】
2021-07-12 05:50:57 GSD insert 第 1 次 等待 1 秒
2021-07-12 05:50:58 {"status":"ok","msg":"添加成功！254070"}
2021-07-12 05:50:58 下次操作: 2021-07-12 05:51:16

2021-07-12 05:51:16 开始第 13 次操作

2021-07-12 05:51:16 开始操作号码 【1800045】
2021-07-12 05:51:20 GSD getOne 第 1 次 等待 1 秒
2021-07-12 05:51:21 查询号码 【1800045】，返回信息 {"status":"bad","msg":""}
2021-07-12 05:51:21 查询号码 【1800045】，GSD为【""】
2021-07-12 05:51:21 bad
2021-07-12 05:51:22 CHB 1800045?1626040281 第 1 次 等待 1 秒
2021-07-12 05:51:23 CHB 1800045?1626040281 第 1 次 获取到号码【1800045】GSD
2021-07-12 05:51:23 获取到号码【1800045】的GSD为【河北-唐山】
2021-07-12 05:51:42 GSD insert 第 1 次 等待 1 秒
2021-07-12 05:51:43 {"status":"ok","msg":"添加成功！254082"}
2021-07-12 05:51:43 下次操作: 2021-07-12 05:51:50

2021-07-12 05:51:50 开始第 14 次操作

2021-07-12 05:51:50 开始操作号码 【1800046】
2021-07-12 05:52:10 GSD getOne 第 1 次 等待 1 秒
2021-07-12 05:52:11 查询号码 【1800046】，返回信息 {"status":"bad","msg":""}
2021-07-12 05:52:11 查询号码 【1800046】，GSD为【""】
2021-07-12 05:52:11 bad
2021-07-12 05:52:12 CHB 1800046?1626040331 第 1 次 等待 1 秒
2021-07-12 05:52:13 CHB 1800046?1626040331 第 1 次 获取到号码【1800046】GSD
2021-07-12 05:52:14 获取到号码【1800046】的GSD为【河北-廊坊】
2021-07-12 05:52:33 GSD insert 第 1 次 等待 1 秒
2021-07-12 05:52:34 {"status":"ok","msg":"添加成功！254094"}
2021-07-12 05:52:34 下次操作: 2021-07-12 05:52:40

2021-07-12 05:52:40 开始第 15 次操作

2021-07-12 05:52:40 开始操作号码 【1800047】
2021-07-12 05:52:59 GSD getOne 第 1 次 等待 1 秒
2021-07-12 05:53:00 查询号码 【1800047】，返回信息 {"status":"bad","msg":""}
2021-07-12 05:53:00 查询号码 【1800047】，GSD为【""】
2021-07-12 05:53:00 bad
2021-07-12 05:53:02 CHB 1800047?1626040380 第 1 次 等待 1 秒
2021-07-12 05:53:03 CHB 1800047?1626040380 第 1 次 获取到号码【1800047】GSD
2021-07-12 05:53:03 获取到号码【1800047】的GSD为【河北-沧州】
2021-07-12 05:53:22 GSD insert 第 1 次 等待 1 秒
2021-07-12 05:53:23 {"status":"ok","msg":"添加成功！254102"}
2021-07-12 05:53:23 下次操作: 2021-07-12 05:53:30

2021-07-12 05:53:30 开始第 16 次操作

2021-07-12 05:53:30 开始操作号码 【1800048】
2021-07-12 05:53:49 GSD getOne 第 1 次 等待 1 秒
2021-07-12 05:53:50 查询号码 【1800048】，返回信息 {"status":"bad","msg":""}
2021-07-12 05:53:50 查询号码 【1800048】，GSD为【""】
2021-07-12 05:53:50 bad
2021-07-12 05:53:52 CHB 1800048?1626040430 第 1 次 等待 1 秒
2021-07-12 05:53:53 CHB 1800048?1626040430 第 1 次 获取到号码【1800048】GSD
2021-07-12 05:53:53 获取到号码【1800048】的GSD为【河北-张家口】
2021-07-12 05:54:13 GSD insert 第 1 次 等待 1 秒
2021-07-12 05:54:14 {"status":"ok","msg":"添加成功！254112"}
2021-07-12 05:54:14 下次操作: 2021-07-12 05:54:20

2021-07-12 05:54:20 开始第 17 次操作

2021-07-12 05:54:20 开始操作号码 【1800049】
2021-07-12 05:54:39 GSD getOne 第 1 次 等待 1 秒
2021-07-12 05:54:40 查询号码 【1800049】，返回信息 {"status":"bad","msg":""}
2021-07-12 05:54:40 查询号码 【1800049】，GSD为【""】
2021-07-12 05:54:40 bad
2021-07-12 05:54:41 CHB 1800049?1626040480 第 1 次 等待 1 秒
2021-07-12 05:54:42 CHB 1800049?1626040480 第 1 次 获取到号码【1800049】GSD
2021-07-12 05:54:42 获取到号码【1800049】的GSD为【河北-邢台】
2021-07-12 05:55:01 GSD insert 第 1 次 等待 1 秒
2021-07-12 05:55:02 {"status":"ok","msg":"添加成功！254121"}
2021-07-12 05:55:02 下次操作: 2021-07-12 05:55:17

2021-07-12 05:55:17 开始第 18 次操作

2021-07-12 05:55:17 开始操作号码 【1800050】
2021-07-12 05:55:24 GSD getOne 第 1 次 等待 1 秒
2021-07-12 05:55:25 查询号码 【1800050】，返回信息 {"status":"ok","msg":"四川-成都","time_insert":"2018-10-25 13:49","time_update":"2020-11-01 04:51"}
2021-07-12 05:55:25 查询号码 【1800050】，GSD为【"四川-成都"】

2021-07-12 05:55:25 开始第 18 次操作

2021-07-12 05:55:25 开始操作号码 【1800051】
2021-07-12 05:56:01 GSD getOne 第 1 次 等待 1 秒
2021-07-12 05:56:02 查询号码 【1800051】，返回信息 {"status":"ok","msg":"四川-成都","time_insert":"2017-04-23 09:43","time_update":"2020-11-01 04:54"}
2021-07-12 05:56:02 查询号码 【1800051】，GSD为【"四川-成都"】

2021-07-12 05:56:02 开始第 18 次操作

2021-07-12 05:56:02 开始操作号码 【1800052】
2021-07-12 05:56:37 GSD getOne 第 1 次 等待 1 秒
2021-07-12 05:56:38 查询号码 【1800052】，返回信息 {"status":"ok","msg":"四川-成都","time_insert":"2018-10-05 16:28","time_update":"2020-11-01 04:59"}
2021-07-12 05:56:38 查询号码 【1800052】，GSD为【"四川-成都"】

2021-07-12 05:56:38 开始第 18 次操作

2021-07-12 05:56:38 开始操作号码 【1800053】
2021-07-12 05:57:14 GSD getOne 第 1 次 等待 1 秒
2021-07-12 05:57:15 查询号码 【1800053】，返回信息 {"status":"ok","msg":"四川-成都","time_insert":"2018-04-10 17:58","time_update":"2020-11-01 05:03"}
2021-07-12 05:57:15 查询号码 【1800053】，GSD为【"四川-成都"】

2021-07-12 05:57:15 开始第 18 次操作

2021-07-12 05:57:15 开始操作号码 【1800054】
2021-07-12 05:57:50 GSD getOne 第 1 次 等待 1 秒
2021-07-12 05:57:51 查询号码 【1800054】，返回信息 {"status":"ok","msg":"四川-成都","time_insert":"2015-09-23 16:11","time_update":"2020-11-01 05:08"}
2021-07-12 05:57:51 查询号码 【1800054】，GSD为【"四川-成都"】

2021-07-12 05:57:51 开始第 18 次操作

2021-07-12 05:57:51 开始操作号码 【1800055】
2021-07-12 05:58:26 GSD getOne 第 1 次 等待 1 秒
2021-07-12 05:58:27 查询号码 【1800055】，返回信息 {"status":"ok","msg":"四川-成都","time_insert":"2021-04-22 10:28"}
2021-07-12 05:58:27 查询号码 【1800055】，GSD为【"四川-成都"】

2021-07-12 05:58:27 开始第 18 次操作

2021-07-12 05:58:27 开始操作号码 【1800056】
2021-07-12 05:59:03 GSD getOne 第 1 次 等待 1 秒
2021-07-12 05:59:04 查询号码 【1800056】，返回信息 {"status":"ok","msg":"四川-成都","time_insert":"2018-06-28 23:14","time_update":"2020-11-01 05:11"}
2021-07-12 05:59:04 查询号码 【1800056】，GSD为【"四川-成都"】

2021-07-12 05:59:04 开始第 18 次操作

2021-07-12 05:59:04 开始操作号码 【1800057】
2021-07-12 05:59:39 GSD getOne 第 1 次 等待 1 秒
2021-07-12 05:59:40 查询号码 【1800057】，返回信息 {"status":"ok","msg":"四川-成都","time_insert":"2015-11-15 22:00","time_update":"2020-11-01 05:14"}
2021-07-12 05:59:40 查询号码 【1800057】，GSD为【"四川-成都"】

2021-07-12 05:59:40 开始第 18 次操作

2021-07-12 05:59:40 开始操作号码 【1800058】
2021-07-12 06:00:15 GSD getOne 第 1 次 等待 1 秒
2021-07-12 06:00:16 查询号码 【1800058】，返回信息 {"status":"ok","msg":"四川-成都","time_insert":"2015-07-01 19:36","time_update":"2020-11-01 05:19"}
2021-07-12 06:00:16 查询号码 【1800058】，GSD为【"四川-成都"】

2021-07-12 06:00:16 开始第 18 次操作

2021-07-12 06:00:16 开始操作号码 【1800059】
2021-07-12 06:00:52 GSD getOne 第 1 次 等待 1 秒
2021-07-12 06:00:53 查询号码 【1800059】，返回信息 {"status":"ok","msg":"四川-成都","time_insert":"2016-09-08 23:05","time_update":"2020-11-01 05:23"}
2021-07-12 06:00:53 查询号码 【1800059】，GSD为【"四川-成都"】

2021-07-12 06:00:53 开始第 18 次操作

2021-07-12 06:00:53 开始操作号码 【1800060】
2021-07-12 06:01:28 GSD getOne 第 1 次 等待 1 秒
2021-07-12 06:01:29 查询号码 【1800060】，返回信息 {"status":"bad","msg":""}
2021-07-12 06:01:29 查询号码 【1800060】，GSD为【""】
2021-07-12 06:01:29 bad
2021-07-12 06:01:30 CHB 1800060?1626040889 第 1 次 等待 1 秒
2021-07-12 06:01:31 CHB 1800060?1626040889 第 1 次 获取到号码【1800060】GSD
2021-07-12 06:01:31 获取到号码【1800060】的GSD为【河北-石家庄】
2021-07-12 06:01:50 GSD insert 第 1 次 等待 1 秒
2021-07-12 06:01:51 {"status":"ok","msg":"添加成功！254157"}
2021-07-12 06:01:51 下次操作: 2021-07-12 06:01:59

2021-07-12 06:02:00 开始第 19 次操作

2021-07-12 06:02:00 开始操作号码 【1800061】
2021-07-12 06:02:19 GSD getOne 第 1 次 等待 1 秒
2021-07-12 06:02:20 查询号码 【1800061】，返回信息 {"status":"ok","msg":"河北-石家庄","time_insert":"2021-04-22 09:03"}
2021-07-12 06:02:20 查询号码 【1800061】，GSD为【"河北-石家庄"】

2021-07-12 06:02:20 开始第 19 次操作

2021-07-12 06:02:20 开始操作号码 【1800062】
2021-07-12 06:02:55 GSD getOne 第 1 次 等待 1 秒
2021-07-12 06:02:56 查询号码 【1800062】，返回信息 {"status":"bad","msg":""}
2021-07-12 06:02:56 查询号码 【1800062】，GSD为【""】
2021-07-12 06:02:56 bad
2021-07-12 06:02:58 CHB 1800062?1626040976 第 1 次 等待 1 秒
2021-07-12 06:02:59 CHB 1800062?1626040976 第 1 次 获取到号码【1800062】GSD
2021-07-12 06:02:59 获取到号码【1800062】的GSD为【河北-保定】
2021-07-12 06:03:18 GSD insert 第 1 次 等待 1 秒
2021-07-12 06:03:19 {"status":"ok","msg":"添加成功！254162"}
2021-07-12 06:03:19 下次操作: 2021-07-12 06:03:25

2021-07-12 06:03:25 开始第 20 次操作

2021-07-12 06:03:25 开始操作号码 【1800063】
2021-07-12 06:03:44 GSD getOne 第 1 次 等待 1 秒
2021-07-12 06:03:45 查询号码 【1800063】，返回信息 {"status":"bad","msg":""}
2021-07-12 06:03:46 查询号码 【1800063】，GSD为【""】
2021-07-12 06:03:46 bad
2021-07-12 06:03:47 CHB 1800063?1626041026 第 1 次 等待 1 秒
2021-07-12 06:03:48 CHB 1800063?1626041026 第 1 次 获取到号码【1800063】GSD
2021-07-12 06:03:48 获取到号码【1800063】的GSD为【河北-唐山】
2021-07-12 06:04:07 GSD insert 第 1 次 等待 1 秒
2021-07-12 06:04:08 {"status":"ok","msg":"添加成功！254164"}
2021-07-12 06:04:08 下次操作: 2021-07-12 06:04:17

2021-07-12 06:04:17 开始第 21 次操作

2021-07-12 06:04:17 开始操作号码 【1800064】
2021-07-12 06:04:37 GSD getOne 第 1 次 等待 1 秒
2021-07-12 06:04:38 查询号码 【1800064】，返回信息 {"status":"bad","msg":""}
2021-07-12 06:04:38 查询号码 【1800064】，GSD为【""】
2021-07-12 06:04:38 bad
2021-07-12 06:04:55 CHB 1800064?1626041078 第 1 次 等待 1 秒
2021-07-12 06:04:56 CHB 1800064?1626041078 第 1 次 获取到号码【1800064】GSD
2021-07-12 06:04:56 获取到号码【1800064】的GSD为【河北-保定】
2021-07-12 06:05:01 GSD insert 第 1 次 等待 1 秒
2021-07-12 06:05:02 {"status":"ok","msg":"添加成功！254166"}
2021-07-12 06:05:02 下次操作: 2021-07-12 06:05:20

2021-07-12 06:05:20 开始第 22 次操作

2021-07-12 06:05:20 开始操作号码 【1800065】
2021-07-12 06:05:24 GSD getOne 第 1 次 等待 1 秒
2021-07-12 06:05:25 查询号码 【1800065】，返回信息 {"status":"bad","msg":""}
2021-07-12 06:05:25 查询号码 【1800065】，GSD为【""】
2021-07-12 06:05:25 bad
2021-07-12 06:05:26 CHB 1800065?1626041125 第 1 次 等待 1 秒
2021-07-12 06:05:27 CHB 1800065?1626041125 第 1 次 获取到号码【1800065】GSD
2021-07-12 06:05:27 获取到号码【1800065】的GSD为【河北-石家庄】
2021-07-12 06:05:47 GSD insert 第 1 次 等待 1 秒
2021-07-12 06:05:48 {"status":"ok","msg":"添加成功！254170"}
2021-07-12 06:05:48 下次操作: 2021-07-12 06:06:06

2021-07-12 06:06:06 开始第 23 次操作

2021-07-12 06:06:06 开始操作号码 【1800066】
2021-07-12 06:06:09 GSD getOne 第 1 次 等待 1 秒
2021-07-12 06:06:10 查询号码 【1800066】，返回信息 {"status":"bad","msg":""}
2021-07-12 06:06:11 查询号码 【1800066】，GSD为【""】
2021-07-12 06:06:11 bad
2021-07-12 06:06:14 CHB 1800066?1626041171 第 1 次 等待 1 秒
2021-07-12 06:06:15 CHB 1800066?1626041171 第 1 次 获取到号码【1800066】GSD
2021-07-12 06:06:15 获取到号码【1800066】的GSD为【河北-廊坊】
2021-07-12 06:06:34 GSD insert 第 1 次 等待 1 秒
2021-07-12 06:06:35 {"status":"ok","msg":"添加成功！254171"}
2021-07-12 06:06:35 下次操作: 2021-07-12 06:06:41

2021-07-12 06:06:41 开始第 24 次操作

2021-07-12 06:06:41 开始操作号码 【1800067】
2021-07-12 06:07:01 GSD getOne 第 1 次 等待 1 秒
2021-07-12 06:07:02 查询号码 【1800067】，返回信息 {"status":"bad","msg":""}
2021-07-12 06:07:02 查询号码 【1800067】，GSD为【""】
2021-07-12 06:07:02 bad
2021-07-12 06:07:03 CHB 1800067?1626041222 第 1 次 等待 1 秒
2021-07-12 06:07:04 CHB 1800067?1626041222 第 1 次 获取到号码【1800067】GSD
2021-07-12 06:07:04 获取到号码【1800067】的GSD为【河北-沧州】
2021-07-12 06:07:23 GSD insert 第 1 次 等待 1 秒
2021-07-12 06:07:24 {"status":"ok","msg":"添加成功！254173"}
2021-07-12 06:07:24 下次操作: 2021-07-12 06:07:37

2021-07-12 06:07:37 开始第 25 次操作

2021-07-12 06:07:37 开始操作号码 【1800068】
2021-07-12 06:07:48 GSD getOne 第 1 次 等待 1 秒
2021-07-12 06:07:49 查询号码 【1800068】，返回信息 {"status":"bad","msg":""}
2021-07-12 06:07:49 查询号码 【1800068】，GSD为【""】
2021-07-12 06:07:49 bad
2021-07-12 06:07:51 CHB 1800068?1626041269 第 1 次 等待 1 秒
2021-07-12 06:07:52 CHB 1800068?1626041269 第 1 次 获取到号码【1800068】GSD
2021-07-12 06:07:52 获取到号码【1800068】的GSD为【河北-邢台】
2021-07-12 06:08:12 GSD insert 第 1 次 等待 1 秒
2021-07-12 06:08:13 {"status":"ok","msg":"添加成功！254175"}
2021-07-12 06:08:13 下次操作: 2021-07-12 06:08:29

2021-07-12 06:08:29 开始第 26 次操作

2021-07-12 06:08:29 开始操作号码 【1800069】
2021-07-12 06:08:34 GSD getOne 第 1 次 等待 1 秒
2021-07-12 06:08:35 查询号码 【1800069】，返回信息 {"status":"bad","msg":""}
2021-07-12 06:08:35 查询号码 【1800069】，GSD为【""】
2021-07-12 06:08:35 bad
2021-07-12 06:08:37 CHB 1800069?1626041315 第 1 次 等待 1 秒
2021-07-12 06:08:38 CHB 1800069?1626041315 第 1 次 获取到号码【1800069】GSD
2021-07-12 06:08:38 获取到号码【1800069】的GSD为【河北-秦皇岛】
2021-07-12 06:08:57 GSD insert 第 1 次 等待 1 秒
2021-07-12 06:08:58 {"status":"ok","msg":"添加成功！254177"}
2021-07-12 06:08:58 下次操作: 2021-07-12 06:09:16

2021-07-12 06:09:16 开始第 27 次操作

2021-07-12 06:09:16 开始操作号码 【1800070】
2021-07-12 06:09:20 GSD getOne 第 1 次 等待 1 秒
2021-07-12 06:09:21 查询号码 【1800070】，返回信息 {"status":"bad","msg":""}
2021-07-12 06:09:21 查询号码 【1800070】，GSD为【""】
2021-07-12 06:09:21 bad
2021-07-12 06:09:22 CHB 1800070?1626041361 第 1 次 等待 1 秒
2021-07-12 06:09:23 CHB 1800070?1626041361 第 1 次 获取到号码【1800070】GSD
2021-07-12 06:09:23 获取到号码【1800070】的GSD为【江西-南昌】
2021-07-12 06:09:43 GSD insert 第 1 次 等待 1 秒
2021-07-12 06:09:44 {"status":"ok","msg":"添加成功！254179"}
2021-07-12 06:09:44 下次操作: 2021-07-12 06:09:53

2021-07-12 06:09:53 开始第 28 次操作

2021-07-12 06:09:53 开始操作号码 【1800071】
2021-07-12 06:10:12 GSD getOne 第 1 次 等待 1 秒
2021-07-12 06:10:13 查询号码 【1800071】，返回信息 {"status":"bad","msg":""}
2021-07-12 06:10:13 查询号码 【1800071】，GSD为【""】
2021-07-12 06:10:13 bad
2021-07-12 06:10:15 CHB 1800071?1626041413 第 1 次 等待 1 秒
2021-07-12 06:10:16 CHB 1800071?1626041413 第 1 次 获取到号码【1800071】GSD
2021-07-12 06:10:16 获取到号码【1800071】的GSD为【江西-南昌】
2021-07-12 06:10:35 GSD insert 第 1 次 等待 1 秒
2021-07-12 06:10:36 {"status":"ok","msg":"添加成功！254183"}
2021-07-12 06:10:36 下次操作: 2021-07-12 06:10:42

2021-07-12 06:10:42 开始第 29 次操作

2021-07-12 06:10:42 开始操作号码 【1800072】
2021-07-12 06:11:01 GSD getOne 第 1 次 等待 1 秒
2021-07-12 06:11:02 查询号码 【1800072】，返回信息 {"status":"bad","msg":""}
2021-07-12 06:11:02 查询号码 【1800072】，GSD为【""】
2021-07-12 06:11:02 bad
2021-07-12 06:11:04 CHB 1800072?1626041462 第 1 次 等待 1 秒
2021-07-12 06:11:05 CHB 1800072?1626041462 第 1 次 获取到号码【1800072】GSD
2021-07-12 06:11:05 获取到号码【1800072】的GSD为【江西-九江】
2021-07-12 06:11:24 GSD insert 第 1 次 等待 1 秒
2021-07-12 06:11:25 {"status":"ok","msg":"添加成功！254186"}
2021-07-12 06:11:25 下次操作: 2021-07-12 06:11:39

2021-07-12 06:11:39 开始第 30 次操作

2021-07-12 06:11:39 开始操作号码 【1800073】
2021-07-12 06:11:46 GSD getOne 第 1 次 等待 1 秒
2021-07-12 06:11:47 查询号码 【1800073】，返回信息 {"status":"bad","msg":""}
2021-07-12 06:11:47 查询号码 【1800073】，GSD为【""】
2021-07-12 06:11:47 bad
2021-07-12 06:11:49 CHB 1800073?1626041507 第 1 次 等待 1 秒
2021-07-12 06:11:50 CHB 1800073?1626041507 第 1 次 获取到号码【1800073】GSD
2021-07-12 06:11:50 获取到号码【1800073】的GSD为【江西-吉安】
2021-07-12 06:12:09 GSD insert 第 1 次 等待 1 秒
2021-07-12 06:12:10 {"status":"ok","msg":"添加成功！254188"}

2021-07-12 06:40:25 开始第 1 次操作

2021-07-12 06:40:25 开始操作号码 【1800074】
2021-07-12 06:40:29 GSD getOne 第 1 次 等待 1 秒
2021-07-12 06:40:30 查询号码 【1800074】，返回信息 {"status":"bad","msg":""}
2021-07-12 06:40:30 查询号码 【1800074】，GSD为【""】
2021-07-12 06:40:30 bad
2021-07-12 06:40:32 CHB 1800074?1626043230 第 1 次 等待 1 秒
2021-07-12 06:40:33 CHB 1800074?1626043230 第 1 次 获取到号码【1800074】GSD
2021-07-12 06:40:33 获取到号码【1800074】的GSD为【江西-宜春】
2021-07-12 06:40:37 GSD insert 第 1 次 等待 1 秒
2021-07-12 06:40:38 {"status":"ok","msg":"添加成功！254286"}
2021-07-12 06:40:38 下次操作: 2021-07-12 06:40:48

2021-07-12 06:40:48 开始第 2 次操作

2021-07-12 06:40:48 开始操作号码 【1800075】
2021-07-12 06:40:52 GSD getOne 第 1 次 等待 1 秒
2021-07-12 06:40:53 查询号码 【1800075】，返回信息 {"status":"bad","msg":""}
2021-07-12 06:40:53 查询号码 【1800075】，GSD为【""】
2021-07-12 06:40:53 bad
2021-07-12 06:40:54 CHB 1800075?1626043253 第 1 次 等待 1 秒
2021-07-12 06:40:55 CHB 1800075?1626043253 第 1 次 获取到号码【1800075】GSD
2021-07-12 06:40:55 获取到号码【1800075】的GSD为【江西-宜春】
2021-07-12 06:40:59 GSD insert 第 1 次 等待 1 秒
2021-07-12 06:41:00 {"status":"ok","msg":"添加成功！254292"}
2021-07-12 06:41:00 下次操作: 2021-07-12 06:41:17

2021-07-12 06:41:17 开始第 3 次操作

2021-07-12 06:41:17 开始操作号码 【1800076】
2021-07-12 06:41:21 GSD getOne 第 1 次 等待 1 秒
2021-07-12 06:41:22 查询号码 【1800076】，返回信息 {"status":"bad","msg":""}
2021-07-12 06:41:22 查询号码 【1800076】，GSD为【""】
2021-07-12 06:41:22 bad
2021-07-12 06:41:24 CHB 1800076?1626043282 第 1 次 等待 1 秒
2021-07-12 06:41:25 CHB 1800076?1626043282 第 1 次 获取到号码【1800076】GSD
2021-07-12 06:41:25 获取到号码【1800076】的GSD为【江西-吉安】
2021-07-12 06:41:29 GSD insert 第 1 次 等待 1 秒
2021-07-12 06:41:30 {"status":"ok","msg":"添加成功！254302"}
2021-07-12 06:41:30 下次操作: 2021-07-12 06:41:47

2021-07-12 06:41:47 开始第 4 次操作

2021-07-12 06:41:47 开始操作号码 【1800077】
2021-07-12 06:41:51 GSD getOne 第 1 次 等待 1 秒
2021-07-12 06:41:52 查询号码 【1800077】，返回信息 {"status":"bad","msg":""}
2021-07-12 06:41:52 查询号码 【1800077】，GSD为【""】
2021-07-12 06:41:52 bad
2021-07-12 06:41:54 CHB 1800077?1626043312 第 1 次 等待 1 秒
2021-07-12 06:41:55 CHB 1800077?1626043312 第 1 次 获取到号码【1800077】GSD
2021-07-12 06:41:55 获取到号码【1800077】的GSD为【江西-赣州】
2021-07-12 06:41:58 GSD insert 第 1 次 等待 1 秒
2021-07-12 06:41:59 {"status":"ok","msg":"添加成功！254309"}
2021-07-12 06:41:59 下次操作: 2021-07-12 06:42:12

2021-07-12 06:42:12 开始第 5 次操作

2021-07-12 06:42:12 开始操作号码 【1800078】
2021-07-12 06:42:16 GSD getOne 第 1 次 等待 1 秒
2021-07-12 06:42:17 查询号码 【1800078】，返回信息 {"status":"bad","msg":""}
2021-07-12 06:42:17 查询号码 【1800078】，GSD为【""】
2021-07-12 06:42:17 bad
2021-07-12 06:42:19 CHB 1800078?1626043337 第 1 次 等待 1 秒
2021-07-12 06:42:20 CHB 1800078?1626043337 第 1 次 获取到号码【1800078】GSD
2021-07-12 06:42:20 获取到号码【1800078】的GSD为【江西-抚州】
2021-07-12 06:42:24 GSD insert 第 1 次 等待 1 秒
2021-07-12 06:42:25 {"status":"ok","msg":"添加成功！254319"}
2021-07-12 06:42:25 下次操作: 2021-07-12 06:42:37

2021-07-12 06:42:37 开始第 6 次操作

2021-07-12 06:42:37 开始操作号码 【1800079】
2021-07-12 06:42:41 GSD getOne 第 1 次 等待 1 秒
2021-07-12 06:42:42 查询号码 【1800079】，返回信息 {"status":"bad","msg":""}
2021-07-12 06:42:42 查询号码 【1800079】，GSD为【""】
2021-07-12 06:42:42 bad
2021-07-12 06:42:43 CHB 1800079?1626043362 第 1 次 等待 1 秒
2021-07-12 06:42:44 CHB 1800079?1626043362 第 1 次 获取到号码【1800079】GSD
2021-07-12 06:42:44 获取到号码【1800079】的GSD为【江西-宜春】
2021-07-12 06:42:48 GSD insert 第 1 次 等待 1 秒
2021-07-12 06:42:49 {"status":"ok","msg":"添加成功！254327"}
2021-07-12 06:42:49 下次操作: 2021-07-12 06:43:04

2021-07-12 06:43:04 开始第 7 次操作

2021-07-12 06:43:04 开始操作号码 【1800080】
2021-07-12 06:43:08 GSD getOne 第 1 次 等待 1 秒
2021-07-12 06:43:09 查询号码 【1800080】，返回信息 {"status":"bad","msg":""}
2021-07-12 06:43:09 查询号码 【1800080】，GSD为【""】
2021-07-12 06:43:09 bad
2021-07-12 06:43:11 CHB 1800080?1626043389 第 1 次 等待 1 秒
2021-07-12 06:43:12 CHB 1800080?1626043389 第 1 次 获取到号码【1800080】GSD
2021-07-12 06:43:12 获取到号码【1800080】的GSD为【广东-潮州】
2021-07-12 06:43:18 GSD insert 第 1 次 等待 1 秒
2021-07-12 06:43:19 {"status":"ok","msg":"添加成功！254338"}
2021-07-12 06:43:19 下次操作: 2021-07-12 06:43:30

2021-07-12 06:43:30 开始第 8 次操作

2021-07-12 06:43:30 开始操作号码 【1800081】
2021-07-12 06:43:36 GSD getOne 第 1 次 等待 1 秒
2021-07-12 06:43:37 查询号码 【1800081】，返回信息 {"status":"bad","msg":""}
2021-07-12 06:43:37 查询号码 【1800081】，GSD为【""】
2021-07-12 06:43:37 bad
2021-07-12 06:43:39 CHB 1800081?1626043417 第 1 次 等待 1 秒
2021-07-12 06:43:40 CHB 1800081?1626043417 第 1 次 获取到号码【1800081】GSD
2021-07-12 06:43:40 获取到号码【1800081】的GSD为【广东-佛山】
2021-07-12 06:43:44 GSD insert 第 1 次 等待 1 秒
2021-07-12 06:43:45 {"status":"ok","msg":"添加成功！254347"}
2021-07-12 06:43:45 下次操作: 2021-07-12 06:43:59

2021-07-12 06:43:59 开始第 9 次操作

2021-07-12 06:43:59 开始操作号码 【1800082】
2021-07-12 06:44:02 GSD getOne 第 1 次 等待 1 秒
2021-07-12 06:44:03 查询号码 【1800082】，返回信息 {"status":"bad","msg":""}
2021-07-12 06:44:03 查询号码 【1800082】，GSD为【""】
2021-07-12 06:44:03 bad
2021-07-12 06:44:05 CHB 1800082?1626043443 第 1 次 等待 1 秒
2021-07-12 06:44:06 CHB 1800082?1626043443 第 1 次 获取到号码【1800082】GSD
2021-07-12 06:44:06 获取到号码【1800082】的GSD为【广东-佛山】
2021-07-12 06:44:10 GSD insert 第 1 次 等待 1 秒
2021-07-12 06:44:11 {"status":"ok","msg":"添加成功！254355"}
2021-07-12 06:44:11 下次操作: 2021-07-12 06:44:28

2021-07-12 06:44:28 开始第 10 次操作

2021-07-12 06:44:28 开始操作号码 【1800083】
2021-07-12 06:44:32 GSD getOne 第 1 次 等待 1 秒
2021-07-12 06:44:33 查询号码 【1800083】，返回信息 {"status":"bad","msg":""}
2021-07-12 06:44:33 查询号码 【1800083】，GSD为【""】
2021-07-12 06:44:33 bad
2021-07-12 06:44:34 CHB 1800083?1626043473 第 1 次 等待 1 秒
2021-07-12 06:44:35 CHB 1800083?1626043473 第 1 次 获取到号码【1800083】GSD
2021-07-12 06:44:35 获取到号码【1800083】的GSD为【广东-佛山】
2021-07-12 06:44:39 GSD insert 第 1 次 等待 1 秒
2021-07-12 06:44:40 {"status":"ok","msg":"添加成功！254365"}
2021-07-12 06:44:40 下次操作: 2021-07-12 06:44:53

2021-07-12 06:44:53 开始第 11 次操作

2021-07-12 06:44:53 开始操作号码 【1800084】
2021-07-12 06:44:57 GSD getOne 第 1 次 等待 1 秒
2021-07-12 06:44:58 查询号码 【1800084】，返回信息 {"status":"bad","msg":""}
2021-07-12 06:44:58 查询号码 【1800084】，GSD为【""】
2021-07-12 06:44:58 bad
2021-07-12 06:45:00 CHB 1800084?1626043498 第 1 次 等待 1 秒
2021-07-12 06:45:01 CHB 1800084?1626043498 第 1 次 获取到号码【1800084】GSD
2021-07-12 06:45:01 获取到号码【1800084】的GSD为【广东-佛山】
2021-07-12 06:45:05 GSD insert 第 1 次 等待 1 秒
2021-07-12 06:45:06 {"status":"ok","msg":"添加成功！254374"}
2021-07-12 06:45:06 下次操作: 2021-07-12 06:45:16

2021-07-12 06:45:16 开始第 12 次操作

2021-07-12 06:45:16 开始操作号码 【1800085】
2021-07-12 06:45:19 GSD getOne 第 1 次 等待 1 秒
2021-07-12 06:45:20 查询号码 【1800085】，返回信息 {"status":"bad","msg":""}
2021-07-12 06:45:20 查询号码 【1800085】，GSD为【""】
2021-07-12 06:45:20 bad
2021-07-12 06:45:22 CHB 1800085?1626043520 第 1 次 等待 1 秒
2021-07-12 06:45:23 CHB 1800085?1626043520 第 1 次 获取到号码【1800085】GSD
2021-07-12 06:45:23 获取到号码【1800085】的GSD为【广东-佛山】
2021-07-12 06:45:27 GSD insert 第 1 次 等待 1 秒
2021-07-12 06:45:28 {"status":"ok","msg":"添加成功！254381"}
2021-07-12 06:45:28 下次操作: 2021-07-12 06:45:35

2021-07-12 06:45:35 开始第 13 次操作

2021-07-12 06:45:35 开始操作号码 【1800086】
2021-07-12 06:45:38 GSD getOne 第 1 次 等待 1 秒
2021-07-12 06:45:39 查询号码 【1800086】，返回信息 {"status":"bad","msg":""}
2021-07-12 06:45:40 查询号码 【1800086】，GSD为【""】
2021-07-12 06:45:40 bad
2021-07-12 06:45:41 CHB 1800086?1626043540 第 1 次 等待 1 秒
2021-07-12 06:45:42 CHB 1800086?1626043540 第 1 次 获取到号码【1800086】GSD
2021-07-12 06:45:42 获取到号码【1800086】的GSD为【广东-佛山】
2021-07-12 06:45:46 GSD insert 第 1 次 等待 1 秒
2021-07-12 06:45:47 {"status":"ok","msg":"添加成功！254390"}
2021-07-12 06:45:47 下次操作: 2021-07-12 06:46:02

2021-07-12 06:46:02 开始第 14 次操作

2021-07-12 06:46:02 开始操作号码 【1800087】
2021-07-12 06:46:05 GSD getOne 第 1 次 等待 1 秒
2021-07-12 06:46:06 查询号码 【1800087】，返回信息 {"status":"bad","msg":""}
2021-07-12 06:46:07 查询号码 【1800087】，GSD为【""】
2021-07-12 06:46:07 bad
2021-07-12 06:46:08 CHB 1800087?1626043567 第 1 次 等待 1 秒
2021-07-12 06:46:09 CHB 1800087?1626043567 第 1 次 获取到号码【1800087】GSD
2021-07-12 06:46:09 获取到号码【1800087】的GSD为【广东-佛山】
2021-07-12 06:46:13 GSD insert 第 1 次 等待 1 秒
2021-07-12 06:46:14 {"status":"ok","msg":"添加成功！254399"}
2021-07-12 06:46:14 下次操作: 2021-07-12 06:46:21

2021-07-12 06:46:21 开始第 15 次操作

2021-07-12 06:46:21 开始操作号码 【1800088】
2021-07-12 06:46:25 GSD getOne 第 1 次 等待 1 秒
2021-07-12 06:46:26 查询号码 【1800088】，返回信息 {"status":"bad","msg":""}
2021-07-12 06:46:26 查询号码 【1800088】，GSD为【""】
2021-07-12 06:46:26 bad
2021-07-12 06:46:28 CHB 1800088?1626043586 第 1 次 等待 1 秒
2021-07-12 06:46:29 CHB 1800088?1626043586 第 1 次 获取到号码【1800088】GSD
2021-07-12 06:46:29 获取到号码【1800088】的GSD为【广东-佛山】
2021-07-12 06:46:33 GSD insert 第 1 次 等待 1 秒
2021-07-12 06:46:34 {"status":"ok","msg":"添加成功！254405"}
2021-07-12 06:46:34 下次操作: 2021-07-12 06:46:44

2021-07-12 06:46:44 开始第 16 次操作

2021-07-12 06:46:44 开始操作号码 【1800089】
2021-07-12 06:46:47 GSD getOne 第 1 次 等待 1 秒
2021-07-12 06:46:48 查询号码 【1800089】，返回信息 {"status":"bad","msg":""}
2021-07-12 06:46:48 查询号码 【1800089】，GSD为【""】
2021-07-12 06:46:48 bad
2021-07-12 06:46:50 CHB 1800089?1626043608 第 1 次 等待 1 秒
2021-07-12 06:46:51 CHB 1800089?1626043608 第 1 次 获取到号码【1800089】GSD
2021-07-12 06:46:51 获取到号码【1800089】的GSD为【广东-佛山】
2021-07-12 06:46:54 GSD insert 第 1 次 等待 1 秒
2021-07-12 06:46:55 {"status":"ok","msg":"添加成功！254414"}
2021-07-12 06:46:55 下次操作: 2021-07-12 06:47:11

2021-07-12 06:47:11 开始第 17 次操作

2021-07-12 06:47:11 开始操作号码 【1800090】
2021-07-12 06:47:15 GSD getOne 第 1 次 等待 1 秒
2021-07-12 06:47:16 查询号码 【1800090】，返回信息 {"status":"bad","msg":""}
2021-07-12 06:47:16 查询号码 【1800090】，GSD为【""】
2021-07-12 06:47:16 bad
2021-07-12 06:47:18 CHB 1800090?1626043636 第 1 次 等待 1 秒
2021-07-12 06:47:19 CHB 1800090?1626043636 第 1 次 获取到号码【1800090】GSD
2021-07-12 06:47:19 获取到号码【1800090】的GSD为【广东-茂名】
2021-07-12 06:47:23 GSD insert 第 1 次 等待 1 秒
2021-07-12 06:47:24 {"status":"ok","msg":"添加成功！254425"}
2021-07-12 06:47:24 下次操作: 2021-07-12 06:47:38

2021-07-12 06:47:38 开始第 18 次操作

2021-07-12 06:47:38 开始操作号码 【1800091】
2021-07-12 06:47:42 GSD getOne 第 1 次 等待 1 秒
2021-07-12 06:47:43 查询号码 【1800091】，返回信息 {"status":"bad","msg":""}
2021-07-12 06:47:43 查询号码 【1800091】，GSD为【""】
2021-07-12 06:47:43 bad
2021-07-12 06:47:44 CHB 1800091?1626043663 第 1 次 等待 1 秒
2021-07-12 06:47:45 CHB 1800091?1626043663 第 1 次 获取到号码【1800091】GSD
2021-07-12 06:47:45 获取到号码【1800091】的GSD为【广东-茂名】
2021-07-12 06:47:49 GSD insert 第 1 次 等待 1 秒
2021-07-12 06:47:50 {"status":"ok","msg":"添加成功！254436"}
2021-07-12 06:47:50 下次操作: 2021-07-12 06:48:04

2021-07-12 06:48:04 开始第 19 次操作

2021-07-12 06:48:04 开始操作号码 【1800092】
2021-07-12 06:48:08 GSD getOne 第 1 次 等待 1 秒
2021-07-12 06:48:09 查询号码 【1800092】，返回信息 {"status":"bad","msg":""}
2021-07-12 06:48:09 查询号码 【1800092】，GSD为【""】
2021-07-12 06:48:09 bad
2021-07-12 06:48:10 CHB 1800092?1626043689 第 1 次 等待 1 秒
2021-07-12 06:48:11 CHB 1800092?1626043689 第 1 次 获取到号码【1800092】GSD
2021-07-12 06:48:11 获取到号码【1800092】的GSD为【广东-茂名】
2021-07-12 06:48:15 GSD insert 第 1 次 等待 1 秒
2021-07-12 06:48:16 {"status":"ok","msg":"添加成功！254443"}
2021-07-12 06:48:16 下次操作: 2021-07-12 06:48:27

2021-07-12 06:48:27 开始第 20 次操作

2021-07-12 06:48:27 开始操作号码 【1800093】
2021-07-12 06:48:31 GSD getOne 第 1 次 等待 1 秒
2021-07-12 06:48:32 查询号码 【1800093】，返回信息 {"status":"bad","msg":""}
2021-07-12 06:48:32 查询号码 【1800093】，GSD为【""】
2021-07-12 06:48:32 bad
2021-07-12 06:48:34 CHB 1800093?1626043712 第 1 次 等待 1 秒
2021-07-12 06:48:35 CHB 1800093?1626043712 第 1 次 获取到号码【1800093】GSD
2021-07-12 06:48:35 获取到号码【1800093】的GSD为【广东-茂名】
2021-07-12 06:48:38 GSD insert 第 1 次 等待 1 秒
2021-07-12 06:48:40 {"status":"ok","msg":"添加成功！254453"}
2021-07-12 06:48:40 下次操作: 2021-07-12 06:48:58

2021-07-12 06:48:58 开始第 21 次操作

2021-07-12 06:48:58 开始操作号码 【1800094】
2021-07-12 06:49:01 GSD getOne 第 1 次 等待 1 秒
2021-07-12 06:49:02 查询号码 【1800094】，返回信息 {"status":"bad","msg":""}
2021-07-12 06:49:02 查询号码 【1800094】，GSD为【""】
2021-07-12 06:49:02 bad
2021-07-12 06:49:04 CHB 1800094?1626043742 第 1 次 等待 1 秒
2021-07-12 06:49:05 CHB 1800094?1626043742 第 1 次 获取到号码【1800094】GSD
2021-07-12 06:49:05 获取到号码【1800094】的GSD为【广东-揭阳】
2021-07-12 06:49:09 GSD insert 第 1 次 等待 1 秒
2021-07-12 06:49:10 {"status":"ok","msg":"添加成功！254462"}
2021-07-12 06:49:10 下次操作: 2021-07-12 06:49:26

2021-07-12 06:49:26 开始第 22 次操作

2021-07-12 06:49:26 开始操作号码 【1800095】
2021-07-12 06:49:30 GSD getOne 第 1 次 等待 1 秒
2021-07-12 06:49:31 查询号码 【1800095】，返回信息 {"status":"bad","msg":""}
2021-07-12 06:49:31 查询号码 【1800095】，GSD为【""】
2021-07-12 06:49:31 bad
2021-07-12 06:49:33 CHB 1800095?1626043771 第 1 次 等待 1 秒
2021-07-12 06:49:34 CHB 1800095?1626043771 第 1 次 获取到号码【1800095】GSD
2021-07-12 06:49:34 获取到号码【1800095】的GSD为【广东-揭阳】
2021-07-12 06:49:37 GSD insert 第 1 次 等待 1 秒
2021-07-12 06:49:38 {"status":"ok","msg":"添加成功！254470"}
2021-07-12 06:49:38 下次操作: 2021-07-12 06:49:53

2021-07-12 06:49:53 开始第 23 次操作

2021-07-12 06:49:53 开始操作号码 【1800096】
2021-07-12 06:49:57 GSD getOne 第 1 次 等待 1 秒
2021-07-12 06:49:58 查询号码 【1800096】，返回信息 {"status":"bad","msg":""}
2021-07-12 06:49:58 查询号码 【1800096】，GSD为【""】
2021-07-12 06:49:58 bad
2021-07-12 06:50:00 CHB 1800096?1626043798 第 1 次 等待 1 秒
2021-07-12 06:50:01 CHB 1800096?1626043798 第 1 次 获取到号码【1800096】GSD
2021-07-12 06:50:01 获取到号码【1800096】的GSD为【广东-潮州】
2021-07-12 06:50:05 GSD insert 第 1 次 等待 1 秒
2021-07-12 06:50:06 {"status":"ok","msg":"添加成功！254480"}
2021-07-12 06:50:06 下次操作: 2021-07-12 06:50:20

2021-07-12 06:50:20 开始第 24 次操作

2021-07-12 06:50:20 开始操作号码 【1800097】
2021-07-12 06:50:23 GSD getOne 第 1 次 等待 1 秒
2021-07-12 06:50:24 查询号码 【1800097】，返回信息 {"status":"bad","msg":""}
2021-07-12 06:50:24 查询号码 【1800097】，GSD为【""】
2021-07-12 06:50:24 bad
2021-07-12 06:50:26 CHB 1800097?1626043824 第 1 次 等待 1 秒
2021-07-12 06:50:27 CHB 1800097?1626043824 第 1 次 获取到号码【1800097】GSD
2021-07-12 06:50:27 获取到号码【1800097】的GSD为【广东-湛江】
2021-07-12 06:50:31 GSD insert 第 1 次 等待 1 秒
2021-07-12 06:50:32 {"status":"ok","msg":"添加成功！254486"}
2021-07-12 06:50:32 下次操作: 2021-07-12 06:50:47

2021-07-12 06:50:47 开始第 25 次操作

2021-07-12 06:50:47 开始操作号码 【1800098】
2021-07-12 06:50:51 GSD getOne 第 1 次 等待 1 秒
2021-07-12 06:50:52 查询号码 【1800098】，返回信息 {"status":"bad","msg":""}
2021-07-12 06:50:52 查询号码 【1800098】，GSD为【""】
2021-07-12 06:50:52 bad
2021-07-12 06:50:53 CHB 1800098?1626043852 第 1 次 等待 1 秒
2021-07-12 06:50:54 CHB 1800098?1626043852 第 1 次 获取到号码【1800098】GSD
2021-07-12 06:50:54 获取到号码【1800098】的GSD为【广东-江门】
2021-07-12 06:50:58 GSD insert 第 1 次 等待 1 秒
2021-07-12 06:50:59 {"status":"ok","msg":"添加成功！254495"}
2021-07-12 06:50:59 下次操作: 2021-07-12 06:51:16

2021-07-12 06:51:16 开始第 26 次操作

2021-07-12 06:51:16 开始操作号码 【1800099】
2021-07-12 06:51:20 GSD getOne 第 1 次 等待 1 秒
2021-07-12 06:51:21 查询号码 【1800099】，返回信息 {"status":"bad","msg":""}
2021-07-12 06:51:21 查询号码 【1800099】，GSD为【""】
2021-07-12 06:51:21 bad
2021-07-12 06:51:22 CHB 1800099?1626043881 第 1 次 等待 1 秒
2021-07-12 06:51:23 CHB 1800099?1626043881 第 1 次 获取到号码【1800099】GSD
2021-07-12 06:51:23 获取到号码【1800099】的GSD为【广东-惠州】
2021-07-12 06:51:27 GSD insert 第 1 次 等待 1 秒
2021-07-12 06:51:28 {"status":"ok","msg":"添加成功！254500"}
2021-07-12 06:51:28 下次操作: 2021-07-12 06:51:39

2021-07-12 06:51:39 开始第 27 次操作

2021-07-12 06:51:39 开始操作号码 【1800100】
2021-07-12 06:51:43 GSD getOne 第 1 次 等待 1 秒
2021-07-12 06:51:44 查询号码 【1800100】，返回信息 {"status":"bad","msg":""}
2021-07-12 06:51:44 查询号码 【1800100】，GSD为【""】
2021-07-12 06:51:44 bad
2021-07-12 06:51:45 CHB 1800100?1626043904 第 1 次 等待 1 秒
2021-07-12 06:51:46 CHB 1800100?1626043904 第 1 次 获取到号码【1800100】GSD
2021-07-12 06:51:46 获取到号码【1800100】的GSD为【北京-北京】
2021-07-12 06:51:50 GSD insert 第 1 次 等待 1 秒
2021-07-12 06:51:51 {"status":"ok","msg":"添加成功！254506"}
2021-07-12 06:51:51 下次操作: 2021-07-12 06:51:58

2021-07-12 06:51:58 开始第 28 次操作

2021-07-12 06:51:58 开始操作号码 【1800101】
2021-07-12 06:52:02 GSD getOne 第 1 次 等待 1 秒
2021-07-12 06:52:03 查询号码 【1800101】，返回信息 {"status":"bad","msg":""}
2021-07-12 06:52:03 查询号码 【1800101】，GSD为【""】
2021-07-12 06:52:03 bad
2021-07-12 06:52:04 CHB 1800101?1626043923 第 1 次 等待 1 秒
2021-07-12 06:52:05 CHB 1800101?1626043923 第 1 次 获取到号码【1800101】GSD
2021-07-12 06:52:05 获取到号码【1800101】的GSD为【北京-北京】
2021-07-12 06:52:09 GSD insert 第 1 次 等待 1 秒
2021-07-12 06:52:10 {"status":"ok","msg":"添加成功！254507"}
2021-07-12 06:52:10 下次操作: 2021-07-12 06:52:17

2021-07-12 06:52:17 开始第 29 次操作

2021-07-12 06:52:17 开始操作号码 【1800102】
2021-07-12 06:52:21 GSD getOne 第 1 次 等待 1 秒
2021-07-12 06:52:22 查询号码 【1800102】，返回信息 {"status":"bad","msg":""}
2021-07-12 06:52:22 查询号码 【1800102】，GSD为【""】
2021-07-12 06:52:22 bad
2021-07-12 06:52:23 CHB 1800102?1626043942 第 1 次 等待 1 秒
2021-07-12 06:52:24 CHB 1800102?1626043942 第 1 次 获取到号码【1800102】GSD
2021-07-12 06:52:24 获取到号码【1800102】的GSD为【北京-北京】
2021-07-12 06:52:28 GSD insert 第 1 次 等待 1 秒
2021-07-12 06:52:29 {"status":"ok","msg":"添加成功！254509"}
2021-07-12 06:52:29 下次操作: 2021-07-12 06:52:37

2021-07-12 06:52:37 开始第 30 次操作

2021-07-12 06:52:37 开始操作号码 【1800103】
2021-07-12 06:52:41 GSD getOne 第 1 次 等待 1 秒
2021-07-12 06:52:42 查询号码 【1800103】，返回信息 {"status":"bad","msg":""}
2021-07-12 06:52:42 查询号码 【1800103】，GSD为【""】
2021-07-12 06:52:42 bad
2021-07-12 06:52:43 CHB 1800103?1626043962 第 1 次 等待 1 秒
2021-07-12 06:52:44 CHB 1800103?1626043962 第 1 次 获取到号码【1800103】GSD
2021-07-12 06:52:44 获取到号码【1800103】的GSD为【北京-北京】
2021-07-12 06:52:48 GSD insert 第 1 次 等待 1 秒
2021-07-12 06:52:49 {"status":"ok","msg":"添加成功！254511"}

