2024-03-18 00:08:09 开始第 9665 次操作

2024-03-18 00:08:09 开始操作号码 【1769565】
2024-03-18 00:08:14 GSD getOne 第 1 次 等待 3 秒
2024-03-18 00:08:17 查询号码 【1769565】，返回信息 {"status":"ok","msg":"天津-天津","gid":"142173","time_insert":"2021-06-27 21:58"}
2024-03-18 00:08:17 查询号码 【1769565】，GSD为【"天津-天津"】

2024-03-18 00:08:18 开始第 9666 次操作

2024-03-18 00:08:18 开始操作号码 【1769566】
2024-03-18 00:08:23 GSD getOne 第 1 次 等待 3 秒
2024-03-18 00:08:26 查询号码 【1769566】，返回信息 {"status":"ok","msg":"天津-天津","gid":"142168","time_insert":"2021-06-27 21:58"}
2024-03-18 00:08:26 查询号码 【1769566】，GSD为【"天津-天津"】

2024-03-18 00:08:27 开始第 9667 次操作

2024-03-18 00:08:27 开始操作号码 【1769567】
2024-03-18 00:08:31 GSD getOne 第 1 次 等待 3 秒
2024-03-18 00:08:34 查询号码 【1769567】，返回信息 {"status":"ok","msg":"天津-天津","gid":"142163","time_insert":"2021-06-27 21:57"}
2024-03-18 00:08:34 查询号码 【1769567】，GSD为【"天津-天津"】

2024-03-18 00:08:35 开始第 9668 次操作

2024-03-18 00:08:35 开始操作号码 【1769568】
2024-03-18 00:08:40 GSD getOne 第 1 次 等待 3 秒
2024-03-18 00:08:43 查询号码 【1769568】，返回信息 {"status":"ok","msg":"天津-天津","gid":"142159","time_insert":"2021-06-27 21:56"}
2024-03-18 00:08:43 查询号码 【1769568】，GSD为【"天津-天津"】

2024-03-18 00:32:23 开始第 9669 次操作

2024-03-18 00:32:23 开始操作号码 【1769569】
2024-03-18 00:32:28 GSD getOne 第 1 次 等待 3 秒
2024-03-18 00:32:31 查询号码 【1769569】，返回信息 {"status":"ok","msg":"天津-天津","gid":"142155","time_insert":"2021-06-27 21:55"}
2024-03-18 00:32:31 查询号码 【1769569】，GSD为【"天津-天津"】

2024-03-18 00:32:33 开始第 9670 次操作

2024-03-18 00:32:33 开始操作号码 【1769570】
2024-03-18 00:32:38 GSD getOne 第 1 次 等待 3 秒
2024-03-18 00:32:41 查询号码 【1769570】，返回信息 {"status":"ok","msg":"天津-天津","gid":"142149","time_insert":"2021-06-27 21:55"}
2024-03-18 00:32:41 查询号码 【1769570】，GSD为【"天津-天津"】

2024-03-18 00:32:42 开始第 9671 次操作

2024-03-18 00:32:42 开始操作号码 【1769571】
2024-03-18 00:32:49 GSD getOne 第 1 次 等待 3 秒
2024-03-18 00:32:52 查询号码 【1769571】，返回信息 {"status":"ok","msg":"天津-天津","gid":"142141","time_insert":"2021-06-27 21:54"}
2024-03-18 00:32:52 查询号码 【1769571】，GSD为【"天津-天津"】

2024-03-18 00:32:53 开始第 9672 次操作

2024-03-18 00:32:53 开始操作号码 【1769572】
2024-03-18 00:32:59 GSD getOne 第 1 次 等待 3 秒
2024-03-18 00:33:02 查询号码 【1769572】，返回信息 {"status":"ok","msg":"天津-天津","gid":"142131","time_insert":"2021-06-27 21:53"}
2024-03-18 00:33:02 查询号码 【1769572】，GSD为【"天津-天津"】

