2024-06-16 00:10:43 开始第 941 次操作

2024-06-16 00:10:43 开始操作号码 【1540834】
2024-06-16 00:10:54 GSD getOne 第 1 次 等待 3 秒
2024-06-16 00:10:57 查询号码 【1540834】，返回信息 {"status":"ok","msg":"-","gid":"529740","time_insert":"2023-02-14 00:20"}
2024-06-16 00:10:57 查询号码 【1540834】，GSD为【"-"】
2024-06-16 00:10:57 ok && -
2024-06-16 00:10:59 CHB 1540834?1718467857 第 1 次 等待 3 秒
2024-06-16 00:11:02 CHB 1540834?1718467857 第 1 次 获取到号码【1540834】GSD
2024-06-16 00:11:02 未获取到号码【1540834】GSD，可能号码格式错误
2024-06-16 00:11:02 获取到号码【1540834】的GSD为【-】
2024-06-16 00:11:10 GSD insert 第 1 次 等待 3 秒
2024-06-16 00:11:13 {"status":"bad","gid":"529740","msg":"添加失败！号码【1540834(-|-)】已存在！"}
2024-06-16 00:11:13 随机等待 74 秒，约 1 分钟
2024-06-16 00:11:13 下次操作: 2024-06-16 00:12:27

2024-06-16 00:12:27 开始第 942 次操作

2024-06-16 00:12:27 开始操作号码 【1540835】
2024-06-16 00:12:36 GSD getOne 第 1 次 等待 3 秒
2024-06-16 00:12:39 查询号码 【1540835】，返回信息 {"status":"ok","msg":"-","gid":"529752","time_insert":"2023-02-14 00:30"}
2024-06-16 00:12:39 查询号码 【1540835】，GSD为【"-"】
2024-06-16 00:12:39 ok && -
2024-06-16 00:12:40 CHB 1540835?1718467959 第 1 次 等待 3 秒
2024-06-16 00:12:43 CHB 1540835?1718467959 第 1 次 获取到号码【1540835】GSD
2024-06-16 00:12:43 未获取到号码【1540835】GSD，可能号码格式错误
2024-06-16 00:12:43 获取到号码【1540835】的GSD为【-】
2024-06-16 00:12:52 GSD insert 第 1 次 等待 3 秒
2024-06-16 00:12:55 {"status":"bad","gid":"529752","msg":"添加失败！号码【1540835(-|-)】已存在！"}
2024-06-16 00:12:55 随机等待 88 秒，约 1 分钟
2024-06-16 00:12:55 下次操作: 2024-06-16 00:14:23

2024-06-16 00:14:23 开始第 943 次操作

2024-06-16 00:14:23 开始操作号码 【1540836】
2024-06-16 00:14:30 GSD getOne 第 1 次 等待 3 秒
2024-06-16 00:14:33 查询号码 【1540836】，返回信息 {"status":"ok","msg":"-","gid":"529766","time_insert":"2023-02-14 00:41"}
2024-06-16 00:14:33 查询号码 【1540836】，GSD为【"-"】
2024-06-16 00:14:33 ok && -
2024-06-16 00:14:35 CHB 1540836?1718468073 第 1 次 等待 3 秒
2024-06-16 00:14:38 CHB 1540836?1718468073 第 1 次 获取到号码【1540836】GSD
2024-06-16 00:14:38 未获取到号码【1540836】GSD，可能号码格式错误
2024-06-16 00:14:38 获取到号码【1540836】的GSD为【-】
2024-06-16 00:14:45 GSD insert 第 1 次 等待 3 秒
2024-06-16 00:14:48 {"status":"bad","gid":"529766","msg":"添加失败！号码【1540836(-|-)】已存在！"}
2024-06-16 00:14:48 随机等待 93 秒，约 1 分钟
2024-06-16 00:14:48 下次操作: 2024-06-16 00:16:21

2024-06-16 00:16:21 开始第 944 次操作

2024-06-16 00:16:21 开始操作号码 【1540837】
2024-06-16 00:16:26 GSD getOne 第 1 次 等待 3 秒
2024-06-16 00:16:29 查询号码 【1540837】，返回信息 {"status":"ok","msg":"-","gid":"529774","time_insert":"2023-02-14 00:50"}
2024-06-16 00:16:29 查询号码 【1540837】，GSD为【"-"】
2024-06-16 00:16:29 ok && -
2024-06-16 00:16:30 CHB 1540837?1718468189 第 1 次 等待 3 秒
2024-06-16 00:16:33 CHB 1540837?1718468189 第 1 次 获取到号码【1540837】GSD
2024-06-16 00:16:33 未获取到号码【1540837】GSD，可能号码格式错误
2024-06-16 00:16:33 获取到号码【1540837】的GSD为【-】
2024-06-16 00:16:41 GSD insert 第 1 次 等待 3 秒
2024-06-16 00:16:44 {"status":"bad","gid":"529774","msg":"添加失败！号码【1540837(-|-)】已存在！"}

2024-06-16 00:36:20 开始第 945 次操作

2024-06-16 00:36:20 开始操作号码 【1540838】
2024-06-16 00:36:28 GSD getOne 第 1 次 等待 3 秒
2024-06-16 00:36:31 查询号码 【1540838】，返回信息 {"status":"ok","msg":"-","gid":"529788","time_insert":"2023-02-14 01:01"}
2024-06-16 00:36:32 查询号码 【1540838】，GSD为【"-"】
2024-06-16 00:36:32 ok && -
2024-06-16 00:36:35 CHB 1540838?1718469392 第 1 次 等待 3 秒
2024-06-16 00:36:38 CHB 1540838?1718469392 第 1 次 获取到号码【1540838】GSD
2024-06-16 00:36:38 未获取到号码【1540838】GSD，可能号码格式错误
2024-06-16 00:36:38 获取到号码【1540838】的GSD为【-】
2024-06-16 00:36:50 GSD insert 第 1 次 等待 3 秒
2024-06-16 00:36:53 {"status":"bad","gid":"529788","msg":"添加失败！号码【1540838(-|-)】已存在！"}
2024-06-16 00:36:53 随机等待 104 秒，约 1 分钟
2024-06-16 00:36:53 下次操作: 2024-06-16 00:38:37

2024-06-16 00:38:37 开始第 946 次操作

2024-06-16 00:38:37 开始操作号码 【1540839】
2024-06-16 00:38:48 GSD getOne 第 1 次 等待 3 秒
2024-06-16 00:38:51 查询号码 【1540839】，返回信息 {"status":"ok","msg":"-","gid":"529797","time_insert":"2023-02-14 01:10"}
2024-06-16 00:38:51 查询号码 【1540839】，GSD为【"-"】
2024-06-16 00:38:51 ok && -
2024-06-16 00:38:53 CHB 1540839?1718469531 第 1 次 等待 3 秒
2024-06-16 00:38:56 CHB 1540839?1718469531 第 1 次 获取到号码【1540839】GSD
2024-06-16 00:38:56 未获取到号码【1540839】GSD，可能号码格式错误
2024-06-16 00:38:56 获取到号码【1540839】的GSD为【-】
2024-06-16 00:39:05 GSD insert 第 1 次 等待 3 秒
2024-06-16 00:39:08 {"status":"bad","gid":"529797","msg":"添加失败！号码【1540839(-|-)】已存在！"}
2024-06-16 00:39:08 随机等待 182 秒，约 3 分钟
2024-06-16 00:39:08 下次操作: 2024-06-16 00:42:10

2024-06-16 00:42:11 开始第 947 次操作

2024-06-16 00:42:11 开始操作号码 【1540840】
2024-06-16 00:42:18 GSD getOne 第 1 次 等待 3 秒
2024-06-16 00:42:21 查询号码 【1540840】，返回信息 {"status":"ok","msg":"-","gid":"529812","time_insert":"2023-02-14 01:22"}
2024-06-16 00:42:21 查询号码 【1540840】，GSD为【"-"】
2024-06-16 00:42:21 ok && -
2024-06-16 00:42:23 CHB 1540840?1718469741 第 1 次 等待 3 秒
2024-06-16 00:42:26 CHB 1540840?1718469741 第 1 次 获取到号码【1540840】GSD
2024-06-16 00:42:26 未获取到号码【1540840】GSD，可能号码格式错误
2024-06-16 00:42:26 获取到号码【1540840】的GSD为【-】
2024-06-16 00:42:33 GSD insert 第 1 次 等待 3 秒
2024-06-16 00:42:36 {"status":"bad","gid":"529812","msg":"添加失败！号码【1540840(-|-)】已存在！"}
2024-06-16 00:42:36 随机等待 94 秒，约 1 分钟
2024-06-16 00:42:36 下次操作: 2024-06-16 00:44:10

2024-06-16 00:44:10 开始第 948 次操作

2024-06-16 00:44:10 开始操作号码 【1540841】
2024-06-16 00:44:18 GSD getOne 第 1 次 等待 3 秒
2024-06-16 00:44:21 查询号码 【1540841】，返回信息 {"status":"ok","msg":"-","gid":"529822","time_insert":"2023-02-14 01:32"}
2024-06-16 00:44:21 查询号码 【1540841】，GSD为【"-"】
2024-06-16 00:44:21 ok && -
2024-06-16 00:44:23 CHB 1540841?1718469861 第 1 次 等待 3 秒
2024-06-16 00:44:26 CHB 1540841?1718469861 第 1 次 获取到号码【1540841】GSD
2024-06-16 00:44:26 未获取到号码【1540841】GSD，可能号码格式错误
2024-06-16 00:44:26 获取到号码【1540841】的GSD为【-】
2024-06-16 00:44:32 GSD insert 第 1 次 等待 3 秒
2024-06-16 00:44:35 {"status":"bad","gid":"529822","msg":"添加失败！号码【1540841(-|-)】已存在！"}

