2024-09-22 00:27:13 开始第 5529 次操作

2024-09-22 00:27:13 开始操作号码 【1435526】
2024-09-22 00:27:15 GSD getOne 第 1 次 等待 3 秒
2024-09-22 00:27:18 查询号码 【1435526】，返回信息 {"status":"ok","msg":"-","gid":"635749","time_insert":"2023-04-05 08:00"}
2024-09-22 00:27:18 查询号码 【1435526】，GSD为【"-"】
2024-09-22 00:27:18 ok && -
2024-09-22 00:27:20 CHB 1435526?1726936038 第 1 次 等待 3 秒
2024-09-22 00:27:23 CHB 1435526?1726936038 第 1 次 获取到号码【1435526】GSD
2024-09-22 00:27:23 未获取到号码【1435526】GSD，可能号码格式错误
2024-09-22 00:27:23 获取到号码【1435526】的GSD为【-】
2024-09-22 00:27:27 GSD insert 第 1 次 等待 3 秒
2024-09-22 00:27:30 {"status":"bad","gid":"635749","msg":"添加失败！号码【1435526(-|-)】已存在！"}
2024-09-22 00:27:30 随机等待 158 秒，约 2 分钟
2024-09-22 00:27:30 下次操作: 2024-09-22 00:30:08

2024-09-22 00:30:08 开始第 5530 次操作

2024-09-22 00:30:08 开始操作号码 【1435527】
2024-09-22 00:30:10 GSD getOne 第 1 次 等待 3 秒
2024-09-22 00:30:13 查询号码 【1435527】，返回信息 {"status":"ok","msg":"-","gid":"635762","time_insert":"2023-04-05 08:13"}
2024-09-22 00:30:14 查询号码 【1435527】，GSD为【"-"】
2024-09-22 00:30:14 ok && -
2024-09-22 00:30:16 CHB 1435527?1726936214 第 1 次 等待 3 秒
2024-09-22 00:30:19 CHB 1435527?1726936214 第 1 次 获取到号码【1435527】GSD
2024-09-22 00:30:19 未获取到号码【1435527】GSD，可能号码格式错误
2024-09-22 00:30:19 获取到号码【1435527】的GSD为【-】
2024-09-22 00:30:20 GSD insert 第 1 次 等待 3 秒
2024-09-22 00:30:23 {"status":"bad","gid":"635762","msg":"添加失败！号码【1435527(-|-)】已存在！"}
2024-09-22 00:30:23 随机等待 197 秒，约 3 分钟
2024-09-22 00:30:23 下次操作: 2024-09-22 00:33:40

2024-09-22 00:33:40 开始第 5531 次操作

2024-09-22 00:33:40 开始操作号码 【1435528】
2024-09-22 00:33:43 GSD getOne 第 1 次 等待 3 秒
2024-09-22 00:33:46 查询号码 【1435528】，返回信息 {"status":"ok","msg":"-","gid":"635770","time_insert":"2023-04-05 08:24"}
2024-09-22 00:33:46 查询号码 【1435528】，GSD为【"-"】
2024-09-22 00:33:46 ok && -
2024-09-22 00:33:48 CHB 1435528?1726936426 第 1 次 等待 3 秒
2024-09-22 00:33:51 CHB 1435528?1726936426 第 1 次 获取到号码【1435528】GSD
2024-09-22 00:33:51 未获取到号码【1435528】GSD，可能号码格式错误
2024-09-22 00:33:51 获取到号码【1435528】的GSD为【-】
2024-09-22 00:33:52 GSD insert 第 1 次 等待 3 秒
2024-09-22 00:33:55 {"status":"bad","gid":"635770","msg":"添加失败！号码【1435528(-|-)】已存在！"}
2024-09-22 00:33:55 随机等待 211 秒，约 3 分钟
2024-09-22 00:33:55 下次操作: 2024-09-22 00:37:26

2024-09-22 00:37:26 开始第 5532 次操作

2024-09-22 00:37:26 开始操作号码 【1435529】
2024-09-22 00:37:30 GSD getOne 第 1 次 等待 3 秒
2024-09-22 00:37:33 查询号码 【1435529】，返回信息 {"status":"ok","msg":"-","gid":"635785","time_insert":"2023-04-05 08:38"}
2024-09-22 00:37:33 查询号码 【1435529】，GSD为【"-"】
2024-09-22 00:37:33 ok && -
2024-09-22 00:37:34 CHB 1435529?1726936653 第 1 次 等待 3 秒
2024-09-22 00:37:37 CHB 1435529?1726936653 第 1 次 获取到号码【1435529】GSD
2024-09-22 00:37:37 未获取到号码【1435529】GSD，可能号码格式错误
2024-09-22 00:37:37 获取到号码【1435529】的GSD为【-】
2024-09-22 00:37:41 GSD insert 第 1 次 等待 3 秒
2024-09-22 00:37:44 {"status":"bad","gid":"635785","msg":"添加失败！号码【1435529(-|-)】已存在！"}

