2021-07-14 00:00:45 开始第 22 次操作

2021-07-14 00:00:45 开始操作号码 【1801496】
2021-07-14 00:00:51 GSD getOne 第 1 次 等待 1 秒
2021-07-14 00:00:52 查询号码 【1801496】，返回信息 {"status":"bad","msg":""}
2021-07-14 00:00:53 查询号码 【1801496】，GSD为【""】
2021-07-14 00:00:53 bad
2021-07-14 00:00:54 CHB 1801496?1626192053 第 1 次 等待 1 秒
2021-07-14 00:00:55 CHB 1801496?1626192053 第 1 次 获取到号码【1801496】GSD
2021-07-14 00:00:55 获取到号码【1801496】的GSD为【江苏-无锡】
2021-07-14 00:01:02 GSD insert 第 1 次 等待 1 秒
2021-07-14 00:01:03 {"status":"ok","gid":269574,"msg":"添加成功！"}
2021-07-14 00:01:03 下次操作: 2021-07-14 00:01:20

2021-07-14 00:01:20 开始第 23 次操作

2021-07-14 00:01:20 开始操作号码 【1801497】
2021-07-14 00:01:24 GSD getOne 第 1 次 等待 1 秒
2021-07-14 00:01:25 查询号码 【1801497】，返回信息 {"status":"bad","msg":""}
2021-07-14 00:01:25 查询号码 【1801497】，GSD为【""】
2021-07-14 00:01:25 bad
2021-07-14 00:01:27 CHB 1801497?1626192085 第 1 次 等待 1 秒
2021-07-14 00:01:28 CHB 1801497?1626192085 第 1 次 获取到号码【1801497】GSD
2021-07-14 00:01:28 获取到号码【1801497】的GSD为【江苏-扬州】
2021-07-14 00:01:31 GSD insert 第 1 次 等待 1 秒
2021-07-14 00:01:32 {"status":"ok","gid":269581,"msg":"添加成功！"}
2021-07-14 00:01:32 下次操作: 2021-07-14 00:01:50

2021-07-14 00:01:50 开始第 24 次操作

2021-07-14 00:01:50 开始操作号码 【1801498】
2021-07-14 00:01:53 GSD getOne 第 1 次 等待 1 秒
2021-07-14 00:01:54 查询号码 【1801498】，返回信息 {"status":"bad","msg":""}
2021-07-14 00:01:54 查询号码 【1801498】，GSD为【""】
2021-07-14 00:01:54 bad
2021-07-14 00:02:04 CHB 1801498?1626192114 第 1 次 等待 1 秒
2021-07-14 00:02:05 CHB 1801498?1626192114 第 1 次 获取到号码【1801498】GSD
2021-07-14 00:02:05 获取到号码【1801498】的GSD为【江苏-扬州】
2021-07-14 00:02:07 GSD insert 第 1 次 等待 1 秒
2021-07-14 00:02:08 {"status":"ok","gid":269590,"msg":"添加成功！"}
2021-07-14 00:02:08 下次操作: 2021-07-14 00:02:14

2021-07-14 00:02:14 开始第 25 次操作

2021-07-14 00:02:14 开始操作号码 【1801499】
2021-07-14 00:02:19 GSD getOne 第 1 次 等待 1 秒
2021-07-14 00:02:20 查询号码 【1801499】，返回信息 {"status":"bad","msg":""}
2021-07-14 00:02:20 查询号码 【1801499】，GSD为【""】
2021-07-14 00:02:20 bad
2021-07-14 00:02:23 CHB 1801499?1626192140 第 1 次 等待 1 秒
2021-07-14 00:02:24 CHB 1801499?1626192140 第 1 次 获取到号码【1801499】GSD
2021-07-14 00:02:24 获取到号码【1801499】的GSD为【江苏-镇江】
2021-07-14 00:02:30 GSD insert 第 1 次 等待 1 秒
2021-07-14 00:02:31 {"status":"ok","gid":269597,"msg":"添加成功！"}
2021-07-14 00:02:31 下次操作: 2021-07-14 00:02:41

2021-07-14 00:02:41 开始第 26 次操作

2021-07-14 00:02:41 开始操作号码 【1801500】
2021-07-14 00:02:45 GSD getOne 第 1 次 等待 1 秒
2021-07-14 00:02:46 查询号码 【1801500】，返回信息 {"status":"bad","msg":""}
2021-07-14 00:02:46 查询号码 【1801500】，GSD为【""】
2021-07-14 00:02:46 bad
2021-07-14 00:02:48 CHB 1801500?1626192166 第 1 次 等待 1 秒
2021-07-14 00:02:49 CHB 1801500?1626192166 第 1 次 获取到号码【1801500】GSD
2021-07-14 00:02:49 获取到号码【1801500】的GSD为【江苏-常州】
2021-07-14 00:02:53 GSD insert 第 1 次 等待 1 秒
2021-07-14 00:02:54 {"status":"ok","gid":269604,"msg":"添加成功！"}
2021-07-14 00:02:54 下次操作: 2021-07-14 00:03:04

2021-07-14 00:03:04 开始第 27 次操作

2021-07-14 00:03:04 开始操作号码 【1801501】
2021-07-14 00:03:07 GSD getOne 第 1 次 等待 1 秒
2021-07-14 00:03:08 查询号码 【1801501】，返回信息 {"status":"bad","msg":""}
2021-07-14 00:03:08 查询号码 【1801501】，GSD为【""】
2021-07-14 00:03:08 bad
2021-07-14 00:03:13 CHB 1801501?1626192188 第 1 次 等待 1 秒
2021-07-14 00:03:14 CHB 1801501?1626192188 第 1 次 获取到号码【1801501】GSD
2021-07-14 00:03:14 获取到号码【1801501】的GSD为【江苏-常州】
2021-07-14 00:03:33 GSD insert 第 1 次 等待 1 秒
2021-07-14 00:03:34 {"status":"ok","gid":269614,"msg":"添加成功！"}
2021-07-14 00:03:34 下次操作: 2021-07-14 00:03:44

2021-07-14 00:03:44 开始第 28 次操作

2021-07-14 00:03:44 开始操作号码 【1801502】
2021-07-14 00:03:48 GSD getOne 第 1 次 等待 1 秒
2021-07-14 00:03:49 查询号码 【1801502】，返回信息 {"status":"bad","msg":""}
2021-07-14 00:03:49 查询号码 【1801502】，GSD为【""】
2021-07-14 00:03:49 bad
2021-07-14 00:03:53 CHB 1801502?1626192229 第 1 次 等待 1 秒
2021-07-14 00:03:54 CHB 1801502?1626192229 第 1 次 获取到号码【1801502】GSD
2021-07-14 00:03:54 获取到号码【1801502】的GSD为【江苏-常州】
2021-07-14 00:04:02 GSD insert 第 1 次 等待 1 秒
2021-07-14 00:04:03 {"status":"ok","gid":269621,"msg":"添加成功！"}
2021-07-14 00:04:03 下次操作: 2021-07-14 00:04:16

2021-07-14 00:04:16 开始第 29 次操作

2021-07-14 00:04:16 开始操作号码 【1801503】
2021-07-14 00:04:22 GSD getOne 第 1 次 等待 1 秒
2021-07-14 00:04:23 查询号码 【1801503】，返回信息 {"status":"bad","msg":""}
2021-07-14 00:04:23 查询号码 【1801503】，GSD为【""】
2021-07-14 00:04:23 bad
2021-07-14 00:04:29 CHB 1801503?1626192263 第 1 次 等待 1 秒
2021-07-14 00:04:30 CHB 1801503?1626192263 第 1 次 获取到号码【1801503】GSD
2021-07-14 00:04:30 获取到号码【1801503】的GSD为【江苏-常州】
2021-07-14 00:04:33 GSD insert 第 1 次 等待 1 秒
2021-07-14 00:04:34 {"status":"ok","gid":269625,"msg":"添加成功！"}
2021-07-14 00:04:34 下次操作: 2021-07-14 00:04:44

2021-07-14 00:04:44 开始第 30 次操作

2021-07-14 00:04:44 开始操作号码 【1801504】
2021-07-14 00:04:47 GSD getOne 第 1 次 等待 1 秒
2021-07-14 00:04:48 查询号码 【1801504】，返回信息 {"status":"bad","msg":""}
2021-07-14 00:04:48 查询号码 【1801504】，GSD为【""】
2021-07-14 00:04:48 bad
2021-07-14 00:04:53 CHB 1801504?1626192288 第 1 次 等待 1 秒
2021-07-14 00:04:54 CHB 1801504?1626192288 第 1 次 获取到号码【1801504】GSD
2021-07-14 00:04:54 获取到号码【1801504】的GSD为【江苏-常州】
2021-07-14 00:05:02 GSD insert 第 1 次 等待 1 秒
2021-07-14 00:05:03 {"status":"ok","gid":269630,"msg":"添加成功！"}

