2024-04-21 00:09:34 开始第 4809 次操作

2024-04-21 00:09:34 开始操作号码 【1654710】
2024-04-21 00:09:46 GSD getOne 第 1 次 等待 3 秒
2024-04-21 00:09:49 查询号码 【1654710】，返回信息 {"status":"ok","msg":"-","gid":"273941","time_insert":"2021-07-14 12:32"}
2024-04-21 00:09:49 查询号码 【1654710】，GSD为【"-"】
2024-04-21 00:09:49 ok && -
2024-04-21 00:09:52 CHB 1654710?1713629389 第 1 次 等待 3 秒
2024-04-21 00:09:55 CHB 1654710?1713629389 第 1 次 获取到号码【1654710】GSD
2024-04-21 00:09:55 未获取到号码【1654710】GSD，可能号码格式错误
2024-04-21 00:09:55 获取到号码【1654710】的GSD为【-】
2024-04-21 00:10:13 GSD insert 第 1 次 等待 3 秒
2024-04-21 00:10:16 {"status":"bad","gid":"273941","msg":"添加失败！号码【1654710(-|-)】已存在！"}
2024-04-21 00:10:16 随机等待 74 秒，约 1 分钟
2024-04-21 00:10:16 下次操作: 2024-04-21 00:11:30

2024-04-21 00:11:30 开始第 4810 次操作

2024-04-21 00:11:30 开始操作号码 【1654711】
2024-04-21 00:11:56 GSD getOne 第 1 次 等待 3 秒
2024-04-21 00:11:59 查询号码 【1654711】，返回信息 {"status":"ok","msg":"-","gid":"273942","time_insert":"2021-07-14 12:32"}
2024-04-21 00:11:59 查询号码 【1654711】，GSD为【"-"】
2024-04-21 00:11:59 ok && -
2024-04-21 00:12:01 CHB 1654711?1713629519 第 1 次 等待 3 秒
2024-04-21 00:12:04 CHB 1654711?1713629519 第 1 次 获取到号码【1654711】GSD
2024-04-21 00:12:04 未获取到号码【1654711】GSD，可能号码格式错误
2024-04-21 00:12:04 获取到号码【1654711】的GSD为【-】
2024-04-21 00:12:25 GSD insert 第 1 次 等待 3 秒
2024-04-21 00:12:28 {"status":"bad","gid":"273942","msg":"添加失败！号码【1654711(-|-)】已存在！"}
2024-04-21 00:12:28 随机等待 73 秒，约 1 分钟
2024-04-21 00:12:28 下次操作: 2024-04-21 00:13:41

2024-04-21 00:13:41 开始第 4811 次操作

2024-04-21 00:13:41 开始操作号码 【1654712】
2024-04-21 00:14:45 GSD getOne 第 1 次 等待 3 秒
2024-04-21 00:14:48 查询号码 【1654712】，返回信息 {"status":"ok","msg":"-","gid":"273944","time_insert":"2021-07-14 12:33"}
2024-04-21 00:14:48 查询号码 【1654712】，GSD为【"-"】
2024-04-21 00:14:48 ok && -
2024-04-21 00:14:51 CHB 1654712?1713629688 第 1 次 等待 3 秒
2024-04-21 00:14:54 CHB 1654712?1713629688 第 1 次 获取到号码【1654712】GSD
2024-04-21 00:14:54 未获取到号码【1654712】GSD，可能号码格式错误
2024-04-21 00:14:54 获取到号码【1654712】的GSD为【-】
2024-04-21 00:15:58 GSD insert 第 1 次 等待 3 秒
2024-04-21 00:16:01 {"status":"bad","gid":"273944","msg":"添加失败！号码【1654712(-|-)】已存在！"}
2024-04-21 00:16:01 随机等待 179 秒，约 2 分钟
2024-04-21 00:16:01 下次操作: 2024-04-21 00:19:00

2024-04-21 00:19:00 开始第 4812 次操作

2024-04-21 00:19:00 开始操作号码 【1654713】
2024-04-21 00:19:26 GSD getOne 第 1 次 等待 3 秒
2024-04-21 00:19:29 查询号码 【1654713】，返回信息 {"status":"ok","msg":"-","gid":"273945","time_insert":"2021-07-14 12:33"}
2024-04-21 00:19:29 查询号码 【1654713】，GSD为【"-"】
2024-04-21 00:19:29 ok && -
2024-04-21 00:19:32 CHB 1654713?1713629969 第 1 次 等待 3 秒
2024-04-21 00:19:35 CHB 1654713?1713629969 第 1 次 获取到号码【1654713】GSD
2024-04-21 00:19:35 未获取到号码【1654713】GSD，可能号码格式错误
2024-04-21 00:19:35 获取到号码【1654713】的GSD为【-】
2024-04-21 00:20:06 GSD insert 第 1 次 等待 3 秒
2024-04-21 00:20:09 {"status":"bad","gid":"273945","msg":"添加失败！号码【1654713(-|-)】已存在！"}

