2024-08-22 00:26:41 开始第 449 次操作

2024-08-22 00:26:41 开始操作号码 【1430448】
2024-08-22 00:26:50 GSD getOne 第 1 次 等待 3 秒
2024-08-22 00:26:53 查询号码 【1430448】，返回信息 {"status":"ok","msg":"-","gid":"524721","time_insert":"2023-02-10 15:39"}
2024-08-22 00:26:53 查询号码 【1430448】，GSD为【"-"】
2024-08-22 00:26:53 ok && -
2024-08-22 00:26:55 CHB 1430448?1724257613 第 1 次 等待 3 秒
2024-08-22 00:26:58 CHB 1430448?1724257613 第 1 次 获取到号码【1430448】GSD
2024-08-22 00:26:58 未获取到号码【1430448】GSD，可能号码格式错误
2024-08-22 00:26:58 获取到号码【1430448】的GSD为【-】
2024-08-22 00:27:07 GSD insert 第 1 次 等待 3 秒
2024-08-22 00:27:10 {"status":"bad","gid":"524721","msg":"添加失败！号码【1430448(-|-)】已存在！"}
2024-08-22 00:27:10 随机等待 212 秒，约 3 分钟
2024-08-22 00:27:10 下次操作: 2024-08-22 00:30:42

2024-08-22 00:30:42 开始第 450 次操作

2024-08-22 00:30:42 开始操作号码 【1430449】
2024-08-22 00:30:50 GSD getOne 第 1 次 等待 3 秒
2024-08-22 00:30:53 查询号码 【1430449】，返回信息 {"status":"ok","msg":"-","gid":"524735","time_insert":"2023-02-10 15:52"}
2024-08-22 00:30:53 查询号码 【1430449】，GSD为【"-"】
2024-08-22 00:30:53 ok && -
2024-08-22 00:30:55 CHB 1430449?1724257853 第 1 次 等待 3 秒
2024-08-22 00:30:58 CHB 1430449?1724257853 第 1 次 获取到号码【1430449】GSD
2024-08-22 00:30:59 未获取到号码【1430449】GSD，可能号码格式错误
2024-08-22 00:30:59 获取到号码【1430449】的GSD为【-】
2024-08-22 00:31:07 GSD insert 第 1 次 等待 3 秒
2024-08-22 00:31:10 {"status":"bad","gid":"524735","msg":"添加失败！号码【1430449(-|-)】已存在！"}
2024-08-22 00:31:10 随机等待 67 秒，约 1 分钟
2024-08-22 00:31:10 下次操作: 2024-08-22 00:32:17

2024-08-22 00:32:17 开始第 451 次操作

2024-08-22 00:32:17 开始操作号码 【1430450】
2024-08-22 00:32:25 GSD getOne 第 1 次 等待 3 秒
2024-08-22 00:32:28 查询号码 【1430450】，返回信息 {"status":"ok","msg":"-","gid":"524751","time_insert":"2023-02-10 16:07"}
2024-08-22 00:32:28 查询号码 【1430450】，GSD为【"-"】
2024-08-22 00:32:28 ok && -
2024-08-22 00:32:30 CHB 1430450?1724257948 第 1 次 等待 3 秒
2024-08-22 00:32:33 CHB 1430450?1724257948 第 1 次 获取到号码【1430450】GSD
2024-08-22 00:32:33 未获取到号码【1430450】GSD，可能号码格式错误
2024-08-22 00:32:33 获取到号码【1430450】的GSD为【-】
2024-08-22 00:32:41 GSD insert 第 1 次 等待 3 秒
2024-08-22 00:32:44 {"status":"bad","gid":"524751","msg":"添加失败！号码【1430450(-|-)】已存在！"}
2024-08-22 00:32:44 随机等待 100 秒，约 1 分钟
2024-08-22 00:32:44 下次操作: 2024-08-22 00:34:24

2024-08-22 00:34:24 开始第 452 次操作

2024-08-22 00:34:24 开始操作号码 【1430451】
2024-08-22 00:34:34 GSD getOne 第 1 次 等待 3 秒
2024-08-22 00:34:37 查询号码 【1430451】，返回信息 {"status":"ok","msg":"-","gid":"524765","time_insert":"2023-02-10 16:20"}
2024-08-22 00:34:37 查询号码 【1430451】，GSD为【"-"】
2024-08-22 00:34:37 ok && -
2024-08-22 00:34:39 CHB 1430451?1724258077 第 1 次 等待 3 秒
2024-08-22 00:34:42 CHB 1430451?1724258077 第 1 次 获取到号码【1430451】GSD
2024-08-22 00:34:42 未获取到号码【1430451】GSD，可能号码格式错误
2024-08-22 00:34:42 获取到号码【1430451】的GSD为【-】
2024-08-22 00:34:51 GSD insert 第 1 次 等待 3 秒
2024-08-22 00:34:54 {"status":"bad","gid":"524765","msg":"添加失败！号码【1430451(-|-)】已存在！"}

