2023-11-16 00:10:05 开始第 9077 次操作

2023-11-16 00:10:05 开始操作号码 【1978976】
2023-11-16 00:10:12 GSD getOne 第 1 次 等待 3 秒
2023-11-16 00:10:15 查询号码 【1978976】，返回信息 {"status":"ok","msg":"-","gid":"590446","time_insert":"2023-03-14 15:53"}
2023-11-16 00:10:15 查询号码 【1978976】，GSD为【"-"】
2023-11-16 00:10:15 ok && -
2023-11-16 00:10:18 CHB 1978976?1700064615 第 1 次 等待 3 秒
2023-11-16 00:10:21 CHB 1978976?1700064615 第 1 次 获取到号码【1978976】GSD
2023-11-16 00:10:21 未获取到号码【1978976】GSD，可能号码格式错误
2023-11-16 00:10:21 获取到号码【1978976】的GSD为【-】
2023-11-16 00:10:25 GSD insert 第 1 次 等待 3 秒
2023-11-16 00:10:28 {"status":"bad","gid":"590446","msg":"添加失败！号码【1978976(-|-)】已存在！"}
2023-11-16 00:10:28 随机等待 137 秒，约 2 分钟
2023-11-16 00:10:28 下次操作: 2023-11-16 00:12:45

2023-11-16 00:12:45 开始第 9078 次操作

2023-11-16 00:12:45 开始操作号码 【1978977】
2023-11-16 00:12:50 GSD getOne 第 1 次 等待 3 秒
2023-11-16 00:12:53 查询号码 【1978977】，返回信息 {"status":"ok","msg":"-","gid":"590452","time_insert":"2023-03-14 15:56"}
2023-11-16 00:12:53 查询号码 【1978977】，GSD为【"-"】
2023-11-16 00:12:53 ok && -
2023-11-16 00:12:55 CHB 1978977?1700064773 第 1 次 等待 3 秒
2023-11-16 00:12:58 CHB 1978977?1700064773 第 1 次 获取到号码【1978977】GSD
2023-11-16 00:12:58 未获取到号码【1978977】GSD，可能号码格式错误
2023-11-16 00:12:58 获取到号码【1978977】的GSD为【-】
2023-11-16 00:13:03 GSD insert 第 1 次 等待 3 秒
2023-11-16 00:13:06 {"status":"bad","gid":"590452","msg":"添加失败！号码【1978977(-|-)】已存在！"}
2023-11-16 00:13:06 随机等待 112 秒，约 1 分钟
2023-11-16 00:13:06 下次操作: 2023-11-16 00:14:58

2023-11-16 00:14:58 开始第 9079 次操作

2023-11-16 00:14:58 开始操作号码 【1978978】
2023-11-16 00:15:02 GSD getOne 第 1 次 等待 3 秒
2023-11-16 00:15:05 查询号码 【1978978】，返回信息 {"status":"ok","msg":"-","gid":"590453","time_insert":"2023-03-14 15:57"}
2023-11-16 00:15:05 查询号码 【1978978】，GSD为【"-"】
2023-11-16 00:15:05 ok && -
2023-11-16 00:15:08 CHB 1978978?1700064905 第 1 次 等待 3 秒
2023-11-16 00:15:11 CHB 1978978?1700064905 第 1 次 获取到号码【1978978】GSD
2023-11-16 00:15:11 未获取到号码【1978978】GSD，可能号码格式错误
2023-11-16 00:15:11 获取到号码【1978978】的GSD为【-】
2023-11-16 00:15:15 GSD insert 第 1 次 等待 3 秒
2023-11-16 00:15:18 {"status":"bad","gid":"590453","msg":"添加失败！号码【1978978(-|-)】已存在！"}
2023-11-16 00:15:18 随机等待 81 秒，约 1 分钟
2023-11-16 00:15:18 下次操作: 2023-11-16 00:16:39

2023-11-16 00:16:39 开始第 9080 次操作

2023-11-16 00:16:39 开始操作号码 【1978979】
2023-11-16 00:16:43 GSD getOne 第 1 次 等待 3 秒
2023-11-16 00:16:46 查询号码 【1978979】，返回信息 {"status":"ok","msg":"-","gid":"590457","time_insert":"2023-03-14 15:59"}
2023-11-16 00:16:46 查询号码 【1978979】，GSD为【"-"】
2023-11-16 00:16:46 ok && -
2023-11-16 00:16:48 CHB 1978979?1700065006 第 1 次 等待 3 秒
2023-11-16 00:16:51 CHB 1978979?1700065006 第 1 次 获取到号码【1978979】GSD
2023-11-16 00:16:51 未获取到号码【1978979】GSD，可能号码格式错误
2023-11-16 00:16:51 获取到号码【1978979】的GSD为【-】
2023-11-16 00:16:58 GSD insert 第 1 次 等待 3 秒
2023-11-16 00:17:01 {"status":"bad","gid":"590457","msg":"添加失败！号码【1978979(-|-)】已存在！"}

2023-11-16 00:38:56 开始第 9081 次操作

2023-11-16 00:38:56 开始操作号码 【1978980】
2023-11-16 00:38:59 GSD getOne 第 1 次 等待 3 秒
2023-11-16 00:39:02 查询号码 【1978980】，返回信息 {"status":"ok","msg":"-","gid":"590462","time_insert":"2023-03-14 16:01"}
2023-11-16 00:39:02 查询号码 【1978980】，GSD为【"-"】
2023-11-16 00:39:02 ok && -
2023-11-16 00:39:04 CHB 1978980?1700066342 第 1 次 等待 3 秒
2023-11-16 00:39:07 CHB 1978980?1700066342 第 1 次 获取到号码【1978980】GSD
2023-11-16 00:39:07 未获取到号码【1978980】GSD，可能号码格式错误
2023-11-16 00:39:07 获取到号码【1978980】的GSD为【-】
2023-11-16 00:39:13 GSD insert 第 1 次 等待 3 秒
2023-11-16 00:39:16 {"status":"bad","gid":"590462","msg":"添加失败！号码【1978980(-|-)】已存在！"}
2023-11-16 00:39:16 随机等待 80 秒，约 1 分钟
2023-11-16 00:39:16 下次操作: 2023-11-16 00:40:36

2023-11-16 00:40:36 开始第 9082 次操作

2023-11-16 00:40:36 开始操作号码 【1978981】
2023-11-16 00:40:39 GSD getOne 第 1 次 等待 3 秒
2023-11-16 00:40:42 查询号码 【1978981】，返回信息 {"status":"ok","msg":"-","gid":"590464","time_insert":"2023-03-14 16:03"}
2023-11-16 00:40:43 查询号码 【1978981】，GSD为【"-"】
2023-11-16 00:40:43 ok && -
2023-11-16 00:40:45 CHB 1978981?1700066443 第 1 次 等待 3 秒
2023-11-16 00:40:48 CHB 1978981?1700066443 第 1 次 获取到号码【1978981】GSD
2023-11-16 00:40:48 未获取到号码【1978981】GSD，可能号码格式错误
2023-11-16 00:40:48 获取到号码【1978981】的GSD为【-】
2023-11-16 00:40:55 GSD insert 第 1 次 等待 3 秒
2023-11-16 00:40:58 {"status":"bad","gid":"590464","msg":"添加失败！号码【1978981(-|-)】已存在！"}
2023-11-16 00:40:58 随机等待 133 秒，约 2 分钟
2023-11-16 00:40:58 下次操作: 2023-11-16 00:43:11

2023-11-16 00:43:11 开始第 9083 次操作

2023-11-16 00:43:11 开始操作号码 【1978982】
2023-11-16 00:43:13 GSD getOne 第 1 次 等待 3 秒
2023-11-16 00:43:16 查询号码 【1978982】，返回信息 {"status":"ok","msg":"-","gid":"590491","time_insert":"2023-03-14 16:24"}
2023-11-16 00:43:16 查询号码 【1978982】，GSD为【"-"】
2023-11-16 00:43:16 ok && -
2023-11-16 00:43:18 CHB 1978982?1700066596 第 1 次 等待 3 秒
2023-11-16 00:43:21 CHB 1978982?1700066596 第 1 次 获取到号码【1978982】GSD
2023-11-16 00:43:21 未获取到号码【1978982】GSD，可能号码格式错误
2023-11-16 00:43:21 获取到号码【1978982】的GSD为【-】
2023-11-16 00:43:27 GSD insert 第 1 次 等待 3 秒
2023-11-16 00:43:30 {"status":"bad","gid":"590491","msg":"添加失败！号码【1978982(-|-)】已存在！"}
2023-11-16 00:43:30 随机等待 85 秒，约 1 分钟
2023-11-16 00:43:30 下次操作: 2023-11-16 00:44:55

2023-11-16 00:44:55 开始第 9084 次操作

2023-11-16 00:44:55 开始操作号码 【1978983】
2023-11-16 00:45:00 GSD getOne 第 1 次 等待 3 秒
2023-11-16 00:45:03 查询号码 【1978983】，返回信息 {"status":"ok","msg":"-","gid":"590496","time_insert":"2023-03-14 16:26"}
2023-11-16 00:45:03 查询号码 【1978983】，GSD为【"-"】
2023-11-16 00:45:03 ok && -
2023-11-16 00:45:09 CHB 1978983?1700066703 第 1 次 等待 3 秒
2023-11-16 00:45:12 CHB 1978983?1700066703 第 1 次 获取到号码【1978983】GSD
2023-11-16 00:45:12 未获取到号码【1978983】GSD，可能号码格式错误
2023-11-16 00:45:12 获取到号码【1978983】的GSD为【-】
2023-11-16 00:45:16 GSD insert 第 1 次 等待 3 秒
2023-11-16 00:45:19 {"status":"bad","gid":"590496","msg":"添加失败！号码【1978983(-|-)】已存在！"}

2023-11-16 01:07:25 开始第 9085 次操作

2023-11-16 01:07:25 开始操作号码 【1978984】
2023-11-16 01:07:29 GSD getOne 第 1 次 等待 3 秒
2023-11-16 01:07:32 查询号码 【1978984】，返回信息 {"status":"ok","msg":"-","gid":"590501","time_insert":"2023-03-14 16:29"}
2023-11-16 01:07:32 查询号码 【1978984】，GSD为【"-"】
2023-11-16 01:07:32 ok && -
2023-11-16 01:07:34 CHB 1978984?1700068052 第 1 次 等待 3 秒
2023-11-16 01:07:37 CHB 1978984?1700068052 第 1 次 获取到号码【1978984】GSD
2023-11-16 01:07:37 未获取到号码【1978984】GSD，可能号码格式错误
2023-11-16 01:07:37 获取到号码【1978984】的GSD为【-】
2023-11-16 01:07:42 GSD insert 第 1 次 等待 3 秒
2023-11-16 01:07:45 {"status":"bad","gid":"590501","msg":"添加失败！号码【1978984(-|-)】已存在！"}
2023-11-16 01:07:45 随机等待 216 秒，约 3 分钟
2023-11-16 01:07:45 下次操作: 2023-11-16 01:11:21

2023-11-16 01:11:21 开始第 9086 次操作

2023-11-16 01:11:21 开始操作号码 【1978985】
2023-11-16 01:11:24 GSD getOne 第 1 次 等待 3 秒
2023-11-16 01:11:27 查询号码 【1978985】，返回信息 {"status":"ok","msg":"-","gid":"590506","time_insert":"2023-03-14 16:32"}
2023-11-16 01:11:27 查询号码 【1978985】，GSD为【"-"】
2023-11-16 01:11:27 ok && -
2023-11-16 01:11:30 CHB 1978985?1700068287 第 1 次 等待 3 秒
2023-11-16 01:11:33 CHB 1978985?1700068287 第 1 次 获取到号码【1978985】GSD
2023-11-16 01:11:33 未获取到号码【1978985】GSD，可能号码格式错误
2023-11-16 01:11:33 获取到号码【1978985】的GSD为【-】
2023-11-16 01:11:36 GSD insert 第 1 次 等待 3 秒
2023-11-16 01:11:39 {"status":"bad","gid":"590506","msg":"添加失败！号码【1978985(-|-)】已存在！"}
2023-11-16 01:11:39 随机等待 86 秒，约 1 分钟
2023-11-16 01:11:39 下次操作: 2023-11-16 01:13:05

2023-11-16 01:13:05 开始第 9087 次操作

2023-11-16 01:13:05 开始操作号码 【1978986】
2023-11-16 01:13:09 GSD getOne 第 1 次 等待 3 秒
2023-11-16 01:13:12 查询号码 【1978986】，返回信息 {"status":"ok","msg":"-","gid":"590517","time_insert":"2023-03-14 16:42"}
2023-11-16 01:13:12 查询号码 【1978986】，GSD为【"-"】
2023-11-16 01:13:12 ok && -
2023-11-16 01:13:14 CHB 1978986?1700068392 第 1 次 等待 3 秒
2023-11-16 01:13:17 CHB 1978986?1700068392 第 1 次 获取到号码【1978986】GSD
2023-11-16 01:13:17 未获取到号码【1978986】GSD，可能号码格式错误
2023-11-16 01:13:17 获取到号码【1978986】的GSD为【-】
2023-11-16 01:13:20 GSD insert 第 1 次 等待 3 秒
2023-11-16 01:13:23 {"status":"bad","gid":"590517","msg":"添加失败！号码【1978986(-|-)】已存在！"}
2023-11-16 01:13:23 随机等待 220 秒，约 3 分钟
2023-11-16 01:13:23 下次操作: 2023-11-16 01:17:03

2023-11-16 01:17:03 开始第 9088 次操作

2023-11-16 01:17:03 开始操作号码 【1978987】
2023-11-16 01:17:06 GSD getOne 第 1 次 等待 3 秒
2023-11-16 01:17:09 查询号码 【1978987】，返回信息 {"status":"ok","msg":"-","gid":"590521","time_insert":"2023-03-14 16:44"}
2023-11-16 01:17:09 查询号码 【1978987】，GSD为【"-"】
2023-11-16 01:17:09 ok && -
2023-11-16 01:17:12 CHB 1978987?1700068629 第 1 次 等待 3 秒
2023-11-16 01:17:15 CHB 1978987?1700068629 第 1 次 获取到号码【1978987】GSD
2023-11-16 01:17:15 未获取到号码【1978987】GSD，可能号码格式错误
2023-11-16 01:17:15 获取到号码【1978987】的GSD为【-】
2023-11-16 01:17:18 GSD insert 第 1 次 等待 3 秒
2023-11-16 01:17:21 {"status":"bad","gid":"590521","msg":"添加失败！号码【1978987(-|-)】已存在！"}

