2023-10-29 00:08:08 开始第 5789 次操作

2023-10-29 00:08:08 开始操作号码 【1975699】
2023-10-29 00:08:14 GSD getOne 第 1 次 等待 3 秒
2023-10-29 00:08:17 查询号码 【1975699】，返回信息 {"status":"ok","msg":"-","gid":"570756","time_insert":"2023-03-05 05:38"}
2023-10-29 00:08:17 查询号码 【1975699】，GSD为【"-"】
2023-10-29 00:08:17 ok && -
2023-10-29 00:08:28 CHB 1975699?1698509297 第 1 次 等待 3 秒
2023-10-29 00:08:31 CHB 1975699?1698509297 第 1 次 获取到号码【1975699】GSD
2023-10-29 00:08:31 未获取到号码【1975699】GSD，可能号码格式错误
2023-10-29 00:08:31 获取到号码【1975699】的GSD为【-】
2023-10-29 00:08:34 GSD insert 第 1 次 等待 3 秒
2023-10-29 00:08:37 {"status":"bad","gid":"570756","msg":"添加失败！号码【1975699(-|-)】已存在！"}
2023-10-29 00:08:37 随机等待 205 秒，约 3 分钟
2023-10-29 00:08:37 下次操作: 2023-10-29 00:12:02

2023-10-29 00:12:03 开始第 5790 次操作

2023-10-29 00:12:03 开始操作号码 【1975700】
2023-10-29 00:12:06 GSD getOne 第 1 次 等待 3 秒
2023-10-29 00:12:09 查询号码 【1975700】，返回信息 {"status":"ok","msg":"-","gid":"570761","time_insert":"2023-03-05 05:41"}
2023-10-29 00:12:09 查询号码 【1975700】，GSD为【"-"】
2023-10-29 00:12:09 ok && -
2023-10-29 00:12:11 CHB 1975700?1698509529 第 1 次 等待 3 秒
2023-10-29 00:12:14 CHB 1975700?1698509529 第 1 次 获取到号码【1975700】GSD
2023-10-29 00:12:14 未获取到号码【1975700】GSD，可能号码格式错误
2023-10-29 00:12:14 获取到号码【1975700】的GSD为【-】
2023-10-29 00:12:19 GSD insert 第 1 次 等待 3 秒
2023-10-29 00:12:22 {"status":"bad","gid":"570761","msg":"添加失败！号码【1975700(-|-)】已存在！"}
2023-10-29 00:12:22 随机等待 90 秒，约 1 分钟
2023-10-29 00:12:22 下次操作: 2023-10-29 00:13:52

2023-10-29 00:13:52 开始第 5791 次操作

2023-10-29 00:13:52 开始操作号码 【1975701】
2023-10-29 00:13:59 GSD getOne 第 1 次 等待 3 秒
2023-10-29 00:14:02 查询号码 【1975701】，返回信息 {"status":"ok","msg":"-","gid":"570767","time_insert":"2023-03-05 05:43"}
2023-10-29 00:14:02 查询号码 【1975701】，GSD为【"-"】
2023-10-29 00:14:02 ok && -
2023-10-29 00:14:05 CHB 1975701?1698509642 第 1 次 等待 3 秒
2023-10-29 00:14:08 CHB 1975701?1698509642 第 1 次 获取到号码【1975701】GSD
2023-10-29 00:14:08 未获取到号码【1975701】GSD，可能号码格式错误
2023-10-29 00:14:08 获取到号码【1975701】的GSD为【-】
2023-10-29 00:14:31 GSD insert 第 1 次 等待 3 秒
2023-10-29 00:14:34 {"status":"bad","gid":"570767","msg":"添加失败！号码【1975701(-|-)】已存在！"}
2023-10-29 00:14:34 随机等待 80 秒，约 1 分钟
2023-10-29 00:14:34 下次操作: 2023-10-29 00:15:54

2023-10-29 00:15:54 开始第 5792 次操作

2023-10-29 00:15:54 开始操作号码 【1975702】
2023-10-29 00:16:00 GSD getOne 第 1 次 等待 3 秒
2023-10-29 00:16:03 查询号码 【1975702】，返回信息 {"status":"ok","msg":"-","gid":"570769","time_insert":"2023-03-05 05:44"}
2023-10-29 00:16:03 查询号码 【1975702】，GSD为【"-"】
2023-10-29 00:16:03 ok && -
2023-10-29 00:16:09 CHB 1975702?1698509763 第 1 次 等待 3 秒
2023-10-29 00:16:12 CHB 1975702?1698509763 第 1 次 获取到号码【1975702】GSD
2023-10-29 00:16:12 未获取到号码【1975702】GSD，可能号码格式错误
2023-10-29 00:16:12 获取到号码【1975702】的GSD为【-】
2023-10-29 00:16:15 GSD insert 第 1 次 等待 3 秒
2023-10-29 00:16:18 {"status":"bad","gid":"570769","msg":"添加失败！号码【1975702(-|-)】已存在！"}

2023-10-29 00:33:50 开始第 5793 次操作

2023-10-29 00:33:50 开始操作号码 【1975703】
2023-10-29 00:33:56 GSD getOne 第 1 次 等待 3 秒
2023-10-29 00:33:59 查询号码 【1975703】，返回信息 {"status":"ok","msg":"-","gid":"570771","time_insert":"2023-03-05 05:46"}
2023-10-29 00:33:59 查询号码 【1975703】，GSD为【"-"】
2023-10-29 00:33:59 ok && -
2023-10-29 00:34:05 CHB 1975703?1698510839 第 1 次 等待 3 秒
2023-10-29 00:34:08 CHB 1975703?1698510839 第 1 次 获取到号码【1975703】GSD
2023-10-29 00:34:08 未获取到号码【1975703】GSD，可能号码格式错误
2023-10-29 00:34:08 获取到号码【1975703】的GSD为【-】
2023-10-29 00:34:11 GSD insert 第 1 次 等待 3 秒
2023-10-29 00:34:14 {"status":"bad","gid":"570771","msg":"添加失败！号码【1975703(-|-)】已存在！"}
2023-10-29 00:34:14 随机等待 215 秒，约 3 分钟
2023-10-29 00:34:14 下次操作: 2023-10-29 00:37:49

2023-10-29 00:37:49 开始第 5794 次操作

2023-10-29 00:37:49 开始操作号码 【1975704】
2023-10-29 00:37:57 GSD getOne 第 1 次 等待 3 秒
2023-10-29 00:38:00 查询号码 【1975704】，返回信息 {"status":"ok","msg":"-","gid":"570778","time_insert":"2023-03-05 05:49"}
2023-10-29 00:38:00 查询号码 【1975704】，GSD为【"-"】
2023-10-29 00:38:00 ok && -
2023-10-29 00:38:07 CHB 1975704?1698511080 第 1 次 等待 3 秒
2023-10-29 00:38:10 CHB 1975704?1698511080 第 1 次 获取到号码【1975704】GSD
2023-10-29 00:38:10 未获取到号码【1975704】GSD，可能号码格式错误
2023-10-29 00:38:10 获取到号码【1975704】的GSD为【-】
2023-10-29 00:38:16 GSD insert 第 1 次 等待 3 秒
2023-10-29 00:38:19 {"status":"bad","gid":"570778","msg":"添加失败！号码【1975704(-|-)】已存在！"}
2023-10-29 00:38:19 随机等待 69 秒，约 1 分钟
2023-10-29 00:38:19 下次操作: 2023-10-29 00:39:28

2023-10-29 00:39:28 开始第 5795 次操作

2023-10-29 00:39:28 开始操作号码 【1975705】
2023-10-29 00:39:31 GSD getOne 第 1 次 等待 3 秒
2023-10-29 00:39:34 查询号码 【1975705】，返回信息 {"status":"ok","msg":"-","gid":"570781","time_insert":"2023-03-05 05:51"}
2023-10-29 00:39:34 查询号码 【1975705】，GSD为【"-"】
2023-10-29 00:39:34 ok && -
2023-10-29 00:39:37 CHB 1975705?1698511174 第 1 次 等待 3 秒
2023-10-29 00:39:40 CHB 1975705?1698511174 第 1 次 获取到号码【1975705】GSD
2023-10-29 00:39:40 未获取到号码【1975705】GSD，可能号码格式错误
2023-10-29 00:39:40 获取到号码【1975705】的GSD为【-】
2023-10-29 00:39:43 GSD insert 第 1 次 等待 3 秒
2023-10-29 00:39:46 {"status":"bad","gid":"570781","msg":"添加失败！号码【1975705(-|-)】已存在！"}
2023-10-29 00:39:46 随机等待 178 秒，约 2 分钟
2023-10-29 00:39:46 下次操作: 2023-10-29 00:42:44

2023-10-29 00:42:44 开始第 5796 次操作

2023-10-29 00:42:44 开始操作号码 【1975706】
2023-10-29 00:42:51 GSD getOne 第 1 次 等待 3 秒
2023-10-29 00:42:54 查询号码 【1975706】，返回信息 {"status":"ok","msg":"-","gid":"570786","time_insert":"2023-03-05 05:54"}
2023-10-29 00:42:54 查询号码 【1975706】，GSD为【"-"】
2023-10-29 00:42:54 ok && -
2023-10-29 00:43:00 CHB 1975706?1698511374 第 1 次 等待 3 秒
2023-10-29 00:43:03 CHB 1975706?1698511374 第 1 次 获取到号码【1975706】GSD
2023-10-29 00:43:03 未获取到号码【1975706】GSD，可能号码格式错误
2023-10-29 00:43:03 获取到号码【1975706】的GSD为【-】
2023-10-29 00:43:07 GSD insert 第 1 次 等待 3 秒
2023-10-29 00:43:10 {"status":"bad","gid":"570786","msg":"添加失败！号码【1975706(-|-)】已存在！"}

2023-10-29 01:05:52 开始第 5797 次操作

2023-10-29 01:05:52 开始操作号码 【1975707】
2023-10-29 01:06:00 GSD getOne 第 1 次 等待 3 秒
2023-10-29 01:06:03 查询号码 【1975707】，返回信息 {"status":"ok","msg":"-","gid":"570791","time_insert":"2023-03-05 05:57"}
2023-10-29 01:06:03 查询号码 【1975707】，GSD为【"-"】
2023-10-29 01:06:03 ok && -
2023-10-29 01:06:09 CHB 1975707?1698512763 第 1 次 等待 3 秒
2023-10-29 01:06:12 CHB 1975707?1698512763 第 1 次 获取到号码【1975707】GSD
2023-10-29 01:06:12 未获取到号码【1975707】GSD，可能号码格式错误
2023-10-29 01:06:12 获取到号码【1975707】的GSD为【-】
2023-10-29 01:06:24 GSD insert 第 1 次 等待 3 秒
2023-10-29 01:06:27 {"status":"bad","gid":"570791","msg":"添加失败！号码【1975707(-|-)】已存在！"}
2023-10-29 01:06:27 随机等待 82 秒，约 1 分钟
2023-10-29 01:06:27 下次操作: 2023-10-29 01:07:49

2023-10-29 01:07:49 开始第 5798 次操作

2023-10-29 01:07:49 开始操作号码 【1975708】
2023-10-29 01:07:52 GSD getOne 第 1 次 等待 3 秒
2023-10-29 01:07:55 查询号码 【1975708】，返回信息 {"status":"ok","msg":"-","gid":"570795","time_insert":"2023-03-05 06:00"}
2023-10-29 01:07:55 查询号码 【1975708】，GSD为【"-"】
2023-10-29 01:07:55 ok && -
2023-10-29 01:08:00 CHB 1975708?1698512875 第 1 次 等待 3 秒
2023-10-29 01:08:03 CHB 1975708?1698512875 第 1 次 获取到号码【1975708】GSD
2023-10-29 01:08:04 未获取到号码【1975708】GSD，可能号码格式错误
2023-10-29 01:08:04 获取到号码【1975708】的GSD为【-】
2023-10-29 01:08:12 GSD insert 第 1 次 等待 3 秒
2023-10-29 01:08:15 {"status":"bad","gid":"570795","msg":"添加失败！号码【1975708(-|-)】已存在！"}
2023-10-29 01:08:15 随机等待 71 秒，约 1 分钟
2023-10-29 01:08:15 下次操作: 2023-10-29 01:09:26

2023-10-29 01:09:26 开始第 5799 次操作

2023-10-29 01:09:26 开始操作号码 【1975709】
2023-10-29 01:09:31 GSD getOne 第 1 次 等待 3 秒
2023-10-29 01:09:34 查询号码 【1975709】，返回信息 {"status":"ok","msg":"-","gid":"570797","time_insert":"2023-03-05 06:02"}
2023-10-29 01:09:34 查询号码 【1975709】，GSD为【"-"】
2023-10-29 01:09:34 ok && -
2023-10-29 01:09:45 CHB 1975709?1698512974 第 1 次 等待 3 秒
2023-10-29 01:09:48 CHB 1975709?1698512974 第 1 次 获取到号码【1975709】GSD
2023-10-29 01:09:49 未获取到号码【1975709】GSD，可能号码格式错误
2023-10-29 01:09:49 获取到号码【1975709】的GSD为【-】
2023-10-29 01:09:51 GSD insert 第 1 次 等待 3 秒
2023-10-29 01:09:54 {"status":"bad","gid":"570797","msg":"添加失败！号码【1975709(-|-)】已存在！"}
2023-10-29 01:09:54 随机等待 149 秒，约 2 分钟
2023-10-29 01:09:54 下次操作: 2023-10-29 01:12:23

2023-10-29 01:12:23 开始第 5800 次操作

2023-10-29 01:12:23 开始操作号码 【1975710】
2023-10-29 01:12:28 GSD getOne 第 1 次 等待 3 秒
2023-10-29 01:12:31 查询号码 【1975710】，返回信息 {"status":"ok","msg":"-","gid":"570810","time_insert":"2023-03-05 06:11"}
2023-10-29 01:12:31 查询号码 【1975710】，GSD为【"-"】
2023-10-29 01:12:31 ok && -
2023-10-29 01:12:33 CHB 1975710?1698513151 第 1 次 等待 3 秒
2023-10-29 01:12:36 CHB 1975710?1698513151 第 1 次 获取到号码【1975710】GSD
2023-10-29 01:12:36 未获取到号码【1975710】GSD，可能号码格式错误
2023-10-29 01:12:36 获取到号码【1975710】的GSD为【-】
2023-10-29 01:12:41 GSD insert 第 1 次 等待 3 秒
2023-10-29 01:12:44 {"status":"bad","gid":"570810","msg":"添加失败！号码【1975710(-|-)】已存在！"}

2023-10-29 01:32:16 开始第 5801 次操作

2023-10-29 01:32:16 开始操作号码 【1975711】
2023-10-29 01:32:21 GSD getOne 第 1 次 等待 3 秒
2023-10-29 01:32:24 查询号码 【1975711】，返回信息 {"status":"ok","msg":"-","gid":"570816","time_insert":"2023-03-05 06:14"}
2023-10-29 01:32:24 查询号码 【1975711】，GSD为【"-"】
2023-10-29 01:32:24 ok && -
2023-10-29 01:32:26 CHB 1975711?1698514344 第 1 次 等待 3 秒
2023-10-29 01:32:29 CHB 1975711?1698514344 第 1 次 获取到号码【1975711】GSD
2023-10-29 01:32:29 未获取到号码【1975711】GSD，可能号码格式错误
2023-10-29 01:32:29 获取到号码【1975711】的GSD为【-】
2023-10-29 01:32:33 GSD insert 第 1 次 等待 3 秒
2023-10-29 01:32:36 {"status":"bad","gid":"570816","msg":"添加失败！号码【1975711(-|-)】已存在！"}
2023-10-29 01:32:36 随机等待 216 秒，约 3 分钟
2023-10-29 01:32:36 下次操作: 2023-10-29 01:36:12

2023-10-29 01:36:12 开始第 5802 次操作

2023-10-29 01:36:12 开始操作号码 【1975712】
2023-10-29 01:36:15 GSD getOne 第 1 次 等待 3 秒
2023-10-29 01:36:18 查询号码 【1975712】，返回信息 {"status":"ok","msg":"-","gid":"570819","time_insert":"2023-03-05 06:17"}
2023-10-29 01:36:19 查询号码 【1975712】，GSD为【"-"】
2023-10-29 01:36:19 ok && -
2023-10-29 01:36:20 CHB 1975712?1698514579 第 1 次 等待 3 秒
2023-10-29 01:36:23 CHB 1975712?1698514579 第 1 次 获取到号码【1975712】GSD
2023-10-29 01:36:23 未获取到号码【1975712】GSD，可能号码格式错误
2023-10-29 01:36:23 获取到号码【1975712】的GSD为【-】
2023-10-29 01:36:26 GSD insert 第 1 次 等待 3 秒
2023-10-29 01:36:29 {"status":"bad","gid":"570819","msg":"添加失败！号码【1975712(-|-)】已存在！"}
2023-10-29 01:36:29 随机等待 77 秒，约 1 分钟
2023-10-29 01:36:29 下次操作: 2023-10-29 01:37:46

2023-10-29 01:37:46 开始第 5803 次操作

2023-10-29 01:37:46 开始操作号码 【1975713】
2023-10-29 01:37:49 GSD getOne 第 1 次 等待 3 秒
2023-10-29 01:37:52 查询号码 【1975713】，返回信息 {"status":"ok","msg":"-","gid":"570824","time_insert":"2023-03-05 06:20"}
2023-10-29 01:37:52 查询号码 【1975713】，GSD为【"-"】
2023-10-29 01:37:52 ok && -
2023-10-29 01:37:57 CHB 1975713?1698514672 第 1 次 等待 3 秒
2023-10-29 01:38:00 CHB 1975713?1698514672 第 1 次 获取到号码【1975713】GSD
2023-10-29 01:38:00 未获取到号码【1975713】GSD，可能号码格式错误
2023-10-29 01:38:00 获取到号码【1975713】的GSD为【-】
2023-10-29 01:38:03 GSD insert 第 1 次 等待 3 秒
2023-10-29 01:38:06 {"status":"bad","gid":"570824","msg":"添加失败！号码【1975713(-|-)】已存在！"}
2023-10-29 01:38:06 随机等待 101 秒，约 1 分钟
2023-10-29 01:38:06 下次操作: 2023-10-29 01:39:47

2023-10-29 01:39:47 开始第 5804 次操作

2023-10-29 01:39:47 开始操作号码 【1975714】
2023-10-29 01:39:50 GSD getOne 第 1 次 等待 3 秒
2023-10-29 01:39:53 查询号码 【1975714】，返回信息 {"status":"ok","msg":"-","gid":"570835","time_insert":"2023-03-05 06:29"}
2023-10-29 01:39:53 查询号码 【1975714】，GSD为【"-"】
2023-10-29 01:39:53 ok && -
2023-10-29 01:39:55 CHB 1975714?1698514793 第 1 次 等待 3 秒
2023-10-29 01:39:58 CHB 1975714?1698514793 第 1 次 获取到号码【1975714】GSD
2023-10-29 01:39:58 未获取到号码【1975714】GSD，可能号码格式错误
2023-10-29 01:39:58 获取到号码【1975714】的GSD为【-】
2023-10-29 01:40:03 GSD insert 第 1 次 等待 3 秒
2023-10-29 01:40:06 {"status":"bad","gid":"570835","msg":"添加失败！号码【1975714(-|-)】已存在！"}

2023-10-29 02:08:14 开始第 5805 次操作

2023-10-29 02:08:14 开始操作号码 【1975715】
2023-10-29 02:08:18 GSD getOne 第 1 次 等待 3 秒
2023-10-29 02:08:21 查询号码 【1975715】，返回信息 {"status":"ok","msg":"-","gid":"570840","time_insert":"2023-03-05 06:31"}
2023-10-29 02:08:21 查询号码 【1975715】，GSD为【"-"】
2023-10-29 02:08:21 ok && -
2023-10-29 02:08:29 CHB 1975715?1698516501 第 1 次 等待 3 秒
2023-10-29 02:08:32 CHB 1975715?1698516501 第 1 次 获取到号码【1975715】GSD
2023-10-29 02:08:32 未获取到号码【1975715】GSD，可能号码格式错误
2023-10-29 02:08:32 获取到号码【1975715】的GSD为【-】
2023-10-29 02:08:38 GSD insert 第 1 次 等待 3 秒
2023-10-29 02:08:41 {"status":"bad","gid":"570840","msg":"添加失败！号码【1975715(-|-)】已存在！"}
2023-10-29 02:08:41 随机等待 102 秒，约 1 分钟
2023-10-29 02:08:41 下次操作: 2023-10-29 02:10:23

2023-10-29 02:10:23 开始第 5806 次操作

2023-10-29 02:10:23 开始操作号码 【1975716】
2023-10-29 02:10:27 GSD getOne 第 1 次 等待 3 秒
2023-10-29 02:10:30 查询号码 【1975716】，返回信息 {"status":"ok","msg":"-","gid":"570843","time_insert":"2023-03-05 06:33"}
2023-10-29 02:10:30 查询号码 【1975716】，GSD为【"-"】
2023-10-29 02:10:30 ok && -
2023-10-29 02:10:37 CHB 1975716?1698516630 第 1 次 等待 3 秒
2023-10-29 02:10:40 CHB 1975716?1698516630 第 1 次 获取到号码【1975716】GSD
2023-10-29 02:10:40 未获取到号码【1975716】GSD，可能号码格式错误
2023-10-29 02:10:40 获取到号码【1975716】的GSD为【-】
2023-10-29 02:10:43 GSD insert 第 1 次 等待 3 秒
2023-10-29 02:10:46 {"status":"bad","gid":"570843","msg":"添加失败！号码【1975716(-|-)】已存在！"}
2023-10-29 02:10:46 随机等待 79 秒，约 1 分钟
2023-10-29 02:10:46 下次操作: 2023-10-29 02:12:05

2023-10-29 02:12:05 开始第 5807 次操作

2023-10-29 02:12:05 开始操作号码 【1975717】
2023-10-29 02:12:08 GSD getOne 第 1 次 等待 3 秒
2023-10-29 02:12:11 查询号码 【1975717】，返回信息 {"status":"ok","msg":"-","gid":"570848","time_insert":"2023-03-05 06:36"}
2023-10-29 02:12:11 查询号码 【1975717】，GSD为【"-"】
2023-10-29 02:12:11 ok && -
2023-10-29 02:12:18 CHB 1975717?1698516731 第 1 次 等待 3 秒
2023-10-29 02:12:21 CHB 1975717?1698516731 第 1 次 获取到号码【1975717】GSD
2023-10-29 02:12:21 未获取到号码【1975717】GSD，可能号码格式错误
2023-10-29 02:12:21 获取到号码【1975717】的GSD为【-】
2023-10-29 02:12:25 GSD insert 第 1 次 等待 3 秒
2023-10-29 02:12:28 {"status":"bad","gid":"570848","msg":"添加失败！号码【1975717(-|-)】已存在！"}
2023-10-29 02:12:28 随机等待 194 秒，约 3 分钟
2023-10-29 02:12:28 下次操作: 2023-10-29 02:15:42

2023-10-29 02:15:42 开始第 5808 次操作

2023-10-29 02:15:42 开始操作号码 【1975718】
2023-10-29 02:15:52 GSD getOne 第 1 次 等待 3 秒
2023-10-29 02:15:55 查询号码 【1975718】，返回信息 {"status":"ok","msg":"-","gid":"570853","time_insert":"2023-03-05 06:38"}
2023-10-29 02:15:55 查询号码 【1975718】，GSD为【"-"】
2023-10-29 02:15:55 ok && -
2023-10-29 02:15:58 CHB 1975718?1698516955 第 1 次 等待 3 秒
2023-10-29 02:16:01 CHB 1975718?1698516955 第 1 次 获取到号码【1975718】GSD
2023-10-29 02:16:01 未获取到号码【1975718】GSD，可能号码格式错误
2023-10-29 02:16:01 获取到号码【1975718】的GSD为【-】
2023-10-29 02:16:08 GSD insert 第 1 次 等待 3 秒
2023-10-29 02:16:11 {"status":"bad","gid":"570853","msg":"添加失败！号码【1975718(-|-)】已存在！"}

2023-10-29 02:32:22 开始第 5809 次操作

2023-10-29 02:32:22 开始操作号码 【1975719】
2023-10-29 02:32:25 GSD getOne 第 1 次 等待 3 秒
2023-10-29 02:32:28 查询号码 【1975719】，返回信息 {"status":"ok","msg":"-","gid":"570856","time_insert":"2023-03-05 06:40"}
2023-10-29 02:32:28 查询号码 【1975719】，GSD为【"-"】
2023-10-29 02:32:28 ok && -
2023-10-29 02:32:30 CHB 1975719?1698517948 第 1 次 等待 3 秒
2023-10-29 02:32:33 CHB 1975719?1698517948 第 1 次 获取到号码【1975719】GSD
2023-10-29 02:32:33 未获取到号码【1975719】GSD，可能号码格式错误
2023-10-29 02:32:33 获取到号码【1975719】的GSD为【-】
2023-10-29 02:32:35 GSD insert 第 1 次 等待 3 秒
2023-10-29 02:32:38 {"status":"bad","gid":"570856","msg":"添加失败！号码【1975719(-|-)】已存在！"}
2023-10-29 02:32:38 随机等待 163 秒，约 2 分钟
2023-10-29 02:32:38 下次操作: 2023-10-29 02:35:21

2023-10-29 02:35:21 开始第 5810 次操作

2023-10-29 02:35:21 开始操作号码 【1975720】
2023-10-29 02:35:27 GSD getOne 第 1 次 等待 3 秒
2023-10-29 02:35:30 查询号码 【1975720】，返回信息 {"status":"ok","msg":"-","gid":"570859","time_insert":"2023-03-05 06:42"}
2023-10-29 02:35:30 查询号码 【1975720】，GSD为【"-"】
2023-10-29 02:35:30 ok && -
2023-10-29 02:35:32 CHB 1975720?1698518130 第 1 次 等待 3 秒
2023-10-29 02:35:35 CHB 1975720?1698518130 第 1 次 获取到号码【1975720】GSD
2023-10-29 02:35:35 未获取到号码【1975720】GSD，可能号码格式错误
2023-10-29 02:35:35 获取到号码【1975720】的GSD为【-】
2023-10-29 02:35:38 GSD insert 第 1 次 等待 3 秒
2023-10-29 02:35:41 {"status":"bad","gid":"570859","msg":"添加失败！号码【1975720(-|-)】已存在！"}
2023-10-29 02:35:41 随机等待 92 秒，约 1 分钟
2023-10-29 02:35:41 下次操作: 2023-10-29 02:37:13

2023-10-29 02:37:13 开始第 5811 次操作

2023-10-29 02:37:13 开始操作号码 【1975721】
2023-10-29 02:37:16 GSD getOne 第 1 次 等待 3 秒
2023-10-29 02:37:19 查询号码 【1975721】，返回信息 {"status":"ok","msg":"-","gid":"570861","time_insert":"2023-03-05 06:45"}
2023-10-29 02:37:19 查询号码 【1975721】，GSD为【"-"】
2023-10-29 02:37:19 ok && -
2023-10-29 02:37:20 CHB 1975721?1698518239 第 1 次 等待 3 秒
2023-10-29 02:37:23 CHB 1975721?1698518239 第 1 次 获取到号码【1975721】GSD
2023-10-29 02:37:23 未获取到号码【1975721】GSD，可能号码格式错误
2023-10-29 02:37:23 获取到号码【1975721】的GSD为【-】
2023-10-29 02:37:28 GSD insert 第 1 次 等待 3 秒
2023-10-29 02:37:31 {"status":"bad","gid":"570861","msg":"添加失败！号码【1975721(-|-)】已存在！"}
2023-10-29 02:37:31 随机等待 227 秒，约 3 分钟
2023-10-29 02:37:31 下次操作: 2023-10-29 02:41:18

2023-10-29 02:41:18 开始第 5812 次操作

2023-10-29 02:41:18 开始操作号码 【1975722】
2023-10-29 02:41:21 GSD getOne 第 1 次 等待 3 秒
2023-10-29 02:41:24 查询号码 【1975722】，返回信息 {"status":"ok","msg":"-","gid":"570872","time_insert":"2023-03-05 06:48"}
2023-10-29 02:41:24 查询号码 【1975722】，GSD为【"-"】
2023-10-29 02:41:24 ok && -
2023-10-29 02:41:25 CHB 1975722?1698518484 第 1 次 等待 3 秒
2023-10-29 02:41:28 CHB 1975722?1698518484 第 1 次 获取到号码【1975722】GSD
2023-10-29 02:41:29 未获取到号码【1975722】GSD，可能号码格式错误
2023-10-29 02:41:29 获取到号码【1975722】的GSD为【-】
2023-10-29 02:41:32 GSD insert 第 1 次 等待 3 秒
2023-10-29 02:41:35 {"status":"bad","gid":"570872","msg":"添加失败！号码【1975722(-|-)】已存在！"}

2023-10-29 03:04:58 开始第 5813 次操作

2023-10-29 03:04:58 开始操作号码 【1975723】
2023-10-29 03:05:01 GSD getOne 第 1 次 等待 3 秒
2023-10-29 03:05:04 查询号码 【1975723】，返回信息 {"status":"ok","msg":"-","gid":"570876","time_insert":"2023-03-05 06:51"}
2023-10-29 03:05:04 查询号码 【1975723】，GSD为【"-"】
2023-10-29 03:05:04 ok && -
2023-10-29 03:05:07 CHB 1975723?1698519904 第 1 次 等待 3 秒
2023-10-29 03:05:10 CHB 1975723?1698519904 第 1 次 获取到号码【1975723】GSD
2023-10-29 03:05:10 未获取到号码【1975723】GSD，可能号码格式错误
2023-10-29 03:05:10 获取到号码【1975723】的GSD为【-】
2023-10-29 03:05:13 GSD insert 第 1 次 等待 3 秒
2023-10-29 03:05:16 {"status":"bad","gid":"570876","msg":"添加失败！号码【1975723(-|-)】已存在！"}
2023-10-29 03:05:16 随机等待 67 秒，约 1 分钟
2023-10-29 03:05:16 下次操作: 2023-10-29 03:06:23

2023-10-29 03:06:23 开始第 5814 次操作

2023-10-29 03:06:23 开始操作号码 【1975724】
2023-10-29 03:06:26 GSD getOne 第 1 次 等待 3 秒
2023-10-29 03:06:29 查询号码 【1975724】，返回信息 {"status":"ok","msg":"-","gid":"570877","time_insert":"2023-03-05 06:52"}
2023-10-29 03:06:29 查询号码 【1975724】，GSD为【"-"】
2023-10-29 03:06:29 ok && -
2023-10-29 03:06:35 CHB 1975724?1698519989 第 1 次 等待 3 秒
2023-10-29 03:06:38 CHB 1975724?1698519989 第 1 次 获取到号码【1975724】GSD
2023-10-29 03:06:38 未获取到号码【1975724】GSD，可能号码格式错误
2023-10-29 03:06:38 获取到号码【1975724】的GSD为【-】
2023-10-29 03:06:43 GSD insert 第 1 次 等待 3 秒
2023-10-29 03:06:46 {"status":"bad","gid":"570877","msg":"添加失败！号码【1975724(-|-)】已存在！"}
2023-10-29 03:06:46 随机等待 96 秒，约 1 分钟
2023-10-29 03:06:46 下次操作: 2023-10-29 03:08:22

2023-10-29 03:08:22 开始第 5815 次操作

2023-10-29 03:08:22 开始操作号码 【1975725】
2023-10-29 03:08:26 GSD getOne 第 1 次 等待 3 秒
2023-10-29 03:08:29 查询号码 【1975725】，返回信息 {"status":"ok","msg":"-","gid":"570882","time_insert":"2023-03-05 06:55"}
2023-10-29 03:08:29 查询号码 【1975725】，GSD为【"-"】
2023-10-29 03:08:29 ok && -
2023-10-29 03:08:31 CHB 1975725?1698520109 第 1 次 等待 3 秒
2023-10-29 03:08:34 CHB 1975725?1698520109 第 1 次 获取到号码【1975725】GSD
2023-10-29 03:08:34 未获取到号码【1975725】GSD，可能号码格式错误
2023-10-29 03:08:34 获取到号码【1975725】的GSD为【-】
2023-10-29 03:08:40 GSD insert 第 1 次 等待 3 秒
2023-10-29 03:08:43 {"status":"bad","gid":"570882","msg":"添加失败！号码【1975725(-|-)】已存在！"}
2023-10-29 03:08:43 随机等待 83 秒，约 1 分钟
2023-10-29 03:08:43 下次操作: 2023-10-29 03:10:06

2023-10-29 03:10:06 开始第 5816 次操作

2023-10-29 03:10:06 开始操作号码 【1975726】
2023-10-29 03:10:09 GSD getOne 第 1 次 等待 3 秒
2023-10-29 03:10:12 查询号码 【1975726】，返回信息 {"status":"ok","msg":"-","gid":"570889","time_insert":"2023-03-05 06:57"}
2023-10-29 03:10:12 查询号码 【1975726】，GSD为【"-"】
2023-10-29 03:10:12 ok && -
2023-10-29 03:10:14 CHB 1975726?1698520212 第 1 次 等待 3 秒
2023-10-29 03:10:17 CHB 1975726?1698520212 第 1 次 获取到号码【1975726】GSD
2023-10-29 03:10:17 未获取到号码【1975726】GSD，可能号码格式错误
2023-10-29 03:10:17 获取到号码【1975726】的GSD为【-】
2023-10-29 03:10:20 GSD insert 第 1 次 等待 3 秒
2023-10-29 03:10:23 {"status":"bad","gid":"570889","msg":"添加失败！号码【1975726(-|-)】已存在！"}

2023-10-29 03:32:06 开始第 5817 次操作

2023-10-29 03:32:06 开始操作号码 【1975727】
2023-10-29 03:32:13 GSD getOne 第 1 次 等待 3 秒
2023-10-29 03:32:16 查询号码 【1975727】，返回信息 {"status":"ok","msg":"-","gid":"570891","time_insert":"2023-03-05 06:59"}
2023-10-29 03:32:16 查询号码 【1975727】，GSD为【"-"】
2023-10-29 03:32:16 ok && -
2023-10-29 03:32:18 CHB 1975727?1698521536 第 1 次 等待 3 秒
2023-10-29 03:32:21 CHB 1975727?1698521536 第 1 次 获取到号码【1975727】GSD
2023-10-29 03:32:21 未获取到号码【1975727】GSD，可能号码格式错误
2023-10-29 03:32:21 获取到号码【1975727】的GSD为【-】
2023-10-29 03:32:24 GSD insert 第 1 次 等待 3 秒
2023-10-29 03:32:27 {"status":"bad","gid":"570891","msg":"添加失败！号码【1975727(-|-)】已存在！"}
2023-10-29 03:32:27 随机等待 201 秒，约 3 分钟
2023-10-29 03:32:27 下次操作: 2023-10-29 03:35:48

2023-10-29 03:35:48 开始第 5818 次操作

2023-10-29 03:35:48 开始操作号码 【1975728】
2023-10-29 03:35:51 GSD getOne 第 1 次 等待 3 秒
2023-10-29 03:35:54 查询号码 【1975728】，返回信息 {"status":"ok","msg":"-","gid":"570893","time_insert":"2023-03-05 07:01"}
2023-10-29 03:35:54 查询号码 【1975728】，GSD为【"-"】
2023-10-29 03:35:54 ok && -
2023-10-29 03:35:56 CHB 1975728?1698521754 第 1 次 等待 3 秒
2023-10-29 03:35:59 CHB 1975728?1698521754 第 1 次 获取到号码【1975728】GSD
2023-10-29 03:35:59 未获取到号码【1975728】GSD，可能号码格式错误
2023-10-29 03:35:59 获取到号码【1975728】的GSD为【-】
2023-10-29 03:36:06 GSD insert 第 1 次 等待 3 秒
2023-10-29 03:36:09 {"status":"bad","gid":"570893","msg":"添加失败！号码【1975728(-|-)】已存在！"}
2023-10-29 03:36:09 随机等待 117 秒，约 1 分钟
2023-10-29 03:36:09 下次操作: 2023-10-29 03:38:06

2023-10-29 03:38:06 开始第 5819 次操作

2023-10-29 03:38:06 开始操作号码 【1975729】
2023-10-29 03:38:09 GSD getOne 第 1 次 等待 3 秒
2023-10-29 03:38:12 查询号码 【1975729】，返回信息 {"status":"ok","msg":"-","gid":"570896","time_insert":"2023-03-05 07:02"}
2023-10-29 03:38:12 查询号码 【1975729】，GSD为【"-"】
2023-10-29 03:38:12 ok && -
2023-10-29 03:38:14 CHB 1975729?1698521892 第 1 次 等待 3 秒
2023-10-29 03:38:17 CHB 1975729?1698521892 第 1 次 获取到号码【1975729】GSD
2023-10-29 03:38:17 未获取到号码【1975729】GSD，可能号码格式错误
2023-10-29 03:38:17 获取到号码【1975729】的GSD为【-】
2023-10-29 03:38:20 GSD insert 第 1 次 等待 3 秒
2023-10-29 03:38:23 {"status":"bad","gid":"570896","msg":"添加失败！号码【1975729(-|-)】已存在！"}
2023-10-29 03:38:23 随机等待 182 秒，约 3 分钟
2023-10-29 03:38:23 下次操作: 2023-10-29 03:41:25

2023-10-29 03:41:25 开始第 5820 次操作

2023-10-29 03:41:25 开始操作号码 【1975730】
2023-10-29 03:41:31 GSD getOne 第 1 次 等待 3 秒
2023-10-29 03:41:34 查询号码 【1975730】，返回信息 {"status":"ok","msg":"-","gid":"570916","time_insert":"2023-03-05 07:16"}
2023-10-29 03:41:34 查询号码 【1975730】，GSD为【"-"】
2023-10-29 03:41:34 ok && -
2023-10-29 03:41:36 CHB 1975730?1698522094 第 1 次 等待 3 秒
2023-10-29 03:41:39 CHB 1975730?1698522094 第 1 次 获取到号码【1975730】GSD
2023-10-29 03:41:39 未获取到号码【1975730】GSD，可能号码格式错误
2023-10-29 03:41:39 获取到号码【1975730】的GSD为【-】
2023-10-29 03:41:42 GSD insert 第 1 次 等待 3 秒
2023-10-29 03:41:45 {"status":"bad","gid":"570916","msg":"添加失败！号码【1975730(-|-)】已存在！"}

