2024-04-25 00:09:19 开始第 5545 次操作

2024-04-25 00:09:19 开始操作号码 【1655446】
2024-04-25 00:09:26 GSD getOne 第 1 次 等待 3 秒
2024-04-25 00:09:29 查询号码 【1655446】，返回信息 {"status":"ok","msg":"吉林-松原","gid":"283001","time_insert":"2021-07-15 11:22"}
2024-04-25 00:09:29 查询号码 【1655446】，GSD为【"吉林-松原"】

2024-04-25 00:09:30 开始第 5546 次操作

2024-04-25 00:09:30 开始操作号码 【1655447】
2024-04-25 00:09:36 GSD getOne 第 1 次 等待 3 秒
2024-04-25 00:09:39 查询号码 【1655447】，返回信息 {"status":"ok","msg":"吉林-松原","gid":"283007","time_insert":"2021-07-15 11:22"}
2024-04-25 00:09:39 查询号码 【1655447】，GSD为【"吉林-松原"】

2024-04-25 00:09:40 开始第 5547 次操作

2024-04-25 00:09:40 开始操作号码 【1655448】
2024-04-25 00:09:45 GSD getOne 第 1 次 等待 3 秒
2024-04-25 00:09:48 查询号码 【1655448】，返回信息 {"status":"ok","msg":"吉林-白城","gid":"283012","time_insert":"2021-07-15 11:22"}
2024-04-25 00:09:48 查询号码 【1655448】，GSD为【"吉林-白城"】

2024-04-25 00:09:49 开始第 5548 次操作

2024-04-25 00:09:49 开始操作号码 【1655449】
2024-04-25 00:09:55 GSD getOne 第 1 次 等待 3 秒
2024-04-25 00:09:58 查询号码 【1655449】，返回信息 {"status":"ok","msg":"吉林-白城","gid":"283018","time_insert":"2021-07-15 11:23"}
2024-04-25 00:09:58 查询号码 【1655449】，GSD为【"吉林-白城"】

