2024-04-16 00:08:40 开始第 3889 次操作

2024-04-16 00:08:40 开始操作号码 【1653790】
2024-04-16 00:08:47 GSD getOne 第 1 次 等待 3 秒
2024-04-16 00:08:50 查询号码 【1653790】，返回信息 {"status":"ok","msg":"辽宁-葫芦岛","gid":"261762","time_insert":"2021-07-13 02:56"}
2024-04-16 00:08:50 查询号码 【1653790】，GSD为【"辽宁-葫芦岛"】

2024-04-16 00:08:51 开始第 3890 次操作

2024-04-16 00:08:51 开始操作号码 【1653791】
2024-04-16 00:08:58 GSD getOne 第 1 次 等待 3 秒
2024-04-16 00:09:01 查询号码 【1653791】，返回信息 {"status":"ok","msg":"辽宁-锦州","gid":"261769","time_insert":"2021-07-13 02:57"}
2024-04-16 00:09:01 查询号码 【1653791】，GSD为【"辽宁-锦州"】

2024-04-16 00:09:02 开始第 3891 次操作

2024-04-16 00:09:02 开始操作号码 【1653792】
2024-04-16 00:09:08 GSD getOne 第 1 次 等待 3 秒
2024-04-16 00:09:11 查询号码 【1653792】，返回信息 {"status":"ok","msg":"辽宁-营口","gid":"261778","time_insert":"2021-07-13 02:57"}
2024-04-16 00:09:11 查询号码 【1653792】，GSD为【"辽宁-营口"】

2024-04-16 00:09:12 开始第 3892 次操作

2024-04-16 00:09:12 开始操作号码 【1653793】
2024-04-16 00:09:23 GSD getOne 第 1 次 等待 3 秒
2024-04-16 00:09:26 查询号码 【1653793】，返回信息 {"status":"ok","msg":"辽宁-朝阳","gid":"261789","time_insert":"2021-07-13 02:58"}
2024-04-16 00:09:26 查询号码 【1653793】，GSD为【"辽宁-朝阳"】

2024-04-16 00:32:20 开始第 3893 次操作

2024-04-16 00:32:20 开始操作号码 【1653794】
2024-04-16 00:32:28 GSD getOne 第 1 次 等待 3 秒
2024-04-16 00:32:31 查询号码 【1653794】，返回信息 {"status":"ok","msg":"广东-肇庆","gid":"261794","time_insert":"2021-07-13 02:58"}
2024-04-16 00:32:31 查询号码 【1653794】，GSD为【"广东-肇庆"】

2024-04-16 00:32:32 开始第 3894 次操作

2024-04-16 00:32:32 开始操作号码 【1653795】
2024-04-16 00:32:38 GSD getOne 第 1 次 等待 3 秒
2024-04-16 00:32:41 查询号码 【1653795】，返回信息 {"status":"ok","msg":"河南-洛阳","gid":"261801","time_insert":"2021-07-13 02:58"}
2024-04-16 00:32:41 查询号码 【1653795】，GSD为【"河南-洛阳"】

2024-04-16 00:32:42 开始第 3895 次操作

2024-04-16 00:32:42 开始操作号码 【1653796】
2024-04-16 00:32:47 GSD getOne 第 1 次 等待 3 秒
2024-04-16 00:32:50 查询号码 【1653796】，返回信息 {"status":"ok","msg":"河南-洛阳","gid":"261809","time_insert":"2021-07-13 02:59"}
2024-04-16 00:32:50 查询号码 【1653796】，GSD为【"河南-洛阳"】

2024-04-16 00:32:51 开始第 3896 次操作

2024-04-16 00:32:51 开始操作号码 【1653797】
2024-04-16 00:32:58 GSD getOne 第 1 次 等待 3 秒
2024-04-16 00:33:01 查询号码 【1653797】，返回信息 {"status":"ok","msg":"河南-洛阳","gid":"261817","time_insert":"2021-07-13 02:59"}
2024-04-16 00:33:01 查询号码 【1653797】，GSD为【"河南-洛阳"】

2024-04-16 01:07:31 开始第 3897 次操作

2024-04-16 01:07:31 开始操作号码 【1653798】
2024-04-16 01:07:37 GSD getOne 第 1 次 等待 3 秒
2024-04-16 01:07:40 查询号码 【1653798】，返回信息 {"status":"ok","msg":"山东-临沂","gid":"261821","time_insert":"2021-07-13 03:00"}
2024-04-16 01:07:40 查询号码 【1653798】，GSD为【"山东-临沂"】

2024-04-16 01:07:41 开始第 3898 次操作

2024-04-16 01:07:41 开始操作号码 【1653799】
2024-04-16 01:07:48 GSD getOne 第 1 次 等待 3 秒
2024-04-16 01:07:51 查询号码 【1653799】，返回信息 {"status":"ok","msg":"山东-菏泽","gid":"261825","time_insert":"2021-07-13 03:00"}
2024-04-16 01:07:51 查询号码 【1653799】，GSD为【"山东-菏泽"】

2024-04-16 01:07:52 开始第 3899 次操作

2024-04-16 01:07:52 开始操作号码 【1653800】
2024-04-16 01:07:58 GSD getOne 第 1 次 等待 3 秒
2024-04-16 01:08:01 查询号码 【1653800】，返回信息 {"status":"ok","msg":"吉林-长春","gid":"261827","time_insert":"2021-07-13 03:00"}
2024-04-16 01:08:01 查询号码 【1653800】，GSD为【"吉林-长春"】

2024-04-16 01:08:02 开始第 3900 次操作

2024-04-16 01:08:02 开始操作号码 【1653801】
2024-04-16 01:08:06 GSD getOne 第 1 次 等待 3 秒
2024-04-16 01:08:09 查询号码 【1653801】，返回信息 {"status":"ok","msg":"吉林-松原","gid":"261830","time_insert":"2021-07-13 03:01"}
2024-04-16 01:08:10 查询号码 【1653801】，GSD为【"吉林-松原"】

2024-04-16 01:32:15 开始第 3901 次操作

2024-04-16 01:32:15 开始操作号码 【1653802】
2024-04-16 01:32:21 GSD getOne 第 1 次 等待 3 秒
2024-04-16 01:32:24 查询号码 【1653802】，返回信息 {"status":"ok","msg":"吉林-松原","gid":"261949","time_insert":"2021-07-13 03:37"}
2024-04-16 01:32:24 查询号码 【1653802】，GSD为【"吉林-松原"】

2024-04-16 01:32:25 开始第 3902 次操作

2024-04-16 01:32:25 开始操作号码 【1653803】
2024-04-16 01:32:31 GSD getOne 第 1 次 等待 3 秒
2024-04-16 01:32:34 查询号码 【1653803】，返回信息 {"status":"ok","msg":"吉林-长春","gid":"261966","time_insert":"2021-07-13 03:38"}
2024-04-16 01:32:34 查询号码 【1653803】，GSD为【"吉林-长春"】

2024-04-16 01:32:35 开始第 3903 次操作

2024-04-16 01:32:35 开始操作号码 【1653804】
2024-04-16 01:32:41 GSD getOne 第 1 次 等待 3 秒
2024-04-16 01:32:44 查询号码 【1653804】，返回信息 {"status":"ok","msg":"吉林-长春","gid":"261985","time_insert":"2021-07-13 03:39"}
2024-04-16 01:32:44 查询号码 【1653804】，GSD为【"吉林-长春"】

2024-04-16 01:32:45 开始第 3904 次操作

2024-04-16 01:32:45 开始操作号码 【1653805】
2024-04-16 01:32:50 GSD getOne 第 1 次 等待 3 秒
2024-04-16 01:32:53 查询号码 【1653805】，返回信息 {"status":"ok","msg":"吉林-长春","gid":"261999","time_insert":"2021-07-13 03:40"}
2024-04-16 01:32:53 查询号码 【1653805】，GSD为【"吉林-长春"】

2024-04-16 02:10:08 开始第 3905 次操作

2024-04-16 02:10:08 开始操作号码 【1653806】
2024-04-16 02:10:13 GSD getOne 第 1 次 等待 3 秒
2024-04-16 02:10:16 查询号码 【1653806】，返回信息 {"status":"ok","msg":"吉林-松原","gid":"262016","time_insert":"2021-07-13 03:40"}
2024-04-16 02:10:17 查询号码 【1653806】，GSD为【"吉林-松原"】

2024-04-16 02:10:18 开始第 3906 次操作

2024-04-16 02:10:18 开始操作号码 【1653807】
2024-04-16 02:10:22 GSD getOne 第 1 次 等待 3 秒
2024-04-16 02:10:25 查询号码 【1653807】，返回信息 {"status":"ok","msg":"吉林-松原","gid":"262030","time_insert":"2021-07-13 03:41"}
2024-04-16 02:10:25 查询号码 【1653807】，GSD为【"吉林-松原"】

2024-04-16 02:10:26 开始第 3907 次操作

2024-04-16 02:10:26 开始操作号码 【1653808】
2024-04-16 02:10:33 GSD getOne 第 1 次 等待 3 秒
2024-04-16 02:10:36 查询号码 【1653808】，返回信息 {"status":"ok","msg":"吉林-长春","gid":"262046","time_insert":"2021-07-13 03:42"}
2024-04-16 02:10:36 查询号码 【1653808】，GSD为【"吉林-长春"】

2024-04-16 02:10:37 开始第 3908 次操作

2024-04-16 02:10:37 开始操作号码 【1653809】
2024-04-16 02:10:42 GSD getOne 第 1 次 等待 3 秒
2024-04-16 02:10:45 查询号码 【1653809】，返回信息 {"status":"ok","msg":"吉林-长春","gid":"262061","time_insert":"2021-07-13 03:43"}
2024-04-16 02:10:45 查询号码 【1653809】，GSD为【"吉林-长春"】

