2021-07-18 00:00:04 开始第 20 次操作

2021-07-18 00:00:04 开始操作号码 【1805080】
2021-07-18 00:00:09 GSD getOne 第 1 次 等待 3 秒
2021-07-18 00:00:12 查询号码 【1805080】，返回信息 {"status":"bad","msg":""}
2021-07-18 00:00:12 查询号码 【1805080】，GSD为【""】
2021-07-18 00:00:12 bad
2021-07-18 00:00:13 CHB 1805080?1626537612 第 1 次 等待 3 秒
2021-07-18 00:00:16 CHB 1805080?1626537612 第 1 次 获取到号码【1805080】GSD
2021-07-18 00:00:17 获取到号码【1805080】的GSD为【福建-泉州】
2021-07-18 00:00:21 GSD insert 第 1 次 等待 3 秒
2021-07-18 00:00:24 {"status":"ok","gid":308513,"msg":"添加成功！"}
2021-07-18 00:00:24 下次操作: 2021-07-18 00:00:46

2021-07-18 00:00:46 开始第 21 次操作

2021-07-18 00:00:46 开始操作号码 【1805081】
2021-07-18 00:00:55 GSD getOne 第 1 次 等待 3 秒
2021-07-18 00:00:58 查询号码 【1805081】，返回信息 {"status":"bad","msg":""}
2021-07-18 00:00:58 查询号码 【1805081】，GSD为【""】
2021-07-18 00:00:58 bad
2021-07-18 00:01:00 CHB 1805081?1626537658 第 1 次 等待 3 秒
2021-07-18 00:01:03 CHB 1805081?1626537658 第 1 次 获取到号码【1805081】GSD
2021-07-18 00:01:03 获取到号码【1805081】的GSD为【福建-泉州】
2021-07-18 00:01:12 GSD insert 第 1 次 等待 3 秒
2021-07-18 00:01:15 {"status":"ok","gid":308522,"msg":"添加成功！"}
2021-07-18 00:01:15 下次操作: 2021-07-18 00:01:36

2021-07-18 00:01:36 开始第 22 次操作

2021-07-18 00:01:36 开始操作号码 【1805082】
2021-07-18 00:01:41 GSD getOne 第 1 次 等待 3 秒
2021-07-18 00:01:44 查询号码 【1805082】，返回信息 {"status":"bad","msg":""}
2021-07-18 00:01:44 查询号码 【1805082】，GSD为【""】
2021-07-18 00:01:44 bad
2021-07-18 00:01:46 CHB 1805082?1626537704 第 1 次 等待 3 秒
2021-07-18 00:01:49 CHB 1805082?1626537704 第 1 次 获取到号码【1805082】GSD
2021-07-18 00:01:49 获取到号码【1805082】的GSD为【福建-泉州】
2021-07-18 00:01:54 GSD insert 第 1 次 等待 3 秒
2021-07-18 00:01:57 {"status":"ok","gid":308533,"msg":"添加成功！"}
2021-07-18 00:01:57 下次操作: 2021-07-18 00:02:16

2021-07-18 00:02:16 开始第 23 次操作

2021-07-18 00:02:16 开始操作号码 【1805083】
2021-07-18 00:02:19 GSD getOne 第 1 次 等待 3 秒
2021-07-18 00:02:22 查询号码 【1805083】，返回信息 {"status":"bad","msg":""}
2021-07-18 00:02:22 查询号码 【1805083】，GSD为【""】
2021-07-18 00:02:22 bad
2021-07-18 00:02:24 CHB 1805083?1626537742 第 1 次 等待 3 秒
2021-07-18 00:02:27 CHB 1805083?1626537742 第 1 次 获取到号码【1805083】GSD
2021-07-18 00:02:27 获取到号码【1805083】的GSD为【福建-泉州】
2021-07-18 00:02:32 GSD insert 第 1 次 等待 3 秒
2021-07-18 00:02:35 {"status":"ok","gid":308543,"msg":"添加成功！"}
2021-07-18 00:02:35 下次操作: 2021-07-18 00:02:50

2021-07-18 00:02:50 开始第 24 次操作

2021-07-18 00:02:50 开始操作号码 【1805084】
2021-07-18 00:02:53 GSD getOne 第 1 次 等待 3 秒
2021-07-18 00:02:56 查询号码 【1805084】，返回信息 {"status":"bad","msg":""}
2021-07-18 00:02:56 查询号码 【1805084】，GSD为【""】
2021-07-18 00:02:56 bad
2021-07-18 00:02:58 CHB 1805084?1626537776 第 1 次 等待 3 秒
2021-07-18 00:03:01 CHB 1805084?1626537776 第 1 次 获取到号码【1805084】GSD
2021-07-18 00:03:01 获取到号码【1805084】的GSD为【福建-泉州】
2021-07-18 00:03:06 GSD insert 第 1 次 等待 3 秒
2021-07-18 00:03:09 {"status":"ok","gid":308552,"msg":"添加成功！"}
2021-07-18 00:03:09 下次操作: 2021-07-18 00:03:32

2021-07-18 00:03:32 开始第 25 次操作

2021-07-18 00:03:32 开始操作号码 【1805085】
2021-07-18 00:03:36 GSD getOne 第 1 次 等待 3 秒
2021-07-18 00:03:39 查询号码 【1805085】，返回信息 {"status":"bad","msg":""}
2021-07-18 00:03:39 查询号码 【1805085】，GSD为【""】
2021-07-18 00:03:39 bad
2021-07-18 00:03:40 CHB 1805085?1626537819 第 1 次 等待 3 秒
2021-07-18 00:03:43 CHB 1805085?1626537819 第 1 次 获取到号码【1805085】GSD
2021-07-18 00:03:43 未获取到号码【1805085】GSD，查号吧 400 错误
2021-07-18 00:03:43 获取到号码【1805085】的GSD为【-】
2021-07-18 00:03:46 GSD insert 第 1 次 等待 3 秒
2021-07-18 00:03:49 {"status":"ok","gid":308562,"msg":"添加成功！"}
2021-07-18 00:03:49 下次操作: 2021-07-18 00:04:13

2021-07-18 00:04:13 开始第 26 次操作

2021-07-18 00:04:13 开始操作号码 【1805086】
2021-07-18 00:04:16 GSD getOne 第 1 次 等待 3 秒
2021-07-18 00:04:19 查询号码 【1805086】，返回信息 {"status":"bad","msg":""}
2021-07-18 00:04:19 查询号码 【1805086】，GSD为【""】
2021-07-18 00:04:19 bad
2021-07-18 00:04:21 CHB 1805086?1626537859 第 1 次 等待 3 秒
2021-07-18 00:04:24 CHB 1805086?1626537859 第 1 次 获取到号码【1805086】GSD
2021-07-18 00:04:24 获取到号码【1805086】的GSD为【福建-泉州】
2021-07-18 00:04:27 GSD insert 第 1 次 等待 3 秒
2021-07-18 00:04:30 {"status":"ok","gid":308574,"msg":"添加成功！"}
2021-07-18 00:04:30 下次操作: 2021-07-18 00:04:44

2021-07-18 00:04:44 开始第 27 次操作

2021-07-18 00:04:44 开始操作号码 【1805087】
2021-07-18 00:04:49 GSD getOne 第 1 次 等待 3 秒
2021-07-18 00:04:52 查询号码 【1805087】，返回信息 {"status":"bad","msg":""}
2021-07-18 00:04:52 查询号码 【1805087】，GSD为【""】
2021-07-18 00:04:52 bad
2021-07-18 00:04:54 CHB 1805087?1626537892 第 1 次 等待 3 秒
2021-07-18 00:04:57 CHB 1805087?1626537892 第 1 次 获取到号码【1805087】GSD
2021-07-18 00:04:57 获取到号码【1805087】的GSD为【福建-泉州】
2021-07-18 00:05:00 GSD insert 第 1 次 等待 3 秒
2021-07-18 00:05:03 {"status":"ok","gid":308583,"msg":"添加成功！"}
2021-07-18 00:05:03 下次操作: 2021-07-18 00:05:23

2021-07-18 00:05:23 开始第 28 次操作

2021-07-18 00:05:23 开始操作号码 【1805088】
2021-07-18 00:05:26 GSD getOne 第 1 次 等待 3 秒
2021-07-18 00:05:29 查询号码 【1805088】，返回信息 {"status":"bad","msg":""}
2021-07-18 00:05:29 查询号码 【1805088】，GSD为【""】
2021-07-18 00:05:29 bad
2021-07-18 00:05:31 CHB 1805088?1626537929 第 1 次 等待 3 秒
2021-07-18 00:05:34 CHB 1805088?1626537929 第 1 次 获取到号码【1805088】GSD
2021-07-18 00:05:34 获取到号码【1805088】的GSD为【福建-泉州】
2021-07-18 00:05:44 GSD insert 第 1 次 等待 3 秒
2021-07-18 00:05:47 {"status":"ok","gid":308592,"msg":"添加成功！"}
2021-07-18 00:05:47 下次操作: 2021-07-18 00:06:00

2021-07-18 00:06:00 开始第 29 次操作

2021-07-18 00:06:00 开始操作号码 【1805089】
2021-07-18 00:06:03 GSD getOne 第 1 次 等待 3 秒
2021-07-18 00:06:06 查询号码 【1805089】，返回信息 {"status":"bad","msg":""}
2021-07-18 00:06:06 查询号码 【1805089】，GSD为【""】
2021-07-18 00:06:06 bad
2021-07-18 00:06:08 CHB 1805089?1626537966 第 1 次 等待 3 秒
2021-07-18 00:06:11 CHB 1805089?1626537966 第 1 次 获取到号码【1805089】GSD
2021-07-18 00:06:11 获取到号码【1805089】的GSD为【福建-泉州】
2021-07-18 00:06:15 GSD insert 第 1 次 等待 3 秒
2021-07-18 00:06:18 {"status":"ok","gid":308602,"msg":"添加成功！"}
2021-07-18 00:06:18 下次操作: 2021-07-18 00:06:35

2021-07-18 00:06:35 开始第 30 次操作

2021-07-18 00:06:35 开始操作号码 【1805090】
2021-07-18 00:06:38 GSD getOne 第 1 次 等待 3 秒
2021-07-18 00:06:41 查询号码 【1805090】，返回信息 {"status":"bad","msg":""}
2021-07-18 00:06:41 查询号码 【1805090】，GSD为【""】
2021-07-18 00:06:41 bad
2021-07-18 00:06:43 CHB 1805090?1626538001 第 1 次 等待 3 秒
2021-07-18 00:06:46 CHB 1805090?1626538001 第 1 次 获取到号码【1805090】GSD
2021-07-18 00:06:46 获取到号码【1805090】的GSD为【福建-泉州】
2021-07-18 00:06:50 GSD insert 第 1 次 等待 3 秒
2021-07-18 00:06:53 {"status":"ok","gid":308611,"msg":"添加成功！"}
2021-07-18 00:06:53 下次操作: 2021-07-18 00:07:17

2021-07-18 00:07:17 开始第 31 次操作

2021-07-18 00:07:17 开始操作号码 【1805091】
2021-07-18 00:07:20 GSD getOne 第 1 次 等待 3 秒
2021-07-18 00:07:23 查询号码 【1805091】，返回信息 {"status":"bad","msg":""}
2021-07-18 00:07:23 查询号码 【1805091】，GSD为【""】
2021-07-18 00:07:23 bad
2021-07-18 00:07:24 CHB 1805091?1626538043 第 1 次 等待 3 秒
2021-07-18 00:07:27 CHB 1805091?1626538043 第 1 次 获取到号码【1805091】GSD
2021-07-18 00:07:27 获取到号码【1805091】的GSD为【福建-泉州】
2021-07-18 00:07:33 GSD insert 第 1 次 等待 3 秒
2021-07-18 00:07:36 {"status":"ok","gid":308618,"msg":"添加成功！"}
2021-07-18 00:07:36 下次操作: 2021-07-18 00:07:58

2021-07-18 00:07:58 开始第 32 次操作

2021-07-18 00:07:58 开始操作号码 【1805092】
2021-07-18 00:08:09 GSD getOne 第 1 次 等待 3 秒
2021-07-18 00:08:12 查询号码 【1805092】，返回信息 {"status":"bad","msg":""}
2021-07-18 00:08:12 查询号码 【1805092】，GSD为【""】
2021-07-18 00:08:12 bad
2021-07-18 00:08:14 CHB 1805092?1626538092 第 1 次 等待 3 秒
2021-07-18 00:08:17 CHB 1805092?1626538092 第 1 次 获取到号码【1805092】GSD
2021-07-18 00:08:17 获取到号码【1805092】的GSD为【福建-泉州】
2021-07-18 00:08:25 GSD insert 第 1 次 等待 3 秒
2021-07-18 00:08:28 {"status":"ok","gid":308630,"msg":"添加成功！"}
2021-07-18 00:08:28 下次操作: 2021-07-18 00:08:45

2021-07-18 00:08:45 开始第 33 次操作

2021-07-18 00:08:45 开始操作号码 【1805093】
2021-07-18 00:08:48 GSD getOne 第 1 次 等待 3 秒
2021-07-18 00:08:51 查询号码 【1805093】，返回信息 {"status":"bad","msg":""}
2021-07-18 00:08:51 查询号码 【1805093】，GSD为【""】
2021-07-18 00:08:51 bad
2021-07-18 00:08:53 CHB 1805093?1626538131 第 1 次 等待 3 秒
2021-07-18 00:08:56 CHB 1805093?1626538131 第 1 次 获取到号码【1805093】GSD
2021-07-18 00:08:56 获取到号码【1805093】的GSD为【福建-泉州】
2021-07-18 00:09:00 GSD insert 第 1 次 等待 3 秒
2021-07-18 00:09:03 {"status":"ok","gid":308639,"msg":"添加成功！"}
2021-07-18 00:09:03 下次操作: 2021-07-18 00:09:17

2021-07-18 00:09:17 开始第 34 次操作

2021-07-18 00:09:17 开始操作号码 【1805094】
2021-07-18 00:09:20 GSD getOne 第 1 次 等待 3 秒
2021-07-18 00:09:23 查询号码 【1805094】，返回信息 {"status":"bad","msg":""}
2021-07-18 00:09:23 查询号码 【1805094】，GSD为【""】
2021-07-18 00:09:23 bad
2021-07-18 00:09:25 CHB 1805094?1626538163 第 1 次 等待 3 秒
2021-07-18 00:09:28 CHB 1805094?1626538163 第 1 次 获取到号码【1805094】GSD
2021-07-18 00:09:28 获取到号码【1805094】的GSD为【福建-泉州】
2021-07-18 00:09:34 GSD insert 第 1 次 等待 3 秒
2021-07-18 00:09:37 {"status":"ok","gid":308647,"msg":"添加成功！"}
2021-07-18 00:09:37 下次操作: 2021-07-18 00:09:49

2021-07-18 00:09:49 开始第 35 次操作

2021-07-18 00:09:49 开始操作号码 【1805095】
2021-07-18 00:09:52 GSD getOne 第 1 次 等待 3 秒
2021-07-18 00:09:55 查询号码 【1805095】，返回信息 {"status":"bad","msg":""}
2021-07-18 00:09:55 查询号码 【1805095】，GSD为【""】
2021-07-18 00:09:55 bad
2021-07-18 00:09:57 CHB 1805095?1626538195 第 1 次 等待 3 秒
2021-07-18 00:10:00 CHB 1805095?1626538195 第 1 次 获取到号码【1805095】GSD
2021-07-18 00:10:00 获取到号码【1805095】的GSD为【福建-泉州】
2021-07-18 00:10:03 GSD insert 第 1 次 等待 3 秒
2021-07-18 00:10:06 {"status":"ok","gid":308655,"msg":"添加成功！"}
2021-07-18 00:10:06 下次操作: 2021-07-18 00:10:25

2021-07-18 00:10:25 开始第 36 次操作

2021-07-18 00:10:25 开始操作号码 【1805096】
2021-07-18 00:10:36 GSD getOne 第 1 次 等待 3 秒
2021-07-18 00:10:39 查询号码 【1805096】，返回信息 {"status":"bad","msg":""}
2021-07-18 00:10:39 查询号码 【1805096】，GSD为【""】
2021-07-18 00:10:39 bad
2021-07-18 00:10:40 CHB 1805096?1626538239 第 1 次 等待 3 秒
2021-07-18 00:10:43 CHB 1805096?1626538239 第 1 次 获取到号码【1805096】GSD
2021-07-18 00:10:43 获取到号码【1805096】的GSD为【福建-泉州】
2021-07-18 00:10:47 GSD insert 第 1 次 等待 3 秒
2021-07-18 00:10:50 {"status":"ok","gid":308662,"msg":"添加成功！"}
2021-07-18 00:10:50 下次操作: 2021-07-18 00:11:12

2021-07-18 00:11:12 开始第 37 次操作

2021-07-18 00:11:12 开始操作号码 【1805097】
2021-07-18 00:11:16 GSD getOne 第 1 次 等待 3 秒
2021-07-18 00:11:19 查询号码 【1805097】，返回信息 {"status":"bad","msg":""}
2021-07-18 00:11:19 查询号码 【1805097】，GSD为【""】
2021-07-18 00:11:19 bad
2021-07-18 00:11:21 CHB 1805097?1626538279 第 1 次 等待 3 秒
2021-07-18 00:11:24 CHB 1805097?1626538279 第 1 次 获取到号码【1805097】GSD
2021-07-18 00:11:24 获取到号码【1805097】的GSD为【福建-泉州】
2021-07-18 00:11:27 GSD insert 第 1 次 等待 3 秒
2021-07-18 00:11:30 {"status":"ok","gid":308668,"msg":"添加成功！"}
2021-07-18 00:11:30 下次操作: 2021-07-18 00:11:49

2021-07-18 00:11:49 开始第 38 次操作

2021-07-18 00:11:49 开始操作号码 【1805098】
2021-07-18 00:11:52 GSD getOne 第 1 次 等待 3 秒
2021-07-18 00:11:55 查询号码 【1805098】，返回信息 {"status":"bad","msg":""}
2021-07-18 00:11:55 查询号码 【1805098】，GSD为【""】
2021-07-18 00:11:55 bad
2021-07-18 00:11:57 CHB 1805098?1626538315 第 1 次 等待 3 秒
2021-07-18 00:12:00 CHB 1805098?1626538315 第 1 次 获取到号码【1805098】GSD
2021-07-18 00:12:00 获取到号码【1805098】的GSD为【福建-泉州】
2021-07-18 00:12:12 GSD insert 第 1 次 等待 3 秒
2021-07-18 00:12:15 {"status":"ok","gid":308681,"msg":"添加成功！"}
2021-07-18 00:12:15 下次操作: 2021-07-18 00:12:32

2021-07-18 00:12:32 开始第 39 次操作

2021-07-18 00:12:32 开始操作号码 【1805099】
2021-07-18 00:12:36 GSD getOne 第 1 次 等待 3 秒
2021-07-18 00:12:39 查询号码 【1805099】，返回信息 {"status":"bad","msg":""}
2021-07-18 00:12:39 查询号码 【1805099】，GSD为【""】
2021-07-18 00:12:39 bad
2021-07-18 00:12:41 CHB 1805099?1626538359 第 1 次 等待 3 秒
2021-07-18 00:12:44 CHB 1805099?1626538359 第 1 次 获取到号码【1805099】GSD
2021-07-18 00:12:44 获取到号码【1805099】的GSD为【福建-泉州】
2021-07-18 00:12:47 GSD insert 第 1 次 等待 3 秒
2021-07-18 00:12:50 {"status":"ok","gid":308688,"msg":"添加成功！"}
2021-07-18 00:12:50 下次操作: 2021-07-18 00:13:06

2021-07-18 00:13:06 开始第 40 次操作

2021-07-18 00:13:06 开始操作号码 【1805100】
2021-07-18 00:13:09 GSD getOne 第 1 次 等待 3 秒
2021-07-18 00:13:12 查询号码 【1805100】，返回信息 {"status":"bad","msg":""}
2021-07-18 00:13:12 查询号码 【1805100】，GSD为【""】
2021-07-18 00:13:12 bad
2021-07-18 00:13:14 CHB 1805100?1626538392 第 1 次 等待 3 秒
2021-07-18 00:13:17 CHB 1805100?1626538392 第 1 次 获取到号码【1805100】GSD
2021-07-18 00:13:17 获取到号码【1805100】的GSD为【江苏-南京】
2021-07-18 00:13:24 GSD insert 第 1 次 等待 3 秒
2021-07-18 00:13:27 {"status":"ok","gid":308693,"msg":"添加成功！"}

2021-07-18 01:02:09 开始第 1 次操作

2021-07-18 01:02:09 开始操作号码 【1805101】
2021-07-18 01:02:16 GSD getOne 第 1 次 等待 3 秒
2021-07-18 01:02:19 查询号码 【1805101】，返回信息 {"status":"bad","msg":""}
2021-07-18 01:02:20 查询号码 【1805101】，GSD为【""】
2021-07-18 01:02:20 bad
2021-07-18 01:02:22 CHB 1805101?1626541340 第 1 次 等待 3 秒
2021-07-18 01:02:25 CHB 1805101?1626541340 第 1 次 获取到号码【1805101】GSD
2021-07-18 01:02:25 获取到号码【1805101】的GSD为【江苏-南京】
2021-07-18 01:02:28 GSD insert 第 1 次 等待 3 秒
2021-07-18 01:02:31 {"status":"ok","gid":308845,"msg":"添加成功！"}
2021-07-18 01:02:31 下次操作: 2021-07-18 01:02:50

2021-07-18 01:02:50 开始第 2 次操作

2021-07-18 01:02:50 开始操作号码 【1805102】
2021-07-18 01:02:53 GSD getOne 第 1 次 等待 3 秒
2021-07-18 01:02:56 查询号码 【1805102】，返回信息 {"status":"ok","msg":"江苏-南京","gid":"32268","time_insert":"2017-04-20 14:32","time_update":"2020-08-26 03:23"}
2021-07-18 01:02:56 查询号码 【1805102】，GSD为【"江苏-南京"】

2021-07-18 01:02:56 开始第 2 次操作

2021-07-18 01:02:56 开始操作号码 【1805103】
2021-07-18 01:03:00 GSD getOne 第 1 次 等待 3 秒
2021-07-18 01:03:03 查询号码 【1805103】，返回信息 {"status":"bad","msg":""}
2021-07-18 01:03:03 查询号码 【1805103】，GSD为【""】
2021-07-18 01:03:03 bad
2021-07-18 01:03:05 CHB 1805103?1626541383 第 1 次 等待 3 秒
2021-07-18 01:03:08 CHB 1805103?1626541383 第 1 次 获取到号码【1805103】GSD
2021-07-18 01:03:08 获取到号码【1805103】的GSD为【江苏-南京】
2021-07-18 01:03:11 GSD insert 第 1 次 等待 3 秒
2021-07-18 01:03:14 {"status":"ok","gid":308856,"msg":"添加成功！"}
2021-07-18 01:03:14 下次操作: 2021-07-18 01:03:36

2021-07-18 01:03:36 开始第 3 次操作

2021-07-18 01:03:37 开始操作号码 【1805104】
2021-07-18 01:03:39 GSD getOne 第 1 次 等待 3 秒
2021-07-18 01:03:42 查询号码 【1805104】，返回信息 {"status":"bad","msg":""}
2021-07-18 01:03:43 查询号码 【1805104】，GSD为【""】
2021-07-18 01:03:43 bad
2021-07-18 01:03:44 CHB 1805104?1626541423 第 1 次 等待 3 秒
2021-07-18 01:03:47 CHB 1805104?1626541423 第 1 次 获取到号码【1805104】GSD
2021-07-18 01:03:47 获取到号码【1805104】的GSD为【江苏-苏州】
2021-07-18 01:03:56 GSD insert 第 1 次 等待 3 秒
2021-07-18 01:03:59 {"status":"ok","gid":308868,"msg":"添加成功！"}
2021-07-18 01:03:59 下次操作: 2021-07-18 01:04:20

2021-07-18 01:04:20 开始第 4 次操作

2021-07-18 01:04:20 开始操作号码 【1805105】
2021-07-18 01:04:22 GSD getOne 第 1 次 等待 3 秒
2021-07-18 01:04:25 查询号码 【1805105】，返回信息 {"status":"bad","msg":""}
2021-07-18 01:04:26 查询号码 【1805105】，GSD为【""】
2021-07-18 01:04:26 bad
2021-07-18 01:04:27 CHB 1805105?1626541466 第 1 次 等待 3 秒
2021-07-18 01:04:30 CHB 1805105?1626541466 第 1 次 获取到号码【1805105】GSD
2021-07-18 01:04:30 获取到号码【1805105】的GSD为【江苏-扬州】
2021-07-18 01:04:33 GSD insert 第 1 次 等待 3 秒
2021-07-18 01:04:36 {"status":"ok","gid":308877,"msg":"添加成功！"}
2021-07-18 01:04:36 下次操作: 2021-07-18 01:04:56

2021-07-18 01:04:56 开始第 5 次操作

2021-07-18 01:04:56 开始操作号码 【1805106】
2021-07-18 01:04:59 GSD getOne 第 1 次 等待 3 秒
2021-07-18 01:05:02 查询号码 【1805106】，返回信息 {"status":"bad","msg":""}
2021-07-18 01:05:02 查询号码 【1805106】，GSD为【""】
2021-07-18 01:05:02 bad
2021-07-18 01:05:05 CHB 1805106?1626541502 第 1 次 等待 3 秒
2021-07-18 01:05:08 CHB 1805106?1626541502 第 1 次 获取到号码【1805106】GSD
2021-07-18 01:05:08 获取到号码【1805106】的GSD为【江苏-扬州】
2021-07-18 01:05:11 GSD insert 第 1 次 等待 3 秒
2021-07-18 01:05:14 {"status":"ok","gid":308885,"msg":"添加成功！"}
2021-07-18 01:05:14 下次操作: 2021-07-18 01:05:33

2021-07-18 01:05:33 开始第 6 次操作

2021-07-18 01:05:33 开始操作号码 【1805107】
2021-07-18 01:05:39 GSD getOne 第 1 次 等待 3 秒
2021-07-18 01:05:42 查询号码 【1805107】，返回信息 {"status":"bad","msg":""}
2021-07-18 01:05:42 查询号码 【1805107】，GSD为【""】
2021-07-18 01:05:42 bad
2021-07-18 01:05:44 CHB 1805107?1626541542 第 1 次 等待 3 秒
2021-07-18 01:05:47 CHB 1805107?1626541542 第 1 次 获取到号码【1805107】GSD
2021-07-18 01:05:47 获取到号码【1805107】的GSD为【江苏-南京】
2021-07-18 01:05:50 GSD insert 第 1 次 等待 3 秒
2021-07-18 01:05:53 {"status":"ok","gid":308897,"msg":"添加成功！"}
2021-07-18 01:05:53 下次操作: 2021-07-18 01:06:13

2021-07-18 01:06:13 开始第 7 次操作

2021-07-18 01:06:13 开始操作号码 【1805108】
2021-07-18 01:06:16 GSD getOne 第 1 次 等待 3 秒
2021-07-18 01:06:19 查询号码 【1805108】，返回信息 {"status":"bad","msg":""}
2021-07-18 01:06:20 查询号码 【1805108】，GSD为【""】
2021-07-18 01:06:20 bad
2021-07-18 01:06:22 CHB 1805108?1626541580 第 1 次 等待 3 秒
2021-07-18 01:06:25 CHB 1805108?1626541580 第 1 次 获取到号码【1805108】GSD
2021-07-18 01:06:25 获取到号码【1805108】的GSD为【江苏-南京】
2021-07-18 01:06:30 GSD insert 第 1 次 等待 3 秒
2021-07-18 01:06:33 {"status":"ok","gid":308907,"msg":"添加成功！"}
2021-07-18 01:06:33 下次操作: 2021-07-18 01:06:50

2021-07-18 01:06:50 开始第 8 次操作

2021-07-18 01:06:50 开始操作号码 【1805109】
2021-07-18 01:06:53 GSD getOne 第 1 次 等待 3 秒
2021-07-18 01:06:56 查询号码 【1805109】，返回信息 {"status":"bad","msg":""}
2021-07-18 01:06:56 查询号码 【1805109】，GSD为【""】
2021-07-18 01:06:56 bad
2021-07-18 01:06:59 CHB 1805109?1626541616 第 1 次 等待 3 秒
2021-07-18 01:07:02 CHB 1805109?1626541616 第 1 次 获取到号码【1805109】GSD
2021-07-18 01:07:02 获取到号码【1805109】的GSD为【江苏-苏州】
2021-07-18 01:07:05 GSD insert 第 1 次 等待 3 秒
2021-07-18 01:07:08 {"status":"ok","gid":308917,"msg":"添加成功！"}
2021-07-18 01:07:08 下次操作: 2021-07-18 01:07:29

2021-07-18 01:07:29 开始第 9 次操作

2021-07-18 01:07:29 开始操作号码 【1805110】
2021-07-18 01:07:33 GSD getOne 第 1 次 等待 3 秒
2021-07-18 01:07:36 查询号码 【1805110】，返回信息 {"status":"bad","msg":""}
2021-07-18 01:07:36 查询号码 【1805110】，GSD为【""】
2021-07-18 01:07:36 bad
2021-07-18 01:07:38 CHB 1805110?1626541656 第 1 次 等待 3 秒
2021-07-18 01:07:41 CHB 1805110?1626541656 第 1 次 获取到号码【1805110】GSD
2021-07-18 01:07:41 获取到号码【1805110】的GSD为【江苏-苏州】
2021-07-18 01:07:44 GSD insert 第 1 次 等待 3 秒
2021-07-18 01:07:47 {"status":"ok","gid":308927,"msg":"添加成功！"}
2021-07-18 01:07:47 下次操作: 2021-07-18 01:08:08

2021-07-18 01:08:08 开始第 10 次操作

2021-07-18 01:08:08 开始操作号码 【1805111】
2021-07-18 01:08:15 GSD getOne 第 1 次 等待 3 秒
2021-07-18 01:08:18 查询号码 【1805111】，返回信息 {"status":"bad","msg":""}
2021-07-18 01:08:18 查询号码 【1805111】，GSD为【""】
2021-07-18 01:08:18 bad
2021-07-18 01:08:21 CHB 1805111?1626541698 第 1 次 等待 3 秒
2021-07-18 01:08:24 CHB 1805111?1626541698 第 1 次 获取到号码【1805111】GSD
2021-07-18 01:08:24 获取到号码【1805111】的GSD为【江苏-苏州】
2021-07-18 01:08:27 GSD insert 第 1 次 等待 3 秒
2021-07-18 01:08:30 {"status":"ok","gid":308935,"msg":"添加成功！"}
2021-07-18 01:08:30 下次操作: 2021-07-18 01:08:54

2021-07-18 01:08:54 开始第 11 次操作

2021-07-18 01:08:54 开始操作号码 【1805112】
2021-07-18 01:08:58 GSD getOne 第 1 次 等待 3 秒
2021-07-18 01:09:01 查询号码 【1805112】，返回信息 {"status":"bad","msg":""}
2021-07-18 01:09:01 查询号码 【1805112】，GSD为【""】
2021-07-18 01:09:01 bad
2021-07-18 01:09:03 CHB 1805112?1626541741 第 1 次 等待 3 秒
2021-07-18 01:09:06 CHB 1805112?1626541741 第 1 次 获取到号码【1805112】GSD
2021-07-18 01:09:06 获取到号码【1805112】的GSD为【江苏-苏州】
2021-07-18 01:09:11 GSD insert 第 1 次 等待 3 秒
2021-07-18 01:09:14 {"status":"ok","gid":308946,"msg":"添加成功！"}
2021-07-18 01:09:14 下次操作: 2021-07-18 01:09:28

2021-07-18 01:09:28 开始第 12 次操作

2021-07-18 01:09:28 开始操作号码 【1805113】
2021-07-18 01:09:31 GSD getOne 第 1 次 等待 3 秒
2021-07-18 01:09:34 查询号码 【1805113】，返回信息 {"status":"bad","msg":""}
2021-07-18 01:09:34 查询号码 【1805113】，GSD为【""】
2021-07-18 01:09:34 bad
2021-07-18 01:09:36 CHB 1805113?1626541774 第 1 次 等待 3 秒
2021-07-18 01:09:39 CHB 1805113?1626541774 第 1 次 获取到号码【1805113】GSD
2021-07-18 01:09:39 获取到号码【1805113】的GSD为【江苏-苏州】
2021-07-18 01:09:42 GSD insert 第 1 次 等待 3 秒
2021-07-18 01:09:45 {"status":"ok","gid":308953,"msg":"添加成功！"}
2021-07-18 01:09:45 下次操作: 2021-07-18 01:10:09

2021-07-18 01:10:09 开始第 13 次操作

2021-07-18 01:10:09 开始操作号码 【1805114】
2021-07-18 01:10:13 GSD getOne 第 1 次 等待 3 秒
2021-07-18 01:10:16 查询号码 【1805114】，返回信息 {"status":"bad","msg":""}
2021-07-18 01:10:16 查询号码 【1805114】，GSD为【""】
2021-07-18 01:10:16 bad
2021-07-18 01:10:18 CHB 1805114?1626541816 第 1 次 等待 3 秒
2021-07-18 01:10:21 CHB 1805114?1626541816 第 1 次 获取到号码【1805114】GSD
2021-07-18 01:10:21 获取到号码【1805114】的GSD为【江苏-泰州】
2021-07-18 01:10:25 GSD insert 第 1 次 等待 3 秒
2021-07-18 01:10:28 {"status":"ok","gid":308964,"msg":"添加成功！"}
2021-07-18 01:10:28 下次操作: 2021-07-18 01:10:41

2021-07-18 01:10:41 开始第 14 次操作

2021-07-18 01:10:41 开始操作号码 【1805115】
2021-07-18 01:10:45 GSD getOne 第 1 次 等待 3 秒
2021-07-18 01:10:48 查询号码 【1805115】，返回信息 {"status":"bad","msg":""}
2021-07-18 01:10:48 查询号码 【1805115】，GSD为【""】
2021-07-18 01:10:48 bad
2021-07-18 01:10:50 CHB 1805115?1626541848 第 1 次 等待 3 秒
2021-07-18 01:10:53 CHB 1805115?1626541848 第 1 次 获取到号码【1805115】GSD
2021-07-18 01:10:53 获取到号码【1805115】的GSD为【江苏-泰州】
2021-07-18 01:10:56 GSD insert 第 1 次 等待 3 秒
2021-07-18 01:10:59 {"status":"ok","gid":308969,"msg":"添加成功！"}
2021-07-18 01:10:59 下次操作: 2021-07-18 01:11:19

2021-07-18 01:11:19 开始第 15 次操作

2021-07-18 01:11:19 开始操作号码 【1805116】
2021-07-18 01:11:22 GSD getOne 第 1 次 等待 3 秒
2021-07-18 01:11:25 查询号码 【1805116】，返回信息 {"status":"bad","msg":""}
2021-07-18 01:11:25 查询号码 【1805116】，GSD为【""】
2021-07-18 01:11:25 bad
2021-07-18 01:11:28 CHB 1805116?1626541885 第 1 次 等待 3 秒
2021-07-18 01:11:31 CHB 1805116?1626541885 第 1 次 获取到号码【1805116】GSD
2021-07-18 01:11:31 获取到号码【1805116】的GSD为【江苏-泰州】
2021-07-18 01:11:42 GSD insert 第 1 次 等待 3 秒
2021-07-18 01:11:45 {"status":"ok","gid":308981,"msg":"添加成功！"}
2021-07-18 01:11:45 下次操作: 2021-07-18 01:11:58

2021-07-18 01:11:58 开始第 16 次操作

2021-07-18 01:11:58 开始操作号码 【1805117】
2021-07-18 01:12:03 GSD getOne 第 1 次 等待 3 秒
2021-07-18 01:12:06 查询号码 【1805117】，返回信息 {"status":"bad","msg":""}
2021-07-18 01:12:06 查询号码 【1805117】，GSD为【""】
2021-07-18 01:12:06 bad
2021-07-18 01:12:08 CHB 1805117?1626541926 第 1 次 等待 3 秒
2021-07-18 01:12:11 CHB 1805117?1626541926 第 1 次 获取到号码【1805117】GSD
2021-07-18 01:12:12 获取到号码【1805117】的GSD为【江苏-泰州】
2021-07-18 01:12:15 GSD insert 第 1 次 等待 3 秒
2021-07-18 01:12:18 {"status":"ok","gid":308992,"msg":"添加成功！"}
2021-07-18 01:12:18 下次操作: 2021-07-18 01:12:42

2021-07-18 01:12:42 开始第 17 次操作

2021-07-18 01:12:42 开始操作号码 【1805118】
2021-07-18 01:12:45 GSD getOne 第 1 次 等待 3 秒
2021-07-18 01:12:48 查询号码 【1805118】，返回信息 {"status":"bad","msg":""}
2021-07-18 01:12:48 查询号码 【1805118】，GSD为【""】
2021-07-18 01:12:48 bad
2021-07-18 01:12:53 CHB 1805118?1626541968 第 1 次 等待 3 秒
2021-07-18 01:12:56 CHB 1805118?1626541968 第 1 次 获取到号码【1805118】GSD
2021-07-18 01:12:56 获取到号码【1805118】的GSD为【江苏-泰州】
2021-07-18 01:12:59 GSD insert 第 1 次 等待 3 秒
2021-07-18 01:13:02 {"status":"ok","gid":308999,"msg":"添加成功！"}
2021-07-18 01:13:02 下次操作: 2021-07-18 01:13:16

2021-07-18 01:13:16 开始第 18 次操作

2021-07-18 01:13:16 开始操作号码 【1805119】
2021-07-18 01:13:19 GSD getOne 第 1 次 等待 3 秒
2021-07-18 01:13:22 查询号码 【1805119】，返回信息 {"status":"bad","msg":""}
2021-07-18 01:13:22 查询号码 【1805119】，GSD为【""】
2021-07-18 01:13:22 bad
2021-07-18 01:13:25 CHB 1805119?1626542002 第 1 次 等待 3 秒
2021-07-18 01:13:28 CHB 1805119?1626542002 第 1 次 获取到号码【1805119】GSD
2021-07-18 01:13:28 获取到号码【1805119】的GSD为【江苏-宿迁】
2021-07-18 01:13:37 GSD insert 第 1 次 等待 3 秒
2021-07-18 01:13:40 {"status":"ok","gid":309009,"msg":"添加成功！"}
2021-07-18 01:13:40 下次操作: 2021-07-18 01:14:01

2021-07-18 01:14:01 开始第 19 次操作

2021-07-18 01:14:01 开始操作号码 【1805120】
2021-07-18 01:14:04 GSD getOne 第 1 次 等待 3 秒
2021-07-18 01:14:07 查询号码 【1805120】，返回信息 {"status":"bad","msg":""}
2021-07-18 01:14:08 查询号码 【1805120】，GSD为【""】
2021-07-18 01:14:08 bad
2021-07-18 01:14:12 CHB 1805120?1626542048 第 1 次 等待 3 秒
2021-07-18 01:14:15 CHB 1805120?1626542048 第 1 次 获取到号码【1805120】GSD
2021-07-18 01:14:15 获取到号码【1805120】的GSD为【江苏-常州】
2021-07-18 01:14:18 GSD insert 第 1 次 等待 3 秒
2021-07-18 01:14:21 {"status":"ok","gid":309015,"msg":"添加成功！"}
2021-07-18 01:14:21 下次操作: 2021-07-18 01:14:37

2021-07-18 01:14:37 开始第 20 次操作

2021-07-18 01:14:37 开始操作号码 【1805121】
2021-07-18 01:14:39 GSD getOne 第 1 次 等待 3 秒
2021-07-18 01:14:42 查询号码 【1805121】，返回信息 {"status":"bad","msg":""}
2021-07-18 01:14:43 查询号码 【1805121】，GSD为【""】
2021-07-18 01:14:43 bad
2021-07-18 01:14:45 CHB 1805121?1626542083 第 1 次 等待 3 秒
2021-07-18 01:14:48 CHB 1805121?1626542083 第 1 次 获取到号码【1805121】GSD
2021-07-18 01:14:48 获取到号码【1805121】的GSD为【江苏-苏州】
2021-07-18 01:14:51 GSD insert 第 1 次 等待 3 秒
2021-07-18 01:14:54 {"status":"ok","gid":309022,"msg":"添加成功！"}
2021-07-18 01:14:54 下次操作: 2021-07-18 01:15:14

2021-07-18 01:15:14 开始第 21 次操作

2021-07-18 01:15:14 开始操作号码 【1805122】
2021-07-18 01:15:20 GSD getOne 第 1 次 等待 3 秒
2021-07-18 01:15:23 查询号码 【1805122】，返回信息 {"status":"bad","msg":""}
2021-07-18 01:15:23 查询号码 【1805122】，GSD为【""】
2021-07-18 01:15:23 bad
2021-07-18 01:15:26 CHB 1805122?1626542123 第 1 次 等待 3 秒
2021-07-18 01:15:29 CHB 1805122?1626542123 第 1 次 获取到号码【1805122】GSD
2021-07-18 01:15:29 获取到号码【1805122】的GSD为【江苏-苏州】
2021-07-18 01:15:32 GSD insert 第 1 次 等待 3 秒
2021-07-18 01:15:35 {"status":"ok","gid":309032,"msg":"添加成功！"}
2021-07-18 01:15:35 下次操作: 2021-07-18 01:15:50

2021-07-18 01:15:50 开始第 22 次操作

2021-07-18 01:15:50 开始操作号码 【1805123】
2021-07-18 01:15:53 GSD getOne 第 1 次 等待 3 秒
2021-07-18 01:15:56 查询号码 【1805123】，返回信息 {"status":"bad","msg":""}
2021-07-18 01:15:56 查询号码 【1805123】，GSD为【""】
2021-07-18 01:15:56 bad
2021-07-18 01:16:00 CHB 1805123?1626542156 第 1 次 等待 3 秒
2021-07-18 01:16:03 CHB 1805123?1626542156 第 1 次 获取到号码【1805123】GSD
2021-07-18 01:16:03 获取到号码【1805123】的GSD为【江苏-苏州】
2021-07-18 01:16:14 GSD insert 第 1 次 等待 3 秒
2021-07-18 01:16:17 {"status":"ok","gid":309043,"msg":"添加成功！"}
2021-07-18 01:16:17 下次操作: 2021-07-18 01:16:41

2021-07-18 01:16:41 开始第 23 次操作

2021-07-18 01:16:41 开始操作号码 【1805124】
2021-07-18 01:16:45 GSD getOne 第 1 次 等待 3 秒
2021-07-18 01:16:48 查询号码 【1805124】，返回信息 {"status":"bad","msg":""}
2021-07-18 01:16:48 查询号码 【1805124】，GSD为【""】
2021-07-18 01:16:48 bad
2021-07-18 01:16:50 CHB 1805124?1626542208 第 1 次 等待 3 秒
2021-07-18 01:16:53 CHB 1805124?1626542208 第 1 次 获取到号码【1805124】GSD
2021-07-18 01:16:53 获取到号码【1805124】的GSD为【江苏-苏州】
2021-07-18 01:16:58 GSD insert 第 1 次 等待 3 秒
2021-07-18 01:17:01 {"status":"ok","gid":309052,"msg":"添加成功！"}
2021-07-18 01:17:01 下次操作: 2021-07-18 01:17:20

2021-07-18 01:17:20 开始第 24 次操作

2021-07-18 01:17:20 开始操作号码 【1805125】
2021-07-18 01:17:22 GSD getOne 第 1 次 等待 3 秒
2021-07-18 01:17:25 查询号码 【1805125】，返回信息 {"status":"bad","msg":""}
2021-07-18 01:17:26 查询号码 【1805125】，GSD为【""】
2021-07-18 01:17:26 bad
2021-07-18 01:17:29 CHB 1805125?1626542246 第 1 次 等待 3 秒
2021-07-18 01:17:32 CHB 1805125?1626542246 第 1 次 获取到号码【1805125】GSD
2021-07-18 01:17:32 获取到号码【1805125】的GSD为【江苏-连云港】
2021-07-18 01:17:38 GSD insert 第 1 次 等待 3 秒
2021-07-18 01:17:41 {"status":"ok","gid":309061,"msg":"添加成功！"}
2021-07-18 01:17:41 下次操作: 2021-07-18 01:17:57

2021-07-18 01:17:57 开始第 25 次操作

2021-07-18 01:17:57 开始操作号码 【1805126】
2021-07-18 01:18:01 GSD getOne 第 1 次 等待 3 秒
2021-07-18 01:18:04 查询号码 【1805126】，返回信息 {"status":"bad","msg":""}
2021-07-18 01:18:04 查询号码 【1805126】，GSD为【""】
2021-07-18 01:18:04 bad
2021-07-18 01:18:07 CHB 1805126?1626542284 第 1 次 等待 3 秒
2021-07-18 01:18:10 CHB 1805126?1626542284 第 1 次 获取到号码【1805126】GSD
2021-07-18 01:18:10 获取到号码【1805126】的GSD为【江苏-盐城】
2021-07-18 01:18:13 GSD insert 第 1 次 等待 3 秒
2021-07-18 01:18:16 {"status":"ok","gid":309070,"msg":"添加成功！"}
2021-07-18 01:18:16 下次操作: 2021-07-18 01:18:31

2021-07-18 01:18:31 开始第 26 次操作

2021-07-18 01:18:31 开始操作号码 【1805127】
2021-07-18 01:18:37 GSD getOne 第 1 次 等待 3 秒
2021-07-18 01:18:40 查询号码 【1805127】，返回信息 {"status":"bad","msg":""}
2021-07-18 01:18:40 查询号码 【1805127】，GSD为【""】
2021-07-18 01:18:40 bad
2021-07-18 01:18:42 CHB 1805127?1626542320 第 1 次 等待 3 秒
2021-07-18 01:18:45 CHB 1805127?1626542320 第 1 次 获取到号码【1805127】GSD
2021-07-18 01:18:45 获取到号码【1805127】的GSD为【江苏-镇江】
2021-07-18 01:18:49 GSD insert 第 1 次 等待 3 秒
2021-07-18 01:18:52 {"status":"ok","gid":309080,"msg":"添加成功！"}
2021-07-18 01:18:52 下次操作: 2021-07-18 01:19:12

2021-07-18 01:19:12 开始第 27 次操作

2021-07-18 01:19:12 开始操作号码 【1805128】
2021-07-18 01:19:19 GSD getOne 第 1 次 等待 3 秒
2021-07-18 01:19:22 查询号码 【1805128】，返回信息 {"status":"ok","msg":"江苏-镇江","gid":"32269","time_insert":"2020-04-16 09:29","time_update":"2020-08-26 03:28"}
2021-07-18 01:19:22 查询号码 【1805128】，GSD为【"江苏-镇江"】

2021-07-18 01:19:22 开始第 27 次操作

2021-07-18 01:19:22 开始操作号码 【1805129】
2021-07-18 01:19:25 GSD getOne 第 1 次 等待 3 秒
2021-07-18 01:19:28 查询号码 【1805129】，返回信息 {"status":"bad","msg":""}
2021-07-18 01:19:28 查询号码 【1805129】，GSD为【""】
2021-07-18 01:19:28 bad
2021-07-18 01:19:33 CHB 1805129?1626542368 第 1 次 等待 3 秒
2021-07-18 01:19:36 CHB 1805129?1626542368 第 1 次 获取到号码【1805129】GSD
2021-07-18 01:19:36 获取到号码【1805129】的GSD为【江苏-苏州】
2021-07-18 01:19:39 GSD insert 第 1 次 等待 3 秒
2021-07-18 01:19:42 {"status":"ok","gid":309092,"msg":"添加成功！"}
2021-07-18 01:19:42 下次操作: 2021-07-18 01:19:56

2021-07-18 01:19:56 开始第 28 次操作

2021-07-18 01:19:56 开始操作号码 【1805130】
2021-07-18 01:20:01 GSD getOne 第 1 次 等待 3 秒
2021-07-18 01:20:04 查询号码 【1805130】，返回信息 {"status":"bad","msg":""}
2021-07-18 01:20:04 查询号码 【1805130】，GSD为【""】
2021-07-18 01:20:04 bad
2021-07-18 01:20:06 CHB 1805130?1626542404 第 1 次 等待 3 秒
2021-07-18 01:20:09 CHB 1805130?1626542404 第 1 次 获取到号码【1805130】GSD
2021-07-18 01:20:09 获取到号码【1805130】的GSD为【江苏-南通】
2021-07-18 01:20:13 GSD insert 第 1 次 等待 3 秒
2021-07-18 01:20:16 {"status":"ok","gid":309102,"msg":"添加成功！"}
2021-07-18 01:20:16 下次操作: 2021-07-18 01:20:39

2021-07-18 01:20:39 开始第 29 次操作

2021-07-18 01:20:39 开始操作号码 【1805131】
2021-07-18 01:20:45 GSD getOne 第 1 次 等待 3 秒
2021-07-18 01:20:48 查询号码 【1805131】，返回信息 {"status":"bad","msg":""}
2021-07-18 01:20:48 查询号码 【1805131】，GSD为【""】
2021-07-18 01:20:48 bad
2021-07-18 01:20:50 CHB 1805131?1626542448 第 1 次 等待 3 秒
2021-07-18 01:20:53 CHB 1805131?1626542448 第 1 次 获取到号码【1805131】GSD
2021-07-18 01:20:53 获取到号码【1805131】的GSD为【江苏-南通】
2021-07-18 01:20:57 GSD insert 第 1 次 等待 3 秒
2021-07-18 01:21:00 {"status":"ok","gid":309112,"msg":"添加成功！"}
2021-07-18 01:21:00 下次操作: 2021-07-18 01:21:19

2021-07-18 01:21:19 开始第 30 次操作

2021-07-18 01:21:19 开始操作号码 【1805132】
2021-07-18 01:21:22 GSD getOne 第 1 次 等待 3 秒
2021-07-18 01:21:25 查询号码 【1805132】，返回信息 {"status":"bad","msg":""}
2021-07-18 01:21:25 查询号码 【1805132】，GSD为【""】
2021-07-18 01:21:25 bad
2021-07-18 01:21:26 CHB 1805132?1626542485 第 1 次 等待 3 秒
2021-07-18 01:21:29 CHB 1805132?1626542485 第 1 次 获取到号码【1805132】GSD
2021-07-18 01:21:29 获取到号码【1805132】的GSD为【江苏-南通】
2021-07-18 01:21:34 GSD insert 第 1 次 等待 3 秒
2021-07-18 01:21:37 {"status":"ok","gid":309120,"msg":"添加成功！"}
2021-07-18 01:21:37 下次操作: 2021-07-18 01:21:56

2021-07-18 01:21:56 开始第 31 次操作

2021-07-18 01:21:56 开始操作号码 【1805133】
2021-07-18 01:21:59 GSD getOne 第 1 次 等待 3 秒
2021-07-18 01:22:02 查询号码 【1805133】，返回信息 {"status":"bad","msg":""}
2021-07-18 01:22:02 查询号码 【1805133】，GSD为【""】
2021-07-18 01:22:02 bad
2021-07-18 01:22:06 CHB 1805133?1626542522 第 1 次 等待 3 秒
2021-07-18 01:22:09 CHB 1805133?1626542522 第 1 次 获取到号码【1805133】GSD
2021-07-18 01:22:09 获取到号码【1805133】的GSD为【江苏-南通】
2021-07-18 01:22:12 GSD insert 第 1 次 等待 3 秒
2021-07-18 01:22:15 {"status":"ok","gid":309128,"msg":"添加成功！"}
2021-07-18 01:22:15 下次操作: 2021-07-18 01:22:37

2021-07-18 01:22:37 开始第 32 次操作

2021-07-18 01:22:37 开始操作号码 【1805134】
2021-07-18 01:22:45 GSD getOne 第 1 次 等待 3 秒
2021-07-18 01:22:48 查询号码 【1805134】，返回信息 {"status":"bad","msg":""}
2021-07-18 01:22:48 查询号码 【1805134】，GSD为【""】
2021-07-18 01:22:48 bad
2021-07-18 01:22:50 CHB 1805134?1626542568 第 1 次 等待 3 秒
2021-07-18 01:22:53 CHB 1805134?1626542568 第 1 次 获取到号码【1805134】GSD
2021-07-18 01:22:53 获取到号码【1805134】的GSD为【江苏-徐州】
2021-07-18 01:22:55 GSD insert 第 1 次 等待 3 秒
2021-07-18 01:22:58 {"status":"ok","gid":309140,"msg":"添加成功！"}
2021-07-18 01:22:58 下次操作: 2021-07-18 01:23:16

2021-07-18 01:23:16 开始第 33 次操作

2021-07-18 01:23:16 开始操作号码 【1805135】
2021-07-18 01:23:22 GSD getOne 第 1 次 等待 3 秒
2021-07-18 01:23:25 查询号码 【1805135】，返回信息 {"status":"bad","msg":""}
2021-07-18 01:23:25 查询号码 【1805135】，GSD为【""】
2021-07-18 01:23:25 bad
2021-07-18 01:23:27 CHB 1805135?1626542605 第 1 次 等待 3 秒
2021-07-18 01:23:30 CHB 1805135?1626542605 第 1 次 获取到号码【1805135】GSD
2021-07-18 01:23:30 获取到号码【1805135】的GSD为【江苏-徐州】
2021-07-18 01:23:35 GSD insert 第 1 次 等待 3 秒
2021-07-18 01:23:38 {"status":"ok","gid":309149,"msg":"添加成功！"}
2021-07-18 01:23:38 下次操作: 2021-07-18 01:23:52

2021-07-18 01:23:52 开始第 34 次操作

2021-07-18 01:23:52 开始操作号码 【1805136】
2021-07-18 01:23:56 GSD getOne 第 1 次 等待 3 秒
2021-07-18 01:23:59 查询号码 【1805136】，返回信息 {"status":"bad","msg":""}
2021-07-18 01:23:59 查询号码 【1805136】，GSD为【""】
2021-07-18 01:23:59 bad
2021-07-18 01:24:02 CHB 1805136?1626542639 第 1 次 等待 3 秒
2021-07-18 01:24:05 CHB 1805136?1626542639 第 1 次 获取到号码【1805136】GSD
2021-07-18 01:24:05 获取到号码【1805136】的GSD为【江苏-徐州】
2021-07-18 01:24:08 GSD insert 第 1 次 等待 3 秒
2021-07-18 01:24:11 {"status":"ok","gid":309156,"msg":"添加成功！"}
2021-07-18 01:24:11 下次操作: 2021-07-18 01:24:24

2021-07-18 01:24:24 开始第 35 次操作

2021-07-18 01:24:24 开始操作号码 【1805137】
2021-07-18 01:24:32 GSD getOne 第 1 次 等待 3 秒
2021-07-18 01:24:35 查询号码 【1805137】，返回信息 {"status":"bad","msg":""}
2021-07-18 01:24:35 查询号码 【1805137】，GSD为【""】
2021-07-18 01:24:35 bad
2021-07-18 01:24:37 CHB 1805137?1626542675 第 1 次 等待 3 秒
2021-07-18 01:24:40 CHB 1805137?1626542675 第 1 次 获取到号码【1805137】GSD
2021-07-18 01:24:40 获取到号码【1805137】的GSD为【江苏-徐州】
2021-07-18 01:24:45 GSD insert 第 1 次 等待 3 秒
2021-07-18 01:24:48 {"status":"ok","gid":309163,"msg":"添加成功！"}
2021-07-18 01:24:48 下次操作: 2021-07-18 01:25:00

2021-07-18 01:25:00 开始第 36 次操作

2021-07-18 01:25:00 开始操作号码 【1805138】
2021-07-18 01:25:09 GSD getOne 第 1 次 等待 3 秒
2021-07-18 01:25:12 查询号码 【1805138】，返回信息 {"status":"bad","msg":""}
2021-07-18 01:25:12 查询号码 【1805138】，GSD为【""】
2021-07-18 01:25:12 bad
2021-07-18 01:25:14 CHB 1805138?1626542712 第 1 次 等待 3 秒
2021-07-18 01:25:17 CHB 1805138?1626542712 第 1 次 获取到号码【1805138】GSD
2021-07-18 01:25:17 获取到号码【1805138】的GSD为【江苏-南通】
2021-07-18 01:25:20 GSD insert 第 1 次 等待 3 秒
2021-07-18 01:25:23 {"status":"ok","gid":309170,"msg":"添加成功！"}
2021-07-18 01:25:23 下次操作: 2021-07-18 01:25:42

2021-07-18 01:25:42 开始第 37 次操作

2021-07-18 01:25:42 开始操作号码 【1805139】
2021-07-18 01:25:46 GSD getOne 第 1 次 等待 3 秒
2021-07-18 01:25:49 查询号码 【1805139】，返回信息 {"status":"bad","msg":""}
2021-07-18 01:25:49 查询号码 【1805139】，GSD为【""】
2021-07-18 01:25:49 bad
2021-07-18 01:25:51 CHB 1805139?1626542749 第 1 次 等待 3 秒
2021-07-18 01:25:54 CHB 1805139?1626542749 第 1 次 获取到号码【1805139】GSD
2021-07-18 01:25:54 获取到号码【1805139】的GSD为【江苏-盐城】
2021-07-18 01:25:58 GSD insert 第 1 次 等待 3 秒
2021-07-18 01:26:01 {"status":"ok","gid":309177,"msg":"添加成功！"}
2021-07-18 01:26:01 下次操作: 2021-07-18 01:26:24

2021-07-18 01:26:24 开始第 38 次操作

2021-07-18 01:26:24 开始操作号码 【1805140】
2021-07-18 01:26:35 GSD getOne 第 1 次 等待 3 秒
2021-07-18 01:26:38 查询号码 【1805140】，返回信息 {"status":"bad","msg":""}
2021-07-18 01:26:38 查询号码 【1805140】，GSD为【""】
2021-07-18 01:26:38 bad
2021-07-18 01:26:40 CHB 1805140?1626542798 第 1 次 等待 3 秒
2021-07-18 01:26:43 CHB 1805140?1626542798 第 1 次 获取到号码【1805140】GSD
2021-07-18 01:26:43 获取到号码【1805140】的GSD为【江苏-镇江】
2021-07-18 01:26:46 GSD insert 第 1 次 等待 3 秒
2021-07-18 01:26:49 {"status":"ok","gid":309185,"msg":"添加成功！"}
2021-07-18 01:26:49 下次操作: 2021-07-18 01:27:11

2021-07-18 01:27:11 开始第 39 次操作

2021-07-18 01:27:11 开始操作号码 【1805141】
2021-07-18 01:27:14 GSD getOne 第 1 次 等待 3 秒
2021-07-18 01:27:17 查询号码 【1805141】，返回信息 {"status":"bad","msg":""}
2021-07-18 01:27:17 查询号码 【1805141】，GSD为【""】
2021-07-18 01:27:17 bad
2021-07-18 01:27:19 CHB 1805141?1626542837 第 1 次 等待 3 秒
2021-07-18 01:27:22 CHB 1805141?1626542837 第 1 次 获取到号码【1805141】GSD
2021-07-18 01:27:22 获取到号码【1805141】的GSD为【江苏-南通】
2021-07-18 01:27:25 GSD insert 第 1 次 等待 3 秒
2021-07-18 01:27:28 {"status":"ok","gid":309191,"msg":"添加成功！"}
2021-07-18 01:27:28 下次操作: 2021-07-18 01:27:50

2021-07-18 01:27:50 开始第 40 次操作

2021-07-18 01:27:50 开始操作号码 【1805142】
2021-07-18 01:27:53 GSD getOne 第 1 次 等待 3 秒
2021-07-18 01:27:56 查询号码 【1805142】，返回信息 {"status":"bad","msg":""}
2021-07-18 01:27:56 查询号码 【1805142】，GSD为【""】
2021-07-18 01:27:56 bad
2021-07-18 01:27:58 CHB 1805142?1626542876 第 1 次 等待 3 秒
2021-07-18 01:28:01 CHB 1805142?1626542876 第 1 次 获取到号码【1805142】GSD
2021-07-18 01:28:01 获取到号码【1805142】的GSD为【江苏-南通】
2021-07-18 01:28:04 GSD insert 第 1 次 等待 3 秒
2021-07-18 01:28:07 {"status":"ok","gid":309198,"msg":"添加成功！"}

