2024-02-27 00:09:42 开始第 6045 次操作

2024-02-27 00:09:42 开始操作号码 【1765945】
2024-02-27 00:09:47 GSD getOne 第 1 次 等待 3 秒
2024-02-27 00:09:50 查询号码 【1765945】，返回信息 {"status":"ok","msg":"河北-邯郸","gid":"182692","time_insert":"2021-07-03 15:59"}
2024-02-27 00:09:50 查询号码 【1765945】，GSD为【"河北-邯郸"】

2024-02-27 00:09:51 开始第 6046 次操作

2024-02-27 00:09:51 开始操作号码 【1765946】
2024-02-27 00:09:56 GSD getOne 第 1 次 等待 3 秒
2024-02-27 00:09:59 查询号码 【1765946】，返回信息 {"status":"ok","msg":"河北-邯郸","gid":"182681","time_insert":"2021-07-03 15:58"}
2024-02-27 00:09:59 查询号码 【1765946】，GSD为【"河北-邯郸"】

2024-02-27 00:10:00 开始第 6047 次操作

2024-02-27 00:10:00 开始操作号码 【1765947】
2024-02-27 00:10:04 GSD getOne 第 1 次 等待 3 秒
2024-02-27 00:10:07 查询号码 【1765947】，返回信息 {"status":"ok","msg":"河北-邯郸","gid":"182676","time_insert":"2021-07-03 15:58"}
2024-02-27 00:10:07 查询号码 【1765947】，GSD为【"河北-邯郸"】

2024-02-27 00:10:08 开始第 6048 次操作

2024-02-27 00:10:08 开始操作号码 【1765948】
2024-02-27 00:10:14 GSD getOne 第 1 次 等待 3 秒
2024-02-27 00:10:17 查询号码 【1765948】，返回信息 {"status":"ok","msg":"河北-邯郸","gid":"182667","time_insert":"2021-07-03 15:57"}
2024-02-27 00:10:17 查询号码 【1765948】，GSD为【"河北-邯郸"】

2024-02-27 00:34:42 开始第 6049 次操作

2024-02-27 00:34:42 开始操作号码 【1765949】
2024-02-27 00:34:51 GSD getOne 第 1 次 等待 3 秒
2024-02-27 00:34:54 查询号码 【1765949】，返回信息 {"status":"ok","msg":"河北-邯郸","gid":"182662","time_insert":"2021-07-03 15:56"}
2024-02-27 00:34:54 查询号码 【1765949】，GSD为【"河北-邯郸"】

2024-02-27 00:34:55 开始第 6050 次操作

2024-02-27 00:34:55 开始操作号码 【1765950】
2024-02-27 00:35:00 GSD getOne 第 1 次 等待 3 秒
2024-02-27 00:35:03 查询号码 【1765950】，返回信息 {"status":"ok","msg":"河北-邯郸","gid":"182654","time_insert":"2021-07-03 15:55"}
2024-02-27 00:35:03 查询号码 【1765950】，GSD为【"河北-邯郸"】

2024-02-27 00:35:04 开始第 6051 次操作

2024-02-27 00:35:04 开始操作号码 【1765951】
2024-02-27 00:35:09 GSD getOne 第 1 次 等待 3 秒
2024-02-27 00:35:12 查询号码 【1765951】，返回信息 {"status":"ok","msg":"河北-邯郸","gid":"182648","time_insert":"2021-07-03 15:54"}
2024-02-27 00:35:12 查询号码 【1765951】，GSD为【"河北-邯郸"】

2024-02-27 00:35:13 开始第 6052 次操作

2024-02-27 00:35:13 开始操作号码 【1765952】
2024-02-27 00:35:18 GSD getOne 第 1 次 等待 3 秒
2024-02-27 00:35:21 查询号码 【1765952】，返回信息 {"status":"ok","msg":"河北-邯郸","gid":"182637","time_insert":"2021-07-03 15:54"}
2024-02-27 00:35:21 查询号码 【1765952】，GSD为【"河北-邯郸"】

2024-02-27 01:07:33 开始第 6053 次操作

2024-02-27 01:07:33 开始操作号码 【1765953】
2024-02-27 01:07:37 GSD getOne 第 1 次 等待 3 秒
2024-02-27 01:07:40 查询号码 【1765953】，返回信息 {"status":"ok","msg":"河北-邯郸","gid":"182629","time_insert":"2021-07-03 15:53"}
2024-02-27 01:07:41 查询号码 【1765953】，GSD为【"河北-邯郸"】

2024-02-27 01:07:42 开始第 6054 次操作

2024-02-27 01:07:42 开始操作号码 【1765954】
2024-02-27 01:07:46 GSD getOne 第 1 次 等待 3 秒
2024-02-27 01:07:49 查询号码 【1765954】，返回信息 {"status":"ok","msg":"河北-邯郸","gid":"182622","time_insert":"2021-07-03 15:52"}
2024-02-27 01:07:49 查询号码 【1765954】，GSD为【"河北-邯郸"】

2024-02-27 01:07:50 开始第 6055 次操作

2024-02-27 01:07:50 开始操作号码 【1765955】
2024-02-27 01:07:54 GSD getOne 第 1 次 等待 3 秒
2024-02-27 01:07:57 查询号码 【1765955】，返回信息 {"status":"ok","msg":"河北-邯郸","gid":"182616","time_insert":"2021-07-03 15:51"}
2024-02-27 01:07:57 查询号码 【1765955】，GSD为【"河北-邯郸"】

2024-02-27 01:07:58 开始第 6056 次操作

2024-02-27 01:07:58 开始操作号码 【1765956】
2024-02-27 01:08:03 GSD getOne 第 1 次 等待 3 秒
2024-02-27 01:08:06 查询号码 【1765956】，返回信息 {"status":"ok","msg":"河北-邯郸","gid":"182608","time_insert":"2021-07-03 15:50"}
2024-02-27 01:08:06 查询号码 【1765956】，GSD为【"河北-邯郸"】

