2024-09-30 00:26:41 开始第 6825 次操作

2024-09-30 00:26:41 开始操作号码 【1436820】
2024-09-30 00:26:46 GSD getOne 第 1 次 等待 3 秒
2024-09-30 00:26:49 查询号码 【1436820】，返回信息 {"status":"ok","msg":"-","gid":"665462","time_insert":"2023-04-20 01:34"}
2024-09-30 00:26:49 查询号码 【1436820】，GSD为【"-"】
2024-09-30 00:26:49 ok && -
2024-09-30 00:26:52 CHB 1436820?1727627209 第 1 次 等待 3 秒
2024-09-30 00:26:55 CHB 1436820?1727627209 第 1 次 获取到号码【1436820】GSD
2024-09-30 00:26:55 未获取到号码【1436820】GSD，可能号码格式错误
2024-09-30 00:26:55 获取到号码【1436820】的GSD为【-】
2024-09-30 00:27:05 GSD insert 第 1 次 等待 3 秒
2024-09-30 00:27:08 {"status":"bad","gid":"665462","msg":"添加失败！号码【1436820(-|-)】已存在！"}
2024-09-30 00:27:08 随机等待 120 秒，约 2 分钟
2024-09-30 00:27:08 下次操作: 2024-09-30 00:29:08

2024-09-30 00:29:08 开始第 6826 次操作

2024-09-30 00:29:08 开始操作号码 【1436821】
2024-09-30 00:29:13 GSD getOne 第 1 次 等待 3 秒
2024-09-30 00:29:16 查询号码 【1436821】，返回信息 {"status":"ok","msg":"-","gid":"665499","time_insert":"2023-04-20 01:55"}
2024-09-30 00:29:16 查询号码 【1436821】，GSD为【"-"】
2024-09-30 00:29:16 ok && -
2024-09-30 00:29:20 CHB 1436821?1727627356 第 1 次 等待 3 秒
2024-09-30 00:29:23 CHB 1436821?1727627356 第 1 次 获取到号码【1436821】GSD
2024-09-30 00:29:23 未获取到号码【1436821】GSD，可能号码格式错误
2024-09-30 00:29:23 获取到号码【1436821】的GSD为【-】
2024-09-30 00:29:31 GSD insert 第 1 次 等待 3 秒
2024-09-30 00:29:34 {"status":"bad","gid":"665499","msg":"添加失败！号码【1436821(-|-)】已存在！"}
2024-09-30 00:29:34 随机等待 78 秒，约 1 分钟
2024-09-30 00:29:34 下次操作: 2024-09-30 00:30:52

2024-09-30 00:30:52 开始第 6827 次操作

2024-09-30 00:30:52 开始操作号码 【1436822】
2024-09-30 00:30:55 GSD getOne 第 1 次 等待 3 秒
2024-09-30 00:30:58 查询号码 【1436822】，返回信息 {"status":"ok","msg":"-","gid":"665519","time_insert":"2023-04-20 02:13"}
2024-09-30 00:30:58 查询号码 【1436822】，GSD为【"-"】
2024-09-30 00:30:58 ok && -
2024-09-30 00:31:00 CHB 1436822?1727627458 第 1 次 等待 3 秒
2024-09-30 00:31:03 CHB 1436822?1727627458 第 1 次 获取到号码【1436822】GSD
2024-09-30 00:31:03 未获取到号码【1436822】GSD，可能号码格式错误
2024-09-30 00:31:03 获取到号码【1436822】的GSD为【-】
2024-09-30 00:31:07 GSD insert 第 1 次 等待 3 秒
2024-09-30 00:31:10 {"status":"bad","gid":"665519","msg":"添加失败！号码【1436822(-|-)】已存在！"}
2024-09-30 00:31:10 随机等待 111 秒，约 1 分钟
2024-09-30 00:31:10 下次操作: 2024-09-30 00:33:01

2024-09-30 00:33:01 开始第 6828 次操作

2024-09-30 00:33:01 开始操作号码 【1436823】
2024-09-30 00:33:06 GSD getOne 第 1 次 等待 3 秒
2024-09-30 00:33:09 查询号码 【1436823】，返回信息 {"status":"ok","msg":"-","gid":"665547","time_insert":"2023-04-20 02:33"}
2024-09-30 00:33:10 查询号码 【1436823】，GSD为【"-"】
2024-09-30 00:33:10 ok && -
2024-09-30 00:33:11 CHB 1436823?1727627590 第 1 次 等待 3 秒
2024-09-30 00:33:14 CHB 1436823?1727627590 第 1 次 获取到号码【1436823】GSD
2024-09-30 00:33:15 未获取到号码【1436823】GSD，可能号码格式错误
2024-09-30 00:33:15 获取到号码【1436823】的GSD为【-】
2024-09-30 00:33:18 GSD insert 第 1 次 等待 3 秒
2024-09-30 00:33:21 {"status":"bad","gid":"665547","msg":"添加失败！号码【1436823(-|-)】已存在！"}

