2024-06-12 00:11:14 开始第 217 次操作

2024-06-12 00:11:14 开始操作号码 【1540111】
2024-06-12 00:11:25 GSD getOne 第 1 次 等待 3 秒
2024-06-12 00:11:28 查询号码 【1540111】，返回信息 {"status":"ok","msg":"-","gid":"521434","time_insert":"2023-02-08 11:23"}
2024-06-12 00:11:28 查询号码 【1540111】，GSD为【"-"】
2024-06-12 00:11:28 ok && -
2024-06-12 00:11:29 CHB 1540111?1718122288 第 1 次 等待 3 秒
2024-06-12 00:11:32 CHB 1540111?1718122288 第 1 次 获取到号码【1540111】GSD
2024-06-12 00:11:33 未获取到号码【1540111】GSD，可能号码格式错误
2024-06-12 00:11:33 获取到号码【1540111】的GSD为【-】
2024-06-12 00:11:44 GSD insert 第 1 次 等待 3 秒
2024-06-12 00:11:47 {"status":"bad","gid":"521434","msg":"添加失败！号码【1540111(-|-)】已存在！"}
2024-06-12 00:11:47 随机等待 107 秒，约 1 分钟
2024-06-12 00:11:47 下次操作: 2024-06-12 00:13:34

2024-06-12 00:13:34 开始第 218 次操作

2024-06-12 00:13:34 开始操作号码 【1540112】
2024-06-12 00:13:49 GSD getOne 第 1 次 等待 3 秒
2024-06-12 00:13:52 查询号码 【1540112】，返回信息 {"status":"ok","msg":"-","gid":"521444","time_insert":"2023-02-08 11:33"}
2024-06-12 00:13:52 查询号码 【1540112】，GSD为【"-"】
2024-06-12 00:13:52 ok && -
2024-06-12 00:13:55 CHB 1540112?1718122432 第 1 次 等待 3 秒
2024-06-12 00:13:58 CHB 1540112?1718122432 第 1 次 获取到号码【1540112】GSD
2024-06-12 00:13:58 未获取到号码【1540112】GSD，可能号码格式错误
2024-06-12 00:13:58 获取到号码【1540112】的GSD为【-】
2024-06-12 00:14:03 GSD insert 第 1 次 等待 3 秒
2024-06-12 00:14:06 {"status":"bad","gid":"521444","msg":"添加失败！号码【1540112(-|-)】已存在！"}
2024-06-12 00:14:06 随机等待 151 秒，约 2 分钟
2024-06-12 00:14:06 下次操作: 2024-06-12 00:16:37

2024-06-12 00:16:37 开始第 219 次操作

2024-06-12 00:16:37 开始操作号码 【1540113】
2024-06-12 00:16:43 GSD getOne 第 1 次 等待 3 秒
2024-06-12 00:16:46 查询号码 【1540113】，返回信息 {"status":"ok","msg":"-","gid":"521453","time_insert":"2023-02-08 11:42"}
2024-06-12 00:16:46 查询号码 【1540113】，GSD为【"-"】
2024-06-12 00:16:46 ok && -
2024-06-12 00:16:48 CHB 1540113?1718122606 第 1 次 等待 3 秒
2024-06-12 00:16:51 CHB 1540113?1718122606 第 1 次 获取到号码【1540113】GSD
2024-06-12 00:16:51 未获取到号码【1540113】GSD，可能号码格式错误
2024-06-12 00:16:51 获取到号码【1540113】的GSD为【-】
2024-06-12 00:16:59 GSD insert 第 1 次 等待 3 秒
2024-06-12 00:17:02 {"status":"bad","gid":"521453","msg":"添加失败！号码【1540113(-|-)】已存在！"}
2024-06-12 00:17:02 随机等待 124 秒，约 2 分钟
2024-06-12 00:17:02 下次操作: 2024-06-12 00:19:06

2024-06-12 00:19:06 开始第 220 次操作

2024-06-12 00:19:06 开始操作号码 【1540114】
2024-06-12 00:19:11 GSD getOne 第 1 次 等待 3 秒
2024-06-12 00:19:14 查询号码 【1540114】，返回信息 {"status":"ok","msg":"-","gid":"521464","time_insert":"2023-02-08 11:51"}
2024-06-12 00:19:14 查询号码 【1540114】，GSD为【"-"】
2024-06-12 00:19:14 ok && -
2024-06-12 00:19:16 CHB 1540114?1718122754 第 1 次 等待 3 秒
2024-06-12 00:19:19 CHB 1540114?1718122754 第 1 次 获取到号码【1540114】GSD
2024-06-12 00:19:19 未获取到号码【1540114】GSD，可能号码格式错误
2024-06-12 00:19:19 获取到号码【1540114】的GSD为【-】
2024-06-12 00:19:26 GSD insert 第 1 次 等待 3 秒
2024-06-12 00:19:29 {"status":"bad","gid":"521464","msg":"添加失败！号码【1540114(-|-)】已存在！"}

