2024-07-12 00:10:29 开始第 5681 次操作

2024-07-12 00:10:29 开始操作号码 【1545564】
2024-07-12 00:10:39 GSD getOne 第 1 次 等待 3 秒
2024-07-12 00:10:42 查询号码 【1545564】，返回信息 {"status":"ok","msg":"-","gid":"639446","time_insert":"2023-04-07 15:35"}
2024-07-12 00:10:42 查询号码 【1545564】，GSD为【"-"】
2024-07-12 00:10:42 ok && -
2024-07-12 00:10:43 CHB 1545564?1720714242 第 1 次 等待 3 秒
2024-07-12 00:10:46 CHB 1545564?1720714242 第 1 次 获取到号码【1545564】GSD
2024-07-12 00:10:46 未获取到号码【1545564】GSD，可能号码格式错误
2024-07-12 00:10:46 获取到号码【1545564】的GSD为【-】
2024-07-12 00:10:54 GSD insert 第 1 次 等待 3 秒
2024-07-12 00:10:57 {"status":"bad","gid":"639446","msg":"添加失败！号码【1545564(-|-)】已存在！"}
2024-07-12 00:10:57 随机等待 207 秒，约 3 分钟
2024-07-12 00:10:57 下次操作: 2024-07-12 00:14:24

2024-07-12 00:14:24 开始第 5682 次操作

2024-07-12 00:14:24 开始操作号码 【1545565】
2024-07-12 00:14:33 GSD getOne 第 1 次 等待 3 秒
2024-07-12 00:14:36 查询号码 【1545565】，返回信息 {"status":"ok","msg":"-","gid":"639469","time_insert":"2023-04-07 15:51"}
2024-07-12 00:14:36 查询号码 【1545565】，GSD为【"-"】
2024-07-12 00:14:36 ok && -
2024-07-12 00:14:39 CHB 1545565?1720714476 第 1 次 等待 3 秒
2024-07-12 00:14:42 CHB 1545565?1720714476 第 1 次 获取到号码【1545565】GSD
2024-07-12 00:14:42 未获取到号码【1545565】GSD，可能号码格式错误
2024-07-12 00:14:42 获取到号码【1545565】的GSD为【-】
2024-07-12 00:14:50 GSD insert 第 1 次 等待 3 秒
2024-07-12 00:14:53 {"status":"bad","gid":"639469","msg":"添加失败！号码【1545565(-|-)】已存在！"}
2024-07-12 00:14:53 随机等待 112 秒，约 1 分钟
2024-07-12 00:14:53 下次操作: 2024-07-12 00:16:45

2024-07-12 00:16:45 开始第 5683 次操作

2024-07-12 00:16:45 开始操作号码 【1545566】
2024-07-12 00:16:53 GSD getOne 第 1 次 等待 3 秒
2024-07-12 00:16:56 查询号码 【1545566】，返回信息 {"status":"ok","msg":"-","gid":"639493","time_insert":"2023-04-07 16:13"}
2024-07-12 00:16:56 查询号码 【1545566】，GSD为【"-"】
2024-07-12 00:16:56 ok && -
2024-07-12 00:16:59 CHB 1545566?1720714616 第 1 次 等待 3 秒
2024-07-12 00:17:02 CHB 1545566?1720714616 第 1 次 获取到号码【1545566】GSD
2024-07-12 00:17:02 未获取到号码【1545566】GSD，可能号码格式错误
2024-07-12 00:17:02 获取到号码【1545566】的GSD为【-】
2024-07-12 00:17:10 GSD insert 第 1 次 等待 3 秒
2024-07-12 00:17:13 {"status":"bad","gid":"639493","msg":"添加失败！号码【1545566(-|-)】已存在！"}
2024-07-12 00:17:13 随机等待 161 秒，约 2 分钟
2024-07-12 00:17:13 下次操作: 2024-07-12 00:19:54

2024-07-12 00:19:54 开始第 5684 次操作

2024-07-12 00:19:54 开始操作号码 【1545567】
2024-07-12 00:20:03 GSD getOne 第 1 次 等待 3 秒
2024-07-12 00:20:06 查询号码 【1545567】，返回信息 {"status":"ok","msg":"-","gid":"639511","time_insert":"2023-04-07 16:28"}
2024-07-12 00:20:06 查询号码 【1545567】，GSD为【"-"】
2024-07-12 00:20:06 ok && -
2024-07-12 00:20:08 CHB 1545567?1720714806 第 1 次 等待 3 秒
2024-07-12 00:20:11 CHB 1545567?1720714806 第 1 次 获取到号码【1545567】GSD
2024-07-12 00:20:11 未获取到号码【1545567】GSD，可能号码格式错误
2024-07-12 00:20:11 获取到号码【1545567】的GSD为【-】
2024-07-12 00:20:21 GSD insert 第 1 次 等待 3 秒
2024-07-12 00:20:24 {"status":"bad","gid":"639511","msg":"添加失败！号码【1545567(-|-)】已存在！"}

2024-07-12 00:37:12 开始第 5685 次操作

2024-07-12 00:37:12 开始操作号码 【1545568】
2024-07-12 00:37:22 GSD getOne 第 1 次 等待 3 秒
2024-07-12 00:37:25 查询号码 【1545568】，返回信息 {"status":"ok","msg":"-","gid":"639527","time_insert":"2023-04-07 16:37"}
2024-07-12 00:37:25 查询号码 【1545568】，GSD为【"-"】
2024-07-12 00:37:25 ok && -
2024-07-12 00:37:27 CHB 1545568?1720715845 第 1 次 等待 3 秒
2024-07-12 00:37:30 CHB 1545568?1720715845 第 1 次 获取到号码【1545568】GSD
2024-07-12 00:37:30 未获取到号码【1545568】GSD，可能号码格式错误
2024-07-12 00:37:30 获取到号码【1545568】的GSD为【-】
2024-07-12 00:37:38 GSD insert 第 1 次 等待 3 秒
2024-07-12 00:37:41 {"status":"bad","gid":"639527","msg":"添加失败！号码【1545568(-|-)】已存在！"}
2024-07-12 00:37:41 随机等待 135 秒，约 2 分钟
2024-07-12 00:37:41 下次操作: 2024-07-12 00:39:56

2024-07-12 00:39:56 开始第 5686 次操作

2024-07-12 00:39:56 开始操作号码 【1545569】
2024-07-12 00:40:04 GSD getOne 第 1 次 等待 3 秒
2024-07-12 00:40:07 查询号码 【1545569】，返回信息 {"status":"ok","msg":"-","gid":"639543","time_insert":"2023-04-07 16:45"}
2024-07-12 00:40:07 查询号码 【1545569】，GSD为【"-"】
2024-07-12 00:40:07 ok && -
2024-07-12 00:40:09 CHB 1545569?1720716007 第 1 次 等待 3 秒
2024-07-12 00:40:12 CHB 1545569?1720716007 第 1 次 获取到号码【1545569】GSD
2024-07-12 00:40:12 未获取到号码【1545569】GSD，可能号码格式错误
2024-07-12 00:40:12 获取到号码【1545569】的GSD为【-】
2024-07-12 00:40:20 GSD insert 第 1 次 等待 3 秒
2024-07-12 00:40:23 {"status":"bad","gid":"639543","msg":"添加失败！号码【1545569(-|-)】已存在！"}
2024-07-12 00:40:23 随机等待 79 秒，约 1 分钟
2024-07-12 00:40:23 下次操作: 2024-07-12 00:41:42

2024-07-12 00:41:42 开始第 5687 次操作

2024-07-12 00:41:42 开始操作号码 【1545570】
2024-07-12 00:41:50 GSD getOne 第 1 次 等待 3 秒
2024-07-12 00:41:53 查询号码 【1545570】，返回信息 {"status":"ok","msg":"-","gid":"639556","time_insert":"2023-04-07 16:53"}
2024-07-12 00:41:53 查询号码 【1545570】，GSD为【"-"】
2024-07-12 00:41:53 ok && -
2024-07-12 00:41:55 CHB 1545570?1720716113 第 1 次 等待 3 秒
2024-07-12 00:41:58 CHB 1545570?1720716113 第 1 次 获取到号码【1545570】GSD
2024-07-12 00:41:58 未获取到号码【1545570】GSD，可能号码格式错误
2024-07-12 00:41:58 获取到号码【1545570】的GSD为【-】
2024-07-12 00:42:06 GSD insert 第 1 次 等待 3 秒
2024-07-12 00:42:09 {"status":"bad","gid":"639556","msg":"添加失败！号码【1545570(-|-)】已存在！"}
2024-07-12 00:42:09 随机等待 156 秒，约 2 分钟
2024-07-12 00:42:09 下次操作: 2024-07-12 00:44:45

2024-07-12 00:44:45 开始第 5688 次操作

2024-07-12 00:44:45 开始操作号码 【1545571】
2024-07-12 00:44:54 GSD getOne 第 1 次 等待 3 秒
2024-07-12 00:44:57 查询号码 【1545571】，返回信息 {"status":"ok","msg":"-","gid":"639591","time_insert":"2023-04-07 17:04"}
2024-07-12 00:44:57 查询号码 【1545571】，GSD为【"-"】
2024-07-12 00:44:57 ok && -
2024-07-12 00:44:59 CHB 1545571?1720716297 第 1 次 等待 3 秒
2024-07-12 00:45:02 CHB 1545571?1720716297 第 1 次 获取到号码【1545571】GSD
2024-07-12 00:45:02 未获取到号码【1545571】GSD，可能号码格式错误
2024-07-12 00:45:02 获取到号码【1545571】的GSD为【-】
2024-07-12 00:45:10 GSD insert 第 1 次 等待 3 秒
2024-07-12 00:45:13 {"status":"bad","gid":"639591","msg":"添加失败！号码【1545571(-|-)】已存在！"}

2024-07-12 01:08:20 开始第 5689 次操作

2024-07-12 01:08:20 开始操作号码 【1545572】
2024-07-12 01:08:30 GSD getOne 第 1 次 等待 3 秒
2024-07-12 01:08:33 查询号码 【1545572】，返回信息 {"status":"ok","msg":"-","gid":"639616","time_insert":"2023-04-07 17:18"}
2024-07-12 01:08:33 查询号码 【1545572】，GSD为【"-"】
2024-07-12 01:08:33 ok && -
2024-07-12 01:08:35 CHB 1545572?1720717713 第 1 次 等待 3 秒
2024-07-12 01:08:38 CHB 1545572?1720717713 第 1 次 获取到号码【1545572】GSD
2024-07-12 01:08:38 未获取到号码【1545572】GSD，可能号码格式错误
2024-07-12 01:08:38 获取到号码【1545572】的GSD为【-】
2024-07-12 01:08:48 GSD insert 第 1 次 等待 3 秒
2024-07-12 01:08:51 {"status":"bad","gid":"639616","msg":"添加失败！号码【1545572(-|-)】已存在！"}
2024-07-12 01:08:51 随机等待 85 秒，约 1 分钟
2024-07-12 01:08:51 下次操作: 2024-07-12 01:10:16

2024-07-12 01:10:16 开始第 5690 次操作

2024-07-12 01:10:16 开始操作号码 【1545573】
2024-07-12 01:10:24 GSD getOne 第 1 次 等待 3 秒
2024-07-12 01:10:27 查询号码 【1545573】，返回信息 {"status":"ok","msg":"-","gid":"639643","time_insert":"2023-04-07 17:36"}
2024-07-12 01:10:27 查询号码 【1545573】，GSD为【"-"】
2024-07-12 01:10:27 ok && -
2024-07-12 01:10:29 CHB 1545573?1720717827 第 1 次 等待 3 秒
2024-07-12 01:10:32 CHB 1545573?1720717827 第 1 次 获取到号码【1545573】GSD
2024-07-12 01:10:32 未获取到号码【1545573】GSD，可能号码格式错误
2024-07-12 01:10:32 获取到号码【1545573】的GSD为【-】
2024-07-12 01:10:40 GSD insert 第 1 次 等待 3 秒
2024-07-12 01:10:43 {"status":"bad","gid":"639643","msg":"添加失败！号码【1545573(-|-)】已存在！"}
2024-07-12 01:10:43 随机等待 191 秒，约 3 分钟
2024-07-12 01:10:43 下次操作: 2024-07-12 01:13:54

2024-07-12 01:13:54 开始第 5691 次操作

2024-07-12 01:13:54 开始操作号码 【1545574】
2024-07-12 01:14:02 GSD getOne 第 1 次 等待 3 秒
2024-07-12 01:14:05 查询号码 【1545574】，返回信息 {"status":"ok","msg":"-","gid":"639665","time_insert":"2023-04-07 17:48"}
2024-07-12 01:14:05 查询号码 【1545574】，GSD为【"-"】
2024-07-12 01:14:05 ok && -
2024-07-12 01:14:06 CHB 1545574?1720718045 第 1 次 等待 3 秒
2024-07-12 01:14:09 CHB 1545574?1720718045 第 1 次 获取到号码【1545574】GSD
2024-07-12 01:14:10 未获取到号码【1545574】GSD，可能号码格式错误
2024-07-12 01:14:10 获取到号码【1545574】的GSD为【-】
2024-07-12 01:14:18 GSD insert 第 1 次 等待 3 秒
2024-07-12 01:14:21 {"status":"bad","gid":"639665","msg":"添加失败！号码【1545574(-|-)】已存在！"}
2024-07-12 01:14:22 随机等待 228 秒，约 3 分钟
2024-07-12 01:14:22 下次操作: 2024-07-12 01:18:10

2024-07-12 01:18:10 开始第 5692 次操作

2024-07-12 01:18:10 开始操作号码 【1545575】
2024-07-12 01:18:19 GSD getOne 第 1 次 等待 3 秒
2024-07-12 01:18:22 查询号码 【1545575】，返回信息 {"status":"ok","msg":"-","gid":"639677","time_insert":"2023-04-07 17:56"}
2024-07-12 01:18:22 查询号码 【1545575】，GSD为【"-"】
2024-07-12 01:18:22 ok && -
2024-07-12 01:18:24 CHB 1545575?1720718302 第 1 次 等待 3 秒
2024-07-12 01:18:27 CHB 1545575?1720718302 第 1 次 获取到号码【1545575】GSD
2024-07-12 01:18:27 未获取到号码【1545575】GSD，可能号码格式错误
2024-07-12 01:18:27 获取到号码【1545575】的GSD为【-】
2024-07-12 01:18:35 GSD insert 第 1 次 等待 3 秒
2024-07-12 01:18:38 {"status":"bad","gid":"639677","msg":"添加失败！号码【1545575(-|-)】已存在！"}

