2024-06-14 00:11:58 开始第 573 次操作

2024-06-14 00:11:58 开始操作号码 【1540466】
2024-06-14 00:12:06 GSD getOne 第 1 次 等待 3 秒
2024-06-14 00:12:09 查询号码 【1540466】，返回信息 {"status":"ok","msg":"-","gid":"525641","time_insert":"2023-02-11 06:31"}
2024-06-14 00:12:09 查询号码 【1540466】，GSD为【"-"】
2024-06-14 00:12:09 ok && -
2024-06-14 00:12:11 CHB 1540466?1718295129 第 1 次 等待 3 秒
2024-06-14 00:12:14 CHB 1540466?1718295129 第 1 次 获取到号码【1540466】GSD
2024-06-14 00:12:14 未获取到号码【1540466】GSD，可能号码格式错误
2024-06-14 00:12:14 获取到号码【1540466】的GSD为【-】
2024-06-14 00:12:20 GSD insert 第 1 次 等待 3 秒
2024-06-14 00:12:23 {"status":"bad","gid":"525641","msg":"添加失败！号码【1540466(-|-)】已存在！"}
2024-06-14 00:12:23 随机等待 118 秒，约 1 分钟
2024-06-14 00:12:23 下次操作: 2024-06-14 00:14:21

2024-06-14 00:14:21 开始第 574 次操作

2024-06-14 00:14:21 开始操作号码 【1540467】
2024-06-14 00:14:26 GSD getOne 第 1 次 等待 3 秒
2024-06-14 00:14:29 查询号码 【1540467】，返回信息 {"status":"ok","msg":"-","gid":"525651","time_insert":"2023-02-11 06:42"}
2024-06-14 00:14:29 查询号码 【1540467】，GSD为【"-"】
2024-06-14 00:14:29 ok && -
2024-06-14 00:14:31 CHB 1540467?1718295269 第 1 次 等待 3 秒
2024-06-14 00:14:34 CHB 1540467?1718295269 第 1 次 获取到号码【1540467】GSD
2024-06-14 00:14:34 未获取到号码【1540467】GSD，可能号码格式错误
2024-06-14 00:14:34 获取到号码【1540467】的GSD为【-】
2024-06-14 00:14:40 GSD insert 第 1 次 等待 3 秒
2024-06-14 00:14:43 {"status":"bad","gid":"525651","msg":"添加失败！号码【1540467(-|-)】已存在！"}
2024-06-14 00:14:43 随机等待 112 秒，约 1 分钟
2024-06-14 00:14:43 下次操作: 2024-06-14 00:16:35

2024-06-14 00:16:35 开始第 575 次操作

2024-06-14 00:16:35 开始操作号码 【1540468】
2024-06-14 00:16:44 GSD getOne 第 1 次 等待 3 秒
2024-06-14 00:16:47 查询号码 【1540468】，返回信息 {"status":"ok","msg":"-","gid":"525665","time_insert":"2023-02-11 06:53"}
2024-06-14 00:16:47 查询号码 【1540468】，GSD为【"-"】
2024-06-14 00:16:47 ok && -
2024-06-14 00:16:48 CHB 1540468?1718295407 第 1 次 等待 3 秒
2024-06-14 00:16:51 CHB 1540468?1718295407 第 1 次 获取到号码【1540468】GSD
2024-06-14 00:16:52 未获取到号码【1540468】GSD，可能号码格式错误
2024-06-14 00:16:52 获取到号码【1540468】的GSD为【-】
2024-06-14 00:16:59 GSD insert 第 1 次 等待 3 秒
2024-06-14 00:17:02 {"status":"bad","gid":"525665","msg":"添加失败！号码【1540468(-|-)】已存在！"}
2024-06-14 00:17:02 随机等待 135 秒，约 2 分钟
2024-06-14 00:17:02 下次操作: 2024-06-14 00:19:17

2024-06-14 00:19:17 开始第 576 次操作

2024-06-14 00:19:17 开始操作号码 【1540469】
2024-06-14 00:19:26 GSD getOne 第 1 次 等待 3 秒
2024-06-14 00:19:29 查询号码 【1540469】，返回信息 {"status":"ok","msg":"-","gid":"525673","time_insert":"2023-02-11 07:03"}
2024-06-14 00:19:29 查询号码 【1540469】，GSD为【"-"】
2024-06-14 00:19:29 ok && -
2024-06-14 00:19:30 CHB 1540469?1718295569 第 1 次 等待 3 秒
2024-06-14 00:19:33 CHB 1540469?1718295569 第 1 次 获取到号码【1540469】GSD
2024-06-14 00:19:33 未获取到号码【1540469】GSD，可能号码格式错误
2024-06-14 00:19:33 获取到号码【1540469】的GSD为【-】
2024-06-14 00:19:40 GSD insert 第 1 次 等待 3 秒
2024-06-14 00:19:43 {"status":"bad","gid":"525673","msg":"添加失败！号码【1540469(-|-)】已存在！"}

2024-06-14 00:39:21 开始第 577 次操作

2024-06-14 00:39:21 开始操作号码 【1540470】
2024-06-14 00:39:32 GSD getOne 第 1 次 等待 3 秒
2024-06-14 00:39:35 查询号码 【1540470】，返回信息 {"status":"ok","msg":"-","gid":"525682","time_insert":"2023-02-11 07:12"}
2024-06-14 00:39:35 查询号码 【1540470】，GSD为【"-"】
2024-06-14 00:39:35 ok && -
2024-06-14 00:39:36 CHB 1540470?1718296775 第 1 次 等待 3 秒
2024-06-14 00:39:39 CHB 1540470?1718296775 第 1 次 获取到号码【1540470】GSD
2024-06-14 00:39:39 未获取到号码【1540470】GSD，可能号码格式错误
2024-06-14 00:39:39 获取到号码【1540470】的GSD为【-】
2024-06-14 00:39:56 GSD insert 第 1 次 等待 3 秒
2024-06-14 00:39:59 {"status":"bad","gid":"525682","msg":"添加失败！号码【1540470(-|-)】已存在！"}
2024-06-14 00:39:59 随机等待 112 秒，约 1 分钟
2024-06-14 00:39:59 下次操作: 2024-06-14 00:41:51

2024-06-14 00:41:51 开始第 578 次操作

2024-06-14 00:41:51 开始操作号码 【1540471】
2024-06-14 00:41:57 GSD getOne 第 1 次 等待 3 秒
2024-06-14 00:42:00 查询号码 【1540471】，返回信息 {"status":"ok","msg":"-","gid":"525694","time_insert":"2023-02-11 07:22"}
2024-06-14 00:42:00 查询号码 【1540471】，GSD为【"-"】
2024-06-14 00:42:00 ok && -
2024-06-14 00:42:02 CHB 1540471?1718296920 第 1 次 等待 3 秒
2024-06-14 00:42:05 CHB 1540471?1718296920 第 1 次 获取到号码【1540471】GSD
2024-06-14 00:42:05 未获取到号码【1540471】GSD，可能号码格式错误
2024-06-14 00:42:05 获取到号码【1540471】的GSD为【-】
2024-06-14 00:42:14 GSD insert 第 1 次 等待 3 秒
2024-06-14 00:42:17 {"status":"bad","gid":"525694","msg":"添加失败！号码【1540471(-|-)】已存在！"}
2024-06-14 00:42:17 随机等待 180 秒，约 3 分钟
2024-06-14 00:42:17 下次操作: 2024-06-14 00:45:17

2024-06-14 00:45:17 开始第 579 次操作

2024-06-14 00:45:17 开始操作号码 【1540472】
2024-06-14 00:45:24 GSD getOne 第 1 次 等待 3 秒
2024-06-14 00:45:27 查询号码 【1540472】，返回信息 {"status":"ok","msg":"-","gid":"525705","time_insert":"2023-02-11 07:32"}
2024-06-14 00:45:27 查询号码 【1540472】，GSD为【"-"】
2024-06-14 00:45:27 ok && -
2024-06-14 00:45:29 CHB 1540472?1718297127 第 1 次 等待 3 秒
2024-06-14 00:45:32 CHB 1540472?1718297127 第 1 次 获取到号码【1540472】GSD
2024-06-14 00:45:32 未获取到号码【1540472】GSD，可能号码格式错误
2024-06-14 00:45:32 获取到号码【1540472】的GSD为【-】
2024-06-14 00:45:37 GSD insert 第 1 次 等待 3 秒
2024-06-14 00:45:40 {"status":"bad","gid":"525705","msg":"添加失败！号码【1540472(-|-)】已存在！"}
2024-06-14 00:45:40 随机等待 67 秒，约 1 分钟
2024-06-14 00:45:40 下次操作: 2024-06-14 00:46:47

2024-06-14 00:46:47 开始第 580 次操作

2024-06-14 00:46:47 开始操作号码 【1540473】
2024-06-14 00:46:55 GSD getOne 第 1 次 等待 3 秒
2024-06-14 00:46:58 查询号码 【1540473】，返回信息 {"status":"ok","msg":"-","gid":"525718","time_insert":"2023-02-11 07:43"}
2024-06-14 00:46:58 查询号码 【1540473】，GSD为【"-"】
2024-06-14 00:46:58 ok && -
2024-06-14 00:46:59 CHB 1540473?1718297218 第 1 次 等待 3 秒
2024-06-14 00:47:02 CHB 1540473?1718297218 第 1 次 获取到号码【1540473】GSD
2024-06-14 00:47:02 未获取到号码【1540473】GSD，可能号码格式错误
2024-06-14 00:47:02 获取到号码【1540473】的GSD为【-】
2024-06-14 00:47:08 GSD insert 第 1 次 等待 3 秒
2024-06-14 00:47:11 {"status":"bad","gid":"525718","msg":"添加失败！号码【1540473(-|-)】已存在！"}

2024-06-14 01:08:02 开始第 581 次操作

2024-06-14 01:08:02 开始操作号码 【1540474】
2024-06-14 01:08:08 GSD getOne 第 1 次 等待 3 秒
2024-06-14 01:08:11 查询号码 【1540474】，返回信息 {"status":"ok","msg":"-","gid":"525726","time_insert":"2023-02-11 07:52"}
2024-06-14 01:08:11 查询号码 【1540474】，GSD为【"-"】
2024-06-14 01:08:11 ok && -
2024-06-14 01:08:13 CHB 1540474?1718298491 第 1 次 等待 3 秒
2024-06-14 01:08:16 CHB 1540474?1718298491 第 1 次 获取到号码【1540474】GSD
2024-06-14 01:08:16 未获取到号码【1540474】GSD，可能号码格式错误
2024-06-14 01:08:16 获取到号码【1540474】的GSD为【-】
2024-06-14 01:08:22 GSD insert 第 1 次 等待 3 秒
2024-06-14 01:08:25 {"status":"bad","gid":"525726","msg":"添加失败！号码【1540474(-|-)】已存在！"}
2024-06-14 01:08:25 随机等待 141 秒，约 2 分钟
2024-06-14 01:08:25 下次操作: 2024-06-14 01:10:46

2024-06-14 01:10:46 开始第 582 次操作

2024-06-14 01:10:46 开始操作号码 【1540475】
2024-06-14 01:10:51 GSD getOne 第 1 次 等待 3 秒
2024-06-14 01:10:54 查询号码 【1540475】，返回信息 {"status":"ok","msg":"-","gid":"525739","time_insert":"2023-02-11 08:04"}
2024-06-14 01:10:54 查询号码 【1540475】，GSD为【"-"】
2024-06-14 01:10:54 ok && -
2024-06-14 01:10:56 CHB 1540475?1718298654 第 1 次 等待 3 秒
2024-06-14 01:10:59 CHB 1540475?1718298654 第 1 次 获取到号码【1540475】GSD
2024-06-14 01:10:59 未获取到号码【1540475】GSD，可能号码格式错误
2024-06-14 01:10:59 获取到号码【1540475】的GSD为【-】
2024-06-14 01:11:08 GSD insert 第 1 次 等待 3 秒
2024-06-14 01:11:11 {"status":"bad","gid":"525739","msg":"添加失败！号码【1540475(-|-)】已存在！"}
2024-06-14 01:11:11 随机等待 153 秒，约 2 分钟
2024-06-14 01:11:11 下次操作: 2024-06-14 01:13:44

2024-06-14 01:13:44 开始第 583 次操作

2024-06-14 01:13:44 开始操作号码 【1540476】
2024-06-14 01:13:49 GSD getOne 第 1 次 等待 3 秒
2024-06-14 01:13:52 查询号码 【1540476】，返回信息 {"status":"ok","msg":"-","gid":"525747","time_insert":"2023-02-11 08:13"}
2024-06-14 01:13:52 查询号码 【1540476】，GSD为【"-"】
2024-06-14 01:13:52 ok && -
2024-06-14 01:13:54 CHB 1540476?1718298832 第 1 次 等待 3 秒
2024-06-14 01:13:57 CHB 1540476?1718298832 第 1 次 获取到号码【1540476】GSD
2024-06-14 01:13:57 未获取到号码【1540476】GSD，可能号码格式错误
2024-06-14 01:13:57 获取到号码【1540476】的GSD为【-】
2024-06-14 01:14:05 GSD insert 第 1 次 等待 3 秒
2024-06-14 01:14:08 {"status":"bad","gid":"525747","msg":"添加失败！号码【1540476(-|-)】已存在！"}
2024-06-14 01:14:08 随机等待 115 秒，约 1 分钟
2024-06-14 01:14:08 下次操作: 2024-06-14 01:16:03

2024-06-14 01:16:03 开始第 584 次操作

2024-06-14 01:16:03 开始操作号码 【1540477】
2024-06-14 01:16:08 GSD getOne 第 1 次 等待 3 秒
2024-06-14 01:16:11 查询号码 【1540477】，返回信息 {"status":"ok","msg":"-","gid":"525757","time_insert":"2023-02-11 08:22"}
2024-06-14 01:16:11 查询号码 【1540477】，GSD为【"-"】
2024-06-14 01:16:11 ok && -
2024-06-14 01:16:13 CHB 1540477?1718298971 第 1 次 等待 3 秒
2024-06-14 01:16:16 CHB 1540477?1718298971 第 1 次 获取到号码【1540477】GSD
2024-06-14 01:16:16 未获取到号码【1540477】GSD，可能号码格式错误
2024-06-14 01:16:16 获取到号码【1540477】的GSD为【-】
2024-06-14 01:16:24 GSD insert 第 1 次 等待 3 秒
2024-06-14 01:16:27 {"status":"bad","gid":"525757","msg":"添加失败！号码【1540477(-|-)】已存在！"}

2024-06-14 01:33:06 开始第 585 次操作

2024-06-14 01:33:06 开始操作号码 【1540478】
2024-06-14 01:33:13 GSD getOne 第 1 次 等待 3 秒
2024-06-14 01:33:16 查询号码 【1540478】，返回信息 {"status":"ok","msg":"-","gid":"525765","time_insert":"2023-02-11 08:30"}
2024-06-14 01:33:16 查询号码 【1540478】，GSD为【"-"】
2024-06-14 01:33:16 ok && -
2024-06-14 01:33:18 CHB 1540478?1718299996 第 1 次 等待 3 秒
2024-06-14 01:33:21 CHB 1540478?1718299996 第 1 次 获取到号码【1540478】GSD
2024-06-14 01:33:21 未获取到号码【1540478】GSD，可能号码格式错误
2024-06-14 01:33:21 获取到号码【1540478】的GSD为【-】
2024-06-14 01:33:28 GSD insert 第 1 次 等待 3 秒
2024-06-14 01:33:31 {"status":"bad","gid":"525765","msg":"添加失败！号码【1540478(-|-)】已存在！"}
2024-06-14 01:33:31 随机等待 86 秒，约 1 分钟
2024-06-14 01:33:31 下次操作: 2024-06-14 01:34:57

2024-06-14 01:34:57 开始第 586 次操作

2024-06-14 01:34:57 开始操作号码 【1540479】
2024-06-14 01:35:03 GSD getOne 第 1 次 等待 3 秒
2024-06-14 01:35:06 查询号码 【1540479】，返回信息 {"status":"ok","msg":"-","gid":"525781","time_insert":"2023-02-11 08:42"}
2024-06-14 01:35:06 查询号码 【1540479】，GSD为【"-"】
2024-06-14 01:35:06 ok && -
2024-06-14 01:35:08 CHB 1540479?1718300106 第 1 次 等待 3 秒
2024-06-14 01:35:11 CHB 1540479?1718300106 第 1 次 获取到号码【1540479】GSD
2024-06-14 01:35:11 未获取到号码【1540479】GSD，可能号码格式错误
2024-06-14 01:35:11 获取到号码【1540479】的GSD为【-】
2024-06-14 01:35:16 GSD insert 第 1 次 等待 3 秒
2024-06-14 01:35:19 {"status":"bad","gid":"525781","msg":"添加失败！号码【1540479(-|-)】已存在！"}
2024-06-14 01:35:19 随机等待 125 秒，约 2 分钟
2024-06-14 01:35:19 下次操作: 2024-06-14 01:37:24

2024-06-14 01:37:24 开始第 587 次操作

2024-06-14 01:37:24 开始操作号码 【1540480】
2024-06-14 01:37:33 GSD getOne 第 1 次 等待 3 秒
2024-06-14 01:37:36 查询号码 【1540480】，返回信息 {"status":"ok","msg":"-","gid":"525791","time_insert":"2023-02-11 08:54"}
2024-06-14 01:37:36 查询号码 【1540480】，GSD为【"-"】
2024-06-14 01:37:36 ok && -
2024-06-14 01:37:38 CHB 1540480?1718300256 第 1 次 等待 3 秒
2024-06-14 01:37:41 CHB 1540480?1718300256 第 1 次 获取到号码【1540480】GSD
2024-06-14 01:37:41 未获取到号码【1540480】GSD，可能号码格式错误
2024-06-14 01:37:41 获取到号码【1540480】的GSD为【-】
2024-06-14 01:37:55 GSD insert 第 1 次 等待 3 秒
2024-06-14 01:37:58 {"status":"bad","gid":"525791","msg":"添加失败！号码【1540480(-|-)】已存在！"}
2024-06-14 01:37:58 随机等待 66 秒，约 1 分钟
2024-06-14 01:37:58 下次操作: 2024-06-14 01:39:04

2024-06-14 01:39:04 开始第 588 次操作

2024-06-14 01:39:04 开始操作号码 【1540481】
2024-06-14 01:39:10 GSD getOne 第 1 次 等待 3 秒
2024-06-14 01:39:13 查询号码 【1540481】，返回信息 {"status":"ok","msg":"-","gid":"525805","time_insert":"2023-02-11 09:06"}
2024-06-14 01:39:13 查询号码 【1540481】，GSD为【"-"】
2024-06-14 01:39:13 ok && -
2024-06-14 01:39:15 CHB 1540481?1718300353 第 1 次 等待 3 秒
2024-06-14 01:39:18 CHB 1540481?1718300353 第 1 次 获取到号码【1540481】GSD
2024-06-14 01:39:18 未获取到号码【1540481】GSD，可能号码格式错误
2024-06-14 01:39:18 获取到号码【1540481】的GSD为【-】
2024-06-14 01:39:27 GSD insert 第 1 次 等待 3 秒
2024-06-14 01:39:30 {"status":"bad","gid":"525805","msg":"添加失败！号码【1540481(-|-)】已存在！"}

2024-06-14 02:11:02 开始第 589 次操作

2024-06-14 02:11:02 开始操作号码 【1540482】
2024-06-14 02:11:14 GSD getOne 第 1 次 等待 3 秒
2024-06-14 02:11:17 查询号码 【1540482】，返回信息 {"status":"ok","msg":"-","gid":"525817","time_insert":"2023-02-11 09:17"}
2024-06-14 02:11:17 查询号码 【1540482】，GSD为【"-"】
2024-06-14 02:11:17 ok && -
2024-06-14 02:11:19 CHB 1540482?1718302277 第 1 次 等待 3 秒
2024-06-14 02:11:23 CHB 1540482?1718302277 第 1 次 获取到号码【1540482】GSD
2024-06-14 02:11:23 未获取到号码【1540482】GSD，可能号码格式错误
2024-06-14 02:11:23 获取到号码【1540482】的GSD为【-】
2024-06-14 02:11:38 GSD insert 第 1 次 等待 3 秒
2024-06-14 02:11:41 {"status":"bad","gid":"525817","msg":"添加失败！号码【1540482(-|-)】已存在！"}
2024-06-14 02:11:41 随机等待 87 秒，约 1 分钟
2024-06-14 02:11:41 下次操作: 2024-06-14 02:13:08

2024-06-14 02:13:08 开始第 590 次操作

2024-06-14 02:13:08 开始操作号码 【1540483】
2024-06-14 02:13:16 GSD getOne 第 1 次 等待 3 秒
2024-06-14 02:13:19 查询号码 【1540483】，返回信息 {"status":"ok","msg":"-","gid":"525829","time_insert":"2023-02-11 09:28"}
2024-06-14 02:13:19 查询号码 【1540483】，GSD为【"-"】
2024-06-14 02:13:19 ok && -
2024-06-14 02:13:20 CHB 1540483?1718302399 第 1 次 等待 3 秒
2024-06-14 02:13:23 CHB 1540483?1718302399 第 1 次 获取到号码【1540483】GSD
2024-06-14 02:13:23 未获取到号码【1540483】GSD，可能号码格式错误
2024-06-14 02:13:23 获取到号码【1540483】的GSD为【-】
2024-06-14 02:13:31 GSD insert 第 1 次 等待 3 秒
2024-06-14 02:13:34 {"status":"bad","gid":"525829","msg":"添加失败！号码【1540483(-|-)】已存在！"}
2024-06-14 02:13:34 随机等待 162 秒，约 2 分钟
2024-06-14 02:13:34 下次操作: 2024-06-14 02:16:16

2024-06-14 02:16:16 开始第 591 次操作

2024-06-14 02:16:16 开始操作号码 【1540484】
2024-06-14 02:16:24 GSD getOne 第 1 次 等待 3 秒
2024-06-14 02:16:27 查询号码 【1540484】，返回信息 {"status":"ok","msg":"-","gid":"525838","time_insert":"2023-02-11 09:38"}
2024-06-14 02:16:27 查询号码 【1540484】，GSD为【"-"】
2024-06-14 02:16:27 ok && -
2024-06-14 02:16:29 CHB 1540484?1718302587 第 1 次 等待 3 秒
2024-06-14 02:16:32 CHB 1540484?1718302587 第 1 次 获取到号码【1540484】GSD
2024-06-14 02:16:32 未获取到号码【1540484】GSD，可能号码格式错误
2024-06-14 02:16:32 获取到号码【1540484】的GSD为【-】
2024-06-14 02:16:40 GSD insert 第 1 次 等待 3 秒
2024-06-14 02:16:43 {"status":"bad","gid":"525838","msg":"添加失败！号码【1540484(-|-)】已存在！"}
2024-06-14 02:16:43 随机等待 100 秒，约 1 分钟
2024-06-14 02:16:43 下次操作: 2024-06-14 02:18:23

2024-06-14 02:18:23 开始第 592 次操作

2024-06-14 02:18:23 开始操作号码 【1540485】
2024-06-14 02:18:28 GSD getOne 第 1 次 等待 3 秒
2024-06-14 02:18:31 查询号码 【1540485】，返回信息 {"status":"ok","msg":"-","gid":"525847","time_insert":"2023-02-11 09:46"}
2024-06-14 02:18:31 查询号码 【1540485】，GSD为【"-"】
2024-06-14 02:18:31 ok && -
2024-06-14 02:18:33 CHB 1540485?1718302711 第 1 次 等待 3 秒
2024-06-14 02:18:36 CHB 1540485?1718302711 第 1 次 获取到号码【1540485】GSD
2024-06-14 02:18:36 未获取到号码【1540485】GSD，可能号码格式错误
2024-06-14 02:18:36 获取到号码【1540485】的GSD为【-】
2024-06-14 02:18:40 GSD insert 第 1 次 等待 3 秒
2024-06-14 02:18:43 {"status":"bad","gid":"525847","msg":"添加失败！号码【1540485(-|-)】已存在！"}

2024-06-14 02:37:15 开始第 593 次操作

2024-06-14 02:37:15 开始操作号码 【1540486】
2024-06-14 02:37:25 GSD getOne 第 1 次 等待 3 秒
2024-06-14 02:37:28 查询号码 【1540486】，返回信息 {"status":"ok","msg":"-","gid":"525859","time_insert":"2023-02-11 09:58"}
2024-06-14 02:37:28 查询号码 【1540486】，GSD为【"-"】
2024-06-14 02:37:28 ok && -
2024-06-14 02:37:29 CHB 1540486?1718303848 第 1 次 等待 3 秒
2024-06-14 02:37:32 CHB 1540486?1718303848 第 1 次 获取到号码【1540486】GSD
2024-06-14 02:37:33 未获取到号码【1540486】GSD，可能号码格式错误
2024-06-14 02:37:33 获取到号码【1540486】的GSD为【-】
2024-06-14 02:37:47 GSD insert 第 1 次 等待 3 秒
2024-06-14 02:37:50 {"status":"bad","gid":"525859","msg":"添加失败！号码【1540486(-|-)】已存在！"}
2024-06-14 02:37:50 随机等待 158 秒，约 2 分钟
2024-06-14 02:37:50 下次操作: 2024-06-14 02:40:28

2024-06-14 02:40:28 开始第 594 次操作

2024-06-14 02:40:28 开始操作号码 【1540487】
2024-06-14 02:40:34 GSD getOne 第 1 次 等待 3 秒
2024-06-14 02:40:37 查询号码 【1540487】，返回信息 {"status":"ok","msg":"-","gid":"525871","time_insert":"2023-02-11 10:09"}
2024-06-14 02:40:38 查询号码 【1540487】，GSD为【"-"】
2024-06-14 02:40:38 ok && -
2024-06-14 02:40:39 CHB 1540487?1718304038 第 1 次 等待 3 秒
2024-06-14 02:40:42 CHB 1540487?1718304038 第 1 次 获取到号码【1540487】GSD
2024-06-14 02:40:42 未获取到号码【1540487】GSD，可能号码格式错误
2024-06-14 02:40:42 获取到号码【1540487】的GSD为【-】
2024-06-14 02:40:48 GSD insert 第 1 次 等待 3 秒
2024-06-14 02:40:51 {"status":"bad","gid":"525871","msg":"添加失败！号码【1540487(-|-)】已存在！"}
2024-06-14 02:40:51 随机等待 83 秒，约 1 分钟
2024-06-14 02:40:51 下次操作: 2024-06-14 02:42:14

2024-06-14 02:42:15 开始第 595 次操作

2024-06-14 02:42:15 开始操作号码 【1540488】
2024-06-14 02:42:19 GSD getOne 第 1 次 等待 3 秒
2024-06-14 02:42:22 查询号码 【1540488】，返回信息 {"status":"ok","msg":"-","gid":"525882","time_insert":"2023-02-11 10:21"}
2024-06-14 02:42:22 查询号码 【1540488】，GSD为【"-"】
2024-06-14 02:42:22 ok && -
2024-06-14 02:42:24 CHB 1540488?1718304142 第 1 次 等待 3 秒
2024-06-14 02:42:27 CHB 1540488?1718304142 第 1 次 获取到号码【1540488】GSD
2024-06-14 02:42:27 未获取到号码【1540488】GSD，可能号码格式错误
2024-06-14 02:42:27 获取到号码【1540488】的GSD为【-】
2024-06-14 02:42:31 GSD insert 第 1 次 等待 3 秒
2024-06-14 02:42:34 {"status":"bad","gid":"525882","msg":"添加失败！号码【1540488(-|-)】已存在！"}
2024-06-14 02:42:34 随机等待 214 秒，约 3 分钟
2024-06-14 02:42:34 下次操作: 2024-06-14 02:46:08

2024-06-14 02:46:08 开始第 596 次操作

2024-06-14 02:46:08 开始操作号码 【1540489】
2024-06-14 02:46:15 GSD getOne 第 1 次 等待 3 秒
2024-06-14 02:46:18 查询号码 【1540489】，返回信息 {"status":"ok","msg":"-","gid":"525893","time_insert":"2023-02-11 10:31"}
2024-06-14 02:46:19 查询号码 【1540489】，GSD为【"-"】
2024-06-14 02:46:19 ok && -
2024-06-14 02:46:20 CHB 1540489?1718304379 第 1 次 等待 3 秒
2024-06-14 02:46:23 CHB 1540489?1718304379 第 1 次 获取到号码【1540489】GSD
2024-06-14 02:46:23 未获取到号码【1540489】GSD，可能号码格式错误
2024-06-14 02:46:23 获取到号码【1540489】的GSD为【-】
2024-06-14 02:46:30 GSD insert 第 1 次 等待 3 秒
2024-06-14 02:46:33 {"status":"bad","gid":"525893","msg":"添加失败！号码【1540489(-|-)】已存在！"}

2024-06-14 03:06:57 开始第 597 次操作

2024-06-14 03:06:57 开始操作号码 【1540490】
2024-06-14 03:07:04 GSD getOne 第 1 次 等待 3 秒
2024-06-14 03:07:07 查询号码 【1540490】，返回信息 {"status":"ok","msg":"-","gid":"525906","time_insert":"2023-02-11 10:44"}
2024-06-14 03:07:07 查询号码 【1540490】，GSD为【"-"】
2024-06-14 03:07:07 ok && -
2024-06-14 03:07:09 CHB 1540490?1718305627 第 1 次 等待 3 秒
2024-06-14 03:07:12 CHB 1540490?1718305627 第 1 次 获取到号码【1540490】GSD
2024-06-14 03:07:12 未获取到号码【1540490】GSD，可能号码格式错误
2024-06-14 03:07:12 获取到号码【1540490】的GSD为【-】
2024-06-14 03:07:18 GSD insert 第 1 次 等待 3 秒
2024-06-14 03:07:21 {"status":"bad","gid":"525906","msg":"添加失败！号码【1540490(-|-)】已存在！"}
2024-06-14 03:07:21 随机等待 180 秒，约 3 分钟
2024-06-14 03:07:21 下次操作: 2024-06-14 03:10:21

2024-06-14 03:10:21 开始第 598 次操作

2024-06-14 03:10:21 开始操作号码 【1540491】
2024-06-14 03:10:26 GSD getOne 第 1 次 等待 3 秒
2024-06-14 03:10:29 查询号码 【1540491】，返回信息 {"status":"ok","msg":"-","gid":"525917","time_insert":"2023-02-11 10:54"}
2024-06-14 03:10:29 查询号码 【1540491】，GSD为【"-"】
2024-06-14 03:10:29 ok && -
2024-06-14 03:10:31 CHB 1540491?1718305829 第 1 次 等待 3 秒
2024-06-14 03:10:34 CHB 1540491?1718305829 第 1 次 获取到号码【1540491】GSD
2024-06-14 03:10:34 未获取到号码【1540491】GSD，可能号码格式错误
2024-06-14 03:10:34 获取到号码【1540491】的GSD为【-】
2024-06-14 03:10:41 GSD insert 第 1 次 等待 3 秒
2024-06-14 03:10:44 {"status":"bad","gid":"525917","msg":"添加失败！号码【1540491(-|-)】已存在！"}
2024-06-14 03:10:44 随机等待 227 秒，约 3 分钟
2024-06-14 03:10:44 下次操作: 2024-06-14 03:14:31

2024-06-14 03:14:31 开始第 599 次操作

2024-06-14 03:14:31 开始操作号码 【1540492】
2024-06-14 03:14:42 GSD getOne 第 1 次 等待 3 秒
2024-06-14 03:14:45 查询号码 【1540492】，返回信息 {"status":"ok","msg":"-","gid":"525927","time_insert":"2023-02-11 11:05"}
2024-06-14 03:14:45 查询号码 【1540492】，GSD为【"-"】
2024-06-14 03:14:45 ok && -
2024-06-14 03:14:47 CHB 1540492?1718306085 第 1 次 等待 3 秒
2024-06-14 03:14:50 CHB 1540492?1718306085 第 1 次 获取到号码【1540492】GSD
2024-06-14 03:14:50 未获取到号码【1540492】GSD，可能号码格式错误
2024-06-14 03:14:50 获取到号码【1540492】的GSD为【-】
2024-06-14 03:15:07 GSD insert 第 1 次 等待 3 秒
2024-06-14 03:15:10 {"status":"bad","gid":"525927","msg":"添加失败！号码【1540492(-|-)】已存在！"}
2024-06-14 03:15:10 随机等待 90 秒，约 1 分钟
2024-06-14 03:15:10 下次操作: 2024-06-14 03:16:40

2024-06-14 03:16:40 开始第 600 次操作

2024-06-14 03:16:40 开始操作号码 【1540493】
2024-06-14 03:16:46 GSD getOne 第 1 次 等待 3 秒
2024-06-14 03:16:49 查询号码 【1540493】，返回信息 {"status":"ok","msg":"-","gid":"525941","time_insert":"2023-02-11 11:18"}
2024-06-14 03:16:49 查询号码 【1540493】，GSD为【"-"】
2024-06-14 03:16:49 ok && -
2024-06-14 03:16:51 CHB 1540493?1718306209 第 1 次 等待 3 秒
2024-06-14 03:16:54 CHB 1540493?1718306209 第 1 次 获取到号码【1540493】GSD
2024-06-14 03:16:54 未获取到号码【1540493】GSD，可能号码格式错误
2024-06-14 03:16:54 获取到号码【1540493】的GSD为【-】
2024-06-14 03:17:01 GSD insert 第 1 次 等待 3 秒
2024-06-14 03:17:04 {"status":"bad","gid":"525941","msg":"添加失败！号码【1540493(-|-)】已存在！"}

2024-06-14 03:32:12 开始第 601 次操作

2024-06-14 03:32:12 开始操作号码 【1540494】
2024-06-14 03:32:17 GSD getOne 第 1 次 等待 3 秒
2024-06-14 03:32:20 查询号码 【1540494】，返回信息 {"status":"ok","msg":"-","gid":"525956","time_insert":"2023-02-11 11:31"}
2024-06-14 03:32:20 查询号码 【1540494】，GSD为【"-"】
2024-06-14 03:32:20 ok && -
2024-06-14 03:32:22 CHB 1540494?1718307140 第 1 次 等待 3 秒
2024-06-14 03:32:25 CHB 1540494?1718307140 第 1 次 获取到号码【1540494】GSD
2024-06-14 03:32:25 未获取到号码【1540494】GSD，可能号码格式错误
2024-06-14 03:32:25 获取到号码【1540494】的GSD为【-】
2024-06-14 03:32:30 GSD insert 第 1 次 等待 3 秒
2024-06-14 03:32:33 {"status":"bad","gid":"525956","msg":"添加失败！号码【1540494(-|-)】已存在！"}
2024-06-14 03:32:33 随机等待 74 秒，约 1 分钟
2024-06-14 03:32:33 下次操作: 2024-06-14 03:33:47

2024-06-14 03:33:47 开始第 602 次操作

2024-06-14 03:33:47 开始操作号码 【1540495】
2024-06-14 03:33:52 GSD getOne 第 1 次 等待 3 秒
2024-06-14 03:33:55 查询号码 【1540495】，返回信息 {"status":"ok","msg":"-","gid":"525965","time_insert":"2023-02-11 11:41"}
2024-06-14 03:33:55 查询号码 【1540495】，GSD为【"-"】
2024-06-14 03:33:55 ok && -
2024-06-14 03:33:56 CHB 1540495?1718307235 第 1 次 等待 3 秒
2024-06-14 03:33:59 CHB 1540495?1718307235 第 1 次 获取到号码【1540495】GSD
2024-06-14 03:33:59 未获取到号码【1540495】GSD，可能号码格式错误
2024-06-14 03:33:59 获取到号码【1540495】的GSD为【-】
2024-06-14 03:34:04 GSD insert 第 1 次 等待 3 秒
2024-06-14 03:34:07 {"status":"bad","gid":"525965","msg":"添加失败！号码【1540495(-|-)】已存在！"}
2024-06-14 03:34:07 随机等待 197 秒，约 3 分钟
2024-06-14 03:34:07 下次操作: 2024-06-14 03:37:24

2024-06-14 03:37:24 开始第 603 次操作

2024-06-14 03:37:24 开始操作号码 【1540496】
2024-06-14 03:37:29 GSD getOne 第 1 次 等待 3 秒
2024-06-14 03:37:32 查询号码 【1540496】，返回信息 {"status":"ok","msg":"-","gid":"525975","time_insert":"2023-02-11 11:50"}
2024-06-14 03:37:32 查询号码 【1540496】，GSD为【"-"】
2024-06-14 03:37:32 ok && -
2024-06-14 03:37:34 CHB 1540496?1718307452 第 1 次 等待 3 秒
2024-06-14 03:37:37 CHB 1540496?1718307452 第 1 次 获取到号码【1540496】GSD
2024-06-14 03:37:37 未获取到号码【1540496】GSD，可能号码格式错误
2024-06-14 03:37:37 获取到号码【1540496】的GSD为【-】
2024-06-14 03:37:45 GSD insert 第 1 次 等待 3 秒
2024-06-14 03:37:48 {"status":"bad","gid":"525975","msg":"添加失败！号码【1540496(-|-)】已存在！"}
2024-06-14 03:37:48 随机等待 191 秒，约 3 分钟
2024-06-14 03:37:48 下次操作: 2024-06-14 03:40:59

2024-06-14 03:40:59 开始第 604 次操作

2024-06-14 03:40:59 开始操作号码 【1540497】
2024-06-14 03:41:05 GSD getOne 第 1 次 等待 3 秒
2024-06-14 03:41:08 查询号码 【1540497】，返回信息 {"status":"ok","msg":"-","gid":"525982","time_insert":"2023-02-11 11:59"}
2024-06-14 03:41:08 查询号码 【1540497】，GSD为【"-"】
2024-06-14 03:41:08 ok && -
2024-06-14 03:41:10 CHB 1540497?1718307668 第 1 次 等待 3 秒
2024-06-14 03:41:13 CHB 1540497?1718307668 第 1 次 获取到号码【1540497】GSD
2024-06-14 03:41:13 未获取到号码【1540497】GSD，可能号码格式错误
2024-06-14 03:41:13 获取到号码【1540497】的GSD为【-】
2024-06-14 03:41:18 GSD insert 第 1 次 等待 3 秒
2024-06-14 03:41:21 {"status":"bad","gid":"525982","msg":"添加失败！号码【1540497(-|-)】已存在！"}

2024-06-14 04:09:05 开始第 605 次操作

2024-06-14 04:09:05 开始操作号码 【1540498】
2024-06-14 04:09:10 GSD getOne 第 1 次 等待 3 秒
2024-06-14 04:09:13 查询号码 【1540498】，返回信息 {"status":"ok","msg":"-","gid":"525994","time_insert":"2023-02-11 12:11"}
2024-06-14 04:09:13 查询号码 【1540498】，GSD为【"-"】
2024-06-14 04:09:13 ok && -
2024-06-14 04:09:15 CHB 1540498?1718309353 第 1 次 等待 3 秒
2024-06-14 04:09:18 CHB 1540498?1718309353 第 1 次 获取到号码【1540498】GSD
2024-06-14 04:09:18 未获取到号码【1540498】GSD，可能号码格式错误
2024-06-14 04:09:18 获取到号码【1540498】的GSD为【-】
2024-06-14 04:09:22 GSD insert 第 1 次 等待 3 秒
2024-06-14 04:09:25 {"status":"bad","gid":"525994","msg":"添加失败！号码【1540498(-|-)】已存在！"}
2024-06-14 04:09:25 随机等待 115 秒，约 1 分钟
2024-06-14 04:09:25 下次操作: 2024-06-14 04:11:20

2024-06-14 04:11:20 开始第 606 次操作

2024-06-14 04:11:20 开始操作号码 【1540499】
2024-06-14 04:11:25 GSD getOne 第 1 次 等待 3 秒
2024-06-14 04:11:28 查询号码 【1540499】，返回信息 {"status":"ok","msg":"-","gid":"526004","time_insert":"2023-02-11 12:22"}
2024-06-14 04:11:28 查询号码 【1540499】，GSD为【"-"】
2024-06-14 04:11:28 ok && -
2024-06-14 04:11:30 CHB 1540499?1718309488 第 1 次 等待 3 秒
2024-06-14 04:11:33 CHB 1540499?1718309488 第 1 次 获取到号码【1540499】GSD
2024-06-14 04:11:33 未获取到号码【1540499】GSD，可能号码格式错误
2024-06-14 04:11:33 获取到号码【1540499】的GSD为【-】
2024-06-14 04:11:38 GSD insert 第 1 次 等待 3 秒
2024-06-14 04:11:41 {"status":"bad","gid":"526004","msg":"添加失败！号码【1540499(-|-)】已存在！"}
2024-06-14 04:11:41 随机等待 66 秒，约 1 分钟
2024-06-14 04:11:41 下次操作: 2024-06-14 04:12:47

2024-06-14 04:12:47 开始第 607 次操作

2024-06-14 04:12:47 开始操作号码 【1540500】
2024-06-14 04:12:53 GSD getOne 第 1 次 等待 3 秒
2024-06-14 04:12:56 查询号码 【1540500】，返回信息 {"status":"ok","msg":"-","gid":"526018","time_insert":"2023-02-11 12:35"}
2024-06-14 04:12:56 查询号码 【1540500】，GSD为【"-"】
2024-06-14 04:12:56 ok && -
2024-06-14 04:12:57 CHB 1540500?1718309576 第 1 次 等待 3 秒
2024-06-14 04:13:00 CHB 1540500?1718309576 第 1 次 获取到号码【1540500】GSD
2024-06-14 04:13:00 未获取到号码【1540500】GSD，可能号码格式错误
2024-06-14 04:13:00 获取到号码【1540500】的GSD为【-】
2024-06-14 04:13:05 GSD insert 第 1 次 等待 3 秒
2024-06-14 04:13:08 {"status":"bad","gid":"526018","msg":"添加失败！号码【1540500(-|-)】已存在！"}
2024-06-14 04:13:08 随机等待 131 秒，约 2 分钟
2024-06-14 04:13:08 下次操作: 2024-06-14 04:15:19

2024-06-14 04:15:19 开始第 608 次操作

2024-06-14 04:15:19 开始操作号码 【1540501】
2024-06-14 04:15:24 GSD getOne 第 1 次 等待 3 秒
2024-06-14 04:15:27 查询号码 【1540501】，返回信息 {"status":"ok","msg":"-","gid":"526029","time_insert":"2023-02-11 12:47"}
2024-06-14 04:15:27 查询号码 【1540501】，GSD为【"-"】
2024-06-14 04:15:27 ok && -
2024-06-14 04:15:28 CHB 1540501?1718309727 第 1 次 等待 3 秒
2024-06-14 04:15:31 CHB 1540501?1718309727 第 1 次 获取到号码【1540501】GSD
2024-06-14 04:15:31 未获取到号码【1540501】GSD，可能号码格式错误
2024-06-14 04:15:31 获取到号码【1540501】的GSD为【-】
2024-06-14 04:15:36 GSD insert 第 1 次 等待 3 秒
2024-06-14 04:15:39 {"status":"bad","gid":"526029","msg":"添加失败！号码【1540501(-|-)】已存在！"}

2024-06-14 04:33:16 开始第 609 次操作

2024-06-14 04:33:16 开始操作号码 【1540502】
2024-06-14 04:33:23 GSD getOne 第 1 次 等待 3 秒
2024-06-14 04:33:26 查询号码 【1540502】，返回信息 {"status":"ok","msg":"-","gid":"526042","time_insert":"2023-02-11 13:00"}
2024-06-14 04:33:26 查询号码 【1540502】，GSD为【"-"】
2024-06-14 04:33:26 ok && -
2024-06-14 04:33:28 CHB 1540502?1718310806 第 1 次 等待 3 秒
2024-06-14 04:33:31 CHB 1540502?1718310806 第 1 次 获取到号码【1540502】GSD
2024-06-14 04:33:31 未获取到号码【1540502】GSD，可能号码格式错误
2024-06-14 04:33:31 获取到号码【1540502】的GSD为【-】
2024-06-14 04:33:38 GSD insert 第 1 次 等待 3 秒
2024-06-14 04:33:41 {"status":"bad","gid":"526042","msg":"添加失败！号码【1540502(-|-)】已存在！"}
2024-06-14 04:33:41 随机等待 191 秒，约 3 分钟
2024-06-14 04:33:41 下次操作: 2024-06-14 04:36:52

2024-06-14 04:36:52 开始第 610 次操作

2024-06-14 04:36:52 开始操作号码 【1540503】
2024-06-14 04:36:57 GSD getOne 第 1 次 等待 3 秒
2024-06-14 04:37:00 查询号码 【1540503】，返回信息 {"status":"ok","msg":"-","gid":"526052","time_insert":"2023-02-11 13:08"}
2024-06-14 04:37:00 查询号码 【1540503】，GSD为【"-"】
2024-06-14 04:37:00 ok && -
2024-06-14 04:37:02 CHB 1540503?1718311020 第 1 次 等待 3 秒
2024-06-14 04:37:05 CHB 1540503?1718311020 第 1 次 获取到号码【1540503】GSD
2024-06-14 04:37:05 未获取到号码【1540503】GSD，可能号码格式错误
2024-06-14 04:37:05 获取到号码【1540503】的GSD为【-】
2024-06-14 04:37:10 GSD insert 第 1 次 等待 3 秒
2024-06-14 04:37:13 {"status":"bad","gid":"526052","msg":"添加失败！号码【1540503(-|-)】已存在！"}
2024-06-14 04:37:13 随机等待 167 秒，约 2 分钟
2024-06-14 04:37:13 下次操作: 2024-06-14 04:40:00

2024-06-14 04:40:00 开始第 611 次操作

2024-06-14 04:40:00 开始操作号码 【1540504】
2024-06-14 04:40:05 GSD getOne 第 1 次 等待 3 秒
2024-06-14 04:40:08 查询号码 【1540504】，返回信息 {"status":"ok","msg":"-","gid":"526061","time_insert":"2023-02-11 13:17"}
2024-06-14 04:40:08 查询号码 【1540504】，GSD为【"-"】
2024-06-14 04:40:08 ok && -
2024-06-14 04:40:10 CHB 1540504?1718311208 第 1 次 等待 3 秒
2024-06-14 04:40:13 CHB 1540504?1718311208 第 1 次 获取到号码【1540504】GSD
2024-06-14 04:40:13 未获取到号码【1540504】GSD，可能号码格式错误
2024-06-14 04:40:13 获取到号码【1540504】的GSD为【-】
2024-06-14 04:40:18 GSD insert 第 1 次 等待 3 秒
2024-06-14 04:40:21 {"status":"bad","gid":"526061","msg":"添加失败！号码【1540504(-|-)】已存在！"}
2024-06-14 04:40:21 随机等待 200 秒，约 3 分钟
2024-06-14 04:40:21 下次操作: 2024-06-14 04:43:41

2024-06-14 04:43:41 开始第 612 次操作

2024-06-14 04:43:41 开始操作号码 【1540505】
2024-06-14 04:43:49 GSD getOne 第 1 次 等待 3 秒
2024-06-14 04:43:52 查询号码 【1540505】，返回信息 {"status":"ok","msg":"-","gid":"526071","time_insert":"2023-02-11 13:28"}
2024-06-14 04:43:52 查询号码 【1540505】，GSD为【"-"】
2024-06-14 04:43:52 ok && -
2024-06-14 04:43:54 CHB 1540505?1718311432 第 1 次 等待 3 秒
2024-06-14 04:43:57 CHB 1540505?1718311432 第 1 次 获取到号码【1540505】GSD
2024-06-14 04:43:57 未获取到号码【1540505】GSD，可能号码格式错误
2024-06-14 04:43:57 获取到号码【1540505】的GSD为【-】
2024-06-14 04:44:02 GSD insert 第 1 次 等待 3 秒
2024-06-14 04:44:05 {"status":"bad","gid":"526071","msg":"添加失败！号码【1540505(-|-)】已存在！"}

2024-06-14 05:08:56 开始第 613 次操作

2024-06-14 05:08:56 开始操作号码 【1540506】
2024-06-14 05:09:02 GSD getOne 第 1 次 等待 3 秒
2024-06-14 05:09:05 查询号码 【1540506】，返回信息 {"status":"ok","msg":"-","gid":"526086","time_insert":"2023-02-11 13:40"}
2024-06-14 05:09:05 查询号码 【1540506】，GSD为【"-"】
2024-06-14 05:09:05 ok && -
2024-06-14 05:09:07 CHB 1540506?1718312945 第 1 次 等待 3 秒
2024-06-14 05:09:10 CHB 1540506?1718312945 第 1 次 获取到号码【1540506】GSD
2024-06-14 05:09:10 未获取到号码【1540506】GSD，可能号码格式错误
2024-06-14 05:09:10 获取到号码【1540506】的GSD为【-】
2024-06-14 05:09:15 GSD insert 第 1 次 等待 3 秒
2024-06-14 05:09:18 {"status":"bad","gid":"526086","msg":"添加失败！号码【1540506(-|-)】已存在！"}
2024-06-14 05:09:18 随机等待 186 秒，约 3 分钟
2024-06-14 05:09:18 下次操作: 2024-06-14 05:12:24

2024-06-14 05:12:24 开始第 614 次操作

2024-06-14 05:12:24 开始操作号码 【1540507】
2024-06-14 05:12:31 GSD getOne 第 1 次 等待 3 秒
2024-06-14 05:12:34 查询号码 【1540507】，返回信息 {"status":"ok","msg":"-","gid":"526096","time_insert":"2023-02-11 13:53"}
2024-06-14 05:12:34 查询号码 【1540507】，GSD为【"-"】
2024-06-14 05:12:34 ok && -
2024-06-14 05:12:36 CHB 1540507?1718313154 第 1 次 等待 3 秒
2024-06-14 05:12:39 CHB 1540507?1718313154 第 1 次 获取到号码【1540507】GSD
2024-06-14 05:12:39 未获取到号码【1540507】GSD，可能号码格式错误
2024-06-14 05:12:39 获取到号码【1540507】的GSD为【-】
2024-06-14 05:12:45 GSD insert 第 1 次 等待 3 秒
2024-06-14 05:12:48 {"status":"bad","gid":"526096","msg":"添加失败！号码【1540507(-|-)】已存在！"}
2024-06-14 05:12:48 随机等待 67 秒，约 1 分钟
2024-06-14 05:12:48 下次操作: 2024-06-14 05:13:55

2024-06-14 05:13:55 开始第 615 次操作

2024-06-14 05:13:55 开始操作号码 【1540508】
2024-06-14 05:14:00 GSD getOne 第 1 次 等待 3 秒
2024-06-14 05:14:03 查询号码 【1540508】，返回信息 {"status":"ok","msg":"-","gid":"526110","time_insert":"2023-02-11 14:06"}
2024-06-14 05:14:03 查询号码 【1540508】，GSD为【"-"】
2024-06-14 05:14:03 ok && -
2024-06-14 05:14:05 CHB 1540508?1718313243 第 1 次 等待 3 秒
2024-06-14 05:14:08 CHB 1540508?1718313243 第 1 次 获取到号码【1540508】GSD
2024-06-14 05:14:08 未获取到号码【1540508】GSD，可能号码格式错误
2024-06-14 05:14:08 获取到号码【1540508】的GSD为【-】
2024-06-14 05:14:13 GSD insert 第 1 次 等待 3 秒
2024-06-14 05:14:16 {"status":"bad","gid":"526110","msg":"添加失败！号码【1540508(-|-)】已存在！"}
2024-06-14 05:14:16 随机等待 117 秒，约 1 分钟
2024-06-14 05:14:16 下次操作: 2024-06-14 05:16:13

2024-06-14 05:16:13 开始第 616 次操作

2024-06-14 05:16:13 开始操作号码 【1540509】
2024-06-14 05:16:19 GSD getOne 第 1 次 等待 3 秒
2024-06-14 05:16:22 查询号码 【1540509】，返回信息 {"status":"ok","msg":"-","gid":"526120","time_insert":"2023-02-11 14:15"}
2024-06-14 05:16:22 查询号码 【1540509】，GSD为【"-"】
2024-06-14 05:16:22 ok && -
2024-06-14 05:16:24 CHB 1540509?1718313382 第 1 次 等待 3 秒
2024-06-14 05:16:27 CHB 1540509?1718313382 第 1 次 获取到号码【1540509】GSD
2024-06-14 05:16:27 未获取到号码【1540509】GSD，可能号码格式错误
2024-06-14 05:16:27 获取到号码【1540509】的GSD为【-】
2024-06-14 05:16:33 GSD insert 第 1 次 等待 3 秒
2024-06-14 05:16:36 {"status":"bad","gid":"526120","msg":"添加失败！号码【1540509(-|-)】已存在！"}

2024-06-14 05:32:26 开始第 617 次操作

2024-06-14 05:32:26 开始操作号码 【1540510】
2024-06-14 05:32:33 GSD getOne 第 1 次 等待 3 秒
2024-06-14 05:32:36 查询号码 【1540510】，返回信息 {"status":"ok","msg":"-","gid":"526128","time_insert":"2023-02-11 14:24"}
2024-06-14 05:32:36 查询号码 【1540510】，GSD为【"-"】
2024-06-14 05:32:36 ok && -
2024-06-14 05:32:38 CHB 1540510?1718314356 第 1 次 等待 3 秒
2024-06-14 05:32:41 CHB 1540510?1718314356 第 1 次 获取到号码【1540510】GSD
2024-06-14 05:32:41 未获取到号码【1540510】GSD，可能号码格式错误
2024-06-14 05:32:41 获取到号码【1540510】的GSD为【-】
2024-06-14 05:32:47 GSD insert 第 1 次 等待 3 秒
2024-06-14 05:32:50 {"status":"bad","gid":"526128","msg":"添加失败！号码【1540510(-|-)】已存在！"}
2024-06-14 05:32:50 随机等待 150 秒，约 2 分钟
2024-06-14 05:32:50 下次操作: 2024-06-14 05:35:20

2024-06-14 05:35:20 开始第 618 次操作

2024-06-14 05:35:20 开始操作号码 【1540511】
2024-06-14 05:35:25 GSD getOne 第 1 次 等待 3 秒
2024-06-14 05:35:28 查询号码 【1540511】，返回信息 {"status":"ok","msg":"-","gid":"526138","time_insert":"2023-02-11 14:34"}
2024-06-14 05:35:28 查询号码 【1540511】，GSD为【"-"】
2024-06-14 05:35:28 ok && -
2024-06-14 05:35:30 CHB 1540511?1718314528 第 1 次 等待 3 秒
2024-06-14 05:35:33 CHB 1540511?1718314528 第 1 次 获取到号码【1540511】GSD
2024-06-14 05:35:33 未获取到号码【1540511】GSD，可能号码格式错误
2024-06-14 05:35:33 获取到号码【1540511】的GSD为【-】
2024-06-14 05:35:38 GSD insert 第 1 次 等待 3 秒
2024-06-14 05:35:41 {"status":"bad","gid":"526138","msg":"添加失败！号码【1540511(-|-)】已存在！"}
2024-06-14 05:35:41 随机等待 218 秒，约 3 分钟
2024-06-14 05:35:41 下次操作: 2024-06-14 05:39:19

2024-06-14 05:39:19 开始第 619 次操作

2024-06-14 05:39:19 开始操作号码 【1540512】
2024-06-14 05:39:26 GSD getOne 第 1 次 等待 3 秒
2024-06-14 05:39:29 查询号码 【1540512】，返回信息 {"status":"ok","msg":"-","gid":"526150","time_insert":"2023-02-11 14:46"}
2024-06-14 05:39:29 查询号码 【1540512】，GSD为【"-"】
2024-06-14 05:39:29 ok && -
2024-06-14 05:39:31 CHB 1540512?1718314769 第 1 次 等待 3 秒
2024-06-14 05:39:34 CHB 1540512?1718314769 第 1 次 获取到号码【1540512】GSD
2024-06-14 05:39:34 未获取到号码【1540512】GSD，可能号码格式错误
2024-06-14 05:39:34 获取到号码【1540512】的GSD为【-】
2024-06-14 05:39:39 GSD insert 第 1 次 等待 3 秒
2024-06-14 05:39:42 {"status":"bad","gid":"526150","msg":"添加失败！号码【1540512(-|-)】已存在！"}
2024-06-14 05:39:42 随机等待 187 秒，约 3 分钟
2024-06-14 05:39:42 下次操作: 2024-06-14 05:42:49

2024-06-14 05:42:49 开始第 620 次操作

2024-06-14 05:42:49 开始操作号码 【1540513】
2024-06-14 05:42:56 GSD getOne 第 1 次 等待 3 秒
2024-06-14 05:42:59 查询号码 【1540513】，返回信息 {"status":"ok","msg":"-","gid":"526161","time_insert":"2023-02-11 14:57"}
2024-06-14 05:42:59 查询号码 【1540513】，GSD为【"-"】
2024-06-14 05:42:59 ok && -
2024-06-14 05:43:01 CHB 1540513?1718314979 第 1 次 等待 3 秒
2024-06-14 05:43:04 CHB 1540513?1718314979 第 1 次 获取到号码【1540513】GSD
2024-06-14 05:43:04 未获取到号码【1540513】GSD，可能号码格式错误
2024-06-14 05:43:04 获取到号码【1540513】的GSD为【-】
2024-06-14 05:43:11 GSD insert 第 1 次 等待 3 秒
2024-06-14 05:43:14 {"status":"bad","gid":"526161","msg":"添加失败！号码【1540513(-|-)】已存在！"}

2024-06-14 06:08:40 开始第 621 次操作

2024-06-14 06:08:40 开始操作号码 【1540514】
2024-06-14 06:08:46 GSD getOne 第 1 次 等待 3 秒
2024-06-14 06:08:49 查询号码 【1540514】，返回信息 {"status":"ok","msg":"-","gid":"526170","time_insert":"2023-02-11 15:08"}
2024-06-14 06:08:49 查询号码 【1540514】，GSD为【"-"】
2024-06-14 06:08:49 ok && -
2024-06-14 06:08:52 CHB 1540514?1718316529 第 1 次 等待 3 秒
2024-06-14 06:08:55 CHB 1540514?1718316529 第 1 次 获取到号码【1540514】GSD
2024-06-14 06:08:55 未获取到号码【1540514】GSD，可能号码格式错误
2024-06-14 06:08:55 获取到号码【1540514】的GSD为【-】
2024-06-14 06:09:00 GSD insert 第 1 次 等待 3 秒
2024-06-14 06:09:03 {"status":"bad","gid":"526170","msg":"添加失败！号码【1540514(-|-)】已存在！"}
2024-06-14 06:09:03 随机等待 168 秒，约 2 分钟
2024-06-14 06:09:03 下次操作: 2024-06-14 06:11:51

2024-06-14 06:11:51 开始第 622 次操作

2024-06-14 06:11:51 开始操作号码 【1540515】
2024-06-14 06:11:59 GSD getOne 第 1 次 等待 3 秒
2024-06-14 06:12:02 查询号码 【1540515】，返回信息 {"status":"ok","msg":"-","gid":"526178","time_insert":"2023-02-11 15:17"}
2024-06-14 06:12:02 查询号码 【1540515】，GSD为【"-"】
2024-06-14 06:12:02 ok && -
2024-06-14 06:12:04 CHB 1540515?1718316722 第 1 次 等待 3 秒
2024-06-14 06:12:07 CHB 1540515?1718316722 第 1 次 获取到号码【1540515】GSD
2024-06-14 06:12:07 未获取到号码【1540515】GSD，可能号码格式错误
2024-06-14 06:12:07 获取到号码【1540515】的GSD为【-】
2024-06-14 06:12:12 GSD insert 第 1 次 等待 3 秒
2024-06-14 06:12:15 {"status":"bad","gid":"526178","msg":"添加失败！号码【1540515(-|-)】已存在！"}
2024-06-14 06:12:15 随机等待 205 秒，约 3 分钟
2024-06-14 06:12:15 下次操作: 2024-06-14 06:15:40

2024-06-14 06:15:40 开始第 623 次操作

2024-06-14 06:15:40 开始操作号码 【1540516】
2024-06-14 06:15:45 GSD getOne 第 1 次 等待 3 秒
2024-06-14 06:15:48 查询号码 【1540516】，返回信息 {"status":"ok","msg":"-","gid":"526189","time_insert":"2023-02-11 15:26"}
2024-06-14 06:15:48 查询号码 【1540516】，GSD为【"-"】
2024-06-14 06:15:48 ok && -
2024-06-14 06:15:50 CHB 1540516?1718316948 第 1 次 等待 3 秒
2024-06-14 06:15:53 CHB 1540516?1718316948 第 1 次 获取到号码【1540516】GSD
2024-06-14 06:15:53 未获取到号码【1540516】GSD，可能号码格式错误
2024-06-14 06:15:53 获取到号码【1540516】的GSD为【-】
2024-06-14 06:15:58 GSD insert 第 1 次 等待 3 秒
2024-06-14 06:16:01 {"status":"bad","gid":"526189","msg":"添加失败！号码【1540516(-|-)】已存在！"}
2024-06-14 06:16:01 随机等待 168 秒，约 2 分钟
2024-06-14 06:16:01 下次操作: 2024-06-14 06:18:49

2024-06-14 06:18:49 开始第 624 次操作

2024-06-14 06:18:49 开始操作号码 【1540517】
2024-06-14 06:18:57 GSD getOne 第 1 次 等待 3 秒
2024-06-14 06:19:00 查询号码 【1540517】，返回信息 {"status":"ok","msg":"-","gid":"526200","time_insert":"2023-02-11 15:37"}
2024-06-14 06:19:00 查询号码 【1540517】，GSD为【"-"】
2024-06-14 06:19:00 ok && -
2024-06-14 06:19:02 CHB 1540517?1718317140 第 1 次 等待 3 秒
2024-06-14 06:19:05 CHB 1540517?1718317140 第 1 次 获取到号码【1540517】GSD
2024-06-14 06:19:05 未获取到号码【1540517】GSD，可能号码格式错误
2024-06-14 06:19:05 获取到号码【1540517】的GSD为【-】
2024-06-14 06:19:13 GSD insert 第 1 次 等待 3 秒
2024-06-14 06:19:16 {"status":"bad","gid":"526200","msg":"添加失败！号码【1540517(-|-)】已存在！"}

2024-06-14 06:33:10 开始第 625 次操作

2024-06-14 06:33:10 开始操作号码 【1540518】
2024-06-14 06:33:15 GSD getOne 第 1 次 等待 3 秒
2024-06-14 06:33:18 查询号码 【1540518】，返回信息 {"status":"ok","msg":"-","gid":"526209","time_insert":"2023-02-11 15:47"}
2024-06-14 06:33:18 查询号码 【1540518】，GSD为【"-"】
2024-06-14 06:33:18 ok && -
2024-06-14 06:33:19 CHB 1540518?1718317998 第 1 次 等待 3 秒
2024-06-14 06:33:22 CHB 1540518?1718317998 第 1 次 获取到号码【1540518】GSD
2024-06-14 06:33:22 未获取到号码【1540518】GSD，可能号码格式错误
2024-06-14 06:33:22 获取到号码【1540518】的GSD为【-】
2024-06-14 06:33:29 GSD insert 第 1 次 等待 3 秒
2024-06-14 06:33:32 {"status":"bad","gid":"526209","msg":"添加失败！号码【1540518(-|-)】已存在！"}
2024-06-14 06:33:32 随机等待 115 秒，约 1 分钟
2024-06-14 06:33:32 下次操作: 2024-06-14 06:35:27

2024-06-14 06:35:27 开始第 626 次操作

2024-06-14 06:35:27 开始操作号码 【1540519】
2024-06-14 06:35:33 GSD getOne 第 1 次 等待 3 秒
2024-06-14 06:35:36 查询号码 【1540519】，返回信息 {"status":"ok","msg":"-","gid":"526213","time_insert":"2023-02-11 15:56"}
2024-06-14 06:35:36 查询号码 【1540519】，GSD为【"-"】
2024-06-14 06:35:36 ok && -
2024-06-14 06:35:38 CHB 1540519?1718318136 第 1 次 等待 3 秒
2024-06-14 06:35:41 CHB 1540519?1718318136 第 1 次 获取到号码【1540519】GSD
2024-06-14 06:35:41 未获取到号码【1540519】GSD，可能号码格式错误
2024-06-14 06:35:41 获取到号码【1540519】的GSD为【-】
2024-06-14 06:35:46 GSD insert 第 1 次 等待 3 秒
2024-06-14 06:35:49 {"status":"bad","gid":"526213","msg":"添加失败！号码【1540519(-|-)】已存在！"}
2024-06-14 06:35:49 随机等待 81 秒，约 1 分钟
2024-06-14 06:35:49 下次操作: 2024-06-14 06:37:10

2024-06-14 06:37:10 开始第 627 次操作

2024-06-14 06:37:10 开始操作号码 【1540520】
2024-06-14 06:37:17 GSD getOne 第 1 次 等待 3 秒
2024-06-14 06:37:20 查询号码 【1540520】，返回信息 {"status":"ok","msg":"-","gid":"526224","time_insert":"2023-02-11 16:06"}
2024-06-14 06:37:20 查询号码 【1540520】，GSD为【"-"】
2024-06-14 06:37:20 ok && -
2024-06-14 06:37:21 CHB 1540520?1718318240 第 1 次 等待 3 秒
2024-06-14 06:37:24 CHB 1540520?1718318240 第 1 次 获取到号码【1540520】GSD
2024-06-14 06:37:24 未获取到号码【1540520】GSD，可能号码格式错误
2024-06-14 06:37:24 获取到号码【1540520】的GSD为【-】
2024-06-14 06:37:31 GSD insert 第 1 次 等待 3 秒
2024-06-14 06:37:34 {"status":"bad","gid":"526224","msg":"添加失败！号码【1540520(-|-)】已存在！"}
2024-06-14 06:37:34 随机等待 108 秒，约 1 分钟
2024-06-14 06:37:34 下次操作: 2024-06-14 06:39:22

2024-06-14 06:39:22 开始第 628 次操作

2024-06-14 06:39:22 开始操作号码 【1540521】
2024-06-14 06:39:26 GSD getOne 第 1 次 等待 3 秒
2024-06-14 06:39:29 查询号码 【1540521】，返回信息 {"status":"ok","msg":"-","gid":"526236","time_insert":"2023-02-11 16:17"}
2024-06-14 06:39:29 查询号码 【1540521】，GSD为【"-"】
2024-06-14 06:39:29 ok && -
2024-06-14 06:39:31 CHB 1540521?1718318369 第 1 次 等待 3 秒
2024-06-14 06:39:34 CHB 1540521?1718318369 第 1 次 获取到号码【1540521】GSD
2024-06-14 06:39:34 未获取到号码【1540521】GSD，可能号码格式错误
2024-06-14 06:39:34 获取到号码【1540521】的GSD为【-】
2024-06-14 06:39:39 GSD insert 第 1 次 等待 3 秒
2024-06-14 06:39:42 {"status":"bad","gid":"526236","msg":"添加失败！号码【1540521(-|-)】已存在！"}

2024-06-14 07:09:05 开始第 629 次操作

2024-06-14 07:09:05 开始操作号码 【1540522】
2024-06-14 07:09:11 GSD getOne 第 1 次 等待 3 秒
2024-06-14 07:09:14 查询号码 【1540522】，返回信息 {"status":"ok","msg":"-","gid":"526248","time_insert":"2023-02-11 16:30"}
2024-06-14 07:09:14 查询号码 【1540522】，GSD为【"-"】
2024-06-14 07:09:14 ok && -
2024-06-14 07:09:16 CHB 1540522?1718320154 第 1 次 等待 3 秒
2024-06-14 07:09:19 CHB 1540522?1718320154 第 1 次 获取到号码【1540522】GSD
2024-06-14 07:09:19 未获取到号码【1540522】GSD，可能号码格式错误
2024-06-14 07:09:19 获取到号码【1540522】的GSD为【-】
2024-06-14 07:09:24 GSD insert 第 1 次 等待 3 秒
2024-06-14 07:09:27 {"status":"bad","gid":"526248","msg":"添加失败！号码【1540522(-|-)】已存在！"}
2024-06-14 07:09:27 随机等待 155 秒，约 2 分钟
2024-06-14 07:09:27 下次操作: 2024-06-14 07:12:02

2024-06-14 07:12:02 开始第 630 次操作

2024-06-14 07:12:02 开始操作号码 【1540523】
2024-06-14 07:12:19 GSD getOne 第 1 次 等待 3 秒
2024-06-14 07:12:22 查询号码 【1540523】，返回信息 {"status":"ok","msg":"-","gid":"526260","time_insert":"2023-02-11 16:42"}
2024-06-14 07:12:22 查询号码 【1540523】，GSD为【"-"】
2024-06-14 07:12:22 ok && -
2024-06-14 07:12:24 CHB 1540523?1718320342 第 1 次 等待 3 秒
2024-06-14 07:12:27 CHB 1540523?1718320342 第 1 次 获取到号码【1540523】GSD
2024-06-14 07:12:27 未获取到号码【1540523】GSD，可能号码格式错误
2024-06-14 07:12:27 获取到号码【1540523】的GSD为【-】
2024-06-14 07:12:34 GSD insert 第 1 次 等待 3 秒
2024-06-14 07:12:37 {"status":"bad","gid":"526260","msg":"添加失败！号码【1540523(-|-)】已存在！"}
2024-06-14 07:12:37 随机等待 179 秒，约 2 分钟
2024-06-14 07:12:37 下次操作: 2024-06-14 07:15:36

2024-06-14 07:15:36 开始第 631 次操作

2024-06-14 07:15:36 开始操作号码 【1540524】
2024-06-14 07:15:41 GSD getOne 第 1 次 等待 3 秒
2024-06-14 07:15:44 查询号码 【1540524】，返回信息 {"status":"ok","msg":"-","gid":"526272","time_insert":"2023-02-11 16:54"}
2024-06-14 07:15:44 查询号码 【1540524】，GSD为【"-"】
2024-06-14 07:15:44 ok && -
2024-06-14 07:15:46 CHB 1540524?1718320544 第 1 次 等待 3 秒
2024-06-14 07:15:49 CHB 1540524?1718320544 第 1 次 获取到号码【1540524】GSD
2024-06-14 07:15:49 未获取到号码【1540524】GSD，可能号码格式错误
2024-06-14 07:15:49 获取到号码【1540524】的GSD为【-】
2024-06-14 07:15:56 GSD insert 第 1 次 等待 3 秒
2024-06-14 07:15:59 {"status":"bad","gid":"526272","msg":"添加失败！号码【1540524(-|-)】已存在！"}
2024-06-14 07:15:59 随机等待 184 秒，约 3 分钟
2024-06-14 07:15:59 下次操作: 2024-06-14 07:19:03

2024-06-14 07:19:03 开始第 632 次操作

2024-06-14 07:19:03 开始操作号码 【1540525】
2024-06-14 07:19:10 GSD getOne 第 1 次 等待 3 秒
2024-06-14 07:19:13 查询号码 【1540525】，返回信息 {"status":"ok","msg":"-","gid":"526283","time_insert":"2023-02-11 17:07"}
2024-06-14 07:19:13 查询号码 【1540525】，GSD为【"-"】
2024-06-14 07:19:13 ok && -
2024-06-14 07:19:15 CHB 1540525?1718320753 第 1 次 等待 3 秒
2024-06-14 07:19:18 CHB 1540525?1718320753 第 1 次 获取到号码【1540525】GSD
2024-06-14 07:19:18 未获取到号码【1540525】GSD，可能号码格式错误
2024-06-14 07:19:18 获取到号码【1540525】的GSD为【-】
2024-06-14 07:19:25 GSD insert 第 1 次 等待 3 秒
2024-06-14 07:19:28 {"status":"bad","gid":"526283","msg":"添加失败！号码【1540525(-|-)】已存在！"}

