2024-03-02 00:08:55 开始第 6781 次操作

2024-03-02 00:08:55 开始操作号码 【1766681】
2024-03-02 00:09:02 GSD getOne 第 1 次 等待 3 秒
2024-03-02 00:09:05 查询号码 【1766681】，返回信息 {"status":"ok","msg":"广东-广州","gid":"174360","time_insert":"2021-07-02 13:58"}
2024-03-02 00:09:05 查询号码 【1766681】，GSD为【"广东-广州"】

2024-03-02 00:09:06 开始第 6782 次操作

2024-03-02 00:09:06 开始操作号码 【1766682】
2024-03-02 00:09:12 GSD getOne 第 1 次 等待 3 秒
2024-03-02 00:09:15 查询号码 【1766682】，返回信息 {"status":"ok","msg":"广东-广州","gid":"174355","time_insert":"2021-07-02 13:57"}
2024-03-02 00:09:15 查询号码 【1766682】，GSD为【"广东-广州"】

2024-03-02 00:09:16 开始第 6783 次操作

2024-03-02 00:09:16 开始操作号码 【1766683】
2024-03-02 00:09:21 GSD getOne 第 1 次 等待 3 秒
2024-03-02 00:09:24 查询号码 【1766683】，返回信息 {"status":"ok","msg":"广东-广州","gid":"174350","time_insert":"2021-07-02 13:56"}
2024-03-02 00:09:24 查询号码 【1766683】，GSD为【"广东-广州"】

2024-03-02 00:09:25 开始第 6784 次操作

2024-03-02 00:09:25 开始操作号码 【1766684】
2024-03-02 00:09:31 GSD getOne 第 1 次 等待 3 秒
2024-03-02 00:09:34 查询号码 【1766684】，返回信息 {"status":"ok","msg":"广东-广州","gid":"174344","time_insert":"2021-07-02 13:55"}
2024-03-02 00:09:34 查询号码 【1766684】，GSD为【"广东-广州"】

