2024-03-06 00:09:01 开始第 7469 次操作

2024-03-06 00:09:01 开始操作号码 【1767369】
2024-03-06 00:09:05 GSD getOne 第 1 次 等待 3 秒
2024-03-06 00:09:08 查询号码 【1767369】，返回信息 {"status":"ok","msg":"湖南-长沙","gid":"166902","time_insert":"2021-07-01 13:46"}
2024-03-06 00:09:08 查询号码 【1767369】，GSD为【"湖南-长沙"】

2024-03-06 00:09:09 开始第 7470 次操作

2024-03-06 00:09:09 开始操作号码 【1767370】
2024-03-06 00:09:14 GSD getOne 第 1 次 等待 3 秒
2024-03-06 00:09:17 查询号码 【1767370】，返回信息 {"status":"ok","msg":"湖南-郴州","gid":"166891","time_insert":"2021-07-01 13:45"}
2024-03-06 00:09:17 查询号码 【1767370】，GSD为【"湖南-郴州"】

2024-03-06 00:09:18 开始第 7471 次操作

2024-03-06 00:09:18 开始操作号码 【1767371】
2024-03-06 00:09:22 GSD getOne 第 1 次 等待 3 秒
2024-03-06 00:09:25 查询号码 【1767371】，返回信息 {"status":"ok","msg":"湖南-郴州","gid":"166879","time_insert":"2021-07-01 13:45"}
2024-03-06 00:09:25 查询号码 【1767371】，GSD为【"湖南-郴州"】

2024-03-06 00:09:26 开始第 7472 次操作

2024-03-06 00:09:26 开始操作号码 【1767372】
2024-03-06 00:09:30 GSD getOne 第 1 次 等待 3 秒
2024-03-06 00:09:33 查询号码 【1767372】，返回信息 {"status":"ok","msg":"湖南-郴州","gid":"166869","time_insert":"2021-07-01 13:44"}
2024-03-06 00:09:33 查询号码 【1767372】，GSD为【"湖南-郴州"】

