2024-06-26 00:10:52 开始第 2769 次操作

2024-06-26 00:10:52 开始操作号码 【1542655】
2024-06-26 00:11:21 GSD getOne 第 1 次 等待 3 秒
2024-06-26 00:11:24 查询号码 【1542655】，返回信息 {"status":"ok","msg":"-","gid":"566777","time_insert":"2023-03-03 07:32"}
2024-06-26 00:11:24 查询号码 【1542655】，GSD为【"-"】
2024-06-26 00:11:24 ok && -
2024-06-26 00:11:26 CHB 1542655?1719331884 第 1 次 等待 3 秒
2024-06-26 00:11:29 CHB 1542655?1719331884 第 1 次 获取到号码【1542655】GSD
2024-06-26 00:11:29 未获取到号码【1542655】GSD，可能号码格式错误
2024-06-26 00:11:29 获取到号码【1542655】的GSD为【-】
2024-06-26 00:11:47 GSD insert 第 1 次 等待 3 秒
2024-06-26 00:11:50 {"status":"bad","gid":"566777","msg":"添加失败！号码【1542655(-|-)】已存在！"}
2024-06-26 00:11:50 随机等待 147 秒，约 2 分钟
2024-06-26 00:11:50 下次操作: 2024-06-26 00:14:17

2024-06-26 00:14:17 开始第 2770 次操作

2024-06-26 00:14:17 开始操作号码 【1542656】
2024-06-26 00:14:37 GSD getOne 第 1 次 等待 3 秒
2024-06-26 00:14:40 查询号码 【1542656】，返回信息 {"status":"ok","msg":"-","gid":"566796","time_insert":"2023-03-03 07:46"}
2024-06-26 00:14:40 查询号码 【1542656】，GSD为【"-"】
2024-06-26 00:14:40 ok && -
2024-06-26 00:14:44 CHB 1542656?1719332080 第 1 次 等待 3 秒
2024-06-26 00:14:47 CHB 1542656?1719332080 第 1 次 获取到号码【1542656】GSD
2024-06-26 00:14:47 未获取到号码【1542656】GSD，可能号码格式错误
2024-06-26 00:14:47 获取到号码【1542656】的GSD为【-】
2024-06-26 00:15:02 GSD insert 第 1 次 等待 3 秒
2024-06-26 00:15:05 {"status":"bad","gid":"566796","msg":"添加失败！号码【1542656(-|-)】已存在！"}
2024-06-26 00:15:05 随机等待 85 秒，约 1 分钟
2024-06-26 00:15:05 下次操作: 2024-06-26 00:16:30

2024-06-26 00:16:30 开始第 2771 次操作

2024-06-26 00:16:30 开始操作号码 【1542657】
2024-06-26 00:16:45 GSD getOne 第 1 次 等待 3 秒
2024-06-26 00:16:48 查询号码 【1542657】，返回信息 {"status":"ok","msg":"-","gid":"566802","time_insert":"2023-03-03 07:55"}
2024-06-26 00:16:48 查询号码 【1542657】，GSD为【"-"】
2024-06-26 00:16:48 ok && -
2024-06-26 00:16:51 CHB 1542657?1719332208 第 1 次 等待 3 秒
2024-06-26 00:16:54 CHB 1542657?1719332208 第 1 次 获取到号码【1542657】GSD
2024-06-26 00:16:54 未获取到号码【1542657】GSD，可能号码格式错误
2024-06-26 00:16:54 获取到号码【1542657】的GSD为【-】
2024-06-26 00:17:11 GSD insert 第 1 次 等待 3 秒
2024-06-26 00:17:14 {"status":"bad","gid":"566802","msg":"添加失败！号码【1542657(-|-)】已存在！"}
2024-06-26 00:17:14 随机等待 85 秒，约 1 分钟
2024-06-26 00:17:14 下次操作: 2024-06-26 00:18:39

2024-06-26 00:18:39 开始第 2772 次操作

2024-06-26 00:18:39 开始操作号码 【1542658】
2024-06-26 00:18:58 GSD getOne 第 1 次 等待 3 秒
2024-06-26 00:19:01 查询号码 【1542658】，返回信息 {"status":"ok","msg":"-","gid":"566814","time_insert":"2023-03-03 08:05"}
2024-06-26 00:19:01 查询号码 【1542658】，GSD为【"-"】
2024-06-26 00:19:01 ok && -
2024-06-26 00:19:03 CHB 1542658?1719332341 第 1 次 等待 3 秒
2024-06-26 00:19:06 CHB 1542658?1719332341 第 1 次 获取到号码【1542658】GSD
2024-06-26 00:19:06 未获取到号码【1542658】GSD，可能号码格式错误
2024-06-26 00:19:06 获取到号码【1542658】的GSD为【-】
2024-06-26 00:19:34 GSD insert 第 1 次 等待 3 秒
2024-06-26 00:19:37 {"status":"bad","gid":"566814","msg":"添加失败！号码【1542658(-|-)】已存在！"}

2024-06-26 00:38:10 开始第 2773 次操作

2024-06-26 00:38:10 开始操作号码 【1542659】
2024-06-26 00:38:32 GSD getOne 第 1 次 等待 3 秒
2024-06-26 00:38:35 查询号码 【1542659】，返回信息 {"status":"ok","msg":"-","gid":"566829","time_insert":"2023-03-03 08:22"}
2024-06-26 00:38:35 查询号码 【1542659】，GSD为【"-"】
2024-06-26 00:38:35 ok && -
2024-06-26 00:38:37 CHB 1542659?1719333515 第 1 次 等待 3 秒
2024-06-26 00:38:40 CHB 1542659?1719333515 第 1 次 获取到号码【1542659】GSD
2024-06-26 00:38:40 未获取到号码【1542659】GSD，可能号码格式错误
2024-06-26 00:38:40 获取到号码【1542659】的GSD为【-】
2024-06-26 00:39:06 GSD insert 第 1 次 等待 3 秒
2024-06-26 00:39:09 {"status":"bad","gid":"566829","msg":"添加失败！号码【1542659(-|-)】已存在！"}
2024-06-26 00:39:09 随机等待 110 秒，约 1 分钟
2024-06-26 00:39:09 下次操作: 2024-06-26 00:40:59

2024-06-26 00:40:59 开始第 2774 次操作

2024-06-26 00:40:59 开始操作号码 【1542660】
2024-06-26 00:41:15 GSD getOne 第 1 次 等待 3 秒
2024-06-26 00:41:18 查询号码 【1542660】，返回信息 {"status":"ok","msg":"-","gid":"566845","time_insert":"2023-03-03 08:38"}
2024-06-26 00:41:18 查询号码 【1542660】，GSD为【"-"】
2024-06-26 00:41:18 ok && -
2024-06-26 00:41:20 CHB 1542660?1719333678 第 1 次 等待 3 秒
2024-06-26 00:41:23 CHB 1542660?1719333678 第 1 次 获取到号码【1542660】GSD
2024-06-26 00:41:23 未获取到号码【1542660】GSD，可能号码格式错误
2024-06-26 00:41:23 获取到号码【1542660】的GSD为【-】
2024-06-26 00:41:40 GSD insert 第 1 次 等待 3 秒
2024-06-26 00:41:43 {"status":"bad","gid":"566845","msg":"添加失败！号码【1542660(-|-)】已存在！"}
2024-06-26 00:41:43 随机等待 106 秒，约 1 分钟
2024-06-26 00:41:43 下次操作: 2024-06-26 00:43:29

2024-06-26 00:43:29 开始第 2775 次操作

2024-06-26 00:43:29 开始操作号码 【1542661】
2024-06-26 00:44:41 GSD getOne 第 1 次 等待 3 秒
2024-06-26 00:44:44 查询号码 【1542661】，返回信息 {"status":"ok","msg":"-","gid":"566860","time_insert":"2023-03-03 08:54"}
2024-06-26 00:44:44 查询号码 【1542661】，GSD为【"-"】
2024-06-26 00:44:44 ok && -
2024-06-26 00:44:46 CHB 1542661?1719333884 第 1 次 等待 3 秒
2024-06-26 00:44:49 CHB 1542661?1719333884 第 1 次 获取到号码【1542661】GSD
2024-06-26 00:44:49 未获取到号码【1542661】GSD，可能号码格式错误
2024-06-26 00:44:49 获取到号码【1542661】的GSD为【-】
2024-06-26 00:45:45 GSD insert 第 1 次 等待 3 秒
2024-06-26 00:45:48 {"status":"bad","gid":"566860","msg":"添加失败！号码【1542661(-|-)】已存在！"}
2024-06-26 00:45:48 随机等待 127 秒，约 2 分钟
2024-06-26 00:45:48 下次操作: 2024-06-26 00:47:55

2024-06-26 00:47:55 开始第 2776 次操作

2024-06-26 00:47:55 开始操作号码 【1542662】
2024-06-26 00:48:10 GSD getOne 第 1 次 等待 3 秒
2024-06-26 00:48:13 查询号码 【1542662】，返回信息 {"status":"ok","msg":"-","gid":"566879","time_insert":"2023-03-03 09:07"}
2024-06-26 00:48:13 查询号码 【1542662】，GSD为【"-"】
2024-06-26 00:48:13 ok && -
2024-06-26 00:48:15 CHB 1542662?1719334093 第 1 次 等待 3 秒
2024-06-26 00:48:18 CHB 1542662?1719334093 第 1 次 获取到号码【1542662】GSD
2024-06-26 00:48:18 未获取到号码【1542662】GSD，可能号码格式错误
2024-06-26 00:48:18 获取到号码【1542662】的GSD为【-】
2024-06-26 00:48:32 GSD insert 第 1 次 等待 3 秒
2024-06-26 00:48:35 {"status":"bad","gid":"566879","msg":"添加失败！号码【1542662(-|-)】已存在！"}

