2023-10-11 00:20:41 开始第 2690 次操作

2023-10-11 00:20:41 开始操作号码 【1972688】
2023-10-11 00:22:51 GSD getOne 第 1 次 等待 3 秒
2023-10-11 00:25:04 GSD getOne 第 2 次 等待 3 秒
2023-10-11 00:27:17 GSD getOne 第 3 次 等待 3 秒
2023-10-11 00:29:30 GSD getOne 第 4 次 等待 3 秒
2023-10-11 00:31:43 GSD getOne 第 5 次 等待 3 秒
2023-10-11 00:33:56 GSD getOne 第 6 次 等待 3 秒
2023-10-11 00:36:09 GSD getOne 第 7 次 等待 3 秒
2023-10-11 00:38:22 GSD getOne 第 8 次 等待 3 秒
2023-10-11 00:40:35 GSD getOne 第 9 次 等待 3 秒
2023-10-11 00:42:49 GSD getOne 第 10 次 等待 3 秒
2023-10-11 00:42:52 查询号码 【1972688】，返回信息 
2023-10-11 00:42:52 查询失败，3 秒后重新查询
2023-10-11 00:45:06 GSD getOne 第 1 次 等待 3 秒
2023-10-11 00:47:19 GSD getOne 第 2 次 等待 3 秒
2023-10-11 00:49:32 GSD getOne 第 3 次 等待 3 秒
2023-10-11 00:51:45 GSD getOne 第 4 次 等待 3 秒
2023-10-11 00:53:58 GSD getOne 第 5 次 等待 3 秒
2023-10-11 00:56:11 GSD getOne 第 6 次 等待 3 秒
2023-10-11 00:58:25 GSD getOne 第 7 次 等待 3 秒
2023-10-11 01:00:38 GSD getOne 第 8 次 等待 3 秒
2023-10-11 01:02:51 GSD getOne 第 9 次 等待 3 秒
2023-10-11 01:05:04 GSD getOne 第 10 次 等待 3 秒
2023-10-11 01:05:07 查询号码 【1972688】，返回信息 
2023-10-11 01:05:07 查询失败，结束本次操作，期待下次成功~
2023-10-11 01:05:07 随机等待 128 秒，约 2 分钟
2023-10-11 01:05:07 下次操作: 2023-10-11 01:07:15

2023-10-11 01:07:15 开始第 2691 次操作

2023-10-11 01:07:15 开始操作号码 【1972688】
2023-10-11 01:09:26 GSD getOne 第 1 次 等待 3 秒
2023-10-11 01:11:39 GSD getOne 第 2 次 等待 3 秒
2023-10-11 01:13:52 GSD getOne 第 3 次 等待 3 秒
2023-10-11 01:16:05 GSD getOne 第 4 次 等待 3 秒
2023-10-11 01:18:19 GSD getOne 第 5 次 等待 3 秒
2023-10-11 01:20:32 GSD getOne 第 6 次 等待 3 秒
2023-10-11 01:22:45 GSD getOne 第 7 次 等待 3 秒
2023-10-11 01:24:58 GSD getOne 第 8 次 等待 3 秒
2023-10-11 01:27:11 GSD getOne 第 9 次 等待 3 秒
2023-10-11 01:29:24 GSD getOne 第 10 次 等待 3 秒
2023-10-11 01:29:27 查询号码 【1972688】，返回信息 
2023-10-11 01:29:27 查询失败，3 秒后重新查询
2023-10-11 01:31:41 GSD getOne 第 1 次 等待 3 秒
2023-10-11 01:33:54 GSD getOne 第 2 次 等待 3 秒
2023-10-11 01:36:08 GSD getOne 第 3 次 等待 3 秒
2023-10-11 01:38:21 GSD getOne 第 4 次 等待 3 秒
2023-10-11 01:40:34 GSD getOne 第 5 次 等待 3 秒
2023-10-11 01:42:47 GSD getOne 第 6 次 等待 3 秒
2023-10-11 01:45:00 GSD getOne 第 7 次 等待 3 秒
2023-10-11 01:47:13 GSD getOne 第 8 次 等待 3 秒
2023-10-11 01:49:26 GSD getOne 第 9 次 等待 3 秒
2023-10-11 01:51:39 GSD getOne 第 10 次 等待 3 秒
2023-10-11 01:51:42 查询号码 【1972688】，返回信息 
2023-10-11 01:51:42 查询失败，结束本次操作，期待下次成功~
2023-10-11 01:51:42 随机等待 131 秒，约 2 分钟
2023-10-11 01:51:42 下次操作: 2023-10-11 01:53:53

2023-10-11 01:53:53 开始第 2692 次操作

2023-10-11 01:53:53 开始操作号码 【1972688】
2023-10-11 01:56:04 GSD getOne 第 1 次 等待 3 秒
2023-10-11 01:58:17 GSD getOne 第 2 次 等待 3 秒
2023-10-11 02:00:30 GSD getOne 第 3 次 等待 3 秒
2023-10-11 02:02:43 GSD getOne 第 4 次 等待 3 秒
2023-10-11 02:04:56 GSD getOne 第 5 次 等待 3 秒
2023-10-11 02:07:09 GSD getOne 第 6 次 等待 3 秒
2023-10-11 02:09:22 GSD getOne 第 7 次 等待 3 秒
2023-10-11 02:11:35 GSD getOne 第 8 次 等待 3 秒
2023-10-11 02:13:49 GSD getOne 第 9 次 等待 3 秒
2023-10-11 02:16:02 GSD getOne 第 10 次 等待 3 秒
2023-10-11 02:16:05 查询号码 【1972688】，返回信息 
2023-10-11 02:16:05 查询失败，3 秒后重新查询
2023-10-11 02:18:19 GSD getOne 第 1 次 等待 3 秒
2023-10-11 02:20:32 GSD getOne 第 2 次 等待 3 秒
2023-10-11 02:22:45 GSD getOne 第 3 次 等待 3 秒
2023-10-11 02:24:58 GSD getOne 第 4 次 等待 3 秒
2023-10-11 02:27:11 GSD getOne 第 5 次 等待 3 秒
2023-10-11 02:29:25 GSD getOne 第 6 次 等待 3 秒
2023-10-11 02:31:38 GSD getOne 第 7 次 等待 3 秒
2023-10-11 02:33:51 GSD getOne 第 8 次 等待 3 秒
2023-10-11 02:36:04 GSD getOne 第 9 次 等待 3 秒
2023-10-11 02:38:17 GSD getOne 第 10 次 等待 3 秒
2023-10-11 02:38:20 查询号码 【1972688】，返回信息 
2023-10-11 02:38:20 查询失败，结束本次操作，期待下次成功~

2023-10-11 03:05:29 开始第 2693 次操作

2023-10-11 03:05:29 开始操作号码 【1972688】
2023-10-11 03:07:39 GSD getOne 第 1 次 等待 3 秒
2023-10-11 03:09:53 GSD getOne 第 2 次 等待 3 秒
2023-10-11 03:12:06 GSD getOne 第 3 次 等待 3 秒
2023-10-11 03:14:19 GSD getOne 第 4 次 等待 3 秒
2023-10-11 03:16:32 GSD getOne 第 5 次 等待 3 秒
2023-10-11 03:18:45 GSD getOne 第 6 次 等待 3 秒
2023-10-11 03:20:58 GSD getOne 第 7 次 等待 3 秒
2023-10-11 03:23:11 GSD getOne 第 8 次 等待 3 秒
2023-10-11 03:25:24 GSD getOne 第 9 次 等待 3 秒
2023-10-11 03:27:37 GSD getOne 第 10 次 等待 3 秒
2023-10-11 03:27:40 查询号码 【1972688】，返回信息 
2023-10-11 03:27:40 查询失败，3 秒后重新查询
2023-10-11 03:29:55 GSD getOne 第 1 次 等待 3 秒
2023-10-11 03:32:08 GSD getOne 第 2 次 等待 3 秒
2023-10-11 03:34:21 GSD getOne 第 3 次 等待 3 秒
2023-10-11 03:36:34 GSD getOne 第 4 次 等待 3 秒
2023-10-11 03:38:47 GSD getOne 第 5 次 等待 3 秒
2023-10-11 03:41:00 GSD getOne 第 6 次 等待 3 秒
2023-10-11 03:43:13 GSD getOne 第 7 次 等待 3 秒
2023-10-11 03:45:27 GSD getOne 第 8 次 等待 3 秒
2023-10-11 03:47:40 GSD getOne 第 9 次 等待 3 秒
2023-10-11 03:49:53 GSD getOne 第 10 次 等待 3 秒
2023-10-11 03:49:56 查询号码 【1972688】，返回信息 
2023-10-11 03:49:56 查询失败，结束本次操作，期待下次成功~
2023-10-11 03:49:56 随机等待 233 秒，约 3 分钟
2023-10-11 03:49:56 下次操作: 2023-10-11 03:53:49

2023-10-11 03:53:49 开始第 2694 次操作

2023-10-11 03:53:49 开始操作号码 【1972688】
2023-10-11 03:55:59 GSD getOne 第 1 次 等待 3 秒
2023-10-11 03:58:12 GSD getOne 第 2 次 等待 3 秒
2023-10-11 04:00:26 GSD getOne 第 3 次 等待 3 秒
2023-10-11 04:02:39 GSD getOne 第 4 次 等待 3 秒
2023-10-11 04:04:52 GSD getOne 第 5 次 等待 3 秒
2023-10-11 04:07:05 GSD getOne 第 6 次 等待 3 秒
2023-10-11 04:09:18 GSD getOne 第 7 次 等待 3 秒
2023-10-11 04:11:31 GSD getOne 第 8 次 等待 3 秒
2023-10-11 04:13:44 GSD getOne 第 9 次 等待 3 秒
2023-10-11 04:15:57 GSD getOne 第 10 次 等待 3 秒
2023-10-11 04:16:00 查询号码 【1972688】，返回信息 
2023-10-11 04:16:00 查询失败，3 秒后重新查询
2023-10-11 04:18:15 GSD getOne 第 1 次 等待 3 秒
2023-10-11 04:20:28 GSD getOne 第 2 次 等待 3 秒
2023-10-11 04:22:41 GSD getOne 第 3 次 等待 3 秒
2023-10-11 04:24:54 GSD getOne 第 4 次 等待 3 秒
2023-10-11 04:27:07 GSD getOne 第 5 次 等待 3 秒
2023-10-11 04:29:20 GSD getOne 第 6 次 等待 3 秒
2023-10-11 04:31:33 GSD getOne 第 7 次 等待 3 秒
2023-10-11 04:33:47 GSD getOne 第 8 次 等待 3 秒
2023-10-11 04:36:00 GSD getOne 第 9 次 等待 3 秒
2023-10-11 04:38:13 GSD getOne 第 10 次 等待 3 秒
2023-10-11 04:38:16 查询号码 【1972688】，返回信息 
2023-10-11 04:38:16 查询失败，结束本次操作，期待下次成功~
2023-10-11 04:38:16 随机等待 159 秒，约 2 分钟
2023-10-11 04:38:16 下次操作: 2023-10-11 04:40:55

2023-10-11 04:40:55 开始第 2695 次操作

2023-10-11 04:40:55 开始操作号码 【1972688】
2023-10-11 04:43:06 GSD getOne 第 1 次 等待 3 秒
2023-10-11 04:45:19 GSD getOne 第 2 次 等待 3 秒
2023-10-11 04:47:32 GSD getOne 第 3 次 等待 3 秒
2023-10-11 04:49:45 GSD getOne 第 4 次 等待 3 秒
2023-10-11 04:51:58 GSD getOne 第 5 次 等待 3 秒
2023-10-11 04:54:11 GSD getOne 第 6 次 等待 3 秒
2023-10-11 04:56:24 GSD getOne 第 7 次 等待 3 秒
2023-10-11 04:58:37 GSD getOne 第 8 次 等待 3 秒
2023-10-11 05:00:51 GSD getOne 第 9 次 等待 3 秒
2023-10-11 05:03:04 GSD getOne 第 10 次 等待 3 秒
2023-10-11 05:03:07 查询号码 【1972688】，返回信息 
2023-10-11 05:03:07 查询失败，3 秒后重新查询
2023-10-11 05:05:21 GSD getOne 第 1 次 等待 3 秒
2023-10-11 05:07:34 GSD getOne 第 2 次 等待 3 秒
2023-10-11 05:09:47 GSD getOne 第 3 次 等待 3 秒
2023-10-11 05:12:00 GSD getOne 第 4 次 等待 3 秒
2023-10-11 05:14:13 GSD getOne 第 5 次 等待 3 秒
2023-10-11 05:16:27 GSD getOne 第 6 次 等待 3 秒
2023-10-11 05:18:40 GSD getOne 第 7 次 等待 3 秒
2023-10-11 05:20:53 GSD getOne 第 8 次 等待 3 秒
2023-10-11 05:23:06 GSD getOne 第 9 次 等待 3 秒
2023-10-11 05:25:19 GSD getOne 第 10 次 等待 3 秒
2023-10-11 05:25:22 查询号码 【1972688】，返回信息 
2023-10-11 05:25:22 查询失败，结束本次操作，期待下次成功~
2023-10-11 05:25:22 随机等待 138 秒，约 2 分钟
2023-10-11 05:25:22 下次操作: 2023-10-11 05:27:40

2023-10-11 05:27:40 开始第 2696 次操作

2023-10-11 05:27:40 开始操作号码 【1972688】
2023-10-11 05:29:49 GSD getOne 第 1 次 等待 3 秒
2023-10-11 05:32:02 GSD getOne 第 2 次 等待 3 秒
2023-10-11 05:34:16 GSD getOne 第 3 次 等待 3 秒
2023-10-11 05:36:29 GSD getOne 第 4 次 等待 3 秒
2023-10-11 05:38:42 GSD getOne 第 5 次 等待 3 秒
2023-10-11 05:40:55 GSD getOne 第 6 次 等待 3 秒
2023-10-11 05:43:08 GSD getOne 第 7 次 等待 3 秒
2023-10-11 05:45:21 GSD getOne 第 8 次 等待 3 秒
2023-10-11 05:47:34 GSD getOne 第 9 次 等待 3 秒
2023-10-11 05:49:47 GSD getOne 第 10 次 等待 3 秒
2023-10-11 05:49:50 查询号码 【1972688】，返回信息 
2023-10-11 05:49:50 查询失败，3 秒后重新查询
2023-10-11 05:52:05 GSD getOne 第 1 次 等待 3 秒
2023-10-11 05:54:18 GSD getOne 第 2 次 等待 3 秒
2023-10-11 05:56:31 GSD getOne 第 3 次 等待 3 秒
2023-10-11 05:58:44 GSD getOne 第 4 次 等待 3 秒
2023-10-11 06:00:57 GSD getOne 第 5 次 等待 3 秒
2023-10-11 06:03:10 GSD getOne 第 6 次 等待 3 秒
2023-10-11 06:05:23 GSD getOne 第 7 次 等待 3 秒
2023-10-11 06:07:36 GSD getOne 第 8 次 等待 3 秒
2023-10-11 06:09:50 GSD getOne 第 9 次 等待 3 秒
2023-10-11 06:12:03 GSD getOne 第 10 次 等待 3 秒
2023-10-11 06:12:06 查询号码 【1972688】，返回信息 
2023-10-11 06:12:06 查询失败，结束本次操作，期待下次成功~

2023-10-11 07:32:21 开始第 2697 次操作

2023-10-11 07:32:21 开始操作号码 【1972688】
2023-10-11 07:32:24 GSD getOne 第 1 次 等待 3 秒
2023-10-11 07:32:27 查询号码 【1972688】，返回信息 {"status":"ok","msg":"山西-运城","gid":"551652","time_insert":"2023-02-24 12:25"}
2023-10-11 07:32:27 查询号码 【1972688】，GSD为【"山西-运城"】

2023-10-11 07:32:28 开始第 2698 次操作

2023-10-11 07:32:28 开始操作号码 【1972689】
2023-10-11 07:32:30 GSD getOne 第 1 次 等待 3 秒
2023-10-11 07:32:33 查询号码 【1972689】，返回信息 {"status":"ok","msg":"山西-运城","gid":"551660","time_insert":"2023-02-24 12:28"}
2023-10-11 07:32:34 查询号码 【1972689】，GSD为【"山西-运城"】

2023-10-11 07:32:35 开始第 2699 次操作

2023-10-11 07:32:35 开始操作号码 【1972690】
2023-10-11 07:32:38 GSD getOne 第 1 次 等待 3 秒
2023-10-11 07:32:41 查询号码 【1972690】，返回信息 {"status":"ok","msg":"山西-运城","gid":"551663","time_insert":"2023-02-24 12:31"}
2023-10-11 07:32:41 查询号码 【1972690】，GSD为【"山西-运城"】

2023-10-11 07:32:42 开始第 2700 次操作

2023-10-11 07:32:42 开始操作号码 【1972691】
2023-10-11 07:32:45 GSD getOne 第 1 次 等待 3 秒
2023-10-11 07:32:48 查询号码 【1972691】，返回信息 {"status":"ok","msg":"云南-西双版纳","gid":"551666","time_insert":"2023-02-24 12:33"}
2023-10-11 07:32:48 查询号码 【1972691】，GSD为【"云南-西双版纳"】

2023-10-11 08:34:46 开始第 2701 次操作

2023-10-11 08:34:46 开始操作号码 【1972692】
2023-10-11 08:34:50 GSD getOne 第 1 次 等待 3 秒
2023-10-11 08:34:53 查询号码 【1972692】，返回信息 {"status":"ok","msg":"云南-德宏","gid":"551677","time_insert":"2023-02-24 12:40"}
2023-10-11 08:34:53 查询号码 【1972692】，GSD为【"云南-德宏"】

2023-10-11 08:34:54 开始第 2702 次操作

2023-10-11 08:34:54 开始操作号码 【1972693】
2023-10-11 08:34:57 GSD getOne 第 1 次 等待 3 秒
2023-10-11 08:35:00 查询号码 【1972693】，返回信息 {"status":"ok","msg":"山西-运城","gid":"551682","time_insert":"2023-02-24 12:42"}
2023-10-11 08:35:00 查询号码 【1972693】，GSD为【"山西-运城"】

2023-10-11 08:35:01 开始第 2703 次操作

2023-10-11 08:35:01 开始操作号码 【1972694】
2023-10-11 08:35:03 GSD getOne 第 1 次 等待 3 秒
2023-10-11 08:35:06 查询号码 【1972694】，返回信息 {"status":"ok","msg":"新疆-喀什","gid":"551685","time_insert":"2023-02-24 12:44"}
2023-10-11 08:35:07 查询号码 【1972694】，GSD为【"新疆-喀什"】

2023-10-11 08:35:08 开始第 2704 次操作

2023-10-11 08:35:08 开始操作号码 【1972695】
2023-10-11 08:35:10 GSD getOne 第 1 次 等待 3 秒
2023-10-11 08:35:13 查询号码 【1972695】，返回信息 {"status":"ok","msg":"黑龙江-鸡西","gid":"551691","time_insert":"2023-02-24 12:47"}
2023-10-11 08:35:13 查询号码 【1972695】，GSD为【"黑龙江-鸡西"】

2023-10-11 09:41:48 开始第 2705 次操作

2023-10-11 09:41:48 开始操作号码 【1972696】
2023-10-11 09:41:52 GSD getOne 第 1 次 等待 3 秒
2023-10-11 09:41:55 查询号码 【1972696】，返回信息 {"status":"ok","msg":"黑龙江-哈尔滨","gid":"551704","time_insert":"2023-02-24 12:54"}
2023-10-11 09:41:55 查询号码 【1972696】，GSD为【"黑龙江-哈尔滨"】

2023-10-11 09:41:56 开始第 2706 次操作

2023-10-11 09:41:56 开始操作号码 【1972697】
2023-10-11 09:42:00 GSD getOne 第 1 次 等待 3 秒
2023-10-11 09:42:03 查询号码 【1972697】，返回信息 {"status":"ok","msg":"黑龙江-黑河","gid":"551708","time_insert":"2023-02-24 12:56"}
2023-10-11 09:42:03 查询号码 【1972697】，GSD为【"黑龙江-黑河"】

2023-10-11 09:42:04 开始第 2707 次操作

2023-10-11 09:42:04 开始操作号码 【1972698】
2023-10-11 09:42:08 GSD getOne 第 1 次 等待 3 秒
2023-10-11 09:42:11 查询号码 【1972698】，返回信息 {"status":"ok","msg":"-","gid":"551713","time_insert":"2023-02-24 12:59"}
2023-10-11 09:42:11 查询号码 【1972698】，GSD为【"-"】
2023-10-11 09:42:11 ok && -
2023-10-11 09:42:13 CHB 1972698?1696988531 第 1 次 等待 3 秒
2023-10-11 09:42:16 CHB 1972698?1696988531 第 1 次 获取到号码【1972698】GSD
2023-10-11 09:42:16 未获取到号码【1972698】GSD，可能号码格式错误
2023-10-11 09:42:16 获取到号码【1972698】的GSD为【-】
2023-10-11 09:42:24 GSD insert 第 1 次 等待 3 秒
2023-10-11 09:42:27 {"status":"bad","gid":"551713","msg":"添加失败！号码【1972698(-|-)】已存在！"}
2023-10-11 09:42:27 随机等待 182 秒，约 3 分钟
2023-10-11 09:42:27 下次操作: 2023-10-11 09:45:29

2023-10-11 09:45:29 开始第 2708 次操作

2023-10-11 09:45:29 开始操作号码 【1972699】
2023-10-11 09:45:32 GSD getOne 第 1 次 等待 3 秒
2023-10-11 09:45:35 查询号码 【1972699】，返回信息 {"status":"ok","msg":"黑龙江-佳木斯","gid":"551715","time_insert":"2023-02-24 13:01","time_update":"2023-08-08 02:38"}
2023-10-11 09:45:35 查询号码 【1972699】，GSD为【"黑龙江-佳木斯"】

2023-10-11 10:15:06 开始第 2709 次操作

2023-10-11 10:15:06 开始操作号码 【1972700】
2023-10-11 10:15:10 GSD getOne 第 1 次 等待 3 秒
2023-10-11 10:15:13 查询号码 【1972700】，返回信息 {"status":"ok","msg":"-","gid":"551731","time_insert":"2023-02-24 13:12"}
2023-10-11 10:15:13 查询号码 【1972700】，GSD为【"-"】
2023-10-11 10:15:13 ok && -
2023-10-11 10:15:15 CHB 1972700?1696990513 第 1 次 等待 3 秒
2023-10-11 10:15:18 CHB 1972700?1696990513 第 1 次 获取到号码【1972700】GSD
2023-10-11 10:15:18 未获取到号码【1972700】GSD，可能号码格式错误
2023-10-11 10:15:18 获取到号码【1972700】的GSD为【-】
2023-10-11 10:15:21 GSD insert 第 1 次 等待 3 秒
2023-10-11 10:15:24 {"status":"bad","gid":"551731","msg":"添加失败！号码【1972700(-|-)】已存在！"}
2023-10-11 10:15:24 随机等待 68 秒，约 1 分钟
2023-10-11 10:15:24 下次操作: 2023-10-11 10:16:32

2023-10-11 10:16:32 开始第 2710 次操作

2023-10-11 10:16:32 开始操作号码 【1972701】
2023-10-11 10:16:35 GSD getOne 第 1 次 等待 3 秒
2023-10-11 10:16:38 查询号码 【1972701】，返回信息 {"status":"ok","msg":"江西-鹰潭","gid":"551736","time_insert":"2023-02-24 13:13"}
2023-10-11 10:16:38 查询号码 【1972701】，GSD为【"江西-鹰潭"】

2023-10-11 10:16:39 开始第 2711 次操作

2023-10-11 10:16:39 开始操作号码 【1972702】
2023-10-11 10:16:41 GSD getOne 第 1 次 等待 3 秒
2023-10-11 10:16:44 查询号码 【1972702】，返回信息 {"status":"ok","msg":"黑龙江-双鸭山","gid":"551738","time_insert":"2023-02-24 13:16"}
2023-10-11 10:16:44 查询号码 【1972702】，GSD为【"黑龙江-双鸭山"】

2023-10-11 10:16:45 开始第 2712 次操作

2023-10-11 10:16:45 开始操作号码 【1972703】
2023-10-11 10:16:48 GSD getOne 第 1 次 等待 3 秒
2023-10-11 10:16:51 查询号码 【1972703】，返回信息 {"status":"ok","msg":"黑龙江-鹤岗","gid":"551742","time_insert":"2023-02-24 13:17"}
2023-10-11 10:16:51 查询号码 【1972703】，GSD为【"黑龙江-鹤岗"】

2023-10-11 10:32:48 开始第 2713 次操作

2023-10-11 10:32:48 开始操作号码 【1972704】
2023-10-11 10:32:51 GSD getOne 第 1 次 等待 3 秒
2023-10-11 10:32:54 查询号码 【1972704】，返回信息 {"status":"ok","msg":"新疆-喀什","gid":"551758","time_insert":"2023-02-24 13:28"}
2023-10-11 10:32:54 查询号码 【1972704】，GSD为【"新疆-喀什"】

2023-10-11 10:32:55 开始第 2714 次操作

2023-10-11 10:32:55 开始操作号码 【1972705】
2023-10-11 10:32:57 GSD getOne 第 1 次 等待 3 秒
2023-10-11 10:33:00 查询号码 【1972705】，返回信息 {"status":"ok","msg":"黑龙江-伊春","gid":"551760","time_insert":"2023-02-24 13:30"}
2023-10-11 10:33:00 查询号码 【1972705】，GSD为【"黑龙江-伊春"】

2023-10-11 10:33:01 开始第 2715 次操作

2023-10-11 10:33:01 开始操作号码 【1972706】
2023-10-11 10:33:04 GSD getOne 第 1 次 等待 3 秒
2023-10-11 10:33:07 查询号码 【1972706】，返回信息 {"status":"ok","msg":"黑龙江-七台河","gid":"551761","time_insert":"2023-02-24 13:31"}
2023-10-11 10:33:07 查询号码 【1972706】，GSD为【"黑龙江-七台河"】

2023-10-11 10:33:08 开始第 2716 次操作

2023-10-11 10:33:08 开始操作号码 【1972707】
2023-10-11 10:33:13 GSD getOne 第 1 次 等待 3 秒
2023-10-11 10:33:16 查询号码 【1972707】，返回信息 {"status":"ok","msg":"黑龙江-大兴安岭","gid":"551766","time_insert":"2023-02-24 13:33"}
2023-10-11 10:33:16 查询号码 【1972707】，GSD为【"黑龙江-大兴安岭"】

2023-10-11 11:08:20 开始第 2717 次操作

2023-10-11 11:08:20 开始操作号码 【1972708】
2023-10-11 11:08:23 GSD getOne 第 1 次 等待 3 秒
2023-10-11 11:08:26 查询号码 【1972708】，返回信息 {"status":"ok","msg":"-","gid":"551776","time_insert":"2023-02-24 13:38"}
2023-10-11 11:08:26 查询号码 【1972708】，GSD为【"-"】
2023-10-11 11:08:26 ok && -
2023-10-11 11:08:36 CHB 1972708?1696993706 第 1 次 等待 3 秒
2023-10-11 11:08:39 CHB 1972708?1696993706 第 1 次 获取到号码【1972708】GSD
2023-10-11 11:08:39 未获取到号码【1972708】GSD，可能号码格式错误
2023-10-11 11:08:39 获取到号码【1972708】的GSD为【-】
2023-10-11 11:08:42 GSD insert 第 1 次 等待 3 秒
2023-10-11 11:08:45 {"status":"bad","gid":"551776","msg":"添加失败！号码【1972708(-|-)】已存在！"}
2023-10-11 11:08:45 随机等待 200 秒，约 3 分钟
2023-10-11 11:08:45 下次操作: 2023-10-11 11:12:05

2023-10-11 11:12:05 开始第 2718 次操作

2023-10-11 11:12:05 开始操作号码 【1972709】
2023-10-11 11:12:09 GSD getOne 第 1 次 等待 3 秒
2023-10-11 11:12:12 查询号码 【1972709】，返回信息 {"status":"ok","msg":"黑龙江-哈尔滨","gid":"551780","time_insert":"2023-02-24 13:41"}
2023-10-11 11:12:12 查询号码 【1972709】，GSD为【"黑龙江-哈尔滨"】

2023-10-11 11:12:13 开始第 2719 次操作

2023-10-11 11:12:13 开始操作号码 【1972710】
2023-10-11 11:12:34 GSD getOne 第 1 次 等待 3 秒
2023-10-11 11:12:37 查询号码 【1972710】，返回信息 {"status":"ok","msg":"湖北-孝感","gid":"551786","time_insert":"2023-02-24 13:43"}
2023-10-11 11:12:37 查询号码 【1972710】，GSD为【"湖北-孝感"】

2023-10-11 11:12:38 开始第 2720 次操作

2023-10-11 11:12:38 开始操作号码 【1972711】
2023-10-11 11:12:42 GSD getOne 第 1 次 等待 3 秒
2023-10-11 11:12:45 查询号码 【1972711】，返回信息 {"status":"ok","msg":"湖北-孝感","gid":"551790","time_insert":"2023-02-24 13:46"}
2023-10-11 11:12:45 查询号码 【1972711】，GSD为【"湖北-孝感"】

2023-10-11 11:32:34 开始第 2721 次操作

2023-10-11 11:32:34 开始操作号码 【1972712】
2023-10-11 11:32:37 GSD getOne 第 1 次 等待 3 秒
2023-10-11 11:32:40 查询号码 【1972712】，返回信息 {"status":"ok","msg":"湖北-孝感","gid":"551792","time_insert":"2023-02-24 13:47"}
2023-10-11 11:32:41 查询号码 【1972712】，GSD为【"湖北-孝感"】

2023-10-11 11:32:42 开始第 2722 次操作

2023-10-11 11:32:42 开始操作号码 【1972713】
2023-10-11 11:32:44 GSD getOne 第 1 次 等待 3 秒
2023-10-11 11:32:47 查询号码 【1972713】，返回信息 {"status":"ok","msg":"湖北-孝感","gid":"551796","time_insert":"2023-02-24 13:50"}
2023-10-11 11:32:47 查询号码 【1972713】，GSD为【"湖北-孝感"】

2023-10-11 11:32:49 开始第 2723 次操作

2023-10-11 11:32:49 开始操作号码 【1972714】
2023-10-11 11:32:51 GSD getOne 第 1 次 等待 3 秒
2023-10-11 11:32:54 查询号码 【1972714】，返回信息 {"status":"ok","msg":"湖北-孝感","gid":"551800","time_insert":"2023-02-24 13:51"}
2023-10-11 11:32:54 查询号码 【1972714】，GSD为【"湖北-孝感"】

2023-10-11 11:32:55 开始第 2724 次操作

2023-10-11 11:32:55 开始操作号码 【1972715】
2023-10-11 11:32:58 GSD getOne 第 1 次 等待 3 秒
2023-10-11 11:33:01 查询号码 【1972715】，返回信息 {"status":"ok","msg":"湖北-咸宁","gid":"551806","time_insert":"2023-02-24 13:53"}
2023-10-11 11:33:01 查询号码 【1972715】，GSD为【"湖北-咸宁"】

2023-10-11 12:09:09 开始第 2725 次操作

2023-10-11 12:09:09 开始操作号码 【1972716】
2023-10-11 12:09:12 GSD getOne 第 1 次 等待 3 秒
2023-10-11 12:09:15 查询号码 【1972716】，返回信息 {"status":"ok","msg":"湖北-宜昌","gid":"551813","time_insert":"2023-02-24 13:57"}
2023-10-11 12:09:15 查询号码 【1972716】，GSD为【"湖北-宜昌"】

2023-10-11 12:09:16 开始第 2726 次操作

2023-10-11 12:09:16 开始操作号码 【1972717】
2023-10-11 12:09:19 GSD getOne 第 1 次 等待 3 秒
2023-10-11 12:09:22 查询号码 【1972717】，返回信息 {"status":"ok","msg":"湖北-宜昌","gid":"551814","time_insert":"2023-02-24 13:59"}
2023-10-11 12:09:22 查询号码 【1972717】，GSD为【"湖北-宜昌"】

2023-10-11 12:09:23 开始第 2727 次操作

2023-10-11 12:09:23 开始操作号码 【1972718】
2023-10-11 12:09:45 GSD getOne 第 1 次 等待 3 秒
2023-10-11 12:09:48 查询号码 【1972718】，返回信息 {"status":"ok","msg":"湖北-宜昌","gid":"551816","time_insert":"2023-02-24 14:00"}
2023-10-11 12:09:48 查询号码 【1972718】，GSD为【"湖北-宜昌"】

2023-10-11 12:09:49 开始第 2728 次操作

2023-10-11 12:09:49 开始操作号码 【1972719】
2023-10-11 12:09:52 GSD getOne 第 1 次 等待 3 秒
2023-10-11 12:09:55 查询号码 【1972719】，返回信息 {"status":"ok","msg":"湖北-宜昌","gid":"551820","time_insert":"2023-02-24 14:03"}
2023-10-11 12:09:55 查询号码 【1972719】，GSD为【"湖北-宜昌"】

2023-10-11 12:32:33 开始第 2729 次操作

2023-10-11 12:32:33 开始操作号码 【1972720】
2023-10-11 12:32:39 GSD getOne 第 1 次 等待 3 秒
2023-10-11 12:32:42 查询号码 【1972720】，返回信息 {"status":"ok","msg":"上海-上海","gid":"551847","time_insert":"2023-02-24 14:23"}
2023-10-11 12:32:42 查询号码 【1972720】，GSD为【"上海-上海"】

2023-10-11 12:32:43 开始第 2730 次操作

2023-10-11 12:32:43 开始操作号码 【1972721】
2023-10-11 12:32:50 GSD getOne 第 1 次 等待 3 秒
2023-10-11 12:32:53 查询号码 【1972721】，返回信息 {"status":"ok","msg":"上海-上海","gid":"551849","time_insert":"2023-02-24 14:24"}
2023-10-11 12:32:53 查询号码 【1972721】，GSD为【"上海-上海"】

2023-10-11 12:32:54 开始第 2731 次操作

2023-10-11 12:32:54 开始操作号码 【1972722】
2023-10-11 12:32:56 GSD getOne 第 1 次 等待 3 秒
2023-10-11 12:32:59 查询号码 【1972722】，返回信息 {"status":"ok","msg":"甘肃-临夏","gid":"551854","time_insert":"2023-02-24 14:27"}
2023-10-11 12:32:59 查询号码 【1972722】，GSD为【"甘肃-临夏"】

2023-10-11 12:33:00 开始第 2732 次操作

2023-10-11 12:33:00 开始操作号码 【1972723】
2023-10-11 12:33:05 GSD getOne 第 1 次 等待 3 秒
2023-10-11 12:33:08 查询号码 【1972723】，返回信息 {"status":"ok","msg":"甘肃-临夏","gid":"551856","time_insert":"2023-02-24 14:29"}
2023-10-11 12:33:09 查询号码 【1972723】，GSD为【"甘肃-临夏"】

