2024-01-07 00:08:43 开始第 7569 次操作

2024-01-07 00:08:43 开始操作号码 【1877469】
2024-01-07 00:08:48 GSD getOne 第 1 次 等待 3 秒
2024-01-07 00:08:51 查询号码 【1877469】，返回信息 {"status":"ok","msg":"湖南-永州","gid":"427208","time_insert":"2021-07-28 21:06"}
2024-01-07 00:08:51 查询号码 【1877469】，GSD为【"湖南-永州"】

2024-01-07 00:08:52 开始第 7570 次操作

2024-01-07 00:08:52 开始操作号码 【1877470】
2024-01-07 00:08:55 GSD getOne 第 1 次 等待 3 秒
2024-01-07 00:08:58 查询号码 【1877470】，返回信息 {"status":"ok","msg":"湖南-怀化","gid":"427203","time_insert":"2021-07-28 21:06"}
2024-01-07 00:08:58 查询号码 【1877470】，GSD为【"湖南-怀化"】

2024-01-07 00:08:59 开始第 7571 次操作

2024-01-07 00:08:59 开始操作号码 【1877471】
2024-01-07 00:09:05 GSD getOne 第 1 次 等待 3 秒
2024-01-07 00:09:08 查询号码 【1877471】，返回信息 {"status":"ok","msg":"湖南-怀化","gid":"427199","time_insert":"2021-07-28 21:05"}
2024-01-07 00:09:08 查询号码 【1877471】，GSD为【"湖南-怀化"】

2024-01-07 00:09:09 开始第 7572 次操作

2024-01-07 00:09:09 开始操作号码 【1877472】
2024-01-07 00:09:13 GSD getOne 第 1 次 等待 3 秒
2024-01-07 00:09:16 查询号码 【1877472】，返回信息 {"status":"ok","msg":"湖南-怀化","gid":"427194","time_insert":"2021-07-28 21:05"}
2024-01-07 00:09:16 查询号码 【1877472】，GSD为【"湖南-怀化"】

