2024-02-14 00:09:59 开始第 3653 次操作

2024-02-14 00:09:59 开始操作号码 【1763553】
2024-02-14 00:10:04 GSD getOne 第 1 次 等待 3 秒
2024-02-14 00:10:07 查询号码 【1763553】，返回信息 {"status":"ok","msg":"山西-长治","gid":"174504","time_insert":"2021-07-02 14:59"}
2024-02-14 00:10:07 查询号码 【1763553】，GSD为【"山西-长治"】

2024-02-14 00:10:08 开始第 3654 次操作

2024-02-14 00:10:08 开始操作号码 【1763554】
2024-02-14 00:10:14 GSD getOne 第 1 次 等待 3 秒
2024-02-14 00:10:17 查询号码 【1763554】，返回信息 {"status":"ok","msg":"山西-长治","gid":"174518","time_insert":"2021-07-02 15:00"}
2024-02-14 00:10:17 查询号码 【1763554】，GSD为【"山西-长治"】

2024-02-14 00:10:18 开始第 3655 次操作

2024-02-14 00:10:18 开始操作号码 【1763555】
2024-02-14 00:10:23 GSD getOne 第 1 次 等待 3 秒
2024-02-14 00:10:26 查询号码 【1763555】，返回信息 {"status":"ok","msg":"山西-长治","gid":"174531","time_insert":"2021-07-02 15:01"}
2024-02-14 00:10:26 查询号码 【1763555】，GSD为【"山西-长治"】

2024-02-14 00:10:27 开始第 3656 次操作

2024-02-14 00:10:27 开始操作号码 【1763556】
2024-02-14 00:10:31 GSD getOne 第 1 次 等待 3 秒
2024-02-14 00:10:34 查询号码 【1763556】，返回信息 {"status":"ok","msg":"山西-运城","gid":"174542","time_insert":"2021-07-02 15:02"}
2024-02-14 00:10:35 查询号码 【1763556】，GSD为【"山西-运城"】

2024-02-14 00:37:29 开始第 3657 次操作

2024-02-14 00:37:29 开始操作号码 【1763557】
2024-02-14 00:37:34 GSD getOne 第 1 次 等待 3 秒
2024-02-14 00:37:37 查询号码 【1763557】，返回信息 {"status":"ok","msg":"山西-运城","gid":"174554","time_insert":"2021-07-02 15:03"}
2024-02-14 00:37:38 查询号码 【1763557】，GSD为【"山西-运城"】

2024-02-14 00:37:39 开始第 3658 次操作

2024-02-14 00:37:39 开始操作号码 【1763558】
2024-02-14 00:37:43 GSD getOne 第 1 次 等待 3 秒
2024-02-14 00:37:46 查询号码 【1763558】，返回信息 {"status":"ok","msg":"山西-运城","gid":"174565","time_insert":"2021-07-02 15:04"}
2024-02-14 00:37:46 查询号码 【1763558】，GSD为【"山西-运城"】

2024-02-14 00:37:47 开始第 3659 次操作

2024-02-14 00:37:47 开始操作号码 【1763559】
2024-02-14 00:37:53 GSD getOne 第 1 次 等待 3 秒
2024-02-14 00:37:56 查询号码 【1763559】，返回信息 {"status":"ok","msg":"山西-运城","gid":"174578","time_insert":"2021-07-02 15:04"}
2024-02-14 00:37:56 查询号码 【1763559】，GSD为【"山西-运城"】

2024-02-14 00:37:57 开始第 3660 次操作

2024-02-14 00:37:57 开始操作号码 【1763560】
2024-02-14 00:38:02 GSD getOne 第 1 次 等待 3 秒
2024-02-14 00:38:05 查询号码 【1763560】，返回信息 {"status":"ok","msg":"山西-晋城","gid":"174588","time_insert":"2021-07-02 15:05"}
2024-02-14 00:38:05 查询号码 【1763560】，GSD为【"山西-晋城"】

2024-02-14 01:06:43 开始第 3661 次操作

2024-02-14 01:06:43 开始操作号码 【1763561】
2024-02-14 01:06:49 GSD getOne 第 1 次 等待 3 秒
2024-02-14 01:06:52 查询号码 【1763561】，返回信息 {"status":"ok","msg":"山西-晋城","gid":"174598","time_insert":"2021-07-02 15:06"}
2024-02-14 01:06:52 查询号码 【1763561】，GSD为【"山西-晋城"】

2024-02-14 01:06:53 开始第 3662 次操作

2024-02-14 01:06:53 开始操作号码 【1763562】
2024-02-14 01:06:58 GSD getOne 第 1 次 等待 3 秒
2024-02-14 01:07:01 查询号码 【1763562】，返回信息 {"status":"ok","msg":"山西-晋城","gid":"174609","time_insert":"2021-07-02 15:07"}
2024-02-14 01:07:01 查询号码 【1763562】，GSD为【"山西-晋城"】

2024-02-14 01:07:02 开始第 3663 次操作

2024-02-14 01:07:02 开始操作号码 【1763563】
2024-02-14 01:07:07 GSD getOne 第 1 次 等待 3 秒
2024-02-14 01:07:10 查询号码 【1763563】，返回信息 {"status":"ok","msg":"山西-晋城","gid":"174618","time_insert":"2021-07-02 15:08"}
2024-02-14 01:07:10 查询号码 【1763563】，GSD为【"山西-晋城"】

2024-02-14 01:07:11 开始第 3664 次操作

2024-02-14 01:07:11 开始操作号码 【1763564】
2024-02-14 01:07:15 GSD getOne 第 1 次 等待 3 秒
2024-02-14 01:07:19 查询号码 【1763564】，返回信息 {"status":"ok","msg":"山西-晋城","gid":"174628","time_insert":"2021-07-02 15:09"}
2024-02-14 01:07:19 查询号码 【1763564】，GSD为【"山西-晋城"】

2024-02-14 01:32:22 开始第 3665 次操作

2024-02-14 01:32:22 开始操作号码 【1763565】
2024-02-14 01:32:29 GSD getOne 第 1 次 等待 3 秒
2024-02-14 01:32:32 查询号码 【1763565】，返回信息 {"status":"ok","msg":"山西-晋城","gid":"174638","time_insert":"2021-07-02 15:09"}
2024-02-14 01:32:32 查询号码 【1763565】，GSD为【"山西-晋城"】

2024-02-14 01:32:33 开始第 3666 次操作

2024-02-14 01:32:33 开始操作号码 【1763566】
2024-02-14 01:32:38 GSD getOne 第 1 次 等待 3 秒
2024-02-14 01:32:41 查询号码 【1763566】，返回信息 {"status":"ok","msg":"山西-晋城","gid":"174649","time_insert":"2021-07-02 15:10"}
2024-02-14 01:32:41 查询号码 【1763566】，GSD为【"山西-晋城"】

2024-02-14 01:32:42 开始第 3667 次操作

2024-02-14 01:32:42 开始操作号码 【1763567】
2024-02-14 01:32:47 GSD getOne 第 1 次 等待 3 秒
2024-02-14 01:32:50 查询号码 【1763567】，返回信息 {"status":"ok","msg":"山西-太原","gid":"174653","time_insert":"2021-07-02 15:11"}
2024-02-14 01:32:50 查询号码 【1763567】，GSD为【"山西-太原"】

2024-02-14 01:32:51 开始第 3668 次操作

2024-02-14 01:32:51 开始操作号码 【1763568】
2024-02-14 01:32:55 GSD getOne 第 1 次 等待 3 秒
2024-02-14 01:32:58 查询号码 【1763568】，返回信息 {"status":"ok","msg":"山西-太原","gid":"174659","time_insert":"2021-07-02 15:12"}
2024-02-14 01:32:58 查询号码 【1763568】，GSD为【"山西-太原"】

2024-02-14 02:10:35 开始第 3669 次操作

2024-02-14 02:10:35 开始操作号码 【1763569】
2024-02-14 02:10:39 GSD getOne 第 1 次 等待 3 秒
2024-02-14 02:10:42 查询号码 【1763569】，返回信息 {"status":"ok","msg":"山西-太原","gid":"174664","time_insert":"2021-07-02 15:12"}
2024-02-14 02:10:42 查询号码 【1763569】，GSD为【"山西-太原"】

2024-02-14 02:10:43 开始第 3670 次操作

2024-02-14 02:10:43 开始操作号码 【1763570】
2024-02-14 02:10:48 GSD getOne 第 1 次 等待 3 秒
2024-02-14 02:10:51 查询号码 【1763570】，返回信息 {"status":"ok","msg":"山西-太原","gid":"174668","time_insert":"2021-07-02 15:13"}
2024-02-14 02:10:51 查询号码 【1763570】，GSD为【"山西-太原"】

2024-02-14 02:10:52 开始第 3671 次操作

2024-02-14 02:10:52 开始操作号码 【1763571】
2024-02-14 02:10:56 GSD getOne 第 1 次 等待 3 秒
2024-02-14 02:10:59 查询号码 【1763571】，返回信息 {"status":"ok","msg":"山西-太原","gid":"174678","time_insert":"2021-07-02 15:14"}
2024-02-14 02:10:59 查询号码 【1763571】，GSD为【"山西-太原"】

2024-02-14 02:11:00 开始第 3672 次操作

2024-02-14 02:11:00 开始操作号码 【1763572】
2024-02-14 02:11:05 GSD getOne 第 1 次 等待 3 秒
2024-02-14 02:11:08 查询号码 【1763572】，返回信息 {"status":"ok","msg":"山西-太原","gid":"174684","time_insert":"2021-07-02 15:15"}
2024-02-14 02:11:08 查询号码 【1763572】，GSD为【"山西-太原"】

