2023-10-10 00:10:00 开始第 2509 次操作

2023-10-10 00:10:00 开始操作号码 【1972508】
2023-10-10 00:10:02 GSD getOne 第 1 次 等待 3 秒
2023-10-10 00:10:05 查询号码 【1972508】，返回信息 {"status":"ok","msg":"重庆-重庆","gid":"550445","time_insert":"2023-02-23 23:20","time_update":"2023-08-07 12:18"}
2023-10-10 00:10:05 查询号码 【1972508】，GSD为【"重庆-重庆"】

2023-10-10 00:10:06 开始第 2510 次操作

2023-10-10 00:10:06 开始操作号码 【1972509】
2023-10-10 00:10:14 GSD getOne 第 1 次 等待 3 秒
2023-10-10 00:10:17 查询号码 【1972509】，返回信息 {"status":"ok","msg":"重庆-重庆","gid":"550447","time_insert":"2023-02-23 23:21","time_update":"2023-08-07 12:40"}
2023-10-10 00:10:17 查询号码 【1972509】，GSD为【"重庆-重庆"】

2023-10-10 00:10:18 开始第 2511 次操作

2023-10-10 00:10:18 开始操作号码 【1972510】
2023-10-10 00:10:29 GSD getOne 第 1 次 等待 3 秒
2023-10-10 00:10:32 查询号码 【1972510】，返回信息 {"status":"ok","msg":"江苏-无锡","gid":"550449","time_insert":"2023-02-23 23:23"}
2023-10-10 00:10:32 查询号码 【1972510】，GSD为【"江苏-无锡"】

2023-10-10 00:10:33 开始第 2512 次操作

2023-10-10 00:10:33 开始操作号码 【1972511】
2023-10-10 00:10:40 GSD getOne 第 1 次 等待 3 秒
2023-10-10 00:10:43 查询号码 【1972511】，返回信息 {"status":"ok","msg":"江苏-镇江","gid":"550454","time_insert":"2023-02-23 23:25"}
2023-10-10 00:10:43 查询号码 【1972511】，GSD为【"江苏-镇江"】

2023-10-10 00:36:38 开始第 2513 次操作

2023-10-10 00:36:38 开始操作号码 【1972512】
2023-10-10 00:36:42 GSD getOne 第 1 次 等待 3 秒
2023-10-10 00:36:45 查询号码 【1972512】，返回信息 {"status":"ok","msg":"江苏-苏州","gid":"550470","time_insert":"2023-02-23 23:37"}
2023-10-10 00:36:45 查询号码 【1972512】，GSD为【"江苏-苏州"】

2023-10-10 00:36:46 开始第 2514 次操作

2023-10-10 00:36:46 开始操作号码 【1972513】
2023-10-10 00:36:50 GSD getOne 第 1 次 等待 3 秒
2023-10-10 00:36:53 查询号码 【1972513】，返回信息 {"status":"ok","msg":"江苏-南通","gid":"550473","time_insert":"2023-02-23 23:38"}
2023-10-10 00:36:53 查询号码 【1972513】，GSD为【"江苏-南通"】

2023-10-10 00:36:54 开始第 2515 次操作

2023-10-10 00:36:54 开始操作号码 【1972514】
2023-10-10 00:36:57 GSD getOne 第 1 次 等待 3 秒
2023-10-10 00:37:00 查询号码 【1972514】，返回信息 {"status":"ok","msg":"江苏-扬州","gid":"550483","time_insert":"2023-02-23 23:41"}
2023-10-10 00:37:00 查询号码 【1972514】，GSD为【"江苏-扬州"】

2023-10-10 00:37:01 开始第 2516 次操作

2023-10-10 00:37:01 开始操作号码 【1972515】
2023-10-10 00:37:04 GSD getOne 第 1 次 等待 3 秒
2023-10-10 00:37:07 查询号码 【1972515】，返回信息 {"status":"ok","msg":"江苏-盐城","gid":"550489","time_insert":"2023-02-23 23:44"}
2023-10-10 00:37:07 查询号码 【1972515】，GSD为【"江苏-盐城"】

2023-10-10 01:06:43 开始第 2517 次操作

2023-10-10 01:06:43 开始操作号码 【1972516】
2023-10-10 01:06:47 GSD getOne 第 1 次 等待 3 秒
2023-10-10 01:06:50 查询号码 【1972516】，返回信息 {"status":"ok","msg":"江苏-徐州","gid":"550492","time_insert":"2023-02-23 23:46"}
2023-10-10 01:06:50 查询号码 【1972516】，GSD为【"江苏-徐州"】

2023-10-10 01:06:51 开始第 2518 次操作

2023-10-10 01:06:51 开始操作号码 【1972517】
2023-10-10 01:06:56 GSD getOne 第 1 次 等待 3 秒
2023-10-10 01:06:59 查询号码 【1972517】，返回信息 {"status":"ok","msg":"江苏-淮安","gid":"550495","time_insert":"2023-02-23 23:49"}
2023-10-10 01:06:59 查询号码 【1972517】，GSD为【"江苏-淮安"】

2023-10-10 01:07:00 开始第 2519 次操作

2023-10-10 01:07:00 开始操作号码 【1972518】
2023-10-10 01:07:04 GSD getOne 第 1 次 等待 3 秒
2023-10-10 01:07:07 查询号码 【1972518】，返回信息 {"status":"ok","msg":"江苏-连云港","gid":"550502","time_insert":"2023-02-23 23:52"}
2023-10-10 01:07:07 查询号码 【1972518】，GSD为【"江苏-连云港"】

2023-10-10 01:07:08 开始第 2520 次操作

2023-10-10 01:07:08 开始操作号码 【1972519】
2023-10-10 01:07:12 GSD getOne 第 1 次 等待 3 秒
2023-10-10 01:07:15 查询号码 【1972519】，返回信息 {"status":"ok","msg":"江苏-常州","gid":"550506","time_insert":"2023-02-23 23:54"}
2023-10-10 01:07:15 查询号码 【1972519】，GSD为【"江苏-常州"】

2023-10-10 01:32:19 开始第 2521 次操作

2023-10-10 01:32:19 开始操作号码 【1972520】
2023-10-10 01:32:23 GSD getOne 第 1 次 等待 3 秒
2023-10-10 01:32:26 查询号码 【1972520】，返回信息 {"status":"ok","msg":"重庆-重庆","gid":"550511","time_insert":"2023-02-23 23:56","time_update":"2023-08-07 13:06"}
2023-10-10 01:32:26 查询号码 【1972520】，GSD为【"重庆-重庆"】

2023-10-10 01:32:27 开始第 2522 次操作

2023-10-10 01:32:27 开始操作号码 【1972521】
2023-10-10 01:32:29 GSD getOne 第 1 次 等待 3 秒
2023-10-10 01:32:32 查询号码 【1972521】，返回信息 {"status":"ok","msg":"重庆-重庆","gid":"550516","time_insert":"2023-02-23 23:58","time_update":"2023-08-07 13:33"}
2023-10-10 01:32:32 查询号码 【1972521】，GSD为【"重庆-重庆"】

2023-10-10 01:32:33 开始第 2523 次操作

2023-10-10 01:32:33 开始操作号码 【1972522】
2023-10-10 01:32:37 GSD getOne 第 1 次 等待 3 秒
2023-10-10 01:32:40 查询号码 【1972522】，返回信息 {"status":"ok","msg":"重庆-重庆","gid":"550522","time_insert":"2023-02-24 00:01"}
2023-10-10 01:32:40 查询号码 【1972522】，GSD为【"重庆-重庆"】

2023-10-10 01:32:41 开始第 2524 次操作

2023-10-10 01:32:41 开始操作号码 【1972523】
2023-10-10 01:32:49 GSD getOne 第 1 次 等待 3 秒
2023-10-10 01:32:52 查询号码 【1972523】，返回信息 {"status":"ok","msg":"江苏-泰州","gid":"550525","time_insert":"2023-02-24 00:03"}
2023-10-10 01:32:52 查询号码 【1972523】，GSD为【"江苏-泰州"】

2023-10-10 02:09:36 开始第 2525 次操作

2023-10-10 02:09:36 开始操作号码 【1972524】
2023-10-10 02:09:39 GSD getOne 第 1 次 等待 3 秒
2023-10-10 02:09:42 查询号码 【1972524】，返回信息 {"status":"ok","msg":"福建-厦门","gid":"550546","time_insert":"2023-02-24 00:21"}
2023-10-10 02:09:42 查询号码 【1972524】，GSD为【"福建-厦门"】

2023-10-10 02:09:43 开始第 2526 次操作

2023-10-10 02:09:43 开始操作号码 【1972525】
2023-10-10 02:09:46 GSD getOne 第 1 次 等待 3 秒
2023-10-10 02:09:49 查询号码 【1972525】，返回信息 {"status":"ok","msg":"重庆-重庆","gid":"550550","time_insert":"2023-02-24 00:23","time_update":"2023-08-07 13:57"}
2023-10-10 02:09:49 查询号码 【1972525】，GSD为【"重庆-重庆"】

2023-10-10 02:09:50 开始第 2527 次操作

2023-10-10 02:09:50 开始操作号码 【1972526】
2023-10-10 02:09:53 GSD getOne 第 1 次 等待 3 秒
2023-10-10 02:09:56 查询号码 【1972526】，返回信息 {"status":"ok","msg":"重庆-重庆","gid":"550557","time_insert":"2023-02-24 00:26","time_update":"2023-08-07 14:24"}
2023-10-10 02:09:56 查询号码 【1972526】，GSD为【"重庆-重庆"】

2023-10-10 02:09:57 开始第 2528 次操作

2023-10-10 02:09:57 开始操作号码 【1972527】
2023-10-10 02:10:00 GSD getOne 第 1 次 等待 3 秒
2023-10-10 02:10:03 查询号码 【1972527】，返回信息 {"status":"ok","msg":"江苏-宿迁","gid":"550558","time_insert":"2023-02-24 00:29"}
2023-10-10 02:10:03 查询号码 【1972527】，GSD为【"江苏-宿迁"】

2023-10-10 02:33:44 开始第 2529 次操作

2023-10-10 02:33:44 开始操作号码 【1972528】
2023-10-10 02:33:47 GSD getOne 第 1 次 等待 3 秒
2023-10-10 02:33:50 查询号码 【1972528】，返回信息 {"status":"ok","msg":"重庆-重庆","gid":"550583","time_insert":"2023-02-24 00:47","time_update":"2023-08-07 14:58"}
2023-10-10 02:33:50 查询号码 【1972528】，GSD为【"重庆-重庆"】

2023-10-10 02:33:51 开始第 2530 次操作

2023-10-10 02:33:51 开始操作号码 【1972529】
2023-10-10 02:34:01 GSD getOne 第 1 次 等待 3 秒
2023-10-10 02:34:04 查询号码 【1972529】，返回信息 {"status":"ok","msg":"重庆-重庆","gid":"550588","time_insert":"2023-02-24 00:50","time_update":"2023-08-07 15:25"}
2023-10-10 02:34:04 查询号码 【1972529】，GSD为【"重庆-重庆"】

2023-10-10 02:34:05 开始第 2531 次操作

2023-10-10 02:34:05 开始操作号码 【1972530】
2023-10-10 02:34:08 GSD getOne 第 1 次 等待 3 秒
2023-10-10 02:34:11 查询号码 【1972530】，返回信息 {"status":"ok","msg":"山东-菏泽","gid":"550590","time_insert":"2023-02-24 00:52"}
2023-10-10 02:34:11 查询号码 【1972530】，GSD为【"山东-菏泽"】

2023-10-10 02:34:12 开始第 2532 次操作

2023-10-10 02:34:12 开始操作号码 【1972531】
2023-10-10 02:34:15 GSD getOne 第 1 次 等待 3 秒
2023-10-10 02:34:18 查询号码 【1972531】，返回信息 {"status":"ok","msg":"山东-济南","gid":"550593","time_insert":"2023-02-24 00:54"}
2023-10-10 02:34:18 查询号码 【1972531】，GSD为【"山东-济南"】

