2023-11-09 00:09:52 开始第 7797 次操作

2023-11-09 00:09:52 开始操作号码 【1977696】
2023-11-09 00:09:57 GSD getOne 第 1 次 等待 3 秒
2023-11-09 00:10:00 查询号码 【1977696】，返回信息 {"status":"ok","msg":"-","gid":"582356","time_insert":"2023-03-10 20:02"}
2023-11-09 00:10:00 查询号码 【1977696】，GSD为【"-"】
2023-11-09 00:10:00 ok && -
2023-11-09 00:10:04 CHB 1977696?1699459800 第 1 次 等待 3 秒
2023-11-09 00:10:07 CHB 1977696?1699459800 第 1 次 获取到号码【1977696】GSD
2023-11-09 00:10:07 未获取到号码【1977696】GSD，可能号码格式错误
2023-11-09 00:10:07 获取到号码【1977696】的GSD为【-】
2023-11-09 00:10:12 GSD insert 第 1 次 等待 3 秒
2023-11-09 00:10:15 {"status":"bad","gid":"582356","msg":"添加失败！号码【1977696(-|-)】已存在！"}
2023-11-09 00:10:15 随机等待 142 秒，约 2 分钟
2023-11-09 00:10:15 下次操作: 2023-11-09 00:12:37

2023-11-09 00:12:37 开始第 7798 次操作

2023-11-09 00:12:37 开始操作号码 【1977697】
2023-11-09 00:12:40 GSD getOne 第 1 次 等待 3 秒
2023-11-09 00:12:43 查询号码 【1977697】，返回信息 {"status":"ok","msg":"-","gid":"582385","time_insert":"2023-03-10 20:27"}
2023-11-09 00:12:43 查询号码 【1977697】，GSD为【"-"】
2023-11-09 00:12:43 ok && -
2023-11-09 00:12:46 CHB 1977697?1699459963 第 1 次 等待 3 秒
2023-11-09 00:12:49 CHB 1977697?1699459963 第 1 次 获取到号码【1977697】GSD
2023-11-09 00:12:49 未获取到号码【1977697】GSD，可能号码格式错误
2023-11-09 00:12:49 获取到号码【1977697】的GSD为【-】
2023-11-09 00:12:53 GSD insert 第 1 次 等待 3 秒
2023-11-09 00:12:56 {"status":"bad","gid":"582385","msg":"添加失败！号码【1977697(-|-)】已存在！"}
2023-11-09 00:12:56 随机等待 121 秒，约 2 分钟
2023-11-09 00:12:56 下次操作: 2023-11-09 00:14:57

2023-11-09 00:14:57 开始第 7799 次操作

2023-11-09 00:14:57 开始操作号码 【1977698】
2023-11-09 00:15:01 GSD getOne 第 1 次 等待 3 秒
2023-11-09 00:15:04 查询号码 【1977698】，返回信息 {"status":"ok","msg":"-","gid":"582390","time_insert":"2023-03-10 20:29"}
2023-11-09 00:15:04 查询号码 【1977698】，GSD为【"-"】
2023-11-09 00:15:04 ok && -
2023-11-09 00:15:07 CHB 1977698?1699460104 第 1 次 等待 3 秒
2023-11-09 00:15:10 CHB 1977698?1699460104 第 1 次 获取到号码【1977698】GSD
2023-11-09 00:15:10 未获取到号码【1977698】GSD，可能号码格式错误
2023-11-09 00:15:10 获取到号码【1977698】的GSD为【-】
2023-11-09 00:15:13 GSD insert 第 1 次 等待 3 秒
2023-11-09 00:15:16 {"status":"bad","gid":"582390","msg":"添加失败！号码【1977698(-|-)】已存在！"}
2023-11-09 00:15:16 随机等待 181 秒，约 3 分钟
2023-11-09 00:15:16 下次操作: 2023-11-09 00:18:17

2023-11-09 00:18:17 开始第 7800 次操作

2023-11-09 00:18:17 开始操作号码 【1977699】
2023-11-09 00:18:21 GSD getOne 第 1 次 等待 3 秒
2023-11-09 00:18:24 查询号码 【1977699】，返回信息 {"status":"ok","msg":"-","gid":"582394","time_insert":"2023-03-10 20:32"}
2023-11-09 00:18:24 查询号码 【1977699】，GSD为【"-"】
2023-11-09 00:18:24 ok && -
2023-11-09 00:18:28 CHB 1977699?1699460304 第 1 次 等待 3 秒
2023-11-09 00:18:31 CHB 1977699?1699460304 第 1 次 获取到号码【1977699】GSD
2023-11-09 00:18:31 未获取到号码【1977699】GSD，可能号码格式错误
2023-11-09 00:18:31 获取到号码【1977699】的GSD为【-】
2023-11-09 00:18:38 GSD insert 第 1 次 等待 3 秒
2023-11-09 00:18:41 {"status":"bad","gid":"582394","msg":"添加失败！号码【1977699(-|-)】已存在！"}

2023-11-09 00:37:38 开始第 7801 次操作

2023-11-09 00:37:38 开始操作号码 【1977700】
2023-11-09 00:37:41 GSD getOne 第 1 次 等待 3 秒
2023-11-09 00:37:44 查询号码 【1977700】，返回信息 {"status":"ok","msg":"-","gid":"582396","time_insert":"2023-03-10 20:34"}
2023-11-09 00:37:45 查询号码 【1977700】，GSD为【"-"】
2023-11-09 00:37:45 ok && -
2023-11-09 00:37:49 CHB 1977700?1699461465 第 1 次 等待 3 秒
2023-11-09 00:37:52 CHB 1977700?1699461465 第 1 次 获取到号码【1977700】GSD
2023-11-09 00:37:52 未获取到号码【1977700】GSD，可能号码格式错误
2023-11-09 00:37:52 获取到号码【1977700】的GSD为【-】
2023-11-09 00:37:58 GSD insert 第 1 次 等待 3 秒
2023-11-09 00:38:01 {"status":"bad","gid":"582396","msg":"添加失败！号码【1977700(-|-)】已存在！"}
2023-11-09 00:38:01 随机等待 98 秒，约 1 分钟
2023-11-09 00:38:01 下次操作: 2023-11-09 00:39:39

2023-11-09 00:39:39 开始第 7802 次操作

2023-11-09 00:39:39 开始操作号码 【1977701】
2023-11-09 00:39:43 GSD getOne 第 1 次 等待 3 秒
2023-11-09 00:39:46 查询号码 【1977701】，返回信息 {"status":"ok","msg":"-","gid":"582425","time_insert":"2023-03-10 21:00"}
2023-11-09 00:39:46 查询号码 【1977701】，GSD为【"-"】
2023-11-09 00:39:46 ok && -
2023-11-09 00:39:49 CHB 1977701?1699461586 第 1 次 等待 3 秒
2023-11-09 00:39:52 CHB 1977701?1699461586 第 1 次 获取到号码【1977701】GSD
2023-11-09 00:39:52 未获取到号码【1977701】GSD，可能号码格式错误
2023-11-09 00:39:52 获取到号码【1977701】的GSD为【-】
2023-11-09 00:39:56 GSD insert 第 1 次 等待 3 秒
2023-11-09 00:39:59 {"status":"bad","gid":"582425","msg":"添加失败！号码【1977701(-|-)】已存在！"}
2023-11-09 00:39:59 随机等待 179 秒，约 2 分钟
2023-11-09 00:39:59 下次操作: 2023-11-09 00:42:58

2023-11-09 00:42:58 开始第 7803 次操作

2023-11-09 00:42:58 开始操作号码 【1977702】
2023-11-09 00:43:02 GSD getOne 第 1 次 等待 3 秒
2023-11-09 00:43:05 查询号码 【1977702】，返回信息 {"status":"ok","msg":"-","gid":"582432","time_insert":"2023-03-10 21:02"}
2023-11-09 00:43:05 查询号码 【1977702】，GSD为【"-"】
2023-11-09 00:43:05 ok && -
2023-11-09 00:43:08 CHB 1977702?1699461785 第 1 次 等待 3 秒
2023-11-09 00:43:11 CHB 1977702?1699461785 第 1 次 获取到号码【1977702】GSD
2023-11-09 00:43:11 未获取到号码【1977702】GSD，可能号码格式错误
2023-11-09 00:43:11 获取到号码【1977702】的GSD为【-】
2023-11-09 00:43:17 GSD insert 第 1 次 等待 3 秒
2023-11-09 00:43:20 {"status":"bad","gid":"582432","msg":"添加失败！号码【1977702(-|-)】已存在！"}
2023-11-09 00:43:20 随机等待 108 秒，约 1 分钟
2023-11-09 00:43:20 下次操作: 2023-11-09 00:45:08

2023-11-09 00:45:08 开始第 7804 次操作

2023-11-09 00:45:08 开始操作号码 【1977703】
2023-11-09 00:45:14 GSD getOne 第 1 次 等待 3 秒
2023-11-09 00:45:17 查询号码 【1977703】，返回信息 {"status":"ok","msg":"-","gid":"582436","time_insert":"2023-03-10 21:05"}
2023-11-09 00:45:17 查询号码 【1977703】，GSD为【"-"】
2023-11-09 00:45:17 ok && -
2023-11-09 00:45:21 CHB 1977703?1699461917 第 1 次 等待 3 秒
2023-11-09 00:45:24 CHB 1977703?1699461917 第 1 次 获取到号码【1977703】GSD
2023-11-09 00:45:24 未获取到号码【1977703】GSD，可能号码格式错误
2023-11-09 00:45:24 获取到号码【1977703】的GSD为【-】
2023-11-09 00:45:28 GSD insert 第 1 次 等待 3 秒
2023-11-09 00:45:31 {"status":"bad","gid":"582436","msg":"添加失败！号码【1977703(-|-)】已存在！"}

