2023-11-13 00:08:16 开始第 8529 次操作

2023-11-13 00:08:16 开始操作号码 【1978428】
2023-11-13 00:08:19 GSD getOne 第 1 次 等待 3 秒
2023-11-13 00:08:22 查询号码 【1978428】，返回信息 {"status":"ok","msg":"-","gid":"587324","time_insert":"2023-03-13 05:01"}
2023-11-13 00:08:22 查询号码 【1978428】，GSD为【"-"】
2023-11-13 00:08:22 ok && -
2023-11-13 00:08:25 CHB 1978428?1699805302 第 1 次 等待 3 秒
2023-11-13 00:08:28 CHB 1978428?1699805302 第 1 次 获取到号码【1978428】GSD
2023-11-13 00:08:28 未获取到号码【1978428】GSD，可能号码格式错误
2023-11-13 00:08:28 获取到号码【1978428】的GSD为【-】
2023-11-13 00:08:32 GSD insert 第 1 次 等待 3 秒
2023-11-13 00:08:35 {"status":"bad","gid":"587324","msg":"添加失败！号码【1978428(-|-)】已存在！"}
2023-11-13 00:08:35 随机等待 76 秒，约 1 分钟
2023-11-13 00:08:35 下次操作: 2023-11-13 00:09:51

2023-11-13 00:09:51 开始第 8530 次操作

2023-11-13 00:09:51 开始操作号码 【1978429】
2023-11-13 00:09:55 GSD getOne 第 1 次 等待 3 秒
2023-11-13 00:09:58 查询号码 【1978429】，返回信息 {"status":"ok","msg":"-","gid":"587327","time_insert":"2023-03-13 05:03"}
2023-11-13 00:09:58 查询号码 【1978429】，GSD为【"-"】
2023-11-13 00:09:58 ok && -
2023-11-13 00:10:01 CHB 1978429?1699805398 第 1 次 等待 3 秒
2023-11-13 00:10:04 CHB 1978429?1699805398 第 1 次 获取到号码【1978429】GSD
2023-11-13 00:10:04 未获取到号码【1978429】GSD，可能号码格式错误
2023-11-13 00:10:04 获取到号码【1978429】的GSD为【-】
2023-11-13 00:10:09 GSD insert 第 1 次 等待 3 秒
2023-11-13 00:10:12 {"status":"bad","gid":"587327","msg":"添加失败！号码【1978429(-|-)】已存在！"}
2023-11-13 00:10:12 随机等待 110 秒，约 1 分钟
2023-11-13 00:10:12 下次操作: 2023-11-13 00:12:02

2023-11-13 00:12:02 开始第 8531 次操作

2023-11-13 00:12:02 开始操作号码 【1978430】
2023-11-13 00:12:06 GSD getOne 第 1 次 等待 3 秒
2023-11-13 00:12:09 查询号码 【1978430】，返回信息 {"status":"ok","msg":"-","gid":"587334","time_insert":"2023-03-13 05:11"}
2023-11-13 00:12:09 查询号码 【1978430】，GSD为【"-"】
2023-11-13 00:12:09 ok && -
2023-11-13 00:12:13 CHB 1978430?1699805529 第 1 次 等待 3 秒
2023-11-13 00:12:16 CHB 1978430?1699805529 第 1 次 获取到号码【1978430】GSD
2023-11-13 00:12:16 未获取到号码【1978430】GSD，可能号码格式错误
2023-11-13 00:12:16 获取到号码【1978430】的GSD为【-】
2023-11-13 00:12:19 GSD insert 第 1 次 等待 3 秒
2023-11-13 00:12:22 {"status":"bad","gid":"587334","msg":"添加失败！号码【1978430(-|-)】已存在！"}
2023-11-13 00:12:22 随机等待 221 秒，约 3 分钟
2023-11-13 00:12:22 下次操作: 2023-11-13 00:16:03

2023-11-13 00:16:03 开始第 8532 次操作

2023-11-13 00:16:03 开始操作号码 【1978431】
2023-11-13 00:16:10 GSD getOne 第 1 次 等待 3 秒
2023-11-13 00:16:13 查询号码 【1978431】，返回信息 {"status":"ok","msg":"-","gid":"587340","time_insert":"2023-03-13 05:14"}
2023-11-13 00:16:13 查询号码 【1978431】，GSD为【"-"】
2023-11-13 00:16:13 ok && -
2023-11-13 00:16:15 CHB 1978431?1699805773 第 1 次 等待 3 秒
2023-11-13 00:16:18 CHB 1978431?1699805773 第 1 次 获取到号码【1978431】GSD
2023-11-13 00:16:18 未获取到号码【1978431】GSD，可能号码格式错误
2023-11-13 00:16:18 获取到号码【1978431】的GSD为【-】
2023-11-13 00:16:21 GSD insert 第 1 次 等待 3 秒
2023-11-13 00:16:24 {"status":"bad","gid":"587340","msg":"添加失败！号码【1978431(-|-)】已存在！"}

