2024-03-26 00:09:50 开始第 181 次操作

2024-03-26 00:09:50 开始操作号码 【1650082】
2024-03-26 00:10:00 GSD getOne 第 1 次 等待 3 秒
2024-03-26 00:10:03 查询号码 【1650082】，返回信息 {"status":"ok","msg":"黑龙江-齐齐哈尔","gid":"216003","time_insert":"2021-07-07 18:00"}
2024-03-26 00:10:03 查询号码 【1650082】，GSD为【"黑龙江-齐齐哈尔"】

2024-03-26 00:10:04 开始第 182 次操作

2024-03-26 00:10:04 开始操作号码 【1650083】
2024-03-26 00:10:09 GSD getOne 第 1 次 等待 3 秒
2024-03-26 00:10:12 查询号码 【1650083】，返回信息 {"status":"ok","msg":"黑龙江-黑河","gid":"216010","time_insert":"2021-07-07 18:01"}
2024-03-26 00:10:12 查询号码 【1650083】，GSD为【"黑龙江-黑河"】

2024-03-26 00:10:13 开始第 183 次操作

2024-03-26 00:10:13 开始操作号码 【1650084】
2024-03-26 00:10:21 GSD getOne 第 1 次 等待 3 秒
2024-03-26 00:10:24 查询号码 【1650084】，返回信息 {"status":"ok","msg":"内蒙古-通辽","gid":"216018","time_insert":"2021-07-07 18:02"}
2024-03-26 00:10:24 查询号码 【1650084】，GSD为【"内蒙古-通辽"】

2024-03-26 00:10:25 开始第 184 次操作

2024-03-26 00:10:25 开始操作号码 【1650085】
2024-03-26 00:10:31 GSD getOne 第 1 次 等待 3 秒
2024-03-26 00:10:34 查询号码 【1650085】，返回信息 {"status":"ok","msg":"黑龙江-牡丹江","gid":"216026","time_insert":"2021-07-07 18:02"}
2024-03-26 00:10:34 查询号码 【1650085】，GSD为【"黑龙江-牡丹江"】

2024-03-26 00:34:53 开始第 185 次操作

2024-03-26 00:34:53 开始操作号码 【1650086】
2024-03-26 00:35:00 GSD getOne 第 1 次 等待 3 秒
2024-03-26 00:35:03 查询号码 【1650086】，返回信息 {"status":"ok","msg":"黑龙江-绥化","gid":"216033","time_insert":"2021-07-07 18:03"}
2024-03-26 00:35:04 查询号码 【1650086】，GSD为【"黑龙江-绥化"】

2024-03-26 00:35:05 开始第 186 次操作

2024-03-26 00:35:05 开始操作号码 【1650087】
2024-03-26 00:35:10 GSD getOne 第 1 次 等待 3 秒
2024-03-26 00:35:13 查询号码 【1650087】，返回信息 {"status":"ok","msg":"黑龙江-鸡西","gid":"216039","time_insert":"2021-07-07 18:03"}
2024-03-26 00:35:13 查询号码 【1650087】，GSD为【"黑龙江-鸡西"】

2024-03-26 00:35:14 开始第 187 次操作

2024-03-26 00:35:14 开始操作号码 【1650088】
2024-03-26 00:35:20 GSD getOne 第 1 次 等待 3 秒
2024-03-26 00:35:23 查询号码 【1650088】，返回信息 {"status":"ok","msg":"黑龙江-黑河","gid":"216042","time_insert":"2021-07-07 18:04"}
2024-03-26 00:35:23 查询号码 【1650088】，GSD为【"黑龙江-黑河"】

2024-03-26 00:35:24 开始第 188 次操作

2024-03-26 00:35:24 开始操作号码 【1650089】
2024-03-26 00:35:31 GSD getOne 第 1 次 等待 3 秒
2024-03-26 00:35:34 查询号码 【1650089】，返回信息 {"status":"ok","msg":"黑龙江-哈尔滨","gid":"216045","time_insert":"2021-07-07 18:04"}
2024-03-26 00:35:34 查询号码 【1650089】，GSD为【"黑龙江-哈尔滨"】

