2024-02-17 00:09:31 开始第 4205 次操作

2024-02-17 00:09:31 开始操作号码 【1764105】
2024-02-17 00:09:37 GSD getOne 第 1 次 等待 3 秒
2024-02-17 00:09:40 查询号码 【1764105】，返回信息 {"status":"ok","msg":"辽宁-铁岭","gid":"180332","time_insert":"2021-07-03 10:14"}
2024-02-17 00:09:40 查询号码 【1764105】，GSD为【"辽宁-铁岭"】

2024-02-17 00:09:41 开始第 4206 次操作

2024-02-17 00:09:41 开始操作号码 【1764106】
2024-02-17 00:09:47 GSD getOne 第 1 次 等待 3 秒
2024-02-17 00:09:50 查询号码 【1764106】，返回信息 {"status":"ok","msg":"辽宁-铁岭","gid":"180342","time_insert":"2021-07-03 10:15"}
2024-02-17 00:09:50 查询号码 【1764106】，GSD为【"辽宁-铁岭"】

2024-02-17 00:09:51 开始第 4207 次操作

2024-02-17 00:09:51 开始操作号码 【1764107】
2024-02-17 00:09:57 GSD getOne 第 1 次 等待 3 秒
2024-02-17 00:10:00 查询号码 【1764107】，返回信息 {"status":"ok","msg":"辽宁-铁岭","gid":"180354","time_insert":"2021-07-03 10:16"}
2024-02-17 00:10:00 查询号码 【1764107】，GSD为【"辽宁-铁岭"】

2024-02-17 00:10:01 开始第 4208 次操作

2024-02-17 00:10:01 开始操作号码 【1764108】
2024-02-17 00:10:06 GSD getOne 第 1 次 等待 3 秒
2024-02-17 00:10:09 查询号码 【1764108】，返回信息 {"status":"ok","msg":"辽宁-铁岭","gid":"180363","time_insert":"2021-07-03 10:17"}
2024-02-17 00:10:09 查询号码 【1764108】，GSD为【"辽宁-铁岭"】

2024-02-17 00:34:00 开始第 4209 次操作

2024-02-17 00:34:00 开始操作号码 【1764109】
2024-02-17 00:34:05 GSD getOne 第 1 次 等待 3 秒
2024-02-17 00:34:08 查询号码 【1764109】，返回信息 {"status":"ok","msg":"辽宁-铁岭","gid":"180374","time_insert":"2021-07-03 10:17"}
2024-02-17 00:34:08 查询号码 【1764109】，GSD为【"辽宁-铁岭"】

2024-02-17 00:34:09 开始第 4210 次操作

2024-02-17 00:34:09 开始操作号码 【1764110】
2024-02-17 00:34:15 GSD getOne 第 1 次 等待 3 秒
2024-02-17 00:34:18 查询号码 【1764110】，返回信息 {"status":"ok","msg":"辽宁-大连","gid":"180385","time_insert":"2021-07-03 10:18"}
2024-02-17 00:34:18 查询号码 【1764110】，GSD为【"辽宁-大连"】

2024-02-17 00:34:19 开始第 4211 次操作

2024-02-17 00:34:19 开始操作号码 【1764111】
2024-02-17 00:34:24 GSD getOne 第 1 次 等待 3 秒
2024-02-17 00:34:27 查询号码 【1764111】，返回信息 {"status":"ok","msg":"辽宁-大连","gid":"180397","time_insert":"2021-07-03 10:19"}
2024-02-17 00:34:27 查询号码 【1764111】，GSD为【"辽宁-大连"】

2024-02-17 00:34:28 开始第 4212 次操作

2024-02-17 00:34:28 开始操作号码 【1764112】
2024-02-17 00:34:33 GSD getOne 第 1 次 等待 3 秒
2024-02-17 00:34:36 查询号码 【1764112】，返回信息 {"status":"ok","msg":"辽宁-大连","gid":"180407","time_insert":"2021-07-03 10:20"}
2024-02-17 00:34:36 查询号码 【1764112】，GSD为【"辽宁-大连"】

