2023-11-21 00:10:24 开始第 9985 次操作

2023-11-21 00:10:24 开始操作号码 【1979884】
2023-11-21 00:10:28 GSD getOne 第 1 次 等待 3 秒
2023-11-21 00:10:31 查询号码 【1979884】，返回信息 {"status":"ok","msg":"-","gid":"595709","time_insert":"2023-03-17 03:59"}
2023-11-21 00:10:31 查询号码 【1979884】，GSD为【"-"】
2023-11-21 00:10:31 ok && -
2023-11-21 00:10:38 CHB 1979884?1700496631 第 1 次 等待 3 秒
2023-11-21 00:10:41 CHB 1979884?1700496631 第 1 次 获取到号码【1979884】GSD
2023-11-21 00:10:41 未获取到号码【1979884】GSD，可能号码格式错误
2023-11-21 00:10:41 获取到号码【1979884】的GSD为【-】
2023-11-21 00:10:48 GSD insert 第 1 次 等待 3 秒
2023-11-21 00:10:51 {"status":"bad","gid":"595709","msg":"添加失败！号码【1979884(-|-)】已存在！"}
2023-11-21 00:10:51 随机等待 219 秒，约 3 分钟
2023-11-21 00:10:51 下次操作: 2023-11-21 00:14:30

2023-11-21 00:14:30 开始第 9986 次操作

2023-11-21 00:14:30 开始操作号码 【1979885】
2023-11-21 00:14:33 GSD getOne 第 1 次 等待 3 秒
2023-11-21 00:14:36 查询号码 【1979885】，返回信息 {"status":"ok","msg":"-","gid":"595710","time_insert":"2023-03-17 04:01"}
2023-11-21 00:14:36 查询号码 【1979885】，GSD为【"-"】
2023-11-21 00:14:36 ok && -
2023-11-21 00:14:38 CHB 1979885?1700496876 第 1 次 等待 3 秒
2023-11-21 00:14:41 CHB 1979885?1700496876 第 1 次 获取到号码【1979885】GSD
2023-11-21 00:14:41 未获取到号码【1979885】GSD，可能号码格式错误
2023-11-21 00:14:41 获取到号码【1979885】的GSD为【-】
2023-11-21 00:14:45 GSD insert 第 1 次 等待 3 秒
2023-11-21 00:14:48 {"status":"bad","gid":"595710","msg":"添加失败！号码【1979885(-|-)】已存在！"}
2023-11-21 00:14:48 随机等待 209 秒，约 3 分钟
2023-11-21 00:14:48 下次操作: 2023-11-21 00:18:17

2023-11-21 00:18:17 开始第 9987 次操作

2023-11-21 00:18:17 开始操作号码 【1979886】
2023-11-21 00:18:29 GSD getOne 第 1 次 等待 3 秒
2023-11-21 00:18:32 查询号码 【1979886】，返回信息 {"status":"ok","msg":"-","gid":"595724","time_insert":"2023-03-17 04:13"}
2023-11-21 00:18:32 查询号码 【1979886】，GSD为【"-"】
2023-11-21 00:18:32 ok && -
2023-11-21 00:18:35 CHB 1979886?1700497112 第 1 次 等待 3 秒
2023-11-21 00:18:38 CHB 1979886?1700497112 第 1 次 获取到号码【1979886】GSD
2023-11-21 00:18:38 未获取到号码【1979886】GSD，可能号码格式错误
2023-11-21 00:18:38 获取到号码【1979886】的GSD为【-】
2023-11-21 00:18:42 GSD insert 第 1 次 等待 3 秒
2023-11-21 00:18:45 {"status":"bad","gid":"595724","msg":"添加失败！号码【1979886(-|-)】已存在！"}
2023-11-21 00:18:46 随机等待 148 秒，约 2 分钟
2023-11-21 00:18:46 下次操作: 2023-11-21 00:21:13

2023-11-21 00:21:14 开始第 9988 次操作

2023-11-21 00:21:14 开始操作号码 【1979887】
2023-11-21 00:21:18 GSD getOne 第 1 次 等待 3 秒
2023-11-21 00:21:21 查询号码 【1979887】，返回信息 {"status":"ok","msg":"-","gid":"595728","time_insert":"2023-03-17 04:16"}
2023-11-21 00:21:21 查询号码 【1979887】，GSD为【"-"】
2023-11-21 00:21:21 ok && -
2023-11-21 00:21:23 CHB 1979887?1700497281 第 1 次 等待 3 秒
2023-11-21 00:21:26 CHB 1979887?1700497281 第 1 次 获取到号码【1979887】GSD
2023-11-21 00:21:26 未获取到号码【1979887】GSD，可能号码格式错误
2023-11-21 00:21:26 获取到号码【1979887】的GSD为【-】
2023-11-21 00:21:30 GSD insert 第 1 次 等待 3 秒
2023-11-21 00:21:33 {"status":"bad","gid":"595728","msg":"添加失败！号码【1979887(-|-)】已存在！"}

2023-11-21 00:35:43 开始第 9989 次操作

2023-11-21 00:35:43 开始操作号码 【1979888】
2023-11-21 00:35:50 GSD getOne 第 1 次 等待 3 秒
2023-11-21 00:35:53 查询号码 【1979888】，返回信息 {"status":"ok","msg":"-","gid":"595729","time_insert":"2023-03-17 04:19"}
2023-11-21 00:35:53 查询号码 【1979888】，GSD为【"-"】
2023-11-21 00:35:53 ok && -
2023-11-21 00:35:57 CHB 1979888?1700498153 第 1 次 等待 3 秒
2023-11-21 00:36:00 CHB 1979888?1700498153 第 1 次 获取到号码【1979888】GSD
2023-11-21 00:36:00 未获取到号码【1979888】GSD，可能号码格式错误
2023-11-21 00:36:00 获取到号码【1979888】的GSD为【-】
2023-11-21 00:36:08 GSD insert 第 1 次 等待 3 秒
2023-11-21 00:36:11 {"status":"bad","gid":"595729","msg":"添加失败！号码【1979888(-|-)】已存在！"}
2023-11-21 00:36:11 随机等待 76 秒，约 1 分钟
2023-11-21 00:36:11 下次操作: 2023-11-21 00:37:27

2023-11-21 00:37:27 开始第 9990 次操作

2023-11-21 00:37:27 开始操作号码 【1979889】
2023-11-21 00:37:32 GSD getOne 第 1 次 等待 3 秒
2023-11-21 00:37:35 查询号码 【1979889】，返回信息 {"status":"ok","msg":"-","gid":"595734","time_insert":"2023-03-17 04:22"}
2023-11-21 00:37:35 查询号码 【1979889】，GSD为【"-"】
2023-11-21 00:37:35 ok && -
2023-11-21 00:37:38 CHB 1979889?1700498255 第 1 次 等待 3 秒
2023-11-21 00:37:41 CHB 1979889?1700498255 第 1 次 获取到号码【1979889】GSD
2023-11-21 00:37:41 未获取到号码【1979889】GSD，可能号码格式错误
2023-11-21 00:37:41 获取到号码【1979889】的GSD为【-】
2023-11-21 00:37:54 GSD insert 第 1 次 等待 3 秒
2023-11-21 00:37:57 {"status":"bad","gid":"595734","msg":"添加失败！号码【1979889(-|-)】已存在！"}
2023-11-21 00:37:57 随机等待 205 秒，约 3 分钟
2023-11-21 00:37:57 下次操作: 2023-11-21 00:41:22

2023-11-21 00:41:22 开始第 9991 次操作

2023-11-21 00:41:22 开始操作号码 【1979890】
2023-11-21 00:41:26 GSD getOne 第 1 次 等待 3 秒
2023-11-21 00:41:29 查询号码 【1979890】，返回信息 {"status":"ok","msg":"-","gid":"595740","time_insert":"2023-03-17 04:28"}
2023-11-21 00:41:29 查询号码 【1979890】，GSD为【"-"】
2023-11-21 00:41:29 ok && -
2023-11-21 00:41:33 CHB 1979890?1700498489 第 1 次 等待 3 秒
2023-11-21 00:41:36 CHB 1979890?1700498489 第 1 次 获取到号码【1979890】GSD
2023-11-21 00:41:36 未获取到号码【1979890】GSD，可能号码格式错误
2023-11-21 00:41:36 获取到号码【1979890】的GSD为【-】
2023-11-21 00:41:39 GSD insert 第 1 次 等待 3 秒
2023-11-21 00:41:42 {"status":"bad","gid":"595740","msg":"添加失败！号码【1979890(-|-)】已存在！"}
2023-11-21 00:41:42 随机等待 208 秒，约 3 分钟
2023-11-21 00:41:42 下次操作: 2023-11-21 00:45:10

2023-11-21 00:45:10 开始第 9992 次操作

2023-11-21 00:45:10 开始操作号码 【1979891】
2023-11-21 00:45:15 GSD getOne 第 1 次 等待 3 秒
2023-11-21 00:45:18 查询号码 【1979891】，返回信息 {"status":"ok","msg":"-","gid":"595746","time_insert":"2023-03-17 04:31"}
2023-11-21 00:45:18 查询号码 【1979891】，GSD为【"-"】
2023-11-21 00:45:18 ok && -
2023-11-21 00:45:21 CHB 1979891?1700498718 第 1 次 等待 3 秒
2023-11-21 00:45:24 CHB 1979891?1700498718 第 1 次 获取到号码【1979891】GSD
2023-11-21 00:45:24 未获取到号码【1979891】GSD，可能号码格式错误
2023-11-21 00:45:24 获取到号码【1979891】的GSD为【-】
2023-11-21 00:45:28 GSD insert 第 1 次 等待 3 秒
2023-11-21 00:45:31 {"status":"bad","gid":"595746","msg":"添加失败！号码【1979891(-|-)】已存在！"}

2023-11-21 01:06:12 开始第 9993 次操作

2023-11-21 01:06:12 开始操作号码 【1979892】
2023-11-21 01:06:16 GSD getOne 第 1 次 等待 3 秒
2023-11-21 01:06:19 查询号码 【1979892】，返回信息 {"status":"ok","msg":"-","gid":"595749","time_insert":"2023-03-17 04:34"}
2023-11-21 01:06:19 查询号码 【1979892】，GSD为【"-"】
2023-11-21 01:06:19 ok && -
2023-11-21 01:06:23 CHB 1979892?1700499979 第 1 次 等待 3 秒
2023-11-21 01:06:26 CHB 1979892?1700499979 第 1 次 获取到号码【1979892】GSD
2023-11-21 01:06:26 未获取到号码【1979892】GSD，可能号码格式错误
2023-11-21 01:06:26 获取到号码【1979892】的GSD为【-】
2023-11-21 01:06:32 GSD insert 第 1 次 等待 3 秒
2023-11-21 01:06:35 {"status":"bad","gid":"595749","msg":"添加失败！号码【1979892(-|-)】已存在！"}
2023-11-21 01:06:35 随机等待 147 秒，约 2 分钟
2023-11-21 01:06:35 下次操作: 2023-11-21 01:09:02

2023-11-21 01:09:02 开始第 9994 次操作

2023-11-21 01:09:02 开始操作号码 【1979893】
2023-11-21 01:09:09 GSD getOne 第 1 次 等待 3 秒
2023-11-21 01:09:12 查询号码 【1979893】，返回信息 {"status":"ok","msg":"-","gid":"595750","time_insert":"2023-03-17 04:36"}
2023-11-21 01:09:13 查询号码 【1979893】，GSD为【"-"】
2023-11-21 01:09:13 ok && -
2023-11-21 01:09:15 CHB 1979893?1700500153 第 1 次 等待 3 秒
2023-11-21 01:09:18 CHB 1979893?1700500153 第 1 次 获取到号码【1979893】GSD
2023-11-21 01:09:18 未获取到号码【1979893】GSD，可能号码格式错误
2023-11-21 01:09:18 获取到号码【1979893】的GSD为【-】
2023-11-21 01:09:22 GSD insert 第 1 次 等待 3 秒
2023-11-21 01:09:25 {"status":"bad","gid":"595750","msg":"添加失败！号码【1979893(-|-)】已存在！"}
2023-11-21 01:09:25 随机等待 182 秒，约 3 分钟
2023-11-21 01:09:25 下次操作: 2023-11-21 01:12:27

2023-11-21 01:12:27 开始第 9995 次操作

2023-11-21 01:12:27 开始操作号码 【1979894】
2023-11-21 01:12:34 GSD getOne 第 1 次 等待 3 秒
2023-11-21 01:12:37 查询号码 【1979894】，返回信息 {"status":"ok","msg":"-","gid":"595754","time_insert":"2023-03-17 04:38"}
2023-11-21 01:12:37 查询号码 【1979894】，GSD为【"-"】
2023-11-21 01:12:37 ok && -
2023-11-21 01:12:40 CHB 1979894?1700500357 第 1 次 等待 3 秒
2023-11-21 01:12:43 CHB 1979894?1700500357 第 1 次 获取到号码【1979894】GSD
2023-11-21 01:12:43 未获取到号码【1979894】GSD，可能号码格式错误
2023-11-21 01:12:43 获取到号码【1979894】的GSD为【-】
2023-11-21 01:12:46 GSD insert 第 1 次 等待 3 秒
2023-11-21 01:12:49 {"status":"bad","gid":"595754","msg":"添加失败！号码【1979894(-|-)】已存在！"}
2023-11-21 01:12:49 随机等待 179 秒，约 2 分钟
2023-11-21 01:12:49 下次操作: 2023-11-21 01:15:48

2023-11-21 01:15:48 开始第 9996 次操作

2023-11-21 01:15:48 开始操作号码 【1979895】
2023-11-21 01:15:52 GSD getOne 第 1 次 等待 3 秒
2023-11-21 01:15:55 查询号码 【1979895】，返回信息 {"status":"ok","msg":"-","gid":"595756","time_insert":"2023-03-17 04:40"}
2023-11-21 01:15:55 查询号码 【1979895】，GSD为【"-"】
2023-11-21 01:15:55 ok && -
2023-11-21 01:15:57 CHB 1979895?1700500555 第 1 次 等待 3 秒
2023-11-21 01:16:00 CHB 1979895?1700500555 第 1 次 获取到号码【1979895】GSD
2023-11-21 01:16:00 未获取到号码【1979895】GSD，可能号码格式错误
2023-11-21 01:16:00 获取到号码【1979895】的GSD为【-】
2023-11-21 01:16:09 GSD insert 第 1 次 等待 3 秒
2023-11-21 01:16:12 {"status":"bad","gid":"595756","msg":"添加失败！号码【1979895(-|-)】已存在！"}

2023-11-21 01:32:24 开始第 9997 次操作

2023-11-21 01:32:24 开始操作号码 【1979896】
2023-11-21 01:32:28 GSD getOne 第 1 次 等待 3 秒
2023-11-21 01:32:31 查询号码 【1979896】，返回信息 {"status":"ok","msg":"-","gid":"595759","time_insert":"2023-03-17 04:42"}
2023-11-21 01:32:31 查询号码 【1979896】，GSD为【"-"】
2023-11-21 01:32:31 ok && -
2023-11-21 01:32:33 CHB 1979896?1700501551 第 1 次 等待 3 秒
2023-11-21 01:32:36 CHB 1979896?1700501551 第 1 次 获取到号码【1979896】GSD
2023-11-21 01:32:36 未获取到号码【1979896】GSD，可能号码格式错误
2023-11-21 01:32:36 获取到号码【1979896】的GSD为【-】
2023-11-21 01:32:40 GSD insert 第 1 次 等待 3 秒
2023-11-21 01:32:43 {"status":"bad","gid":"595759","msg":"添加失败！号码【1979896(-|-)】已存在！"}
2023-11-21 01:32:43 随机等待 128 秒，约 2 分钟
2023-11-21 01:32:43 下次操作: 2023-11-21 01:34:51

2023-11-21 01:34:51 开始第 9998 次操作

2023-11-21 01:34:51 开始操作号码 【1979897】
2023-11-21 01:34:54 GSD getOne 第 1 次 等待 3 秒
2023-11-21 01:34:57 查询号码 【1979897】，返回信息 {"status":"ok","msg":"-","gid":"595764","time_insert":"2023-03-17 04:45"}
2023-11-21 01:34:57 查询号码 【1979897】，GSD为【"-"】
2023-11-21 01:34:57 ok && -
2023-11-21 01:35:00 CHB 1979897?1700501697 第 1 次 等待 3 秒
2023-11-21 01:35:03 CHB 1979897?1700501697 第 1 次 获取到号码【1979897】GSD
2023-11-21 01:35:04 未获取到号码【1979897】GSD，可能号码格式错误
2023-11-21 01:35:04 获取到号码【1979897】的GSD为【-】
2023-11-21 01:35:07 GSD insert 第 1 次 等待 3 秒
2023-11-21 01:35:10 {"status":"bad","gid":"595764","msg":"添加失败！号码【1979897(-|-)】已存在！"}
2023-11-21 01:35:10 随机等待 171 秒，约 2 分钟
2023-11-21 01:35:10 下次操作: 2023-11-21 01:38:01

2023-11-21 01:38:01 开始第 9999 次操作

2023-11-21 01:38:01 开始操作号码 【1979898】
2023-11-21 01:38:05 GSD getOne 第 1 次 等待 3 秒
2023-11-21 01:38:08 查询号码 【1979898】，返回信息 {"status":"ok","msg":"-","gid":"595769","time_insert":"2023-03-17 04:48"}
2023-11-21 01:38:08 查询号码 【1979898】，GSD为【"-"】
2023-11-21 01:38:08 ok && -
2023-11-21 01:38:11 CHB 1979898?1700501888 第 1 次 等待 3 秒
2023-11-21 01:38:14 CHB 1979898?1700501888 第 1 次 获取到号码【1979898】GSD
2023-11-21 01:38:14 未获取到号码【1979898】GSD，可能号码格式错误
2023-11-21 01:38:14 获取到号码【1979898】的GSD为【-】
2023-11-21 01:38:19 GSD insert 第 1 次 等待 3 秒
2023-11-21 01:38:22 {"status":"bad","gid":"595769","msg":"添加失败！号码【1979898(-|-)】已存在！"}
2023-11-21 01:38:22 随机等待 191 秒，约 3 分钟
2023-11-21 01:38:22 下次操作: 2023-11-21 01:41:33

2023-11-21 01:41:33 开始第 10000 次操作

2023-11-21 01:41:33 开始操作号码 【1979899】
2023-11-21 01:41:36 GSD getOne 第 1 次 等待 3 秒
2023-11-21 01:41:39 查询号码 【1979899】，返回信息 {"status":"ok","msg":"-","gid":"595772","time_insert":"2023-03-17 04:49"}
2023-11-21 01:41:39 查询号码 【1979899】，GSD为【"-"】
2023-11-21 01:41:39 ok && -
2023-11-21 01:41:42 CHB 1979899?1700502099 第 1 次 等待 3 秒
2023-11-21 01:41:45 CHB 1979899?1700502099 第 1 次 获取到号码【1979899】GSD
2023-11-21 01:41:45 未获取到号码【1979899】GSD，可能号码格式错误
2023-11-21 01:41:45 获取到号码【1979899】的GSD为【-】
2023-11-21 01:41:49 GSD insert 第 1 次 等待 3 秒
2023-11-21 01:41:52 {"status":"bad","gid":"595772","msg":"添加失败！号码【1979899(-|-)】已存在！"}

2023-11-21 02:35:07 开始第 1 次操作

2023-11-21 02:35:07 开始操作号码 【1979900】
2023-11-21 02:35:11 GSD getOne 第 1 次 等待 3 秒
2023-11-21 02:35:14 查询号码 【1979900】，返回信息 {"status":"ok","msg":"-","gid":"595773","time_insert":"2023-03-17 04:51"}
2023-11-21 02:35:14 查询号码 【1979900】，GSD为【"-"】
2023-11-21 02:35:14 ok && -
2023-11-21 02:35:17 CHB 1979900?1700505314 第 1 次 等待 3 秒
2023-11-21 02:35:20 CHB 1979900?1700505314 第 1 次 获取到号码【1979900】GSD
2023-11-21 02:35:20 未获取到号码【1979900】GSD，可能号码格式错误
2023-11-21 02:35:20 获取到号码【1979900】的GSD为【-】
2023-11-21 02:35:23 GSD insert 第 1 次 等待 3 秒
2023-11-21 02:35:26 {"status":"bad","gid":"595773","msg":"添加失败！号码【1979900(-|-)】已存在！"}
2023-11-21 02:35:26 随机等待 224 秒，约 3 分钟
2023-11-21 02:35:26 下次操作: 2023-11-21 02:39:10

2023-11-21 02:39:10 开始第 2 次操作

2023-11-21 02:39:10 开始操作号码 【1979901】
2023-11-21 02:39:14 GSD getOne 第 1 次 等待 3 秒
2023-11-21 02:39:17 查询号码 【1979901】，返回信息 {"status":"ok","msg":"-","gid":"595776","time_insert":"2023-03-17 04:53"}
2023-11-21 02:39:17 查询号码 【1979901】，GSD为【"-"】
2023-11-21 02:39:17 ok && -
2023-11-21 02:39:19 CHB 1979901?1700505557 第 1 次 等待 3 秒
2023-11-21 02:39:22 CHB 1979901?1700505557 第 1 次 获取到号码【1979901】GSD
2023-11-21 02:39:22 未获取到号码【1979901】GSD，可能号码格式错误
2023-11-21 02:39:22 获取到号码【1979901】的GSD为【-】
2023-11-21 02:39:27 GSD insert 第 1 次 等待 3 秒
2023-11-21 02:39:30 {"status":"bad","gid":"595776","msg":"添加失败！号码【1979901(-|-)】已存在！"}
2023-11-21 02:39:30 随机等待 214 秒，约 3 分钟
2023-11-21 02:39:30 下次操作: 2023-11-21 02:43:04

2023-11-21 02:43:04 开始第 3 次操作

2023-11-21 02:43:04 开始操作号码 【1979902】
2023-11-21 02:43:08 GSD getOne 第 1 次 等待 3 秒
2023-11-21 02:43:11 查询号码 【1979902】，返回信息 {"status":"ok","msg":"-","gid":"595782","time_insert":"2023-03-17 04:57"}
2023-11-21 02:43:11 查询号码 【1979902】，GSD为【"-"】
2023-11-21 02:43:11 ok && -
2023-11-21 02:43:13 CHB 1979902?1700505791 第 1 次 等待 3 秒
2023-11-21 02:43:16 CHB 1979902?1700505791 第 1 次 获取到号码【1979902】GSD
2023-11-21 02:43:16 未获取到号码【1979902】GSD，可能号码格式错误
2023-11-21 02:43:16 获取到号码【1979902】的GSD为【-】
2023-11-21 02:43:20 GSD insert 第 1 次 等待 3 秒
2023-11-21 02:43:23 {"status":"bad","gid":"595782","msg":"添加失败！号码【1979902(-|-)】已存在！"}
2023-11-21 02:43:23 随机等待 101 秒，约 1 分钟
2023-11-21 02:43:23 下次操作: 2023-11-21 02:45:04

2023-11-21 02:45:04 开始第 4 次操作

2023-11-21 02:45:04 开始操作号码 【1979903】
2023-11-21 02:45:07 GSD getOne 第 1 次 等待 3 秒
2023-11-21 02:45:10 查询号码 【1979903】，返回信息 {"status":"ok","msg":"-","gid":"595786","time_insert":"2023-03-17 04:59"}
2023-11-21 02:45:10 查询号码 【1979903】，GSD为【"-"】
2023-11-21 02:45:10 ok && -
2023-11-21 02:45:13 CHB 1979903?1700505910 第 1 次 等待 3 秒
2023-11-21 02:45:16 CHB 1979903?1700505910 第 1 次 获取到号码【1979903】GSD
2023-11-21 02:45:16 未获取到号码【1979903】GSD，可能号码格式错误
2023-11-21 02:45:16 获取到号码【1979903】的GSD为【-】
2023-11-21 02:45:19 GSD insert 第 1 次 等待 3 秒
2023-11-21 02:45:22 {"status":"bad","gid":"595786","msg":"添加失败！号码【1979903(-|-)】已存在！"}

2023-11-21 03:06:25 开始第 5 次操作

2023-11-21 03:06:25 开始操作号码 【1979904】
2023-11-21 03:06:29 GSD getOne 第 1 次 等待 3 秒
2023-11-21 03:06:32 查询号码 【1979904】，返回信息 {"status":"ok","msg":"-","gid":"595789","time_insert":"2023-03-17 05:02"}
2023-11-21 03:06:32 查询号码 【1979904】，GSD为【"-"】
2023-11-21 03:06:32 ok && -
2023-11-21 03:06:34 CHB 1979904?1700507192 第 1 次 等待 3 秒
2023-11-21 03:06:37 CHB 1979904?1700507192 第 1 次 获取到号码【1979904】GSD
2023-11-21 03:06:37 未获取到号码【1979904】GSD，可能号码格式错误
2023-11-21 03:06:37 获取到号码【1979904】的GSD为【-】
2023-11-21 03:06:41 GSD insert 第 1 次 等待 3 秒
2023-11-21 03:06:44 {"status":"bad","gid":"595789","msg":"添加失败！号码【1979904(-|-)】已存在！"}
2023-11-21 03:06:44 随机等待 81 秒，约 1 分钟
2023-11-21 03:06:44 下次操作: 2023-11-21 03:08:05

2023-11-21 03:08:05 开始第 6 次操作

2023-11-21 03:08:05 开始操作号码 【1979905】
2023-11-21 03:08:09 GSD getOne 第 1 次 等待 3 秒
2023-11-21 03:08:12 查询号码 【1979905】，返回信息 {"status":"ok","msg":"-","gid":"595790","time_insert":"2023-03-17 05:03"}
2023-11-21 03:08:12 查询号码 【1979905】，GSD为【"-"】
2023-11-21 03:08:12 ok && -
2023-11-21 03:08:14 CHB 1979905?1700507292 第 1 次 等待 3 秒
2023-11-21 03:08:17 CHB 1979905?1700507292 第 1 次 获取到号码【1979905】GSD
2023-11-21 03:08:17 未获取到号码【1979905】GSD，可能号码格式错误
2023-11-21 03:08:17 获取到号码【1979905】的GSD为【-】
2023-11-21 03:08:20 GSD insert 第 1 次 等待 3 秒
2023-11-21 03:08:23 {"status":"bad","gid":"595790","msg":"添加失败！号码【1979905(-|-)】已存在！"}
2023-11-21 03:08:23 随机等待 193 秒，约 3 分钟
2023-11-21 03:08:23 下次操作: 2023-11-21 03:11:36

2023-11-21 03:11:36 开始第 7 次操作

2023-11-21 03:11:36 开始操作号码 【1979906】
2023-11-21 03:11:40 GSD getOne 第 1 次 等待 3 秒
2023-11-21 03:11:43 查询号码 【1979906】，返回信息 {"status":"ok","msg":"-","gid":"595800","time_insert":"2023-03-17 05:14"}
2023-11-21 03:11:43 查询号码 【1979906】，GSD为【"-"】
2023-11-21 03:11:43 ok && -
2023-11-21 03:11:45 CHB 1979906?1700507503 第 1 次 等待 3 秒
2023-11-21 03:11:48 CHB 1979906?1700507503 第 1 次 获取到号码【1979906】GSD
2023-11-21 03:11:48 未获取到号码【1979906】GSD，可能号码格式错误
2023-11-21 03:11:48 获取到号码【1979906】的GSD为【-】
2023-11-21 03:11:52 GSD insert 第 1 次 等待 3 秒
2023-11-21 03:11:55 {"status":"bad","gid":"595800","msg":"添加失败！号码【1979906(-|-)】已存在！"}
2023-11-21 03:11:55 随机等待 83 秒，约 1 分钟
2023-11-21 03:11:55 下次操作: 2023-11-21 03:13:18

2023-11-21 03:13:18 开始第 8 次操作

2023-11-21 03:13:18 开始操作号码 【1979907】
2023-11-21 03:13:21 GSD getOne 第 1 次 等待 3 秒
2023-11-21 03:13:24 查询号码 【1979907】，返回信息 {"status":"ok","msg":"-","gid":"595803","time_insert":"2023-03-17 05:16"}
2023-11-21 03:13:25 查询号码 【1979907】，GSD为【"-"】
2023-11-21 03:13:25 ok && -
2023-11-21 03:13:27 CHB 1979907?1700507605 第 1 次 等待 3 秒
2023-11-21 03:13:30 CHB 1979907?1700507605 第 1 次 获取到号码【1979907】GSD
2023-11-21 03:13:30 未获取到号码【1979907】GSD，可能号码格式错误
2023-11-21 03:13:30 获取到号码【1979907】的GSD为【-】
2023-11-21 03:13:33 GSD insert 第 1 次 等待 3 秒
2023-11-21 03:13:36 {"status":"bad","gid":"595803","msg":"添加失败！号码【1979907(-|-)】已存在！"}

