2024-07-31 00:12:02 开始第 9089 次操作

2024-07-31 00:12:02 开始操作号码 【1548971】
2024-07-31 00:12:11 GSD getOne 第 1 次 等待 3 秒
2024-07-31 00:12:14 查询号码 【1548971】，返回信息 {"status":"ok","msg":"-","gid":"679318","time_insert":"2023-04-26 22:37"}
2024-07-31 00:12:14 查询号码 【1548971】，GSD为【"-"】
2024-07-31 00:12:14 ok && -
2024-07-31 00:12:17 CHB 1548971?1722355934 第 1 次 等待 3 秒
2024-07-31 00:12:20 CHB 1548971?1722355934 第 1 次 获取到号码【1548971】GSD
2024-07-31 00:12:20 未获取到号码【1548971】GSD，可能号码格式错误
2024-07-31 00:12:20 获取到号码【1548971】的GSD为【-】
2024-07-31 00:12:29 GSD insert 第 1 次 等待 3 秒
2024-07-31 00:12:32 {"status":"bad","gid":"679318","msg":"添加失败！号码【1548971(-|-)】已存在！"}
2024-07-31 00:12:32 随机等待 158 秒，约 2 分钟
2024-07-31 00:12:32 下次操作: 2024-07-31 00:15:10

2024-07-31 00:15:10 开始第 9090 次操作

2024-07-31 00:15:10 开始操作号码 【1548972】
2024-07-31 00:15:18 GSD getOne 第 1 次 等待 3 秒
2024-07-31 00:15:21 查询号码 【1548972】，返回信息 {"status":"ok","msg":"-","gid":"679315","time_insert":"2023-04-26 22:34"}
2024-07-31 00:15:21 查询号码 【1548972】，GSD为【"-"】
2024-07-31 00:15:21 ok && -
2024-07-31 00:15:24 CHB 1548972?1722356121 第 1 次 等待 3 秒
2024-07-31 00:15:27 CHB 1548972?1722356121 第 1 次 获取到号码【1548972】GSD
2024-07-31 00:15:27 未获取到号码【1548972】GSD，可能号码格式错误
2024-07-31 00:15:27 获取到号码【1548972】的GSD为【-】
2024-07-31 00:15:36 GSD insert 第 1 次 等待 3 秒
2024-07-31 00:15:39 {"status":"bad","gid":"679315","msg":"添加失败！号码【1548972(-|-)】已存在！"}
2024-07-31 00:15:39 随机等待 189 秒，约 3 分钟
2024-07-31 00:15:39 下次操作: 2024-07-31 00:18:48

2024-07-31 00:18:48 开始第 9091 次操作

2024-07-31 00:18:48 开始操作号码 【1548973】
2024-07-31 00:18:56 GSD getOne 第 1 次 等待 3 秒
2024-07-31 00:18:59 查询号码 【1548973】，返回信息 {"status":"ok","msg":"-","gid":"679307","time_insert":"2023-04-26 22:31"}
2024-07-31 00:18:59 查询号码 【1548973】，GSD为【"-"】
2024-07-31 00:18:59 ok && -
2024-07-31 00:19:00 CHB 1548973?1722356339 第 1 次 等待 3 秒
2024-07-31 00:19:03 CHB 1548973?1722356339 第 1 次 获取到号码【1548973】GSD
2024-07-31 00:19:03 未获取到号码【1548973】GSD，可能号码格式错误
2024-07-31 00:19:03 获取到号码【1548973】的GSD为【-】
2024-07-31 00:19:11 GSD insert 第 1 次 等待 3 秒
2024-07-31 00:19:14 {"status":"bad","gid":"679307","msg":"添加失败！号码【1548973(-|-)】已存在！"}
2024-07-31 00:19:14 随机等待 94 秒，约 1 分钟
2024-07-31 00:19:14 下次操作: 2024-07-31 00:20:48

2024-07-31 00:20:48 开始第 9092 次操作

2024-07-31 00:20:48 开始操作号码 【1548974】
2024-07-31 00:20:57 GSD getOne 第 1 次 等待 3 秒
2024-07-31 00:21:00 查询号码 【1548974】，返回信息 {"status":"ok","msg":"-","gid":"679302","time_insert":"2023-04-26 22:29"}
2024-07-31 00:21:00 查询号码 【1548974】，GSD为【"-"】
2024-07-31 00:21:00 ok && -
2024-07-31 00:21:02 CHB 1548974?1722356460 第 1 次 等待 3 秒
2024-07-31 00:21:05 CHB 1548974?1722356460 第 1 次 获取到号码【1548974】GSD
2024-07-31 00:21:05 未获取到号码【1548974】GSD，可能号码格式错误
2024-07-31 00:21:05 获取到号码【1548974】的GSD为【-】
2024-07-31 00:21:13 GSD insert 第 1 次 等待 3 秒
2024-07-31 00:21:16 {"status":"bad","gid":"679302","msg":"添加失败！号码【1548974(-|-)】已存在！"}

