2024-06-11 00:11:04 开始第 106 次操作
2024-06-11 00:11:04 号码【165（0000 ---> 9999）】处理完毕
2024-06-11 00:37:57 开始第 106 次操作
2024-06-11 00:37:57 号码【165（0000 ---> 9999）】处理完毕
2024-06-11 01:07:01 开始第 106 次操作
2024-06-11 01:07:01 号码【165（0000 ---> 9999）】处理完毕
2024-06-11 01:32:10 开始第 106 次操作
2024-06-11 01:32:10 号码【165（0000 ---> 9999）】处理完毕
2024-06-11 02:11:29 开始第 106 次操作
2024-06-11 02:11:29 号码【165（0000 ---> 9999）】处理完毕
2024-06-11 02:36:27 开始第 106 次操作
2024-06-11 02:36:27 号码【165（0000 ---> 9999）】处理完毕
2024-06-11 03:07:34 开始第 106 次操作
2024-06-11 03:07:34 号码【165（0000 ---> 9999）】处理完毕
2024-06-11 03:32:18 开始第 106 次操作
2024-06-11 03:32:18 号码【165（0000 ---> 9999）】处理完毕
2024-06-11 04:08:50 开始第 106 次操作
2024-06-11 04:08:50 号码【165（0000 ---> 9999）】处理完毕
2024-06-11 04:32:30 开始第 106 次操作
2024-06-11 04:32:30 号码【165（0000 ---> 9999）】处理完毕
2024-06-11 05:08:51 开始第 106 次操作
2024-06-11 05:08:51 号码【165（0000 ---> 9999）】处理完毕
2024-06-11 05:32:26 开始第 106 次操作
2024-06-11 05:32:26 号码【165（0000 ---> 9999）】处理完毕
2024-06-11 06:09:30 开始第 106 次操作
2024-06-11 06:09:30 号码【165（0000 ---> 9999）】处理完毕
2024-06-11 06:34:30 开始第 106 次操作
2024-06-11 06:34:30 号码【165（0000 ---> 9999）】处理完毕
2024-06-11 07:08:15 开始第 106 次操作
2024-06-11 07:08:15 号码【165（0000 ---> 9999）】处理完毕
2024-06-11 07:32:40 开始第 106 次操作
2024-06-11 07:32:40 号码【165（0000 ---> 9999）】处理完毕
2024-06-11 08:39:40 开始第 106 次操作
2024-06-11 08:39:40 号码【165（0000 ---> 9999）】处理完毕
2024-06-11 09:55:30 开始第 106 次操作
2024-06-11 09:55:30 号码【165（0000 ---> 9999）】处理完毕
2024-06-11 10:20:57 开始第 106 次操作

2024-06-11 10:20:57 开始操作号码 【1540001】
2024-06-11 10:21:06 GSD getOne 第 1 次 等待 3 秒
2024-06-11 10:21:09 查询号码 【1540001】，返回信息 {"status":"ok","msg":"-","gid":"520714","time_insert":"2023-02-07 17:29"}
2024-06-11 10:21:09 查询号码 【1540001】，GSD为【"-"】
2024-06-11 10:21:09 ok && -
2024-06-11 10:21:11 CHB 1540001?1718072469 第 1 次 等待 3 秒
2024-06-11 10:21:14 CHB 1540001?1718072469 第 1 次 获取到号码【1540001】GSD
2024-06-11 10:21:14 未获取到号码【1540001】GSD，可能号码格式错误
2024-06-11 10:21:14 获取到号码【1540001】的GSD为【-】
2024-06-11 10:21:21 GSD insert 第 1 次 等待 3 秒
2024-06-11 10:21:24 {"status":"bad","gid":"520714","msg":"添加失败！号码【1540001(-|-)】已存在！"}
2024-06-11 10:21:24 随机等待 185 秒，约 3 分钟
2024-06-11 10:21:24 下次操作: 2024-06-11 10:24:29

2024-06-11 10:24:29 开始第 107 次操作

2024-06-11 10:24:29 开始操作号码 【1540002】
2024-06-11 10:24:34 GSD getOne 第 1 次 等待 3 秒
2024-06-11 10:24:37 查询号码 【1540002】，返回信息 {"status":"ok","msg":"-","gid":"520723","time_insert":"2023-02-07 17:38"}
2024-06-11 10:24:37 查询号码 【1540002】，GSD为【"-"】
2024-06-11 10:24:37 ok && -
2024-06-11 10:24:39 CHB 1540002?1718072677 第 1 次 等待 3 秒
2024-06-11 10:24:42 CHB 1540002?1718072677 第 1 次 获取到号码【1540002】GSD
2024-06-11 10:24:42 未获取到号码【1540002】GSD，可能号码格式错误
2024-06-11 10:24:42 获取到号码【1540002】的GSD为【-】
2024-06-11 10:24:47 GSD insert 第 1 次 等待 3 秒
2024-06-11 10:24:50 {"status":"bad","gid":"520723","msg":"添加失败！号码【1540002(-|-)】已存在！"}
2024-06-11 10:24:50 随机等待 175 秒，约 2 分钟
2024-06-11 10:24:50 下次操作: 2024-06-11 10:27:45

2024-06-11 10:27:45 开始第 108 次操作

2024-06-11 10:27:45 开始操作号码 【1540003】
2024-06-11 10:27:55 GSD getOne 第 1 次 等待 3 秒
2024-06-11 10:27:58 查询号码 【1540003】，返回信息 {"status":"ok","msg":"-","gid":"520730","time_insert":"2023-02-07 17:48"}
2024-06-11 10:27:58 查询号码 【1540003】，GSD为【"-"】
2024-06-11 10:27:58 ok && -
2024-06-11 10:28:00 CHB 1540003?1718072878 第 1 次 等待 3 秒
2024-06-11 10:28:03 CHB 1540003?1718072878 第 1 次 获取到号码【1540003】GSD
2024-06-11 10:28:03 未获取到号码【1540003】GSD，可能号码格式错误
2024-06-11 10:28:03 获取到号码【1540003】的GSD为【-】
2024-06-11 10:28:14 GSD insert 第 1 次 等待 3 秒
2024-06-11 10:28:17 {"status":"bad","gid":"520730","msg":"添加失败！号码【1540003(-|-)】已存在！"}

