2024-06-19 00:11:11 开始第 1485 次操作

2024-06-19 00:11:11 开始操作号码 【1541378】
2024-06-19 00:11:23 GSD getOne 第 1 次 等待 3 秒
2024-06-19 00:11:26 查询号码 【1541378】，返回信息 {"status":"ok","msg":"-","gid":"538806","time_insert":"2023-02-18 21:36"}
2024-06-19 00:11:26 查询号码 【1541378】，GSD为【"-"】
2024-06-19 00:11:26 ok && -
2024-06-19 00:11:28 CHB 1541378?1718727086 第 1 次 等待 3 秒
2024-06-19 00:11:31 CHB 1541378?1718727086 第 1 次 获取到号码【1541378】GSD
2024-06-19 00:11:31 未获取到号码【1541378】GSD，可能号码格式错误
2024-06-19 00:11:31 获取到号码【1541378】的GSD为【-】
2024-06-19 00:11:39 GSD insert 第 1 次 等待 3 秒
2024-06-19 00:11:42 {"status":"bad","gid":"538806","msg":"添加失败！号码【1541378(-|-)】已存在！"}
2024-06-19 00:11:42 随机等待 191 秒，约 3 分钟
2024-06-19 00:11:42 下次操作: 2024-06-19 00:14:53

2024-06-19 00:14:53 开始第 1486 次操作

2024-06-19 00:14:53 开始操作号码 【1541379】
2024-06-19 00:14:59 GSD getOne 第 1 次 等待 3 秒
2024-06-19 00:15:02 查询号码 【1541379】，返回信息 {"status":"ok","msg":"-","gid":"538834","time_insert":"2023-02-18 21:52"}
2024-06-19 00:15:02 查询号码 【1541379】，GSD为【"-"】
2024-06-19 00:15:02 ok && -
2024-06-19 00:15:04 CHB 1541379?1718727302 第 1 次 等待 3 秒
2024-06-19 00:15:07 CHB 1541379?1718727302 第 1 次 获取到号码【1541379】GSD
2024-06-19 00:15:07 未获取到号码【1541379】GSD，可能号码格式错误
2024-06-19 00:15:07 获取到号码【1541379】的GSD为【-】
2024-06-19 00:15:12 GSD insert 第 1 次 等待 3 秒
2024-06-19 00:15:15 {"status":"bad","gid":"538834","msg":"添加失败！号码【1541379(-|-)】已存在！"}
2024-06-19 00:15:15 随机等待 150 秒，约 2 分钟
2024-06-19 00:15:15 下次操作: 2024-06-19 00:17:45

2024-06-19 00:17:45 开始第 1487 次操作

2024-06-19 00:17:45 开始操作号码 【1541380】
2024-06-19 00:17:53 GSD getOne 第 1 次 等待 3 秒
2024-06-19 00:17:56 查询号码 【1541380】，返回信息 {"status":"ok","msg":"-","gid":"538851","time_insert":"2023-02-18 22:00"}
2024-06-19 00:17:56 查询号码 【1541380】，GSD为【"-"】
2024-06-19 00:17:56 ok && -
2024-06-19 00:17:59 CHB 1541380?1718727476 第 1 次 等待 3 秒
2024-06-19 00:18:02 CHB 1541380?1718727476 第 1 次 获取到号码【1541380】GSD
2024-06-19 00:18:02 未获取到号码【1541380】GSD，可能号码格式错误
2024-06-19 00:18:02 获取到号码【1541380】的GSD为【-】
2024-06-19 00:18:09 GSD insert 第 1 次 等待 3 秒
2024-06-19 00:18:12 {"status":"bad","gid":"538851","msg":"添加失败！号码【1541380(-|-)】已存在！"}
2024-06-19 00:18:12 随机等待 91 秒，约 1 分钟
2024-06-19 00:18:12 下次操作: 2024-06-19 00:19:43

2024-06-19 00:19:43 开始第 1488 次操作

2024-06-19 00:19:43 开始操作号码 【1541381】
2024-06-19 00:19:57 GSD getOne 第 1 次 等待 3 秒
2024-06-19 00:20:00 查询号码 【1541381】，返回信息 {"status":"ok","msg":"-","gid":"538864","time_insert":"2023-02-18 22:11"}
2024-06-19 00:20:00 查询号码 【1541381】，GSD为【"-"】
2024-06-19 00:20:00 ok && -
2024-06-19 00:20:02 CHB 1541381?1718727600 第 1 次 等待 3 秒
2024-06-19 00:20:05 CHB 1541381?1718727600 第 1 次 获取到号码【1541381】GSD
2024-06-19 00:20:05 未获取到号码【1541381】GSD，可能号码格式错误
2024-06-19 00:20:05 获取到号码【1541381】的GSD为【-】
2024-06-19 00:20:20 GSD insert 第 1 次 等待 3 秒
2024-06-19 00:20:23 {"status":"bad","gid":"538864","msg":"添加失败！号码【1541381(-|-)】已存在！"}

2024-06-19 00:37:47 开始第 1489 次操作

2024-06-19 00:37:47 开始操作号码 【1541382】
2024-06-19 00:37:54 GSD getOne 第 1 次 等待 3 秒
2024-06-19 00:37:57 查询号码 【1541382】，返回信息 {"status":"ok","msg":"-","gid":"538889","time_insert":"2023-02-18 22:29"}
2024-06-19 00:37:57 查询号码 【1541382】，GSD为【"-"】
2024-06-19 00:37:57 ok && -
2024-06-19 00:37:59 CHB 1541382?1718728677 第 1 次 等待 3 秒
2024-06-19 00:38:02 CHB 1541382?1718728677 第 1 次 获取到号码【1541382】GSD
2024-06-19 00:38:02 未获取到号码【1541382】GSD，可能号码格式错误
2024-06-19 00:38:02 获取到号码【1541382】的GSD为【-】
2024-06-19 00:38:11 GSD insert 第 1 次 等待 3 秒
2024-06-19 00:38:14 {"status":"bad","gid":"538889","msg":"添加失败！号码【1541382(-|-)】已存在！"}
2024-06-19 00:38:14 随机等待 125 秒，约 2 分钟
2024-06-19 00:38:14 下次操作: 2024-06-19 00:40:19

2024-06-19 00:40:19 开始第 1490 次操作

2024-06-19 00:40:19 开始操作号码 【1541383】
2024-06-19 00:40:25 GSD getOne 第 1 次 等待 3 秒
2024-06-19 00:40:28 查询号码 【1541383】，返回信息 {"status":"ok","msg":"-","gid":"538916","time_insert":"2023-02-18 22:42"}
2024-06-19 00:40:28 查询号码 【1541383】，GSD为【"-"】
2024-06-19 00:40:28 ok && -
2024-06-19 00:40:30 CHB 1541383?1718728828 第 1 次 等待 3 秒
2024-06-19 00:40:33 CHB 1541383?1718728828 第 1 次 获取到号码【1541383】GSD
2024-06-19 00:40:34 未获取到号码【1541383】GSD，可能号码格式错误
2024-06-19 00:40:34 获取到号码【1541383】的GSD为【-】
2024-06-19 00:40:43 GSD insert 第 1 次 等待 3 秒
2024-06-19 00:40:46 {"status":"bad","gid":"538916","msg":"添加失败！号码【1541383(-|-)】已存在！"}
2024-06-19 00:40:46 随机等待 110 秒，约 1 分钟
2024-06-19 00:40:46 下次操作: 2024-06-19 00:42:36

2024-06-19 00:42:36 开始第 1491 次操作

2024-06-19 00:42:36 开始操作号码 【1541384】
2024-06-19 00:42:41 GSD getOne 第 1 次 等待 3 秒
2024-06-19 00:42:44 查询号码 【1541384】，返回信息 {"status":"ok","msg":"-","gid":"538951","time_insert":"2023-02-18 23:01"}
2024-06-19 00:42:44 查询号码 【1541384】，GSD为【"-"】
2024-06-19 00:42:44 ok && -
2024-06-19 00:42:46 CHB 1541384?1718728964 第 1 次 等待 3 秒
2024-06-19 00:42:49 CHB 1541384?1718728964 第 1 次 获取到号码【1541384】GSD
2024-06-19 00:42:49 未获取到号码【1541384】GSD，可能号码格式错误
2024-06-19 00:42:49 获取到号码【1541384】的GSD为【-】
2024-06-19 00:42:55 GSD insert 第 1 次 等待 3 秒
2024-06-19 00:42:58 {"status":"bad","gid":"538951","msg":"添加失败！号码【1541384(-|-)】已存在！"}
2024-06-19 00:42:58 随机等待 208 秒，约 3 分钟
2024-06-19 00:42:58 下次操作: 2024-06-19 00:46:26

2024-06-19 00:46:26 开始第 1492 次操作

2024-06-19 00:46:26 开始操作号码 【1541385】
2024-06-19 00:46:33 GSD getOne 第 1 次 等待 3 秒
2024-06-19 00:46:36 查询号码 【1541385】，返回信息 {"status":"ok","msg":"-","gid":"538968","time_insert":"2023-02-18 23:13"}
2024-06-19 00:46:36 查询号码 【1541385】，GSD为【"-"】
2024-06-19 00:46:36 ok && -
2024-06-19 00:46:38 CHB 1541385?1718729196 第 1 次 等待 3 秒
2024-06-19 00:46:41 CHB 1541385?1718729196 第 1 次 获取到号码【1541385】GSD
2024-06-19 00:46:41 未获取到号码【1541385】GSD，可能号码格式错误
2024-06-19 00:46:41 获取到号码【1541385】的GSD为【-】
2024-06-19 00:46:47 GSD insert 第 1 次 等待 3 秒
2024-06-19 00:46:50 {"status":"bad","gid":"538968","msg":"添加失败！号码【1541385(-|-)】已存在！"}

2024-06-19 01:08:01 开始第 1493 次操作

2024-06-19 01:08:01 开始操作号码 【1541386】
2024-06-19 01:08:08 GSD getOne 第 1 次 等待 3 秒
2024-06-19 01:08:11 查询号码 【1541386】，返回信息 {"status":"ok","msg":"-","gid":"538997","time_insert":"2023-02-18 23:30"}
2024-06-19 01:08:11 查询号码 【1541386】，GSD为【"-"】
2024-06-19 01:08:11 ok && -
2024-06-19 01:08:14 CHB 1541386?1718730491 第 1 次 等待 3 秒
2024-06-19 01:08:17 CHB 1541386?1718730491 第 1 次 获取到号码【1541386】GSD
2024-06-19 01:08:17 未获取到号码【1541386】GSD，可能号码格式错误
2024-06-19 01:08:17 获取到号码【1541386】的GSD为【-】
2024-06-19 01:08:24 GSD insert 第 1 次 等待 3 秒
2024-06-19 01:08:27 {"status":"bad","gid":"538997","msg":"添加失败！号码【1541386(-|-)】已存在！"}
2024-06-19 01:08:27 随机等待 163 秒，约 2 分钟
2024-06-19 01:08:27 下次操作: 2024-06-19 01:11:10

2024-06-19 01:11:10 开始第 1494 次操作

2024-06-19 01:11:10 开始操作号码 【1541387】
2024-06-19 01:11:16 GSD getOne 第 1 次 等待 3 秒
2024-06-19 01:11:19 查询号码 【1541387】，返回信息 {"status":"ok","msg":"-","gid":"539016","time_insert":"2023-02-18 23:42"}
2024-06-19 01:11:19 查询号码 【1541387】，GSD为【"-"】
2024-06-19 01:11:19 ok && -
2024-06-19 01:11:21 CHB 1541387?1718730679 第 1 次 等待 3 秒
2024-06-19 01:11:24 CHB 1541387?1718730679 第 1 次 获取到号码【1541387】GSD
2024-06-19 01:11:24 未获取到号码【1541387】GSD，可能号码格式错误
2024-06-19 01:11:24 获取到号码【1541387】的GSD为【-】
2024-06-19 01:11:33 GSD insert 第 1 次 等待 3 秒
2024-06-19 01:11:36 {"status":"bad","gid":"539016","msg":"添加失败！号码【1541387(-|-)】已存在！"}
2024-06-19 01:11:36 随机等待 107 秒，约 1 分钟
2024-06-19 01:11:36 下次操作: 2024-06-19 01:13:23

2024-06-19 01:13:23 开始第 1495 次操作

2024-06-19 01:13:23 开始操作号码 【1541388】
2024-06-19 01:13:32 GSD getOne 第 1 次 等待 3 秒
2024-06-19 01:13:35 查询号码 【1541388】，返回信息 {"status":"ok","msg":"-","gid":"539038","time_insert":"2023-02-18 23:55"}
2024-06-19 01:13:35 查询号码 【1541388】，GSD为【"-"】
2024-06-19 01:13:35 ok && -
2024-06-19 01:13:38 CHB 1541388?1718730815 第 1 次 等待 3 秒
2024-06-19 01:13:41 CHB 1541388?1718730815 第 1 次 获取到号码【1541388】GSD
2024-06-19 01:13:41 未获取到号码【1541388】GSD，可能号码格式错误
2024-06-19 01:13:41 获取到号码【1541388】的GSD为【-】
2024-06-19 01:13:48 GSD insert 第 1 次 等待 3 秒
2024-06-19 01:13:51 {"status":"bad","gid":"539038","msg":"添加失败！号码【1541388(-|-)】已存在！"}
2024-06-19 01:13:51 随机等待 121 秒，约 2 分钟
2024-06-19 01:13:51 下次操作: 2024-06-19 01:15:52

2024-06-19 01:15:52 开始第 1496 次操作

2024-06-19 01:15:52 开始操作号码 【1541389】
2024-06-19 01:15:57 GSD getOne 第 1 次 等待 3 秒
2024-06-19 01:16:00 查询号码 【1541389】，返回信息 {"status":"ok","msg":"-","gid":"539066","time_insert":"2023-02-19 00:13"}
2024-06-19 01:16:00 查询号码 【1541389】，GSD为【"-"】
2024-06-19 01:16:00 ok && -
2024-06-19 01:16:03 CHB 1541389?1718730960 第 1 次 等待 3 秒
2024-06-19 01:16:06 CHB 1541389?1718730960 第 1 次 获取到号码【1541389】GSD
2024-06-19 01:16:06 未获取到号码【1541389】GSD，可能号码格式错误
2024-06-19 01:16:06 获取到号码【1541389】的GSD为【-】
2024-06-19 01:16:11 GSD insert 第 1 次 等待 3 秒
2024-06-19 01:16:14 {"status":"bad","gid":"539066","msg":"添加失败！号码【1541389(-|-)】已存在！"}

2024-06-19 01:34:14 开始第 1497 次操作

2024-06-19 01:34:14 开始操作号码 【1541390】
2024-06-19 01:34:24 GSD getOne 第 1 次 等待 3 秒
2024-06-19 01:34:27 查询号码 【1541390】，返回信息 {"status":"ok","msg":"-","gid":"539085","time_insert":"2023-02-19 00:26"}
2024-06-19 01:34:27 查询号码 【1541390】，GSD为【"-"】
2024-06-19 01:34:27 ok && -
2024-06-19 01:34:29 CHB 1541390?1718732067 第 1 次 等待 3 秒
2024-06-19 01:34:32 CHB 1541390?1718732067 第 1 次 获取到号码【1541390】GSD
2024-06-19 01:34:32 未获取到号码【1541390】GSD，可能号码格式错误
2024-06-19 01:34:32 获取到号码【1541390】的GSD为【-】
2024-06-19 01:34:39 GSD insert 第 1 次 等待 3 秒
2024-06-19 01:34:42 {"status":"bad","gid":"539085","msg":"添加失败！号码【1541390(-|-)】已存在！"}
2024-06-19 01:34:42 随机等待 191 秒，约 3 分钟
2024-06-19 01:34:42 下次操作: 2024-06-19 01:37:53

2024-06-19 01:37:53 开始第 1498 次操作

2024-06-19 01:37:53 开始操作号码 【1541391】
2024-06-19 01:38:01 GSD getOne 第 1 次 等待 3 秒
2024-06-19 01:38:04 查询号码 【1541391】，返回信息 {"status":"ok","msg":"-","gid":"539102","time_insert":"2023-02-19 00:39"}
2024-06-19 01:38:04 查询号码 【1541391】，GSD为【"-"】
2024-06-19 01:38:04 ok && -
2024-06-19 01:38:06 CHB 1541391?1718732284 第 1 次 等待 3 秒
2024-06-19 01:38:09 CHB 1541391?1718732284 第 1 次 获取到号码【1541391】GSD
2024-06-19 01:38:09 未获取到号码【1541391】GSD，可能号码格式错误
2024-06-19 01:38:09 获取到号码【1541391】的GSD为【-】
2024-06-19 01:38:19 GSD insert 第 1 次 等待 3 秒
2024-06-19 01:38:22 {"status":"bad","gid":"539102","msg":"添加失败！号码【1541391(-|-)】已存在！"}
2024-06-19 01:38:22 随机等待 111 秒，约 1 分钟
2024-06-19 01:38:22 下次操作: 2024-06-19 01:40:13

2024-06-19 01:40:13 开始第 1499 次操作

2024-06-19 01:40:13 开始操作号码 【1541392】
2024-06-19 01:40:19 GSD getOne 第 1 次 等待 3 秒
2024-06-19 01:40:22 查询号码 【1541392】，返回信息 {"status":"ok","msg":"-","gid":"539130","time_insert":"2023-02-19 00:55"}
2024-06-19 01:40:22 查询号码 【1541392】，GSD为【"-"】
2024-06-19 01:40:22 ok && -
2024-06-19 01:40:24 CHB 1541392?1718732422 第 1 次 等待 3 秒
2024-06-19 01:40:27 CHB 1541392?1718732422 第 1 次 获取到号码【1541392】GSD
2024-06-19 01:40:27 未获取到号码【1541392】GSD，可能号码格式错误
2024-06-19 01:40:27 获取到号码【1541392】的GSD为【-】
2024-06-19 01:40:34 GSD insert 第 1 次 等待 3 秒
2024-06-19 01:40:37 {"status":"bad","gid":"539130","msg":"添加失败！号码【1541392(-|-)】已存在！"}
2024-06-19 01:40:37 随机等待 178 秒，约 2 分钟
2024-06-19 01:40:37 下次操作: 2024-06-19 01:43:35

2024-06-19 01:43:35 开始第 1500 次操作

2024-06-19 01:43:35 开始操作号码 【1541393】
2024-06-19 01:43:41 GSD getOne 第 1 次 等待 3 秒
2024-06-19 01:43:44 查询号码 【1541393】，返回信息 {"status":"ok","msg":"-","gid":"539158","time_insert":"2023-02-19 01:14"}
2024-06-19 01:43:44 查询号码 【1541393】，GSD为【"-"】
2024-06-19 01:43:44 ok && -
2024-06-19 01:43:47 CHB 1541393?1718732624 第 1 次 等待 3 秒
2024-06-19 01:43:50 CHB 1541393?1718732624 第 1 次 获取到号码【1541393】GSD
2024-06-19 01:43:50 未获取到号码【1541393】GSD，可能号码格式错误
2024-06-19 01:43:50 获取到号码【1541393】的GSD为【-】
2024-06-19 01:43:55 GSD insert 第 1 次 等待 3 秒
2024-06-19 01:43:58 {"status":"bad","gid":"539158","msg":"添加失败！号码【1541393(-|-)】已存在！"}

2024-06-19 02:12:00 开始第 1501 次操作

2024-06-19 02:12:00 开始操作号码 【1541394】
2024-06-19 02:12:06 GSD getOne 第 1 次 等待 3 秒
2024-06-19 02:12:09 查询号码 【1541394】，返回信息 {"status":"ok","msg":"-","gid":"539183","time_insert":"2023-02-19 01:31"}
2024-06-19 02:12:09 查询号码 【1541394】，GSD为【"-"】
2024-06-19 02:12:09 ok && -
2024-06-19 02:12:12 CHB 1541394?1718734329 第 1 次 等待 3 秒
2024-06-19 02:12:15 CHB 1541394?1718734329 第 1 次 获取到号码【1541394】GSD
2024-06-19 02:12:15 未获取到号码【1541394】GSD，可能号码格式错误
2024-06-19 02:12:15 获取到号码【1541394】的GSD为【-】
2024-06-19 02:12:24 GSD insert 第 1 次 等待 3 秒
2024-06-19 02:12:27 {"status":"bad","gid":"539183","msg":"添加失败！号码【1541394(-|-)】已存在！"}
2024-06-19 02:12:27 随机等待 96 秒，约 1 分钟
2024-06-19 02:12:27 下次操作: 2024-06-19 02:14:03

2024-06-19 02:14:03 开始第 1502 次操作

2024-06-19 02:14:03 开始操作号码 【1541395】
2024-06-19 02:14:13 GSD getOne 第 1 次 等待 3 秒
2024-06-19 02:14:16 查询号码 【1541395】，返回信息 {"status":"ok","msg":"-","gid":"539206","time_insert":"2023-02-19 01:43"}
2024-06-19 02:14:16 查询号码 【1541395】，GSD为【"-"】
2024-06-19 02:14:16 ok && -
2024-06-19 02:14:17 CHB 1541395?1718734456 第 1 次 等待 3 秒
2024-06-19 02:14:20 CHB 1541395?1718734456 第 1 次 获取到号码【1541395】GSD
2024-06-19 02:14:20 未获取到号码【1541395】GSD，可能号码格式错误
2024-06-19 02:14:20 获取到号码【1541395】的GSD为【-】
2024-06-19 02:14:27 GSD insert 第 1 次 等待 3 秒
2024-06-19 02:14:30 {"status":"bad","gid":"539206","msg":"添加失败！号码【1541395(-|-)】已存在！"}
2024-06-19 02:14:30 随机等待 90 秒，约 1 分钟
2024-06-19 02:14:30 下次操作: 2024-06-19 02:16:00

2024-06-19 02:16:00 开始第 1503 次操作

2024-06-19 02:16:00 开始操作号码 【1541396】
2024-06-19 02:16:06 GSD getOne 第 1 次 等待 3 秒
2024-06-19 02:16:09 查询号码 【1541396】，返回信息 {"status":"ok","msg":"-","gid":"539228","time_insert":"2023-02-19 01:54"}
2024-06-19 02:16:09 查询号码 【1541396】，GSD为【"-"】
2024-06-19 02:16:09 ok && -
2024-06-19 02:16:11 CHB 1541396?1718734569 第 1 次 等待 3 秒
2024-06-19 02:16:14 CHB 1541396?1718734569 第 1 次 获取到号码【1541396】GSD
2024-06-19 02:16:14 未获取到号码【1541396】GSD，可能号码格式错误
2024-06-19 02:16:14 获取到号码【1541396】的GSD为【-】
2024-06-19 02:16:21 GSD insert 第 1 次 等待 3 秒
2024-06-19 02:16:24 {"status":"bad","gid":"539228","msg":"添加失败！号码【1541396(-|-)】已存在！"}
2024-06-19 02:16:24 随机等待 112 秒，约 1 分钟
2024-06-19 02:16:24 下次操作: 2024-06-19 02:18:16

2024-06-19 02:18:16 开始第 1504 次操作

2024-06-19 02:18:16 开始操作号码 【1541397】
2024-06-19 02:18:22 GSD getOne 第 1 次 等待 3 秒
2024-06-19 02:18:25 查询号码 【1541397】，返回信息 {"status":"ok","msg":"-","gid":"539245","time_insert":"2023-02-19 02:03"}
2024-06-19 02:18:25 查询号码 【1541397】，GSD为【"-"】
2024-06-19 02:18:25 ok && -
2024-06-19 02:18:26 CHB 1541397?1718734705 第 1 次 等待 3 秒
2024-06-19 02:18:29 CHB 1541397?1718734705 第 1 次 获取到号码【1541397】GSD
2024-06-19 02:18:29 未获取到号码【1541397】GSD，可能号码格式错误
2024-06-19 02:18:29 获取到号码【1541397】的GSD为【-】
2024-06-19 02:18:35 GSD insert 第 1 次 等待 3 秒
2024-06-19 02:18:38 {"status":"bad","gid":"539245","msg":"添加失败！号码【1541397(-|-)】已存在！"}

2024-06-19 02:37:01 开始第 1505 次操作

2024-06-19 02:37:01 开始操作号码 【1541398】
2024-06-19 02:37:08 GSD getOne 第 1 次 等待 3 秒
2024-06-19 02:37:11 查询号码 【1541398】，返回信息 {"status":"ok","msg":"-","gid":"539253","time_insert":"2023-02-19 02:12"}
2024-06-19 02:37:12 查询号码 【1541398】，GSD为【"-"】
2024-06-19 02:37:12 ok && -
2024-06-19 02:37:13 CHB 1541398?1718735832 第 1 次 等待 3 秒
2024-06-19 02:37:16 CHB 1541398?1718735832 第 1 次 获取到号码【1541398】GSD
2024-06-19 02:37:16 未获取到号码【1541398】GSD，可能号码格式错误
2024-06-19 02:37:16 获取到号码【1541398】的GSD为【-】
2024-06-19 02:37:27 GSD insert 第 1 次 等待 3 秒
2024-06-19 02:37:30 {"status":"bad","gid":"539253","msg":"添加失败！号码【1541398(-|-)】已存在！"}
2024-06-19 02:37:30 随机等待 138 秒，约 2 分钟
2024-06-19 02:37:30 下次操作: 2024-06-19 02:39:48

2024-06-19 02:39:48 开始第 1506 次操作

2024-06-19 02:39:48 开始操作号码 【1541399】
2024-06-19 02:39:52 GSD getOne 第 1 次 等待 3 秒
2024-06-19 02:39:55 查询号码 【1541399】，返回信息 {"status":"ok","msg":"-","gid":"539266","time_insert":"2023-02-19 02:21"}
2024-06-19 02:39:55 查询号码 【1541399】，GSD为【"-"】
2024-06-19 02:39:55 ok && -
2024-06-19 02:39:58 CHB 1541399?1718735995 第 1 次 等待 3 秒
2024-06-19 02:40:01 CHB 1541399?1718735995 第 1 次 获取到号码【1541399】GSD
2024-06-19 02:40:01 未获取到号码【1541399】GSD，可能号码格式错误
2024-06-19 02:40:01 获取到号码【1541399】的GSD为【-】
2024-06-19 02:40:06 GSD insert 第 1 次 等待 3 秒
2024-06-19 02:40:09 {"status":"bad","gid":"539266","msg":"添加失败！号码【1541399(-|-)】已存在！"}
2024-06-19 02:40:09 随机等待 107 秒，约 1 分钟
2024-06-19 02:40:09 下次操作: 2024-06-19 02:41:56

2024-06-19 02:41:56 开始第 1507 次操作

2024-06-19 02:41:56 开始操作号码 【1541400】
2024-06-19 02:42:02 GSD getOne 第 1 次 等待 3 秒
2024-06-19 02:42:05 查询号码 【1541400】，返回信息 {"status":"ok","msg":"-","gid":"539283","time_insert":"2023-02-19 02:34"}
2024-06-19 02:42:05 查询号码 【1541400】，GSD为【"-"】
2024-06-19 02:42:05 ok && -
2024-06-19 02:42:07 CHB 1541400?1718736125 第 1 次 等待 3 秒
2024-06-19 02:42:10 CHB 1541400?1718736125 第 1 次 获取到号码【1541400】GSD
2024-06-19 02:42:10 未获取到号码【1541400】GSD，可能号码格式错误
2024-06-19 02:42:10 获取到号码【1541400】的GSD为【-】
2024-06-19 02:42:15 GSD insert 第 1 次 等待 3 秒
2024-06-19 02:42:18 {"status":"bad","gid":"539283","msg":"添加失败！号码【1541400(-|-)】已存在！"}
2024-06-19 02:42:18 随机等待 68 秒，约 1 分钟
2024-06-19 02:42:18 下次操作: 2024-06-19 02:43:26

2024-06-19 02:43:26 开始第 1508 次操作

2024-06-19 02:43:26 开始操作号码 【1541401】
2024-06-19 02:43:31 GSD getOne 第 1 次 等待 3 秒
2024-06-19 02:43:34 查询号码 【1541401】，返回信息 {"status":"ok","msg":"-","gid":"539307","time_insert":"2023-02-19 02:48"}
2024-06-19 02:43:34 查询号码 【1541401】，GSD为【"-"】
2024-06-19 02:43:34 ok && -
2024-06-19 02:43:36 CHB 1541401?1718736214 第 1 次 等待 3 秒
2024-06-19 02:43:39 CHB 1541401?1718736214 第 1 次 获取到号码【1541401】GSD
2024-06-19 02:43:39 未获取到号码【1541401】GSD，可能号码格式错误
2024-06-19 02:43:39 获取到号码【1541401】的GSD为【-】
2024-06-19 02:43:44 GSD insert 第 1 次 等待 3 秒
2024-06-19 02:43:47 {"status":"bad","gid":"539307","msg":"添加失败！号码【1541401(-|-)】已存在！"}

2024-06-19 03:06:59 开始第 1509 次操作

2024-06-19 03:06:59 开始操作号码 【1541402】
2024-06-19 03:07:08 GSD getOne 第 1 次 等待 3 秒
2024-06-19 03:07:11 查询号码 【1541402】，返回信息 {"status":"ok","msg":"-","gid":"539333","time_insert":"2023-02-19 03:05"}
2024-06-19 03:07:11 查询号码 【1541402】，GSD为【"-"】
2024-06-19 03:07:11 ok && -
2024-06-19 03:07:13 CHB 1541402?1718737631 第 1 次 等待 3 秒
2024-06-19 03:07:16 CHB 1541402?1718737631 第 1 次 获取到号码【1541402】GSD
2024-06-19 03:07:16 未获取到号码【1541402】GSD，可能号码格式错误
2024-06-19 03:07:16 获取到号码【1541402】的GSD为【-】
2024-06-19 03:07:24 GSD insert 第 1 次 等待 3 秒
2024-06-19 03:07:27 {"status":"bad","gid":"539333","msg":"添加失败！号码【1541402(-|-)】已存在！"}
2024-06-19 03:07:28 随机等待 145 秒，约 2 分钟
2024-06-19 03:07:28 下次操作: 2024-06-19 03:09:52

2024-06-19 03:09:53 开始第 1510 次操作

2024-06-19 03:09:53 开始操作号码 【1541403】
2024-06-19 03:10:01 GSD getOne 第 1 次 等待 3 秒
2024-06-19 03:10:04 查询号码 【1541403】，返回信息 {"status":"ok","msg":"-","gid":"539351","time_insert":"2023-02-19 03:17"}
2024-06-19 03:10:04 查询号码 【1541403】，GSD为【"-"】
2024-06-19 03:10:04 ok && -
2024-06-19 03:10:06 CHB 1541403?1718737804 第 1 次 等待 3 秒
2024-06-19 03:10:09 CHB 1541403?1718737804 第 1 次 获取到号码【1541403】GSD
2024-06-19 03:10:09 未获取到号码【1541403】GSD，可能号码格式错误
2024-06-19 03:10:09 获取到号码【1541403】的GSD为【-】
2024-06-19 03:10:14 GSD insert 第 1 次 等待 3 秒
2024-06-19 03:10:17 {"status":"bad","gid":"539351","msg":"添加失败！号码【1541403(-|-)】已存在！"}
2024-06-19 03:10:17 随机等待 194 秒，约 3 分钟
2024-06-19 03:10:17 下次操作: 2024-06-19 03:13:31

2024-06-19 03:13:31 开始第 1511 次操作

2024-06-19 03:13:31 开始操作号码 【1541404】
2024-06-19 03:13:37 GSD getOne 第 1 次 等待 3 秒
2024-06-19 03:13:40 查询号码 【1541404】，返回信息 {"status":"ok","msg":"-","gid":"539376","time_insert":"2023-02-19 03:30"}
2024-06-19 03:13:40 查询号码 【1541404】，GSD为【"-"】
2024-06-19 03:13:40 ok && -
2024-06-19 03:13:42 CHB 1541404?1718738020 第 1 次 等待 3 秒
2024-06-19 03:13:45 CHB 1541404?1718738020 第 1 次 获取到号码【1541404】GSD
2024-06-19 03:13:45 未获取到号码【1541404】GSD，可能号码格式错误
2024-06-19 03:13:45 获取到号码【1541404】的GSD为【-】
2024-06-19 03:14:00 GSD insert 第 1 次 等待 3 秒
2024-06-19 03:14:03 {"status":"bad","gid":"539376","msg":"添加失败！号码【1541404(-|-)】已存在！"}
2024-06-19 03:14:03 随机等待 95 秒，约 1 分钟
2024-06-19 03:14:03 下次操作: 2024-06-19 03:15:38

2024-06-19 03:15:38 开始第 1512 次操作

2024-06-19 03:15:38 开始操作号码 【1541405】
2024-06-19 03:15:46 GSD getOne 第 1 次 等待 3 秒
2024-06-19 03:15:49 查询号码 【1541405】，返回信息 {"status":"ok","msg":"-","gid":"539408","time_insert":"2023-02-19 03:48"}
2024-06-19 03:15:49 查询号码 【1541405】，GSD为【"-"】
2024-06-19 03:15:49 ok && -
2024-06-19 03:15:51 CHB 1541405?1718738149 第 1 次 等待 3 秒
2024-06-19 03:15:54 CHB 1541405?1718738149 第 1 次 获取到号码【1541405】GSD
2024-06-19 03:15:54 未获取到号码【1541405】GSD，可能号码格式错误
2024-06-19 03:15:54 获取到号码【1541405】的GSD为【-】
2024-06-19 03:16:02 GSD insert 第 1 次 等待 3 秒
2024-06-19 03:16:05 {"status":"bad","gid":"539408","msg":"添加失败！号码【1541405(-|-)】已存在！"}

2024-06-19 03:33:34 开始第 1513 次操作

2024-06-19 03:33:34 开始操作号码 【1541406】
2024-06-19 03:33:40 GSD getOne 第 1 次 等待 3 秒
2024-06-19 03:33:43 查询号码 【1541406】，返回信息 {"status":"ok","msg":"-","gid":"539436","time_insert":"2023-02-19 04:06"}
2024-06-19 03:33:43 查询号码 【1541406】，GSD为【"-"】
2024-06-19 03:33:43 ok && -
2024-06-19 03:33:45 CHB 1541406?1718739223 第 1 次 等待 3 秒
2024-06-19 03:33:48 CHB 1541406?1718739223 第 1 次 获取到号码【1541406】GSD
2024-06-19 03:33:48 未获取到号码【1541406】GSD，可能号码格式错误
2024-06-19 03:33:48 获取到号码【1541406】的GSD为【-】
2024-06-19 03:33:56 GSD insert 第 1 次 等待 3 秒
2024-06-19 03:33:59 {"status":"bad","gid":"539436","msg":"添加失败！号码【1541406(-|-)】已存在！"}
2024-06-19 03:33:59 随机等待 221 秒，约 3 分钟
2024-06-19 03:33:59 下次操作: 2024-06-19 03:37:40

2024-06-19 03:37:40 开始第 1514 次操作

2024-06-19 03:37:40 开始操作号码 【1541407】
2024-06-19 03:37:49 GSD getOne 第 1 次 等待 3 秒
2024-06-19 03:37:52 查询号码 【1541407】，返回信息 {"status":"ok","msg":"-","gid":"539456","time_insert":"2023-02-19 04:20"}
2024-06-19 03:37:52 查询号码 【1541407】，GSD为【"-"】
2024-06-19 03:37:52 ok && -
2024-06-19 03:37:54 CHB 1541407?1718739472 第 1 次 等待 3 秒
2024-06-19 03:37:57 CHB 1541407?1718739472 第 1 次 获取到号码【1541407】GSD
2024-06-19 03:37:57 未获取到号码【1541407】GSD，可能号码格式错误
2024-06-19 03:37:57 获取到号码【1541407】的GSD为【-】
2024-06-19 03:38:07 GSD insert 第 1 次 等待 3 秒
2024-06-19 03:38:10 {"status":"bad","gid":"539456","msg":"添加失败！号码【1541407(-|-)】已存在！"}
2024-06-19 03:38:10 随机等待 151 秒，约 2 分钟
2024-06-19 03:38:10 下次操作: 2024-06-19 03:40:41

2024-06-19 03:40:41 开始第 1515 次操作

2024-06-19 03:40:41 开始操作号码 【1541408】
2024-06-19 03:40:47 GSD getOne 第 1 次 等待 3 秒
2024-06-19 03:40:50 查询号码 【1541408】，返回信息 {"status":"ok","msg":"-","gid":"539476","time_insert":"2023-02-19 04:31"}
2024-06-19 03:40:50 查询号码 【1541408】，GSD为【"-"】
2024-06-19 03:40:50 ok && -
2024-06-19 03:40:51 CHB 1541408?1718739650 第 1 次 等待 3 秒
2024-06-19 03:40:54 CHB 1541408?1718739650 第 1 次 获取到号码【1541408】GSD
2024-06-19 03:40:54 未获取到号码【1541408】GSD，可能号码格式错误
2024-06-19 03:40:54 获取到号码【1541408】的GSD为【-】
2024-06-19 03:41:03 GSD insert 第 1 次 等待 3 秒
2024-06-19 03:41:06 {"status":"bad","gid":"539476","msg":"添加失败！号码【1541408(-|-)】已存在！"}
2024-06-19 03:41:06 随机等待 147 秒，约 2 分钟
2024-06-19 03:41:06 下次操作: 2024-06-19 03:43:33

2024-06-19 03:43:33 开始第 1516 次操作

2024-06-19 03:43:33 开始操作号码 【1541409】
2024-06-19 03:43:43 GSD getOne 第 1 次 等待 3 秒
2024-06-19 03:43:46 查询号码 【1541409】，返回信息 {"status":"ok","msg":"-","gid":"539504","time_insert":"2023-02-19 04:46"}
2024-06-19 03:43:46 查询号码 【1541409】，GSD为【"-"】
2024-06-19 03:43:46 ok && -
2024-06-19 03:43:48 CHB 1541409?1718739826 第 1 次 等待 3 秒
2024-06-19 03:43:51 CHB 1541409?1718739826 第 1 次 获取到号码【1541409】GSD
2024-06-19 03:43:51 未获取到号码【1541409】GSD，可能号码格式错误
2024-06-19 03:43:51 获取到号码【1541409】的GSD为【-】
2024-06-19 03:43:58 GSD insert 第 1 次 等待 3 秒
2024-06-19 03:44:01 {"status":"bad","gid":"539504","msg":"添加失败！号码【1541409(-|-)】已存在！"}

2024-06-19 04:09:40 开始第 1517 次操作

2024-06-19 04:09:40 开始操作号码 【1541410】
2024-06-19 04:09:47 GSD getOne 第 1 次 等待 3 秒
2024-06-19 04:09:50 查询号码 【1541410】，返回信息 {"status":"ok","msg":"-","gid":"539522","time_insert":"2023-02-19 04:55"}
2024-06-19 04:09:50 查询号码 【1541410】，GSD为【"-"】
2024-06-19 04:09:50 ok && -
2024-06-19 04:09:52 CHB 1541410?1718741390 第 1 次 等待 3 秒
2024-06-19 04:09:55 CHB 1541410?1718741390 第 1 次 获取到号码【1541410】GSD
2024-06-19 04:09:55 未获取到号码【1541410】GSD，可能号码格式错误
2024-06-19 04:09:55 获取到号码【1541410】的GSD为【-】
2024-06-19 04:10:01 GSD insert 第 1 次 等待 3 秒
2024-06-19 04:10:04 {"status":"bad","gid":"539522","msg":"添加失败！号码【1541410(-|-)】已存在！"}
2024-06-19 04:10:04 随机等待 182 秒，约 3 分钟
2024-06-19 04:10:04 下次操作: 2024-06-19 04:13:06

2024-06-19 04:13:06 开始第 1518 次操作

2024-06-19 04:13:06 开始操作号码 【1541411】
2024-06-19 04:13:14 GSD getOne 第 1 次 等待 3 秒
2024-06-19 04:13:17 查询号码 【1541411】，返回信息 {"status":"ok","msg":"-","gid":"539539","time_insert":"2023-02-19 05:04"}
2024-06-19 04:13:17 查询号码 【1541411】，GSD为【"-"】
2024-06-19 04:13:17 ok && -
2024-06-19 04:13:19 CHB 1541411?1718741597 第 1 次 等待 3 秒
2024-06-19 04:13:22 CHB 1541411?1718741597 第 1 次 获取到号码【1541411】GSD
2024-06-19 04:13:22 未获取到号码【1541411】GSD，可能号码格式错误
2024-06-19 04:13:22 获取到号码【1541411】的GSD为【-】
2024-06-19 04:13:28 GSD insert 第 1 次 等待 3 秒
2024-06-19 04:13:31 {"status":"bad","gid":"539539","msg":"添加失败！号码【1541411(-|-)】已存在！"}
2024-06-19 04:13:31 随机等待 141 秒，约 2 分钟
2024-06-19 04:13:31 下次操作: 2024-06-19 04:15:52

2024-06-19 04:15:52 开始第 1519 次操作

2024-06-19 04:15:52 开始操作号码 【1541412】
2024-06-19 04:16:01 GSD getOne 第 1 次 等待 3 秒
2024-06-19 04:16:04 查询号码 【1541412】，返回信息 {"status":"ok","msg":"-","gid":"539551","time_insert":"2023-02-19 05:14"}
2024-06-19 04:16:04 查询号码 【1541412】，GSD为【"-"】
2024-06-19 04:16:04 ok && -
2024-06-19 04:16:06 CHB 1541412?1718741764 第 1 次 等待 3 秒
2024-06-19 04:16:09 CHB 1541412?1718741764 第 1 次 获取到号码【1541412】GSD
2024-06-19 04:16:09 未获取到号码【1541412】GSD，可能号码格式错误
2024-06-19 04:16:09 获取到号码【1541412】的GSD为【-】
2024-06-19 04:16:14 GSD insert 第 1 次 等待 3 秒
2024-06-19 04:16:17 {"status":"bad","gid":"539551","msg":"添加失败！号码【1541412(-|-)】已存在！"}
2024-06-19 04:16:17 随机等待 166 秒，约 2 分钟
2024-06-19 04:16:17 下次操作: 2024-06-19 04:19:03

2024-06-19 04:19:03 开始第 1520 次操作

2024-06-19 04:19:03 开始操作号码 【1541413】
2024-06-19 04:19:10 GSD getOne 第 1 次 等待 3 秒
2024-06-19 04:19:13 查询号码 【1541413】，返回信息 {"status":"ok","msg":"-","gid":"539580","time_insert":"2023-02-19 05:32"}
2024-06-19 04:19:13 查询号码 【1541413】，GSD为【"-"】
2024-06-19 04:19:13 ok && -
2024-06-19 04:19:15 CHB 1541413?1718741953 第 1 次 等待 3 秒
2024-06-19 04:19:18 CHB 1541413?1718741953 第 1 次 获取到号码【1541413】GSD
2024-06-19 04:19:18 未获取到号码【1541413】GSD，可能号码格式错误
2024-06-19 04:19:18 获取到号码【1541413】的GSD为【-】
2024-06-19 04:19:25 GSD insert 第 1 次 等待 3 秒
2024-06-19 04:19:28 {"status":"bad","gid":"539580","msg":"添加失败！号码【1541413(-|-)】已存在！"}

