2024-10-01 00:28:46 开始第 6977 次操作

2024-10-01 00:28:46 开始操作号码 【1436972】
2024-10-01 00:28:50 GSD getOne 第 1 次 等待 3 秒
2024-10-01 00:28:53 查询号码 【1436972】，返回信息 {"status":"ok","msg":"-","gid":"669024","time_insert":"2023-04-21 16:51"}
2024-10-01 00:28:54 查询号码 【1436972】，GSD为【"-"】
2024-10-01 00:28:54 ok && -
2024-10-01 00:28:56 CHB 1436972?1727713734 第 1 次 等待 3 秒
2024-10-01 00:28:59 CHB 1436972?1727713734 第 1 次 获取到号码【1436972】GSD
2024-10-01 00:28:59 未获取到号码【1436972】GSD，可能号码格式错误
2024-10-01 00:28:59 获取到号码【1436972】的GSD为【-】
2024-10-01 00:29:00 GSD insert 第 1 次 等待 3 秒
2024-10-01 00:29:03 {"status":"bad","gid":"669024","msg":"添加失败！号码【1436972(-|-)】已存在！"}
2024-10-01 00:29:03 随机等待 72 秒，约 1 分钟
2024-10-01 00:29:03 下次操作: 2024-10-01 00:30:15

2024-10-01 00:30:15 开始第 6978 次操作

2024-10-01 00:30:15 开始操作号码 【1436973】
2024-10-01 00:30:18 GSD getOne 第 1 次 等待 3 秒
2024-10-01 00:30:21 查询号码 【1436973】，返回信息 {"status":"ok","msg":"-","gid":"669044","time_insert":"2023-04-21 17:06"}
2024-10-01 00:30:21 查询号码 【1436973】，GSD为【"-"】
2024-10-01 00:30:21 ok && -
2024-10-01 00:30:23 CHB 1436973?1727713821 第 1 次 等待 3 秒
2024-10-01 00:30:26 CHB 1436973?1727713821 第 1 次 获取到号码【1436973】GSD
2024-10-01 00:30:26 未获取到号码【1436973】GSD，可能号码格式错误
2024-10-01 00:30:26 获取到号码【1436973】的GSD为【-】
2024-10-01 00:30:28 GSD insert 第 1 次 等待 3 秒
2024-10-01 00:30:31 {"status":"bad","gid":"669044","msg":"添加失败！号码【1436973(-|-)】已存在！"}
2024-10-01 00:30:31 随机等待 108 秒，约 1 分钟
2024-10-01 00:30:31 下次操作: 2024-10-01 00:32:19

2024-10-01 00:32:19 开始第 6979 次操作

2024-10-01 00:32:19 开始操作号码 【1436974】
2024-10-01 00:32:21 GSD getOne 第 1 次 等待 3 秒
2024-10-01 00:32:24 查询号码 【1436974】，返回信息 {"status":"ok","msg":"-","gid":"669082","time_insert":"2023-04-21 17:29"}
2024-10-01 00:32:24 查询号码 【1436974】，GSD为【"-"】
2024-10-01 00:32:24 ok && -
2024-10-01 00:32:26 CHB 1436974?1727713944 第 1 次 等待 3 秒
2024-10-01 00:32:29 CHB 1436974?1727713944 第 1 次 获取到号码【1436974】GSD
2024-10-01 00:32:29 未获取到号码【1436974】GSD，可能号码格式错误
2024-10-01 00:32:29 获取到号码【1436974】的GSD为【-】
2024-10-01 00:32:31 GSD insert 第 1 次 等待 3 秒
2024-10-01 00:32:34 {"status":"bad","gid":"669082","msg":"添加失败！号码【1436974(-|-)】已存在！"}
2024-10-01 00:32:34 随机等待 230 秒，约 3 分钟
2024-10-01 00:32:34 下次操作: 2024-10-01 00:36:24

2024-10-01 00:36:24 开始第 6980 次操作

2024-10-01 00:36:24 开始操作号码 【1436975】
2024-10-01 00:36:25 GSD getOne 第 1 次 等待 3 秒
2024-10-01 00:36:28 查询号码 【1436975】，返回信息 {"status":"ok","msg":"-","gid":"669116","time_insert":"2023-04-21 17:50"}
2024-10-01 00:36:29 查询号码 【1436975】，GSD为【"-"】
2024-10-01 00:36:29 ok && -
2024-10-01 00:36:30 CHB 1436975?1727714189 第 1 次 等待 3 秒
2024-10-01 00:36:33 CHB 1436975?1727714189 第 1 次 获取到号码【1436975】GSD
2024-10-01 00:36:33 未获取到号码【1436975】GSD，可能号码格式错误
2024-10-01 00:36:33 获取到号码【1436975】的GSD为【-】
2024-10-01 00:36:35 GSD insert 第 1 次 等待 3 秒
2024-10-01 00:36:38 {"status":"bad","gid":"669116","msg":"添加失败！号码【1436975(-|-)】已存在！"}

