2023-10-16 00:08:08 开始第 3413 次操作

2023-10-16 00:08:08 开始操作号码 【1973379】
2023-10-16 00:12:36 GSD getOne 第 1 次 等待 3 秒
2023-10-16 00:14:51 GSD getOne 第 2 次 等待 3 秒
2023-10-16 00:14:54 查询号码 【1973379】，返回信息 
2023-10-16 00:14:54 查询失败，3 秒后重新查询
2023-10-16 00:14:57 查询号码 【1973379】，返回信息 
2023-10-16 00:14:57 查询失败，结束本次操作，期待下次成功~
2023-10-16 00:14:57 随机等待 229 秒，约 3 分钟
2023-10-16 00:14:57 下次操作: 2023-10-16 00:18:46

2023-10-16 00:18:46 开始第 3414 次操作

2023-10-16 00:18:46 开始操作号码 【1973379】
2023-10-16 00:20:06 GSD getOne 第 1 次 等待 3 秒
2023-10-16 00:20:09 查询号码 【1973379】，返回信息 
2023-10-16 00:20:09 查询失败，3 秒后重新查询
2023-10-16 00:20:12 查询号码 【1973379】，返回信息 
2023-10-16 00:20:12 查询失败，结束本次操作，期待下次成功~
2023-10-16 00:20:12 随机等待 66 秒，约 1 分钟
2023-10-16 00:20:12 下次操作: 2023-10-16 00:21:18

2023-10-16 00:21:18 开始第 3415 次操作

2023-10-16 00:21:18 开始操作号码 【1973379】
2023-10-16 00:23:36 GSD getOne 第 1 次 等待 3 秒
2023-10-16 00:23:39 查询号码 【1973379】，返回信息 
2023-10-16 00:23:39 查询失败，3 秒后重新查询
2023-10-16 00:23:42 查询号码 【1973379】，返回信息 
2023-10-16 00:23:42 查询失败，结束本次操作，期待下次成功~
2023-10-16 00:23:42 随机等待 151 秒，约 2 分钟
2023-10-16 00:23:42 下次操作: 2023-10-16 00:26:13

2023-10-16 00:26:13 开始第 3416 次操作

2023-10-16 00:26:13 开始操作号码 【1973379】
2023-10-16 00:28:53 GSD getOne 第 1 次 等待 3 秒
2023-10-16 00:28:56 查询号码 【1973379】，返回信息 
2023-10-16 00:28:56 查询失败，3 秒后重新查询
2023-10-16 00:28:59 查询号码 【1973379】，返回信息 
2023-10-16 00:28:59 查询失败，结束本次操作，期待下次成功~

