2024-03-30 00:08:02 开始第 917 次操作

2024-03-30 00:08:02 开始操作号码 【1650818】
2024-03-30 00:08:09 GSD getOne 第 1 次 等待 3 秒
2024-03-30 00:08:12 查询号码 【1650818】，返回信息 {"status":"ok","msg":"四川-达州","gid":"28420","time_insert":"2020-04-16 09:29","time_update":"2020-10-27 12:38"}
2024-03-30 00:08:12 查询号码 【1650818】，GSD为【"四川-达州"】

2024-03-30 00:08:13 开始第 918 次操作

2024-03-30 00:08:13 开始操作号码 【1650819】
2024-03-30 00:08:18 GSD getOne 第 1 次 等待 3 秒
2024-03-30 00:08:21 查询号码 【1650819】，返回信息 {"status":"ok","msg":"河北-邢台","gid":"224984","time_insert":"2021-07-08 19:39"}
2024-03-30 00:08:21 查询号码 【1650819】，GSD为【"河北-邢台"】

2024-03-30 00:08:22 开始第 919 次操作

2024-03-30 00:08:22 开始操作号码 【1650820】
2024-03-30 00:08:29 GSD getOne 第 1 次 等待 3 秒
2024-03-30 00:08:32 查询号码 【1650820】，返回信息 {"status":"ok","msg":"河北-邯郸","gid":"224995","time_insert":"2021-07-08 19:40"}
2024-03-30 00:08:32 查询号码 【1650820】，GSD为【"河北-邯郸"】

2024-03-30 00:08:33 开始第 920 次操作

2024-03-30 00:08:33 开始操作号码 【1650821】
2024-03-30 00:08:39 GSD getOne 第 1 次 等待 3 秒
2024-03-30 00:08:42 查询号码 【1650821】，返回信息 {"status":"ok","msg":"河北-保定","gid":"225013","time_insert":"2021-07-08 19:41"}
2024-03-30 00:08:42 查询号码 【1650821】，GSD为【"河北-保定"】

2024-03-30 00:34:54 开始第 921 次操作

2024-03-30 00:34:54 开始操作号码 【1650822】
2024-03-30 00:35:01 GSD getOne 第 1 次 等待 3 秒
2024-03-30 00:35:04 查询号码 【1650822】，返回信息 {"status":"ok","msg":"黑龙江-双鸭山","gid":"225027","time_insert":"2021-07-08 19:42"}
2024-03-30 00:35:04 查询号码 【1650822】，GSD为【"黑龙江-双鸭山"】

2024-03-30 00:35:05 开始第 922 次操作

2024-03-30 00:35:05 开始操作号码 【1650823】
2024-03-30 00:35:09 GSD getOne 第 1 次 等待 3 秒
2024-03-30 00:35:12 查询号码 【1650823】，返回信息 {"status":"ok","msg":"河北-张家口","gid":"225039","time_insert":"2021-07-08 19:43"}
2024-03-30 00:35:13 查询号码 【1650823】，GSD为【"河北-张家口"】

2024-03-30 00:35:14 开始第 923 次操作

2024-03-30 00:35:14 开始操作号码 【1650824】
2024-03-30 00:35:18 GSD getOne 第 1 次 等待 3 秒
2024-03-30 00:35:21 查询号码 【1650824】，返回信息 {"status":"ok","msg":"四川-成都","gid":"225050","time_insert":"2021-07-08 19:43"}
2024-03-30 00:35:21 查询号码 【1650824】，GSD为【"四川-成都"】

2024-03-30 00:35:22 开始第 924 次操作

2024-03-30 00:35:22 开始操作号码 【1650825】
2024-03-30 00:35:27 GSD getOne 第 1 次 等待 3 秒
2024-03-30 00:35:30 查询号码 【1650825】，返回信息 {"status":"ok","msg":"四川-遂宁","gid":"225064","time_insert":"2021-07-08 19:44"}
2024-03-30 00:35:30 查询号码 【1650825】，GSD为【"四川-遂宁"】

