2024-05-19 00:08:58 开始第 9965 次操作

2024-05-19 00:08:58 开始操作号码 【1659859】
2024-05-19 00:09:07 GSD getOne 第 1 次 等待 3 秒
2024-05-19 00:09:10 查询号码 【1659859】，返回信息 {"status":"ok","msg":"-","gid":"334731","time_insert":"2021-07-20 07:51"}
2024-05-19 00:09:11 查询号码 【1659859】，GSD为【"-"】
2024-05-19 00:09:11 ok && -
2024-05-19 00:09:12 CHB 1659859?1716048551 第 1 次 等待 3 秒
2024-05-19 00:09:15 CHB 1659859?1716048551 第 1 次 获取到号码【1659859】GSD
2024-05-19 00:09:15 未获取到号码【1659859】GSD，可能号码格式错误
2024-05-19 00:09:15 获取到号码【1659859】的GSD为【-】
2024-05-19 00:09:25 GSD insert 第 1 次 等待 3 秒
2024-05-19 00:09:28 {"status":"bad","gid":"334731","msg":"添加失败！号码【1659859(-|-)】已存在！"}
2024-05-19 00:09:28 随机等待 183 秒，约 3 分钟
2024-05-19 00:09:28 下次操作: 2024-05-19 00:12:31

2024-05-19 00:12:31 开始第 9966 次操作

2024-05-19 00:12:31 开始操作号码 【1659860】
2024-05-19 00:12:39 GSD getOne 第 1 次 等待 3 秒
2024-05-19 00:12:42 查询号码 【1659860】，返回信息 {"status":"ok","msg":"-","gid":"334739","time_insert":"2021-07-20 07:52"}
2024-05-19 00:12:42 查询号码 【1659860】，GSD为【"-"】
2024-05-19 00:12:42 ok && -
2024-05-19 00:12:44 CHB 1659860?1716048762 第 1 次 等待 3 秒
2024-05-19 00:12:47 CHB 1659860?1716048762 第 1 次 获取到号码【1659860】GSD
2024-05-19 00:12:47 未获取到号码【1659860】GSD，可能号码格式错误
2024-05-19 00:12:47 获取到号码【1659860】的GSD为【-】
2024-05-19 00:13:03 GSD insert 第 1 次 等待 3 秒
2024-05-19 00:13:06 {"status":"bad","gid":"334739","msg":"添加失败！号码【1659860(-|-)】已存在！"}
2024-05-19 00:13:06 随机等待 68 秒，约 1 分钟
2024-05-19 00:13:06 下次操作: 2024-05-19 00:14:14

2024-05-19 00:14:14 开始第 9967 次操作

2024-05-19 00:14:14 开始操作号码 【1659861】
2024-05-19 00:14:18 GSD getOne 第 1 次 等待 3 秒
2024-05-19 00:14:21 查询号码 【1659861】，返回信息 {"status":"ok","msg":"-","gid":"334746","time_insert":"2021-07-20 07:52"}
2024-05-19 00:14:22 查询号码 【1659861】，GSD为【"-"】
2024-05-19 00:14:22 ok && -
2024-05-19 00:14:24 CHB 1659861?1716048862 第 1 次 等待 3 秒
2024-05-19 00:14:27 CHB 1659861?1716048862 第 1 次 获取到号码【1659861】GSD
2024-05-19 00:14:27 未获取到号码【1659861】GSD，可能号码格式错误
2024-05-19 00:14:27 获取到号码【1659861】的GSD为【-】
2024-05-19 00:14:36 GSD insert 第 1 次 等待 3 秒
2024-05-19 00:14:39 {"status":"bad","gid":"334746","msg":"添加失败！号码【1659861(-|-)】已存在！"}
2024-05-19 00:14:39 随机等待 85 秒，约 1 分钟
2024-05-19 00:14:39 下次操作: 2024-05-19 00:16:04

2024-05-19 00:16:04 开始第 9968 次操作

2024-05-19 00:16:04 开始操作号码 【1659862】
2024-05-19 00:16:13 GSD getOne 第 1 次 等待 3 秒
2024-05-19 00:16:16 查询号码 【1659862】，返回信息 {"status":"ok","msg":"-","gid":"334754","time_insert":"2021-07-20 07:53"}
2024-05-19 00:16:16 查询号码 【1659862】，GSD为【"-"】
2024-05-19 00:16:16 ok && -
2024-05-19 00:16:18 CHB 1659862?1716048976 第 1 次 等待 3 秒
2024-05-19 00:16:21 CHB 1659862?1716048976 第 1 次 获取到号码【1659862】GSD
2024-05-19 00:16:21 未获取到号码【1659862】GSD，可能号码格式错误
2024-05-19 00:16:21 获取到号码【1659862】的GSD为【-】
2024-05-19 00:16:33 GSD insert 第 1 次 等待 3 秒
2024-05-19 00:16:36 {"status":"bad","gid":"334754","msg":"添加失败！号码【1659862(-|-)】已存在！"}

2024-05-19 00:34:06 开始第 9969 次操作

2024-05-19 00:34:06 开始操作号码 【1659863】
2024-05-19 00:34:14 GSD getOne 第 1 次 等待 3 秒
2024-05-19 00:34:17 查询号码 【1659863】，返回信息 {"status":"ok","msg":"-","gid":"334766","time_insert":"2021-07-20 07:53"}
2024-05-19 00:34:17 查询号码 【1659863】，GSD为【"-"】
2024-05-19 00:34:17 ok && -
2024-05-19 00:34:20 CHB 1659863?1716050057 第 1 次 等待 3 秒
2024-05-19 00:34:23 CHB 1659863?1716050057 第 1 次 获取到号码【1659863】GSD
2024-05-19 00:34:23 未获取到号码【1659863】GSD，可能号码格式错误
2024-05-19 00:34:23 获取到号码【1659863】的GSD为【-】
2024-05-19 00:34:30 GSD insert 第 1 次 等待 3 秒
2024-05-19 00:34:33 {"status":"bad","gid":"334766","msg":"添加失败！号码【1659863(-|-)】已存在！"}
2024-05-19 00:34:33 随机等待 164 秒，约 2 分钟
2024-05-19 00:34:33 下次操作: 2024-05-19 00:37:17

2024-05-19 00:37:17 开始第 9970 次操作

2024-05-19 00:37:17 开始操作号码 【1659864】
2024-05-19 00:37:26 GSD getOne 第 1 次 等待 3 秒
2024-05-19 00:37:29 查询号码 【1659864】，返回信息 {"status":"ok","msg":"-","gid":"334781","time_insert":"2021-07-20 07:54"}
2024-05-19 00:37:29 查询号码 【1659864】，GSD为【"-"】
2024-05-19 00:37:29 ok && -
2024-05-19 00:37:32 CHB 1659864?1716050249 第 1 次 等待 3 秒
2024-05-19 00:37:35 CHB 1659864?1716050249 第 1 次 获取到号码【1659864】GSD
2024-05-19 00:37:35 未获取到号码【1659864】GSD，可能号码格式错误
2024-05-19 00:37:35 获取到号码【1659864】的GSD为【-】
2024-05-19 00:37:45 GSD insert 第 1 次 等待 3 秒
2024-05-19 00:37:48 {"status":"bad","gid":"334781","msg":"添加失败！号码【1659864(-|-)】已存在！"}
2024-05-19 00:37:48 随机等待 204 秒，约 3 分钟
2024-05-19 00:37:48 下次操作: 2024-05-19 00:41:12

2024-05-19 00:41:12 开始第 9971 次操作

2024-05-19 00:41:12 开始操作号码 【1659865】
2024-05-19 00:41:19 GSD getOne 第 1 次 等待 3 秒
2024-05-19 00:41:22 查询号码 【1659865】，返回信息 {"status":"ok","msg":"-","gid":"334785","time_insert":"2021-07-20 07:55"}
2024-05-19 00:41:22 查询号码 【1659865】，GSD为【"-"】
2024-05-19 00:41:22 ok && -
2024-05-19 00:41:24 CHB 1659865?1716050482 第 1 次 等待 3 秒
2024-05-19 00:41:27 CHB 1659865?1716050482 第 1 次 获取到号码【1659865】GSD
2024-05-19 00:41:27 未获取到号码【1659865】GSD，可能号码格式错误
2024-05-19 00:41:27 获取到号码【1659865】的GSD为【-】
2024-05-19 00:41:36 GSD insert 第 1 次 等待 3 秒
2024-05-19 00:41:39 {"status":"bad","gid":"334785","msg":"添加失败！号码【1659865(-|-)】已存在！"}
2024-05-19 00:41:39 随机等待 155 秒，约 2 分钟
2024-05-19 00:41:39 下次操作: 2024-05-19 00:44:14

2024-05-19 00:44:14 开始第 9972 次操作

2024-05-19 00:44:14 开始操作号码 【1659866】
2024-05-19 00:44:20 GSD getOne 第 1 次 等待 3 秒
2024-05-19 00:44:23 查询号码 【1659866】，返回信息 {"status":"ok","msg":"-","gid":"334794","time_insert":"2021-07-20 07:55"}
2024-05-19 00:44:23 查询号码 【1659866】，GSD为【"-"】
2024-05-19 00:44:23 ok && -
2024-05-19 00:44:25 CHB 1659866?1716050663 第 1 次 等待 3 秒
2024-05-19 00:44:28 CHB 1659866?1716050663 第 1 次 获取到号码【1659866】GSD
2024-05-19 00:44:28 未获取到号码【1659866】GSD，可能号码格式错误
2024-05-19 00:44:28 获取到号码【1659866】的GSD为【-】
2024-05-19 00:44:36 GSD insert 第 1 次 等待 3 秒
2024-05-19 00:44:39 {"status":"bad","gid":"334794","msg":"添加失败！号码【1659866(-|-)】已存在！"}

2024-05-19 01:06:24 开始第 9973 次操作

2024-05-19 01:06:24 开始操作号码 【1659867】
2024-05-19 01:06:30 GSD getOne 第 1 次 等待 3 秒
2024-05-19 01:06:33 查询号码 【1659867】，返回信息 {"status":"ok","msg":"-","gid":"334802","time_insert":"2021-07-20 07:56"}
2024-05-19 01:06:33 查询号码 【1659867】，GSD为【"-"】
2024-05-19 01:06:33 ok && -
2024-05-19 01:06:35 CHB 1659867?1716051993 第 1 次 等待 3 秒
2024-05-19 01:06:38 CHB 1659867?1716051993 第 1 次 获取到号码【1659867】GSD
2024-05-19 01:06:38 未获取到号码【1659867】GSD，可能号码格式错误
2024-05-19 01:06:38 获取到号码【1659867】的GSD为【-】
2024-05-19 01:06:49 GSD insert 第 1 次 等待 3 秒
2024-05-19 01:06:52 {"status":"bad","gid":"334802","msg":"添加失败！号码【1659867(-|-)】已存在！"}
2024-05-19 01:06:52 随机等待 162 秒，约 2 分钟
2024-05-19 01:06:52 下次操作: 2024-05-19 01:09:34

2024-05-19 01:09:34 开始第 9974 次操作

2024-05-19 01:09:34 开始操作号码 【1659868】
2024-05-19 01:09:48 GSD getOne 第 1 次 等待 3 秒
2024-05-19 01:09:51 查询号码 【1659868】，返回信息 {"status":"ok","msg":"-","gid":"334808","time_insert":"2021-07-20 07:56"}
2024-05-19 01:09:51 查询号码 【1659868】，GSD为【"-"】
2024-05-19 01:09:51 ok && -
2024-05-19 01:09:53 CHB 1659868?1716052191 第 1 次 等待 3 秒
2024-05-19 01:09:56 CHB 1659868?1716052191 第 1 次 获取到号码【1659868】GSD
2024-05-19 01:09:56 未获取到号码【1659868】GSD，可能号码格式错误
2024-05-19 01:09:56 获取到号码【1659868】的GSD为【-】
2024-05-19 01:10:05 GSD insert 第 1 次 等待 3 秒
2024-05-19 01:10:08 {"status":"bad","gid":"334808","msg":"添加失败！号码【1659868(-|-)】已存在！"}
2024-05-19 01:10:08 随机等待 122 秒，约 2 分钟
2024-05-19 01:10:08 下次操作: 2024-05-19 01:12:10

2024-05-19 01:12:10 开始第 9975 次操作

2024-05-19 01:12:10 开始操作号码 【1659869】
2024-05-19 01:12:17 GSD getOne 第 1 次 等待 3 秒
2024-05-19 01:12:20 查询号码 【1659869】，返回信息 {"status":"ok","msg":"-","gid":"334814","time_insert":"2021-07-20 07:57"}
2024-05-19 01:12:20 查询号码 【1659869】，GSD为【"-"】
2024-05-19 01:12:20 ok && -
2024-05-19 01:12:22 CHB 1659869?1716052340 第 1 次 等待 3 秒
2024-05-19 01:12:25 CHB 1659869?1716052340 第 1 次 获取到号码【1659869】GSD
2024-05-19 01:12:25 未获取到号码【1659869】GSD，可能号码格式错误
2024-05-19 01:12:25 获取到号码【1659869】的GSD为【-】
2024-05-19 01:12:34 GSD insert 第 1 次 等待 3 秒
2024-05-19 01:12:37 {"status":"bad","gid":"334814","msg":"添加失败！号码【1659869(-|-)】已存在！"}
2024-05-19 01:12:37 随机等待 183 秒，约 3 分钟
2024-05-19 01:12:37 下次操作: 2024-05-19 01:15:40

2024-05-19 01:15:40 开始第 9976 次操作

2024-05-19 01:15:40 开始操作号码 【1659870】
2024-05-19 01:15:46 GSD getOne 第 1 次 等待 3 秒
2024-05-19 01:15:49 查询号码 【1659870】，返回信息 {"status":"ok","msg":"-","gid":"334822","time_insert":"2021-07-20 07:57"}
2024-05-19 01:15:49 查询号码 【1659870】，GSD为【"-"】
2024-05-19 01:15:49 ok && -
2024-05-19 01:15:50 CHB 1659870?1716052549 第 1 次 等待 3 秒
2024-05-19 01:15:53 CHB 1659870?1716052549 第 1 次 获取到号码【1659870】GSD
2024-05-19 01:15:53 未获取到号码【1659870】GSD，可能号码格式错误
2024-05-19 01:15:53 获取到号码【1659870】的GSD为【-】
2024-05-19 01:15:58 GSD insert 第 1 次 等待 3 秒
2024-05-19 01:16:01 {"status":"bad","gid":"334822","msg":"添加失败！号码【1659870(-|-)】已存在！"}

