2023-11-17 00:10:30 开始第 9261 次操作

2023-11-17 00:10:30 开始操作号码 【1979160】
2023-11-17 00:10:36 GSD getOne 第 1 次 等待 3 秒
2023-11-17 00:10:39 查询号码 【1979160】，返回信息 {"status":"ok","msg":"-","gid":"591595","time_insert":"2023-03-15 05:03"}
2023-11-17 00:10:39 查询号码 【1979160】，GSD为【"-"】
2023-11-17 00:10:39 ok && -
2023-11-17 00:10:41 CHB 1979160?1700151039 第 1 次 等待 3 秒
2023-11-17 00:10:44 CHB 1979160?1700151039 第 1 次 获取到号码【1979160】GSD
2023-11-17 00:10:44 未获取到号码【1979160】GSD，可能号码格式错误
2023-11-17 00:10:44 获取到号码【1979160】的GSD为【-】
2023-11-17 00:10:52 GSD insert 第 1 次 等待 3 秒
2023-11-17 00:10:55 {"status":"bad","gid":"591595","msg":"添加失败！号码【1979160(-|-)】已存在！"}
2023-11-17 00:10:55 随机等待 154 秒，约 2 分钟
2023-11-17 00:10:55 下次操作: 2023-11-17 00:13:29

2023-11-17 00:13:29 开始第 9262 次操作

2023-11-17 00:13:29 开始操作号码 【1979161】
2023-11-17 00:13:32 GSD getOne 第 1 次 等待 3 秒
2023-11-17 00:13:35 查询号码 【1979161】，返回信息 {"status":"ok","msg":"-","gid":"591596","time_insert":"2023-03-15 05:04"}
2023-11-17 00:13:35 查询号码 【1979161】，GSD为【"-"】
2023-11-17 00:13:35 ok && -
2023-11-17 00:13:38 CHB 1979161?1700151215 第 1 次 等待 3 秒
2023-11-17 00:13:41 CHB 1979161?1700151215 第 1 次 获取到号码【1979161】GSD
2023-11-17 00:13:41 未获取到号码【1979161】GSD，可能号码格式错误
2023-11-17 00:13:41 获取到号码【1979161】的GSD为【-】
2023-11-17 00:13:47 GSD insert 第 1 次 等待 3 秒
2023-11-17 00:13:50 {"status":"bad","gid":"591596","msg":"添加失败！号码【1979161(-|-)】已存在！"}
2023-11-17 00:13:50 随机等待 172 秒，约 2 分钟
2023-11-17 00:13:50 下次操作: 2023-11-17 00:16:42

2023-11-17 00:16:42 开始第 9263 次操作

2023-11-17 00:16:42 开始操作号码 【1979162】
2023-11-17 00:16:46 GSD getOne 第 1 次 等待 3 秒
2023-11-17 00:16:49 查询号码 【1979162】，返回信息 {"status":"ok","msg":"-","gid":"591613","time_insert":"2023-03-15 05:16"}
2023-11-17 00:16:49 查询号码 【1979162】，GSD为【"-"】
2023-11-17 00:16:49 ok && -
2023-11-17 00:16:54 CHB 1979162?1700151409 第 1 次 等待 3 秒
2023-11-17 00:16:57 CHB 1979162?1700151409 第 1 次 获取到号码【1979162】GSD
2023-11-17 00:16:57 未获取到号码【1979162】GSD，可能号码格式错误
2023-11-17 00:16:57 获取到号码【1979162】的GSD为【-】
2023-11-17 00:17:00 GSD insert 第 1 次 等待 3 秒
2023-11-17 00:17:03 {"status":"bad","gid":"591613","msg":"添加失败！号码【1979162(-|-)】已存在！"}
2023-11-17 00:17:03 随机等待 138 秒，约 2 分钟
2023-11-17 00:17:03 下次操作: 2023-11-17 00:19:21

2023-11-17 00:19:21 开始第 9264 次操作

2023-11-17 00:19:21 开始操作号码 【1979163】
2023-11-17 00:19:25 GSD getOne 第 1 次 等待 3 秒
2023-11-17 00:19:28 查询号码 【1979163】，返回信息 {"status":"ok","msg":"-","gid":"591616","time_insert":"2023-03-15 05:19"}
2023-11-17 00:19:28 查询号码 【1979163】，GSD为【"-"】
2023-11-17 00:19:28 ok && -
2023-11-17 00:19:31 CHB 1979163?1700151568 第 1 次 等待 3 秒
2023-11-17 00:19:34 CHB 1979163?1700151568 第 1 次 获取到号码【1979163】GSD
2023-11-17 00:19:34 未获取到号码【1979163】GSD，可能号码格式错误
2023-11-17 00:19:34 获取到号码【1979163】的GSD为【-】
2023-11-17 00:19:38 GSD insert 第 1 次 等待 3 秒
2023-11-17 00:19:41 {"status":"bad","gid":"591616","msg":"添加失败！号码【1979163(-|-)】已存在！"}

