2024-03-05 00:10:46 开始第 7285 次操作

2024-03-05 00:10:46 开始操作号码 【1767185】
2024-03-05 00:10:52 GSD getOne 第 1 次 等待 3 秒
2024-03-05 00:10:55 查询号码 【1767185】，返回信息 {"status":"ok","msg":"湖北-孝感","gid":"168855","time_insert":"2021-07-01 19:48"}
2024-03-05 00:10:55 查询号码 【1767185】，GSD为【"湖北-孝感"】

2024-03-05 00:10:56 开始第 7286 次操作

2024-03-05 00:10:56 开始操作号码 【1767186】
2024-03-05 00:11:02 GSD getOne 第 1 次 等待 3 秒
2024-03-05 00:11:05 查询号码 【1767186】，返回信息 {"status":"ok","msg":"湖北-孝感","gid":"168844","time_insert":"2021-07-01 19:47"}
2024-03-05 00:11:05 查询号码 【1767186】，GSD为【"湖北-孝感"】

2024-03-05 00:11:06 开始第 7287 次操作

2024-03-05 00:11:06 开始操作号码 【1767187】
2024-03-05 00:11:11 GSD getOne 第 1 次 等待 3 秒
2024-03-05 00:11:14 查询号码 【1767187】，返回信息 {"status":"ok","msg":"湖北-孝感","gid":"168834","time_insert":"2021-07-01 19:46"}
2024-03-05 00:11:14 查询号码 【1767187】，GSD为【"湖北-孝感"】

2024-03-05 00:11:15 开始第 7288 次操作

2024-03-05 00:11:15 开始操作号码 【1767188】
2024-03-05 00:11:20 GSD getOne 第 1 次 等待 3 秒
2024-03-05 00:11:23 查询号码 【1767188】，返回信息 {"status":"ok","msg":"湖北-孝感","gid":"168820","time_insert":"2021-07-01 19:45"}
2024-03-05 00:11:23 查询号码 【1767188】，GSD为【"湖北-孝感"】

