2021-07-17 00:00:03 开始第 6 次操作

2021-07-17 00:00:03 开始操作号码 【1804035】
2021-07-17 00:00:09 GSD getOne 第 1 次 等待 3 秒
2021-07-17 00:00:12 查询号码 【1804035】，返回信息 {"status":"ok","msg":"四川-成都","gid":"32160","time_insert":"2017-06-20 23:58","time_update":"2020-11-01 18:44"}
2021-07-17 00:00:12 查询号码 【1804035】，GSD为【"四川-成都"】

2021-07-17 00:00:12 开始第 6 次操作

2021-07-17 00:00:12 开始操作号码 【1804036】
2021-07-17 00:00:18 GSD getOne 第 1 次 等待 3 秒
2021-07-17 00:00:21 查询号码 【1804036】，返回信息 {"status":"ok","msg":"四川-成都","gid":"32161","time_insert":"2018-01-10 11:24","time_update":"2020-11-01 18:48"}
2021-07-17 00:00:22 查询号码 【1804036】，GSD为【"四川-成都"】

2021-07-17 00:00:22 开始第 6 次操作

2021-07-17 00:00:22 开始操作号码 【1804037】
2021-07-17 00:00:25 GSD getOne 第 1 次 等待 3 秒
2021-07-17 00:00:28 查询号码 【1804037】，返回信息 {"status":"ok","msg":"四川-成都","gid":"32162","time_insert":"2017-09-14 13:16","time_update":"2020-11-01 18:52"}
2021-07-17 00:00:28 查询号码 【1804037】，GSD为【"四川-成都"】

2021-07-17 00:00:28 开始第 6 次操作

2021-07-17 00:00:28 开始操作号码 【1804038】
2021-07-17 00:00:35 GSD getOne 第 1 次 等待 3 秒
2021-07-17 00:00:38 查询号码 【1804038】，返回信息 {"status":"ok","msg":"四川-自贡","gid":"32163","time_insert":"2018-11-09 14:58","time_update":"2020-11-02 08:55"}
2021-07-17 00:00:38 查询号码 【1804038】，GSD为【"四川-自贡"】

2021-07-17 00:00:38 开始第 6 次操作

2021-07-17 00:00:38 开始操作号码 【1804039】
2021-07-17 00:00:41 GSD getOne 第 1 次 等待 3 秒
2021-07-17 00:00:44 查询号码 【1804039】，返回信息 {"status":"ok","msg":"四川-泸州","gid":"32164","time_insert":"2018-09-28 13:24","time_update":"2020-11-02 09:00"}
2021-07-17 00:00:44 查询号码 【1804039】，GSD为【"四川-泸州"】

2021-07-17 00:00:44 开始第 6 次操作

2021-07-17 00:00:44 开始操作号码 【1804040】
2021-07-17 00:00:52 GSD getOne 第 1 次 等待 3 秒
2021-07-17 00:00:55 查询号码 【1804040】，返回信息 {"status":"ok","msg":"四川-德阳","gid":"32165","time_insert":"2017-11-21 21:26","time_update":"2020-11-02 09:04"}
2021-07-17 00:00:55 查询号码 【1804040】，GSD为【"四川-德阳"】

2021-07-17 00:00:55 开始第 6 次操作

2021-07-17 00:00:55 开始操作号码 【1804041】
2021-07-17 00:00:59 GSD getOne 第 1 次 等待 3 秒
2021-07-17 00:01:02 查询号码 【1804041】，返回信息 {"status":"ok","msg":"四川-遂宁","gid":"32166","time_insert":"2017-04-23 09:43","time_update":"2020-11-02 09:08"}
2021-07-17 00:01:02 查询号码 【1804041】，GSD为【"四川-遂宁"】

2021-07-17 00:01:02 开始第 6 次操作

2021-07-17 00:01:02 开始操作号码 【1804042】
2021-07-17 00:01:13 GSD getOne 第 1 次 等待 3 秒
2021-07-17 00:01:16 查询号码 【1804042】，返回信息 {"status":"ok","msg":"四川-内江","gid":"32167","time_insert":"2018-05-30 22:44","time_update":"2020-11-02 09:12"}
2021-07-17 00:01:16 查询号码 【1804042】，GSD为【"四川-内江"】

2021-07-17 00:01:16 开始第 6 次操作

2021-07-17 00:01:16 开始操作号码 【1804043】
2021-07-17 00:01:19 GSD getOne 第 1 次 等待 3 秒
2021-07-17 00:01:22 查询号码 【1804043】，返回信息 {"status":"ok","msg":"四川-乐山","gid":"32168","time_insert":"2016-11-14 22:05","time_update":"2020-11-02 09:16"}
2021-07-17 00:01:22 查询号码 【1804043】，GSD为【"四川-乐山"】

2021-07-17 00:01:22 开始第 6 次操作

2021-07-17 00:01:22 开始操作号码 【1804044】
2021-07-17 00:01:46 GSD getOne 第 1 次 等待 3 秒
2021-07-17 00:01:49 查询号码 【1804044】，返回信息 {"status":"ok","msg":"四川-南充","gid":"32169","time_insert":"2018-01-18 11:07","time_update":"2020-11-02 09:20"}
2021-07-17 00:01:49 查询号码 【1804044】，GSD为【"四川-南充"】

2021-07-17 00:01:49 开始第 6 次操作

2021-07-17 00:01:49 开始操作号码 【1804045】
2021-07-17 00:01:56 GSD getOne 第 1 次 等待 3 秒
2021-07-17 00:01:59 查询号码 【1804045】，返回信息 {"status":"ok","msg":"四川-宜宾","gid":"32170","time_insert":"2018-03-11 22:07","time_update":"2020-11-02 09:24"}
2021-07-17 00:01:59 查询号码 【1804045】，GSD为【"四川-宜宾"】

2021-07-17 00:01:59 开始第 6 次操作

2021-07-17 00:01:59 开始操作号码 【1804046】
2021-07-17 00:02:02 GSD getOne 第 1 次 等待 3 秒
2021-07-17 00:02:05 查询号码 【1804046】，返回信息 {"status":"ok","msg":"四川-广元","gid":"32171","time_insert":"2019-07-06 12:28","time_update":"2020-11-02 09:29"}
2021-07-17 00:02:05 查询号码 【1804046】，GSD为【"四川-广元"】

2021-07-17 00:02:05 开始第 6 次操作

2021-07-17 00:02:05 开始操作号码 【1804047】
2021-07-17 00:02:12 GSD getOne 第 1 次 等待 3 秒
2021-07-17 00:02:15 查询号码 【1804047】，返回信息 {"status":"ok","msg":"四川-凉山","gid":"32172","time_insert":"2019-09-14 14:20","time_update":"2020-11-02 09:32"}
2021-07-17 00:02:15 查询号码 【1804047】，GSD为【"四川-凉山"】

2021-07-17 00:02:15 开始第 6 次操作

2021-07-17 00:02:15 开始操作号码 【1804048】
2021-07-17 00:02:18 GSD getOne 第 1 次 等待 3 秒
2021-07-17 00:02:21 查询号码 【1804048】，返回信息 {"status":"ok","msg":"四川-巴中","gid":"32173","time_insert":"2018-09-18 22:50","time_update":"2020-11-02 09:35"}
2021-07-17 00:02:21 查询号码 【1804048】，GSD为【"四川-巴中"】

2021-07-17 00:02:21 开始第 6 次操作

2021-07-17 00:02:21 开始操作号码 【1804049】
2021-07-17 00:02:29 GSD getOne 第 1 次 等待 3 秒
2021-07-17 00:02:32 查询号码 【1804049】，返回信息 {"status":"ok","msg":"四川-广安","gid":"32174","time_insert":"2020-04-16 09:29","time_update":"2020-11-02 09:39"}
2021-07-17 00:02:32 查询号码 【1804049】，GSD为【"四川-广安"】

2021-07-17 00:02:32 开始第 6 次操作

2021-07-17 00:02:32 开始操作号码 【1804050】
2021-07-17 00:02:35 GSD getOne 第 1 次 等待 3 秒
2021-07-17 00:02:38 查询号码 【1804050】，返回信息 {"status":"bad","msg":""}
2021-07-17 00:02:38 查询号码 【1804050】，GSD为【""】
2021-07-17 00:02:38 bad
2021-07-17 00:02:40 CHB 1804050?1626451358 第 1 次 等待 3 秒
2021-07-17 00:02:43 CHB 1804050?1626451358 第 1 次 获取到号码【1804050】GSD
2021-07-17 00:02:43 获取到号码【1804050】的GSD为【湖北-武汉】
2021-07-17 00:02:46 GSD insert 第 1 次 等待 3 秒
2021-07-17 00:02:49 {"status":"ok","gid":298088,"msg":"添加成功！"}
2021-07-17 00:02:49 下次操作: 2021-07-17 00:03:09

2021-07-17 00:03:09 开始第 7 次操作

2021-07-17 00:03:09 开始操作号码 【1804051】
2021-07-17 00:03:15 GSD getOne 第 1 次 等待 3 秒
2021-07-17 00:03:18 查询号码 【1804051】，返回信息 {"status":"bad","msg":""}
2021-07-17 00:03:18 查询号码 【1804051】，GSD为【""】
2021-07-17 00:03:18 bad
2021-07-17 00:03:20 CHB 1804051?1626451398 第 1 次 等待 3 秒
2021-07-17 00:03:23 CHB 1804051?1626451398 第 1 次 获取到号码【1804051】GSD
2021-07-17 00:03:23 获取到号码【1804051】的GSD为【湖北-武汉】
2021-07-17 00:03:26 GSD insert 第 1 次 等待 3 秒
2021-07-17 00:03:29 {"status":"ok","gid":298098,"msg":"添加成功！"}
2021-07-17 00:03:29 下次操作: 2021-07-17 00:03:53

2021-07-17 00:03:53 开始第 8 次操作

2021-07-17 00:03:53 开始操作号码 【1804052】
2021-07-17 00:03:56 GSD getOne 第 1 次 等待 3 秒
2021-07-17 00:03:59 查询号码 【1804052】，返回信息 {"status":"bad","msg":""}
2021-07-17 00:03:59 查询号码 【1804052】，GSD为【""】
2021-07-17 00:03:59 bad
2021-07-17 00:04:05 CHB 1804052?1626451439 第 1 次 等待 3 秒
2021-07-17 00:04:08 CHB 1804052?1626451439 第 1 次 获取到号码【1804052】GSD
2021-07-17 00:04:08 获取到号码【1804052】的GSD为【湖北-武汉】
2021-07-17 00:04:11 GSD insert 第 1 次 等待 3 秒
2021-07-17 00:04:14 {"status":"ok","gid":298103,"msg":"添加成功！"}
2021-07-17 00:04:14 下次操作: 2021-07-17 00:04:27

2021-07-17 00:04:27 开始第 9 次操作

2021-07-17 00:04:27 开始操作号码 【1804053】
2021-07-17 00:04:30 GSD getOne 第 1 次 等待 3 秒
2021-07-17 00:04:33 查询号码 【1804053】，返回信息 {"status":"bad","msg":""}
2021-07-17 00:04:33 查询号码 【1804053】，GSD为【""】
2021-07-17 00:04:33 bad
2021-07-17 00:04:35 CHB 1804053?1626451473 第 1 次 等待 3 秒
2021-07-17 00:04:38 CHB 1804053?1626451473 第 1 次 获取到号码【1804053】GSD
2021-07-17 00:04:38 获取到号码【1804053】的GSD为【湖北-武汉】
2021-07-17 00:04:44 GSD insert 第 1 次 等待 3 秒
2021-07-17 00:04:47 {"status":"ok","gid":298107,"msg":"添加成功！"}
2021-07-17 00:04:47 下次操作: 2021-07-17 00:05:08

2021-07-17 00:05:08 开始第 10 次操作

2021-07-17 00:05:08 开始操作号码 【1804054】
2021-07-17 00:05:12 GSD getOne 第 1 次 等待 3 秒
2021-07-17 00:05:15 查询号码 【1804054】，返回信息 {"status":"bad","msg":""}
2021-07-17 00:05:15 查询号码 【1804054】，GSD为【""】
2021-07-17 00:05:15 bad
2021-07-17 00:05:20 CHB 1804054?1626451515 第 1 次 等待 3 秒
2021-07-17 00:05:23 CHB 1804054?1626451515 第 1 次 获取到号码【1804054】GSD
2021-07-17 00:05:23 获取到号码【1804054】的GSD为【湖北-武汉】
2021-07-17 00:05:27 GSD insert 第 1 次 等待 3 秒
2021-07-17 00:05:30 {"status":"ok","gid":298116,"msg":"添加成功！"}
2021-07-17 00:05:30 下次操作: 2021-07-17 00:05:51

2021-07-17 00:05:51 开始第 11 次操作

2021-07-17 00:05:51 开始操作号码 【1804055】
2021-07-17 00:05:54 GSD getOne 第 1 次 等待 3 秒
2021-07-17 00:05:57 查询号码 【1804055】，返回信息 {"status":"bad","msg":""}
2021-07-17 00:05:57 查询号码 【1804055】，GSD为【""】
2021-07-17 00:05:57 bad
2021-07-17 00:05:59 CHB 1804055?1626451557 第 1 次 等待 3 秒
2021-07-17 00:06:02 CHB 1804055?1626451557 第 1 次 获取到号码【1804055】GSD
2021-07-17 00:06:02 获取到号码【1804055】的GSD为【湖北-武汉】
2021-07-17 00:07:10 GSD insert 第 1 次 等待 3 秒
2021-07-17 00:07:13 {"status":"ok","gid":298129,"msg":"添加成功！"}
2021-07-17 00:07:13 下次操作: 2021-07-17 00:07:35

2021-07-17 00:07:35 开始第 12 次操作

2021-07-17 00:07:35 开始操作号码 【1804056】
2021-07-17 00:07:41 GSD getOne 第 1 次 等待 3 秒
2021-07-17 00:07:44 查询号码 【1804056】，返回信息 {"status":"bad","msg":""}
2021-07-17 00:07:44 查询号码 【1804056】，GSD为【""】
2021-07-17 00:07:44 bad
2021-07-17 00:07:45 CHB 1804056?1626451664 第 1 次 等待 3 秒
2021-07-17 00:07:48 CHB 1804056?1626451664 第 1 次 获取到号码【1804056】GSD
2021-07-17 00:07:48 获取到号码【1804056】的GSD为【湖北-武汉】
2021-07-17 00:08:33 GSD insert 第 1 次 等待 3 秒
2021-07-17 00:08:36 {"status":"ok","gid":298137,"msg":"添加成功！"}
2021-07-17 00:08:36 下次操作: 2021-07-17 00:08:57

2021-07-17 00:08:57 开始第 13 次操作

2021-07-17 00:08:57 开始操作号码 【1804057】
2021-07-17 00:09:01 GSD getOne 第 1 次 等待 3 秒
2021-07-17 00:09:04 查询号码 【1804057】，返回信息 {"status":"bad","msg":""}
2021-07-17 00:09:04 查询号码 【1804057】，GSD为【""】
2021-07-17 00:09:04 bad
2021-07-17 00:09:11 CHB 1804057?1626451744 第 1 次 等待 3 秒
2021-07-17 00:09:14 CHB 1804057?1626451744 第 1 次 获取到号码【1804057】GSD
2021-07-17 00:09:14 获取到号码【1804057】的GSD为【湖北-武汉】
2021-07-17 00:09:24 GSD insert 第 1 次 等待 3 秒
2021-07-17 00:09:27 {"status":"ok","gid":298146,"msg":"添加成功！"}
2021-07-17 00:09:27 下次操作: 2021-07-17 00:09:49

2021-07-17 00:09:49 开始第 14 次操作

2021-07-17 00:09:49 开始操作号码 【1804058】
2021-07-17 00:09:53 GSD getOne 第 1 次 等待 3 秒
2021-07-17 00:09:57 查询号码 【1804058】，返回信息 {"status":"bad","msg":""}
2021-07-17 00:09:57 查询号码 【1804058】，GSD为【""】
2021-07-17 00:09:57 bad
2021-07-17 00:09:59 CHB 1804058?1626451797 第 1 次 等待 3 秒
2021-07-17 00:10:02 CHB 1804058?1626451797 第 1 次 获取到号码【1804058】GSD
2021-07-17 00:10:02 获取到号码【1804058】的GSD为【湖北-武汉】
2021-07-17 00:10:06 GSD insert 第 1 次 等待 3 秒
2021-07-17 00:10:09 {"status":"ok","gid":298155,"msg":"添加成功！"}
2021-07-17 00:10:09 下次操作: 2021-07-17 00:10:25

2021-07-17 00:10:25 开始第 15 次操作

2021-07-17 00:10:25 开始操作号码 【1804059】
2021-07-17 00:10:28 GSD getOne 第 1 次 等待 3 秒
2021-07-17 00:10:31 查询号码 【1804059】，返回信息 {"status":"bad","msg":""}
2021-07-17 00:10:31 查询号码 【1804059】，GSD为【""】
2021-07-17 00:10:31 bad
2021-07-17 00:10:33 CHB 1804059?1626451831 第 1 次 等待 3 秒
2021-07-17 00:10:36 CHB 1804059?1626451831 第 1 次 获取到号码【1804059】GSD
2021-07-17 00:10:36 获取到号码【1804059】的GSD为【湖北-武汉】
2021-07-17 00:10:39 GSD insert 第 1 次 等待 3 秒
2021-07-17 00:10:42 {"status":"ok","gid":298161,"msg":"添加成功！"}
2021-07-17 00:10:42 下次操作: 2021-07-17 00:11:05

2021-07-17 00:11:05 开始第 16 次操作

2021-07-17 00:11:05 开始操作号码 【1804060】
2021-07-17 00:11:08 GSD getOne 第 1 次 等待 3 秒
2021-07-17 00:11:11 查询号码 【1804060】，返回信息 {"status":"bad","msg":""}
2021-07-17 00:11:11 查询号码 【1804060】，GSD为【""】
2021-07-17 00:11:11 bad
2021-07-17 00:11:13 CHB 1804060?1626451871 第 1 次 等待 3 秒
2021-07-17 00:11:16 CHB 1804060?1626451871 第 1 次 获取到号码【1804060】GSD
2021-07-17 00:11:16 获取到号码【1804060】的GSD为【湖北-襄阳】
2021-07-17 00:11:22 GSD insert 第 1 次 等待 3 秒
2021-07-17 00:11:25 {"status":"ok","gid":298167,"msg":"添加成功！"}
2021-07-17 00:11:25 下次操作: 2021-07-17 00:11:38

2021-07-17 00:11:38 开始第 17 次操作

2021-07-17 00:11:38 开始操作号码 【1804061】
2021-07-17 00:11:41 GSD getOne 第 1 次 等待 3 秒
2021-07-17 00:11:44 查询号码 【1804061】，返回信息 {"status":"bad","msg":""}
2021-07-17 00:11:44 查询号码 【1804061】，GSD为【""】
2021-07-17 00:11:44 bad
2021-07-17 00:11:51 CHB 1804061?1626451904 第 1 次 等待 3 秒
2021-07-17 00:11:54 CHB 1804061?1626451904 第 1 次 获取到号码【1804061】GSD
2021-07-17 00:11:55 获取到号码【1804061】的GSD为【湖北-黄冈】
2021-07-17 00:12:21 GSD insert 第 1 次 等待 3 秒
2021-07-17 00:12:24 {"status":"ok","gid":298175,"msg":"添加成功！"}
2021-07-17 00:12:24 下次操作: 2021-07-17 00:12:42

2021-07-17 00:12:42 开始第 18 次操作

2021-07-17 00:12:42 开始操作号码 【1804062】
2021-07-17 00:12:45 GSD getOne 第 1 次 等待 3 秒
2021-07-17 00:12:48 查询号码 【1804062】，返回信息 {"status":"bad","msg":""}
2021-07-17 00:12:48 查询号码 【1804062】，GSD为【""】
2021-07-17 00:12:48 bad
2021-07-17 00:12:55 CHB 1804062?1626451968 第 1 次 等待 3 秒
2021-07-17 00:12:58 CHB 1804062?1626451968 第 1 次 获取到号码【1804062】GSD
2021-07-17 00:12:58 获取到号码【1804062】的GSD为【湖北-黄石】
2021-07-17 00:13:30 GSD insert 第 1 次 等待 3 秒
2021-07-17 00:13:33 {"status":"ok","gid":298185,"msg":"添加成功！"}
2021-07-17 00:13:33 下次操作: 2021-07-17 00:13:52

2021-07-17 00:13:52 开始第 19 次操作

2021-07-17 00:13:52 开始操作号码 【1804063】
2021-07-17 00:14:55 GSD getOne 第 1 次 等待 3 秒
2021-07-17 00:14:58 查询号码 【1804063】，返回信息 {"status":"bad","msg":""}
2021-07-17 00:14:58 查询号码 【1804063】，GSD为【""】
2021-07-17 00:14:58 bad
2021-07-17 00:15:01 CHB 1804063?1626452098 第 1 次 等待 3 秒
2021-07-17 00:15:04 CHB 1804063?1626452098 第 1 次 获取到号码【1804063】GSD
2021-07-17 00:15:04 获取到号码【1804063】的GSD为【湖北-荆州】
2021-07-17 00:15:07 GSD insert 第 1 次 等待 3 秒
2021-07-17 00:15:10 {"status":"ok","gid":298195,"msg":"添加成功！"}
2021-07-17 00:15:10 下次操作: 2021-07-17 00:15:23

2021-07-17 00:15:23 开始第 20 次操作

2021-07-17 00:15:23 开始操作号码 【1804064】
2021-07-17 00:16:31 GSD getOne 第 1 次 等待 3 秒
2021-07-17 00:16:34 查询号码 【1804064】，返回信息 {"status":"bad","msg":""}
2021-07-17 00:16:34 查询号码 【1804064】，GSD为【""】
2021-07-17 00:16:34 bad
2021-07-17 00:16:41 CHB 1804064?1626452194 第 1 次 等待 3 秒
2021-07-17 00:16:44 CHB 1804064?1626452194 第 1 次 获取到号码【1804064】GSD
2021-07-17 00:16:44 获取到号码【1804064】的GSD为【湖北-宜昌】
2021-07-17 00:16:51 GSD insert 第 1 次 等待 3 秒
2021-07-17 00:16:54 {"status":"ok","gid":298204,"msg":"添加成功！"}
2021-07-17 00:16:54 下次操作: 2021-07-17 00:17:06

2021-07-17 00:17:06 开始第 21 次操作

2021-07-17 00:17:06 开始操作号码 【1804065】
2021-07-17 00:17:13 GSD getOne 第 1 次 等待 3 秒
2021-07-17 00:17:16 查询号码 【1804065】，返回信息 {"status":"bad","msg":""}
2021-07-17 00:17:16 查询号码 【1804065】，GSD为【""】
2021-07-17 00:17:16 bad
2021-07-17 00:17:23 CHB 1804065?1626452236 第 1 次 等待 3 秒
2021-07-17 00:17:26 CHB 1804065?1626452236 第 1 次 获取到号码【1804065】GSD
2021-07-17 00:17:26 获取到号码【1804065】的GSD为【湖北-恩施】
2021-07-17 00:17:29 GSD insert 第 1 次 等待 3 秒
2021-07-17 00:17:32 {"status":"ok","gid":298208,"msg":"添加成功！"}
2021-07-17 00:17:32 下次操作: 2021-07-17 00:17:51

2021-07-17 00:17:51 开始第 22 次操作

2021-07-17 00:17:51 开始操作号码 【1804066】
2021-07-17 00:17:56 GSD getOne 第 1 次 等待 3 秒
2021-07-17 00:17:59 查询号码 【1804066】，返回信息 {"status":"bad","msg":""}
2021-07-17 00:17:59 查询号码 【1804066】，GSD为【""】
2021-07-17 00:17:59 bad
2021-07-17 00:18:05 CHB 1804066?1626452279 第 1 次 等待 3 秒
2021-07-17 00:18:08 CHB 1804066?1626452279 第 1 次 获取到号码【1804066】GSD
2021-07-17 00:18:08 获取到号码【1804066】的GSD为【湖北-十堰】
2021-07-17 00:18:16 GSD insert 第 1 次 等待 3 秒
2021-07-17 00:18:19 {"status":"ok","gid":298216,"msg":"添加成功！"}
2021-07-17 00:18:19 下次操作: 2021-07-17 00:18:38

2021-07-17 00:18:38 开始第 23 次操作

2021-07-17 00:18:38 开始操作号码 【1804067】
2021-07-17 00:18:41 GSD getOne 第 1 次 等待 3 秒
2021-07-17 00:18:44 查询号码 【1804067】，返回信息 {"status":"bad","msg":""}
2021-07-17 00:18:44 查询号码 【1804067】，GSD为【""】
2021-07-17 00:18:44 bad
2021-07-17 00:18:47 CHB 1804067?1626452324 第 1 次 等待 3 秒
2021-07-17 00:18:50 CHB 1804067?1626452324 第 1 次 获取到号码【1804067】GSD
2021-07-17 00:18:50 获取到号码【1804067】的GSD为【湖北-随州】
2021-07-17 00:18:54 GSD insert 第 1 次 等待 3 秒
2021-07-17 00:18:57 {"status":"ok","gid":298223,"msg":"添加成功！"}
2021-07-17 00:18:57 下次操作: 2021-07-17 00:19:21

2021-07-17 00:19:21 开始第 24 次操作

2021-07-17 00:19:21 开始操作号码 【1804068】
2021-07-17 00:19:24 GSD getOne 第 1 次 等待 3 秒
2021-07-17 00:19:27 查询号码 【1804068】，返回信息 {"status":"bad","msg":""}
2021-07-17 00:19:27 查询号码 【1804068】，GSD为【""】
2021-07-17 00:19:27 bad
2021-07-17 00:19:29 CHB 1804068?1626452367 第 1 次 等待 3 秒
2021-07-17 00:19:32 CHB 1804068?1626452367 第 1 次 获取到号码【1804068】GSD
2021-07-17 00:19:32 获取到号码【1804068】的GSD为【湖北-荆门】
2021-07-17 00:20:34 GSD insert 第 1 次 等待 3 秒
2021-07-17 00:20:37 {"status":"ok","gid":298238,"msg":"添加成功！"}
2021-07-17 00:20:37 下次操作: 2021-07-17 00:20:57

2021-07-17 00:20:57 开始第 25 次操作

2021-07-17 00:20:57 开始操作号码 【1804069】
2021-07-17 00:21:04 GSD getOne 第 1 次 等待 3 秒
2021-07-17 00:21:07 查询号码 【1804069】，返回信息 {"status":"bad","msg":""}
2021-07-17 00:21:07 查询号码 【1804069】，GSD为【""】
2021-07-17 00:21:07 bad
2021-07-17 00:21:10 CHB 1804069?1626452467 第 1 次 等待 3 秒
2021-07-17 00:21:13 CHB 1804069?1626452467 第 1 次 获取到号码【1804069】GSD
2021-07-17 00:21:13 获取到号码【1804069】的GSD为【湖北-江汉】
2021-07-17 00:21:16 GSD insert 第 1 次 等待 3 秒
2021-07-17 00:21:19 {"status":"ok","gid":298244,"msg":"添加成功！"}
2021-07-17 00:21:19 下次操作: 2021-07-17 00:21:31

2021-07-17 00:21:31 开始第 26 次操作

2021-07-17 00:21:31 开始操作号码 【1804070】
2021-07-17 00:21:41 GSD getOne 第 1 次 等待 3 秒
2021-07-17 00:21:44 查询号码 【1804070】，返回信息 {"status":"bad","msg":""}
2021-07-17 00:21:44 查询号码 【1804070】，GSD为【""】
2021-07-17 00:21:44 bad
2021-07-17 00:21:46 CHB 1804070?1626452504 第 1 次 等待 3 秒
2021-07-17 00:21:49 CHB 1804070?1626452504 第 1 次 获取到号码【1804070】GSD
2021-07-17 00:21:49 获取到号码【1804070】的GSD为【新疆-阿克苏】
2021-07-17 00:21:53 GSD insert 第 1 次 等待 3 秒
2021-07-17 00:21:56 {"status":"ok","gid":298247,"msg":"添加成功！"}
2021-07-17 00:21:56 下次操作: 2021-07-17 00:22:12

2021-07-17 00:22:13 开始第 27 次操作

2021-07-17 00:22:13 开始操作号码 【1804071】
2021-07-17 00:22:16 GSD getOne 第 1 次 等待 3 秒
2021-07-17 00:22:19 查询号码 【1804071】，返回信息 {"status":"bad","msg":""}
2021-07-17 00:22:19 查询号码 【1804071】，GSD为【""】
2021-07-17 00:22:19 bad
2021-07-17 00:22:21 CHB 1804071?1626452539 第 1 次 等待 3 秒
2021-07-17 00:22:24 CHB 1804071?1626452539 第 1 次 获取到号码【1804071】GSD
2021-07-17 00:22:24 获取到号码【1804071】的GSD为【新疆-和田】
2021-07-17 00:22:54 GSD insert 第 1 次 等待 3 秒
2021-07-17 00:22:57 {"status":"ok","gid":298251,"msg":"添加成功！"}
2021-07-17 00:22:57 下次操作: 2021-07-17 00:23:20

2021-07-17 00:23:20 开始第 28 次操作

2021-07-17 00:23:20 开始操作号码 【1804072】
2021-07-17 00:23:23 GSD getOne 第 1 次 等待 3 秒
2021-07-17 00:23:26 查询号码 【1804072】，返回信息 {"status":"bad","msg":""}
2021-07-17 00:23:26 查询号码 【1804072】，GSD为【""】
2021-07-17 00:23:26 bad
2021-07-17 00:23:31 CHB 1804072?1626452606 第 1 次 等待 3 秒
2021-07-17 00:23:34 CHB 1804072?1626452606 第 1 次 获取到号码【1804072】GSD
2021-07-17 00:23:34 获取到号码【1804072】的GSD为【新疆-伊犁】
2021-07-17 00:23:42 GSD insert 第 1 次 等待 3 秒
2021-07-17 00:23:45 {"status":"ok","gid":298257,"msg":"添加成功！"}
2021-07-17 00:23:45 下次操作: 2021-07-17 00:24:04

2021-07-17 00:24:04 开始第 29 次操作

2021-07-17 00:24:04 开始操作号码 【1804073】
2021-07-17 00:24:06 GSD getOne 第 1 次 等待 3 秒
2021-07-17 00:24:10 查询号码 【1804073】，返回信息 {"status":"bad","msg":""}
2021-07-17 00:24:10 查询号码 【1804073】，GSD为【""】
2021-07-17 00:24:10 bad
2021-07-17 00:24:11 CHB 1804073?1626452650 第 1 次 等待 3 秒
2021-07-17 00:24:14 CHB 1804073?1626452650 第 1 次 获取到号码【1804073】GSD
2021-07-17 00:24:14 获取到号码【1804073】的GSD为【新疆-阿勒泰】
2021-07-17 00:24:17 GSD insert 第 1 次 等待 3 秒
2021-07-17 00:24:20 {"status":"ok","gid":298266,"msg":"添加成功！"}
2021-07-17 00:24:20 下次操作: 2021-07-17 00:24:44

2021-07-17 00:24:44 开始第 30 次操作

2021-07-17 00:24:44 开始操作号码 【1804074】
2021-07-17 00:24:47 GSD getOne 第 1 次 等待 3 秒
2021-07-17 00:24:50 查询号码 【1804074】，返回信息 {"status":"bad","msg":""}
2021-07-17 00:24:50 查询号码 【1804074】，GSD为【""】
2021-07-17 00:24:50 bad
2021-07-17 00:24:53 CHB 1804074?1626452690 第 1 次 等待 3 秒
2021-07-17 00:24:56 CHB 1804074?1626452690 第 1 次 获取到号码【1804074】GSD
2021-07-17 00:24:56 获取到号码【1804074】的GSD为【新疆-喀什】
2021-07-17 00:25:01 GSD insert 第 1 次 等待 3 秒
2021-07-17 00:25:04 {"status":"ok","gid":298273,"msg":"添加成功！"}
2021-07-17 00:25:04 下次操作: 2021-07-17 00:25:17

2021-07-17 00:25:17 开始第 31 次操作

2021-07-17 00:25:17 开始操作号码 【1804075】
2021-07-17 00:25:20 GSD getOne 第 1 次 等待 3 秒
2021-07-17 00:25:23 查询号码 【1804075】，返回信息 {"status":"bad","msg":""}
2021-07-17 00:25:23 查询号码 【1804075】，GSD为【""】
2021-07-17 00:25:23 bad
2021-07-17 00:25:30 CHB 1804075?1626452723 第 1 次 等待 3 秒
2021-07-17 00:25:33 CHB 1804075?1626452723 第 1 次 获取到号码【1804075】GSD
2021-07-17 00:25:33 获取到号码【1804075】的GSD为【新疆-乌鲁木齐】
2021-07-17 00:25:39 GSD insert 第 1 次 等待 3 秒
2021-07-17 00:25:42 {"status":"ok","gid":298278,"msg":"添加成功！"}
2021-07-17 00:25:42 下次操作: 2021-07-17 00:25:57

2021-07-17 00:25:57 开始第 32 次操作

2021-07-17 00:25:57 开始操作号码 【1804076】
2021-07-17 00:26:05 GSD getOne 第 1 次 等待 3 秒
2021-07-17 00:26:08 查询号码 【1804076】，返回信息 {"status":"bad","msg":""}
2021-07-17 00:26:08 查询号码 【1804076】，GSD为【""】
2021-07-17 00:26:08 bad
2021-07-17 00:26:11 CHB 1804076?1626452768 第 1 次 等待 3 秒
2021-07-17 00:26:14 CHB 1804076?1626452768 第 1 次 获取到号码【1804076】GSD
2021-07-17 00:26:14 获取到号码【1804076】的GSD为【新疆-乌鲁木齐】
2021-07-17 00:26:17 GSD insert 第 1 次 等待 3 秒
2021-07-17 00:26:20 {"status":"ok","gid":298285,"msg":"添加成功！"}
2021-07-17 00:26:20 下次操作: 2021-07-17 00:26:32

2021-07-17 00:26:32 开始第 33 次操作

2021-07-17 00:26:32 开始操作号码 【1804077】
2021-07-17 00:26:37 GSD getOne 第 1 次 等待 3 秒
2021-07-17 00:26:40 查询号码 【1804077】，返回信息 {"status":"bad","msg":""}
2021-07-17 00:26:40 查询号码 【1804077】，GSD为【""】
2021-07-17 00:26:40 bad
2021-07-17 00:26:46 CHB 1804077?1626452800 第 1 次 等待 3 秒
2021-07-17 00:26:49 CHB 1804077?1626452800 第 1 次 获取到号码【1804077】GSD
2021-07-17 00:26:49 获取到号码【1804077】的GSD为【新疆-乌鲁木齐】
2021-07-17 00:26:52 GSD insert 第 1 次 等待 3 秒
2021-07-17 00:26:55 {"status":"ok","gid":298290,"msg":"添加成功！"}
2021-07-17 00:26:55 下次操作: 2021-07-17 00:27:07

2021-07-17 00:27:07 开始第 34 次操作

2021-07-17 00:27:07 开始操作号码 【1804078】
2021-07-17 00:27:40 GSD getOne 第 1 次 等待 3 秒
2021-07-17 00:27:43 查询号码 【1804078】，返回信息 {"status":"bad","msg":""}
2021-07-17 00:27:43 查询号码 【1804078】，GSD为【""】
2021-07-17 00:27:43 bad
2021-07-17 00:27:46 CHB 1804078?1626452863 第 1 次 等待 3 秒
2021-07-17 00:27:49 CHB 1804078?1626452863 第 1 次 获取到号码【1804078】GSD
2021-07-17 00:27:49 获取到号码【1804078】的GSD为【新疆-乌鲁木齐】
2021-07-17 00:27:53 GSD insert 第 1 次 等待 3 秒
2021-07-17 00:27:56 {"status":"ok","gid":298299,"msg":"添加成功！"}
2021-07-17 00:27:56 下次操作: 2021-07-17 00:28:10

2021-07-17 00:28:10 开始第 35 次操作

2021-07-17 00:28:10 开始操作号码 【1804079】
2021-07-17 00:28:13 GSD getOne 第 1 次 等待 3 秒
2021-07-17 00:28:16 查询号码 【1804079】，返回信息 {"status":"bad","msg":""}
2021-07-17 00:28:16 查询号码 【1804079】，GSD为【""】
2021-07-17 00:28:16 bad
2021-07-17 00:28:22 CHB 1804079?1626452896 第 1 次 等待 3 秒
2021-07-17 00:28:25 CHB 1804079?1626452896 第 1 次 获取到号码【1804079】GSD
2021-07-17 00:28:25 获取到号码【1804079】的GSD为【新疆-乌鲁木齐】
2021-07-17 00:28:30 GSD insert 第 1 次 等待 3 秒
2021-07-17 00:28:33 {"status":"ok","gid":298305,"msg":"添加成功！"}
2021-07-17 00:28:33 下次操作: 2021-07-17 00:28:46

2021-07-17 00:28:46 开始第 36 次操作

2021-07-17 00:28:46 开始操作号码 【1804080】
2021-07-17 00:28:49 GSD getOne 第 1 次 等待 3 秒
2021-07-17 00:28:52 查询号码 【1804080】，返回信息 {"status":"bad","msg":""}
2021-07-17 00:28:52 查询号码 【1804080】，GSD为【""】
2021-07-17 00:28:52 bad
2021-07-17 00:28:54 CHB 1804080?1626452932 第 1 次 等待 3 秒
2021-07-17 00:28:57 CHB 1804080?1626452932 第 1 次 获取到号码【1804080】GSD
2021-07-17 00:28:57 获取到号码【1804080】的GSD为【新疆-克拉玛依】
2021-07-17 00:29:00 GSD insert 第 1 次 等待 3 秒
2021-07-17 00:29:03 {"status":"ok","gid":298309,"msg":"添加成功！"}
2021-07-17 00:29:03 下次操作: 2021-07-17 00:29:19

2021-07-17 00:29:19 开始第 37 次操作

2021-07-17 00:29:19 开始操作号码 【1804081】
2021-07-17 00:30:21 GSD getOne 第 1 次 等待 3 秒
2021-07-17 00:30:24 查询号码 【1804081】，返回信息 {"status":"bad","msg":""}
2021-07-17 00:30:24 查询号码 【1804081】，GSD为【""】
2021-07-17 00:30:24 bad
2021-07-17 00:30:26 CHB 1804081?1626453024 第 1 次 等待 3 秒
2021-07-17 00:30:29 CHB 1804081?1626453024 第 1 次 获取到号码【1804081】GSD
2021-07-17 00:30:29 获取到号码【1804081】的GSD为【新疆-乌鲁木齐】
2021-07-17 00:30:32 GSD insert 第 1 次 等待 3 秒
2021-07-17 00:30:35 {"status":"ok","gid":298315,"msg":"添加成功！"}
2021-07-17 00:30:35 下次操作: 2021-07-17 00:30:50

2021-07-17 00:30:50 开始第 38 次操作

2021-07-17 00:30:50 开始操作号码 【1804082】
2021-07-17 00:30:53 GSD getOne 第 1 次 等待 3 秒
2021-07-17 00:30:56 查询号码 【1804082】，返回信息 {"status":"bad","msg":""}
2021-07-17 00:30:56 查询号码 【1804082】，GSD为【""】
2021-07-17 00:30:56 bad
2021-07-17 00:30:59 CHB 1804082?1626453056 第 1 次 等待 3 秒
2021-07-17 00:31:02 CHB 1804082?1626453056 第 1 次 获取到号码【1804082】GSD
2021-07-17 00:31:02 获取到号码【1804082】的GSD为【新疆-乌鲁木齐】
2021-07-17 00:31:05 GSD insert 第 1 次 等待 3 秒
2021-07-17 00:31:08 {"status":"ok","gid":298318,"msg":"添加成功！"}
2021-07-17 00:31:08 下次操作: 2021-07-17 00:31:24

2021-07-17 00:31:24 开始第 39 次操作

2021-07-17 00:31:24 开始操作号码 【1804083】
2021-07-17 00:31:31 GSD getOne 第 1 次 等待 3 秒
2021-07-17 00:31:34 查询号码 【1804083】，返回信息 {"status":"bad","msg":""}
2021-07-17 00:31:34 查询号码 【1804083】，GSD为【""】
2021-07-17 00:31:34 bad
2021-07-17 00:31:39 CHB 1804083?1626453094 第 1 次 等待 3 秒
2021-07-17 00:31:42 CHB 1804083?1626453094 第 1 次 获取到号码【1804083】GSD
2021-07-17 00:31:42 获取到号码【1804083】的GSD为【新疆-石河子】
2021-07-17 00:31:53 GSD insert 第 1 次 等待 3 秒
2021-07-17 00:31:56 {"status":"ok","gid":298322,"msg":"添加成功！"}
2021-07-17 00:31:56 下次操作: 2021-07-17 00:32:18

2021-07-17 00:32:18 开始第 40 次操作

2021-07-17 00:32:18 开始操作号码 【1804084】
2021-07-17 00:32:23 GSD getOne 第 1 次 等待 3 秒
2021-07-17 00:32:26 查询号码 【1804084】，返回信息 {"status":"bad","msg":""}
2021-07-17 00:32:26 查询号码 【1804084】，GSD为【""】
2021-07-17 00:32:26 bad
2021-07-17 00:32:29 CHB 1804084?1626453146 第 1 次 等待 3 秒
2021-07-17 00:32:32 CHB 1804084?1626453146 第 1 次 获取到号码【1804084】GSD
2021-07-17 00:32:32 获取到号码【1804084】的GSD为【新疆-奎屯】
2021-07-17 00:32:35 GSD insert 第 1 次 等待 3 秒
2021-07-17 00:32:38 {"status":"ok","gid":298326,"msg":"添加成功！"}

