2024-08-01 00:10:46 开始第 9273 次操作

2024-08-01 00:10:46 开始操作号码 【1549155】
2024-08-01 00:10:55 GSD getOne 第 1 次 等待 3 秒
2024-08-01 00:10:58 查询号码 【1549155】，返回信息 {"status":"ok","msg":"-","gid":"678437","time_insert":"2023-04-26 12:30"}
2024-08-01 00:10:58 查询号码 【1549155】，GSD为【"-"】
2024-08-01 00:10:58 ok && -
2024-08-01 00:11:00 CHB 1549155?1722442258 第 1 次 等待 3 秒
2024-08-01 00:11:03 CHB 1549155?1722442258 第 1 次 获取到号码【1549155】GSD
2024-08-01 00:11:03 未获取到号码【1549155】GSD，可能号码格式错误
2024-08-01 00:11:03 获取到号码【1549155】的GSD为【-】
2024-08-01 00:11:17 GSD insert 第 1 次 等待 3 秒
2024-08-01 00:11:20 {"status":"bad","gid":"678437","msg":"添加失败！号码【1549155(-|-)】已存在！"}
2024-08-01 00:11:20 随机等待 216 秒，约 3 分钟
2024-08-01 00:11:20 下次操作: 2024-08-01 00:14:56

2024-08-01 00:14:56 开始第 9274 次操作

2024-08-01 00:14:56 开始操作号码 【1549156】
2024-08-01 00:15:04 GSD getOne 第 1 次 等待 3 秒
2024-08-01 00:15:07 查询号码 【1549156】，返回信息 {"status":"ok","msg":"-","gid":"678429","time_insert":"2023-04-26 12:20"}
2024-08-01 00:15:07 查询号码 【1549156】，GSD为【"-"】
2024-08-01 00:15:07 ok && -
2024-08-01 00:15:09 CHB 1549156?1722442507 第 1 次 等待 3 秒
2024-08-01 00:15:12 CHB 1549156?1722442507 第 1 次 获取到号码【1549156】GSD
2024-08-01 00:15:12 未获取到号码【1549156】GSD，可能号码格式错误
2024-08-01 00:15:12 获取到号码【1549156】的GSD为【-】
2024-08-01 00:15:21 GSD insert 第 1 次 等待 3 秒
2024-08-01 00:15:24 {"status":"bad","gid":"678429","msg":"添加失败！号码【1549156(-|-)】已存在！"}
2024-08-01 00:15:24 随机等待 70 秒，约 1 分钟
2024-08-01 00:15:24 下次操作: 2024-08-01 00:16:34

2024-08-01 00:16:34 开始第 9275 次操作

2024-08-01 00:16:34 开始操作号码 【1549157】
2024-08-01 00:16:44 GSD getOne 第 1 次 等待 3 秒
2024-08-01 00:16:47 查询号码 【1549157】，返回信息 {"status":"ok","msg":"-","gid":"678424","time_insert":"2023-04-26 12:18"}
2024-08-01 00:16:47 查询号码 【1549157】，GSD为【"-"】
2024-08-01 00:16:47 ok && -
2024-08-01 00:16:49 CHB 1549157?1722442607 第 1 次 等待 3 秒
2024-08-01 00:16:52 CHB 1549157?1722442607 第 1 次 获取到号码【1549157】GSD
2024-08-01 00:16:52 未获取到号码【1549157】GSD，可能号码格式错误
2024-08-01 00:16:52 获取到号码【1549157】的GSD为【-】
2024-08-01 00:17:00 GSD insert 第 1 次 等待 3 秒
2024-08-01 00:17:03 {"status":"bad","gid":"678424","msg":"添加失败！号码【1549157(-|-)】已存在！"}
2024-08-01 00:17:03 随机等待 184 秒，约 3 分钟
2024-08-01 00:17:03 下次操作: 2024-08-01 00:20:07

2024-08-01 00:20:07 开始第 9276 次操作

2024-08-01 00:20:07 开始操作号码 【1549158】
2024-08-01 00:20:16 GSD getOne 第 1 次 等待 3 秒
2024-08-01 00:20:19 查询号码 【1549158】，返回信息 {"status":"ok","msg":"-","gid":"678419","time_insert":"2023-04-26 12:16"}
2024-08-01 00:20:19 查询号码 【1549158】，GSD为【"-"】
2024-08-01 00:20:19 ok && -
2024-08-01 00:20:20 CHB 1549158?1722442819 第 1 次 等待 3 秒
2024-08-01 00:20:23 CHB 1549158?1722442819 第 1 次 获取到号码【1549158】GSD
2024-08-01 00:20:23 未获取到号码【1549158】GSD，可能号码格式错误
2024-08-01 00:20:23 获取到号码【1549158】的GSD为【-】
2024-08-01 00:20:32 GSD insert 第 1 次 等待 3 秒
2024-08-01 00:20:35 {"status":"bad","gid":"678419","msg":"添加失败！号码【1549158(-|-)】已存在！"}

2024-08-01 00:38:10 开始第 9277 次操作

2024-08-01 00:38:10 开始操作号码 【1549159】
2024-08-01 00:38:21 GSD getOne 第 1 次 等待 3 秒
2024-08-01 00:38:24 查询号码 【1549159】，返回信息 {"status":"ok","msg":"-","gid":"678416","time_insert":"2023-04-26 12:14"}
2024-08-01 00:38:24 查询号码 【1549159】，GSD为【"-"】
2024-08-01 00:38:24 ok && -
2024-08-01 00:38:26 CHB 1549159?1722443904 第 1 次 等待 3 秒
2024-08-01 00:38:29 CHB 1549159?1722443904 第 1 次 获取到号码【1549159】GSD
2024-08-01 00:38:29 未获取到号码【1549159】GSD，可能号码格式错误
2024-08-01 00:38:29 获取到号码【1549159】的GSD为【-】
2024-08-01 00:38:37 GSD insert 第 1 次 等待 3 秒
2024-08-01 00:38:40 {"status":"bad","gid":"678416","msg":"添加失败！号码【1549159(-|-)】已存在！"}
2024-08-01 00:38:40 随机等待 184 秒，约 3 分钟
2024-08-01 00:38:40 下次操作: 2024-08-01 00:41:44

2024-08-01 00:41:44 开始第 9278 次操作

2024-08-01 00:41:44 开始操作号码 【1549160】
2024-08-01 00:41:52 GSD getOne 第 1 次 等待 3 秒
2024-08-01 00:41:55 查询号码 【1549160】，返回信息 {"status":"ok","msg":"-","gid":"678407","time_insert":"2023-04-26 12:02"}
2024-08-01 00:41:55 查询号码 【1549160】，GSD为【"-"】
2024-08-01 00:41:55 ok && -
2024-08-01 00:41:57 CHB 1549160?1722444115 第 1 次 等待 3 秒
2024-08-01 00:42:00 CHB 1549160?1722444115 第 1 次 获取到号码【1549160】GSD
2024-08-01 00:42:00 未获取到号码【1549160】GSD，可能号码格式错误
2024-08-01 00:42:00 获取到号码【1549160】的GSD为【-】
2024-08-01 00:42:12 GSD insert 第 1 次 等待 3 秒
2024-08-01 00:42:15 {"status":"bad","gid":"678407","msg":"添加失败！号码【1549160(-|-)】已存在！"}
2024-08-01 00:42:15 随机等待 215 秒，约 3 分钟
2024-08-01 00:42:15 下次操作: 2024-08-01 00:45:50

2024-08-01 00:45:50 开始第 9279 次操作

2024-08-01 00:45:50 开始操作号码 【1549161】
2024-08-01 00:46:02 GSD getOne 第 1 次 等待 3 秒
2024-08-01 00:46:05 查询号码 【1549161】，返回信息 {"status":"ok","msg":"-","gid":"678398","time_insert":"2023-04-26 11:59"}
2024-08-01 00:46:05 查询号码 【1549161】，GSD为【"-"】
2024-08-01 00:46:05 ok && -
2024-08-01 00:46:07 CHB 1549161?1722444365 第 1 次 等待 3 秒
2024-08-01 00:46:10 CHB 1549161?1722444365 第 1 次 获取到号码【1549161】GSD
2024-08-01 00:46:10 未获取到号码【1549161】GSD，可能号码格式错误
2024-08-01 00:46:10 获取到号码【1549161】的GSD为【-】
2024-08-01 00:46:18 GSD insert 第 1 次 等待 3 秒
2024-08-01 00:46:21 {"status":"bad","gid":"678398","msg":"添加失败！号码【1549161(-|-)】已存在！"}
2024-08-01 00:46:21 随机等待 81 秒，约 1 分钟
2024-08-01 00:46:21 下次操作: 2024-08-01 00:47:42

2024-08-01 00:47:42 开始第 9280 次操作

2024-08-01 00:47:42 开始操作号码 【1549162】
2024-08-01 00:47:50 GSD getOne 第 1 次 等待 3 秒
2024-08-01 00:47:53 查询号码 【1549162】，返回信息 {"status":"ok","msg":"-","gid":"678395","time_insert":"2023-04-26 11:57"}
2024-08-01 00:47:53 查询号码 【1549162】，GSD为【"-"】
2024-08-01 00:47:53 ok && -
2024-08-01 00:47:54 CHB 1549162?1722444473 第 1 次 等待 3 秒
2024-08-01 00:47:57 CHB 1549162?1722444473 第 1 次 获取到号码【1549162】GSD
2024-08-01 00:47:57 未获取到号码【1549162】GSD，可能号码格式错误
2024-08-01 00:47:57 获取到号码【1549162】的GSD为【-】
2024-08-01 00:48:06 GSD insert 第 1 次 等待 3 秒
2024-08-01 00:48:09 {"status":"bad","gid":"678395","msg":"添加失败！号码【1549162(-|-)】已存在！"}

2024-08-01 01:08:18 开始第 9281 次操作

2024-08-01 01:08:18 开始操作号码 【1549163】
2024-08-01 01:08:26 GSD getOne 第 1 次 等待 3 秒
2024-08-01 01:08:29 查询号码 【1549163】，返回信息 {"status":"ok","msg":"-","gid":"678392","time_insert":"2023-04-26 11:54"}
2024-08-01 01:08:29 查询号码 【1549163】，GSD为【"-"】
2024-08-01 01:08:29 ok && -
2024-08-01 01:08:31 CHB 1549163?1722445709 第 1 次 等待 3 秒
2024-08-01 01:08:34 CHB 1549163?1722445709 第 1 次 获取到号码【1549163】GSD
2024-08-01 01:08:34 未获取到号码【1549163】GSD，可能号码格式错误
2024-08-01 01:08:34 获取到号码【1549163】的GSD为【-】
2024-08-01 01:08:42 GSD insert 第 1 次 等待 3 秒
2024-08-01 01:08:45 {"status":"bad","gid":"678392","msg":"添加失败！号码【1549163(-|-)】已存在！"}
2024-08-01 01:08:45 随机等待 78 秒，约 1 分钟
2024-08-01 01:08:45 下次操作: 2024-08-01 01:10:03

2024-08-01 01:10:03 开始第 9282 次操作

2024-08-01 01:10:03 开始操作号码 【1549164】
2024-08-01 01:10:12 GSD getOne 第 1 次 等待 3 秒
2024-08-01 01:10:15 查询号码 【1549164】，返回信息 {"status":"ok","msg":"-","gid":"678387","time_insert":"2023-04-26 11:53"}
2024-08-01 01:10:15 查询号码 【1549164】，GSD为【"-"】
2024-08-01 01:10:15 ok && -
2024-08-01 01:10:17 CHB 1549164?1722445815 第 1 次 等待 3 秒
2024-08-01 01:10:20 CHB 1549164?1722445815 第 1 次 获取到号码【1549164】GSD
2024-08-01 01:10:20 未获取到号码【1549164】GSD，可能号码格式错误
2024-08-01 01:10:20 获取到号码【1549164】的GSD为【-】
2024-08-01 01:10:28 GSD insert 第 1 次 等待 3 秒
2024-08-01 01:10:31 {"status":"bad","gid":"678387","msg":"添加失败！号码【1549164(-|-)】已存在！"}
2024-08-01 01:10:31 随机等待 166 秒，约 2 分钟
2024-08-01 01:10:31 下次操作: 2024-08-01 01:13:17

2024-08-01 01:13:17 开始第 9283 次操作

2024-08-01 01:13:17 开始操作号码 【1549165】
2024-08-01 01:13:39 GSD getOne 第 1 次 等待 3 秒
2024-08-01 01:13:42 查询号码 【1549165】，返回信息 {"status":"ok","msg":"-","gid":"678384","time_insert":"2023-04-26 11:50"}
2024-08-01 01:13:42 查询号码 【1549165】，GSD为【"-"】
2024-08-01 01:13:42 ok && -
2024-08-01 01:13:44 CHB 1549165?1722446022 第 1 次 等待 3 秒
2024-08-01 01:13:47 CHB 1549165?1722446022 第 1 次 获取到号码【1549165】GSD
2024-08-01 01:13:47 未获取到号码【1549165】GSD，可能号码格式错误
2024-08-01 01:13:47 获取到号码【1549165】的GSD为【-】
2024-08-01 01:13:56 GSD insert 第 1 次 等待 3 秒
2024-08-01 01:13:59 {"status":"bad","gid":"678384","msg":"添加失败！号码【1549165(-|-)】已存在！"}
2024-08-01 01:13:59 随机等待 152 秒，约 2 分钟
2024-08-01 01:13:59 下次操作: 2024-08-01 01:16:31

2024-08-01 01:16:31 开始第 9284 次操作

2024-08-01 01:16:31 开始操作号码 【1549166】
2024-08-01 01:16:39 GSD getOne 第 1 次 等待 3 秒
2024-08-01 01:16:42 查询号码 【1549166】，返回信息 {"status":"ok","msg":"-","gid":"678381","time_insert":"2023-04-26 11:48"}
2024-08-01 01:16:42 查询号码 【1549166】，GSD为【"-"】
2024-08-01 01:16:42 ok && -
2024-08-01 01:16:44 CHB 1549166?1722446202 第 1 次 等待 3 秒
2024-08-01 01:16:47 CHB 1549166?1722446202 第 1 次 获取到号码【1549166】GSD
2024-08-01 01:16:47 未获取到号码【1549166】GSD，可能号码格式错误
2024-08-01 01:16:47 获取到号码【1549166】的GSD为【-】
2024-08-01 01:16:58 GSD insert 第 1 次 等待 3 秒
2024-08-01 01:17:01 {"status":"bad","gid":"678381","msg":"添加失败！号码【1549166(-|-)】已存在！"}

2024-08-01 01:34:27 开始第 9285 次操作

2024-08-01 01:34:27 开始操作号码 【1549167】
2024-08-01 01:34:35 GSD getOne 第 1 次 等待 3 秒
2024-08-01 01:34:38 查询号码 【1549167】，返回信息 {"status":"ok","msg":"-","gid":"678379","time_insert":"2023-04-26 11:45"}
2024-08-01 01:34:38 查询号码 【1549167】，GSD为【"-"】
2024-08-01 01:34:38 ok && -
2024-08-01 01:34:51 CHB 1549167?1722447278 第 1 次 等待 3 秒
2024-08-01 01:34:54 CHB 1549167?1722447278 第 1 次 获取到号码【1549167】GSD
2024-08-01 01:34:54 未获取到号码【1549167】GSD，可能号码格式错误
2024-08-01 01:34:54 获取到号码【1549167】的GSD为【-】
2024-08-01 01:34:56 GSD insert 第 1 次 等待 3 秒
2024-08-01 01:34:59 {"status":"bad","gid":"678379","msg":"添加失败！号码【1549167(-|-)】已存在！"}
2024-08-01 01:34:59 随机等待 73 秒，约 1 分钟
2024-08-01 01:34:59 下次操作: 2024-08-01 01:36:12

2024-08-01 01:36:12 开始第 9286 次操作

2024-08-01 01:36:12 开始操作号码 【1549168】
2024-08-01 01:36:20 GSD getOne 第 1 次 等待 3 秒
2024-08-01 01:36:23 查询号码 【1549168】，返回信息 {"status":"ok","msg":"-","gid":"678373","time_insert":"2023-04-26 11:44"}
2024-08-01 01:36:23 查询号码 【1549168】，GSD为【"-"】
2024-08-01 01:36:23 ok && -
2024-08-01 01:36:25 CHB 1549168?1722447383 第 1 次 等待 3 秒
2024-08-01 01:36:28 CHB 1549168?1722447383 第 1 次 获取到号码【1549168】GSD
2024-08-01 01:36:28 未获取到号码【1549168】GSD，可能号码格式错误
2024-08-01 01:36:28 获取到号码【1549168】的GSD为【-】
2024-08-01 01:36:36 GSD insert 第 1 次 等待 3 秒
2024-08-01 01:36:39 {"status":"bad","gid":"678373","msg":"添加失败！号码【1549168(-|-)】已存在！"}
2024-08-01 01:36:39 随机等待 215 秒，约 3 分钟
2024-08-01 01:36:39 下次操作: 2024-08-01 01:40:14

2024-08-01 01:40:14 开始第 9287 次操作

2024-08-01 01:40:14 开始操作号码 【1549169】
2024-08-01 01:40:22 GSD getOne 第 1 次 等待 3 秒
2024-08-01 01:40:25 查询号码 【1549169】，返回信息 {"status":"ok","msg":"-","gid":"678366","time_insert":"2023-04-26 11:41"}
2024-08-01 01:40:25 查询号码 【1549169】，GSD为【"-"】
2024-08-01 01:40:25 ok && -
2024-08-01 01:40:27 CHB 1549169?1722447625 第 1 次 等待 3 秒
2024-08-01 01:40:30 CHB 1549169?1722447625 第 1 次 获取到号码【1549169】GSD
2024-08-01 01:40:30 未获取到号码【1549169】GSD，可能号码格式错误
2024-08-01 01:40:30 获取到号码【1549169】的GSD为【-】
2024-08-01 01:40:38 GSD insert 第 1 次 等待 3 秒
2024-08-01 01:40:41 {"status":"bad","gid":"678366","msg":"添加失败！号码【1549169(-|-)】已存在！"}
2024-08-01 01:40:41 随机等待 230 秒，约 3 分钟
2024-08-01 01:40:41 下次操作: 2024-08-01 01:44:31

2024-08-01 01:44:31 开始第 9288 次操作

2024-08-01 01:44:31 开始操作号码 【1549170】
2024-08-01 01:44:40 GSD getOne 第 1 次 等待 3 秒
2024-08-01 01:44:43 查询号码 【1549170】，返回信息 {"status":"ok","msg":"-","gid":"678362","time_insert":"2023-04-26 11:38"}
2024-08-01 01:44:43 查询号码 【1549170】，GSD为【"-"】
2024-08-01 01:44:43 ok && -
2024-08-01 01:44:45 CHB 1549170?1722447883 第 1 次 等待 3 秒
2024-08-01 01:44:48 CHB 1549170?1722447883 第 1 次 获取到号码【1549170】GSD
2024-08-01 01:44:48 未获取到号码【1549170】GSD，可能号码格式错误
2024-08-01 01:44:48 获取到号码【1549170】的GSD为【-】
2024-08-01 01:44:56 GSD insert 第 1 次 等待 3 秒
2024-08-01 01:44:59 {"status":"bad","gid":"678362","msg":"添加失败！号码【1549170(-|-)】已存在！"}

2024-08-01 02:12:13 开始第 9289 次操作

2024-08-01 02:12:13 开始操作号码 【1549171】
2024-08-01 02:12:24 GSD getOne 第 1 次 等待 3 秒
2024-08-01 02:12:27 查询号码 【1549171】，返回信息 {"status":"ok","msg":"-","gid":"678358","time_insert":"2023-04-26 11:36"}
2024-08-01 02:12:27 查询号码 【1549171】，GSD为【"-"】
2024-08-01 02:12:27 ok && -
2024-08-01 02:12:29 CHB 1549171?1722449547 第 1 次 等待 3 秒
2024-08-01 02:12:32 CHB 1549171?1722449547 第 1 次 获取到号码【1549171】GSD
2024-08-01 02:12:32 未获取到号码【1549171】GSD，可能号码格式错误
2024-08-01 02:12:32 获取到号码【1549171】的GSD为【-】
2024-08-01 02:12:40 GSD insert 第 1 次 等待 3 秒
2024-08-01 02:12:43 {"status":"bad","gid":"678358","msg":"添加失败！号码【1549171(-|-)】已存在！"}
2024-08-01 02:12:43 随机等待 156 秒，约 2 分钟
2024-08-01 02:12:43 下次操作: 2024-08-01 02:15:19

2024-08-01 02:15:19 开始第 9290 次操作

2024-08-01 02:15:19 开始操作号码 【1549172】
2024-08-01 02:15:28 GSD getOne 第 1 次 等待 3 秒
2024-08-01 02:15:31 查询号码 【1549172】，返回信息 {"status":"ok","msg":"-","gid":"678354","time_insert":"2023-04-26 11:32"}
2024-08-01 02:15:31 查询号码 【1549172】，GSD为【"-"】
2024-08-01 02:15:31 ok && -
2024-08-01 02:15:33 CHB 1549172?1722449731 第 1 次 等待 3 秒
2024-08-01 02:15:36 CHB 1549172?1722449731 第 1 次 获取到号码【1549172】GSD
2024-08-01 02:15:36 未获取到号码【1549172】GSD，可能号码格式错误
2024-08-01 02:15:36 获取到号码【1549172】的GSD为【-】
2024-08-01 02:15:44 GSD insert 第 1 次 等待 3 秒
2024-08-01 02:15:47 {"status":"bad","gid":"678354","msg":"添加失败！号码【1549172(-|-)】已存在！"}
2024-08-01 02:15:47 随机等待 197 秒，约 3 分钟
2024-08-01 02:15:47 下次操作: 2024-08-01 02:19:04

2024-08-01 02:19:04 开始第 9291 次操作

2024-08-01 02:19:04 开始操作号码 【1549173】
2024-08-01 02:19:12 GSD getOne 第 1 次 等待 3 秒
2024-08-01 02:19:15 查询号码 【1549173】，返回信息 {"status":"ok","msg":"-","gid":"678351","time_insert":"2023-04-26 11:30"}
2024-08-01 02:19:15 查询号码 【1549173】，GSD为【"-"】
2024-08-01 02:19:15 ok && -
2024-08-01 02:19:17 CHB 1549173?1722449955 第 1 次 等待 3 秒
2024-08-01 02:19:20 CHB 1549173?1722449955 第 1 次 获取到号码【1549173】GSD
2024-08-01 02:19:20 未获取到号码【1549173】GSD，可能号码格式错误
2024-08-01 02:19:20 获取到号码【1549173】的GSD为【-】
2024-08-01 02:19:29 GSD insert 第 1 次 等待 3 秒
2024-08-01 02:19:32 {"status":"bad","gid":"678351","msg":"添加失败！号码【1549173(-|-)】已存在！"}
2024-08-01 02:19:32 随机等待 121 秒，约 2 分钟
2024-08-01 02:19:32 下次操作: 2024-08-01 02:21:33

2024-08-01 02:21:33 开始第 9292 次操作

2024-08-01 02:21:33 开始操作号码 【1549174】
2024-08-01 02:21:44 GSD getOne 第 1 次 等待 3 秒
2024-08-01 02:21:47 查询号码 【1549174】，返回信息 {"status":"ok","msg":"-","gid":"678348","time_insert":"2023-04-26 11:28"}
2024-08-01 02:21:47 查询号码 【1549174】，GSD为【"-"】
2024-08-01 02:21:47 ok && -
2024-08-01 02:21:49 CHB 1549174?1722450107 第 1 次 等待 3 秒
2024-08-01 02:21:52 CHB 1549174?1722450107 第 1 次 获取到号码【1549174】GSD
2024-08-01 02:21:52 未获取到号码【1549174】GSD，可能号码格式错误
2024-08-01 02:21:52 获取到号码【1549174】的GSD为【-】
2024-08-01 02:22:03 GSD insert 第 1 次 等待 3 秒
2024-08-01 02:22:06 {"status":"bad","gid":"678348","msg":"添加失败！号码【1549174(-|-)】已存在！"}

2024-08-01 02:37:51 开始第 9293 次操作

2024-08-01 02:37:51 开始操作号码 【1549175】
2024-08-01 02:38:01 GSD getOne 第 1 次 等待 3 秒
2024-08-01 02:38:04 查询号码 【1549175】，返回信息 {"status":"ok","msg":"-","gid":"678345","time_insert":"2023-04-26 11:26"}
2024-08-01 02:38:04 查询号码 【1549175】，GSD为【"-"】
2024-08-01 02:38:04 ok && -
2024-08-01 02:38:06 CHB 1549175?1722451084 第 1 次 等待 3 秒
2024-08-01 02:38:09 CHB 1549175?1722451084 第 1 次 获取到号码【1549175】GSD
2024-08-01 02:38:09 未获取到号码【1549175】GSD，可能号码格式错误
2024-08-01 02:38:09 获取到号码【1549175】的GSD为【-】
2024-08-01 02:38:18 GSD insert 第 1 次 等待 3 秒
2024-08-01 02:38:21 {"status":"bad","gid":"678345","msg":"添加失败！号码【1549175(-|-)】已存在！"}
2024-08-01 02:38:21 随机等待 189 秒，约 3 分钟
2024-08-01 02:38:21 下次操作: 2024-08-01 02:41:30

2024-08-01 02:41:30 开始第 9294 次操作

2024-08-01 02:41:30 开始操作号码 【1549176】
2024-08-01 02:41:38 GSD getOne 第 1 次 等待 3 秒
2024-08-01 02:41:41 查询号码 【1549176】，返回信息 {"status":"ok","msg":"-","gid":"678333","time_insert":"2023-04-26 11:20"}
2024-08-01 02:41:41 查询号码 【1549176】，GSD为【"-"】
2024-08-01 02:41:41 ok && -
2024-08-01 02:41:43 CHB 1549176?1722451301 第 1 次 等待 3 秒
2024-08-01 02:41:46 CHB 1549176?1722451301 第 1 次 获取到号码【1549176】GSD
2024-08-01 02:41:46 未获取到号码【1549176】GSD，可能号码格式错误
2024-08-01 02:41:46 获取到号码【1549176】的GSD为【-】
2024-08-01 02:41:53 GSD insert 第 1 次 等待 3 秒
2024-08-01 02:41:56 {"status":"bad","gid":"678333","msg":"添加失败！号码【1549176(-|-)】已存在！"}
2024-08-01 02:41:56 随机等待 222 秒，约 3 分钟
2024-08-01 02:41:56 下次操作: 2024-08-01 02:45:38

2024-08-01 02:45:38 开始第 9295 次操作

2024-08-01 02:45:38 开始操作号码 【1549177】
2024-08-01 02:45:46 GSD getOne 第 1 次 等待 3 秒
2024-08-01 02:45:49 查询号码 【1549177】，返回信息 {"status":"ok","msg":"-","gid":"678330","time_insert":"2023-04-26 11:17"}
2024-08-01 02:45:49 查询号码 【1549177】，GSD为【"-"】
2024-08-01 02:45:49 ok && -
2024-08-01 02:45:51 CHB 1549177?1722451549 第 1 次 等待 3 秒
2024-08-01 02:45:54 CHB 1549177?1722451549 第 1 次 获取到号码【1549177】GSD
2024-08-01 02:45:54 未获取到号码【1549177】GSD，可能号码格式错误
2024-08-01 02:45:54 获取到号码【1549177】的GSD为【-】
2024-08-01 02:46:02 GSD insert 第 1 次 等待 3 秒
2024-08-01 02:46:05 {"status":"bad","gid":"678330","msg":"添加失败！号码【1549177(-|-)】已存在！"}
2024-08-01 02:46:05 随机等待 161 秒，约 2 分钟
2024-08-01 02:46:05 下次操作: 2024-08-01 02:48:46

2024-08-01 02:48:46 开始第 9296 次操作

2024-08-01 02:48:46 开始操作号码 【1549178】
2024-08-01 02:48:55 GSD getOne 第 1 次 等待 3 秒
2024-08-01 02:48:58 查询号码 【1549178】，返回信息 {"status":"ok","msg":"-","gid":"678328","time_insert":"2023-04-26 11:14"}
2024-08-01 02:48:58 查询号码 【1549178】，GSD为【"-"】
2024-08-01 02:48:58 ok && -
2024-08-01 02:49:00 CHB 1549178?1722451738 第 1 次 等待 3 秒
2024-08-01 02:49:03 CHB 1549178?1722451738 第 1 次 获取到号码【1549178】GSD
2024-08-01 02:49:03 未获取到号码【1549178】GSD，可能号码格式错误
2024-08-01 02:49:03 获取到号码【1549178】的GSD为【-】
2024-08-01 02:49:16 GSD insert 第 1 次 等待 3 秒
2024-08-01 02:49:19 {"status":"bad","gid":"678328","msg":"添加失败！号码【1549178(-|-)】已存在！"}

