2024-08-20 00:25:19 开始第 105 次操作

2024-08-20 00:25:19 开始操作号码 【1430104】
2024-08-20 00:25:27 GSD getOne 第 1 次 等待 3 秒
2024-08-20 00:25:30 查询号码 【1430104】，返回信息 {"status":"ok","msg":"-","gid":"520659","time_insert":"2023-02-07 15:33"}
2024-08-20 00:25:30 查询号码 【1430104】，GSD为【"-"】
2024-08-20 00:25:30 ok && -
2024-08-20 00:25:33 CHB 1430104?1724084730 第 1 次 等待 3 秒
2024-08-20 00:25:36 CHB 1430104?1724084730 第 1 次 获取到号码【1430104】GSD
2024-08-20 00:25:36 未获取到号码【1430104】GSD，可能号码格式错误
2024-08-20 00:25:36 获取到号码【1430104】的GSD为【-】
2024-08-20 00:25:44 GSD insert 第 1 次 等待 3 秒
2024-08-20 00:25:47 {"status":"bad","gid":"520659","msg":"添加失败！号码【1430104(-|-)】已存在！"}
2024-08-20 00:25:47 随机等待 155 秒，约 2 分钟
2024-08-20 00:25:47 下次操作: 2024-08-20 00:28:22

2024-08-20 00:28:22 开始第 106 次操作

2024-08-20 00:28:22 开始操作号码 【1430105】
2024-08-20 00:28:31 GSD getOne 第 1 次 等待 3 秒
2024-08-20 00:28:34 查询号码 【1430105】，返回信息 {"status":"ok","msg":"-","gid":"520664","time_insert":"2023-02-07 15:46"}
2024-08-20 00:28:34 查询号码 【1430105】，GSD为【"-"】
2024-08-20 00:28:34 ok && -
2024-08-20 00:28:36 CHB 1430105?1724084914 第 1 次 等待 3 秒
2024-08-20 00:28:39 CHB 1430105?1724084914 第 1 次 获取到号码【1430105】GSD
2024-08-20 00:28:39 未获取到号码【1430105】GSD，可能号码格式错误
2024-08-20 00:28:39 获取到号码【1430105】的GSD为【-】
2024-08-20 00:28:47 GSD insert 第 1 次 等待 3 秒
2024-08-20 00:28:50 {"status":"bad","gid":"520664","msg":"添加失败！号码【1430105(-|-)】已存在！"}
2024-08-20 00:28:50 随机等待 207 秒，约 3 分钟
2024-08-20 00:28:50 下次操作: 2024-08-20 00:32:17

2024-08-20 00:32:17 开始第 107 次操作

2024-08-20 00:32:17 开始操作号码 【1430106】
2024-08-20 00:32:26 GSD getOne 第 1 次 等待 3 秒
2024-08-20 00:32:29 查询号码 【1430106】，返回信息 {"status":"ok","msg":"-","gid":"520670","time_insert":"2023-02-07 15:58"}
2024-08-20 00:32:29 查询号码 【1430106】，GSD为【"-"】
2024-08-20 00:32:29 ok && -
2024-08-20 00:32:37 CHB 1430106?1724085149 第 1 次 等待 3 秒
2024-08-20 00:32:40 CHB 1430106?1724085149 第 1 次 获取到号码【1430106】GSD
2024-08-20 00:32:40 未获取到号码【1430106】GSD，可能号码格式错误
2024-08-20 00:32:40 获取到号码【1430106】的GSD为【-】
2024-08-20 00:32:48 GSD insert 第 1 次 等待 3 秒
2024-08-20 00:32:51 {"status":"bad","gid":"520670","msg":"添加失败！号码【1430106(-|-)】已存在！"}
2024-08-20 00:32:51 随机等待 143 秒，约 2 分钟
2024-08-20 00:32:51 下次操作: 2024-08-20 00:35:14

2024-08-20 00:35:14 开始第 108 次操作

2024-08-20 00:35:14 开始操作号码 【1430107】
2024-08-20 00:35:22 GSD getOne 第 1 次 等待 3 秒
2024-08-20 00:35:25 查询号码 【1430107】，返回信息 {"status":"ok","msg":"-","gid":"520675","time_insert":"2023-02-07 16:09"}
2024-08-20 00:35:25 查询号码 【1430107】，GSD为【"-"】
2024-08-20 00:35:25 ok && -
2024-08-20 00:35:27 CHB 1430107?1724085325 第 1 次 等待 3 秒
2024-08-20 00:35:30 CHB 1430107?1724085325 第 1 次 获取到号码【1430107】GSD
2024-08-20 00:35:30 未获取到号码【1430107】GSD，可能号码格式错误
2024-08-20 00:35:30 获取到号码【1430107】的GSD为【-】
2024-08-20 00:35:38 GSD insert 第 1 次 等待 3 秒
2024-08-20 00:35:41 {"status":"bad","gid":"520675","msg":"添加失败！号码【1430107(-|-)】已存在！"}

2024-08-20 00:42:39 开始第 109 次操作

2024-08-20 00:42:39 开始操作号码 【1430108】
2024-08-20 00:42:51 GSD getOne 第 1 次 等待 3 秒
2024-08-20 00:42:54 查询号码 【1430108】，返回信息 {"status":"ok","msg":"-","gid":"520679","time_insert":"2023-02-07 16:19"}
2024-08-20 00:42:54 查询号码 【1430108】，GSD为【"-"】
2024-08-20 00:42:54 ok && -
2024-08-20 00:42:57 CHB 1430108?1724085774 第 1 次 等待 3 秒
2024-08-20 00:43:00 CHB 1430108?1724085774 第 1 次 获取到号码【1430108】GSD
2024-08-20 00:43:00 未获取到号码【1430108】GSD，可能号码格式错误
2024-08-20 00:43:00 获取到号码【1430108】的GSD为【-】
2024-08-20 00:43:08 GSD insert 第 1 次 等待 3 秒
2024-08-20 00:43:11 {"status":"bad","gid":"520679","msg":"添加失败！号码【1430108(-|-)】已存在！"}
2024-08-20 00:43:11 随机等待 114 秒，约 1 分钟
2024-08-20 00:43:11 下次操作: 2024-08-20 00:45:05

2024-08-20 00:45:05 开始第 110 次操作

2024-08-20 00:45:05 开始操作号码 【1430109】
2024-08-20 00:45:13 GSD getOne 第 1 次 等待 3 秒
2024-08-20 00:45:16 查询号码 【1430109】，返回信息 {"status":"ok","msg":"-","gid":"520684","time_insert":"2023-02-07 16:30"}
2024-08-20 00:45:16 查询号码 【1430109】，GSD为【"-"】
2024-08-20 00:45:16 ok && -
2024-08-20 00:45:19 CHB 1430109?1724085916 第 1 次 等待 3 秒
2024-08-20 00:45:22 CHB 1430109?1724085916 第 1 次 获取到号码【1430109】GSD
2024-08-20 00:45:22 未获取到号码【1430109】GSD，可能号码格式错误
2024-08-20 00:45:22 获取到号码【1430109】的GSD为【-】
2024-08-20 00:45:30 GSD insert 第 1 次 等待 3 秒
2024-08-20 00:45:33 {"status":"bad","gid":"520684","msg":"添加失败！号码【1430109(-|-)】已存在！"}
2024-08-20 00:45:33 随机等待 226 秒，约 3 分钟
2024-08-20 00:45:33 下次操作: 2024-08-20 00:49:19

2024-08-20 00:49:19 开始第 111 次操作

2024-08-20 00:49:19 开始操作号码 【1430110】
2024-08-20 00:49:31 GSD getOne 第 1 次 等待 3 秒
2024-08-20 00:49:34 查询号码 【1430110】，返回信息 {"status":"ok","msg":"-","gid":"520690","time_insert":"2023-02-07 16:41"}
2024-08-20 00:49:34 查询号码 【1430110】，GSD为【"-"】
2024-08-20 00:49:34 ok && -
2024-08-20 00:49:38 CHB 1430110?1724086174 第 1 次 等待 3 秒
2024-08-20 00:49:41 CHB 1430110?1724086174 第 1 次 获取到号码【1430110】GSD
2024-08-20 00:49:41 未获取到号码【1430110】GSD，可能号码格式错误
2024-08-20 00:49:41 获取到号码【1430110】的GSD为【-】
2024-08-20 00:49:49 GSD insert 第 1 次 等待 3 秒
2024-08-20 00:49:52 {"status":"bad","gid":"520690","msg":"添加失败！号码【1430110(-|-)】已存在！"}
2024-08-20 00:49:52 随机等待 114 秒，约 1 分钟
2024-08-20 00:49:52 下次操作: 2024-08-20 00:51:46

2024-08-20 00:51:46 开始第 112 次操作

2024-08-20 00:51:46 开始操作号码 【1430111】
2024-08-20 00:51:57 GSD getOne 第 1 次 等待 3 秒
2024-08-20 00:52:00 查询号码 【1430111】，返回信息 {"status":"ok","msg":"-","gid":"520696","time_insert":"2023-02-07 16:53"}
2024-08-20 00:52:00 查询号码 【1430111】，GSD为【"-"】
2024-08-20 00:52:00 ok && -
2024-08-20 00:52:02 CHB 1430111?1724086320 第 1 次 等待 3 秒
2024-08-20 00:52:05 CHB 1430111?1724086320 第 1 次 获取到号码【1430111】GSD
2024-08-20 00:52:05 未获取到号码【1430111】GSD，可能号码格式错误
2024-08-20 00:52:05 获取到号码【1430111】的GSD为【-】
2024-08-20 00:52:13 GSD insert 第 1 次 等待 3 秒
2024-08-20 00:52:16 {"status":"bad","gid":"520696","msg":"添加失败！号码【1430111(-|-)】已存在！"}

