2024-07-01 00:10:37 开始第 3685 次操作

2024-07-01 00:10:37 开始操作号码 【1543569】
2024-07-01 00:10:51 GSD getOne 第 1 次 等待 3 秒
2024-07-01 00:10:54 查询号码 【1543569】，返回信息 {"status":"ok","msg":"-","gid":"588122","time_insert":"2023-03-13 14:23"}
2024-07-01 00:10:54 查询号码 【1543569】，GSD为【"-"】
2024-07-01 00:10:54 ok && -
2024-07-01 00:10:56 CHB 1543569?1719763854 第 1 次 等待 3 秒
2024-07-01 00:10:59 CHB 1543569?1719763854 第 1 次 获取到号码【1543569】GSD
2024-07-01 00:10:59 未获取到号码【1543569】GSD，可能号码格式错误
2024-07-01 00:10:59 获取到号码【1543569】的GSD为【-】
2024-07-01 00:11:15 GSD insert 第 1 次 等待 3 秒
2024-07-01 00:11:18 {"status":"bad","gid":"588122","msg":"添加失败！号码【1543569(-|-)】已存在！"}
2024-07-01 00:11:18 随机等待 132 秒，约 2 分钟
2024-07-01 00:11:18 下次操作: 2024-07-01 00:13:30

2024-07-01 00:13:30 开始第 3686 次操作

2024-07-01 00:13:30 开始操作号码 【1543570】
2024-07-01 00:13:44 GSD getOne 第 1 次 等待 3 秒
2024-07-01 00:13:47 查询号码 【1543570】，返回信息 {"status":"ok","msg":"-","gid":"588154","time_insert":"2023-03-13 14:45"}
2024-07-01 00:13:47 查询号码 【1543570】，GSD为【"-"】
2024-07-01 00:13:47 ok && -
2024-07-01 00:13:49 CHB 1543570?1719764027 第 1 次 等待 3 秒
2024-07-01 00:13:52 CHB 1543570?1719764027 第 1 次 获取到号码【1543570】GSD
2024-07-01 00:13:52 未获取到号码【1543570】GSD，可能号码格式错误
2024-07-01 00:13:52 获取到号码【1543570】的GSD为【-】
2024-07-01 00:14:06 GSD insert 第 1 次 等待 3 秒
2024-07-01 00:14:09 {"status":"bad","gid":"588154","msg":"添加失败！号码【1543570(-|-)】已存在！"}
2024-07-01 00:14:09 随机等待 114 秒，约 1 分钟
2024-07-01 00:14:09 下次操作: 2024-07-01 00:16:03

2024-07-01 00:16:03 开始第 3687 次操作

2024-07-01 00:16:03 开始操作号码 【1543571】
2024-07-01 00:16:17 GSD getOne 第 1 次 等待 3 秒
2024-07-01 00:16:20 查询号码 【1543571】，返回信息 {"status":"ok","msg":"-","gid":"588177","time_insert":"2023-03-13 14:59"}
2024-07-01 00:16:20 查询号码 【1543571】，GSD为【"-"】
2024-07-01 00:16:20 ok && -
2024-07-01 00:16:22 CHB 1543571?1719764180 第 1 次 等待 3 秒
2024-07-01 00:16:25 CHB 1543571?1719764180 第 1 次 获取到号码【1543571】GSD
2024-07-01 00:16:25 未获取到号码【1543571】GSD，可能号码格式错误
2024-07-01 00:16:25 获取到号码【1543571】的GSD为【-】
2024-07-01 00:16:39 GSD insert 第 1 次 等待 3 秒
2024-07-01 00:16:42 {"status":"bad","gid":"588177","msg":"添加失败！号码【1543571(-|-)】已存在！"}
2024-07-01 00:16:42 随机等待 72 秒，约 1 分钟
2024-07-01 00:16:42 下次操作: 2024-07-01 00:17:54

2024-07-01 00:17:54 开始第 3688 次操作

2024-07-01 00:17:54 开始操作号码 【1543572】
2024-07-01 00:18:09 GSD getOne 第 1 次 等待 3 秒
2024-07-01 00:18:12 查询号码 【1543572】，返回信息 {"status":"ok","msg":"-","gid":"588199","time_insert":"2023-03-13 15:15"}
2024-07-01 00:18:12 查询号码 【1543572】，GSD为【"-"】
2024-07-01 00:18:12 ok && -
2024-07-01 00:18:15 CHB 1543572?1719764292 第 1 次 等待 3 秒
2024-07-01 00:18:18 CHB 1543572?1719764292 第 1 次 获取到号码【1543572】GSD
2024-07-01 00:18:18 未获取到号码【1543572】GSD，可能号码格式错误
2024-07-01 00:18:18 获取到号码【1543572】的GSD为【-】
2024-07-01 00:18:32 GSD insert 第 1 次 等待 3 秒
2024-07-01 00:18:35 {"status":"bad","gid":"588199","msg":"添加失败！号码【1543572(-|-)】已存在！"}

