2023-11-02 00:09:40 开始第 6513 次操作

2023-11-02 00:09:40 开始操作号码 【1976413】
2023-11-02 00:09:44 GSD getOne 第 1 次 等待 3 秒
2023-11-02 00:09:47 查询号码 【1976413】，返回信息 {"status":"ok","msg":"-","gid":"574928","time_insert":"2023-03-07 04:23"}
2023-11-02 00:09:48 查询号码 【1976413】，GSD为【"-"】
2023-11-02 00:09:48 ok && -
2023-11-02 00:09:50 CHB 1976413?1698854988 第 1 次 等待 3 秒
2023-11-02 00:09:53 CHB 1976413?1698854988 第 1 次 获取到号码【1976413】GSD
2023-11-02 00:09:53 未获取到号码【1976413】GSD，可能号码格式错误
2023-11-02 00:09:53 获取到号码【1976413】的GSD为【-】
2023-11-02 00:09:56 GSD insert 第 1 次 等待 3 秒
2023-11-02 00:09:59 {"status":"bad","gid":"574928","msg":"添加失败！号码【1976413(-|-)】已存在！"}
2023-11-02 00:09:59 随机等待 122 秒，约 2 分钟
2023-11-02 00:09:59 下次操作: 2023-11-02 00:12:01

2023-11-02 00:12:01 开始第 6514 次操作

2023-11-02 00:12:01 开始操作号码 【1976414】
2023-11-02 00:12:04 GSD getOne 第 1 次 等待 3 秒
2023-11-02 00:12:07 查询号码 【1976414】，返回信息 {"status":"ok","msg":"-","gid":"574939","time_insert":"2023-03-07 04:30"}
2023-11-02 00:12:07 查询号码 【1976414】，GSD为【"-"】
2023-11-02 00:12:07 ok && -
2023-11-02 00:12:09 CHB 1976414?1698855127 第 1 次 等待 3 秒
2023-11-02 00:12:12 CHB 1976414?1698855127 第 1 次 获取到号码【1976414】GSD
2023-11-02 00:12:12 未获取到号码【1976414】GSD，可能号码格式错误
2023-11-02 00:12:12 获取到号码【1976414】的GSD为【-】
2023-11-02 00:12:15 GSD insert 第 1 次 等待 3 秒
2023-11-02 00:12:18 {"status":"bad","gid":"574939","msg":"添加失败！号码【1976414(-|-)】已存在！"}
2023-11-02 00:12:18 随机等待 91 秒，约 1 分钟
2023-11-02 00:12:18 下次操作: 2023-11-02 00:13:49

2023-11-02 00:13:49 开始第 6515 次操作

2023-11-02 00:13:49 开始操作号码 【1976415】
2023-11-02 00:13:52 GSD getOne 第 1 次 等待 3 秒
2023-11-02 00:13:55 查询号码 【1976415】，返回信息 {"status":"ok","msg":"-","gid":"574944","time_insert":"2023-03-07 04:33"}
2023-11-02 00:13:55 查询号码 【1976415】，GSD为【"-"】
2023-11-02 00:13:55 ok && -
2023-11-02 00:13:57 CHB 1976415?1698855235 第 1 次 等待 3 秒
2023-11-02 00:14:00 CHB 1976415?1698855235 第 1 次 获取到号码【1976415】GSD
2023-11-02 00:14:00 未获取到号码【1976415】GSD，可能号码格式错误
2023-11-02 00:14:00 获取到号码【1976415】的GSD为【-】
2023-11-02 00:14:04 GSD insert 第 1 次 等待 3 秒
2023-11-02 00:14:07 {"status":"bad","gid":"574944","msg":"添加失败！号码【1976415(-|-)】已存在！"}
2023-11-02 00:14:07 随机等待 162 秒，约 2 分钟
2023-11-02 00:14:07 下次操作: 2023-11-02 00:16:49

2023-11-02 00:16:49 开始第 6516 次操作

2023-11-02 00:16:49 开始操作号码 【1976416】
2023-11-02 00:16:52 GSD getOne 第 1 次 等待 3 秒
2023-11-02 00:16:55 查询号码 【1976416】，返回信息 {"status":"ok","msg":"-","gid":"574947","time_insert":"2023-03-07 04:35"}
2023-11-02 00:16:56 查询号码 【1976416】，GSD为【"-"】
2023-11-02 00:16:56 ok && -
2023-11-02 00:16:58 CHB 1976416?1698855416 第 1 次 等待 3 秒
2023-11-02 00:17:01 CHB 1976416?1698855416 第 1 次 获取到号码【1976416】GSD
2023-11-02 00:17:01 未获取到号码【1976416】GSD，可能号码格式错误
2023-11-02 00:17:01 获取到号码【1976416】的GSD为【-】
2023-11-02 00:17:04 GSD insert 第 1 次 等待 3 秒
2023-11-02 00:17:07 {"status":"bad","gid":"574947","msg":"添加失败！号码【1976416(-|-)】已存在！"}

