2024-03-20 00:10:03 开始第 29 次操作

2024-03-20 00:10:03 开始操作号码 【1769929】
2024-03-20 00:10:08 GSD getOne 第 1 次 等待 3 秒
2024-03-20 00:10:11 查询号码 【1769929】，返回信息 {"status":"ok","msg":"新疆-阿克苏","gid":"138489","time_insert":"2021-06-27 10:58"}
2024-03-20 00:10:11 查询号码 【1769929】，GSD为【"新疆-阿克苏"】

2024-03-20 00:10:12 开始第 30 次操作

2024-03-20 00:10:12 开始操作号码 【1769930】
2024-03-20 00:10:17 GSD getOne 第 1 次 等待 3 秒
2024-03-20 00:10:20 查询号码 【1769930】，返回信息 {"status":"ok","msg":"新疆-喀什","gid":"138475","time_insert":"2021-06-27 10:57"}
2024-03-20 00:10:20 查询号码 【1769930】，GSD为【"新疆-喀什"】

2024-03-20 00:10:21 开始第 31 次操作

2024-03-20 00:10:21 开始操作号码 【1769931】
2024-03-20 00:10:26 GSD getOne 第 1 次 等待 3 秒
2024-03-20 00:10:29 查询号码 【1769931】，返回信息 {"status":"ok","msg":"新疆-喀什","gid":"138463","time_insert":"2021-06-27 10:56"}
2024-03-20 00:10:29 查询号码 【1769931】，GSD为【"新疆-喀什"】

2024-03-20 00:10:30 开始第 32 次操作

2024-03-20 00:10:30 开始操作号码 【1769932】
2024-03-20 00:10:35 GSD getOne 第 1 次 等待 3 秒
2024-03-20 00:10:38 查询号码 【1769932】，返回信息 {"status":"ok","msg":"新疆-和田","gid":"138452","time_insert":"2021-06-27 10:56"}
2024-03-20 00:10:38 查询号码 【1769932】，GSD为【"新疆-和田"】

2024-03-20 00:37:45 开始第 33 次操作

2024-03-20 00:37:45 开始操作号码 【1769933】
2024-03-20 00:37:50 GSD getOne 第 1 次 等待 3 秒
2024-03-20 00:37:53 查询号码 【1769933】，返回信息 {"status":"ok","msg":"新疆-乌鲁木齐","gid":"138440","time_insert":"2021-06-27 10:55"}
2024-03-20 00:37:53 查询号码 【1769933】，GSD为【"新疆-乌鲁木齐"】

2024-03-20 00:37:54 开始第 34 次操作

2024-03-20 00:37:54 开始操作号码 【1769934】
2024-03-20 00:38:00 GSD getOne 第 1 次 等待 3 秒
2024-03-20 00:38:03 查询号码 【1769934】，返回信息 {"status":"ok","msg":"新疆-乌鲁木齐","gid":"138425","time_insert":"2021-06-27 10:54"}
2024-03-20 00:38:03 查询号码 【1769934】，GSD为【"新疆-乌鲁木齐"】

2024-03-20 00:38:04 开始第 35 次操作

2024-03-20 00:38:04 开始操作号码 【1769935】
2024-03-20 00:38:10 GSD getOne 第 1 次 等待 3 秒
2024-03-20 00:38:13 查询号码 【1769935】，返回信息 {"status":"ok","msg":"新疆-昌吉","gid":"138414","time_insert":"2021-06-27 10:53"}
2024-03-20 00:38:13 查询号码 【1769935】，GSD为【"新疆-昌吉"】

2024-03-20 00:38:14 开始第 36 次操作

2024-03-20 00:38:14 开始操作号码 【1769936】
2024-03-20 00:38:20 GSD getOne 第 1 次 等待 3 秒
2024-03-20 00:38:23 查询号码 【1769936】，返回信息 {"status":"ok","msg":"新疆-阿克苏","gid":"138384","time_insert":"2021-06-27 10:44"}
2024-03-20 00:38:23 查询号码 【1769936】，GSD为【"新疆-阿克苏"】

2024-03-20 01:07:46 开始第 37 次操作

2024-03-20 01:07:46 开始操作号码 【1769937】
2024-03-20 01:07:52 GSD getOne 第 1 次 等待 3 秒
2024-03-20 01:07:55 查询号码 【1769937】，返回信息 {"status":"ok","msg":"新疆-伊犁","gid":"138376","time_insert":"2021-06-27 10:43"}
2024-03-20 01:07:55 查询号码 【1769937】，GSD为【"新疆-伊犁"】

2024-03-20 01:07:56 开始第 38 次操作

2024-03-20 01:07:56 开始操作号码 【1769938】
2024-03-20 01:08:01 GSD getOne 第 1 次 等待 3 秒
2024-03-20 01:08:04 查询号码 【1769938】，返回信息 {"status":"ok","msg":"新疆-伊犁","gid":"138368","time_insert":"2021-06-27 10:43"}
2024-03-20 01:08:04 查询号码 【1769938】，GSD为【"新疆-伊犁"】

2024-03-20 01:08:05 开始第 39 次操作

2024-03-20 01:08:05 开始操作号码 【1769939】
2024-03-20 01:08:10 GSD getOne 第 1 次 等待 3 秒
2024-03-20 01:08:13 查询号码 【1769939】，返回信息 {"status":"ok","msg":"新疆-伊犁","gid":"138358","time_insert":"2021-06-27 10:42"}
2024-03-20 01:08:13 查询号码 【1769939】，GSD为【"新疆-伊犁"】

2024-03-20 01:08:14 开始第 40 次操作

2024-03-20 01:08:14 开始操作号码 【1769940】
2024-03-20 01:08:19 GSD getOne 第 1 次 等待 3 秒
2024-03-20 01:08:22 查询号码 【1769940】，返回信息 {"status":"ok","msg":"新疆-乌鲁木齐","gid":"138348","time_insert":"2021-06-27 10:41"}
2024-03-20 01:08:22 查询号码 【1769940】，GSD为【"新疆-乌鲁木齐"】

