2024-09-07 00:27:42 开始第 3081 次操作

2024-09-07 00:27:42 开始操作号码 【1433080】
2024-09-07 00:27:51 GSD getOne 第 1 次 等待 3 秒
2024-09-07 00:27:54 查询号码 【1433080】，返回信息 {"status":"ok","msg":"-","gid":"575308","time_insert":"2023-03-07 08:26"}
2024-09-07 00:27:54 查询号码 【1433080】，GSD为【"-"】
2024-09-07 00:27:54 ok && -
2024-09-07 00:27:56 CHB 1433080?1725640074 第 1 次 等待 3 秒
2024-09-07 00:27:59 CHB 1433080?1725640074 第 1 次 获取到号码【1433080】GSD
2024-09-07 00:28:00 未获取到号码【1433080】GSD，可能号码格式错误
2024-09-07 00:28:00 获取到号码【1433080】的GSD为【-】
2024-09-07 00:28:07 GSD insert 第 1 次 等待 3 秒
2024-09-07 00:28:10 {"status":"bad","gid":"575308","msg":"添加失败！号码【1433080(-|-)】已存在！"}
2024-09-07 00:28:10 随机等待 162 秒，约 2 分钟
2024-09-07 00:28:10 下次操作: 2024-09-07 00:30:52

2024-09-07 00:30:52 开始第 3082 次操作

2024-09-07 00:30:52 开始操作号码 【1433081】
2024-09-07 00:31:00 GSD getOne 第 1 次 等待 3 秒
2024-09-07 00:31:03 查询号码 【1433081】，返回信息 {"status":"ok","msg":"-","gid":"575318","time_insert":"2023-03-07 08:37"}
2024-09-07 00:31:03 查询号码 【1433081】，GSD为【"-"】
2024-09-07 00:31:03 ok && -
2024-09-07 00:31:05 CHB 1433081?1725640263 第 1 次 等待 3 秒
2024-09-07 00:31:08 CHB 1433081?1725640263 第 1 次 获取到号码【1433081】GSD
2024-09-07 00:31:08 未获取到号码【1433081】GSD，可能号码格式错误
2024-09-07 00:31:08 获取到号码【1433081】的GSD为【-】
2024-09-07 00:31:17 GSD insert 第 1 次 等待 3 秒
2024-09-07 00:31:20 {"status":"bad","gid":"575318","msg":"添加失败！号码【1433081(-|-)】已存在！"}
2024-09-07 00:31:20 随机等待 130 秒，约 2 分钟
2024-09-07 00:31:20 下次操作: 2024-09-07 00:33:30

2024-09-07 00:33:30 开始第 3083 次操作

2024-09-07 00:33:30 开始操作号码 【1433082】
2024-09-07 00:33:37 GSD getOne 第 1 次 等待 3 秒
2024-09-07 00:33:40 查询号码 【1433082】，返回信息 {"status":"ok","msg":"-","gid":"575333","time_insert":"2023-03-07 08:50"}
2024-09-07 00:33:40 查询号码 【1433082】，GSD为【"-"】
2024-09-07 00:33:40 ok && -
2024-09-07 00:33:42 CHB 1433082?1725640421 第 1 次 等待 3 秒
2024-09-07 00:33:45 CHB 1433082?1725640421 第 1 次 获取到号码【1433082】GSD
2024-09-07 00:33:45 未获取到号码【1433082】GSD，可能号码格式错误
2024-09-07 00:33:45 获取到号码【1433082】的GSD为【-】
2024-09-07 00:33:54 GSD insert 第 1 次 等待 3 秒
2024-09-07 00:33:57 {"status":"bad","gid":"575333","msg":"添加失败！号码【1433082(-|-)】已存在！"}
2024-09-07 00:33:57 随机等待 95 秒，约 1 分钟
2024-09-07 00:33:57 下次操作: 2024-09-07 00:35:32

2024-09-07 00:35:32 开始第 3084 次操作

2024-09-07 00:35:32 开始操作号码 【1433083】
2024-09-07 00:35:40 GSD getOne 第 1 次 等待 3 秒
2024-09-07 00:35:43 查询号码 【1433083】，返回信息 {"status":"ok","msg":"-","gid":"575344","time_insert":"2023-03-07 09:01"}
2024-09-07 00:35:43 查询号码 【1433083】，GSD为【"-"】
2024-09-07 00:35:43 ok && -
2024-09-07 00:35:44 CHB 1433083?1725640543 第 1 次 等待 3 秒
2024-09-07 00:35:47 CHB 1433083?1725640543 第 1 次 获取到号码【1433083】GSD
2024-09-07 00:35:47 未获取到号码【1433083】GSD，可能号码格式错误
2024-09-07 00:35:47 获取到号码【1433083】的GSD为【-】
2024-09-07 00:35:58 GSD insert 第 1 次 等待 3 秒
2024-09-07 00:36:01 {"status":"bad","gid":"575344","msg":"添加失败！号码【1433083(-|-)】已存在！"}

2024-09-07 00:47:27 开始第 3085 次操作

2024-09-07 00:47:27 开始操作号码 【1433084】
2024-09-07 00:47:35 GSD getOne 第 1 次 等待 3 秒
2024-09-07 00:47:38 查询号码 【1433084】，返回信息 {"status":"ok","msg":"-","gid":"575358","time_insert":"2023-03-07 09:12"}
2024-09-07 00:47:38 查询号码 【1433084】，GSD为【"-"】
2024-09-07 00:47:38 ok && -
2024-09-07 00:47:40 CHB 1433084?1725641258 第 1 次 等待 3 秒
2024-09-07 00:47:43 CHB 1433084?1725641258 第 1 次 获取到号码【1433084】GSD
2024-09-07 00:47:43 未获取到号码【1433084】GSD，可能号码格式错误
2024-09-07 00:47:43 获取到号码【1433084】的GSD为【-】
2024-09-07 00:47:51 GSD insert 第 1 次 等待 3 秒
2024-09-07 00:47:54 {"status":"bad","gid":"575358","msg":"添加失败！号码【1433084(-|-)】已存在！"}
2024-09-07 00:47:54 随机等待 232 秒，约 3 分钟
2024-09-07 00:47:54 下次操作: 2024-09-07 00:51:46

2024-09-07 00:51:46 开始第 3086 次操作

2024-09-07 00:51:46 开始操作号码 【1433085】
2024-09-07 00:51:54 GSD getOne 第 1 次 等待 3 秒
2024-09-07 00:51:57 查询号码 【1433085】，返回信息 {"status":"ok","msg":"-","gid":"575377","time_insert":"2023-03-07 09:29"}
2024-09-07 00:51:57 查询号码 【1433085】，GSD为【"-"】
2024-09-07 00:51:57 ok && -
2024-09-07 00:51:59 CHB 1433085?1725641517 第 1 次 等待 3 秒
2024-09-07 00:52:02 CHB 1433085?1725641517 第 1 次 获取到号码【1433085】GSD
2024-09-07 00:52:02 未获取到号码【1433085】GSD，可能号码格式错误
2024-09-07 00:52:02 获取到号码【1433085】的GSD为【-】
2024-09-07 00:52:09 GSD insert 第 1 次 等待 3 秒
2024-09-07 00:52:12 {"status":"bad","gid":"575377","msg":"添加失败！号码【1433085(-|-)】已存在！"}
2024-09-07 00:52:12 随机等待 105 秒，约 1 分钟
2024-09-07 00:52:12 下次操作: 2024-09-07 00:53:57

2024-09-07 00:53:57 开始第 3087 次操作

2024-09-07 00:53:57 开始操作号码 【1433086】
2024-09-07 00:54:05 GSD getOne 第 1 次 等待 3 秒
2024-09-07 00:54:08 查询号码 【1433086】，返回信息 {"status":"ok","msg":"-","gid":"575392","time_insert":"2023-03-07 09:45"}
2024-09-07 00:54:08 查询号码 【1433086】，GSD为【"-"】
2024-09-07 00:54:08 ok && -
2024-09-07 00:54:11 CHB 1433086?1725641648 第 1 次 等待 3 秒
2024-09-07 00:54:14 CHB 1433086?1725641648 第 1 次 获取到号码【1433086】GSD
2024-09-07 00:54:14 未获取到号码【1433086】GSD，可能号码格式错误
2024-09-07 00:54:14 获取到号码【1433086】的GSD为【-】
2024-09-07 00:54:22 GSD insert 第 1 次 等待 3 秒
2024-09-07 00:54:25 {"status":"bad","gid":"575392","msg":"添加失败！号码【1433086(-|-)】已存在！"}
2024-09-07 00:54:25 随机等待 143 秒，约 2 分钟
2024-09-07 00:54:25 下次操作: 2024-09-07 00:56:48

2024-09-07 00:56:48 开始第 3088 次操作

2024-09-07 00:56:48 开始操作号码 【1433087】
2024-09-07 00:56:55 GSD getOne 第 1 次 等待 3 秒
2024-09-07 00:56:58 查询号码 【1433087】，返回信息 {"status":"ok","msg":"-","gid":"575417","time_insert":"2023-03-07 10:08"}
2024-09-07 00:56:58 查询号码 【1433087】，GSD为【"-"】
2024-09-07 00:56:58 ok && -
2024-09-07 00:57:00 CHB 1433087?1725641818 第 1 次 等待 3 秒
2024-09-07 00:57:03 CHB 1433087?1725641818 第 1 次 获取到号码【1433087】GSD
2024-09-07 00:57:03 未获取到号码【1433087】GSD，可能号码格式错误
2024-09-07 00:57:03 获取到号码【1433087】的GSD为【-】
2024-09-07 00:57:14 GSD insert 第 1 次 等待 3 秒
2024-09-07 00:57:17 {"status":"bad","gid":"575417","msg":"添加失败！号码【1433087(-|-)】已存在！"}

