2023-10-24 00:09:38 开始第 4869 次操作

2023-10-24 00:09:38 开始操作号码 【1974779】
2023-10-24 00:09:43 GSD getOne 第 1 次 等待 3 秒
2023-10-24 00:09:46 查询号码 【1974779】，返回信息 {"status":"ok","msg":"-","gid":"565260","time_insert":"2023-03-02 14:56"}
2023-10-24 00:09:46 查询号码 【1974779】，GSD为【"-"】
2023-10-24 00:09:46 ok && -
2023-10-24 00:09:52 CHB 1974779?1698077386 第 1 次 等待 3 秒
2023-10-24 00:09:55 CHB 1974779?1698077386 第 1 次 获取到号码【1974779】GSD
2023-10-24 00:09:55 未获取到号码【1974779】GSD，可能号码格式错误
2023-10-24 00:09:55 获取到号码【1974779】的GSD为【-】
2023-10-24 00:09:57 GSD insert 第 1 次 等待 3 秒
2023-10-24 00:10:00 {"status":"bad","gid":"565260","msg":"添加失败！号码【1974779(-|-)】已存在！"}
2023-10-24 00:10:00 随机等待 79 秒，约 1 分钟
2023-10-24 00:10:00 下次操作: 2023-10-24 00:11:19

2023-10-24 00:11:19 开始第 4870 次操作

2023-10-24 00:11:19 开始操作号码 【1974780】
2023-10-24 00:11:22 GSD getOne 第 1 次 等待 3 秒
2023-10-24 00:11:25 查询号码 【1974780】，返回信息 {"status":"ok","msg":"-","gid":"565265","time_insert":"2023-03-02 14:58"}
2023-10-24 00:11:25 查询号码 【1974780】，GSD为【"-"】
2023-10-24 00:11:25 ok && -
2023-10-24 00:11:27 CHB 1974780?1698077485 第 1 次 等待 3 秒
2023-10-24 00:11:30 CHB 1974780?1698077485 第 1 次 获取到号码【1974780】GSD
2023-10-24 00:11:30 未获取到号码【1974780】GSD，可能号码格式错误
2023-10-24 00:11:30 获取到号码【1974780】的GSD为【-】
2023-10-24 00:11:32 GSD insert 第 1 次 等待 3 秒
2023-10-24 00:11:35 {"status":"bad","gid":"565265","msg":"添加失败！号码【1974780(-|-)】已存在！"}
2023-10-24 00:11:35 随机等待 73 秒，约 1 分钟
2023-10-24 00:11:35 下次操作: 2023-10-24 00:12:48

2023-10-24 00:12:48 开始第 4871 次操作

2023-10-24 00:12:48 开始操作号码 【1974781】
2023-10-24 00:12:52 GSD getOne 第 1 次 等待 3 秒
2023-10-24 00:12:55 查询号码 【1974781】，返回信息 {"status":"ok","msg":"-","gid":"565267","time_insert":"2023-03-02 15:01"}
2023-10-24 00:12:55 查询号码 【1974781】，GSD为【"-"】
2023-10-24 00:12:55 ok && -
2023-10-24 00:12:57 CHB 1974781?1698077575 第 1 次 等待 3 秒
2023-10-24 00:13:00 CHB 1974781?1698077575 第 1 次 获取到号码【1974781】GSD
2023-10-24 00:13:00 未获取到号码【1974781】GSD，可能号码格式错误
2023-10-24 00:13:00 获取到号码【1974781】的GSD为【-】
2023-10-24 00:13:08 GSD insert 第 1 次 等待 3 秒
2023-10-24 00:13:11 {"status":"bad","gid":"565267","msg":"添加失败！号码【1974781(-|-)】已存在！"}
2023-10-24 00:13:11 随机等待 173 秒，约 2 分钟
2023-10-24 00:13:11 下次操作: 2023-10-24 00:16:04

2023-10-24 00:16:04 开始第 4872 次操作

2023-10-24 00:16:04 开始操作号码 【1974782】
2023-10-24 00:16:06 GSD getOne 第 1 次 等待 3 秒
2023-10-24 00:16:09 查询号码 【1974782】，返回信息 {"status":"ok","msg":"-","gid":"565285","time_insert":"2023-03-02 15:12"}
2023-10-24 00:16:09 查询号码 【1974782】，GSD为【"-"】
2023-10-24 00:16:09 ok && -
2023-10-24 00:16:14 CHB 1974782?1698077769 第 1 次 等待 3 秒
2023-10-24 00:16:17 CHB 1974782?1698077769 第 1 次 获取到号码【1974782】GSD
2023-10-24 00:16:18 未获取到号码【1974782】GSD，可能号码格式错误
2023-10-24 00:16:18 获取到号码【1974782】的GSD为【-】
2023-10-24 00:16:20 GSD insert 第 1 次 等待 3 秒
2023-10-24 00:16:23 {"status":"bad","gid":"565285","msg":"添加失败！号码【1974782(-|-)】已存在！"}

2023-10-24 00:36:24 开始第 4873 次操作

2023-10-24 00:36:24 开始操作号码 【1974783】
2023-10-24 00:36:39 GSD getOne 第 1 次 等待 3 秒
2023-10-24 00:36:42 查询号码 【1974783】，返回信息 {"status":"ok","msg":"-","gid":"565289","time_insert":"2023-03-02 15:14"}
2023-10-24 00:36:42 查询号码 【1974783】，GSD为【"-"】
2023-10-24 00:36:42 ok && -
2023-10-24 00:36:44 CHB 1974783?1698079002 第 1 次 等待 3 秒
2023-10-24 00:36:47 CHB 1974783?1698079002 第 1 次 获取到号码【1974783】GSD
2023-10-24 00:36:47 未获取到号码【1974783】GSD，可能号码格式错误
2023-10-24 00:36:47 获取到号码【1974783】的GSD为【-】
2023-10-24 00:36:50 GSD insert 第 1 次 等待 3 秒
2023-10-24 00:36:53 {"status":"bad","gid":"565289","msg":"添加失败！号码【1974783(-|-)】已存在！"}
2023-10-24 00:36:53 随机等待 100 秒，约 1 分钟
2023-10-24 00:36:53 下次操作: 2023-10-24 00:38:33

2023-10-24 00:38:33 开始第 4874 次操作

2023-10-24 00:38:33 开始操作号码 【1974784】
2023-10-24 00:38:36 GSD getOne 第 1 次 等待 3 秒
2023-10-24 00:38:39 查询号码 【1974784】，返回信息 {"status":"ok","msg":"-","gid":"565294","time_insert":"2023-03-02 15:16"}
2023-10-24 00:38:39 查询号码 【1974784】，GSD为【"-"】
2023-10-24 00:38:39 ok && -
2023-10-24 00:38:41 CHB 1974784?1698079119 第 1 次 等待 3 秒
2023-10-24 00:38:44 CHB 1974784?1698079119 第 1 次 获取到号码【1974784】GSD
2023-10-24 00:38:44 未获取到号码【1974784】GSD，可能号码格式错误
2023-10-24 00:38:44 获取到号码【1974784】的GSD为【-】
2023-10-24 00:38:47 GSD insert 第 1 次 等待 3 秒
2023-10-24 00:38:50 {"status":"bad","gid":"565294","msg":"添加失败！号码【1974784(-|-)】已存在！"}
2023-10-24 00:38:50 随机等待 192 秒，约 3 分钟
2023-10-24 00:38:50 下次操作: 2023-10-24 00:42:02

2023-10-24 00:42:02 开始第 4875 次操作

2023-10-24 00:42:02 开始操作号码 【1974785】
2023-10-24 00:42:06 GSD getOne 第 1 次 等待 3 秒
2023-10-24 00:42:09 查询号码 【1974785】，返回信息 {"status":"ok","msg":"-","gid":"565296","time_insert":"2023-03-02 15:18"}
2023-10-24 00:42:09 查询号码 【1974785】，GSD为【"-"】
2023-10-24 00:42:09 ok && -
2023-10-24 00:42:16 CHB 1974785?1698079329 第 1 次 等待 3 秒
2023-10-24 00:42:19 CHB 1974785?1698079329 第 1 次 获取到号码【1974785】GSD
2023-10-24 00:42:19 未获取到号码【1974785】GSD，可能号码格式错误
2023-10-24 00:42:19 获取到号码【1974785】的GSD为【-】
2023-10-24 00:42:22 GSD insert 第 1 次 等待 3 秒
2023-10-24 00:42:25 {"status":"bad","gid":"565296","msg":"添加失败！号码【1974785(-|-)】已存在！"}
2023-10-24 00:42:25 随机等待 185 秒，约 3 分钟
2023-10-24 00:42:25 下次操作: 2023-10-24 00:45:30

2023-10-24 00:45:30 开始第 4876 次操作

2023-10-24 00:45:30 开始操作号码 【1974786】
2023-10-24 00:45:33 GSD getOne 第 1 次 等待 3 秒
2023-10-24 00:45:36 查询号码 【1974786】，返回信息 {"status":"ok","msg":"-","gid":"565307","time_insert":"2023-03-02 15:26"}
2023-10-24 00:45:36 查询号码 【1974786】，GSD为【"-"】
2023-10-24 00:45:36 ok && -
2023-10-24 00:45:38 CHB 1974786?1698079536 第 1 次 等待 3 秒
2023-10-24 00:45:41 CHB 1974786?1698079536 第 1 次 获取到号码【1974786】GSD
2023-10-24 00:45:41 未获取到号码【1974786】GSD，可能号码格式错误
2023-10-24 00:45:41 获取到号码【1974786】的GSD为【-】
2023-10-24 00:45:43 GSD insert 第 1 次 等待 3 秒
2023-10-24 00:45:46 {"status":"bad","gid":"565307","msg":"添加失败！号码【1974786(-|-)】已存在！"}

2023-10-24 01:06:35 开始第 4877 次操作

2023-10-24 01:06:35 开始操作号码 【1974787】
2023-10-24 01:06:38 GSD getOne 第 1 次 等待 3 秒
2023-10-24 01:06:41 查询号码 【1974787】，返回信息 {"status":"ok","msg":"-","gid":"565316","time_insert":"2023-03-02 15:29"}
2023-10-24 01:06:41 查询号码 【1974787】，GSD为【"-"】
2023-10-24 01:06:41 ok && -
2023-10-24 01:06:43 CHB 1974787?1698080801 第 1 次 等待 3 秒
2023-10-24 01:06:46 CHB 1974787?1698080801 第 1 次 获取到号码【1974787】GSD
2023-10-24 01:06:46 未获取到号码【1974787】GSD，可能号码格式错误
2023-10-24 01:06:46 获取到号码【1974787】的GSD为【-】
2023-10-24 01:06:55 GSD insert 第 1 次 等待 3 秒
2023-10-24 01:06:58 {"status":"bad","gid":"565316","msg":"添加失败！号码【1974787(-|-)】已存在！"}
2023-10-24 01:06:58 随机等待 183 秒，约 3 分钟
2023-10-24 01:06:58 下次操作: 2023-10-24 01:10:01

2023-10-24 01:10:01 开始第 4878 次操作

2023-10-24 01:10:01 开始操作号码 【1974788】
2023-10-24 01:10:07 GSD getOne 第 1 次 等待 3 秒
2023-10-24 01:10:10 查询号码 【1974788】，返回信息 {"status":"ok","msg":"-","gid":"565319","time_insert":"2023-03-02 15:31"}
2023-10-24 01:10:10 查询号码 【1974788】，GSD为【"-"】
2023-10-24 01:10:10 ok && -
2023-10-24 01:10:12 CHB 1974788?1698081010 第 1 次 等待 3 秒
2023-10-24 01:10:15 CHB 1974788?1698081010 第 1 次 获取到号码【1974788】GSD
2023-10-24 01:10:15 未获取到号码【1974788】GSD，可能号码格式错误
2023-10-24 01:10:15 获取到号码【1974788】的GSD为【-】
2023-10-24 01:10:18 GSD insert 第 1 次 等待 3 秒
2023-10-24 01:10:21 {"status":"bad","gid":"565319","msg":"添加失败！号码【1974788(-|-)】已存在！"}
2023-10-24 01:10:21 随机等待 82 秒，约 1 分钟
2023-10-24 01:10:21 下次操作: 2023-10-24 01:11:43

2023-10-24 01:11:43 开始第 4879 次操作

2023-10-24 01:11:43 开始操作号码 【1974789】
2023-10-24 01:11:46 GSD getOne 第 1 次 等待 3 秒
2023-10-24 01:11:49 查询号码 【1974789】，返回信息 {"status":"ok","msg":"-","gid":"565322","time_insert":"2023-03-02 15:34"}
2023-10-24 01:11:49 查询号码 【1974789】，GSD为【"-"】
2023-10-24 01:11:49 ok && -
2023-10-24 01:11:51 CHB 1974789?1698081109 第 1 次 等待 3 秒
2023-10-24 01:11:54 CHB 1974789?1698081109 第 1 次 获取到号码【1974789】GSD
2023-10-24 01:11:54 未获取到号码【1974789】GSD，可能号码格式错误
2023-10-24 01:11:54 获取到号码【1974789】的GSD为【-】
2023-10-24 01:12:03 GSD insert 第 1 次 等待 3 秒
2023-10-24 01:12:06 {"status":"bad","gid":"565322","msg":"添加失败！号码【1974789(-|-)】已存在！"}
2023-10-24 01:12:06 随机等待 191 秒，约 3 分钟
2023-10-24 01:12:06 下次操作: 2023-10-24 01:15:17

2023-10-24 01:15:17 开始第 4880 次操作

2023-10-24 01:15:17 开始操作号码 【1974790】
2023-10-24 01:15:20 GSD getOne 第 1 次 等待 3 秒
2023-10-24 01:15:23 查询号码 【1974790】，返回信息 {"status":"ok","msg":"-","gid":"565327","time_insert":"2023-03-02 15:36"}
2023-10-24 01:15:23 查询号码 【1974790】，GSD为【"-"】
2023-10-24 01:15:23 ok && -
2023-10-24 01:15:25 CHB 1974790?1698081323 第 1 次 等待 3 秒
2023-10-24 01:15:28 CHB 1974790?1698081323 第 1 次 获取到号码【1974790】GSD
2023-10-24 01:15:28 未获取到号码【1974790】GSD，可能号码格式错误
2023-10-24 01:15:28 获取到号码【1974790】的GSD为【-】
2023-10-24 01:15:35 GSD insert 第 1 次 等待 3 秒
2023-10-24 01:15:38 {"status":"bad","gid":"565327","msg":"添加失败！号码【1974790(-|-)】已存在！"}

2023-10-24 01:32:22 开始第 4881 次操作

2023-10-24 01:32:22 开始操作号码 【1974791】
2023-10-24 01:32:25 GSD getOne 第 1 次 等待 3 秒
2023-10-24 01:32:28 查询号码 【1974791】，返回信息 {"status":"ok","msg":"-","gid":"565330","time_insert":"2023-03-02 15:38"}
2023-10-24 01:32:28 查询号码 【1974791】，GSD为【"-"】
2023-10-24 01:32:28 ok && -
2023-10-24 01:32:34 CHB 1974791?1698082348 第 1 次 等待 3 秒
2023-10-24 01:32:37 CHB 1974791?1698082348 第 1 次 获取到号码【1974791】GSD
2023-10-24 01:32:37 未获取到号码【1974791】GSD，可能号码格式错误
2023-10-24 01:32:37 获取到号码【1974791】的GSD为【-】
2023-10-24 01:32:40 GSD insert 第 1 次 等待 3 秒
2023-10-24 01:32:43 {"status":"bad","gid":"565330","msg":"添加失败！号码【1974791(-|-)】已存在！"}
2023-10-24 01:32:43 随机等待 95 秒，约 1 分钟
2023-10-24 01:32:43 下次操作: 2023-10-24 01:34:18

2023-10-24 01:34:18 开始第 4882 次操作

2023-10-24 01:34:18 开始操作号码 【1974792】
2023-10-24 01:34:21 GSD getOne 第 1 次 等待 3 秒
2023-10-24 01:34:24 查询号码 【1974792】，返回信息 {"status":"ok","msg":"-","gid":"565337","time_insert":"2023-03-02 15:41"}
2023-10-24 01:34:24 查询号码 【1974792】，GSD为【"-"】
2023-10-24 01:34:24 ok && -
2023-10-24 01:34:30 CHB 1974792?1698082464 第 1 次 等待 3 秒
2023-10-24 01:34:33 CHB 1974792?1698082464 第 1 次 获取到号码【1974792】GSD
2023-10-24 01:34:33 未获取到号码【1974792】GSD，可能号码格式错误
2023-10-24 01:34:33 获取到号码【1974792】的GSD为【-】
2023-10-24 01:34:45 GSD insert 第 1 次 等待 3 秒
2023-10-24 01:34:48 {"status":"bad","gid":"565337","msg":"添加失败！号码【1974792(-|-)】已存在！"}
2023-10-24 01:34:48 随机等待 199 秒，约 3 分钟
2023-10-24 01:34:48 下次操作: 2023-10-24 01:38:07

2023-10-24 01:38:07 开始第 4883 次操作

2023-10-24 01:38:07 开始操作号码 【1974793】
2023-10-24 01:38:10 GSD getOne 第 1 次 等待 3 秒
2023-10-24 01:38:13 查询号码 【1974793】，返回信息 {"status":"ok","msg":"-","gid":"565339","time_insert":"2023-03-02 15:42"}
2023-10-24 01:38:13 查询号码 【1974793】，GSD为【"-"】
2023-10-24 01:38:13 ok && -
2023-10-24 01:38:16 CHB 1974793?1698082693 第 1 次 等待 3 秒
2023-10-24 01:38:19 CHB 1974793?1698082693 第 1 次 获取到号码【1974793】GSD
2023-10-24 01:38:19 未获取到号码【1974793】GSD，可能号码格式错误
2023-10-24 01:38:19 获取到号码【1974793】的GSD为【-】
2023-10-24 01:38:22 GSD insert 第 1 次 等待 3 秒
2023-10-24 01:38:25 {"status":"bad","gid":"565339","msg":"添加失败！号码【1974793(-|-)】已存在！"}
2023-10-24 01:38:25 随机等待 196 秒，约 3 分钟
2023-10-24 01:38:25 下次操作: 2023-10-24 01:41:41

2023-10-24 01:41:41 开始第 4884 次操作

2023-10-24 01:41:41 开始操作号码 【1974794】
2023-10-24 01:41:52 GSD getOne 第 1 次 等待 3 秒
2023-10-24 01:41:55 查询号码 【1974794】，返回信息 {"status":"ok","msg":"-","gid":"565344","time_insert":"2023-03-02 15:46"}
2023-10-24 01:41:55 查询号码 【1974794】，GSD为【"-"】
2023-10-24 01:41:55 ok && -
2023-10-24 01:42:01 CHB 1974794?1698082915 第 1 次 等待 3 秒
2023-10-24 01:42:04 CHB 1974794?1698082915 第 1 次 获取到号码【1974794】GSD
2023-10-24 01:42:04 未获取到号码【1974794】GSD，可能号码格式错误
2023-10-24 01:42:04 获取到号码【1974794】的GSD为【-】
2023-10-24 01:42:07 GSD insert 第 1 次 等待 3 秒
2023-10-24 01:42:10 {"status":"bad","gid":"565344","msg":"添加失败！号码【1974794(-|-)】已存在！"}

2023-10-24 02:08:27 开始第 4885 次操作

2023-10-24 02:08:27 开始操作号码 【1974795】
2023-10-24 02:08:30 GSD getOne 第 1 次 等待 3 秒
2023-10-24 02:08:33 查询号码 【1974795】，返回信息 {"status":"ok","msg":"-","gid":"565348","time_insert":"2023-03-02 15:47"}
2023-10-24 02:08:33 查询号码 【1974795】，GSD为【"-"】
2023-10-24 02:08:33 ok && -
2023-10-24 02:08:39 CHB 1974795?1698084513 第 1 次 等待 3 秒
2023-10-24 02:08:42 CHB 1974795?1698084513 第 1 次 获取到号码【1974795】GSD
2023-10-24 02:08:42 未获取到号码【1974795】GSD，可能号码格式错误
2023-10-24 02:08:42 获取到号码【1974795】的GSD为【-】
2023-10-24 02:08:45 GSD insert 第 1 次 等待 3 秒
2023-10-24 02:08:48 {"status":"bad","gid":"565348","msg":"添加失败！号码【1974795(-|-)】已存在！"}
2023-10-24 02:08:48 随机等待 102 秒，约 1 分钟
2023-10-24 02:08:48 下次操作: 2023-10-24 02:10:30

2023-10-24 02:10:30 开始第 4886 次操作

2023-10-24 02:10:30 开始操作号码 【1974796】
2023-10-24 02:10:32 GSD getOne 第 1 次 等待 3 秒
2023-10-24 02:10:35 查询号码 【1974796】，返回信息 {"status":"ok","msg":"-","gid":"565353","time_insert":"2023-03-02 15:50"}
2023-10-24 02:10:36 查询号码 【1974796】，GSD为【"-"】
2023-10-24 02:10:36 ok && -
2023-10-24 02:10:42 CHB 1974796?1698084636 第 1 次 等待 3 秒
2023-10-24 02:10:45 CHB 1974796?1698084636 第 1 次 获取到号码【1974796】GSD
2023-10-24 02:10:45 未获取到号码【1974796】GSD，可能号码格式错误
2023-10-24 02:10:45 获取到号码【1974796】的GSD为【-】
2023-10-24 02:10:47 GSD insert 第 1 次 等待 3 秒
2023-10-24 02:10:50 {"status":"bad","gid":"565353","msg":"添加失败！号码【1974796(-|-)】已存在！"}
2023-10-24 02:10:50 随机等待 171 秒，约 2 分钟
2023-10-24 02:10:50 下次操作: 2023-10-24 02:13:41

2023-10-24 02:13:41 开始第 4887 次操作

2023-10-24 02:13:41 开始操作号码 【1974797】
2023-10-24 02:13:44 GSD getOne 第 1 次 等待 3 秒
2023-10-24 02:13:47 查询号码 【1974797】，返回信息 {"status":"ok","msg":"-","gid":"565356","time_insert":"2023-03-02 15:52"}
2023-10-24 02:13:47 查询号码 【1974797】，GSD为【"-"】
2023-10-24 02:13:47 ok && -
2023-10-24 02:13:54 CHB 1974797?1698084827 第 1 次 等待 3 秒
2023-10-24 02:13:57 CHB 1974797?1698084827 第 1 次 获取到号码【1974797】GSD
2023-10-24 02:13:57 未获取到号码【1974797】GSD，可能号码格式错误
2023-10-24 02:13:57 获取到号码【1974797】的GSD为【-】
2023-10-24 02:14:00 GSD insert 第 1 次 等待 3 秒
2023-10-24 02:14:03 {"status":"bad","gid":"565356","msg":"添加失败！号码【1974797(-|-)】已存在！"}
2023-10-24 02:14:03 随机等待 103 秒，约 1 分钟
2023-10-24 02:14:03 下次操作: 2023-10-24 02:15:46

2023-10-24 02:15:46 开始第 4888 次操作

2023-10-24 02:15:46 开始操作号码 【1974798】
2023-10-24 02:15:49 GSD getOne 第 1 次 等待 3 秒
2023-10-24 02:15:52 查询号码 【1974798】，返回信息 {"status":"ok","msg":"-","gid":"565362","time_insert":"2023-03-02 15:55"}
2023-10-24 02:15:52 查询号码 【1974798】，GSD为【"-"】
2023-10-24 02:15:52 ok && -
2023-10-24 02:15:54 CHB 1974798?1698084952 第 1 次 等待 3 秒
2023-10-24 02:15:57 CHB 1974798?1698084952 第 1 次 获取到号码【1974798】GSD
2023-10-24 02:15:57 未获取到号码【1974798】GSD，可能号码格式错误
2023-10-24 02:15:57 获取到号码【1974798】的GSD为【-】
2023-10-24 02:16:00 GSD insert 第 1 次 等待 3 秒
2023-10-24 02:16:03 {"status":"bad","gid":"565362","msg":"添加失败！号码【1974798(-|-)】已存在！"}

2023-10-24 02:33:30 开始第 4889 次操作

2023-10-24 02:33:30 开始操作号码 【1974799】
2023-10-24 02:33:34 GSD getOne 第 1 次 等待 3 秒
2023-10-24 02:33:37 查询号码 【1974799】，返回信息 {"status":"ok","msg":"-","gid":"565365","time_insert":"2023-03-02 15:57"}
2023-10-24 02:33:38 查询号码 【1974799】，GSD为【"-"】
2023-10-24 02:33:38 ok && -
2023-10-24 02:33:43 CHB 1974799?1698086018 第 1 次 等待 3 秒
2023-10-24 02:33:46 CHB 1974799?1698086018 第 1 次 获取到号码【1974799】GSD
2023-10-24 02:33:46 未获取到号码【1974799】GSD，可能号码格式错误
2023-10-24 02:33:46 获取到号码【1974799】的GSD为【-】
2023-10-24 02:33:49 GSD insert 第 1 次 等待 3 秒
2023-10-24 02:33:52 {"status":"bad","gid":"565365","msg":"添加失败！号码【1974799(-|-)】已存在！"}
2023-10-24 02:33:52 随机等待 172 秒，约 2 分钟
2023-10-24 02:33:52 下次操作: 2023-10-24 02:36:44

2023-10-24 02:36:44 开始第 4890 次操作

2023-10-24 02:36:44 开始操作号码 【1974800】
2023-10-24 02:36:48 GSD getOne 第 1 次 等待 3 秒
2023-10-24 02:36:51 查询号码 【1974800】，返回信息 {"status":"ok","msg":"-","gid":"565370","time_insert":"2023-03-02 15:59"}
2023-10-24 02:36:51 查询号码 【1974800】，GSD为【"-"】
2023-10-24 02:36:51 ok && -
2023-10-24 02:36:53 CHB 1974800?1698086211 第 1 次 等待 3 秒
2023-10-24 02:36:56 CHB 1974800?1698086211 第 1 次 获取到号码【1974800】GSD
2023-10-24 02:36:56 未获取到号码【1974800】GSD，可能号码格式错误
2023-10-24 02:36:56 获取到号码【1974800】的GSD为【-】
2023-10-24 02:36:58 GSD insert 第 1 次 等待 3 秒
2023-10-24 02:37:01 {"status":"bad","gid":"565370","msg":"添加失败！号码【1974800(-|-)】已存在！"}
2023-10-24 02:37:01 随机等待 100 秒，约 1 分钟
2023-10-24 02:37:01 下次操作: 2023-10-24 02:38:41

2023-10-24 02:38:41 开始第 4891 次操作

2023-10-24 02:38:41 开始操作号码 【1974801】
2023-10-24 02:38:44 GSD getOne 第 1 次 等待 3 秒
2023-10-24 02:38:47 查询号码 【1974801】，返回信息 {"status":"ok","msg":"-","gid":"565372","time_insert":"2023-03-02 16:02"}
2023-10-24 02:38:47 查询号码 【1974801】，GSD为【"-"】
2023-10-24 02:38:47 ok && -
2023-10-24 02:38:53 CHB 1974801?1698086327 第 1 次 等待 3 秒
2023-10-24 02:38:56 CHB 1974801?1698086327 第 1 次 获取到号码【1974801】GSD
2023-10-24 02:38:56 未获取到号码【1974801】GSD，可能号码格式错误
2023-10-24 02:38:56 获取到号码【1974801】的GSD为【-】
2023-10-24 02:38:59 GSD insert 第 1 次 等待 3 秒
2023-10-24 02:39:02 {"status":"bad","gid":"565372","msg":"添加失败！号码【1974801(-|-)】已存在！"}
2023-10-24 02:39:02 随机等待 182 秒，约 3 分钟
2023-10-24 02:39:02 下次操作: 2023-10-24 02:42:04

2023-10-24 02:42:04 开始第 4892 次操作

2023-10-24 02:42:04 开始操作号码 【1974802】
2023-10-24 02:42:07 GSD getOne 第 1 次 等待 3 秒
2023-10-24 02:42:10 查询号码 【1974802】，返回信息 {"status":"ok","msg":"-","gid":"565395","time_insert":"2023-03-02 16:18"}
2023-10-24 02:42:10 查询号码 【1974802】，GSD为【"-"】
2023-10-24 02:42:10 ok && -
2023-10-24 02:42:11 CHB 1974802?1698086530 第 1 次 等待 3 秒
2023-10-24 02:42:14 CHB 1974802?1698086530 第 1 次 获取到号码【1974802】GSD
2023-10-24 02:42:14 未获取到号码【1974802】GSD，可能号码格式错误
2023-10-24 02:42:14 获取到号码【1974802】的GSD为【-】
2023-10-24 02:42:17 GSD insert 第 1 次 等待 3 秒
2023-10-24 02:42:20 {"status":"bad","gid":"565395","msg":"添加失败！号码【1974802(-|-)】已存在！"}

2023-10-24 03:06:11 开始第 4893 次操作

2023-10-24 03:06:11 开始操作号码 【1974803】
2023-10-24 03:06:14 GSD getOne 第 1 次 等待 3 秒
2023-10-24 03:06:17 查询号码 【1974803】，返回信息 {"status":"ok","msg":"-","gid":"565397","time_insert":"2023-03-02 16:19"}
2023-10-24 03:06:17 查询号码 【1974803】，GSD为【"-"】
2023-10-24 03:06:17 ok && -
2023-10-24 03:06:19 CHB 1974803?1698087977 第 1 次 等待 3 秒
2023-10-24 03:06:22 CHB 1974803?1698087977 第 1 次 获取到号码【1974803】GSD
2023-10-24 03:06:23 未获取到号码【1974803】GSD，可能号码格式错误
2023-10-24 03:06:23 获取到号码【1974803】的GSD为【-】
2023-10-24 03:06:25 GSD insert 第 1 次 等待 3 秒
2023-10-24 03:06:28 {"status":"bad","gid":"565397","msg":"添加失败！号码【1974803(-|-)】已存在！"}
2023-10-24 03:06:28 随机等待 145 秒，约 2 分钟
2023-10-24 03:06:28 下次操作: 2023-10-24 03:08:53

2023-10-24 03:08:53 开始第 4894 次操作

2023-10-24 03:08:53 开始操作号码 【1974804】
2023-10-24 03:08:56 GSD getOne 第 1 次 等待 3 秒
2023-10-24 03:08:59 查询号码 【1974804】，返回信息 {"status":"ok","msg":"-","gid":"565399","time_insert":"2023-03-02 16:21"}
2023-10-24 03:08:59 查询号码 【1974804】，GSD为【"-"】
2023-10-24 03:08:59 ok && -
2023-10-24 03:09:01 CHB 1974804?1698088139 第 1 次 等待 3 秒
2023-10-24 03:09:04 CHB 1974804?1698088139 第 1 次 获取到号码【1974804】GSD
2023-10-24 03:09:04 未获取到号码【1974804】GSD，可能号码格式错误
2023-10-24 03:09:04 获取到号码【1974804】的GSD为【-】
2023-10-24 03:09:06 GSD insert 第 1 次 等待 3 秒
2023-10-24 03:09:09 {"status":"bad","gid":"565399","msg":"添加失败！号码【1974804(-|-)】已存在！"}
2023-10-24 03:09:09 随机等待 84 秒，约 1 分钟
2023-10-24 03:09:09 下次操作: 2023-10-24 03:10:33

2023-10-24 03:10:33 开始第 4895 次操作

2023-10-24 03:10:33 开始操作号码 【1974805】
2023-10-24 03:10:36 GSD getOne 第 1 次 等待 3 秒
2023-10-24 03:10:39 查询号码 【1974805】，返回信息 {"status":"ok","msg":"-","gid":"565404","time_insert":"2023-03-02 16:22"}
2023-10-24 03:10:39 查询号码 【1974805】，GSD为【"-"】
2023-10-24 03:10:39 ok && -
2023-10-24 03:10:41 CHB 1974805?1698088239 第 1 次 等待 3 秒
2023-10-24 03:10:44 CHB 1974805?1698088239 第 1 次 获取到号码【1974805】GSD
2023-10-24 03:10:44 未获取到号码【1974805】GSD，可能号码格式错误
2023-10-24 03:10:44 获取到号码【1974805】的GSD为【-】
2023-10-24 03:10:47 GSD insert 第 1 次 等待 3 秒
2023-10-24 03:10:50 {"status":"bad","gid":"565404","msg":"添加失败！号码【1974805(-|-)】已存在！"}
2023-10-24 03:10:50 随机等待 231 秒，约 3 分钟
2023-10-24 03:10:50 下次操作: 2023-10-24 03:14:41

2023-10-24 03:14:41 开始第 4896 次操作

2023-10-24 03:14:41 开始操作号码 【1974806】
2023-10-24 03:14:43 GSD getOne 第 1 次 等待 3 秒
2023-10-24 03:14:46 查询号码 【1974806】，返回信息 {"status":"ok","msg":"-","gid":"565420","time_insert":"2023-03-02 16:37"}
2023-10-24 03:14:46 查询号码 【1974806】，GSD为【"-"】
2023-10-24 03:14:46 ok && -
2023-10-24 03:14:48 CHB 1974806?1698088486 第 1 次 等待 3 秒
2023-10-24 03:14:51 CHB 1974806?1698088486 第 1 次 获取到号码【1974806】GSD
2023-10-24 03:14:51 未获取到号码【1974806】GSD，可能号码格式错误
2023-10-24 03:14:51 获取到号码【1974806】的GSD为【-】
2023-10-24 03:14:54 GSD insert 第 1 次 等待 3 秒
2023-10-24 03:14:57 {"status":"bad","gid":"565420","msg":"添加失败！号码【1974806(-|-)】已存在！"}

2023-10-24 03:32:41 开始第 4897 次操作

2023-10-24 03:32:41 开始操作号码 【1974807】
2023-10-24 03:32:44 GSD getOne 第 1 次 等待 3 秒
2023-10-24 03:32:47 查询号码 【1974807】，返回信息 {"status":"ok","msg":"-","gid":"565426","time_insert":"2023-03-02 16:40"}
2023-10-24 03:32:47 查询号码 【1974807】，GSD为【"-"】
2023-10-24 03:32:47 ok && -
2023-10-24 03:32:53 CHB 1974807?1698089567 第 1 次 等待 3 秒
2023-10-24 03:32:56 CHB 1974807?1698089567 第 1 次 获取到号码【1974807】GSD
2023-10-24 03:32:56 未获取到号码【1974807】GSD，可能号码格式错误
2023-10-24 03:32:56 获取到号码【1974807】的GSD为【-】
2023-10-24 03:32:59 GSD insert 第 1 次 等待 3 秒
2023-10-24 03:33:02 {"status":"bad","gid":"565426","msg":"添加失败！号码【1974807(-|-)】已存在！"}
2023-10-24 03:33:02 随机等待 117 秒，约 1 分钟
2023-10-24 03:33:02 下次操作: 2023-10-24 03:34:59

2023-10-24 03:34:59 开始第 4898 次操作

2023-10-24 03:34:59 开始操作号码 【1974808】
2023-10-24 03:35:01 GSD getOne 第 1 次 等待 3 秒
2023-10-24 03:35:04 查询号码 【1974808】，返回信息 {"status":"ok","msg":"-","gid":"565431","time_insert":"2023-03-02 16:43"}
2023-10-24 03:35:04 查询号码 【1974808】，GSD为【"-"】
2023-10-24 03:35:04 ok && -
2023-10-24 03:35:10 CHB 1974808?1698089704 第 1 次 等待 3 秒
2023-10-24 03:35:13 CHB 1974808?1698089704 第 1 次 获取到号码【1974808】GSD
2023-10-24 03:35:13 未获取到号码【1974808】GSD，可能号码格式错误
2023-10-24 03:35:13 获取到号码【1974808】的GSD为【-】
2023-10-24 03:35:16 GSD insert 第 1 次 等待 3 秒
2023-10-24 03:35:19 {"status":"bad","gid":"565431","msg":"添加失败！号码【1974808(-|-)】已存在！"}
2023-10-24 03:35:19 随机等待 136 秒，约 2 分钟
2023-10-24 03:35:19 下次操作: 2023-10-24 03:37:35

2023-10-24 03:37:35 开始第 4899 次操作

2023-10-24 03:37:35 开始操作号码 【1974809】
2023-10-24 03:37:37 GSD getOne 第 1 次 等待 3 秒
2023-10-24 03:37:40 查询号码 【1974809】，返回信息 {"status":"ok","msg":"-","gid":"565436","time_insert":"2023-03-02 16:46"}
2023-10-24 03:37:40 查询号码 【1974809】，GSD为【"-"】
2023-10-24 03:37:40 ok && -
2023-10-24 03:37:43 CHB 1974809?1698089860 第 1 次 等待 3 秒
2023-10-24 03:37:46 CHB 1974809?1698089860 第 1 次 获取到号码【1974809】GSD
2023-10-24 03:37:46 未获取到号码【1974809】GSD，可能号码格式错误
2023-10-24 03:37:46 获取到号码【1974809】的GSD为【-】
2023-10-24 03:37:48 GSD insert 第 1 次 等待 3 秒
2023-10-24 03:37:51 {"status":"bad","gid":"565436","msg":"添加失败！号码【1974809(-|-)】已存在！"}
2023-10-24 03:37:51 随机等待 79 秒，约 1 分钟
2023-10-24 03:37:51 下次操作: 2023-10-24 03:39:10

2023-10-24 03:39:10 开始第 4900 次操作

2023-10-24 03:39:10 开始操作号码 【1974810】
2023-10-24 03:39:13 GSD getOne 第 1 次 等待 3 秒
2023-10-24 03:39:16 查询号码 【1974810】，返回信息 {"status":"ok","msg":"-","gid":"565440","time_insert":"2023-03-02 16:48"}
2023-10-24 03:39:16 查询号码 【1974810】，GSD为【"-"】
2023-10-24 03:39:16 ok && -
2023-10-24 03:39:18 CHB 1974810?1698089956 第 1 次 等待 3 秒
2023-10-24 03:39:21 CHB 1974810?1698089956 第 1 次 获取到号码【1974810】GSD
2023-10-24 03:39:21 未获取到号码【1974810】GSD，可能号码格式错误
2023-10-24 03:39:21 获取到号码【1974810】的GSD为【-】
2023-10-24 03:39:24 GSD insert 第 1 次 等待 3 秒
2023-10-24 03:39:27 {"status":"bad","gid":"565440","msg":"添加失败！号码【1974810(-|-)】已存在！"}

2023-10-24 04:06:44 开始第 4901 次操作

2023-10-24 04:06:44 开始操作号码 【1974811】
2023-10-24 04:06:48 GSD getOne 第 1 次 等待 3 秒
2023-10-24 04:06:51 查询号码 【1974811】，返回信息 {"status":"ok","msg":"-","gid":"565442","time_insert":"2023-03-02 16:50"}
2023-10-24 04:06:51 查询号码 【1974811】，GSD为【"-"】
2023-10-24 04:06:51 ok && -
2023-10-24 04:06:53 CHB 1974811?1698091611 第 1 次 等待 3 秒
2023-10-24 04:06:56 CHB 1974811?1698091611 第 1 次 获取到号码【1974811】GSD
2023-10-24 04:06:56 未获取到号码【1974811】GSD，可能号码格式错误
2023-10-24 04:06:56 获取到号码【1974811】的GSD为【-】
2023-10-24 04:06:59 GSD insert 第 1 次 等待 3 秒
2023-10-24 04:07:02 {"status":"bad","gid":"565442","msg":"添加失败！号码【1974811(-|-)】已存在！"}
2023-10-24 04:07:02 随机等待 114 秒，约 1 分钟
2023-10-24 04:07:02 下次操作: 2023-10-24 04:08:56

2023-10-24 04:08:56 开始第 4902 次操作

2023-10-24 04:08:56 开始操作号码 【1974812】
2023-10-24 04:08:58 GSD getOne 第 1 次 等待 3 秒
2023-10-24 04:09:01 查询号码 【1974812】，返回信息 {"status":"ok","msg":"-","gid":"565446","time_insert":"2023-03-02 16:51"}
2023-10-24 04:09:02 查询号码 【1974812】，GSD为【"-"】
2023-10-24 04:09:02 ok && -
2023-10-24 04:09:03 CHB 1974812?1698091742 第 1 次 等待 3 秒
2023-10-24 04:09:06 CHB 1974812?1698091742 第 1 次 获取到号码【1974812】GSD
2023-10-24 04:09:06 未获取到号码【1974812】GSD，可能号码格式错误
2023-10-24 04:09:06 获取到号码【1974812】的GSD为【-】
2023-10-24 04:09:09 GSD insert 第 1 次 等待 3 秒
2023-10-24 04:09:12 {"status":"bad","gid":"565446","msg":"添加失败！号码【1974812(-|-)】已存在！"}
2023-10-24 04:09:12 随机等待 169 秒，约 2 分钟
2023-10-24 04:09:12 下次操作: 2023-10-24 04:12:01

2023-10-24 04:12:01 开始第 4903 次操作

2023-10-24 04:12:01 开始操作号码 【1974813】
2023-10-24 04:12:04 GSD getOne 第 1 次 等待 3 秒
2023-10-24 04:12:07 查询号码 【1974813】，返回信息 {"status":"ok","msg":"-","gid":"565453","time_insert":"2023-03-02 16:54"}
2023-10-24 04:12:07 查询号码 【1974813】，GSD为【"-"】
2023-10-24 04:12:07 ok && -
2023-10-24 04:12:13 CHB 1974813?1698091927 第 1 次 等待 3 秒
2023-10-24 04:12:16 CHB 1974813?1698091927 第 1 次 获取到号码【1974813】GSD
2023-10-24 04:12:16 未获取到号码【1974813】GSD，可能号码格式错误
2023-10-24 04:12:16 获取到号码【1974813】的GSD为【-】
2023-10-24 04:12:18 GSD insert 第 1 次 等待 3 秒
2023-10-24 04:12:21 {"status":"bad","gid":"565453","msg":"添加失败！号码【1974813(-|-)】已存在！"}
2023-10-24 04:12:22 随机等待 128 秒，约 2 分钟
2023-10-24 04:12:22 下次操作: 2023-10-24 04:14:30

2023-10-24 04:14:30 开始第 4904 次操作

2023-10-24 04:14:30 开始操作号码 【1974814】
2023-10-24 04:14:32 GSD getOne 第 1 次 等待 3 秒
2023-10-24 04:14:35 查询号码 【1974814】，返回信息 {"status":"ok","msg":"-","gid":"565456","time_insert":"2023-03-02 16:57"}
2023-10-24 04:14:35 查询号码 【1974814】，GSD为【"-"】
2023-10-24 04:14:35 ok && -
2023-10-24 04:14:37 CHB 1974814?1698092075 第 1 次 等待 3 秒
2023-10-24 04:14:40 CHB 1974814?1698092075 第 1 次 获取到号码【1974814】GSD
2023-10-24 04:14:40 未获取到号码【1974814】GSD，可能号码格式错误
2023-10-24 04:14:40 获取到号码【1974814】的GSD为【-】
2023-10-24 04:14:43 GSD insert 第 1 次 等待 3 秒
2023-10-24 04:14:46 {"status":"bad","gid":"565456","msg":"添加失败！号码【1974814(-|-)】已存在！"}

2023-10-24 04:32:34 开始第 4905 次操作

2023-10-24 04:32:34 开始操作号码 【1974815】
2023-10-24 04:32:37 GSD getOne 第 1 次 等待 3 秒
2023-10-24 04:32:40 查询号码 【1974815】，返回信息 {"status":"ok","msg":"-","gid":"565461","time_insert":"2023-03-02 16:59"}
2023-10-24 04:32:40 查询号码 【1974815】，GSD为【"-"】
2023-10-24 04:32:40 ok && -
2023-10-24 04:32:41 CHB 1974815?1698093160 第 1 次 等待 3 秒
2023-10-24 04:32:44 CHB 1974815?1698093160 第 1 次 获取到号码【1974815】GSD
2023-10-24 04:32:44 未获取到号码【1974815】GSD，可能号码格式错误
2023-10-24 04:32:44 获取到号码【1974815】的GSD为【-】
2023-10-24 04:32:48 GSD insert 第 1 次 等待 3 秒
2023-10-24 04:32:51 {"status":"bad","gid":"565461","msg":"添加失败！号码【1974815(-|-)】已存在！"}
2023-10-24 04:32:51 随机等待 154 秒，约 2 分钟
2023-10-24 04:32:51 下次操作: 2023-10-24 04:35:25

2023-10-24 04:35:25 开始第 4906 次操作

2023-10-24 04:35:25 开始操作号码 【1974816】
2023-10-24 04:35:28 GSD getOne 第 1 次 等待 3 秒
2023-10-24 04:35:31 查询号码 【1974816】，返回信息 {"status":"ok","msg":"-","gid":"565463","time_insert":"2023-03-02 17:01"}
2023-10-24 04:35:31 查询号码 【1974816】，GSD为【"-"】
2023-10-24 04:35:31 ok && -
2023-10-24 04:35:33 CHB 1974816?1698093331 第 1 次 等待 3 秒
2023-10-24 04:35:36 CHB 1974816?1698093331 第 1 次 获取到号码【1974816】GSD
2023-10-24 04:35:36 未获取到号码【1974816】GSD，可能号码格式错误
2023-10-24 04:35:36 获取到号码【1974816】的GSD为【-】
2023-10-24 04:35:38 GSD insert 第 1 次 等待 3 秒
2023-10-24 04:35:41 {"status":"bad","gid":"565463","msg":"添加失败！号码【1974816(-|-)】已存在！"}
2023-10-24 04:35:41 随机等待 71 秒，约 1 分钟
2023-10-24 04:35:41 下次操作: 2023-10-24 04:36:52

2023-10-24 04:36:52 开始第 4907 次操作

2023-10-24 04:36:52 开始操作号码 【1974817】
2023-10-24 04:36:54 GSD getOne 第 1 次 等待 3 秒
2023-10-24 04:36:57 查询号码 【1974817】，返回信息 {"status":"ok","msg":"-","gid":"565467","time_insert":"2023-03-02 17:04"}
2023-10-24 04:36:57 查询号码 【1974817】，GSD为【"-"】
2023-10-24 04:36:57 ok && -
2023-10-24 04:36:59 CHB 1974817?1698093417 第 1 次 等待 3 秒
2023-10-24 04:37:02 CHB 1974817?1698093417 第 1 次 获取到号码【1974817】GSD
2023-10-24 04:37:02 未获取到号码【1974817】GSD，可能号码格式错误
2023-10-24 04:37:02 获取到号码【1974817】的GSD为【-】
2023-10-24 04:37:04 GSD insert 第 1 次 等待 3 秒
2023-10-24 04:37:07 {"status":"bad","gid":"565467","msg":"添加失败！号码【1974817(-|-)】已存在！"}
2023-10-24 04:37:07 随机等待 202 秒，约 3 分钟
2023-10-24 04:37:07 下次操作: 2023-10-24 04:40:29

2023-10-24 04:40:29 开始第 4908 次操作

2023-10-24 04:40:29 开始操作号码 【1974818】
2023-10-24 04:40:32 GSD getOne 第 1 次 等待 3 秒
2023-10-24 04:40:35 查询号码 【1974818】，返回信息 {"status":"ok","msg":"-","gid":"565488","time_insert":"2023-03-02 17:17"}
2023-10-24 04:40:35 查询号码 【1974818】，GSD为【"-"】
2023-10-24 04:40:35 ok && -
2023-10-24 04:40:37 CHB 1974818?1698093635 第 1 次 等待 3 秒
2023-10-24 04:40:40 CHB 1974818?1698093635 第 1 次 获取到号码【1974818】GSD
2023-10-24 04:40:40 未获取到号码【1974818】GSD，可能号码格式错误
2023-10-24 04:40:40 获取到号码【1974818】的GSD为【-】
2023-10-24 04:40:42 GSD insert 第 1 次 等待 3 秒
2023-10-24 04:40:45 {"status":"bad","gid":"565488","msg":"添加失败！号码【1974818(-|-)】已存在！"}

2023-10-24 05:06:53 开始第 4909 次操作

2023-10-24 05:06:53 开始操作号码 【1974819】
2023-10-24 05:06:56 GSD getOne 第 1 次 等待 3 秒
2023-10-24 05:06:59 查询号码 【1974819】，返回信息 {"status":"ok","msg":"-","gid":"565490","time_insert":"2023-03-02 17:20"}
2023-10-24 05:06:59 查询号码 【1974819】，GSD为【"-"】
2023-10-24 05:06:59 ok && -
2023-10-24 05:07:02 CHB 1974819?1698095219 第 1 次 等待 3 秒
2023-10-24 05:07:05 CHB 1974819?1698095219 第 1 次 获取到号码【1974819】GSD
2023-10-24 05:07:05 未获取到号码【1974819】GSD，可能号码格式错误
2023-10-24 05:07:05 获取到号码【1974819】的GSD为【-】
2023-10-24 05:07:08 GSD insert 第 1 次 等待 3 秒
2023-10-24 05:07:11 {"status":"bad","gid":"565490","msg":"添加失败！号码【1974819(-|-)】已存在！"}
2023-10-24 05:07:11 随机等待 77 秒，约 1 分钟
2023-10-24 05:07:11 下次操作: 2023-10-24 05:08:28

2023-10-24 05:08:28 开始第 4910 次操作

2023-10-24 05:08:28 开始操作号码 【1974820】
2023-10-24 05:08:31 GSD getOne 第 1 次 等待 3 秒
2023-10-24 05:08:34 查询号码 【1974820】，返回信息 {"status":"ok","msg":"-","gid":"565492","time_insert":"2023-03-02 17:22"}
2023-10-24 05:08:34 查询号码 【1974820】，GSD为【"-"】
2023-10-24 05:08:34 ok && -
2023-10-24 05:08:36 CHB 1974820?1698095314 第 1 次 等待 3 秒
2023-10-24 05:08:39 CHB 1974820?1698095314 第 1 次 获取到号码【1974820】GSD
2023-10-24 05:08:39 未获取到号码【1974820】GSD，可能号码格式错误
2023-10-24 05:08:39 获取到号码【1974820】的GSD为【-】
2023-10-24 05:08:42 GSD insert 第 1 次 等待 3 秒
2023-10-24 05:08:45 {"status":"bad","gid":"565492","msg":"添加失败！号码【1974820(-|-)】已存在！"}
2023-10-24 05:08:45 随机等待 198 秒，约 3 分钟
2023-10-24 05:08:45 下次操作: 2023-10-24 05:12:03

2023-10-24 05:12:03 开始第 4911 次操作

2023-10-24 05:12:03 开始操作号码 【1974821】
2023-10-24 05:12:06 GSD getOne 第 1 次 等待 3 秒
2023-10-24 05:12:09 查询号码 【1974821】，返回信息 {"status":"ok","msg":"-","gid":"565496","time_insert":"2023-03-02 17:23"}
2023-10-24 05:12:09 查询号码 【1974821】，GSD为【"-"】
2023-10-24 05:12:09 ok && -
2023-10-24 05:12:11 CHB 1974821?1698095529 第 1 次 等待 3 秒
2023-10-24 05:12:14 CHB 1974821?1698095529 第 1 次 获取到号码【1974821】GSD
2023-10-24 05:12:14 未获取到号码【1974821】GSD，可能号码格式错误
2023-10-24 05:12:14 获取到号码【1974821】的GSD为【-】
2023-10-24 05:12:17 GSD insert 第 1 次 等待 3 秒
2023-10-24 05:12:20 {"status":"bad","gid":"565496","msg":"添加失败！号码【1974821(-|-)】已存在！"}
2023-10-24 05:12:20 随机等待 110 秒，约 1 分钟
2023-10-24 05:12:20 下次操作: 2023-10-24 05:14:10

2023-10-24 05:14:10 开始第 4912 次操作

2023-10-24 05:14:10 开始操作号码 【1974822】
2023-10-24 05:14:13 GSD getOne 第 1 次 等待 3 秒
2023-10-24 05:14:16 查询号码 【1974822】，返回信息 {"status":"ok","msg":"-","gid":"565503","time_insert":"2023-03-02 17:30"}
2023-10-24 05:14:16 查询号码 【1974822】，GSD为【"-"】
2023-10-24 05:14:16 ok && -
2023-10-24 05:14:18 CHB 1974822?1698095656 第 1 次 等待 3 秒
2023-10-24 05:14:21 CHB 1974822?1698095656 第 1 次 获取到号码【1974822】GSD
2023-10-24 05:14:21 未获取到号码【1974822】GSD，可能号码格式错误
2023-10-24 05:14:21 获取到号码【1974822】的GSD为【-】
2023-10-24 05:14:24 GSD insert 第 1 次 等待 3 秒
2023-10-24 05:14:27 {"status":"bad","gid":"565503","msg":"添加失败！号码【1974822(-|-)】已存在！"}

2023-10-24 05:32:36 开始第 4913 次操作

2023-10-24 05:32:37 开始操作号码 【1974823】
2023-10-24 05:32:39 GSD getOne 第 1 次 等待 3 秒
2023-10-24 05:32:42 查询号码 【1974823】，返回信息 {"status":"ok","msg":"-","gid":"565510","time_insert":"2023-03-02 17:32"}
2023-10-24 05:32:43 查询号码 【1974823】，GSD为【"-"】
2023-10-24 05:32:43 ok && -
2023-10-24 05:32:45 CHB 1974823?1698096763 第 1 次 等待 3 秒
2023-10-24 05:32:48 CHB 1974823?1698096763 第 1 次 获取到号码【1974823】GSD
2023-10-24 05:32:48 未获取到号码【1974823】GSD，可能号码格式错误
2023-10-24 05:32:48 获取到号码【1974823】的GSD为【-】
2023-10-24 05:32:51 GSD insert 第 1 次 等待 3 秒
2023-10-24 05:32:54 {"status":"bad","gid":"565510","msg":"添加失败！号码【1974823(-|-)】已存在！"}
2023-10-24 05:32:54 随机等待 135 秒，约 2 分钟
2023-10-24 05:32:54 下次操作: 2023-10-24 05:35:09

2023-10-24 05:35:09 开始第 4914 次操作

2023-10-24 05:35:09 开始操作号码 【1974824】
2023-10-24 05:35:12 GSD getOne 第 1 次 等待 3 秒
2023-10-24 05:35:15 查询号码 【1974824】，返回信息 {"status":"ok","msg":"-","gid":"565513","time_insert":"2023-03-02 17:33"}
2023-10-24 05:35:15 查询号码 【1974824】，GSD为【"-"】
2023-10-24 05:35:15 ok && -
2023-10-24 05:35:21 CHB 1974824?1698096915 第 1 次 等待 3 秒
2023-10-24 05:35:24 CHB 1974824?1698096915 第 1 次 获取到号码【1974824】GSD
2023-10-24 05:35:24 未获取到号码【1974824】GSD，可能号码格式错误
2023-10-24 05:35:24 获取到号码【1974824】的GSD为【-】
2023-10-24 05:35:27 GSD insert 第 1 次 等待 3 秒
2023-10-24 05:35:30 {"status":"bad","gid":"565513","msg":"添加失败！号码【1974824(-|-)】已存在！"}
2023-10-24 05:35:30 随机等待 96 秒，约 1 分钟
2023-10-24 05:35:30 下次操作: 2023-10-24 05:37:06

2023-10-24 05:37:06 开始第 4915 次操作

2023-10-24 05:37:06 开始操作号码 【1974825】
2023-10-24 05:37:09 GSD getOne 第 1 次 等待 3 秒
2023-10-24 05:37:12 查询号码 【1974825】，返回信息 {"status":"ok","msg":"-","gid":"565516","time_insert":"2023-03-02 17:35"}
2023-10-24 05:37:12 查询号码 【1974825】，GSD为【"-"】
2023-10-24 05:37:12 ok && -
2023-10-24 05:37:14 CHB 1974825?1698097032 第 1 次 等待 3 秒
2023-10-24 05:37:17 CHB 1974825?1698097032 第 1 次 获取到号码【1974825】GSD
2023-10-24 05:37:17 未获取到号码【1974825】GSD，可能号码格式错误
2023-10-24 05:37:17 获取到号码【1974825】的GSD为【-】
2023-10-24 05:37:20 GSD insert 第 1 次 等待 3 秒
2023-10-24 05:37:23 {"status":"bad","gid":"565516","msg":"添加失败！号码【1974825(-|-)】已存在！"}
2023-10-24 05:37:23 随机等待 88 秒，约 1 分钟
2023-10-24 05:37:23 下次操作: 2023-10-24 05:38:51

2023-10-24 05:38:51 开始第 4916 次操作

2023-10-24 05:38:51 开始操作号码 【1974826】
2023-10-24 05:38:54 GSD getOne 第 1 次 等待 3 秒
2023-10-24 05:38:57 查询号码 【1974826】，返回信息 {"status":"ok","msg":"-","gid":"565525","time_insert":"2023-03-02 17:40"}
2023-10-24 05:38:57 查询号码 【1974826】，GSD为【"-"】
2023-10-24 05:38:57 ok && -
2023-10-24 05:39:03 CHB 1974826?1698097137 第 1 次 等待 3 秒
2023-10-24 05:39:06 CHB 1974826?1698097137 第 1 次 获取到号码【1974826】GSD
2023-10-24 05:39:06 未获取到号码【1974826】GSD，可能号码格式错误
2023-10-24 05:39:06 获取到号码【1974826】的GSD为【-】
2023-10-24 05:39:09 GSD insert 第 1 次 等待 3 秒
2023-10-24 05:39:12 {"status":"bad","gid":"565525","msg":"添加失败！号码【1974826(-|-)】已存在！"}

2023-10-24 06:06:55 开始第 4917 次操作

2023-10-24 06:06:55 开始操作号码 【1974827】
2023-10-24 06:06:58 GSD getOne 第 1 次 等待 3 秒
2023-10-24 06:07:01 查询号码 【1974827】，返回信息 {"status":"ok","msg":"-","gid":"565530","time_insert":"2023-03-02 17:41"}
2023-10-24 06:07:01 查询号码 【1974827】，GSD为【"-"】
2023-10-24 06:07:01 ok && -
2023-10-24 06:07:08 CHB 1974827?1698098821 第 1 次 等待 3 秒
2023-10-24 06:07:11 CHB 1974827?1698098821 第 1 次 获取到号码【1974827】GSD
2023-10-24 06:07:11 未获取到号码【1974827】GSD，可能号码格式错误
2023-10-24 06:07:11 获取到号码【1974827】的GSD为【-】
2023-10-24 06:07:13 GSD insert 第 1 次 等待 3 秒
2023-10-24 06:07:16 {"status":"bad","gid":"565530","msg":"添加失败！号码【1974827(-|-)】已存在！"}
2023-10-24 06:07:16 随机等待 133 秒，约 2 分钟
2023-10-24 06:07:16 下次操作: 2023-10-24 06:09:29

2023-10-24 06:09:29 开始第 4918 次操作

2023-10-24 06:09:29 开始操作号码 【1974828】
2023-10-24 06:09:33 GSD getOne 第 1 次 等待 3 秒
2023-10-24 06:09:36 查询号码 【1974828】，返回信息 {"status":"ok","msg":"-","gid":"565532","time_insert":"2023-03-02 17:43"}
2023-10-24 06:09:36 查询号码 【1974828】，GSD为【"-"】
2023-10-24 06:09:36 ok && -
2023-10-24 06:09:42 CHB 1974828?1698098976 第 1 次 等待 3 秒
2023-10-24 06:09:45 CHB 1974828?1698098976 第 1 次 获取到号码【1974828】GSD
2023-10-24 06:09:45 未获取到号码【1974828】GSD，可能号码格式错误
2023-10-24 06:09:45 获取到号码【1974828】的GSD为【-】
2023-10-24 06:09:51 GSD insert 第 1 次 等待 3 秒
2023-10-24 06:09:54 {"status":"bad","gid":"565532","msg":"添加失败！号码【1974828(-|-)】已存在！"}
2023-10-24 06:09:54 随机等待 77 秒，约 1 分钟
2023-10-24 06:09:54 下次操作: 2023-10-24 06:11:11

2023-10-24 06:11:11 开始第 4919 次操作

2023-10-24 06:11:11 开始操作号码 【1974829】
2023-10-24 06:11:14 GSD getOne 第 1 次 等待 3 秒
2023-10-24 06:11:17 查询号码 【1974829】，返回信息 {"status":"ok","msg":"-","gid":"565536","time_insert":"2023-03-02 17:45"}
2023-10-24 06:11:17 查询号码 【1974829】，GSD为【"-"】
2023-10-24 06:11:17 ok && -
2023-10-24 06:11:19 CHB 1974829?1698099077 第 1 次 等待 3 秒
2023-10-24 06:11:22 CHB 1974829?1698099077 第 1 次 获取到号码【1974829】GSD
2023-10-24 06:11:22 未获取到号码【1974829】GSD，可能号码格式错误
2023-10-24 06:11:22 获取到号码【1974829】的GSD为【-】
2023-10-24 06:11:27 GSD insert 第 1 次 等待 3 秒
2023-10-24 06:11:30 {"status":"bad","gid":"565536","msg":"添加失败！号码【1974829(-|-)】已存在！"}
2023-10-24 06:11:30 随机等待 93 秒，约 1 分钟
2023-10-24 06:11:30 下次操作: 2023-10-24 06:13:03

2023-10-24 06:13:03 开始第 4920 次操作

2023-10-24 06:13:03 开始操作号码 【1974830】
2023-10-24 06:13:05 GSD getOne 第 1 次 等待 3 秒
2023-10-24 06:13:08 查询号码 【1974830】，返回信息 {"status":"ok","msg":"-","gid":"565542","time_insert":"2023-03-02 17:49"}
2023-10-24 06:13:08 查询号码 【1974830】，GSD为【"-"】
2023-10-24 06:13:08 ok && -
2023-10-24 06:13:11 CHB 1974830?1698099188 第 1 次 等待 3 秒
2023-10-24 06:13:14 CHB 1974830?1698099188 第 1 次 获取到号码【1974830】GSD
2023-10-24 06:13:14 未获取到号码【1974830】GSD，可能号码格式错误
2023-10-24 06:13:14 获取到号码【1974830】的GSD为【-】
2023-10-24 06:13:16 GSD insert 第 1 次 等待 3 秒
2023-10-24 06:13:19 {"status":"bad","gid":"565542","msg":"添加失败！号码【1974830(-|-)】已存在！"}

2023-10-24 06:32:21 开始第 4921 次操作

2023-10-24 06:32:21 开始操作号码 【1974831】
2023-10-24 06:32:24 GSD getOne 第 1 次 等待 3 秒
2023-10-24 06:32:27 查询号码 【1974831】，返回信息 {"status":"ok","msg":"-","gid":"565545","time_insert":"2023-03-02 17:51"}
2023-10-24 06:32:27 查询号码 【1974831】，GSD为【"-"】
2023-10-24 06:32:27 ok && -
2023-10-24 06:32:29 CHB 1974831?1698100347 第 1 次 等待 3 秒
2023-10-24 06:32:32 CHB 1974831?1698100347 第 1 次 获取到号码【1974831】GSD
2023-10-24 06:32:32 未获取到号码【1974831】GSD，可能号码格式错误
2023-10-24 06:32:32 获取到号码【1974831】的GSD为【-】
2023-10-24 06:32:35 GSD insert 第 1 次 等待 3 秒
2023-10-24 06:32:38 {"status":"bad","gid":"565545","msg":"添加失败！号码【1974831(-|-)】已存在！"}
2023-10-24 06:32:38 随机等待 127 秒，约 2 分钟
2023-10-24 06:32:38 下次操作: 2023-10-24 06:34:45

2023-10-24 06:34:45 开始第 4922 次操作

2023-10-24 06:34:45 开始操作号码 【1974832】
2023-10-24 06:34:48 GSD getOne 第 1 次 等待 3 秒
2023-10-24 06:34:51 查询号码 【1974832】，返回信息 {"status":"ok","msg":"-","gid":"565553","time_insert":"2023-03-02 17:54"}
2023-10-24 06:34:51 查询号码 【1974832】，GSD为【"-"】
2023-10-24 06:34:51 ok && -
2023-10-24 06:34:53 CHB 1974832?1698100491 第 1 次 等待 3 秒
2023-10-24 06:34:56 CHB 1974832?1698100491 第 1 次 获取到号码【1974832】GSD
2023-10-24 06:34:56 未获取到号码【1974832】GSD，可能号码格式错误
2023-10-24 06:34:56 获取到号码【1974832】的GSD为【-】
2023-10-24 06:34:59 GSD insert 第 1 次 等待 3 秒
2023-10-24 06:35:02 {"status":"bad","gid":"565553","msg":"添加失败！号码【1974832(-|-)】已存在！"}
2023-10-24 06:35:02 随机等待 220 秒，约 3 分钟
2023-10-24 06:35:02 下次操作: 2023-10-24 06:38:42

2023-10-24 06:38:42 开始第 4923 次操作

2023-10-24 06:38:42 开始操作号码 【1974833】
2023-10-24 06:38:45 GSD getOne 第 1 次 等待 3 秒
2023-10-24 06:38:48 查询号码 【1974833】，返回信息 {"status":"ok","msg":"-","gid":"565558","time_insert":"2023-03-02 17:56"}
2023-10-24 06:38:48 查询号码 【1974833】，GSD为【"-"】
2023-10-24 06:38:48 ok && -
2023-10-24 06:38:54 CHB 1974833?1698100728 第 1 次 等待 3 秒
2023-10-24 06:38:57 CHB 1974833?1698100728 第 1 次 获取到号码【1974833】GSD
2023-10-24 06:38:58 未获取到号码【1974833】GSD，可能号码格式错误
2023-10-24 06:38:58 获取到号码【1974833】的GSD为【-】
2023-10-24 06:39:00 GSD insert 第 1 次 等待 3 秒
2023-10-24 06:39:03 {"status":"bad","gid":"565558","msg":"添加失败！号码【1974833(-|-)】已存在！"}
2023-10-24 06:39:03 随机等待 126 秒，约 2 分钟
2023-10-24 06:39:03 下次操作: 2023-10-24 06:41:09

2023-10-24 06:41:09 开始第 4924 次操作

2023-10-24 06:41:09 开始操作号码 【1974834】
2023-10-24 06:41:12 GSD getOne 第 1 次 等待 3 秒
2023-10-24 06:41:15 查询号码 【1974834】，返回信息 {"status":"ok","msg":"-","gid":"565562","time_insert":"2023-03-02 17:58"}
2023-10-24 06:41:15 查询号码 【1974834】，GSD为【"-"】
2023-10-24 06:41:15 ok && -
2023-10-24 06:41:17 CHB 1974834?1698100875 第 1 次 等待 3 秒
2023-10-24 06:41:20 CHB 1974834?1698100875 第 1 次 获取到号码【1974834】GSD
2023-10-24 06:41:20 未获取到号码【1974834】GSD，可能号码格式错误
2023-10-24 06:41:20 获取到号码【1974834】的GSD为【-】
2023-10-24 06:41:23 GSD insert 第 1 次 等待 3 秒
2023-10-24 06:41:26 {"status":"bad","gid":"565562","msg":"添加失败！号码【1974834(-|-)】已存在！"}

