2024-02-20 00:09:52 开始第 4757 次操作

2024-02-20 00:09:52 开始操作号码 【1764657】
2024-02-20 00:09:57 GSD getOne 第 1 次 等待 3 秒
2024-02-20 00:10:00 查询号码 【1764657】，返回信息 {"status":"ok","msg":"河南-焦作","gid":"187344","time_insert":"2021-07-04 04:50"}
2024-02-20 00:10:00 查询号码 【1764657】，GSD为【"河南-焦作"】

2024-02-20 00:10:01 开始第 4758 次操作

2024-02-20 00:10:01 开始操作号码 【1764658】
2024-02-20 00:10:06 GSD getOne 第 1 次 等待 3 秒
2024-02-20 00:10:09 查询号码 【1764658】，返回信息 {"status":"ok","msg":"河南-开封","gid":"187356","time_insert":"2021-07-04 04:50"}
2024-02-20 00:10:09 查询号码 【1764658】，GSD为【"河南-开封"】

2024-02-20 00:10:10 开始第 4759 次操作

2024-02-20 00:10:10 开始操作号码 【1764659】
2024-02-20 00:10:14 GSD getOne 第 1 次 等待 3 秒
2024-02-20 00:10:17 查询号码 【1764659】，返回信息 {"status":"ok","msg":"河南-安阳","gid":"187363","time_insert":"2021-07-04 04:51"}
2024-02-20 00:10:17 查询号码 【1764659】，GSD为【"河南-安阳"】

2024-02-20 00:10:18 开始第 4760 次操作

2024-02-20 00:10:18 开始操作号码 【1764660】
2024-02-20 00:10:23 GSD getOne 第 1 次 等待 3 秒
2024-02-20 00:10:26 查询号码 【1764660】，返回信息 {"status":"ok","msg":"黑龙江-哈尔滨","gid":"187371","time_insert":"2021-07-04 04:52"}
2024-02-20 00:10:26 查询号码 【1764660】，GSD为【"黑龙江-哈尔滨"】

