2021-07-15 00:00:24 开始第 22 次操作

2021-07-15 00:00:24 开始操作号码 【1802262】
2021-07-15 00:00:24 GSD getOne 第 1 次 等待 1 秒
2021-07-15 00:00:28 GSD getOne 第 2 次 等待 1 秒
2021-07-15 00:00:29 查询号码 【1802262】，返回信息 {"status":"bad","msg":""}
2021-07-15 00:00:29 查询号码 【1802262】，GSD为【""】
2021-07-15 00:00:29 bad
2021-07-15 00:00:31 CHB 1802262?1626278429 第 1 次 等待 1 秒
2021-07-15 00:00:32 CHB 1802262?1626278429 第 1 次 获取到号码【1802262】GSD
2021-07-15 00:00:32 获取到号码【1802262】的GSD为【广东-湛江】
2021-07-15 00:00:36 GSD insert 第 1 次 等待 1 秒
2021-07-15 00:00:37 {"status":"ok","gid":278502,"msg":"添加成功！"}
2021-07-15 00:00:37 下次操作: 2021-07-15 00:00:43

2021-07-15 00:00:43 开始第 23 次操作

2021-07-15 00:00:43 开始操作号码 【1802263】
2021-07-15 00:00:44 GSD getOne 第 1 次 等待 1 秒
2021-07-15 00:00:52 GSD getOne 第 2 次 等待 1 秒
2021-07-15 00:00:53 查询号码 【1802263】，返回信息 {"status":"bad","msg":""}
2021-07-15 00:00:53 查询号码 【1802263】，GSD为【""】
2021-07-15 00:00:53 bad
2021-07-15 00:00:56 CHB 1802263?1626278453 第 1 次 等待 1 秒
2021-07-15 00:00:57 CHB 1802263?1626278453 第 1 次 获取到号码【1802263】GSD
2021-07-15 00:00:57 获取到号码【1802263】的GSD为【广东-湛江】
2021-07-15 00:01:03 GSD insert 第 1 次 等待 1 秒
2021-07-15 00:01:04 {"status":"ok","gid":278510,"msg":"添加成功！"}
2021-07-15 00:01:04 下次操作: 2021-07-15 00:01:13

2021-07-15 00:01:13 开始第 24 次操作

2021-07-15 00:01:13 开始操作号码 【1802264】
2021-07-15 00:01:15 GSD getOne 第 1 次 等待 1 秒
2021-07-15 00:01:24 GSD getOne 第 2 次 等待 1 秒
2021-07-15 00:01:25 查询号码 【1802264】，返回信息 {"status":"bad","msg":""}
2021-07-15 00:01:25 查询号码 【1802264】，GSD为【""】
2021-07-15 00:01:25 bad
2021-07-15 00:01:39 CHB 1802264?1626278485 第 1 次 等待 1 秒
2021-07-15 00:01:40 CHB 1802264?1626278485 第 1 次 获取到号码【1802264】GSD
2021-07-15 00:01:40 获取到号码【1802264】的GSD为【广东-湛江】
2021-07-15 00:01:40 GSD insert 第 1 次 等待 1 秒
2021-07-15 00:01:47 GSD insert 第 2 次 等待 1 秒
2021-07-15 00:01:48 {"status":"ok","gid":278518,"msg":"添加成功！"}
2021-07-15 00:01:48 下次操作: 2021-07-15 00:02:01

2021-07-15 00:02:01 开始第 25 次操作

2021-07-15 00:02:01 开始操作号码 【1802265】
2021-07-15 00:02:02 GSD getOne 第 1 次 等待 1 秒
2021-07-15 00:02:05 GSD getOne 第 2 次 等待 1 秒
2021-07-15 00:02:06 查询号码 【1802265】，返回信息 {"status":"bad","msg":""}
2021-07-15 00:02:06 查询号码 【1802265】，GSD为【""】
2021-07-15 00:02:06 bad
2021-07-15 00:02:08 CHB 1802265?1626278526 第 1 次 等待 1 秒
2021-07-15 00:02:09 CHB 1802265?1626278526 第 1 次 获取到号码【1802265】GSD
2021-07-15 00:02:09 获取到号码【1802265】的GSD为【广东-湛江】
2021-07-15 00:02:12 GSD insert 第 1 次 等待 1 秒
2021-07-15 00:02:13 {"status":"ok","gid":278521,"msg":"添加成功！"}
2021-07-15 00:02:13 下次操作: 2021-07-15 00:02:27

2021-07-15 00:02:27 开始第 26 次操作

2021-07-15 00:02:27 开始操作号码 【1802266】
2021-07-15 00:02:28 GSD getOne 第 1 次 等待 1 秒
2021-07-15 00:02:36 GSD getOne 第 2 次 等待 1 秒
2021-07-15 00:02:37 查询号码 【1802266】，返回信息 {"status":"bad","msg":""}
2021-07-15 00:02:37 查询号码 【1802266】，GSD为【""】
2021-07-15 00:02:37 bad
2021-07-15 00:02:40 CHB 1802266?1626278557 第 1 次 等待 1 秒
2021-07-15 00:02:41 CHB 1802266?1626278557 第 1 次 获取到号码【1802266】GSD
2021-07-15 00:02:41 获取到号码【1802266】的GSD为【广东-湛江】
2021-07-15 00:02:45 GSD insert 第 1 次 等待 1 秒
2021-07-15 00:02:46 {"status":"ok","gid":278525,"msg":"添加成功！"}
2021-07-15 00:02:46 下次操作: 2021-07-15 00:02:53

2021-07-15 00:02:53 开始第 27 次操作

2021-07-15 00:02:53 开始操作号码 【1802267】
2021-07-15 00:02:54 GSD getOne 第 1 次 等待 1 秒
2021-07-15 00:03:00 GSD getOne 第 2 次 等待 1 秒
2021-07-15 00:03:01 查询号码 【1802267】，返回信息 {"status":"bad","msg":""}
2021-07-15 00:03:01 查询号码 【1802267】，GSD为【""】
2021-07-15 00:03:01 bad
2021-07-15 00:03:12 CHB 1802267?1626278581 第 1 次 等待 1 秒
2021-07-15 00:03:13 CHB 1802267?1626278581 第 1 次 获取到号码【1802267】GSD
2021-07-15 00:03:13 获取到号码【1802267】的GSD为【广东-湛江】
2021-07-15 00:03:14 GSD insert 第 1 次 等待 1 秒
2021-07-15 00:03:22 GSD insert 第 2 次 等待 1 秒
2021-07-15 00:03:23 {"status":"ok","gid":278529,"msg":"添加成功！"}
2021-07-15 00:03:23 下次操作: 2021-07-15 00:03:32

2021-07-15 00:03:32 开始第 28 次操作

2021-07-15 00:03:32 开始操作号码 【1802268】
2021-07-15 00:03:32 GSD getOne 第 1 次 等待 1 秒
2021-07-15 00:03:36 GSD getOne 第 2 次 等待 1 秒
2021-07-15 00:03:37 查询号码 【1802268】，返回信息 {"status":"bad","msg":""}
2021-07-15 00:03:37 查询号码 【1802268】，GSD为【""】
2021-07-15 00:03:37 bad
2021-07-15 00:03:39 CHB 1802268?1626278617 第 1 次 等待 1 秒
2021-07-15 00:03:40 CHB 1802268?1626278617 第 1 次 获取到号码【1802268】GSD
2021-07-15 00:03:40 获取到号码【1802268】的GSD为【广东-湛江】
2021-07-15 00:03:50 GSD insert 第 1 次 等待 1 秒
2021-07-15 00:03:51 {"status":"ok","gid":278534,"msg":"添加成功！"}
2021-07-15 00:03:51 下次操作: 2021-07-15 00:04:05

2021-07-15 00:04:05 开始第 29 次操作

2021-07-15 00:04:05 开始操作号码 【1802269】
2021-07-15 00:04:06 GSD getOne 第 1 次 等待 1 秒
2021-07-15 00:04:24 GSD getOne 第 2 次 等待 1 秒
2021-07-15 00:04:25 查询号码 【1802269】，返回信息 {"status":"bad","msg":""}
2021-07-15 00:04:25 查询号码 【1802269】，GSD为【""】
2021-07-15 00:04:25 bad
2021-07-15 00:04:28 CHB 1802269?1626278665 第 1 次 等待 1 秒
2021-07-15 00:04:29 CHB 1802269?1626278665 第 1 次 获取到号码【1802269】GSD
2021-07-15 00:04:29 获取到号码【1802269】的GSD为【广东-湛江】
2021-07-15 00:04:30 GSD insert 第 1 次 等待 1 秒
2021-07-15 00:04:32 GSD insert 第 2 次 等待 1 秒
2021-07-15 00:04:33 {"status":"ok","gid":278536,"msg":"添加成功！"}
2021-07-15 00:04:33 下次操作: 2021-07-15 00:04:47

2021-07-15 00:04:47 开始第 30 次操作

2021-07-15 00:04:47 开始操作号码 【1802270】
2021-07-15 00:04:47 GSD getOne 第 1 次 等待 1 秒
2021-07-15 00:04:50 GSD getOne 第 2 次 等待 1 秒
2021-07-15 00:04:51 查询号码 【1802270】，返回信息 {"status":"bad","msg":""}
2021-07-15 00:04:51 查询号码 【1802270】，GSD为【""】
2021-07-15 00:04:51 bad
2021-07-15 00:04:55 CHB 1802270?1626278691 第 1 次 等待 1 秒
2021-07-15 00:04:56 CHB 1802270?1626278691 第 1 次 获取到号码【1802270】GSD
2021-07-15 00:04:56 获取到号码【1802270】的GSD为【广东-佛山】
2021-07-15 00:04:57 GSD insert 第 1 次 等待 1 秒
2021-07-15 00:04:58 {"status":"ok","gid":278539,"msg":"添加成功！"}

2021-07-15 01:03:41 开始第 1 次操作

2021-07-15 01:03:41 开始操作号码 【1802271】
2021-07-15 01:03:47 GSD getOne 第 1 次 等待 1 秒
2021-07-15 01:03:48 查询号码 【1802271】，返回信息 {"status":"bad","msg":""}
2021-07-15 01:03:48 查询号码 【1802271】，GSD为【""】
2021-07-15 01:03:48 bad
2021-07-15 01:03:50 CHB 1802271?1626282228 第 1 次 等待 1 秒
2021-07-15 01:03:51 CHB 1802271?1626282228 第 1 次 获取到号码【1802271】GSD
2021-07-15 01:03:51 获取到号码【1802271】的GSD为【广东-佛山】
2021-07-15 01:04:25 GSD insert 第 1 次 等待 1 秒
2021-07-15 01:04:26 {"status":"ok","gid":278717,"msg":"添加成功！"}
2021-07-15 01:04:26 下次操作: 2021-07-15 01:04:37

2021-07-15 01:04:37 开始第 2 次操作

2021-07-15 01:04:37 开始操作号码 【1802272】
2021-07-15 01:04:46 GSD getOne 第 1 次 等待 1 秒
2021-07-15 01:04:47 查询号码 【1802272】，返回信息 {"status":"ok","msg":"广东-佛山","gid":"32026","time_insert":"2014-03-24 14:35","time_update":"2020-10-01 06:20"}
2021-07-15 01:04:47 查询号码 【1802272】，GSD为【"广东-佛山"】

2021-07-15 01:04:47 开始第 2 次操作

2021-07-15 01:04:47 开始操作号码 【1802273】
2021-07-15 01:05:21 GSD getOne 第 1 次 等待 1 秒
2021-07-15 01:05:22 查询号码 【1802273】，返回信息 {"status":"bad","msg":""}
2021-07-15 01:05:22 查询号码 【1802273】，GSD为【""】
2021-07-15 01:05:22 bad
2021-07-15 01:05:24 CHB 1802273?1626282322 第 1 次 等待 1 秒
2021-07-15 01:05:25 CHB 1802273?1626282322 第 1 次 获取到号码【1802273】GSD
2021-07-15 01:05:25 获取到号码【1802273】的GSD为【广东-佛山】
2021-07-15 01:05:47 GSD insert 第 1 次 等待 1 秒
2021-07-15 01:05:48 {"status":"ok","gid":278737,"msg":"添加成功！"}
2021-07-15 01:05:48 下次操作: 2021-07-15 01:06:00

2021-07-15 01:06:00 开始第 3 次操作

2021-07-15 01:06:00 开始操作号码 【1802274】
2021-07-15 01:06:12 GSD getOne 第 1 次 等待 1 秒
2021-07-15 01:06:13 查询号码 【1802274】，返回信息 {"status":"bad","msg":""}
2021-07-15 01:06:13 查询号码 【1802274】，GSD为【""】
2021-07-15 01:06:13 bad
2021-07-15 01:06:14 CHB 1802274?1626282373 第 1 次 等待 1 秒
2021-07-15 01:06:15 CHB 1802274?1626282373 第 1 次 获取到号码【1802274】GSD
2021-07-15 01:06:15 获取到号码【1802274】的GSD为【广东-佛山】
2021-07-15 01:06:33 GSD insert 第 1 次 等待 1 秒
2021-07-15 01:06:34 {"status":"ok","gid":278749,"msg":"添加成功！"}
2021-07-15 01:06:34 下次操作: 2021-07-15 01:06:47

2021-07-15 01:06:47 开始第 4 次操作

2021-07-15 01:06:47 开始操作号码 【1802275】
2021-07-15 01:06:56 GSD getOne 第 1 次 等待 1 秒
2021-07-15 01:06:57 查询号码 【1802275】，返回信息 {"status":"bad","msg":""}
2021-07-15 01:06:57 查询号码 【1802275】，GSD为【""】
2021-07-15 01:06:57 bad
2021-07-15 01:06:59 CHB 1802275?1626282417 第 1 次 等待 1 秒
2021-07-15 01:07:00 CHB 1802275?1626282417 第 1 次 获取到号码【1802275】GSD
2021-07-15 01:07:00 获取到号码【1802275】的GSD为【广东-佛山】
2021-07-15 01:07:21 GSD insert 第 1 次 等待 1 秒
2021-07-15 01:07:22 {"status":"ok","gid":278763,"msg":"添加成功！"}
2021-07-15 01:07:22 下次操作: 2021-07-15 01:07:29

2021-07-15 01:07:29 开始第 5 次操作

2021-07-15 01:07:29 开始操作号码 【1802276】
2021-07-15 01:07:46 GSD getOne 第 1 次 等待 1 秒
2021-07-15 01:07:47 查询号码 【1802276】，返回信息 {"status":"bad","msg":""}
2021-07-15 01:07:47 查询号码 【1802276】，GSD为【""】
2021-07-15 01:07:47 bad
2021-07-15 01:07:49 CHB 1802276?1626282467 第 1 次 等待 1 秒
2021-07-15 01:07:50 CHB 1802276?1626282467 第 1 次 获取到号码【1802276】GSD
2021-07-15 01:07:50 获取到号码【1802276】的GSD为【广东-佛山】
2021-07-15 01:08:10 GSD insert 第 1 次 等待 1 秒
2021-07-15 01:08:11 {"status":"ok","gid":278779,"msg":"添加成功！"}
2021-07-15 01:08:11 下次操作: 2021-07-15 01:08:19

2021-07-15 01:08:19 开始第 6 次操作

2021-07-15 01:08:19 开始操作号码 【1802277】
2021-07-15 01:08:28 GSD getOne 第 1 次 等待 1 秒
2021-07-15 01:08:29 查询号码 【1802277】，返回信息 {"status":"bad","msg":""}
2021-07-15 01:08:29 查询号码 【1802277】，GSD为【""】
2021-07-15 01:08:29 bad
2021-07-15 01:08:31 CHB 1802277?1626282509 第 1 次 等待 1 秒
2021-07-15 01:08:32 CHB 1802277?1626282509 第 1 次 获取到号码【1802277】GSD
2021-07-15 01:08:32 获取到号码【1802277】的GSD为【广东-佛山】
2021-07-15 01:08:54 GSD insert 第 1 次 等待 1 秒
2021-07-15 01:08:55 {"status":"ok","gid":278793,"msg":"添加成功！"}
2021-07-15 01:08:55 下次操作: 2021-07-15 01:09:12

2021-07-15 01:09:12 开始第 7 次操作

2021-07-15 01:09:12 开始操作号码 【1802278】
2021-07-15 01:09:17 GSD getOne 第 1 次 等待 1 秒
2021-07-15 01:09:18 查询号码 【1802278】，返回信息 {"status":"bad","msg":""}
2021-07-15 01:09:18 查询号码 【1802278】，GSD为【""】
2021-07-15 01:09:18 bad
2021-07-15 01:09:20 CHB 1802278?1626282558 第 1 次 等待 1 秒
2021-07-15 01:09:21 CHB 1802278?1626282558 第 1 次 获取到号码【1802278】GSD
2021-07-15 01:09:21 获取到号码【1802278】的GSD为【广东-佛山】
2021-07-15 01:09:38 GSD insert 第 1 次 等待 1 秒
2021-07-15 01:09:39 {"status":"ok","gid":278806,"msg":"添加成功！"}
2021-07-15 01:09:39 下次操作: 2021-07-15 01:09:54

2021-07-15 01:09:54 开始第 8 次操作

2021-07-15 01:09:54 开始操作号码 【1802279】
2021-07-15 01:10:08 GSD getOne 第 1 次 等待 1 秒
2021-07-15 01:10:09 查询号码 【1802279】，返回信息 {"status":"bad","msg":""}
2021-07-15 01:10:09 查询号码 【1802279】，GSD为【""】
2021-07-15 01:10:09 bad
2021-07-15 01:10:11 CHB 1802279?1626282609 第 1 次 等待 1 秒
2021-07-15 01:10:12 CHB 1802279?1626282609 第 1 次 获取到号码【1802279】GSD
2021-07-15 01:10:12 获取到号码【1802279】的GSD为【广东-佛山】
2021-07-15 01:10:30 GSD insert 第 1 次 等待 1 秒
2021-07-15 01:10:31 {"status":"ok","gid":278818,"msg":"添加成功！"}
2021-07-15 01:10:31 下次操作: 2021-07-15 01:10:42

2021-07-15 01:10:42 开始第 9 次操作

2021-07-15 01:10:42 开始操作号码 【1802280】
2021-07-15 01:10:54 GSD getOne 第 1 次 等待 1 秒
2021-07-15 01:10:55 查询号码 【1802280】，返回信息 {"status":"bad","msg":""}
2021-07-15 01:10:55 查询号码 【1802280】，GSD为【""】
2021-07-15 01:10:55 bad
2021-07-15 01:10:56 CHB 1802280?1626282655 第 1 次 等待 1 秒
2021-07-15 01:10:57 CHB 1802280?1626282655 第 1 次 获取到号码【1802280】GSD
2021-07-15 01:10:57 获取到号码【1802280】的GSD为【广东-茂名】
2021-07-15 01:11:21 GSD insert 第 1 次 等待 1 秒
2021-07-15 01:11:22 {"status":"ok","gid":278828,"msg":"添加成功！"}
2021-07-15 01:11:22 下次操作: 2021-07-15 01:11:40

2021-07-15 01:11:40 开始第 10 次操作

2021-07-15 01:11:40 开始操作号码 【1802281】
2021-07-15 01:12:11 GSD getOne 第 1 次 等待 1 秒
2021-07-15 01:12:12 查询号码 【1802281】，返回信息 {"status":"bad","msg":""}
2021-07-15 01:12:12 查询号码 【1802281】，GSD为【""】
2021-07-15 01:12:12 bad
2021-07-15 01:12:14 CHB 1802281?1626282732 第 1 次 等待 1 秒
2021-07-15 01:12:15 CHB 1802281?1626282732 第 1 次 获取到号码【1802281】GSD
2021-07-15 01:12:15 获取到号码【1802281】的GSD为【广东-茂名】
2021-07-15 01:12:55 GSD insert 第 1 次 等待 1 秒
2021-07-15 01:12:56 {"status":"ok","gid":278848,"msg":"添加成功！"}
2021-07-15 01:12:56 下次操作: 2021-07-15 01:13:07

2021-07-15 01:13:07 开始第 11 次操作

2021-07-15 01:13:07 开始操作号码 【1802282】
2021-07-15 01:13:16 GSD getOne 第 1 次 等待 1 秒
2021-07-15 01:13:17 查询号码 【1802282】，返回信息 {"status":"bad","msg":""}
2021-07-15 01:13:17 查询号码 【1802282】，GSD为【""】
2021-07-15 01:13:17 bad
2021-07-15 01:13:19 CHB 1802282?1626282797 第 1 次 等待 1 秒
2021-07-15 01:13:20 CHB 1802282?1626282797 第 1 次 获取到号码【1802282】GSD
2021-07-15 01:13:20 获取到号码【1802282】的GSD为【广东-茂名】
2021-07-15 01:13:44 GSD insert 第 1 次 等待 1 秒
2021-07-15 01:13:45 {"status":"ok","gid":278859,"msg":"添加成功！"}
2021-07-15 01:13:45 下次操作: 2021-07-15 01:13:51

2021-07-15 01:13:51 开始第 12 次操作

2021-07-15 01:13:51 开始操作号码 【1802283】
2021-07-15 01:14:18 GSD getOne 第 1 次 等待 1 秒
2021-07-15 01:14:19 查询号码 【1802283】，返回信息 {"status":"bad","msg":""}
2021-07-15 01:14:19 查询号码 【1802283】，GSD为【""】
2021-07-15 01:14:19 bad
2021-07-15 01:14:21 CHB 1802283?1626282859 第 1 次 等待 1 秒
2021-07-15 01:14:22 CHB 1802283?1626282859 第 1 次 获取到号码【1802283】GSD
2021-07-15 01:14:22 获取到号码【1802283】的GSD为【广东-茂名】
2021-07-15 01:14:41 GSD insert 第 1 次 等待 1 秒
2021-07-15 01:14:42 {"status":"ok","gid":278872,"msg":"添加成功！"}
2021-07-15 01:14:42 下次操作: 2021-07-15 01:14:59

2021-07-15 01:14:59 开始第 13 次操作

2021-07-15 01:14:59 开始操作号码 【1802284】
2021-07-15 01:15:01 GSD getOne 第 1 次 等待 1 秒
2021-07-15 01:15:02 查询号码 【1802284】，返回信息 {"status":"bad","msg":""}
2021-07-15 01:15:02 查询号码 【1802284】，GSD为【""】
2021-07-15 01:15:02 bad
2021-07-15 01:15:04 CHB 1802284?1626282902 第 1 次 等待 1 秒
2021-07-15 01:15:05 CHB 1802284?1626282902 第 1 次 获取到号码【1802284】GSD
2021-07-15 01:15:05 获取到号码【1802284】的GSD为【广东-茂名】
2021-07-15 01:15:29 GSD insert 第 1 次 等待 1 秒
2021-07-15 01:15:30 {"status":"ok","gid":278877,"msg":"添加成功！"}
2021-07-15 01:15:30 下次操作: 2021-07-15 01:15:45

2021-07-15 01:15:45 开始第 14 次操作

2021-07-15 01:15:45 开始操作号码 【1802285】
2021-07-15 01:15:47 GSD getOne 第 1 次 等待 1 秒
2021-07-15 01:15:48 查询号码 【1802285】，返回信息 {"status":"ok","msg":"广东-广州","gid":"32027","time_insert":"2017-11-29 08:32","time_update":"2020-10-01 06:23"}
2021-07-15 01:15:48 查询号码 【1802285】，GSD为【"广东-广州"】

2021-07-15 01:15:48 开始第 14 次操作

2021-07-15 01:15:48 开始操作号码 【1802286】
2021-07-15 01:16:11 GSD getOne 第 1 次 等待 1 秒
2021-07-15 01:16:12 查询号码 【1802286】，返回信息 {"status":"ok","msg":"广东-广州","gid":"32028","time_insert":"2014-07-11 15:29","time_update":"2020-10-01 06:28"}
2021-07-15 01:16:12 查询号码 【1802286】，GSD为【"广东-广州"】

2021-07-15 01:16:12 开始第 14 次操作

2021-07-15 01:16:12 开始操作号码 【1802287】
2021-07-15 01:16:45 GSD getOne 第 1 次 等待 1 秒
2021-07-15 01:16:46 查询号码 【1802287】，返回信息 {"status":"ok","msg":"广东-广州","gid":"32029","time_insert":"2018-03-15 11:55","time_update":"2020-10-01 06:32"}
2021-07-15 01:16:46 查询号码 【1802287】，GSD为【"广东-广州"】

2021-07-15 01:16:46 开始第 14 次操作

2021-07-15 01:16:46 开始操作号码 【1802288】
2021-07-15 01:17:07 GSD getOne 第 1 次 等待 1 秒
2021-07-15 01:17:08 查询号码 【1802288】，返回信息 {"status":"bad","msg":""}
2021-07-15 01:17:08 查询号码 【1802288】，GSD为【""】
2021-07-15 01:17:08 bad
2021-07-15 01:17:10 CHB 1802288?1626283028 第 1 次 等待 1 秒
2021-07-15 01:17:11 CHB 1802288?1626283028 第 1 次 获取到号码【1802288】GSD
2021-07-15 01:17:11 获取到号码【1802288】的GSD为【广东-广州】
2021-07-15 01:17:28 GSD insert 第 1 次 等待 1 秒
2021-07-15 01:17:29 {"status":"ok","gid":278893,"msg":"添加成功！"}
2021-07-15 01:17:29 下次操作: 2021-07-15 01:17:44

2021-07-15 01:17:44 开始第 15 次操作

2021-07-15 01:17:44 开始操作号码 【1802289】
2021-07-15 01:17:47 GSD getOne 第 1 次 等待 1 秒
2021-07-15 01:17:48 查询号码 【1802289】，返回信息 {"status":"bad","msg":""}
2021-07-15 01:17:48 查询号码 【1802289】，GSD为【""】
2021-07-15 01:17:48 bad
2021-07-15 01:17:50 CHB 1802289?1626283068 第 1 次 等待 1 秒
2021-07-15 01:17:51 CHB 1802289?1626283068 第 1 次 获取到号码【1802289】GSD
2021-07-15 01:17:51 获取到号码【1802289】的GSD为【广东-广州】
2021-07-15 01:18:35 GSD insert 第 1 次 等待 1 秒
2021-07-15 01:18:36 {"status":"ok","gid":278903,"msg":"添加成功！"}
2021-07-15 01:18:36 下次操作: 2021-07-15 01:18:51

2021-07-15 01:18:51 开始第 16 次操作

2021-07-15 01:18:51 开始操作号码 【1802290】
2021-07-15 01:18:54 GSD getOne 第 1 次 等待 1 秒
2021-07-15 01:18:55 查询号码 【1802290】，返回信息 {"status":"bad","msg":""}
2021-07-15 01:18:55 查询号码 【1802290】，GSD为【""】
2021-07-15 01:18:55 bad
2021-07-15 01:18:56 CHB 1802290?1626283135 第 1 次 等待 1 秒
2021-07-15 01:18:57 CHB 1802290?1626283135 第 1 次 获取到号码【1802290】GSD
2021-07-15 01:18:57 获取到号码【1802290】的GSD为【广东-江门】
2021-07-15 01:19:34 GSD insert 第 1 次 等待 1 秒
2021-07-15 01:19:35 {"status":"ok","gid":278909,"msg":"添加成功！"}
2021-07-15 01:19:35 下次操作: 2021-07-15 01:19:41

2021-07-15 01:19:41 开始第 17 次操作

2021-07-15 01:19:41 开始操作号码 【1802291】
2021-07-15 01:20:16 GSD getOne 第 1 次 等待 1 秒
2021-07-15 01:20:17 查询号码 【1802291】，返回信息 {"status":"bad","msg":""}
2021-07-15 01:20:17 查询号码 【1802291】，GSD为【""】
2021-07-15 01:20:17 bad
2021-07-15 01:20:22 CHB 1802291?1626283217 第 1 次 等待 1 秒
2021-07-15 01:20:23 CHB 1802291?1626283217 第 1 次 获取到号码【1802291】GSD
2021-07-15 01:20:24 获取到号码【1802291】的GSD为【广东-江门】
2021-07-15 01:20:41 GSD insert 第 1 次 等待 1 秒
2021-07-15 01:20:42 {"status":"ok","gid":278915,"msg":"添加成功！"}
2021-07-15 01:20:42 下次操作: 2021-07-15 01:20:50

2021-07-15 01:20:50 开始第 18 次操作

2021-07-15 01:20:50 开始操作号码 【1802292】
2021-07-15 01:21:51 GSD getOne 第 1 次 等待 1 秒
2021-07-15 01:21:52 查询号码 【1802292】，返回信息 {"status":"bad","msg":""}
2021-07-15 01:21:53 查询号码 【1802292】，GSD为【""】
2021-07-15 01:21:53 bad
2021-07-15 01:21:54 CHB 1802292?1626283313 第 1 次 等待 1 秒
2021-07-15 01:21:55 CHB 1802292?1626283313 第 1 次 获取到号码【1802292】GSD
2021-07-15 01:21:55 获取到号码【1802292】的GSD为【广东-江门】
2021-07-15 01:23:01 GSD insert 第 1 次 等待 1 秒
2021-07-15 01:23:02 {"status":"ok","gid":278923,"msg":"添加成功！"}
2021-07-15 01:23:02 下次操作: 2021-07-15 01:23:14

2021-07-15 01:23:14 开始第 19 次操作

2021-07-15 01:23:14 开始操作号码 【1802293】
2021-07-15 01:23:19 GSD getOne 第 1 次 等待 1 秒
2021-07-15 01:23:20 查询号码 【1802293】，返回信息 {"status":"bad","msg":""}
2021-07-15 01:23:20 查询号码 【1802293】，GSD为【""】
2021-07-15 01:23:20 bad
2021-07-15 01:23:22 CHB 1802293?1626283400 第 1 次 等待 1 秒
2021-07-15 01:23:23 CHB 1802293?1626283400 第 1 次 获取到号码【1802293】GSD
2021-07-15 01:23:23 获取到号码【1802293】的GSD为【广东-江门】
2021-07-15 01:23:41 GSD insert 第 1 次 等待 1 秒
2021-07-15 01:23:42 {"status":"ok","gid":278928,"msg":"添加成功！"}
2021-07-15 01:23:42 下次操作: 2021-07-15 01:23:50

2021-07-15 01:23:50 开始第 20 次操作

2021-07-15 01:23:50 开始操作号码 【1802294】
2021-07-15 01:25:00 GSD getOne 第 1 次 等待 1 秒
2021-07-15 01:25:01 查询号码 【1802294】，返回信息 {"status":"bad","msg":""}
2021-07-15 01:25:01 查询号码 【1802294】，GSD为【""】
2021-07-15 01:25:01 bad
2021-07-15 01:25:03 CHB 1802294?1626283501 第 1 次 等待 1 秒
2021-07-15 01:25:04 CHB 1802294?1626283501 第 1 次 获取到号码【1802294】GSD
2021-07-15 01:25:04 获取到号码【1802294】的GSD为【广东-江门】
2021-07-15 01:25:25 GSD insert 第 1 次 等待 1 秒
2021-07-15 01:25:26 {"status":"ok","gid":278939,"msg":"添加成功！"}
2021-07-15 01:25:26 下次操作: 2021-07-15 01:25:37

2021-07-15 01:25:37 开始第 21 次操作

2021-07-15 01:25:37 开始操作号码 【1802295】
2021-07-15 01:25:46 GSD getOne 第 1 次 等待 1 秒
2021-07-15 01:25:47 查询号码 【1802295】，返回信息 {"status":"bad","msg":""}
2021-07-15 01:25:47 查询号码 【1802295】，GSD为【""】
2021-07-15 01:25:47 bad
2021-07-15 01:25:49 CHB 1802295?1626283547 第 1 次 等待 1 秒
2021-07-15 01:25:50 CHB 1802295?1626283547 第 1 次 获取到号码【1802295】GSD
2021-07-15 01:25:50 获取到号码【1802295】的GSD为【广东-江门】
2021-07-15 01:26:10 GSD insert 第 1 次 等待 1 秒
2021-07-15 01:26:11 {"status":"ok","gid":278944,"msg":"添加成功！"}
2021-07-15 01:26:11 下次操作: 2021-07-15 01:26:29

2021-07-15 01:26:29 开始第 22 次操作

2021-07-15 01:26:29 开始操作号码 【1802296】
2021-07-15 01:26:37 GSD getOne 第 1 次 等待 1 秒
2021-07-15 01:26:38 查询号码 【1802296】，返回信息 {"status":"bad","msg":""}
2021-07-15 01:26:38 查询号码 【1802296】，GSD为【""】
2021-07-15 01:26:38 bad
2021-07-15 01:26:40 CHB 1802296?1626283598 第 1 次 等待 1 秒
2021-07-15 01:26:41 CHB 1802296?1626283598 第 1 次 获取到号码【1802296】GSD
2021-07-15 01:26:41 获取到号码【1802296】的GSD为【广东-江门】
2021-07-15 01:27:51 GSD insert 第 1 次 等待 1 秒
2021-07-15 01:27:52 {"status":"ok","gid":278950,"msg":"添加成功！"}
2021-07-15 01:27:52 下次操作: 2021-07-15 01:28:10

2021-07-15 01:28:10 开始第 23 次操作

2021-07-15 01:28:10 开始操作号码 【1802297】
2021-07-15 01:28:27 GSD getOne 第 1 次 等待 1 秒
2021-07-15 01:28:28 查询号码 【1802297】，返回信息 {"status":"bad","msg":""}
2021-07-15 01:28:28 查询号码 【1802297】，GSD为【""】
2021-07-15 01:28:28 bad
2021-07-15 01:28:30 CHB 1802297?1626283708 第 1 次 等待 1 秒
2021-07-15 01:28:31 CHB 1802297?1626283708 第 1 次 获取到号码【1802297】GSD
2021-07-15 01:28:31 获取到号码【1802297】的GSD为【广东-江门】
2021-07-15 01:28:49 GSD insert 第 1 次 等待 1 秒
2021-07-15 01:28:50 {"status":"ok","gid":278954,"msg":"添加成功！"}
2021-07-15 01:28:50 下次操作: 2021-07-15 01:29:04

2021-07-15 01:29:04 开始第 24 次操作

2021-07-15 01:29:04 开始操作号码 【1802298】
2021-07-15 01:29:07 GSD getOne 第 1 次 等待 1 秒
2021-07-15 01:29:08 查询号码 【1802298】，返回信息 {"status":"bad","msg":""}
2021-07-15 01:29:08 查询号码 【1802298】，GSD为【""】
2021-07-15 01:29:08 bad
2021-07-15 01:29:10 CHB 1802298?1626283748 第 1 次 等待 1 秒
2021-07-15 01:29:11 CHB 1802298?1626283748 第 1 次 获取到号码【1802298】GSD
2021-07-15 01:29:11 获取到号码【1802298】的GSD为【广东-江门】
2021-07-15 01:29:28 GSD insert 第 1 次 等待 1 秒
2021-07-15 01:29:29 {"status":"ok","gid":278959,"msg":"添加成功！"}
2021-07-15 01:29:29 下次操作: 2021-07-15 01:29:47

2021-07-15 01:29:47 开始第 25 次操作

2021-07-15 01:29:47 开始操作号码 【1802299】
2021-07-15 01:30:09 GSD getOne 第 1 次 等待 1 秒
2021-07-15 01:30:10 查询号码 【1802299】，返回信息 {"status":"bad","msg":""}
2021-07-15 01:30:10 查询号码 【1802299】，GSD为【""】
2021-07-15 01:30:10 bad
2021-07-15 01:30:12 CHB 1802299?1626283810 第 1 次 等待 1 秒
2021-07-15 01:30:13 CHB 1802299?1626283810 第 1 次 获取到号码【1802299】GSD
2021-07-15 01:30:13 获取到号码【1802299】的GSD为【广东-江门】
2021-07-15 01:30:33 GSD insert 第 1 次 等待 1 秒
2021-07-15 01:30:34 {"status":"ok","gid":278960,"msg":"添加成功！"}
2021-07-15 01:30:34 下次操作: 2021-07-15 01:30:51

2021-07-15 01:30:51 开始第 26 次操作

2021-07-15 01:30:51 开始操作号码 【1802300】
2021-07-15 01:30:56 GSD getOne 第 1 次 等待 1 秒
2021-07-15 01:30:57 查询号码 【1802300】，返回信息 {"status":"bad","msg":""}
2021-07-15 01:30:57 查询号码 【1802300】，GSD为【""】
2021-07-15 01:30:57 bad
2021-07-15 01:30:59 CHB 1802300?1626283857 第 1 次 等待 1 秒
2021-07-15 01:31:00 CHB 1802300?1626283857 第 1 次 获取到号码【1802300】GSD
2021-07-15 01:31:00 获取到号码【1802300】的GSD为【广东-珠海】
2021-07-15 01:31:17 GSD insert 第 1 次 等待 1 秒
2021-07-15 01:31:18 {"status":"ok","gid":278962,"msg":"添加成功！"}
2021-07-15 01:31:18 下次操作: 2021-07-15 01:31:28

2021-07-15 01:31:28 开始第 27 次操作

2021-07-15 01:31:28 开始操作号码 【1802301】
2021-07-15 01:31:38 GSD getOne 第 1 次 等待 1 秒
2021-07-15 01:31:39 查询号码 【1802301】，返回信息 {"status":"bad","msg":""}
2021-07-15 01:31:39 查询号码 【1802301】，GSD为【""】
2021-07-15 01:31:39 bad
2021-07-15 01:31:41 CHB 1802301?1626283899 第 1 次 等待 1 秒
2021-07-15 01:31:42 CHB 1802301?1626283899 第 1 次 获取到号码【1802301】GSD
2021-07-15 01:31:42 获取到号码【1802301】的GSD为【广东-珠海】
2021-07-15 01:31:59 GSD insert 第 1 次 等待 1 秒
2021-07-15 01:32:00 {"status":"ok","gid":278963,"msg":"添加成功！"}
2021-07-15 01:32:00 下次操作: 2021-07-15 01:32:10

2021-07-15 01:32:10 开始第 28 次操作

2021-07-15 01:32:10 开始操作号码 【1802302】
2021-07-15 01:32:20 GSD getOne 第 1 次 等待 1 秒
2021-07-15 01:32:21 查询号码 【1802302】，返回信息 {"status":"ok","msg":"广东-珠海","gid":"32030","time_insert":"2019-01-02 19:15","time_update":"2020-10-01 06:35"}
2021-07-15 01:32:21 查询号码 【1802302】，GSD为【"广东-珠海"】

2021-07-15 01:32:21 开始第 28 次操作

2021-07-15 01:32:21 开始操作号码 【1802303】
2021-07-15 01:32:56 GSD getOne 第 1 次 等待 1 秒
2021-07-15 01:32:57 查询号码 【1802303】，返回信息 {"status":"bad","msg":""}
2021-07-15 01:32:57 查询号码 【1802303】，GSD为【""】
2021-07-15 01:32:57 bad
2021-07-15 01:32:58 CHB 1802303?1626283977 第 1 次 等待 1 秒
2021-07-15 01:32:59 CHB 1802303?1626283977 第 1 次 获取到号码【1802303】GSD
2021-07-15 01:32:59 获取到号码【1802303】的GSD为【广东-珠海】
2021-07-15 01:33:21 GSD insert 第 1 次 等待 1 秒
2021-07-15 01:33:22 {"status":"ok","gid":278968,"msg":"添加成功！"}
2021-07-15 01:33:22 下次操作: 2021-07-15 01:33:31

2021-07-15 01:33:31 开始第 29 次操作

2021-07-15 01:33:31 开始操作号码 【1802304】
2021-07-15 01:33:39 GSD getOne 第 1 次 等待 1 秒
2021-07-15 01:33:40 查询号码 【1802304】，返回信息 {"status":"bad","msg":""}
2021-07-15 01:33:41 查询号码 【1802304】，GSD为【""】
2021-07-15 01:33:41 bad
2021-07-15 01:33:42 CHB 1802304?1626284021 第 1 次 等待 1 秒
2021-07-15 01:33:43 CHB 1802304?1626284021 第 1 次 获取到号码【1802304】GSD
2021-07-15 01:33:43 获取到号码【1802304】的GSD为【广东-珠海】
2021-07-15 01:34:27 GSD insert 第 1 次 等待 1 秒
2021-07-15 01:34:28 {"status":"ok","gid":278971,"msg":"添加成功！"}
2021-07-15 01:34:28 下次操作: 2021-07-15 01:34:45

2021-07-15 01:34:45 开始第 30 次操作

2021-07-15 01:34:45 开始操作号码 【1802305】
2021-07-15 01:34:46 GSD getOne 第 1 次 等待 1 秒
2021-07-15 01:34:47 查询号码 【1802305】，返回信息 {"status":"bad","msg":""}
2021-07-15 01:34:48 查询号码 【1802305】，GSD为【""】
2021-07-15 01:34:48 bad
2021-07-15 01:34:49 CHB 1802305?1626284088 第 1 次 等待 1 秒
2021-07-15 01:34:50 CHB 1802305?1626284088 第 1 次 获取到号码【1802305】GSD
2021-07-15 01:34:50 获取到号码【1802305】的GSD为【广东-珠海】
2021-07-15 01:35:10 GSD insert 第 1 次 等待 1 秒
2021-07-15 01:35:11 {"status":"ok","gid":278972,"msg":"添加成功！"}

2021-07-15 01:44:47 开始第 1 次操作

2021-07-15 01:44:47 开始操作号码 【1802306】
2021-07-15 01:44:50 GSD getOne 第 1 次 等待 1 秒
2021-07-15 01:44:51 查询号码 【1802306】，返回信息 {"status":"bad","msg":""}
2021-07-15 01:44:52 查询号码 【1802306】，GSD为【""】
2021-07-15 01:44:52 bad
2021-07-15 01:44:53 CHB 1802306?1626284692 第 1 次 等待 1 秒
2021-07-15 01:44:54 CHB 1802306?1626284692 第 1 次 获取到号码【1802306】GSD
2021-07-15 01:44:54 未获取到号码【1802306】GSD，查号吧 400 错误
2021-07-15 01:44:54 获取到号码【1802306】的GSD为【-】
2021-07-15 01:45:11 GSD insert 第 1 次 等待 1 秒
2021-07-15 01:45:12 {"status":"ok","gid":279020,"msg":"添加成功！"}
2021-07-15 01:45:12 下次操作: 2021-07-15 01:45:29

2021-07-15 01:45:29 开始第 2 次操作

2021-07-15 01:45:29 开始操作号码 【1802307】
2021-07-15 01:45:30 GSD getOne 第 1 次 等待 1 秒
2021-07-15 01:45:31 查询号码 【1802307】，返回信息 {"status":"bad","msg":""}
2021-07-15 01:45:31 查询号码 【1802307】，GSD为【""】
2021-07-15 01:45:31 bad
2021-07-15 01:45:33 CHB 1802307?1626284731 第 1 次 等待 1 秒
2021-07-15 01:45:34 CHB 1802307?1626284731 第 1 次 获取到号码【1802307】GSD
2021-07-15 01:45:34 获取到号码【1802307】的GSD为【广东-珠海】
2021-07-15 01:46:19 GSD insert 第 1 次 等待 1 秒
2021-07-15 01:46:20 {"status":"ok","gid":279039,"msg":"添加成功！"}
2021-07-15 01:46:20 下次操作: 2021-07-15 01:46:35

2021-07-15 01:46:35 开始第 3 次操作

2021-07-15 01:46:35 开始操作号码 【1802308】
2021-07-15 01:46:43 GSD getOne 第 1 次 等待 1 秒
2021-07-15 01:46:44 查询号码 【1802308】，返回信息 {"status":"bad","msg":""}
2021-07-15 01:46:44 查询号码 【1802308】，GSD为【""】
2021-07-15 01:46:44 bad
2021-07-15 01:46:45 CHB 1802308?1626284804 第 1 次 等待 1 秒
2021-07-15 01:46:46 CHB 1802308?1626284804 第 1 次 获取到号码【1802308】GSD
2021-07-15 01:46:47 获取到号码【1802308】的GSD为【广东-珠海】
2021-07-15 01:47:03 GSD insert 第 1 次 等待 1 秒
2021-07-15 01:47:04 {"status":"ok","gid":279053,"msg":"添加成功！"}
2021-07-15 01:47:04 下次操作: 2021-07-15 01:47:20

2021-07-15 01:47:20 开始第 4 次操作

2021-07-15 01:47:20 开始操作号码 【1802309】
2021-07-15 01:47:23 GSD getOne 第 1 次 等待 1 秒
2021-07-15 01:47:24 查询号码 【1802309】，返回信息 {"status":"bad","msg":""}
2021-07-15 01:47:24 查询号码 【1802309】，GSD为【""】
2021-07-15 01:47:24 bad
2021-07-15 01:47:26 CHB 1802309?1626284844 第 1 次 等待 1 秒
2021-07-15 01:47:27 CHB 1802309?1626284844 第 1 次 获取到号码【1802309】GSD
2021-07-15 01:47:27 获取到号码【1802309】的GSD为【广东-珠海】
2021-07-15 01:47:49 GSD insert 第 1 次 等待 1 秒
2021-07-15 01:47:50 {"status":"ok","gid":279063,"msg":"添加成功！"}
2021-07-15 01:47:50 下次操作: 2021-07-15 01:48:08

2021-07-15 01:48:08 开始第 5 次操作

2021-07-15 01:48:08 开始操作号码 【1802310】
2021-07-15 01:48:11 GSD getOne 第 1 次 等待 1 秒
2021-07-15 01:48:12 查询号码 【1802310】，返回信息 {"status":"bad","msg":""}
2021-07-15 01:48:12 查询号码 【1802310】，GSD为【""】
2021-07-15 01:48:12 bad
2021-07-15 01:48:14 CHB 1802310?1626284892 第 1 次 等待 1 秒
2021-07-15 01:48:15 CHB 1802310?1626284892 第 1 次 获取到号码【1802310】GSD
2021-07-15 01:48:15 获取到号码【1802310】的GSD为【广东-河源】
2021-07-15 01:48:32 GSD insert 第 1 次 等待 1 秒
2021-07-15 01:48:33 {"status":"ok","gid":279073,"msg":"添加成功！"}
2021-07-15 01:48:33 下次操作: 2021-07-15 01:48:46

2021-07-15 01:48:46 开始第 6 次操作

2021-07-15 01:48:46 开始操作号码 【1802311】
2021-07-15 01:48:56 GSD getOne 第 1 次 等待 1 秒
2021-07-15 01:48:57 查询号码 【1802311】，返回信息 {"status":"bad","msg":""}
2021-07-15 01:48:57 查询号码 【1802311】，GSD为【""】
2021-07-15 01:48:57 bad
2021-07-15 01:48:59 CHB 1802311?1626284937 第 1 次 等待 1 秒
2021-07-15 01:49:00 CHB 1802311?1626284937 第 1 次 获取到号码【1802311】GSD
2021-07-15 01:49:00 获取到号码【1802311】的GSD为【广东-河源】
2021-07-15 01:49:18 GSD insert 第 1 次 等待 1 秒
2021-07-15 01:49:19 {"status":"ok","gid":279086,"msg":"添加成功！"}
2021-07-15 01:49:19 下次操作: 2021-07-15 01:49:29

2021-07-15 01:49:29 开始第 7 次操作

2021-07-15 01:49:29 开始操作号码 【1802312】
2021-07-15 01:49:39 GSD getOne 第 1 次 等待 1 秒
2021-07-15 01:49:40 查询号码 【1802312】，返回信息 {"status":"bad","msg":""}
2021-07-15 01:49:40 查询号码 【1802312】，GSD为【""】
2021-07-15 01:49:40 bad
2021-07-15 01:49:41 CHB 1802312?1626284980 第 1 次 等待 1 秒
2021-07-15 01:49:42 CHB 1802312?1626284980 第 1 次 获取到号码【1802312】GSD
2021-07-15 01:49:43 未获取到号码【1802312】GSD，查号吧 400 错误
2021-07-15 01:49:43 获取到号码【1802312】的GSD为【-】
2021-07-15 01:49:59 GSD insert 第 1 次 等待 1 秒
2021-07-15 01:50:00 {"status":"ok","gid":279095,"msg":"添加成功！"}
2021-07-15 01:50:00 下次操作: 2021-07-15 01:50:09

2021-07-15 01:50:09 开始第 8 次操作

2021-07-15 01:50:09 开始操作号码 【1802313】
2021-07-15 01:50:29 GSD getOne 第 1 次 等待 1 秒
2021-07-15 01:50:30 查询号码 【1802313】，返回信息 {"status":"bad","msg":""}
2021-07-15 01:50:30 查询号码 【1802313】，GSD为【""】
2021-07-15 01:50:30 bad
2021-07-15 01:50:32 CHB 1802313?1626285030 第 1 次 等待 1 秒
2021-07-15 01:50:33 CHB 1802313?1626285030 第 1 次 获取到号码【1802313】GSD
2021-07-15 01:50:33 获取到号码【1802313】的GSD为【广东-河源】
2021-07-15 01:50:50 GSD insert 第 1 次 等待 1 秒
2021-07-15 01:50:51 {"status":"ok","gid":279109,"msg":"添加成功！"}
2021-07-15 01:50:51 下次操作: 2021-07-15 01:50:59

2021-07-15 01:50:59 开始第 9 次操作

2021-07-15 01:50:59 开始操作号码 【1802314】
2021-07-15 01:51:16 GSD getOne 第 1 次 等待 1 秒
2021-07-15 01:51:17 查询号码 【1802314】，返回信息 {"status":"bad","msg":""}
2021-07-15 01:51:17 查询号码 【1802314】，GSD为【""】
2021-07-15 01:51:17 bad
2021-07-15 01:51:19 CHB 1802314?1626285077 第 1 次 等待 1 秒
2021-07-15 01:51:20 CHB 1802314?1626285077 第 1 次 获取到号码【1802314】GSD
2021-07-15 01:51:20 获取到号码【1802314】的GSD为【广东-河源】
2021-07-15 01:51:37 GSD insert 第 1 次 等待 1 秒
2021-07-15 01:51:38 {"status":"ok","gid":279122,"msg":"添加成功！"}
2021-07-15 01:51:38 下次操作: 2021-07-15 01:51:49

2021-07-15 01:51:49 开始第 10 次操作

2021-07-15 01:51:49 开始操作号码 【1802315】
2021-07-15 01:51:58 GSD getOne 第 1 次 等待 1 秒
2021-07-15 01:51:59 查询号码 【1802315】，返回信息 {"status":"bad","msg":""}
2021-07-15 01:51:59 查询号码 【1802315】，GSD为【""】
2021-07-15 01:51:59 bad
2021-07-15 01:52:00 CHB 1802315?1626285119 第 1 次 等待 1 秒
2021-07-15 01:52:01 CHB 1802315?1626285119 第 1 次 获取到号码【1802315】GSD
2021-07-15 01:52:01 未获取到号码【1802315】GSD，查号吧 400 错误
2021-07-15 01:52:01 获取到号码【1802315】的GSD为【-】
2021-07-15 01:52:22 GSD insert 第 1 次 等待 1 秒
2021-07-15 01:52:23 {"status":"ok","gid":279135,"msg":"添加成功！"}
2021-07-15 01:52:23 下次操作: 2021-07-15 01:52:31

2021-07-15 01:52:31 开始第 11 次操作

2021-07-15 01:52:31 开始操作号码 【1802316】
2021-07-15 01:52:49 GSD getOne 第 1 次 等待 1 秒
2021-07-15 01:52:50 查询号码 【1802316】，返回信息 {"status":"bad","msg":""}
2021-07-15 01:52:50 查询号码 【1802316】，GSD为【""】
2021-07-15 01:52:50 bad
2021-07-15 01:52:52 CHB 1802316?1626285170 第 1 次 等待 1 秒
2021-07-15 01:52:53 CHB 1802316?1626285170 第 1 次 获取到号码【1802316】GSD
2021-07-15 01:52:53 获取到号码【1802316】的GSD为【广东-汕尾】
2021-07-15 01:53:14 GSD insert 第 1 次 等待 1 秒
2021-07-15 01:53:15 {"status":"ok","gid":279149,"msg":"添加成功！"}
2021-07-15 01:53:15 下次操作: 2021-07-15 01:53:30

2021-07-15 01:53:30 开始第 12 次操作

2021-07-15 01:53:30 开始操作号码 【1802317】
2021-07-15 01:53:34 GSD getOne 第 1 次 等待 1 秒
2021-07-15 01:53:35 查询号码 【1802317】，返回信息 {"status":"bad","msg":""}
2021-07-15 01:53:35 查询号码 【1802317】，GSD为【""】
2021-07-15 01:53:35 bad
2021-07-15 01:53:37 CHB 1802317?1626285215 第 1 次 等待 1 秒
2021-07-15 01:53:38 CHB 1802317?1626285215 第 1 次 获取到号码【1802317】GSD
2021-07-15 01:53:38 获取到号码【1802317】的GSD为【广东-汕尾】
2021-07-15 01:54:10 GSD insert 第 1 次 等待 1 秒
2021-07-15 01:54:11 {"status":"ok","gid":279168,"msg":"添加成功！"}
2021-07-15 01:54:11 下次操作: 2021-07-15 01:54:23

2021-07-15 01:54:23 开始第 13 次操作

2021-07-15 01:54:23 开始操作号码 【1802318】
2021-07-15 01:54:34 GSD getOne 第 1 次 等待 1 秒
2021-07-15 01:54:35 查询号码 【1802318】，返回信息 {"status":"bad","msg":""}
2021-07-15 01:54:35 查询号码 【1802318】，GSD为【""】
2021-07-15 01:54:35 bad
2021-07-15 01:54:37 CHB 1802318?1626285275 第 1 次 等待 1 秒
2021-07-15 01:54:38 CHB 1802318?1626285275 第 1 次 获取到号码【1802318】GSD
2021-07-15 01:54:38 获取到号码【1802318】的GSD为【广东-汕尾】
2021-07-15 01:54:59 GSD insert 第 1 次 等待 1 秒
2021-07-15 01:55:00 {"status":"ok","gid":279186,"msg":"添加成功！"}
2021-07-15 01:55:01 下次操作: 2021-07-15 01:55:12

2021-07-15 01:55:12 开始第 14 次操作

2021-07-15 01:55:12 开始操作号码 【1802319】
2021-07-15 01:55:20 GSD getOne 第 1 次 等待 1 秒
2021-07-15 01:55:21 查询号码 【1802319】，返回信息 {"status":"bad","msg":""}
2021-07-15 01:55:21 查询号码 【1802319】，GSD为【""】
2021-07-15 01:55:21 bad
2021-07-15 01:55:23 CHB 1802319?1626285321 第 1 次 等待 1 秒
2021-07-15 01:55:24 CHB 1802319?1626285321 第 1 次 获取到号码【1802319】GSD
2021-07-15 01:55:24 获取到号码【1802319】的GSD为【广东-汕尾】
2021-07-15 01:55:41 GSD insert 第 1 次 等待 1 秒
2021-07-15 01:55:42 {"status":"ok","gid":279197,"msg":"添加成功！"}
2021-07-15 01:55:42 下次操作: 2021-07-15 01:55:49

2021-07-15 01:55:49 开始第 15 次操作

2021-07-15 01:55:49 开始操作号码 【1802320】
2021-07-15 01:56:07 GSD getOne 第 1 次 等待 1 秒
2021-07-15 01:56:08 查询号码 【1802320】，返回信息 {"status":"bad","msg":""}
2021-07-15 01:56:08 查询号码 【1802320】，GSD为【""】
2021-07-15 01:56:08 bad
2021-07-15 01:56:10 CHB 1802320?1626285368 第 1 次 等待 1 秒
2021-07-15 01:56:11 CHB 1802320?1626285368 第 1 次 获取到号码【1802320】GSD
2021-07-15 01:56:11 获取到号码【1802320】的GSD为【广东-汕头】
2021-07-15 01:56:30 GSD insert 第 1 次 等待 1 秒
2021-07-15 01:56:31 {"status":"ok","gid":279210,"msg":"添加成功！"}
2021-07-15 01:56:31 下次操作: 2021-07-15 01:56:48

2021-07-15 01:56:48 开始第 16 次操作

2021-07-15 01:56:48 开始操作号码 【1802321】
2021-07-15 01:56:49 GSD getOne 第 1 次 等待 1 秒
2021-07-15 01:56:50 查询号码 【1802321】，返回信息 {"status":"bad","msg":""}
2021-07-15 01:56:50 查询号码 【1802321】，GSD为【""】
2021-07-15 01:56:50 bad
2021-07-15 01:56:52 CHB 1802321?1626285410 第 1 次 等待 1 秒
2021-07-15 01:56:53 CHB 1802321?1626285410 第 1 次 获取到号码【1802321】GSD
2021-07-15 01:56:53 获取到号码【1802321】的GSD为【广东-汕头】
2021-07-15 01:57:12 GSD insert 第 1 次 等待 1 秒
2021-07-15 01:57:13 {"status":"ok","gid":279220,"msg":"添加成功！"}
2021-07-15 01:57:13 下次操作: 2021-07-15 01:57:24

2021-07-15 01:57:24 开始第 17 次操作

2021-07-15 01:57:24 开始操作号码 【1802322】
2021-07-15 01:57:34 GSD getOne 第 1 次 等待 1 秒
2021-07-15 01:57:35 查询号码 【1802322】，返回信息 {"status":"bad","msg":""}
2021-07-15 01:57:35 查询号码 【1802322】，GSD为【""】
2021-07-15 01:57:35 bad
2021-07-15 01:57:37 CHB 1802322?1626285455 第 1 次 等待 1 秒
2021-07-15 01:57:38 CHB 1802322?1626285455 第 1 次 获取到号码【1802322】GSD
2021-07-15 01:57:38 获取到号码【1802322】的GSD为【广东-汕头】
2021-07-15 01:57:57 GSD insert 第 1 次 等待 1 秒
2021-07-15 01:57:58 {"status":"ok","gid":279230,"msg":"添加成功！"}
2021-07-15 01:57:58 下次操作: 2021-07-15 01:58:15

2021-07-15 01:58:15 开始第 18 次操作

2021-07-15 01:58:15 开始操作号码 【1802323】
2021-07-15 01:58:17 GSD getOne 第 1 次 等待 1 秒
2021-07-15 01:58:18 查询号码 【1802323】，返回信息 {"status":"bad","msg":""}
2021-07-15 01:58:18 查询号码 【1802323】，GSD为【""】
2021-07-15 01:58:18 bad
2021-07-15 01:58:20 CHB 1802323?1626285498 第 1 次 等待 1 秒
2021-07-15 01:58:21 CHB 1802323?1626285498 第 1 次 获取到号码【1802323】GSD
2021-07-15 01:58:21 获取到号码【1802323】的GSD为【广东-汕头】
2021-07-15 01:58:38 GSD insert 第 1 次 等待 1 秒
2021-07-15 01:58:39 {"status":"ok","gid":279237,"msg":"添加成功！"}
2021-07-15 01:58:39 下次操作: 2021-07-15 01:58:51

2021-07-15 01:58:51 开始第 19 次操作

2021-07-15 01:58:51 开始操作号码 【1802324】
2021-07-15 01:59:03 GSD getOne 第 1 次 等待 1 秒
2021-07-15 01:59:04 查询号码 【1802324】，返回信息 {"status":"bad","msg":""}
2021-07-15 01:59:04 查询号码 【1802324】，GSD为【""】
2021-07-15 01:59:04 bad
2021-07-15 01:59:06 CHB 1802324?1626285544 第 1 次 等待 1 秒
2021-07-15 01:59:07 CHB 1802324?1626285544 第 1 次 获取到号码【1802324】GSD
2021-07-15 01:59:07 获取到号码【1802324】的GSD为【广东-汕头】
2021-07-15 01:59:24 GSD insert 第 1 次 等待 1 秒
2021-07-15 01:59:25 {"status":"ok","gid":279242,"msg":"添加成功！"}
2021-07-15 01:59:25 下次操作: 2021-07-15 01:59:42

2021-07-15 01:59:42 开始第 20 次操作

2021-07-15 01:59:42 开始操作号码 【1802325】
2021-07-15 01:59:43 GSD getOne 第 1 次 等待 1 秒
2021-07-15 01:59:44 查询号码 【1802325】，返回信息 {"status":"bad","msg":""}
2021-07-15 01:59:45 查询号码 【1802325】，GSD为【""】
2021-07-15 01:59:45 bad
2021-07-15 01:59:46 CHB 1802325?1626285585 第 1 次 等待 1 秒
2021-07-15 01:59:47 CHB 1802325?1626285585 第 1 次 获取到号码【1802325】GSD
2021-07-15 01:59:47 获取到号码【1802325】的GSD为【广东-汕头】
2021-07-15 02:00:06 GSD insert 第 1 次 等待 1 秒
2021-07-15 02:00:07 {"status":"ok","gid":279251,"msg":"添加成功！"}
2021-07-15 02:00:07 下次操作: 2021-07-15 02:00:14

2021-07-15 02:00:14 开始第 21 次操作

2021-07-15 02:00:14 开始操作号码 【1802326】
2021-07-15 02:00:30 GSD getOne 第 1 次 等待 1 秒
2021-07-15 02:00:31 查询号码 【1802326】，返回信息 {"status":"bad","msg":""}
2021-07-15 02:00:31 查询号码 【1802326】，GSD为【""】
2021-07-15 02:00:31 bad
2021-07-15 02:00:33 CHB 1802326?1626285631 第 1 次 等待 1 秒
2021-07-15 02:00:34 CHB 1802326?1626285631 第 1 次 获取到号码【1802326】GSD
2021-07-15 02:00:34 获取到号码【1802326】的GSD为【广东-汕头】
2021-07-15 02:00:53 GSD insert 第 1 次 等待 1 秒
2021-07-15 02:00:54 {"status":"ok","gid":279257,"msg":"添加成功！"}
2021-07-15 02:00:54 下次操作: 2021-07-15 02:01:09

2021-07-15 02:01:09 开始第 22 次操作

2021-07-15 02:01:09 开始操作号码 【1802327】
2021-07-15 02:01:15 GSD getOne 第 1 次 等待 1 秒
2021-07-15 02:01:16 查询号码 【1802327】，返回信息 {"status":"bad","msg":""}
2021-07-15 02:01:16 查询号码 【1802327】，GSD为【""】
2021-07-15 02:01:16 bad
2021-07-15 02:01:17 CHB 1802327?1626285676 第 1 次 等待 1 秒
2021-07-15 02:01:19 CHB 1802327?1626285676 第 1 次 获取到号码【1802327】GSD
2021-07-15 02:01:19 获取到号码【1802327】的GSD为【广东-汕头】
2021-07-15 02:01:37 GSD insert 第 1 次 等待 1 秒
2021-07-15 02:01:38 {"status":"ok","gid":279264,"msg":"添加成功！"}
2021-07-15 02:01:38 下次操作: 2021-07-15 02:01:45

2021-07-15 02:01:45 开始第 23 次操作

2021-07-15 02:01:45 开始操作号码 【1802328】
2021-07-15 02:02:02 GSD getOne 第 1 次 等待 1 秒
2021-07-15 02:02:03 查询号码 【1802328】，返回信息 {"status":"bad","msg":""}
2021-07-15 02:02:03 查询号码 【1802328】，GSD为【""】
2021-07-15 02:02:03 bad
2021-07-15 02:02:04 CHB 1802328?1626285723 第 1 次 等待 1 秒
2021-07-15 02:02:05 CHB 1802328?1626285723 第 1 次 获取到号码【1802328】GSD
2021-07-15 02:02:06 获取到号码【1802328】的GSD为【广东-汕头】
2021-07-15 02:02:25 GSD insert 第 1 次 等待 1 秒
2021-07-15 02:02:26 {"status":"ok","gid":279271,"msg":"添加成功！"}
2021-07-15 02:02:26 下次操作: 2021-07-15 02:02:44

2021-07-15 02:02:44 开始第 24 次操作

2021-07-15 02:02:44 开始操作号码 【1802329】
2021-07-15 02:02:49 GSD getOne 第 1 次 等待 1 秒
2021-07-15 02:02:50 查询号码 【1802329】，返回信息 {"status":"ok","msg":"广东-汕头","gid":"32031","time_insert":"2017-04-19 11:23","time_update":"2020-10-01 06:39"}
2021-07-15 02:02:50 查询号码 【1802329】，GSD为【"广东-汕头"】

2021-07-15 02:02:50 开始第 24 次操作

2021-07-15 02:02:50 开始操作号码 【1802330】
2021-07-15 02:03:24 GSD getOne 第 1 次 等待 1 秒
2021-07-15 02:03:25 查询号码 【1802330】，返回信息 {"status":"bad","msg":""}
2021-07-15 02:03:25 查询号码 【1802330】，GSD为【""】
2021-07-15 02:03:25 bad
2021-07-15 02:03:27 CHB 1802330?1626285805 第 1 次 等待 1 秒
2021-07-15 02:03:28 CHB 1802330?1626285805 第 1 次 获取到号码【1802330】GSD
2021-07-15 02:03:28 获取到号码【1802330】的GSD为【广东-清远】
2021-07-15 02:03:55 GSD insert 第 1 次 等待 1 秒
2021-07-15 02:03:56 {"status":"ok","gid":279283,"msg":"添加成功！"}
2021-07-15 02:03:56 下次操作: 2021-07-15 02:04:14

2021-07-15 02:04:14 开始第 25 次操作

2021-07-15 02:04:14 开始操作号码 【1802331】
2021-07-15 02:04:17 GSD getOne 第 1 次 等待 1 秒
2021-07-15 02:04:18 查询号码 【1802331】，返回信息 {"status":"bad","msg":""}
2021-07-15 02:04:18 查询号码 【1802331】，GSD为【""】
2021-07-15 02:04:18 bad
2021-07-15 02:04:19 CHB 1802331?1626285858 第 1 次 等待 1 秒
2021-07-15 02:04:20 CHB 1802331?1626285858 第 1 次 获取到号码【1802331】GSD
2021-07-15 02:04:20 获取到号码【1802331】的GSD为【广东-清远】
2021-07-15 02:04:37 GSD insert 第 1 次 等待 1 秒
2021-07-15 02:04:38 {"status":"ok","gid":279287,"msg":"添加成功！"}
2021-07-15 02:04:38 下次操作: 2021-07-15 02:04:48

2021-07-15 02:04:48 开始第 26 次操作

2021-07-15 02:04:48 开始操作号码 【1802332】
2021-07-15 02:04:59 GSD getOne 第 1 次 等待 1 秒
2021-07-15 02:05:00 查询号码 【1802332】，返回信息 {"status":"bad","msg":""}
2021-07-15 02:05:00 查询号码 【1802332】，GSD为【""】
2021-07-15 02:05:00 bad
2021-07-15 02:05:02 CHB 1802332?1626285900 第 1 次 等待 1 秒
2021-07-15 02:05:03 CHB 1802332?1626285900 第 1 次 获取到号码【1802332】GSD
2021-07-15 02:05:03 获取到号码【1802332】的GSD为【广东-清远】
2021-07-15 02:05:25 GSD insert 第 1 次 等待 1 秒
2021-07-15 02:05:26 {"status":"ok","gid":279290,"msg":"添加成功！"}
2021-07-15 02:05:26 下次操作: 2021-07-15 02:05:35

2021-07-15 02:05:35 开始第 27 次操作

2021-07-15 02:05:35 开始操作号码 【1802333】
2021-07-15 02:05:55 GSD getOne 第 1 次 等待 1 秒
2021-07-15 02:05:56 查询号码 【1802333】，返回信息 {"status":"bad","msg":""}
2021-07-15 02:05:56 查询号码 【1802333】，GSD为【""】
2021-07-15 02:05:56 bad
2021-07-15 02:05:58 CHB 1802333?1626285956 第 1 次 等待 1 秒
2021-07-15 02:05:59 CHB 1802333?1626285956 第 1 次 获取到号码【1802333】GSD
2021-07-15 02:05:59 获取到号码【1802333】的GSD为【广东-清远】
2021-07-15 02:06:17 GSD insert 第 1 次 等待 1 秒
2021-07-15 02:06:18 {"status":"ok","gid":279293,"msg":"添加成功！"}
2021-07-15 02:06:18 下次操作: 2021-07-15 02:06:36

2021-07-15 02:06:36 开始第 28 次操作

2021-07-15 02:06:36 开始操作号码 【1802334】
2021-07-15 02:06:37 GSD getOne 第 1 次 等待 1 秒
2021-07-15 02:06:38 查询号码 【1802334】，返回信息 {"status":"bad","msg":""}
2021-07-15 02:06:38 查询号码 【1802334】，GSD为【""】
2021-07-15 02:06:38 bad
2021-07-15 02:06:40 CHB 1802334?1626285998 第 1 次 等待 1 秒
2021-07-15 02:06:41 CHB 1802334?1626285998 第 1 次 获取到号码【1802334】GSD
2021-07-15 02:06:41 获取到号码【1802334】的GSD为【广东-清远】
2021-07-15 02:06:58 GSD insert 第 1 次 等待 1 秒
2021-07-15 02:06:59 {"status":"ok","gid":279299,"msg":"添加成功！"}
2021-07-15 02:06:59 下次操作: 2021-07-15 02:07:17

2021-07-15 02:07:17 开始第 29 次操作

2021-07-15 02:07:17 开始操作号码 【1802335】
2021-07-15 02:07:19 GSD getOne 第 1 次 等待 1 秒
2021-07-15 02:07:20 查询号码 【1802335】，返回信息 {"status":"bad","msg":""}
2021-07-15 02:07:20 查询号码 【1802335】，GSD为【""】
2021-07-15 02:07:20 bad
2021-07-15 02:07:21 CHB 1802335?1626286040 第 1 次 等待 1 秒
2021-07-15 02:07:22 CHB 1802335?1626286040 第 1 次 获取到号码【1802335】GSD
2021-07-15 02:07:22 获取到号码【1802335】的GSD为【广东-云浮】
2021-07-15 02:07:39 GSD insert 第 1 次 等待 1 秒
2021-07-15 02:07:40 {"status":"ok","gid":279301,"msg":"添加成功！"}
2021-07-15 02:07:40 下次操作: 2021-07-15 02:07:56

2021-07-15 02:07:56 开始第 30 次操作

2021-07-15 02:07:56 开始操作号码 【1802336】
2021-07-15 02:08:05 GSD getOne 第 1 次 等待 1 秒
2021-07-15 02:08:06 查询号码 【1802336】，返回信息 {"status":"bad","msg":""}
2021-07-15 02:08:06 查询号码 【1802336】，GSD为【""】
2021-07-15 02:08:06 bad
2021-07-15 02:08:08 CHB 1802336?1626286086 第 1 次 等待 1 秒
2021-07-15 02:08:09 CHB 1802336?1626286086 第 1 次 获取到号码【1802336】GSD
2021-07-15 02:08:09 获取到号码【1802336】的GSD为【广东-云浮】
2021-07-15 02:08:32 GSD insert 第 1 次 等待 1 秒
2021-07-15 02:08:33 {"status":"ok","gid":279306,"msg":"添加成功！"}

2021-07-15 02:50:00 开始第 1 次操作

2021-07-15 02:50:00 开始操作号码 【1802337】
2021-07-15 02:50:01 GSD getOne 第 1 次 等待 1 秒
2021-07-15 02:50:02 查询号码 【1802337】，返回信息 {"status":"bad","msg":""}
2021-07-15 02:50:03 查询号码 【1802337】，GSD为【""】
2021-07-15 02:50:03 bad
2021-07-15 02:50:03 CHB 1802337?1626288603 第 1 次 等待 1 秒
2021-07-15 02:50:04 CHB 1802337?1626288603 第 1 次 未获取到 等待 9 秒 下次操作: 2021-07-15 02:50:13
2021-07-15 02:50:15 CHB 1802337?1626288613 第 2 次 等待 1 秒
2021-07-15 02:50:16 CHB 1802337?1626288613 第 2 次 获取到号码【1802337】GSD
2021-07-15 02:50:16 获取到号码【1802337】的GSD为【广东-云浮】
2021-07-15 02:50:21 GSD insert 第 1 次 等待 1 秒
2021-07-15 02:50:22 {"status":"ok","gid":279434,"msg":"添加成功！"}
2021-07-15 02:50:22 下次操作: 2021-07-15 02:50:35

2021-07-15 02:50:35 开始第 2 次操作

2021-07-15 02:50:35 开始操作号码 【1802338】
2021-07-15 02:50:43 GSD getOne 第 1 次 等待 1 秒
2021-07-15 02:50:44 查询号码 【1802338】，返回信息 {"status":"bad","msg":""}
2021-07-15 02:50:45 查询号码 【1802338】，GSD为【""】
2021-07-15 02:50:45 bad
2021-07-15 02:50:45 CHB 1802338?1626288645 第 1 次 等待 1 秒
2021-07-15 02:50:46 CHB 1802338?1626288645 第 1 次 未获取到 等待 16 秒 下次操作: 2021-07-15 02:51:02
2021-07-15 02:51:03 CHB 1802338?1626288662 第 2 次 等待 1 秒
2021-07-15 02:51:04 CHB 1802338?1626288662 第 2 次 未获取到 等待 9 秒 下次操作: 2021-07-15 02:51:13
2021-07-15 02:51:15 CHB 1802338?1626288673 第 3 次 等待 1 秒
2021-07-15 02:51:16 CHB 1802338?1626288673 第 3 次 获取到号码【1802338】GSD
2021-07-15 02:51:16 获取到号码【1802338】的GSD为【广东-云浮】
2021-07-15 02:51:17 GSD insert 第 1 次 等待 1 秒
2021-07-15 02:51:18 {"status":"ok","gid":279447,"msg":"添加成功！"}
2021-07-15 02:51:18 下次操作: 2021-07-15 02:51:30

2021-07-15 02:51:30 开始第 3 次操作

2021-07-15 02:51:30 开始操作号码 【1802339】
2021-07-15 02:51:39 GSD getOne 第 1 次 等待 1 秒
2021-07-15 02:51:40 查询号码 【1802339】，返回信息 {"status":"bad","msg":""}
2021-07-15 02:51:40 查询号码 【1802339】，GSD为【""】
2021-07-15 02:51:40 bad
2021-07-15 02:51:41 CHB 1802339?1626288700 第 1 次 等待 1 秒
2021-07-15 02:51:42 CHB 1802339?1626288700 第 1 次 未获取到 等待 18 秒 下次操作: 2021-07-15 02:52:00
2021-07-15 02:52:00 CHB 1802339?1626288720 第 2 次 等待 1 秒
2021-07-15 02:52:01 CHB 1802339?1626288720 第 2 次 未获取到 等待 11 秒 下次操作: 2021-07-15 02:52:12
2021-07-15 02:52:14 CHB 1802339?1626288732 第 3 次 等待 1 秒
2021-07-15 02:52:15 CHB 1802339?1626288732 第 3 次 获取到号码【1802339】GSD
2021-07-15 02:52:15 获取到号码【1802339】的GSD为【广东-云浮】
2021-07-15 02:52:22 GSD insert 第 1 次 等待 1 秒
2021-07-15 02:52:23 {"status":"ok","gid":279466,"msg":"添加成功！"}
2021-07-15 02:52:23 下次操作: 2021-07-15 02:52:40

2021-07-15 02:52:40 开始第 4 次操作

2021-07-15 02:52:40 开始操作号码 【1802340】
2021-07-15 02:52:43 GSD getOne 第 1 次 等待 1 秒
2021-07-15 02:52:44 查询号码 【1802340】，返回信息 {"status":"bad","msg":""}
2021-07-15 02:52:44 查询号码 【1802340】，GSD为【""】
2021-07-15 02:52:44 bad
2021-07-15 02:52:45 CHB 1802340?1626288764 第 1 次 等待 1 秒
2021-07-15 02:52:46 CHB 1802340?1626288764 第 1 次 未获取到 等待 18 秒 下次操作: 2021-07-15 02:53:04
2021-07-15 02:53:04 CHB 1802340?1626288784 第 2 次 等待 1 秒
2021-07-15 02:53:05 CHB 1802340?1626288784 第 2 次 未获取到 等待 10 秒 下次操作: 2021-07-15 02:53:15
2021-07-15 02:53:17 CHB 1802340?1626288795 第 3 次 等待 1 秒
2021-07-15 02:53:18 CHB 1802340?1626288795 第 3 次 获取到号码【1802340】GSD
2021-07-15 02:53:18 获取到号码【1802340】的GSD为【广东-中山】
2021-07-15 02:53:21 GSD insert 第 1 次 等待 1 秒
2021-07-15 02:53:22 {"status":"ok","gid":279479,"msg":"添加成功！"}
2021-07-15 02:53:22 下次操作: 2021-07-15 02:53:33

2021-07-15 02:53:33 开始第 5 次操作

2021-07-15 02:53:33 开始操作号码 【1802341】
2021-07-15 02:53:43 GSD getOne 第 1 次 等待 1 秒
2021-07-15 02:53:44 查询号码 【1802341】，返回信息 {"status":"bad","msg":""}
2021-07-15 02:53:44 查询号码 【1802341】，GSD为【""】
2021-07-15 02:53:44 bad
2021-07-15 02:53:45 CHB 1802341?1626288824 第 1 次 等待 1 秒
2021-07-15 02:53:46 CHB 1802341?1626288824 第 1 次 未获取到 等待 17 秒 下次操作: 2021-07-15 02:54:03
2021-07-15 02:54:04 CHB 1802341?1626288843 第 2 次 等待 1 秒
2021-07-15 02:54:05 CHB 1802341?1626288843 第 2 次 未获取到 等待 8 秒 下次操作: 2021-07-15 02:54:13
2021-07-15 02:54:14 CHB 1802341?1626288853 第 3 次 等待 1 秒
2021-07-15 02:54:15 CHB 1802341?1626288853 第 3 次 获取到号码【1802341】GSD
2021-07-15 02:54:15 获取到号码【1802341】的GSD为【广东-中山】
2021-07-15 02:54:17 GSD insert 第 1 次 等待 1 秒
2021-07-15 02:54:18 {"status":"ok","gid":279495,"msg":"添加成功！"}
2021-07-15 02:54:18 下次操作: 2021-07-15 02:54:26

2021-07-15 02:54:26 开始第 6 次操作

2021-07-15 02:54:26 开始操作号码 【1802342】
2021-07-15 02:54:43 GSD getOne 第 1 次 等待 1 秒
2021-07-15 02:54:44 查询号码 【1802342】，返回信息 {"status":"bad","msg":""}
2021-07-15 02:54:44 查询号码 【1802342】，GSD为【""】
2021-07-15 02:54:44 bad
2021-07-15 02:54:45 CHB 1802342?1626288884 第 1 次 等待 1 秒
2021-07-15 02:54:46 CHB 1802342?1626288884 第 1 次 未获取到 等待 9 秒 下次操作: 2021-07-15 02:54:55
2021-07-15 02:54:56 CHB 1802342?1626288895 第 2 次 等待 1 秒
2021-07-15 02:54:57 CHB 1802342?1626288895 第 2 次 获取到号码【1802342】GSD
2021-07-15 02:54:57 获取到号码【1802342】的GSD为【广东-中山】
2021-07-15 02:55:07 GSD insert 第 1 次 等待 1 秒
2021-07-15 02:55:08 {"status":"ok","gid":279512,"msg":"添加成功！"}
2021-07-15 02:55:08 下次操作: 2021-07-15 02:55:17

2021-07-15 02:55:17 开始第 7 次操作

2021-07-15 02:55:17 开始操作号码 【1802343】
2021-07-15 02:55:36 GSD getOne 第 1 次 等待 1 秒
2021-07-15 02:55:37 查询号码 【1802343】，返回信息 {"status":"bad","msg":""}
2021-07-15 02:55:37 查询号码 【1802343】，GSD为【""】
2021-07-15 02:55:37 bad
2021-07-15 02:55:38 CHB 1802343?1626288937 第 1 次 等待 1 秒
2021-07-15 02:55:39 CHB 1802343?1626288937 第 1 次 未获取到 等待 12 秒 下次操作: 2021-07-15 02:55:51
2021-07-15 02:55:53 CHB 1802343?1626288951 第 2 次 等待 1 秒
2021-07-15 02:55:54 CHB 1802343?1626288951 第 2 次 获取到号码【1802343】GSD
2021-07-15 02:55:54 获取到号码【1802343】的GSD为【广东-中山】
2021-07-15 02:55:58 GSD insert 第 1 次 等待 1 秒
2021-07-15 02:55:59 {"status":"ok","gid":279527,"msg":"添加成功！"}
2021-07-15 02:55:59 下次操作: 2021-07-15 02:56:06

2021-07-15 02:56:06 开始第 8 次操作

2021-07-15 02:56:06 开始操作号码 【1802344】
2021-07-15 02:56:26 GSD getOne 第 1 次 等待 1 秒
2021-07-15 02:56:27 查询号码 【1802344】，返回信息 {"status":"bad","msg":""}
2021-07-15 02:56:27 查询号码 【1802344】，GSD为【""】
2021-07-15 02:56:27 bad
2021-07-15 02:56:27 CHB 1802344?1626288987 第 1 次 等待 1 秒
2021-07-15 02:56:28 CHB 1802344?1626288987 第 1 次 未获取到 等待 10 秒 下次操作: 2021-07-15 02:56:38
2021-07-15 02:56:40 CHB 1802344?1626288998 第 2 次 等待 1 秒
2021-07-15 02:56:41 CHB 1802344?1626288998 第 2 次 获取到号码【1802344】GSD
2021-07-15 02:56:41 获取到号码【1802344】的GSD为【广东-中山】
2021-07-15 02:56:48 GSD insert 第 1 次 等待 1 秒
2021-07-15 02:56:49 {"status":"ok","gid":279538,"msg":"添加成功！"}
2021-07-15 02:56:49 下次操作: 2021-07-15 02:56:56

2021-07-15 02:56:56 开始第 9 次操作

2021-07-15 02:56:56 开始操作号码 【1802345】
2021-07-15 02:57:16 GSD getOne 第 1 次 等待 1 秒
2021-07-15 02:57:17 查询号码 【1802345】，返回信息 {"status":"bad","msg":""}
2021-07-15 02:57:17 查询号码 【1802345】，GSD为【""】
2021-07-15 02:57:17 bad
2021-07-15 02:57:18 CHB 1802345?1626289037 第 1 次 等待 1 秒
2021-07-15 02:57:19 CHB 1802345?1626289037 第 1 次 未获取到 等待 16 秒 下次操作: 2021-07-15 02:57:35
2021-07-15 02:57:36 CHB 1802345?1626289055 第 2 次 等待 1 秒
2021-07-15 02:57:37 CHB 1802345?1626289055 第 2 次 获取到号码【1802345】GSD
2021-07-15 02:57:37 获取到号码【1802345】的GSD为【广东-广州】
2021-07-15 02:57:39 GSD insert 第 1 次 等待 1 秒
2021-07-15 02:57:40 {"status":"ok","gid":279548,"msg":"添加成功！"}
2021-07-15 02:57:40 下次操作: 2021-07-15 02:57:54

2021-07-15 02:57:54 开始第 10 次操作

2021-07-15 02:57:54 开始操作号码 【1802346】
2021-07-15 02:58:00 GSD getOne 第 1 次 等待 1 秒
2021-07-15 02:58:01 查询号码 【1802346】，返回信息 {"status":"bad","msg":""}
2021-07-15 02:58:01 查询号码 【1802346】，GSD为【""】
2021-07-15 02:58:01 bad
2021-07-15 02:58:06 CHB 1802346?1626289081 第 1 次 等待 1 秒
2021-07-15 02:58:07 CHB 1802346?1626289081 第 1 次 未获取到 等待 17 秒 下次操作: 2021-07-15 02:58:24
2021-07-15 02:58:24 CHB 1802346?1626289104 第 2 次 等待 1 秒
2021-07-15 02:58:25 CHB 1802346?1626289104 第 2 次 未获取到 等待 16 秒 下次操作: 2021-07-15 02:58:41
2021-07-15 02:58:43 CHB 1802346?1626289121 第 3 次 等待 1 秒
2021-07-15 02:58:44 CHB 1802346?1626289121 第 3 次 获取到号码【1802346】GSD
2021-07-15 02:58:44 获取到号码【1802346】的GSD为【广东-广州】
2021-07-15 02:58:46 GSD insert 第 1 次 等待 1 秒
2021-07-15 02:58:47 {"status":"ok","gid":279565,"msg":"添加成功！"}
2021-07-15 02:58:47 下次操作: 2021-07-15 02:58:58

2021-07-15 02:58:58 开始第 11 次操作

2021-07-15 02:58:58 开始操作号码 【1802347】
2021-07-15 02:59:07 GSD getOne 第 1 次 等待 1 秒
2021-07-15 02:59:08 查询号码 【1802347】，返回信息 {"status":"bad","msg":""}
2021-07-15 02:59:08 查询号码 【1802347】，GSD为【""】
2021-07-15 02:59:08 bad
2021-07-15 02:59:08 CHB 1802347?1626289148 第 1 次 等待 1 秒
2021-07-15 02:59:09 CHB 1802347?1626289148 第 1 次 未获取到 等待 8 秒 下次操作: 2021-07-15 02:59:17
2021-07-15 02:59:19 CHB 1802347?1626289157 第 2 次 等待 1 秒
2021-07-15 02:59:20 CHB 1802347?1626289157 第 2 次 获取到号码【1802347】GSD
2021-07-15 02:59:20 获取到号码【1802347】的GSD为【广东-广州】
2021-07-15 02:59:30 GSD insert 第 1 次 等待 1 秒
2021-07-15 02:59:31 {"status":"ok","gid":279573,"msg":"添加成功！"}
2021-07-15 02:59:31 下次操作: 2021-07-15 02:59:37

2021-07-15 02:59:37 开始第 12 次操作

2021-07-15 02:59:37 开始操作号码 【1802348】
2021-07-15 02:59:54 GSD getOne 第 1 次 等待 1 秒
2021-07-15 02:59:55 查询号码 【1802348】，返回信息 {"status":"bad","msg":""}
2021-07-15 02:59:55 查询号码 【1802348】，GSD为【""】
2021-07-15 02:59:55 bad
2021-07-15 02:59:56 CHB 1802348?1626289195 第 1 次 等待 1 秒
2021-07-15 02:59:57 CHB 1802348?1626289195 第 1 次 未获取到 等待 9 秒 下次操作: 2021-07-15 03:00:06
2021-07-15 03:00:07 CHB 1802348?1626289206 第 2 次 等待 1 秒
2021-07-15 03:00:08 CHB 1802348?1626289206 第 2 次 获取到号码【1802348】GSD
2021-07-15 03:00:08 获取到号码【1802348】的GSD为【广东-广州】
2021-07-15 03:00:25 GSD insert 第 1 次 等待 1 秒
2021-07-15 03:00:26 {"status":"ok","gid":279581,"msg":"添加成功！"}
2021-07-15 03:00:26 下次操作: 2021-07-15 03:00:34

2021-07-15 03:00:34 开始第 13 次操作

2021-07-15 03:00:34 开始操作号码 【1802349】
2021-07-15 03:00:51 GSD getOne 第 1 次 等待 1 秒
2021-07-15 03:00:52 查询号码 【1802349】，返回信息 {"status":"bad","msg":""}
2021-07-15 03:00:52 查询号码 【1802349】，GSD为【""】
2021-07-15 03:00:52 bad
2021-07-15 03:00:52 CHB 1802349?1626289252 第 1 次 等待 1 秒
2021-07-15 03:00:53 CHB 1802349?1626289252 第 1 次 未获取到 等待 12 秒 下次操作: 2021-07-15 03:01:05
2021-07-15 03:01:07 CHB 1802349?1626289265 第 2 次 等待 1 秒
2021-07-15 03:01:08 CHB 1802349?1626289265 第 2 次 获取到号码【1802349】GSD
2021-07-15 03:01:08 获取到号码【1802349】的GSD为【广东-广州】
2021-07-15 03:01:14 GSD insert 第 1 次 等待 1 秒
2021-07-15 03:01:15 {"status":"ok","gid":279586,"msg":"添加成功！"}
2021-07-15 03:01:15 下次操作: 2021-07-15 03:01:28

2021-07-15 03:01:28 开始第 14 次操作

2021-07-15 03:01:28 开始操作号码 【1802350】
2021-07-15 03:01:36 GSD getOne 第 1 次 等待 1 秒
2021-07-15 03:01:37 查询号码 【1802350】，返回信息 {"status":"bad","msg":""}
2021-07-15 03:01:37 查询号码 【1802350】，GSD为【""】
2021-07-15 03:01:37 bad
2021-07-15 03:01:38 CHB 1802350?1626289297 第 1 次 等待 1 秒
2021-07-15 03:01:39 CHB 1802350?1626289297 第 1 次 未获取到 等待 15 秒 下次操作: 2021-07-15 03:01:54
2021-07-15 03:01:56 CHB 1802350?1626289314 第 2 次 等待 1 秒
2021-07-15 03:01:57 CHB 1802350?1626289314 第 2 次 获取到号码【1802350】GSD
2021-07-15 03:01:57 获取到号码【1802350】的GSD为【广东-梅州】
2021-07-15 03:01:59 GSD insert 第 1 次 等待 1 秒
2021-07-15 03:02:00 {"status":"ok","gid":279592,"msg":"添加成功！"}
2021-07-15 03:02:00 下次操作: 2021-07-15 03:02:10

2021-07-15 03:02:10 开始第 15 次操作

2021-07-15 03:02:10 开始操作号码 【1802351】
2021-07-15 03:02:26 GSD getOne 第 1 次 等待 1 秒
2021-07-15 03:02:27 查询号码 【1802351】，返回信息 {"status":"bad","msg":""}
2021-07-15 03:02:27 查询号码 【1802351】，GSD为【""】
2021-07-15 03:02:27 bad
2021-07-15 03:02:28 CHB 1802351?1626289347 第 1 次 等待 1 秒
2021-07-15 03:02:29 CHB 1802351?1626289347 第 1 次 未获取到 等待 6 秒 下次操作: 2021-07-15 03:02:35
2021-07-15 03:02:37 CHB 1802351?1626289355 第 2 次 等待 1 秒
2021-07-15 03:02:38 CHB 1802351?1626289355 第 2 次 获取到号码【1802351】GSD
2021-07-15 03:02:38 获取到号码【1802351】的GSD为【广东-梅州】
2021-07-15 03:02:48 GSD insert 第 1 次 等待 1 秒
2021-07-15 03:02:49 {"status":"ok","gid":279596,"msg":"添加成功！"}
2021-07-15 03:02:49 下次操作: 2021-07-15 03:02:57

2021-07-15 03:02:57 开始第 16 次操作

2021-07-15 03:02:57 开始操作号码 【1802352】
2021-07-15 03:03:18 GSD getOne 第 1 次 等待 1 秒
2021-07-15 03:03:19 查询号码 【1802352】，返回信息 {"status":"bad","msg":""}
2021-07-15 03:03:19 查询号码 【1802352】，GSD为【""】
2021-07-15 03:03:19 bad
2021-07-15 03:03:20 CHB 1802352?1626289399 第 1 次 等待 1 秒
2021-07-15 03:03:21 CHB 1802352?1626289399 第 1 次 未获取到 等待 14 秒 下次操作: 2021-07-15 03:03:35
2021-07-15 03:03:36 CHB 1802352?1626289415 第 2 次 等待 1 秒
2021-07-15 03:03:37 CHB 1802352?1626289415 第 2 次 获取到号码【1802352】GSD
2021-07-15 03:03:37 获取到号码【1802352】的GSD为【广东-梅州】
2021-07-15 03:03:50 GSD insert 第 1 次 等待 1 秒
2021-07-15 03:03:51 {"status":"ok","gid":279603,"msg":"添加成功！"}
2021-07-15 03:03:51 下次操作: 2021-07-15 03:04:02

2021-07-15 03:04:02 开始第 17 次操作

2021-07-15 03:04:02 开始操作号码 【1802353】
2021-07-15 03:04:10 GSD getOne 第 1 次 等待 1 秒
2021-07-15 03:04:11 查询号码 【1802353】，返回信息 {"status":"bad","msg":""}
2021-07-15 03:04:11 查询号码 【1802353】，GSD为【""】
2021-07-15 03:04:11 bad
2021-07-15 03:04:12 CHB 1802353?1626289452 第 1 次 等待 1 秒
2021-07-15 03:04:13 CHB 1802353?1626289452 第 1 次 未获取到 等待 9 秒 下次操作: 2021-07-15 03:04:22
2021-07-15 03:04:24 CHB 1802353?1626289462 第 2 次 等待 1 秒
2021-07-15 03:04:25 CHB 1802353?1626289462 第 2 次 获取到号码【1802353】GSD
2021-07-15 03:04:25 获取到号码【1802353】的GSD为【广东-梅州】
2021-07-15 03:04:43 GSD insert 第 1 次 等待 1 秒
2021-07-15 03:04:44 {"status":"ok","gid":279608,"msg":"添加成功！"}
2021-07-15 03:04:44 下次操作: 2021-07-15 03:04:53

2021-07-15 03:04:53 开始第 18 次操作

2021-07-15 03:04:53 开始操作号码 【1802354】
2021-07-15 03:05:09 GSD getOne 第 1 次 等待 1 秒
2021-07-15 03:05:10 查询号码 【1802354】，返回信息 {"status":"bad","msg":""}
2021-07-15 03:05:11 查询号码 【1802354】，GSD为【""】
2021-07-15 03:05:11 bad
2021-07-15 03:05:11 CHB 1802354?1626289511 第 1 次 等待 1 秒
2021-07-15 03:05:12 CHB 1802354?1626289511 第 1 次 未获取到 等待 17 秒 下次操作: 2021-07-15 03:05:29
2021-07-15 03:05:30 CHB 1802354?1626289529 第 2 次 等待 1 秒
2021-07-15 03:05:31 CHB 1802354?1626289529 第 2 次 未获取到 等待 11 秒 下次操作: 2021-07-15 03:05:42
2021-07-15 03:05:44 CHB 1802354?1626289542 第 3 次 等待 1 秒
2021-07-15 03:05:45 CHB 1802354?1626289542 第 3 次 获取到号码【1802354】GSD
2021-07-15 03:05:45 获取到号码【1802354】的GSD为【广东-梅州】
2021-07-15 03:05:47 GSD insert 第 1 次 等待 1 秒
2021-07-15 03:05:48 {"status":"ok","gid":279613,"msg":"添加成功！"}
2021-07-15 03:05:48 下次操作: 2021-07-15 03:05:57

2021-07-15 03:05:57 开始第 19 次操作

2021-07-15 03:05:57 开始操作号码 【1802355】
2021-07-15 03:06:15 GSD getOne 第 1 次 等待 1 秒
2021-07-15 03:06:16 查询号码 【1802355】，返回信息 {"status":"bad","msg":""}
2021-07-15 03:06:16 查询号码 【1802355】，GSD为【""】
2021-07-15 03:06:16 bad
2021-07-15 03:06:17 CHB 1802355?1626289576 第 1 次 等待 1 秒
2021-07-15 03:06:18 CHB 1802355?1626289576 第 1 次 未获取到 等待 12 秒 下次操作: 2021-07-15 03:06:30
2021-07-15 03:06:31 CHB 1802355?1626289590 第 2 次 等待 1 秒
2021-07-15 03:06:32 CHB 1802355?1626289590 第 2 次 获取到号码【1802355】GSD
2021-07-15 03:06:32 获取到号码【1802355】的GSD为【广东-梅州】
2021-07-15 03:06:34 GSD insert 第 1 次 等待 1 秒
2021-07-15 03:06:35 {"status":"ok","gid":279617,"msg":"添加成功！"}
2021-07-15 03:06:35 下次操作: 2021-07-15 03:06:45

2021-07-15 03:06:45 开始第 20 次操作

2021-07-15 03:06:45 开始操作号码 【1802356】
2021-07-15 03:06:55 GSD getOne 第 1 次 等待 1 秒
2021-07-15 03:06:56 查询号码 【1802356】，返回信息 {"status":"bad","msg":""}
2021-07-15 03:06:56 查询号码 【1802356】，GSD为【""】
2021-07-15 03:06:56 bad
2021-07-15 03:06:57 CHB 1802356?1626289616 第 1 次 等待 1 秒
2021-07-15 03:06:58 CHB 1802356?1626289616 第 1 次 未获取到 等待 8 秒 下次操作: 2021-07-15 03:07:06
2021-07-15 03:07:07 CHB 1802356?1626289626 第 2 次 等待 1 秒
2021-07-15 03:07:08 CHB 1802356?1626289626 第 2 次 获取到号码【1802356】GSD
2021-07-15 03:07:08 获取到号码【1802356】的GSD为【广东-梅州】
2021-07-15 03:07:18 GSD insert 第 1 次 等待 1 秒
2021-07-15 03:07:19 {"status":"ok","gid":279623,"msg":"添加成功！"}
2021-07-15 03:07:19 下次操作: 2021-07-15 03:07:37

2021-07-15 03:07:37 开始第 21 次操作

2021-07-15 03:07:37 开始操作号码 【1802357】
2021-07-15 03:07:40 GSD getOne 第 1 次 等待 1 秒
2021-07-15 03:07:41 查询号码 【1802357】，返回信息 {"status":"bad","msg":""}
2021-07-15 03:07:41 查询号码 【1802357】，GSD为【""】
2021-07-15 03:07:41 bad
2021-07-15 03:07:42 CHB 1802357?1626289661 第 1 次 等待 1 秒
2021-07-15 03:07:43 CHB 1802357?1626289661 第 1 次 未获取到 等待 11 秒 下次操作: 2021-07-15 03:07:54
2021-07-15 03:07:57 CHB 1802357?1626289674 第 2 次 等待 1 秒
2021-07-15 03:07:58 CHB 1802357?1626289674 第 2 次 获取到号码【1802357】GSD
2021-07-15 03:07:58 获取到号码【1802357】的GSD为【广东-梅州】
2021-07-15 03:08:01 GSD insert 第 1 次 等待 1 秒
2021-07-15 03:08:02 {"status":"ok","gid":279630,"msg":"添加成功！"}
2021-07-15 03:08:02 下次操作: 2021-07-15 03:08:12

2021-07-15 03:08:12 开始第 22 次操作

2021-07-15 03:08:12 开始操作号码 【1802358】
2021-07-15 03:08:24 GSD getOne 第 1 次 等待 1 秒
2021-07-15 03:08:25 查询号码 【1802358】，返回信息 {"status":"bad","msg":""}
2021-07-15 03:08:25 查询号码 【1802358】，GSD为【""】
2021-07-15 03:08:25 bad
2021-07-15 03:08:26 CHB 1802358?1626289705 第 1 次 等待 1 秒
2021-07-15 03:08:27 CHB 1802358?1626289705 第 1 次 未获取到 等待 9 秒 下次操作: 2021-07-15 03:08:36
2021-07-15 03:08:38 CHB 1802358?1626289716 第 2 次 等待 1 秒
2021-07-15 03:08:39 CHB 1802358?1626289716 第 2 次 获取到号码【1802358】GSD
2021-07-15 03:08:39 获取到号码【1802358】的GSD为【广东-梅州】
2021-07-15 03:08:43 GSD insert 第 1 次 等待 1 秒
2021-07-15 03:08:44 {"status":"ok","gid":279634,"msg":"添加成功！"}
2021-07-15 03:08:44 下次操作: 2021-07-15 03:08:55

2021-07-15 03:08:55 开始第 23 次操作

2021-07-15 03:08:55 开始操作号码 【1802359】
2021-07-15 03:09:06 GSD getOne 第 1 次 等待 1 秒
2021-07-15 03:09:07 查询号码 【1802359】，返回信息 {"status":"bad","msg":""}
2021-07-15 03:09:07 查询号码 【1802359】，GSD为【""】
2021-07-15 03:09:07 bad
2021-07-15 03:09:08 CHB 1802359?1626289747 第 1 次 等待 1 秒
2021-07-15 03:09:09 CHB 1802359?1626289747 第 1 次 未获取到 等待 17 秒 下次操作: 2021-07-15 03:09:26
2021-07-15 03:09:27 CHB 1802359?1626289766 第 2 次 等待 1 秒
2021-07-15 03:09:28 CHB 1802359?1626289766 第 2 次 未获取到 等待 10 秒 下次操作: 2021-07-15 03:09:38
2021-07-15 03:09:39 CHB 1802359?1626289778 第 3 次 等待 1 秒
2021-07-15 03:09:40 CHB 1802359?1626289778 第 3 次 获取到号码【1802359】GSD
2021-07-15 03:09:40 获取到号码【1802359】的GSD为【广东-梅州】
2021-07-15 03:09:43 GSD insert 第 1 次 等待 1 秒
2021-07-15 03:09:44 {"status":"ok","gid":279642,"msg":"添加成功！"}
2021-07-15 03:09:44 下次操作: 2021-07-15 03:09:55

2021-07-15 03:09:55 开始第 24 次操作

2021-07-15 03:09:55 开始操作号码 【1802360】
2021-07-15 03:10:04 GSD getOne 第 1 次 等待 1 秒
2021-07-15 03:10:05 查询号码 【1802360】，返回信息 {"status":"bad","msg":""}
2021-07-15 03:10:05 查询号码 【1802360】，GSD为【""】
2021-07-15 03:10:05 bad
2021-07-15 03:10:05 CHB 1802360?1626289805 第 1 次 等待 1 秒
2021-07-15 03:10:06 CHB 1802360?1626289805 第 1 次 未获取到 等待 17 秒 下次操作: 2021-07-15 03:10:23
2021-07-15 03:10:24 CHB 1802360?1626289823 第 2 次 等待 1 秒
2021-07-15 03:10:25 CHB 1802360?1626289823 第 2 次 未获取到 等待 12 秒 下次操作: 2021-07-15 03:10:37
2021-07-15 03:10:39 CHB 1802360?1626289837 第 3 次 等待 1 秒
2021-07-15 03:10:40 CHB 1802360?1626289837 第 3 次 获取到号码【1802360】GSD
2021-07-15 03:10:40 获取到号码【1802360】的GSD为【广东-肇庆】
2021-07-15 03:10:43 GSD insert 第 1 次 等待 1 秒
2021-07-15 03:10:44 {"status":"ok","gid":279648,"msg":"添加成功！"}
2021-07-15 03:10:44 下次操作: 2021-07-15 03:10:51

2021-07-15 03:10:51 开始第 25 次操作

2021-07-15 03:10:51 开始操作号码 【1802361】
2021-07-15 03:11:13 GSD getOne 第 1 次 等待 1 秒
2021-07-15 03:11:14 查询号码 【1802361】，返回信息 {"status":"bad","msg":""}
2021-07-15 03:11:14 查询号码 【1802361】，GSD为【""】
2021-07-15 03:11:14 bad
2021-07-15 03:11:15 CHB 1802361?1626289874 第 1 次 等待 1 秒
2021-07-15 03:11:16 CHB 1802361?1626289874 第 1 次 未获取到 等待 10 秒 下次操作: 2021-07-15 03:11:26
2021-07-15 03:11:28 CHB 1802361?1626289886 第 2 次 等待 1 秒
2021-07-15 03:11:29 CHB 1802361?1626289886 第 2 次 获取到号码【1802361】GSD
2021-07-15 03:11:29 获取到号码【1802361】的GSD为【广东-肇庆】
2021-07-15 03:11:35 GSD insert 第 1 次 等待 1 秒
2021-07-15 03:11:36 {"status":"ok","gid":279652,"msg":"添加成功！"}
2021-07-15 03:11:36 下次操作: 2021-07-15 03:11:48

2021-07-15 03:11:48 开始第 26 次操作

2021-07-15 03:11:48 开始操作号码 【1802362】
2021-07-15 03:11:58 GSD getOne 第 1 次 等待 1 秒
2021-07-15 03:11:59 查询号码 【1802362】，返回信息 {"status":"bad","msg":""}
2021-07-15 03:11:59 查询号码 【1802362】，GSD为【""】
2021-07-15 03:11:59 bad
2021-07-15 03:12:00 CHB 1802362?1626289919 第 1 次 等待 1 秒
2021-07-15 03:12:01 CHB 1802362?1626289919 第 1 次 未获取到 等待 8 秒 下次操作: 2021-07-15 03:12:09
2021-07-15 03:12:11 CHB 1802362?1626289929 第 2 次 等待 1 秒
2021-07-15 03:12:12 CHB 1802362?1626289929 第 2 次 获取到号码【1802362】GSD
2021-07-15 03:12:12 获取到号码【1802362】的GSD为【广东-肇庆】
2021-07-15 03:12:21 GSD insert 第 1 次 等待 1 秒
2021-07-15 03:12:22 {"status":"ok","gid":279658,"msg":"添加成功！"}
2021-07-15 03:12:22 下次操作: 2021-07-15 03:12:38

2021-07-15 03:12:38 开始第 27 次操作

2021-07-15 03:12:38 开始操作号码 【1802363】
2021-07-15 03:12:40 GSD getOne 第 1 次 等待 1 秒
2021-07-15 03:12:41 查询号码 【1802363】，返回信息 {"status":"bad","msg":""}
2021-07-15 03:12:41 查询号码 【1802363】，GSD为【""】
2021-07-15 03:12:41 bad
2021-07-15 03:12:42 CHB 1802363?1626289961 第 1 次 等待 1 秒
2021-07-15 03:12:43 CHB 1802363?1626289961 第 1 次 未获取到 等待 17 秒 下次操作: 2021-07-15 03:13:00
2021-07-15 03:13:01 CHB 1802363?1626289980 第 2 次 等待 1 秒
2021-07-15 03:13:02 CHB 1802363?1626289980 第 2 次 未获取到 等待 13 秒 下次操作: 2021-07-15 03:13:15
2021-07-15 03:13:16 CHB 1802363?1626289995 第 3 次 等待 1 秒
2021-07-15 03:13:17 CHB 1802363?1626289995 第 3 次 获取到号码【1802363】GSD
2021-07-15 03:13:17 获取到号码【1802363】的GSD为【广东-肇庆】
2021-07-15 03:13:23 GSD insert 第 1 次 等待 1 秒
2021-07-15 03:13:24 {"status":"ok","gid":279662,"msg":"添加成功！"}
2021-07-15 03:13:24 下次操作: 2021-07-15 03:13:31

2021-07-15 03:13:31 开始第 28 次操作

2021-07-15 03:13:31 开始操作号码 【1802364】
2021-07-15 03:13:50 GSD getOne 第 1 次 等待 1 秒
2021-07-15 03:13:51 查询号码 【1802364】，返回信息 {"status":"bad","msg":""}
2021-07-15 03:13:51 查询号码 【1802364】，GSD为【""】
2021-07-15 03:13:51 bad
2021-07-15 03:13:51 CHB 1802364?1626290031 第 1 次 等待 1 秒
2021-07-15 03:13:52 CHB 1802364?1626290031 第 1 次 未获取到 等待 6 秒 下次操作: 2021-07-15 03:13:58
2021-07-15 03:14:00 CHB 1802364?1626290038 第 2 次 等待 1 秒
2021-07-15 03:14:01 CHB 1802364?1626290038 第 2 次 获取到号码【1802364】GSD
2021-07-15 03:14:01 获取到号码【1802364】的GSD为【广东-肇庆】
2021-07-15 03:14:10 GSD insert 第 1 次 等待 1 秒
2021-07-15 03:14:11 {"status":"ok","gid":279664,"msg":"添加成功！"}
2021-07-15 03:14:11 下次操作: 2021-07-15 03:14:29

2021-07-15 03:14:29 开始第 29 次操作

2021-07-15 03:14:29 开始操作号码 【1802365】
2021-07-15 03:14:30 GSD getOne 第 1 次 等待 1 秒
2021-07-15 03:14:31 查询号码 【1802365】，返回信息 {"status":"bad","msg":""}
2021-07-15 03:14:31 查询号码 【1802365】，GSD为【""】
2021-07-15 03:14:31 bad
2021-07-15 03:14:32 CHB 1802365?1626290071 第 1 次 等待 1 秒
2021-07-15 03:14:33 CHB 1802365?1626290071 第 1 次 未获取到 等待 7 秒 下次操作: 2021-07-15 03:14:40
2021-07-15 03:14:41 CHB 1802365?1626290080 第 2 次 等待 1 秒
2021-07-15 03:14:42 CHB 1802365?1626290080 第 2 次 获取到号码【1802365】GSD
2021-07-15 03:14:42 未获取到号码【1802365】GSD，查号吧 400 错误
2021-07-15 03:14:42 获取到号码【1802365】的GSD为【-】
2021-07-15 03:14:51 GSD insert 第 1 次 等待 1 秒
2021-07-15 03:14:52 {"status":"ok","gid":279665,"msg":"添加成功！"}
2021-07-15 03:14:52 下次操作: 2021-07-15 03:15:04

2021-07-15 03:15:04 开始第 30 次操作

2021-07-15 03:15:04 开始操作号码 【1802366】
2021-07-15 03:15:12 GSD getOne 第 1 次 等待 1 秒
2021-07-15 03:15:13 查询号码 【1802366】，返回信息 {"status":"bad","msg":""}
2021-07-15 03:15:13 查询号码 【1802366】，GSD为【""】
2021-07-15 03:15:13 bad
2021-07-15 03:15:14 CHB 1802366?1626290113 第 1 次 等待 1 秒
2021-07-15 03:15:15 CHB 1802366?1626290113 第 1 次 未获取到 等待 14 秒 下次操作: 2021-07-15 03:15:29
2021-07-15 03:15:31 CHB 1802366?1626290129 第 2 次 等待 1 秒
2021-07-15 03:15:32 CHB 1802366?1626290129 第 2 次 获取到号码【1802366】GSD
2021-07-15 03:15:32 获取到号码【1802366】的GSD为【广东-韶关】
2021-07-15 03:15:33 GSD insert 第 1 次 等待 1 秒
2021-07-15 03:15:34 {"status":"ok","gid":279666,"msg":"添加成功！"}

