2024-06-24 00:09:22 开始第 2401 次操作

2024-06-24 00:09:22 开始操作号码 【1542290】
2024-06-24 00:09:38 GSD getOne 第 1 次 等待 3 秒
2024-06-24 00:09:41 查询号码 【1542290】，返回信息 {"status":"ok","msg":"-","gid":"558612","time_insert":"2023-02-27 12:51"}
2024-06-24 00:09:41 查询号码 【1542290】，GSD为【"-"】
2024-06-24 00:09:41 ok && -
2024-06-24 00:09:43 CHB 1542290?1719158981 第 1 次 等待 3 秒
2024-06-24 00:09:46 CHB 1542290?1719158981 第 1 次 获取到号码【1542290】GSD
2024-06-24 00:09:46 未获取到号码【1542290】GSD，可能号码格式错误
2024-06-24 00:09:46 获取到号码【1542290】的GSD为【-】
2024-06-24 00:10:03 GSD insert 第 1 次 等待 3 秒
2024-06-24 00:10:06 {"status":"bad","gid":"558612","msg":"添加失败！号码【1542290(-|-)】已存在！"}
2024-06-24 00:10:06 随机等待 139 秒，约 2 分钟
2024-06-24 00:10:06 下次操作: 2024-06-24 00:12:25

2024-06-24 00:12:25 开始第 2402 次操作

2024-06-24 00:12:25 开始操作号码 【1542291】
2024-06-24 00:12:40 GSD getOne 第 1 次 等待 3 秒
2024-06-24 00:12:43 查询号码 【1542291】，返回信息 {"status":"ok","msg":"-","gid":"558643","time_insert":"2023-02-27 13:09"}
2024-06-24 00:12:43 查询号码 【1542291】，GSD为【"-"】
2024-06-24 00:12:43 ok && -
2024-06-24 00:12:46 CHB 1542291?1719159163 第 1 次 等待 3 秒
2024-06-24 00:12:49 CHB 1542291?1719159163 第 1 次 获取到号码【1542291】GSD
2024-06-24 00:12:49 未获取到号码【1542291】GSD，可能号码格式错误
2024-06-24 00:12:49 获取到号码【1542291】的GSD为【-】
2024-06-24 00:13:03 GSD insert 第 1 次 等待 3 秒
2024-06-24 00:13:06 {"status":"bad","gid":"558643","msg":"添加失败！号码【1542291(-|-)】已存在！"}
2024-06-24 00:13:06 随机等待 202 秒，约 3 分钟
2024-06-24 00:13:06 下次操作: 2024-06-24 00:16:28

2024-06-24 00:16:28 开始第 2403 次操作

2024-06-24 00:16:28 开始操作号码 【1542292】
2024-06-24 00:16:52 GSD getOne 第 1 次 等待 3 秒
2024-06-24 00:16:55 查询号码 【1542292】，返回信息 {"status":"ok","msg":"-","gid":"558660","time_insert":"2023-02-27 13:21"}
2024-06-24 00:16:55 查询号码 【1542292】，GSD为【"-"】
2024-06-24 00:16:55 ok && -
2024-06-24 00:16:57 CHB 1542292?1719159415 第 1 次 等待 3 秒
2024-06-24 00:17:00 CHB 1542292?1719159415 第 1 次 获取到号码【1542292】GSD
2024-06-24 00:17:00 未获取到号码【1542292】GSD，可能号码格式错误
2024-06-24 00:17:00 获取到号码【1542292】的GSD为【-】
2024-06-24 00:17:24 GSD insert 第 1 次 等待 3 秒
2024-06-24 00:17:27 {"status":"bad","gid":"558660","msg":"添加失败！号码【1542292(-|-)】已存在！"}
2024-06-24 00:17:27 随机等待 113 秒，约 1 分钟
2024-06-24 00:17:27 下次操作: 2024-06-24 00:19:20

2024-06-24 00:19:20 开始第 2404 次操作

2024-06-24 00:19:20 开始操作号码 【1542293】
2024-06-24 00:19:34 GSD getOne 第 1 次 等待 3 秒
2024-06-24 00:19:37 查询号码 【1542293】，返回信息 {"status":"ok","msg":"-","gid":"558684","time_insert":"2023-02-27 13:34"}
2024-06-24 00:19:37 查询号码 【1542293】，GSD为【"-"】
2024-06-24 00:19:37 ok && -
2024-06-24 00:19:39 CHB 1542293?1719159577 第 1 次 等待 3 秒
2024-06-24 00:19:42 CHB 1542293?1719159577 第 1 次 获取到号码【1542293】GSD
2024-06-24 00:19:42 未获取到号码【1542293】GSD，可能号码格式错误
2024-06-24 00:19:42 获取到号码【1542293】的GSD为【-】
2024-06-24 00:19:58 GSD insert 第 1 次 等待 3 秒
2024-06-24 00:20:01 {"status":"bad","gid":"558684","msg":"添加失败！号码【1542293(-|-)】已存在！"}

