2024-03-07 00:09:15 开始第 7653 次操作

2024-03-07 00:09:15 开始操作号码 【1767553】
2024-03-07 00:09:19 GSD getOne 第 1 次 等待 3 秒
2024-03-07 00:09:22 查询号码 【1767553】，返回信息 {"status":"ok","msg":"广东-深圳","gid":"164968","time_insert":"2021-07-01 06:51"}
2024-03-07 00:09:22 查询号码 【1767553】，GSD为【"广东-深圳"】

2024-03-07 00:09:23 开始第 7654 次操作

2024-03-07 00:09:23 开始操作号码 【1767554】
2024-03-07 00:09:28 GSD getOne 第 1 次 等待 3 秒
2024-03-07 00:09:31 查询号码 【1767554】，返回信息 {"status":"ok","msg":"广东-深圳","gid":"164957","time_insert":"2021-07-01 06:50"}
2024-03-07 00:09:31 查询号码 【1767554】，GSD为【"广东-深圳"】

2024-03-07 00:09:32 开始第 7655 次操作

2024-03-07 00:09:32 开始操作号码 【1767555】
2024-03-07 00:09:36 GSD getOne 第 1 次 等待 3 秒
2024-03-07 00:09:39 查询号码 【1767555】，返回信息 {"status":"ok","msg":"广东-深圳","gid":"164945","time_insert":"2021-07-01 06:49"}
2024-03-07 00:09:39 查询号码 【1767555】，GSD为【"广东-深圳"】

2024-03-07 00:09:40 开始第 7656 次操作

2024-03-07 00:09:40 开始操作号码 【1767556】
2024-03-07 00:09:45 GSD getOne 第 1 次 等待 3 秒
2024-03-07 00:09:48 查询号码 【1767556】，返回信息 {"status":"ok","msg":"广东-深圳","gid":"164934","time_insert":"2021-07-01 06:49"}
2024-03-07 00:09:48 查询号码 【1767556】，GSD为【"广东-深圳"】

2024-03-07 00:35:45 开始第 7657 次操作

2024-03-07 00:35:45 开始操作号码 【1767557】
2024-03-07 00:35:52 GSD getOne 第 1 次 等待 3 秒
2024-03-07 00:35:55 查询号码 【1767557】，返回信息 {"status":"ok","msg":"广东-深圳","gid":"164925","time_insert":"2021-07-01 06:48"}
2024-03-07 00:35:55 查询号码 【1767557】，GSD为【"广东-深圳"】

2024-03-07 00:35:56 开始第 7658 次操作

2024-03-07 00:35:56 开始操作号码 【1767558】
2024-03-07 00:36:02 GSD getOne 第 1 次 等待 3 秒
2024-03-07 00:36:05 查询号码 【1767558】，返回信息 {"status":"ok","msg":"广东-深圳","gid":"164915","time_insert":"2021-07-01 06:47"}
2024-03-07 00:36:05 查询号码 【1767558】，GSD为【"广东-深圳"】

2024-03-07 00:36:06 开始第 7659 次操作

2024-03-07 00:36:06 开始操作号码 【1767559】
2024-03-07 00:36:11 GSD getOne 第 1 次 等待 3 秒
2024-03-07 00:36:14 查询号码 【1767559】，返回信息 {"status":"ok","msg":"广东-深圳","gid":"164904","time_insert":"2021-07-01 06:46"}
2024-03-07 00:36:14 查询号码 【1767559】，GSD为【"广东-深圳"】

2024-03-07 00:36:15 开始第 7660 次操作

2024-03-07 00:36:15 开始操作号码 【1767560】
2024-03-07 00:36:20 GSD getOne 第 1 次 等待 3 秒
2024-03-07 00:36:23 查询号码 【1767560】，返回信息 {"status":"ok","msg":"广东-广州","gid":"164893","time_insert":"2021-07-01 06:46"}
2024-03-07 00:36:23 查询号码 【1767560】，GSD为【"广东-广州"】

