2024-01-08 00:08:36 开始第 7753 次操作

2024-01-08 00:08:36 开始操作号码 【1877653】
2024-01-08 00:08:41 GSD getOne 第 1 次 等待 3 秒
2024-01-08 00:08:44 查询号码 【1877653】，返回信息 {"status":"ok","msg":"广西-贵港","gid":"425733","time_insert":"2021-07-28 16:56"}
2024-01-08 00:08:44 查询号码 【1877653】，GSD为【"广西-贵港"】

2024-01-08 00:08:45 开始第 7754 次操作

2024-01-08 00:08:45 开始操作号码 【1877654】
2024-01-08 00:08:48 GSD getOne 第 1 次 等待 3 秒
2024-01-08 00:08:51 查询号码 【1877654】，返回信息 {"status":"ok","msg":"广西-贵港","gid":"425725","time_insert":"2021-07-28 16:56"}
2024-01-08 00:08:51 查询号码 【1877654】，GSD为【"广西-贵港"】

2024-01-08 00:08:52 开始第 7755 次操作

2024-01-08 00:08:52 开始操作号码 【1877655】
2024-01-08 00:08:56 GSD getOne 第 1 次 等待 3 秒
2024-01-08 00:08:59 查询号码 【1877655】，返回信息 {"status":"ok","msg":"广西-贵港","gid":"425720","time_insert":"2021-07-28 16:55"}
2024-01-08 00:08:59 查询号码 【1877655】，GSD为【"广西-贵港"】

2024-01-08 00:09:00 开始第 7756 次操作

2024-01-08 00:09:00 开始操作号码 【1877656】
2024-01-08 00:09:03 GSD getOne 第 1 次 等待 3 秒
2024-01-08 00:09:06 查询号码 【1877656】，返回信息 {"status":"ok","msg":"广西-贵港","gid":"425714","time_insert":"2021-07-28 16:54"}
2024-01-08 00:09:06 查询号码 【1877656】，GSD为【"广西-贵港"】

2024-01-08 00:36:08 开始第 7757 次操作

2024-01-08 00:36:08 开始操作号码 【1877657】
2024-01-08 00:36:14 GSD getOne 第 1 次 等待 3 秒
2024-01-08 00:36:17 查询号码 【1877657】，返回信息 {"status":"ok","msg":"广西-贵港","gid":"425705","time_insert":"2021-07-28 16:54"}
2024-01-08 00:36:17 查询号码 【1877657】，GSD为【"广西-贵港"】

2024-01-08 00:36:18 开始第 7758 次操作

2024-01-08 00:36:18 开始操作号码 【1877658】
2024-01-08 00:36:24 GSD getOne 第 1 次 等待 3 秒
2024-01-08 00:36:27 查询号码 【1877658】，返回信息 {"status":"ok","msg":"广西-贵港","gid":"425698","time_insert":"2021-07-28 16:53"}
2024-01-08 00:36:27 查询号码 【1877658】，GSD为【"广西-贵港"】

2024-01-08 00:36:28 开始第 7759 次操作

2024-01-08 00:36:28 开始操作号码 【1877659】
2024-01-08 00:36:36 GSD getOne 第 1 次 等待 3 秒
2024-01-08 00:36:39 查询号码 【1877659】，返回信息 {"status":"ok","msg":"广西-贵港","gid":"425693","time_insert":"2021-07-28 16:53"}
2024-01-08 00:36:39 查询号码 【1877659】，GSD为【"广西-贵港"】

2024-01-08 00:36:40 开始第 7760 次操作

2024-01-08 00:36:40 开始操作号码 【1877660】
2024-01-08 00:36:44 GSD getOne 第 1 次 等待 3 秒
2024-01-08 00:36:47 查询号码 【1877660】，返回信息 {"status":"ok","msg":"广西-玉林","gid":"425666","time_insert":"2021-07-28 16:47"}
2024-01-08 00:36:47 查询号码 【1877660】，GSD为【"广西-玉林"】

2024-01-08 01:06:37 开始第 7761 次操作

2024-01-08 01:06:37 开始操作号码 【1877661】
2024-01-08 01:06:41 GSD getOne 第 1 次 等待 3 秒
2024-01-08 01:06:44 查询号码 【1877661】，返回信息 {"status":"ok","msg":"广西-玉林","gid":"425662","time_insert":"2021-07-28 16:46"}
2024-01-08 01:06:44 查询号码 【1877661】，GSD为【"广西-玉林"】

2024-01-08 01:06:45 开始第 7762 次操作

2024-01-08 01:06:45 开始操作号码 【1877662】
2024-01-08 01:06:49 GSD getOne 第 1 次 等待 3 秒
2024-01-08 01:06:52 查询号码 【1877662】，返回信息 {"status":"ok","msg":"广西-玉林","gid":"425658","time_insert":"2021-07-28 16:45"}
2024-01-08 01:06:52 查询号码 【1877662】，GSD为【"广西-玉林"】

2024-01-08 01:06:53 开始第 7763 次操作

2024-01-08 01:06:53 开始操作号码 【1877663】
2024-01-08 01:06:57 GSD getOne 第 1 次 等待 3 秒
2024-01-08 01:07:00 查询号码 【1877663】，返回信息 {"status":"ok","msg":"广西-贵港","gid":"425653","time_insert":"2021-07-28 16:44"}
2024-01-08 01:07:00 查询号码 【1877663】，GSD为【"广西-贵港"】

2024-01-08 01:07:01 开始第 7764 次操作

2024-01-08 01:07:01 开始操作号码 【1877664】
2024-01-08 01:07:05 GSD getOne 第 1 次 等待 3 秒
2024-01-08 01:07:08 查询号码 【1877664】，返回信息 {"status":"ok","msg":"广西-贵港","gid":"425645","time_insert":"2021-07-28 16:44"}
2024-01-08 01:07:08 查询号码 【1877664】，GSD为【"广西-贵港"】

2024-01-08 01:32:20 开始第 7765 次操作

2024-01-08 01:32:20 开始操作号码 【1877665】
2024-01-08 01:32:23 GSD getOne 第 1 次 等待 3 秒
2024-01-08 01:32:26 查询号码 【1877665】，返回信息 {"status":"ok","msg":"广西-贵港","gid":"425640","time_insert":"2021-07-28 16:43"}
2024-01-08 01:32:26 查询号码 【1877665】，GSD为【"广西-贵港"】

2024-01-08 01:32:27 开始第 7766 次操作

2024-01-08 01:32:27 开始操作号码 【1877666】
2024-01-08 01:32:30 GSD getOne 第 1 次 等待 3 秒
2024-01-08 01:32:33 查询号码 【1877666】，返回信息 {"status":"ok","msg":"广西-贵港","gid":"425637","time_insert":"2021-07-28 16:42"}
2024-01-08 01:32:33 查询号码 【1877666】，GSD为【"广西-贵港"】

2024-01-08 01:32:34 开始第 7767 次操作

2024-01-08 01:32:34 开始操作号码 【1877667】
2024-01-08 01:32:37 GSD getOne 第 1 次 等待 3 秒
2024-01-08 01:32:40 查询号码 【1877667】，返回信息 {"status":"ok","msg":"广西-贵港","gid":"425625","time_insert":"2021-07-28 16:36"}
2024-01-08 01:32:40 查询号码 【1877667】，GSD为【"广西-贵港"】

2024-01-08 01:32:41 开始第 7768 次操作

2024-01-08 01:32:41 开始操作号码 【1877668】
2024-01-08 01:32:43 GSD getOne 第 1 次 等待 3 秒
2024-01-08 01:32:46 查询号码 【1877668】，返回信息 {"status":"ok","msg":"广西-贵港","gid":"425494","time_insert":"2021-07-28 15:58"}
2024-01-08 01:32:46 查询号码 【1877668】，GSD为【"广西-贵港"】

2024-01-08 02:09:02 开始第 7769 次操作

2024-01-08 02:09:02 开始操作号码 【1877669】
2024-01-08 02:09:06 GSD getOne 第 1 次 等待 3 秒
2024-01-08 02:09:09 查询号码 【1877669】，返回信息 {"status":"ok","msg":"广西-贵港","gid":"42709","time_insert":"2018-10-22 14:12","time_update":"2020-12-18 02:04"}
2024-01-08 02:09:09 查询号码 【1877669】，GSD为【"广西-贵港"】

2024-01-08 02:09:10 开始第 7770 次操作

2024-01-08 02:09:10 开始操作号码 【1877670】
2024-01-08 02:09:13 GSD getOne 第 1 次 等待 3 秒
2024-01-08 02:09:16 查询号码 【1877670】，返回信息 {"status":"ok","msg":"广西-南宁","gid":"425483","time_insert":"2021-07-28 15:57"}
2024-01-08 02:09:16 查询号码 【1877670】，GSD为【"广西-南宁"】

2024-01-08 02:09:17 开始第 7771 次操作

2024-01-08 02:09:17 开始操作号码 【1877671】
2024-01-08 02:09:20 GSD getOne 第 1 次 等待 3 秒
2024-01-08 02:09:23 查询号码 【1877671】，返回信息 {"status":"ok","msg":"广西-南宁","gid":"425476","time_insert":"2021-07-28 15:56"}
2024-01-08 02:09:23 查询号码 【1877671】，GSD为【"广西-南宁"】

2024-01-08 02:09:24 开始第 7772 次操作

2024-01-08 02:09:24 开始操作号码 【1877672】
2024-01-08 02:09:28 GSD getOne 第 1 次 等待 3 秒
2024-01-08 02:09:31 查询号码 【1877672】，返回信息 {"status":"ok","msg":"广西-南宁","gid":"425468","time_insert":"2021-07-28 15:56"}
2024-01-08 02:09:31 查询号码 【1877672】，GSD为【"广西-南宁"】

2024-01-08 02:32:34 开始第 7773 次操作

2024-01-08 02:32:34 开始操作号码 【1877673】
2024-01-08 02:32:37 GSD getOne 第 1 次 等待 3 秒
2024-01-08 02:32:40 查询号码 【1877673】，返回信息 {"status":"ok","msg":"广西-南宁","gid":"425458","time_insert":"2021-07-28 15:55"}
2024-01-08 02:32:40 查询号码 【1877673】，GSD为【"广西-南宁"】

2024-01-08 02:32:41 开始第 7774 次操作

2024-01-08 02:32:41 开始操作号码 【1877674】
2024-01-08 02:32:44 GSD getOne 第 1 次 等待 3 秒
2024-01-08 02:32:47 查询号码 【1877674】，返回信息 {"status":"ok","msg":"广西-南宁","gid":"425452","time_insert":"2021-07-28 15:54"}
2024-01-08 02:32:47 查询号码 【1877674】，GSD为【"广西-南宁"】

2024-01-08 02:32:48 开始第 7775 次操作

2024-01-08 02:32:48 开始操作号码 【1877675】
2024-01-08 02:32:51 GSD getOne 第 1 次 等待 3 秒
2024-01-08 02:32:54 查询号码 【1877675】，返回信息 {"status":"ok","msg":"广西-南宁","gid":"425443","time_insert":"2021-07-28 15:53"}
2024-01-08 02:32:54 查询号码 【1877675】，GSD为【"广西-南宁"】

2024-01-08 02:32:55 开始第 7776 次操作

2024-01-08 02:32:55 开始操作号码 【1877676】
2024-01-08 02:33:01 GSD getOne 第 1 次 等待 3 秒
2024-01-08 02:33:04 查询号码 【1877676】，返回信息 {"status":"ok","msg":"广西-南宁","gid":"425433","time_insert":"2021-07-28 15:52"}
2024-01-08 02:33:04 查询号码 【1877676】，GSD为【"广西-南宁"】

2024-01-08 03:05:48 开始第 7777 次操作

2024-01-08 03:05:48 开始操作号码 【1877677】
2024-01-08 03:05:52 GSD getOne 第 1 次 等待 3 秒
2024-01-08 03:05:55 查询号码 【1877677】，返回信息 {"status":"ok","msg":"广西-南宁","gid":"425425","time_insert":"2021-07-28 15:51"}
2024-01-08 03:05:55 查询号码 【1877677】，GSD为【"广西-南宁"】

2024-01-08 03:05:56 开始第 7778 次操作

2024-01-08 03:05:56 开始操作号码 【1877678】
2024-01-08 03:05:59 GSD getOne 第 1 次 等待 3 秒
2024-01-08 03:06:02 查询号码 【1877678】，返回信息 {"status":"ok","msg":"广西-南宁","gid":"425418","time_insert":"2021-07-28 15:50"}
2024-01-08 03:06:02 查询号码 【1877678】，GSD为【"广西-南宁"】

2024-01-08 03:06:03 开始第 7779 次操作

2024-01-08 03:06:03 开始操作号码 【1877679】
2024-01-08 03:06:06 GSD getOne 第 1 次 等待 3 秒
2024-01-08 03:06:09 查询号码 【1877679】，返回信息 {"status":"ok","msg":"广西-南宁","gid":"425408","time_insert":"2021-07-28 15:50"}
2024-01-08 03:06:09 查询号码 【1877679】，GSD为【"广西-南宁"】

2024-01-08 03:06:10 开始第 7780 次操作

2024-01-08 03:06:10 开始操作号码 【1877680】
2024-01-08 03:06:13 GSD getOne 第 1 次 等待 3 秒
2024-01-08 03:06:16 查询号码 【1877680】，返回信息 {"status":"ok","msg":"广西-河池","gid":"425402","time_insert":"2021-07-28 15:49"}
2024-01-08 03:06:16 查询号码 【1877680】，GSD为【"广西-河池"】

2024-01-08 03:32:36 开始第 7781 次操作

2024-01-08 03:32:36 开始操作号码 【1877681】
2024-01-08 03:32:40 GSD getOne 第 1 次 等待 3 秒
2024-01-08 03:32:43 查询号码 【1877681】，返回信息 {"status":"ok","msg":"广西-河池","gid":"425395","time_insert":"2021-07-28 15:48"}
2024-01-08 03:32:43 查询号码 【1877681】，GSD为【"广西-河池"】

2024-01-08 03:32:44 开始第 7782 次操作

2024-01-08 03:32:44 开始操作号码 【1877682】
2024-01-08 03:32:47 GSD getOne 第 1 次 等待 3 秒
2024-01-08 03:32:50 查询号码 【1877682】，返回信息 {"status":"ok","msg":"广西-河池","gid":"425387","time_insert":"2021-07-28 15:48"}
2024-01-08 03:32:50 查询号码 【1877682】，GSD为【"广西-河池"】

2024-01-08 03:32:51 开始第 7783 次操作

2024-01-08 03:32:51 开始操作号码 【1877683】
2024-01-08 03:32:55 GSD getOne 第 1 次 等待 3 秒
2024-01-08 03:32:58 查询号码 【1877683】，返回信息 {"status":"ok","msg":"广西-河池","gid":"425379","time_insert":"2021-07-28 15:47"}
2024-01-08 03:32:58 查询号码 【1877683】，GSD为【"广西-河池"】

2024-01-08 03:32:59 开始第 7784 次操作

2024-01-08 03:32:59 开始操作号码 【1877684】
2024-01-08 03:33:02 GSD getOne 第 1 次 等待 3 秒
2024-01-08 03:33:05 查询号码 【1877684】，返回信息 {"status":"ok","msg":"广西-河池","gid":"425372","time_insert":"2021-07-28 15:47"}
2024-01-08 03:33:05 查询号码 【1877684】，GSD为【"广西-河池"】

2024-01-08 04:07:50 开始第 7785 次操作

2024-01-08 04:07:50 开始操作号码 【1877685】
2024-01-08 04:07:55 GSD getOne 第 1 次 等待 3 秒
2024-01-08 04:07:58 查询号码 【1877685】，返回信息 {"status":"ok","msg":"广西-河池","gid":"425365","time_insert":"2021-07-28 15:46"}
2024-01-08 04:07:58 查询号码 【1877685】，GSD为【"广西-河池"】

2024-01-08 04:07:59 开始第 7786 次操作

2024-01-08 04:07:59 开始操作号码 【1877686】
2024-01-08 04:08:03 GSD getOne 第 1 次 等待 3 秒
2024-01-08 04:08:06 查询号码 【1877686】，返回信息 {"status":"ok","msg":"广西-河池","gid":"425356","time_insert":"2021-07-28 15:45"}
2024-01-08 04:08:06 查询号码 【1877686】，GSD为【"广西-河池"】

2024-01-08 04:08:07 开始第 7787 次操作

2024-01-08 04:08:07 开始操作号码 【1877687】
2024-01-08 04:08:11 GSD getOne 第 1 次 等待 3 秒
2024-01-08 04:08:14 查询号码 【1877687】，返回信息 {"status":"ok","msg":"广西-河池","gid":"425349","time_insert":"2021-07-28 15:45"}
2024-01-08 04:08:14 查询号码 【1877687】，GSD为【"广西-河池"】

2024-01-08 04:08:15 开始第 7788 次操作

2024-01-08 04:08:15 开始操作号码 【1877688】
2024-01-08 04:08:19 GSD getOne 第 1 次 等待 3 秒
2024-01-08 04:08:22 查询号码 【1877688】，返回信息 {"status":"ok","msg":"广西-南宁","gid":"425341","time_insert":"2021-07-28 15:44"}
2024-01-08 04:08:22 查询号码 【1877688】，GSD为【"广西-南宁"】

2024-01-08 04:32:44 开始第 7789 次操作

2024-01-08 04:32:44 开始操作号码 【1877689】
2024-01-08 04:32:49 GSD getOne 第 1 次 等待 3 秒
2024-01-08 04:32:52 查询号码 【1877689】，返回信息 {"status":"ok","msg":"广西-南宁","gid":"425335","time_insert":"2021-07-28 15:44"}
2024-01-08 04:32:52 查询号码 【1877689】，GSD为【"广西-南宁"】

2024-01-08 04:32:53 开始第 7790 次操作

2024-01-08 04:32:53 开始操作号码 【1877690】
2024-01-08 04:32:56 GSD getOne 第 1 次 等待 3 秒
2024-01-08 04:32:59 查询号码 【1877690】，返回信息 {"status":"ok","msg":"广西-南宁","gid":"425326","time_insert":"2021-07-28 15:43"}
2024-01-08 04:32:59 查询号码 【1877690】，GSD为【"广西-南宁"】

2024-01-08 04:33:00 开始第 7791 次操作

2024-01-08 04:33:00 开始操作号码 【1877691】
2024-01-08 04:33:03 GSD getOne 第 1 次 等待 3 秒
2024-01-08 04:33:06 查询号码 【1877691】，返回信息 {"status":"ok","msg":"广西-南宁","gid":"425319","time_insert":"2021-07-28 15:42"}
2024-01-08 04:33:07 查询号码 【1877691】，GSD为【"广西-南宁"】

2024-01-08 04:33:08 开始第 7792 次操作

2024-01-08 04:33:08 开始操作号码 【1877692】
2024-01-08 04:33:11 GSD getOne 第 1 次 等待 3 秒
2024-01-08 04:33:14 查询号码 【1877692】，返回信息 {"status":"ok","msg":"广西-南宁","gid":"425312","time_insert":"2021-07-28 15:41"}
2024-01-08 04:33:14 查询号码 【1877692】，GSD为【"广西-南宁"】

2024-01-08 05:06:54 开始第 7793 次操作

2024-01-08 05:06:54 开始操作号码 【1877693】
2024-01-08 05:06:58 GSD getOne 第 1 次 等待 3 秒
2024-01-08 05:07:01 查询号码 【1877693】，返回信息 {"status":"ok","msg":"广西-南宁","gid":"425303","time_insert":"2021-07-28 15:40"}
2024-01-08 05:07:01 查询号码 【1877693】，GSD为【"广西-南宁"】

2024-01-08 05:07:02 开始第 7794 次操作

2024-01-08 05:07:02 开始操作号码 【1877694】
2024-01-08 05:07:05 GSD getOne 第 1 次 等待 3 秒
2024-01-08 05:07:08 查询号码 【1877694】，返回信息 {"status":"ok","msg":"广西-南宁","gid":"42710","time_insert":"2017-06-22 07:56","time_update":"2020-12-18 07:08"}
2024-01-08 05:07:08 查询号码 【1877694】，GSD为【"广西-南宁"】

2024-01-08 05:07:09 开始第 7795 次操作

2024-01-08 05:07:09 开始操作号码 【1877695】
2024-01-08 05:07:12 GSD getOne 第 1 次 等待 3 秒
2024-01-08 05:07:15 查询号码 【1877695】，返回信息 {"status":"ok","msg":"广西-南宁","gid":"425295","time_insert":"2021-07-28 15:40"}
2024-01-08 05:07:15 查询号码 【1877695】，GSD为【"广西-南宁"】

2024-01-08 05:07:16 开始第 7796 次操作

2024-01-08 05:07:16 开始操作号码 【1877696】
2024-01-08 05:07:19 GSD getOne 第 1 次 等待 3 秒
2024-01-08 05:07:22 查询号码 【1877696】，返回信息 {"status":"ok","msg":"广西-南宁","gid":"425290","time_insert":"2021-07-28 15:39"}
2024-01-08 05:07:22 查询号码 【1877696】，GSD为【"广西-南宁"】

2024-01-08 05:32:11 开始第 7797 次操作

2024-01-08 05:32:11 开始操作号码 【1877697】
2024-01-08 05:32:14 GSD getOne 第 1 次 等待 3 秒
2024-01-08 05:32:17 查询号码 【1877697】，返回信息 {"status":"ok","msg":"广西-南宁","gid":"425282","time_insert":"2021-07-28 15:39"}
2024-01-08 05:32:17 查询号码 【1877697】，GSD为【"广西-南宁"】

2024-01-08 05:32:18 开始第 7798 次操作

2024-01-08 05:32:18 开始操作号码 【1877698】
2024-01-08 05:32:25 GSD getOne 第 1 次 等待 3 秒
2024-01-08 05:32:28 查询号码 【1877698】，返回信息 {"status":"ok","msg":"广西-南宁","gid":"425274","time_insert":"2021-07-28 15:38"}
2024-01-08 05:32:28 查询号码 【1877698】，GSD为【"广西-南宁"】

2024-01-08 05:32:29 开始第 7799 次操作

2024-01-08 05:32:29 开始操作号码 【1877699】
2024-01-08 05:32:32 GSD getOne 第 1 次 等待 3 秒
2024-01-08 05:32:35 查询号码 【1877699】，返回信息 {"status":"ok","msg":"广西-南宁","gid":"425266","time_insert":"2021-07-28 15:37"}
2024-01-08 05:32:35 查询号码 【1877699】，GSD为【"广西-南宁"】

2024-01-08 05:32:36 开始第 7800 次操作

2024-01-08 05:32:36 开始操作号码 【1877700】
2024-01-08 05:32:39 GSD getOne 第 1 次 等待 3 秒
2024-01-08 05:32:42 查询号码 【1877700】，返回信息 {"status":"ok","msg":"广西-防城港","gid":"425262","time_insert":"2021-07-28 15:37"}
2024-01-08 05:32:42 查询号码 【1877700】，GSD为【"广西-防城港"】

2024-01-08 06:07:39 开始第 7801 次操作

2024-01-08 06:07:39 开始操作号码 【1877701】
2024-01-08 06:07:43 GSD getOne 第 1 次 等待 3 秒
2024-01-08 06:07:46 查询号码 【1877701】，返回信息 {"status":"ok","msg":"广西-防城港","gid":"425254","time_insert":"2021-07-28 15:36"}
2024-01-08 06:07:46 查询号码 【1877701】，GSD为【"广西-防城港"】

2024-01-08 06:07:47 开始第 7802 次操作

2024-01-08 06:07:47 开始操作号码 【1877702】
2024-01-08 06:07:51 GSD getOne 第 1 次 等待 3 秒
2024-01-08 06:07:54 查询号码 【1877702】，返回信息 {"status":"ok","msg":"广西-防城港","gid":"425250","time_insert":"2021-07-28 15:36"}
2024-01-08 06:07:54 查询号码 【1877702】，GSD为【"广西-防城港"】

2024-01-08 06:07:55 开始第 7803 次操作

2024-01-08 06:07:55 开始操作号码 【1877703】
2024-01-08 06:07:58 GSD getOne 第 1 次 等待 3 秒
2024-01-08 06:08:01 查询号码 【1877703】，返回信息 {"status":"ok","msg":"广西-防城港","gid":"425247","time_insert":"2021-07-28 15:35"}
2024-01-08 06:08:01 查询号码 【1877703】，GSD为【"广西-防城港"】

2024-01-08 06:08:02 开始第 7804 次操作

2024-01-08 06:08:02 开始操作号码 【1877704】
2024-01-08 06:08:05 GSD getOne 第 1 次 等待 3 秒
2024-01-08 06:08:08 查询号码 【1877704】，返回信息 {"status":"ok","msg":"广西-防城港","gid":"425244","time_insert":"2021-07-28 15:34"}
2024-01-08 06:08:08 查询号码 【1877704】，GSD为【"广西-防城港"】

2024-01-08 06:32:22 开始第 7805 次操作

2024-01-08 06:32:22 开始操作号码 【1877705】
2024-01-08 06:32:25 GSD getOne 第 1 次 等待 3 秒
2024-01-08 06:32:28 查询号码 【1877705】，返回信息 {"status":"ok","msg":"广西-防城港","gid":"425239","time_insert":"2021-07-28 15:34"}
2024-01-08 06:32:28 查询号码 【1877705】，GSD为【"广西-防城港"】

2024-01-08 06:32:29 开始第 7806 次操作

2024-01-08 06:32:29 开始操作号码 【1877706】
2024-01-08 06:32:32 GSD getOne 第 1 次 等待 3 秒
2024-01-08 06:32:35 查询号码 【1877706】，返回信息 {"status":"ok","msg":"广西-防城港","gid":"425236","time_insert":"2021-07-28 15:33"}
2024-01-08 06:32:35 查询号码 【1877706】，GSD为【"广西-防城港"】

2024-01-08 06:32:36 开始第 7807 次操作

2024-01-08 06:32:36 开始操作号码 【1877707】
2024-01-08 06:32:39 GSD getOne 第 1 次 等待 3 秒
2024-01-08 06:32:42 查询号码 【1877707】，返回信息 {"status":"ok","msg":"广西-防城港","gid":"425233","time_insert":"2021-07-28 15:32"}
2024-01-08 06:32:42 查询号码 【1877707】，GSD为【"广西-防城港"】

2024-01-08 06:32:43 开始第 7808 次操作

2024-01-08 06:32:43 开始操作号码 【1877708】
2024-01-08 06:32:46 GSD getOne 第 1 次 等待 3 秒
2024-01-08 06:32:49 查询号码 【1877708】，返回信息 {"status":"ok","msg":"广西-防城港","gid":"425229","time_insert":"2021-07-28 15:31"}
2024-01-08 06:32:49 查询号码 【1877708】，GSD为【"广西-防城港"】

2024-01-08 07:07:25 开始第 7809 次操作

2024-01-08 07:07:25 开始操作号码 【1877709】
2024-01-08 07:07:28 GSD getOne 第 1 次 等待 3 秒
2024-01-08 07:07:31 查询号码 【1877709】，返回信息 {"status":"ok","msg":"广西-防城港","gid":"425226","time_insert":"2021-07-28 15:31"}
2024-01-08 07:07:31 查询号码 【1877709】，GSD为【"广西-防城港"】

2024-01-08 07:07:32 开始第 7810 次操作

2024-01-08 07:07:32 开始操作号码 【1877710】
2024-01-08 07:07:35 GSD getOne 第 1 次 等待 3 秒
2024-01-08 07:07:38 查询号码 【1877710】，返回信息 {"status":"ok","msg":"广西-南宁","gid":"425120","time_insert":"2021-07-28 15:14"}
2024-01-08 07:07:38 查询号码 【1877710】，GSD为【"广西-南宁"】

2024-01-08 07:07:39 开始第 7811 次操作

2024-01-08 07:07:39 开始操作号码 【1877711】
2024-01-08 07:07:42 GSD getOne 第 1 次 等待 3 秒
2024-01-08 07:07:45 查询号码 【1877711】，返回信息 {"status":"ok","msg":"广西-南宁","gid":"425112","time_insert":"2021-07-28 15:13"}
2024-01-08 07:07:45 查询号码 【1877711】，GSD为【"广西-南宁"】

2024-01-08 07:07:46 开始第 7812 次操作

2024-01-08 07:07:46 开始操作号码 【1877712】
2024-01-08 07:07:49 GSD getOne 第 1 次 等待 3 秒
2024-01-08 07:07:52 查询号码 【1877712】，返回信息 {"status":"ok","msg":"广西-南宁","gid":"425106","time_insert":"2021-07-28 15:13"}
2024-01-08 07:07:52 查询号码 【1877712】，GSD为【"广西-南宁"】

2024-01-08 07:32:41 开始第 7813 次操作

2024-01-08 07:32:41 开始操作号码 【1877713】
2024-01-08 07:32:45 GSD getOne 第 1 次 等待 3 秒
2024-01-08 07:32:48 查询号码 【1877713】，返回信息 {"status":"ok","msg":"广西-南宁","gid":"425100","time_insert":"2021-07-28 15:12"}
2024-01-08 07:32:48 查询号码 【1877713】，GSD为【"广西-南宁"】

2024-01-08 07:32:49 开始第 7814 次操作

2024-01-08 07:32:49 开始操作号码 【1877714】
2024-01-08 07:32:53 GSD getOne 第 1 次 等待 3 秒
2024-01-08 07:32:56 查询号码 【1877714】，返回信息 {"status":"ok","msg":"广西-南宁","gid":"425092","time_insert":"2021-07-28 15:12"}
2024-01-08 07:32:56 查询号码 【1877714】，GSD为【"广西-南宁"】

2024-01-08 07:32:57 开始第 7815 次操作

2024-01-08 07:32:57 开始操作号码 【1877715】
2024-01-08 07:33:01 GSD getOne 第 1 次 等待 3 秒
2024-01-08 07:33:04 查询号码 【1877715】，返回信息 {"status":"ok","msg":"广西-南宁","gid":"425086","time_insert":"2021-07-28 15:11"}
2024-01-08 07:33:04 查询号码 【1877715】，GSD为【"广西-南宁"】

2024-01-08 07:33:05 开始第 7816 次操作

2024-01-08 07:33:05 开始操作号码 【1877716】
2024-01-08 07:33:09 GSD getOne 第 1 次 等待 3 秒
2024-01-08 07:33:12 查询号码 【1877716】，返回信息 {"status":"ok","msg":"广西-南宁","gid":"425077","time_insert":"2021-07-28 15:10"}
2024-01-08 07:33:12 查询号码 【1877716】，GSD为【"广西-南宁"】

2024-01-08 08:38:36 开始第 7817 次操作

2024-01-08 08:38:36 开始操作号码 【1877717】
2024-01-08 08:38:38 GSD getOne 第 1 次 等待 3 秒
2024-01-08 08:38:41 查询号码 【1877717】，返回信息 {"status":"ok","msg":"广西-南宁","gid":"425071","time_insert":"2021-07-28 15:10"}
2024-01-08 08:38:41 查询号码 【1877717】，GSD为【"广西-南宁"】

2024-01-08 08:38:42 开始第 7818 次操作

2024-01-08 08:38:42 开始操作号码 【1877718】
2024-01-08 08:38:45 GSD getOne 第 1 次 等待 3 秒
2024-01-08 08:38:48 查询号码 【1877718】，返回信息 {"status":"ok","msg":"广西-南宁","gid":"52301","time_insert":"2021-04-24 08:31","time_update":"2021-04-24 21:33"}
2024-01-08 08:38:48 查询号码 【1877718】，GSD为【"广西-南宁"】

2024-01-08 08:38:49 开始第 7819 次操作

2024-01-08 08:38:49 开始操作号码 【1877719】
2024-01-08 08:38:52 GSD getOne 第 1 次 等待 3 秒
2024-01-08 08:38:55 查询号码 【1877719】，返回信息 {"status":"ok","msg":"广西-南宁","gid":"425060","time_insert":"2021-07-28 15:08"}
2024-01-08 08:38:55 查询号码 【1877719】，GSD为【"广西-南宁"】

2024-01-08 08:38:56 开始第 7820 次操作

2024-01-08 08:38:56 开始操作号码 【1877720】
2024-01-08 08:38:58 GSD getOne 第 1 次 等待 3 秒
2024-01-08 08:39:01 查询号码 【1877720】，返回信息 {"status":"ok","msg":"广西-柳州","gid":"425052","time_insert":"2021-07-28 15:08"}
2024-01-08 08:39:01 查询号码 【1877720】，GSD为【"广西-柳州"】

2024-01-08 09:51:48 开始第 7821 次操作

2024-01-08 09:51:48 开始操作号码 【1877721】
2024-01-08 09:51:52 GSD getOne 第 1 次 等待 3 秒
2024-01-08 09:51:55 查询号码 【1877721】，返回信息 {"status":"ok","msg":"广西-柳州","gid":"425042","time_insert":"2021-07-28 15:07"}
2024-01-08 09:51:55 查询号码 【1877721】，GSD为【"广西-柳州"】

2024-01-08 09:51:56 开始第 7822 次操作

2024-01-08 09:51:56 开始操作号码 【1877722】
2024-01-08 09:51:59 GSD getOne 第 1 次 等待 3 秒
2024-01-08 09:52:02 查询号码 【1877722】，返回信息 {"status":"ok","msg":"广西-柳州","gid":"49784","time_insert":"2021-04-21 14:11"}
2024-01-08 09:52:02 查询号码 【1877722】，GSD为【"广西-柳州"】

2024-01-08 09:52:03 开始第 7823 次操作

2024-01-08 09:52:03 开始操作号码 【1877723】
2024-01-08 09:52:06 GSD getOne 第 1 次 等待 3 秒
2024-01-08 09:52:09 查询号码 【1877723】，返回信息 {"status":"ok","msg":"广西-柳州","gid":"425030","time_insert":"2021-07-28 15:06","time_update":"2021-08-06 14:56"}
2024-01-08 09:52:09 查询号码 【1877723】，GSD为【"广西-柳州"】

2024-01-08 09:52:10 开始第 7824 次操作

2024-01-08 09:52:10 开始操作号码 【1877724】
2024-01-08 09:52:14 GSD getOne 第 1 次 等待 3 秒
2024-01-08 09:52:17 查询号码 【1877724】，返回信息 {"status":"ok","msg":"广西-柳州","gid":"425025","time_insert":"2021-07-28 15:05"}
2024-01-08 09:52:17 查询号码 【1877724】，GSD为【"广西-柳州"】

2024-01-08 10:23:13 开始第 7825 次操作

2024-01-08 10:23:13 开始操作号码 【1877725】
2024-01-08 10:23:17 GSD getOne 第 1 次 等待 3 秒
2024-01-08 10:23:20 查询号码 【1877725】，返回信息 {"status":"ok","msg":"广西-柳州","gid":"42711","time_insert":"2018-07-09 20:42","time_update":"2020-12-18 07:05"}
2024-01-08 10:23:20 查询号码 【1877725】，GSD为【"广西-柳州"】

2024-01-08 10:23:21 开始第 7826 次操作

2024-01-08 10:23:21 开始操作号码 【1877726】
2024-01-08 10:23:24 GSD getOne 第 1 次 等待 3 秒
2024-01-08 10:23:27 查询号码 【1877726】，返回信息 {"status":"ok","msg":"广西-柳州","gid":"425020","time_insert":"2021-07-28 15:04"}
2024-01-08 10:23:27 查询号码 【1877726】，GSD为【"广西-柳州"】

2024-01-08 10:23:28 开始第 7827 次操作

2024-01-08 10:23:28 开始操作号码 【1877727】
2024-01-08 10:23:31 GSD getOne 第 1 次 等待 3 秒
2024-01-08 10:23:34 查询号码 【1877727】，返回信息 {"status":"ok","msg":"广西-柳州","gid":"425013","time_insert":"2021-07-28 15:04"}
2024-01-08 10:23:34 查询号码 【1877727】，GSD为【"广西-柳州"】

2024-01-08 10:23:35 开始第 7828 次操作

2024-01-08 10:23:35 开始操作号码 【1877728】
2024-01-08 10:23:38 GSD getOne 第 1 次 等待 3 秒
2024-01-08 10:23:41 查询号码 【1877728】，返回信息 {"status":"ok","msg":"广西-柳州","gid":"425001","time_insert":"2021-07-28 15:03"}
2024-01-08 10:23:41 查询号码 【1877728】，GSD为【"广西-柳州"】

