2023-12-02 00:09:41 开始第 949 次操作

2023-12-02 00:09:41 开始操作号码 【1870849】
2023-12-02 00:09:45 GSD getOne 第 1 次 等待 3 秒
2023-12-02 00:09:48 查询号码 【1870849】，返回信息 {"status":"ok","msg":"四川-成都","gid":"404203","time_insert":"2021-07-26 18:38","time_update":"2021-08-03 02:03"}
2023-12-02 00:09:48 查询号码 【1870849】，GSD为【"四川-成都"】

2023-12-02 00:09:49 开始第 950 次操作

2023-12-02 00:09:49 开始操作号码 【1870850】
2023-12-02 00:09:52 GSD getOne 第 1 次 等待 3 秒
2023-12-02 00:09:55 查询号码 【1870850】，返回信息 {"status":"ok","msg":"贵州-贵阳","gid":"41705","time_insert":"2016-04-10 08:56","time_update":"2020-11-23 13:15"}
2023-12-02 00:09:55 查询号码 【1870850】，GSD为【"贵州-贵阳"】

2023-12-02 00:09:56 开始第 951 次操作

2023-12-02 00:09:56 开始操作号码 【1870851】
2023-12-02 00:10:21 GSD getOne 第 1 次 等待 3 秒
2023-12-02 00:10:24 查询号码 【1870851】，返回信息 {"status":"ok","msg":"贵州-贵阳","gid":"41706","time_insert":"2017-03-19 14:19","time_update":"2020-11-23 13:19"}
2023-12-02 00:10:24 查询号码 【1870851】，GSD为【"贵州-贵阳"】

2023-12-02 00:10:25 开始第 952 次操作

2023-12-02 00:10:25 开始操作号码 【1870852】
2023-12-02 00:10:29 GSD getOne 第 1 次 等待 3 秒
2023-12-02 00:10:32 查询号码 【1870852】，返回信息 {"status":"ok","msg":"贵州-遵义","gid":"404244","time_insert":"2021-07-26 18:53"}
2023-12-02 00:10:32 查询号码 【1870852】，GSD为【"贵州-遵义"】

