2024-07-09 00:10:09 开始第 5141 次操作

2024-07-09 00:10:09 开始操作号码 【1545024】
2024-07-09 00:10:17 GSD getOne 第 1 次 等待 3 秒
2024-07-09 00:10:20 查询号码 【1545024】，返回信息 {"status":"ok","msg":"-","gid":"622920","time_insert":"2023-03-30 04:13"}
2024-07-09 00:10:20 查询号码 【1545024】，GSD为【"-"】
2024-07-09 00:10:20 ok && -
2024-07-09 00:10:23 CHB 1545024?1720455020 第 1 次 等待 3 秒
2024-07-09 00:10:26 CHB 1545024?1720455020 第 1 次 获取到号码【1545024】GSD
2024-07-09 00:10:26 未获取到号码【1545024】GSD，可能号码格式错误
2024-07-09 00:10:26 获取到号码【1545024】的GSD为【-】
2024-07-09 00:10:35 GSD insert 第 1 次 等待 3 秒
2024-07-09 00:10:38 {"status":"bad","gid":"622920","msg":"添加失败！号码【1545024(-|-)】已存在！"}
2024-07-09 00:10:38 随机等待 68 秒，约 1 分钟
2024-07-09 00:10:38 下次操作: 2024-07-09 00:11:46

2024-07-09 00:11:46 开始第 5142 次操作

2024-07-09 00:11:46 开始操作号码 【1545025】
2024-07-09 00:11:55 GSD getOne 第 1 次 等待 3 秒
2024-07-09 00:11:58 查询号码 【1545025】，返回信息 {"status":"ok","msg":"-","gid":"622948","time_insert":"2023-03-30 04:32"}
2024-07-09 00:11:58 查询号码 【1545025】，GSD为【"-"】
2024-07-09 00:11:58 ok && -
2024-07-09 00:12:00 CHB 1545025?1720455118 第 1 次 等待 3 秒
2024-07-09 00:12:03 CHB 1545025?1720455118 第 1 次 获取到号码【1545025】GSD
2024-07-09 00:12:03 未获取到号码【1545025】GSD，可能号码格式错误
2024-07-09 00:12:03 获取到号码【1545025】的GSD为【-】
2024-07-09 00:12:11 GSD insert 第 1 次 等待 3 秒
2024-07-09 00:12:14 {"status":"bad","gid":"622948","msg":"添加失败！号码【1545025(-|-)】已存在！"}
2024-07-09 00:12:14 随机等待 147 秒，约 2 分钟
2024-07-09 00:12:14 下次操作: 2024-07-09 00:14:41

2024-07-09 00:14:41 开始第 5143 次操作

2024-07-09 00:14:41 开始操作号码 【1545026】
2024-07-09 00:14:49 GSD getOne 第 1 次 等待 3 秒
2024-07-09 00:14:52 查询号码 【1545026】，返回信息 {"status":"ok","msg":"-","gid":"622970","time_insert":"2023-03-30 04:44"}
2024-07-09 00:14:52 查询号码 【1545026】，GSD为【"-"】
2024-07-09 00:14:52 ok && -
2024-07-09 00:14:54 CHB 1545026?1720455292 第 1 次 等待 3 秒
2024-07-09 00:14:57 CHB 1545026?1720455292 第 1 次 获取到号码【1545026】GSD
2024-07-09 00:14:57 未获取到号码【1545026】GSD，可能号码格式错误
2024-07-09 00:14:57 获取到号码【1545026】的GSD为【-】
2024-07-09 00:15:09 GSD insert 第 1 次 等待 3 秒
2024-07-09 00:15:12 {"status":"bad","gid":"622970","msg":"添加失败！号码【1545026(-|-)】已存在！"}
2024-07-09 00:15:12 随机等待 101 秒，约 1 分钟
2024-07-09 00:15:12 下次操作: 2024-07-09 00:16:53

2024-07-09 00:16:53 开始第 5144 次操作

2024-07-09 00:16:53 开始操作号码 【1545027】
2024-07-09 00:17:01 GSD getOne 第 1 次 等待 3 秒
2024-07-09 00:17:04 查询号码 【1545027】，返回信息 {"status":"ok","msg":"-","gid":"622994","time_insert":"2023-03-30 04:58"}
2024-07-09 00:17:04 查询号码 【1545027】，GSD为【"-"】
2024-07-09 00:17:04 ok && -
2024-07-09 00:17:05 CHB 1545027?1720455424 第 1 次 等待 3 秒
2024-07-09 00:17:08 CHB 1545027?1720455424 第 1 次 获取到号码【1545027】GSD
2024-07-09 00:17:08 未获取到号码【1545027】GSD，可能号码格式错误
2024-07-09 00:17:08 获取到号码【1545027】的GSD为【-】
2024-07-09 00:17:16 GSD insert 第 1 次 等待 3 秒
2024-07-09 00:17:19 {"status":"bad","gid":"622994","msg":"添加失败！号码【1545027(-|-)】已存在！"}

2024-07-09 00:37:57 开始第 5145 次操作

2024-07-09 00:37:57 开始操作号码 【1545028】
2024-07-09 00:38:11 GSD getOne 第 1 次 等待 3 秒
2024-07-09 00:38:14 查询号码 【1545028】，返回信息 {"status":"ok","msg":"-","gid":"623023","time_insert":"2023-03-30 05:18"}
2024-07-09 00:38:14 查询号码 【1545028】，GSD为【"-"】
2024-07-09 00:38:14 ok && -
2024-07-09 00:38:16 CHB 1545028?1720456694 第 1 次 等待 3 秒
2024-07-09 00:38:19 CHB 1545028?1720456694 第 1 次 获取到号码【1545028】GSD
2024-07-09 00:38:19 未获取到号码【1545028】GSD，可能号码格式错误
2024-07-09 00:38:19 获取到号码【1545028】的GSD为【-】
2024-07-09 00:38:31 GSD insert 第 1 次 等待 3 秒
2024-07-09 00:38:34 {"status":"bad","gid":"623023","msg":"添加失败！号码【1545028(-|-)】已存在！"}
2024-07-09 00:38:34 随机等待 175 秒，约 2 分钟
2024-07-09 00:38:34 下次操作: 2024-07-09 00:41:29

2024-07-09 00:41:29 开始第 5146 次操作

2024-07-09 00:41:29 开始操作号码 【1545029】
2024-07-09 00:41:37 GSD getOne 第 1 次 等待 3 秒
2024-07-09 00:41:40 查询号码 【1545029】，返回信息 {"status":"ok","msg":"-","gid":"623060","time_insert":"2023-03-30 05:40"}
2024-07-09 00:41:40 查询号码 【1545029】，GSD为【"-"】
2024-07-09 00:41:40 ok && -
2024-07-09 00:41:41 CHB 1545029?1720456900 第 1 次 等待 3 秒
2024-07-09 00:41:44 CHB 1545029?1720456900 第 1 次 获取到号码【1545029】GSD
2024-07-09 00:41:45 未获取到号码【1545029】GSD，可能号码格式错误
2024-07-09 00:41:45 获取到号码【1545029】的GSD为【-】
2024-07-09 00:41:53 GSD insert 第 1 次 等待 3 秒
2024-07-09 00:41:56 {"status":"bad","gid":"623060","msg":"添加失败！号码【1545029(-|-)】已存在！"}
2024-07-09 00:41:56 随机等待 149 秒，约 2 分钟
2024-07-09 00:41:56 下次操作: 2024-07-09 00:44:25

2024-07-09 00:44:25 开始第 5147 次操作

2024-07-09 00:44:25 开始操作号码 【1545030】
2024-07-09 00:44:32 GSD getOne 第 1 次 等待 3 秒
2024-07-09 00:44:35 查询号码 【1545030】，返回信息 {"status":"ok","msg":"-","gid":"623089","time_insert":"2023-03-30 05:59"}
2024-07-09 00:44:35 查询号码 【1545030】，GSD为【"-"】
2024-07-09 00:44:35 ok && -
2024-07-09 00:44:37 CHB 1545030?1720457075 第 1 次 等待 3 秒
2024-07-09 00:44:40 CHB 1545030?1720457075 第 1 次 获取到号码【1545030】GSD
2024-07-09 00:44:40 未获取到号码【1545030】GSD，可能号码格式错误
2024-07-09 00:44:40 获取到号码【1545030】的GSD为【-】
2024-07-09 00:44:48 GSD insert 第 1 次 等待 3 秒
2024-07-09 00:44:51 {"status":"bad","gid":"623089","msg":"添加失败！号码【1545030(-|-)】已存在！"}
2024-07-09 00:44:51 随机等待 90 秒，约 1 分钟
2024-07-09 00:44:51 下次操作: 2024-07-09 00:46:21

2024-07-09 00:46:21 开始第 5148 次操作

2024-07-09 00:46:21 开始操作号码 【1545031】
2024-07-09 00:46:30 GSD getOne 第 1 次 等待 3 秒
2024-07-09 00:46:33 查询号码 【1545031】，返回信息 {"status":"ok","msg":"-","gid":"623115","time_insert":"2023-03-30 06:19"}
2024-07-09 00:46:33 查询号码 【1545031】，GSD为【"-"】
2024-07-09 00:46:33 ok && -
2024-07-09 00:46:34 CHB 1545031?1720457193 第 1 次 等待 3 秒
2024-07-09 00:46:37 CHB 1545031?1720457193 第 1 次 获取到号码【1545031】GSD
2024-07-09 00:46:37 未获取到号码【1545031】GSD，可能号码格式错误
2024-07-09 00:46:37 获取到号码【1545031】的GSD为【-】
2024-07-09 00:46:47 GSD insert 第 1 次 等待 3 秒
2024-07-09 00:46:50 {"status":"bad","gid":"623115","msg":"添加失败！号码【1545031(-|-)】已存在！"}

