2024-06-18 00:10:31 开始第 1301 次操作

2024-06-18 00:10:31 开始操作号码 【1541194】
2024-06-18 00:10:39 GSD getOne 第 1 次 等待 3 秒
2024-06-18 00:10:42 查询号码 【1541194】，返回信息 {"status":"ok","msg":"-","gid":"534982","time_insert":"2023-02-17 02:52"}
2024-06-18 00:10:42 查询号码 【1541194】，GSD为【"-"】
2024-06-18 00:10:42 ok && -
2024-06-18 00:10:44 CHB 1541194?1718640642 第 1 次 等待 3 秒
2024-06-18 00:10:47 CHB 1541194?1718640642 第 1 次 获取到号码【1541194】GSD
2024-06-18 00:10:47 未获取到号码【1541194】GSD，可能号码格式错误
2024-06-18 00:10:47 获取到号码【1541194】的GSD为【-】
2024-06-18 00:10:55 GSD insert 第 1 次 等待 3 秒
2024-06-18 00:10:58 {"status":"bad","gid":"534982","msg":"添加失败！号码【1541194(-|-)】已存在！"}
2024-06-18 00:10:58 随机等待 161 秒，约 2 分钟
2024-06-18 00:10:58 下次操作: 2024-06-18 00:13:39

2024-06-18 00:13:39 开始第 1302 次操作

2024-06-18 00:13:39 开始操作号码 【1541195】
2024-06-18 00:13:46 GSD getOne 第 1 次 等待 3 秒
2024-06-18 00:13:49 查询号码 【1541195】，返回信息 {"status":"ok","msg":"-","gid":"535003","time_insert":"2023-02-17 03:07"}
2024-06-18 00:13:49 查询号码 【1541195】，GSD为【"-"】
2024-06-18 00:13:49 ok && -
2024-06-18 00:13:52 CHB 1541195?1718640829 第 1 次 等待 3 秒
2024-06-18 00:13:55 CHB 1541195?1718640829 第 1 次 获取到号码【1541195】GSD
2024-06-18 00:13:55 未获取到号码【1541195】GSD，可能号码格式错误
2024-06-18 00:13:55 获取到号码【1541195】的GSD为【-】
2024-06-18 00:14:02 GSD insert 第 1 次 等待 3 秒
2024-06-18 00:14:05 {"status":"bad","gid":"535003","msg":"添加失败！号码【1541195(-|-)】已存在！"}
2024-06-18 00:14:05 随机等待 96 秒，约 1 分钟
2024-06-18 00:14:05 下次操作: 2024-06-18 00:15:41

2024-06-18 00:15:41 开始第 1303 次操作

2024-06-18 00:15:41 开始操作号码 【1541196】
2024-06-18 00:15:49 GSD getOne 第 1 次 等待 3 秒
2024-06-18 00:15:52 查询号码 【1541196】，返回信息 {"status":"ok","msg":"-","gid":"535012","time_insert":"2023-02-17 03:17"}
2024-06-18 00:15:52 查询号码 【1541196】，GSD为【"-"】
2024-06-18 00:15:52 ok && -
2024-06-18 00:15:54 CHB 1541196?1718640952 第 1 次 等待 3 秒
2024-06-18 00:15:57 CHB 1541196?1718640952 第 1 次 获取到号码【1541196】GSD
2024-06-18 00:15:57 未获取到号码【1541196】GSD，可能号码格式错误
2024-06-18 00:15:57 获取到号码【1541196】的GSD为【-】
2024-06-18 00:16:07 GSD insert 第 1 次 等待 3 秒
2024-06-18 00:16:10 {"status":"bad","gid":"535012","msg":"添加失败！号码【1541196(-|-)】已存在！"}
2024-06-18 00:16:10 随机等待 75 秒，约 1 分钟
2024-06-18 00:16:10 下次操作: 2024-06-18 00:17:25

2024-06-18 00:17:25 开始第 1304 次操作

2024-06-18 00:17:25 开始操作号码 【1541197】
2024-06-18 00:17:31 GSD getOne 第 1 次 等待 3 秒
2024-06-18 00:17:34 查询号码 【1541197】，返回信息 {"status":"ok","msg":"-","gid":"535035","time_insert":"2023-02-17 03:33"}
2024-06-18 00:17:34 查询号码 【1541197】，GSD为【"-"】
2024-06-18 00:17:34 ok && -
2024-06-18 00:17:36 CHB 1541197?1718641054 第 1 次 等待 3 秒
2024-06-18 00:17:39 CHB 1541197?1718641054 第 1 次 获取到号码【1541197】GSD
2024-06-18 00:17:39 未获取到号码【1541197】GSD，可能号码格式错误
2024-06-18 00:17:39 获取到号码【1541197】的GSD为【-】
2024-06-18 00:17:46 GSD insert 第 1 次 等待 3 秒
2024-06-18 00:17:49 {"status":"bad","gid":"535035","msg":"添加失败！号码【1541197(-|-)】已存在！"}

2024-06-18 00:37:40 开始第 1305 次操作

2024-06-18 00:37:40 开始操作号码 【1541198】
2024-06-18 00:37:47 GSD getOne 第 1 次 等待 3 秒
2024-06-18 00:37:50 查询号码 【1541198】，返回信息 {"status":"ok","msg":"-","gid":"535055","time_insert":"2023-02-17 03:49"}
2024-06-18 00:37:50 查询号码 【1541198】，GSD为【"-"】
2024-06-18 00:37:50 ok && -
2024-06-18 00:37:52 CHB 1541198?1718642270 第 1 次 等待 3 秒
2024-06-18 00:37:55 CHB 1541198?1718642270 第 1 次 获取到号码【1541198】GSD
2024-06-18 00:37:55 未获取到号码【1541198】GSD，可能号码格式错误
2024-06-18 00:37:55 获取到号码【1541198】的GSD为【-】
2024-06-18 00:38:07 GSD insert 第 1 次 等待 3 秒
2024-06-18 00:38:10 {"status":"bad","gid":"535055","msg":"添加失败！号码【1541198(-|-)】已存在！"}
2024-06-18 00:38:10 随机等待 182 秒，约 3 分钟
2024-06-18 00:38:10 下次操作: 2024-06-18 00:41:12

2024-06-18 00:41:12 开始第 1306 次操作

2024-06-18 00:41:12 开始操作号码 【1541199】
2024-06-18 00:41:23 GSD getOne 第 1 次 等待 3 秒
2024-06-18 00:41:26 查询号码 【1541199】，返回信息 {"status":"ok","msg":"-","gid":"535067","time_insert":"2023-02-17 03:59"}
2024-06-18 00:41:26 查询号码 【1541199】，GSD为【"-"】
2024-06-18 00:41:26 ok && -
2024-06-18 00:41:28 CHB 1541199?1718642486 第 1 次 等待 3 秒
2024-06-18 00:41:31 CHB 1541199?1718642486 第 1 次 获取到号码【1541199】GSD
2024-06-18 00:41:31 未获取到号码【1541199】GSD，可能号码格式错误
2024-06-18 00:41:31 获取到号码【1541199】的GSD为【-】
2024-06-18 00:41:40 GSD insert 第 1 次 等待 3 秒
2024-06-18 00:41:43 {"status":"bad","gid":"535067","msg":"添加失败！号码【1541199(-|-)】已存在！"}
2024-06-18 00:41:43 随机等待 202 秒，约 3 分钟
2024-06-18 00:41:43 下次操作: 2024-06-18 00:45:05

2024-06-18 00:45:05 开始第 1307 次操作

2024-06-18 00:45:05 开始操作号码 【1541200】
2024-06-18 00:45:11 GSD getOne 第 1 次 等待 3 秒
2024-06-18 00:45:14 查询号码 【1541200】，返回信息 {"status":"ok","msg":"-","gid":"535083","time_insert":"2023-02-17 04:10"}
2024-06-18 00:45:14 查询号码 【1541200】，GSD为【"-"】
2024-06-18 00:45:14 ok && -
2024-06-18 00:45:15 CHB 1541200?1718642714 第 1 次 等待 3 秒
2024-06-18 00:45:18 CHB 1541200?1718642714 第 1 次 获取到号码【1541200】GSD
2024-06-18 00:45:18 未获取到号码【1541200】GSD，可能号码格式错误
2024-06-18 00:45:18 获取到号码【1541200】的GSD为【-】
2024-06-18 00:45:24 GSD insert 第 1 次 等待 3 秒
2024-06-18 00:45:27 {"status":"bad","gid":"535083","msg":"添加失败！号码【1541200(-|-)】已存在！"}
2024-06-18 00:45:27 随机等待 123 秒，约 2 分钟
2024-06-18 00:45:27 下次操作: 2024-06-18 00:47:30

2024-06-18 00:47:30 开始第 1308 次操作

2024-06-18 00:47:30 开始操作号码 【1541201】
2024-06-18 00:47:50 GSD getOne 第 1 次 等待 3 秒
2024-06-18 00:47:53 查询号码 【1541201】，返回信息 {"status":"ok","msg":"-","gid":"535098","time_insert":"2023-02-17 04:23"}
2024-06-18 00:47:53 查询号码 【1541201】，GSD为【"-"】
2024-06-18 00:47:53 ok && -
2024-06-18 00:47:55 CHB 1541201?1718642873 第 1 次 等待 3 秒
2024-06-18 00:47:58 CHB 1541201?1718642873 第 1 次 获取到号码【1541201】GSD
2024-06-18 00:47:58 未获取到号码【1541201】GSD，可能号码格式错误
2024-06-18 00:47:58 获取到号码【1541201】的GSD为【-】
2024-06-18 00:48:18 GSD insert 第 1 次 等待 3 秒
2024-06-18 00:48:21 {"status":"bad","gid":"535098","msg":"添加失败！号码【1541201(-|-)】已存在！"}

