2023-12-06 00:10:33 开始第 1685 次操作

2023-12-06 00:10:33 开始操作号码 【1871585】
2023-12-06 00:10:40 GSD getOne 第 1 次 等待 3 秒
2023-12-06 00:10:43 查询号码 【1871585】，返回信息 {"status":"ok","msg":"四川-泸州","gid":"41811","time_insert":"2018-09-09 14:28","time_update":"2020-11-12 03:01"}
2023-12-06 00:10:43 查询号码 【1871585】，GSD为【"四川-泸州"】

2023-12-06 00:10:44 开始第 1686 次操作

2023-12-06 00:10:44 开始操作号码 【1871586】
2023-12-06 00:10:48 GSD getOne 第 1 次 等待 3 秒
2023-12-06 00:10:51 查询号码 【1871586】，返回信息 {"status":"ok","msg":"四川-泸州","gid":"41812","time_insert":"2016-02-13 08:27","time_update":"2020-11-12 03:05"}
2023-12-06 00:10:51 查询号码 【1871586】，GSD为【"四川-泸州"】

2023-12-06 00:10:52 开始第 1687 次操作

2023-12-06 00:10:52 开始操作号码 【1871587】
2023-12-06 00:10:56 GSD getOne 第 1 次 等待 3 秒
2023-12-06 00:10:59 查询号码 【1871587】，返回信息 {"status":"ok","msg":"四川-泸州","gid":"41813","time_insert":"2015-02-26 18:49","time_update":"2020-11-12 03:09"}
2023-12-06 00:10:59 查询号码 【1871587】，GSD为【"四川-泸州"】

2023-12-06 00:11:00 开始第 1688 次操作

2023-12-06 00:11:00 开始操作号码 【1871588】
2023-12-06 00:11:06 GSD getOne 第 1 次 等待 3 秒
2023-12-06 00:11:09 查询号码 【1871588】，返回信息 {"status":"ok","msg":"四川-泸州","gid":"41814","time_insert":"2019-02-23 10:48","time_update":"2020-11-12 03:13"}
2023-12-06 00:11:09 查询号码 【1871588】，GSD为【"四川-泸州"】

2023-12-06 00:38:26 开始第 1689 次操作

2023-12-06 00:38:26 开始操作号码 【1871589】
2023-12-06 00:38:31 GSD getOne 第 1 次 等待 3 秒
2023-12-06 00:38:34 查询号码 【1871589】，返回信息 {"status":"ok","msg":"四川-泸州","gid":"41815","time_insert":"2015-06-24 10:11","time_update":"2020-11-12 03:17"}
2023-12-06 00:38:34 查询号码 【1871589】，GSD为【"四川-泸州"】

2023-12-06 00:38:35 开始第 1690 次操作

2023-12-06 00:38:35 开始操作号码 【1871590】
2023-12-06 00:38:38 GSD getOne 第 1 次 等待 3 秒
2023-12-06 00:38:41 查询号码 【1871590】，返回信息 {"status":"ok","msg":"河北-承德","gid":"465271","time_insert":"2021-08-01 07:46"}
2023-12-06 00:38:41 查询号码 【1871590】，GSD为【"河北-承德"】

2023-12-06 00:38:42 开始第 1691 次操作

2023-12-06 00:38:42 开始操作号码 【1871591】
2023-12-06 00:38:46 GSD getOne 第 1 次 等待 3 秒
2023-12-06 00:38:49 查询号码 【1871591】，返回信息 {"status":"ok","msg":"河北-承德","gid":"465511","time_insert":"2021-08-01 08:01"}
2023-12-06 00:38:49 查询号码 【1871591】，GSD为【"河北-承德"】

2023-12-06 00:38:50 开始第 1692 次操作

2023-12-06 00:38:50 开始操作号码 【1871592】
2023-12-06 00:38:54 GSD getOne 第 1 次 等待 3 秒
2023-12-06 00:38:57 查询号码 【1871592】，返回信息 {"status":"ok","msg":"河北-承德","gid":"465571","time_insert":"2021-08-01 08:11"}
2023-12-06 00:38:57 查询号码 【1871592】，GSD为【"河北-承德"】

