2024-04-02 00:10:18 开始第 1469 次操作

2024-04-02 00:10:18 开始操作号码 【1651370】
2024-04-02 00:10:28 GSD getOne 第 1 次 等待 3 秒
2024-04-02 00:10:31 查询号码 【1651370】，返回信息 {"status":"ok","msg":"河南-商丘","gid":"231595","time_insert":"2021-07-09 14:56"}
2024-04-02 00:10:31 查询号码 【1651370】，GSD为【"河南-商丘"】

2024-04-02 00:10:32 开始第 1470 次操作

2024-04-02 00:10:32 开始操作号码 【1651371】
2024-04-02 00:10:38 GSD getOne 第 1 次 等待 3 秒
2024-04-02 00:10:41 查询号码 【1651371】，返回信息 {"status":"ok","msg":"河南-郑州","gid":"231604","time_insert":"2021-07-09 14:57"}
2024-04-02 00:10:41 查询号码 【1651371】，GSD为【"河南-郑州"】

2024-04-02 00:10:42 开始第 1471 次操作

2024-04-02 00:10:42 开始操作号码 【1651372】
2024-04-02 00:10:48 GSD getOne 第 1 次 等待 3 秒
2024-04-02 00:10:51 查询号码 【1651372】，返回信息 {"status":"ok","msg":"河南-安阳","gid":"231612","time_insert":"2021-07-09 14:58"}
2024-04-02 00:10:51 查询号码 【1651372】，GSD为【"河南-安阳"】

2024-04-02 00:10:52 开始第 1472 次操作

2024-04-02 00:10:52 开始操作号码 【1651373】
2024-04-02 00:10:58 GSD getOne 第 1 次 等待 3 秒
2024-04-02 00:11:01 查询号码 【1651373】，返回信息 {"status":"ok","msg":"河南-新乡","gid":"231627","time_insert":"2021-07-09 14:58"}
2024-04-02 00:11:01 查询号码 【1651373】，GSD为【"河南-新乡"】

2024-04-02 00:36:37 开始第 1473 次操作

2024-04-02 00:36:37 开始操作号码 【1651374】
2024-04-02 00:36:42 GSD getOne 第 1 次 等待 3 秒
2024-04-02 00:36:45 查询号码 【1651374】，返回信息 {"status":"ok","msg":"河南-郑州","gid":"231638","time_insert":"2021-07-09 14:59"}
2024-04-02 00:36:45 查询号码 【1651374】，GSD为【"河南-郑州"】

2024-04-02 00:36:46 开始第 1474 次操作

2024-04-02 00:36:46 开始操作号码 【1651375】
2024-04-02 00:36:50 GSD getOne 第 1 次 等待 3 秒
2024-04-02 00:36:53 查询号码 【1651375】，返回信息 {"status":"ok","msg":"河南-平顶山","gid":"231650","time_insert":"2021-07-09 15:00"}
2024-04-02 00:36:53 查询号码 【1651375】，GSD为【"河南-平顶山"】

2024-04-02 00:36:54 开始第 1475 次操作

2024-04-02 00:36:54 开始操作号码 【1651376】
2024-04-02 00:36:59 GSD getOne 第 1 次 等待 3 秒
2024-04-02 00:37:02 查询号码 【1651376】，返回信息 {"status":"ok","msg":"河南-信阳","gid":"231661","time_insert":"2021-07-09 15:01"}
2024-04-02 00:37:02 查询号码 【1651376】，GSD为【"河南-信阳"】

2024-04-02 00:37:03 开始第 1476 次操作

2024-04-02 00:37:03 开始操作号码 【1651377】
2024-04-02 00:37:08 GSD getOne 第 1 次 等待 3 秒
2024-04-02 00:37:11 查询号码 【1651377】，返回信息 {"status":"ok","msg":"河南-濮阳","gid":"231671","time_insert":"2021-07-09 15:01"}
2024-04-02 00:37:11 查询号码 【1651377】，GSD为【"河南-濮阳"】

