2021-07-10 00:00:22 开始第 5 次操作

2021-07-10 00:00:22 开始操作号码 【1758806】
2021-07-10 00:00:28 GSD getOne 第 1 次 等待 1 秒
2021-07-10 00:00:29 查询号码 【1758806】，返回信息 {"status":"bad","msg":""}
2021-07-10 00:00:29 查询号码 【1758806】，GSD为【""】
2021-07-10 00:00:29 bad
2021-07-10 00:00:33 CHB 1758806?1625846429 第 1 次 等待 1 秒
2021-07-10 00:00:34 CHB 1758806?1625846429 第 1 次 获取到号码【1758806】GSD
2021-07-10 00:00:34 获取到号码【1758806】的GSD为【山东-德州】
2021-07-10 00:00:54 GSD insert 第 1 次 等待 1 秒
2021-07-10 00:00:55 {"status":"ok","msg":"添加成功！234998"}
2021-07-10 00:00:55 下次操作: 2021-07-10 00:01:06

2021-07-10 00:01:06 开始第 6 次操作

2021-07-10 00:01:06 开始操作号码 【1758807】
2021-07-10 00:01:27 GSD getOne 第 1 次 等待 1 秒
2021-07-10 00:01:28 查询号码 【1758807】，返回信息 {"status":"bad","msg":""}
2021-07-10 00:01:28 查询号码 【1758807】，GSD为【""】
2021-07-10 00:01:28 bad
2021-07-10 00:01:30 CHB 1758807?1625846488 第 1 次 等待 1 秒
2021-07-10 00:01:31 CHB 1758807?1625846488 第 1 次 获取到号码【1758807】GSD
2021-07-10 00:01:31 获取到号码【1758807】的GSD为【山东-德州】
2021-07-10 00:01:54 GSD insert 第 1 次 等待 1 秒
2021-07-10 00:01:55 {"status":"ok","msg":"添加成功！235013"}
2021-07-10 00:01:55 下次操作: 2021-07-10 00:02:06

2021-07-10 00:02:06 开始第 7 次操作

2021-07-10 00:02:06 开始操作号码 【1758808】
2021-07-10 00:02:28 GSD getOne 第 1 次 等待 1 秒
2021-07-10 00:02:29 查询号码 【1758808】，返回信息 {"status":"bad","msg":""}
2021-07-10 00:02:29 查询号码 【1758808】，GSD为【""】
2021-07-10 00:02:29 bad
2021-07-10 00:02:31 CHB 1758808?1625846549 第 1 次 等待 1 秒
2021-07-10 00:02:32 CHB 1758808?1625846549 第 1 次 获取到号码【1758808】GSD
2021-07-10 00:02:32 获取到号码【1758808】的GSD为【山东-德州】
2021-07-10 00:03:06 GSD insert 第 1 次 等待 1 秒
2021-07-10 00:03:07 {"status":"ok","msg":"添加成功！235028"}
2021-07-10 00:03:07 下次操作: 2021-07-10 00:03:18

2021-07-10 00:03:18 开始第 8 次操作

2021-07-10 00:03:18 开始操作号码 【1758809】
2021-07-10 00:03:28 GSD getOne 第 1 次 等待 1 秒
2021-07-10 00:03:29 查询号码 【1758809】，返回信息 {"status":"bad","msg":""}
2021-07-10 00:03:29 查询号码 【1758809】，GSD为【""】
2021-07-10 00:03:29 bad
2021-07-10 00:03:31 CHB 1758809?1625846609 第 1 次 等待 1 秒
2021-07-10 00:03:32 CHB 1758809?1625846609 第 1 次 获取到号码【1758809】GSD
2021-07-10 00:03:32 获取到号码【1758809】的GSD为【山东-德州】
2021-07-10 00:03:53 GSD insert 第 1 次 等待 1 秒
2021-07-10 00:03:54 {"status":"ok","msg":"添加成功！235035"}
2021-07-10 00:03:54 下次操作: 2021-07-10 00:04:00

2021-07-10 00:04:00 开始第 9 次操作

2021-07-10 00:04:00 开始操作号码 【1758810】
2021-07-10 00:04:18 GSD getOne 第 1 次 等待 1 秒
2021-07-10 00:04:19 查询号码 【1758810】，返回信息 {"status":"bad","msg":""}
2021-07-10 00:04:19 查询号码 【1758810】，GSD为【""】
2021-07-10 00:04:19 bad
2021-07-10 00:04:23 CHB 1758810?1625846659 第 1 次 等待 1 秒
2021-07-10 00:04:24 CHB 1758810?1625846659 第 1 次 获取到号码【1758810】GSD
2021-07-10 00:04:24 获取到号码【1758810】的GSD为【山东-济南】
2021-07-10 00:04:53 GSD insert 第 1 次 等待 1 秒
2021-07-10 00:04:54 {"status":"ok","msg":"添加成功！235045"}
2021-07-10 00:04:54 下次操作: 2021-07-10 00:05:12

2021-07-10 00:05:12 开始第 10 次操作

2021-07-10 00:05:12 开始操作号码 【1758811】
2021-07-10 00:05:21 GSD getOne 第 1 次 等待 1 秒
2021-07-10 00:05:22 查询号码 【1758811】，返回信息 {"status":"bad","msg":""}
2021-07-10 00:05:22 查询号码 【1758811】，GSD为【""】
2021-07-10 00:05:22 bad
2021-07-10 00:05:26 CHB 1758811?1625846722 第 1 次 等待 1 秒
2021-07-10 00:05:27 CHB 1758811?1625846722 第 1 次 获取到号码【1758811】GSD
2021-07-10 00:05:27 获取到号码【1758811】的GSD为【山东-济南】
2021-07-10 00:05:54 GSD insert 第 1 次 等待 1 秒
2021-07-10 00:05:55 {"status":"ok","msg":"添加成功！235054"}
2021-07-10 00:05:55 下次操作: 2021-07-10 00:06:01

2021-07-10 00:06:01 开始第 11 次操作

2021-07-10 00:06:01 开始操作号码 【1758812】
2021-07-10 00:06:19 GSD getOne 第 1 次 等待 1 秒
2021-07-10 00:06:20 查询号码 【1758812】，返回信息 {"status":"bad","msg":""}
2021-07-10 00:06:20 查询号码 【1758812】，GSD为【""】
2021-07-10 00:06:20 bad
2021-07-10 00:06:22 CHB 1758812?1625846780 第 1 次 等待 1 秒
2021-07-10 00:06:23 CHB 1758812?1625846780 第 1 次 获取到号码【1758812】GSD
2021-07-10 00:06:23 获取到号码【1758812】的GSD为【山东-济南】
2021-07-10 00:06:48 GSD insert 第 1 次 等待 1 秒
2021-07-10 00:06:49 {"status":"ok","msg":"添加成功！235066"}
2021-07-10 00:06:49 下次操作: 2021-07-10 00:07:02

2021-07-10 00:07:02 开始第 12 次操作

2021-07-10 00:07:02 开始操作号码 【1758813】
2021-07-10 00:07:14 GSD getOne 第 1 次 等待 1 秒
2021-07-10 00:07:15 查询号码 【1758813】，返回信息 {"status":"bad","msg":""}
2021-07-10 00:07:15 查询号码 【1758813】，GSD为【""】
2021-07-10 00:07:15 bad
2021-07-10 00:07:20 CHB 1758813?1625846835 第 1 次 等待 1 秒
2021-07-10 00:07:21 CHB 1758813?1625846835 第 1 次 获取到号码【1758813】GSD
2021-07-10 00:07:21 获取到号码【1758813】的GSD为【山东-济南】
2021-07-10 00:07:41 GSD insert 第 1 次 等待 1 秒
2021-07-10 00:07:42 {"status":"ok","msg":"添加成功！235075"}
2021-07-10 00:07:42 下次操作: 2021-07-10 00:07:56

2021-07-10 00:07:56 开始第 13 次操作

2021-07-10 00:07:56 开始操作号码 【1758814】
2021-07-10 00:08:03 GSD getOne 第 1 次 等待 1 秒
2021-07-10 00:08:04 查询号码 【1758814】，返回信息 {"status":"bad","msg":""}
2021-07-10 00:08:04 查询号码 【1758814】，GSD为【""】
2021-07-10 00:08:04 bad
2021-07-10 00:08:10 CHB 1758814?1625846884 第 1 次 等待 1 秒
2021-07-10 00:08:11 CHB 1758814?1625846884 第 1 次 获取到号码【1758814】GSD
2021-07-10 00:08:11 获取到号码【1758814】的GSD为【山东-济南】
2021-07-10 00:08:29 GSD insert 第 1 次 等待 1 秒
2021-07-10 00:08:30 {"status":"ok","msg":"添加成功！235082"}
2021-07-10 00:08:30 下次操作: 2021-07-10 00:08:44

2021-07-10 00:08:44 开始第 14 次操作

2021-07-10 00:08:44 开始操作号码 【1758815】
2021-07-10 00:08:49 GSD getOne 第 1 次 等待 1 秒
2021-07-10 00:08:50 查询号码 【1758815】，返回信息 {"status":"bad","msg":""}
2021-07-10 00:08:50 查询号码 【1758815】，GSD为【""】
2021-07-10 00:08:50 bad
2021-07-10 00:08:52 CHB 1758815?1625846930 第 1 次 等待 1 秒
2021-07-10 00:08:53 CHB 1758815?1625846930 第 1 次 获取到号码【1758815】GSD
2021-07-10 00:08:53 获取到号码【1758815】的GSD为【山东-青岛】
2021-07-10 00:09:12 GSD insert 第 1 次 等待 1 秒
2021-07-10 00:09:13 {"status":"ok","msg":"添加成功！235089"}
2021-07-10 00:09:13 下次操作: 2021-07-10 00:09:26

2021-07-10 00:09:26 开始第 15 次操作

2021-07-10 00:09:26 开始操作号码 【1758816】
2021-07-10 00:09:34 GSD getOne 第 1 次 等待 1 秒
2021-07-10 00:09:35 查询号码 【1758816】，返回信息 {"status":"bad","msg":""}
2021-07-10 00:09:35 查询号码 【1758816】，GSD为【""】
2021-07-10 00:09:35 bad
2021-07-10 00:09:37 CHB 1758816?1625846975 第 1 次 等待 1 秒
2021-07-10 00:09:38 CHB 1758816?1625846975 第 1 次 获取到号码【1758816】GSD
2021-07-10 00:09:38 获取到号码【1758816】的GSD为【山东-青岛】
2021-07-10 00:09:58 GSD insert 第 1 次 等待 1 秒
2021-07-10 00:09:59 {"status":"ok","msg":"添加成功！235094"}
2021-07-10 00:09:59 下次操作: 2021-07-10 00:10:11

2021-07-10 00:10:11 开始第 16 次操作

2021-07-10 00:10:11 开始操作号码 【1758817】
2021-07-10 00:10:20 GSD getOne 第 1 次 等待 1 秒
2021-07-10 00:10:21 查询号码 【1758817】，返回信息 {"status":"bad","msg":""}
2021-07-10 00:10:21 查询号码 【1758817】，GSD为【""】
2021-07-10 00:10:21 bad
2021-07-10 00:10:27 CHB 1758817?1625847021 第 1 次 等待 1 秒
2021-07-10 00:10:28 CHB 1758817?1625847021 第 1 次 获取到号码【1758817】GSD
2021-07-10 00:10:28 获取到号码【1758817】的GSD为【山东-青岛】
2021-07-10 00:10:54 GSD insert 第 1 次 等待 1 秒
2021-07-10 00:10:55 {"status":"ok","msg":"添加成功！235101"}
2021-07-10 00:10:55 下次操作: 2021-07-10 00:11:02

2021-07-10 00:11:02 开始第 17 次操作

2021-07-10 00:11:02 开始操作号码 【1758818】
2021-07-10 00:11:20 GSD getOne 第 1 次 等待 1 秒
2021-07-10 00:11:21 查询号码 【1758818】，返回信息 {"status":"bad","msg":""}
2021-07-10 00:11:21 查询号码 【1758818】，GSD为【""】
2021-07-10 00:11:21 bad
2021-07-10 00:11:34 CHB 1758818?1625847081 第 1 次 等待 1 秒
2021-07-10 00:11:35 CHB 1758818?1625847081 第 1 次 获取到号码【1758818】GSD
2021-07-10 00:11:35 获取到号码【1758818】的GSD为【山东-淄博】
2021-07-10 00:11:40 GSD insert 第 1 次 等待 1 秒
2021-07-10 00:11:41 {"status":"ok","msg":"添加成功！235105"}
2021-07-10 00:11:41 下次操作: 2021-07-10 00:11:59

2021-07-10 00:11:59 开始第 18 次操作

2021-07-10 00:11:59 开始操作号码 【1758819】
2021-07-10 00:12:01 GSD getOne 第 1 次 等待 1 秒
2021-07-10 00:12:02 查询号码 【1758819】，返回信息 {"status":"bad","msg":""}
2021-07-10 00:12:02 查询号码 【1758819】，GSD为【""】
2021-07-10 00:12:02 bad
2021-07-10 00:12:10 CHB 1758819?1625847122 第 1 次 等待 1 秒
2021-07-10 00:12:11 CHB 1758819?1625847122 第 1 次 获取到号码【1758819】GSD
2021-07-10 00:12:11 获取到号码【1758819】的GSD为【山东-淄博】
2021-07-10 00:12:23 GSD insert 第 1 次 等待 1 秒
2021-07-10 00:12:24 {"status":"ok","msg":"添加成功！235107"}
2021-07-10 00:12:24 下次操作: 2021-07-10 00:12:40

2021-07-10 00:12:40 开始第 19 次操作

2021-07-10 00:12:40 开始操作号码 【1758820】
2021-07-10 00:12:50 GSD getOne 第 1 次 等待 1 秒
2021-07-10 00:12:51 查询号码 【1758820】，返回信息 {"status":"bad","msg":""}
2021-07-10 00:12:51 查询号码 【1758820】，GSD为【""】
2021-07-10 00:12:51 bad
2021-07-10 00:12:54 CHB 1758820?1625847171 第 1 次 等待 1 秒
2021-07-10 00:12:55 CHB 1758820?1625847171 第 1 次 获取到号码【1758820】GSD
2021-07-10 00:12:55 获取到号码【1758820】的GSD为【山东-烟台】
2021-07-10 00:13:15 GSD insert 第 1 次 等待 1 秒
2021-07-10 00:13:16 {"status":"ok","msg":"添加成功！235111"}
2021-07-10 00:13:16 下次操作: 2021-07-10 00:13:32

2021-07-10 00:13:32 开始第 20 次操作

2021-07-10 00:13:32 开始操作号码 【1758821】
2021-07-10 00:13:42 GSD getOne 第 1 次 等待 1 秒
2021-07-10 00:13:43 查询号码 【1758821】，返回信息 {"status":"bad","msg":""}
2021-07-10 00:13:43 查询号码 【1758821】，GSD为【""】
2021-07-10 00:13:43 bad
2021-07-10 00:13:47 CHB 1758821?1625847223 第 1 次 等待 1 秒
2021-07-10 00:13:48 CHB 1758821?1625847223 第 1 次 获取到号码【1758821】GSD
2021-07-10 00:13:48 获取到号码【1758821】的GSD为【山东-烟台】
2021-07-10 00:14:06 GSD insert 第 1 次 等待 1 秒
2021-07-10 00:14:07 {"status":"ok","msg":"添加成功！235115"}
2021-07-10 00:14:07 下次操作: 2021-07-10 00:14:18

2021-07-10 00:14:18 开始第 21 次操作

2021-07-10 00:14:18 开始操作号码 【1758822】
2021-07-10 00:14:29 GSD getOne 第 1 次 等待 1 秒
2021-07-10 00:14:30 查询号码 【1758822】，返回信息 {"status":"bad","msg":""}
2021-07-10 00:14:30 查询号码 【1758822】，GSD为【""】
2021-07-10 00:14:30 bad
2021-07-10 00:14:37 CHB 1758822?1625847270 第 1 次 等待 1 秒
2021-07-10 00:14:38 CHB 1758822?1625847270 第 1 次 获取到号码【1758822】GSD
2021-07-10 00:14:38 获取到号码【1758822】的GSD为【山东-泰安】
2021-07-10 00:14:58 GSD insert 第 1 次 等待 1 秒
2021-07-10 00:14:59 {"status":"ok","msg":"添加成功！235119"}
2021-07-10 00:14:59 下次操作: 2021-07-10 00:15:10

2021-07-10 00:15:10 开始第 22 次操作

2021-07-10 00:15:10 开始操作号码 【1758823】
2021-07-10 00:15:29 GSD getOne 第 1 次 等待 1 秒
2021-07-10 00:15:30 查询号码 【1758823】，返回信息 {"status":"bad","msg":""}
2021-07-10 00:15:30 查询号码 【1758823】，GSD为【""】
2021-07-10 00:15:30 bad
2021-07-10 00:15:32 CHB 1758823?1625847330 第 1 次 等待 1 秒
2021-07-10 00:15:33 CHB 1758823?1625847330 第 1 次 获取到号码【1758823】GSD
2021-07-10 00:15:33 获取到号码【1758823】的GSD为【山东-聊城】
2021-07-10 00:15:53 GSD insert 第 1 次 等待 1 秒
2021-07-10 00:15:54 {"status":"ok","msg":"添加成功！235121"}
2021-07-10 00:15:54 下次操作: 2021-07-10 00:16:11

2021-07-10 00:16:11 开始第 23 次操作

2021-07-10 00:16:11 开始操作号码 【1758824】
2021-07-10 00:16:20 GSD getOne 第 1 次 等待 1 秒
2021-07-10 00:16:21 查询号码 【1758824】，返回信息 {"status":"bad","msg":""}
2021-07-10 00:16:21 查询号码 【1758824】，GSD为【""】
2021-07-10 00:16:21 bad
2021-07-10 00:16:23 CHB 1758824?1625847381 第 1 次 等待 1 秒
2021-07-10 00:16:24 CHB 1758824?1625847381 第 1 次 获取到号码【1758824】GSD
2021-07-10 00:16:24 获取到号码【1758824】的GSD为【山东-聊城】
2021-07-10 00:16:50 GSD insert 第 1 次 等待 1 秒
2021-07-10 00:16:51 {"status":"ok","msg":"添加成功！235127"}
2021-07-10 00:16:51 下次操作: 2021-07-10 00:17:03

2021-07-10 00:17:03 开始第 24 次操作

2021-07-10 00:17:03 开始操作号码 【1758825】
2021-07-10 00:19:14 GSD getOne 第 1 次 等待 1 秒
2021-07-10 00:21:25 GSD getOne 第 2 次 等待 1 秒
2021-07-10 00:21:32 GSD getOne 第 3 次 等待 1 秒
2021-07-10 00:21:33 查询号码 【1758825】，返回信息 {"status":"bad","msg":""}
2021-07-10 00:21:33 查询号码 【1758825】，GSD为【""】
2021-07-10 00:21:33 bad
2021-07-10 00:21:35 CHB 1758825?1625847693 第 1 次 等待 1 秒
2021-07-10 00:21:36 CHB 1758825?1625847693 第 1 次 获取到号码【1758825】GSD
2021-07-10 00:21:36 获取到号码【1758825】的GSD为【山东-聊城】
2021-07-10 00:21:56 GSD insert 第 1 次 等待 1 秒
2021-07-10 00:21:57 {"status":"ok","msg":"添加成功！235138"}
2021-07-10 00:21:57 下次操作: 2021-07-10 00:22:07

2021-07-10 00:22:07 开始第 25 次操作

2021-07-10 00:22:07 开始操作号码 【1758826】
2021-07-10 00:24:17 GSD getOne 第 1 次 等待 1 秒
2021-07-10 00:24:32 GSD getOne 第 2 次 等待 1 秒
2021-07-10 00:24:33 查询号码 【1758826】，返回信息 {"status":"bad","msg":""}
2021-07-10 00:24:33 查询号码 【1758826】，GSD为【""】
2021-07-10 00:24:33 bad
2021-07-10 00:24:37 CHB 1758826?1625847873 第 1 次 等待 1 秒
2021-07-10 00:24:38 CHB 1758826?1625847873 第 1 次 获取到号码【1758826】GSD
2021-07-10 00:24:38 获取到号码【1758826】的GSD为【山东-聊城】
2021-07-10 00:25:16 GSD insert 第 1 次 等待 1 秒
2021-07-10 00:25:17 {"status":"ok","msg":"添加成功！235144"}
2021-07-10 00:25:17 下次操作: 2021-07-10 00:25:26

2021-07-10 00:25:26 开始第 26 次操作

2021-07-10 00:25:26 开始操作号码 【1758827】
2021-07-10 00:26:34 GSD getOne 第 1 次 等待 1 秒
2021-07-10 00:26:35 查询号码 【1758827】，返回信息 {"status":"bad","msg":""}
2021-07-10 00:26:35 查询号码 【1758827】，GSD为【""】
2021-07-10 00:26:35 bad
2021-07-10 00:26:37 CHB 1758827?1625847995 第 1 次 等待 1 秒
2021-07-10 00:26:38 CHB 1758827?1625847995 第 1 次 获取到号码【1758827】GSD
2021-07-10 00:26:38 获取到号码【1758827】的GSD为【山东-菏泽】
2021-07-10 00:27:49 GSD insert 第 1 次 等待 1 秒
2021-07-10 00:27:50 {"status":"ok","msg":"添加成功！235151"}
2021-07-10 00:27:50 下次操作: 2021-07-10 00:28:06

2021-07-10 00:28:06 开始第 27 次操作

2021-07-10 00:28:06 开始操作号码 【1758828】
2021-07-10 00:28:10 GSD getOne 第 1 次 等待 1 秒
2021-07-10 00:28:11 查询号码 【1758828】，返回信息 {"status":"bad","msg":""}
2021-07-10 00:28:12 查询号码 【1758828】，GSD为【""】
2021-07-10 00:28:12 bad
2021-07-10 00:28:15 CHB 1758828?1625848092 第 1 次 等待 1 秒
2021-07-10 00:28:16 CHB 1758828?1625848092 第 1 次 获取到号码【1758828】GSD
2021-07-10 00:28:16 获取到号码【1758828】的GSD为【山东-菏泽】
2021-07-10 00:28:42 GSD insert 第 1 次 等待 1 秒
2021-07-10 00:28:43 {"status":"ok","msg":"添加成功！235154"}
2021-07-10 00:28:43 下次操作: 2021-07-10 00:28:52

2021-07-10 00:28:52 开始第 28 次操作

2021-07-10 00:28:52 开始操作号码 【1758829】
2021-07-10 00:31:02 GSD getOne 第 1 次 等待 1 秒
2021-07-10 00:31:09 GSD getOne 第 2 次 等待 1 秒
2021-07-10 00:31:10 查询号码 【1758829】，返回信息 {"status":"bad","msg":""}
2021-07-10 00:31:10 查询号码 【1758829】，GSD为【""】
2021-07-10 00:31:10 bad
2021-07-10 00:31:12 CHB 1758829?1625848270 第 1 次 等待 1 秒
2021-07-10 00:31:13 CHB 1758829?1625848270 第 1 次 获取到号码【1758829】GSD
2021-07-10 00:31:13 获取到号码【1758829】的GSD为【山东-菏泽】
2021-07-10 00:32:24 GSD insert 第 1 次 等待 1 秒
2021-07-10 00:32:25 {"status":"ok","msg":"添加成功！235164"}
2021-07-10 00:32:25 下次操作: 2021-07-10 00:32:36

2021-07-10 00:32:36 开始第 29 次操作

2021-07-10 00:32:36 开始操作号码 【1758830】
2021-07-10 00:32:47 GSD getOne 第 1 次 等待 1 秒
2021-07-10 00:32:48 查询号码 【1758830】，返回信息 {"status":"bad","msg":""}
2021-07-10 00:32:48 查询号码 【1758830】，GSD为【""】
2021-07-10 00:32:48 bad
2021-07-10 00:32:51 CHB 1758830?1625848368 第 1 次 等待 1 秒
2021-07-10 00:32:52 CHB 1758830?1625848368 第 1 次 获取到号码【1758830】GSD
2021-07-10 00:32:52 获取到号码【1758830】的GSD为【山东-潍坊】
2021-07-10 00:33:11 GSD insert 第 1 次 等待 1 秒
2021-07-10 00:33:12 {"status":"ok","msg":"添加成功！235165"}
2021-07-10 00:33:12 下次操作: 2021-07-10 00:33:25

2021-07-10 00:33:25 开始第 30 次操作

2021-07-10 00:33:25 开始操作号码 【1758831】
2021-07-10 00:35:35 GSD getOne 第 1 次 等待 1 秒
2021-07-10 00:37:46 GSD getOne 第 2 次 等待 1 秒
2021-07-10 00:37:54 GSD getOne 第 3 次 等待 1 秒
2021-07-10 00:37:55 查询号码 【1758831】，返回信息 {"status":"bad","msg":""}
2021-07-10 00:37:55 查询号码 【1758831】，GSD为【""】
2021-07-10 00:37:55 bad
2021-07-10 00:37:58 CHB 1758831?1625848675 第 1 次 等待 1 秒
2021-07-10 00:37:59 CHB 1758831?1625848675 第 1 次 获取到号码【1758831】GSD
2021-07-10 00:37:59 获取到号码【1758831】的GSD为【山东-潍坊】
2021-07-10 00:38:34 GSD insert 第 1 次 等待 1 秒
2021-07-10 00:38:35 {"status":"ok","msg":"添加成功！235176"}

2021-07-10 01:36:44 开始第 1 次操作

2021-07-10 01:36:44 开始操作号码 【1758832】
2021-07-10 01:36:49 GSD getOne 第 1 次 等待 1 秒
2021-07-10 01:36:50 查询号码 【1758832】，返回信息 {"status":"bad","msg":""}
2021-07-10 01:36:50 查询号码 【1758832】，GSD为【""】
2021-07-10 01:36:50 bad
2021-07-10 01:36:53 CHB 1758832?1625852210 第 1 次 等待 1 秒
2021-07-10 01:36:54 CHB 1758832?1625852210 第 1 次 获取到号码【1758832】GSD
2021-07-10 01:36:54 获取到号码【1758832】的GSD为【山东-潍坊】
2021-07-10 01:37:13 GSD insert 第 1 次 等待 1 秒
2021-07-10 01:37:14 {"status":"ok","msg":"添加成功！235431"}
2021-07-10 01:37:14 下次操作: 2021-07-10 01:37:26

2021-07-10 01:37:26 开始第 2 次操作

2021-07-10 01:37:26 开始操作号码 【1758833】
2021-07-10 01:37:37 GSD getOne 第 1 次 等待 1 秒
2021-07-10 01:37:38 查询号码 【1758833】，返回信息 {"status":"bad","msg":""}
2021-07-10 01:37:38 查询号码 【1758833】，GSD为【""】
2021-07-10 01:37:38 bad
2021-07-10 01:37:43 CHB 1758833?1625852258 第 1 次 等待 1 秒
2021-07-10 01:37:44 CHB 1758833?1625852258 第 1 次 获取到号码【1758833】GSD
2021-07-10 01:37:44 获取到号码【1758833】的GSD为【山东-潍坊】
2021-07-10 01:38:02 GSD insert 第 1 次 等待 1 秒
2021-07-10 01:38:03 {"status":"ok","msg":"添加成功！235443"}
2021-07-10 01:38:03 下次操作: 2021-07-10 01:38:14

2021-07-10 01:38:14 开始第 3 次操作

2021-07-10 01:38:14 开始操作号码 【1758834】
2021-07-10 01:38:25 GSD getOne 第 1 次 等待 1 秒
2021-07-10 01:38:26 查询号码 【1758834】，返回信息 {"status":"bad","msg":""}
2021-07-10 01:38:26 查询号码 【1758834】，GSD为【""】
2021-07-10 01:38:26 bad
2021-07-10 01:38:30 CHB 1758834?1625852306 第 1 次 等待 1 秒
2021-07-10 01:38:31 CHB 1758834?1625852306 第 1 次 获取到号码【1758834】GSD
2021-07-10 01:38:31 获取到号码【1758834】的GSD为【山东-临沂】
2021-07-10 01:38:50 GSD insert 第 1 次 等待 1 秒
2021-07-10 01:38:51 {"status":"ok","msg":"添加成功！235449"}
2021-07-10 01:38:51 下次操作: 2021-07-10 01:39:04

2021-07-10 01:39:04 开始第 4 次操作

2021-07-10 01:39:04 开始操作号码 【1758835】
2021-07-10 01:39:14 GSD getOne 第 1 次 等待 1 秒
2021-07-10 01:39:15 查询号码 【1758835】，返回信息 {"status":"bad","msg":""}
2021-07-10 01:39:15 查询号码 【1758835】，GSD为【""】
2021-07-10 01:39:15 bad
2021-07-10 01:39:17 CHB 1758835?1625852355 第 1 次 等待 1 秒
2021-07-10 01:39:18 CHB 1758835?1625852355 第 1 次 获取到号码【1758835】GSD
2021-07-10 01:39:18 获取到号码【1758835】的GSD为【山东-临沂】
2021-07-10 01:39:36 GSD insert 第 1 次 等待 1 秒
2021-07-10 01:39:37 {"status":"ok","msg":"添加成功！235455"}
2021-07-10 01:39:37 下次操作: 2021-07-10 01:39:49

2021-07-10 01:39:49 开始第 5 次操作

2021-07-10 01:39:49 开始操作号码 【1758836】
2021-07-10 01:39:59 GSD getOne 第 1 次 等待 1 秒
2021-07-10 01:40:00 查询号码 【1758836】，返回信息 {"status":"bad","msg":""}
2021-07-10 01:40:00 查询号码 【1758836】，GSD为【""】
2021-07-10 01:40:00 bad
2021-07-10 01:40:02 CHB 1758836?1625852400 第 1 次 等待 1 秒
2021-07-10 01:40:03 CHB 1758836?1625852400 第 1 次 获取到号码【1758836】GSD
2021-07-10 01:40:03 获取到号码【1758836】的GSD为【山东-临沂】
2021-07-10 01:40:22 GSD insert 第 1 次 等待 1 秒
2021-07-10 01:40:23 {"status":"ok","msg":"添加成功！235459"}
2021-07-10 01:40:23 下次操作: 2021-07-10 01:40:35

2021-07-10 01:40:35 开始第 6 次操作

2021-07-10 01:40:35 开始操作号码 【1758837】
2021-07-10 01:40:45 GSD getOne 第 1 次 等待 1 秒
2021-07-10 01:40:46 查询号码 【1758837】，返回信息 {"status":"bad","msg":""}
2021-07-10 01:40:46 查询号码 【1758837】，GSD为【""】
2021-07-10 01:40:46 bad
2021-07-10 01:40:48 CHB 1758837?1625852446 第 1 次 等待 1 秒
2021-07-10 01:40:49 CHB 1758837?1625852446 第 1 次 获取到号码【1758837】GSD
2021-07-10 01:40:49 获取到号码【1758837】的GSD为【山东-临沂】
2021-07-10 01:41:07 GSD insert 第 1 次 等待 1 秒
2021-07-10 01:41:08 {"status":"ok","msg":"添加成功！235464"}
2021-07-10 01:41:08 下次操作: 2021-07-10 01:41:22

2021-07-10 01:41:22 开始第 7 次操作

2021-07-10 01:41:22 开始操作号码 【1758838】
2021-07-10 01:41:28 GSD getOne 第 1 次 等待 1 秒
2021-07-10 01:41:29 查询号码 【1758838】，返回信息 {"status":"bad","msg":""}
2021-07-10 01:41:29 查询号码 【1758838】，GSD为【""】
2021-07-10 01:41:29 bad
2021-07-10 01:41:33 CHB 1758838?1625852489 第 1 次 等待 1 秒
2021-07-10 01:41:34 CHB 1758838?1625852489 第 1 次 获取到号码【1758838】GSD
2021-07-10 01:41:34 获取到号码【1758838】的GSD为【山东-临沂】
2021-07-10 01:41:52 GSD insert 第 1 次 等待 1 秒
2021-07-10 01:41:53 {"status":"ok","msg":"添加成功！235469"}
2021-07-10 01:41:53 下次操作: 2021-07-10 01:42:09

2021-07-10 01:42:09 开始第 8 次操作

2021-07-10 01:42:09 开始操作号码 【1758839】
2021-07-10 01:42:12 GSD getOne 第 1 次 等待 1 秒
2021-07-10 01:42:13 查询号码 【1758839】，返回信息 {"status":"bad","msg":""}
2021-07-10 01:42:13 查询号码 【1758839】，GSD为【""】
2021-07-10 01:42:13 bad
2021-07-10 01:42:16 CHB 1758839?1625852533 第 1 次 等待 1 秒
2021-07-10 01:42:17 CHB 1758839?1625852533 第 1 次 获取到号码【1758839】GSD
2021-07-10 01:42:17 获取到号码【1758839】的GSD为【山东-临沂】
2021-07-10 01:42:35 GSD insert 第 1 次 等待 1 秒
2021-07-10 01:42:36 {"status":"ok","msg":"添加成功！235477"}
2021-07-10 01:42:36 下次操作: 2021-07-10 01:42:52

2021-07-10 01:42:52 开始第 9 次操作

2021-07-10 01:42:52 开始操作号码 【1758840】
2021-07-10 01:42:56 GSD getOne 第 1 次 等待 1 秒
2021-07-10 01:42:57 查询号码 【1758840】，返回信息 {"status":"bad","msg":""}
2021-07-10 01:42:57 查询号码 【1758840】，GSD为【""】
2021-07-10 01:42:57 bad
2021-07-10 01:42:58 CHB 1758840?1625852577 第 1 次 等待 1 秒
2021-07-10 01:42:59 CHB 1758840?1625852577 第 1 次 获取到号码【1758840】GSD
2021-07-10 01:42:59 获取到号码【1758840】的GSD为【广东-惠州】
2021-07-10 01:43:17 GSD insert 第 1 次 等待 1 秒
2021-07-10 01:43:18 {"status":"ok","msg":"添加成功！235483"}
2021-07-10 01:43:18 下次操作: 2021-07-10 01:43:25

2021-07-10 01:43:25 开始第 10 次操作

2021-07-10 01:43:25 开始操作号码 【1758841】
2021-07-10 01:43:45 GSD getOne 第 1 次 等待 1 秒
2021-07-10 01:43:46 查询号码 【1758841】，返回信息 {"status":"bad","msg":""}
2021-07-10 01:43:46 查询号码 【1758841】，GSD为【""】
2021-07-10 01:43:46 bad
2021-07-10 01:43:47 CHB 1758841?1625852626 第 1 次 等待 1 秒
2021-07-10 01:43:48 CHB 1758841?1625852626 第 1 次 获取到号码【1758841】GSD
2021-07-10 01:43:48 获取到号码【1758841】的GSD为【广东-惠州】
2021-07-10 01:44:06 GSD insert 第 1 次 等待 1 秒
2021-07-10 01:44:07 {"status":"ok","msg":"添加成功！235493"}
2021-07-10 01:44:07 下次操作: 2021-07-10 01:44:17

2021-07-10 01:44:17 开始第 11 次操作

2021-07-10 01:44:17 开始操作号码 【1758842】
2021-07-10 01:44:28 GSD getOne 第 1 次 等待 1 秒
2021-07-10 01:44:29 查询号码 【1758842】，返回信息 {"status":"bad","msg":""}
2021-07-10 01:44:29 查询号码 【1758842】，GSD为【""】
2021-07-10 01:44:29 bad
2021-07-10 01:44:31 CHB 1758842?1625852669 第 1 次 等待 1 秒
2021-07-10 01:44:32 CHB 1758842?1625852669 第 1 次 获取到号码【1758842】GSD
2021-07-10 01:44:32 获取到号码【1758842】的GSD为【广东-惠州】
2021-07-10 01:44:50 GSD insert 第 1 次 等待 1 秒
2021-07-10 01:44:51 {"status":"ok","msg":"添加成功！235505"}
2021-07-10 01:44:51 下次操作: 2021-07-10 01:45:05

2021-07-10 01:45:05 开始第 12 次操作

2021-07-10 01:45:05 开始操作号码 【1758843】
2021-07-10 01:45:15 GSD getOne 第 1 次 等待 1 秒
2021-07-10 01:45:16 查询号码 【1758843】，返回信息 {"status":"bad","msg":""}
2021-07-10 01:45:16 查询号码 【1758843】，GSD为【""】
2021-07-10 01:45:16 bad
2021-07-10 01:45:18 CHB 1758843?1625852716 第 1 次 等待 1 秒
2021-07-10 01:45:19 CHB 1758843?1625852716 第 1 次 获取到号码【1758843】GSD
2021-07-10 01:45:19 获取到号码【1758843】的GSD为【广东-惠州】
2021-07-10 01:45:37 GSD insert 第 1 次 等待 1 秒
2021-07-10 01:45:38 {"status":"ok","msg":"添加成功！235517"}
2021-07-10 01:45:38 下次操作: 2021-07-10 01:45:56

2021-07-10 01:45:56 开始第 13 次操作

2021-07-10 01:45:56 开始操作号码 【1758844】
2021-07-10 01:46:00 GSD getOne 第 1 次 等待 1 秒
2021-07-10 01:46:01 查询号码 【1758844】，返回信息 {"status":"bad","msg":""}
2021-07-10 01:46:01 查询号码 【1758844】，GSD为【""】
2021-07-10 01:46:01 bad
2021-07-10 01:46:03 CHB 1758844?1625852761 第 1 次 等待 1 秒
2021-07-10 01:46:04 CHB 1758844?1625852761 第 1 次 获取到号码【1758844】GSD
2021-07-10 01:46:04 获取到号码【1758844】的GSD为【广东-惠州】
2021-07-10 01:46:22 GSD insert 第 1 次 等待 1 秒
2021-07-10 01:46:23 {"status":"ok","msg":"添加成功！235527"}
2021-07-10 01:46:23 下次操作: 2021-07-10 01:46:40

2021-07-10 01:46:40 开始第 14 次操作

2021-07-10 01:46:40 开始操作号码 【1758845】
2021-07-10 01:46:42 GSD getOne 第 1 次 等待 1 秒
2021-07-10 01:46:43 查询号码 【1758845】，返回信息 {"status":"bad","msg":""}
2021-07-10 01:46:43 查询号码 【1758845】，GSD为【""】
2021-07-10 01:46:43 bad
2021-07-10 01:46:46 CHB 1758845?1625852803 第 1 次 等待 1 秒
2021-07-10 01:46:47 CHB 1758845?1625852803 第 1 次 获取到号码【1758845】GSD
2021-07-10 01:46:47 获取到号码【1758845】的GSD为【广东-惠州】
2021-07-10 01:47:05 GSD insert 第 1 次 等待 1 秒
2021-07-10 01:47:06 {"status":"ok","msg":"添加成功！235537"}
2021-07-10 01:47:06 下次操作: 2021-07-10 01:47:15

2021-07-10 01:47:15 开始第 15 次操作

2021-07-10 01:47:15 开始操作号码 【1758846】
2021-07-10 01:47:35 GSD getOne 第 1 次 等待 1 秒
2021-07-10 01:47:36 查询号码 【1758846】，返回信息 {"status":"bad","msg":""}
2021-07-10 01:47:36 查询号码 【1758846】，GSD为【""】
2021-07-10 01:47:36 bad
2021-07-10 01:47:38 CHB 1758846?1625852856 第 1 次 等待 1 秒
2021-07-10 01:47:39 CHB 1758846?1625852856 第 1 次 获取到号码【1758846】GSD
2021-07-10 01:47:39 获取到号码【1758846】的GSD为【广东-惠州】
2021-07-10 01:48:00 GSD insert 第 1 次 等待 1 秒
2021-07-10 01:48:01 {"status":"ok","msg":"添加成功！235551"}
2021-07-10 01:48:01 下次操作: 2021-07-10 01:48:08

2021-07-10 01:48:08 开始第 16 次操作

2021-07-10 01:48:08 开始操作号码 【1758847】
2021-07-10 01:48:26 GSD getOne 第 1 次 等待 1 秒
2021-07-10 01:48:27 查询号码 【1758847】，返回信息 {"status":"bad","msg":""}
2021-07-10 01:48:27 查询号码 【1758847】，GSD为【""】
2021-07-10 01:48:27 bad
2021-07-10 01:48:29 CHB 1758847?1625852907 第 1 次 等待 1 秒
2021-07-10 01:48:30 CHB 1758847?1625852907 第 1 次 获取到号码【1758847】GSD
2021-07-10 01:48:30 获取到号码【1758847】的GSD为【广东-阳江】
2021-07-10 01:48:49 GSD insert 第 1 次 等待 1 秒
2021-07-10 01:48:50 {"status":"ok","msg":"添加成功！235561"}
2021-07-10 01:48:50 下次操作: 2021-07-10 01:49:03

2021-07-10 01:49:03 开始第 17 次操作

2021-07-10 01:49:03 开始操作号码 【1758848】
2021-07-10 01:49:14 GSD getOne 第 1 次 等待 1 秒
2021-07-10 01:49:15 查询号码 【1758848】，返回信息 {"status":"bad","msg":""}
2021-07-10 01:49:15 查询号码 【1758848】，GSD为【""】
2021-07-10 01:49:15 bad
2021-07-10 01:49:16 CHB 1758848?1625852955 第 1 次 等待 1 秒
2021-07-10 01:49:17 CHB 1758848?1625852955 第 1 次 获取到号码【1758848】GSD
2021-07-10 01:49:18 获取到号码【1758848】的GSD为【广东-阳江】
2021-07-10 01:49:35 GSD insert 第 1 次 等待 1 秒
2021-07-10 01:49:36 {"status":"ok","msg":"添加成功！235569"}
2021-07-10 01:49:36 下次操作: 2021-07-10 01:49:49

2021-07-10 01:49:49 开始第 18 次操作

2021-07-10 01:49:49 开始操作号码 【1758849】
2021-07-10 01:50:00 GSD getOne 第 1 次 等待 1 秒
2021-07-10 01:50:01 查询号码 【1758849】，返回信息 {"status":"bad","msg":""}
2021-07-10 01:50:02 查询号码 【1758849】，GSD为【""】
2021-07-10 01:50:02 bad
2021-07-10 01:50:03 CHB 1758849?1625853002 第 1 次 等待 1 秒
2021-07-10 01:50:04 CHB 1758849?1625853002 第 1 次 获取到号码【1758849】GSD
2021-07-10 01:50:04 获取到号码【1758849】的GSD为【广东-阳江】
2021-07-10 01:50:24 GSD insert 第 1 次 等待 1 秒
2021-07-10 01:50:25 {"status":"ok","msg":"添加成功！235578"}
2021-07-10 01:50:25 下次操作: 2021-07-10 01:50:33

2021-07-10 01:50:33 开始第 19 次操作

2021-07-10 01:50:33 开始操作号码 【1758850】
2021-07-10 01:50:52 GSD getOne 第 1 次 等待 1 秒
2021-07-10 01:50:53 查询号码 【1758850】，返回信息 {"status":"bad","msg":""}
2021-07-10 01:50:53 查询号码 【1758850】，GSD为【""】
2021-07-10 01:50:53 bad
2021-07-10 01:50:55 CHB 1758850?1625853053 第 1 次 等待 1 秒
2021-07-10 01:50:56 CHB 1758850?1625853053 第 1 次 获取到号码【1758850】GSD
2021-07-10 01:50:56 获取到号码【1758850】的GSD为【贵州-贵阳】
2021-07-10 01:51:15 GSD insert 第 1 次 等待 1 秒
2021-07-10 01:51:16 {"status":"ok","msg":"添加成功！235586"}
2021-07-10 01:51:16 下次操作: 2021-07-10 01:51:23

2021-07-10 01:51:23 开始第 20 次操作

2021-07-10 01:51:23 开始操作号码 【1758851】
2021-07-10 01:51:41 GSD getOne 第 1 次 等待 1 秒
2021-07-10 01:51:42 查询号码 【1758851】，返回信息 {"status":"bad","msg":""}
2021-07-10 01:51:42 查询号码 【1758851】，GSD为【""】
2021-07-10 01:51:42 bad
2021-07-10 01:51:44 CHB 1758851?1625853102 第 1 次 等待 1 秒
2021-07-10 01:51:45 CHB 1758851?1625853102 第 1 次 获取到号码【1758851】GSD
2021-07-10 01:51:45 获取到号码【1758851】的GSD为【贵州-贵阳】
2021-07-10 01:52:04 GSD insert 第 1 次 等待 1 秒
2021-07-10 01:52:05 {"status":"ok","msg":"添加成功！235595"}
2021-07-10 01:52:05 下次操作: 2021-07-10 01:52:16

2021-07-10 01:52:16 开始第 21 次操作

2021-07-10 01:52:16 开始操作号码 【1758852】
2021-07-10 01:52:27 GSD getOne 第 1 次 等待 1 秒
2021-07-10 01:52:29 查询号码 【1758852】，返回信息 {"status":"bad","msg":""}
2021-07-10 01:52:29 查询号码 【1758852】，GSD为【""】
2021-07-10 01:52:29 bad
2021-07-10 01:52:31 CHB 1758852?1625853149 第 1 次 等待 1 秒
2021-07-10 01:52:32 CHB 1758852?1625853149 第 1 次 获取到号码【1758852】GSD
2021-07-10 01:52:32 获取到号码【1758852】的GSD为【贵州-遵义】
2021-07-10 01:52:50 GSD insert 第 1 次 等待 1 秒
2021-07-10 01:52:51 {"status":"ok","msg":"添加成功！235603"}
2021-07-10 01:52:51 下次操作: 2021-07-10 01:53:00

2021-07-10 01:53:00 开始第 22 次操作

2021-07-10 01:53:00 开始操作号码 【1758853】
2021-07-10 01:53:20 GSD getOne 第 1 次 等待 1 秒
2021-07-10 01:53:21 查询号码 【1758853】，返回信息 {"status":"bad","msg":""}
2021-07-10 01:53:21 查询号码 【1758853】，GSD为【""】
2021-07-10 01:53:21 bad
2021-07-10 01:53:22 CHB 1758853?1625853201 第 1 次 等待 1 秒
2021-07-10 01:53:23 CHB 1758853?1625853201 第 1 次 获取到号码【1758853】GSD
2021-07-10 01:53:23 获取到号码【1758853】的GSD为【贵州-安顺】
2021-07-10 01:53:43 GSD insert 第 1 次 等待 1 秒
2021-07-10 01:53:44 {"status":"ok","msg":"添加成功！235618"}
2021-07-10 01:53:44 下次操作: 2021-07-10 01:53:55

2021-07-10 01:53:55 开始第 23 次操作

2021-07-10 01:53:55 开始操作号码 【1758854】
2021-07-10 01:54:06 GSD getOne 第 1 次 等待 1 秒
2021-07-10 01:54:07 查询号码 【1758854】，返回信息 {"status":"bad","msg":""}
2021-07-10 01:54:07 查询号码 【1758854】，GSD为【""】
2021-07-10 01:54:07 bad
2021-07-10 01:54:09 CHB 1758854?1625853247 第 1 次 等待 1 秒
2021-07-10 01:54:10 CHB 1758854?1625853247 第 1 次 获取到号码【1758854】GSD
2021-07-10 01:54:10 获取到号码【1758854】的GSD为【贵州-黔南】
2021-07-10 01:54:28 GSD insert 第 1 次 等待 1 秒
2021-07-10 01:54:29 {"status":"ok","msg":"添加成功！235627"}
2021-07-10 01:54:29 下次操作: 2021-07-10 01:54:44

2021-07-10 01:54:44 开始第 24 次操作

2021-07-10 01:54:44 开始操作号码 【1758855】
2021-07-10 01:54:51 GSD getOne 第 1 次 等待 1 秒
2021-07-10 01:54:52 查询号码 【1758855】，返回信息 {"status":"bad","msg":""}
2021-07-10 01:54:52 查询号码 【1758855】，GSD为【""】
2021-07-10 01:54:52 bad
2021-07-10 01:54:53 CHB 1758855?1625853292 第 1 次 等待 1 秒
2021-07-10 01:54:54 CHB 1758855?1625853292 第 1 次 获取到号码【1758855】GSD
2021-07-10 01:54:54 获取到号码【1758855】的GSD为【贵州-黔东南】
2021-07-10 01:55:12 GSD insert 第 1 次 等待 1 秒
2021-07-10 01:55:13 {"status":"ok","msg":"添加成功！235637"}
2021-07-10 01:55:13 下次操作: 2021-07-10 01:55:19

2021-07-10 01:55:19 开始第 25 次操作

2021-07-10 01:55:19 开始操作号码 【1758856】
2021-07-10 01:55:38 GSD getOne 第 1 次 等待 1 秒
2021-07-10 01:55:39 查询号码 【1758856】，返回信息 {"status":"bad","msg":""}
2021-07-10 01:55:39 查询号码 【1758856】，GSD为【""】
2021-07-10 01:55:39 bad
2021-07-10 01:55:41 CHB 1758856?1625853339 第 1 次 等待 1 秒
2021-07-10 01:55:42 CHB 1758856?1625853339 第 1 次 获取到号码【1758856】GSD
2021-07-10 01:55:43 获取到号码【1758856】的GSD为【贵州-铜仁】
2021-07-10 01:56:03 GSD insert 第 1 次 等待 1 秒
2021-07-10 01:56:04 {"status":"ok","msg":"添加成功！235645"}
2021-07-10 01:56:04 下次操作: 2021-07-10 01:56:15

2021-07-10 01:56:15 开始第 26 次操作

2021-07-10 01:56:15 开始操作号码 【1758857】
2021-07-10 01:56:26 GSD getOne 第 1 次 等待 1 秒
2021-07-10 01:56:27 查询号码 【1758857】，返回信息 {"status":"bad","msg":""}
2021-07-10 01:56:27 查询号码 【1758857】，GSD为【""】
2021-07-10 01:56:27 bad
2021-07-10 01:56:29 CHB 1758857?1625853387 第 1 次 等待 1 秒
2021-07-10 01:56:30 CHB 1758857?1625853387 第 1 次 获取到号码【1758857】GSD
2021-07-10 01:56:30 获取到号码【1758857】的GSD为【贵州-毕节】
2021-07-10 01:56:49 GSD insert 第 1 次 等待 1 秒
2021-07-10 01:56:50 {"status":"ok","msg":"添加成功！235655"}
2021-07-10 01:56:50 下次操作: 2021-07-10 01:57:04

2021-07-10 01:57:04 开始第 27 次操作

2021-07-10 01:57:04 开始操作号码 【1758858】
2021-07-10 01:57:11 GSD getOne 第 1 次 等待 1 秒
2021-07-10 01:57:12 查询号码 【1758858】，返回信息 {"status":"ok","msg":"贵州-六盘水","time_insert":"2021-05-31 21:27","time_update":"2021-06-10 18:19"}
2021-07-10 01:57:12 查询号码 【1758858】，GSD为【"贵州-六盘水"】

2021-07-10 01:57:12 开始第 27 次操作

2021-07-10 01:57:12 开始操作号码 【1758859】
2021-07-10 01:57:48 GSD getOne 第 1 次 等待 1 秒
2021-07-10 01:57:49 查询号码 【1758859】，返回信息 {"status":"bad","msg":""}
2021-07-10 01:57:49 查询号码 【1758859】，GSD为【""】
2021-07-10 01:57:49 bad
2021-07-10 01:57:51 CHB 1758859?1625853469 第 1 次 等待 1 秒
2021-07-10 01:57:52 CHB 1758859?1625853469 第 1 次 获取到号码【1758859】GSD
2021-07-10 01:57:52 获取到号码【1758859】的GSD为【贵州-黔西南】
2021-07-10 01:58:11 GSD insert 第 1 次 等待 1 秒
2021-07-10 01:58:12 {"status":"ok","msg":"添加成功！235669"}
2021-07-10 01:58:12 下次操作: 2021-07-10 01:58:21

2021-07-10 01:58:21 开始第 28 次操作

2021-07-10 01:58:21 开始操作号码 【1758860】
2021-07-10 01:58:39 GSD getOne 第 1 次 等待 1 秒
2021-07-10 01:58:40 查询号码 【1758860】，返回信息 {"status":"bad","msg":""}
2021-07-10 01:58:40 查询号码 【1758860】，GSD为【""】
2021-07-10 01:58:40 bad
2021-07-10 01:58:42 CHB 1758860?1625853520 第 1 次 等待 1 秒
2021-07-10 01:58:43 CHB 1758860?1625853520 第 1 次 获取到号码【1758860】GSD
2021-07-10 01:58:43 获取到号码【1758860】的GSD为【贵州-贵阳】
2021-07-10 01:59:01 GSD insert 第 1 次 等待 1 秒
2021-07-10 01:59:02 {"status":"ok","msg":"添加成功！235674"}
2021-07-10 01:59:02 下次操作: 2021-07-10 01:59:15

2021-07-10 01:59:15 开始第 29 次操作

2021-07-10 01:59:15 开始操作号码 【1758861】
2021-07-10 01:59:26 GSD getOne 第 1 次 等待 1 秒
2021-07-10 01:59:27 查询号码 【1758861】，返回信息 {"status":"bad","msg":""}
2021-07-10 01:59:27 查询号码 【1758861】，GSD为【""】
2021-07-10 01:59:27 bad
2021-07-10 01:59:28 CHB 1758861?1625853567 第 1 次 等待 1 秒
2021-07-10 01:59:29 CHB 1758861?1625853567 第 1 次 获取到号码【1758861】GSD
2021-07-10 01:59:29 获取到号码【1758861】的GSD为【贵州-贵阳】
2021-07-10 01:59:48 GSD insert 第 1 次 等待 1 秒
2021-07-10 01:59:49 {"status":"ok","msg":"添加成功！235677"}
2021-07-10 01:59:49 下次操作: 2021-07-10 02:00:06

2021-07-10 02:00:06 开始第 30 次操作

2021-07-10 02:00:06 开始操作号码 【1758862】
2021-07-10 02:00:09 GSD getOne 第 1 次 等待 1 秒
2021-07-10 02:00:10 查询号码 【1758862】，返回信息 {"status":"bad","msg":""}
2021-07-10 02:00:10 查询号码 【1758862】，GSD为【""】
2021-07-10 02:00:10 bad
2021-07-10 02:00:13 CHB 1758862?1625853610 第 1 次 等待 1 秒
2021-07-10 02:00:14 CHB 1758862?1625853610 第 1 次 获取到号码【1758862】GSD
2021-07-10 02:00:14 获取到号码【1758862】的GSD为【贵州-贵阳】
2021-07-10 02:00:33 GSD insert 第 1 次 等待 1 秒
2021-07-10 02:00:34 {"status":"ok","msg":"添加成功！235681"}

