2023-10-27 00:09:13 开始第 5421 次操作

2023-10-27 00:09:13 开始操作号码 【1975331】
2023-10-27 00:09:17 GSD getOne 第 1 次 等待 3 秒
2023-10-27 00:09:20 查询号码 【1975331】，返回信息 {"status":"ok","msg":"-","gid":"568723","time_insert":"2023-03-04 06:33"}
2023-10-27 00:09:20 查询号码 【1975331】，GSD为【"-"】
2023-10-27 00:09:20 ok && -
2023-10-27 00:09:23 CHB 1975331?1698336560 第 1 次 等待 3 秒
2023-10-27 00:09:26 CHB 1975331?1698336560 第 1 次 获取到号码【1975331】GSD
2023-10-27 00:09:26 未获取到号码【1975331】GSD，可能号码格式错误
2023-10-27 00:09:26 获取到号码【1975331】的GSD为【-】
2023-10-27 00:09:29 GSD insert 第 1 次 等待 3 秒
2023-10-27 00:09:32 {"status":"bad","gid":"568723","msg":"添加失败！号码【1975331(-|-)】已存在！"}
2023-10-27 00:09:32 随机等待 199 秒，约 3 分钟
2023-10-27 00:09:32 下次操作: 2023-10-27 00:12:51

2023-10-27 00:12:51 开始第 5422 次操作

2023-10-27 00:12:51 开始操作号码 【1975332】
2023-10-27 00:12:58 GSD getOne 第 1 次 等待 3 秒
2023-10-27 00:13:01 查询号码 【1975332】，返回信息 {"status":"ok","msg":"-","gid":"568727","time_insert":"2023-03-04 06:36"}
2023-10-27 00:13:01 查询号码 【1975332】，GSD为【"-"】
2023-10-27 00:13:01 ok && -
2023-10-27 00:13:08 CHB 1975332?1698336781 第 1 次 等待 3 秒
2023-10-27 00:13:11 CHB 1975332?1698336781 第 1 次 获取到号码【1975332】GSD
2023-10-27 00:13:11 未获取到号码【1975332】GSD，可能号码格式错误
2023-10-27 00:13:11 获取到号码【1975332】的GSD为【-】
2023-10-27 00:13:15 GSD insert 第 1 次 等待 3 秒
2023-10-27 00:13:18 {"status":"bad","gid":"568727","msg":"添加失败！号码【1975332(-|-)】已存在！"}
2023-10-27 00:13:18 随机等待 80 秒，约 1 分钟
2023-10-27 00:13:18 下次操作: 2023-10-27 00:14:38

2023-10-27 00:14:38 开始第 5423 次操作

2023-10-27 00:14:38 开始操作号码 【1975333】
2023-10-27 00:14:41 GSD getOne 第 1 次 等待 3 秒
2023-10-27 00:14:44 查询号码 【1975333】，返回信息 {"status":"ok","msg":"-","gid":"568732","time_insert":"2023-03-04 06:38"}
2023-10-27 00:14:45 查询号码 【1975333】，GSD为【"-"】
2023-10-27 00:14:45 ok && -
2023-10-27 00:14:51 CHB 1975333?1698336885 第 1 次 等待 3 秒
2023-10-27 00:14:54 CHB 1975333?1698336885 第 1 次 获取到号码【1975333】GSD
2023-10-27 00:14:54 未获取到号码【1975333】GSD，可能号码格式错误
2023-10-27 00:14:54 获取到号码【1975333】的GSD为【-】
2023-10-27 00:14:57 GSD insert 第 1 次 等待 3 秒
2023-10-27 00:15:00 {"status":"bad","gid":"568732","msg":"添加失败！号码【1975333(-|-)】已存在！"}
2023-10-27 00:15:00 随机等待 234 秒，约 3 分钟
2023-10-27 00:15:00 下次操作: 2023-10-27 00:18:54

2023-10-27 00:18:54 开始第 5424 次操作

2023-10-27 00:18:54 开始操作号码 【1975334】
2023-10-27 00:18:58 GSD getOne 第 1 次 等待 3 秒
2023-10-27 00:19:01 查询号码 【1975334】，返回信息 {"status":"ok","msg":"-","gid":"568744","time_insert":"2023-03-04 06:44"}
2023-10-27 00:19:01 查询号码 【1975334】，GSD为【"-"】
2023-10-27 00:19:01 ok && -
2023-10-27 00:19:03 CHB 1975334?1698337141 第 1 次 等待 3 秒
2023-10-27 00:19:06 CHB 1975334?1698337141 第 1 次 获取到号码【1975334】GSD
2023-10-27 00:19:07 未获取到号码【1975334】GSD，可能号码格式错误
2023-10-27 00:19:07 获取到号码【1975334】的GSD为【-】
2023-10-27 00:19:14 GSD insert 第 1 次 等待 3 秒
2023-10-27 00:19:17 {"status":"bad","gid":"568744","msg":"添加失败！号码【1975334(-|-)】已存在！"}

