2024-07-15 00:15:18 开始第 6221 次操作

2024-07-15 00:15:18 开始操作号码 【1546104】
2024-07-15 00:15:27 GSD getOne 第 1 次 等待 3 秒
2024-07-15 00:15:30 查询号码 【1546104】，返回信息 {"status":"ok","msg":"-","gid":"652391","time_insert":"2023-04-13 21:58"}
2024-07-15 00:15:30 查询号码 【1546104】，GSD为【"-"】
2024-07-15 00:15:30 ok && -
2024-07-15 00:15:32 CHB 1546104?1720973730 第 1 次 等待 3 秒
2024-07-15 00:15:35 CHB 1546104?1720973730 第 1 次 获取到号码【1546104】GSD
2024-07-15 00:15:35 未获取到号码【1546104】GSD，可能号码格式错误
2024-07-15 00:15:35 获取到号码【1546104】的GSD为【-】
2024-07-15 00:15:43 GSD insert 第 1 次 等待 3 秒
2024-07-15 00:15:46 {"status":"bad","gid":"652391","msg":"添加失败！号码【1546104(-|-)】已存在！"}
2024-07-15 00:15:46 随机等待 80 秒，约 1 分钟
2024-07-15 00:15:46 下次操作: 2024-07-15 00:17:06

2024-07-15 00:17:06 开始第 6222 次操作

2024-07-15 00:17:06 开始操作号码 【1546105】
2024-07-15 00:17:16 GSD getOne 第 1 次 等待 3 秒
2024-07-15 00:17:19 查询号码 【1546105】，返回信息 {"status":"ok","msg":"-","gid":"652418","time_insert":"2023-04-13 22:19"}
2024-07-15 00:17:19 查询号码 【1546105】，GSD为【"-"】
2024-07-15 00:17:19 ok && -
2024-07-15 00:17:20 CHB 1546105?1720973839 第 1 次 等待 3 秒
2024-07-15 00:17:23 CHB 1546105?1720973839 第 1 次 获取到号码【1546105】GSD
2024-07-15 00:17:23 未获取到号码【1546105】GSD，可能号码格式错误
2024-07-15 00:17:23 获取到号码【1546105】的GSD为【-】
2024-07-15 00:17:33 GSD insert 第 1 次 等待 3 秒
2024-07-15 00:17:36 {"status":"bad","gid":"652418","msg":"添加失败！号码【1546105(-|-)】已存在！"}
2024-07-15 00:17:36 随机等待 99 秒，约 1 分钟
2024-07-15 00:17:36 下次操作: 2024-07-15 00:19:15

2024-07-15 00:19:15 开始第 6223 次操作

2024-07-15 00:19:15 开始操作号码 【1546106】
2024-07-15 00:19:23 GSD getOne 第 1 次 等待 3 秒
2024-07-15 00:19:26 查询号码 【1546106】，返回信息 {"status":"ok","msg":"-","gid":"652455","time_insert":"2023-04-13 22:40"}
2024-07-15 00:19:26 查询号码 【1546106】，GSD为【"-"】
2024-07-15 00:19:26 ok && -
2024-07-15 00:19:28 CHB 1546106?1720973966 第 1 次 等待 3 秒
2024-07-15 00:19:31 CHB 1546106?1720973966 第 1 次 获取到号码【1546106】GSD
2024-07-15 00:19:31 未获取到号码【1546106】GSD，可能号码格式错误
2024-07-15 00:19:31 获取到号码【1546106】的GSD为【-】
2024-07-15 00:19:39 GSD insert 第 1 次 等待 3 秒
2024-07-15 00:19:42 {"status":"bad","gid":"652455","msg":"添加失败！号码【1546106(-|-)】已存在！"}
2024-07-15 00:19:42 随机等待 163 秒，约 2 分钟
2024-07-15 00:19:42 下次操作: 2024-07-15 00:22:25

2024-07-15 00:22:25 开始第 6224 次操作

2024-07-15 00:22:25 开始操作号码 【1546107】
2024-07-15 00:22:32 GSD getOne 第 1 次 等待 3 秒
2024-07-15 00:22:35 查询号码 【1546107】，返回信息 {"status":"ok","msg":"-","gid":"652492","time_insert":"2023-04-13 23:00"}
2024-07-15 00:22:35 查询号码 【1546107】，GSD为【"-"】
2024-07-15 00:22:36 ok && -
2024-07-15 00:22:38 CHB 1546107?1720974156 第 1 次 等待 3 秒
2024-07-15 00:22:41 CHB 1546107?1720974156 第 1 次 获取到号码【1546107】GSD
2024-07-15 00:22:41 未获取到号码【1546107】GSD，可能号码格式错误
2024-07-15 00:22:41 获取到号码【1546107】的GSD为【-】
2024-07-15 00:22:48 GSD insert 第 1 次 等待 3 秒
2024-07-15 00:22:51 {"status":"bad","gid":"652492","msg":"添加失败！号码【1546107(-|-)】已存在！"}

2024-07-15 00:49:31 开始第 6225 次操作

2024-07-15 00:49:31 开始操作号码 【1546108】
2024-07-15 00:49:38 GSD getOne 第 1 次 等待 3 秒
2024-07-15 00:49:41 查询号码 【1546108】，返回信息 {"status":"ok","msg":"-","gid":"652510","time_insert":"2023-04-13 23:13"}
2024-07-15 00:49:41 查询号码 【1546108】，GSD为【"-"】
2024-07-15 00:49:41 ok && -
2024-07-15 00:49:43 CHB 1546108?1720975781 第 1 次 等待 3 秒
2024-07-15 00:49:46 CHB 1546108?1720975781 第 1 次 获取到号码【1546108】GSD
2024-07-15 00:49:46 未获取到号码【1546108】GSD，可能号码格式错误
2024-07-15 00:49:46 获取到号码【1546108】的GSD为【-】
2024-07-15 00:49:53 GSD insert 第 1 次 等待 3 秒
2024-07-15 00:49:57 {"status":"bad","gid":"652510","msg":"添加失败！号码【1546108(-|-)】已存在！"}
2024-07-15 00:49:57 随机等待 94 秒，约 1 分钟
2024-07-15 00:49:57 下次操作: 2024-07-15 00:51:31

2024-07-15 00:51:31 开始第 6226 次操作

2024-07-15 00:51:31 开始操作号码 【1546109】
2024-07-15 00:51:39 GSD getOne 第 1 次 等待 3 秒
2024-07-15 00:51:42 查询号码 【1546109】，返回信息 {"status":"ok","msg":"-","gid":"652541","time_insert":"2023-04-13 23:31"}
2024-07-15 00:51:42 查询号码 【1546109】，GSD为【"-"】
2024-07-15 00:51:42 ok && -
2024-07-15 00:51:43 CHB 1546109?1720975902 第 1 次 等待 3 秒
2024-07-15 00:51:46 CHB 1546109?1720975902 第 1 次 获取到号码【1546109】GSD
2024-07-15 00:51:46 未获取到号码【1546109】GSD，可能号码格式错误
2024-07-15 00:51:46 获取到号码【1546109】的GSD为【-】
2024-07-15 00:51:54 GSD insert 第 1 次 等待 3 秒
2024-07-15 00:51:57 {"status":"bad","gid":"652541","msg":"添加失败！号码【1546109(-|-)】已存在！"}
2024-07-15 00:51:57 随机等待 144 秒，约 2 分钟
2024-07-15 00:51:57 下次操作: 2024-07-15 00:54:21

2024-07-15 00:54:21 开始第 6227 次操作

2024-07-15 00:54:21 开始操作号码 【1546110】
2024-07-15 00:54:29 GSD getOne 第 1 次 等待 3 秒
2024-07-15 00:54:32 查询号码 【1546110】，返回信息 {"status":"ok","msg":"-","gid":"652574","time_insert":"2023-04-13 23:50"}
2024-07-15 00:54:32 查询号码 【1546110】，GSD为【"-"】
2024-07-15 00:54:32 ok && -
2024-07-15 00:54:35 CHB 1546110?1720976072 第 1 次 等待 3 秒
2024-07-15 00:54:38 CHB 1546110?1720976072 第 1 次 获取到号码【1546110】GSD
2024-07-15 00:54:38 未获取到号码【1546110】GSD，可能号码格式错误
2024-07-15 00:54:38 获取到号码【1546110】的GSD为【-】
2024-07-15 00:54:45 GSD insert 第 1 次 等待 3 秒
2024-07-15 00:54:48 {"status":"bad","gid":"652574","msg":"添加失败！号码【1546110(-|-)】已存在！"}
2024-07-15 00:54:48 随机等待 116 秒，约 1 分钟
2024-07-15 00:54:48 下次操作: 2024-07-15 00:56:44

2024-07-15 00:56:44 开始第 6228 次操作

2024-07-15 00:56:44 开始操作号码 【1546111】
2024-07-15 00:56:52 GSD getOne 第 1 次 等待 3 秒
2024-07-15 00:56:55 查询号码 【1546111】，返回信息 {"status":"ok","msg":"-","gid":"652594","time_insert":"2023-04-14 00:03"}
2024-07-15 00:56:55 查询号码 【1546111】，GSD为【"-"】
2024-07-15 00:56:55 ok && -
2024-07-15 00:56:57 CHB 1546111?1720976215 第 1 次 等待 3 秒
2024-07-15 00:57:00 CHB 1546111?1720976215 第 1 次 获取到号码【1546111】GSD
2024-07-15 00:57:00 未获取到号码【1546111】GSD，可能号码格式错误
2024-07-15 00:57:00 获取到号码【1546111】的GSD为【-】
2024-07-15 00:57:08 GSD insert 第 1 次 等待 3 秒
2024-07-15 00:57:11 {"status":"bad","gid":"652594","msg":"添加失败！号码【1546111(-|-)】已存在！"}

2024-07-15 01:09:30 开始第 6229 次操作

2024-07-15 01:09:30 开始操作号码 【1546112】
2024-07-15 01:09:39 GSD getOne 第 1 次 等待 3 秒
2024-07-15 01:09:42 查询号码 【1546112】，返回信息 {"status":"ok","msg":"-","gid":"652615","time_insert":"2023-04-14 00:17"}
2024-07-15 01:09:42 查询号码 【1546112】，GSD为【"-"】
2024-07-15 01:09:42 ok && -
2024-07-15 01:09:44 CHB 1546112?1720976982 第 1 次 等待 3 秒
2024-07-15 01:09:47 CHB 1546112?1720976982 第 1 次 获取到号码【1546112】GSD
2024-07-15 01:09:47 未获取到号码【1546112】GSD，可能号码格式错误
2024-07-15 01:09:47 获取到号码【1546112】的GSD为【-】
2024-07-15 01:09:56 GSD insert 第 1 次 等待 3 秒
2024-07-15 01:09:59 {"status":"bad","gid":"652615","msg":"添加失败！号码【1546112(-|-)】已存在！"}
2024-07-15 01:09:59 随机等待 210 秒，约 3 分钟
2024-07-15 01:09:59 下次操作: 2024-07-15 01:13:29

2024-07-15 01:13:29 开始第 6230 次操作

2024-07-15 01:13:29 开始操作号码 【1546113】
2024-07-15 01:13:37 GSD getOne 第 1 次 等待 3 秒
2024-07-15 01:13:40 查询号码 【1546113】，返回信息 {"status":"ok","msg":"-","gid":"652631","time_insert":"2023-04-14 00:30"}
2024-07-15 01:13:40 查询号码 【1546113】，GSD为【"-"】
2024-07-15 01:13:40 ok && -
2024-07-15 01:13:42 CHB 1546113?1720977220 第 1 次 等待 3 秒
2024-07-15 01:13:45 CHB 1546113?1720977220 第 1 次 获取到号码【1546113】GSD
2024-07-15 01:13:45 未获取到号码【1546113】GSD，可能号码格式错误
2024-07-15 01:13:45 获取到号码【1546113】的GSD为【-】
2024-07-15 01:13:53 GSD insert 第 1 次 等待 3 秒
2024-07-15 01:13:56 {"status":"bad","gid":"652631","msg":"添加失败！号码【1546113(-|-)】已存在！"}
2024-07-15 01:13:56 随机等待 116 秒，约 1 分钟
2024-07-15 01:13:56 下次操作: 2024-07-15 01:15:52

2024-07-15 01:15:52 开始第 6231 次操作

2024-07-15 01:15:52 开始操作号码 【1546114】
2024-07-15 01:16:00 GSD getOne 第 1 次 等待 3 秒
2024-07-15 01:16:03 查询号码 【1546114】，返回信息 {"status":"ok","msg":"-","gid":"652666","time_insert":"2023-04-14 00:51"}
2024-07-15 01:16:04 查询号码 【1546114】，GSD为【"-"】
2024-07-15 01:16:04 ok && -
2024-07-15 01:16:07 CHB 1546114?1720977364 第 1 次 等待 3 秒
2024-07-15 01:16:10 CHB 1546114?1720977364 第 1 次 获取到号码【1546114】GSD
2024-07-15 01:16:10 未获取到号码【1546114】GSD，可能号码格式错误
2024-07-15 01:16:10 获取到号码【1546114】的GSD为【-】
2024-07-15 01:16:18 GSD insert 第 1 次 等待 3 秒
2024-07-15 01:16:21 {"status":"bad","gid":"652666","msg":"添加失败！号码【1546114(-|-)】已存在！"}
2024-07-15 01:16:21 随机等待 213 秒，约 3 分钟
2024-07-15 01:16:21 下次操作: 2024-07-15 01:19:54

2024-07-15 01:19:54 开始第 6232 次操作

2024-07-15 01:19:54 开始操作号码 【1546115】
2024-07-15 01:20:02 GSD getOne 第 1 次 等待 3 秒
2024-07-15 01:20:05 查询号码 【1546115】，返回信息 {"status":"ok","msg":"-","gid":"652687","time_insert":"2023-04-14 01:00"}
2024-07-15 01:20:05 查询号码 【1546115】，GSD为【"-"】
2024-07-15 01:20:05 ok && -
2024-07-15 01:20:07 CHB 1546115?1720977605 第 1 次 等待 3 秒
2024-07-15 01:20:11 CHB 1546115?1720977605 第 1 次 获取到号码【1546115】GSD
2024-07-15 01:20:11 未获取到号码【1546115】GSD，可能号码格式错误
2024-07-15 01:20:11 获取到号码【1546115】的GSD为【-】
2024-07-15 01:20:18 GSD insert 第 1 次 等待 3 秒
2024-07-15 01:20:21 {"status":"bad","gid":"652687","msg":"添加失败！号码【1546115(-|-)】已存在！"}

