2024-05-10 00:09:50 开始第 8309 次操作

2024-05-10 00:09:50 开始操作号码 【1658210】
2024-05-10 00:09:57 GSD getOne 第 1 次 等待 3 秒
2024-05-10 00:10:00 查询号码 【1658210】，返回信息 {"status":"ok","msg":"北京-北京","gid":"314078","time_insert":"2021-07-18 11:55","time_update":"2023-05-28 11:44"}
2024-05-10 00:10:00 查询号码 【1658210】，GSD为【"北京-北京"】

2024-05-10 00:10:01 开始第 8310 次操作

2024-05-10 00:10:01 开始操作号码 【1658211】
2024-05-10 00:10:07 GSD getOne 第 1 次 等待 3 秒
2024-05-10 00:10:10 查询号码 【1658211】，返回信息 {"status":"ok","msg":"北京-北京","gid":"314090","time_insert":"2021-07-18 11:56","time_update":"2023-05-28 11:46"}
2024-05-10 00:10:10 查询号码 【1658211】，GSD为【"北京-北京"】

2024-05-10 00:10:11 开始第 8311 次操作

2024-05-10 00:10:11 开始操作号码 【1658212】
2024-05-10 00:10:17 GSD getOne 第 1 次 等待 3 秒
2024-05-10 00:10:20 查询号码 【1658212】，返回信息 {"status":"ok","msg":"山东-青岛","gid":"314101","time_insert":"2021-07-18 11:57","time_update":"2023-05-28 11:46"}
2024-05-10 00:10:20 查询号码 【1658212】，GSD为【"山东-青岛"】

2024-05-10 00:10:21 开始第 8312 次操作

2024-05-10 00:10:21 开始操作号码 【1658213】
2024-05-10 00:10:30 GSD getOne 第 1 次 等待 3 秒
2024-05-10 00:10:33 查询号码 【1658213】，返回信息 {"status":"ok","msg":"山东-济宁","gid":"314116","time_insert":"2021-07-18 11:57","time_update":"2023-05-28 11:55"}
2024-05-10 00:10:33 查询号码 【1658213】，GSD为【"山东-济宁"】

2024-05-10 00:38:51 开始第 8313 次操作

2024-05-10 00:38:51 开始操作号码 【1658214】
2024-05-10 00:39:56 GSD getOne 第 1 次 等待 3 秒
2024-05-10 00:39:59 查询号码 【1658214】，返回信息 {"status":"ok","msg":"河南-郑州","gid":"314126","time_insert":"2021-07-18 11:58","time_update":"2023-05-28 11:56"}
2024-05-10 00:39:59 查询号码 【1658214】，GSD为【"河南-郑州"】

2024-05-10 00:40:00 开始第 8314 次操作

2024-05-10 00:40:00 开始操作号码 【1658215】
2024-05-10 00:40:07 GSD getOne 第 1 次 等待 3 秒
2024-05-10 00:40:10 查询号码 【1658215】，返回信息 {"status":"ok","msg":"吉林-长春","gid":"314141","time_insert":"2021-07-18 11:59","time_update":"2023-05-28 12:01"}
2024-05-10 00:40:10 查询号码 【1658215】，GSD为【"吉林-长春"】

2024-05-10 00:40:11 开始第 8315 次操作

2024-05-10 00:40:11 开始操作号码 【1658216】
2024-05-10 00:40:18 GSD getOne 第 1 次 等待 3 秒
2024-05-10 00:40:21 查询号码 【1658216】，返回信息 {"status":"ok","msg":"上海-上海","gid":"314152","time_insert":"2021-07-18 12:00","time_update":"2023-05-28 12:06"}
2024-05-10 00:40:21 查询号码 【1658216】，GSD为【"上海-上海"】

2024-05-10 00:40:22 开始第 8316 次操作

2024-05-10 00:40:22 开始操作号码 【1658217】
2024-05-10 00:40:31 GSD getOne 第 1 次 等待 3 秒
2024-05-10 00:40:34 查询号码 【1658217】，返回信息 {"status":"ok","msg":"辽宁-沈阳","gid":"314163","time_insert":"2021-07-18 12:01","time_update":"2023-05-28 12:08"}
2024-05-10 00:40:34 查询号码 【1658217】，GSD为【"辽宁-沈阳"】

