2024-01-10 00:09:52 开始第 8117 次操作

2024-01-10 00:09:52 开始操作号码 【1878017】
2024-01-10 00:09:57 GSD getOne 第 1 次 等待 3 秒
2024-01-10 00:10:00 查询号码 【1878017】，返回信息 {"status":"ok","msg":"四川-成都","gid":"42755","time_insert":"2017-05-25 05:36","time_update":"2020-11-12 11:38"}
2024-01-10 00:10:00 查询号码 【1878017】，GSD为【"四川-成都"】

2024-01-10 00:10:01 开始第 8118 次操作

2024-01-10 00:10:01 开始操作号码 【1878018】
2024-01-10 00:10:04 GSD getOne 第 1 次 等待 3 秒
2024-01-10 00:10:07 查询号码 【1878018】，返回信息 {"status":"ok","msg":"四川-成都","gid":"42756","time_insert":"2019-02-23 09:18","time_update":"2020-11-12 11:42"}
2024-01-10 00:10:07 查询号码 【1878018】，GSD为【"四川-成都"】

2024-01-10 00:10:08 开始第 8119 次操作

2024-01-10 00:10:08 开始操作号码 【1878019】
2024-01-10 00:10:11 GSD getOne 第 1 次 等待 3 秒
2024-01-10 00:10:14 查询号码 【1878019】，返回信息 {"status":"ok","msg":"四川-成都","gid":"42757","time_insert":"2016-07-31 10:08","time_update":"2021-06-20 01:46"}
2024-01-10 00:10:14 查询号码 【1878019】，GSD为【"四川-成都"】

2024-01-10 00:10:15 开始第 8120 次操作

2024-01-10 00:10:15 开始操作号码 【1878020】
2024-01-10 00:10:18 GSD getOne 第 1 次 等待 3 秒
2024-01-10 00:10:21 查询号码 【1878020】，返回信息 {"status":"ok","msg":"四川-成都","gid":"42758","time_insert":"2019-02-19 21:26","time_update":"2020-11-12 11:51"}
2024-01-10 00:10:21 查询号码 【1878020】，GSD为【"四川-成都"】

2024-01-10 00:38:34 开始第 8121 次操作

2024-01-10 00:38:34 开始操作号码 【1878021】
2024-01-10 00:38:39 GSD getOne 第 1 次 等待 3 秒
2024-01-10 00:38:42 查询号码 【1878021】，返回信息 {"status":"ok","msg":"四川-成都","gid":"42759","time_insert":"2017-04-28 07:17","time_update":"2020-11-12 11:52"}
2024-01-10 00:38:42 查询号码 【1878021】，GSD为【"四川-成都"】

2024-01-10 00:38:43 开始第 8122 次操作

2024-01-10 00:38:43 开始操作号码 【1878022】
2024-01-10 00:38:47 GSD getOne 第 1 次 等待 3 秒
2024-01-10 00:38:50 查询号码 【1878022】，返回信息 {"status":"ok","msg":"四川-成都","gid":"42760","time_insert":"2017-05-22 12:10","time_update":"2020-11-12 11:56"}
2024-01-10 00:38:50 查询号码 【1878022】，GSD为【"四川-成都"】

2024-01-10 00:38:51 开始第 8123 次操作

2024-01-10 00:38:51 开始操作号码 【1878023】
2024-01-10 00:38:54 GSD getOne 第 1 次 等待 3 秒
2024-01-10 00:38:57 查询号码 【1878023】，返回信息 {"status":"ok","msg":"四川-成都","gid":"42761","time_insert":"2019-05-24 21:32","time_update":"2020-11-12 12:00"}
2024-01-10 00:38:57 查询号码 【1878023】，GSD为【"四川-成都"】

2024-01-10 00:38:58 开始第 8124 次操作

2024-01-10 00:38:58 开始操作号码 【1878024】
2024-01-10 00:39:02 GSD getOne 第 1 次 等待 3 秒
2024-01-10 00:39:05 查询号码 【1878024】，返回信息 {"status":"ok","msg":"四川-成都","gid":"42762","time_insert":"2014-04-29 15:54","time_update":"2020-11-12 12:04"}
2024-01-10 00:39:05 查询号码 【1878024】，GSD为【"四川-成都"】

