2023-10-04 00:09:26 开始第 1405 次操作

2023-10-04 00:09:26 开始操作号码 【1971404】
2023-10-04 00:09:36 GSD getOne 第 1 次 等待 3 秒
2023-10-04 00:09:39 查询号码 【1971404】，返回信息 {"status":"ok","msg":"山东-德州","gid":"543548","time_insert":"2023-02-20 22:30"}
2023-10-04 00:09:39 查询号码 【1971404】，GSD为【"山东-德州"】

2023-10-04 00:09:40 开始第 1406 次操作

2023-10-04 00:09:40 开始操作号码 【1971405】
2023-10-04 00:09:48 GSD getOne 第 1 次 等待 3 秒
2023-10-04 00:09:51 查询号码 【1971405】，返回信息 {"status":"ok","msg":"山东-烟台","gid":"543552","time_insert":"2023-02-20 22:31"}
2023-10-04 00:09:51 查询号码 【1971405】，GSD为【"山东-烟台"】

2023-10-04 00:09:52 开始第 1407 次操作

2023-10-04 00:09:52 开始操作号码 【1971406】
2023-10-04 00:09:57 GSD getOne 第 1 次 等待 3 秒
2023-10-04 00:10:00 查询号码 【1971406】，返回信息 {"status":"ok","msg":"山东-潍坊","gid":"543555","time_insert":"2023-02-20 22:33"}
2023-10-04 00:10:00 查询号码 【1971406】，GSD为【"山东-潍坊"】

2023-10-04 00:10:01 开始第 1408 次操作

2023-10-04 00:10:01 开始操作号码 【1971407】
2023-10-04 00:10:09 GSD getOne 第 1 次 等待 3 秒
2023-10-04 00:10:12 查询号码 【1971407】，返回信息 {"status":"ok","msg":"山东-济宁","gid":"543560","time_insert":"2023-02-20 22:35"}
2023-10-04 00:10:12 查询号码 【1971407】，GSD为【"山东-济宁"】

