2024-08-29 00:26:50 开始第 1633 次操作

2024-08-29 00:26:50 开始操作号码 【1431632】
2024-08-29 00:26:58 GSD getOne 第 1 次 等待 3 秒
2024-08-29 00:27:01 查询号码 【1431632】，返回信息 {"status":"ok","msg":"-","gid":"544323","time_insert":"2023-02-21 06:22"}
2024-08-29 00:27:01 查询号码 【1431632】，GSD为【"-"】
2024-08-29 00:27:01 ok && -
2024-08-29 00:27:03 CHB 1431632?1724862421 第 1 次 等待 3 秒
2024-08-29 00:27:06 CHB 1431632?1724862421 第 1 次 获取到号码【1431632】GSD
2024-08-29 00:27:06 未获取到号码【1431632】GSD，可能号码格式错误
2024-08-29 00:27:06 获取到号码【1431632】的GSD为【-】
2024-08-29 00:27:14 GSD insert 第 1 次 等待 3 秒
2024-08-29 00:27:17 {"status":"bad","gid":"544323","msg":"添加失败！号码【1431632(-|-)】已存在！"}
2024-08-29 00:27:17 随机等待 77 秒，约 1 分钟
2024-08-29 00:27:17 下次操作: 2024-08-29 00:28:34

2024-08-29 00:28:34 开始第 1634 次操作

2024-08-29 00:28:34 开始操作号码 【1431633】
2024-08-29 00:28:42 GSD getOne 第 1 次 等待 3 秒
2024-08-29 00:28:45 查询号码 【1431633】，返回信息 {"status":"ok","msg":"-","gid":"544352","time_insert":"2023-02-21 06:39"}
2024-08-29 00:28:45 查询号码 【1431633】，GSD为【"-"】
2024-08-29 00:28:45 ok && -
2024-08-29 00:28:47 CHB 1431633?1724862525 第 1 次 等待 3 秒
2024-08-29 00:28:50 CHB 1431633?1724862525 第 1 次 获取到号码【1431633】GSD
2024-08-29 00:28:50 未获取到号码【1431633】GSD，可能号码格式错误
2024-08-29 00:28:50 获取到号码【1431633】的GSD为【-】
2024-08-29 00:28:58 GSD insert 第 1 次 等待 3 秒
2024-08-29 00:29:01 {"status":"bad","gid":"544352","msg":"添加失败！号码【1431633(-|-)】已存在！"}
2024-08-29 00:29:01 随机等待 181 秒，约 3 分钟
2024-08-29 00:29:01 下次操作: 2024-08-29 00:32:02

2024-08-29 00:32:02 开始第 1635 次操作

2024-08-29 00:32:02 开始操作号码 【1431634】
2024-08-29 00:32:10 GSD getOne 第 1 次 等待 3 秒
2024-08-29 00:32:13 查询号码 【1431634】，返回信息 {"status":"ok","msg":"-","gid":"544371","time_insert":"2023-02-21 06:50"}
2024-08-29 00:32:13 查询号码 【1431634】，GSD为【"-"】
2024-08-29 00:32:13 ok && -
2024-08-29 00:32:20 CHB 1431634?1724862733 第 1 次 等待 3 秒
2024-08-29 00:32:23 CHB 1431634?1724862733 第 1 次 获取到号码【1431634】GSD
2024-08-29 00:32:23 未获取到号码【1431634】GSD，可能号码格式错误
2024-08-29 00:32:23 获取到号码【1431634】的GSD为【-】
2024-08-29 00:32:31 GSD insert 第 1 次 等待 3 秒
2024-08-29 00:32:34 {"status":"bad","gid":"544371","msg":"添加失败！号码【1431634(-|-)】已存在！"}
2024-08-29 00:32:34 随机等待 91 秒，约 1 分钟
2024-08-29 00:32:34 下次操作: 2024-08-29 00:34:05

2024-08-29 00:34:05 开始第 1636 次操作

2024-08-29 00:34:05 开始操作号码 【1431635】
2024-08-29 00:34:13 GSD getOne 第 1 次 等待 3 秒
2024-08-29 00:34:16 查询号码 【1431635】，返回信息 {"status":"ok","msg":"-","gid":"544394","time_insert":"2023-02-21 07:00"}
2024-08-29 00:34:16 查询号码 【1431635】，GSD为【"-"】
2024-08-29 00:34:16 ok && -
2024-08-29 00:34:18 CHB 1431635?1724862856 第 1 次 等待 3 秒
2024-08-29 00:34:21 CHB 1431635?1724862856 第 1 次 获取到号码【1431635】GSD
2024-08-29 00:34:21 未获取到号码【1431635】GSD，可能号码格式错误
2024-08-29 00:34:21 获取到号码【1431635】的GSD为【-】
2024-08-29 00:34:33 GSD insert 第 1 次 等待 3 秒
2024-08-29 00:34:36 {"status":"bad","gid":"544394","msg":"添加失败！号码【1431635(-|-)】已存在！"}

