2024-02-12 00:08:55 开始第 3285 次操作

2024-02-12 00:08:55 开始操作号码 【1763185】
2024-02-12 00:09:01 GSD getOne 第 1 次 等待 3 秒
2024-02-12 00:09:04 查询号码 【1763185】，返回信息 {"status":"ok","msg":"河北-衡水","gid":"170598","time_insert":"2021-07-02 01:51"}
2024-02-12 00:09:04 查询号码 【1763185】，GSD为【"河北-衡水"】

2024-02-12 00:09:05 开始第 3286 次操作

2024-02-12 00:09:05 开始操作号码 【1763186】
2024-02-12 00:09:10 GSD getOne 第 1 次 等待 3 秒
2024-02-12 00:09:13 查询号码 【1763186】，返回信息 {"status":"ok","msg":"河北-衡水","gid":"170608","time_insert":"2021-07-02 01:52"}
2024-02-12 00:09:13 查询号码 【1763186】，GSD为【"河北-衡水"】

2024-02-12 00:09:14 开始第 3287 次操作

2024-02-12 00:09:14 开始操作号码 【1763187】
2024-02-12 00:09:18 GSD getOne 第 1 次 等待 3 秒
2024-02-12 00:09:21 查询号码 【1763187】，返回信息 {"status":"ok","msg":"河北-衡水","gid":"170618","time_insert":"2021-07-02 01:53"}
2024-02-12 00:09:22 查询号码 【1763187】，GSD为【"河北-衡水"】

2024-02-12 00:09:23 开始第 3288 次操作

2024-02-12 00:09:23 开始操作号码 【1763188】
2024-02-12 00:09:30 GSD getOne 第 1 次 等待 3 秒
2024-02-12 00:09:33 查询号码 【1763188】，返回信息 {"status":"ok","msg":"河北-衡水","gid":"170627","time_insert":"2021-07-02 01:54"}
2024-02-12 00:09:33 查询号码 【1763188】，GSD为【"河北-衡水"】

