2024-07-30 00:11:40 开始第 8909 次操作

2024-07-30 00:11:40 开始操作号码 【1548791】
2024-07-30 00:11:52 GSD getOne 第 1 次 等待 3 秒
2024-07-30 00:11:55 查询号码 【1548791】，返回信息 {"status":"ok","msg":"-","gid":"680157","time_insert":"2023-04-27 07:54"}
2024-07-30 00:11:55 查询号码 【1548791】，GSD为【"-"】
2024-07-30 00:11:55 ok && -
2024-07-30 00:11:57 CHB 1548791?1722269515 第 1 次 等待 3 秒
2024-07-30 00:12:00 CHB 1548791?1722269515 第 1 次 获取到号码【1548791】GSD
2024-07-30 00:12:00 未获取到号码【1548791】GSD，可能号码格式错误
2024-07-30 00:12:00 获取到号码【1548791】的GSD为【-】
2024-07-30 00:12:12 GSD insert 第 1 次 等待 3 秒
2024-07-30 00:12:15 {"status":"bad","gid":"680157","msg":"添加失败！号码【1548791(-|-)】已存在！"}
2024-07-30 00:12:15 随机等待 180 秒，约 3 分钟
2024-07-30 00:12:15 下次操作: 2024-07-30 00:15:15

2024-07-30 00:15:15 开始第 8910 次操作

2024-07-30 00:15:15 开始操作号码 【1548792】
2024-07-30 00:15:28 GSD getOne 第 1 次 等待 3 秒
2024-07-30 00:15:31 查询号码 【1548792】，返回信息 {"status":"ok","msg":"-","gid":"680153","time_insert":"2023-04-27 07:51"}
2024-07-30 00:15:31 查询号码 【1548792】，GSD为【"-"】
2024-07-30 00:15:31 ok && -
2024-07-30 00:15:33 CHB 1548792?1722269731 第 1 次 等待 3 秒
2024-07-30 00:15:36 CHB 1548792?1722269731 第 1 次 获取到号码【1548792】GSD
2024-07-30 00:15:36 未获取到号码【1548792】GSD，可能号码格式错误
2024-07-30 00:15:36 获取到号码【1548792】的GSD为【-】
2024-07-30 00:15:47 GSD insert 第 1 次 等待 3 秒
2024-07-30 00:15:50 {"status":"bad","gid":"680153","msg":"添加失败！号码【1548792(-|-)】已存在！"}
2024-07-30 00:15:50 随机等待 154 秒，约 2 分钟
2024-07-30 00:15:50 下次操作: 2024-07-30 00:18:24

2024-07-30 00:18:24 开始第 8911 次操作

2024-07-30 00:18:24 开始操作号码 【1548793】
2024-07-30 00:18:42 GSD getOne 第 1 次 等待 3 秒
2024-07-30 00:18:45 查询号码 【1548793】，返回信息 {"status":"ok","msg":"-","gid":"680151","time_insert":"2023-04-27 07:49"}
2024-07-30 00:18:45 查询号码 【1548793】，GSD为【"-"】
2024-07-30 00:18:45 ok && -
2024-07-30 00:18:47 CHB 1548793?1722269925 第 1 次 等待 3 秒
2024-07-30 00:18:50 CHB 1548793?1722269925 第 1 次 获取到号码【1548793】GSD
2024-07-30 00:18:50 未获取到号码【1548793】GSD，可能号码格式错误
2024-07-30 00:18:50 获取到号码【1548793】的GSD为【-】
2024-07-30 00:18:58 GSD insert 第 1 次 等待 3 秒
2024-07-30 00:19:01 {"status":"bad","gid":"680151","msg":"添加失败！号码【1548793(-|-)】已存在！"}
2024-07-30 00:19:01 随机等待 111 秒，约 1 分钟
2024-07-30 00:19:01 下次操作: 2024-07-30 00:20:52

2024-07-30 00:20:52 开始第 8912 次操作

2024-07-30 00:20:52 开始操作号码 【1548794】
2024-07-30 00:21:00 GSD getOne 第 1 次 等待 3 秒
2024-07-30 00:21:03 查询号码 【1548794】，返回信息 {"status":"ok","msg":"-","gid":"680147","time_insert":"2023-04-27 07:47"}
2024-07-30 00:21:03 查询号码 【1548794】，GSD为【"-"】
2024-07-30 00:21:03 ok && -
2024-07-30 00:21:05 CHB 1548794?1722270063 第 1 次 等待 3 秒
2024-07-30 00:21:08 CHB 1548794?1722270063 第 1 次 获取到号码【1548794】GSD
2024-07-30 00:21:08 未获取到号码【1548794】GSD，可能号码格式错误
2024-07-30 00:21:08 获取到号码【1548794】的GSD为【-】
2024-07-30 00:21:18 GSD insert 第 1 次 等待 3 秒
2024-07-30 00:21:21 {"status":"bad","gid":"680147","msg":"添加失败！号码【1548794(-|-)】已存在！"}

2024-07-30 00:38:44 开始第 8913 次操作

2024-07-30 00:38:44 开始操作号码 【1548795】
2024-07-30 00:38:55 GSD getOne 第 1 次 等待 3 秒
2024-07-30 00:38:58 查询号码 【1548795】，返回信息 {"status":"ok","msg":"-","gid":"680142","time_insert":"2023-04-27 07:44"}
2024-07-30 00:38:58 查询号码 【1548795】，GSD为【"-"】
2024-07-30 00:38:58 ok && -
2024-07-30 00:39:00 CHB 1548795?1722271138 第 1 次 等待 3 秒
2024-07-30 00:39:03 CHB 1548795?1722271138 第 1 次 获取到号码【1548795】GSD
2024-07-30 00:39:03 未获取到号码【1548795】GSD，可能号码格式错误
2024-07-30 00:39:03 获取到号码【1548795】的GSD为【-】
2024-07-30 00:39:12 GSD insert 第 1 次 等待 3 秒
2024-07-30 00:39:15 {"status":"bad","gid":"680142","msg":"添加失败！号码【1548795(-|-)】已存在！"}
2024-07-30 00:39:15 随机等待 115 秒，约 1 分钟
2024-07-30 00:39:15 下次操作: 2024-07-30 00:41:10

2024-07-30 00:41:10 开始第 8914 次操作

2024-07-30 00:41:10 开始操作号码 【1548796】
2024-07-30 00:41:19 GSD getOne 第 1 次 等待 3 秒
2024-07-30 00:41:22 查询号码 【1548796】，返回信息 {"status":"ok","msg":"-","gid":"680137","time_insert":"2023-04-27 07:41"}
2024-07-30 00:41:22 查询号码 【1548796】，GSD为【"-"】
2024-07-30 00:41:22 ok && -
2024-07-30 00:41:24 CHB 1548796?1722271282 第 1 次 等待 3 秒
2024-07-30 00:41:27 CHB 1548796?1722271282 第 1 次 获取到号码【1548796】GSD
2024-07-30 00:41:27 未获取到号码【1548796】GSD，可能号码格式错误
2024-07-30 00:41:27 获取到号码【1548796】的GSD为【-】
2024-07-30 00:41:35 GSD insert 第 1 次 等待 3 秒
2024-07-30 00:41:38 {"status":"bad","gid":"680137","msg":"添加失败！号码【1548796(-|-)】已存在！"}
2024-07-30 00:41:38 随机等待 160 秒，约 2 分钟
2024-07-30 00:41:38 下次操作: 2024-07-30 00:44:18

2024-07-30 00:44:18 开始第 8915 次操作

2024-07-30 00:44:18 开始操作号码 【1548797】
2024-07-30 00:44:26 GSD getOne 第 1 次 等待 3 秒
2024-07-30 00:44:29 查询号码 【1548797】，返回信息 {"status":"ok","msg":"-","gid":"680132","time_insert":"2023-04-27 07:40"}
2024-07-30 00:44:29 查询号码 【1548797】，GSD为【"-"】
2024-07-30 00:44:29 ok && -
2024-07-30 00:44:32 CHB 1548797?1722271469 第 1 次 等待 3 秒
2024-07-30 00:44:35 CHB 1548797?1722271469 第 1 次 获取到号码【1548797】GSD
2024-07-30 00:44:35 未获取到号码【1548797】GSD，可能号码格式错误
2024-07-30 00:44:35 获取到号码【1548797】的GSD为【-】
2024-07-30 00:44:53 GSD insert 第 1 次 等待 3 秒
2024-07-30 00:44:56 {"status":"bad","gid":"680132","msg":"添加失败！号码【1548797(-|-)】已存在！"}
2024-07-30 00:44:56 随机等待 193 秒，约 3 分钟
2024-07-30 00:44:56 下次操作: 2024-07-30 00:48:09

2024-07-30 00:48:09 开始第 8916 次操作

2024-07-30 00:48:09 开始操作号码 【1548798】
2024-07-30 00:48:19 GSD getOne 第 1 次 等待 3 秒
2024-07-30 00:48:22 查询号码 【1548798】，返回信息 {"status":"ok","msg":"-","gid":"680129","time_insert":"2023-04-27 07:37"}
2024-07-30 00:48:22 查询号码 【1548798】，GSD为【"-"】
2024-07-30 00:48:22 ok && -
2024-07-30 00:48:25 CHB 1548798?1722271702 第 1 次 等待 3 秒
2024-07-30 00:48:28 CHB 1548798?1722271702 第 1 次 获取到号码【1548798】GSD
2024-07-30 00:48:28 未获取到号码【1548798】GSD，可能号码格式错误
2024-07-30 00:48:28 获取到号码【1548798】的GSD为【-】
2024-07-30 00:48:45 GSD insert 第 1 次 等待 3 秒
2024-07-30 00:48:48 {"status":"bad","gid":"680129","msg":"添加失败！号码【1548798(-|-)】已存在！"}

