2024-05-03 00:09:32 开始第 7017 次操作

2024-05-03 00:09:32 开始操作号码 【1656918】
2024-05-03 00:09:38 GSD getOne 第 1 次 等待 3 秒
2024-05-03 00:09:41 查询号码 【1656918】，返回信息 {"status":"ok","msg":"山东-临沂","gid":"298787","time_insert":"2021-07-17 01:47"}
2024-05-03 00:09:41 查询号码 【1656918】，GSD为【"山东-临沂"】

2024-05-03 00:09:42 开始第 7018 次操作

2024-05-03 00:09:42 开始操作号码 【1656919】
2024-05-03 00:09:50 GSD getOne 第 1 次 等待 3 秒
2024-05-03 00:09:53 查询号码 【1656919】，返回信息 {"status":"ok","msg":"陕西-榆林","gid":"298792","time_insert":"2021-07-17 01:48"}
2024-05-03 00:09:54 查询号码 【1656919】，GSD为【"陕西-榆林"】

2024-05-03 00:09:55 开始第 7019 次操作

2024-05-03 00:09:55 开始操作号码 【1656920】
2024-05-03 00:10:00 GSD getOne 第 1 次 等待 3 秒
2024-05-03 00:10:03 查询号码 【1656920】，返回信息 {"status":"ok","msg":"山东-青岛","gid":"298799","time_insert":"2021-07-17 01:49"}
2024-05-03 00:10:03 查询号码 【1656920】，GSD为【"山东-青岛"】

2024-05-03 00:10:04 开始第 7020 次操作

2024-05-03 00:10:04 开始操作号码 【1656921】
2024-05-03 00:10:11 GSD getOne 第 1 次 等待 3 秒
2024-05-03 00:10:14 查询号码 【1656921】，返回信息 {"status":"ok","msg":"辽宁-大连","gid":"298807","time_insert":"2021-07-17 01:50"}
2024-05-03 00:10:14 查询号码 【1656921】，GSD为【"辽宁-大连"】

2024-05-03 00:35:49 开始第 7021 次操作

2024-05-03 00:35:49 开始操作号码 【1656922】
2024-05-03 00:35:55 GSD getOne 第 1 次 等待 3 秒
2024-05-03 00:35:58 查询号码 【1656922】，返回信息 {"status":"ok","msg":"山东-泰安","gid":"298820","time_insert":"2021-07-17 01:51"}
2024-05-03 00:35:58 查询号码 【1656922】，GSD为【"山东-泰安"】

2024-05-03 00:35:59 开始第 7022 次操作

2024-05-03 00:35:59 开始操作号码 【1656923】
2024-05-03 00:36:10 GSD getOne 第 1 次 等待 3 秒
2024-05-03 00:36:13 查询号码 【1656923】，返回信息 {"status":"ok","msg":"山东-青岛","gid":"298832","time_insert":"2021-07-17 01:52"}
2024-05-03 00:36:13 查询号码 【1656923】，GSD为【"山东-青岛"】

2024-05-03 00:36:14 开始第 7023 次操作

2024-05-03 00:36:14 开始操作号码 【1656924】
2024-05-03 00:36:22 GSD getOne 第 1 次 等待 3 秒
2024-05-03 00:36:25 查询号码 【1656924】，返回信息 {"status":"ok","msg":"辽宁-沈阳","gid":"298839","time_insert":"2021-07-17 01:53"}
2024-05-03 00:36:25 查询号码 【1656924】，GSD为【"辽宁-沈阳"】

2024-05-03 00:36:26 开始第 7024 次操作

2024-05-03 00:36:26 开始操作号码 【1656925】
2024-05-03 00:36:35 GSD getOne 第 1 次 等待 3 秒
2024-05-03 00:36:38 查询号码 【1656925】，返回信息 {"status":"ok","msg":"山东-菏泽","gid":"298843","time_insert":"2021-07-17 01:54"}
2024-05-03 00:36:38 查询号码 【1656925】，GSD为【"山东-菏泽"】

2024-05-03 01:07:49 开始第 7025 次操作

2024-05-03 01:07:49 开始操作号码 【1656926】
2024-05-03 01:07:56 GSD getOne 第 1 次 等待 3 秒
2024-05-03 01:07:59 查询号码 【1656926】，返回信息 {"status":"ok","msg":"山东-枣庄","gid":"298851","time_insert":"2021-07-17 01:55"}
2024-05-03 01:07:59 查询号码 【1656926】，GSD为【"山东-枣庄"】

2024-05-03 01:08:00 开始第 7026 次操作

2024-05-03 01:08:00 开始操作号码 【1656927】
2024-05-03 01:08:07 GSD getOne 第 1 次 等待 3 秒
2024-05-03 01:08:10 查询号码 【1656927】，返回信息 {"status":"ok","msg":"山东-青岛","gid":"298859","time_insert":"2021-07-17 01:55"}
2024-05-03 01:08:10 查询号码 【1656927】，GSD为【"山东-青岛"】

2024-05-03 01:08:11 开始第 7027 次操作

2024-05-03 01:08:11 开始操作号码 【1656928】
2024-05-03 01:08:18 GSD getOne 第 1 次 等待 3 秒
2024-05-03 01:08:21 查询号码 【1656928】，返回信息 {"status":"ok","msg":"山东-青岛","gid":"298866","time_insert":"2021-07-17 01:56"}
2024-05-03 01:08:21 查询号码 【1656928】，GSD为【"山东-青岛"】

2024-05-03 01:08:22 开始第 7028 次操作

2024-05-03 01:08:22 开始操作号码 【1656929】
2024-05-03 01:08:28 GSD getOne 第 1 次 等待 3 秒
2024-05-03 01:08:31 查询号码 【1656929】，返回信息 {"status":"ok","msg":"辽宁-葫芦岛","gid":"298872","time_insert":"2021-07-17 01:57"}
2024-05-03 01:08:31 查询号码 【1656929】，GSD为【"辽宁-葫芦岛"】

2024-05-03 01:32:06 开始第 7029 次操作

2024-05-03 01:32:06 开始操作号码 【1656930】
2024-05-03 01:32:14 GSD getOne 第 1 次 等待 3 秒
2024-05-03 01:32:17 查询号码 【1656930】，返回信息 {"status":"ok","msg":"山东-青岛","gid":"298879","time_insert":"2021-07-17 01:58"}
2024-05-03 01:32:17 查询号码 【1656930】，GSD为【"山东-青岛"】

2024-05-03 01:32:18 开始第 7030 次操作

2024-05-03 01:32:18 开始操作号码 【1656931】
2024-05-03 01:32:27 GSD getOne 第 1 次 等待 3 秒
2024-05-03 01:32:30 查询号码 【1656931】，返回信息 {"status":"ok","msg":"辽宁-大连","gid":"298887","time_insert":"2021-07-17 01:59"}
2024-05-03 01:32:30 查询号码 【1656931】，GSD为【"辽宁-大连"】

2024-05-03 01:32:31 开始第 7031 次操作

2024-05-03 01:32:31 开始操作号码 【1656932】
2024-05-03 01:32:37 GSD getOne 第 1 次 等待 3 秒
2024-05-03 01:32:40 查询号码 【1656932】，返回信息 {"status":"ok","msg":"甘肃-定西","gid":"298892","time_insert":"2021-07-17 02:00"}
2024-05-03 01:32:40 查询号码 【1656932】，GSD为【"甘肃-定西"】

2024-05-03 01:32:41 开始第 7032 次操作

2024-05-03 01:32:41 开始操作号码 【1656933】
2024-05-03 01:32:46 GSD getOne 第 1 次 等待 3 秒
2024-05-03 01:32:49 查询号码 【1656933】，返回信息 {"status":"ok","msg":"山东-淄博","gid":"298899","time_insert":"2021-07-17 02:01"}
2024-05-03 01:32:49 查询号码 【1656933】，GSD为【"山东-淄博"】

2024-05-03 02:10:06 开始第 7033 次操作

2024-05-03 02:10:06 开始操作号码 【1656934】
2024-05-03 02:10:11 GSD getOne 第 1 次 等待 3 秒
2024-05-03 02:10:14 查询号码 【1656934】，返回信息 {"status":"ok","msg":"黑龙江-齐齐哈尔","gid":"298908","time_insert":"2021-07-17 02:02"}
2024-05-03 02:10:14 查询号码 【1656934】，GSD为【"黑龙江-齐齐哈尔"】

2024-05-03 02:10:15 开始第 7034 次操作

2024-05-03 02:10:15 开始操作号码 【1656935】
2024-05-03 02:10:23 GSD getOne 第 1 次 等待 3 秒
2024-05-03 02:10:26 查询号码 【1656935】，返回信息 {"status":"ok","msg":"山东-淄博","gid":"298917","time_insert":"2021-07-17 02:03"}
2024-05-03 02:10:26 查询号码 【1656935】，GSD为【"山东-淄博"】

2024-05-03 02:10:27 开始第 7035 次操作

2024-05-03 02:10:27 开始操作号码 【1656936】
2024-05-03 02:10:43 GSD getOne 第 1 次 等待 3 秒
2024-05-03 02:10:46 查询号码 【1656936】，返回信息 {"status":"ok","msg":"吉林-长春","gid":"298923","time_insert":"2021-07-17 02:03"}
2024-05-03 02:10:46 查询号码 【1656936】，GSD为【"吉林-长春"】

2024-05-03 02:10:47 开始第 7036 次操作

2024-05-03 02:10:47 开始操作号码 【1656937】
2024-05-03 02:10:53 GSD getOne 第 1 次 等待 3 秒
2024-05-03 02:10:56 查询号码 【1656937】，返回信息 {"status":"ok","msg":"吉林-吉林","gid":"298931","time_insert":"2021-07-17 02:04"}
2024-05-03 02:10:56 查询号码 【1656937】，GSD为【"吉林-吉林"】

2024-05-03 02:33:53 开始第 7037 次操作

2024-05-03 02:33:53 开始操作号码 【1656938】
2024-05-03 02:34:03 GSD getOne 第 1 次 等待 3 秒
2024-05-03 02:34:06 查询号码 【1656938】，返回信息 {"status":"ok","msg":"山东-泰安","gid":"298937","time_insert":"2021-07-17 02:05"}
2024-05-03 02:34:06 查询号码 【1656938】，GSD为【"山东-泰安"】

2024-05-03 02:34:07 开始第 7038 次操作

2024-05-03 02:34:07 开始操作号码 【1656939】
2024-05-03 02:34:15 GSD getOne 第 1 次 等待 3 秒
2024-05-03 02:34:18 查询号码 【1656939】，返回信息 {"status":"ok","msg":"辽宁-丹东","gid":"298946","time_insert":"2021-07-17 02:06"}
2024-05-03 02:34:18 查询号码 【1656939】，GSD为【"辽宁-丹东"】

2024-05-03 02:34:19 开始第 7039 次操作

2024-05-03 02:34:19 开始操作号码 【1656940】
2024-05-03 02:34:26 GSD getOne 第 1 次 等待 3 秒
2024-05-03 02:34:29 查询号码 【1656940】，返回信息 {"status":"ok","msg":"黑龙江-大庆","gid":"298956","time_insert":"2021-07-17 02:07"}
2024-05-03 02:34:29 查询号码 【1656940】，GSD为【"黑龙江-大庆"】

2024-05-03 02:34:30 开始第 7040 次操作

2024-05-03 02:34:30 开始操作号码 【1656941】
2024-05-03 02:34:36 GSD getOne 第 1 次 等待 3 秒
2024-05-03 02:34:39 查询号码 【1656941】，返回信息 {"status":"ok","msg":"辽宁-大连","gid":"298963","time_insert":"2021-07-17 02:08"}
2024-05-03 02:34:39 查询号码 【1656941】，GSD为【"辽宁-大连"】

2024-05-03 03:06:16 开始第 7041 次操作

2024-05-03 03:06:16 开始操作号码 【1656942】
2024-05-03 03:06:23 GSD getOne 第 1 次 等待 3 秒
2024-05-03 03:06:26 查询号码 【1656942】，返回信息 {"status":"ok","msg":"辽宁-大连","gid":"298969","time_insert":"2021-07-17 02:08"}
2024-05-03 03:06:26 查询号码 【1656942】，GSD为【"辽宁-大连"】

2024-05-03 03:06:27 开始第 7042 次操作

2024-05-03 03:06:27 开始操作号码 【1656943】
2024-05-03 03:06:34 GSD getOne 第 1 次 等待 3 秒
2024-05-03 03:06:37 查询号码 【1656943】，返回信息 {"status":"ok","msg":"辽宁-大连","gid":"298974","time_insert":"2021-07-17 02:09"}
2024-05-03 03:06:37 查询号码 【1656943】，GSD为【"辽宁-大连"】

2024-05-03 03:06:38 开始第 7043 次操作

2024-05-03 03:06:38 开始操作号码 【1656944】
2024-05-03 03:06:43 GSD getOne 第 1 次 等待 3 秒
2024-05-03 03:06:46 查询号码 【1656944】，返回信息 {"status":"ok","msg":"黑龙江-哈尔滨","gid":"298980","time_insert":"2021-07-17 02:10"}
2024-05-03 03:06:46 查询号码 【1656944】，GSD为【"黑龙江-哈尔滨"】

2024-05-03 03:06:47 开始第 7044 次操作

2024-05-03 03:06:47 开始操作号码 【1656945】
2024-05-03 03:06:53 GSD getOne 第 1 次 等待 3 秒
2024-05-03 03:06:56 查询号码 【1656945】，返回信息 {"status":"ok","msg":"黑龙江-绥化","gid":"298984","time_insert":"2021-07-17 02:11"}
2024-05-03 03:06:56 查询号码 【1656945】，GSD为【"黑龙江-绥化"】

2024-05-03 03:32:05 开始第 7045 次操作

2024-05-03 03:32:05 开始操作号码 【1656946】
2024-05-03 03:32:11 GSD getOne 第 1 次 等待 3 秒
2024-05-03 03:32:14 查询号码 【1656946】，返回信息 {"status":"ok","msg":"山东-潍坊","gid":"298990","time_insert":"2021-07-17 02:12"}
2024-05-03 03:32:15 查询号码 【1656946】，GSD为【"山东-潍坊"】

2024-05-03 03:32:16 开始第 7046 次操作

2024-05-03 03:32:16 开始操作号码 【1656947】
2024-05-03 03:32:21 GSD getOne 第 1 次 等待 3 秒
2024-05-03 03:32:24 查询号码 【1656947】，返回信息 {"status":"ok","msg":"北京-北京","gid":"298994","time_insert":"2021-07-17 02:12"}
2024-05-03 03:32:24 查询号码 【1656947】，GSD为【"北京-北京"】

2024-05-03 03:32:25 开始第 7047 次操作

2024-05-03 03:32:25 开始操作号码 【1656948】
2024-05-03 03:32:31 GSD getOne 第 1 次 等待 3 秒
2024-05-03 03:32:34 查询号码 【1656948】，返回信息 {"status":"ok","msg":"山东-泰安","gid":"299001","time_insert":"2021-07-17 02:14"}
2024-05-03 03:32:34 查询号码 【1656948】，GSD为【"山东-泰安"】

2024-05-03 03:32:35 开始第 7048 次操作

2024-05-03 03:32:35 开始操作号码 【1656949】
2024-05-03 03:32:41 GSD getOne 第 1 次 等待 3 秒
2024-05-03 03:32:44 查询号码 【1656949】，返回信息 {"status":"ok","msg":"山东-滨州","gid":"299005","time_insert":"2021-07-17 02:14"}
2024-05-03 03:32:44 查询号码 【1656949】，GSD为【"山东-滨州"】

2024-05-03 04:08:55 开始第 7049 次操作

2024-05-03 04:08:55 开始操作号码 【1656950】
2024-05-03 04:09:01 GSD getOne 第 1 次 等待 3 秒
2024-05-03 04:09:04 查询号码 【1656950】，返回信息 {"status":"ok","msg":"陕西-西安","gid":"299010","time_insert":"2021-07-17 02:15"}
2024-05-03 04:09:04 查询号码 【1656950】，GSD为【"陕西-西安"】

2024-05-03 04:09:05 开始第 7050 次操作

2024-05-03 04:09:05 开始操作号码 【1656951】
2024-05-03 04:09:10 GSD getOne 第 1 次 等待 3 秒
2024-05-03 04:09:13 查询号码 【1656951】，返回信息 {"status":"ok","msg":"贵州-贵阳","gid":"299016","time_insert":"2021-07-17 02:17"}
2024-05-03 04:09:13 查询号码 【1656951】，GSD为【"贵州-贵阳"】

2024-05-03 04:09:14 开始第 7051 次操作

2024-05-03 04:09:14 开始操作号码 【1656952】
2024-05-03 04:09:19 GSD getOne 第 1 次 等待 3 秒
2024-05-03 04:09:22 查询号码 【1656952】，返回信息 {"status":"ok","msg":"黑龙江-齐齐哈尔","gid":"299023","time_insert":"2021-07-17 02:17"}
2024-05-03 04:09:22 查询号码 【1656952】，GSD为【"黑龙江-齐齐哈尔"】

2024-05-03 04:09:23 开始第 7052 次操作

2024-05-03 04:09:23 开始操作号码 【1656953】
2024-05-03 04:09:29 GSD getOne 第 1 次 等待 3 秒
2024-05-03 04:09:32 查询号码 【1656953】，返回信息 {"status":"ok","msg":"黑龙江-牡丹江","gid":"299028","time_insert":"2021-07-17 02:18"}
2024-05-03 04:09:32 查询号码 【1656953】，GSD为【"黑龙江-牡丹江"】

2024-05-03 04:33:21 开始第 7053 次操作

2024-05-03 04:33:21 开始操作号码 【1656954】
2024-05-03 04:33:27 GSD getOne 第 1 次 等待 3 秒
2024-05-03 04:33:30 查询号码 【1656954】，返回信息 {"status":"ok","msg":"宁夏-固原","gid":"299031","time_insert":"2021-07-17 02:19"}
2024-05-03 04:33:30 查询号码 【1656954】，GSD为【"宁夏-固原"】

2024-05-03 04:33:31 开始第 7054 次操作

2024-05-03 04:33:31 开始操作号码 【1656955】
2024-05-03 04:33:38 GSD getOne 第 1 次 等待 3 秒
2024-05-03 04:33:41 查询号码 【1656955】，返回信息 {"status":"ok","msg":"黑龙江-哈尔滨","gid":"299035","time_insert":"2021-07-17 02:19"}
2024-05-03 04:33:41 查询号码 【1656955】，GSD为【"黑龙江-哈尔滨"】

2024-05-03 04:33:42 开始第 7055 次操作

2024-05-03 04:33:42 开始操作号码 【1656956】
2024-05-03 04:33:48 GSD getOne 第 1 次 等待 3 秒
2024-05-03 04:33:51 查询号码 【1656956】，返回信息 {"status":"ok","msg":"山东-聊城","gid":"299135","time_insert":"2021-07-17 02:49"}
2024-05-03 04:33:51 查询号码 【1656956】，GSD为【"山东-聊城"】

2024-05-03 04:33:52 开始第 7056 次操作

2024-05-03 04:33:52 开始操作号码 【1656957】
2024-05-03 04:33:58 GSD getOne 第 1 次 等待 3 秒
2024-05-03 04:34:01 查询号码 【1656957】，返回信息 {"status":"ok","msg":"山东-聊城","gid":"299140","time_insert":"2021-07-17 02:50"}
2024-05-03 04:34:01 查询号码 【1656957】，GSD为【"山东-聊城"】

2024-05-03 05:07:27 开始第 7057 次操作

2024-05-03 05:07:27 开始操作号码 【1656958】
2024-05-03 05:07:32 GSD getOne 第 1 次 等待 3 秒
2024-05-03 05:07:35 查询号码 【1656958】，返回信息 {"status":"ok","msg":"山东-聊城","gid":"299145","time_insert":"2021-07-17 02:51"}
2024-05-03 05:07:35 查询号码 【1656958】，GSD为【"山东-聊城"】

2024-05-03 05:07:36 开始第 7058 次操作

2024-05-03 05:07:36 开始操作号码 【1656959】
2024-05-03 05:07:41 GSD getOne 第 1 次 等待 3 秒
2024-05-03 05:07:44 查询号码 【1656959】，返回信息 {"status":"ok","msg":"山东-聊城","gid":"299151","time_insert":"2021-07-17 02:51"}
2024-05-03 05:07:44 查询号码 【1656959】，GSD为【"山东-聊城"】

2024-05-03 05:07:45 开始第 7059 次操作

2024-05-03 05:07:45 开始操作号码 【1656960】
2024-05-03 05:07:51 GSD getOne 第 1 次 等待 3 秒
2024-05-03 05:07:54 查询号码 【1656960】，返回信息 {"status":"ok","msg":"山东-潍坊","gid":"299158","time_insert":"2021-07-17 02:52"}
2024-05-03 05:07:54 查询号码 【1656960】，GSD为【"山东-潍坊"】

2024-05-03 05:07:55 开始第 7060 次操作

2024-05-03 05:07:55 开始操作号码 【1656961】
2024-05-03 05:08:02 GSD getOne 第 1 次 等待 3 秒
2024-05-03 05:08:05 查询号码 【1656961】，返回信息 {"status":"ok","msg":"山东-潍坊","gid":"299165","time_insert":"2021-07-17 02:53"}
2024-05-03 05:08:05 查询号码 【1656961】，GSD为【"山东-潍坊"】

2024-05-03 05:32:14 开始第 7061 次操作

2024-05-03 05:32:14 开始操作号码 【1656962】
2024-05-03 05:32:20 GSD getOne 第 1 次 等待 3 秒
2024-05-03 05:32:23 查询号码 【1656962】，返回信息 {"status":"ok","msg":"山东-临沂","gid":"299174","time_insert":"2021-07-17 02:53"}
2024-05-03 05:32:23 查询号码 【1656962】，GSD为【"山东-临沂"】

2024-05-03 05:32:24 开始第 7062 次操作

2024-05-03 05:32:24 开始操作号码 【1656963】
2024-05-03 05:32:29 GSD getOne 第 1 次 等待 3 秒
2024-05-03 05:32:32 查询号码 【1656963】，返回信息 {"status":"ok","msg":"山东-潍坊","gid":"299181","time_insert":"2021-07-17 02:54"}
2024-05-03 05:32:32 查询号码 【1656963】，GSD为【"山东-潍坊"】

2024-05-03 05:32:33 开始第 7063 次操作

2024-05-03 05:32:33 开始操作号码 【1656964】
2024-05-03 05:32:38 GSD getOne 第 1 次 等待 3 秒
2024-05-03 05:32:41 查询号码 【1656964】，返回信息 {"status":"ok","msg":"内蒙古-通辽","gid":"299186","time_insert":"2021-07-17 02:54"}
2024-05-03 05:32:41 查询号码 【1656964】，GSD为【"内蒙古-通辽"】

2024-05-03 05:32:42 开始第 7064 次操作

2024-05-03 05:32:42 开始操作号码 【1656965】
2024-05-03 05:32:49 GSD getOne 第 1 次 等待 3 秒
2024-05-03 05:32:52 查询号码 【1656965】，返回信息 {"status":"ok","msg":"辽宁-丹东","gid":"299193","time_insert":"2021-07-17 02:55"}
2024-05-03 05:32:52 查询号码 【1656965】，GSD为【"辽宁-丹东"】

2024-05-03 06:08:11 开始第 7065 次操作

2024-05-03 06:08:11 开始操作号码 【1656966】
2024-05-03 06:08:22 GSD getOne 第 1 次 等待 3 秒
2024-05-03 06:08:25 查询号码 【1656966】，返回信息 {"status":"ok","msg":"山东-临沂","gid":"299200","time_insert":"2021-07-17 02:56"}
2024-05-03 06:08:26 查询号码 【1656966】，GSD为【"山东-临沂"】

2024-05-03 06:08:27 开始第 7066 次操作

2024-05-03 06:08:27 开始操作号码 【1656967】
2024-05-03 06:08:54 GSD getOne 第 1 次 等待 3 秒
2024-05-03 06:08:57 查询号码 【1656967】，返回信息 {"status":"ok","msg":"辽宁-丹东","gid":"299207","time_insert":"2021-07-17 02:56"}
2024-05-03 06:08:57 查询号码 【1656967】，GSD为【"辽宁-丹东"】

2024-05-03 06:08:58 开始第 7067 次操作

2024-05-03 06:08:58 开始操作号码 【1656968】
2024-05-03 06:09:04 GSD getOne 第 1 次 等待 3 秒
2024-05-03 06:09:07 查询号码 【1656968】，返回信息 {"status":"ok","msg":"浙江-台州","gid":"299212","time_insert":"2021-07-17 02:57"}
2024-05-03 06:09:07 查询号码 【1656968】，GSD为【"浙江-台州"】

2024-05-03 06:09:08 开始第 7068 次操作

2024-05-03 06:09:08 开始操作号码 【1656969】
2024-05-03 06:09:14 GSD getOne 第 1 次 等待 3 秒
2024-05-03 06:09:17 查询号码 【1656969】，返回信息 {"status":"ok","msg":"辽宁-丹东","gid":"299218","time_insert":"2021-07-17 02:57"}
2024-05-03 06:09:17 查询号码 【1656969】，GSD为【"辽宁-丹东"】

2024-05-03 06:32:08 开始第 7069 次操作

2024-05-03 06:32:08 开始操作号码 【1656970】
2024-05-03 06:32:22 GSD getOne 第 1 次 等待 3 秒
2024-05-03 06:32:25 查询号码 【1656970】，返回信息 {"status":"ok","msg":"山东-菏泽","gid":"299225","time_insert":"2021-07-17 02:58"}
2024-05-03 06:32:25 查询号码 【1656970】，GSD为【"山东-菏泽"】

2024-05-03 06:32:26 开始第 7070 次操作

2024-05-03 06:32:26 开始操作号码 【1656971】
2024-05-03 06:32:39 GSD getOne 第 1 次 等待 3 秒
2024-05-03 06:32:42 查询号码 【1656971】，返回信息 {"status":"ok","msg":"山东-菏泽","gid":"299231","time_insert":"2021-07-17 02:58"}
2024-05-03 06:32:42 查询号码 【1656971】，GSD为【"山东-菏泽"】

2024-05-03 06:32:43 开始第 7071 次操作

2024-05-03 06:32:43 开始操作号码 【1656972】
2024-05-03 06:32:58 GSD getOne 第 1 次 等待 3 秒
2024-05-03 06:33:01 查询号码 【1656972】，返回信息 {"status":"ok","msg":"山东-菏泽","gid":"299237","time_insert":"2021-07-17 02:59"}
2024-05-03 06:33:01 查询号码 【1656972】，GSD为【"山东-菏泽"】

2024-05-03 06:33:02 开始第 7072 次操作

2024-05-03 06:33:02 开始操作号码 【1656973】
2024-05-03 06:33:14 GSD getOne 第 1 次 等待 3 秒
2024-05-03 06:33:17 查询号码 【1656973】，返回信息 {"status":"ok","msg":"山东-菏泽","gid":"299244","time_insert":"2021-07-17 02:59"}
2024-05-03 06:33:17 查询号码 【1656973】，GSD为【"山东-菏泽"】

2024-05-03 07:09:12 开始第 7073 次操作

2024-05-03 07:09:12 开始操作号码 【1656974】
2024-05-03 07:09:19 GSD getOne 第 1 次 等待 3 秒
2024-05-03 07:09:22 查询号码 【1656974】，返回信息 {"status":"ok","msg":"山东-菏泽","gid":"299251","time_insert":"2021-07-17 03:00"}
2024-05-03 07:09:22 查询号码 【1656974】，GSD为【"山东-菏泽"】

2024-05-03 07:09:23 开始第 7074 次操作

2024-05-03 07:09:23 开始操作号码 【1656975】
2024-05-03 07:09:28 GSD getOne 第 1 次 等待 3 秒
2024-05-03 07:09:31 查询号码 【1656975】，返回信息 {"status":"ok","msg":"山东-菏泽","gid":"299258","time_insert":"2021-07-17 03:01"}
2024-05-03 07:09:31 查询号码 【1656975】，GSD为【"山东-菏泽"】

2024-05-03 07:09:32 开始第 7075 次操作

2024-05-03 07:09:32 开始操作号码 【1656976】
2024-05-03 07:09:38 GSD getOne 第 1 次 等待 3 秒
2024-05-03 07:09:41 查询号码 【1656976】，返回信息 {"status":"ok","msg":"山东-菏泽","gid":"299264","time_insert":"2021-07-17 03:01"}
2024-05-03 07:09:41 查询号码 【1656976】，GSD为【"山东-菏泽"】

2024-05-03 07:09:42 开始第 7076 次操作

2024-05-03 07:09:42 开始操作号码 【1656977】
2024-05-03 07:09:48 GSD getOne 第 1 次 等待 3 秒
2024-05-03 07:09:51 查询号码 【1656977】，返回信息 {"status":"ok","msg":"山东-菏泽","gid":"299268","time_insert":"2021-07-17 03:02"}
2024-05-03 07:09:51 查询号码 【1656977】，GSD为【"山东-菏泽"】

2024-05-03 07:32:23 开始第 7077 次操作

2024-05-03 07:32:23 开始操作号码 【1656978】
2024-05-03 07:32:28 GSD getOne 第 1 次 等待 3 秒
2024-05-03 07:32:31 查询号码 【1656978】，返回信息 {"status":"ok","msg":"山东-临沂","gid":"299274","time_insert":"2021-07-17 03:02"}
2024-05-03 07:32:31 查询号码 【1656978】，GSD为【"山东-临沂"】

2024-05-03 07:32:32 开始第 7078 次操作

2024-05-03 07:32:32 开始操作号码 【1656979】
2024-05-03 07:32:37 GSD getOne 第 1 次 等待 3 秒
2024-05-03 07:32:40 查询号码 【1656979】，返回信息 {"status":"ok","msg":"山东-菏泽","gid":"299282","time_insert":"2021-07-17 03:03"}
2024-05-03 07:32:40 查询号码 【1656979】，GSD为【"山东-菏泽"】

2024-05-03 07:32:41 开始第 7079 次操作

2024-05-03 07:32:41 开始操作号码 【1656980】
2024-05-03 07:32:46 GSD getOne 第 1 次 等待 3 秒
2024-05-03 07:32:49 查询号码 【1656980】，返回信息 {"status":"ok","msg":"山东-青岛","gid":"299288","time_insert":"2021-07-17 03:03"}
2024-05-03 07:32:49 查询号码 【1656980】，GSD为【"山东-青岛"】

2024-05-03 07:32:50 开始第 7080 次操作

2024-05-03 07:32:50 开始操作号码 【1656981】
2024-05-03 07:32:55 GSD getOne 第 1 次 等待 3 秒
2024-05-03 07:32:58 查询号码 【1656981】，返回信息 {"status":"ok","msg":"山东-青岛","gid":"299299","time_insert":"2021-07-17 03:04"}
2024-05-03 07:32:58 查询号码 【1656981】，GSD为【"山东-青岛"】

2024-05-03 08:39:23 开始第 7081 次操作

2024-05-03 08:39:23 开始操作号码 【1656982】
2024-05-03 08:39:29 GSD getOne 第 1 次 等待 3 秒
2024-05-03 08:39:32 查询号码 【1656982】，返回信息 {"status":"ok","msg":"山东-青岛","gid":"299307","time_insert":"2021-07-17 03:05"}
2024-05-03 08:39:32 查询号码 【1656982】，GSD为【"山东-青岛"】

2024-05-03 08:39:33 开始第 7082 次操作

2024-05-03 08:39:33 开始操作号码 【1656983】
2024-05-03 08:39:39 GSD getOne 第 1 次 等待 3 秒
2024-05-03 08:39:42 查询号码 【1656983】，返回信息 {"status":"ok","msg":"山东-青岛","gid":"299316","time_insert":"2021-07-17 03:05"}
2024-05-03 08:39:42 查询号码 【1656983】，GSD为【"山东-青岛"】

2024-05-03 08:39:43 开始第 7083 次操作

2024-05-03 08:39:43 开始操作号码 【1656984】
2024-05-03 08:39:50 GSD getOne 第 1 次 等待 3 秒
2024-05-03 08:39:53 查询号码 【1656984】，返回信息 {"status":"ok","msg":"内蒙古-通辽","gid":"299325","time_insert":"2021-07-17 03:06"}
2024-05-03 08:39:53 查询号码 【1656984】，GSD为【"内蒙古-通辽"】

2024-05-03 08:39:54 开始第 7084 次操作

2024-05-03 08:39:54 开始操作号码 【1656985】
2024-05-03 08:39:59 GSD getOne 第 1 次 等待 3 秒
2024-05-03 08:40:02 查询号码 【1656985】，返回信息 {"status":"ok","msg":"山东-青岛","gid":"299330","time_insert":"2021-07-17 03:07"}
2024-05-03 08:40:02 查询号码 【1656985】，GSD为【"山东-青岛"】

2024-05-03 09:49:45 开始第 7085 次操作

2024-05-03 09:49:45 开始操作号码 【1656986】
2024-05-03 09:49:52 GSD getOne 第 1 次 等待 3 秒
2024-05-03 09:49:55 查询号码 【1656986】，返回信息 {"status":"ok","msg":"海南-海口","gid":"299336","time_insert":"2021-07-17 03:07"}
2024-05-03 09:49:56 查询号码 【1656986】，GSD为【"海南-海口"】

2024-05-03 09:49:57 开始第 7086 次操作

2024-05-03 09:49:57 开始操作号码 【1656987】
2024-05-03 09:50:04 GSD getOne 第 1 次 等待 3 秒
2024-05-03 09:50:07 查询号码 【1656987】，返回信息 {"status":"ok","msg":"山东-临沂","gid":"299343","time_insert":"2021-07-17 03:08"}
2024-05-03 09:50:08 查询号码 【1656987】，GSD为【"山东-临沂"】

2024-05-03 09:50:09 开始第 7087 次操作

2024-05-03 09:50:09 开始操作号码 【1656988】
2024-05-03 09:50:15 GSD getOne 第 1 次 等待 3 秒
2024-05-03 09:50:18 查询号码 【1656988】，返回信息 {"status":"ok","msg":"吉林-松原","gid":"299350","time_insert":"2021-07-17 03:08"}
2024-05-03 09:50:18 查询号码 【1656988】，GSD为【"吉林-松原"】

2024-05-03 09:50:19 开始第 7088 次操作

2024-05-03 09:50:19 开始操作号码 【1656989】
2024-05-03 09:50:24 GSD getOne 第 1 次 等待 3 秒
2024-05-03 09:50:27 查询号码 【1656989】，返回信息 {"status":"ok","msg":"海南-海口","gid":"299358","time_insert":"2021-07-17 03:09"}
2024-05-03 09:50:27 查询号码 【1656989】，GSD为【"海南-海口"】

2024-05-03 10:21:35 开始第 7089 次操作

2024-05-03 10:21:35 开始操作号码 【1656990】
2024-05-03 10:21:42 GSD getOne 第 1 次 等待 3 秒
2024-05-03 10:21:45 查询号码 【1656990】，返回信息 {"status":"ok","msg":"山东-临沂","gid":"299366","time_insert":"2021-07-17 03:10"}
2024-05-03 10:21:45 查询号码 【1656990】，GSD为【"山东-临沂"】

2024-05-03 10:21:46 开始第 7090 次操作

2024-05-03 10:21:46 开始操作号码 【1656991】
2024-05-03 10:21:51 GSD getOne 第 1 次 等待 3 秒
2024-05-03 10:21:54 查询号码 【1656991】，返回信息 {"status":"ok","msg":"山东-临沂","gid":"299371","time_insert":"2021-07-17 03:10"}
2024-05-03 10:21:54 查询号码 【1656991】，GSD为【"山东-临沂"】

2024-05-03 10:21:55 开始第 7091 次操作

2024-05-03 10:21:55 开始操作号码 【1656992】
2024-05-03 10:22:00 GSD getOne 第 1 次 等待 3 秒
2024-05-03 10:22:03 查询号码 【1656992】，返回信息 {"status":"ok","msg":"山东-临沂","gid":"299380","time_insert":"2021-07-17 03:11"}
2024-05-03 10:22:03 查询号码 【1656992】，GSD为【"山东-临沂"】

2024-05-03 10:22:04 开始第 7092 次操作

2024-05-03 10:22:04 开始操作号码 【1656993】
2024-05-03 10:22:09 GSD getOne 第 1 次 等待 3 秒
2024-05-03 10:22:12 查询号码 【1656993】，返回信息 {"status":"ok","msg":"山东-临沂","gid":"299386","time_insert":"2021-07-17 03:11"}
2024-05-03 10:22:12 查询号码 【1656993】，GSD为【"山东-临沂"】

2024-05-03 10:38:48 开始第 7093 次操作

2024-05-03 10:38:48 开始操作号码 【1656994】
2024-05-03 10:38:54 GSD getOne 第 1 次 等待 3 秒
2024-05-03 10:38:57 查询号码 【1656994】，返回信息 {"status":"ok","msg":"山东-临沂","gid":"299391","time_insert":"2021-07-17 03:12"}
2024-05-03 10:38:57 查询号码 【1656994】，GSD为【"山东-临沂"】

2024-05-03 10:38:58 开始第 7094 次操作

2024-05-03 10:38:58 开始操作号码 【1656995】
2024-05-03 10:39:05 GSD getOne 第 1 次 等待 3 秒
2024-05-03 10:39:08 查询号码 【1656995】，返回信息 {"status":"ok","msg":"山东-临沂","gid":"299395","time_insert":"2021-07-17 03:13"}
2024-05-03 10:39:08 查询号码 【1656995】，GSD为【"山东-临沂"】

2024-05-03 10:39:09 开始第 7095 次操作

2024-05-03 10:39:09 开始操作号码 【1656996】
2024-05-03 10:39:16 GSD getOne 第 1 次 等待 3 秒
2024-05-03 10:39:19 查询号码 【1656996】，返回信息 {"status":"ok","msg":"山东-临沂","gid":"299494","time_insert":"2021-07-17 03:37"}
2024-05-03 10:39:19 查询号码 【1656996】，GSD为【"山东-临沂"】

2024-05-03 10:39:20 开始第 7096 次操作

2024-05-03 10:39:20 开始操作号码 【1656997】
2024-05-03 10:39:27 GSD getOne 第 1 次 等待 3 秒
2024-05-03 10:39:30 查询号码 【1656997】，返回信息 {"status":"ok","msg":"山东-临沂","gid":"299503","time_insert":"2021-07-17 03:38"}
2024-05-03 10:39:30 查询号码 【1656997】，GSD为【"山东-临沂"】

