2021-07-05 00:00:23 开始第 10 次操作

2021-07-05 00:00:23 开始操作号码 【1755521】
2021-07-05 00:00:45 GSD getOne 第 1 次 等待 1 秒
2021-07-05 00:00:46 查询号码 【1755521】，返回信息 {"status":"bad","msg":""}
2021-07-05 00:00:46 查询号码 【1755521】，GSD为【""】
2021-07-05 00:00:46 bad
2021-07-05 00:00:47 CHB 1755521?1625414446 第 1 次 等待 1 秒
2021-07-05 00:00:48 CHB 1755521?1625414446 第 1 次 获取到号码【1755521】GSD
2021-07-05 00:00:49 获取到号码【1755521】的GSD为【安徽-蚌埠】
2021-07-05 00:01:08 GSD insert 第 1 次 等待 1 秒
2021-07-05 00:01:09 {"status":"ok","msg":"添加成功！193978"}
2021-07-05 00:01:09 下次操作: 2021-07-05 00:01:18

2021-07-05 00:01:18 开始第 11 次操作

2021-07-05 00:01:18 开始操作号码 【1755522】
2021-07-05 00:01:29 GSD getOne 第 1 次 等待 1 秒
2021-07-05 00:01:30 查询号码 【1755522】，返回信息 {"status":"bad","msg":""}
2021-07-05 00:01:30 查询号码 【1755522】，GSD为【""】
2021-07-05 00:01:30 bad
2021-07-05 00:01:36 CHB 1755522?1625414490 第 1 次 等待 1 秒
2021-07-05 00:01:37 CHB 1755522?1625414490 第 1 次 获取到号码【1755522】GSD
2021-07-05 00:01:37 获取到号码【1755522】的GSD为【安徽-蚌埠】
2021-07-05 00:01:48 GSD insert 第 1 次 等待 1 秒
2021-07-05 00:01:49 {"status":"ok","msg":"添加成功！193985"}
2021-07-05 00:01:49 下次操作: 2021-07-05 00:02:04

2021-07-05 00:02:04 开始第 12 次操作

2021-07-05 00:02:04 开始操作号码 【1755523】
2021-07-05 00:02:10 GSD getOne 第 1 次 等待 1 秒
2021-07-05 00:02:11 查询号码 【1755523】，返回信息 {"status":"bad","msg":""}
2021-07-05 00:02:11 查询号码 【1755523】，GSD为【""】
2021-07-05 00:02:11 bad
2021-07-05 00:02:12 CHB 1755523?1625414531 第 1 次 等待 1 秒
2021-07-05 00:02:13 CHB 1755523?1625414531 第 1 次 获取到号码【1755523】GSD
2021-07-05 00:02:13 获取到号码【1755523】的GSD为【安徽-蚌埠】
2021-07-05 00:02:33 GSD insert 第 1 次 等待 1 秒
2021-07-05 00:02:34 {"status":"ok","msg":"添加成功！193994"}
2021-07-05 00:02:34 下次操作: 2021-07-05 00:02:40

2021-07-05 00:02:40 开始第 13 次操作

2021-07-05 00:02:40 开始操作号码 【1755524】
2021-07-05 00:02:59 GSD getOne 第 1 次 等待 1 秒
2021-07-05 00:03:00 查询号码 【1755524】，返回信息 {"status":"bad","msg":""}
2021-07-05 00:03:00 查询号码 【1755524】，GSD为【""】
2021-07-05 00:03:00 bad
2021-07-05 00:03:02 CHB 1755524?1625414580 第 1 次 等待 1 秒
2021-07-05 00:03:03 CHB 1755524?1625414580 第 1 次 获取到号码【1755524】GSD
2021-07-05 00:03:03 获取到号码【1755524】的GSD为【安徽-蚌埠】
2021-07-05 00:03:22 GSD insert 第 1 次 等待 1 秒
2021-07-05 00:03:23 {"status":"ok","msg":"添加成功！194002"}
2021-07-05 00:03:23 下次操作: 2021-07-05 00:03:35

2021-07-05 00:03:35 开始第 14 次操作

2021-07-05 00:03:35 开始操作号码 【1755525】
2021-07-05 00:03:42 GSD getOne 第 1 次 等待 1 秒
2021-07-05 00:03:43 查询号码 【1755525】，返回信息 {"status":"bad","msg":""}
2021-07-05 00:03:43 查询号码 【1755525】，GSD为【""】
2021-07-05 00:03:43 bad
2021-07-05 00:03:44 CHB 1755525?1625414623 第 1 次 等待 1 秒
2021-07-05 00:03:45 CHB 1755525?1625414623 第 1 次 获取到号码【1755525】GSD
2021-07-05 00:03:45 获取到号码【1755525】的GSD为【安徽-蚌埠】
2021-07-05 00:04:04 GSD insert 第 1 次 等待 1 秒
2021-07-05 00:04:05 {"status":"ok","msg":"添加成功！194008"}
2021-07-05 00:04:05 下次操作: 2021-07-05 00:04:13

2021-07-05 00:04:13 开始第 15 次操作

2021-07-05 00:04:13 开始操作号码 【1755526】
2021-07-05 00:04:26 GSD getOne 第 1 次 等待 1 秒
2021-07-05 00:04:27 查询号码 【1755526】，返回信息 {"status":"bad","msg":""}
2021-07-05 00:04:27 查询号码 【1755526】，GSD为【""】
2021-07-05 00:04:27 bad
2021-07-05 00:04:28 CHB 1755526?1625414667 第 1 次 等待 1 秒
2021-07-05 00:04:29 CHB 1755526?1625414667 第 1 次 获取到号码【1755526】GSD
2021-07-05 00:04:29 获取到号码【1755526】的GSD为【安徽-蚌埠】
2021-07-05 00:04:50 GSD insert 第 1 次 等待 1 秒
2021-07-05 00:04:51 {"status":"ok","msg":"添加成功！194016"}
2021-07-05 00:04:51 下次操作: 2021-07-05 00:05:02

2021-07-05 00:05:02 开始第 16 次操作

2021-07-05 00:05:02 开始操作号码 【1755527】
2021-07-05 00:05:13 GSD getOne 第 1 次 等待 1 秒
2021-07-05 00:05:14 查询号码 【1755527】，返回信息 {"status":"bad","msg":""}
2021-07-05 00:05:14 查询号码 【1755527】，GSD为【""】
2021-07-05 00:05:14 bad
2021-07-05 00:05:15 CHB 1755527?1625414714 第 1 次 等待 1 秒
2021-07-05 00:05:16 CHB 1755527?1625414714 第 1 次 获取到号码【1755527】GSD
2021-07-05 00:05:16 获取到号码【1755527】的GSD为【安徽-蚌埠】
2021-07-05 00:05:35 GSD insert 第 1 次 等待 1 秒
2021-07-05 00:05:36 {"status":"ok","msg":"添加成功！194023"}
2021-07-05 00:05:36 下次操作: 2021-07-05 00:05:50

2021-07-05 00:05:50 开始第 17 次操作

2021-07-05 00:05:50 开始操作号码 【1755528】
2021-07-05 00:05:58 GSD getOne 第 1 次 等待 1 秒
2021-07-05 00:05:59 查询号码 【1755528】，返回信息 {"status":"bad","msg":""}
2021-07-05 00:05:59 查询号码 【1755528】，GSD为【""】
2021-07-05 00:05:59 bad
2021-07-05 00:06:00 CHB 1755528?1625414759 第 1 次 等待 1 秒
2021-07-05 00:06:01 CHB 1755528?1625414759 第 1 次 获取到号码【1755528】GSD
2021-07-05 00:06:01 获取到号码【1755528】的GSD为【安徽-蚌埠】
2021-07-05 00:06:20 GSD insert 第 1 次 等待 1 秒
2021-07-05 00:06:21 {"status":"ok","msg":"添加成功！194029"}
2021-07-05 00:06:21 下次操作: 2021-07-05 00:06:38

2021-07-05 00:06:38 开始第 18 次操作

2021-07-05 00:06:38 开始操作号码 【1755529】
2021-07-05 00:06:46 GSD getOne 第 1 次 等待 1 秒
2021-07-05 00:06:47 查询号码 【1755529】，返回信息 {"status":"bad","msg":""}
2021-07-05 00:06:47 查询号码 【1755529】，GSD为【""】
2021-07-05 00:06:47 bad
2021-07-05 00:06:52 CHB 1755529?1625414807 第 1 次 等待 1 秒
2021-07-05 00:06:53 CHB 1755529?1625414807 第 1 次 获取到号码【1755529】GSD
2021-07-05 00:06:53 获取到号码【1755529】的GSD为【安徽-蚌埠】
2021-07-05 00:07:19 GSD insert 第 1 次 等待 1 秒
2021-07-05 00:07:20 {"status":"ok","msg":"添加成功！194039"}
2021-07-05 00:07:20 下次操作: 2021-07-05 00:07:26

2021-07-05 00:07:26 开始第 19 次操作

2021-07-05 00:07:26 开始操作号码 【1755530】
2021-07-05 00:07:46 GSD getOne 第 1 次 等待 1 秒
2021-07-05 00:07:47 查询号码 【1755530】，返回信息 {"status":"bad","msg":""}
2021-07-05 00:07:47 查询号码 【1755530】，GSD为【""】
2021-07-05 00:07:47 bad
2021-07-05 00:07:50 CHB 1755530?1625414867 第 1 次 等待 1 秒
2021-07-05 00:07:51 CHB 1755530?1625414867 第 1 次 获取到号码【1755530】GSD
2021-07-05 00:07:52 获取到号码【1755530】的GSD为【山东-菏泽】
2021-07-05 00:08:11 GSD insert 第 1 次 等待 1 秒
2021-07-05 00:08:12 {"status":"ok","msg":"添加成功！194046"}
2021-07-05 00:08:12 下次操作: 2021-07-05 00:08:22

2021-07-05 00:08:22 开始第 20 次操作

2021-07-05 00:08:22 开始操作号码 【1755531】
2021-07-05 00:08:33 GSD getOne 第 1 次 等待 1 秒
2021-07-05 00:08:34 查询号码 【1755531】，返回信息 {"status":"bad","msg":""}
2021-07-05 00:08:34 查询号码 【1755531】，GSD为【""】
2021-07-05 00:08:34 bad
2021-07-05 00:08:35 CHB 1755531?1625414914 第 1 次 等待 1 秒
2021-07-05 00:08:36 CHB 1755531?1625414914 第 1 次 获取到号码【1755531】GSD
2021-07-05 00:08:36 获取到号码【1755531】的GSD为【山东-济南】
2021-07-05 00:08:56 GSD insert 第 1 次 等待 1 秒
2021-07-05 00:08:57 {"status":"ok","msg":"添加成功！194050"}
2021-07-05 00:08:57 下次操作: 2021-07-05 00:09:03

2021-07-05 00:09:03 开始第 21 次操作

2021-07-05 00:09:03 开始操作号码 【1755532】
2021-07-05 00:09:22 GSD getOne 第 1 次 等待 1 秒
2021-07-05 00:09:23 查询号码 【1755532】，返回信息 {"status":"bad","msg":""}
2021-07-05 00:09:23 查询号码 【1755532】，GSD为【""】
2021-07-05 00:09:23 bad
2021-07-05 00:09:24 CHB 1755532?1625414963 第 1 次 等待 1 秒
2021-07-05 00:09:25 CHB 1755532?1625414963 第 1 次 获取到号码【1755532】GSD
2021-07-05 00:09:25 获取到号码【1755532】的GSD为【山东-青岛】
2021-07-05 00:09:49 GSD insert 第 1 次 等待 1 秒
2021-07-05 00:09:50 {"status":"ok","msg":"添加成功！194056"}
2021-07-05 00:09:50 下次操作: 2021-07-05 00:09:59

2021-07-05 00:09:59 开始第 22 次操作

2021-07-05 00:09:59 开始操作号码 【1755533】
2021-07-05 00:10:10 GSD getOne 第 1 次 等待 1 秒
2021-07-05 00:10:11 查询号码 【1755533】，返回信息 {"status":"bad","msg":""}
2021-07-05 00:10:11 查询号码 【1755533】，GSD为【""】
2021-07-05 00:10:11 bad
2021-07-05 00:10:12 CHB 1755533?1625415011 第 1 次 等待 1 秒
2021-07-05 00:10:13 CHB 1755533?1625415011 第 1 次 获取到号码【1755533】GSD
2021-07-05 00:10:13 获取到号码【1755533】的GSD为【山东-淄博】
2021-07-05 00:10:32 GSD insert 第 1 次 等待 1 秒
2021-07-05 00:10:33 {"status":"ok","msg":"添加成功！194061"}
2021-07-05 00:10:33 下次操作: 2021-07-05 00:10:50

2021-07-05 00:10:50 开始第 23 次操作

2021-07-05 00:10:50 开始操作号码 【1755534】
2021-07-05 00:10:54 GSD getOne 第 1 次 等待 1 秒
2021-07-05 00:10:55 查询号码 【1755534】，返回信息 {"status":"bad","msg":""}
2021-07-05 00:10:55 查询号码 【1755534】，GSD为【""】
2021-07-05 00:10:55 bad
2021-07-05 00:10:56 CHB 1755534?1625415055 第 1 次 等待 1 秒
2021-07-05 00:10:57 CHB 1755534?1625415055 第 1 次 获取到号码【1755534】GSD
2021-07-05 00:10:57 获取到号码【1755534】的GSD为【山东-德州】
2021-07-05 00:11:16 GSD insert 第 1 次 等待 1 秒
2021-07-05 00:11:17 {"status":"ok","msg":"添加成功！194066"}
2021-07-05 00:11:17 下次操作: 2021-07-05 00:11:26

2021-07-05 00:11:26 开始第 24 次操作

2021-07-05 00:11:26 开始操作号码 【1755535】
2021-07-05 00:11:46 GSD getOne 第 1 次 等待 1 秒
2021-07-05 00:11:47 查询号码 【1755535】，返回信息 {"status":"bad","msg":""}
2021-07-05 00:11:47 查询号码 【1755535】，GSD为【""】
2021-07-05 00:11:47 bad
2021-07-05 00:11:48 CHB 1755535?1625415107 第 1 次 等待 1 秒
2021-07-05 00:11:49 CHB 1755535?1625415107 第 1 次 获取到号码【1755535】GSD
2021-07-05 00:11:49 获取到号码【1755535】的GSD为【山东-烟台】
2021-07-05 00:12:09 GSD insert 第 1 次 等待 1 秒
2021-07-05 00:12:10 {"status":"ok","msg":"添加成功！194072"}
2021-07-05 00:12:10 下次操作: 2021-07-05 00:12:28

2021-07-05 00:12:28 开始第 25 次操作

2021-07-05 00:12:28 开始操作号码 【1755536】
2021-07-05 00:12:32 GSD getOne 第 1 次 等待 1 秒
2021-07-05 00:12:33 查询号码 【1755536】，返回信息 {"status":"bad","msg":""}
2021-07-05 00:12:33 查询号码 【1755536】，GSD为【""】
2021-07-05 00:12:33 bad
2021-07-05 00:12:34 CHB 1755536?1625415153 第 1 次 等待 1 秒
2021-07-05 00:12:35 CHB 1755536?1625415153 第 1 次 获取到号码【1755536】GSD
2021-07-05 00:12:35 获取到号码【1755536】的GSD为【山东-潍坊】
2021-07-05 00:13:05 GSD insert 第 1 次 等待 1 秒
2021-07-05 00:13:06 {"status":"ok","msg":"添加成功！194078"}
2021-07-05 00:13:06 下次操作: 2021-07-05 00:13:16

2021-07-05 00:13:16 开始第 26 次操作

2021-07-05 00:13:16 开始操作号码 【1755537】
2021-07-05 00:13:27 GSD getOne 第 1 次 等待 1 秒
2021-07-05 00:13:28 查询号码 【1755537】，返回信息 {"status":"bad","msg":""}
2021-07-05 00:13:28 查询号码 【1755537】，GSD为【""】
2021-07-05 00:13:28 bad
2021-07-05 00:13:29 CHB 1755537?1625415208 第 1 次 等待 1 秒
2021-07-05 00:13:30 CHB 1755537?1625415208 第 1 次 获取到号码【1755537】GSD
2021-07-05 00:13:30 获取到号码【1755537】的GSD为【山东-济宁】
2021-07-05 00:13:49 GSD insert 第 1 次 等待 1 秒
2021-07-05 00:13:50 {"status":"ok","msg":"添加成功！194081"}
2021-07-05 00:13:50 下次操作: 2021-07-05 00:14:07

2021-07-05 00:14:07 开始第 27 次操作

2021-07-05 00:14:07 开始操作号码 【1755538】
2021-07-05 00:16:18 GSD getOne 第 1 次 等待 1 秒
2021-07-05 00:16:24 GSD getOne 第 2 次 等待 1 秒
2021-07-05 00:16:25 查询号码 【1755538】，返回信息 {"status":"bad","msg":""}
2021-07-05 00:16:25 查询号码 【1755538】，GSD为【""】
2021-07-05 00:16:25 bad
2021-07-05 00:16:26 CHB 1755538?1625415385 第 1 次 等待 1 秒
2021-07-05 00:16:27 CHB 1755538?1625415385 第 1 次 获取到号码【1755538】GSD
2021-07-05 00:16:28 获取到号码【1755538】的GSD为【山东-泰安】
2021-07-05 00:16:48 GSD insert 第 1 次 等待 1 秒
2021-07-05 00:16:49 {"status":"ok","msg":"添加成功！194100"}
2021-07-05 00:16:49 下次操作: 2021-07-05 00:17:04

2021-07-05 00:17:04 开始第 28 次操作

2021-07-05 00:17:04 开始操作号码 【1755539】
2021-07-05 00:17:10 GSD getOne 第 1 次 等待 1 秒
2021-07-05 00:17:11 查询号码 【1755539】，返回信息 {"status":"bad","msg":""}
2021-07-05 00:17:12 查询号码 【1755539】，GSD为【""】
2021-07-05 00:17:12 bad
2021-07-05 00:17:13 CHB 1755539?1625415432 第 1 次 等待 1 秒
2021-07-05 00:17:14 CHB 1755539?1625415432 第 1 次 获取到号码【1755539】GSD
2021-07-05 00:17:14 获取到号码【1755539】的GSD为【山东-临沂】
2021-07-05 00:17:49 GSD insert 第 1 次 等待 1 秒
2021-07-05 00:17:50 {"status":"ok","msg":"添加成功！194106"}
2021-07-05 00:17:50 下次操作: 2021-07-05 00:18:01

2021-07-05 00:18:01 开始第 29 次操作

2021-07-05 00:18:01 开始操作号码 【1755540】
2021-07-05 00:18:14 GSD getOne 第 1 次 等待 1 秒
2021-07-05 00:18:15 查询号码 【1755540】，返回信息 {"status":"bad","msg":""}
2021-07-05 00:18:15 查询号码 【1755540】，GSD为【""】
2021-07-05 00:18:15 bad
2021-07-05 00:18:16 CHB 1755540?1625415495 第 1 次 等待 1 秒
2021-07-05 00:18:17 CHB 1755540?1625415495 第 1 次 获取到号码【1755540】GSD
2021-07-05 00:18:17 获取到号码【1755540】的GSD为【山东-菏泽】
2021-07-05 00:18:36 GSD insert 第 1 次 等待 1 秒
2021-07-05 00:18:37 {"status":"ok","msg":"添加成功！194111"}
2021-07-05 00:18:37 下次操作: 2021-07-05 00:18:54

2021-07-05 00:18:54 开始第 30 次操作

2021-07-05 00:18:54 开始操作号码 【1755541】
2021-07-05 00:18:58 GSD getOne 第 1 次 等待 1 秒
2021-07-05 00:18:59 查询号码 【1755541】，返回信息 {"status":"bad","msg":""}
2021-07-05 00:18:59 查询号码 【1755541】，GSD为【""】
2021-07-05 00:18:59 bad
2021-07-05 00:19:00 CHB 1755541?1625415539 第 1 次 等待 1 秒
2021-07-05 00:19:01 CHB 1755541?1625415539 第 1 次 获取到号码【1755541】GSD
2021-07-05 00:19:01 获取到号码【1755541】的GSD为【山东-济南】
2021-07-05 00:19:20 GSD insert 第 1 次 等待 1 秒
2021-07-05 00:19:21 {"status":"ok","msg":"添加成功！194115"}

2021-07-05 01:32:55 开始第 1 次操作

2021-07-05 01:32:55 开始操作号码 【1755542】
2021-07-05 01:32:59 GSD getOne 第 1 次 等待 1 秒
2021-07-05 01:33:00 查询号码 【1755542】，返回信息 {"status":"bad","msg":""}
2021-07-05 01:33:01 查询号码 【1755542】，GSD为【""】
2021-07-05 01:33:01 bad
2021-07-05 01:33:05 CHB 1755542?1625419981 第 1 次 等待 1 秒
2021-07-05 01:33:06 CHB 1755542?1625419981 第 1 次 获取到号码【1755542】GSD
2021-07-05 01:33:06 获取到号码【1755542】的GSD为【山东-青岛】
2021-07-05 01:33:26 GSD insert 第 1 次 等待 1 秒
2021-07-05 01:33:27 {"status":"ok","msg":"添加成功！194354"}
2021-07-05 01:33:27 下次操作: 2021-07-05 01:33:36

2021-07-05 01:33:36 开始第 2 次操作

2021-07-05 01:33:36 开始操作号码 【1755543】
2021-07-05 01:33:59 GSD getOne 第 1 次 等待 1 秒
2021-07-05 01:34:00 查询号码 【1755543】，返回信息 {"status":"bad","msg":""}
2021-07-05 01:34:00 查询号码 【1755543】，GSD为【""】
2021-07-05 01:34:00 bad
2021-07-05 01:34:01 CHB 1755543?1625420040 第 1 次 等待 1 秒
2021-07-05 01:34:02 CHB 1755543?1625420040 第 1 次 获取到号码【1755543】GSD
2021-07-05 01:34:02 获取到号码【1755543】的GSD为【山东-滨州】
2021-07-05 01:34:21 GSD insert 第 1 次 等待 1 秒
2021-07-05 01:34:22 {"status":"ok","msg":"添加成功！194360"}
2021-07-05 01:34:22 下次操作: 2021-07-05 01:34:28

2021-07-05 01:34:28 开始第 3 次操作

2021-07-05 01:34:28 开始操作号码 【1755544】
2021-07-05 01:34:47 GSD getOne 第 1 次 等待 1 秒
2021-07-05 01:34:48 查询号码 【1755544】，返回信息 {"status":"bad","msg":""}
2021-07-05 01:34:48 查询号码 【1755544】，GSD为【""】
2021-07-05 01:34:48 bad
2021-07-05 01:34:49 CHB 1755544?1625420088 第 1 次 等待 1 秒
2021-07-05 01:34:50 CHB 1755544?1625420088 第 1 次 获取到号码【1755544】GSD
2021-07-05 01:34:50 获取到号码【1755544】的GSD为【山东-德州】
2021-07-05 01:35:10 GSD insert 第 1 次 等待 1 秒
2021-07-05 01:35:11 {"status":"ok","msg":"添加成功！194370"}
2021-07-05 01:35:11 下次操作: 2021-07-05 01:35:23

2021-07-05 01:35:23 开始第 4 次操作

2021-07-05 01:35:23 开始操作号码 【1755545】
2021-07-05 01:35:35 GSD getOne 第 1 次 等待 1 秒
2021-07-05 01:35:36 查询号码 【1755545】，返回信息 {"status":"bad","msg":""}
2021-07-05 01:35:36 查询号码 【1755545】，GSD为【""】
2021-07-05 01:35:36 bad
2021-07-05 01:35:41 CHB 1755545?1625420136 第 1 次 等待 1 秒
2021-07-05 01:35:42 CHB 1755545?1625420136 第 1 次 获取到号码【1755545】GSD
2021-07-05 01:35:42 获取到号码【1755545】的GSD为【山东-烟台】
2021-07-05 01:36:03 GSD insert 第 1 次 等待 1 秒
2021-07-05 01:36:04 {"status":"ok","msg":"添加成功！194376"}
2021-07-05 01:36:04 下次操作: 2021-07-05 01:36:17

2021-07-05 01:36:17 开始第 5 次操作

2021-07-05 01:36:17 开始操作号码 【1755546】
2021-07-05 01:36:28 GSD getOne 第 1 次 等待 1 秒
2021-07-05 01:36:29 查询号码 【1755546】，返回信息 {"status":"bad","msg":""}
2021-07-05 01:36:30 查询号码 【1755546】，GSD为【""】
2021-07-05 01:36:30 bad
2021-07-05 01:36:31 CHB 1755546?1625420190 第 1 次 等待 1 秒
2021-07-05 01:36:32 CHB 1755546?1625420190 第 1 次 获取到号码【1755546】GSD
2021-07-05 01:36:32 获取到号码【1755546】的GSD为【山东-东营】
2021-07-05 01:36:54 GSD insert 第 1 次 等待 1 秒
2021-07-05 01:36:55 {"status":"ok","msg":"添加成功！194385"}
2021-07-05 01:36:55 下次操作: 2021-07-05 01:37:01

2021-07-05 01:37:01 开始第 6 次操作

2021-07-05 01:37:01 开始操作号码 【1755547】
2021-07-05 01:37:20 GSD getOne 第 1 次 等待 1 秒
2021-07-05 01:37:21 查询号码 【1755547】，返回信息 {"status":"bad","msg":""}
2021-07-05 01:37:21 查询号码 【1755547】，GSD为【""】
2021-07-05 01:37:21 bad
2021-07-05 01:37:22 CHB 1755547?1625420241 第 1 次 等待 1 秒
2021-07-05 01:37:23 CHB 1755547?1625420241 第 1 次 获取到号码【1755547】GSD
2021-07-05 01:37:23 获取到号码【1755547】的GSD为【山东-济宁】
2021-07-05 01:37:44 GSD insert 第 1 次 等待 1 秒
2021-07-05 01:37:45 {"status":"ok","msg":"添加成功！194393"}
2021-07-05 01:37:45 下次操作: 2021-07-05 01:37:57

2021-07-05 01:37:57 开始第 7 次操作

2021-07-05 01:37:57 开始操作号码 【1755548】
2021-07-05 01:38:14 GSD getOne 第 1 次 等待 1 秒
2021-07-05 01:38:15 查询号码 【1755548】，返回信息 {"status":"bad","msg":""}
2021-07-05 01:38:15 查询号码 【1755548】，GSD为【""】
2021-07-05 01:38:15 bad
2021-07-05 01:38:17 CHB 1755548?1625420295 第 1 次 等待 1 秒
2021-07-05 01:38:18 CHB 1755548?1625420295 第 1 次 获取到号码【1755548】GSD
2021-07-05 01:38:18 获取到号码【1755548】的GSD为【山东-泰安】
2021-07-05 01:38:42 GSD insert 第 1 次 等待 1 秒
2021-07-05 01:38:43 {"status":"ok","msg":"添加成功！194400"}
2021-07-05 01:38:43 下次操作: 2021-07-05 01:38:49

2021-07-05 01:38:49 开始第 8 次操作

2021-07-05 01:38:49 开始操作号码 【1755549】
2021-07-05 01:39:09 GSD getOne 第 1 次 等待 1 秒
2021-07-05 01:39:10 查询号码 【1755549】，返回信息 {"status":"bad","msg":""}
2021-07-05 01:39:10 查询号码 【1755549】，GSD为【""】
2021-07-05 01:39:10 bad
2021-07-05 01:39:11 CHB 1755549?1625420350 第 1 次 等待 1 秒
2021-07-05 01:39:12 CHB 1755549?1625420350 第 1 次 获取到号码【1755549】GSD
2021-07-05 01:39:12 获取到号码【1755549】的GSD为【山东-临沂】
2021-07-05 01:39:32 GSD insert 第 1 次 等待 1 秒
2021-07-05 01:39:33 {"status":"ok","msg":"添加成功！194409"}
2021-07-05 01:39:33 下次操作: 2021-07-05 01:39:50

2021-07-05 01:39:50 开始第 9 次操作

2021-07-05 01:39:50 开始操作号码 【1755550】
2021-07-05 01:39:57 GSD getOne 第 1 次 等待 1 秒
2021-07-05 01:39:58 查询号码 【1755550】，返回信息 {"status":"bad","msg":""}
2021-07-05 01:39:58 查询号码 【1755550】，GSD为【""】
2021-07-05 01:39:58 bad
2021-07-05 01:39:59 CHB 1755550?1625420398 第 1 次 等待 1 秒
2021-07-05 01:40:00 CHB 1755550?1625420398 第 1 次 获取到号码【1755550】GSD
2021-07-05 01:40:00 获取到号码【1755550】的GSD为【安徽-马鞍山】
2021-07-05 01:40:20 GSD insert 第 1 次 等待 1 秒
2021-07-05 01:40:21 {"status":"ok","msg":"添加成功！194415"}
2021-07-05 01:40:21 下次操作: 2021-07-05 01:40:39

2021-07-05 01:40:39 开始第 10 次操作

2021-07-05 01:40:39 开始操作号码 【1755551】
2021-07-05 01:40:47 GSD getOne 第 1 次 等待 1 秒
2021-07-05 01:40:48 查询号码 【1755551】，返回信息 {"status":"bad","msg":""}
2021-07-05 01:40:48 查询号码 【1755551】，GSD为【""】
2021-07-05 01:40:48 bad
2021-07-05 01:40:49 CHB 1755551?1625420448 第 1 次 等待 1 秒
2021-07-05 01:40:50 CHB 1755551?1625420448 第 1 次 获取到号码【1755551】GSD
2021-07-05 01:40:50 获取到号码【1755551】的GSD为【安徽-马鞍山】
2021-07-05 01:41:09 GSD insert 第 1 次 等待 1 秒
2021-07-05 01:41:10 {"status":"ok","msg":"添加成功！194421"}
2021-07-05 01:41:10 下次操作: 2021-07-05 01:41:27

2021-07-05 01:41:27 开始第 11 次操作

2021-07-05 01:41:27 开始操作号码 【1755552】
2021-07-05 01:41:37 GSD getOne 第 1 次 等待 1 秒
2021-07-05 01:41:38 查询号码 【1755552】，返回信息 {"status":"bad","msg":""}
2021-07-05 01:41:38 查询号码 【1755552】，GSD为【""】
2021-07-05 01:41:38 bad
2021-07-05 01:41:39 CHB 1755552?1625420498 第 1 次 等待 1 秒
2021-07-05 01:41:40 CHB 1755552?1625420498 第 1 次 获取到号码【1755552】GSD
2021-07-05 01:41:40 获取到号码【1755552】的GSD为【安徽-马鞍山】
2021-07-05 01:42:00 GSD insert 第 1 次 等待 1 秒
2021-07-05 01:42:01 {"status":"ok","msg":"添加成功！194431"}
2021-07-05 01:42:01 下次操作: 2021-07-05 01:42:16

2021-07-05 01:42:16 开始第 12 次操作

2021-07-05 01:42:16 开始操作号码 【1755553】
2021-07-05 01:42:24 GSD getOne 第 1 次 等待 1 秒
2021-07-05 01:42:25 查询号码 【1755553】，返回信息 {"status":"bad","msg":""}
2021-07-05 01:42:25 查询号码 【1755553】，GSD为【""】
2021-07-05 01:42:25 bad
2021-07-05 01:42:30 CHB 1755553?1625420545 第 1 次 等待 1 秒
2021-07-05 01:42:31 CHB 1755553?1625420545 第 1 次 获取到号码【1755553】GSD
2021-07-05 01:42:31 获取到号码【1755553】的GSD为【安徽-马鞍山】
2021-07-05 01:43:07 GSD insert 第 1 次 等待 1 秒
2021-07-05 01:43:08 {"status":"ok","msg":"添加成功！194445"}
2021-07-05 01:43:08 下次操作: 2021-07-05 01:43:15

2021-07-05 01:43:15 开始第 13 次操作

2021-07-05 01:43:15 开始操作号码 【1755554】
2021-07-05 01:43:44 GSD getOne 第 1 次 等待 1 秒
2021-07-05 01:43:45 查询号码 【1755554】，返回信息 {"status":"bad","msg":""}
2021-07-05 01:43:45 查询号码 【1755554】，GSD为【""】
2021-07-05 01:43:45 bad
2021-07-05 01:43:50 CHB 1755554?1625420625 第 1 次 等待 1 秒
2021-07-05 01:43:51 CHB 1755554?1625420625 第 1 次 获取到号码【1755554】GSD
2021-07-05 01:43:51 获取到号码【1755554】的GSD为【安徽-马鞍山】
2021-07-05 01:44:11 GSD insert 第 1 次 等待 1 秒
2021-07-05 01:44:12 {"status":"ok","msg":"添加成功！194454"}
2021-07-05 01:44:12 下次操作: 2021-07-05 01:44:19

2021-07-05 01:44:19 开始第 14 次操作

2021-07-05 01:44:19 开始操作号码 【1755555】
2021-07-05 01:44:39 GSD getOne 第 1 次 等待 1 秒
2021-07-05 01:44:40 查询号码 【1755555】，返回信息 {"status":"bad","msg":""}
2021-07-05 01:44:40 查询号码 【1755555】，GSD为【""】
2021-07-05 01:44:40 bad
2021-07-05 01:44:41 CHB 1755555?1625420680 第 1 次 等待 1 秒
2021-07-05 01:44:42 CHB 1755555?1625420680 第 1 次 获取到号码【1755555】GSD
2021-07-05 01:44:42 获取到号码【1755555】的GSD为【安徽-马鞍山】
2021-07-05 01:45:18 GSD insert 第 1 次 等待 1 秒
2021-07-05 01:45:19 {"status":"ok","msg":"添加成功！194469"}
2021-07-05 01:45:19 下次操作: 2021-07-05 01:45:33

2021-07-05 01:45:33 开始第 15 次操作

2021-07-05 01:45:33 开始操作号码 【1755556】
2021-07-05 01:45:44 GSD getOne 第 1 次 等待 1 秒
2021-07-05 01:45:45 查询号码 【1755556】，返回信息 {"status":"bad","msg":""}
2021-07-05 01:45:45 查询号码 【1755556】，GSD为【""】
2021-07-05 01:45:45 bad
2021-07-05 01:45:46 CHB 1755556?1625420745 第 1 次 等待 1 秒
2021-07-05 01:45:47 CHB 1755556?1625420745 第 1 次 获取到号码【1755556】GSD
2021-07-05 01:45:47 获取到号码【1755556】的GSD为【安徽-马鞍山】
2021-07-05 01:46:07 GSD insert 第 1 次 等待 1 秒
2021-07-05 01:46:08 {"status":"ok","msg":"添加成功！194476"}
2021-07-05 01:46:08 下次操作: 2021-07-05 01:46:14

2021-07-05 01:46:14 开始第 16 次操作

2021-07-05 01:46:14 开始操作号码 【1755557】
2021-07-05 01:46:40 GSD getOne 第 1 次 等待 1 秒
2021-07-05 01:46:41 查询号码 【1755557】，返回信息 {"status":"bad","msg":""}
2021-07-05 01:46:41 查询号码 【1755557】，GSD为【""】
2021-07-05 01:46:41 bad
2021-07-05 01:46:42 CHB 1755557?1625420801 第 1 次 等待 1 秒
2021-07-05 01:46:43 CHB 1755557?1625420801 第 1 次 获取到号码【1755557】GSD
2021-07-05 01:46:43 获取到号码【1755557】的GSD为【安徽-马鞍山】
2021-07-05 01:47:05 GSD insert 第 1 次 等待 1 秒
2021-07-05 01:47:06 {"status":"ok","msg":"添加成功！194488"}
2021-07-05 01:47:06 下次操作: 2021-07-05 01:47:21

2021-07-05 01:47:21 开始第 17 次操作

2021-07-05 01:47:21 开始操作号码 【1755558】
2021-07-05 01:47:28 GSD getOne 第 1 次 等待 1 秒
2021-07-05 01:47:29 查询号码 【1755558】，返回信息 {"status":"bad","msg":""}
2021-07-05 01:47:29 查询号码 【1755558】，GSD为【""】
2021-07-05 01:47:29 bad
2021-07-05 01:47:30 CHB 1755558?1625420849 第 1 次 等待 1 秒
2021-07-05 01:47:31 CHB 1755558?1625420849 第 1 次 获取到号码【1755558】GSD
2021-07-05 01:47:31 获取到号码【1755558】的GSD为【安徽-马鞍山】
2021-07-05 01:48:07 GSD insert 第 1 次 等待 1 秒
2021-07-05 01:48:08 {"status":"ok","msg":"添加成功！194495"}
2021-07-05 01:48:08 下次操作: 2021-07-05 01:48:24

2021-07-05 01:48:24 开始第 18 次操作

2021-07-05 01:48:24 开始操作号码 【1755559】
2021-07-05 01:48:34 GSD getOne 第 1 次 等待 1 秒
2021-07-05 01:48:35 查询号码 【1755559】，返回信息 {"status":"bad","msg":""}
2021-07-05 01:48:35 查询号码 【1755559】，GSD为【""】
2021-07-05 01:48:35 bad
2021-07-05 01:48:40 CHB 1755559?1625420915 第 1 次 等待 1 秒
2021-07-05 01:48:41 CHB 1755559?1625420915 第 1 次 获取到号码【1755559】GSD
2021-07-05 01:48:41 获取到号码【1755559】的GSD为【安徽-马鞍山】
2021-07-05 01:49:00 GSD insert 第 1 次 等待 1 秒
2021-07-05 01:49:01 {"status":"ok","msg":"添加成功！194503"}
2021-07-05 01:49:01 下次操作: 2021-07-05 01:49:15

2021-07-05 01:49:15 开始第 19 次操作

2021-07-05 01:49:15 开始操作号码 【1755560】
2021-07-05 01:49:23 GSD getOne 第 1 次 等待 1 秒
2021-07-05 01:49:24 查询号码 【1755560】，返回信息 {"status":"bad","msg":""}
2021-07-05 01:49:24 查询号码 【1755560】，GSD为【""】
2021-07-05 01:49:24 bad
2021-07-05 01:49:25 CHB 1755560?1625420964 第 1 次 等待 1 秒
2021-07-05 01:49:26 CHB 1755560?1625420964 第 1 次 获取到号码【1755560】GSD
2021-07-05 01:49:26 获取到号码【1755560】的GSD为【安徽-安庆】
2021-07-05 01:49:45 GSD insert 第 1 次 等待 1 秒
2021-07-05 01:49:46 {"status":"ok","msg":"添加成功！194509"}
2021-07-05 01:49:46 下次操作: 2021-07-05 01:49:55

2021-07-05 01:49:55 开始第 20 次操作

2021-07-05 01:49:55 开始操作号码 【1755561】
2021-07-05 01:50:14 GSD getOne 第 1 次 等待 1 秒
2021-07-05 01:50:15 查询号码 【1755561】，返回信息 {"status":"bad","msg":""}
2021-07-05 01:50:15 查询号码 【1755561】，GSD为【""】
2021-07-05 01:50:15 bad
2021-07-05 01:50:20 CHB 1755561?1625421015 第 1 次 等待 1 秒
2021-07-05 01:50:21 CHB 1755561?1625421015 第 1 次 获取到号码【1755561】GSD
2021-07-05 01:50:21 获取到号码【1755561】的GSD为【安徽-安庆】
2021-07-05 01:50:41 GSD insert 第 1 次 等待 1 秒
2021-07-05 01:50:42 {"status":"ok","msg":"添加成功！194518"}
2021-07-05 01:50:42 下次操作: 2021-07-05 01:51:00

2021-07-05 01:51:00 开始第 21 次操作

2021-07-05 01:51:00 开始操作号码 【1755562】
2021-07-05 01:51:04 GSD getOne 第 1 次 等待 1 秒
2021-07-05 01:51:05 查询号码 【1755562】，返回信息 {"status":"bad","msg":""}
2021-07-05 01:51:05 查询号码 【1755562】，GSD为【""】
2021-07-05 01:51:05 bad
2021-07-05 01:51:06 CHB 1755562?1625421065 第 1 次 等待 1 秒
2021-07-05 01:51:07 CHB 1755562?1625421065 第 1 次 获取到号码【1755562】GSD
2021-07-05 01:51:07 获取到号码【1755562】的GSD为【安徽-安庆】
2021-07-05 01:51:26 GSD insert 第 1 次 等待 1 秒
2021-07-05 01:51:27 {"status":"ok","msg":"添加成功！194524"}
2021-07-05 01:51:27 下次操作: 2021-07-05 01:51:33

2021-07-05 01:51:33 开始第 22 次操作

2021-07-05 01:51:33 开始操作号码 【1755563】
2021-07-05 01:51:53 GSD getOne 第 1 次 等待 1 秒
2021-07-05 01:51:54 查询号码 【1755563】，返回信息 {"status":"bad","msg":""}
2021-07-05 01:51:54 查询号码 【1755563】，GSD为【""】
2021-07-05 01:51:54 bad
2021-07-05 01:51:59 CHB 1755563?1625421114 第 1 次 等待 1 秒
2021-07-05 01:52:00 CHB 1755563?1625421114 第 1 次 获取到号码【1755563】GSD
2021-07-05 01:52:00 获取到号码【1755563】的GSD为【安徽-安庆】
2021-07-05 01:52:20 GSD insert 第 1 次 等待 1 秒
2021-07-05 01:52:21 {"status":"ok","msg":"添加成功！194532"}
2021-07-05 01:52:21 下次操作: 2021-07-05 01:52:37

2021-07-05 01:52:37 开始第 23 次操作

2021-07-05 01:52:37 开始操作号码 【1755564】
2021-07-05 01:52:42 GSD getOne 第 1 次 等待 1 秒
2021-07-05 01:52:43 查询号码 【1755564】，返回信息 {"status":"bad","msg":""}
2021-07-05 01:52:43 查询号码 【1755564】，GSD为【""】
2021-07-05 01:52:43 bad
2021-07-05 01:52:44 CHB 1755564?1625421163 第 1 次 等待 1 秒
2021-07-05 01:52:45 CHB 1755564?1625421163 第 1 次 获取到号码【1755564】GSD
2021-07-05 01:52:45 获取到号码【1755564】的GSD为【安徽-安庆】
2021-07-05 01:53:05 GSD insert 第 1 次 等待 1 秒
2021-07-05 01:53:06 {"status":"ok","msg":"添加成功！194540"}
2021-07-05 01:53:06 下次操作: 2021-07-05 01:53:16

2021-07-05 01:53:16 开始第 24 次操作

2021-07-05 01:53:16 开始操作号码 【1755565】
2021-07-05 01:53:26 GSD getOne 第 1 次 等待 1 秒
2021-07-05 01:53:27 查询号码 【1755565】，返回信息 {"status":"bad","msg":""}
2021-07-05 01:53:27 查询号码 【1755565】，GSD为【""】
2021-07-05 01:53:27 bad
2021-07-05 01:53:28 CHB 1755565?1625421207 第 1 次 等待 1 秒
2021-07-05 01:53:29 CHB 1755565?1625421207 第 1 次 获取到号码【1755565】GSD
2021-07-05 01:53:30 获取到号码【1755565】的GSD为【安徽-安庆】
2021-07-05 01:54:05 GSD insert 第 1 次 等待 1 秒
2021-07-05 01:54:06 {"status":"ok","msg":"添加成功！194548"}
2021-07-05 01:54:06 下次操作: 2021-07-05 01:54:15

2021-07-05 01:54:15 开始第 25 次操作

2021-07-05 01:54:15 开始操作号码 【1755566】
2021-07-05 01:54:34 GSD getOne 第 1 次 等待 1 秒
2021-07-05 01:54:35 查询号码 【1755566】，返回信息 {"status":"bad","msg":""}
2021-07-05 01:54:35 查询号码 【1755566】，GSD为【""】
2021-07-05 01:54:35 bad
2021-07-05 01:54:36 CHB 1755566?1625421275 第 1 次 等待 1 秒
2021-07-05 01:54:37 CHB 1755566?1625421275 第 1 次 获取到号码【1755566】GSD
2021-07-05 01:54:37 获取到号码【1755566】的GSD为【安徽-安庆】
2021-07-05 01:54:57 GSD insert 第 1 次 等待 1 秒
2021-07-05 01:54:58 {"status":"ok","msg":"添加成功！194557"}
2021-07-05 01:54:58 下次操作: 2021-07-05 01:55:10

2021-07-05 01:55:10 开始第 26 次操作

2021-07-05 01:55:10 开始操作号码 【1755567】
2021-07-05 01:55:21 GSD getOne 第 1 次 等待 1 秒
2021-07-05 01:55:22 查询号码 【1755567】，返回信息 {"status":"bad","msg":""}
2021-07-05 01:55:22 查询号码 【1755567】，GSD为【""】
2021-07-05 01:55:22 bad
2021-07-05 01:55:23 CHB 1755567?1625421322 第 1 次 等待 1 秒
2021-07-05 01:55:24 CHB 1755567?1625421322 第 1 次 获取到号码【1755567】GSD
2021-07-05 01:55:24 获取到号码【1755567】的GSD为【安徽-安庆】
2021-07-05 01:55:44 GSD insert 第 1 次 等待 1 秒
2021-07-05 01:55:45 {"status":"ok","msg":"添加成功！194561"}
2021-07-05 01:55:45 下次操作: 2021-07-05 01:55:58

2021-07-05 01:55:58 开始第 27 次操作

2021-07-05 01:55:58 开始操作号码 【1755568】
2021-07-05 01:56:08 GSD getOne 第 1 次 等待 1 秒
2021-07-05 01:56:09 查询号码 【1755568】，返回信息 {"status":"bad","msg":""}
2021-07-05 01:56:09 查询号码 【1755568】，GSD为【""】
2021-07-05 01:56:09 bad
2021-07-05 01:56:11 CHB 1755568?1625421369 第 1 次 等待 1 秒
2021-07-05 01:56:12 CHB 1755568?1625421369 第 1 次 获取到号码【1755568】GSD
2021-07-05 01:56:12 获取到号码【1755568】的GSD为【安徽-安庆】
2021-07-05 01:56:32 GSD insert 第 1 次 等待 1 秒
2021-07-05 01:56:33 {"status":"ok","msg":"添加成功！194566"}
2021-07-05 01:56:33 下次操作: 2021-07-05 01:56:47

2021-07-05 01:56:47 开始第 28 次操作

2021-07-05 01:56:47 开始操作号码 【1755569】
2021-07-05 01:56:54 GSD getOne 第 1 次 等待 1 秒
2021-07-05 01:56:55 查询号码 【1755569】，返回信息 {"status":"bad","msg":""}
2021-07-05 01:56:55 查询号码 【1755569】，GSD为【""】
2021-07-05 01:56:55 bad
2021-07-05 01:56:56 CHB 1755569?1625421415 第 1 次 等待 1 秒
2021-07-05 01:56:57 CHB 1755569?1625421415 第 1 次 获取到号码【1755569】GSD
2021-07-05 01:56:57 获取到号码【1755569】的GSD为【安徽-安庆】
2021-07-05 01:57:33 GSD insert 第 1 次 等待 1 秒
2021-07-05 01:57:34 {"status":"ok","msg":"添加成功！194571"}
2021-07-05 01:57:34 下次操作: 2021-07-05 01:57:41

2021-07-05 01:57:41 开始第 29 次操作

2021-07-05 01:57:41 开始操作号码 【1755570】
2021-07-05 01:58:00 GSD getOne 第 1 次 等待 1 秒
2021-07-05 01:58:01 查询号码 【1755570】，返回信息 {"status":"bad","msg":""}
2021-07-05 01:58:01 查询号码 【1755570】，GSD为【""】
2021-07-05 01:58:01 bad
2021-07-05 01:58:06 CHB 1755570?1625421481 第 1 次 等待 1 秒
2021-07-05 01:58:07 CHB 1755570?1625421481 第 1 次 获取到号码【1755570】GSD
2021-07-05 01:58:07 获取到号码【1755570】的GSD为【安徽-宿州】
2021-07-05 01:58:27 GSD insert 第 1 次 等待 1 秒
2021-07-05 01:58:28 {"status":"ok","msg":"添加成功！194575"}
2021-07-05 01:58:28 下次操作: 2021-07-05 01:58:44

2021-07-05 01:58:44 开始第 30 次操作

2021-07-05 01:58:44 开始操作号码 【1755571】
2021-07-05 01:58:49 GSD getOne 第 1 次 等待 1 秒
2021-07-05 01:58:50 查询号码 【1755571】，返回信息 {"status":"bad","msg":""}
2021-07-05 01:58:50 查询号码 【1755571】，GSD为【""】
2021-07-05 01:58:50 bad
2021-07-05 01:58:51 CHB 1755571?1625421530 第 1 次 等待 1 秒
2021-07-05 01:58:52 CHB 1755571?1625421530 第 1 次 获取到号码【1755571】GSD
2021-07-05 01:58:52 获取到号码【1755571】的GSD为【安徽-宿州】
2021-07-05 01:59:11 GSD insert 第 1 次 等待 1 秒
2021-07-05 01:59:12 {"status":"ok","msg":"添加成功！194580"}

