2024-07-18 00:10:29 开始第 6761 次操作

2024-07-18 00:10:29 开始操作号码 【1546644】
2024-07-18 00:10:38 GSD getOne 第 1 次 等待 3 秒
2024-07-18 00:10:41 查询号码 【1546644】，返回信息 {"status":"ok","msg":"-","gid":"665848","time_insert":"2023-04-20 05:41"}
2024-07-18 00:10:41 查询号码 【1546644】，GSD为【"-"】
2024-07-18 00:10:41 ok && -
2024-07-18 00:10:44 CHB 1546644?1721232641 第 1 次 等待 3 秒
2024-07-18 00:10:47 CHB 1546644?1721232641 第 1 次 获取到号码【1546644】GSD
2024-07-18 00:10:47 未获取到号码【1546644】GSD，可能号码格式错误
2024-07-18 00:10:48 获取到号码【1546644】的GSD为【-】
2024-07-18 00:10:57 GSD insert 第 1 次 等待 3 秒
2024-07-18 00:11:00 {"status":"bad","gid":"665848","msg":"添加失败！号码【1546644(-|-)】已存在！"}
2024-07-18 00:11:00 随机等待 179 秒，约 2 分钟
2024-07-18 00:11:00 下次操作: 2024-07-18 00:13:59

2024-07-18 00:13:59 开始第 6762 次操作

2024-07-18 00:13:59 开始操作号码 【1546645】
2024-07-18 00:14:09 GSD getOne 第 1 次 等待 3 秒
2024-07-18 00:14:12 查询号码 【1546645】，返回信息 {"status":"ok","msg":"-","gid":"665870","time_insert":"2023-04-20 05:55"}
2024-07-18 00:14:12 查询号码 【1546645】，GSD为【"-"】
2024-07-18 00:14:12 ok && -
2024-07-18 00:14:15 CHB 1546645?1721232852 第 1 次 等待 3 秒
2024-07-18 00:14:18 CHB 1546645?1721232852 第 1 次 获取到号码【1546645】GSD
2024-07-18 00:14:18 未获取到号码【1546645】GSD，可能号码格式错误
2024-07-18 00:14:18 获取到号码【1546645】的GSD为【-】
2024-07-18 00:14:30 GSD insert 第 1 次 等待 3 秒
2024-07-18 00:14:33 {"status":"bad","gid":"665870","msg":"添加失败！号码【1546645(-|-)】已存在！"}
2024-07-18 00:14:33 随机等待 187 秒，约 3 分钟
2024-07-18 00:14:33 下次操作: 2024-07-18 00:17:40

2024-07-18 00:17:40 开始第 6763 次操作

2024-07-18 00:17:40 开始操作号码 【1546646】
2024-07-18 00:17:48 GSD getOne 第 1 次 等待 3 秒
2024-07-18 00:17:51 查询号码 【1546646】，返回信息 {"status":"ok","msg":"-","gid":"665891","time_insert":"2023-04-20 06:09"}
2024-07-18 00:17:51 查询号码 【1546646】，GSD为【"-"】
2024-07-18 00:17:51 ok && -
2024-07-18 00:17:53 CHB 1546646?1721233071 第 1 次 等待 3 秒
2024-07-18 00:17:56 CHB 1546646?1721233071 第 1 次 获取到号码【1546646】GSD
2024-07-18 00:17:56 未获取到号码【1546646】GSD，可能号码格式错误
2024-07-18 00:17:56 获取到号码【1546646】的GSD为【-】
2024-07-18 00:18:18 GSD insert 第 1 次 等待 3 秒
2024-07-18 00:18:21 {"status":"bad","gid":"665891","msg":"添加失败！号码【1546646(-|-)】已存在！"}
2024-07-18 00:18:21 随机等待 138 秒，约 2 分钟
2024-07-18 00:18:21 下次操作: 2024-07-18 00:20:39

2024-07-18 00:20:39 开始第 6764 次操作

2024-07-18 00:20:39 开始操作号码 【1546647】
2024-07-18 00:20:47 GSD getOne 第 1 次 等待 3 秒
2024-07-18 00:20:50 查询号码 【1546647】，返回信息 {"status":"ok","msg":"-","gid":"665912","time_insert":"2023-04-20 06:23"}
2024-07-18 00:20:50 查询号码 【1546647】，GSD为【"-"】
2024-07-18 00:20:50 ok && -
2024-07-18 00:20:54 CHB 1546647?1721233250 第 1 次 等待 3 秒
2024-07-18 00:20:57 CHB 1546647?1721233250 第 1 次 获取到号码【1546647】GSD
2024-07-18 00:20:57 未获取到号码【1546647】GSD，可能号码格式错误
2024-07-18 00:20:57 获取到号码【1546647】的GSD为【-】
2024-07-18 00:21:05 GSD insert 第 1 次 等待 3 秒
2024-07-18 00:21:08 {"status":"bad","gid":"665912","msg":"添加失败！号码【1546647(-|-)】已存在！"}

