2023-12-28 00:09:24 开始第 5729 次操作

2023-12-28 00:09:24 开始操作号码 【1875629】
2023-12-28 00:09:28 GSD getOne 第 1 次 等待 3 秒
2023-12-28 00:09:31 查询号码 【1875629】，返回信息 {"status":"ok","msg":"安徽-铜陵","gid":"445219","time_insert":"2021-07-30 14:54"}
2023-12-28 00:09:31 查询号码 【1875629】，GSD为【"安徽-铜陵"】

2023-12-28 00:09:32 开始第 5730 次操作

2023-12-28 00:09:32 开始操作号码 【1875630】
2023-12-28 00:09:36 GSD getOne 第 1 次 等待 3 秒
2023-12-28 00:09:39 查询号码 【1875630】，返回信息 {"status":"ok","msg":"安徽-宣城","gid":"445208","time_insert":"2021-07-30 14:53"}
2023-12-28 00:09:39 查询号码 【1875630】，GSD为【"安徽-宣城"】

2023-12-28 00:09:40 开始第 5731 次操作

2023-12-28 00:09:40 开始操作号码 【1875631】
2023-12-28 00:09:43 GSD getOne 第 1 次 等待 3 秒
2023-12-28 00:09:46 查询号码 【1875631】，返回信息 {"status":"ok","msg":"安徽-宣城","gid":"445196","time_insert":"2021-07-30 14:52"}
2023-12-28 00:09:46 查询号码 【1875631】，GSD为【"安徽-宣城"】

2023-12-28 00:09:47 开始第 5732 次操作

2023-12-28 00:09:47 开始操作号码 【1875632】
2023-12-28 00:09:51 GSD getOne 第 1 次 等待 3 秒
2023-12-28 00:09:54 查询号码 【1875632】，返回信息 {"status":"ok","msg":"安徽-宣城","gid":"445188","time_insert":"2021-07-30 14:51"}
2023-12-28 00:09:54 查询号码 【1875632】，GSD为【"安徽-宣城"】

2023-12-28 00:37:14 开始第 5733 次操作

2023-12-28 00:37:14 开始操作号码 【1875633】
2023-12-28 00:37:20 GSD getOne 第 1 次 等待 3 秒
2023-12-28 00:37:23 查询号码 【1875633】，返回信息 {"status":"ok","msg":"安徽-宣城","gid":"445183","time_insert":"2021-07-30 14:51","time_update":"2021-08-06 07:10"}
2023-12-28 00:37:23 查询号码 【1875633】，GSD为【"安徽-宣城"】

2023-12-28 00:37:24 开始第 5734 次操作

2023-12-28 00:37:24 开始操作号码 【1875634】
2023-12-28 00:37:29 GSD getOne 第 1 次 等待 3 秒
2023-12-28 00:37:32 查询号码 【1875634】，返回信息 {"status":"ok","msg":"安徽-宣城","gid":"445175","time_insert":"2021-07-30 14:50"}
2023-12-28 00:37:32 查询号码 【1875634】，GSD为【"安徽-宣城"】

2023-12-28 00:37:33 开始第 5735 次操作

2023-12-28 00:37:33 开始操作号码 【1875635】
2023-12-28 00:37:37 GSD getOne 第 1 次 等待 3 秒
2023-12-28 00:37:40 查询号码 【1875635】，返回信息 {"status":"ok","msg":"安徽-宣城","gid":"42462","time_insert":"2018-02-17 13:54","time_update":"2020-08-15 23:09"}
2023-12-28 00:37:40 查询号码 【1875635】，GSD为【"安徽-宣城"】

2023-12-28 00:37:41 开始第 5736 次操作

2023-12-28 00:37:41 开始操作号码 【1875636】
2023-12-28 00:37:45 GSD getOne 第 1 次 等待 3 秒
2023-12-28 00:37:48 查询号码 【1875636】，返回信息 {"status":"ok","msg":"安徽-宣城","gid":"445169","time_insert":"2021-07-30 14:48"}
2023-12-28 00:37:48 查询号码 【1875636】，GSD为【"安徽-宣城"】

2023-12-28 01:06:21 开始第 5737 次操作

2023-12-28 01:06:21 开始操作号码 【1875637】
2023-12-28 01:06:25 GSD getOne 第 1 次 等待 3 秒
2023-12-28 01:06:28 查询号码 【1875637】，返回信息 {"status":"ok","msg":"安徽-宣城","gid":"445167","time_insert":"2021-07-30 14:48"}
2023-12-28 01:06:28 查询号码 【1875637】，GSD为【"安徽-宣城"】

2023-12-28 01:06:29 开始第 5738 次操作

2023-12-28 01:06:29 开始操作号码 【1875638】
2023-12-28 01:06:33 GSD getOne 第 1 次 等待 3 秒
2023-12-28 01:06:36 查询号码 【1875638】，返回信息 {"status":"ok","msg":"安徽-宣城","gid":"445163","time_insert":"2021-07-30 14:47"}
2023-12-28 01:06:36 查询号码 【1875638】，GSD为【"安徽-宣城"】

2023-12-28 01:06:37 开始第 5739 次操作

2023-12-28 01:06:37 开始操作号码 【1875639】
2023-12-28 01:06:43 GSD getOne 第 1 次 等待 3 秒
2023-12-28 01:06:46 查询号码 【1875639】，返回信息 {"status":"ok","msg":"安徽-宣城","gid":"445161","time_insert":"2021-07-30 14:46"}
2023-12-28 01:06:46 查询号码 【1875639】，GSD为【"安徽-宣城"】

2023-12-28 01:06:47 开始第 5740 次操作

2023-12-28 01:06:47 开始操作号码 【1875640】
2023-12-28 01:06:51 GSD getOne 第 1 次 等待 3 秒
2023-12-28 01:06:54 查询号码 【1875640】，返回信息 {"status":"ok","msg":"安徽-六安","gid":"445159","time_insert":"2021-07-30 14:45"}
2023-12-28 01:06:54 查询号码 【1875640】，GSD为【"安徽-六安"】

2023-12-28 01:32:08 开始第 5741 次操作

2023-12-28 01:32:08 开始操作号码 【1875641】
2023-12-28 01:32:13 GSD getOne 第 1 次 等待 3 秒
2023-12-28 01:32:16 查询号码 【1875641】，返回信息 {"status":"ok","msg":"安徽-六安","gid":"444898","time_insert":"2021-07-30 13:56"}
2023-12-28 01:32:16 查询号码 【1875641】，GSD为【"安徽-六安"】

2023-12-28 01:32:17 开始第 5742 次操作

2023-12-28 01:32:17 开始操作号码 【1875642】
2023-12-28 01:32:21 GSD getOne 第 1 次 等待 3 秒
2023-12-28 01:32:24 查询号码 【1875642】，返回信息 {"status":"ok","msg":"安徽-六安","gid":"42463","time_insert":"2015-08-29 06:16","time_update":"2020-08-12 14:19"}
2023-12-28 01:32:24 查询号码 【1875642】，GSD为【"安徽-六安"】

2023-12-28 01:32:25 开始第 5743 次操作

2023-12-28 01:32:25 开始操作号码 【1875643】
2023-12-28 01:32:28 GSD getOne 第 1 次 等待 3 秒
2023-12-28 01:32:31 查询号码 【1875643】，返回信息 {"status":"ok","msg":"安徽-六安","gid":"444889","time_insert":"2021-07-30 13:55"}
2023-12-28 01:32:31 查询号码 【1875643】，GSD为【"安徽-六安"】

2023-12-28 01:32:32 开始第 5744 次操作

2023-12-28 01:32:32 开始操作号码 【1875644】
2023-12-28 01:32:36 GSD getOne 第 1 次 等待 3 秒
2023-12-28 01:32:39 查询号码 【1875644】，返回信息 {"status":"ok","msg":"安徽-六安","gid":"444881","time_insert":"2021-07-30 13:55"}
2023-12-28 01:32:39 查询号码 【1875644】，GSD为【"安徽-六安"】

2023-12-28 02:09:23 开始第 5745 次操作

2023-12-28 02:09:23 开始操作号码 【1875645】
2023-12-28 02:09:27 GSD getOne 第 1 次 等待 3 秒
2023-12-28 02:09:30 查询号码 【1875645】，返回信息 {"status":"ok","msg":"安徽-六安","gid":"444868","time_insert":"2021-07-30 13:54"}
2023-12-28 02:09:30 查询号码 【1875645】，GSD为【"安徽-六安"】

2023-12-28 02:09:31 开始第 5746 次操作

2023-12-28 02:09:31 开始操作号码 【1875646】
2023-12-28 02:09:35 GSD getOne 第 1 次 等待 3 秒
2023-12-28 02:09:38 查询号码 【1875646】，返回信息 {"status":"ok","msg":"安徽-六安","gid":"444851","time_insert":"2021-07-30 13:52"}
2023-12-28 02:09:38 查询号码 【1875646】，GSD为【"安徽-六安"】

2023-12-28 02:09:39 开始第 5747 次操作

2023-12-28 02:09:39 开始操作号码 【1875647】
2023-12-28 02:09:43 GSD getOne 第 1 次 等待 3 秒
2023-12-28 02:09:46 查询号码 【1875647】，返回信息 {"status":"ok","msg":"安徽-六安","gid":"444841","time_insert":"2021-07-30 13:52"}
2023-12-28 02:09:46 查询号码 【1875647】，GSD为【"安徽-六安"】

2023-12-28 02:09:47 开始第 5748 次操作

2023-12-28 02:09:47 开始操作号码 【1875648】
2023-12-28 02:09:51 GSD getOne 第 1 次 等待 3 秒
2023-12-28 02:09:54 查询号码 【1875648】，返回信息 {"status":"ok","msg":"安徽-六安","gid":"444832","time_insert":"2021-07-30 13:51"}
2023-12-28 02:09:54 查询号码 【1875648】，GSD为【"安徽-六安"】

2023-12-28 02:32:15 开始第 5749 次操作

2023-12-28 02:32:15 开始操作号码 【1875649】
2023-12-28 02:32:19 GSD getOne 第 1 次 等待 3 秒
2023-12-28 02:32:22 查询号码 【1875649】，返回信息 {"status":"ok","msg":"安徽-六安","gid":"444826","time_insert":"2021-07-30 13:51"}
2023-12-28 02:32:22 查询号码 【1875649】，GSD为【"安徽-六安"】

2023-12-28 02:32:23 开始第 5750 次操作

2023-12-28 02:32:23 开始操作号码 【1875650】
2023-12-28 02:32:27 GSD getOne 第 1 次 等待 3 秒
2023-12-28 02:32:30 查询号码 【1875650】，返回信息 {"status":"ok","msg":"安徽-合肥","gid":"444817","time_insert":"2021-07-30 13:50"}
2023-12-28 02:32:30 查询号码 【1875650】，GSD为【"安徽-合肥"】

2023-12-28 02:32:31 开始第 5751 次操作

2023-12-28 02:32:31 开始操作号码 【1875651】
2023-12-28 02:32:34 GSD getOne 第 1 次 等待 3 秒
2023-12-28 02:32:37 查询号码 【1875651】，返回信息 {"status":"ok","msg":"安徽-合肥","gid":"444808","time_insert":"2021-07-30 13:49"}
2023-12-28 02:32:37 查询号码 【1875651】，GSD为【"安徽-合肥"】

2023-12-28 02:32:38 开始第 5752 次操作

2023-12-28 02:32:38 开始操作号码 【1875652】
2023-12-28 02:32:42 GSD getOne 第 1 次 等待 3 秒
2023-12-28 02:32:45 查询号码 【1875652】，返回信息 {"status":"ok","msg":"安徽-合肥","gid":"444799","time_insert":"2021-07-30 13:49"}
2023-12-28 02:32:45 查询号码 【1875652】，GSD为【"安徽-合肥"】

2023-12-28 03:05:51 开始第 5753 次操作

2023-12-28 03:05:51 开始操作号码 【1875653】
2023-12-28 03:05:57 GSD getOne 第 1 次 等待 3 秒
2023-12-28 03:06:00 查询号码 【1875653】，返回信息 {"status":"ok","msg":"安徽-合肥","gid":"444793","time_insert":"2021-07-30 13:48"}
2023-12-28 03:06:00 查询号码 【1875653】，GSD为【"安徽-合肥"】

2023-12-28 03:06:01 开始第 5754 次操作

2023-12-28 03:06:01 开始操作号码 【1875654】
2023-12-28 03:06:05 GSD getOne 第 1 次 等待 3 秒
2023-12-28 03:06:08 查询号码 【1875654】，返回信息 {"status":"ok","msg":"安徽-合肥","gid":"444786","time_insert":"2021-07-30 13:48"}
2023-12-28 03:06:08 查询号码 【1875654】，GSD为【"安徽-合肥"】

2023-12-28 03:06:09 开始第 5755 次操作

2023-12-28 03:06:09 开始操作号码 【1875655】
2023-12-28 03:06:13 GSD getOne 第 1 次 等待 3 秒
2023-12-28 03:06:16 查询号码 【1875655】，返回信息 {"status":"ok","msg":"安徽-合肥","gid":"444776","time_insert":"2021-07-30 13:47"}
2023-12-28 03:06:16 查询号码 【1875655】，GSD为【"安徽-合肥"】

2023-12-28 03:06:17 开始第 5756 次操作

2023-12-28 03:06:17 开始操作号码 【1875656】
2023-12-28 03:06:20 GSD getOne 第 1 次 等待 3 秒
2023-12-28 03:06:23 查询号码 【1875656】，返回信息 {"status":"ok","msg":"安徽-合肥","gid":"444769","time_insert":"2021-07-30 13:46"}
2023-12-28 03:06:24 查询号码 【1875656】，GSD为【"安徽-合肥"】

2023-12-28 03:32:24 开始第 5757 次操作

2023-12-28 03:32:24 开始操作号码 【1875657】
2023-12-28 03:32:31 GSD getOne 第 1 次 等待 3 秒
2023-12-28 03:32:34 查询号码 【1875657】，返回信息 {"status":"ok","msg":"安徽-合肥","gid":"444761","time_insert":"2021-07-30 13:46"}
2023-12-28 03:32:34 查询号码 【1875657】，GSD为【"安徽-合肥"】

2023-12-28 03:32:35 开始第 5758 次操作

2023-12-28 03:32:35 开始操作号码 【1875658】
2023-12-28 03:32:40 GSD getOne 第 1 次 等待 3 秒
2023-12-28 03:32:43 查询号码 【1875658】，返回信息 {"status":"ok","msg":"安徽-合肥","gid":"444752","time_insert":"2021-07-30 13:45"}
2023-12-28 03:32:43 查询号码 【1875658】，GSD为【"安徽-合肥"】

2023-12-28 03:32:44 开始第 5759 次操作

2023-12-28 03:32:44 开始操作号码 【1875659】
2023-12-28 03:32:48 GSD getOne 第 1 次 等待 3 秒
2023-12-28 03:32:51 查询号码 【1875659】，返回信息 {"status":"ok","msg":"安徽-合肥","gid":"444744","time_insert":"2021-07-30 13:45"}
2023-12-28 03:32:51 查询号码 【1875659】，GSD为【"安徽-合肥"】

2023-12-28 03:32:52 开始第 5760 次操作

2023-12-28 03:32:52 开始操作号码 【1875660】
2023-12-28 03:32:56 GSD getOne 第 1 次 等待 3 秒
2023-12-28 03:32:59 查询号码 【1875660】，返回信息 {"status":"ok","msg":"安徽-池州","gid":"444735","time_insert":"2021-07-30 13:44"}
2023-12-28 03:32:59 查询号码 【1875660】，GSD为【"安徽-池州"】

