2024-09-27 00:28:35 开始第 6325 次操作

2024-09-27 00:28:35 开始操作号码 【1436321】
2024-09-27 00:28:39 GSD getOne 第 1 次 等待 3 秒
2024-09-27 00:28:42 查询号码 【1436321】，返回信息 {"status":"ok","msg":"-","gid":"654128","time_insert":"2023-04-14 16:48"}
2024-09-27 00:28:42 查询号码 【1436321】，GSD为【"-"】
2024-09-27 00:28:42 ok && -
2024-09-27 00:28:44 CHB 1436321?1727368122 第 1 次 等待 3 秒
2024-09-27 00:28:47 CHB 1436321?1727368122 第 1 次 获取到号码【1436321】GSD
2024-09-27 00:28:47 未获取到号码【1436321】GSD，可能号码格式错误
2024-09-27 00:28:47 获取到号码【1436321】的GSD为【-】
2024-09-27 00:28:49 GSD insert 第 1 次 等待 3 秒
2024-09-27 00:28:52 {"status":"bad","gid":"654128","msg":"添加失败！号码【1436321(-|-)】已存在！"}
2024-09-27 00:28:52 随机等待 214 秒，约 3 分钟
2024-09-27 00:28:52 下次操作: 2024-09-27 00:32:26

2024-09-27 00:32:26 开始第 6326 次操作

2024-09-27 00:32:26 开始操作号码 【1436322】
2024-09-27 00:32:29 GSD getOne 第 1 次 等待 3 秒
2024-09-27 00:32:32 查询号码 【1436322】，返回信息 {"status":"ok","msg":"-","gid":"654165","time_insert":"2023-04-14 17:11"}
2024-09-27 00:32:32 查询号码 【1436322】，GSD为【"-"】
2024-09-27 00:32:32 ok && -
2024-09-27 00:32:34 CHB 1436322?1727368352 第 1 次 等待 3 秒
2024-09-27 00:32:37 CHB 1436322?1727368352 第 1 次 获取到号码【1436322】GSD
2024-09-27 00:32:37 未获取到号码【1436322】GSD，可能号码格式错误
2024-09-27 00:32:37 获取到号码【1436322】的GSD为【-】
2024-09-27 00:32:39 GSD insert 第 1 次 等待 3 秒
2024-09-27 00:32:42 {"status":"bad","gid":"654165","msg":"添加失败！号码【1436322(-|-)】已存在！"}
2024-09-27 00:32:42 随机等待 206 秒，约 3 分钟
2024-09-27 00:32:42 下次操作: 2024-09-27 00:36:08

2024-09-27 00:36:08 开始第 6327 次操作

2024-09-27 00:36:08 开始操作号码 【1436323】
2024-09-27 00:36:10 GSD getOne 第 1 次 等待 3 秒
2024-09-27 00:36:13 查询号码 【1436323】，返回信息 {"status":"ok","msg":"-","gid":"654193","time_insert":"2023-04-14 17:29"}
2024-09-27 00:36:13 查询号码 【1436323】，GSD为【"-"】
2024-09-27 00:36:13 ok && -
2024-09-27 00:36:15 CHB 1436323?1727368573 第 1 次 等待 3 秒
2024-09-27 00:36:18 CHB 1436323?1727368573 第 1 次 获取到号码【1436323】GSD
2024-09-27 00:36:18 未获取到号码【1436323】GSD，可能号码格式错误
2024-09-27 00:36:18 获取到号码【1436323】的GSD为【-】
2024-09-27 00:36:23 GSD insert 第 1 次 等待 3 秒
2024-09-27 00:36:26 {"status":"bad","gid":"654193","msg":"添加失败！号码【1436323(-|-)】已存在！"}
2024-09-27 00:36:26 随机等待 133 秒，约 2 分钟
2024-09-27 00:36:26 下次操作: 2024-09-27 00:38:39

2024-09-27 00:38:39 开始第 6328 次操作

2024-09-27 00:38:39 开始操作号码 【1436324】
2024-09-27 00:38:43 GSD getOne 第 1 次 等待 3 秒
2024-09-27 00:38:46 查询号码 【1436324】，返回信息 {"status":"ok","msg":"-","gid":"654213","time_insert":"2023-04-14 17:42"}
2024-09-27 00:38:46 查询号码 【1436324】，GSD为【"-"】
2024-09-27 00:38:46 ok && -
2024-09-27 00:38:48 CHB 1436324?1727368726 第 1 次 等待 3 秒
2024-09-27 00:38:51 CHB 1436324?1727368726 第 1 次 获取到号码【1436324】GSD
2024-09-27 00:38:51 未获取到号码【1436324】GSD，可能号码格式错误
2024-09-27 00:38:51 获取到号码【1436324】的GSD为【-】
2024-09-27 00:38:53 GSD insert 第 1 次 等待 3 秒
2024-09-27 00:38:56 {"status":"bad","gid":"654213","msg":"添加失败！号码【1436324(-|-)】已存在！"}

