2023-12-05 00:10:10 开始第 1501 次操作

2023-12-05 00:10:10 开始操作号码 【1871401】
2023-12-05 00:10:24 GSD getOne 第 1 次 等待 3 秒
2023-12-05 00:10:27 查询号码 【1871401】，返回信息 {"status":"ok","msg":"河北-保定","gid":"448384","time_insert":"2021-07-30 21:13"}
2023-12-05 00:10:27 查询号码 【1871401】，GSD为【"河北-保定"】

2023-12-05 00:10:28 开始第 1502 次操作

2023-12-05 00:10:28 开始操作号码 【1871402】
2023-12-05 00:10:53 GSD getOne 第 1 次 等待 3 秒
2023-12-05 00:10:56 查询号码 【1871402】，返回信息 {"status":"ok","msg":"河北-保定","gid":"448536","time_insert":"2021-07-30 21:26"}
2023-12-05 00:10:56 查询号码 【1871402】，GSD为【"河北-保定"】

2023-12-05 00:10:57 开始第 1503 次操作

2023-12-05 00:10:57 开始操作号码 【1871403】
2023-12-05 00:21:38 GSD getOne 第 1 次 等待 3 秒
2023-12-05 00:21:47 GSD getOne 第 2 次 等待 3 秒
2023-12-05 00:21:50 查询号码 【1871403】，返回信息 {"status":"ok","msg":"河北-保定","gid":"448668","time_insert":"2021-07-30 21:40"}
2023-12-05 00:21:50 查询号码 【1871403】，GSD为【"河北-保定"】

2023-12-05 00:21:51 开始第 1504 次操作

2023-12-05 00:21:51 开始操作号码 【1871404】
2023-12-05 00:32:25 GSD getOne 第 1 次 等待 3 秒
2023-12-05 00:32:31 GSD getOne 第 2 次 等待 3 秒
2023-12-05 00:32:34 查询号码 【1871404】，返回信息 {"status":"ok","msg":"河北-保定","gid":"448852","time_insert":"2021-07-30 21:53"}
2023-12-05 00:32:34 查询号码 【1871404】，GSD为【"河北-保定"】

