2021-08-03 00:00:18 开始第 16 次操作

2021-08-03 00:00:18 开始操作号码 【1915493】
2021-08-03 00:00:23 GSD getOne 第 1 次 等待 3 秒
2021-08-03 00:00:26 查询号码 【1915493】，返回信息 {"status":"bad","msg":""}
2021-08-03 00:00:26 查询号码 【1915493】，GSD为【""】
2021-08-03 00:00:26 bad
2021-08-03 00:00:27 CHB 1915493?1627920026 第 1 次 等待 3 秒
2021-08-03 00:00:30 CHB 1915493?1627920026 第 1 次 获取到号码【1915493】GSD
2021-08-03 00:00:30 获取到号码【1915493】的GSD为【广东-深圳】
2021-08-03 00:00:34 GSD insert 第 1 次 等待 3 秒
2021-08-03 00:00:37 {"status":"ok","gid":484598,"msg":"添加成功！"}
2021-08-03 00:00:37 下次操作: 2021-08-03 00:00:52

2021-08-03 00:00:52 开始第 17 次操作

2021-08-03 00:00:52 开始操作号码 【1915492】
2021-08-03 00:01:08 GSD getOne 第 1 次 等待 3 秒
2021-08-03 00:01:11 查询号码 【1915492】，返回信息 {"status":"bad","msg":""}
2021-08-03 00:01:11 查询号码 【1915492】，GSD为【""】
2021-08-03 00:01:11 bad
2021-08-03 00:01:12 CHB 1915492?1627920071 第 1 次 等待 3 秒
2021-08-03 00:01:15 CHB 1915492?1627920071 第 1 次 获取到号码【1915492】GSD
2021-08-03 00:01:15 获取到号码【1915492】的GSD为【广东-深圳】
2021-08-03 00:01:20 GSD insert 第 1 次 等待 3 秒
2021-08-03 00:01:23 {"status":"ok","gid":484609,"msg":"添加成功！"}
2021-08-03 00:01:23 下次操作: 2021-08-03 00:01:37

2021-08-03 00:01:37 开始第 18 次操作

2021-08-03 00:01:37 开始操作号码 【1915491】
2021-08-03 00:01:41 GSD getOne 第 1 次 等待 3 秒
2021-08-03 00:01:44 查询号码 【1915491】，返回信息 {"status":"bad","msg":""}
2021-08-03 00:01:44 查询号码 【1915491】，GSD为【""】
2021-08-03 00:01:44 bad
2021-08-03 00:01:45 CHB 1915491?1627920104 第 1 次 等待 3 秒
2021-08-03 00:01:48 CHB 1915491?1627920104 第 1 次 获取到号码【1915491】GSD
2021-08-03 00:01:48 获取到号码【1915491】的GSD为【广东-深圳】
2021-08-03 00:02:50 GSD insert 第 1 次 等待 3 秒
2021-08-03 00:02:53 {"status":"ok","gid":484619,"msg":"添加成功！"}
2021-08-03 00:02:53 下次操作: 2021-08-03 00:03:12

2021-08-03 00:03:12 开始第 19 次操作

2021-08-03 00:03:12 开始操作号码 【1915490】
2021-08-03 00:03:21 GSD getOne 第 1 次 等待 3 秒
2021-08-03 00:03:24 查询号码 【1915490】，返回信息 {"status":"bad","msg":""}
2021-08-03 00:03:24 查询号码 【1915490】，GSD为【""】
2021-08-03 00:03:24 bad
2021-08-03 00:03:26 CHB 1915490?1627920204 第 1 次 等待 3 秒
2021-08-03 00:03:29 CHB 1915490?1627920204 第 1 次 获取到号码【1915490】GSD
2021-08-03 00:03:29 获取到号码【1915490】的GSD为【广东-深圳】
2021-08-03 00:03:35 GSD insert 第 1 次 等待 3 秒
2021-08-03 00:03:38 {"status":"ok","gid":484625,"msg":"添加成功！"}
2021-08-03 00:03:38 下次操作: 2021-08-03 00:03:50

2021-08-03 00:03:50 开始第 20 次操作

2021-08-03 00:03:50 开始操作号码 【1915489】
2021-08-03 00:03:56 GSD getOne 第 1 次 等待 3 秒
2021-08-03 00:03:59 查询号码 【1915489】，返回信息 {"status":"bad","msg":""}
2021-08-03 00:03:59 查询号码 【1915489】，GSD为【""】
2021-08-03 00:03:59 bad
2021-08-03 00:04:01 CHB 1915489?1627920239 第 1 次 等待 3 秒
2021-08-03 00:04:04 CHB 1915489?1627920239 第 1 次 获取到号码【1915489】GSD
2021-08-03 00:04:04 获取到号码【1915489】的GSD为【安徽-阜阳】
2021-08-03 00:04:09 GSD insert 第 1 次 等待 3 秒
2021-08-03 00:04:12 {"status":"ok","gid":484632,"msg":"添加成功！"}
2021-08-03 00:04:12 下次操作: 2021-08-03 00:04:34

2021-08-03 00:04:34 开始第 21 次操作

2021-08-03 00:04:34 开始操作号码 【1915488】
2021-08-03 00:04:38 GSD getOne 第 1 次 等待 3 秒
2021-08-03 00:04:41 查询号码 【1915488】，返回信息 {"status":"bad","msg":""}
2021-08-03 00:04:41 查询号码 【1915488】，GSD为【""】
2021-08-03 00:04:41 bad
2021-08-03 00:04:43 CHB 1915488?1627920281 第 1 次 等待 3 秒
2021-08-03 00:04:46 CHB 1915488?1627920281 第 1 次 获取到号码【1915488】GSD
2021-08-03 00:04:46 获取到号码【1915488】的GSD为【安徽-阜阳】
2021-08-03 00:05:05 GSD insert 第 1 次 等待 3 秒
2021-08-03 00:05:08 {"status":"ok","gid":484646,"msg":"添加成功！"}
2021-08-03 00:05:08 下次操作: 2021-08-03 00:05:23

2021-08-03 00:05:23 开始第 22 次操作

2021-08-03 00:05:23 开始操作号码 【1915487】
2021-08-03 00:05:38 GSD getOne 第 1 次 等待 3 秒
2021-08-03 00:05:41 查询号码 【1915487】，返回信息 {"status":"bad","msg":""}
2021-08-03 00:05:41 查询号码 【1915487】，GSD为【""】
2021-08-03 00:05:41 bad
2021-08-03 00:05:42 CHB 1915487?1627920341 第 1 次 等待 3 秒
2021-08-03 00:05:45 CHB 1915487?1627920341 第 1 次 获取到号码【1915487】GSD
2021-08-03 00:05:45 获取到号码【1915487】的GSD为【安徽-阜阳】
2021-08-03 00:05:50 GSD insert 第 1 次 等待 3 秒
2021-08-03 00:05:53 {"status":"ok","gid":484652,"msg":"添加成功！"}
2021-08-03 00:05:53 下次操作: 2021-08-03 00:06:13

2021-08-03 00:06:13 开始第 23 次操作

2021-08-03 00:06:13 开始操作号码 【1915486】
2021-08-03 00:06:19 GSD getOne 第 1 次 等待 3 秒
2021-08-03 00:06:22 查询号码 【1915486】，返回信息 {"status":"bad","msg":""}
2021-08-03 00:06:23 查询号码 【1915486】，GSD为【""】
2021-08-03 00:06:23 bad
2021-08-03 00:06:24 CHB 1915486?1627920383 第 1 次 等待 3 秒
2021-08-03 00:06:27 CHB 1915486?1627920383 第 1 次 获取到号码【1915486】GSD
2021-08-03 00:06:27 获取到号码【1915486】的GSD为【安徽-阜阳】
2021-08-03 00:06:41 GSD insert 第 1 次 等待 3 秒
2021-08-03 00:06:44 {"status":"ok","gid":484662,"msg":"添加成功！"}
2021-08-03 00:06:44 下次操作: 2021-08-03 00:06:57

2021-08-03 00:06:57 开始第 24 次操作

2021-08-03 00:06:57 开始操作号码 【1915485】
2021-08-03 00:07:55 GSD getOne 第 1 次 等待 3 秒
2021-08-03 00:07:58 查询号码 【1915485】，返回信息 {"status":"bad","msg":""}
2021-08-03 00:07:58 查询号码 【1915485】，GSD为【""】
2021-08-03 00:07:58 bad
2021-08-03 00:07:59 CHB 1915485?1627920478 第 1 次 等待 3 秒
2021-08-03 00:08:02 CHB 1915485?1627920478 第 1 次 获取到号码【1915485】GSD
2021-08-03 00:08:02 获取到号码【1915485】的GSD为【安徽-阜阳】
2021-08-03 00:08:06 GSD insert 第 1 次 等待 3 秒
2021-08-03 00:08:09 {"status":"ok","gid":484675,"msg":"添加成功！"}
2021-08-03 00:08:09 下次操作: 2021-08-03 00:08:29

2021-08-03 00:08:29 开始第 25 次操作

2021-08-03 00:08:29 开始操作号码 【1915484】
2021-08-03 00:09:00 GSD getOne 第 1 次 等待 3 秒
2021-08-03 00:09:03 查询号码 【1915484】，返回信息 {"status":"bad","msg":""}
2021-08-03 00:09:03 查询号码 【1915484】，GSD为【""】
2021-08-03 00:09:03 bad
2021-08-03 00:09:04 CHB 1915484?1627920543 第 1 次 等待 3 秒
2021-08-03 00:09:07 CHB 1915484?1627920543 第 1 次 获取到号码【1915484】GSD
2021-08-03 00:09:07 获取到号码【1915484】的GSD为【安徽-阜阳】
2021-08-03 00:09:11 GSD insert 第 1 次 等待 3 秒
2021-08-03 00:09:14 {"status":"ok","gid":484684,"msg":"添加成功！"}
2021-08-03 00:09:14 下次操作: 2021-08-03 00:09:33

2021-08-03 00:09:33 开始第 26 次操作

2021-08-03 00:09:33 开始操作号码 【1915483】
2021-08-03 00:09:44 GSD getOne 第 1 次 等待 3 秒
2021-08-03 00:09:47 查询号码 【1915483】，返回信息 {"status":"bad","msg":""}
2021-08-03 00:09:47 查询号码 【1915483】，GSD为【""】
2021-08-03 00:09:47 bad
2021-08-03 00:09:48 CHB 1915483?1627920587 第 1 次 等待 3 秒
2021-08-03 00:09:51 CHB 1915483?1627920587 第 1 次 获取到号码【1915483】GSD
2021-08-03 00:09:51 获取到号码【1915483】的GSD为【安徽-阜阳】
2021-08-03 00:10:03 GSD insert 第 1 次 等待 3 秒
2021-08-03 00:10:06 {"status":"ok","gid":484693,"msg":"添加成功！"}
2021-08-03 00:10:06 下次操作: 2021-08-03 00:10:29

2021-08-03 00:10:29 开始第 27 次操作

2021-08-03 00:10:29 开始操作号码 【1915482】
2021-08-03 00:10:32 GSD getOne 第 1 次 等待 3 秒
2021-08-03 00:10:35 查询号码 【1915482】，返回信息 {"status":"bad","msg":""}
2021-08-03 00:10:35 查询号码 【1915482】，GSD为【""】
2021-08-03 00:10:35 bad
2021-08-03 00:10:37 CHB 1915482?1627920635 第 1 次 等待 3 秒
2021-08-03 00:10:40 CHB 1915482?1627920635 第 1 次 获取到号码【1915482】GSD
2021-08-03 00:10:40 获取到号码【1915482】的GSD为【安徽-阜阳】
2021-08-03 00:10:44 GSD insert 第 1 次 等待 3 秒
2021-08-03 00:10:47 {"status":"ok","gid":484702,"msg":"添加成功！"}
2021-08-03 00:10:47 下次操作: 2021-08-03 00:11:06

2021-08-03 00:11:06 开始第 28 次操作

2021-08-03 00:11:06 开始操作号码 【1915481】
2021-08-03 00:11:10 GSD getOne 第 1 次 等待 3 秒
2021-08-03 00:11:13 查询号码 【1915481】，返回信息 {"status":"bad","msg":""}
2021-08-03 00:11:13 查询号码 【1915481】，GSD为【""】
2021-08-03 00:11:13 bad
2021-08-03 00:11:14 CHB 1915481?1627920673 第 1 次 等待 3 秒
2021-08-03 00:11:17 CHB 1915481?1627920673 第 1 次 获取到号码【1915481】GSD
2021-08-03 00:11:17 获取到号码【1915481】的GSD为【安徽-阜阳】
2021-08-03 00:11:39 GSD insert 第 1 次 等待 3 秒
2021-08-03 00:11:42 {"status":"ok","gid":484708,"msg":"添加成功！"}
2021-08-03 00:11:42 下次操作: 2021-08-03 00:12:01

2021-08-03 00:12:01 开始第 29 次操作

2021-08-03 00:12:01 开始操作号码 【1915480】
2021-08-03 00:12:17 GSD getOne 第 1 次 等待 3 秒
2021-08-03 00:12:20 查询号码 【1915480】，返回信息 {"status":"bad","msg":""}
2021-08-03 00:12:20 查询号码 【1915480】，GSD为【""】
2021-08-03 00:12:20 bad
2021-08-03 00:12:21 CHB 1915480?1627920740 第 1 次 等待 3 秒
2021-08-03 00:12:24 CHB 1915480?1627920740 第 1 次 获取到号码【1915480】GSD
2021-08-03 00:12:25 获取到号码【1915480】的GSD为【安徽-阜阳】
2021-08-03 00:12:28 GSD insert 第 1 次 等待 3 秒
2021-08-03 00:12:31 {"status":"ok","gid":484718,"msg":"添加成功！"}
2021-08-03 00:12:31 下次操作: 2021-08-03 00:12:49

2021-08-03 00:12:49 开始第 30 次操作

2021-08-03 00:12:49 开始操作号码 【1915479】
2021-08-03 00:12:58 GSD getOne 第 1 次 等待 3 秒
2021-08-03 00:13:01 查询号码 【1915479】，返回信息 {"status":"bad","msg":""}
2021-08-03 00:13:01 查询号码 【1915479】，GSD为【""】
2021-08-03 00:13:01 bad
2021-08-03 00:13:03 CHB 1915479?1627920781 第 1 次 等待 3 秒
2021-08-03 00:13:06 CHB 1915479?1627920781 第 1 次 获取到号码【1915479】GSD
2021-08-03 00:13:06 获取到号码【1915479】的GSD为【安徽-安庆】
2021-08-03 00:13:09 GSD insert 第 1 次 等待 3 秒
2021-08-03 00:13:12 {"status":"ok","gid":484725,"msg":"添加成功！"}
2021-08-03 00:13:12 下次操作: 2021-08-03 00:13:35

2021-08-03 00:13:35 开始第 31 次操作

2021-08-03 00:13:35 开始操作号码 【1915478】
2021-08-03 00:13:39 GSD getOne 第 1 次 等待 3 秒
2021-08-03 00:13:42 查询号码 【1915478】，返回信息 {"status":"bad","msg":""}
2021-08-03 00:13:42 查询号码 【1915478】，GSD为【""】
2021-08-03 00:13:42 bad
2021-08-03 00:13:43 CHB 1915478?1627920822 第 1 次 等待 3 秒
2021-08-03 00:13:46 CHB 1915478?1627920822 第 1 次 获取到号码【1915478】GSD
2021-08-03 00:13:46 获取到号码【1915478】的GSD为【安徽-安庆】
2021-08-03 00:13:50 GSD insert 第 1 次 等待 3 秒
2021-08-03 00:13:53 {"status":"ok","gid":484734,"msg":"添加成功！"}
2021-08-03 00:13:53 下次操作: 2021-08-03 00:14:14

2021-08-03 00:14:14 开始第 32 次操作

2021-08-03 00:14:14 开始操作号码 【1915477】
2021-08-03 00:14:18 GSD getOne 第 1 次 等待 3 秒
2021-08-03 00:14:21 查询号码 【1915477】，返回信息 {"status":"bad","msg":""}
2021-08-03 00:14:21 查询号码 【1915477】，GSD为【""】
2021-08-03 00:14:21 bad
2021-08-03 00:14:23 CHB 1915477?1627920861 第 1 次 等待 3 秒
2021-08-03 00:14:26 CHB 1915477?1627920861 第 1 次 获取到号码【1915477】GSD
2021-08-03 00:14:26 获取到号码【1915477】的GSD为【安徽-安庆】
2021-08-03 00:14:33 GSD insert 第 1 次 等待 3 秒
2021-08-03 00:14:36 {"status":"ok","gid":484743,"msg":"添加成功！"}
2021-08-03 00:14:36 下次操作: 2021-08-03 00:14:56

2021-08-03 00:14:56 开始第 33 次操作

2021-08-03 00:14:56 开始操作号码 【1915476】
2021-08-03 00:15:12 GSD getOne 第 1 次 等待 3 秒
2021-08-03 00:15:15 查询号码 【1915476】，返回信息 {"status":"bad","msg":""}
2021-08-03 00:15:15 查询号码 【1915476】，GSD为【""】
2021-08-03 00:15:15 bad
2021-08-03 00:15:16 CHB 1915476?1627920915 第 1 次 等待 3 秒
2021-08-03 00:15:19 CHB 1915476?1627920915 第 1 次 获取到号码【1915476】GSD
2021-08-03 00:15:19 获取到号码【1915476】的GSD为【安徽-宿州】
2021-08-03 00:15:37 GSD insert 第 1 次 等待 3 秒
2021-08-03 00:15:40 {"status":"ok","gid":484753,"msg":"添加成功！"}
2021-08-03 00:15:40 下次操作: 2021-08-03 00:16:01

2021-08-03 00:16:01 开始第 34 次操作

2021-08-03 00:16:01 开始操作号码 【1915475】
2021-08-03 00:16:07 GSD getOne 第 1 次 等待 3 秒
2021-08-03 00:16:10 查询号码 【1915475】，返回信息 {"status":"bad","msg":""}
2021-08-03 00:16:10 查询号码 【1915475】，GSD为【""】
2021-08-03 00:16:10 bad
2021-08-03 00:16:11 CHB 1915475?1627920970 第 1 次 等待 3 秒
2021-08-03 00:16:14 CHB 1915475?1627920970 第 1 次 获取到号码【1915475】GSD
2021-08-03 00:16:14 获取到号码【1915475】的GSD为【安徽-宿州】
2021-08-03 00:16:25 GSD insert 第 1 次 等待 3 秒
2021-08-03 00:16:28 {"status":"ok","gid":484762,"msg":"添加成功！"}
2021-08-03 00:16:28 下次操作: 2021-08-03 00:16:42

2021-08-03 00:16:42 开始第 35 次操作

2021-08-03 00:16:42 开始操作号码 【1915474】
2021-08-03 00:16:49 GSD getOne 第 1 次 等待 3 秒
2021-08-03 00:16:52 查询号码 【1915474】，返回信息 {"status":"bad","msg":""}
2021-08-03 00:16:52 查询号码 【1915474】，GSD为【""】
2021-08-03 00:16:52 bad
2021-08-03 00:16:53 CHB 1915474?1627921012 第 1 次 等待 3 秒
2021-08-03 00:16:56 CHB 1915474?1627921012 第 1 次 获取到号码【1915474】GSD
2021-08-03 00:16:56 获取到号码【1915474】的GSD为【安徽-宿州】
2021-08-03 00:17:03 GSD insert 第 1 次 等待 3 秒
2021-08-03 00:17:06 {"status":"ok","gid":484767,"msg":"添加成功！"}
2021-08-03 00:17:06 下次操作: 2021-08-03 00:17:19

2021-08-03 00:17:19 开始第 36 次操作

2021-08-03 00:17:19 开始操作号码 【1915473】
2021-08-03 00:17:22 GSD getOne 第 1 次 等待 3 秒
2021-08-03 00:17:25 查询号码 【1915473】，返回信息 {"status":"bad","msg":""}
2021-08-03 00:17:25 查询号码 【1915473】，GSD为【""】
2021-08-03 00:17:25 bad
2021-08-03 00:17:28 CHB 1915473?1627921045 第 1 次 等待 3 秒
2021-08-03 00:17:31 CHB 1915473?1627921045 第 1 次 获取到号码【1915473】GSD
2021-08-03 00:17:31 获取到号码【1915473】的GSD为【安徽-宿州】
2021-08-03 00:17:35 GSD insert 第 1 次 等待 3 秒
2021-08-03 00:17:38 {"status":"ok","gid":484775,"msg":"添加成功！"}
2021-08-03 00:17:38 下次操作: 2021-08-03 00:17:58

2021-08-03 00:17:58 开始第 37 次操作

2021-08-03 00:17:58 开始操作号码 【1915472】
2021-08-03 00:18:05 GSD getOne 第 1 次 等待 3 秒
2021-08-03 00:18:08 查询号码 【1915472】，返回信息 {"status":"bad","msg":""}
2021-08-03 00:18:08 查询号码 【1915472】，GSD为【""】
2021-08-03 00:18:08 bad
2021-08-03 00:18:09 CHB 1915472?1627921088 第 1 次 等待 3 秒
2021-08-03 00:18:12 CHB 1915472?1627921088 第 1 次 获取到号码【1915472】GSD
2021-08-03 00:18:12 获取到号码【1915472】的GSD为【安徽-宿州】
2021-08-03 00:18:21 GSD insert 第 1 次 等待 3 秒
2021-08-03 00:18:24 {"status":"ok","gid":484784,"msg":"添加成功！"}
2021-08-03 00:18:24 下次操作: 2021-08-03 00:18:38

2021-08-03 00:18:38 开始第 38 次操作

2021-08-03 00:18:38 开始操作号码 【1915471】
2021-08-03 00:18:43 GSD getOne 第 1 次 等待 3 秒
2021-08-03 00:18:46 查询号码 【1915471】，返回信息 {"status":"bad","msg":""}
2021-08-03 00:18:47 查询号码 【1915471】，GSD为【""】
2021-08-03 00:18:47 bad
2021-08-03 00:18:48 CHB 1915471?1627921127 第 1 次 等待 3 秒
2021-08-03 00:18:51 CHB 1915471?1627921127 第 1 次 获取到号码【1915471】GSD
2021-08-03 00:18:51 获取到号码【1915471】的GSD为【安徽-宿州】
2021-08-03 00:19:28 GSD insert 第 1 次 等待 3 秒
2021-08-03 00:19:31 {"status":"ok","gid":484791,"msg":"添加成功！"}
2021-08-03 00:19:31 下次操作: 2021-08-03 00:19:44

2021-08-03 00:19:44 开始第 39 次操作

2021-08-03 00:19:44 开始操作号码 【1915470】
2021-08-03 00:19:57 GSD getOne 第 1 次 等待 3 秒
2021-08-03 00:20:00 查询号码 【1915470】，返回信息 {"status":"bad","msg":""}
2021-08-03 00:20:00 查询号码 【1915470】，GSD为【""】
2021-08-03 00:20:00 bad
2021-08-03 00:20:02 CHB 1915470?1627921200 第 1 次 等待 3 秒
2021-08-03 00:20:05 CHB 1915470?1627921200 第 1 次 获取到号码【1915470】GSD
2021-08-03 00:20:05 获取到号码【1915470】的GSD为【安徽-宿州】
2021-08-03 00:20:18 GSD insert 第 1 次 等待 3 秒
2021-08-03 00:20:21 {"status":"ok","gid":484798,"msg":"添加成功！"}
2021-08-03 00:20:21 下次操作: 2021-08-03 00:20:43

2021-08-03 00:20:43 开始第 40 次操作

2021-08-03 00:20:43 开始操作号码 【1915469】
2021-08-03 00:20:50 GSD getOne 第 1 次 等待 3 秒
2021-08-03 00:20:53 查询号码 【1915469】，返回信息 {"status":"bad","msg":""}
2021-08-03 00:20:53 查询号码 【1915469】，GSD为【""】
2021-08-03 00:20:53 bad
2021-08-03 00:20:54 CHB 1915469?1627921253 第 1 次 等待 3 秒
2021-08-03 00:20:57 CHB 1915469?1627921253 第 1 次 获取到号码【1915469】GSD
2021-08-03 00:20:57 获取到号码【1915469】的GSD为【山东-东营】
2021-08-03 00:21:19 GSD insert 第 1 次 等待 3 秒
2021-08-03 00:21:22 {"status":"ok","gid":484803,"msg":"添加成功！"}

2021-08-03 01:03:31 开始第 1 次操作

2021-08-03 01:03:31 开始操作号码 【1915468】
2021-08-03 01:03:38 GSD getOne 第 1 次 等待 3 秒
2021-08-03 01:03:41 查询号码 【1915468】，返回信息 {"status":"bad","msg":""}
2021-08-03 01:03:41 查询号码 【1915468】，GSD为【""】
2021-08-03 01:03:41 bad
2021-08-03 01:03:42 CHB 1915468?1627923821 第 1 次 等待 3 秒
2021-08-03 01:03:45 CHB 1915468?1627923821 第 1 次 获取到号码【1915468】GSD
2021-08-03 01:03:45 获取到号码【1915468】的GSD为【山东-东营】
2021-08-03 01:03:55 GSD insert 第 1 次 等待 3 秒
2021-08-03 01:03:58 {"status":"ok","gid":484937,"msg":"添加成功！"}
2021-08-03 01:03:58 下次操作: 2021-08-03 01:04:14

2021-08-03 01:04:14 开始第 2 次操作

2021-08-03 01:04:14 开始操作号码 【1915467】
2021-08-03 01:04:20 GSD getOne 第 1 次 等待 3 秒
2021-08-03 01:04:23 查询号码 【1915467】，返回信息 {"status":"bad","msg":""}
2021-08-03 01:04:24 查询号码 【1915467】，GSD为【""】
2021-08-03 01:04:24 bad
2021-08-03 01:04:25 CHB 1915467?1627923864 第 1 次 等待 3 秒
2021-08-03 01:04:28 CHB 1915467?1627923864 第 1 次 获取到号码【1915467】GSD
2021-08-03 01:04:28 获取到号码【1915467】的GSD为【山东-菏泽】
2021-08-03 01:04:45 GSD insert 第 1 次 等待 3 秒
2021-08-03 01:04:48 {"status":"ok","gid":484947,"msg":"添加成功！"}
2021-08-03 01:04:48 下次操作: 2021-08-03 01:05:12

2021-08-03 01:05:12 开始第 3 次操作

2021-08-03 01:05:12 开始操作号码 【1915466】
2021-08-03 01:05:16 GSD getOne 第 1 次 等待 3 秒
2021-08-03 01:05:19 查询号码 【1915466】，返回信息 {"status":"bad","msg":""}
2021-08-03 01:05:19 查询号码 【1915466】，GSD为【""】
2021-08-03 01:05:19 bad
2021-08-03 01:05:20 CHB 1915466?1627923919 第 1 次 等待 3 秒
2021-08-03 01:05:23 CHB 1915466?1627923919 第 1 次 获取到号码【1915466】GSD
2021-08-03 01:05:23 获取到号码【1915466】的GSD为【山东-临沂】
2021-08-03 01:05:27 GSD insert 第 1 次 等待 3 秒
2021-08-03 01:05:30 {"status":"ok","gid":484956,"msg":"添加成功！"}
2021-08-03 01:05:30 下次操作: 2021-08-03 01:05:43

2021-08-03 01:05:43 开始第 4 次操作

2021-08-03 01:05:43 开始操作号码 【1915465】
2021-08-03 01:05:48 GSD getOne 第 1 次 等待 3 秒
2021-08-03 01:05:51 查询号码 【1915465】，返回信息 {"status":"bad","msg":""}
2021-08-03 01:05:51 查询号码 【1915465】，GSD为【""】
2021-08-03 01:05:51 bad
2021-08-03 01:05:52 CHB 1915465?1627923951 第 1 次 等待 3 秒
2021-08-03 01:05:55 CHB 1915465?1627923951 第 1 次 获取到号码【1915465】GSD
2021-08-03 01:05:55 获取到号码【1915465】的GSD为【山东-临沂】
2021-08-03 01:06:01 GSD insert 第 1 次 等待 3 秒
2021-08-03 01:06:04 {"status":"ok","gid":484964,"msg":"添加成功！"}
2021-08-03 01:06:04 下次操作: 2021-08-03 01:06:19

2021-08-03 01:06:19 开始第 5 次操作

2021-08-03 01:06:19 开始操作号码 【1915464】
2021-08-03 01:06:26 GSD getOne 第 1 次 等待 3 秒
2021-08-03 01:06:29 查询号码 【1915464】，返回信息 {"status":"bad","msg":""}
2021-08-03 01:06:29 查询号码 【1915464】，GSD为【""】
2021-08-03 01:06:29 bad
2021-08-03 01:06:31 CHB 1915464?1627923989 第 1 次 等待 3 秒
2021-08-03 01:06:34 CHB 1915464?1627923989 第 1 次 获取到号码【1915464】GSD
2021-08-03 01:06:34 获取到号码【1915464】的GSD为【山东-临沂】
2021-08-03 01:06:38 GSD insert 第 1 次 等待 3 秒
2021-08-03 01:06:41 {"status":"ok","gid":484970,"msg":"添加成功！"}
2021-08-03 01:06:41 下次操作: 2021-08-03 01:07:02

2021-08-03 01:07:02 开始第 6 次操作

2021-08-03 01:07:02 开始操作号码 【1915463】
2021-08-03 01:07:08 GSD getOne 第 1 次 等待 3 秒
2021-08-03 01:07:11 查询号码 【1915463】，返回信息 {"status":"bad","msg":""}
2021-08-03 01:07:11 查询号码 【1915463】，GSD为【""】
2021-08-03 01:07:11 bad
2021-08-03 01:07:12 CHB 1915463?1627924031 第 1 次 等待 3 秒
2021-08-03 01:07:15 CHB 1915463?1627924031 第 1 次 获取到号码【1915463】GSD
2021-08-03 01:07:15 获取到号码【1915463】的GSD为【山东-临沂】
2021-08-03 01:07:36 GSD insert 第 1 次 等待 3 秒
2021-08-03 01:07:39 {"status":"ok","gid":484980,"msg":"添加成功！"}
2021-08-03 01:07:39 下次操作: 2021-08-03 01:07:53

2021-08-03 01:07:53 开始第 7 次操作

2021-08-03 01:07:53 开始操作号码 【1915462】
2021-08-03 01:07:57 GSD getOne 第 1 次 等待 3 秒
2021-08-03 01:08:00 查询号码 【1915462】，返回信息 {"status":"bad","msg":""}
2021-08-03 01:08:00 查询号码 【1915462】，GSD为【""】
2021-08-03 01:08:00 bad
2021-08-03 01:08:01 CHB 1915462?1627924080 第 1 次 等待 3 秒
2021-08-03 01:08:04 CHB 1915462?1627924080 第 1 次 获取到号码【1915462】GSD
2021-08-03 01:08:04 获取到号码【1915462】的GSD为【山东-东营】
2021-08-03 01:08:10 GSD insert 第 1 次 等待 3 秒
2021-08-03 01:08:13 {"status":"ok","gid":484987,"msg":"添加成功！"}
2021-08-03 01:08:13 下次操作: 2021-08-03 01:08:30

2021-08-03 01:08:30 开始第 8 次操作

2021-08-03 01:08:30 开始操作号码 【1915461】
2021-08-03 01:08:39 GSD getOne 第 1 次 等待 3 秒
2021-08-03 01:08:42 查询号码 【1915461】，返回信息 {"status":"bad","msg":""}
2021-08-03 01:08:42 查询号码 【1915461】，GSD为【""】
2021-08-03 01:08:42 bad
2021-08-03 01:08:43 CHB 1915461?1627924122 第 1 次 等待 3 秒
2021-08-03 01:08:46 CHB 1915461?1627924122 第 1 次 获取到号码【1915461】GSD
2021-08-03 01:08:46 获取到号码【1915461】的GSD为【山东-东营】
2021-08-03 01:08:54 GSD insert 第 1 次 等待 3 秒
2021-08-03 01:08:57 {"status":"ok","gid":484995,"msg":"添加成功！"}
2021-08-03 01:08:57 下次操作: 2021-08-03 01:09:20

2021-08-03 01:09:20 开始第 9 次操作

2021-08-03 01:09:20 开始操作号码 【1915460】
2021-08-03 01:09:23 GSD getOne 第 1 次 等待 3 秒
2021-08-03 01:09:26 查询号码 【1915460】，返回信息 {"status":"bad","msg":""}
2021-08-03 01:09:26 查询号码 【1915460】，GSD为【""】
2021-08-03 01:09:26 bad
2021-08-03 01:09:28 CHB 1915460?1627924166 第 1 次 等待 3 秒
2021-08-03 01:09:31 CHB 1915460?1627924166 第 1 次 获取到号码【1915460】GSD
2021-08-03 01:09:31 获取到号码【1915460】的GSD为【山东-东营】
2021-08-03 01:09:41 GSD insert 第 1 次 等待 3 秒
2021-08-03 01:09:44 {"status":"ok","gid":485004,"msg":"添加成功！"}
2021-08-03 01:09:44 下次操作: 2021-08-03 01:09:57

2021-08-03 01:09:57 开始第 10 次操作

2021-08-03 01:09:57 开始操作号码 【1915459】
2021-08-03 01:10:02 GSD getOne 第 1 次 等待 3 秒
2021-08-03 01:10:05 查询号码 【1915459】，返回信息 {"status":"bad","msg":""}
2021-08-03 01:10:05 查询号码 【1915459】，GSD为【""】
2021-08-03 01:10:05 bad
2021-08-03 01:10:06 CHB 1915459?1627924205 第 1 次 等待 3 秒
2021-08-03 01:10:09 CHB 1915459?1627924205 第 1 次 获取到号码【1915459】GSD
2021-08-03 01:10:09 获取到号码【1915459】的GSD为【山东-日照】
2021-08-03 01:10:13 GSD insert 第 1 次 等待 3 秒
2021-08-03 01:10:16 {"status":"ok","gid":485010,"msg":"添加成功！"}
2021-08-03 01:10:16 下次操作: 2021-08-03 01:10:36

2021-08-03 01:10:36 开始第 11 次操作

2021-08-03 01:10:36 开始操作号码 【1915458】
2021-08-03 01:10:41 GSD getOne 第 1 次 等待 3 秒
2021-08-03 01:10:44 查询号码 【1915458】，返回信息 {"status":"bad","msg":""}
2021-08-03 01:10:44 查询号码 【1915458】，GSD为【""】
2021-08-03 01:10:44 bad
2021-08-03 01:10:45 CHB 1915458?1627924244 第 1 次 等待 3 秒
2021-08-03 01:10:48 CHB 1915458?1627924244 第 1 次 获取到号码【1915458】GSD
2021-08-03 01:10:48 获取到号码【1915458】的GSD为【山东-日照】
2021-08-03 01:10:58 GSD insert 第 1 次 等待 3 秒
2021-08-03 01:11:01 {"status":"ok","gid":485019,"msg":"添加成功！"}
2021-08-03 01:11:01 下次操作: 2021-08-03 01:11:24

2021-08-03 01:11:24 开始第 12 次操作

2021-08-03 01:11:24 开始操作号码 【1915457】
2021-08-03 01:11:27 GSD getOne 第 1 次 等待 3 秒
2021-08-03 01:11:30 查询号码 【1915457】，返回信息 {"status":"bad","msg":""}
2021-08-03 01:11:30 查询号码 【1915457】，GSD为【""】
2021-08-03 01:11:30 bad
2021-08-03 01:11:32 CHB 1915457?1627924290 第 1 次 等待 3 秒
2021-08-03 01:11:35 CHB 1915457?1627924290 第 1 次 获取到号码【1915457】GSD
2021-08-03 01:11:35 获取到号码【1915457】的GSD为【山东-菏泽】
2021-08-03 01:11:39 GSD insert 第 1 次 等待 3 秒
2021-08-03 01:11:42 {"status":"ok","gid":485028,"msg":"添加成功！"}
2021-08-03 01:11:42 下次操作: 2021-08-03 01:12:00

2021-08-03 01:12:00 开始第 13 次操作

2021-08-03 01:12:00 开始操作号码 【1915456】
2021-08-03 01:12:32 GSD getOne 第 1 次 等待 3 秒
2021-08-03 01:12:35 查询号码 【1915456】，返回信息 {"status":"bad","msg":""}
2021-08-03 01:12:35 查询号码 【1915456】，GSD为【""】
2021-08-03 01:12:35 bad
2021-08-03 01:12:37 CHB 1915456?1627924355 第 1 次 等待 3 秒
2021-08-03 01:12:40 CHB 1915456?1627924355 第 1 次 获取到号码【1915456】GSD
2021-08-03 01:12:40 获取到号码【1915456】的GSD为【山东-菏泽】
2021-08-03 01:12:53 GSD insert 第 1 次 等待 3 秒
2021-08-03 01:12:56 {"status":"ok","gid":485042,"msg":"添加成功！"}
2021-08-03 01:12:56 下次操作: 2021-08-03 01:13:13

2021-08-03 01:13:13 开始第 14 次操作

2021-08-03 01:13:13 开始操作号码 【1915455】
2021-08-03 01:13:18 GSD getOne 第 1 次 等待 3 秒
2021-08-03 01:13:21 查询号码 【1915455】，返回信息 {"status":"bad","msg":""}
2021-08-03 01:13:21 查询号码 【1915455】，GSD为【""】
2021-08-03 01:13:21 bad
2021-08-03 01:13:23 CHB 1915455?1627924401 第 1 次 等待 3 秒
2021-08-03 01:13:26 CHB 1915455?1627924401 第 1 次 获取到号码【1915455】GSD
2021-08-03 01:13:26 获取到号码【1915455】的GSD为【山东-菏泽】
2021-08-03 01:13:34 GSD insert 第 1 次 等待 3 秒
2021-08-03 01:13:37 {"status":"ok","gid":485051,"msg":"添加成功！"}
2021-08-03 01:13:37 下次操作: 2021-08-03 01:13:57

2021-08-03 01:13:57 开始第 15 次操作

2021-08-03 01:13:57 开始操作号码 【1915454】
2021-08-03 01:14:03 GSD getOne 第 1 次 等待 3 秒
2021-08-03 01:14:06 查询号码 【1915454】，返回信息 {"status":"bad","msg":""}
2021-08-03 01:14:06 查询号码 【1915454】，GSD为【""】
2021-08-03 01:14:06 bad
2021-08-03 01:14:08 CHB 1915454?1627924446 第 1 次 等待 3 秒
2021-08-03 01:14:11 CHB 1915454?1627924446 第 1 次 获取到号码【1915454】GSD
2021-08-03 01:14:11 获取到号码【1915454】的GSD为【山东-聊城】
2021-08-03 01:14:21 GSD insert 第 1 次 等待 3 秒
2021-08-03 01:14:24 {"status":"ok","gid":485060,"msg":"添加成功！"}
2021-08-03 01:14:24 下次操作: 2021-08-03 01:14:37

2021-08-03 01:14:37 开始第 16 次操作

2021-08-03 01:14:37 开始操作号码 【1915453】
2021-08-03 01:14:42 GSD getOne 第 1 次 等待 3 秒
2021-08-03 01:14:45 查询号码 【1915453】，返回信息 {"status":"bad","msg":""}
2021-08-03 01:14:45 查询号码 【1915453】，GSD为【""】
2021-08-03 01:14:45 bad
2021-08-03 01:14:46 CHB 1915453?1627924485 第 1 次 等待 3 秒
2021-08-03 01:14:49 CHB 1915453?1627924485 第 1 次 获取到号码【1915453】GSD
2021-08-03 01:14:49 获取到号码【1915453】的GSD为【山东-聊城】
2021-08-03 01:14:57 GSD insert 第 1 次 等待 3 秒
2021-08-03 01:15:00 {"status":"ok","gid":485069,"msg":"添加成功！"}
2021-08-03 01:15:00 下次操作: 2021-08-03 01:15:12

2021-08-03 01:15:12 开始第 17 次操作

2021-08-03 01:15:12 开始操作号码 【1915452】
2021-08-03 01:15:21 GSD getOne 第 1 次 等待 3 秒
2021-08-03 01:15:24 查询号码 【1915452】，返回信息 {"status":"bad","msg":""}
2021-08-03 01:15:24 查询号码 【1915452】，GSD为【""】
2021-08-03 01:15:24 bad
2021-08-03 01:15:25 CHB 1915452?1627924524 第 1 次 等待 3 秒
2021-08-03 01:15:28 CHB 1915452?1627924524 第 1 次 获取到号码【1915452】GSD
2021-08-03 01:15:28 获取到号码【1915452】的GSD为【山东-聊城】
2021-08-03 01:15:34 GSD insert 第 1 次 等待 3 秒
2021-08-03 01:15:37 {"status":"ok","gid":485076,"msg":"添加成功！"}
2021-08-03 01:15:37 下次操作: 2021-08-03 01:15:59

2021-08-03 01:15:59 开始第 18 次操作

2021-08-03 01:15:59 开始操作号码 【1915451】
2021-08-03 01:16:04 GSD getOne 第 1 次 等待 3 秒
2021-08-03 01:16:07 查询号码 【1915451】，返回信息 {"status":"bad","msg":""}
2021-08-03 01:16:07 查询号码 【1915451】，GSD为【""】
2021-08-03 01:16:07 bad
2021-08-03 01:16:08 CHB 1915451?1627924567 第 1 次 等待 3 秒
2021-08-03 01:16:11 CHB 1915451?1627924567 第 1 次 获取到号码【1915451】GSD
2021-08-03 01:16:12 获取到号码【1915451】的GSD为【山东-济宁】
2021-08-03 01:16:28 GSD insert 第 1 次 等待 3 秒
2021-08-03 01:16:31 {"status":"ok","gid":485085,"msg":"添加成功！"}
2021-08-03 01:16:31 下次操作: 2021-08-03 01:16:44

2021-08-03 01:16:44 开始第 19 次操作

2021-08-03 01:16:44 开始操作号码 【1915450】
2021-08-03 01:16:56 GSD getOne 第 1 次 等待 3 秒
2021-08-03 01:16:59 查询号码 【1915450】，返回信息 {"status":"bad","msg":""}
2021-08-03 01:16:59 查询号码 【1915450】，GSD为【""】
2021-08-03 01:16:59 bad
2021-08-03 01:17:00 CHB 1915450?1627924619 第 1 次 等待 3 秒
2021-08-03 01:17:03 CHB 1915450?1627924619 第 1 次 获取到号码【1915450】GSD
2021-08-03 01:17:03 获取到号码【1915450】的GSD为【山东-济宁】
2021-08-03 01:17:10 GSD insert 第 1 次 等待 3 秒
2021-08-03 01:17:13 {"status":"ok","gid":485092,"msg":"添加成功！"}
2021-08-03 01:17:13 下次操作: 2021-08-03 01:17:30

2021-08-03 01:17:30 开始第 20 次操作

2021-08-03 01:17:30 开始操作号码 【1915449】
2021-08-03 01:17:33 GSD getOne 第 1 次 等待 3 秒
2021-08-03 01:17:36 查询号码 【1915449】，返回信息 {"status":"bad","msg":""}
2021-08-03 01:17:37 查询号码 【1915449】，GSD为【""】
2021-08-03 01:17:37 bad
2021-08-03 01:17:38 CHB 1915449?1627924657 第 1 次 等待 3 秒
2021-08-03 01:17:41 CHB 1915449?1627924657 第 1 次 获取到号码【1915449】GSD
2021-08-03 01:17:41 获取到号码【1915449】的GSD为【山东-潍坊】
2021-08-03 01:17:50 GSD insert 第 1 次 等待 3 秒
2021-08-03 01:17:53 {"status":"ok","gid":485100,"msg":"添加成功！"}
2021-08-03 01:17:53 下次操作: 2021-08-03 01:18:15

2021-08-03 01:18:15 开始第 21 次操作

2021-08-03 01:18:15 开始操作号码 【1915448】
2021-08-03 01:18:19 GSD getOne 第 1 次 等待 3 秒
2021-08-03 01:18:22 查询号码 【1915448】，返回信息 {"status":"bad","msg":""}
2021-08-03 01:18:22 查询号码 【1915448】，GSD为【""】
2021-08-03 01:18:22 bad
2021-08-03 01:18:23 CHB 1915448?1627924702 第 1 次 等待 3 秒
2021-08-03 01:18:26 CHB 1915448?1627924702 第 1 次 获取到号码【1915448】GSD
2021-08-03 01:18:26 获取到号码【1915448】的GSD为【山东-淄博】
2021-08-03 01:18:29 GSD insert 第 1 次 等待 3 秒
2021-08-03 01:18:32 {"status":"ok","gid":485108,"msg":"添加成功！"}
2021-08-03 01:18:32 下次操作: 2021-08-03 01:18:46

2021-08-03 01:18:46 开始第 22 次操作

2021-08-03 01:18:46 开始操作号码 【1915447】
2021-08-03 01:18:53 GSD getOne 第 1 次 等待 3 秒
2021-08-03 01:18:56 查询号码 【1915447】，返回信息 {"status":"bad","msg":""}
2021-08-03 01:18:56 查询号码 【1915447】，GSD为【""】
2021-08-03 01:18:56 bad
2021-08-03 01:18:57 CHB 1915447?1627924736 第 1 次 等待 3 秒
2021-08-03 01:19:00 CHB 1915447?1627924736 第 1 次 获取到号码【1915447】GSD
2021-08-03 01:19:00 获取到号码【1915447】的GSD为【山东-烟台】
2021-08-03 01:19:06 GSD insert 第 1 次 等待 3 秒
2021-08-03 01:19:09 {"status":"ok","gid":485117,"msg":"添加成功！"}
2021-08-03 01:19:09 下次操作: 2021-08-03 01:19:31

2021-08-03 01:19:31 开始第 23 次操作

2021-08-03 01:19:31 开始操作号码 【1915446】
2021-08-03 01:19:42 GSD getOne 第 1 次 等待 3 秒
2021-08-03 01:19:45 查询号码 【1915446】，返回信息 {"status":"bad","msg":""}
2021-08-03 01:19:45 查询号码 【1915446】，GSD为【""】
2021-08-03 01:19:45 bad
2021-08-03 01:19:47 CHB 1915446?1627924785 第 1 次 等待 3 秒
2021-08-03 01:19:50 CHB 1915446?1627924785 第 1 次 获取到号码【1915446】GSD
2021-08-03 01:19:50 获取到号码【1915446】的GSD为【山东-烟台】
2021-08-03 01:19:53 GSD insert 第 1 次 等待 3 秒
2021-08-03 01:19:56 {"status":"ok","gid":485125,"msg":"添加成功！"}
2021-08-03 01:19:56 下次操作: 2021-08-03 01:20:09

2021-08-03 01:20:09 开始第 24 次操作

2021-08-03 01:20:09 开始操作号码 【1915445】
2021-08-03 01:20:13 GSD getOne 第 1 次 等待 3 秒
2021-08-03 01:20:16 查询号码 【1915445】，返回信息 {"status":"bad","msg":""}
2021-08-03 01:20:16 查询号码 【1915445】，GSD为【""】
2021-08-03 01:20:16 bad
2021-08-03 01:20:17 CHB 1915445?1627924816 第 1 次 等待 3 秒
2021-08-03 01:20:20 CHB 1915445?1627924816 第 1 次 获取到号码【1915445】GSD
2021-08-03 01:20:20 获取到号码【1915445】的GSD为【山东-济南】
2021-08-03 01:20:39 GSD insert 第 1 次 等待 3 秒
2021-08-03 01:20:42 {"status":"ok","gid":485132,"msg":"添加成功！"}
2021-08-03 01:20:42 下次操作: 2021-08-03 01:20:55

2021-08-03 01:20:55 开始第 25 次操作

2021-08-03 01:20:55 开始操作号码 【1915444】
2021-08-03 01:21:02 GSD getOne 第 1 次 等待 3 秒
2021-08-03 01:21:05 查询号码 【1915444】，返回信息 {"status":"bad","msg":""}
2021-08-03 01:21:05 查询号码 【1915444】，GSD为【""】
2021-08-03 01:21:05 bad
2021-08-03 01:21:06 CHB 1915444?1627924865 第 1 次 等待 3 秒
2021-08-03 01:21:09 CHB 1915444?1627924865 第 1 次 获取到号码【1915444】GSD
2021-08-03 01:21:09 获取到号码【1915444】的GSD为【山东-青岛】
2021-08-03 01:21:22 GSD insert 第 1 次 等待 3 秒
2021-08-03 01:21:25 {"status":"ok","gid":485141,"msg":"添加成功！"}
2021-08-03 01:21:25 下次操作: 2021-08-03 01:21:40

2021-08-03 01:21:40 开始第 26 次操作

2021-08-03 01:21:40 开始操作号码 【1915443】
2021-08-03 01:21:47 GSD getOne 第 1 次 等待 3 秒
2021-08-03 01:21:50 查询号码 【1915443】，返回信息 {"status":"bad","msg":""}
2021-08-03 01:21:50 查询号码 【1915443】，GSD为【""】
2021-08-03 01:21:50 bad
2021-08-03 01:21:52 CHB 1915443?1627924910 第 1 次 等待 3 秒
2021-08-03 01:21:55 CHB 1915443?1627924910 第 1 次 获取到号码【1915443】GSD
2021-08-03 01:21:55 获取到号码【1915443】的GSD为【山东-济南】
2021-08-03 01:22:00 GSD insert 第 1 次 等待 3 秒
2021-08-03 01:22:03 {"status":"ok","gid":485151,"msg":"添加成功！"}
2021-08-03 01:22:03 下次操作: 2021-08-03 01:22:19

2021-08-03 01:22:19 开始第 27 次操作

2021-08-03 01:22:19 开始操作号码 【1915442】
2021-08-03 01:22:23 GSD getOne 第 1 次 等待 3 秒
2021-08-03 01:22:26 查询号码 【1915442】，返回信息 {"status":"bad","msg":""}
2021-08-03 01:22:26 查询号码 【1915442】，GSD为【""】
2021-08-03 01:22:26 bad
2021-08-03 01:22:27 CHB 1915442?1627924946 第 1 次 等待 3 秒
2021-08-03 01:22:30 CHB 1915442?1627924946 第 1 次 获取到号码【1915442】GSD
2021-08-03 01:22:30 获取到号码【1915442】的GSD为【山东-济南】
2021-08-03 01:22:34 GSD insert 第 1 次 等待 3 秒
2021-08-03 01:22:37 {"status":"ok","gid":485158,"msg":"添加成功！"}
2021-08-03 01:22:37 下次操作: 2021-08-03 01:22:49

2021-08-03 01:22:49 开始第 28 次操作

2021-08-03 01:22:49 开始操作号码 【1915441】
2021-08-03 01:22:53 GSD getOne 第 1 次 等待 3 秒
2021-08-03 01:22:56 查询号码 【1915441】，返回信息 {"status":"bad","msg":""}
2021-08-03 01:22:56 查询号码 【1915441】，GSD为【""】
2021-08-03 01:22:56 bad
2021-08-03 01:22:57 CHB 1915441?1627924976 第 1 次 等待 3 秒
2021-08-03 01:23:00 CHB 1915441?1627924976 第 1 次 获取到号码【1915441】GSD
2021-08-03 01:23:00 获取到号码【1915441】的GSD为【山东-青岛】
2021-08-03 01:23:15 GSD insert 第 1 次 等待 3 秒
2021-08-03 01:23:18 {"status":"ok","gid":485167,"msg":"添加成功！"}
2021-08-03 01:23:18 下次操作: 2021-08-03 01:23:42

2021-08-03 01:23:42 开始第 29 次操作

2021-08-03 01:23:42 开始操作号码 【1915440】
2021-08-03 01:23:48 GSD getOne 第 1 次 等待 3 秒
2021-08-03 01:23:52 查询号码 【1915440】，返回信息 {"status":"bad","msg":""}
2021-08-03 01:23:52 查询号码 【1915440】，GSD为【""】
2021-08-03 01:23:52 bad
2021-08-03 01:23:53 CHB 1915440?1627925032 第 1 次 等待 3 秒
2021-08-03 01:23:56 CHB 1915440?1627925032 第 1 次 获取到号码【1915440】GSD
2021-08-03 01:23:56 获取到号码【1915440】的GSD为【山东-青岛】
2021-08-03 01:23:59 GSD insert 第 1 次 等待 3 秒
2021-08-03 01:24:02 {"status":"ok","gid":485177,"msg":"添加成功！"}
2021-08-03 01:24:02 下次操作: 2021-08-03 01:24:14

2021-08-03 01:24:14 开始第 30 次操作

2021-08-03 01:24:14 开始操作号码 【1915439】
2021-08-03 01:24:20 GSD getOne 第 1 次 等待 3 秒
2021-08-03 01:24:23 查询号码 【1915439】，返回信息 {"status":"bad","msg":""}
2021-08-03 01:24:23 查询号码 【1915439】，GSD为【""】
2021-08-03 01:24:23 bad
2021-08-03 01:24:25 CHB 1915439?1627925063 第 1 次 等待 3 秒
2021-08-03 01:24:28 CHB 1915439?1627925063 第 1 次 获取到号码【1915439】GSD
2021-08-03 01:24:28 获取到号码【1915439】的GSD为【山东-滨州】
2021-08-03 01:24:35 GSD insert 第 1 次 等待 3 秒
2021-08-03 01:24:38 {"status":"ok","gid":485186,"msg":"添加成功！"}
2021-08-03 01:24:38 下次操作: 2021-08-03 01:24:50

2021-08-03 01:24:50 开始第 31 次操作

2021-08-03 01:24:50 开始操作号码 【1915438】
2021-08-03 01:24:54 GSD getOne 第 1 次 等待 3 秒
2021-08-03 01:24:57 查询号码 【1915438】，返回信息 {"status":"bad","msg":""}
2021-08-03 01:24:57 查询号码 【1915438】，GSD为【""】
2021-08-03 01:24:57 bad
2021-08-03 01:24:58 CHB 1915438?1627925097 第 1 次 等待 3 秒
2021-08-03 01:25:01 CHB 1915438?1627925097 第 1 次 获取到号码【1915438】GSD
2021-08-03 01:25:01 获取到号码【1915438】的GSD为【山东-滨州】
2021-08-03 01:25:05 GSD insert 第 1 次 等待 3 秒
2021-08-03 01:25:08 {"status":"ok","gid":485193,"msg":"添加成功！"}
2021-08-03 01:25:08 下次操作: 2021-08-03 01:25:21

2021-08-03 01:25:21 开始第 32 次操作

2021-08-03 01:25:21 开始操作号码 【1915437】
2021-08-03 01:25:24 GSD getOne 第 1 次 等待 3 秒
2021-08-03 01:25:27 查询号码 【1915437】，返回信息 {"status":"bad","msg":""}
2021-08-03 01:25:27 查询号码 【1915437】，GSD为【""】
2021-08-03 01:25:27 bad
2021-08-03 01:25:29 CHB 1915437?1627925127 第 1 次 等待 3 秒
2021-08-03 01:25:32 CHB 1915437?1627925127 第 1 次 获取到号码【1915437】GSD
2021-08-03 01:25:32 获取到号码【1915437】的GSD为【山东-滨州】
2021-08-03 01:25:36 GSD insert 第 1 次 等待 3 秒
2021-08-03 01:25:39 {"status":"ok","gid":485200,"msg":"添加成功！"}
2021-08-03 01:25:39 下次操作: 2021-08-03 01:25:59

2021-08-03 01:25:59 开始第 33 次操作

2021-08-03 01:25:59 开始操作号码 【1915436】
2021-08-03 01:26:03 GSD getOne 第 1 次 等待 3 秒
2021-08-03 01:26:06 查询号码 【1915436】，返回信息 {"status":"bad","msg":""}
2021-08-03 01:26:06 查询号码 【1915436】，GSD为【""】
2021-08-03 01:26:06 bad
2021-08-03 01:26:07 CHB 1915436?1627925166 第 1 次 等待 3 秒
2021-08-03 01:26:10 CHB 1915436?1627925166 第 1 次 获取到号码【1915436】GSD
2021-08-03 01:26:10 获取到号码【1915436】的GSD为【山东-滨州】
2021-08-03 01:26:15 GSD insert 第 1 次 等待 3 秒
2021-08-03 01:26:18 {"status":"ok","gid":485206,"msg":"添加成功！"}
2021-08-03 01:26:18 下次操作: 2021-08-03 01:26:34

2021-08-03 01:26:34 开始第 34 次操作

2021-08-03 01:26:34 开始操作号码 【1915435】
2021-08-03 01:26:39 GSD getOne 第 1 次 等待 3 秒
2021-08-03 01:26:42 查询号码 【1915435】，返回信息 {"status":"bad","msg":""}
2021-08-03 01:26:42 查询号码 【1915435】，GSD为【""】
2021-08-03 01:26:42 bad
2021-08-03 01:26:43 CHB 1915435?1627925202 第 1 次 等待 3 秒
2021-08-03 01:26:46 CHB 1915435?1627925202 第 1 次 获取到号码【1915435】GSD
2021-08-03 01:26:46 获取到号码【1915435】的GSD为【山东-滨州】
2021-08-03 01:26:51 GSD insert 第 1 次 等待 3 秒
2021-08-03 01:26:54 {"status":"ok","gid":485212,"msg":"添加成功！"}
2021-08-03 01:26:54 下次操作: 2021-08-03 01:27:10

2021-08-03 01:27:10 开始第 35 次操作

2021-08-03 01:27:10 开始操作号码 【1915434】
2021-08-03 01:27:14 GSD getOne 第 1 次 等待 3 秒
2021-08-03 01:27:17 查询号码 【1915434】，返回信息 {"status":"bad","msg":""}
2021-08-03 01:27:17 查询号码 【1915434】，GSD为【""】
2021-08-03 01:27:17 bad
2021-08-03 01:27:18 CHB 1915434?1627925237 第 1 次 等待 3 秒
2021-08-03 01:27:21 CHB 1915434?1627925237 第 1 次 获取到号码【1915434】GSD
2021-08-03 01:27:21 未获取到号码【1915434】GSD，查号吧 400 错误
2021-08-03 01:27:21 获取到号码【1915434】的GSD为【-】
2021-08-03 01:27:32 GSD insert 第 1 次 等待 3 秒
2021-08-03 01:27:35 {"status":"ok","gid":485221,"msg":"添加成功！"}
2021-08-03 01:27:35 下次操作: 2021-08-03 01:27:48

2021-08-03 01:27:48 开始第 36 次操作

2021-08-03 01:27:48 开始操作号码 【1915433】
2021-08-03 01:28:18 GSD getOne 第 1 次 等待 3 秒
2021-08-03 01:28:21 查询号码 【1915433】，返回信息 {"status":"bad","msg":""}
2021-08-03 01:28:21 查询号码 【1915433】，GSD为【""】
2021-08-03 01:28:21 bad
2021-08-03 01:28:22 CHB 1915433?1627925301 第 1 次 等待 3 秒
2021-08-03 01:28:25 CHB 1915433?1627925301 第 1 次 获取到号码【1915433】GSD
2021-08-03 01:28:25 获取到号码【1915433】的GSD为【山东-滨州】
2021-08-03 01:28:32 GSD insert 第 1 次 等待 3 秒
2021-08-03 01:28:35 {"status":"ok","gid":485233,"msg":"添加成功！"}
2021-08-03 01:28:35 下次操作: 2021-08-03 01:28:52

2021-08-03 01:28:52 开始第 37 次操作

2021-08-03 01:28:52 开始操作号码 【1915432】
2021-08-03 01:28:58 GSD getOne 第 1 次 等待 3 秒
2021-08-03 01:29:01 查询号码 【1915432】，返回信息 {"status":"bad","msg":""}
2021-08-03 01:29:01 查询号码 【1915432】，GSD为【""】
2021-08-03 01:29:01 bad
2021-08-03 01:29:02 CHB 1915432?1627925341 第 1 次 等待 3 秒
2021-08-03 01:29:05 CHB 1915432?1627925341 第 1 次 获取到号码【1915432】GSD
2021-08-03 01:29:06 获取到号码【1915432】的GSD为【山东-滨州】
2021-08-03 01:29:10 GSD insert 第 1 次 等待 3 秒
2021-08-03 01:29:13 {"status":"ok","gid":485240,"msg":"添加成功！"}
2021-08-03 01:29:13 下次操作: 2021-08-03 01:29:26

2021-08-03 01:29:26 开始第 38 次操作

2021-08-03 01:29:26 开始操作号码 【1915431】
2021-08-03 01:29:33 GSD getOne 第 1 次 等待 3 秒
2021-08-03 01:29:36 查询号码 【1915431】，返回信息 {"status":"bad","msg":""}
2021-08-03 01:29:36 查询号码 【1915431】，GSD为【""】
2021-08-03 01:29:36 bad
2021-08-03 01:29:37 CHB 1915431?1627925376 第 1 次 等待 3 秒
2021-08-03 01:29:40 CHB 1915431?1627925376 第 1 次 获取到号码【1915431】GSD
2021-08-03 01:29:41 获取到号码【1915431】的GSD为【山东-滨州】
2021-08-03 01:29:49 GSD insert 第 1 次 等待 3 秒
2021-08-03 01:29:52 {"status":"ok","gid":485249,"msg":"添加成功！"}
2021-08-03 01:29:52 下次操作: 2021-08-03 01:30:05

2021-08-03 01:30:05 开始第 39 次操作

2021-08-03 01:30:05 开始操作号码 【1915430】
2021-08-03 01:30:10 GSD getOne 第 1 次 等待 3 秒
2021-08-03 01:30:13 查询号码 【1915430】，返回信息 {"status":"bad","msg":""}
2021-08-03 01:30:13 查询号码 【1915430】，GSD为【""】
2021-08-03 01:30:13 bad
2021-08-03 01:30:14 CHB 1915430?1627925413 第 1 次 等待 3 秒
2021-08-03 01:30:17 CHB 1915430?1627925413 第 1 次 获取到号码【1915430】GSD
2021-08-03 01:30:17 获取到号码【1915430】的GSD为【山东-滨州】
2021-08-03 01:30:21 GSD insert 第 1 次 等待 3 秒
2021-08-03 01:30:24 {"status":"ok","gid":485255,"msg":"添加成功！"}
2021-08-03 01:30:24 下次操作: 2021-08-03 01:30:39

2021-08-03 01:30:39 开始第 40 次操作

2021-08-03 01:30:39 开始操作号码 【1915429】
2021-08-03 01:30:44 GSD getOne 第 1 次 等待 3 秒
2021-08-03 01:30:47 查询号码 【1915429】，返回信息 {"status":"bad","msg":""}
2021-08-03 01:30:47 查询号码 【1915429】，GSD为【""】
2021-08-03 01:30:47 bad
2021-08-03 01:30:48 CHB 1915429?1627925447 第 1 次 等待 3 秒
2021-08-03 01:30:51 CHB 1915429?1627925447 第 1 次 获取到号码【1915429】GSD
2021-08-03 01:30:51 获取到号码【1915429】的GSD为【安徽-滁州】
2021-08-03 01:30:57 GSD insert 第 1 次 等待 3 秒
2021-08-03 01:31:00 {"status":"ok","gid":485262,"msg":"添加成功！"}

