2024-09-09 00:26:14 开始第 3405 次操作

2024-09-09 00:26:14 开始操作号码 【1433404】
2024-09-09 00:26:22 GSD getOne 第 1 次 等待 3 秒
2024-09-09 00:26:25 查询号码 【1433404】，返回信息 {"status":"ok","msg":"-","gid":"582249","time_insert":"2023-03-10 18:59"}
2024-09-09 00:26:25 查询号码 【1433404】，GSD为【"-"】
2024-09-09 00:26:25 ok && -
2024-09-09 00:26:28 CHB 1433404?1725812785 第 1 次 等待 3 秒
2024-09-09 00:26:31 CHB 1433404?1725812785 第 1 次 获取到号码【1433404】GSD
2024-09-09 00:26:31 未获取到号码【1433404】GSD，可能号码格式错误
2024-09-09 00:26:31 获取到号码【1433404】的GSD为【-】
2024-09-09 00:26:39 GSD insert 第 1 次 等待 3 秒
2024-09-09 00:26:42 {"status":"bad","gid":"582249","msg":"添加失败！号码【1433404(-|-)】已存在！"}
2024-09-09 00:26:42 随机等待 233 秒，约 3 分钟
2024-09-09 00:26:42 下次操作: 2024-09-09 00:30:35

2024-09-09 00:30:35 开始第 3406 次操作

2024-09-09 00:30:35 开始操作号码 【1433405】
2024-09-09 00:30:42 GSD getOne 第 1 次 等待 3 秒
2024-09-09 00:30:45 查询号码 【1433405】，返回信息 {"status":"ok","msg":"-","gid":"582274","time_insert":"2023-03-10 19:16"}
2024-09-09 00:30:45 查询号码 【1433405】，GSD为【"-"】
2024-09-09 00:30:45 ok && -
2024-09-09 00:30:47 CHB 1433405?1725813045 第 1 次 等待 3 秒
2024-09-09 00:30:50 CHB 1433405?1725813045 第 1 次 获取到号码【1433405】GSD
2024-09-09 00:30:50 未获取到号码【1433405】GSD，可能号码格式错误
2024-09-09 00:30:50 获取到号码【1433405】的GSD为【-】
2024-09-09 00:30:58 GSD insert 第 1 次 等待 3 秒
2024-09-09 00:31:01 {"status":"bad","gid":"582274","msg":"添加失败！号码【1433405(-|-)】已存在！"}
2024-09-09 00:31:01 随机等待 67 秒，约 1 分钟
2024-09-09 00:31:01 下次操作: 2024-09-09 00:32:08

2024-09-09 00:32:08 开始第 3407 次操作

2024-09-09 00:32:08 开始操作号码 【1433406】
2024-09-09 00:32:25 GSD getOne 第 1 次 等待 3 秒
2024-09-09 00:32:28 查询号码 【1433406】，返回信息 {"status":"ok","msg":"-","gid":"582300","time_insert":"2023-03-10 19:31"}
2024-09-09 00:32:28 查询号码 【1433406】，GSD为【"-"】
2024-09-09 00:32:28 ok && -
2024-09-09 00:32:30 CHB 1433406?1725813148 第 1 次 等待 3 秒
2024-09-09 00:32:33 CHB 1433406?1725813148 第 1 次 获取到号码【1433406】GSD
2024-09-09 00:32:33 未获取到号码【1433406】GSD，可能号码格式错误
2024-09-09 00:32:33 获取到号码【1433406】的GSD为【-】
2024-09-09 00:32:41 GSD insert 第 1 次 等待 3 秒
2024-09-09 00:32:44 {"status":"bad","gid":"582300","msg":"添加失败！号码【1433406(-|-)】已存在！"}
2024-09-09 00:32:44 随机等待 82 秒，约 1 分钟
2024-09-09 00:32:44 下次操作: 2024-09-09 00:34:06

2024-09-09 00:34:06 开始第 3408 次操作

2024-09-09 00:34:06 开始操作号码 【1433407】
2024-09-09 00:34:14 GSD getOne 第 1 次 等待 3 秒
2024-09-09 00:34:17 查询号码 【1433407】，返回信息 {"status":"ok","msg":"-","gid":"582326","time_insert":"2023-03-10 19:46"}
2024-09-09 00:34:17 查询号码 【1433407】，GSD为【"-"】
2024-09-09 00:34:17 ok && -
2024-09-09 00:34:19 CHB 1433407?1725813257 第 1 次 等待 3 秒
2024-09-09 00:34:22 CHB 1433407?1725813257 第 1 次 获取到号码【1433407】GSD
2024-09-09 00:34:22 未获取到号码【1433407】GSD，可能号码格式错误
2024-09-09 00:34:22 获取到号码【1433407】的GSD为【-】
2024-09-09 00:34:31 GSD insert 第 1 次 等待 3 秒
2024-09-09 00:34:34 {"status":"bad","gid":"582326","msg":"添加失败！号码【1433407(-|-)】已存在！"}

