2023-12-30 00:10:19 开始第 6097 次操作

2023-12-30 00:10:19 开始操作号码 【1875997】
2023-12-30 00:10:23 GSD getOne 第 1 次 等待 3 秒
2023-12-30 00:10:26 查询号码 【1875997】，返回信息 {"status":"ok","msg":"福建-泉州","gid":"441366","time_insert":"2021-07-30 05:58"}
2023-12-30 00:10:26 查询号码 【1875997】，GSD为【"福建-泉州"】

2023-12-30 00:10:27 开始第 6098 次操作

2023-12-30 00:10:27 开始操作号码 【1875998】
2023-12-30 00:10:31 GSD getOne 第 1 次 等待 3 秒
2023-12-30 00:10:34 查询号码 【1875998】，返回信息 {"status":"ok","msg":"福建-泉州","gid":"441356","time_insert":"2021-07-30 05:57"}
2023-12-30 00:10:34 查询号码 【1875998】，GSD为【"福建-泉州"】

2023-12-30 00:10:35 开始第 6099 次操作

2023-12-30 00:10:35 开始操作号码 【1875999】
2023-12-30 00:10:38 GSD getOne 第 1 次 等待 3 秒
2023-12-30 00:10:41 查询号码 【1875999】，返回信息 {"status":"ok","msg":"福建-泉州","gid":"441346","time_insert":"2021-07-30 05:56"}
2023-12-30 00:10:41 查询号码 【1875999】，GSD为【"福建-泉州"】

2023-12-30 00:10:43 开始第 6100 次操作

2023-12-30 00:10:43 开始操作号码 【1876000】
2023-12-30 00:10:49 GSD getOne 第 1 次 等待 3 秒
2023-12-30 00:10:52 查询号码 【1876000】，返回信息 {"status":"ok","msg":"福建-龙岩","gid":"441336","time_insert":"2021-07-30 05:55"}
2023-12-30 00:10:52 查询号码 【1876000】，GSD为【"福建-龙岩"】

2023-12-30 00:37:14 开始第 6101 次操作

2023-12-30 00:37:14 开始操作号码 【1876001】
2023-12-30 00:37:20 GSD getOne 第 1 次 等待 3 秒
2023-12-30 00:37:23 查询号码 【1876001】，返回信息 {"status":"ok","msg":"福建-龙岩","gid":"441322","time_insert":"2021-07-30 05:55"}
2023-12-30 00:37:23 查询号码 【1876001】，GSD为【"福建-龙岩"】

2023-12-30 00:37:24 开始第 6102 次操作

2023-12-30 00:37:24 开始操作号码 【1876002】
2023-12-30 00:37:28 GSD getOne 第 1 次 等待 3 秒
2023-12-30 00:37:31 查询号码 【1876002】，返回信息 {"status":"ok","msg":"福建-龙岩","gid":"441309","time_insert":"2021-07-30 05:54"}
2023-12-30 00:37:31 查询号码 【1876002】，GSD为【"福建-龙岩"】

2023-12-30 00:37:32 开始第 6103 次操作

2023-12-30 00:37:32 开始操作号码 【1876003】
2023-12-30 00:37:36 GSD getOne 第 1 次 等待 3 秒
2023-12-30 00:37:39 查询号码 【1876003】，返回信息 {"status":"ok","msg":"福建-龙岩","gid":"441298","time_insert":"2021-07-30 05:53"}
2023-12-30 00:37:39 查询号码 【1876003】，GSD为【"福建-龙岩"】

2023-12-30 00:37:40 开始第 6104 次操作

2023-12-30 00:37:40 开始操作号码 【1876004】
2023-12-30 00:37:45 GSD getOne 第 1 次 等待 3 秒
2023-12-30 00:37:48 查询号码 【1876004】，返回信息 {"status":"ok","msg":"福建-龙岩","gid":"42521","time_insert":"2018-09-17 11:19","time_update":"2020-09-05 21:32"}
2023-12-30 00:37:48 查询号码 【1876004】，GSD为【"福建-龙岩"】

