2024-01-16 00:09:44 开始第 9221 次操作

2024-01-16 00:09:44 开始操作号码 【1879121】
2024-01-16 00:09:48 GSD getOne 第 1 次 等待 3 秒
2024-01-16 00:09:51 查询号码 【1879121】，返回信息 {"status":"ok","msg":"陕西-榆林","gid":"418718","time_insert":"2021-07-28 00:08"}
2024-01-16 00:09:51 查询号码 【1879121】，GSD为【"陕西-榆林"】

2024-01-16 00:09:52 开始第 9222 次操作

2024-01-16 00:09:52 开始操作号码 【1879122】
2024-01-16 00:09:56 GSD getOne 第 1 次 等待 3 秒
2024-01-16 00:09:59 查询号码 【1879122】，返回信息 {"status":"ok","msg":"陕西-榆林","gid":"418705","time_insert":"2021-07-28 00:07"}
2024-01-16 00:09:59 查询号码 【1879122】，GSD为【"陕西-榆林"】

2024-01-16 00:10:00 开始第 9223 次操作

2024-01-16 00:10:00 开始操作号码 【1879123】
2024-01-16 00:10:04 GSD getOne 第 1 次 等待 3 秒
2024-01-16 00:10:07 查询号码 【1879123】，返回信息 {"status":"ok","msg":"陕西-榆林","gid":"418694","time_insert":"2021-07-28 00:06"}
2024-01-16 00:10:07 查询号码 【1879123】，GSD为【"陕西-榆林"】

2024-01-16 00:10:08 开始第 9224 次操作

2024-01-16 00:10:08 开始操作号码 【1879124】
2024-01-16 00:10:13 GSD getOne 第 1 次 等待 3 秒
2024-01-16 00:10:16 查询号码 【1879124】，返回信息 {"status":"ok","msg":"陕西-榆林","gid":"418680","time_insert":"2021-07-28 00:06"}
2024-01-16 00:10:16 查询号码 【1879124】，GSD为【"陕西-榆林"】

