2024-06-30 00:10:17 开始第 3505 次操作

2024-06-30 00:10:17 开始操作号码 【1543389】
2024-06-30 00:10:45 GSD getOne 第 1 次 等待 3 秒
2024-06-30 00:10:48 查询号码 【1543389】，返回信息 {"status":"ok","msg":"-","gid":"583631","time_insert":"2023-03-11 12:46"}
2024-06-30 00:10:48 查询号码 【1543389】，GSD为【"-"】
2024-06-30 00:10:48 ok && -
2024-06-30 00:10:50 CHB 1543389?1719677448 第 1 次 等待 3 秒
2024-06-30 00:10:53 CHB 1543389?1719677448 第 1 次 获取到号码【1543389】GSD
2024-06-30 00:10:53 未获取到号码【1543389】GSD，可能号码格式错误
2024-06-30 00:10:53 获取到号码【1543389】的GSD为【-】
2024-06-30 00:11:19 GSD insert 第 1 次 等待 3 秒
2024-06-30 00:11:22 {"status":"bad","gid":"583631","msg":"添加失败！号码【1543389(-|-)】已存在！"}
2024-06-30 00:11:22 随机等待 191 秒，约 3 分钟
2024-06-30 00:11:22 下次操作: 2024-06-30 00:14:33

2024-06-30 00:14:33 开始第 3506 次操作

2024-06-30 00:14:33 开始操作号码 【1543390】
2024-06-30 00:14:50 GSD getOne 第 1 次 等待 3 秒
2024-06-30 00:14:53 查询号码 【1543390】，返回信息 {"status":"ok","msg":"-","gid":"583670","time_insert":"2023-03-11 13:10"}
2024-06-30 00:14:53 查询号码 【1543390】，GSD为【"-"】
2024-06-30 00:14:53 ok && -
2024-06-30 00:14:55 CHB 1543390?1719677693 第 1 次 等待 3 秒
2024-06-30 00:14:58 CHB 1543390?1719677693 第 1 次 获取到号码【1543390】GSD
2024-06-30 00:14:58 未获取到号码【1543390】GSD，可能号码格式错误
2024-06-30 00:14:58 获取到号码【1543390】的GSD为【-】
2024-06-30 00:15:12 GSD insert 第 1 次 等待 3 秒
2024-06-30 00:15:15 {"status":"bad","gid":"583670","msg":"添加失败！号码【1543390(-|-)】已存在！"}
2024-06-30 00:15:15 随机等待 78 秒，约 1 分钟
2024-06-30 00:15:15 下次操作: 2024-06-30 00:16:33

2024-06-30 00:16:33 开始第 3507 次操作

2024-06-30 00:16:33 开始操作号码 【1543391】
2024-06-30 00:16:47 GSD getOne 第 1 次 等待 3 秒
2024-06-30 00:16:50 查询号码 【1543391】，返回信息 {"status":"ok","msg":"-","gid":"583694","time_insert":"2023-03-11 13:23"}
2024-06-30 00:16:50 查询号码 【1543391】，GSD为【"-"】
2024-06-30 00:16:50 ok && -
2024-06-30 00:16:52 CHB 1543391?1719677810 第 1 次 等待 3 秒
2024-06-30 00:16:55 CHB 1543391?1719677810 第 1 次 获取到号码【1543391】GSD
2024-06-30 00:16:55 未获取到号码【1543391】GSD，可能号码格式错误
2024-06-30 00:16:55 获取到号码【1543391】的GSD为【-】
2024-06-30 00:17:09 GSD insert 第 1 次 等待 3 秒
2024-06-30 00:17:12 {"status":"bad","gid":"583694","msg":"添加失败！号码【1543391(-|-)】已存在！"}
2024-06-30 00:17:12 随机等待 160 秒，约 2 分钟
2024-06-30 00:17:12 下次操作: 2024-06-30 00:19:52

2024-06-30 00:19:52 开始第 3508 次操作

2024-06-30 00:19:52 开始操作号码 【1543392】
2024-06-30 00:20:07 GSD getOne 第 1 次 等待 3 秒
2024-06-30 00:20:10 查询号码 【1543392】，返回信息 {"status":"ok","msg":"-","gid":"583718","time_insert":"2023-03-11 13:37"}
2024-06-30 00:20:10 查询号码 【1543392】，GSD为【"-"】
2024-06-30 00:20:10 ok && -
2024-06-30 00:20:13 CHB 1543392?1719678010 第 1 次 等待 3 秒
2024-06-30 00:20:16 CHB 1543392?1719678010 第 1 次 获取到号码【1543392】GSD
2024-06-30 00:20:16 未获取到号码【1543392】GSD，可能号码格式错误
2024-06-30 00:20:16 获取到号码【1543392】的GSD为【-】
2024-06-30 00:20:30 GSD insert 第 1 次 等待 3 秒
2024-06-30 00:20:33 {"status":"bad","gid":"583718","msg":"添加失败！号码【1543392(-|-)】已存在！"}

2024-06-30 00:36:48 开始第 3509 次操作

2024-06-30 00:36:48 开始操作号码 【1543393】
2024-06-30 00:37:02 GSD getOne 第 1 次 等待 3 秒
2024-06-30 00:37:05 查询号码 【1543393】，返回信息 {"status":"ok","msg":"-","gid":"583753","time_insert":"2023-03-11 13:57"}
2024-06-30 00:37:05 查询号码 【1543393】，GSD为【"-"】
2024-06-30 00:37:05 ok && -
2024-06-30 00:37:09 CHB 1543393?1719679025 第 1 次 等待 3 秒
2024-06-30 00:37:12 CHB 1543393?1719679025 第 1 次 获取到号码【1543393】GSD
2024-06-30 00:37:12 未获取到号码【1543393】GSD，可能号码格式错误
2024-06-30 00:37:12 获取到号码【1543393】的GSD为【-】
2024-06-30 00:37:36 GSD insert 第 1 次 等待 3 秒
2024-06-30 00:37:39 {"status":"bad","gid":"583753","msg":"添加失败！号码【1543393(-|-)】已存在！"}
2024-06-30 00:37:39 随机等待 155 秒，约 2 分钟
2024-06-30 00:37:40 下次操作: 2024-06-30 00:40:14

2024-06-30 00:40:15 开始第 3510 次操作

2024-06-30 00:40:15 开始操作号码 【1543394】
2024-06-30 00:40:33 GSD getOne 第 1 次 等待 3 秒
2024-06-30 00:40:36 查询号码 【1543394】，返回信息 {"status":"ok","msg":"-","gid":"583769","time_insert":"2023-03-11 14:07"}
2024-06-30 00:40:36 查询号码 【1543394】，GSD为【"-"】
2024-06-30 00:40:36 ok && -
2024-06-30 00:40:39 CHB 1543394?1719679236 第 1 次 等待 3 秒
2024-06-30 00:40:42 CHB 1543394?1719679236 第 1 次 获取到号码【1543394】GSD
2024-06-30 00:40:42 未获取到号码【1543394】GSD，可能号码格式错误
2024-06-30 00:40:42 获取到号码【1543394】的GSD为【-】
2024-06-30 00:41:12 GSD insert 第 1 次 等待 3 秒
2024-06-30 00:41:15 {"status":"bad","gid":"583769","msg":"添加失败！号码【1543394(-|-)】已存在！"}
2024-06-30 00:41:15 随机等待 90 秒，约 1 分钟
2024-06-30 00:41:15 下次操作: 2024-06-30 00:42:45

2024-06-30 00:42:45 开始第 3511 次操作

2024-06-30 00:42:45 开始操作号码 【1543395】
2024-06-30 00:42:58 GSD getOne 第 1 次 等待 3 秒
2024-06-30 00:43:01 查询号码 【1543395】，返回信息 {"status":"ok","msg":"-","gid":"583796","time_insert":"2023-03-11 14:23"}
2024-06-30 00:43:01 查询号码 【1543395】，GSD为【"-"】
2024-06-30 00:43:01 ok && -
2024-06-30 00:43:04 CHB 1543395?1719679381 第 1 次 等待 3 秒
2024-06-30 00:43:07 CHB 1543395?1719679381 第 1 次 获取到号码【1543395】GSD
2024-06-30 00:43:07 未获取到号码【1543395】GSD，可能号码格式错误
2024-06-30 00:43:07 获取到号码【1543395】的GSD为【-】
2024-06-30 00:43:24 GSD insert 第 1 次 等待 3 秒
2024-06-30 00:43:27 {"status":"bad","gid":"583796","msg":"添加失败！号码【1543395(-|-)】已存在！"}
2024-06-30 00:43:27 随机等待 229 秒，约 3 分钟
2024-06-30 00:43:27 下次操作: 2024-06-30 00:47:16

2024-06-30 00:47:16 开始第 3512 次操作

2024-06-30 00:47:16 开始操作号码 【1543396】
2024-06-30 00:47:33 GSD getOne 第 1 次 等待 3 秒
2024-06-30 00:47:36 查询号码 【1543396】，返回信息 {"status":"ok","msg":"-","gid":"583821","time_insert":"2023-03-11 14:44"}
2024-06-30 00:47:36 查询号码 【1543396】，GSD为【"-"】
2024-06-30 00:47:36 ok && -
2024-06-30 00:47:38 CHB 1543396?1719679656 第 1 次 等待 3 秒
2024-06-30 00:47:41 CHB 1543396?1719679656 第 1 次 获取到号码【1543396】GSD
2024-06-30 00:47:41 未获取到号码【1543396】GSD，可能号码格式错误
2024-06-30 00:47:41 获取到号码【1543396】的GSD为【-】
2024-06-30 00:47:55 GSD insert 第 1 次 等待 3 秒
2024-06-30 00:47:58 {"status":"bad","gid":"583821","msg":"添加失败！号码【1543396(-|-)】已存在！"}

2024-06-30 01:07:20 开始第 3513 次操作

2024-06-30 01:07:20 开始操作号码 【1543397】
2024-06-30 01:07:38 GSD getOne 第 1 次 等待 3 秒
2024-06-30 01:07:41 查询号码 【1543397】，返回信息 {"status":"ok","msg":"-","gid":"583856","time_insert":"2023-03-11 15:05"}
2024-06-30 01:07:41 查询号码 【1543397】，GSD为【"-"】
2024-06-30 01:07:41 ok && -
2024-06-30 01:07:43 CHB 1543397?1719680861 第 1 次 等待 3 秒
2024-06-30 01:07:46 CHB 1543397?1719680861 第 1 次 获取到号码【1543397】GSD
2024-06-30 01:07:46 未获取到号码【1543397】GSD，可能号码格式错误
2024-06-30 01:07:46 获取到号码【1543397】的GSD为【-】
2024-06-30 01:08:02 GSD insert 第 1 次 等待 3 秒
2024-06-30 01:08:05 {"status":"bad","gid":"583856","msg":"添加失败！号码【1543397(-|-)】已存在！"}
2024-06-30 01:08:05 随机等待 120 秒，约 2 分钟
2024-06-30 01:08:05 下次操作: 2024-06-30 01:10:05

2024-06-30 01:10:05 开始第 3514 次操作

2024-06-30 01:10:05 开始操作号码 【1543398】
2024-06-30 01:10:23 GSD getOne 第 1 次 等待 3 秒
2024-06-30 01:10:26 查询号码 【1543398】，返回信息 {"status":"ok","msg":"-","gid":"583871","time_insert":"2023-03-11 15:14"}
2024-06-30 01:10:26 查询号码 【1543398】，GSD为【"-"】
2024-06-30 01:10:26 ok && -
2024-06-30 01:10:28 CHB 1543398?1719681026 第 1 次 等待 3 秒
2024-06-30 01:10:31 CHB 1543398?1719681026 第 1 次 获取到号码【1543398】GSD
2024-06-30 01:10:31 未获取到号码【1543398】GSD，可能号码格式错误
2024-06-30 01:10:31 获取到号码【1543398】的GSD为【-】
2024-06-30 01:10:47 GSD insert 第 1 次 等待 3 秒
2024-06-30 01:10:50 {"status":"bad","gid":"583871","msg":"添加失败！号码【1543398(-|-)】已存在！"}
2024-06-30 01:10:50 随机等待 169 秒，约 2 分钟
2024-06-30 01:10:50 下次操作: 2024-06-30 01:13:39

2024-06-30 01:13:39 开始第 3515 次操作

2024-06-30 01:13:39 开始操作号码 【1543399】
2024-06-30 01:13:53 GSD getOne 第 1 次 等待 3 秒
2024-06-30 01:13:56 查询号码 【1543399】，返回信息 {"status":"ok","msg":"-","gid":"583911","time_insert":"2023-03-11 15:38"}
2024-06-30 01:13:56 查询号码 【1543399】，GSD为【"-"】
2024-06-30 01:13:56 ok && -
2024-06-30 01:13:58 CHB 1543399?1719681236 第 1 次 等待 3 秒
2024-06-30 01:14:01 CHB 1543399?1719681236 第 1 次 获取到号码【1543399】GSD
2024-06-30 01:14:01 未获取到号码【1543399】GSD，可能号码格式错误
2024-06-30 01:14:01 获取到号码【1543399】的GSD为【-】
2024-06-30 01:14:14 GSD insert 第 1 次 等待 3 秒
2024-06-30 01:14:17 {"status":"bad","gid":"583911","msg":"添加失败！号码【1543399(-|-)】已存在！"}
2024-06-30 01:14:17 随机等待 183 秒，约 3 分钟
2024-06-30 01:14:17 下次操作: 2024-06-30 01:17:20

2024-06-30 01:17:20 开始第 3516 次操作

2024-06-30 01:17:20 开始操作号码 【1543400】
2024-06-30 01:17:34 GSD getOne 第 1 次 等待 3 秒
2024-06-30 01:17:37 查询号码 【1543400】，返回信息 {"status":"ok","msg":"-","gid":"583932","time_insert":"2023-03-11 15:48"}
2024-06-30 01:17:37 查询号码 【1543400】，GSD为【"-"】
2024-06-30 01:17:37 ok && -
2024-06-30 01:17:39 CHB 1543400?1719681457 第 1 次 等待 3 秒
2024-06-30 01:17:42 CHB 1543400?1719681457 第 1 次 获取到号码【1543400】GSD
2024-06-30 01:17:43 未获取到号码【1543400】GSD，可能号码格式错误
2024-06-30 01:17:43 获取到号码【1543400】的GSD为【-】
2024-06-30 01:17:56 GSD insert 第 1 次 等待 3 秒
2024-06-30 01:17:59 {"status":"bad","gid":"583932","msg":"添加失败！号码【1543400(-|-)】已存在！"}

