2023-10-14 00:09:09 开始第 3045 次操作

2023-10-14 00:09:09 开始操作号码 【1973011】
2023-10-14 00:09:13 GSD getOne 第 1 次 等待 3 秒
2023-10-14 00:09:16 查询号码 【1973011】，返回信息 {"status":"ok","msg":"-","gid":"553622","time_insert":"2023-02-25 08:05"}
2023-10-14 00:09:16 查询号码 【1973011】，GSD为【"-"】
2023-10-14 00:09:16 ok && -
2023-10-14 00:09:18 CHB 1973011?1697213356 第 1 次 等待 3 秒
2023-10-14 00:09:21 CHB 1973011?1697213356 第 1 次 获取到号码【1973011】GSD
2023-10-14 00:09:21 未获取到号码【1973011】GSD，可能号码格式错误
2023-10-14 00:09:21 获取到号码【1973011】的GSD为【-】
2023-10-14 00:09:27 GSD insert 第 1 次 等待 3 秒
2023-10-14 00:09:30 {"status":"bad","gid":"553622","msg":"添加失败！号码【1973011(-|-)】已存在！"}
2023-10-14 00:09:30 随机等待 220 秒，约 3 分钟
2023-10-14 00:09:30 下次操作: 2023-10-14 00:13:10

2023-10-14 00:13:10 开始第 3046 次操作

2023-10-14 00:13:10 开始操作号码 【1973012】
2023-10-14 00:13:14 GSD getOne 第 1 次 等待 3 秒
2023-10-14 00:13:17 查询号码 【1973012】，返回信息 {"status":"ok","msg":"-","gid":"553726","time_insert":"2023-02-25 09:35"}
2023-10-14 00:13:17 查询号码 【1973012】，GSD为【"-"】
2023-10-14 00:13:17 ok && -
2023-10-14 00:13:18 CHB 1973012?1697213597 第 1 次 等待 3 秒
2023-10-14 00:13:21 CHB 1973012?1697213597 第 1 次 获取到号码【1973012】GSD
2023-10-14 00:13:21 未获取到号码【1973012】GSD，可能号码格式错误
2023-10-14 00:13:21 获取到号码【1973012】的GSD为【-】
2023-10-14 00:13:24 GSD insert 第 1 次 等待 3 秒
2023-10-14 00:13:27 {"status":"bad","gid":"553726","msg":"添加失败！号码【1973012(-|-)】已存在！"}
2023-10-14 00:13:27 随机等待 72 秒，约 1 分钟
2023-10-14 00:13:27 下次操作: 2023-10-14 00:14:39

2023-10-14 00:14:39 开始第 3047 次操作

2023-10-14 00:14:39 开始操作号码 【1973013】
2023-10-14 00:14:42 GSD getOne 第 1 次 等待 3 秒
2023-10-14 00:14:45 查询号码 【1973013】，返回信息 {"status":"ok","msg":"-","gid":"553731","time_insert":"2023-02-25 09:38"}
2023-10-14 00:14:45 查询号码 【1973013】，GSD为【"-"】
2023-10-14 00:14:45 ok && -
2023-10-14 00:14:48 CHB 1973013?1697213685 第 1 次 等待 3 秒
2023-10-14 00:14:51 CHB 1973013?1697213685 第 1 次 获取到号码【1973013】GSD
2023-10-14 00:14:51 未获取到号码【1973013】GSD，可能号码格式错误
2023-10-14 00:14:51 获取到号码【1973013】的GSD为【-】
2023-10-14 00:14:57 GSD insert 第 1 次 等待 3 秒
2023-10-14 00:15:00 {"status":"bad","gid":"553731","msg":"添加失败！号码【1973013(-|-)】已存在！"}
2023-10-14 00:15:00 随机等待 66 秒，约 1 分钟
2023-10-14 00:15:00 下次操作: 2023-10-14 00:16:06

2023-10-14 00:16:06 开始第 3048 次操作

2023-10-14 00:16:06 开始操作号码 【1973014】
2023-10-14 00:16:10 GSD getOne 第 1 次 等待 3 秒
2023-10-14 00:16:13 查询号码 【1973014】，返回信息 {"status":"ok","msg":"-","gid":"553736","time_insert":"2023-02-25 09:41"}
2023-10-14 00:16:13 查询号码 【1973014】，GSD为【"-"】
2023-10-14 00:16:13 ok && -
2023-10-14 00:16:15 CHB 1973014?1697213773 第 1 次 等待 3 秒
2023-10-14 00:16:18 CHB 1973014?1697213773 第 1 次 获取到号码【1973014】GSD
2023-10-14 00:16:18 未获取到号码【1973014】GSD，可能号码格式错误
2023-10-14 00:16:18 获取到号码【1973014】的GSD为【-】
2023-10-14 00:16:21 GSD insert 第 1 次 等待 3 秒
2023-10-14 00:16:24 {"status":"bad","gid":"553736","msg":"添加失败！号码【1973014(-|-)】已存在！"}

2023-10-14 00:36:05 开始第 3049 次操作

2023-10-14 00:36:05 开始操作号码 【1973015】
2023-10-14 00:36:10 GSD getOne 第 1 次 等待 3 秒
2023-10-14 00:36:13 查询号码 【1973015】，返回信息 {"status":"ok","msg":"-","gid":"553741","time_insert":"2023-02-25 09:43"}
2023-10-14 00:36:13 查询号码 【1973015】，GSD为【"-"】
2023-10-14 00:36:13 ok && -
2023-10-14 00:36:16 CHB 1973015?1697214973 第 1 次 等待 3 秒
2023-10-14 00:36:19 CHB 1973015?1697214973 第 1 次 获取到号码【1973015】GSD
2023-10-14 00:36:19 未获取到号码【1973015】GSD，可能号码格式错误
2023-10-14 00:36:19 获取到号码【1973015】的GSD为【-】
2023-10-14 00:36:24 GSD insert 第 1 次 等待 3 秒
2023-10-14 00:36:27 {"status":"bad","gid":"553741","msg":"添加失败！号码【1973015(-|-)】已存在！"}
2023-10-14 00:36:27 随机等待 144 秒，约 2 分钟
2023-10-14 00:36:27 下次操作: 2023-10-14 00:38:51

2023-10-14 00:38:51 开始第 3050 次操作

2023-10-14 00:38:51 开始操作号码 【1973016】
2023-10-14 00:38:56 GSD getOne 第 1 次 等待 3 秒
2023-10-14 00:38:59 查询号码 【1973016】，返回信息 {"status":"ok","msg":"-","gid":"553807","time_insert":"2023-02-25 10:40"}
2023-10-14 00:38:59 查询号码 【1973016】，GSD为【"-"】
2023-10-14 00:38:59 ok && -
2023-10-14 00:39:02 CHB 1973016?1697215139 第 1 次 等待 3 秒
2023-10-14 00:39:05 CHB 1973016?1697215139 第 1 次 获取到号码【1973016】GSD
2023-10-14 00:39:05 未获取到号码【1973016】GSD，可能号码格式错误
2023-10-14 00:39:05 获取到号码【1973016】的GSD为【-】
2023-10-14 00:39:07 GSD insert 第 1 次 等待 3 秒
2023-10-14 00:39:10 {"status":"bad","gid":"553807","msg":"添加失败！号码【1973016(-|-)】已存在！"}
2023-10-14 00:39:10 随机等待 91 秒，约 1 分钟
2023-10-14 00:39:10 下次操作: 2023-10-14 00:40:41

2023-10-14 00:40:41 开始第 3051 次操作

2023-10-14 00:40:41 开始操作号码 【1973017】
2023-10-14 00:40:43 GSD getOne 第 1 次 等待 3 秒
2023-10-14 00:40:46 查询号码 【1973017】，返回信息 {"status":"ok","msg":"-","gid":"553811","time_insert":"2023-02-25 10:43"}
2023-10-14 00:40:46 查询号码 【1973017】，GSD为【"-"】
2023-10-14 00:40:46 ok && -
2023-10-14 00:40:49 CHB 1973017?1697215246 第 1 次 等待 3 秒
2023-10-14 00:40:52 CHB 1973017?1697215246 第 1 次 获取到号码【1973017】GSD
2023-10-14 00:40:52 未获取到号码【1973017】GSD，可能号码格式错误
2023-10-14 00:40:52 获取到号码【1973017】的GSD为【-】
2023-10-14 00:40:55 GSD insert 第 1 次 等待 3 秒
2023-10-14 00:40:58 {"status":"bad","gid":"553811","msg":"添加失败！号码【1973017(-|-)】已存在！"}
2023-10-14 00:40:58 随机等待 102 秒，约 1 分钟
2023-10-14 00:40:58 下次操作: 2023-10-14 00:42:40

2023-10-14 00:42:40 开始第 3052 次操作

2023-10-14 00:42:40 开始操作号码 【1973018】
2023-10-14 00:42:42 GSD getOne 第 1 次 等待 3 秒
2023-10-14 00:42:45 查询号码 【1973018】，返回信息 {"status":"ok","msg":"-","gid":"553815","time_insert":"2023-02-25 10:45"}
2023-10-14 00:42:45 查询号码 【1973018】，GSD为【"-"】
2023-10-14 00:42:45 ok && -
2023-10-14 00:42:47 CHB 1973018?1697215365 第 1 次 等待 3 秒
2023-10-14 00:42:50 CHB 1973018?1697215365 第 1 次 获取到号码【1973018】GSD
2023-10-14 00:42:50 未获取到号码【1973018】GSD，可能号码格式错误
2023-10-14 00:42:50 获取到号码【1973018】的GSD为【-】
2023-10-14 00:42:53 GSD insert 第 1 次 等待 3 秒
2023-10-14 00:42:56 {"status":"bad","gid":"553815","msg":"添加失败！号码【1973018(-|-)】已存在！"}

