2024-06-13 00:10:17 开始第 393 次操作

2024-06-13 00:10:17 开始操作号码 【1540286】
2024-06-13 00:10:24 GSD getOne 第 1 次 等待 3 秒
2024-06-13 00:10:27 查询号码 【1540286】，返回信息 {"status":"ok","msg":"-","gid":"523664","time_insert":"2023-02-09 22:27"}
2024-06-13 00:10:27 查询号码 【1540286】，GSD为【"-"】
2024-06-13 00:10:27 ok && -
2024-06-13 00:10:29 CHB 1540286?1718208627 第 1 次 等待 3 秒
2024-06-13 00:10:32 CHB 1540286?1718208627 第 1 次 获取到号码【1540286】GSD
2024-06-13 00:10:32 未获取到号码【1540286】GSD，可能号码格式错误
2024-06-13 00:10:32 获取到号码【1540286】的GSD为【-】
2024-06-13 00:10:41 GSD insert 第 1 次 等待 3 秒
2024-06-13 00:10:44 {"status":"bad","gid":"523664","msg":"添加失败！号码【1540286(-|-)】已存在！"}
2024-06-13 00:10:44 随机等待 115 秒，约 1 分钟
2024-06-13 00:10:44 下次操作: 2024-06-13 00:12:39

2024-06-13 00:12:39 开始第 394 次操作

2024-06-13 00:12:39 开始操作号码 【1540287】
2024-06-13 00:12:47 GSD getOne 第 1 次 等待 3 秒
2024-06-13 00:12:50 查询号码 【1540287】，返回信息 {"status":"ok","msg":"-","gid":"523675","time_insert":"2023-02-09 22:39"}
2024-06-13 00:12:50 查询号码 【1540287】，GSD为【"-"】
2024-06-13 00:12:50 ok && -
2024-06-13 00:12:52 CHB 1540287?1718208770 第 1 次 等待 3 秒
2024-06-13 00:12:55 CHB 1540287?1718208770 第 1 次 获取到号码【1540287】GSD
2024-06-13 00:12:55 未获取到号码【1540287】GSD，可能号码格式错误
2024-06-13 00:12:55 获取到号码【1540287】的GSD为【-】
2024-06-13 00:13:07 GSD insert 第 1 次 等待 3 秒
2024-06-13 00:13:10 {"status":"bad","gid":"523675","msg":"添加失败！号码【1540287(-|-)】已存在！"}
2024-06-13 00:13:10 随机等待 66 秒，约 1 分钟
2024-06-13 00:13:10 下次操作: 2024-06-13 00:14:16

2024-06-13 00:14:16 开始第 395 次操作

2024-06-13 00:14:16 开始操作号码 【1540288】
2024-06-13 00:14:23 GSD getOne 第 1 次 等待 3 秒
2024-06-13 00:14:26 查询号码 【1540288】，返回信息 {"status":"ok","msg":"-","gid":"523686","time_insert":"2023-02-09 22:50"}
2024-06-13 00:14:27 查询号码 【1540288】，GSD为【"-"】
2024-06-13 00:14:27 ok && -
2024-06-13 00:14:28 CHB 1540288?1718208867 第 1 次 等待 3 秒
2024-06-13 00:14:31 CHB 1540288?1718208867 第 1 次 获取到号码【1540288】GSD
2024-06-13 00:14:31 未获取到号码【1540288】GSD，可能号码格式错误
2024-06-13 00:14:31 获取到号码【1540288】的GSD为【-】
2024-06-13 00:14:38 GSD insert 第 1 次 等待 3 秒
2024-06-13 00:14:41 {"status":"bad","gid":"523686","msg":"添加失败！号码【1540288(-|-)】已存在！"}
2024-06-13 00:14:41 随机等待 88 秒，约 1 分钟
2024-06-13 00:14:41 下次操作: 2024-06-13 00:16:09

2024-06-13 00:16:09 开始第 396 次操作

2024-06-13 00:16:09 开始操作号码 【1540289】
2024-06-13 00:16:16 GSD getOne 第 1 次 等待 3 秒
2024-06-13 00:16:19 查询号码 【1540289】，返回信息 {"status":"ok","msg":"-","gid":"523696","time_insert":"2023-02-09 22:59"}
2024-06-13 00:16:19 查询号码 【1540289】，GSD为【"-"】
2024-06-13 00:16:19 ok && -
2024-06-13 00:16:21 CHB 1540289?1718208979 第 1 次 等待 3 秒
2024-06-13 00:16:24 CHB 1540289?1718208979 第 1 次 获取到号码【1540289】GSD
2024-06-13 00:16:24 未获取到号码【1540289】GSD，可能号码格式错误
2024-06-13 00:16:24 获取到号码【1540289】的GSD为【-】
2024-06-13 00:16:30 GSD insert 第 1 次 等待 3 秒
2024-06-13 00:16:33 {"status":"bad","gid":"523696","msg":"添加失败！号码【1540289(-|-)】已存在！"}

