2024-09-28 00:27:56 开始第 6489 次操作

2024-09-28 00:27:56 开始操作号码 【1436485】
2024-09-28 00:27:59 GSD getOne 第 1 次 等待 3 秒
2024-09-28 00:28:02 查询号码 【1436485】，返回信息 {"status":"ok","msg":"-","gid":"657827","time_insert":"2023-04-16 11:36"}
2024-09-28 00:28:02 查询号码 【1436485】，GSD为【"-"】
2024-09-28 00:28:02 ok && -
2024-09-28 00:28:04 CHB 1436485?1727454482 第 1 次 等待 3 秒
2024-09-28 00:28:07 CHB 1436485?1727454482 第 1 次 获取到号码【1436485】GSD
2024-09-28 00:28:07 未获取到号码【1436485】GSD，可能号码格式错误
2024-09-28 00:28:07 获取到号码【1436485】的GSD为【-】
2024-09-28 00:28:09 GSD insert 第 1 次 等待 3 秒
2024-09-28 00:28:12 {"status":"bad","gid":"657827","msg":"添加失败！号码【1436485(-|-)】已存在！"}
2024-09-28 00:28:12 随机等待 99 秒，约 1 分钟
2024-09-28 00:28:12 下次操作: 2024-09-28 00:29:51

2024-09-28 00:29:51 开始第 6490 次操作

2024-09-28 00:29:51 开始操作号码 【1436486】
2024-09-28 00:29:53 GSD getOne 第 1 次 等待 3 秒
2024-09-28 00:29:56 查询号码 【1436486】，返回信息 {"status":"ok","msg":"-","gid":"657849","time_insert":"2023-04-16 11:59"}
2024-09-28 00:29:56 查询号码 【1436486】，GSD为【"-"】
2024-09-28 00:29:56 ok && -
2024-09-28 00:30:01 CHB 1436486?1727454596 第 1 次 等待 3 秒
2024-09-28 00:30:04 CHB 1436486?1727454596 第 1 次 获取到号码【1436486】GSD
2024-09-28 00:30:04 未获取到号码【1436486】GSD，可能号码格式错误
2024-09-28 00:30:04 获取到号码【1436486】的GSD为【-】
2024-09-28 00:30:06 GSD insert 第 1 次 等待 3 秒
2024-09-28 00:30:09 {"status":"bad","gid":"657849","msg":"添加失败！号码【1436486(-|-)】已存在！"}
2024-09-28 00:30:09 随机等待 153 秒，约 2 分钟
2024-09-28 00:30:09 下次操作: 2024-09-28 00:32:42

2024-09-28 00:32:42 开始第 6491 次操作

2024-09-28 00:32:42 开始操作号码 【1436487】
2024-09-28 00:32:44 GSD getOne 第 1 次 等待 3 秒
2024-09-28 00:32:47 查询号码 【1436487】，返回信息 {"status":"ok","msg":"-","gid":"657860","time_insert":"2023-04-16 12:11"}
2024-09-28 00:32:47 查询号码 【1436487】，GSD为【"-"】
2024-09-28 00:32:47 ok && -
2024-09-28 00:32:49 CHB 1436487?1727454767 第 1 次 等待 3 秒
2024-09-28 00:32:52 CHB 1436487?1727454767 第 1 次 获取到号码【1436487】GSD
2024-09-28 00:32:52 未获取到号码【1436487】GSD，可能号码格式错误
2024-09-28 00:32:52 获取到号码【1436487】的GSD为【-】
2024-09-28 00:32:54 GSD insert 第 1 次 等待 3 秒
2024-09-28 00:32:57 {"status":"bad","gid":"657860","msg":"添加失败！号码【1436487(-|-)】已存在！"}
2024-09-28 00:32:57 随机等待 84 秒，约 1 分钟
2024-09-28 00:32:57 下次操作: 2024-09-28 00:34:21

2024-09-28 00:34:21 开始第 6492 次操作

2024-09-28 00:34:21 开始操作号码 【1436488】
2024-09-28 00:34:24 GSD getOne 第 1 次 等待 3 秒
2024-09-28 00:34:27 查询号码 【1436488】，返回信息 {"status":"ok","msg":"-","gid":"657874","time_insert":"2023-04-16 12:25"}
2024-09-28 00:34:27 查询号码 【1436488】，GSD为【"-"】
2024-09-28 00:34:27 ok && -
2024-09-28 00:34:29 CHB 1436488?1727454867 第 1 次 等待 3 秒
2024-09-28 00:34:32 CHB 1436488?1727454867 第 1 次 获取到号码【1436488】GSD
2024-09-28 00:34:32 未获取到号码【1436488】GSD，可能号码格式错误
2024-09-28 00:34:32 获取到号码【1436488】的GSD为【-】
2024-09-28 00:34:34 GSD insert 第 1 次 等待 3 秒
2024-09-28 00:34:37 {"status":"bad","gid":"657874","msg":"添加失败！号码【1436488(-|-)】已存在！"}

2024-09-28 00:46:42 开始第 6493 次操作

2024-09-28 00:46:42 开始操作号码 【1436489】
2024-09-28 00:46:44 GSD getOne 第 1 次 等待 3 秒
2024-09-28 00:46:47 查询号码 【1436489】，返回信息 {"status":"ok","msg":"-","gid":"657890","time_insert":"2023-04-16 12:43"}
2024-09-28 00:46:47 查询号码 【1436489】，GSD为【"-"】
2024-09-28 00:46:47 ok && -
2024-09-28 00:46:49 CHB 1436489?1727455607 第 1 次 等待 3 秒
2024-09-28 00:46:52 CHB 1436489?1727455607 第 1 次 获取到号码【1436489】GSD
2024-09-28 00:46:52 未获取到号码【1436489】GSD，可能号码格式错误
2024-09-28 00:46:52 获取到号码【1436489】的GSD为【-】
2024-09-28 00:46:54 GSD insert 第 1 次 等待 3 秒
2024-09-28 00:46:57 {"status":"bad","gid":"657890","msg":"添加失败！号码【1436489(-|-)】已存在！"}
2024-09-28 00:46:57 随机等待 151 秒，约 2 分钟
2024-09-28 00:46:57 下次操作: 2024-09-28 00:49:28

2024-09-28 00:49:28 开始第 6494 次操作

2024-09-28 00:49:28 开始操作号码 【1436490】
2024-09-28 00:49:30 GSD getOne 第 1 次 等待 3 秒
2024-09-28 00:49:33 查询号码 【1436490】，返回信息 {"status":"ok","msg":"-","gid":"657901","time_insert":"2023-04-16 12:55"}
2024-09-28 00:49:33 查询号码 【1436490】，GSD为【"-"】
2024-09-28 00:49:33 ok && -
2024-09-28 00:49:35 CHB 1436490?1727455773 第 1 次 等待 3 秒
2024-09-28 00:49:38 CHB 1436490?1727455773 第 1 次 获取到号码【1436490】GSD
2024-09-28 00:49:38 未获取到号码【1436490】GSD，可能号码格式错误
2024-09-28 00:49:38 获取到号码【1436490】的GSD为【-】
2024-09-28 00:49:39 GSD insert 第 1 次 等待 3 秒
2024-09-28 00:49:42 {"status":"bad","gid":"657901","msg":"添加失败！号码【1436490(-|-)】已存在！"}
2024-09-28 00:49:42 随机等待 128 秒，约 2 分钟
2024-09-28 00:49:42 下次操作: 2024-09-28 00:51:50

2024-09-28 00:51:50 开始第 6495 次操作

2024-09-28 00:51:50 开始操作号码 【1436491】
2024-09-28 00:51:53 GSD getOne 第 1 次 等待 3 秒
2024-09-28 00:51:56 查询号码 【1436491】，返回信息 {"status":"ok","msg":"-","gid":"657913","time_insert":"2023-04-16 13:08"}
2024-09-28 00:51:56 查询号码 【1436491】，GSD为【"-"】
2024-09-28 00:51:56 ok && -
2024-09-28 00:51:58 CHB 1436491?1727455916 第 1 次 等待 3 秒
2024-09-28 00:52:01 CHB 1436491?1727455916 第 1 次 获取到号码【1436491】GSD
2024-09-28 00:52:01 未获取到号码【1436491】GSD，可能号码格式错误
2024-09-28 00:52:01 获取到号码【1436491】的GSD为【-】
2024-09-28 00:52:03 GSD insert 第 1 次 等待 3 秒
2024-09-28 00:52:06 {"status":"bad","gid":"657913","msg":"添加失败！号码【1436491(-|-)】已存在！"}
2024-09-28 00:52:06 随机等待 74 秒，约 1 分钟
2024-09-28 00:52:06 下次操作: 2024-09-28 00:53:20

2024-09-28 00:53:20 开始第 6496 次操作

2024-09-28 00:53:20 开始操作号码 【1436492】
2024-09-28 00:53:23 GSD getOne 第 1 次 等待 3 秒
2024-09-28 00:53:26 查询号码 【1436492】，返回信息 {"status":"ok","msg":"-","gid":"657932","time_insert":"2023-04-16 13:30"}
2024-09-28 00:53:26 查询号码 【1436492】，GSD为【"-"】
2024-09-28 00:53:26 ok && -
2024-09-28 00:53:28 CHB 1436492?1727456006 第 1 次 等待 3 秒
2024-09-28 00:53:31 CHB 1436492?1727456006 第 1 次 获取到号码【1436492】GSD
2024-09-28 00:53:31 未获取到号码【1436492】GSD，可能号码格式错误
2024-09-28 00:53:31 获取到号码【1436492】的GSD为【-】
2024-09-28 00:53:33 GSD insert 第 1 次 等待 3 秒
2024-09-28 00:53:36 {"status":"bad","gid":"657932","msg":"添加失败！号码【1436492(-|-)】已存在！"}

