2024-05-13 00:09:21 开始第 8861 次操作

2024-05-13 00:09:21 开始操作号码 【1658762】
2024-05-13 00:09:26 GSD getOne 第 1 次 等待 3 秒
2024-05-13 00:09:29 查询号码 【1658762】，返回信息 {"status":"ok","msg":"山东-菏泽","gid":"321666","time_insert":"2021-07-19 02:52","time_update":"2023-05-29 23:42"}
2024-05-13 00:09:29 查询号码 【1658762】，GSD为【"山东-菏泽"】

2024-05-13 00:09:30 开始第 8862 次操作

2024-05-13 00:09:30 开始操作号码 【1658763】
2024-05-13 00:09:34 GSD getOne 第 1 次 等待 3 秒
2024-05-13 00:09:37 查询号码 【1658763】，返回信息 {"status":"ok","msg":"-","gid":"321671","time_insert":"2021-07-19 02:53"}
2024-05-13 00:09:37 查询号码 【1658763】，GSD为【"-"】
2024-05-13 00:09:37 ok && -
2024-05-13 00:11:27 CHB 1658763?1715530177 第 1 次 等待 3 秒
2024-05-13 00:11:30 CHB 1658763?1715530177 第 1 次 获取到号码【1658763】GSD
2024-05-13 00:11:30 0: 山东-菏泽
2024-05-13 00:11:30 获取到号码【1658763】的GSD为【山东-菏泽】
2024-05-13 00:11:35 GSD insert 第 1 次 等待 3 秒
2024-05-13 00:11:38 {"status":"ok","gid":"321671","msg":"添加号码已存在，但为‘-’，修改为【山东-菏泽】成功！"}
2024-05-13 00:11:38 随机等待 226 秒，约 3 分钟
2024-05-13 00:11:38 下次操作: 2024-05-13 00:15:24

2024-05-13 00:15:24 开始第 8863 次操作

2024-05-13 00:15:24 开始操作号码 【1658764】
2024-05-13 00:15:31 GSD getOne 第 1 次 等待 3 秒
2024-05-13 00:15:34 查询号码 【1658764】，返回信息 {"status":"ok","msg":"福建-福州","gid":"321677","time_insert":"2021-07-19 02:54","time_update":"2023-05-29 23:03"}
2024-05-13 00:15:34 查询号码 【1658764】，GSD为【"福建-福州"】

2024-05-13 00:15:35 开始第 8864 次操作

2024-05-13 00:15:35 开始操作号码 【1658765】
2024-05-13 00:15:43 GSD getOne 第 1 次 等待 3 秒
2024-05-13 00:15:46 查询号码 【1658765】，返回信息 {"status":"ok","msg":"黑龙江-哈尔滨","gid":"321688","time_insert":"2021-07-19 02:55","time_update":"2023-05-29 22:46"}
2024-05-13 00:15:46 查询号码 【1658765】，GSD为【"黑龙江-哈尔滨"】

