2024-07-13 00:10:54 开始第 5865 次操作

2024-07-13 00:10:54 开始操作号码 【1545748】
2024-07-13 00:11:03 GSD getOne 第 1 次 等待 3 秒
2024-07-13 00:11:06 查询号码 【1545748】，返回信息 {"status":"ok","msg":"-","gid":"643260","time_insert":"2023-04-09 17:53"}
2024-07-13 00:11:06 查询号码 【1545748】，GSD为【"-"】
2024-07-13 00:11:06 ok && -
2024-07-13 00:11:11 CHB 1545748?1720800666 第 1 次 等待 3 秒
2024-07-13 00:11:14 CHB 1545748?1720800666 第 1 次 获取到号码【1545748】GSD
2024-07-13 00:11:14 未获取到号码【1545748】GSD，可能号码格式错误
2024-07-13 00:11:14 获取到号码【1545748】的GSD为【-】
2024-07-13 00:11:22 GSD insert 第 1 次 等待 3 秒
2024-07-13 00:11:25 {"status":"bad","gid":"643260","msg":"添加失败！号码【1545748(-|-)】已存在！"}
2024-07-13 00:11:25 随机等待 154 秒，约 2 分钟
2024-07-13 00:11:25 下次操作: 2024-07-13 00:13:59

2024-07-13 00:13:59 开始第 5866 次操作

2024-07-13 00:13:59 开始操作号码 【1545749】
2024-07-13 00:14:09 GSD getOne 第 1 次 等待 3 秒
2024-07-13 00:14:12 查询号码 【1545749】，返回信息 {"status":"ok","msg":"-","gid":"643277","time_insert":"2023-04-09 18:03"}
2024-07-13 00:14:12 查询号码 【1545749】，GSD为【"-"】
2024-07-13 00:14:12 ok && -
2024-07-13 00:14:14 CHB 1545749?1720800852 第 1 次 等待 3 秒
2024-07-13 00:14:17 CHB 1545749?1720800852 第 1 次 获取到号码【1545749】GSD
2024-07-13 00:14:17 未获取到号码【1545749】GSD，可能号码格式错误
2024-07-13 00:14:17 获取到号码【1545749】的GSD为【-】
2024-07-13 00:14:25 GSD insert 第 1 次 等待 3 秒
2024-07-13 00:14:28 {"status":"bad","gid":"643277","msg":"添加失败！号码【1545749(-|-)】已存在！"}
2024-07-13 00:14:28 随机等待 106 秒，约 1 分钟
2024-07-13 00:14:28 下次操作: 2024-07-13 00:16:14

2024-07-13 00:16:14 开始第 5867 次操作

2024-07-13 00:16:14 开始操作号码 【1545750】
2024-07-13 00:16:22 GSD getOne 第 1 次 等待 3 秒
2024-07-13 00:16:25 查询号码 【1545750】，返回信息 {"status":"ok","msg":"-","gid":"643306","time_insert":"2023-04-09 18:25"}
2024-07-13 00:16:25 查询号码 【1545750】，GSD为【"-"】
2024-07-13 00:16:25 ok && -
2024-07-13 00:16:26 CHB 1545750?1720800985 第 1 次 等待 3 秒
2024-07-13 00:16:29 CHB 1545750?1720800985 第 1 次 获取到号码【1545750】GSD
2024-07-13 00:16:29 未获取到号码【1545750】GSD，可能号码格式错误
2024-07-13 00:16:29 获取到号码【1545750】的GSD为【-】
2024-07-13 00:16:40 GSD insert 第 1 次 等待 3 秒
2024-07-13 00:16:43 {"status":"bad","gid":"643306","msg":"添加失败！号码【1545750(-|-)】已存在！"}
2024-07-13 00:16:43 随机等待 127 秒，约 2 分钟
2024-07-13 00:16:43 下次操作: 2024-07-13 00:18:50

2024-07-13 00:18:50 开始第 5868 次操作

2024-07-13 00:18:50 开始操作号码 【1545751】
2024-07-13 00:18:58 GSD getOne 第 1 次 等待 3 秒
2024-07-13 00:19:01 查询号码 【1545751】，返回信息 {"status":"ok","msg":"-","gid":"643331","time_insert":"2023-04-09 18:39"}
2024-07-13 00:19:01 查询号码 【1545751】，GSD为【"-"】
2024-07-13 00:19:01 ok && -
2024-07-13 00:19:02 CHB 1545751?1720801141 第 1 次 等待 3 秒
2024-07-13 00:19:05 CHB 1545751?1720801141 第 1 次 获取到号码【1545751】GSD
2024-07-13 00:19:05 未获取到号码【1545751】GSD，可能号码格式错误
2024-07-13 00:19:05 获取到号码【1545751】的GSD为【-】
2024-07-13 00:19:14 GSD insert 第 1 次 等待 3 秒
2024-07-13 00:19:17 {"status":"bad","gid":"643331","msg":"添加失败！号码【1545751(-|-)】已存在！"}

2024-07-13 00:37:35 开始第 5869 次操作

2024-07-13 00:37:35 开始操作号码 【1545752】
2024-07-13 00:37:43 GSD getOne 第 1 次 等待 3 秒
2024-07-13 00:37:46 查询号码 【1545752】，返回信息 {"status":"ok","msg":"-","gid":"643348","time_insert":"2023-04-09 18:50"}
2024-07-13 00:37:46 查询号码 【1545752】，GSD为【"-"】
2024-07-13 00:37:46 ok && -
2024-07-13 00:37:48 CHB 1545752?1720802266 第 1 次 等待 3 秒
2024-07-13 00:37:51 CHB 1545752?1720802266 第 1 次 获取到号码【1545752】GSD
2024-07-13 00:37:51 未获取到号码【1545752】GSD，可能号码格式错误
2024-07-13 00:37:51 获取到号码【1545752】的GSD为【-】
2024-07-13 00:38:00 GSD insert 第 1 次 等待 3 秒
2024-07-13 00:38:03 {"status":"bad","gid":"643348","msg":"添加失败！号码【1545752(-|-)】已存在！"}
2024-07-13 00:38:03 随机等待 114 秒，约 1 分钟
2024-07-13 00:38:03 下次操作: 2024-07-13 00:39:57

2024-07-13 00:39:57 开始第 5870 次操作

2024-07-13 00:39:57 开始操作号码 【1545753】
2024-07-13 00:40:05 GSD getOne 第 1 次 等待 3 秒
2024-07-13 00:40:08 查询号码 【1545753】，返回信息 {"status":"ok","msg":"-","gid":"643386","time_insert":"2023-04-09 19:11"}
2024-07-13 00:40:08 查询号码 【1545753】，GSD为【"-"】
2024-07-13 00:40:08 ok && -
2024-07-13 00:40:10 CHB 1545753?1720802408 第 1 次 等待 3 秒
2024-07-13 00:40:13 CHB 1545753?1720802408 第 1 次 获取到号码【1545753】GSD
2024-07-13 00:40:13 未获取到号码【1545753】GSD，可能号码格式错误
2024-07-13 00:40:13 获取到号码【1545753】的GSD为【-】
2024-07-13 00:40:21 GSD insert 第 1 次 等待 3 秒
2024-07-13 00:40:24 {"status":"bad","gid":"643386","msg":"添加失败！号码【1545753(-|-)】已存在！"}
2024-07-13 00:40:24 随机等待 81 秒，约 1 分钟
2024-07-13 00:40:24 下次操作: 2024-07-13 00:41:45

2024-07-13 00:41:45 开始第 5871 次操作

2024-07-13 00:41:45 开始操作号码 【1545754】
2024-07-13 00:41:54 GSD getOne 第 1 次 等待 3 秒
2024-07-13 00:41:57 查询号码 【1545754】，返回信息 {"status":"ok","msg":"-","gid":"643417","time_insert":"2023-04-09 19:30"}
2024-07-13 00:41:57 查询号码 【1545754】，GSD为【"-"】
2024-07-13 00:41:57 ok && -
2024-07-13 00:41:58 CHB 1545754?1720802517 第 1 次 等待 3 秒
2024-07-13 00:42:01 CHB 1545754?1720802517 第 1 次 获取到号码【1545754】GSD
2024-07-13 00:42:02 未获取到号码【1545754】GSD，可能号码格式错误
2024-07-13 00:42:02 获取到号码【1545754】的GSD为【-】
2024-07-13 00:42:12 GSD insert 第 1 次 等待 3 秒
2024-07-13 00:42:15 {"status":"bad","gid":"643417","msg":"添加失败！号码【1545754(-|-)】已存在！"}
2024-07-13 00:42:15 随机等待 157 秒，约 2 分钟
2024-07-13 00:42:15 下次操作: 2024-07-13 00:44:52

2024-07-13 00:44:52 开始第 5872 次操作

2024-07-13 00:44:53 开始操作号码 【1545755】
2024-07-13 00:45:00 GSD getOne 第 1 次 等待 3 秒
2024-07-13 00:45:03 查询号码 【1545755】，返回信息 {"status":"ok","msg":"-","gid":"643453","time_insert":"2023-04-09 19:52"}
2024-07-13 00:45:03 查询号码 【1545755】，GSD为【"-"】
2024-07-13 00:45:03 ok && -
2024-07-13 00:45:05 CHB 1545755?1720802703 第 1 次 等待 3 秒
2024-07-13 00:45:08 CHB 1545755?1720802703 第 1 次 获取到号码【1545755】GSD
2024-07-13 00:45:08 未获取到号码【1545755】GSD，可能号码格式错误
2024-07-13 00:45:08 获取到号码【1545755】的GSD为【-】
2024-07-13 00:45:17 GSD insert 第 1 次 等待 3 秒
2024-07-13 00:45:20 {"status":"bad","gid":"643453","msg":"添加失败！号码【1545755(-|-)】已存在！"}

2024-07-13 01:08:56 开始第 5873 次操作

2024-07-13 01:08:56 开始操作号码 【1545756】
2024-07-13 01:09:04 GSD getOne 第 1 次 等待 3 秒
2024-07-13 01:09:07 查询号码 【1545756】，返回信息 {"status":"ok","msg":"-","gid":"643473","time_insert":"2023-04-09 20:04"}
2024-07-13 01:09:07 查询号码 【1545756】，GSD为【"-"】
2024-07-13 01:09:07 ok && -
2024-07-13 01:09:09 CHB 1545756?1720804147 第 1 次 等待 3 秒
2024-07-13 01:09:12 CHB 1545756?1720804147 第 1 次 获取到号码【1545756】GSD
2024-07-13 01:09:12 未获取到号码【1545756】GSD，可能号码格式错误
2024-07-13 01:09:12 获取到号码【1545756】的GSD为【-】
2024-07-13 01:09:20 GSD insert 第 1 次 等待 3 秒
2024-07-13 01:09:23 {"status":"bad","gid":"643473","msg":"添加失败！号码【1545756(-|-)】已存在！"}
2024-07-13 01:09:23 随机等待 173 秒，约 2 分钟
2024-07-13 01:09:23 下次操作: 2024-07-13 01:12:16

2024-07-13 01:12:16 开始第 5874 次操作

2024-07-13 01:12:16 开始操作号码 【1545757】
2024-07-13 01:12:24 GSD getOne 第 1 次 等待 3 秒
2024-07-13 01:12:27 查询号码 【1545757】，返回信息 {"status":"ok","msg":"-","gid":"643491","time_insert":"2023-04-09 20:21"}
2024-07-13 01:12:27 查询号码 【1545757】，GSD为【"-"】
2024-07-13 01:12:27 ok && -
2024-07-13 01:12:31 CHB 1545757?1720804347 第 1 次 等待 3 秒
2024-07-13 01:12:34 CHB 1545757?1720804347 第 1 次 获取到号码【1545757】GSD
2024-07-13 01:12:34 未获取到号码【1545757】GSD，可能号码格式错误
2024-07-13 01:12:34 获取到号码【1545757】的GSD为【-】
2024-07-13 01:12:41 GSD insert 第 1 次 等待 3 秒
2024-07-13 01:12:44 {"status":"bad","gid":"643491","msg":"添加失败！号码【1545757(-|-)】已存在！"}
2024-07-13 01:12:44 随机等待 212 秒，约 3 分钟
2024-07-13 01:12:44 下次操作: 2024-07-13 01:16:16

2024-07-13 01:16:16 开始第 5875 次操作

2024-07-13 01:16:16 开始操作号码 【1545758】
2024-07-13 01:16:34 GSD getOne 第 1 次 等待 3 秒
2024-07-13 01:16:37 查询号码 【1545758】，返回信息 {"status":"ok","msg":"-","gid":"643513","time_insert":"2023-04-09 20:39"}
2024-07-13 01:16:37 查询号码 【1545758】，GSD为【"-"】
2024-07-13 01:16:37 ok && -
2024-07-13 01:16:39 CHB 1545758?1720804597 第 1 次 等待 3 秒
2024-07-13 01:16:42 CHB 1545758?1720804597 第 1 次 获取到号码【1545758】GSD
2024-07-13 01:16:42 未获取到号码【1545758】GSD，可能号码格式错误
2024-07-13 01:16:42 获取到号码【1545758】的GSD为【-】
2024-07-13 01:16:50 GSD insert 第 1 次 等待 3 秒
2024-07-13 01:16:53 {"status":"bad","gid":"643513","msg":"添加失败！号码【1545758(-|-)】已存在！"}
2024-07-13 01:16:53 随机等待 84 秒，约 1 分钟
2024-07-13 01:16:53 下次操作: 2024-07-13 01:18:17

2024-07-13 01:18:17 开始第 5876 次操作

2024-07-13 01:18:17 开始操作号码 【1545759】
2024-07-13 01:18:26 GSD getOne 第 1 次 等待 3 秒
2024-07-13 01:18:29 查询号码 【1545759】，返回信息 {"status":"ok","msg":"-","gid":"643536","time_insert":"2023-04-09 20:56"}
2024-07-13 01:18:29 查询号码 【1545759】，GSD为【"-"】
2024-07-13 01:18:29 ok && -
2024-07-13 01:18:31 CHB 1545759?1720804709 第 1 次 等待 3 秒
2024-07-13 01:18:34 CHB 1545759?1720804709 第 1 次 获取到号码【1545759】GSD
2024-07-13 01:18:34 未获取到号码【1545759】GSD，可能号码格式错误
2024-07-13 01:18:34 获取到号码【1545759】的GSD为【-】
2024-07-13 01:18:45 GSD insert 第 1 次 等待 3 秒
2024-07-13 01:18:48 {"status":"bad","gid":"643536","msg":"添加失败！号码【1545759(-|-)】已存在！"}

2024-07-13 01:32:56 开始第 5877 次操作

2024-07-13 01:32:56 开始操作号码 【1545760】
2024-07-13 01:33:06 GSD getOne 第 1 次 等待 3 秒
2024-07-13 01:33:09 查询号码 【1545760】，返回信息 {"status":"ok","msg":"-","gid":"643566","time_insert":"2023-04-09 21:18"}
2024-07-13 01:33:09 查询号码 【1545760】，GSD为【"-"】
2024-07-13 01:33:09 ok && -
2024-07-13 01:33:11 CHB 1545760?1720805589 第 1 次 等待 3 秒
2024-07-13 01:33:14 CHB 1545760?1720805589 第 1 次 获取到号码【1545760】GSD
2024-07-13 01:33:14 未获取到号码【1545760】GSD，可能号码格式错误
2024-07-13 01:33:14 获取到号码【1545760】的GSD为【-】
2024-07-13 01:33:23 GSD insert 第 1 次 等待 3 秒
2024-07-13 01:33:26 {"status":"bad","gid":"643566","msg":"添加失败！号码【1545760(-|-)】已存在！"}
2024-07-13 01:33:26 随机等待 225 秒，约 3 分钟
2024-07-13 01:33:26 下次操作: 2024-07-13 01:37:11

2024-07-13 01:37:11 开始第 5878 次操作

2024-07-13 01:37:11 开始操作号码 【1545761】
2024-07-13 01:37:18 GSD getOne 第 1 次 等待 3 秒
2024-07-13 01:37:21 查询号码 【1545761】，返回信息 {"status":"ok","msg":"-","gid":"643604","time_insert":"2023-04-09 21:39"}
2024-07-13 01:37:21 查询号码 【1545761】，GSD为【"-"】
2024-07-13 01:37:21 ok && -
2024-07-13 01:37:24 CHB 1545761?1720805841 第 1 次 等待 3 秒
2024-07-13 01:37:27 CHB 1545761?1720805841 第 1 次 获取到号码【1545761】GSD
2024-07-13 01:37:27 未获取到号码【1545761】GSD，可能号码格式错误
2024-07-13 01:37:27 获取到号码【1545761】的GSD为【-】
2024-07-13 01:37:34 GSD insert 第 1 次 等待 3 秒
2024-07-13 01:37:37 {"status":"bad","gid":"643604","msg":"添加失败！号码【1545761(-|-)】已存在！"}
2024-07-13 01:37:37 随机等待 78 秒，约 1 分钟
2024-07-13 01:37:37 下次操作: 2024-07-13 01:38:55

2024-07-13 01:38:55 开始第 5879 次操作

2024-07-13 01:38:55 开始操作号码 【1545762】
2024-07-13 01:39:06 GSD getOne 第 1 次 等待 3 秒
2024-07-13 01:39:09 查询号码 【1545762】，返回信息 {"status":"ok","msg":"-","gid":"643618","time_insert":"2023-04-09 21:47"}
2024-07-13 01:39:09 查询号码 【1545762】，GSD为【"-"】
2024-07-13 01:39:09 ok && -
2024-07-13 01:39:12 CHB 1545762?1720805949 第 1 次 等待 3 秒
2024-07-13 01:39:15 CHB 1545762?1720805949 第 1 次 获取到号码【1545762】GSD
2024-07-13 01:39:15 未获取到号码【1545762】GSD，可能号码格式错误
2024-07-13 01:39:15 获取到号码【1545762】的GSD为【-】
2024-07-13 01:39:23 GSD insert 第 1 次 等待 3 秒
2024-07-13 01:39:26 {"status":"bad","gid":"643618","msg":"添加失败！号码【1545762(-|-)】已存在！"}
2024-07-13 01:39:26 随机等待 164 秒，约 2 分钟
2024-07-13 01:39:26 下次操作: 2024-07-13 01:42:10

2024-07-13 01:42:10 开始第 5880 次操作

2024-07-13 01:42:10 开始操作号码 【1545763】
2024-07-13 01:42:17 GSD getOne 第 1 次 等待 3 秒
2024-07-13 01:42:20 查询号码 【1545763】，返回信息 {"status":"ok","msg":"-","gid":"643641","time_insert":"2023-04-09 21:58"}
2024-07-13 01:42:20 查询号码 【1545763】，GSD为【"-"】
2024-07-13 01:42:20 ok && -
2024-07-13 01:42:23 CHB 1545763?1720806140 第 1 次 等待 3 秒
2024-07-13 01:42:26 CHB 1545763?1720806140 第 1 次 获取到号码【1545763】GSD
2024-07-13 01:42:26 未获取到号码【1545763】GSD，可能号码格式错误
2024-07-13 01:42:26 获取到号码【1545763】的GSD为【-】
2024-07-13 01:42:34 GSD insert 第 1 次 等待 3 秒
2024-07-13 01:42:37 {"status":"bad","gid":"643641","msg":"添加失败！号码【1545763(-|-)】已存在！"}

2024-07-13 02:11:05 开始第 5881 次操作

2024-07-13 02:11:05 开始操作号码 【1545764】
2024-07-13 02:11:14 GSD getOne 第 1 次 等待 3 秒
2024-07-13 02:11:17 查询号码 【1545764】，返回信息 {"status":"ok","msg":"-","gid":"643656","time_insert":"2023-04-09 22:08"}
2024-07-13 02:11:17 查询号码 【1545764】，GSD为【"-"】
2024-07-13 02:11:17 ok && -
2024-07-13 02:11:19 CHB 1545764?1720807877 第 1 次 等待 3 秒
2024-07-13 02:11:22 CHB 1545764?1720807877 第 1 次 获取到号码【1545764】GSD
2024-07-13 02:11:22 未获取到号码【1545764】GSD，可能号码格式错误
2024-07-13 02:11:22 获取到号码【1545764】的GSD为【-】
2024-07-13 02:11:31 GSD insert 第 1 次 等待 3 秒
2024-07-13 02:11:34 {"status":"bad","gid":"643656","msg":"添加失败！号码【1545764(-|-)】已存在！"}
2024-07-13 02:11:34 随机等待 230 秒，约 3 分钟
2024-07-13 02:11:34 下次操作: 2024-07-13 02:15:24

2024-07-13 02:15:24 开始第 5882 次操作

2024-07-13 02:15:24 开始操作号码 【1545765】
2024-07-13 02:15:32 GSD getOne 第 1 次 等待 3 秒
2024-07-13 02:15:35 查询号码 【1545765】，返回信息 {"status":"ok","msg":"-","gid":"643678","time_insert":"2023-04-09 22:23"}
2024-07-13 02:15:35 查询号码 【1545765】，GSD为【"-"】
2024-07-13 02:15:35 ok && -
2024-07-13 02:15:38 CHB 1545765?1720808135 第 1 次 等待 3 秒
2024-07-13 02:15:41 CHB 1545765?1720808135 第 1 次 获取到号码【1545765】GSD
2024-07-13 02:15:41 未获取到号码【1545765】GSD，可能号码格式错误
2024-07-13 02:15:41 获取到号码【1545765】的GSD为【-】
2024-07-13 02:15:49 GSD insert 第 1 次 等待 3 秒
2024-07-13 02:15:52 {"status":"bad","gid":"643678","msg":"添加失败！号码【1545765(-|-)】已存在！"}
2024-07-13 02:15:52 随机等待 102 秒，约 1 分钟
2024-07-13 02:15:52 下次操作: 2024-07-13 02:17:34

2024-07-13 02:17:34 开始第 5883 次操作

2024-07-13 02:17:34 开始操作号码 【1545766】
2024-07-13 02:17:48 GSD getOne 第 1 次 等待 3 秒
2024-07-13 02:17:51 查询号码 【1545766】，返回信息 {"status":"ok","msg":"-","gid":"643700","time_insert":"2023-04-09 22:37"}
2024-07-13 02:17:51 查询号码 【1545766】，GSD为【"-"】
2024-07-13 02:17:51 ok && -
2024-07-13 02:17:53 CHB 1545766?1720808271 第 1 次 等待 3 秒
2024-07-13 02:17:56 CHB 1545766?1720808271 第 1 次 获取到号码【1545766】GSD
2024-07-13 02:17:56 未获取到号码【1545766】GSD，可能号码格式错误
2024-07-13 02:17:56 获取到号码【1545766】的GSD为【-】
2024-07-13 02:18:04 GSD insert 第 1 次 等待 3 秒
2024-07-13 02:18:07 {"status":"bad","gid":"643700","msg":"添加失败！号码【1545766(-|-)】已存在！"}
2024-07-13 02:18:07 随机等待 189 秒，约 3 分钟
2024-07-13 02:18:07 下次操作: 2024-07-13 02:21:16

2024-07-13 02:21:16 开始第 5884 次操作

2024-07-13 02:21:16 开始操作号码 【1545767】
2024-07-13 02:21:24 GSD getOne 第 1 次 等待 3 秒
2024-07-13 02:21:27 查询号码 【1545767】，返回信息 {"status":"ok","msg":"-","gid":"643723","time_insert":"2023-04-09 22:54"}
2024-07-13 02:21:27 查询号码 【1545767】，GSD为【"-"】
2024-07-13 02:21:27 ok && -
2024-07-13 02:21:28 CHB 1545767?1720808487 第 1 次 等待 3 秒
2024-07-13 02:21:31 CHB 1545767?1720808487 第 1 次 获取到号码【1545767】GSD
2024-07-13 02:21:32 未获取到号码【1545767】GSD，可能号码格式错误
2024-07-13 02:21:32 获取到号码【1545767】的GSD为【-】
2024-07-13 02:21:39 GSD insert 第 1 次 等待 3 秒
2024-07-13 02:21:42 {"status":"bad","gid":"643723","msg":"添加失败！号码【1545767(-|-)】已存在！"}

