2024-04-07 00:08:39 开始第 2389 次操作

2024-04-07 00:08:39 开始操作号码 【1652290】
2024-04-07 00:08:45 GSD getOne 第 1 次 等待 3 秒
2024-04-07 00:08:48 查询号码 【1652290】，返回信息 {"status":"ok","msg":"山东-临沂","gid":"242574","time_insert":"2021-07-10 21:07"}
2024-04-07 00:08:48 查询号码 【1652290】，GSD为【"山东-临沂"】

2024-04-07 00:08:49 开始第 2390 次操作

2024-04-07 00:08:49 开始操作号码 【1652291】
2024-04-07 00:08:55 GSD getOne 第 1 次 等待 3 秒
2024-04-07 00:08:58 查询号码 【1652291】，返回信息 {"status":"ok","msg":"山东-临沂","gid":"242580","time_insert":"2021-07-10 21:08"}
2024-04-07 00:08:58 查询号码 【1652291】，GSD为【"山东-临沂"】

2024-04-07 00:08:59 开始第 2391 次操作

2024-04-07 00:08:59 开始操作号码 【1652292】
2024-04-07 00:09:04 GSD getOne 第 1 次 等待 3 秒
2024-04-07 00:09:07 查询号码 【1652292】，返回信息 {"status":"ok","msg":"山东-临沂","gid":"242589","time_insert":"2021-07-10 21:08"}
2024-04-07 00:09:07 查询号码 【1652292】，GSD为【"山东-临沂"】

2024-04-07 00:09:08 开始第 2392 次操作

2024-04-07 00:09:08 开始操作号码 【1652293】
2024-04-07 00:09:14 GSD getOne 第 1 次 等待 3 秒
2024-04-07 00:09:17 查询号码 【1652293】，返回信息 {"status":"ok","msg":"山东-临沂","gid":"242593","time_insert":"2021-07-10 21:09"}
2024-04-07 00:09:17 查询号码 【1652293】，GSD为【"山东-临沂"】

