2024-02-19 00:08:03 开始第 4573 次操作

2024-02-19 00:08:03 开始操作号码 【1764473】
2024-02-19 00:08:07 GSD getOne 第 1 次 等待 3 秒
2024-02-19 00:08:10 查询号码 【1764473】，返回信息 {"status":"ok","msg":"山东-青岛","gid":"184830","time_insert":"2021-07-03 21:47"}
2024-02-19 00:08:10 查询号码 【1764473】，GSD为【"山东-青岛"】

2024-02-19 00:08:11 开始第 4574 次操作

2024-02-19 00:08:11 开始操作号码 【1764474】
2024-02-19 00:08:16 GSD getOne 第 1 次 等待 3 秒
2024-02-19 00:08:19 查询号码 【1764474】，返回信息 {"status":"ok","msg":"山东-青岛","gid":"184843","time_insert":"2021-07-03 21:47"}
2024-02-19 00:08:19 查询号码 【1764474】，GSD为【"山东-青岛"】

2024-02-19 00:08:20 开始第 4575 次操作

2024-02-19 00:08:20 开始操作号码 【1764475】
2024-02-19 00:08:24 GSD getOne 第 1 次 等待 3 秒
2024-02-19 00:08:27 查询号码 【1764475】，返回信息 {"status":"ok","msg":"山东-青岛","gid":"184860","time_insert":"2021-07-03 21:48"}
2024-02-19 00:08:27 查询号码 【1764475】，GSD为【"山东-青岛"】

2024-02-19 00:08:28 开始第 4576 次操作

2024-02-19 00:08:28 开始操作号码 【1764476】
2024-02-19 00:08:34 GSD getOne 第 1 次 等待 3 秒
2024-02-19 00:08:37 查询号码 【1764476】，返回信息 {"status":"ok","msg":"山东-青岛","gid":"184877","time_insert":"2021-07-03 21:49"}
2024-02-19 00:08:37 查询号码 【1764476】，GSD为【"山东-青岛"】

2024-02-19 00:33:53 开始第 4577 次操作

2024-02-19 00:33:53 开始操作号码 【1764477】
2024-02-19 00:33:59 GSD getOne 第 1 次 等待 3 秒
2024-02-19 00:34:02 查询号码 【1764477】，返回信息 {"status":"ok","msg":"山东-青岛","gid":"184888","time_insert":"2021-07-03 21:50"}
2024-02-19 00:34:02 查询号码 【1764477】，GSD为【"山东-青岛"】

2024-02-19 00:34:03 开始第 4578 次操作

2024-02-19 00:34:03 开始操作号码 【1764478】
2024-02-19 00:34:08 GSD getOne 第 1 次 等待 3 秒
2024-02-19 00:34:11 查询号码 【1764478】，返回信息 {"status":"ok","msg":"山东-青岛","gid":"184899","time_insert":"2021-07-03 21:51"}
2024-02-19 00:34:11 查询号码 【1764478】，GSD为【"山东-青岛"】

2024-02-19 00:34:12 开始第 4579 次操作

2024-02-19 00:34:12 开始操作号码 【1764479】
2024-02-19 00:34:17 GSD getOne 第 1 次 等待 3 秒
2024-02-19 00:34:20 查询号码 【1764479】，返回信息 {"status":"ok","msg":"山东-青岛","gid":"184909","time_insert":"2021-07-03 21:51"}
2024-02-19 00:34:20 查询号码 【1764479】，GSD为【"山东-青岛"】

2024-02-19 00:34:21 开始第 4580 次操作

2024-02-19 00:34:21 开始操作号码 【1764480】
2024-02-19 00:34:26 GSD getOne 第 1 次 等待 3 秒
2024-02-19 00:34:29 查询号码 【1764480】，返回信息 {"status":"ok","msg":"山东-枣庄","gid":"184916","time_insert":"2021-07-03 21:52"}
2024-02-19 00:34:29 查询号码 【1764480】，GSD为【"山东-枣庄"】

2024-02-19 01:05:53 开始第 4581 次操作

2024-02-19 01:05:54 开始操作号码 【1764481】
2024-02-19 01:05:58 GSD getOne 第 1 次 等待 3 秒
2024-02-19 01:06:01 查询号码 【1764481】，返回信息 {"status":"ok","msg":"山东-枣庄","gid":"184922","time_insert":"2021-07-03 21:53"}
2024-02-19 01:06:01 查询号码 【1764481】，GSD为【"山东-枣庄"】

2024-02-19 01:06:02 开始第 4582 次操作

2024-02-19 01:06:02 开始操作号码 【1764482】
2024-02-19 01:06:06 GSD getOne 第 1 次 等待 3 秒
2024-02-19 01:06:09 查询号码 【1764482】，返回信息 {"status":"ok","msg":"山东-枣庄","gid":"184928","time_insert":"2021-07-03 21:54"}
2024-02-19 01:06:09 查询号码 【1764482】，GSD为【"山东-枣庄"】

2024-02-19 01:06:10 开始第 4583 次操作

2024-02-19 01:06:10 开始操作号码 【1764483】
2024-02-19 01:06:14 GSD getOne 第 1 次 等待 3 秒
2024-02-19 01:06:17 查询号码 【1764483】，返回信息 {"status":"ok","msg":"山东-枣庄","gid":"184932","time_insert":"2021-07-03 21:54"}
2024-02-19 01:06:17 查询号码 【1764483】，GSD为【"山东-枣庄"】

2024-02-19 01:06:18 开始第 4584 次操作

2024-02-19 01:06:18 开始操作号码 【1764484】
2024-02-19 01:06:23 GSD getOne 第 1 次 等待 3 秒
2024-02-19 01:06:26 查询号码 【1764484】，返回信息 {"status":"ok","msg":"山东-枣庄","gid":"184936","time_insert":"2021-07-03 21:55"}
2024-02-19 01:06:26 查询号码 【1764484】，GSD为【"山东-枣庄"】

2024-02-19 01:32:14 开始第 4585 次操作

2024-02-19 01:32:14 开始操作号码 【1764485】
2024-02-19 01:32:19 GSD getOne 第 1 次 等待 3 秒
2024-02-19 01:32:22 查询号码 【1764485】，返回信息 {"status":"ok","msg":"山东-烟台","gid":"184940","time_insert":"2021-07-03 21:56"}
2024-02-19 01:32:22 查询号码 【1764485】，GSD为【"山东-烟台"】

2024-02-19 01:32:23 开始第 4586 次操作

2024-02-19 01:32:23 开始操作号码 【1764486】
2024-02-19 01:32:33 GSD getOne 第 1 次 等待 3 秒
2024-02-19 01:32:36 查询号码 【1764486】，返回信息 {"status":"ok","msg":"山东-烟台","gid":"184944","time_insert":"2021-07-03 21:57"}
2024-02-19 01:32:36 查询号码 【1764486】，GSD为【"山东-烟台"】

2024-02-19 01:32:37 开始第 4587 次操作

2024-02-19 01:32:37 开始操作号码 【1764487】
2024-02-19 01:32:44 GSD getOne 第 1 次 等待 3 秒
2024-02-19 01:32:47 查询号码 【1764487】，返回信息 {"status":"ok","msg":"山东-烟台","gid":"184950","time_insert":"2021-07-03 21:58"}
2024-02-19 01:32:47 查询号码 【1764487】，GSD为【"山东-烟台"】

2024-02-19 01:32:48 开始第 4588 次操作

2024-02-19 01:32:48 开始操作号码 【1764488】
2024-02-19 01:32:53 GSD getOne 第 1 次 等待 3 秒
2024-02-19 01:32:56 查询号码 【1764488】，返回信息 {"status":"ok","msg":"山东-烟台","gid":"184954","time_insert":"2021-07-03 21:58"}
2024-02-19 01:32:56 查询号码 【1764488】，GSD为【"山东-烟台"】

