2024-05-08 00:09:14 开始第 7937 次操作

2024-05-08 00:09:14 开始操作号码 【1657838】
2024-05-08 00:09:22 GSD getOne 第 1 次 等待 3 秒
2024-05-08 00:09:25 查询号码 【1657838】，返回信息 {"status":"ok","msg":"湖北-黄冈","gid":"309293","time_insert":"2021-07-18 01:43","time_update":"2023-05-26 09:19"}
2024-05-08 00:09:25 查询号码 【1657838】，GSD为【"湖北-黄冈"】

2024-05-08 00:09:26 开始第 7938 次操作

2024-05-08 00:09:26 开始操作号码 【1657839】
2024-05-08 00:09:35 GSD getOne 第 1 次 等待 3 秒
2024-05-08 00:09:38 查询号码 【1657839】，返回信息 {"status":"ok","msg":"山东-枣庄","gid":"309299","time_insert":"2021-07-18 01:44","time_update":"2023-05-26 09:19"}
2024-05-08 00:09:38 查询号码 【1657839】，GSD为【"山东-枣庄"】

2024-05-08 00:09:39 开始第 7939 次操作

2024-05-08 00:09:39 开始操作号码 【1657840】
2024-05-08 00:09:46 GSD getOne 第 1 次 等待 3 秒
2024-05-08 00:09:49 查询号码 【1657840】，返回信息 {"status":"ok","msg":"黑龙江-齐齐哈尔","gid":"309308","time_insert":"2021-07-18 01:44"}
2024-05-08 00:09:50 查询号码 【1657840】，GSD为【"黑龙江-齐齐哈尔"】

2024-05-08 00:09:51 开始第 7940 次操作

2024-05-08 00:09:51 开始操作号码 【1657841】
2024-05-08 00:09:57 GSD getOne 第 1 次 等待 3 秒
2024-05-08 00:10:00 查询号码 【1657841】，返回信息 {"status":"ok","msg":"河南-南阳","gid":"309316","time_insert":"2021-07-18 01:45","time_update":"2023-05-26 09:21"}
2024-05-08 00:10:00 查询号码 【1657841】，GSD为【"河南-南阳"】

2024-05-08 00:36:14 开始第 7941 次操作

2024-05-08 00:36:14 开始操作号码 【1657842】
2024-05-08 00:36:26 GSD getOne 第 1 次 等待 3 秒
2024-05-08 00:36:29 查询号码 【1657842】，返回信息 {"status":"ok","msg":"黑龙江-大庆","gid":"309324","time_insert":"2021-07-18 01:45","time_update":"2023-05-26 09:21"}
2024-05-08 00:36:29 查询号码 【1657842】，GSD为【"黑龙江-大庆"】

2024-05-08 00:36:30 开始第 7942 次操作

2024-05-08 00:36:30 开始操作号码 【1657843】
2024-05-08 00:36:41 GSD getOne 第 1 次 等待 3 秒
2024-05-08 00:36:44 查询号码 【1657843】，返回信息 {"status":"ok","msg":"山东-菏泽","gid":"309334","time_insert":"2021-07-18 01:46","time_update":"2023-05-26 09:21"}
2024-05-08 00:36:44 查询号码 【1657843】，GSD为【"山东-菏泽"】

2024-05-08 00:36:45 开始第 7943 次操作

2024-05-08 00:36:45 开始操作号码 【1657844】
2024-05-08 00:36:55 GSD getOne 第 1 次 等待 3 秒
2024-05-08 00:36:58 查询号码 【1657844】，返回信息 {"status":"ok","msg":"山东-临沂","gid":"309346","time_insert":"2021-07-18 01:46","time_update":"2023-05-26 09:21"}
2024-05-08 00:36:58 查询号码 【1657844】，GSD为【"山东-临沂"】

2024-05-08 00:36:59 开始第 7944 次操作

2024-05-08 00:36:59 开始操作号码 【1657845】
2024-05-08 00:37:07 GSD getOne 第 1 次 等待 3 秒
2024-05-08 00:37:10 查询号码 【1657845】，返回信息 {"status":"ok","msg":"辽宁-锦州","gid":"309355","time_insert":"2021-07-18 01:47","time_update":"2023-05-26 09:21"}
2024-05-08 00:37:10 查询号码 【1657845】，GSD为【"辽宁-锦州"】

2024-05-08 01:07:03 开始第 7945 次操作

2024-05-08 01:07:03 开始操作号码 【1657846】
2024-05-08 01:07:11 GSD getOne 第 1 次 等待 3 秒
2024-05-08 01:07:14 查询号码 【1657846】，返回信息 {"status":"ok","msg":"山东-菏泽","gid":"309362","time_insert":"2021-07-18 01:48"}
2024-05-08 01:07:14 查询号码 【1657846】，GSD为【"山东-菏泽"】

2024-05-08 01:07:15 开始第 7946 次操作

2024-05-08 01:07:15 开始操作号码 【1657847】
2024-05-08 01:07:20 GSD getOne 第 1 次 等待 3 秒
2024-05-08 01:07:23 查询号码 【1657847】，返回信息 {"status":"ok","msg":"山东-济宁","gid":"309371","time_insert":"2021-07-18 01:48","time_update":"2021-09-15 15:46"}
2024-05-08 01:07:23 查询号码 【1657847】，GSD为【"山东-济宁"】

2024-05-08 01:07:24 开始第 7947 次操作

2024-05-08 01:07:24 开始操作号码 【1657848】
2024-05-08 01:07:30 GSD getOne 第 1 次 等待 3 秒
2024-05-08 01:07:33 查询号码 【1657848】，返回信息 {"status":"ok","msg":"山东-临沂","gid":"309379","time_insert":"2021-07-18 01:49","time_update":"2023-05-26 09:21"}
2024-05-08 01:07:33 查询号码 【1657848】，GSD为【"山东-临沂"】

2024-05-08 01:07:34 开始第 7948 次操作

2024-05-08 01:07:34 开始操作号码 【1657849】
2024-05-08 01:07:39 GSD getOne 第 1 次 等待 3 秒
2024-05-08 01:07:42 查询号码 【1657849】，返回信息 {"status":"ok","msg":"辽宁-鞍山","gid":"309388","time_insert":"2021-07-18 01:49","time_update":"2023-05-26 09:21"}
2024-05-08 01:07:42 查询号码 【1657849】，GSD为【"辽宁-鞍山"】

2024-05-08 01:32:19 开始第 7949 次操作

2024-05-08 01:32:19 开始操作号码 【1657850】
2024-05-08 01:32:33 GSD getOne 第 1 次 等待 3 秒
2024-05-08 01:32:36 查询号码 【1657850】，返回信息 {"status":"ok","msg":"江苏-宿迁","gid":"309396","time_insert":"2021-07-18 01:50"}
2024-05-08 01:32:36 查询号码 【1657850】，GSD为【"江苏-宿迁"】

2024-05-08 01:32:37 开始第 7950 次操作

2024-05-08 01:32:37 开始操作号码 【1657851】
2024-05-08 01:32:43 GSD getOne 第 1 次 等待 3 秒
2024-05-08 01:32:46 查询号码 【1657851】，返回信息 {"status":"ok","msg":"山东-济南","gid":"309401","time_insert":"2021-07-18 01:51"}
2024-05-08 01:32:46 查询号码 【1657851】，GSD为【"山东-济南"】

2024-05-08 01:32:47 开始第 7951 次操作

2024-05-08 01:32:47 开始操作号码 【1657852】
2024-05-08 01:32:54 GSD getOne 第 1 次 等待 3 秒
2024-05-08 01:32:57 查询号码 【1657852】，返回信息 {"status":"ok","msg":"上海-上海","gid":"309411","time_insert":"2021-07-18 01:51"}
2024-05-08 01:32:57 查询号码 【1657852】，GSD为【"上海-上海"】

2024-05-08 01:32:58 开始第 7952 次操作

2024-05-08 01:32:58 开始操作号码 【1657853】
2024-05-08 01:33:08 GSD getOne 第 1 次 等待 3 秒
2024-05-08 01:33:11 查询号码 【1657853】，返回信息 {"status":"ok","msg":"山东-临沂","gid":"309418","time_insert":"2021-07-18 01:52"}
2024-05-08 01:33:11 查询号码 【1657853】，GSD为【"山东-临沂"】

