2023-11-10 00:09:36 开始第 7981 次操作

2023-11-10 00:09:36 开始操作号码 【1977880】
2023-11-10 00:09:49 GSD getOne 第 1 次 等待 3 秒
2023-11-10 00:09:52 查询号码 【1977880】，返回信息 {"status":"ok","msg":"-","gid":"584396","time_insert":"2023-03-11 20:51"}
2023-11-10 00:09:52 查询号码 【1977880】，GSD为【"-"】
2023-11-10 00:09:52 ok && -
2023-11-10 00:09:56 CHB 1977880?1699546192 第 1 次 等待 3 秒
2023-11-10 00:09:59 CHB 1977880?1699546192 第 1 次 获取到号码【1977880】GSD
2023-11-10 00:09:59 未获取到号码【1977880】GSD，可能号码格式错误
2023-11-10 00:09:59 获取到号码【1977880】的GSD为【-】
2023-11-10 00:10:02 GSD insert 第 1 次 等待 3 秒
2023-11-10 00:10:05 {"status":"bad","gid":"584396","msg":"添加失败！号码【1977880(-|-)】已存在！"}
2023-11-10 00:10:05 随机等待 109 秒，约 1 分钟
2023-11-10 00:10:05 下次操作: 2023-11-10 00:11:54

2023-11-10 00:11:54 开始第 7982 次操作

2023-11-10 00:11:54 开始操作号码 【1977881】
2023-11-10 00:12:04 GSD getOne 第 1 次 等待 3 秒
2023-11-10 00:12:07 查询号码 【1977881】，返回信息 {"status":"ok","msg":"-","gid":"584400","time_insert":"2023-03-11 20:54"}
2023-11-10 00:12:07 查询号码 【1977881】，GSD为【"-"】
2023-11-10 00:12:07 ok && -
2023-11-10 00:12:10 CHB 1977881?1699546327 第 1 次 等待 3 秒
2023-11-10 00:12:13 CHB 1977881?1699546327 第 1 次 获取到号码【1977881】GSD
2023-11-10 00:12:13 未获取到号码【1977881】GSD，可能号码格式错误
2023-11-10 00:12:13 获取到号码【1977881】的GSD为【-】
2023-11-10 00:12:20 GSD insert 第 1 次 等待 3 秒
2023-11-10 00:12:23 {"status":"bad","gid":"584400","msg":"添加失败！号码【1977881(-|-)】已存在！"}
2023-11-10 00:12:23 随机等待 227 秒，约 3 分钟
2023-11-10 00:12:23 下次操作: 2023-11-10 00:16:10

2023-11-10 00:16:10 开始第 7983 次操作

2023-11-10 00:16:10 开始操作号码 【1977882】
2023-11-10 00:16:13 GSD getOne 第 1 次 等待 3 秒
2023-11-10 00:16:16 查询号码 【1977882】，返回信息 {"status":"ok","msg":"-","gid":"584402","time_insert":"2023-03-11 20:56"}
2023-11-10 00:16:16 查询号码 【1977882】，GSD为【"-"】
2023-11-10 00:16:16 ok && -
2023-11-10 00:16:18 CHB 1977882?1699546576 第 1 次 等待 3 秒
2023-11-10 00:16:21 CHB 1977882?1699546576 第 1 次 获取到号码【1977882】GSD
2023-11-10 00:16:21 未获取到号码【1977882】GSD，可能号码格式错误
2023-11-10 00:16:21 获取到号码【1977882】的GSD为【-】
2023-11-10 00:16:35 GSD insert 第 1 次 等待 3 秒
2023-11-10 00:16:38 {"status":"bad","gid":"584402","msg":"添加失败！号码【1977882(-|-)】已存在！"}
2023-11-10 00:16:38 随机等待 158 秒，约 2 分钟
2023-11-10 00:16:38 下次操作: 2023-11-10 00:19:16

2023-11-10 00:19:16 开始第 7984 次操作

2023-11-10 00:19:16 开始操作号码 【1977883】
2023-11-10 00:19:26 GSD getOne 第 1 次 等待 3 秒
2023-11-10 00:19:29 查询号码 【1977883】，返回信息 {"status":"ok","msg":"-","gid":"584408","time_insert":"2023-03-11 20:59"}
2023-11-10 00:19:29 查询号码 【1977883】，GSD为【"-"】
2023-11-10 00:19:29 ok && -
2023-11-10 00:19:33 CHB 1977883?1699546769 第 1 次 等待 3 秒
2023-11-10 00:19:36 CHB 1977883?1699546769 第 1 次 获取到号码【1977883】GSD
2023-11-10 00:19:36 未获取到号码【1977883】GSD，可能号码格式错误
2023-11-10 00:19:36 获取到号码【1977883】的GSD为【-】
2023-11-10 00:19:39 GSD insert 第 1 次 等待 3 秒
2023-11-10 00:19:42 {"status":"bad","gid":"584408","msg":"添加失败！号码【1977883(-|-)】已存在！"}

