2023-12-24 00:08:30 开始第 4993 次操作

2023-12-24 00:08:30 开始操作号码 【1874893】
2023-12-24 00:08:34 GSD getOne 第 1 次 等待 3 秒
2023-12-24 00:08:37 查询号码 【1874893】，返回信息 {"status":"ok","msg":"贵州-兴义","gid":"42418","time_insert":"2017-11-12 22:06","time_update":"2020-11-23 17:32"}
2023-12-24 00:08:38 查询号码 【1874893】，GSD为【"贵州-兴义"】

2023-12-24 00:08:39 开始第 4994 次操作

2023-12-24 00:08:39 开始操作号码 【1874894】
2023-12-24 00:08:43 GSD getOne 第 1 次 等待 3 秒
2023-12-24 00:08:46 查询号码 【1874894】，返回信息 {"status":"ok","msg":"贵州-兴义","gid":"42419","time_insert":"2016-01-28 20:06","time_update":"2020-11-23 17:37"}
2023-12-24 00:08:46 查询号码 【1874894】，GSD为【"贵州-兴义"】

2023-12-24 00:08:47 开始第 4995 次操作

2023-12-24 00:08:47 开始操作号码 【1874895】
2023-12-24 00:08:51 GSD getOne 第 1 次 等待 3 秒
2023-12-24 00:08:54 查询号码 【1874895】，返回信息 {"status":"ok","msg":"贵州-兴义","gid":"42420","time_insert":"2017-10-25 22:24","time_update":"2020-11-23 17:40"}
2023-12-24 00:08:54 查询号码 【1874895】，GSD为【"贵州-兴义"】

2023-12-24 00:08:55 开始第 4996 次操作

2023-12-24 00:08:55 开始操作号码 【1874896】
2023-12-24 00:08:59 GSD getOne 第 1 次 等待 3 秒
2023-12-24 00:09:02 查询号码 【1874896】，返回信息 {"status":"ok","msg":"贵州-兴义","gid":"42421","time_insert":"2017-10-08 13:20","time_update":"2020-11-23 17:43"}
2023-12-24 00:09:02 查询号码 【1874896】，GSD为【"贵州-兴义"】

