2024-08-31 00:24:23 开始第 1949 次操作

2024-08-31 00:24:23 开始操作号码 【1431948】
2024-08-31 00:24:31 GSD getOne 第 1 次 等待 3 秒
2024-08-31 00:24:34 查询号码 【1431948】，返回信息 {"status":"ok","msg":"-","gid":"550815","time_insert":"2023-02-24 03:11"}
2024-08-31 00:24:34 查询号码 【1431948】，GSD为【"-"】
2024-08-31 00:24:34 ok && -
2024-08-31 00:24:36 CHB 1431948?1725035074 第 1 次 等待 3 秒
2024-08-31 00:24:39 CHB 1431948?1725035074 第 1 次 获取到号码【1431948】GSD
2024-08-31 00:24:39 未获取到号码【1431948】GSD，可能号码格式错误
2024-08-31 00:24:39 获取到号码【1431948】的GSD为【-】
2024-08-31 00:24:47 GSD insert 第 1 次 等待 3 秒
2024-08-31 00:24:50 {"status":"bad","gid":"550815","msg":"添加失败！号码【1431948(-|-)】已存在！"}
2024-08-31 00:24:50 随机等待 224 秒，约 3 分钟
2024-08-31 00:24:50 下次操作: 2024-08-31 00:28:34

2024-08-31 00:28:34 开始第 1950 次操作

2024-08-31 00:28:34 开始操作号码 【1431949】
2024-08-31 00:28:42 GSD getOne 第 1 次 等待 3 秒
2024-08-31 00:28:45 查询号码 【1431949】，返回信息 {"status":"ok","msg":"-","gid":"550834","time_insert":"2023-02-24 03:22"}
2024-08-31 00:28:45 查询号码 【1431949】，GSD为【"-"】
2024-08-31 00:28:45 ok && -
2024-08-31 00:28:47 CHB 1431949?1725035325 第 1 次 等待 3 秒
2024-08-31 00:28:50 CHB 1431949?1725035325 第 1 次 获取到号码【1431949】GSD
2024-08-31 00:28:50 未获取到号码【1431949】GSD，可能号码格式错误
2024-08-31 00:28:50 获取到号码【1431949】的GSD为【-】
2024-08-31 00:28:58 GSD insert 第 1 次 等待 3 秒
2024-08-31 00:29:01 {"status":"bad","gid":"550834","msg":"添加失败！号码【1431949(-|-)】已存在！"}
2024-08-31 00:29:01 随机等待 86 秒，约 1 分钟
2024-08-31 00:29:01 下次操作: 2024-08-31 00:30:27

2024-08-31 00:30:27 开始第 1951 次操作

2024-08-31 00:30:27 开始操作号码 【1431950】
2024-08-31 00:30:35 GSD getOne 第 1 次 等待 3 秒
2024-08-31 00:30:38 查询号码 【1431950】，返回信息 {"status":"ok","msg":"-","gid":"550861","time_insert":"2023-02-24 03:34"}
2024-08-31 00:30:38 查询号码 【1431950】，GSD为【"-"】
2024-08-31 00:30:38 ok && -
2024-08-31 00:30:40 CHB 1431950?1725035438 第 1 次 等待 3 秒
2024-08-31 00:30:43 CHB 1431950?1725035438 第 1 次 获取到号码【1431950】GSD
2024-08-31 00:30:43 未获取到号码【1431950】GSD，可能号码格式错误
2024-08-31 00:30:43 获取到号码【1431950】的GSD为【-】
2024-08-31 00:30:51 GSD insert 第 1 次 等待 3 秒
2024-08-31 00:30:54 {"status":"bad","gid":"550861","msg":"添加失败！号码【1431950(-|-)】已存在！"}
2024-08-31 00:30:54 随机等待 206 秒，约 3 分钟
2024-08-31 00:30:54 下次操作: 2024-08-31 00:34:20

2024-08-31 00:34:20 开始第 1952 次操作

2024-08-31 00:34:20 开始操作号码 【1431951】
2024-08-31 00:34:28 GSD getOne 第 1 次 等待 3 秒
2024-08-31 00:34:31 查询号码 【1431951】，返回信息 {"status":"ok","msg":"-","gid":"550891","time_insert":"2023-02-24 03:50"}
2024-08-31 00:34:31 查询号码 【1431951】，GSD为【"-"】
2024-08-31 00:34:31 ok && -
2024-08-31 00:34:33 CHB 1431951?1725035671 第 1 次 等待 3 秒
2024-08-31 00:34:36 CHB 1431951?1725035671 第 1 次 获取到号码【1431951】GSD
2024-08-31 00:34:36 未获取到号码【1431951】GSD，可能号码格式错误
2024-08-31 00:34:36 获取到号码【1431951】的GSD为【-】
2024-08-31 00:34:45 GSD insert 第 1 次 等待 3 秒
2024-08-31 00:34:48 {"status":"bad","gid":"550891","msg":"添加失败！号码【1431951(-|-)】已存在！"}

2024-08-31 00:43:54 开始第 1953 次操作

2024-08-31 00:43:54 开始操作号码 【1431952】
2024-08-31 00:44:01 GSD getOne 第 1 次 等待 3 秒
2024-08-31 00:44:04 查询号码 【1431952】，返回信息 {"status":"ok","msg":"-","gid":"550914","time_insert":"2023-02-24 04:05"}
2024-08-31 00:44:05 查询号码 【1431952】，GSD为【"-"】
2024-08-31 00:44:05 ok && -
2024-08-31 00:44:06 CHB 1431952?1725036245 第 1 次 等待 3 秒
2024-08-31 00:44:09 CHB 1431952?1725036245 第 1 次 获取到号码【1431952】GSD
2024-08-31 00:44:09 未获取到号码【1431952】GSD，可能号码格式错误
2024-08-31 00:44:09 获取到号码【1431952】的GSD为【-】
2024-08-31 00:44:17 GSD insert 第 1 次 等待 3 秒
2024-08-31 00:44:20 {"status":"bad","gid":"550914","msg":"添加失败！号码【1431952(-|-)】已存在！"}
2024-08-31 00:44:20 随机等待 77 秒，约 1 分钟
2024-08-31 00:44:20 下次操作: 2024-08-31 00:45:37

2024-08-31 00:45:37 开始第 1954 次操作

2024-08-31 00:45:37 开始操作号码 【1431953】
2024-08-31 00:45:48 GSD getOne 第 1 次 等待 3 秒
2024-08-31 00:45:51 查询号码 【1431953】，返回信息 {"status":"ok","msg":"-","gid":"550926","time_insert":"2023-02-24 04:15"}
2024-08-31 00:45:51 查询号码 【1431953】，GSD为【"-"】
2024-08-31 00:45:51 ok && -
2024-08-31 00:45:53 CHB 1431953?1725036351 第 1 次 等待 3 秒
2024-08-31 00:45:56 CHB 1431953?1725036351 第 1 次 获取到号码【1431953】GSD
2024-08-31 00:45:56 未获取到号码【1431953】GSD，可能号码格式错误
2024-08-31 00:45:56 获取到号码【1431953】的GSD为【-】
2024-08-31 00:46:04 GSD insert 第 1 次 等待 3 秒
2024-08-31 00:46:07 {"status":"bad","gid":"550926","msg":"添加失败！号码【1431953(-|-)】已存在！"}
2024-08-31 00:46:07 随机等待 195 秒，约 3 分钟
2024-08-31 00:46:07 下次操作: 2024-08-31 00:49:22

2024-08-31 00:49:22 开始第 1955 次操作

2024-08-31 00:49:22 开始操作号码 【1431954】
2024-08-31 00:49:22 GSD getOne 第 1 次 等待 3 秒
2024-08-31 00:49:33 GSD getOne 第 2 次 等待 3 秒
2024-08-31 00:49:36 查询号码 【1431954】，返回信息 {"status":"ok","msg":"-","gid":"550949","time_insert":"2023-02-24 04:29"}
2024-08-31 00:49:36 查询号码 【1431954】，GSD为【"-"】
2024-08-31 00:49:36 ok && -
2024-08-31 00:49:38 CHB 1431954?1725036576 第 1 次 等待 3 秒
2024-08-31 00:49:41 CHB 1431954?1725036576 第 1 次 获取到号码【1431954】GSD
2024-08-31 00:49:41 未获取到号码【1431954】GSD，可能号码格式错误
2024-08-31 00:49:41 获取到号码【1431954】的GSD为【-】
2024-08-31 00:49:43 GSD insert 第 1 次 等待 3 秒
2024-08-31 00:49:46 {"status":"bad","gid":"550949","msg":"添加失败！号码【1431954(-|-)】已存在！"}
2024-08-31 00:49:46 随机等待 79 秒，约 1 分钟
2024-08-31 00:49:46 下次操作: 2024-08-31 00:51:05

2024-08-31 00:51:05 开始第 1956 次操作

2024-08-31 00:51:05 开始操作号码 【1431955】
2024-08-31 00:51:12 GSD getOne 第 1 次 等待 3 秒
2024-08-31 00:51:15 查询号码 【1431955】，返回信息 {"status":"ok","msg":"-","gid":"550961","time_insert":"2023-02-24 04:37"}
2024-08-31 00:51:15 查询号码 【1431955】，GSD为【"-"】
2024-08-31 00:51:15 ok && -
2024-08-31 00:51:17 CHB 1431955?1725036675 第 1 次 等待 3 秒
2024-08-31 00:51:20 CHB 1431955?1725036675 第 1 次 获取到号码【1431955】GSD
2024-08-31 00:51:20 未获取到号码【1431955】GSD，可能号码格式错误
2024-08-31 00:51:20 获取到号码【1431955】的GSD为【-】
2024-08-31 00:51:28 GSD insert 第 1 次 等待 3 秒
2024-08-31 00:51:31 {"status":"bad","gid":"550961","msg":"添加失败！号码【1431955(-|-)】已存在！"}

2024-08-31 01:19:38 开始第 1957 次操作

2024-08-31 01:19:38 开始操作号码 【1431956】
2024-08-31 01:19:46 GSD getOne 第 1 次 等待 3 秒
2024-08-31 01:19:49 查询号码 【1431956】，返回信息 {"status":"ok","msg":"-","gid":"550985","time_insert":"2023-02-24 04:48"}
2024-08-31 01:19:49 查询号码 【1431956】，GSD为【"-"】
2024-08-31 01:19:49 ok && -
2024-08-31 01:19:51 CHB 1431956?1725038389 第 1 次 等待 3 秒
2024-08-31 01:19:54 CHB 1431956?1725038389 第 1 次 获取到号码【1431956】GSD
2024-08-31 01:19:54 未获取到号码【1431956】GSD，可能号码格式错误
2024-08-31 01:19:54 获取到号码【1431956】的GSD为【-】
2024-08-31 01:20:02 GSD insert 第 1 次 等待 3 秒
2024-08-31 01:20:05 {"status":"bad","gid":"550985","msg":"添加失败！号码【1431956(-|-)】已存在！"}
2024-08-31 01:20:05 随机等待 166 秒，约 2 分钟
2024-08-31 01:20:05 下次操作: 2024-08-31 01:22:51

2024-08-31 01:22:51 开始第 1958 次操作

2024-08-31 01:22:51 开始操作号码 【1431957】
2024-08-31 01:22:59 GSD getOne 第 1 次 等待 3 秒
2024-08-31 01:23:02 查询号码 【1431957】，返回信息 {"status":"ok","msg":"-","gid":"551011","time_insert":"2023-02-24 05:04"}
2024-08-31 01:23:02 查询号码 【1431957】，GSD为【"-"】
2024-08-31 01:23:02 ok && -
2024-08-31 01:23:04 CHB 1431957?1725038582 第 1 次 等待 3 秒
2024-08-31 01:23:07 CHB 1431957?1725038582 第 1 次 获取到号码【1431957】GSD
2024-08-31 01:23:07 未获取到号码【1431957】GSD，可能号码格式错误
2024-08-31 01:23:07 获取到号码【1431957】的GSD为【-】
2024-08-31 01:23:14 GSD insert 第 1 次 等待 3 秒
2024-08-31 01:23:17 {"status":"bad","gid":"551011","msg":"添加失败！号码【1431957(-|-)】已存在！"}
2024-08-31 01:23:17 随机等待 197 秒，约 3 分钟
2024-08-31 01:23:17 下次操作: 2024-08-31 01:26:34

2024-08-31 01:26:34 开始第 1959 次操作

2024-08-31 01:26:34 开始操作号码 【1431958】
2024-08-31 01:26:42 GSD getOne 第 1 次 等待 3 秒
2024-08-31 01:26:45 查询号码 【1431958】，返回信息 {"status":"ok","msg":"-","gid":"551038","time_insert":"2023-02-24 05:22"}
2024-08-31 01:26:45 查询号码 【1431958】，GSD为【"-"】
2024-08-31 01:26:45 ok && -
2024-08-31 01:26:47 CHB 1431958?1725038805 第 1 次 等待 3 秒
2024-08-31 01:26:50 CHB 1431958?1725038805 第 1 次 获取到号码【1431958】GSD
2024-08-31 01:26:50 未获取到号码【1431958】GSD，可能号码格式错误
2024-08-31 01:26:50 获取到号码【1431958】的GSD为【-】
2024-08-31 01:26:57 GSD insert 第 1 次 等待 3 秒
2024-08-31 01:27:00 {"status":"bad","gid":"551038","msg":"添加失败！号码【1431958(-|-)】已存在！"}
2024-08-31 01:27:00 随机等待 87 秒，约 1 分钟
2024-08-31 01:27:00 下次操作: 2024-08-31 01:28:27

2024-08-31 01:28:28 开始第 1960 次操作

2024-08-31 01:28:28 开始操作号码 【1431959】
2024-08-31 01:28:35 GSD getOne 第 1 次 等待 3 秒
2024-08-31 01:28:38 查询号码 【1431959】，返回信息 {"status":"ok","msg":"-","gid":"551056","time_insert":"2023-02-24 05:31"}
2024-08-31 01:28:38 查询号码 【1431959】，GSD为【"-"】
2024-08-31 01:28:38 ok && -
2024-08-31 01:28:40 CHB 1431959?1725038918 第 1 次 等待 3 秒
2024-08-31 01:28:43 CHB 1431959?1725038918 第 1 次 获取到号码【1431959】GSD
2024-08-31 01:28:43 未获取到号码【1431959】GSD，可能号码格式错误
2024-08-31 01:28:43 获取到号码【1431959】的GSD为【-】
2024-08-31 01:28:51 GSD insert 第 1 次 等待 3 秒
2024-08-31 01:28:54 {"status":"bad","gid":"551056","msg":"添加失败！号码【1431959(-|-)】已存在！"}

2024-08-31 01:39:09 开始第 1961 次操作

2024-08-31 01:39:09 开始操作号码 【1431960】
2024-08-31 01:39:18 GSD getOne 第 1 次 等待 3 秒
2024-08-31 01:39:21 查询号码 【1431960】，返回信息 {"status":"ok","msg":"-","gid":"551085","time_insert":"2023-02-24 05:46"}
2024-08-31 01:39:21 查询号码 【1431960】，GSD为【"-"】
2024-08-31 01:39:21 ok && -
2024-08-31 01:39:22 CHB 1431960?1725039561 第 1 次 等待 3 秒
2024-08-31 01:39:25 CHB 1431960?1725039561 第 1 次 获取到号码【1431960】GSD
2024-08-31 01:39:25 未获取到号码【1431960】GSD，可能号码格式错误
2024-08-31 01:39:25 获取到号码【1431960】的GSD为【-】
2024-08-31 01:39:34 GSD insert 第 1 次 等待 3 秒
2024-08-31 01:39:37 {"status":"bad","gid":"551085","msg":"添加失败！号码【1431960(-|-)】已存在！"}
2024-08-31 01:39:37 随机等待 136 秒，约 2 分钟
2024-08-31 01:39:37 下次操作: 2024-08-31 01:41:53

2024-08-31 01:41:53 开始第 1962 次操作

2024-08-31 01:41:53 开始操作号码 【1431961】
2024-08-31 01:42:00 GSD getOne 第 1 次 等待 3 秒
2024-08-31 01:42:03 查询号码 【1431961】，返回信息 {"status":"ok","msg":"-","gid":"551111","time_insert":"2023-02-24 06:01"}
2024-08-31 01:42:03 查询号码 【1431961】，GSD为【"-"】
2024-08-31 01:42:03 ok && -
2024-08-31 01:42:05 CHB 1431961?1725039723 第 1 次 等待 3 秒
2024-08-31 01:42:08 CHB 1431961?1725039723 第 1 次 获取到号码【1431961】GSD
2024-08-31 01:42:08 未获取到号码【1431961】GSD，可能号码格式错误
2024-08-31 01:42:08 获取到号码【1431961】的GSD为【-】
2024-08-31 01:42:16 GSD insert 第 1 次 等待 3 秒
2024-08-31 01:42:19 {"status":"bad","gid":"551111","msg":"添加失败！号码【1431961(-|-)】已存在！"}
2024-08-31 01:42:19 随机等待 184 秒，约 3 分钟
2024-08-31 01:42:19 下次操作: 2024-08-31 01:45:23

2024-08-31 01:45:23 开始第 1963 次操作

2024-08-31 01:45:23 开始操作号码 【1431962】
2024-08-31 01:45:31 GSD getOne 第 1 次 等待 3 秒
2024-08-31 01:45:34 查询号码 【1431962】，返回信息 {"status":"ok","msg":"-","gid":"551121","time_insert":"2023-02-24 06:09"}
2024-08-31 01:45:34 查询号码 【1431962】，GSD为【"-"】
2024-08-31 01:45:34 ok && -
2024-08-31 01:45:35 CHB 1431962?1725039934 第 1 次 等待 3 秒
2024-08-31 01:45:38 CHB 1431962?1725039934 第 1 次 获取到号码【1431962】GSD
2024-08-31 01:45:38 未获取到号码【1431962】GSD，可能号码格式错误
2024-08-31 01:45:38 获取到号码【1431962】的GSD为【-】
2024-08-31 01:45:46 GSD insert 第 1 次 等待 3 秒
2024-08-31 01:45:49 {"status":"bad","gid":"551121","msg":"添加失败！号码【1431962(-|-)】已存在！"}
2024-08-31 01:45:49 随机等待 93 秒，约 1 分钟
2024-08-31 01:45:49 下次操作: 2024-08-31 01:47:22

2024-08-31 01:47:22 开始第 1964 次操作

2024-08-31 01:47:22 开始操作号码 【1431963】
2024-08-31 01:47:30 GSD getOne 第 1 次 等待 3 秒
2024-08-31 01:47:33 查询号码 【1431963】，返回信息 {"status":"ok","msg":"-","gid":"551144","time_insert":"2023-02-24 06:23"}
2024-08-31 01:47:33 查询号码 【1431963】，GSD为【"-"】
2024-08-31 01:47:33 ok && -
2024-08-31 01:47:35 CHB 1431963?1725040053 第 1 次 等待 3 秒
2024-08-31 01:47:38 CHB 1431963?1725040053 第 1 次 获取到号码【1431963】GSD
2024-08-31 01:47:38 未获取到号码【1431963】GSD，可能号码格式错误
2024-08-31 01:47:38 获取到号码【1431963】的GSD为【-】
2024-08-31 01:47:45 GSD insert 第 1 次 等待 3 秒
2024-08-31 01:47:48 {"status":"bad","gid":"551144","msg":"添加失败！号码【1431963(-|-)】已存在！"}

