2024-09-29 00:26:14 开始第 6657 次操作

2024-09-29 00:26:14 开始操作号码 【1436653】
2024-09-29 00:26:19 GSD getOne 第 1 次 等待 3 秒
2024-09-29 00:26:22 查询号码 【1436653】，返回信息 {"status":"ok","msg":"-","gid":"661575","time_insert":"2023-04-18 05:31"}
2024-09-29 00:26:22 查询号码 【1436653】，GSD为【"-"】
2024-09-29 00:26:22 ok && -
2024-09-29 00:26:24 CHB 1436653?1727540782 第 1 次 等待 3 秒
2024-09-29 00:26:27 CHB 1436653?1727540782 第 1 次 获取到号码【1436653】GSD
2024-09-29 00:26:27 未获取到号码【1436653】GSD，可能号码格式错误
2024-09-29 00:26:27 获取到号码【1436653】的GSD为【-】
2024-09-29 00:26:30 GSD insert 第 1 次 等待 3 秒
2024-09-29 00:26:33 {"status":"bad","gid":"661575","msg":"添加失败！号码【1436653(-|-)】已存在！"}
2024-09-29 00:26:33 随机等待 192 秒，约 3 分钟
2024-09-29 00:26:33 下次操作: 2024-09-29 00:29:45

2024-09-29 00:29:45 开始第 6658 次操作

2024-09-29 00:29:45 开始操作号码 【1436654】
2024-09-29 00:29:50 GSD getOne 第 1 次 等待 3 秒
2024-09-29 00:29:53 查询号码 【1436654】，返回信息 {"status":"ok","msg":"-","gid":"661607","time_insert":"2023-04-18 05:50"}
2024-09-29 00:29:53 查询号码 【1436654】，GSD为【"-"】
2024-09-29 00:29:53 ok && -
2024-09-29 00:29:56 CHB 1436654?1727540993 第 1 次 等待 3 秒
2024-09-29 00:29:59 CHB 1436654?1727540993 第 1 次 获取到号码【1436654】GSD
2024-09-29 00:29:59 未获取到号码【1436654】GSD，可能号码格式错误
2024-09-29 00:29:59 获取到号码【1436654】的GSD为【-】
2024-09-29 00:30:01 GSD insert 第 1 次 等待 3 秒
2024-09-29 00:30:04 {"status":"bad","gid":"661607","msg":"添加失败！号码【1436654(-|-)】已存在！"}
2024-09-29 00:30:04 随机等待 194 秒，约 3 分钟
2024-09-29 00:30:04 下次操作: 2024-09-29 00:33:18

2024-09-29 00:33:18 开始第 6659 次操作

2024-09-29 00:33:18 开始操作号码 【1436655】
2024-09-29 00:33:20 GSD getOne 第 1 次 等待 3 秒
2024-09-29 00:33:23 查询号码 【1436655】，返回信息 {"status":"ok","msg":"-","gid":"661636","time_insert":"2023-04-18 06:11"}
2024-09-29 00:33:23 查询号码 【1436655】，GSD为【"-"】
2024-09-29 00:33:23 ok && -
2024-09-29 00:33:25 CHB 1436655?1727541203 第 1 次 等待 3 秒
2024-09-29 00:33:28 CHB 1436655?1727541203 第 1 次 获取到号码【1436655】GSD
2024-09-29 00:33:28 未获取到号码【1436655】GSD，可能号码格式错误
2024-09-29 00:33:28 获取到号码【1436655】的GSD为【-】
2024-09-29 00:33:30 GSD insert 第 1 次 等待 3 秒
2024-09-29 00:33:33 {"status":"bad","gid":"661636","msg":"添加失败！号码【1436655(-|-)】已存在！"}
2024-09-29 00:33:33 随机等待 199 秒，约 3 分钟
2024-09-29 00:33:33 下次操作: 2024-09-29 00:36:52

2024-09-29 00:36:52 开始第 6660 次操作

2024-09-29 00:36:52 开始操作号码 【1436656】
2024-09-29 00:36:58 GSD getOne 第 1 次 等待 3 秒
2024-09-29 00:37:01 查询号码 【1436656】，返回信息 {"status":"ok","msg":"-","gid":"661662","time_insert":"2023-04-18 06:29"}
2024-09-29 00:37:01 查询号码 【1436656】，GSD为【"-"】
2024-09-29 00:37:01 ok && -
2024-09-29 00:37:03 CHB 1436656?1727541421 第 1 次 等待 3 秒
2024-09-29 00:37:06 CHB 1436656?1727541421 第 1 次 获取到号码【1436656】GSD
2024-09-29 00:37:06 未获取到号码【1436656】GSD，可能号码格式错误
2024-09-29 00:37:06 获取到号码【1436656】的GSD为【-】
2024-09-29 00:37:09 GSD insert 第 1 次 等待 3 秒
2024-09-29 00:37:12 {"status":"bad","gid":"661662","msg":"添加失败！号码【1436656(-|-)】已存在！"}

