2024-04-22 00:09:49 开始第 4993 次操作

2024-04-22 00:09:49 开始操作号码 【1654894】
2024-04-22 00:09:56 GSD getOne 第 1 次 等待 3 秒
2024-04-22 00:09:59 查询号码 【1654894】，返回信息 {"status":"ok","msg":"-","gid":"276498","time_insert":"2021-07-14 18:45"}
2024-04-22 00:09:59 查询号码 【1654894】，GSD为【"-"】
2024-04-22 00:09:59 ok && -
2024-04-22 00:10:02 CHB 1654894?1713715799 第 1 次 等待 3 秒
2024-04-22 00:10:05 CHB 1654894?1713715799 第 1 次 获取到号码【1654894】GSD
2024-04-22 00:10:05 未获取到号码【1654894】GSD，可能号码格式错误
2024-04-22 00:10:05 获取到号码【1654894】的GSD为【-】
2024-04-22 00:10:13 GSD insert 第 1 次 等待 3 秒
2024-04-22 00:10:16 {"status":"bad","gid":"276498","msg":"添加失败！号码【1654894(-|-)】已存在！"}
2024-04-22 00:10:16 随机等待 137 秒，约 2 分钟
2024-04-22 00:10:16 下次操作: 2024-04-22 00:12:33

2024-04-22 00:12:33 开始第 4994 次操作

2024-04-22 00:12:33 开始操作号码 【1654895】
2024-04-22 00:12:41 GSD getOne 第 1 次 等待 3 秒
2024-04-22 00:12:44 查询号码 【1654895】，返回信息 {"status":"ok","msg":"-","gid":"276508","time_insert":"2021-07-14 18:46"}
2024-04-22 00:12:44 查询号码 【1654895】，GSD为【"-"】
2024-04-22 00:12:44 ok && -
2024-04-22 00:12:49 CHB 1654895?1713715964 第 1 次 等待 3 秒
2024-04-22 00:12:52 CHB 1654895?1713715964 第 1 次 获取到号码【1654895】GSD
2024-04-22 00:12:52 未获取到号码【1654895】GSD，可能号码格式错误
2024-04-22 00:12:52 获取到号码【1654895】的GSD为【-】
2024-04-22 00:12:58 GSD insert 第 1 次 等待 3 秒
2024-04-22 00:13:01 {"status":"bad","gid":"276508","msg":"添加失败！号码【1654895(-|-)】已存在！"}
2024-04-22 00:13:01 随机等待 123 秒，约 2 分钟
2024-04-22 00:13:01 下次操作: 2024-04-22 00:15:04

2024-04-22 00:15:04 开始第 4995 次操作

2024-04-22 00:15:04 开始操作号码 【1654896】
2024-04-22 00:15:16 GSD getOne 第 1 次 等待 3 秒
2024-04-22 00:15:19 查询号码 【1654896】，返回信息 {"status":"ok","msg":"-","gid":"276517","time_insert":"2021-07-14 18:46"}
2024-04-22 00:15:19 查询号码 【1654896】，GSD为【"-"】
2024-04-22 00:15:19 ok && -
2024-04-22 00:15:21 CHB 1654896?1713716119 第 1 次 等待 3 秒
2024-04-22 00:15:24 CHB 1654896?1713716119 第 1 次 获取到号码【1654896】GSD
2024-04-22 00:15:25 未获取到号码【1654896】GSD，可能号码格式错误
2024-04-22 00:15:25 获取到号码【1654896】的GSD为【-】
2024-04-22 00:16:04 GSD insert 第 1 次 等待 3 秒
2024-04-22 00:16:07 {"status":"bad","gid":"276517","msg":"添加失败！号码【1654896(-|-)】已存在！"}
2024-04-22 00:16:07 随机等待 175 秒，约 2 分钟
2024-04-22 00:16:07 下次操作: 2024-04-22 00:19:02

2024-04-22 00:19:02 开始第 4996 次操作

2024-04-22 00:19:02 开始操作号码 【1654897】
2024-04-22 00:19:08 GSD getOne 第 1 次 等待 3 秒
2024-04-22 00:19:11 查询号码 【1654897】，返回信息 {"status":"ok","msg":"-","gid":"276527","time_insert":"2021-07-14 18:47"}
2024-04-22 00:19:11 查询号码 【1654897】，GSD为【"-"】
2024-04-22 00:19:11 ok && -
2024-04-22 00:19:15 CHB 1654897?1713716351 第 1 次 等待 3 秒
2024-04-22 00:19:18 CHB 1654897?1713716351 第 1 次 获取到号码【1654897】GSD
2024-04-22 00:19:18 未获取到号码【1654897】GSD，可能号码格式错误
2024-04-22 00:19:18 获取到号码【1654897】的GSD为【-】
2024-04-22 00:19:24 GSD insert 第 1 次 等待 3 秒
2024-04-22 00:19:27 {"status":"bad","gid":"276527","msg":"添加失败！号码【1654897(-|-)】已存在！"}

