2024-05-02 00:10:07 开始第 6833 次操作

2024-05-02 00:10:07 开始操作号码 【1656734】
2024-05-02 00:10:15 GSD getOne 第 1 次 等待 3 秒
2024-05-02 00:10:18 查询号码 【1656734】，返回信息 {"status":"ok","msg":"黑龙江-绥化","gid":"296780","time_insert":"2021-07-16 21:13"}
2024-05-02 00:10:18 查询号码 【1656734】，GSD为【"黑龙江-绥化"】

2024-05-02 00:10:19 开始第 6834 次操作

2024-05-02 00:10:19 开始操作号码 【1656735】
2024-05-02 00:10:25 GSD getOne 第 1 次 等待 3 秒
2024-05-02 00:10:28 查询号码 【1656735】，返回信息 {"status":"ok","msg":"山东-临沂","gid":"296790","time_insert":"2021-07-16 21:13"}
2024-05-02 00:10:28 查询号码 【1656735】，GSD为【"山东-临沂"】

2024-05-02 00:10:29 开始第 6835 次操作

2024-05-02 00:10:29 开始操作号码 【1656736】
2024-05-02 00:10:33 GSD getOne 第 1 次 等待 3 秒
2024-05-02 00:10:36 查询号码 【1656736】，返回信息 {"status":"ok","msg":"北京-北京","gid":"296800","time_insert":"2021-07-16 21:14"}
2024-05-02 00:10:36 查询号码 【1656736】，GSD为【"北京-北京"】

2024-05-02 00:10:37 开始第 6836 次操作

2024-05-02 00:10:37 开始操作号码 【1656737】
2024-05-02 00:10:43 GSD getOne 第 1 次 等待 3 秒
2024-05-02 00:10:46 查询号码 【1656737】，返回信息 {"status":"ok","msg":"黑龙江-绥化","gid":"296807","time_insert":"2021-07-16 21:15"}
2024-05-02 00:10:46 查询号码 【1656737】，GSD为【"黑龙江-绥化"】

