2023-10-18 00:09:54 开始第 3765 次操作

2023-10-18 00:09:54 开始操作号码 【1973675】
2023-10-18 00:09:57 GSD getOne 第 1 次 等待 3 秒
2023-10-18 00:10:00 查询号码 【1973675】，返回信息 {"status":"ok","msg":"-","gid":"557819","time_insert":"2023-02-27 04:01"}
2023-10-18 00:10:00 查询号码 【1973675】，GSD为【"-"】
2023-10-18 00:10:00 ok && -
2023-10-18 00:10:08 CHB 1973675?1697559000 第 1 次 等待 3 秒
2023-10-18 00:10:11 CHB 1973675?1697559000 第 1 次 获取到号码【1973675】GSD
2023-10-18 00:10:11 未获取到号码【1973675】GSD，可能号码格式错误
2023-10-18 00:10:11 获取到号码【1973675】的GSD为【-】
2023-10-18 00:10:14 GSD insert 第 1 次 等待 3 秒
2023-10-18 00:10:17 {"status":"bad","gid":"557819","msg":"添加失败！号码【1973675(-|-)】已存在！"}
2023-10-18 00:10:17 随机等待 195 秒，约 3 分钟
2023-10-18 00:10:17 下次操作: 2023-10-18 00:13:32

2023-10-18 00:13:32 开始第 3766 次操作

2023-10-18 00:13:32 开始操作号码 【1973676】
2023-10-18 00:13:34 GSD getOne 第 1 次 等待 3 秒
2023-10-18 00:13:37 查询号码 【1973676】，返回信息 {"status":"ok","msg":"-","gid":"557834","time_insert":"2023-02-27 04:13"}
2023-10-18 00:13:37 查询号码 【1973676】，GSD为【"-"】
2023-10-18 00:13:37 ok && -
2023-10-18 00:13:39 CHB 1973676?1697559217 第 1 次 等待 3 秒
2023-10-18 00:13:42 CHB 1973676?1697559217 第 1 次 获取到号码【1973676】GSD
2023-10-18 00:13:42 未获取到号码【1973676】GSD，可能号码格式错误
2023-10-18 00:13:42 获取到号码【1973676】的GSD为【-】
2023-10-18 00:13:45 GSD insert 第 1 次 等待 3 秒
2023-10-18 00:13:48 {"status":"bad","gid":"557834","msg":"添加失败！号码【1973676(-|-)】已存在！"}
2023-10-18 00:13:48 随机等待 84 秒，约 1 分钟
2023-10-18 00:13:48 下次操作: 2023-10-18 00:15:12

2023-10-18 00:15:12 开始第 3767 次操作

2023-10-18 00:15:12 开始操作号码 【1973677】
2023-10-18 00:15:17 GSD getOne 第 1 次 等待 3 秒
2023-10-18 00:15:20 查询号码 【1973677】，返回信息 {"status":"ok","msg":"-","gid":"557838","time_insert":"2023-02-27 04:14"}
2023-10-18 00:15:20 查询号码 【1973677】，GSD为【"-"】
2023-10-18 00:15:20 ok && -
2023-10-18 00:15:23 CHB 1973677?1697559320 第 1 次 等待 3 秒
2023-10-18 00:15:26 CHB 1973677?1697559320 第 1 次 获取到号码【1973677】GSD
2023-10-18 00:15:26 未获取到号码【1973677】GSD，可能号码格式错误
2023-10-18 00:15:26 获取到号码【1973677】的GSD为【-】
2023-10-18 00:15:29 GSD insert 第 1 次 等待 3 秒
2023-10-18 00:15:32 {"status":"bad","gid":"557838","msg":"添加失败！号码【1973677(-|-)】已存在！"}
2023-10-18 00:15:32 随机等待 97 秒，约 1 分钟
2023-10-18 00:15:32 下次操作: 2023-10-18 00:17:09

2023-10-18 00:17:09 开始第 3768 次操作

2023-10-18 00:17:09 开始操作号码 【1973678】
2023-10-18 00:17:12 GSD getOne 第 1 次 等待 3 秒
2023-10-18 00:17:15 查询号码 【1973678】，返回信息 {"status":"ok","msg":"-","gid":"557844","time_insert":"2023-02-27 04:17"}
2023-10-18 00:17:15 查询号码 【1973678】，GSD为【"-"】
2023-10-18 00:17:15 ok && -
2023-10-18 00:17:18 CHB 1973678?1697559435 第 1 次 等待 3 秒
2023-10-18 00:17:21 CHB 1973678?1697559435 第 1 次 获取到号码【1973678】GSD
2023-10-18 00:17:21 未获取到号码【1973678】GSD，可能号码格式错误
2023-10-18 00:17:21 获取到号码【1973678】的GSD为【-】
2023-10-18 00:17:24 GSD insert 第 1 次 等待 3 秒
2023-10-18 00:17:27 {"status":"bad","gid":"557844","msg":"添加失败！号码【1973678(-|-)】已存在！"}

