2024-07-11 00:10:21 开始第 5501 次操作

2024-07-11 00:10:21 开始操作号码 【1545384】
2024-07-11 00:10:29 GSD getOne 第 1 次 等待 3 秒
2024-07-11 00:10:32 查询号码 【1545384】，返回信息 {"status":"ok","msg":"-","gid":"631278","time_insert":"2023-04-03 05:23"}
2024-07-11 00:10:33 查询号码 【1545384】，GSD为【"-"】
2024-07-11 00:10:33 ok && -
2024-07-11 00:10:35 CHB 1545384?1720627833 第 1 次 等待 3 秒
2024-07-11 00:10:38 CHB 1545384?1720627833 第 1 次 获取到号码【1545384】GSD
2024-07-11 00:10:39 未获取到号码【1545384】GSD，可能号码格式错误
2024-07-11 00:10:39 获取到号码【1545384】的GSD为【-】
2024-07-11 00:10:47 GSD insert 第 1 次 等待 3 秒
2024-07-11 00:10:50 {"status":"bad","gid":"631278","msg":"添加失败！号码【1545384(-|-)】已存在！"}
2024-07-11 00:10:50 随机等待 116 秒，约 1 分钟
2024-07-11 00:10:50 下次操作: 2024-07-11 00:12:46

2024-07-11 00:12:46 开始第 5502 次操作

2024-07-11 00:12:46 开始操作号码 【1545385】
2024-07-11 00:12:54 GSD getOne 第 1 次 等待 3 秒
2024-07-11 00:12:57 查询号码 【1545385】，返回信息 {"status":"ok","msg":"-","gid":"631295","time_insert":"2023-04-03 05:38"}
2024-07-11 00:12:57 查询号码 【1545385】，GSD为【"-"】
2024-07-11 00:12:57 ok && -
2024-07-11 00:12:59 CHB 1545385?1720627977 第 1 次 等待 3 秒
2024-07-11 00:13:02 CHB 1545385?1720627977 第 1 次 获取到号码【1545385】GSD
2024-07-11 00:13:02 未获取到号码【1545385】GSD，可能号码格式错误
2024-07-11 00:13:02 获取到号码【1545385】的GSD为【-】
2024-07-11 00:13:11 GSD insert 第 1 次 等待 3 秒
2024-07-11 00:13:14 {"status":"bad","gid":"631295","msg":"添加失败！号码【1545385(-|-)】已存在！"}
2024-07-11 00:13:14 随机等待 213 秒，约 3 分钟
2024-07-11 00:13:14 下次操作: 2024-07-11 00:16:47

2024-07-11 00:16:47 开始第 5503 次操作

2024-07-11 00:16:47 开始操作号码 【1545386】
2024-07-11 00:16:55 GSD getOne 第 1 次 等待 3 秒
2024-07-11 00:16:58 查询号码 【1545386】，返回信息 {"status":"ok","msg":"-","gid":"631308","time_insert":"2023-04-03 05:49"}
2024-07-11 00:16:58 查询号码 【1545386】，GSD为【"-"】
2024-07-11 00:16:58 ok && -
2024-07-11 00:17:00 CHB 1545386?1720628218 第 1 次 等待 3 秒
2024-07-11 00:17:03 CHB 1545386?1720628218 第 1 次 获取到号码【1545386】GSD
2024-07-11 00:17:03 未获取到号码【1545386】GSD，可能号码格式错误
2024-07-11 00:17:03 获取到号码【1545386】的GSD为【-】
2024-07-11 00:17:12 GSD insert 第 1 次 等待 3 秒
2024-07-11 00:17:15 {"status":"bad","gid":"631308","msg":"添加失败！号码【1545386(-|-)】已存在！"}
2024-07-11 00:17:15 随机等待 223 秒，约 3 分钟
2024-07-11 00:17:15 下次操作: 2024-07-11 00:20:58

2024-07-11 00:20:58 开始第 5504 次操作

2024-07-11 00:20:58 开始操作号码 【1545387】
2024-07-11 00:21:09 GSD getOne 第 1 次 等待 3 秒
2024-07-11 00:21:12 查询号码 【1545387】，返回信息 {"status":"ok","msg":"-","gid":"631330","time_insert":"2023-04-03 06:10"}
2024-07-11 00:21:12 查询号码 【1545387】，GSD为【"-"】
2024-07-11 00:21:12 ok && -
2024-07-11 00:21:14 CHB 1545387?1720628472 第 1 次 等待 3 秒
2024-07-11 00:21:17 CHB 1545387?1720628472 第 1 次 获取到号码【1545387】GSD
2024-07-11 00:21:17 未获取到号码【1545387】GSD，可能号码格式错误
2024-07-11 00:21:17 获取到号码【1545387】的GSD为【-】
2024-07-11 00:21:27 GSD insert 第 1 次 等待 3 秒
2024-07-11 00:21:30 {"status":"bad","gid":"631330","msg":"添加失败！号码【1545387(-|-)】已存在！"}

2024-07-11 00:37:50 开始第 5505 次操作

2024-07-11 00:37:50 开始操作号码 【1545388】
2024-07-11 00:37:59 GSD getOne 第 1 次 等待 3 秒
2024-07-11 00:38:02 查询号码 【1545388】，返回信息 {"status":"ok","msg":"-","gid":"631354","time_insert":"2023-04-03 06:33"}
2024-07-11 00:38:02 查询号码 【1545388】，GSD为【"-"】
2024-07-11 00:38:02 ok && -
2024-07-11 00:38:04 CHB 1545388?1720629482 第 1 次 等待 3 秒
2024-07-11 00:38:07 CHB 1545388?1720629482 第 1 次 获取到号码【1545388】GSD
2024-07-11 00:38:07 未获取到号码【1545388】GSD，可能号码格式错误
2024-07-11 00:38:07 获取到号码【1545388】的GSD为【-】
2024-07-11 00:38:17 GSD insert 第 1 次 等待 3 秒
2024-07-11 00:38:20 {"status":"bad","gid":"631354","msg":"添加失败！号码【1545388(-|-)】已存在！"}
2024-07-11 00:38:20 随机等待 108 秒，约 1 分钟
2024-07-11 00:38:20 下次操作: 2024-07-11 00:40:08

2024-07-11 00:40:08 开始第 5506 次操作

2024-07-11 00:40:08 开始操作号码 【1545389】
2024-07-11 00:40:16 GSD getOne 第 1 次 等待 3 秒
2024-07-11 00:40:19 查询号码 【1545389】，返回信息 {"status":"ok","msg":"-","gid":"631374","time_insert":"2023-04-03 06:48"}
2024-07-11 00:40:19 查询号码 【1545389】，GSD为【"-"】
2024-07-11 00:40:19 ok && -
2024-07-11 00:40:21 CHB 1545389?1720629619 第 1 次 等待 3 秒
2024-07-11 00:40:24 CHB 1545389?1720629619 第 1 次 获取到号码【1545389】GSD
2024-07-11 00:40:24 未获取到号码【1545389】GSD，可能号码格式错误
2024-07-11 00:40:24 获取到号码【1545389】的GSD为【-】
2024-07-11 00:40:34 GSD insert 第 1 次 等待 3 秒
2024-07-11 00:40:37 {"status":"bad","gid":"631374","msg":"添加失败！号码【1545389(-|-)】已存在！"}
2024-07-11 00:40:37 随机等待 121 秒，约 2 分钟
2024-07-11 00:40:37 下次操作: 2024-07-11 00:42:38

2024-07-11 00:42:38 开始第 5507 次操作

2024-07-11 00:42:38 开始操作号码 【1545390】
2024-07-11 00:42:46 GSD getOne 第 1 次 等待 3 秒
2024-07-11 00:42:49 查询号码 【1545390】，返回信息 {"status":"ok","msg":"-","gid":"631383","time_insert":"2023-04-03 06:59"}
2024-07-11 00:42:49 查询号码 【1545390】，GSD为【"-"】
2024-07-11 00:42:49 ok && -
2024-07-11 00:42:51 CHB 1545390?1720629769 第 1 次 等待 3 秒
2024-07-11 00:42:54 CHB 1545390?1720629769 第 1 次 获取到号码【1545390】GSD
2024-07-11 00:42:54 未获取到号码【1545390】GSD，可能号码格式错误
2024-07-11 00:42:54 获取到号码【1545390】的GSD为【-】
2024-07-11 00:43:02 GSD insert 第 1 次 等待 3 秒
2024-07-11 00:43:05 {"status":"bad","gid":"631383","msg":"添加失败！号码【1545390(-|-)】已存在！"}
2024-07-11 00:43:05 随机等待 182 秒，约 3 分钟
2024-07-11 00:43:05 下次操作: 2024-07-11 00:46:07

2024-07-11 00:46:07 开始第 5508 次操作

2024-07-11 00:46:07 开始操作号码 【1545391】
2024-07-11 00:46:16 GSD getOne 第 1 次 等待 3 秒
2024-07-11 00:46:19 查询号码 【1545391】，返回信息 {"status":"ok","msg":"-","gid":"631396","time_insert":"2023-04-03 07:18"}
2024-07-11 00:46:19 查询号码 【1545391】，GSD为【"-"】
2024-07-11 00:46:19 ok && -
2024-07-11 00:46:21 CHB 1545391?1720629979 第 1 次 等待 3 秒
2024-07-11 00:46:24 CHB 1545391?1720629979 第 1 次 获取到号码【1545391】GSD
2024-07-11 00:46:24 未获取到号码【1545391】GSD，可能号码格式错误
2024-07-11 00:46:24 获取到号码【1545391】的GSD为【-】
2024-07-11 00:46:32 GSD insert 第 1 次 等待 3 秒
2024-07-11 00:46:35 {"status":"bad","gid":"631396","msg":"添加失败！号码【1545391(-|-)】已存在！"}

2024-07-11 01:07:34 开始第 5509 次操作

2024-07-11 01:07:34 开始操作号码 【1545392】
2024-07-11 01:07:42 GSD getOne 第 1 次 等待 3 秒
2024-07-11 01:07:45 查询号码 【1545392】，返回信息 {"status":"ok","msg":"-","gid":"631406","time_insert":"2023-04-03 07:33"}
2024-07-11 01:07:45 查询号码 【1545392】，GSD为【"-"】
2024-07-11 01:07:45 ok && -
2024-07-11 01:07:47 CHB 1545392?1720631265 第 1 次 等待 3 秒
2024-07-11 01:07:50 CHB 1545392?1720631265 第 1 次 获取到号码【1545392】GSD
2024-07-11 01:07:50 未获取到号码【1545392】GSD，可能号码格式错误
2024-07-11 01:07:50 获取到号码【1545392】的GSD为【-】
2024-07-11 01:08:00 GSD insert 第 1 次 等待 3 秒
2024-07-11 01:08:03 {"status":"bad","gid":"631406","msg":"添加失败！号码【1545392(-|-)】已存在！"}
2024-07-11 01:08:03 随机等待 85 秒，约 1 分钟
2024-07-11 01:08:03 下次操作: 2024-07-11 01:09:28

2024-07-11 01:09:28 开始第 5510 次操作

2024-07-11 01:09:28 开始操作号码 【1545393】
2024-07-11 01:09:35 GSD getOne 第 1 次 等待 3 秒
2024-07-11 01:09:38 查询号码 【1545393】，返回信息 {"status":"ok","msg":"-","gid":"631421","time_insert":"2023-04-03 07:51"}
2024-07-11 01:09:38 查询号码 【1545393】，GSD为【"-"】
2024-07-11 01:09:38 ok && -
2024-07-11 01:09:40 CHB 1545393?1720631378 第 1 次 等待 3 秒
2024-07-11 01:09:43 CHB 1545393?1720631378 第 1 次 获取到号码【1545393】GSD
2024-07-11 01:09:43 未获取到号码【1545393】GSD，可能号码格式错误
2024-07-11 01:09:43 获取到号码【1545393】的GSD为【-】
2024-07-11 01:09:51 GSD insert 第 1 次 等待 3 秒
2024-07-11 01:09:54 {"status":"bad","gid":"631421","msg":"添加失败！号码【1545393(-|-)】已存在！"}
2024-07-11 01:09:54 随机等待 185 秒，约 3 分钟
2024-07-11 01:09:54 下次操作: 2024-07-11 01:12:59

2024-07-11 01:12:59 开始第 5511 次操作

2024-07-11 01:12:59 开始操作号码 【1545394】
2024-07-11 01:13:08 GSD getOne 第 1 次 等待 3 秒
2024-07-11 01:13:11 查询号码 【1545394】，返回信息 {"status":"ok","msg":"-","gid":"631426","time_insert":"2023-04-03 08:02"}
2024-07-11 01:13:11 查询号码 【1545394】，GSD为【"-"】
2024-07-11 01:13:11 ok && -
2024-07-11 01:13:13 CHB 1545394?1720631591 第 1 次 等待 3 秒
2024-07-11 01:13:16 CHB 1545394?1720631591 第 1 次 获取到号码【1545394】GSD
2024-07-11 01:13:16 未获取到号码【1545394】GSD，可能号码格式错误
2024-07-11 01:13:16 获取到号码【1545394】的GSD为【-】
2024-07-11 01:13:24 GSD insert 第 1 次 等待 3 秒
2024-07-11 01:13:27 {"status":"bad","gid":"631426","msg":"添加失败！号码【1545394(-|-)】已存在！"}
2024-07-11 01:13:27 随机等待 178 秒，约 2 分钟
2024-07-11 01:13:27 下次操作: 2024-07-11 01:16:25

2024-07-11 01:16:25 开始第 5512 次操作

2024-07-11 01:16:25 开始操作号码 【1545395】
2024-07-11 01:16:33 GSD getOne 第 1 次 等待 3 秒
2024-07-11 01:16:36 查询号码 【1545395】，返回信息 {"status":"ok","msg":"-","gid":"631437","time_insert":"2023-04-03 08:16"}
2024-07-11 01:16:36 查询号码 【1545395】，GSD为【"-"】
2024-07-11 01:16:36 ok && -
2024-07-11 01:16:38 CHB 1545395?1720631796 第 1 次 等待 3 秒
2024-07-11 01:16:41 CHB 1545395?1720631796 第 1 次 获取到号码【1545395】GSD
2024-07-11 01:16:41 未获取到号码【1545395】GSD，可能号码格式错误
2024-07-11 01:16:41 获取到号码【1545395】的GSD为【-】
2024-07-11 01:16:51 GSD insert 第 1 次 等待 3 秒
2024-07-11 01:16:54 {"status":"bad","gid":"631437","msg":"添加失败！号码【1545395(-|-)】已存在！"}

