2023-11-06 00:08:23 开始第 7245 次操作

2023-11-06 00:08:23 开始操作号码 【1977145】
2023-11-06 00:08:26 GSD getOne 第 1 次 等待 3 秒
2023-11-06 00:08:29 查询号码 【1977145】，返回信息 {"status":"ok","msg":"-","gid":"579120","time_insert":"2023-03-09 06:14"}
2023-11-06 00:08:29 查询号码 【1977145】，GSD为【"-"】
2023-11-06 00:08:29 ok && -
2023-11-06 00:08:32 CHB 1977145?1699200509 第 1 次 等待 3 秒
2023-11-06 00:08:35 CHB 1977145?1699200509 第 1 次 获取到号码【1977145】GSD
2023-11-06 00:08:35 未获取到号码【1977145】GSD，可能号码格式错误
2023-11-06 00:08:35 获取到号码【1977145】的GSD为【-】
2023-11-06 00:08:38 GSD insert 第 1 次 等待 3 秒
2023-11-06 00:08:41 {"status":"bad","gid":"579120","msg":"添加失败！号码【1977145(-|-)】已存在！"}
2023-11-06 00:08:41 随机等待 95 秒，约 1 分钟
2023-11-06 00:08:41 下次操作: 2023-11-06 00:10:16

2023-11-06 00:10:16 开始第 7246 次操作

2023-11-06 00:10:16 开始操作号码 【1977146】
2023-11-06 00:10:19 GSD getOne 第 1 次 等待 3 秒
2023-11-06 00:10:22 查询号码 【1977146】，返回信息 {"status":"ok","msg":"-","gid":"579123","time_insert":"2023-03-09 06:16"}
2023-11-06 00:10:22 查询号码 【1977146】，GSD为【"-"】
2023-11-06 00:10:22 ok && -
2023-11-06 00:10:30 CHB 1977146?1699200622 第 1 次 等待 3 秒
2023-11-06 00:10:33 CHB 1977146?1699200622 第 1 次 获取到号码【1977146】GSD
2023-11-06 00:10:33 未获取到号码【1977146】GSD，可能号码格式错误
2023-11-06 00:10:33 获取到号码【1977146】的GSD为【-】
2023-11-06 00:10:37 GSD insert 第 1 次 等待 3 秒
2023-11-06 00:10:40 {"status":"bad","gid":"579123","msg":"添加失败！号码【1977146(-|-)】已存在！"}
2023-11-06 00:10:40 随机等待 151 秒，约 2 分钟
2023-11-06 00:10:40 下次操作: 2023-11-06 00:13:11

2023-11-06 00:13:11 开始第 7247 次操作

2023-11-06 00:13:11 开始操作号码 【1977147】
2023-11-06 00:13:15 GSD getOne 第 1 次 等待 3 秒
2023-11-06 00:13:18 查询号码 【1977147】，返回信息 {"status":"ok","msg":"-","gid":"579130","time_insert":"2023-03-09 06:18"}
2023-11-06 00:13:18 查询号码 【1977147】，GSD为【"-"】
2023-11-06 00:13:18 ok && -
2023-11-06 00:13:20 CHB 1977147?1699200798 第 1 次 等待 3 秒
2023-11-06 00:13:23 CHB 1977147?1699200798 第 1 次 获取到号码【1977147】GSD
2023-11-06 00:13:23 未获取到号码【1977147】GSD，可能号码格式错误
2023-11-06 00:13:23 获取到号码【1977147】的GSD为【-】
2023-11-06 00:13:27 GSD insert 第 1 次 等待 3 秒
2023-11-06 00:13:30 {"status":"bad","gid":"579130","msg":"添加失败！号码【1977147(-|-)】已存在！"}
2023-11-06 00:13:30 随机等待 182 秒，约 3 分钟
2023-11-06 00:13:30 下次操作: 2023-11-06 00:16:32

2023-11-06 00:16:32 开始第 7248 次操作

2023-11-06 00:16:32 开始操作号码 【1977148】
2023-11-06 00:16:36 GSD getOne 第 1 次 等待 3 秒
2023-11-06 00:16:39 查询号码 【1977148】，返回信息 {"status":"ok","msg":"-","gid":"579133","time_insert":"2023-03-09 06:20"}
2023-11-06 00:16:39 查询号码 【1977148】，GSD为【"-"】
2023-11-06 00:16:39 ok && -
2023-11-06 00:16:42 CHB 1977148?1699200999 第 1 次 等待 3 秒
2023-11-06 00:16:45 CHB 1977148?1699200999 第 1 次 获取到号码【1977148】GSD
2023-11-06 00:16:45 未获取到号码【1977148】GSD，可能号码格式错误
2023-11-06 00:16:45 获取到号码【1977148】的GSD为【-】
2023-11-06 00:16:48 GSD insert 第 1 次 等待 3 秒
2023-11-06 00:16:51 {"status":"bad","gid":"579133","msg":"添加失败！号码【1977148(-|-)】已存在！"}

2023-11-06 00:35:39 开始第 7249 次操作

2023-11-06 00:35:39 开始操作号码 【1977149】
2023-11-06 00:35:43 GSD getOne 第 1 次 等待 3 秒
2023-11-06 00:35:46 查询号码 【1977149】，返回信息 {"status":"ok","msg":"-","gid":"579146","time_insert":"2023-03-09 06:31"}
2023-11-06 00:35:47 查询号码 【1977149】，GSD为【"-"】
2023-11-06 00:35:47 ok && -
2023-11-06 00:35:49 CHB 1977149?1699202147 第 1 次 等待 3 秒
2023-11-06 00:35:52 CHB 1977149?1699202147 第 1 次 获取到号码【1977149】GSD
2023-11-06 00:35:52 未获取到号码【1977149】GSD，可能号码格式错误
2023-11-06 00:35:52 获取到号码【1977149】的GSD为【-】
2023-11-06 00:35:58 GSD insert 第 1 次 等待 3 秒
2023-11-06 00:36:01 {"status":"bad","gid":"579146","msg":"添加失败！号码【1977149(-|-)】已存在！"}
2023-11-06 00:36:01 随机等待 215 秒，约 3 分钟
2023-11-06 00:36:01 下次操作: 2023-11-06 00:39:36

2023-11-06 00:39:36 开始第 7250 次操作

2023-11-06 00:39:36 开始操作号码 【1977150】
2023-11-06 00:39:40 GSD getOne 第 1 次 等待 3 秒
2023-11-06 00:39:43 查询号码 【1977150】，返回信息 {"status":"ok","msg":"-","gid":"579151","time_insert":"2023-03-09 06:33"}
2023-11-06 00:39:43 查询号码 【1977150】，GSD为【"-"】
2023-11-06 00:39:43 ok && -
2023-11-06 00:39:45 CHB 1977150?1699202383 第 1 次 等待 3 秒
2023-11-06 00:39:48 CHB 1977150?1699202383 第 1 次 获取到号码【1977150】GSD
2023-11-06 00:39:48 未获取到号码【1977150】GSD，可能号码格式错误
2023-11-06 00:39:48 获取到号码【1977150】的GSD为【-】
2023-11-06 00:39:52 GSD insert 第 1 次 等待 3 秒
2023-11-06 00:39:55 {"status":"bad","gid":"579151","msg":"添加失败！号码【1977150(-|-)】已存在！"}
2023-11-06 00:39:55 随机等待 222 秒，约 3 分钟
2023-11-06 00:39:55 下次操作: 2023-11-06 00:43:37

2023-11-06 00:43:37 开始第 7251 次操作

2023-11-06 00:43:37 开始操作号码 【1977151】
2023-11-06 00:43:41 GSD getOne 第 1 次 等待 3 秒
2023-11-06 00:43:44 查询号码 【1977151】，返回信息 {"status":"ok","msg":"-","gid":"579155","time_insert":"2023-03-09 06:36"}
2023-11-06 00:43:44 查询号码 【1977151】，GSD为【"-"】
2023-11-06 00:43:44 ok && -
2023-11-06 00:43:46 CHB 1977151?1699202624 第 1 次 等待 3 秒
2023-11-06 00:43:49 CHB 1977151?1699202624 第 1 次 获取到号码【1977151】GSD
2023-11-06 00:43:49 未获取到号码【1977151】GSD，可能号码格式错误
2023-11-06 00:43:49 获取到号码【1977151】的GSD为【-】
2023-11-06 00:43:54 GSD insert 第 1 次 等待 3 秒
2023-11-06 00:43:57 {"status":"bad","gid":"579155","msg":"添加失败！号码【1977151(-|-)】已存在！"}
2023-11-06 00:43:57 随机等待 138 秒，约 2 分钟
2023-11-06 00:43:57 下次操作: 2023-11-06 00:46:15

2023-11-06 00:46:15 开始第 7252 次操作

2023-11-06 00:46:15 开始操作号码 【1977152】
2023-11-06 00:46:18 GSD getOne 第 1 次 等待 3 秒
2023-11-06 00:46:21 查询号码 【1977152】，返回信息 {"status":"ok","msg":"-","gid":"579157","time_insert":"2023-03-09 06:38"}
2023-11-06 00:46:21 查询号码 【1977152】，GSD为【"-"】
2023-11-06 00:46:21 ok && -
2023-11-06 00:46:24 CHB 1977152?1699202781 第 1 次 等待 3 秒
2023-11-06 00:46:27 CHB 1977152?1699202781 第 1 次 获取到号码【1977152】GSD
2023-11-06 00:46:27 未获取到号码【1977152】GSD，可能号码格式错误
2023-11-06 00:46:27 获取到号码【1977152】的GSD为【-】
2023-11-06 00:46:30 GSD insert 第 1 次 等待 3 秒
2023-11-06 00:46:33 {"status":"bad","gid":"579157","msg":"添加失败！号码【1977152(-|-)】已存在！"}

