2024-09-18 00:27:51 开始第 4865 次操作

2024-09-18 00:27:51 开始操作号码 【1434862】
2024-09-18 00:27:59 GSD getOne 第 1 次 等待 3 秒
2024-09-18 00:28:02 查询号码 【1434862】，返回信息 {"status":"ok","msg":"-","gid":"616536","time_insert":"2023-03-26 21:23"}
2024-09-18 00:28:02 查询号码 【1434862】，GSD为【"-"】
2024-09-18 00:28:02 ok && -
2024-09-18 00:28:07 CHB 1434862?1726590482 第 1 次 等待 3 秒
2024-09-18 00:28:10 CHB 1434862?1726590482 第 1 次 获取到号码【1434862】GSD
2024-09-18 00:28:10 未获取到号码【1434862】GSD，可能号码格式错误
2024-09-18 00:28:10 获取到号码【1434862】的GSD为【-】
2024-09-18 00:28:18 GSD insert 第 1 次 等待 3 秒
2024-09-18 00:28:21 {"status":"bad","gid":"616536","msg":"添加失败！号码【1434862(-|-)】已存在！"}
2024-09-18 00:28:21 随机等待 102 秒，约 1 分钟
2024-09-18 00:28:21 下次操作: 2024-09-18 00:30:03

2024-09-18 00:30:03 开始第 4866 次操作

2024-09-18 00:30:03 开始操作号码 【1434863】
2024-09-18 00:30:11 GSD getOne 第 1 次 等待 3 秒
2024-09-18 00:30:14 查询号码 【1434863】，返回信息 {"status":"ok","msg":"-","gid":"616558","time_insert":"2023-03-26 21:35"}
2024-09-18 00:30:14 查询号码 【1434863】，GSD为【"-"】
2024-09-18 00:30:14 ok && -
2024-09-18 00:30:16 CHB 1434863?1726590614 第 1 次 等待 3 秒
2024-09-18 00:30:19 CHB 1434863?1726590614 第 1 次 获取到号码【1434863】GSD
2024-09-18 00:30:19 未获取到号码【1434863】GSD，可能号码格式错误
2024-09-18 00:30:19 获取到号码【1434863】的GSD为【-】
2024-09-18 00:30:27 GSD insert 第 1 次 等待 3 秒
2024-09-18 00:30:30 {"status":"bad","gid":"616558","msg":"添加失败！号码【1434863(-|-)】已存在！"}
2024-09-18 00:30:30 随机等待 224 秒，约 3 分钟
2024-09-18 00:30:30 下次操作: 2024-09-18 00:34:14

2024-09-18 00:34:14 开始第 4867 次操作

2024-09-18 00:34:14 开始操作号码 【1434864】
2024-09-18 00:34:22 GSD getOne 第 1 次 等待 3 秒
2024-09-18 00:34:25 查询号码 【1434864】，返回信息 {"status":"ok","msg":"-","gid":"616583","time_insert":"2023-03-26 21:50"}
2024-09-18 00:34:25 查询号码 【1434864】，GSD为【"-"】
2024-09-18 00:34:25 ok && -
2024-09-18 00:34:27 CHB 1434864?1726590865 第 1 次 等待 3 秒
2024-09-18 00:34:30 CHB 1434864?1726590865 第 1 次 获取到号码【1434864】GSD
2024-09-18 00:34:30 未获取到号码【1434864】GSD，可能号码格式错误
2024-09-18 00:34:30 获取到号码【1434864】的GSD为【-】
2024-09-18 00:34:40 GSD insert 第 1 次 等待 3 秒
2024-09-18 00:34:43 {"status":"bad","gid":"616583","msg":"添加失败！号码【1434864(-|-)】已存在！"}
2024-09-18 00:34:43 随机等待 213 秒，约 3 分钟
2024-09-18 00:34:43 下次操作: 2024-09-18 00:38:16

2024-09-18 00:38:16 开始第 4868 次操作

2024-09-18 00:38:16 开始操作号码 【1434865】
2024-09-18 00:38:24 GSD getOne 第 1 次 等待 3 秒
2024-09-18 00:38:27 查询号码 【1434865】，返回信息 {"status":"ok","msg":"-","gid":"616601","time_insert":"2023-03-26 22:01"}
2024-09-18 00:38:27 查询号码 【1434865】，GSD为【"-"】
2024-09-18 00:38:27 ok && -
2024-09-18 00:38:30 CHB 1434865?1726591107 第 1 次 等待 3 秒
2024-09-18 00:38:33 CHB 1434865?1726591107 第 1 次 获取到号码【1434865】GSD
2024-09-18 00:38:33 未获取到号码【1434865】GSD，可能号码格式错误
2024-09-18 00:38:33 获取到号码【1434865】的GSD为【-】
2024-09-18 00:38:42 GSD insert 第 1 次 等待 3 秒
2024-09-18 00:38:45 {"status":"bad","gid":"616601","msg":"添加失败！号码【1434865(-|-)】已存在！"}

