2024-06-23 00:10:24 开始第 2221 次操作

2024-06-23 00:10:24 开始操作号码 【1542111】
2024-06-23 00:10:38 GSD getOne 第 1 次 等待 3 秒
2024-06-23 00:10:41 查询号码 【1542111】，返回信息 {"status":"ok","msg":"-","gid":"554750","time_insert":"2023-02-25 20:01"}
2024-06-23 00:10:41 查询号码 【1542111】，GSD为【"-"】
2024-06-23 00:10:41 ok && -
2024-06-23 00:10:43 CHB 1542111?1719072641 第 1 次 等待 3 秒
2024-06-23 00:10:46 CHB 1542111?1719072641 第 1 次 获取到号码【1542111】GSD
2024-06-23 00:10:46 未获取到号码【1542111】GSD，可能号码格式错误
2024-06-23 00:10:46 获取到号码【1542111】的GSD为【-】
2024-06-23 00:11:00 GSD insert 第 1 次 等待 3 秒
2024-06-23 00:11:03 {"status":"bad","gid":"554750","msg":"添加失败！号码【1542111(-|-)】已存在！"}
2024-06-23 00:11:03 随机等待 124 秒，约 2 分钟
2024-06-23 00:11:03 下次操作: 2024-06-23 00:13:07

2024-06-23 00:13:07 开始第 2222 次操作

2024-06-23 00:13:07 开始操作号码 【1542112】
2024-06-23 00:13:23 GSD getOne 第 1 次 等待 3 秒
2024-06-23 00:13:26 查询号码 【1542112】，返回信息 {"status":"ok","msg":"-","gid":"554762","time_insert":"2023-02-25 20:13"}
2024-06-23 00:13:26 查询号码 【1542112】，GSD为【"-"】
2024-06-23 00:13:26 ok && -
2024-06-23 00:13:27 CHB 1542112?1719072806 第 1 次 等待 3 秒
2024-06-23 00:13:30 CHB 1542112?1719072806 第 1 次 获取到号码【1542112】GSD
2024-06-23 00:13:30 未获取到号码【1542112】GSD，可能号码格式错误
2024-06-23 00:13:30 获取到号码【1542112】的GSD为【-】
2024-06-23 00:14:08 GSD insert 第 1 次 等待 3 秒
2024-06-23 00:14:11 {"status":"bad","gid":"554762","msg":"添加失败！号码【1542112(-|-)】已存在！"}
2024-06-23 00:14:11 随机等待 169 秒，约 2 分钟
2024-06-23 00:14:11 下次操作: 2024-06-23 00:17:00

2024-06-23 00:17:00 开始第 2223 次操作

2024-06-23 00:17:00 开始操作号码 【1542113】
2024-06-23 00:17:19 GSD getOne 第 1 次 等待 3 秒
2024-06-23 00:17:22 查询号码 【1542113】，返回信息 {"status":"ok","msg":"-","gid":"554790","time_insert":"2023-02-25 20:31"}
2024-06-23 00:17:22 查询号码 【1542113】，GSD为【"-"】
2024-06-23 00:17:22 ok && -
2024-06-23 00:17:24 CHB 1542113?1719073042 第 1 次 等待 3 秒
2024-06-23 00:17:27 CHB 1542113?1719073042 第 1 次 获取到号码【1542113】GSD
2024-06-23 00:17:28 未获取到号码【1542113】GSD，可能号码格式错误
2024-06-23 00:17:28 获取到号码【1542113】的GSD为【-】
2024-06-23 00:17:41 GSD insert 第 1 次 等待 3 秒
2024-06-23 00:17:44 {"status":"bad","gid":"554790","msg":"添加失败！号码【1542113(-|-)】已存在！"}
2024-06-23 00:17:44 随机等待 160 秒，约 2 分钟
2024-06-23 00:17:44 下次操作: 2024-06-23 00:20:24

2024-06-23 00:20:24 开始第 2224 次操作

2024-06-23 00:20:24 开始操作号码 【1542114】
2024-06-23 00:20:37 GSD getOne 第 1 次 等待 3 秒
2024-06-23 00:20:40 查询号码 【1542114】，返回信息 {"status":"ok","msg":"-","gid":"554835","time_insert":"2023-02-25 21:04"}
2024-06-23 00:20:40 查询号码 【1542114】，GSD为【"-"】
2024-06-23 00:20:41 ok && -
2024-06-23 00:20:43 CHB 1542114?1719073241 第 1 次 等待 3 秒
2024-06-23 00:20:46 CHB 1542114?1719073241 第 1 次 获取到号码【1542114】GSD
2024-06-23 00:20:46 未获取到号码【1542114】GSD，可能号码格式错误
2024-06-23 00:20:46 获取到号码【1542114】的GSD为【-】
2024-06-23 00:20:59 GSD insert 第 1 次 等待 3 秒
2024-06-23 00:21:02 {"status":"bad","gid":"554835","msg":"添加失败！号码【1542114(-|-)】已存在！"}

2024-06-23 00:36:40 开始第 2225 次操作

2024-06-23 00:36:40 开始操作号码 【1542115】
2024-06-23 00:37:00 GSD getOne 第 1 次 等待 3 秒
2024-06-23 00:37:03 查询号码 【1542115】，返回信息 {"status":"ok","msg":"-","gid":"554855","time_insert":"2023-02-25 21:18"}
2024-06-23 00:37:03 查询号码 【1542115】，GSD为【"-"】
2024-06-23 00:37:03 ok && -
2024-06-23 00:37:04 CHB 1542115?1719074223 第 1 次 等待 3 秒
2024-06-23 00:37:07 CHB 1542115?1719074223 第 1 次 获取到号码【1542115】GSD
2024-06-23 00:37:07 未获取到号码【1542115】GSD，可能号码格式错误
2024-06-23 00:37:07 获取到号码【1542115】的GSD为【-】
2024-06-23 00:37:26 GSD insert 第 1 次 等待 3 秒
2024-06-23 00:37:29 {"status":"bad","gid":"554855","msg":"添加失败！号码【1542115(-|-)】已存在！"}
2024-06-23 00:37:29 随机等待 67 秒，约 1 分钟
2024-06-23 00:37:29 下次操作: 2024-06-23 00:38:36

2024-06-23 00:38:36 开始第 2226 次操作

2024-06-23 00:38:36 开始操作号码 【1542116】
2024-06-23 00:38:54 GSD getOne 第 1 次 等待 3 秒
2024-06-23 00:38:57 查询号码 【1542116】，返回信息 {"status":"ok","msg":"-","gid":"554881","time_insert":"2023-02-25 21:33"}
2024-06-23 00:38:57 查询号码 【1542116】，GSD为【"-"】
2024-06-23 00:38:57 ok && -
2024-06-23 00:38:58 CHB 1542116?1719074337 第 1 次 等待 3 秒
2024-06-23 00:39:01 CHB 1542116?1719074337 第 1 次 获取到号码【1542116】GSD
2024-06-23 00:39:01 未获取到号码【1542116】GSD，可能号码格式错误
2024-06-23 00:39:01 获取到号码【1542116】的GSD为【-】
2024-06-23 00:39:18 GSD insert 第 1 次 等待 3 秒
2024-06-23 00:39:21 {"status":"bad","gid":"554881","msg":"添加失败！号码【1542116(-|-)】已存在！"}
2024-06-23 00:39:21 随机等待 181 秒，约 3 分钟
2024-06-23 00:39:21 下次操作: 2024-06-23 00:42:22

2024-06-23 00:42:22 开始第 2227 次操作

2024-06-23 00:42:22 开始操作号码 【1542117】
2024-06-23 00:42:53 GSD getOne 第 1 次 等待 3 秒
2024-06-23 00:42:56 查询号码 【1542117】，返回信息 {"status":"ok","msg":"-","gid":"554903","time_insert":"2023-02-25 21:46"}
2024-06-23 00:42:56 查询号码 【1542117】，GSD为【"-"】
2024-06-23 00:42:56 ok && -
2024-06-23 00:42:58 CHB 1542117?1719074576 第 1 次 等待 3 秒
2024-06-23 00:43:01 CHB 1542117?1719074576 第 1 次 获取到号码【1542117】GSD
2024-06-23 00:43:01 未获取到号码【1542117】GSD，可能号码格式错误
2024-06-23 00:43:01 获取到号码【1542117】的GSD为【-】
2024-06-23 00:43:22 GSD insert 第 1 次 等待 3 秒
2024-06-23 00:43:25 {"status":"bad","gid":"554903","msg":"添加失败！号码【1542117(-|-)】已存在！"}
2024-06-23 00:43:25 随机等待 115 秒，约 1 分钟
2024-06-23 00:43:25 下次操作: 2024-06-23 00:45:20

2024-06-23 00:45:20 开始第 2228 次操作

2024-06-23 00:45:20 开始操作号码 【1542118】
2024-06-23 00:45:33 GSD getOne 第 1 次 等待 3 秒
2024-06-23 00:45:36 查询号码 【1542118】，返回信息 {"status":"ok","msg":"-","gid":"554918","time_insert":"2023-02-25 21:54"}
2024-06-23 00:45:36 查询号码 【1542118】，GSD为【"-"】
2024-06-23 00:45:36 ok && -
2024-06-23 00:45:38 CHB 1542118?1719074736 第 1 次 等待 3 秒
2024-06-23 00:45:41 CHB 1542118?1719074736 第 1 次 获取到号码【1542118】GSD
2024-06-23 00:45:41 未获取到号码【1542118】GSD，可能号码格式错误
2024-06-23 00:45:41 获取到号码【1542118】的GSD为【-】
2024-06-23 00:46:24 GSD insert 第 1 次 等待 3 秒
2024-06-23 00:46:27 {"status":"bad","gid":"554918","msg":"添加失败！号码【1542118(-|-)】已存在！"}

