2024-05-01 00:10:42 开始第 6649 次操作

2024-05-01 00:10:42 开始操作号码 【1656550】
2024-05-01 00:11:40 GSD getOne 第 1 次 等待 3 秒
2024-05-01 00:11:43 查询号码 【1656550】，返回信息 {"status":"ok","msg":"安徽-滁州","gid":"294544","time_insert":"2021-07-16 15:58"}
2024-05-01 00:11:43 查询号码 【1656550】，GSD为【"安徽-滁州"】

2024-05-01 00:11:45 开始第 6650 次操作

2024-05-01 00:11:45 开始操作号码 【1656551】
2024-05-01 00:11:49 GSD getOne 第 1 次 等待 3 秒
2024-05-01 00:11:52 查询号码 【1656551】，返回信息 {"status":"ok","msg":"黑龙江-绥化","gid":"294553","time_insert":"2021-07-16 15:59"}
2024-05-01 00:11:52 查询号码 【1656551】，GSD为【"黑龙江-绥化"】

2024-05-01 00:11:53 开始第 6651 次操作

2024-05-01 00:11:53 开始操作号码 【1656552】
2024-05-01 00:11:59 GSD getOne 第 1 次 等待 3 秒
2024-05-01 00:12:02 查询号码 【1656552】，返回信息 {"status":"ok","msg":"山东-临沂","gid":"294564","time_insert":"2021-07-16 15:59"}
2024-05-01 00:12:02 查询号码 【1656552】，GSD为【"山东-临沂"】

2024-05-01 00:12:03 开始第 6652 次操作

2024-05-01 00:12:03 开始操作号码 【1656553】
2024-05-01 00:12:09 GSD getOne 第 1 次 等待 3 秒
2024-05-01 00:12:12 查询号码 【1656553】，返回信息 {"status":"ok","msg":"河北-廊坊","gid":"294569","time_insert":"2021-07-16 16:00"}
2024-05-01 00:12:12 查询号码 【1656553】，GSD为【"河北-廊坊"】

