2023-10-09 00:08:20 开始第 2325 次操作

2023-10-09 00:08:20 开始操作号码 【1972324】
2023-10-09 00:08:31 GSD getOne 第 1 次 等待 3 秒
2023-10-09 00:08:34 查询号码 【1972324】，返回信息 {"status":"ok","msg":"四川-凉山","gid":"549328","time_insert":"2023-02-23 11:48"}
2023-10-09 00:08:34 查询号码 【1972324】，GSD为【"四川-凉山"】

2023-10-09 00:08:35 开始第 2326 次操作

2023-10-09 00:08:35 开始操作号码 【1972325】
2023-10-09 00:08:37 GSD getOne 第 1 次 等待 3 秒
2023-10-09 00:08:40 查询号码 【1972325】，返回信息 {"status":"ok","msg":"贵州-六盘水","gid":"549338","time_insert":"2023-02-23 11:51"}
2023-10-09 00:08:40 查询号码 【1972325】，GSD为【"贵州-六盘水"】

2023-10-09 00:08:41 开始第 2327 次操作

2023-10-09 00:08:41 开始操作号码 【1972326】
2023-10-09 00:08:56 GSD getOne 第 1 次 等待 3 秒
2023-10-09 00:08:59 查询号码 【1972326】，返回信息 {"status":"ok","msg":"贵州-六盘水","gid":"549340","time_insert":"2023-02-23 11:54"}
2023-10-09 00:08:59 查询号码 【1972326】，GSD为【"贵州-六盘水"】

2023-10-09 00:09:00 开始第 2328 次操作

2023-10-09 00:09:00 开始操作号码 【1972327】
2023-10-09 00:09:04 GSD getOne 第 1 次 等待 3 秒
2023-10-09 00:09:07 查询号码 【1972327】，返回信息 {"status":"ok","msg":"贵州-六盘水","gid":"549342","time_insert":"2023-02-23 11:55"}
2023-10-09 00:09:07 查询号码 【1972327】，GSD为【"贵州-六盘水"】

2023-10-09 00:33:34 开始第 2329 次操作

2023-10-09 00:33:34 开始操作号码 【1972328】
2023-10-09 00:33:40 GSD getOne 第 1 次 等待 3 秒
2023-10-09 00:33:43 查询号码 【1972328】，返回信息 {"status":"ok","msg":"贵州-六盘水","gid":"549344","time_insert":"2023-02-23 11:57"}
2023-10-09 00:33:43 查询号码 【1972328】，GSD为【"贵州-六盘水"】

2023-10-09 00:33:44 开始第 2330 次操作

2023-10-09 00:33:44 开始操作号码 【1972329】
2023-10-09 00:33:53 GSD getOne 第 1 次 等待 3 秒
2023-10-09 00:33:56 查询号码 【1972329】，返回信息 {"status":"ok","msg":"贵州-六盘水","gid":"549347","time_insert":"2023-02-23 11:59"}
2023-10-09 00:33:57 查询号码 【1972329】，GSD为【"贵州-六盘水"】

2023-10-09 00:33:58 开始第 2331 次操作

2023-10-09 00:33:58 开始操作号码 【1972330】
2023-10-09 00:34:02 GSD getOne 第 1 次 等待 3 秒
2023-10-09 00:34:05 查询号码 【1972330】，返回信息 {"status":"ok","msg":"吉林-长春","gid":"549353","time_insert":"2023-02-23 12:01"}
2023-10-09 00:34:05 查询号码 【1972330】，GSD为【"吉林-长春"】

2023-10-09 00:34:06 开始第 2332 次操作

2023-10-09 00:34:06 开始操作号码 【1972331】
2023-10-09 00:34:09 GSD getOne 第 1 次 等待 3 秒
2023-10-09 00:34:12 查询号码 【1972331】，返回信息 {"status":"ok","msg":"吉林-长春","gid":"549372","time_insert":"2023-02-23 12:17"}
2023-10-09 00:34:12 查询号码 【1972331】，GSD为【"吉林-长春"】

2023-10-09 01:05:59 开始第 2333 次操作

2023-10-09 01:05:59 开始操作号码 【1972332】
2023-10-09 01:06:08 GSD getOne 第 1 次 等待 3 秒
2023-10-09 01:06:11 查询号码 【1972332】，返回信息 {"status":"ok","msg":"吉林-长春","gid":"549379","time_insert":"2023-02-23 12:19"}
2023-10-09 01:06:11 查询号码 【1972332】，GSD为【"吉林-长春"】

2023-10-09 01:06:12 开始第 2334 次操作

2023-10-09 01:06:12 开始操作号码 【1972333】
2023-10-09 01:06:15 GSD getOne 第 1 次 等待 3 秒
2023-10-09 01:06:18 查询号码 【1972333】，返回信息 {"status":"ok","msg":"吉林-长春","gid":"549383","time_insert":"2023-02-23 12:22"}
2023-10-09 01:06:18 查询号码 【1972333】，GSD为【"吉林-长春"】

2023-10-09 01:06:19 开始第 2335 次操作

2023-10-09 01:06:19 开始操作号码 【1972334】
2023-10-09 01:06:26 GSD getOne 第 1 次 等待 3 秒
2023-10-09 01:06:29 查询号码 【1972334】，返回信息 {"status":"ok","msg":"吉林-长春","gid":"549385","time_insert":"2023-02-23 12:23"}
2023-10-09 01:06:29 查询号码 【1972334】，GSD为【"吉林-长春"】

2023-10-09 01:06:31 开始第 2336 次操作

2023-10-09 01:06:31 开始操作号码 【1972335】
2023-10-09 01:06:37 GSD getOne 第 1 次 等待 3 秒
2023-10-09 01:06:40 查询号码 【1972335】，返回信息 {"status":"ok","msg":"吉林-长春","gid":"549400","time_insert":"2023-02-23 12:35"}
2023-10-09 01:06:40 查询号码 【1972335】，GSD为【"吉林-长春"】

2023-10-09 01:32:15 开始第 2337 次操作

2023-10-09 01:32:15 开始操作号码 【1972336】
2023-10-09 01:32:17 GSD getOne 第 1 次 等待 3 秒
2023-10-09 01:32:20 查询号码 【1972336】，返回信息 {"status":"ok","msg":"上海-上海","gid":"549404","time_insert":"2023-02-23 12:37"}
2023-10-09 01:32:20 查询号码 【1972336】，GSD为【"上海-上海"】

2023-10-09 01:32:21 开始第 2338 次操作

2023-10-09 01:32:21 开始操作号码 【1972337】
2023-10-09 01:32:25 GSD getOne 第 1 次 等待 3 秒
2023-10-09 01:32:28 查询号码 【1972337】，返回信息 {"status":"ok","msg":"上海-上海","gid":"549407","time_insert":"2023-02-23 12:39"}
2023-10-09 01:32:28 查询号码 【1972337】，GSD为【"上海-上海"】

2023-10-09 01:32:29 开始第 2339 次操作

2023-10-09 01:32:29 开始操作号码 【1972338】
2023-10-09 01:32:41 GSD getOne 第 1 次 等待 3 秒
2023-10-09 01:32:44 查询号码 【1972338】，返回信息 {"status":"ok","msg":"上海-上海","gid":"549411","time_insert":"2023-02-23 12:41"}
2023-10-09 01:32:44 查询号码 【1972338】，GSD为【"上海-上海"】

2023-10-09 01:32:45 开始第 2340 次操作

2023-10-09 01:32:45 开始操作号码 【1972339】
2023-10-09 01:32:47 GSD getOne 第 1 次 等待 3 秒
2023-10-09 01:32:50 查询号码 【1972339】，返回信息 {"status":"ok","msg":"上海-上海","gid":"549421","time_insert":"2023-02-23 12:45"}
2023-10-09 01:32:50 查询号码 【1972339】，GSD为【"上海-上海"】

