2024-04-27 00:10:58 开始第 5913 次操作

2024-04-27 00:10:58 开始操作号码 【1655814】
2024-04-27 00:11:05 GSD getOne 第 1 次 等待 3 秒
2024-04-27 00:11:08 查询号码 【1655814】，返回信息 {"status":"ok","msg":"黑龙江-佳木斯","gid":"287028","time_insert":"2021-07-15 20:07","time_update":"2021-09-08 17:27"}
2024-04-27 00:11:09 查询号码 【1655814】，GSD为【"黑龙江-佳木斯"】

2024-04-27 00:11:10 开始第 5914 次操作

2024-04-27 00:11:10 开始操作号码 【1655815】
2024-04-27 00:11:16 GSD getOne 第 1 次 等待 3 秒
2024-04-27 00:11:19 查询号码 【1655815】，返回信息 {"status":"ok","msg":"山东-聊城","gid":"287034","time_insert":"2021-07-15 20:08","time_update":"2021-09-08 17:37"}
2024-04-27 00:11:19 查询号码 【1655815】，GSD为【"山东-聊城"】

2024-04-27 00:11:20 开始第 5915 次操作

2024-04-27 00:11:20 开始操作号码 【1655816】
2024-04-27 00:11:27 GSD getOne 第 1 次 等待 3 秒
2024-04-27 00:11:30 查询号码 【1655816】，返回信息 {"status":"ok","msg":"山东-聊城","gid":"287044","time_insert":"2021-07-15 20:09","time_update":"2021-09-08 17:47"}
2024-04-27 00:11:30 查询号码 【1655816】，GSD为【"山东-聊城"】

2024-04-27 00:11:31 开始第 5916 次操作

2024-04-27 00:11:31 开始操作号码 【1655817】
2024-04-27 00:11:35 GSD getOne 第 1 次 等待 3 秒
2024-04-27 00:11:38 查询号码 【1655817】，返回信息 {"status":"ok","msg":"山东-济南","gid":"287052","time_insert":"2021-07-15 20:11","time_update":"2021-09-08 17:57"}
2024-04-27 00:11:39 查询号码 【1655817】，GSD为【"山东-济南"】

2024-04-27 00:36:02 开始第 5917 次操作

2024-04-27 00:36:02 开始操作号码 【1655818】
2024-04-27 00:36:08 GSD getOne 第 1 次 等待 3 秒
2024-04-27 00:36:11 查询号码 【1655818】，返回信息 {"status":"ok","msg":"山东-烟台","gid":"287056","time_insert":"2021-07-15 20:12","time_update":"2021-09-08 18:06"}
2024-04-27 00:36:11 查询号码 【1655818】，GSD为【"山东-烟台"】

2024-04-27 00:36:12 开始第 5918 次操作

2024-04-27 00:36:12 开始操作号码 【1655819】
2024-04-27 00:36:20 GSD getOne 第 1 次 等待 3 秒
2024-04-27 00:36:23 查询号码 【1655819】，返回信息 {"status":"ok","msg":"北京-北京","gid":"287061","time_insert":"2021-07-15 20:13","time_update":"2021-09-08 18:16"}
2024-04-27 00:36:23 查询号码 【1655819】，GSD为【"北京-北京"】

2024-04-27 00:36:24 开始第 5919 次操作

2024-04-27 00:36:24 开始操作号码 【1655820】
2024-04-27 00:36:34 GSD getOne 第 1 次 等待 3 秒
2024-04-27 00:36:37 查询号码 【1655820】，返回信息 {"status":"ok","msg":"河北-廊坊","gid":"287065","time_insert":"2021-07-15 20:14","time_update":"2021-09-08 18:26"}
2024-04-27 00:36:37 查询号码 【1655820】，GSD为【"河北-廊坊"】

2024-04-27 00:36:38 开始第 5920 次操作

2024-04-27 00:36:38 开始操作号码 【1655821】
2024-04-27 00:36:45 GSD getOne 第 1 次 等待 3 秒
2024-04-27 00:36:48 查询号码 【1655821】，返回信息 {"status":"ok","msg":"山东-聊城","gid":"287070","time_insert":"2021-07-15 20:16","time_update":"2021-09-08 18:36"}
2024-04-27 00:36:48 查询号码 【1655821】，GSD为【"山东-聊城"】

