2024-02-28 00:09:43 开始第 6229 次操作

2024-02-28 00:09:43 开始操作号码 【1766129】
2024-02-28 00:09:49 GSD getOne 第 1 次 等待 3 秒
2024-02-28 00:09:52 查询号码 【1766129】，返回信息 {"status":"ok","msg":"山东-泰安","gid":"180481","time_insert":"2021-07-03 10:27"}
2024-02-28 00:09:52 查询号码 【1766129】，GSD为【"山东-泰安"】

2024-02-28 00:09:53 开始第 6230 次操作

2024-02-28 00:09:53 开始操作号码 【1766130】
2024-02-28 00:09:58 GSD getOne 第 1 次 等待 3 秒
2024-02-28 00:10:01 查询号码 【1766130】，返回信息 {"status":"ok","msg":"山东-济宁","gid":"180474","time_insert":"2021-07-03 10:26"}
2024-02-28 00:10:01 查询号码 【1766130】，GSD为【"山东-济宁"】

2024-02-28 00:10:02 开始第 6231 次操作

2024-02-28 00:10:03 开始操作号码 【1766131】
2024-02-28 00:10:11 GSD getOne 第 1 次 等待 3 秒
2024-02-28 00:10:14 查询号码 【1766131】，返回信息 {"status":"ok","msg":"山东-济宁","gid":"180465","time_insert":"2021-07-03 10:25"}
2024-02-28 00:10:14 查询号码 【1766131】，GSD为【"山东-济宁"】

2024-02-28 00:10:15 开始第 6232 次操作

2024-02-28 00:10:15 开始操作号码 【1766132】
2024-02-28 00:10:23 GSD getOne 第 1 次 等待 3 秒
2024-02-28 00:10:26 查询号码 【1766132】，返回信息 {"status":"ok","msg":"山东-济宁","gid":"180458","time_insert":"2021-07-03 10:25"}
2024-02-28 00:10:26 查询号码 【1766132】，GSD为【"山东-济宁"】

