2021-07-28 00:00:29 开始第 18 次操作

2021-07-28 00:00:29 开始操作号码 【1565355】
2021-07-28 00:00:36 GSD getOne 第 1 次 等待 3 秒
2021-07-28 00:00:39 查询号码 【1565355】，返回信息 {"status":"bad","msg":""}
2021-07-28 00:00:39 查询号码 【1565355】，GSD为【""】
2021-07-28 00:00:39 bad
2021-07-28 00:00:41 CHB 1565355?1627401639 第 1 次 等待 3 秒
2021-07-28 00:00:44 CHB 1565355?1627401639 第 1 次 获取到号码【1565355】GSD
2021-07-28 00:00:44 获取到号码【1565355】的GSD为【山东-烟台】
2021-07-28 00:00:50 GSD insert 第 1 次 等待 3 秒
2021-07-28 00:00:53 {"status":"ok","gid":418598,"msg":"添加成功！"}
2021-07-28 00:00:53 下次操作: 2021-07-28 00:01:17

2021-07-28 00:01:17 开始第 19 次操作

2021-07-28 00:01:17 开始操作号码 【1565354】
2021-07-28 00:02:07 GSD getOne 第 1 次 等待 3 秒
2021-07-28 00:02:10 查询号码 【1565354】，返回信息 {"status":"bad","msg":""}
2021-07-28 00:02:10 查询号码 【1565354】，GSD为【""】
2021-07-28 00:02:10 bad
2021-07-28 00:02:12 CHB 1565354?1627401730 第 1 次 等待 3 秒
2021-07-28 00:02:15 CHB 1565354?1627401730 第 1 次 获取到号码【1565354】GSD
2021-07-28 00:02:15 获取到号码【1565354】的GSD为【山东-烟台】
2021-07-28 00:02:18 GSD insert 第 1 次 等待 3 秒
2021-07-28 00:02:21 {"status":"ok","gid":418625,"msg":"添加成功！"}
2021-07-28 00:02:21 下次操作: 2021-07-28 00:02:35

2021-07-28 00:02:35 开始第 20 次操作

2021-07-28 00:02:35 开始操作号码 【1565353】
2021-07-28 00:02:41 GSD getOne 第 1 次 等待 3 秒
2021-07-28 00:02:44 查询号码 【1565353】，返回信息 {"status":"bad","msg":""}
2021-07-28 00:02:45 查询号码 【1565353】，GSD为【""】
2021-07-28 00:02:45 bad
2021-07-28 00:02:46 CHB 1565353?1627401765 第 1 次 等待 3 秒
2021-07-28 00:02:49 CHB 1565353?1627401765 第 1 次 获取到号码【1565353】GSD
2021-07-28 00:02:49 获取到号码【1565353】的GSD为【山东-烟台】
2021-07-28 00:02:55 GSD insert 第 1 次 等待 3 秒
2021-07-28 00:02:58 {"status":"ok","gid":418634,"msg":"添加成功！"}
2021-07-28 00:02:58 下次操作: 2021-07-28 00:03:17

2021-07-28 00:03:17 开始第 21 次操作

2021-07-28 00:03:17 开始操作号码 【1565352】
2021-07-28 00:03:22 GSD getOne 第 1 次 等待 3 秒
2021-07-28 00:03:25 查询号码 【1565352】，返回信息 {"status":"bad","msg":""}
2021-07-28 00:03:25 查询号码 【1565352】，GSD为【""】
2021-07-28 00:03:25 bad
2021-07-28 00:03:26 CHB 1565352?1627401805 第 1 次 等待 3 秒
2021-07-28 00:03:29 CHB 1565352?1627401805 第 1 次 获取到号码【1565352】GSD
2021-07-28 00:03:29 获取到号码【1565352】的GSD为【山东-烟台】
2021-07-28 00:03:34 GSD insert 第 1 次 等待 3 秒
2021-07-28 00:03:37 {"status":"ok","gid":418644,"msg":"添加成功！"}
2021-07-28 00:03:37 下次操作: 2021-07-28 00:03:58

2021-07-28 00:03:58 开始第 22 次操作

2021-07-28 00:03:58 开始操作号码 【1565351】
2021-07-28 00:04:01 GSD getOne 第 1 次 等待 3 秒
2021-07-28 00:04:04 查询号码 【1565351】，返回信息 {"status":"bad","msg":""}
2021-07-28 00:04:04 查询号码 【1565351】，GSD为【""】
2021-07-28 00:04:04 bad
2021-07-28 00:04:06 CHB 1565351?1627401844 第 1 次 等待 3 秒
2021-07-28 00:04:09 CHB 1565351?1627401844 第 1 次 获取到号码【1565351】GSD
2021-07-28 00:04:09 获取到号码【1565351】的GSD为【山东-烟台】
2021-07-28 00:04:14 GSD insert 第 1 次 等待 3 秒
2021-07-28 00:04:17 {"status":"ok","gid":418653,"msg":"添加成功！"}
2021-07-28 00:04:17 下次操作: 2021-07-28 00:04:40

2021-07-28 00:04:40 开始第 23 次操作

2021-07-28 00:04:40 开始操作号码 【1565350】
2021-07-28 00:04:43 GSD getOne 第 1 次 等待 3 秒
2021-07-28 00:04:46 查询号码 【1565350】，返回信息 {"status":"ok","msg":"山东-烟台","gid":"22642","time_insert":"2019-12-26 09:19","time_update":"2020-09-09 13:26"}
2021-07-28 00:04:46 查询号码 【1565350】，GSD为【"山东-烟台"】

2021-07-28 00:04:46 开始第 23 次操作

2021-07-28 00:04:46 开始操作号码 【1565349】
2021-07-28 00:04:49 GSD getOne 第 1 次 等待 3 秒
2021-07-28 00:04:52 查询号码 【1565349】，返回信息 {"status":"bad","msg":""}
2021-07-28 00:04:52 查询号码 【1565349】，GSD为【""】
2021-07-28 00:04:52 bad
2021-07-28 00:04:54 CHB 1565349?1627401892 第 1 次 等待 3 秒
2021-07-28 00:04:57 CHB 1565349?1627401892 第 1 次 获取到号码【1565349】GSD
2021-07-28 00:04:57 获取到号码【1565349】的GSD为【山东-聊城】
2021-07-28 00:05:00 GSD insert 第 1 次 等待 3 秒
2021-07-28 00:05:03 {"status":"ok","gid":418666,"msg":"添加成功！"}
2021-07-28 00:05:03 下次操作: 2021-07-28 00:05:27

2021-07-28 00:05:27 开始第 24 次操作

2021-07-28 00:05:27 开始操作号码 【1565348】
2021-07-28 00:05:31 GSD getOne 第 1 次 等待 3 秒
2021-07-28 00:05:34 查询号码 【1565348】，返回信息 {"status":"bad","msg":""}
2021-07-28 00:05:34 查询号码 【1565348】，GSD为【""】
2021-07-28 00:05:34 bad
2021-07-28 00:05:36 CHB 1565348?1627401934 第 1 次 等待 3 秒
2021-07-28 00:05:39 CHB 1565348?1627401934 第 1 次 获取到号码【1565348】GSD
2021-07-28 00:05:39 获取到号码【1565348】的GSD为【山东-菏泽】
2021-07-28 00:05:42 GSD insert 第 1 次 等待 3 秒
2021-07-28 00:05:45 {"status":"ok","gid":418676,"msg":"添加成功！"}
2021-07-28 00:05:45 下次操作: 2021-07-28 00:06:00

2021-07-28 00:06:00 开始第 25 次操作

2021-07-28 00:06:00 开始操作号码 【1565347】
2021-07-28 00:06:07 GSD getOne 第 1 次 等待 3 秒
2021-07-28 00:06:10 查询号码 【1565347】，返回信息 {"status":"bad","msg":""}
2021-07-28 00:06:10 查询号码 【1565347】，GSD为【""】
2021-07-28 00:06:10 bad
2021-07-28 00:06:16 CHB 1565347?1627401970 第 1 次 等待 3 秒
2021-07-28 00:06:19 CHB 1565347?1627401970 第 1 次 获取到号码【1565347】GSD
2021-07-28 00:06:19 获取到号码【1565347】的GSD为【山东-潍坊】
2021-07-28 00:06:21 GSD insert 第 1 次 等待 3 秒
2021-07-28 00:06:24 {"status":"ok","gid":418684,"msg":"添加成功！"}
2021-07-28 00:06:24 下次操作: 2021-07-28 00:06:46

2021-07-28 00:06:46 开始第 26 次操作

2021-07-28 00:06:46 开始操作号码 【1565346】
2021-07-28 00:06:49 GSD getOne 第 1 次 等待 3 秒
2021-07-28 00:06:52 查询号码 【1565346】，返回信息 {"status":"bad","msg":""}
2021-07-28 00:06:52 查询号码 【1565346】，GSD为【""】
2021-07-28 00:06:52 bad
2021-07-28 00:06:54 CHB 1565346?1627402012 第 1 次 等待 3 秒
2021-07-28 00:06:57 CHB 1565346?1627402012 第 1 次 获取到号码【1565346】GSD
2021-07-28 00:06:57 获取到号码【1565346】的GSD为【山东-潍坊】
2021-07-28 00:07:17 GSD insert 第 1 次 等待 3 秒
2021-07-28 00:07:20 {"status":"ok","gid":418700,"msg":"添加成功！"}
2021-07-28 00:07:20 下次操作: 2021-07-28 00:07:39

2021-07-28 00:07:39 开始第 27 次操作

2021-07-28 00:07:39 开始操作号码 【1565345】
2021-07-28 00:07:42 GSD getOne 第 1 次 等待 3 秒
2021-07-28 00:07:45 查询号码 【1565345】，返回信息 {"status":"bad","msg":""}
2021-07-28 00:07:45 查询号码 【1565345】，GSD为【""】
2021-07-28 00:07:45 bad
2021-07-28 00:07:46 CHB 1565345?1627402065 第 1 次 等待 3 秒
2021-07-28 00:07:49 CHB 1565345?1627402065 第 1 次 获取到号码【1565345】GSD
2021-07-28 00:07:50 获取到号码【1565345】的GSD为【山东-潍坊】
2021-07-28 00:07:54 GSD insert 第 1 次 等待 3 秒
2021-07-28 00:07:57 {"status":"ok","gid":418711,"msg":"添加成功！"}
2021-07-28 00:07:57 下次操作: 2021-07-28 00:08:21

2021-07-28 00:08:21 开始第 28 次操作

2021-07-28 00:08:21 开始操作号码 【1565344】
2021-07-28 00:08:24 GSD getOne 第 1 次 等待 3 秒
2021-07-28 00:08:27 查询号码 【1565344】，返回信息 {"status":"bad","msg":""}
2021-07-28 00:08:27 查询号码 【1565344】，GSD为【""】
2021-07-28 00:08:27 bad
2021-07-28 00:08:29 CHB 1565344?1627402107 第 1 次 等待 3 秒
2021-07-28 00:08:32 CHB 1565344?1627402107 第 1 次 获取到号码【1565344】GSD
2021-07-28 00:08:32 获取到号码【1565344】的GSD为【山东-潍坊】
2021-07-28 00:08:37 GSD insert 第 1 次 等待 3 秒
2021-07-28 00:08:40 {"status":"ok","gid":418719,"msg":"添加成功！"}
2021-07-28 00:08:40 下次操作: 2021-07-28 00:08:57

2021-07-28 00:08:57 开始第 29 次操作

2021-07-28 00:08:57 开始操作号码 【1565343】
2021-07-28 00:09:00 GSD getOne 第 1 次 等待 3 秒
2021-07-28 00:09:03 查询号码 【1565343】，返回信息 {"status":"ok","msg":"山东-潍坊","gid":"22641","time_insert":"2020-06-05 13:38","time_update":"2020-09-09 16:50"}
2021-07-28 00:09:03 查询号码 【1565343】，GSD为【"山东-潍坊"】

2021-07-28 00:09:03 开始第 29 次操作

2021-07-28 00:09:03 开始操作号码 【1565342】
2021-07-28 00:09:10 GSD getOne 第 1 次 等待 3 秒
2021-07-28 00:09:13 查询号码 【1565342】，返回信息 {"status":"bad","msg":""}
2021-07-28 00:09:13 查询号码 【1565342】，GSD为【""】
2021-07-28 00:09:13 bad
2021-07-28 00:09:15 CHB 1565342?1627402153 第 1 次 等待 3 秒
2021-07-28 00:09:18 CHB 1565342?1627402153 第 1 次 获取到号码【1565342】GSD
2021-07-28 00:09:18 获取到号码【1565342】的GSD为【山东-潍坊】
2021-07-28 00:09:21 GSD insert 第 1 次 等待 3 秒
2021-07-28 00:09:24 {"status":"ok","gid":418730,"msg":"添加成功！"}
2021-07-28 00:09:24 下次操作: 2021-07-28 00:09:46

2021-07-28 00:09:46 开始第 30 次操作

2021-07-28 00:09:46 开始操作号码 【1565341】
2021-07-28 00:09:54 GSD getOne 第 1 次 等待 3 秒
2021-07-28 00:09:57 查询号码 【1565341】，返回信息 {"status":"bad","msg":""}
2021-07-28 00:09:57 查询号码 【1565341】，GSD为【""】
2021-07-28 00:09:57 bad
2021-07-28 00:09:58 CHB 1565341?1627402197 第 1 次 等待 3 秒
2021-07-28 00:10:01 CHB 1565341?1627402197 第 1 次 获取到号码【1565341】GSD
2021-07-28 00:10:02 获取到号码【1565341】的GSD为【山东-潍坊】
2021-07-28 00:10:08 GSD insert 第 1 次 等待 3 秒
2021-07-28 00:10:11 {"status":"ok","gid":418741,"msg":"添加成功！"}
2021-07-28 00:10:11 下次操作: 2021-07-28 00:10:33

2021-07-28 00:10:33 开始第 31 次操作

2021-07-28 00:10:33 开始操作号码 【1565340】
2021-07-28 00:10:36 GSD getOne 第 1 次 等待 3 秒
2021-07-28 00:10:39 查询号码 【1565340】，返回信息 {"status":"bad","msg":""}
2021-07-28 00:10:39 查询号码 【1565340】，GSD为【""】
2021-07-28 00:10:39 bad
2021-07-28 00:10:40 CHB 1565340?1627402239 第 1 次 等待 3 秒
2021-07-28 00:10:43 CHB 1565340?1627402239 第 1 次 获取到号码【1565340】GSD
2021-07-28 00:10:43 获取到号码【1565340】的GSD为【山东-德州】
2021-07-28 00:10:46 GSD insert 第 1 次 等待 3 秒
2021-07-28 00:10:49 {"status":"ok","gid":418752,"msg":"添加成功！"}
2021-07-28 00:10:49 下次操作: 2021-07-28 00:11:09

2021-07-28 00:11:09 开始第 32 次操作

2021-07-28 00:11:09 开始操作号码 【1565339】
2021-07-28 00:11:12 GSD getOne 第 1 次 等待 3 秒
2021-07-28 00:11:15 查询号码 【1565339】，返回信息 {"status":"bad","msg":""}
2021-07-28 00:11:15 查询号码 【1565339】，GSD为【""】
2021-07-28 00:11:15 bad
2021-07-28 00:11:18 CHB 1565339?1627402275 第 1 次 等待 3 秒
2021-07-28 00:11:21 CHB 1565339?1627402275 第 1 次 获取到号码【1565339】GSD
2021-07-28 00:11:21 获取到号码【1565339】的GSD为【山东-淄博】
2021-07-28 00:11:24 GSD insert 第 1 次 等待 3 秒
2021-07-28 00:11:27 {"status":"ok","gid":418760,"msg":"添加成功！"}
2021-07-28 00:11:27 下次操作: 2021-07-28 00:11:43

2021-07-28 00:11:43 开始第 33 次操作

2021-07-28 00:11:43 开始操作号码 【1565338】
2021-07-28 00:11:46 GSD getOne 第 1 次 等待 3 秒
2021-07-28 00:11:49 查询号码 【1565338】，返回信息 {"status":"bad","msg":""}
2021-07-28 00:11:49 查询号码 【1565338】，GSD为【""】
2021-07-28 00:11:49 bad
2021-07-28 00:11:51 CHB 1565338?1627402309 第 1 次 等待 3 秒
2021-07-28 00:11:54 CHB 1565338?1627402309 第 1 次 获取到号码【1565338】GSD
2021-07-28 00:11:54 获取到号码【1565338】的GSD为【山东-淄博】
2021-07-28 00:11:57 GSD insert 第 1 次 等待 3 秒
2021-07-28 00:12:00 {"status":"ok","gid":418768,"msg":"添加成功！"}
2021-07-28 00:12:00 下次操作: 2021-07-28 00:12:20

2021-07-28 00:12:20 开始第 34 次操作

2021-07-28 00:12:20 开始操作号码 【1565337】
2021-07-28 00:12:23 GSD getOne 第 1 次 等待 3 秒
2021-07-28 00:12:26 查询号码 【1565337】，返回信息 {"status":"bad","msg":""}
2021-07-28 00:12:26 查询号码 【1565337】，GSD为【""】
2021-07-28 00:12:26 bad
2021-07-28 00:12:28 CHB 1565337?1627402346 第 1 次 等待 3 秒
2021-07-28 00:12:31 CHB 1565337?1627402346 第 1 次 获取到号码【1565337】GSD
2021-07-28 00:12:31 获取到号码【1565337】的GSD为【山东-淄博】
2021-07-28 00:12:37 GSD insert 第 1 次 等待 3 秒
2021-07-28 00:12:40 {"status":"ok","gid":418778,"msg":"添加成功！"}
2021-07-28 00:12:40 下次操作: 2021-07-28 00:13:02

2021-07-28 00:13:02 开始第 35 次操作

2021-07-28 00:13:02 开始操作号码 【1565336】
2021-07-28 00:13:07 GSD getOne 第 1 次 等待 3 秒
2021-07-28 00:13:10 查询号码 【1565336】，返回信息 {"status":"bad","msg":""}
2021-07-28 00:13:10 查询号码 【1565336】，GSD为【""】
2021-07-28 00:13:10 bad
2021-07-28 00:13:12 CHB 1565336?1627402390 第 1 次 等待 3 秒
2021-07-28 00:13:15 CHB 1565336?1627402390 第 1 次 获取到号码【1565336】GSD
2021-07-28 00:13:15 获取到号码【1565336】的GSD为【山东-淄博】
2021-07-28 00:13:21 GSD insert 第 1 次 等待 3 秒
2021-07-28 00:13:24 {"status":"ok","gid":418790,"msg":"添加成功！"}
2021-07-28 00:13:24 下次操作: 2021-07-28 00:13:41

2021-07-28 00:13:41 开始第 36 次操作

2021-07-28 00:13:41 开始操作号码 【1565335】
2021-07-28 00:13:44 GSD getOne 第 1 次 等待 3 秒
2021-07-28 00:13:47 查询号码 【1565335】，返回信息 {"status":"bad","msg":""}
2021-07-28 00:13:47 查询号码 【1565335】，GSD为【""】
2021-07-28 00:13:47 bad
2021-07-28 00:13:49 CHB 1565335?1627402427 第 1 次 等待 3 秒
2021-07-28 00:13:52 CHB 1565335?1627402427 第 1 次 获取到号码【1565335】GSD
2021-07-28 00:13:52 获取到号码【1565335】的GSD为【山东-淄博】
2021-07-28 00:14:01 GSD insert 第 1 次 等待 3 秒
2021-07-28 00:14:04 {"status":"ok","gid":418796,"msg":"添加成功！"}
2021-07-28 00:14:04 下次操作: 2021-07-28 00:14:25

2021-07-28 00:14:25 开始第 37 次操作

2021-07-28 00:14:25 开始操作号码 【1565334】
2021-07-28 00:15:18 GSD getOne 第 1 次 等待 3 秒
2021-07-28 00:15:21 查询号码 【1565334】，返回信息 {"status":"bad","msg":""}
2021-07-28 00:15:21 查询号码 【1565334】，GSD为【""】
2021-07-28 00:15:21 bad
2021-07-28 00:15:23 CHB 1565334?1627402521 第 1 次 等待 3 秒
2021-07-28 00:15:26 CHB 1565334?1627402521 第 1 次 获取到号码【1565334】GSD
2021-07-28 00:15:26 获取到号码【1565334】的GSD为【山东-淄博】
2021-07-28 00:15:31 GSD insert 第 1 次 等待 3 秒
2021-07-28 00:15:34 {"status":"ok","gid":418810,"msg":"添加成功！"}
2021-07-28 00:15:34 下次操作: 2021-07-28 00:15:54

2021-07-28 00:15:54 开始第 38 次操作

2021-07-28 00:15:54 开始操作号码 【1565333】
2021-07-28 00:15:57 GSD getOne 第 1 次 等待 3 秒
2021-07-28 00:16:00 查询号码 【1565333】，返回信息 {"status":"bad","msg":""}
2021-07-28 00:16:01 查询号码 【1565333】，GSD为【""】
2021-07-28 00:16:01 bad
2021-07-28 00:16:03 CHB 1565333?1627402561 第 1 次 等待 3 秒
2021-07-28 00:16:06 CHB 1565333?1627402561 第 1 次 获取到号码【1565333】GSD
2021-07-28 00:16:06 获取到号码【1565333】的GSD为【山东-淄博】
2021-07-28 00:16:39 GSD insert 第 1 次 等待 3 秒
2021-07-28 00:16:42 {"status":"ok","gid":418825,"msg":"添加成功！"}
2021-07-28 00:16:42 下次操作: 2021-07-28 00:16:59

2021-07-28 00:16:59 开始第 39 次操作

2021-07-28 00:16:59 开始操作号码 【1565332】
2021-07-28 00:17:05 GSD getOne 第 1 次 等待 3 秒
2021-07-28 00:17:08 查询号码 【1565332】，返回信息 {"status":"bad","msg":""}
2021-07-28 00:17:08 查询号码 【1565332】，GSD为【""】
2021-07-28 00:17:08 bad
2021-07-28 00:17:09 CHB 1565332?1627402628 第 1 次 等待 3 秒
2021-07-28 00:17:12 CHB 1565332?1627402628 第 1 次 获取到号码【1565332】GSD
2021-07-28 00:17:12 获取到号码【1565332】的GSD为【山东-淄博】
2021-07-28 00:17:18 GSD insert 第 1 次 等待 3 秒
2021-07-28 00:17:21 {"status":"ok","gid":418831,"msg":"添加成功！"}
2021-07-28 00:17:21 下次操作: 2021-07-28 00:17:39

2021-07-28 00:17:39 开始第 40 次操作

2021-07-28 00:17:39 开始操作号码 【1565331】
2021-07-28 00:17:42 GSD getOne 第 1 次 等待 3 秒
2021-07-28 00:17:45 查询号码 【1565331】，返回信息 {"status":"bad","msg":""}
2021-07-28 00:17:45 查询号码 【1565331】，GSD为【""】
2021-07-28 00:17:45 bad
2021-07-28 00:17:47 CHB 1565331?1627402665 第 1 次 等待 3 秒
2021-07-28 00:17:50 CHB 1565331?1627402665 第 1 次 获取到号码【1565331】GSD
2021-07-28 00:17:50 获取到号码【1565331】的GSD为【山东-淄博】
2021-07-28 00:17:55 GSD insert 第 1 次 等待 3 秒
2021-07-28 00:17:58 {"status":"ok","gid":418839,"msg":"添加成功！"}

