2024-07-04 00:11:22 开始第 4233 次操作

2024-07-04 00:11:22 开始操作号码 【1544117】
2024-07-04 00:11:33 GSD getOne 第 1 次 等待 3 秒
2024-07-04 00:11:36 查询号码 【1544117】，返回信息 {"status":"ok","msg":"-","gid":"601194","time_insert":"2023-03-19 18:53"}
2024-07-04 00:11:36 查询号码 【1544117】，GSD为【"-"】
2024-07-04 00:11:36 ok && -
2024-07-04 00:11:38 CHB 1544117?1720023096 第 1 次 等待 3 秒
2024-07-04 00:11:41 CHB 1544117?1720023096 第 1 次 获取到号码【1544117】GSD
2024-07-04 00:11:41 未获取到号码【1544117】GSD，可能号码格式错误
2024-07-04 00:11:41 获取到号码【1544117】的GSD为【-】
2024-07-04 00:11:50 GSD insert 第 1 次 等待 3 秒
2024-07-04 00:11:53 {"status":"bad","gid":"601194","msg":"添加失败！号码【1544117(-|-)】已存在！"}
2024-07-04 00:11:53 随机等待 153 秒，约 2 分钟
2024-07-04 00:11:53 下次操作: 2024-07-04 00:14:26

2024-07-04 00:14:26 开始第 4234 次操作

2024-07-04 00:14:26 开始操作号码 【1544118】
2024-07-04 00:14:34 GSD getOne 第 1 次 等待 3 秒
2024-07-04 00:14:37 查询号码 【1544118】，返回信息 {"status":"ok","msg":"-","gid":"601218","time_insert":"2023-03-19 19:10"}
2024-07-04 00:14:37 查询号码 【1544118】，GSD为【"-"】
2024-07-04 00:14:37 ok && -
2024-07-04 00:14:39 CHB 1544118?1720023277 第 1 次 等待 3 秒
2024-07-04 00:14:42 CHB 1544118?1720023277 第 1 次 获取到号码【1544118】GSD
2024-07-04 00:14:42 未获取到号码【1544118】GSD，可能号码格式错误
2024-07-04 00:14:42 获取到号码【1544118】的GSD为【-】
2024-07-04 00:14:50 GSD insert 第 1 次 等待 3 秒
2024-07-04 00:14:53 {"status":"bad","gid":"601218","msg":"添加失败！号码【1544118(-|-)】已存在！"}
2024-07-04 00:14:53 随机等待 136 秒，约 2 分钟
2024-07-04 00:14:53 下次操作: 2024-07-04 00:17:09

2024-07-04 00:17:09 开始第 4235 次操作

2024-07-04 00:17:09 开始操作号码 【1544119】
2024-07-04 00:17:17 GSD getOne 第 1 次 等待 3 秒
2024-07-04 00:17:20 查询号码 【1544119】，返回信息 {"status":"ok","msg":"-","gid":"601238","time_insert":"2023-03-19 19:21"}
2024-07-04 00:17:20 查询号码 【1544119】，GSD为【"-"】
2024-07-04 00:17:20 ok && -
2024-07-04 00:17:22 CHB 1544119?1720023440 第 1 次 等待 3 秒
2024-07-04 00:17:25 CHB 1544119?1720023440 第 1 次 获取到号码【1544119】GSD
2024-07-04 00:17:25 未获取到号码【1544119】GSD，可能号码格式错误
2024-07-04 00:17:25 获取到号码【1544119】的GSD为【-】
2024-07-04 00:17:36 GSD insert 第 1 次 等待 3 秒
2024-07-04 00:17:39 {"status":"bad","gid":"601238","msg":"添加失败！号码【1544119(-|-)】已存在！"}
2024-07-04 00:17:39 随机等待 134 秒，约 2 分钟
2024-07-04 00:17:39 下次操作: 2024-07-04 00:19:53

2024-07-04 00:19:53 开始第 4236 次操作

2024-07-04 00:19:53 开始操作号码 【1544120】
2024-07-04 00:20:02 GSD getOne 第 1 次 等待 3 秒
2024-07-04 00:20:05 查询号码 【1544120】，返回信息 {"status":"ok","msg":"-","gid":"601253","time_insert":"2023-03-19 19:30"}
2024-07-04 00:20:05 查询号码 【1544120】，GSD为【"-"】
2024-07-04 00:20:05 ok && -
2024-07-04 00:20:07 CHB 1544120?1720023605 第 1 次 等待 3 秒
2024-07-04 00:20:10 CHB 1544120?1720023605 第 1 次 获取到号码【1544120】GSD
2024-07-04 00:20:10 未获取到号码【1544120】GSD，可能号码格式错误
2024-07-04 00:20:10 获取到号码【1544120】的GSD为【-】
2024-07-04 00:20:17 GSD insert 第 1 次 等待 3 秒
2024-07-04 00:20:20 {"status":"bad","gid":"601253","msg":"添加失败！号码【1544120(-|-)】已存在！"}

2024-07-04 00:38:19 开始第 4237 次操作

2024-07-04 00:38:19 开始操作号码 【1544121】
2024-07-04 00:38:29 GSD getOne 第 1 次 等待 3 秒
2024-07-04 00:38:32 查询号码 【1544121】，返回信息 {"status":"ok","msg":"-","gid":"601291","time_insert":"2023-03-19 19:54"}
2024-07-04 00:38:32 查询号码 【1544121】，GSD为【"-"】
2024-07-04 00:38:32 ok && -
2024-07-04 00:38:34 CHB 1544121?1720024712 第 1 次 等待 3 秒
2024-07-04 00:38:37 CHB 1544121?1720024712 第 1 次 获取到号码【1544121】GSD
2024-07-04 00:38:37 未获取到号码【1544121】GSD，可能号码格式错误
2024-07-04 00:38:37 获取到号码【1544121】的GSD为【-】
2024-07-04 00:38:47 GSD insert 第 1 次 等待 3 秒
2024-07-04 00:38:50 {"status":"bad","gid":"601291","msg":"添加失败！号码【1544121(-|-)】已存在！"}
2024-07-04 00:38:50 随机等待 113 秒，约 1 分钟
2024-07-04 00:38:50 下次操作: 2024-07-04 00:40:43

2024-07-04 00:40:43 开始第 4238 次操作

2024-07-04 00:40:43 开始操作号码 【1544122】
2024-07-04 00:40:51 GSD getOne 第 1 次 等待 3 秒
2024-07-04 00:40:54 查询号码 【1544122】，返回信息 {"status":"ok","msg":"-","gid":"601315","time_insert":"2023-03-19 20:12"}
2024-07-04 00:40:54 查询号码 【1544122】，GSD为【"-"】
2024-07-04 00:40:54 ok && -
2024-07-04 00:40:56 CHB 1544122?1720024854 第 1 次 等待 3 秒
2024-07-04 00:40:59 CHB 1544122?1720024854 第 1 次 获取到号码【1544122】GSD
2024-07-04 00:40:59 未获取到号码【1544122】GSD，可能号码格式错误
2024-07-04 00:40:59 获取到号码【1544122】的GSD为【-】
2024-07-04 00:41:07 GSD insert 第 1 次 等待 3 秒
2024-07-04 00:41:10 {"status":"bad","gid":"601315","msg":"添加失败！号码【1544122(-|-)】已存在！"}
2024-07-04 00:41:10 随机等待 189 秒，约 3 分钟
2024-07-04 00:41:10 下次操作: 2024-07-04 00:44:19

2024-07-04 00:44:19 开始第 4239 次操作

2024-07-04 00:44:19 开始操作号码 【1544123】
2024-07-04 00:44:27 GSD getOne 第 1 次 等待 3 秒
2024-07-04 00:44:30 查询号码 【1544123】，返回信息 {"status":"ok","msg":"-","gid":"601336","time_insert":"2023-03-19 20:26"}
2024-07-04 00:44:30 查询号码 【1544123】，GSD为【"-"】
2024-07-04 00:44:30 ok && -
2024-07-04 00:44:31 CHB 1544123?1720025070 第 1 次 等待 3 秒
2024-07-04 00:44:34 CHB 1544123?1720025070 第 1 次 获取到号码【1544123】GSD
2024-07-04 00:44:34 未获取到号码【1544123】GSD，可能号码格式错误
2024-07-04 00:44:34 获取到号码【1544123】的GSD为【-】
2024-07-04 00:44:45 GSD insert 第 1 次 等待 3 秒
2024-07-04 00:44:48 {"status":"bad","gid":"601336","msg":"添加失败！号码【1544123(-|-)】已存在！"}
2024-07-04 00:44:48 随机等待 178 秒，约 2 分钟
2024-07-04 00:44:48 下次操作: 2024-07-04 00:47:46

2024-07-04 00:47:46 开始第 4240 次操作

2024-07-04 00:47:46 开始操作号码 【1544124】
2024-07-04 00:47:54 GSD getOne 第 1 次 等待 3 秒
2024-07-04 00:47:57 查询号码 【1544124】，返回信息 {"status":"ok","msg":"-","gid":"601351","time_insert":"2023-03-19 20:43"}
2024-07-04 00:47:57 查询号码 【1544124】，GSD为【"-"】
2024-07-04 00:47:57 ok && -
2024-07-04 00:47:59 CHB 1544124?1720025277 第 1 次 等待 3 秒
2024-07-04 00:48:02 CHB 1544124?1720025277 第 1 次 获取到号码【1544124】GSD
2024-07-04 00:48:02 未获取到号码【1544124】GSD，可能号码格式错误
2024-07-04 00:48:02 获取到号码【1544124】的GSD为【-】
2024-07-04 00:48:12 GSD insert 第 1 次 等待 3 秒
2024-07-04 00:48:15 {"status":"bad","gid":"601351","msg":"添加失败！号码【1544124(-|-)】已存在！"}

2024-07-04 01:07:56 开始第 4241 次操作

2024-07-04 01:07:56 开始操作号码 【1544125】
2024-07-04 01:08:04 GSD getOne 第 1 次 等待 3 秒
2024-07-04 01:08:07 查询号码 【1544125】，返回信息 {"status":"ok","msg":"-","gid":"601381","time_insert":"2023-03-19 21:06"}
2024-07-04 01:08:07 查询号码 【1544125】，GSD为【"-"】
2024-07-04 01:08:07 ok && -
2024-07-04 01:08:09 CHB 1544125?1720026487 第 1 次 等待 3 秒
2024-07-04 01:08:12 CHB 1544125?1720026487 第 1 次 获取到号码【1544125】GSD
2024-07-04 01:08:12 未获取到号码【1544125】GSD，可能号码格式错误
2024-07-04 01:08:12 获取到号码【1544125】的GSD为【-】
2024-07-04 01:08:20 GSD insert 第 1 次 等待 3 秒
2024-07-04 01:08:23 {"status":"bad","gid":"601381","msg":"添加失败！号码【1544125(-|-)】已存在！"}
2024-07-04 01:08:23 随机等待 225 秒，约 3 分钟
2024-07-04 01:08:23 下次操作: 2024-07-04 01:12:08

2024-07-04 01:12:08 开始第 4242 次操作

2024-07-04 01:12:08 开始操作号码 【1544126】
2024-07-04 01:12:16 GSD getOne 第 1 次 等待 3 秒
2024-07-04 01:12:19 查询号码 【1544126】，返回信息 {"status":"ok","msg":"-","gid":"601396","time_insert":"2023-03-19 21:16"}
2024-07-04 01:12:19 查询号码 【1544126】，GSD为【"-"】
2024-07-04 01:12:19 ok && -
2024-07-04 01:12:21 CHB 1544126?1720026739 第 1 次 等待 3 秒
2024-07-04 01:12:24 CHB 1544126?1720026739 第 1 次 获取到号码【1544126】GSD
2024-07-04 01:12:24 未获取到号码【1544126】GSD，可能号码格式错误
2024-07-04 01:12:24 获取到号码【1544126】的GSD为【-】
2024-07-04 01:12:32 GSD insert 第 1 次 等待 3 秒
2024-07-04 01:12:35 {"status":"bad","gid":"601396","msg":"添加失败！号码【1544126(-|-)】已存在！"}
2024-07-04 01:12:35 随机等待 102 秒，约 1 分钟
2024-07-04 01:12:35 下次操作: 2024-07-04 01:14:17

2024-07-04 01:14:17 开始第 4243 次操作

2024-07-04 01:14:17 开始操作号码 【1544127】
2024-07-04 01:14:25 GSD getOne 第 1 次 等待 3 秒
2024-07-04 01:14:28 查询号码 【1544127】，返回信息 {"status":"ok","msg":"-","gid":"601422","time_insert":"2023-03-19 21:34"}
2024-07-04 01:14:28 查询号码 【1544127】，GSD为【"-"】
2024-07-04 01:14:28 ok && -
2024-07-04 01:14:30 CHB 1544127?1720026868 第 1 次 等待 3 秒
2024-07-04 01:14:33 CHB 1544127?1720026868 第 1 次 获取到号码【1544127】GSD
2024-07-04 01:14:33 未获取到号码【1544127】GSD，可能号码格式错误
2024-07-04 01:14:33 获取到号码【1544127】的GSD为【-】
2024-07-04 01:14:43 GSD insert 第 1 次 等待 3 秒
2024-07-04 01:14:46 {"status":"bad","gid":"601422","msg":"添加失败！号码【1544127(-|-)】已存在！"}
2024-07-04 01:14:46 随机等待 167 秒，约 2 分钟
2024-07-04 01:14:46 下次操作: 2024-07-04 01:17:33

2024-07-04 01:17:33 开始第 4244 次操作

2024-07-04 01:17:33 开始操作号码 【1544128】
2024-07-04 01:17:41 GSD getOne 第 1 次 等待 3 秒
2024-07-04 01:17:44 查询号码 【1544128】，返回信息 {"status":"ok","msg":"-","gid":"601458","time_insert":"2023-03-19 21:56"}
2024-07-04 01:17:44 查询号码 【1544128】，GSD为【"-"】
2024-07-04 01:17:44 ok && -
2024-07-04 01:17:46 CHB 1544128?1720027064 第 1 次 等待 3 秒
2024-07-04 01:17:49 CHB 1544128?1720027064 第 1 次 获取到号码【1544128】GSD
2024-07-04 01:17:49 未获取到号码【1544128】GSD，可能号码格式错误
2024-07-04 01:17:49 获取到号码【1544128】的GSD为【-】
2024-07-04 01:17:57 GSD insert 第 1 次 等待 3 秒
2024-07-04 01:18:00 {"status":"bad","gid":"601458","msg":"添加失败！号码【1544128(-|-)】已存在！"}

2024-07-04 01:32:09 开始第 4245 次操作

2024-07-04 01:32:09 开始操作号码 【1544129】
2024-07-04 01:32:19 GSD getOne 第 1 次 等待 3 秒
2024-07-04 01:32:22 查询号码 【1544129】，返回信息 {"status":"ok","msg":"-","gid":"601477","time_insert":"2023-03-19 22:06"}
2024-07-04 01:32:22 查询号码 【1544129】，GSD为【"-"】
2024-07-04 01:32:22 ok && -
2024-07-04 01:32:24 CHB 1544129?1720027942 第 1 次 等待 3 秒
2024-07-04 01:32:27 CHB 1544129?1720027942 第 1 次 获取到号码【1544129】GSD
2024-07-04 01:32:27 未获取到号码【1544129】GSD，可能号码格式错误
2024-07-04 01:32:27 获取到号码【1544129】的GSD为【-】
2024-07-04 01:32:38 GSD insert 第 1 次 等待 3 秒
2024-07-04 01:32:41 {"status":"bad","gid":"601477","msg":"添加失败！号码【1544129(-|-)】已存在！"}
2024-07-04 01:32:41 随机等待 170 秒，约 2 分钟
2024-07-04 01:32:41 下次操作: 2024-07-04 01:35:31

2024-07-04 01:35:31 开始第 4246 次操作

2024-07-04 01:35:31 开始操作号码 【1544130】
2024-07-04 01:35:46 GSD getOne 第 1 次 等待 3 秒
2024-07-04 01:35:49 查询号码 【1544130】，返回信息 {"status":"ok","msg":"-","gid":"601508","time_insert":"2023-03-19 22:29"}
2024-07-04 01:35:49 查询号码 【1544130】，GSD为【"-"】
2024-07-04 01:35:49 ok && -
2024-07-04 01:35:51 CHB 1544130?1720028149 第 1 次 等待 3 秒
2024-07-04 01:35:54 CHB 1544130?1720028149 第 1 次 获取到号码【1544130】GSD
2024-07-04 01:35:54 未获取到号码【1544130】GSD，可能号码格式错误
2024-07-04 01:35:54 获取到号码【1544130】的GSD为【-】
2024-07-04 01:36:02 GSD insert 第 1 次 等待 3 秒
2024-07-04 01:36:05 {"status":"bad","gid":"601508","msg":"添加失败！号码【1544130(-|-)】已存在！"}
2024-07-04 01:36:05 随机等待 135 秒，约 2 分钟
2024-07-04 01:36:05 下次操作: 2024-07-04 01:38:20

2024-07-04 01:38:20 开始第 4247 次操作

2024-07-04 01:38:20 开始操作号码 【1544131】
2024-07-04 01:38:28 GSD getOne 第 1 次 等待 3 秒
2024-07-04 01:38:31 查询号码 【1544131】，返回信息 {"status":"ok","msg":"-","gid":"601524","time_insert":"2023-03-19 22:38"}
2024-07-04 01:38:31 查询号码 【1544131】，GSD为【"-"】
2024-07-04 01:38:31 ok && -
2024-07-04 01:38:33 CHB 1544131?1720028311 第 1 次 等待 3 秒
2024-07-04 01:38:36 CHB 1544131?1720028311 第 1 次 获取到号码【1544131】GSD
2024-07-04 01:38:36 未获取到号码【1544131】GSD，可能号码格式错误
2024-07-04 01:38:36 获取到号码【1544131】的GSD为【-】
2024-07-04 01:38:44 GSD insert 第 1 次 等待 3 秒
2024-07-04 01:38:47 {"status":"bad","gid":"601524","msg":"添加失败！号码【1544131(-|-)】已存在！"}
2024-07-04 01:38:47 随机等待 213 秒，约 3 分钟
2024-07-04 01:38:47 下次操作: 2024-07-04 01:42:20

2024-07-04 01:42:20 开始第 4248 次操作

2024-07-04 01:42:20 开始操作号码 【1544132】
2024-07-04 01:42:28 GSD getOne 第 1 次 等待 3 秒
2024-07-04 01:42:31 查询号码 【1544132】，返回信息 {"status":"ok","msg":"-","gid":"601551","time_insert":"2023-03-19 22:53"}
2024-07-04 01:42:31 查询号码 【1544132】，GSD为【"-"】
2024-07-04 01:42:31 ok && -
2024-07-04 01:42:34 CHB 1544132?1720028551 第 1 次 等待 3 秒
2024-07-04 01:42:37 CHB 1544132?1720028551 第 1 次 获取到号码【1544132】GSD
2024-07-04 01:42:37 未获取到号码【1544132】GSD，可能号码格式错误
2024-07-04 01:42:37 获取到号码【1544132】的GSD为【-】
2024-07-04 01:42:45 GSD insert 第 1 次 等待 3 秒
2024-07-04 01:42:48 {"status":"bad","gid":"601551","msg":"添加失败！号码【1544132(-|-)】已存在！"}

2024-07-04 02:11:08 开始第 4249 次操作

2024-07-04 02:11:08 开始操作号码 【1544133】
2024-07-04 02:11:17 GSD getOne 第 1 次 等待 3 秒
2024-07-04 02:11:20 查询号码 【1544133】，返回信息 {"status":"ok","msg":"-","gid":"601569","time_insert":"2023-03-19 23:10"}
2024-07-04 02:11:20 查询号码 【1544133】，GSD为【"-"】
2024-07-04 02:11:20 ok && -
2024-07-04 02:11:21 CHB 1544133?1720030280 第 1 次 等待 3 秒
2024-07-04 02:11:24 CHB 1544133?1720030280 第 1 次 获取到号码【1544133】GSD
2024-07-04 02:11:24 未获取到号码【1544133】GSD，可能号码格式错误
2024-07-04 02:11:24 获取到号码【1544133】的GSD为【-】
2024-07-04 02:11:32 GSD insert 第 1 次 等待 3 秒
2024-07-04 02:11:35 {"status":"bad","gid":"601569","msg":"添加失败！号码【1544133(-|-)】已存在！"}
2024-07-04 02:11:35 随机等待 200 秒，约 3 分钟
2024-07-04 02:11:35 下次操作: 2024-07-04 02:14:55

2024-07-04 02:14:55 开始第 4250 次操作

2024-07-04 02:14:55 开始操作号码 【1544134】
2024-07-04 02:15:03 GSD getOne 第 1 次 等待 3 秒
2024-07-04 02:15:06 查询号码 【1544134】，返回信息 {"status":"ok","msg":"-","gid":"601601","time_insert":"2023-03-19 23:32"}
2024-07-04 02:15:06 查询号码 【1544134】，GSD为【"-"】
2024-07-04 02:15:06 ok && -
2024-07-04 02:15:08 CHB 1544134?1720030506 第 1 次 等待 3 秒
2024-07-04 02:15:11 CHB 1544134?1720030506 第 1 次 获取到号码【1544134】GSD
2024-07-04 02:15:11 未获取到号码【1544134】GSD，可能号码格式错误
2024-07-04 02:15:11 获取到号码【1544134】的GSD为【-】
2024-07-04 02:15:20 GSD insert 第 1 次 等待 3 秒
2024-07-04 02:15:23 {"status":"bad","gid":"601601","msg":"添加失败！号码【1544134(-|-)】已存在！"}
2024-07-04 02:15:23 随机等待 167 秒，约 2 分钟
2024-07-04 02:15:23 下次操作: 2024-07-04 02:18:10

2024-07-04 02:18:10 开始第 4251 次操作

2024-07-04 02:18:10 开始操作号码 【1544135】
2024-07-04 02:18:18 GSD getOne 第 1 次 等待 3 秒
2024-07-04 02:18:21 查询号码 【1544135】，返回信息 {"status":"ok","msg":"-","gid":"601621","time_insert":"2023-03-19 23:42"}
2024-07-04 02:18:21 查询号码 【1544135】，GSD为【"-"】
2024-07-04 02:18:21 ok && -
2024-07-04 02:18:23 CHB 1544135?1720030701 第 1 次 等待 3 秒
2024-07-04 02:18:26 CHB 1544135?1720030701 第 1 次 获取到号码【1544135】GSD
2024-07-04 02:18:26 未获取到号码【1544135】GSD，可能号码格式错误
2024-07-04 02:18:26 获取到号码【1544135】的GSD为【-】
2024-07-04 02:18:34 GSD insert 第 1 次 等待 3 秒
2024-07-04 02:18:37 {"status":"bad","gid":"601621","msg":"添加失败！号码【1544135(-|-)】已存在！"}
2024-07-04 02:18:37 随机等待 128 秒，约 2 分钟
2024-07-04 02:18:37 下次操作: 2024-07-04 02:20:45

2024-07-04 02:20:45 开始第 4252 次操作

2024-07-04 02:20:45 开始操作号码 【1544136】
2024-07-04 02:20:53 GSD getOne 第 1 次 等待 3 秒
2024-07-04 02:20:56 查询号码 【1544136】，返回信息 {"status":"ok","msg":"-","gid":"601638","time_insert":"2023-03-19 23:52"}
2024-07-04 02:20:56 查询号码 【1544136】，GSD为【"-"】
2024-07-04 02:20:56 ok && -
2024-07-04 02:20:58 CHB 1544136?1720030856 第 1 次 等待 3 秒
2024-07-04 02:21:01 CHB 1544136?1720030856 第 1 次 获取到号码【1544136】GSD
2024-07-04 02:21:01 未获取到号码【1544136】GSD，可能号码格式错误
2024-07-04 02:21:01 获取到号码【1544136】的GSD为【-】
2024-07-04 02:21:09 GSD insert 第 1 次 等待 3 秒
2024-07-04 02:21:12 {"status":"bad","gid":"601638","msg":"添加失败！号码【1544136(-|-)】已存在！"}

