2024-05-12 00:09:24 开始第 8677 次操作

2024-05-12 00:09:24 开始操作号码 【1658578】
2024-05-12 00:09:29 GSD getOne 第 1 次 等待 3 秒
2024-05-12 00:09:32 查询号码 【1658578】，返回信息 {"status":"ok","msg":"江苏-盐城","gid":"318927","time_insert":"2021-07-18 21:10","time_update":"2023-05-29 19:42"}
2024-05-12 00:09:33 查询号码 【1658578】，GSD为【"江苏-盐城"】

2024-05-12 00:09:34 开始第 8678 次操作

2024-05-12 00:09:34 开始操作号码 【1658579】
2024-05-12 00:09:39 GSD getOne 第 1 次 等待 3 秒
2024-05-12 00:09:42 查询号码 【1658579】，返回信息 {"status":"ok","msg":"浙江-金华","gid":"318938","time_insert":"2021-07-18 21:11","time_update":"2023-05-29 19:44"}
2024-05-12 00:09:42 查询号码 【1658579】，GSD为【"浙江-金华"】

2024-05-12 00:09:43 开始第 8679 次操作

2024-05-12 00:09:43 开始操作号码 【1658580】
2024-05-12 00:09:49 GSD getOne 第 1 次 等待 3 秒
2024-05-12 00:09:52 查询号码 【1658580】，返回信息 {"status":"ok","msg":"江苏-泰州","gid":"318947","time_insert":"2021-07-18 21:12","time_update":"2023-05-29 19:46"}
2024-05-12 00:09:52 查询号码 【1658580】，GSD为【"江苏-泰州"】

2024-05-12 00:09:53 开始第 8680 次操作

2024-05-12 00:09:53 开始操作号码 【1658581】
2024-05-12 00:10:02 GSD getOne 第 1 次 等待 3 秒
2024-05-12 00:10:05 查询号码 【1658581】，返回信息 {"status":"ok","msg":"四川-成都","gid":"318956","time_insert":"2021-07-18 21:12","time_update":"2023-05-29 19:54"}
2024-05-12 00:10:05 查询号码 【1658581】，GSD为【"四川-成都"】

2024-05-12 00:33:44 开始第 8681 次操作

2024-05-12 00:33:44 开始操作号码 【1658582】
2024-05-12 00:33:49 GSD getOne 第 1 次 等待 3 秒
2024-05-12 00:33:52 查询号码 【1658582】，返回信息 {"status":"ok","msg":"云南-昭通","gid":"318967","time_insert":"2021-07-18 21:13","time_update":"2023-05-29 20:01"}
2024-05-12 00:33:52 查询号码 【1658582】，GSD为【"云南-昭通"】

2024-05-12 00:33:53 开始第 8682 次操作

2024-05-12 00:33:53 开始操作号码 【1658583】
2024-05-12 00:33:57 GSD getOne 第 1 次 等待 3 秒
2024-05-12 00:34:00 查询号码 【1658583】，返回信息 {"status":"ok","msg":"江苏-连云港","gid":"318977","time_insert":"2021-07-18 21:13","time_update":"2023-05-29 20:06"}
2024-05-12 00:34:00 查询号码 【1658583】，GSD为【"江苏-连云港"】

2024-05-12 00:34:01 开始第 8683 次操作

2024-05-12 00:34:01 开始操作号码 【1658584】
2024-05-12 00:34:08 GSD getOne 第 1 次 等待 3 秒
2024-05-12 00:34:11 查询号码 【1658584】，返回信息 {"status":"ok","msg":"河南-商丘","gid":"318983","time_insert":"2021-07-18 21:14","time_update":"2023-05-29 20:08"}
2024-05-12 00:34:11 查询号码 【1658584】，GSD为【"河南-商丘"】

2024-05-12 00:34:12 开始第 8684 次操作

2024-05-12 00:34:12 开始操作号码 【1658585】
2024-05-12 00:34:18 GSD getOne 第 1 次 等待 3 秒
2024-05-12 00:34:21 查询号码 【1658585】，返回信息 {"status":"ok","msg":"福建-福州","gid":"318992","time_insert":"2021-07-18 21:14","time_update":"2023-05-29 20:15"}
2024-05-12 00:34:21 查询号码 【1658585】，GSD为【"福建-福州"】

2024-05-12 01:08:32 开始第 8685 次操作

2024-05-12 01:08:32 开始操作号码 【1658586】
2024-05-12 01:08:38 GSD getOne 第 1 次 等待 3 秒
2024-05-12 01:08:41 查询号码 【1658586】，返回信息 {"status":"ok","msg":"陕西-延安","gid":"319005","time_insert":"2021-07-18 21:15","time_update":"2023-05-29 20:24"}
2024-05-12 01:08:41 查询号码 【1658586】，GSD为【"陕西-延安"】

2024-05-12 01:08:42 开始第 8686 次操作

2024-05-12 01:08:42 开始操作号码 【1658587】
2024-05-12 01:08:48 GSD getOne 第 1 次 等待 3 秒
2024-05-12 01:08:51 查询号码 【1658587】，返回信息 {"status":"ok","msg":"湖南-益阳","gid":"319015","time_insert":"2021-07-18 21:16","time_update":"2023-05-29 20:27"}
2024-05-12 01:08:51 查询号码 【1658587】，GSD为【"湖南-益阳"】

2024-05-12 01:08:52 开始第 8687 次操作

2024-05-12 01:08:52 开始操作号码 【1658588】
2024-05-12 01:09:00 GSD getOne 第 1 次 等待 3 秒
2024-05-12 01:09:03 查询号码 【1658588】，返回信息 {"status":"ok","msg":"福建-福州","gid":"319026","time_insert":"2021-07-18 21:16","time_update":"2023-05-29 20:28"}
2024-05-12 01:09:03 查询号码 【1658588】，GSD为【"福建-福州"】

2024-05-12 01:09:04 开始第 8688 次操作

2024-05-12 01:09:04 开始操作号码 【1658589】
2024-05-12 01:09:11 GSD getOne 第 1 次 等待 3 秒
2024-05-12 01:09:14 查询号码 【1658589】，返回信息 {"status":"ok","msg":"河北-承德","gid":"319034","time_insert":"2021-07-18 21:17","time_update":"2023-05-29 20:37"}
2024-05-12 01:09:14 查询号码 【1658589】，GSD为【"河北-承德"】

2024-05-12 01:32:06 开始第 8689 次操作

2024-05-12 01:32:06 开始操作号码 【1658590】
2024-05-12 01:32:12 GSD getOne 第 1 次 等待 3 秒
2024-05-12 01:32:15 查询号码 【1658590】，返回信息 {"status":"ok","msg":"江西-上饶","gid":"319045","time_insert":"2021-07-18 21:18","time_update":"2023-05-29 20:43"}
2024-05-12 01:32:15 查询号码 【1658590】，GSD为【"江西-上饶"】

2024-05-12 01:32:16 开始第 8690 次操作

2024-05-12 01:32:16 开始操作号码 【1658591】
2024-05-12 01:32:22 GSD getOne 第 1 次 等待 3 秒
2024-05-12 01:32:25 查询号码 【1658591】，返回信息 {"status":"ok","msg":"湖南-怀化","gid":"319054","time_insert":"2021-07-18 21:18","time_update":"2023-05-29 20:47"}
2024-05-12 01:32:26 查询号码 【1658591】，GSD为【"湖南-怀化"】

2024-05-12 01:32:27 开始第 8691 次操作

2024-05-12 01:32:27 开始操作号码 【1658592】
2024-05-12 01:32:33 GSD getOne 第 1 次 等待 3 秒
2024-05-12 01:32:36 查询号码 【1658592】，返回信息 {"status":"ok","msg":"湖北-孝感","gid":"319065","time_insert":"2021-07-18 21:19","time_update":"2023-05-29 20:48"}
2024-05-12 01:32:36 查询号码 【1658592】，GSD为【"湖北-孝感"】

2024-05-12 01:32:37 开始第 8692 次操作

2024-05-12 01:32:37 开始操作号码 【1658593】
2024-05-12 01:32:55 GSD getOne 第 1 次 等待 3 秒
2024-05-12 01:32:58 查询号码 【1658593】，返回信息 {"status":"ok","msg":"广西-南宁","gid":"319070","time_insert":"2021-07-18 21:19","time_update":"2023-05-29 20:58"}
2024-05-12 01:32:58 查询号码 【1658593】，GSD为【"广西-南宁"】

2024-05-12 02:10:00 开始第 8693 次操作

2024-05-12 02:10:00 开始操作号码 【1658594】
2024-05-12 02:10:05 GSD getOne 第 1 次 等待 3 秒
2024-05-12 02:10:08 查询号码 【1658594】，返回信息 {"status":"ok","msg":"广西-柳州","gid":"319082","time_insert":"2021-07-18 21:20","time_update":"2023-05-29 21:07"}
2024-05-12 02:10:08 查询号码 【1658594】，GSD为【"广西-柳州"】

2024-05-12 02:10:09 开始第 8694 次操作

2024-05-12 02:10:09 开始操作号码 【1658595】
2024-05-12 02:10:18 GSD getOne 第 1 次 等待 3 秒
2024-05-12 02:10:21 查询号码 【1658595】，返回信息 {"status":"ok","msg":"湖北-十堰","gid":"319093","time_insert":"2021-07-18 21:21","time_update":"2023-05-29 21:08"}
2024-05-12 02:10:21 查询号码 【1658595】，GSD为【"湖北-十堰"】

2024-05-12 02:10:22 开始第 8695 次操作

2024-05-12 02:10:22 开始操作号码 【1658596】
2024-05-12 02:10:28 GSD getOne 第 1 次 等待 3 秒
2024-05-12 02:10:31 查询号码 【1658596】，返回信息 {"status":"ok","msg":"福建-宁德","gid":"319101","time_insert":"2021-07-18 21:21","time_update":"2023-05-29 21:10"}
2024-05-12 02:10:31 查询号码 【1658596】，GSD为【"福建-宁德"】

2024-05-12 02:10:32 开始第 8696 次操作

2024-05-12 02:10:32 开始操作号码 【1658597】
2024-05-12 02:10:39 GSD getOne 第 1 次 等待 3 秒
2024-05-12 02:10:42 查询号码 【1658597】，返回信息 {"status":"ok","msg":"江苏-徐州","gid":"319111","time_insert":"2021-07-18 21:22","time_update":"2023-05-29 21:16"}
2024-05-12 02:10:42 查询号码 【1658597】，GSD为【"江苏-徐州"】

