2024-09-26 00:30:43 开始第 6177 次操作

2024-09-26 00:30:43 开始操作号码 【1436173】
2024-09-26 00:30:45 GSD getOne 第 1 次 等待 3 秒
2024-09-26 00:30:48 查询号码 【1436173】，返回信息 {"status":"ok","msg":"-","gid":"650750","time_insert":"2023-04-13 04:06"}
2024-09-26 00:30:48 查询号码 【1436173】，GSD为【"-"】
2024-09-26 00:30:48 ok && -
2024-09-26 00:30:50 CHB 1436173?1727281848 第 1 次 等待 3 秒
2024-09-26 00:30:53 CHB 1436173?1727281848 第 1 次 获取到号码【1436173】GSD
2024-09-26 00:30:53 未获取到号码【1436173】GSD，可能号码格式错误
2024-09-26 00:30:53 获取到号码【1436173】的GSD为【-】
2024-09-26 00:30:55 GSD insert 第 1 次 等待 3 秒
2024-09-26 00:30:58 {"status":"bad","gid":"650750","msg":"添加失败！号码【1436173(-|-)】已存在！"}
2024-09-26 00:30:58 随机等待 116 秒，约 1 分钟
2024-09-26 00:30:58 下次操作: 2024-09-26 00:32:54

2024-09-26 00:32:54 开始第 6178 次操作

2024-09-26 00:32:54 开始操作号码 【1436174】
2024-09-26 00:32:57 GSD getOne 第 1 次 等待 3 秒
2024-09-26 00:33:00 查询号码 【1436174】，返回信息 {"status":"ok","msg":"-","gid":"650770","time_insert":"2023-04-13 04:18"}
2024-09-26 00:33:00 查询号码 【1436174】，GSD为【"-"】
2024-09-26 00:33:00 ok && -
2024-09-26 00:33:02 CHB 1436174?1727281980 第 1 次 等待 3 秒
2024-09-26 00:33:05 CHB 1436174?1727281980 第 1 次 获取到号码【1436174】GSD
2024-09-26 00:33:05 未获取到号码【1436174】GSD，可能号码格式错误
2024-09-26 00:33:05 获取到号码【1436174】的GSD为【-】
2024-09-26 00:33:07 GSD insert 第 1 次 等待 3 秒
2024-09-26 00:33:10 {"status":"bad","gid":"650770","msg":"添加失败！号码【1436174(-|-)】已存在！"}
2024-09-26 00:33:10 随机等待 85 秒，约 1 分钟
2024-09-26 00:33:10 下次操作: 2024-09-26 00:34:35

2024-09-26 00:34:35 开始第 6179 次操作

2024-09-26 00:34:35 开始操作号码 【1436175】
2024-09-26 00:34:37 GSD getOne 第 1 次 等待 3 秒
2024-09-26 00:34:40 查询号码 【1436175】，返回信息 {"status":"ok","msg":"-","gid":"650799","time_insert":"2023-04-13 04:37"}
2024-09-26 00:34:40 查询号码 【1436175】，GSD为【"-"】
2024-09-26 00:34:40 ok && -
2024-09-26 00:34:43 CHB 1436175?1727282080 第 1 次 等待 3 秒
2024-09-26 00:34:46 CHB 1436175?1727282080 第 1 次 获取到号码【1436175】GSD
2024-09-26 00:34:46 未获取到号码【1436175】GSD，可能号码格式错误
2024-09-26 00:34:46 获取到号码【1436175】的GSD为【-】
2024-09-26 00:34:48 GSD insert 第 1 次 等待 3 秒
2024-09-26 00:34:51 {"status":"bad","gid":"650799","msg":"添加失败！号码【1436175(-|-)】已存在！"}
2024-09-26 00:34:51 随机等待 218 秒，约 3 分钟
2024-09-26 00:34:51 下次操作: 2024-09-26 00:38:29

2024-09-26 00:38:29 开始第 6180 次操作

2024-09-26 00:38:29 开始操作号码 【1436176】
2024-09-26 00:38:32 GSD getOne 第 1 次 等待 3 秒
2024-09-26 00:38:35 查询号码 【1436176】，返回信息 {"status":"ok","msg":"-","gid":"650829","time_insert":"2023-04-13 04:53"}
2024-09-26 00:38:35 查询号码 【1436176】，GSD为【"-"】
2024-09-26 00:38:35 ok && -
2024-09-26 00:38:37 CHB 1436176?1727282315 第 1 次 等待 3 秒
2024-09-26 00:38:40 CHB 1436176?1727282315 第 1 次 获取到号码【1436176】GSD
2024-09-26 00:38:40 未获取到号码【1436176】GSD，可能号码格式错误
2024-09-26 00:38:40 获取到号码【1436176】的GSD为【-】
2024-09-26 00:38:42 GSD insert 第 1 次 等待 3 秒
2024-09-26 00:38:45 {"status":"bad","gid":"650829","msg":"添加失败！号码【1436176(-|-)】已存在！"}

2024-09-26 01:20:06 开始第 6181 次操作

2024-09-26 01:20:06 开始操作号码 【1436177】
2024-09-26 01:20:09 GSD getOne 第 1 次 等待 3 秒
2024-09-26 01:20:12 查询号码 【1436177】，返回信息 {"status":"ok","msg":"-","gid":"650854","time_insert":"2023-04-13 05:09"}
2024-09-26 01:20:12 查询号码 【1436177】，GSD为【"-"】
2024-09-26 01:20:12 ok && -
2024-09-26 01:21:02 CHB 1436177?1727284812 第 1 次 等待 3 秒
2024-09-26 01:21:05 CHB 1436177?1727284812 第 1 次 获取到号码【1436177】GSD
2024-09-26 01:21:05 未获取到号码【1436177】GSD，可能号码格式错误
2024-09-26 01:21:05 获取到号码【1436177】的GSD为【-】
2024-09-26 01:21:07 GSD insert 第 1 次 等待 3 秒
2024-09-26 01:21:10 {"status":"bad","gid":"650854","msg":"添加失败！号码【1436177(-|-)】已存在！"}
2024-09-26 01:21:10 随机等待 176 秒，约 2 分钟
2024-09-26 01:21:10 下次操作: 2024-09-26 01:24:06

2024-09-26 01:24:06 开始第 6182 次操作

2024-09-26 01:24:06 开始操作号码 【1436178】
2024-09-26 01:24:08 GSD getOne 第 1 次 等待 3 秒
2024-09-26 01:24:11 查询号码 【1436178】，返回信息 {"status":"ok","msg":"-","gid":"650885","time_insert":"2023-04-13 05:27"}
2024-09-26 01:24:11 查询号码 【1436178】，GSD为【"-"】
2024-09-26 01:24:11 ok && -
2024-09-26 01:24:13 CHB 1436178?1727285051 第 1 次 等待 3 秒
2024-09-26 01:24:16 CHB 1436178?1727285051 第 1 次 获取到号码【1436178】GSD
2024-09-26 01:24:16 未获取到号码【1436178】GSD，可能号码格式错误
2024-09-26 01:24:16 获取到号码【1436178】的GSD为【-】
2024-09-26 01:24:18 GSD insert 第 1 次 等待 3 秒
2024-09-26 01:24:21 {"status":"bad","gid":"650885","msg":"添加失败！号码【1436178(-|-)】已存在！"}
2024-09-26 01:24:21 随机等待 106 秒，约 1 分钟
2024-09-26 01:24:21 下次操作: 2024-09-26 01:26:07

2024-09-26 01:26:07 开始第 6183 次操作

2024-09-26 01:26:07 开始操作号码 【1436179】
2024-09-26 01:26:08 GSD getOne 第 1 次 等待 3 秒
2024-09-26 01:26:11 查询号码 【1436179】，返回信息 {"status":"ok","msg":"-","gid":"650918","time_insert":"2023-04-13 05:47"}
2024-09-26 01:26:12 查询号码 【1436179】，GSD为【"-"】
2024-09-26 01:26:12 ok && -
2024-09-26 01:26:13 CHB 1436179?1727285172 第 1 次 等待 3 秒
2024-09-26 01:26:16 CHB 1436179?1727285172 第 1 次 获取到号码【1436179】GSD
2024-09-26 01:26:16 未获取到号码【1436179】GSD，可能号码格式错误
2024-09-26 01:26:16 获取到号码【1436179】的GSD为【-】
2024-09-26 01:26:18 GSD insert 第 1 次 等待 3 秒
2024-09-26 01:26:21 {"status":"bad","gid":"650918","msg":"添加失败！号码【1436179(-|-)】已存在！"}
2024-09-26 01:26:21 随机等待 181 秒，约 3 分钟
2024-09-26 01:26:21 下次操作: 2024-09-26 01:29:22

2024-09-26 01:29:22 开始第 6184 次操作

2024-09-26 01:29:22 开始操作号码 【1436180】
2024-09-26 01:29:24 GSD getOne 第 1 次 等待 3 秒
2024-09-26 01:29:27 查询号码 【1436180】，返回信息 {"status":"ok","msg":"-","gid":"650930","time_insert":"2023-04-13 05:55"}
2024-09-26 01:29:28 查询号码 【1436180】，GSD为【"-"】
2024-09-26 01:29:28 ok && -
2024-09-26 01:29:30 CHB 1436180?1727285368 第 1 次 等待 3 秒
2024-09-26 01:29:33 CHB 1436180?1727285368 第 1 次 获取到号码【1436180】GSD
2024-09-26 01:29:33 未获取到号码【1436180】GSD，可能号码格式错误
2024-09-26 01:29:33 获取到号码【1436180】的GSD为【-】
2024-09-26 01:29:35 GSD insert 第 1 次 等待 3 秒
2024-09-26 01:29:38 {"status":"bad","gid":"650930","msg":"添加失败！号码【1436180(-|-)】已存在！"}

