2024-10-14 00:26:14 开始第 9081 次操作

2024-10-14 00:26:14 开始操作号码 【1439075】
2024-10-14 00:26:16 GSD getOne 第 1 次 等待 3 秒
2024-10-14 00:26:19 查询号码 【1439075】，返回信息 {"status":"ok","msg":"-","gid":"692421","time_insert":"2023-05-04 19:47"}
2024-10-14 00:26:19 查询号码 【1439075】，GSD为【"-"】
2024-10-14 00:26:19 ok && -
2024-10-14 00:26:21 CHB 1439075?1728836779 第 1 次 等待 3 秒
2024-10-14 00:26:24 CHB 1439075?1728836779 第 1 次 获取到号码【1439075】GSD
2024-10-14 00:26:24 未获取到号码【1439075】GSD，可能号码格式错误
2024-10-14 00:26:24 获取到号码【1439075】的GSD为【-】
2024-10-14 00:26:26 GSD insert 第 1 次 等待 3 秒
2024-10-14 00:26:29 {"status":"bad","gid":"692421","msg":"添加失败！号码【1439075(-|-)】已存在！"}
2024-10-14 00:26:29 随机等待 183 秒，约 3 分钟
2024-10-14 00:26:29 下次操作: 2024-10-14 00:29:32

2024-10-14 00:29:32 开始第 9082 次操作

2024-10-14 00:29:32 开始操作号码 【1439076】
2024-10-14 00:29:34 GSD getOne 第 1 次 等待 3 秒
2024-10-14 00:29:37 查询号码 【1439076】，返回信息 {"status":"ok","msg":"-","gid":"692404","time_insert":"2023-05-04 19:24"}
2024-10-14 00:29:37 查询号码 【1439076】，GSD为【"-"】
2024-10-14 00:29:37 ok && -
2024-10-14 00:29:39 CHB 1439076?1728836977 第 1 次 等待 3 秒
2024-10-14 00:29:42 CHB 1439076?1728836977 第 1 次 获取到号码【1439076】GSD
2024-10-14 00:29:42 未获取到号码【1439076】GSD，可能号码格式错误
2024-10-14 00:29:42 获取到号码【1439076】的GSD为【-】
2024-10-14 00:29:44 GSD insert 第 1 次 等待 3 秒
2024-10-14 00:29:47 {"status":"bad","gid":"692404","msg":"添加失败！号码【1439076(-|-)】已存在！"}
2024-10-14 00:29:47 随机等待 128 秒，约 2 分钟
2024-10-14 00:29:47 下次操作: 2024-10-14 00:31:55

2024-10-14 00:31:55 开始第 9083 次操作

2024-10-14 00:31:55 开始操作号码 【1439077】
2024-10-14 00:31:58 GSD getOne 第 1 次 等待 3 秒
2024-10-14 00:32:01 查询号码 【1439077】，返回信息 {"status":"ok","msg":"-","gid":"692387","time_insert":"2023-05-04 19:07"}
2024-10-14 00:32:01 查询号码 【1439077】，GSD为【"-"】
2024-10-14 00:32:01 ok && -
2024-10-14 00:32:03 CHB 1439077?1728837121 第 1 次 等待 3 秒
2024-10-14 00:32:06 CHB 1439077?1728837121 第 1 次 获取到号码【1439077】GSD
2024-10-14 00:32:06 未获取到号码【1439077】GSD，可能号码格式错误
2024-10-14 00:32:06 获取到号码【1439077】的GSD为【-】
2024-10-14 00:32:11 GSD insert 第 1 次 等待 3 秒
2024-10-14 00:32:14 {"status":"bad","gid":"692387","msg":"添加失败！号码【1439077(-|-)】已存在！"}
2024-10-14 00:32:14 随机等待 107 秒，约 1 分钟
2024-10-14 00:32:14 下次操作: 2024-10-14 00:34:01

2024-10-14 00:34:01 开始第 9084 次操作

2024-10-14 00:34:01 开始操作号码 【1439078】
2024-10-14 00:34:03 GSD getOne 第 1 次 等待 3 秒
2024-10-14 00:34:06 查询号码 【1439078】，返回信息 {"status":"ok","msg":"-","gid":"692376","time_insert":"2023-05-04 18:57"}
2024-10-14 00:34:06 查询号码 【1439078】，GSD为【"-"】
2024-10-14 00:34:06 ok && -
2024-10-14 00:34:08 CHB 1439078?1728837246 第 1 次 等待 3 秒
2024-10-14 00:34:11 CHB 1439078?1728837246 第 1 次 获取到号码【1439078】GSD
2024-10-14 00:34:11 未获取到号码【1439078】GSD，可能号码格式错误
2024-10-14 00:34:11 获取到号码【1439078】的GSD为【-】
2024-10-14 00:34:13 GSD insert 第 1 次 等待 3 秒
2024-10-14 00:34:16 {"status":"bad","gid":"692376","msg":"添加失败！号码【1439078(-|-)】已存在！"}

