2023-12-14 00:09:08 开始第 3157 次操作

2023-12-14 00:09:08 开始操作号码 【1873057】
2023-12-14 00:09:14 GSD getOne 第 1 次 等待 3 秒
2023-12-14 00:09:17 查询号码 【1873057】，返回信息 {"status":"ok","msg":"河北-唐山","gid":"474107","time_insert":"2021-08-02 02:02"}
2023-12-14 00:09:17 查询号码 【1873057】，GSD为【"河北-唐山"】

2023-12-14 00:09:18 开始第 3158 次操作

2023-12-14 00:09:18 开始操作号码 【1873058】
2023-12-14 00:09:21 GSD getOne 第 1 次 等待 3 秒
2023-12-14 00:09:24 查询号码 【1873058】，返回信息 {"status":"ok","msg":"河北-唐山","gid":"474098","time_insert":"2021-08-02 02:02"}
2023-12-14 00:09:24 查询号码 【1873058】，GSD为【"河北-唐山"】

2023-12-14 00:09:25 开始第 3159 次操作

2023-12-14 00:09:25 开始操作号码 【1873059】
2023-12-14 00:09:29 GSD getOne 第 1 次 等待 3 秒
2023-12-14 00:09:32 查询号码 【1873059】，返回信息 {"status":"ok","msg":"河北-唐山","gid":"474089","time_insert":"2021-08-02 02:01"}
2023-12-14 00:09:32 查询号码 【1873059】，GSD为【"河北-唐山"】

2023-12-14 00:09:33 开始第 3160 次操作

2023-12-14 00:09:33 开始操作号码 【1873060】
2023-12-14 00:09:39 GSD getOne 第 1 次 等待 3 秒
2023-12-14 00:09:42 查询号码 【1873060】，返回信息 {"status":"ok","msg":"河北-廊坊","gid":"42300","time_insert":"2018-05-18 22:25","time_update":"2020-08-18 21:02"}
2023-12-14 00:09:42 查询号码 【1873060】，GSD为【"河北-廊坊"】

