2024-05-16 00:09:59 开始第 9413 次操作

2024-05-16 00:09:59 开始操作号码 【1659307】
2024-05-16 00:10:07 GSD getOne 第 1 次 等待 3 秒
2024-05-16 00:10:10 查询号码 【1659307】，返回信息 {"status":"ok","msg":"山东-泰安","gid":"328012","time_insert":"2021-07-19 17:01","time_update":"2023-05-26 10:11"}
2024-05-16 00:10:10 查询号码 【1659307】，GSD为【"山东-泰安"】

2024-05-16 00:10:11 开始第 9414 次操作

2024-05-16 00:10:11 开始操作号码 【1659308】
2024-05-16 00:10:18 GSD getOne 第 1 次 等待 3 秒
2024-05-16 00:10:21 查询号码 【1659308】，返回信息 {"status":"ok","msg":"海南-海口","gid":"328020","time_insert":"2021-07-19 17:02","time_update":"2023-05-26 10:11"}
2024-05-16 00:10:21 查询号码 【1659308】，GSD为【"海南-海口"】

2024-05-16 00:10:22 开始第 9415 次操作

2024-05-16 00:10:22 开始操作号码 【1659309】
2024-05-16 00:10:27 GSD getOne 第 1 次 等待 3 秒
2024-05-16 00:10:30 查询号码 【1659309】，返回信息 {"status":"ok","msg":"山东-泰安","gid":"328027","time_insert":"2021-07-19 17:02","time_update":"2023-05-26 10:11"}
2024-05-16 00:10:30 查询号码 【1659309】，GSD为【"山东-泰安"】

2024-05-16 00:10:31 开始第 9416 次操作

2024-05-16 00:10:31 开始操作号码 【1659310】
2024-05-16 00:10:38 GSD getOne 第 1 次 等待 3 秒
2024-05-16 00:10:41 查询号码 【1659310】，返回信息 {"status":"ok","msg":"-","gid":"328034","time_insert":"2021-07-19 17:03"}
2024-05-16 00:10:41 查询号码 【1659310】，GSD为【"-"】
2024-05-16 00:10:41 ok && -
2024-05-16 00:10:44 CHB 1659310?1715789441 第 1 次 等待 3 秒
2024-05-16 00:10:47 CHB 1659310?1715789441 第 1 次 获取到号码【1659310】GSD
2024-05-16 00:10:48 0: 黑龙江-绥化
2024-05-16 00:10:48 获取到号码【1659310】的GSD为【黑龙江-绥化】
2024-05-16 00:10:55 GSD insert 第 1 次 等待 3 秒
2024-05-16 00:10:58 {"status":"ok","gid":"328034","msg":"添加号码已存在，但为‘-’，修改为【黑龙江-绥化】成功！"}

