2024-10-03 00:28:54 开始第 7293 次操作

2024-10-03 00:28:54 开始操作号码 【1437287】
2024-10-03 00:28:56 GSD getOne 第 1 次 等待 3 秒
2024-10-03 00:28:59 查询号码 【1437287】，返回信息 {"status":"ok","msg":"-","gid":"682799","time_insert":"2023-04-28 16:28"}
2024-10-03 00:28:59 查询号码 【1437287】，GSD为【"-"】
2024-10-03 00:28:59 ok && -
2024-10-03 00:29:01 CHB 1437287?1727886539 第 1 次 等待 3 秒
2024-10-03 00:29:04 CHB 1437287?1727886539 第 1 次 获取到号码【1437287】GSD
2024-10-03 00:29:04 未获取到号码【1437287】GSD，可能号码格式错误
2024-10-03 00:29:04 获取到号码【1437287】的GSD为【-】
2024-10-03 00:29:06 GSD insert 第 1 次 等待 3 秒
2024-10-03 00:29:09 {"status":"bad","gid":"682799","msg":"添加失败！号码【1437287(-|-)】已存在！"}
2024-10-03 00:29:09 随机等待 232 秒，约 3 分钟
2024-10-03 00:29:09 下次操作: 2024-10-03 00:33:01

2024-10-03 00:33:01 开始第 7294 次操作

2024-10-03 00:33:01 开始操作号码 【1437288】
2024-10-03 00:33:03 GSD getOne 第 1 次 等待 3 秒
2024-10-03 00:33:06 查询号码 【1437288】，返回信息 {"status":"ok","msg":"-","gid":"682841","time_insert":"2023-04-28 16:51"}
2024-10-03 00:33:06 查询号码 【1437288】，GSD为【"-"】
2024-10-03 00:33:06 ok && -
2024-10-03 00:33:08 CHB 1437288?1727886786 第 1 次 等待 3 秒
2024-10-03 00:33:11 CHB 1437288?1727886786 第 1 次 获取到号码【1437288】GSD
2024-10-03 00:33:11 未获取到号码【1437288】GSD，可能号码格式错误
2024-10-03 00:33:11 获取到号码【1437288】的GSD为【-】
2024-10-03 00:33:13 GSD insert 第 1 次 等待 3 秒
2024-10-03 00:33:16 {"status":"bad","gid":"682841","msg":"添加失败！号码【1437288(-|-)】已存在！"}
2024-10-03 00:33:16 随机等待 179 秒，约 2 分钟
2024-10-03 00:33:16 下次操作: 2024-10-03 00:36:15

2024-10-03 00:36:15 开始第 7295 次操作

2024-10-03 00:36:15 开始操作号码 【1437289】
2024-10-03 00:36:17 GSD getOne 第 1 次 等待 3 秒
2024-10-03 00:36:20 查询号码 【1437289】，返回信息 {"status":"ok","msg":"-","gid":"682874","time_insert":"2023-04-28 17:13"}
2024-10-03 00:36:20 查询号码 【1437289】，GSD为【"-"】
2024-10-03 00:36:20 ok && -
2024-10-03 00:36:22 CHB 1437289?1727886980 第 1 次 等待 3 秒
2024-10-03 00:36:25 CHB 1437289?1727886980 第 1 次 获取到号码【1437289】GSD
2024-10-03 00:36:25 未获取到号码【1437289】GSD，可能号码格式错误
2024-10-03 00:36:25 获取到号码【1437289】的GSD为【-】
2024-10-03 00:36:27 GSD insert 第 1 次 等待 3 秒
2024-10-03 00:36:30 {"status":"bad","gid":"682874","msg":"添加失败！号码【1437289(-|-)】已存在！"}
2024-10-03 00:36:30 随机等待 68 秒，约 1 分钟
2024-10-03 00:36:30 下次操作: 2024-10-03 00:37:38

2024-10-03 00:37:39 开始第 7296 次操作

2024-10-03 00:37:39 开始操作号码 【1437290】
2024-10-03 00:37:41 GSD getOne 第 1 次 等待 3 秒
2024-10-03 00:37:44 查询号码 【1437290】，返回信息 {"status":"ok","msg":"-","gid":"682886","time_insert":"2023-04-28 17:23"}
2024-10-03 00:37:44 查询号码 【1437290】，GSD为【"-"】
2024-10-03 00:37:44 ok && -
2024-10-03 00:37:45 CHB 1437290?1727887064 第 1 次 等待 3 秒
2024-10-03 00:37:48 CHB 1437290?1727887064 第 1 次 获取到号码【1437290】GSD
2024-10-03 00:37:48 未获取到号码【1437290】GSD，可能号码格式错误
2024-10-03 00:37:48 获取到号码【1437290】的GSD为【-】
2024-10-03 00:37:53 GSD insert 第 1 次 等待 3 秒
2024-10-03 00:37:56 {"status":"bad","gid":"682886","msg":"添加失败！号码【1437290(-|-)】已存在！"}

2024-10-03 00:47:42 开始第 7297 次操作

2024-10-03 00:47:42 开始操作号码 【1437291】
2024-10-03 00:47:44 GSD getOne 第 1 次 等待 3 秒
2024-10-03 00:47:47 查询号码 【1437291】，返回信息 {"status":"ok","msg":"-","gid":"682908","time_insert":"2023-04-28 17:35"}
2024-10-03 00:47:47 查询号码 【1437291】，GSD为【"-"】
2024-10-03 00:47:47 ok && -
2024-10-03 00:47:49 CHB 1437291?1727887667 第 1 次 等待 3 秒
2024-10-03 00:47:52 CHB 1437291?1727887667 第 1 次 获取到号码【1437291】GSD
2024-10-03 00:47:52 未获取到号码【1437291】GSD，可能号码格式错误
2024-10-03 00:47:52 获取到号码【1437291】的GSD为【-】
2024-10-03 00:47:55 GSD insert 第 1 次 等待 3 秒
2024-10-03 00:47:58 {"status":"bad","gid":"682908","msg":"添加失败！号码【1437291(-|-)】已存在！"}
2024-10-03 00:47:58 随机等待 215 秒，约 3 分钟
2024-10-03 00:47:58 下次操作: 2024-10-03 00:51:33

2024-10-03 00:51:33 开始第 7298 次操作

2024-10-03 00:51:33 开始操作号码 【1437292】
2024-10-03 00:51:35 GSD getOne 第 1 次 等待 3 秒
2024-10-03 00:51:38 查询号码 【1437292】，返回信息 {"status":"ok","msg":"-","gid":"682936","time_insert":"2023-04-28 17:53"}
2024-10-03 00:51:38 查询号码 【1437292】，GSD为【"-"】
2024-10-03 00:51:38 ok && -
2024-10-03 00:51:40 CHB 1437292?1727887898 第 1 次 等待 3 秒
2024-10-03 00:51:43 CHB 1437292?1727887898 第 1 次 获取到号码【1437292】GSD
2024-10-03 00:51:43 未获取到号码【1437292】GSD，可能号码格式错误
2024-10-03 00:51:43 获取到号码【1437292】的GSD为【-】
2024-10-03 00:51:45 GSD insert 第 1 次 等待 3 秒
2024-10-03 00:51:48 {"status":"bad","gid":"682936","msg":"添加失败！号码【1437292(-|-)】已存在！"}
2024-10-03 00:51:48 随机等待 68 秒，约 1 分钟
2024-10-03 00:51:48 下次操作: 2024-10-03 00:52:56

2024-10-03 00:52:56 开始第 7299 次操作

2024-10-03 00:52:56 开始操作号码 【1437293】
2024-10-03 00:53:24 GSD getOne 第 1 次 等待 3 秒
2024-10-03 00:53:27 查询号码 【1437293】，返回信息 {"status":"ok","msg":"-","gid":"682954","time_insert":"2023-04-28 18:02"}
2024-10-03 00:53:27 查询号码 【1437293】，GSD为【"-"】
2024-10-03 00:53:27 ok && -
2024-10-03 00:53:28 CHB 1437293?1727888007 第 1 次 等待 3 秒
2024-10-03 00:53:31 CHB 1437293?1727888007 第 1 次 获取到号码【1437293】GSD
2024-10-03 00:53:31 未获取到号码【1437293】GSD，可能号码格式错误
2024-10-03 00:53:31 获取到号码【1437293】的GSD为【-】
2024-10-03 00:53:33 GSD insert 第 1 次 等待 3 秒
2024-10-03 00:53:36 {"status":"bad","gid":"682954","msg":"添加失败！号码【1437293(-|-)】已存在！"}
2024-10-03 00:53:36 随机等待 79 秒，约 1 分钟
2024-10-03 00:53:36 下次操作: 2024-10-03 00:54:55

2024-10-03 00:54:55 开始第 7300 次操作

2024-10-03 00:54:55 开始操作号码 【1437294】
2024-10-03 00:54:58 GSD getOne 第 1 次 等待 3 秒
2024-10-03 00:55:01 查询号码 【1437294】，返回信息 {"status":"ok","msg":"-","gid":"682980","time_insert":"2023-04-28 18:22"}
2024-10-03 00:55:01 查询号码 【1437294】，GSD为【"-"】
2024-10-03 00:55:01 ok && -
2024-10-03 00:55:03 CHB 1437294?1727888101 第 1 次 等待 3 秒
2024-10-03 00:55:06 CHB 1437294?1727888101 第 1 次 获取到号码【1437294】GSD
2024-10-03 00:55:06 未获取到号码【1437294】GSD，可能号码格式错误
2024-10-03 00:55:06 获取到号码【1437294】的GSD为【-】
2024-10-03 00:55:11 GSD insert 第 1 次 等待 3 秒
2024-10-03 00:55:14 {"status":"bad","gid":"682980","msg":"添加失败！号码【1437294(-|-)】已存在！"}

