2024-09-24 00:27:14 开始第 5857 次操作

2024-09-24 00:27:14 开始操作号码 【1435854】
2024-09-24 00:27:17 GSD getOne 第 1 次 等待 3 秒
2024-09-24 00:27:20 查询号码 【1435854】，返回信息 {"status":"ok","msg":"-","gid":"643261","time_insert":"2023-04-09 17:53"}
2024-09-24 00:27:20 查询号码 【1435854】，GSD为【"-"】
2024-09-24 00:27:20 ok && -
2024-09-24 00:27:22 CHB 1435854?1727108840 第 1 次 等待 3 秒
2024-09-24 00:27:25 CHB 1435854?1727108840 第 1 次 获取到号码【1435854】GSD
2024-09-24 00:27:25 未获取到号码【1435854】GSD，可能号码格式错误
2024-09-24 00:27:25 获取到号码【1435854】的GSD为【-】
2024-09-24 00:27:27 GSD insert 第 1 次 等待 3 秒
2024-09-24 00:27:30 {"status":"bad","gid":"643261","msg":"添加失败！号码【1435854(-|-)】已存在！"}
2024-09-24 00:27:30 随机等待 100 秒，约 1 分钟
2024-09-24 00:27:30 下次操作: 2024-09-24 00:29:10

2024-09-24 00:29:10 开始第 5858 次操作

2024-09-24 00:29:10 开始操作号码 【1435855】
2024-09-24 00:29:27 GSD getOne 第 1 次 等待 3 秒
2024-09-24 00:29:30 查询号码 【1435855】，返回信息 {"status":"ok","msg":"-","gid":"643288","time_insert":"2023-04-09 18:11"}
2024-09-24 00:29:30 查询号码 【1435855】，GSD为【"-"】
2024-09-24 00:29:30 ok && -
2024-09-24 00:29:32 CHB 1435855?1727108970 第 1 次 等待 3 秒
2024-09-24 00:29:35 CHB 1435855?1727108970 第 1 次 获取到号码【1435855】GSD
2024-09-24 00:29:35 未获取到号码【1435855】GSD，可能号码格式错误
2024-09-24 00:29:35 获取到号码【1435855】的GSD为【-】
2024-09-24 00:29:37 GSD insert 第 1 次 等待 3 秒
2024-09-24 00:29:40 {"status":"bad","gid":"643288","msg":"添加失败！号码【1435855(-|-)】已存在！"}
2024-09-24 00:29:40 随机等待 171 秒，约 2 分钟
2024-09-24 00:29:40 下次操作: 2024-09-24 00:32:31

2024-09-24 00:32:31 开始第 5859 次操作

2024-09-24 00:32:31 开始操作号码 【1435856】
2024-09-24 00:32:34 GSD getOne 第 1 次 等待 3 秒
2024-09-24 00:32:37 查询号码 【1435856】，返回信息 {"status":"ok","msg":"-","gid":"643316","time_insert":"2023-04-09 18:31"}
2024-09-24 00:32:37 查询号码 【1435856】，GSD为【"-"】
2024-09-24 00:32:37 ok && -
2024-09-24 00:32:39 CHB 1435856?1727109157 第 1 次 等待 3 秒
2024-09-24 00:32:42 CHB 1435856?1727109157 第 1 次 获取到号码【1435856】GSD
2024-09-24 00:32:42 未获取到号码【1435856】GSD，可能号码格式错误
2024-09-24 00:32:42 获取到号码【1435856】的GSD为【-】
2024-09-24 00:32:45 GSD insert 第 1 次 等待 3 秒
2024-09-24 00:32:48 {"status":"bad","gid":"643316","msg":"添加失败！号码【1435856(-|-)】已存在！"}
2024-09-24 00:32:48 随机等待 192 秒，约 3 分钟
2024-09-24 00:32:48 下次操作: 2024-09-24 00:36:00

2024-09-24 00:36:00 开始第 5860 次操作

2024-09-24 00:36:00 开始操作号码 【1435857】
2024-09-24 00:36:03 GSD getOne 第 1 次 等待 3 秒
2024-09-24 00:36:06 查询号码 【1435857】，返回信息 {"status":"ok","msg":"-","gid":"643356","time_insert":"2023-04-09 18:54"}
2024-09-24 00:36:06 查询号码 【1435857】，GSD为【"-"】
2024-09-24 00:36:06 ok && -
2024-09-24 00:36:08 CHB 1435857?1727109366 第 1 次 等待 3 秒
2024-09-24 00:36:11 CHB 1435857?1727109366 第 1 次 获取到号码【1435857】GSD
2024-09-24 00:36:11 未获取到号码【1435857】GSD，可能号码格式错误
2024-09-24 00:36:11 获取到号码【1435857】的GSD为【-】
2024-09-24 00:36:13 GSD insert 第 1 次 等待 3 秒
2024-09-24 00:36:16 {"status":"bad","gid":"643356","msg":"添加失败！号码【1435857(-|-)】已存在！"}

