2024-03-04 00:07:51 开始第 7149 次操作

2024-03-04 00:07:51 开始操作号码 【1767049】
2024-03-04 00:07:57 GSD getOne 第 1 次 等待 3 秒
2024-03-04 00:08:00 查询号码 【1767049】，返回信息 {"status":"ok","msg":"湖南-怀化","gid":"170278","time_insert":"2021-07-02 00:19"}
2024-03-04 00:08:00 查询号码 【1767049】，GSD为【"湖南-怀化"】

2024-03-04 00:08:01 开始第 7150 次操作

2024-03-04 00:08:01 开始操作号码 【1767050】
2024-03-04 00:08:07 GSD getOne 第 1 次 等待 3 秒
2024-03-04 00:08:10 查询号码 【1767050】，返回信息 {"status":"ok","msg":"湖南-娄底","gid":"170273","time_insert":"2021-07-02 00:19"}
2024-03-04 00:08:10 查询号码 【1767050】，GSD为【"湖南-娄底"】

2024-03-04 00:08:11 开始第 7151 次操作

2024-03-04 00:08:11 开始操作号码 【1767051】
2024-03-04 00:08:19 GSD getOne 第 1 次 等待 3 秒
2024-03-04 00:08:22 查询号码 【1767051】，返回信息 {"status":"ok","msg":"湖南-娄底","gid":"170265","time_insert":"2021-07-02 00:18"}
2024-03-04 00:08:22 查询号码 【1767051】，GSD为【"湖南-娄底"】

2024-03-04 00:08:23 开始第 7152 次操作

2024-03-04 00:08:23 开始操作号码 【1767052】
2024-03-04 00:08:30 GSD getOne 第 1 次 等待 3 秒
2024-03-04 00:08:33 查询号码 【1767052】，返回信息 {"status":"ok","msg":"湖南-娄底","gid":"170257","time_insert":"2021-07-02 00:17"}
2024-03-04 00:08:33 查询号码 【1767052】，GSD为【"湖南-娄底"】

2024-03-04 00:32:33 开始第 7153 次操作

2024-03-04 00:32:33 开始操作号码 【1767053】
2024-03-04 00:32:38 GSD getOne 第 1 次 等待 3 秒
2024-03-04 00:32:41 查询号码 【1767053】，返回信息 {"status":"ok","msg":"湖南-娄底","gid":"170211","time_insert":"2021-07-02 00:12"}
2024-03-04 00:32:41 查询号码 【1767053】，GSD为【"湖南-娄底"】

2024-03-04 00:32:42 开始第 7154 次操作

2024-03-04 00:32:42 开始操作号码 【1767054】
2024-03-04 00:32:47 GSD getOne 第 1 次 等待 3 秒
2024-03-04 00:32:50 查询号码 【1767054】，返回信息 {"status":"ok","msg":"湖南-娄底","gid":"170202","time_insert":"2021-07-02 00:11"}
2024-03-04 00:32:50 查询号码 【1767054】，GSD为【"湖南-娄底"】

2024-03-04 00:32:51 开始第 7155 次操作

2024-03-04 00:32:51 开始操作号码 【1767055】
2024-03-04 00:32:57 GSD getOne 第 1 次 等待 3 秒
2024-03-04 00:33:00 查询号码 【1767055】，返回信息 {"status":"ok","msg":"湖南-娄底","gid":"170194","time_insert":"2021-07-02 00:10"}
2024-03-04 00:33:00 查询号码 【1767055】，GSD为【"湖南-娄底"】

2024-03-04 00:33:01 开始第 7156 次操作

2024-03-04 00:33:01 开始操作号码 【1767056】
2024-03-04 00:33:07 GSD getOne 第 1 次 等待 3 秒
2024-03-04 00:33:10 查询号码 【1767056】，返回信息 {"status":"ok","msg":"湖南-娄底","gid":"170183","time_insert":"2021-07-02 00:09"}
2024-03-04 00:33:10 查询号码 【1767056】，GSD为【"湖南-娄底"】

