2024-03-13 00:10:07 开始第 8757 次操作

2024-03-13 00:10:07 开始操作号码 【1768657】
2024-03-13 00:10:12 GSD getOne 第 1 次 等待 3 秒
2024-03-13 00:10:15 查询号码 【1768657】，返回信息 {"status":"ok","msg":"山东-东营","gid":"151755","time_insert":"2021-06-29 06:46"}
2024-03-13 00:10:15 查询号码 【1768657】，GSD为【"山东-东营"】

2024-03-13 00:10:16 开始第 8758 次操作

2024-03-13 00:10:16 开始操作号码 【1768658】
2024-03-13 00:10:21 GSD getOne 第 1 次 等待 3 秒
2024-03-13 00:10:24 查询号码 【1768658】，返回信息 {"status":"ok","msg":"山东-东营","gid":"151750","time_insert":"2021-06-29 06:46"}
2024-03-13 00:10:24 查询号码 【1768658】，GSD为【"山东-东营"】

2024-03-13 00:10:25 开始第 8759 次操作

2024-03-13 00:10:25 开始操作号码 【1768659】
2024-03-13 00:10:32 GSD getOne 第 1 次 等待 3 秒
2024-03-13 00:10:35 查询号码 【1768659】，返回信息 {"status":"ok","msg":"山东-东营","gid":"151744","time_insert":"2021-06-29 06:45"}
2024-03-13 00:10:35 查询号码 【1768659】，GSD为【"山东-东营"】

2024-03-13 00:10:36 开始第 8760 次操作

2024-03-13 00:10:36 开始操作号码 【1768660】
2024-03-13 00:10:41 GSD getOne 第 1 次 等待 3 秒
2024-03-13 00:10:44 查询号码 【1768660】，返回信息 {"status":"ok","msg":"山东-济南","gid":"151737","time_insert":"2021-06-29 06:45"}
2024-03-13 00:10:44 查询号码 【1768660】，GSD为【"山东-济南"】

