2024-07-03 00:11:40 开始第 4049 次操作

2024-07-03 00:11:40 开始操作号码 【1543933】
2024-07-03 00:11:48 GSD getOne 第 1 次 等待 3 秒
2024-07-03 00:11:51 查询号码 【1543933】，返回信息 {"status":"ok","msg":"-","gid":"596632","time_insert":"2023-03-17 16:31"}
2024-07-03 00:11:52 查询号码 【1543933】，GSD为【"-"】
2024-07-03 00:11:52 ok && -
2024-07-03 00:11:54 CHB 1543933?1719936712 第 1 次 等待 3 秒
2024-07-03 00:11:57 CHB 1543933?1719936712 第 1 次 获取到号码【1543933】GSD
2024-07-03 00:11:57 未获取到号码【1543933】GSD，可能号码格式错误
2024-07-03 00:11:57 获取到号码【1543933】的GSD为【-】
2024-07-03 00:12:07 GSD insert 第 1 次 等待 3 秒
2024-07-03 00:12:10 {"status":"bad","gid":"596632","msg":"添加失败！号码【1543933(-|-)】已存在！"}
2024-07-03 00:12:10 随机等待 220 秒，约 3 分钟
2024-07-03 00:12:10 下次操作: 2024-07-03 00:15:50

2024-07-03 00:15:50 开始第 4050 次操作

2024-07-03 00:15:50 开始操作号码 【1543934】
2024-07-03 00:15:58 GSD getOne 第 1 次 等待 3 秒
2024-07-03 00:16:01 查询号码 【1543934】，返回信息 {"status":"ok","msg":"-","gid":"596668","time_insert":"2023-03-17 16:55"}
2024-07-03 00:16:01 查询号码 【1543934】，GSD为【"-"】
2024-07-03 00:16:01 ok && -
2024-07-03 00:16:04 CHB 1543934?1719936961 第 1 次 等待 3 秒
2024-07-03 00:16:07 CHB 1543934?1719936961 第 1 次 获取到号码【1543934】GSD
2024-07-03 00:16:07 未获取到号码【1543934】GSD，可能号码格式错误
2024-07-03 00:16:07 获取到号码【1543934】的GSD为【-】
2024-07-03 00:16:15 GSD insert 第 1 次 等待 3 秒
2024-07-03 00:16:18 {"status":"bad","gid":"596668","msg":"添加失败！号码【1543934(-|-)】已存在！"}
2024-07-03 00:16:18 随机等待 185 秒，约 3 分钟
2024-07-03 00:16:18 下次操作: 2024-07-03 00:19:23

2024-07-03 00:19:23 开始第 4051 次操作

2024-07-03 00:19:23 开始操作号码 【1543935】
2024-07-03 00:19:31 GSD getOne 第 1 次 等待 3 秒
2024-07-03 00:19:34 查询号码 【1543935】，返回信息 {"status":"ok","msg":"-","gid":"596686","time_insert":"2023-03-17 17:06"}
2024-07-03 00:19:34 查询号码 【1543935】，GSD为【"-"】
2024-07-03 00:19:34 ok && -
2024-07-03 00:19:36 CHB 1543935?1719937174 第 1 次 等待 3 秒
2024-07-03 00:19:39 CHB 1543935?1719937174 第 1 次 获取到号码【1543935】GSD
2024-07-03 00:19:39 未获取到号码【1543935】GSD，可能号码格式错误
2024-07-03 00:19:39 获取到号码【1543935】的GSD为【-】
2024-07-03 00:19:47 GSD insert 第 1 次 等待 3 秒
2024-07-03 00:19:50 {"status":"bad","gid":"596686","msg":"添加失败！号码【1543935(-|-)】已存在！"}
2024-07-03 00:19:51 随机等待 200 秒，约 3 分钟
2024-07-03 00:19:51 下次操作: 2024-07-03 00:23:11

2024-07-03 00:23:11 开始第 4052 次操作

2024-07-03 00:23:11 开始操作号码 【1543936】
2024-07-03 00:23:21 GSD getOne 第 1 次 等待 3 秒
2024-07-03 00:23:24 查询号码 【1543936】，返回信息 {"status":"ok","msg":"-","gid":"596722","time_insert":"2023-03-17 17:30"}
2024-07-03 00:23:24 查询号码 【1543936】，GSD为【"-"】
2024-07-03 00:23:24 ok && -
2024-07-03 00:23:27 CHB 1543936?1719937404 第 1 次 等待 3 秒
2024-07-03 00:23:30 CHB 1543936?1719937404 第 1 次 获取到号码【1543936】GSD
2024-07-03 00:23:30 未获取到号码【1543936】GSD，可能号码格式错误
2024-07-03 00:23:30 获取到号码【1543936】的GSD为【-】
2024-07-03 00:23:39 GSD insert 第 1 次 等待 3 秒
2024-07-03 00:23:42 {"status":"bad","gid":"596722","msg":"添加失败！号码【1543936(-|-)】已存在！"}

