2024-07-10 00:11:24 开始第 5321 次操作

2024-07-10 00:11:24 开始操作号码 【1545204】
2024-07-10 00:11:40 GSD getOne 第 1 次 等待 3 秒
2024-07-10 00:11:43 查询号码 【1545204】，返回信息 {"status":"ok","msg":"-","gid":"627163","time_insert":"2023-04-01 04:26"}
2024-07-10 00:11:43 查询号码 【1545204】，GSD为【"-"】
2024-07-10 00:11:43 ok && -
2024-07-10 00:11:45 CHB 1545204?1720541503 第 1 次 等待 3 秒
2024-07-10 00:11:48 CHB 1545204?1720541503 第 1 次 获取到号码【1545204】GSD
2024-07-10 00:11:48 未获取到号码【1545204】GSD，可能号码格式错误
2024-07-10 00:11:48 获取到号码【1545204】的GSD为【-】
2024-07-10 00:11:57 GSD insert 第 1 次 等待 3 秒
2024-07-10 00:12:00 {"status":"bad","gid":"627163","msg":"添加失败！号码【1545204(-|-)】已存在！"}
2024-07-10 00:12:00 随机等待 155 秒，约 2 分钟
2024-07-10 00:12:00 下次操作: 2024-07-10 00:14:35

2024-07-10 00:14:35 开始第 5322 次操作

2024-07-10 00:14:35 开始操作号码 【1545205】
2024-07-10 00:14:49 GSD getOne 第 1 次 等待 3 秒
2024-07-10 00:14:52 查询号码 【1545205】，返回信息 {"status":"ok","msg":"-","gid":"627187","time_insert":"2023-04-01 04:45"}
2024-07-10 00:14:52 查询号码 【1545205】，GSD为【"-"】
2024-07-10 00:14:52 ok && -
2024-07-10 00:14:54 CHB 1545205?1720541692 第 1 次 等待 3 秒
2024-07-10 00:14:57 CHB 1545205?1720541692 第 1 次 获取到号码【1545205】GSD
2024-07-10 00:14:57 未获取到号码【1545205】GSD，可能号码格式错误
2024-07-10 00:14:57 获取到号码【1545205】的GSD为【-】
2024-07-10 00:15:06 GSD insert 第 1 次 等待 3 秒
2024-07-10 00:15:09 {"status":"bad","gid":"627187","msg":"添加失败！号码【1545205(-|-)】已存在！"}
2024-07-10 00:15:09 随机等待 172 秒，约 2 分钟
2024-07-10 00:15:09 下次操作: 2024-07-10 00:18:01

2024-07-10 00:18:01 开始第 5323 次操作

2024-07-10 00:18:01 开始操作号码 【1545206】
2024-07-10 00:18:10 GSD getOne 第 1 次 等待 3 秒
2024-07-10 00:18:13 查询号码 【1545206】，返回信息 {"status":"ok","msg":"-","gid":"627207","time_insert":"2023-04-01 04:57"}
2024-07-10 00:18:13 查询号码 【1545206】，GSD为【"-"】
2024-07-10 00:18:13 ok && -
2024-07-10 00:18:15 CHB 1545206?1720541893 第 1 次 等待 3 秒
2024-07-10 00:18:18 CHB 1545206?1720541893 第 1 次 获取到号码【1545206】GSD
2024-07-10 00:18:18 未获取到号码【1545206】GSD，可能号码格式错误
2024-07-10 00:18:18 获取到号码【1545206】的GSD为【-】
2024-07-10 00:18:25 GSD insert 第 1 次 等待 3 秒
2024-07-10 00:18:28 {"status":"bad","gid":"627207","msg":"添加失败！号码【1545206(-|-)】已存在！"}
2024-07-10 00:18:29 随机等待 128 秒，约 2 分钟
2024-07-10 00:18:29 下次操作: 2024-07-10 00:20:37

2024-07-10 00:20:37 开始第 5324 次操作

2024-07-10 00:20:37 开始操作号码 【1545207】
2024-07-10 00:20:47 GSD getOne 第 1 次 等待 3 秒
2024-07-10 00:20:50 查询号码 【1545207】，返回信息 {"status":"ok","msg":"-","gid":"627223","time_insert":"2023-04-01 05:09"}
2024-07-10 00:20:50 查询号码 【1545207】，GSD为【"-"】
2024-07-10 00:20:50 ok && -
2024-07-10 00:20:52 CHB 1545207?1720542050 第 1 次 等待 3 秒
2024-07-10 00:20:55 CHB 1545207?1720542050 第 1 次 获取到号码【1545207】GSD
2024-07-10 00:20:55 未获取到号码【1545207】GSD，可能号码格式错误
2024-07-10 00:20:55 获取到号码【1545207】的GSD为【-】
2024-07-10 00:21:04 GSD insert 第 1 次 等待 3 秒
2024-07-10 00:21:07 {"status":"bad","gid":"627223","msg":"添加失败！号码【1545207(-|-)】已存在！"}

