2023-12-13 00:09:18 开始第 2973 次操作

2023-12-13 00:09:18 开始操作号码 【1872873】
2023-12-13 00:09:22 GSD getOne 第 1 次 等待 3 秒
2023-12-13 00:09:25 查询号码 【1872873】，返回信息 {"status":"ok","msg":"四川-巴中","gid":"42254","time_insert":"2017-05-19 11:16","time_update":"2020-11-12 08:53"}
2023-12-13 00:09:25 查询号码 【1872873】，GSD为【"四川-巴中"】

2023-12-13 00:09:26 开始第 2974 次操作

2023-12-13 00:09:26 开始操作号码 【1872874】
2023-12-13 00:09:29 GSD getOne 第 1 次 等待 3 秒
2023-12-13 00:09:32 查询号码 【1872874】，返回信息 {"status":"ok","msg":"四川-巴中","gid":"42255","time_insert":"2018-09-07 11:21","time_update":"2020-11-12 08:56"}
2023-12-13 00:09:32 查询号码 【1872874】，GSD为【"四川-巴中"】

2023-12-13 00:09:33 开始第 2975 次操作

2023-12-13 00:09:33 开始操作号码 【1872875】
2023-12-13 00:09:38 GSD getOne 第 1 次 等待 3 秒
2023-12-13 00:09:41 查询号码 【1872875】，返回信息 {"status":"ok","msg":"四川-巴中","gid":"42256","time_insert":"2017-06-09 23:24","time_update":"2020-11-12 09:00"}
2023-12-13 00:09:41 查询号码 【1872875】，GSD为【"四川-巴中"】

2023-12-13 00:09:42 开始第 2976 次操作

2023-12-13 00:09:42 开始操作号码 【1872876】
2023-12-13 00:09:46 GSD getOne 第 1 次 等待 3 秒
2023-12-13 00:09:49 查询号码 【1872876】，返回信息 {"status":"ok","msg":"四川-巴中","gid":"42257","time_insert":"2016-03-07 20:58","time_update":"2020-11-12 09:01"}
2023-12-13 00:09:49 查询号码 【1872876】，GSD为【"四川-巴中"】

2023-12-13 00:37:43 开始第 2977 次操作

2023-12-13 00:37:43 开始操作号码 【1872877】
2023-12-13 00:37:48 GSD getOne 第 1 次 等待 3 秒
2023-12-13 00:37:51 查询号码 【1872877】，返回信息 {"status":"ok","msg":"四川-巴中","gid":"42258","time_insert":"2018-07-15 22:11","time_update":"2020-11-12 09:04"}
2023-12-13 00:37:51 查询号码 【1872877】，GSD为【"四川-巴中"】

2023-12-13 00:37:52 开始第 2978 次操作

2023-12-13 00:37:52 开始操作号码 【1872878】
2023-12-13 00:37:57 GSD getOne 第 1 次 等待 3 秒
2023-12-13 00:38:00 查询号码 【1872878】，返回信息 {"status":"ok","msg":"四川-巴中","gid":"42259","time_insert":"2017-03-20 18:26","time_update":"2020-11-12 09:08"}
2023-12-13 00:38:00 查询号码 【1872878】，GSD为【"四川-巴中"】

2023-12-13 00:38:01 开始第 2979 次操作

2023-12-13 00:38:01 开始操作号码 【1872879】
2023-12-13 00:38:07 GSD getOne 第 1 次 等待 3 秒
2023-12-13 00:38:10 查询号码 【1872879】，返回信息 {"status":"ok","msg":"四川-巴中","gid":"42260","time_insert":"2015-02-24 12:22","time_update":"2020-11-12 09:12"}
2023-12-13 00:38:10 查询号码 【1872879】，GSD为【"四川-巴中"】

2023-12-13 00:38:11 开始第 2980 次操作

2023-12-13 00:38:11 开始操作号码 【1872880】
2023-12-13 00:38:15 GSD getOne 第 1 次 等待 3 秒
2023-12-13 00:38:18 查询号码 【1872880】，返回信息 {"status":"ok","msg":"四川-乐山","gid":"42261","time_insert":"2014-01-11 19:46","time_update":"2020-11-12 09:16"}
2023-12-13 00:38:19 查询号码 【1872880】，GSD为【"四川-乐山"】

