2024-02-22 00:10:06 开始第 5125 次操作

2024-02-22 00:10:06 开始操作号码 【1765025】
2024-02-22 00:10:10 GSD getOne 第 1 次 等待 3 秒
2024-02-22 00:10:13 查询号码 【1765025】，返回信息 {"status":"ok","msg":"湖南-怀化","gid":"191996","time_insert":"2021-07-04 18:02"}
2024-02-22 00:10:13 查询号码 【1765025】，GSD为【"湖南-怀化"】

2024-02-22 00:10:14 开始第 5126 次操作

2024-02-22 00:10:14 开始操作号码 【1765026】
2024-02-22 00:10:21 GSD getOne 第 1 次 等待 3 秒
2024-02-22 00:10:24 查询号码 【1765026】，返回信息 {"status":"ok","msg":"湖南-怀化","gid":"192002","time_insert":"2021-07-04 18:03"}
2024-02-22 00:10:24 查询号码 【1765026】，GSD为【"湖南-怀化"】

2024-02-22 00:10:25 开始第 5127 次操作

2024-02-22 00:10:25 开始操作号码 【1765027】
2024-02-22 00:10:32 GSD getOne 第 1 次 等待 3 秒
2024-02-22 00:10:35 查询号码 【1765027】，返回信息 {"status":"ok","msg":"湖南-怀化","gid":"192010","time_insert":"2021-07-04 18:03"}
2024-02-22 00:10:35 查询号码 【1765027】，GSD为【"湖南-怀化"】

2024-02-22 00:10:36 开始第 5128 次操作

2024-02-22 00:10:36 开始操作号码 【1765028】
2024-02-22 00:10:40 GSD getOne 第 1 次 等待 3 秒
2024-02-22 00:10:43 查询号码 【1765028】，返回信息 {"status":"ok","msg":"湖南-怀化","gid":"192017","time_insert":"2021-07-04 18:04"}
2024-02-22 00:10:43 查询号码 【1765028】，GSD为【"湖南-怀化"】

