2023-10-25 00:09:48 开始第 5053 次操作

2023-10-25 00:09:48 开始操作号码 【1974963】
2023-10-25 00:09:52 GSD getOne 第 1 次 等待 3 秒
2023-10-25 00:09:55 查询号码 【1974963】，返回信息 {"status":"ok","msg":"-","gid":"566444","time_insert":"2023-03-03 03:51"}
2023-10-25 00:09:55 查询号码 【1974963】，GSD为【"-"】
2023-10-25 00:09:55 ok && -
2023-10-25 00:10:01 CHB 1974963?1698163795 第 1 次 等待 3 秒
2023-10-25 00:10:04 CHB 1974963?1698163795 第 1 次 获取到号码【1974963】GSD
2023-10-25 00:10:04 未获取到号码【1974963】GSD，可能号码格式错误
2023-10-25 00:10:04 获取到号码【1974963】的GSD为【-】
2023-10-25 00:10:08 GSD insert 第 1 次 等待 3 秒
2023-10-25 00:10:11 {"status":"bad","gid":"566444","msg":"添加失败！号码【1974963(-|-)】已存在！"}
2023-10-25 00:10:11 随机等待 152 秒，约 2 分钟
2023-10-25 00:10:11 下次操作: 2023-10-25 00:12:43

2023-10-25 00:12:43 开始第 5054 次操作

2023-10-25 00:12:43 开始操作号码 【1974964】
2023-10-25 00:12:46 GSD getOne 第 1 次 等待 3 秒
2023-10-25 00:12:49 查询号码 【1974964】，返回信息 {"status":"ok","msg":"-","gid":"566450","time_insert":"2023-03-03 03:52"}
2023-10-25 00:12:49 查询号码 【1974964】，GSD为【"-"】
2023-10-25 00:12:49 ok && -
2023-10-25 00:12:56 CHB 1974964?1698163969 第 1 次 等待 3 秒
2023-10-25 00:12:59 CHB 1974964?1698163969 第 1 次 获取到号码【1974964】GSD
2023-10-25 00:12:59 未获取到号码【1974964】GSD，可能号码格式错误
2023-10-25 00:12:59 获取到号码【1974964】的GSD为【-】
2023-10-25 00:13:06 GSD insert 第 1 次 等待 3 秒
2023-10-25 00:13:09 {"status":"bad","gid":"566450","msg":"添加失败！号码【1974964(-|-)】已存在！"}
2023-10-25 00:13:09 随机等待 230 秒，约 3 分钟
2023-10-25 00:13:09 下次操作: 2023-10-25 00:16:59

2023-10-25 00:16:59 开始第 5055 次操作

2023-10-25 00:16:59 开始操作号码 【1974965】
2023-10-25 00:17:04 GSD getOne 第 1 次 等待 3 秒
2023-10-25 00:17:07 查询号码 【1974965】，返回信息 {"status":"ok","msg":"-","gid":"566460","time_insert":"2023-03-03 04:02"}
2023-10-25 00:17:07 查询号码 【1974965】，GSD为【"-"】
2023-10-25 00:17:07 ok && -
2023-10-25 00:17:09 CHB 1974965?1698164227 第 1 次 等待 3 秒
2023-10-25 00:17:12 CHB 1974965?1698164227 第 1 次 获取到号码【1974965】GSD
2023-10-25 00:17:12 未获取到号码【1974965】GSD，可能号码格式错误
2023-10-25 00:17:13 获取到号码【1974965】的GSD为【-】
2023-10-25 00:17:15 GSD insert 第 1 次 等待 3 秒
2023-10-25 00:17:18 {"status":"bad","gid":"566460","msg":"添加失败！号码【1974965(-|-)】已存在！"}
2023-10-25 00:17:18 随机等待 122 秒，约 2 分钟
2023-10-25 00:17:18 下次操作: 2023-10-25 00:19:20

2023-10-25 00:19:20 开始第 5056 次操作

2023-10-25 00:19:20 开始操作号码 【1974966】
2023-10-25 00:19:24 GSD getOne 第 1 次 等待 3 秒
2023-10-25 00:19:27 查询号码 【1974966】，返回信息 {"status":"ok","msg":"-","gid":"566477","time_insert":"2023-03-03 04:14"}
2023-10-25 00:19:27 查询号码 【1974966】，GSD为【"-"】
2023-10-25 00:19:27 ok && -
2023-10-25 00:19:29 CHB 1974966?1698164367 第 1 次 等待 3 秒
2023-10-25 00:19:32 CHB 1974966?1698164367 第 1 次 获取到号码【1974966】GSD
2023-10-25 00:19:32 未获取到号码【1974966】GSD，可能号码格式错误
2023-10-25 00:19:32 获取到号码【1974966】的GSD为【-】
2023-10-25 00:19:35 GSD insert 第 1 次 等待 3 秒
2023-10-25 00:19:38 {"status":"bad","gid":"566477","msg":"添加失败！号码【1974966(-|-)】已存在！"}

