2024-09-17 00:28:28 开始第 4697 次操作

2024-09-17 00:28:28 开始操作号码 【1434694】
2024-09-17 00:28:36 GSD getOne 第 1 次 等待 3 秒
2024-09-17 00:28:39 查询号码 【1434694】，返回信息 {"status":"ok","msg":"-","gid":"612716","time_insert":"2023-03-25 01:55"}
2024-09-17 00:28:39 查询号码 【1434694】，GSD为【"-"】
2024-09-17 00:28:39 ok && -
2024-09-17 00:28:41 CHB 1434694?1726504119 第 1 次 等待 3 秒
2024-09-17 00:28:44 CHB 1434694?1726504119 第 1 次 获取到号码【1434694】GSD
2024-09-17 00:28:44 未获取到号码【1434694】GSD，可能号码格式错误
2024-09-17 00:28:44 获取到号码【1434694】的GSD为【-】
2024-09-17 00:28:52 GSD insert 第 1 次 等待 3 秒
2024-09-17 00:28:55 {"status":"bad","gid":"612716","msg":"添加失败！号码【1434694(-|-)】已存在！"}
2024-09-17 00:28:55 随机等待 188 秒，约 3 分钟
2024-09-17 00:28:55 下次操作: 2024-09-17 00:32:03

2024-09-17 00:32:03 开始第 4698 次操作

2024-09-17 00:32:03 开始操作号码 【1434695】
2024-09-17 00:32:10 GSD getOne 第 1 次 等待 3 秒
2024-09-17 00:32:13 查询号码 【1434695】，返回信息 {"status":"ok","msg":"-","gid":"612733","time_insert":"2023-03-25 02:08"}
2024-09-17 00:32:13 查询号码 【1434695】，GSD为【"-"】
2024-09-17 00:32:13 ok && -
2024-09-17 00:32:15 CHB 1434695?1726504333 第 1 次 等待 3 秒
2024-09-17 00:32:18 CHB 1434695?1726504333 第 1 次 获取到号码【1434695】GSD
2024-09-17 00:32:18 未获取到号码【1434695】GSD，可能号码格式错误
2024-09-17 00:32:18 获取到号码【1434695】的GSD为【-】
2024-09-17 00:32:26 GSD insert 第 1 次 等待 3 秒
2024-09-17 00:32:29 {"status":"bad","gid":"612733","msg":"添加失败！号码【1434695(-|-)】已存在！"}
2024-09-17 00:32:29 随机等待 110 秒，约 1 分钟
2024-09-17 00:32:29 下次操作: 2024-09-17 00:34:19

2024-09-17 00:34:19 开始第 4699 次操作

2024-09-17 00:34:19 开始操作号码 【1434696】
2024-09-17 00:34:32 GSD getOne 第 1 次 等待 3 秒
2024-09-17 00:34:35 查询号码 【1434696】，返回信息 {"status":"ok","msg":"-","gid":"612749","time_insert":"2023-03-25 02:18"}
2024-09-17 00:34:35 查询号码 【1434696】，GSD为【"-"】
2024-09-17 00:34:35 ok && -
2024-09-17 00:34:37 CHB 1434696?1726504475 第 1 次 等待 3 秒
2024-09-17 00:34:40 CHB 1434696?1726504475 第 1 次 获取到号码【1434696】GSD
2024-09-17 00:34:40 未获取到号码【1434696】GSD，可能号码格式错误
2024-09-17 00:34:40 获取到号码【1434696】的GSD为【-】
2024-09-17 00:34:49 GSD insert 第 1 次 等待 3 秒
2024-09-17 00:34:52 {"status":"bad","gid":"612749","msg":"添加失败！号码【1434696(-|-)】已存在！"}
2024-09-17 00:34:52 随机等待 117 秒，约 1 分钟
2024-09-17 00:34:52 下次操作: 2024-09-17 00:36:49

2024-09-17 00:36:49 开始第 4700 次操作

2024-09-17 00:36:49 开始操作号码 【1434697】
2024-09-17 00:36:57 GSD getOne 第 1 次 等待 3 秒
2024-09-17 00:37:00 查询号码 【1434697】，返回信息 {"status":"ok","msg":"-","gid":"612765","time_insert":"2023-03-25 02:30"}
2024-09-17 00:37:00 查询号码 【1434697】，GSD为【"-"】
2024-09-17 00:37:00 ok && -
2024-09-17 00:37:03 CHB 1434697?1726504620 第 1 次 等待 3 秒
2024-09-17 00:37:06 CHB 1434697?1726504620 第 1 次 获取到号码【1434697】GSD
2024-09-17 00:37:06 未获取到号码【1434697】GSD，可能号码格式错误
2024-09-17 00:37:06 获取到号码【1434697】的GSD为【-】
2024-09-17 00:37:15 GSD insert 第 1 次 等待 3 秒
2024-09-17 00:37:18 {"status":"bad","gid":"612765","msg":"添加失败！号码【1434697(-|-)】已存在！"}

