2024-04-06 00:10:29 开始第 2205 次操作

2024-04-06 00:10:29 开始操作号码 【1652106】
2024-04-06 00:10:35 GSD getOne 第 1 次 等待 3 秒
2024-04-06 00:10:38 查询号码 【1652106】，返回信息 {"status":"ok","msg":"吉林-白城","gid":"240202","time_insert":"2021-07-10 14:56"}
2024-04-06 00:10:38 查询号码 【1652106】，GSD为【"吉林-白城"】

2024-04-06 00:10:39 开始第 2206 次操作

2024-04-06 00:10:39 开始操作号码 【1652107】
2024-04-06 00:10:50 GSD getOne 第 1 次 等待 3 秒
2024-04-06 00:10:53 查询号码 【1652107】，返回信息 {"status":"ok","msg":"黑龙江-伊春","gid":"240210","time_insert":"2021-07-10 14:57"}
2024-04-06 00:10:53 查询号码 【1652107】，GSD为【"黑龙江-伊春"】

2024-04-06 00:10:54 开始第 2207 次操作

2024-04-06 00:10:54 开始操作号码 【1652108】
2024-04-06 00:11:03 GSD getOne 第 1 次 等待 3 秒
2024-04-06 00:11:06 查询号码 【1652108】，返回信息 {"status":"ok","msg":"山东-青岛","gid":"240214","time_insert":"2021-07-10 14:57"}
2024-04-06 00:11:06 查询号码 【1652108】，GSD为【"山东-青岛"】

2024-04-06 00:11:07 开始第 2208 次操作

2024-04-06 00:11:07 开始操作号码 【1652109】
2024-04-06 00:11:12 GSD getOne 第 1 次 等待 3 秒
2024-04-06 00:11:15 查询号码 【1652109】，返回信息 {"status":"ok","msg":"黑龙江-大兴安岭","gid":"240223","time_insert":"2021-07-10 14:58"}
2024-04-06 00:11:15 查询号码 【1652109】，GSD为【"黑龙江-大兴安岭"】

