2024-01-19 00:09:49 开始第 9773 次操作

2024-01-19 00:09:49 开始操作号码 【1879673】
2024-01-19 00:09:54 GSD getOne 第 1 次 等待 3 秒
2024-01-19 00:09:57 查询号码 【1879673】，返回信息 {"status":"ok","msg":"江苏-泰州","gid":"412950","time_insert":"2021-07-27 12:59"}
2024-01-19 00:09:57 查询号码 【1879673】，GSD为【"江苏-泰州"】

2024-01-19 00:09:58 开始第 9774 次操作

2024-01-19 00:09:58 开始操作号码 【1879674】
2024-01-19 00:10:06 GSD getOne 第 1 次 等待 3 秒
2024-01-19 00:10:09 查询号码 【1879674】，返回信息 {"status":"ok","msg":"江苏-泰州","gid":"412942","time_insert":"2021-07-27 12:58"}
2024-01-19 00:10:09 查询号码 【1879674】，GSD为【"江苏-泰州"】

2024-01-19 00:10:10 开始第 9775 次操作

2024-01-19 00:10:10 开始操作号码 【1879675】
2024-01-19 00:10:16 GSD getOne 第 1 次 等待 3 秒
2024-01-19 00:10:19 查询号码 【1879675】，返回信息 {"status":"ok","msg":"江苏-泰州","gid":"412935","time_insert":"2021-07-27 12:58"}
2024-01-19 00:10:19 查询号码 【1879675】，GSD为【"江苏-泰州"】

2024-01-19 00:10:20 开始第 9776 次操作

2024-01-19 00:10:20 开始操作号码 【1879676】
2024-01-19 00:10:25 GSD getOne 第 1 次 等待 3 秒
2024-01-19 00:10:28 查询号码 【1879676】，返回信息 {"status":"ok","msg":"江苏-泰州","gid":"412923","time_insert":"2021-07-27 12:57"}
2024-01-19 00:10:28 查询号码 【1879676】，GSD为【"江苏-泰州"】

