2024-03-09 00:08:51 开始第 8025 次操作

2024-03-09 00:08:51 开始操作号码 【1767925】
2024-03-09 00:08:55 GSD getOne 第 1 次 等待 3 秒
2024-03-09 00:08:58 查询号码 【1767925】，返回信息 {"status":"ok","msg":"江西-宜春","gid":"159403","time_insert":"2021-06-30 08:01"}
2024-03-09 00:08:58 查询号码 【1767925】，GSD为【"江西-宜春"】

2024-03-09 00:08:59 开始第 8026 次操作

2024-03-09 00:08:59 开始操作号码 【1767926】
2024-03-09 00:09:04 GSD getOne 第 1 次 等待 3 秒
2024-03-09 00:09:07 查询号码 【1767926】，返回信息 {"status":"ok","msg":"江西-吉安","gid":"159398","time_insert":"2021-06-30 08:00"}
2024-03-09 00:09:07 查询号码 【1767926】，GSD为【"江西-吉安"】

2024-03-09 00:09:08 开始第 8027 次操作

2024-03-09 00:09:08 开始操作号码 【1767927】
2024-03-09 00:09:13 GSD getOne 第 1 次 等待 3 秒
2024-03-09 00:09:16 查询号码 【1767927】，返回信息 {"status":"ok","msg":"江西-赣州","gid":"159389","time_insert":"2021-06-30 08:00"}
2024-03-09 00:09:16 查询号码 【1767927】，GSD为【"江西-赣州"】

2024-03-09 00:09:17 开始第 8028 次操作

2024-03-09 00:09:17 开始操作号码 【1767928】
2024-03-09 00:09:25 GSD getOne 第 1 次 等待 3 秒
2024-03-09 00:09:28 查询号码 【1767928】，返回信息 {"status":"ok","msg":"江西-景德镇","gid":"159381","time_insert":"2021-06-30 07:59"}
2024-03-09 00:09:28 查询号码 【1767928】，GSD为【"江西-景德镇"】

2024-03-09 01:07:00 开始第 8029 次操作

2024-03-09 01:07:00 开始操作号码 【1767929】
2024-03-09 01:07:04 GSD getOne 第 1 次 等待 3 秒
2024-03-09 01:07:07 查询号码 【1767929】，返回信息 {"status":"ok","msg":"江西-萍乡","gid":"159372","time_insert":"2021-06-30 07:58"}
2024-03-09 01:07:07 查询号码 【1767929】，GSD为【"江西-萍乡"】

2024-03-09 01:07:08 开始第 8030 次操作

2024-03-09 01:07:08 开始操作号码 【1767930】
2024-03-09 01:07:14 GSD getOne 第 1 次 等待 3 秒
2024-03-09 01:07:17 查询号码 【1767930】，返回信息 {"status":"ok","msg":"江西-赣州","gid":"159362","time_insert":"2021-06-30 07:58"}
2024-03-09 01:07:17 查询号码 【1767930】，GSD为【"江西-赣州"】

2024-03-09 01:07:18 开始第 8031 次操作

2024-03-09 01:07:18 开始操作号码 【1767931】
2024-03-09 01:07:23 GSD getOne 第 1 次 等待 3 秒
2024-03-09 01:07:26 查询号码 【1767931】，返回信息 {"status":"ok","msg":"江西-南昌","gid":"159355","time_insert":"2021-06-30 07:57"}
2024-03-09 01:07:26 查询号码 【1767931】，GSD为【"江西-南昌"】

2024-03-09 01:07:27 开始第 8032 次操作

2024-03-09 01:07:27 开始操作号码 【1767932】
2024-03-09 01:07:32 GSD getOne 第 1 次 等待 3 秒
2024-03-09 01:07:35 查询号码 【1767932】，返回信息 {"status":"ok","msg":"江西-赣州","gid":"159350","time_insert":"2021-06-30 07:57"}
2024-03-09 01:07:35 查询号码 【1767932】，GSD为【"江西-赣州"】

2024-03-09 01:32:17 开始第 8033 次操作

2024-03-09 01:32:17 开始操作号码 【1767933】
2024-03-09 01:32:22 GSD getOne 第 1 次 等待 3 秒
2024-03-09 01:32:25 查询号码 【1767933】，返回信息 {"status":"ok","msg":"江西-赣州","gid":"159345","time_insert":"2021-06-30 07:56"}
2024-03-09 01:32:25 查询号码 【1767933】，GSD为【"江西-赣州"】

2024-03-09 01:32:26 开始第 8034 次操作

2024-03-09 01:32:26 开始操作号码 【1767934】
2024-03-09 01:32:30 GSD getOne 第 1 次 等待 3 秒
2024-03-09 01:32:33 查询号码 【1767934】，返回信息 {"status":"ok","msg":"江西-抚州","gid":"159341","time_insert":"2021-06-30 07:56"}
2024-03-09 01:32:33 查询号码 【1767934】，GSD为【"江西-抚州"】

2024-03-09 01:32:34 开始第 8035 次操作

2024-03-09 01:32:34 开始操作号码 【1767935】
2024-03-09 01:32:39 GSD getOne 第 1 次 等待 3 秒
2024-03-09 01:32:42 查询号码 【1767935】，返回信息 {"status":"ok","msg":"江西-赣州","gid":"159333","time_insert":"2021-06-30 07:55"}
2024-03-09 01:32:42 查询号码 【1767935】，GSD为【"江西-赣州"】

2024-03-09 01:32:43 开始第 8036 次操作

2024-03-09 01:32:43 开始操作号码 【1767936】
2024-03-09 01:32:47 GSD getOne 第 1 次 等待 3 秒
2024-03-09 01:32:50 查询号码 【1767936】，返回信息 {"status":"ok","msg":"江西-赣州","gid":"30178","time_insert":"2019-03-18 08:51","time_update":"2020-09-07 12:14"}
2024-03-09 01:32:51 查询号码 【1767936】，GSD为【"江西-赣州"】

2024-03-09 02:09:51 开始第 8037 次操作

2024-03-09 02:09:51 开始操作号码 【1767937】
2024-03-09 02:09:56 GSD getOne 第 1 次 等待 3 秒
2024-03-09 02:09:59 查询号码 【1767937】，返回信息 {"status":"ok","msg":"江西-赣州","gid":"159328","time_insert":"2021-06-30 07:55"}
2024-03-09 02:09:59 查询号码 【1767937】，GSD为【"江西-赣州"】

2024-03-09 02:10:00 开始第 8038 次操作

2024-03-09 02:10:00 开始操作号码 【1767938】
2024-03-09 02:10:05 GSD getOne 第 1 次 等待 3 秒
2024-03-09 02:10:08 查询号码 【1767938】，返回信息 {"status":"ok","msg":"江西-赣州","gid":"159325","time_insert":"2021-06-30 07:54"}
2024-03-09 02:10:08 查询号码 【1767938】，GSD为【"江西-赣州"】

2024-03-09 02:10:09 开始第 8039 次操作

2024-03-09 02:10:09 开始操作号码 【1767939】
2024-03-09 02:10:14 GSD getOne 第 1 次 等待 3 秒
2024-03-09 02:10:17 查询号码 【1767939】，返回信息 {"status":"ok","msg":"江西-赣州","gid":"159317","time_insert":"2021-06-30 07:54"}
2024-03-09 02:10:17 查询号码 【1767939】，GSD为【"江西-赣州"】

2024-03-09 02:10:18 开始第 8040 次操作

2024-03-09 02:10:18 开始操作号码 【1767940】
2024-03-09 02:10:22 GSD getOne 第 1 次 等待 3 秒
2024-03-09 02:10:26 查询号码 【1767940】，返回信息 {"status":"ok","msg":"江西-赣州","gid":"30179","time_insert":"2018-05-04 09:30","time_update":"2020-09-07 12:19"}
2024-03-09 02:10:26 查询号码 【1767940】，GSD为【"江西-赣州"】

2024-03-09 02:32:06 开始第 8041 次操作

2024-03-09 02:32:06 开始操作号码 【1767941】
2024-03-09 02:32:11 GSD getOne 第 1 次 等待 3 秒
2024-03-09 02:32:14 查询号码 【1767941】，返回信息 {"status":"ok","msg":"江西-南昌","gid":"159312","time_insert":"2021-06-30 07:53"}
2024-03-09 02:32:14 查询号码 【1767941】，GSD为【"江西-南昌"】

2024-03-09 02:32:15 开始第 8042 次操作

2024-03-09 02:32:15 开始操作号码 【1767942】
2024-03-09 02:32:19 GSD getOne 第 1 次 等待 3 秒
2024-03-09 02:32:22 查询号码 【1767942】，返回信息 {"status":"ok","msg":"江西-赣州","gid":"159308","time_insert":"2021-06-30 07:52"}
2024-03-09 02:32:22 查询号码 【1767942】，GSD为【"江西-赣州"】

2024-03-09 02:32:23 开始第 8043 次操作

2024-03-09 02:32:23 开始操作号码 【1767943】
2024-03-09 02:32:29 GSD getOne 第 1 次 等待 3 秒
2024-03-09 02:32:32 查询号码 【1767943】，返回信息 {"status":"ok","msg":"江西-赣州","gid":"159301","time_insert":"2021-06-30 07:52"}
2024-03-09 02:32:32 查询号码 【1767943】，GSD为【"江西-赣州"】

2024-03-09 02:32:33 开始第 8044 次操作

2024-03-09 02:32:33 开始操作号码 【1767944】
2024-03-09 02:32:38 GSD getOne 第 1 次 等待 3 秒
2024-03-09 02:32:41 查询号码 【1767944】，返回信息 {"status":"ok","msg":"江西-抚州","gid":"159296","time_insert":"2021-06-30 07:52"}
2024-03-09 02:32:41 查询号码 【1767944】，GSD为【"江西-抚州"】

