2024-02-18 00:09:00 开始第 4389 次操作

2024-02-18 00:09:00 开始操作号码 【1764289】
2024-02-18 00:09:06 GSD getOne 第 1 次 等待 3 秒
2024-02-18 00:09:09 查询号码 【1764289】，返回信息 {"status":"ok","msg":"辽宁-大连","gid":"182549","time_insert":"2021-07-03 15:45"}
2024-02-18 00:09:10 查询号码 【1764289】，GSD为【"辽宁-大连"】

2024-02-18 00:09:11 开始第 4390 次操作

2024-02-18 00:09:11 开始操作号码 【1764290】
2024-02-18 00:09:15 GSD getOne 第 1 次 等待 3 秒
2024-02-18 00:09:18 查询号码 【1764290】，返回信息 {"status":"ok","msg":"辽宁-葫芦岛","gid":"182560","time_insert":"2021-07-03 15:46"}
2024-02-18 00:09:18 查询号码 【1764290】，GSD为【"辽宁-葫芦岛"】

2024-02-18 00:09:19 开始第 4391 次操作

2024-02-18 00:09:19 开始操作号码 【1764291】
2024-02-18 00:09:24 GSD getOne 第 1 次 等待 3 秒
2024-02-18 00:09:27 查询号码 【1764291】，返回信息 {"status":"ok","msg":"辽宁-葫芦岛","gid":"182571","time_insert":"2021-07-03 15:47"}
2024-02-18 00:09:27 查询号码 【1764291】，GSD为【"辽宁-葫芦岛"】

2024-02-18 00:09:29 开始第 4392 次操作

2024-02-18 00:09:29 开始操作号码 【1764292】
2024-02-18 00:09:35 GSD getOne 第 1 次 等待 3 秒
2024-02-18 00:09:38 查询号码 【1764292】，返回信息 {"status":"ok","msg":"辽宁-葫芦岛","gid":"182583","time_insert":"2021-07-03 15:48"}
2024-02-18 00:09:38 查询号码 【1764292】，GSD为【"辽宁-葫芦岛"】

