2024-04-01 00:08:25 开始第 1285 次操作

2024-04-01 00:08:25 开始操作号码 【1651186】
2024-04-01 00:08:31 GSD getOne 第 1 次 等待 3 秒
2024-04-01 00:08:34 查询号码 【1651186】，返回信息 {"status":"ok","msg":"内蒙古-海拉尔","gid":"229220","time_insert":"2021-07-09 07:41"}
2024-04-01 00:08:34 查询号码 【1651186】，GSD为【"内蒙古-海拉尔"】

2024-04-01 00:08:35 开始第 1286 次操作

2024-04-01 00:08:35 开始操作号码 【1651187】
2024-04-01 00:08:40 GSD getOne 第 1 次 等待 3 秒
2024-04-01 00:08:43 查询号码 【1651187】，返回信息 {"status":"ok","msg":"福建-南平","gid":"229231","time_insert":"2021-07-09 07:42"}
2024-04-01 00:08:43 查询号码 【1651187】，GSD为【"福建-南平"】

2024-04-01 00:08:44 开始第 1287 次操作

2024-04-01 00:08:44 开始操作号码 【1651188】
2024-04-01 00:08:50 GSD getOne 第 1 次 等待 3 秒
2024-04-01 00:08:53 查询号码 【1651188】，返回信息 {"status":"ok","msg":"辽宁-盘锦","gid":"229242","time_insert":"2021-07-09 07:43"}
2024-04-01 00:08:53 查询号码 【1651188】，GSD为【"辽宁-盘锦"】

2024-04-01 00:08:54 开始第 1288 次操作

2024-04-01 00:08:54 开始操作号码 【1651189】
2024-04-01 00:08:59 GSD getOne 第 1 次 等待 3 秒
2024-04-01 00:09:02 查询号码 【1651189】，返回信息 {"status":"ok","msg":"福建-宁德","gid":"229252","time_insert":"2021-07-09 07:44"}
2024-04-01 00:09:03 查询号码 【1651189】，GSD为【"福建-宁德"】

