2024-01-26 00:10:22 开始第 157 次操作

2024-01-26 00:10:22 开始操作号码 【1760057】
2024-01-26 00:10:46 GSD getOne 第 1 次 等待 3 秒
2024-01-26 00:10:49 查询号码 【1760057】，返回信息 {"status":"ok","msg":"北京-北京","gid":"138355","time_insert":"2021-06-27 10:41"}
2024-01-26 00:10:49 查询号码 【1760057】，GSD为【"北京-北京"】

2024-01-26 00:10:50 开始第 158 次操作

2024-01-26 00:10:50 开始操作号码 【1760058】
2024-01-26 00:11:14 GSD getOne 第 1 次 等待 3 秒
2024-01-26 00:11:17 查询号码 【1760058】，返回信息 {"status":"ok","msg":"北京-北京","gid":"138364","time_insert":"2021-06-27 10:42"}
2024-01-26 00:11:17 查询号码 【1760058】，GSD为【"北京-北京"】

2024-01-26 00:11:18 开始第 159 次操作

2024-01-26 00:11:18 开始操作号码 【1760059】
2024-01-26 00:11:41 GSD getOne 第 1 次 等待 3 秒
2024-01-26 00:11:44 查询号码 【1760059】，返回信息 {"status":"ok","msg":"北京-北京","gid":"138372","time_insert":"2021-06-27 10:43"}
2024-01-26 00:11:44 查询号码 【1760059】，GSD为【"北京-北京"】

2024-01-26 00:11:45 开始第 160 次操作

2024-01-26 00:11:45 开始操作号码 【1760060】
2024-01-26 00:12:09 GSD getOne 第 1 次 等待 3 秒
2024-01-26 00:12:12 查询号码 【1760060】，返回信息 {"status":"ok","msg":"北京-北京","gid":"138381","time_insert":"2021-06-27 10:44"}
2024-01-26 00:12:12 查询号码 【1760060】，GSD为【"北京-北京"】

2024-01-26 00:39:43 开始第 161 次操作

2024-01-26 00:39:43 开始操作号码 【1760061】
2024-01-26 00:40:07 GSD getOne 第 1 次 等待 3 秒
2024-01-26 00:40:10 查询号码 【1760061】，返回信息 {"status":"ok","msg":"北京-北京","gid":"138386","time_insert":"2021-06-27 10:45"}
2024-01-26 00:40:10 查询号码 【1760061】，GSD为【"北京-北京"】

2024-01-26 00:40:11 开始第 162 次操作

2024-01-26 00:40:11 开始操作号码 【1760062】
2024-01-26 00:40:35 GSD getOne 第 1 次 等待 3 秒
2024-01-26 00:40:38 查询号码 【1760062】，返回信息 {"status":"ok","msg":"北京-北京","gid":"138389","time_insert":"2021-06-27 10:45"}
2024-01-26 00:40:38 查询号码 【1760062】，GSD为【"北京-北京"】

2024-01-26 00:40:39 开始第 163 次操作

2024-01-26 00:40:39 开始操作号码 【1760063】
2024-01-26 00:41:04 GSD getOne 第 1 次 等待 3 秒
2024-01-26 00:41:07 查询号码 【1760063】，返回信息 {"status":"ok","msg":"北京-北京","gid":"138391","time_insert":"2021-06-27 10:46"}
2024-01-26 00:41:07 查询号码 【1760063】，GSD为【"北京-北京"】

2024-01-26 00:41:08 开始第 164 次操作

2024-01-26 00:41:08 开始操作号码 【1760064】
2024-01-26 00:41:31 GSD getOne 第 1 次 等待 3 秒
2024-01-26 00:41:34 查询号码 【1760064】，返回信息 {"status":"ok","msg":"北京-北京","gid":"138415","time_insert":"2021-06-27 10:53"}
2024-01-26 00:41:34 查询号码 【1760064】，GSD为【"北京-北京"】

2024-01-26 01:07:17 开始第 165 次操作

2024-01-26 01:07:17 开始操作号码 【1760065】
2024-01-26 01:07:41 GSD getOne 第 1 次 等待 3 秒
2024-01-26 01:07:44 查询号码 【1760065】，返回信息 {"status":"ok","msg":"北京-北京","gid":"29948","time_insert":"2019-10-06 11:02","time_update":"2020-12-25 09:34"}
2024-01-26 01:07:44 查询号码 【1760065】，GSD为【"北京-北京"】

2024-01-26 01:07:45 开始第 166 次操作

2024-01-26 01:07:45 开始操作号码 【1760066】
2024-01-26 01:08:08 GSD getOne 第 1 次 等待 3 秒
2024-01-26 01:08:11 查询号码 【1760066】，返回信息 {"status":"ok","msg":"北京-北京","gid":"138432","time_insert":"2021-06-27 10:54"}
2024-01-26 01:08:12 查询号码 【1760066】，GSD为【"北京-北京"】

2024-01-26 01:08:13 开始第 167 次操作

2024-01-26 01:08:13 开始操作号码 【1760067】
2024-01-26 01:08:36 GSD getOne 第 1 次 等待 3 秒
2024-01-26 01:08:39 查询号码 【1760067】，返回信息 {"status":"ok","msg":"北京-北京","gid":"138445","time_insert":"2021-06-27 10:55"}
2024-01-26 01:08:39 查询号码 【1760067】，GSD为【"北京-北京"】

2024-01-26 01:08:40 开始第 168 次操作

2024-01-26 01:08:40 开始操作号码 【1760068】
2024-01-26 01:09:04 GSD getOne 第 1 次 等待 3 秒
2024-01-26 01:09:07 查询号码 【1760068】，返回信息 {"status":"ok","msg":"北京-北京","gid":"138458","time_insert":"2021-06-27 10:56"}
2024-01-26 01:09:07 查询号码 【1760068】，GSD为【"北京-北京"】

