2024-01-30 00:08:34 开始第 893 次操作

2024-01-30 00:08:34 开始操作号码 【1760793】
2024-01-30 00:08:40 GSD getOne 第 1 次 等待 3 秒
2024-01-30 00:08:43 查询号码 【1760793】，返回信息 {"status":"ok","msg":"江西-上饶","gid":"145968","time_insert":"2021-06-28 11:10"}
2024-01-30 00:08:43 查询号码 【1760793】，GSD为【"江西-上饶"】

2024-01-30 00:08:44 开始第 894 次操作

2024-01-30 00:08:44 开始操作号码 【1760794】
2024-01-30 00:08:48 GSD getOne 第 1 次 等待 3 秒
2024-01-30 00:08:51 查询号码 【1760794】，返回信息 {"status":"ok","msg":"江西-抚州","gid":"145976","time_insert":"2021-06-28 11:11"}
2024-01-30 00:08:51 查询号码 【1760794】，GSD为【"江西-抚州"】

2024-01-30 00:08:52 开始第 895 次操作

2024-01-30 00:08:52 开始操作号码 【1760795】
2024-01-30 00:08:56 GSD getOne 第 1 次 等待 3 秒
2024-01-30 00:08:59 查询号码 【1760795】，返回信息 {"status":"ok","msg":"江西-宜春","gid":"145983","time_insert":"2021-06-28 11:12"}
2024-01-30 00:08:59 查询号码 【1760795】，GSD为【"江西-宜春"】

2024-01-30 00:09:00 开始第 896 次操作

2024-01-30 00:09:00 开始操作号码 【1760796】
2024-01-30 00:09:04 GSD getOne 第 1 次 等待 3 秒
2024-01-30 00:09:07 查询号码 【1760796】，返回信息 {"status":"ok","msg":"江西-吉安","gid":"145989","time_insert":"2021-06-28 11:13"}
2024-01-30 00:09:07 查询号码 【1760796】，GSD为【"江西-吉安"】

2024-01-30 00:35:30 开始第 897 次操作

2024-01-30 00:35:30 开始操作号码 【1760797】
2024-01-30 00:35:35 GSD getOne 第 1 次 等待 3 秒
2024-01-30 00:35:38 查询号码 【1760797】，返回信息 {"status":"ok","msg":"江西-赣州","gid":"145997","time_insert":"2021-06-28 11:13"}
2024-01-30 00:35:38 查询号码 【1760797】，GSD为【"江西-赣州"】

2024-01-30 00:35:39 开始第 898 次操作

2024-01-30 00:35:39 开始操作号码 【1760798】
2024-01-30 00:35:43 GSD getOne 第 1 次 等待 3 秒
2024-01-30 00:35:46 查询号码 【1760798】，返回信息 {"status":"ok","msg":"江西-景德镇","gid":"146004","time_insert":"2021-06-28 11:14"}
2024-01-30 00:35:46 查询号码 【1760798】，GSD为【"江西-景德镇"】

2024-01-30 00:35:47 开始第 899 次操作

2024-01-30 00:35:47 开始操作号码 【1760799】
2024-01-30 00:35:51 GSD getOne 第 1 次 等待 3 秒
2024-01-30 00:35:54 查询号码 【1760799】，返回信息 {"status":"ok","msg":"江西-萍乡","gid":"146012","time_insert":"2021-06-28 11:16"}
2024-01-30 00:35:54 查询号码 【1760799】，GSD为【"江西-萍乡"】

2024-01-30 00:35:55 开始第 900 次操作

2024-01-30 00:35:55 开始操作号码 【1760800】
2024-01-30 00:35:59 GSD getOne 第 1 次 等待 3 秒
2024-01-30 00:36:02 查询号码 【1760800】，返回信息 {"status":"ok","msg":"四川-成都","gid":"146016","time_insert":"2021-06-28 11:17"}
2024-01-30 00:36:02 查询号码 【1760800】，GSD为【"四川-成都"】

