2024-05-14 00:11:10 开始第 9045 次操作

2024-05-14 00:11:10 开始操作号码 【1658943】
2024-05-14 00:11:16 GSD getOne 第 1 次 等待 3 秒
2024-05-14 00:11:19 查询号码 【1658943】，返回信息 {"status":"ok","msg":"-","gid":"323700","time_insert":"2021-07-19 06:56"}
2024-05-14 00:11:19 查询号码 【1658943】，GSD为【"-"】
2024-05-14 00:11:19 ok && -
2024-05-14 00:11:21 CHB 1658943?1715616679 第 1 次 等待 3 秒
2024-05-14 00:11:24 CHB 1658943?1715616679 第 1 次 获取到号码【1658943】GSD
2024-05-14 00:11:25 未获取到号码【1658943】GSD，可能号码格式错误
2024-05-14 00:11:25 获取到号码【1658943】的GSD为【-】
2024-05-14 00:11:30 GSD insert 第 1 次 等待 3 秒
2024-05-14 00:11:33 {"status":"bad","gid":"323700","msg":"添加失败！号码【1658943(-|-)】已存在！"}
2024-05-14 00:11:33 随机等待 81 秒，约 1 分钟
2024-05-14 00:11:33 下次操作: 2024-05-14 00:12:54

2024-05-14 00:12:54 开始第 9046 次操作

2024-05-14 00:12:54 开始操作号码 【1658944】
2024-05-14 00:13:01 GSD getOne 第 1 次 等待 3 秒
2024-05-14 00:13:04 查询号码 【1658944】，返回信息 {"status":"ok","msg":"-","gid":"323708","time_insert":"2021-07-19 06:56"}
2024-05-14 00:13:04 查询号码 【1658944】，GSD为【"-"】
2024-05-14 00:13:04 ok && -
2024-05-14 00:13:06 CHB 1658944?1715616784 第 1 次 等待 3 秒
2024-05-14 00:13:09 CHB 1658944?1715616784 第 1 次 获取到号码【1658944】GSD
2024-05-14 00:13:09 未获取到号码【1658944】GSD，可能号码格式错误
2024-05-14 00:13:09 获取到号码【1658944】的GSD为【-】
2024-05-14 00:13:16 GSD insert 第 1 次 等待 3 秒
2024-05-14 00:13:19 {"status":"bad","gid":"323708","msg":"添加失败！号码【1658944(-|-)】已存在！"}
2024-05-14 00:13:19 随机等待 219 秒，约 3 分钟
2024-05-14 00:13:19 下次操作: 2024-05-14 00:16:58

2024-05-14 00:16:59 开始第 9047 次操作

2024-05-14 00:16:59 开始操作号码 【1658945】
2024-05-14 00:17:06 GSD getOne 第 1 次 等待 3 秒
2024-05-14 00:17:09 查询号码 【1658945】，返回信息 {"status":"ok","msg":"-","gid":"323718","time_insert":"2021-07-19 06:57"}
2024-05-14 00:17:09 查询号码 【1658945】，GSD为【"-"】
2024-05-14 00:17:09 ok && -
2024-05-14 00:17:11 CHB 1658945?1715617029 第 1 次 等待 3 秒
2024-05-14 00:17:14 CHB 1658945?1715617029 第 1 次 获取到号码【1658945】GSD
2024-05-14 00:17:14 未获取到号码【1658945】GSD，可能号码格式错误
2024-05-14 00:17:14 获取到号码【1658945】的GSD为【-】
2024-05-14 00:17:19 GSD insert 第 1 次 等待 3 秒
2024-05-14 00:17:22 {"status":"bad","gid":"323718","msg":"添加失败！号码【1658945(-|-)】已存在！"}
2024-05-14 00:17:22 随机等待 158 秒，约 2 分钟
2024-05-14 00:17:22 下次操作: 2024-05-14 00:20:00

2024-05-14 00:20:00 开始第 9048 次操作

2024-05-14 00:20:00 开始操作号码 【1658946】
2024-05-14 00:20:08 GSD getOne 第 1 次 等待 3 秒
2024-05-14 00:20:11 查询号码 【1658946】，返回信息 {"status":"ok","msg":"-","gid":"323727","time_insert":"2021-07-19 06:58"}
2024-05-14 00:20:11 查询号码 【1658946】，GSD为【"-"】
2024-05-14 00:20:11 ok && -
2024-05-14 00:20:14 CHB 1658946?1715617211 第 1 次 等待 3 秒
2024-05-14 00:20:17 CHB 1658946?1715617211 第 1 次 获取到号码【1658946】GSD
2024-05-14 00:20:17 未获取到号码【1658946】GSD，可能号码格式错误
2024-05-14 00:20:17 获取到号码【1658946】的GSD为【-】
2024-05-14 00:20:24 GSD insert 第 1 次 等待 3 秒
2024-05-14 00:20:27 {"status":"bad","gid":"323727","msg":"添加失败！号码【1658946(-|-)】已存在！"}

2024-05-14 00:37:22 开始第 9049 次操作

2024-05-14 00:37:22 开始操作号码 【1658947】
2024-05-14 00:37:34 GSD getOne 第 1 次 等待 3 秒
2024-05-14 00:37:37 查询号码 【1658947】，返回信息 {"status":"ok","msg":"-","gid":"323735","time_insert":"2021-07-19 06:58"}
2024-05-14 00:37:37 查询号码 【1658947】，GSD为【"-"】
2024-05-14 00:37:37 ok && -
2024-05-14 00:37:40 CHB 1658947?1715618257 第 1 次 等待 3 秒
2024-05-14 00:37:43 CHB 1658947?1715618257 第 1 次 获取到号码【1658947】GSD
2024-05-14 00:37:43 未获取到号码【1658947】GSD，可能号码格式错误
2024-05-14 00:37:43 获取到号码【1658947】的GSD为【-】
2024-05-14 00:37:51 GSD insert 第 1 次 等待 3 秒
2024-05-14 00:37:54 {"status":"bad","gid":"323735","msg":"添加失败！号码【1658947(-|-)】已存在！"}
2024-05-14 00:37:54 随机等待 83 秒，约 1 分钟
2024-05-14 00:37:54 下次操作: 2024-05-14 00:39:17

2024-05-14 00:39:17 开始第 9050 次操作

2024-05-14 00:39:17 开始操作号码 【1658948】
2024-05-14 00:39:24 GSD getOne 第 1 次 等待 3 秒
2024-05-14 00:39:27 查询号码 【1658948】，返回信息 {"status":"ok","msg":"-","gid":"323745","time_insert":"2021-07-19 06:59"}
2024-05-14 00:39:28 查询号码 【1658948】，GSD为【"-"】
2024-05-14 00:39:28 ok && -
2024-05-14 00:39:30 CHB 1658948?1715618368 第 1 次 等待 3 秒
2024-05-14 00:39:33 CHB 1658948?1715618368 第 1 次 获取到号码【1658948】GSD
2024-05-14 00:39:33 未获取到号码【1658948】GSD，可能号码格式错误
2024-05-14 00:39:33 获取到号码【1658948】的GSD为【-】
2024-05-14 00:39:39 GSD insert 第 1 次 等待 3 秒
2024-05-14 00:39:42 {"status":"bad","gid":"323745","msg":"添加失败！号码【1658948(-|-)】已存在！"}
2024-05-14 00:39:42 随机等待 167 秒，约 2 分钟
2024-05-14 00:39:42 下次操作: 2024-05-14 00:42:29

2024-05-14 00:42:29 开始第 9051 次操作

2024-05-14 00:42:29 开始操作号码 【1658949】
2024-05-14 00:42:38 GSD getOne 第 1 次 等待 3 秒
2024-05-14 00:42:41 查询号码 【1658949】，返回信息 {"status":"ok","msg":"-","gid":"323756","time_insert":"2021-07-19 06:59"}
2024-05-14 00:42:41 查询号码 【1658949】，GSD为【"-"】
2024-05-14 00:42:41 ok && -
2024-05-14 00:42:44 CHB 1658949?1715618561 第 1 次 等待 3 秒
2024-05-14 00:42:47 CHB 1658949?1715618561 第 1 次 获取到号码【1658949】GSD
2024-05-14 00:42:47 未获取到号码【1658949】GSD，可能号码格式错误
2024-05-14 00:42:47 获取到号码【1658949】的GSD为【-】
2024-05-14 00:42:51 GSD insert 第 1 次 等待 3 秒
2024-05-14 00:42:54 {"status":"bad","gid":"323756","msg":"添加失败！号码【1658949(-|-)】已存在！"}
2024-05-14 00:42:54 随机等待 208 秒，约 3 分钟
2024-05-14 00:42:54 下次操作: 2024-05-14 00:46:22

2024-05-14 00:46:22 开始第 9052 次操作

2024-05-14 00:46:22 开始操作号码 【1658950】
2024-05-14 00:46:28 GSD getOne 第 1 次 等待 3 秒
2024-05-14 00:46:31 查询号码 【1658950】，返回信息 {"status":"ok","msg":"-","gid":"323766","time_insert":"2021-07-19 07:00"}
2024-05-14 00:46:31 查询号码 【1658950】，GSD为【"-"】
2024-05-14 00:46:31 ok && -
2024-05-14 00:46:34 CHB 1658950?1715618791 第 1 次 等待 3 秒
2024-05-14 00:46:37 CHB 1658950?1715618791 第 1 次 获取到号码【1658950】GSD
2024-05-14 00:46:37 未获取到号码【1658950】GSD，可能号码格式错误
2024-05-14 00:46:37 获取到号码【1658950】的GSD为【-】
2024-05-14 00:46:43 GSD insert 第 1 次 等待 3 秒
2024-05-14 00:46:46 {"status":"bad","gid":"323766","msg":"添加失败！号码【1658950(-|-)】已存在！"}

