2023-10-19 00:09:47 开始第 3949 次操作

2023-10-19 00:09:47 开始操作号码 【1973859】
2023-10-19 00:09:49 GSD getOne 第 1 次 等待 3 秒
2023-10-19 00:09:52 查询号码 【1973859】，返回信息 {"status":"ok","msg":"-","gid":"559020","time_insert":"2023-02-27 16:56"}
2023-10-19 00:09:52 查询号码 【1973859】，GSD为【"-"】
2023-10-19 00:09:52 ok && -
2023-10-19 00:09:59 CHB 1973859?1697645392 第 1 次 等待 3 秒
2023-10-19 00:10:02 CHB 1973859?1697645392 第 1 次 获取到号码【1973859】GSD
2023-10-19 00:10:02 未获取到号码【1973859】GSD，可能号码格式错误
2023-10-19 00:10:02 获取到号码【1973859】的GSD为【-】
2023-10-19 00:10:06 GSD insert 第 1 次 等待 3 秒
2023-10-19 00:10:09 {"status":"bad","gid":"559020","msg":"添加失败！号码【1973859(-|-)】已存在！"}
2023-10-19 00:10:09 随机等待 140 秒，约 2 分钟
2023-10-19 00:10:09 下次操作: 2023-10-19 00:12:29

2023-10-19 00:12:29 开始第 3950 次操作

2023-10-19 00:12:29 开始操作号码 【1973860】
2023-10-19 00:12:32 GSD getOne 第 1 次 等待 3 秒
2023-10-19 00:12:35 查询号码 【1973860】，返回信息 {"status":"ok","msg":"-","gid":"559023","time_insert":"2023-02-27 16:58"}
2023-10-19 00:12:35 查询号码 【1973860】，GSD为【"-"】
2023-10-19 00:12:35 ok && -
2023-10-19 00:12:36 CHB 1973860?1697645555 第 1 次 等待 3 秒
2023-10-19 00:12:39 CHB 1973860?1697645555 第 1 次 获取到号码【1973860】GSD
2023-10-19 00:12:39 未获取到号码【1973860】GSD，可能号码格式错误
2023-10-19 00:12:39 获取到号码【1973860】的GSD为【-】
2023-10-19 00:12:43 GSD insert 第 1 次 等待 3 秒
2023-10-19 00:12:46 {"status":"bad","gid":"559023","msg":"添加失败！号码【1973860(-|-)】已存在！"}
2023-10-19 00:12:46 随机等待 77 秒，约 1 分钟
2023-10-19 00:12:46 下次操作: 2023-10-19 00:14:03

2023-10-19 00:14:03 开始第 3951 次操作

2023-10-19 00:14:03 开始操作号码 【1973861】
2023-10-19 00:14:06 GSD getOne 第 1 次 等待 3 秒
2023-10-19 00:14:09 查询号码 【1973861】，返回信息 {"status":"ok","msg":"-","gid":"559025","time_insert":"2023-02-27 17:00"}
2023-10-19 00:14:09 查询号码 【1973861】，GSD为【"-"】
2023-10-19 00:14:09 ok && -
2023-10-19 00:14:11 CHB 1973861?1697645649 第 1 次 等待 3 秒
2023-10-19 00:14:14 CHB 1973861?1697645649 第 1 次 获取到号码【1973861】GSD
2023-10-19 00:14:14 未获取到号码【1973861】GSD，可能号码格式错误
2023-10-19 00:14:14 获取到号码【1973861】的GSD为【-】
2023-10-19 00:14:18 GSD insert 第 1 次 等待 3 秒
2023-10-19 00:14:21 {"status":"bad","gid":"559025","msg":"添加失败！号码【1973861(-|-)】已存在！"}
2023-10-19 00:14:21 随机等待 214 秒，约 3 分钟
2023-10-19 00:14:21 下次操作: 2023-10-19 00:17:55

2023-10-19 00:17:55 开始第 3952 次操作

2023-10-19 00:17:55 开始操作号码 【1973862】
2023-10-19 00:17:59 GSD getOne 第 1 次 等待 3 秒
2023-10-19 00:18:02 查询号码 【1973862】，返回信息 {"status":"ok","msg":"-","gid":"559029","time_insert":"2023-02-27 17:02"}
2023-10-19 00:18:02 查询号码 【1973862】，GSD为【"-"】
2023-10-19 00:18:02 ok && -
2023-10-19 00:18:10 CHB 1973862?1697645882 第 1 次 等待 3 秒
2023-10-19 00:18:13 CHB 1973862?1697645882 第 1 次 获取到号码【1973862】GSD
2023-10-19 00:18:13 未获取到号码【1973862】GSD，可能号码格式错误
2023-10-19 00:18:13 获取到号码【1973862】的GSD为【-】
2023-10-19 00:18:24 GSD insert 第 1 次 等待 3 秒
2023-10-19 00:18:27 {"status":"bad","gid":"559029","msg":"添加失败！号码【1973862(-|-)】已存在！"}

