2024-02-16 00:08:50 开始第 4021 次操作

2024-02-16 00:08:50 开始操作号码 【1763921】
2024-02-16 00:08:55 GSD getOne 第 1 次 等待 3 秒
2024-02-16 00:08:58 查询号码 【1763921】，返回信息 {"status":"ok","msg":"河南-鹤壁","gid":"178368","time_insert":"2021-07-03 03:10"}
2024-02-16 00:08:58 查询号码 【1763921】，GSD为【"河南-鹤壁"】

2024-02-16 00:08:59 开始第 4022 次操作

2024-02-16 00:08:59 开始操作号码 【1763922】
2024-02-16 00:09:03 GSD getOne 第 1 次 等待 3 秒
2024-02-16 00:09:06 查询号码 【1763922】，返回信息 {"status":"ok","msg":"河南-鹤壁","gid":"178376","time_insert":"2021-07-03 03:10"}
2024-02-16 00:09:06 查询号码 【1763922】，GSD为【"河南-鹤壁"】

2024-02-16 00:09:07 开始第 4023 次操作

2024-02-16 00:09:07 开始操作号码 【1763923】
2024-02-16 00:09:12 GSD getOne 第 1 次 等待 3 秒
2024-02-16 00:09:15 查询号码 【1763923】，返回信息 {"status":"ok","msg":"河南-鹤壁","gid":"178382","time_insert":"2021-07-03 03:11"}
2024-02-16 00:09:15 查询号码 【1763923】，GSD为【"河南-鹤壁"】

2024-02-16 00:09:16 开始第 4024 次操作

2024-02-16 00:09:16 开始操作号码 【1763924】
2024-02-16 00:09:21 GSD getOne 第 1 次 等待 3 秒
2024-02-16 00:09:24 查询号码 【1763924】，返回信息 {"status":"ok","msg":"河南-鹤壁","gid":"178390","time_insert":"2021-07-03 03:12"}
2024-02-16 00:09:24 查询号码 【1763924】，GSD为【"河南-鹤壁"】

