2024-01-27 00:09:18 开始第 341 次操作

2024-01-27 00:09:18 开始操作号码 【1760241】
2024-01-27 00:09:42 GSD getOne 第 1 次 等待 3 秒
2024-01-27 00:09:45 查询号码 【1760241】，返回信息 {"status":"ok","msg":"辽宁-沈阳","gid":"140192","time_insert":"2021-06-27 15:49","time_update":"2021-06-30 17:35"}
2024-01-27 00:09:45 查询号码 【1760241】，GSD为【"辽宁-沈阳"】

2024-01-27 00:09:46 开始第 342 次操作

2024-01-27 00:09:46 开始操作号码 【1760242】
2024-01-27 00:10:10 GSD getOne 第 1 次 等待 3 秒
2024-01-27 00:10:13 查询号码 【1760242】，返回信息 {"status":"ok","msg":"辽宁-沈阳","gid":"140200","time_insert":"2021-06-27 15:50","time_update":"2021-06-30 17:35"}
2024-01-27 00:10:13 查询号码 【1760242】，GSD为【"辽宁-沈阳"】

2024-01-27 00:10:14 开始第 343 次操作

2024-01-27 00:10:14 开始操作号码 【1760243】
2024-01-27 00:10:39 GSD getOne 第 1 次 等待 3 秒
2024-01-27 00:10:42 查询号码 【1760243】，返回信息 {"status":"ok","msg":"辽宁-沈阳","gid":"140207","time_insert":"2021-06-27 15:51","time_update":"2021-06-30 17:36"}
2024-01-27 00:10:42 查询号码 【1760243】，GSD为【"辽宁-沈阳"】

2024-01-27 00:10:43 开始第 344 次操作

2024-01-27 00:10:43 开始操作号码 【1760244】
2024-01-27 00:11:07 GSD getOne 第 1 次 等待 3 秒
2024-01-27 00:11:10 查询号码 【1760244】，返回信息 {"status":"ok","msg":"辽宁-沈阳","gid":"140217","time_insert":"2021-06-27 15:51","time_update":"2021-06-30 17:37"}
2024-01-27 00:11:10 查询号码 【1760244】，GSD为【"辽宁-沈阳"】

