2021-07-29 06:25:46 开始第 1 次操作

2021-07-29 06:25:46 开始操作号码 【1919999】
2021-07-29 06:25:49 GSD getOne 第 1 次 等待 3 秒
2021-07-29 06:25:52 查询号码 【1919999】，返回信息 {"status":"bad","msg":""}
2021-07-29 06:25:52 查询号码 【1919999】，GSD为【""】
2021-07-29 06:25:52 bad
2021-07-29 06:25:54 CHB 1919999?1627511152 第 1 次 等待 3 秒
2021-07-29 06:25:57 CHB 1919999?1627511152 第 1 次 获取到号码【1919999】GSD
2021-07-29 06:25:57 未获取到号码【1919999】GSD，可能号码格式错误
2021-07-29 06:25:57 获取到号码【1919999】的GSD为【-】
2021-07-29 06:26:00 GSD insert 第 1 次 等待 3 秒
2021-07-29 06:26:03 {"status":"ok","gid":430710,"msg":"添加成功！"}
2021-07-29 06:26:03 下次操作: 2021-07-29 06:26:24

2021-07-29 06:26:24 开始第 2 次操作

2021-07-29 06:26:24 开始操作号码 【1919998】
2021-07-29 06:26:27 GSD getOne 第 1 次 等待 3 秒
2021-07-29 06:26:30 查询号码 【1919998】，返回信息 {"status":"bad","msg":""}
2021-07-29 06:26:30 查询号码 【1919998】，GSD为【""】
2021-07-29 06:26:30 bad
2021-07-29 06:26:32 CHB 1919998?1627511190 第 1 次 等待 3 秒
2021-07-29 06:26:35 CHB 1919998?1627511190 第 1 次 获取到号码【1919998】GSD
2021-07-29 06:26:35 未获取到号码【1919998】GSD，可能号码格式错误
2021-07-29 06:26:35 获取到号码【1919998】的GSD为【-】
2021-07-29 06:26:38 GSD insert 第 1 次 等待 3 秒
2021-07-29 06:26:41 {"status":"ok","gid":430712,"msg":"添加成功！"}
2021-07-29 06:26:41 下次操作: 2021-07-29 06:26:59

2021-07-29 06:26:59 开始第 3 次操作

2021-07-29 06:26:59 开始操作号码 【1919997】
2021-07-29 06:27:02 GSD getOne 第 1 次 等待 3 秒
2021-07-29 06:27:05 查询号码 【1919997】，返回信息 {"status":"bad","msg":""}
2021-07-29 06:27:05 查询号码 【1919997】，GSD为【""】
2021-07-29 06:27:05 bad
2021-07-29 06:27:06 CHB 1919997?1627511225 第 1 次 等待 3 秒
2021-07-29 06:27:09 CHB 1919997?1627511225 第 1 次 获取到号码【1919997】GSD
2021-07-29 06:27:10 未获取到号码【1919997】GSD，可能号码格式错误
2021-07-29 06:27:10 获取到号码【1919997】的GSD为【-】
2021-07-29 06:27:12 GSD insert 第 1 次 等待 3 秒
2021-07-29 06:27:15 {"status":"ok","gid":430717,"msg":"添加成功！"}
2021-07-29 06:27:15 下次操作: 2021-07-29 06:27:38

2021-07-29 06:27:38 开始第 4 次操作

2021-07-29 06:27:38 开始操作号码 【1919996】
2021-07-29 06:27:41 GSD getOne 第 1 次 等待 3 秒
2021-07-29 06:27:44 查询号码 【1919996】，返回信息 {"status":"bad","msg":""}
2021-07-29 06:27:44 查询号码 【1919996】，GSD为【""】
2021-07-29 06:27:44 bad
2021-07-29 06:27:46 CHB 1919996?1627511264 第 1 次 等待 3 秒
2021-07-29 06:27:49 CHB 1919996?1627511264 第 1 次 获取到号码【1919996】GSD
2021-07-29 06:27:49 未获取到号码【1919996】GSD，可能号码格式错误
2021-07-29 06:27:49 获取到号码【1919996】的GSD为【-】
2021-07-29 06:27:52 GSD insert 第 1 次 等待 3 秒
2021-07-29 06:27:55 {"status":"ok","gid":430720,"msg":"添加成功！"}
2021-07-29 06:27:55 下次操作: 2021-07-29 06:28:19

2021-07-29 06:28:19 开始第 5 次操作

2021-07-29 06:28:19 开始操作号码 【1919995】
2021-07-29 06:28:22 GSD getOne 第 1 次 等待 3 秒
2021-07-29 06:28:25 查询号码 【1919995】，返回信息 {"status":"bad","msg":""}
2021-07-29 06:28:25 查询号码 【1919995】，GSD为【""】
2021-07-29 06:28:25 bad
2021-07-29 06:28:27 CHB 1919995?1627511305 第 1 次 等待 3 秒
2021-07-29 06:28:30 CHB 1919995?1627511305 第 1 次 获取到号码【1919995】GSD
2021-07-29 06:28:30 未获取到号码【1919995】GSD，可能号码格式错误
2021-07-29 06:28:30 获取到号码【1919995】的GSD为【-】
2021-07-29 06:28:33 GSD insert 第 1 次 等待 3 秒
2021-07-29 06:28:36 {"status":"ok","gid":430722,"msg":"添加成功！"}
2021-07-29 06:28:36 下次操作: 2021-07-29 06:28:54

2021-07-29 06:28:54 开始第 6 次操作

2021-07-29 06:28:54 开始操作号码 【1919994】
2021-07-29 06:28:57 GSD getOne 第 1 次 等待 3 秒
2021-07-29 06:29:00 查询号码 【1919994】，返回信息 {"status":"bad","msg":""}
2021-07-29 06:29:00 查询号码 【1919994】，GSD为【""】
2021-07-29 06:29:00 bad
2021-07-29 06:29:02 CHB 1919994?1627511340 第 1 次 等待 3 秒
2021-07-29 06:29:05 CHB 1919994?1627511340 第 1 次 获取到号码【1919994】GSD
2021-07-29 06:29:05 未获取到号码【1919994】GSD，可能号码格式错误
2021-07-29 06:29:05 获取到号码【1919994】的GSD为【-】
2021-07-29 06:29:08 GSD insert 第 1 次 等待 3 秒
2021-07-29 06:29:11 {"status":"ok","gid":430726,"msg":"添加成功！"}
2021-07-29 06:29:11 下次操作: 2021-07-29 06:29:33

2021-07-29 06:29:33 开始第 7 次操作

2021-07-29 06:29:33 开始操作号码 【1919993】
2021-07-29 06:29:36 GSD getOne 第 1 次 等待 3 秒
2021-07-29 06:29:39 查询号码 【1919993】，返回信息 {"status":"bad","msg":""}
2021-07-29 06:29:39 查询号码 【1919993】，GSD为【""】
2021-07-29 06:29:39 bad
2021-07-29 06:29:41 CHB 1919993?1627511379 第 1 次 等待 3 秒
2021-07-29 06:29:44 CHB 1919993?1627511379 第 1 次 获取到号码【1919993】GSD
2021-07-29 06:29:44 未获取到号码【1919993】GSD，可能号码格式错误
2021-07-29 06:29:44 获取到号码【1919993】的GSD为【-】
2021-07-29 06:29:46 GSD insert 第 1 次 等待 3 秒
2021-07-29 06:29:49 {"status":"ok","gid":430729,"msg":"添加成功！"}
2021-07-29 06:29:49 下次操作: 2021-07-29 06:30:13

2021-07-29 06:30:13 开始第 8 次操作

2021-07-29 06:30:13 开始操作号码 【1919992】
2021-07-29 06:30:16 GSD getOne 第 1 次 等待 3 秒
2021-07-29 06:30:19 查询号码 【1919992】，返回信息 {"status":"bad","msg":""}
2021-07-29 06:30:20 查询号码 【1919992】，GSD为【""】
2021-07-29 06:30:20 bad
2021-07-29 06:30:21 CHB 1919992?1627511420 第 1 次 等待 3 秒
2021-07-29 06:30:24 CHB 1919992?1627511420 第 1 次 获取到号码【1919992】GSD
2021-07-29 06:30:24 未获取到号码【1919992】GSD，可能号码格式错误
2021-07-29 06:30:24 获取到号码【1919992】的GSD为【-】
2021-07-29 06:30:27 GSD insert 第 1 次 等待 3 秒
2021-07-29 06:30:30 {"status":"ok","gid":430731,"msg":"添加成功！"}
2021-07-29 06:30:30 下次操作: 2021-07-29 06:30:46

2021-07-29 06:30:46 开始第 9 次操作

2021-07-29 06:30:46 开始操作号码 【1919991】
2021-07-29 06:30:49 GSD getOne 第 1 次 等待 3 秒
2021-07-29 06:30:52 查询号码 【1919991】，返回信息 {"status":"bad","msg":""}
2021-07-29 06:30:52 查询号码 【1919991】，GSD为【""】
2021-07-29 06:30:52 bad
2021-07-29 06:30:54 CHB 1919991?1627511452 第 1 次 等待 3 秒
2021-07-29 06:30:57 CHB 1919991?1627511452 第 1 次 获取到号码【1919991】GSD
2021-07-29 06:30:57 未获取到号码【1919991】GSD，可能号码格式错误
2021-07-29 06:30:57 获取到号码【1919991】的GSD为【-】
2021-07-29 06:31:00 GSD insert 第 1 次 等待 3 秒
2021-07-29 06:31:03 {"status":"ok","gid":430736,"msg":"添加成功！"}
2021-07-29 06:31:03 下次操作: 2021-07-29 06:31:18

2021-07-29 06:31:18 开始第 10 次操作

2021-07-29 06:31:18 开始操作号码 【1919990】
2021-07-29 06:31:21 GSD getOne 第 1 次 等待 3 秒
2021-07-29 06:31:24 查询号码 【1919990】，返回信息 {"status":"bad","msg":""}
2021-07-29 06:31:24 查询号码 【1919990】，GSD为【""】
2021-07-29 06:31:24 bad
2021-07-29 06:31:26 CHB 1919990?1627511484 第 1 次 等待 3 秒
2021-07-29 06:31:29 CHB 1919990?1627511484 第 1 次 获取到号码【1919990】GSD
2021-07-29 06:31:29 未获取到号码【1919990】GSD，可能号码格式错误
2021-07-29 06:31:29 获取到号码【1919990】的GSD为【-】
2021-07-29 06:31:32 GSD insert 第 1 次 等待 3 秒
2021-07-29 06:31:35 {"status":"ok","gid":430740,"msg":"添加成功！"}
2021-07-29 06:31:35 下次操作: 2021-07-29 06:31:56

2021-07-29 06:31:56 开始第 11 次操作

2021-07-29 06:31:56 开始操作号码 【1919989】
2021-07-29 06:31:58 GSD getOne 第 1 次 等待 3 秒
2021-07-29 06:32:01 查询号码 【1919989】，返回信息 {"status":"bad","msg":""}
2021-07-29 06:32:01 查询号码 【1919989】，GSD为【""】
2021-07-29 06:32:01 bad
2021-07-29 06:32:03 CHB 1919989?1627511521 第 1 次 等待 3 秒
2021-07-29 06:32:06 CHB 1919989?1627511521 第 1 次 获取到号码【1919989】GSD
2021-07-29 06:32:06 未获取到号码【1919989】GSD，可能号码格式错误
2021-07-29 06:32:06 获取到号码【1919989】的GSD为【-】
2021-07-29 06:32:09 GSD insert 第 1 次 等待 3 秒
2021-07-29 06:32:12 {"status":"ok","gid":430744,"msg":"添加成功！"}
2021-07-29 06:32:12 下次操作: 2021-07-29 06:32:36

2021-07-29 06:32:36 开始第 12 次操作

2021-07-29 06:32:36 开始操作号码 【1919988】
2021-07-29 06:32:39 GSD getOne 第 1 次 等待 3 秒
2021-07-29 06:32:42 查询号码 【1919988】，返回信息 {"status":"bad","msg":""}
2021-07-29 06:32:42 查询号码 【1919988】，GSD为【""】
2021-07-29 06:32:42 bad
2021-07-29 06:32:44 CHB 1919988?1627511562 第 1 次 等待 3 秒
2021-07-29 06:32:47 CHB 1919988?1627511562 第 1 次 获取到号码【1919988】GSD
2021-07-29 06:32:47 未获取到号码【1919988】GSD，可能号码格式错误
2021-07-29 06:32:47 获取到号码【1919988】的GSD为【-】
2021-07-29 06:32:50 GSD insert 第 1 次 等待 3 秒
2021-07-29 06:32:53 {"status":"ok","gid":430749,"msg":"添加成功！"}
2021-07-29 06:32:53 下次操作: 2021-07-29 06:33:15

2021-07-29 06:33:15 开始第 13 次操作

2021-07-29 06:33:15 开始操作号码 【1919987】
2021-07-29 06:33:17 GSD getOne 第 1 次 等待 3 秒
2021-07-29 06:33:20 查询号码 【1919987】，返回信息 {"status":"bad","msg":""}
2021-07-29 06:33:21 查询号码 【1919987】，GSD为【""】
2021-07-29 06:33:21 bad
2021-07-29 06:33:22 CHB 1919987?1627511601 第 1 次 等待 3 秒
2021-07-29 06:33:25 CHB 1919987?1627511601 第 1 次 获取到号码【1919987】GSD
2021-07-29 06:33:25 未获取到号码【1919987】GSD，查号吧 400 错误
2021-07-29 06:33:25 获取到号码【1919987】的GSD为【-】
2021-07-29 06:33:28 GSD insert 第 1 次 等待 3 秒
2021-07-29 06:33:31 {"status":"ok","gid":430755,"msg":"添加成功！"}
2021-07-29 06:33:31 下次操作: 2021-07-29 06:33:45

2021-07-29 06:33:45 开始第 14 次操作

2021-07-29 06:33:45 开始操作号码 【1919986】
2021-07-29 06:33:48 GSD getOne 第 1 次 等待 3 秒
2021-07-29 06:33:51 查询号码 【1919986】，返回信息 {"status":"bad","msg":""}
2021-07-29 06:33:51 查询号码 【1919986】，GSD为【""】
2021-07-29 06:33:51 bad
2021-07-29 06:33:52 CHB 1919986?1627511631 第 1 次 等待 3 秒
2021-07-29 06:33:55 CHB 1919986?1627511631 第 1 次 获取到号码【1919986】GSD
2021-07-29 06:33:55 未获取到号码【1919986】GSD，可能号码格式错误
2021-07-29 06:33:55 获取到号码【1919986】的GSD为【-】
2021-07-29 06:33:58 GSD insert 第 1 次 等待 3 秒
2021-07-29 06:34:01 {"status":"ok","gid":430757,"msg":"添加成功！"}
2021-07-29 06:34:01 下次操作: 2021-07-29 06:34:16

2021-07-29 06:34:16 开始第 15 次操作

2021-07-29 06:34:16 开始操作号码 【1919985】
2021-07-29 06:34:19 GSD getOne 第 1 次 等待 3 秒
2021-07-29 06:34:22 查询号码 【1919985】，返回信息 {"status":"bad","msg":""}
2021-07-29 06:34:22 查询号码 【1919985】，GSD为【""】
2021-07-29 06:34:22 bad
2021-07-29 06:34:24 CHB 1919985?1627511662 第 1 次 等待 3 秒
2021-07-29 06:34:27 CHB 1919985?1627511662 第 1 次 获取到号码【1919985】GSD
2021-07-29 06:34:27 未获取到号码【1919985】GSD，可能号码格式错误
2021-07-29 06:34:27 获取到号码【1919985】的GSD为【-】
2021-07-29 06:34:30 GSD insert 第 1 次 等待 3 秒
2021-07-29 06:34:33 {"status":"ok","gid":430761,"msg":"添加成功！"}
2021-07-29 06:34:33 下次操作: 2021-07-29 06:34:49

2021-07-29 06:34:49 开始第 16 次操作

2021-07-29 06:34:49 开始操作号码 【1919984】
2021-07-29 06:34:51 GSD getOne 第 1 次 等待 3 秒
2021-07-29 06:34:54 查询号码 【1919984】，返回信息 {"status":"bad","msg":""}
2021-07-29 06:34:55 查询号码 【1919984】，GSD为【""】
2021-07-29 06:34:55 bad
2021-07-29 06:34:56 CHB 1919984?1627511695 第 1 次 等待 3 秒
2021-07-29 06:34:59 CHB 1919984?1627511695 第 1 次 获取到号码【1919984】GSD
2021-07-29 06:34:59 未获取到号码【1919984】GSD，可能号码格式错误
2021-07-29 06:34:59 获取到号码【1919984】的GSD为【-】
2021-07-29 06:35:02 GSD insert 第 1 次 等待 3 秒
2021-07-29 06:35:05 {"status":"ok","gid":430763,"msg":"添加成功！"}
2021-07-29 06:35:05 下次操作: 2021-07-29 06:35:23

2021-07-29 06:35:23 开始第 17 次操作

2021-07-29 06:35:23 开始操作号码 【1919983】
2021-07-29 06:35:26 GSD getOne 第 1 次 等待 3 秒
2021-07-29 06:35:29 查询号码 【1919983】，返回信息 {"status":"bad","msg":""}
2021-07-29 06:35:29 查询号码 【1919983】，GSD为【""】
2021-07-29 06:35:29 bad
2021-07-29 06:35:31 CHB 1919983?1627511729 第 1 次 等待 3 秒
2021-07-29 06:35:34 CHB 1919983?1627511729 第 1 次 获取到号码【1919983】GSD
2021-07-29 06:35:34 未获取到号码【1919983】GSD，可能号码格式错误
2021-07-29 06:35:34 获取到号码【1919983】的GSD为【-】
2021-07-29 06:35:37 GSD insert 第 1 次 等待 3 秒
2021-07-29 06:35:40 {"status":"ok","gid":430770,"msg":"添加成功！"}
2021-07-29 06:35:40 下次操作: 2021-07-29 06:35:52

2021-07-29 06:35:52 开始第 18 次操作

2021-07-29 06:35:52 开始操作号码 【1919982】
2021-07-29 06:35:56 GSD getOne 第 1 次 等待 3 秒
2021-07-29 06:35:59 查询号码 【1919982】，返回信息 {"status":"bad","msg":""}
2021-07-29 06:35:59 查询号码 【1919982】，GSD为【""】
2021-07-29 06:35:59 bad
2021-07-29 06:36:00 CHB 1919982?1627511759 第 1 次 等待 3 秒
2021-07-29 06:36:03 CHB 1919982?1627511759 第 1 次 获取到号码【1919982】GSD
2021-07-29 06:36:03 未获取到号码【1919982】GSD，查号吧 400 错误
2021-07-29 06:36:03 获取到号码【1919982】的GSD为【-】
2021-07-29 06:36:06 GSD insert 第 1 次 等待 3 秒
2021-07-29 06:36:09 {"status":"ok","gid":430776,"msg":"添加成功！"}
2021-07-29 06:36:09 下次操作: 2021-07-29 06:36:29

2021-07-29 06:36:29 开始第 19 次操作

2021-07-29 06:36:29 开始操作号码 【1919981】
2021-07-29 06:36:32 GSD getOne 第 1 次 等待 3 秒
2021-07-29 06:36:35 查询号码 【1919981】，返回信息 {"status":"bad","msg":""}
2021-07-29 06:36:35 查询号码 【1919981】，GSD为【""】
2021-07-29 06:36:35 bad
2021-07-29 06:36:37 CHB 1919981?1627511795 第 1 次 等待 3 秒
2021-07-29 06:36:40 CHB 1919981?1627511795 第 1 次 获取到号码【1919981】GSD
2021-07-29 06:36:40 未获取到号码【1919981】GSD，可能号码格式错误
2021-07-29 06:36:40 获取到号码【1919981】的GSD为【-】
2021-07-29 06:36:43 GSD insert 第 1 次 等待 3 秒
2021-07-29 06:36:46 {"status":"ok","gid":430783,"msg":"添加成功！"}
2021-07-29 06:36:46 下次操作: 2021-07-29 06:37:06

2021-07-29 06:37:06 开始第 20 次操作

2021-07-29 06:37:06 开始操作号码 【1919980】
2021-07-29 06:37:09 GSD getOne 第 1 次 等待 3 秒
2021-07-29 06:37:12 查询号码 【1919980】，返回信息 {"status":"bad","msg":""}
2021-07-29 06:37:12 查询号码 【1919980】，GSD为【""】
2021-07-29 06:37:12 bad
2021-07-29 06:37:14 CHB 1919980?1627511832 第 1 次 等待 3 秒
2021-07-29 06:37:17 CHB 1919980?1627511832 第 1 次 获取到号码【1919980】GSD
2021-07-29 06:37:17 未获取到号码【1919980】GSD，可能号码格式错误
2021-07-29 06:37:17 获取到号码【1919980】的GSD为【-】
2021-07-29 06:37:20 GSD insert 第 1 次 等待 3 秒
2021-07-29 06:37:23 {"status":"ok","gid":430791,"msg":"添加成功！"}
2021-07-29 06:37:23 下次操作: 2021-07-29 06:37:37

2021-07-29 06:37:37 开始第 21 次操作

2021-07-29 06:37:37 开始操作号码 【1919979】
2021-07-29 06:37:40 GSD getOne 第 1 次 等待 3 秒
2021-07-29 06:37:43 查询号码 【1919979】，返回信息 {"status":"bad","msg":""}
2021-07-29 06:37:43 查询号码 【1919979】，GSD为【""】
2021-07-29 06:37:43 bad
2021-07-29 06:37:45 CHB 1919979?1627511863 第 1 次 等待 3 秒
2021-07-29 06:37:48 CHB 1919979?1627511863 第 1 次 获取到号码【1919979】GSD
2021-07-29 06:37:48 获取到号码【1919979】的GSD为【新疆-阿勒泰】
2021-07-29 06:37:51 GSD insert 第 1 次 等待 3 秒
2021-07-29 06:37:54 {"status":"ok","gid":430796,"msg":"添加成功！"}
2021-07-29 06:37:54 下次操作: 2021-07-29 06:38:08

2021-07-29 06:38:08 开始第 22 次操作

2021-07-29 06:38:08 开始操作号码 【1919978】
2021-07-29 06:38:11 GSD getOne 第 1 次 等待 3 秒
2021-07-29 06:38:14 查询号码 【1919978】，返回信息 {"status":"bad","msg":""}
2021-07-29 06:38:14 查询号码 【1919978】，GSD为【""】
2021-07-29 06:38:14 bad
2021-07-29 06:38:16 CHB 1919978?1627511894 第 1 次 等待 3 秒
2021-07-29 06:38:19 CHB 1919978?1627511894 第 1 次 获取到号码【1919978】GSD
2021-07-29 06:38:19 获取到号码【1919978】的GSD为【新疆-克拉玛依】
2021-07-29 06:38:22 GSD insert 第 1 次 等待 3 秒
2021-07-29 06:38:25 {"status":"ok","gid":430805,"msg":"添加成功！"}
2021-07-29 06:38:25 下次操作: 2021-07-29 06:38:40

2021-07-29 06:38:40 开始第 23 次操作

2021-07-29 06:38:40 开始操作号码 【1919977】
2021-07-29 06:38:42 GSD getOne 第 1 次 等待 3 秒
2021-07-29 06:38:45 查询号码 【1919977】，返回信息 {"status":"bad","msg":""}
2021-07-29 06:38:46 查询号码 【1919977】，GSD为【""】
2021-07-29 06:38:46 bad
2021-07-29 06:38:47 CHB 1919977?1627511926 第 1 次 等待 3 秒
2021-07-29 06:38:50 CHB 1919977?1627511926 第 1 次 获取到号码【1919977】GSD
2021-07-29 06:38:50 获取到号码【1919977】的GSD为【新疆-哈密】
2021-07-29 06:38:53 GSD insert 第 1 次 等待 3 秒
2021-07-29 06:38:56 {"status":"ok","gid":430815,"msg":"添加成功！"}
2021-07-29 06:38:56 下次操作: 2021-07-29 06:39:11

2021-07-29 06:39:11 开始第 24 次操作

2021-07-29 06:39:11 开始操作号码 【1919976】
2021-07-29 06:39:14 GSD getOne 第 1 次 等待 3 秒
2021-07-29 06:39:17 查询号码 【1919976】，返回信息 {"status":"bad","msg":""}
2021-07-29 06:39:17 查询号码 【1919976】，GSD为【""】
2021-07-29 06:39:17 bad
2021-07-29 06:39:19 CHB 1919976?1627511957 第 1 次 等待 3 秒
2021-07-29 06:39:22 CHB 1919976?1627511957 第 1 次 获取到号码【1919976】GSD
2021-07-29 06:39:22 获取到号码【1919976】的GSD为【新疆-博乐】
2021-07-29 06:39:25 GSD insert 第 1 次 等待 3 秒
2021-07-29 06:39:28 {"status":"ok","gid":430824,"msg":"添加成功！"}
2021-07-29 06:39:28 下次操作: 2021-07-29 06:39:50

2021-07-29 06:39:50 开始第 25 次操作

2021-07-29 06:39:50 开始操作号码 【1919975】
2021-07-29 06:39:53 GSD getOne 第 1 次 等待 3 秒
2021-07-29 06:39:56 查询号码 【1919975】，返回信息 {"status":"bad","msg":""}
2021-07-29 06:39:56 查询号码 【1919975】，GSD为【""】
2021-07-29 06:39:56 bad
2021-07-29 06:39:57 CHB 1919975?1627511996 第 1 次 等待 3 秒
2021-07-29 06:40:00 CHB 1919975?1627511996 第 1 次 获取到号码【1919975】GSD
2021-07-29 06:40:00 获取到号码【1919975】的GSD为【新疆-塔城】
2021-07-29 06:40:03 GSD insert 第 1 次 等待 3 秒
2021-07-29 06:40:06 {"status":"ok","gid":430833,"msg":"添加成功！"}
2021-07-29 06:40:06 下次操作: 2021-07-29 06:40:29

2021-07-29 06:40:29 开始第 26 次操作

2021-07-29 06:40:29 开始操作号码 【1919974】
2021-07-29 06:40:32 GSD getOne 第 1 次 等待 3 秒
2021-07-29 06:40:35 查询号码 【1919974】，返回信息 {"status":"bad","msg":""}
2021-07-29 06:40:35 查询号码 【1919974】，GSD为【""】
2021-07-29 06:40:35 bad
2021-07-29 06:40:37 CHB 1919974?1627512035 第 1 次 等待 3 秒
2021-07-29 06:40:40 CHB 1919974?1627512035 第 1 次 获取到号码【1919974】GSD
2021-07-29 06:40:40 获取到号码【1919974】的GSD为【新疆-克孜勒苏】
2021-07-29 06:40:43 GSD insert 第 1 次 等待 3 秒
2021-07-29 06:40:46 {"status":"ok","gid":430844,"msg":"添加成功！"}
2021-07-29 06:40:46 下次操作: 2021-07-29 06:41:07

2021-07-29 06:41:07 开始第 27 次操作

2021-07-29 06:41:07 开始操作号码 【1919973】
2021-07-29 06:41:10 GSD getOne 第 1 次 等待 3 秒
2021-07-29 06:41:13 查询号码 【1919973】，返回信息 {"status":"bad","msg":""}
2021-07-29 06:41:13 查询号码 【1919973】，GSD为【""】
2021-07-29 06:41:13 bad
2021-07-29 06:41:15 CHB 1919973?1627512073 第 1 次 等待 3 秒
2021-07-29 06:41:18 CHB 1919973?1627512073 第 1 次 获取到号码【1919973】GSD
2021-07-29 06:41:18 获取到号码【1919973】的GSD为【新疆-和田】
2021-07-29 06:41:21 GSD insert 第 1 次 等待 3 秒
2021-07-29 06:41:24 {"status":"ok","gid":430854,"msg":"添加成功！"}
2021-07-29 06:41:24 下次操作: 2021-07-29 06:41:38

2021-07-29 06:41:38 开始第 28 次操作

2021-07-29 06:41:38 开始操作号码 【1919972】
2021-07-29 06:41:41 GSD getOne 第 1 次 等待 3 秒
2021-07-29 06:41:44 查询号码 【1919972】，返回信息 {"status":"bad","msg":""}
2021-07-29 06:41:44 查询号码 【1919972】，GSD为【""】
2021-07-29 06:41:44 bad
2021-07-29 06:41:45 CHB 1919972?1627512104 第 1 次 等待 3 秒
2021-07-29 06:41:48 CHB 1919972?1627512104 第 1 次 获取到号码【1919972】GSD
2021-07-29 06:41:48 获取到号码【1919972】的GSD为【新疆-昌吉】
2021-07-29 06:41:51 GSD insert 第 1 次 等待 3 秒
2021-07-29 06:41:54 {"status":"ok","gid":430863,"msg":"添加成功！"}
2021-07-29 06:41:54 下次操作: 2021-07-29 06:42:13

2021-07-29 06:42:13 开始第 29 次操作

2021-07-29 06:42:13 开始操作号码 【1919971】
2021-07-29 06:42:16 GSD getOne 第 1 次 等待 3 秒
2021-07-29 06:42:19 查询号码 【1919971】，返回信息 {"status":"bad","msg":""}
2021-07-29 06:42:19 查询号码 【1919971】，GSD为【""】
2021-07-29 06:42:19 bad
2021-07-29 06:42:20 CHB 1919971?1627512139 第 1 次 等待 3 秒
2021-07-29 06:42:23 CHB 1919971?1627512139 第 1 次 获取到号码【1919971】GSD
2021-07-29 06:42:23 未获取到号码【1919971】GSD，查号吧 400 错误
2021-07-29 06:42:23 获取到号码【1919971】的GSD为【-】
2021-07-29 06:42:26 GSD insert 第 1 次 等待 3 秒
2021-07-29 06:42:29 {"status":"ok","gid":430872,"msg":"添加成功！"}
2021-07-29 06:42:29 下次操作: 2021-07-29 06:42:49

2021-07-29 06:42:49 开始第 30 次操作

2021-07-29 06:42:49 开始操作号码 【1919970】
2021-07-29 06:42:52 GSD getOne 第 1 次 等待 3 秒
2021-07-29 06:42:55 查询号码 【1919970】，返回信息 {"status":"bad","msg":""}
2021-07-29 06:42:55 查询号码 【1919970】，GSD为【""】
2021-07-29 06:42:55 bad
2021-07-29 06:42:57 CHB 1919970?1627512175 第 1 次 等待 3 秒
2021-07-29 06:43:00 CHB 1919970?1627512175 第 1 次 获取到号码【1919970】GSD
2021-07-29 06:43:00 获取到号码【1919970】的GSD为【新疆-昌吉】
2021-07-29 06:43:03 GSD insert 第 1 次 等待 3 秒
2021-07-29 06:43:06 {"status":"ok","gid":430882,"msg":"添加成功！"}
2021-07-29 06:43:06 下次操作: 2021-07-29 06:43:28

2021-07-29 06:43:28 开始第 31 次操作

2021-07-29 06:43:28 开始操作号码 【1919969】
2021-07-29 06:43:31 GSD getOne 第 1 次 等待 3 秒
2021-07-29 06:43:34 查询号码 【1919969】，返回信息 {"status":"bad","msg":""}
2021-07-29 06:43:34 查询号码 【1919969】，GSD为【""】
2021-07-29 06:43:34 bad
2021-07-29 06:43:36 CHB 1919969?1627512214 第 1 次 等待 3 秒
2021-07-29 06:43:39 CHB 1919969?1627512214 第 1 次 获取到号码【1919969】GSD
2021-07-29 06:43:39 未获取到号码【1919969】GSD，可能号码格式错误
2021-07-29 06:43:39 获取到号码【1919969】的GSD为【-】
2021-07-29 06:43:42 GSD insert 第 1 次 等待 3 秒
2021-07-29 06:43:45 {"status":"ok","gid":430890,"msg":"添加成功！"}
2021-07-29 06:43:45 下次操作: 2021-07-29 06:44:06

2021-07-29 06:44:06 开始第 32 次操作

2021-07-29 06:44:06 开始操作号码 【1919968】
2021-07-29 06:44:09 GSD getOne 第 1 次 等待 3 秒
2021-07-29 06:44:12 查询号码 【1919968】，返回信息 {"status":"bad","msg":""}
2021-07-29 06:44:12 查询号码 【1919968】，GSD为【""】
2021-07-29 06:44:12 bad
2021-07-29 06:44:13 CHB 1919968?1627512252 第 1 次 等待 3 秒
2021-07-29 06:44:16 CHB 1919968?1627512252 第 1 次 获取到号码【1919968】GSD
2021-07-29 06:44:16 未获取到号码【1919968】GSD，可能号码格式错误
2021-07-29 06:44:16 获取到号码【1919968】的GSD为【-】
2021-07-29 06:44:19 GSD insert 第 1 次 等待 3 秒
2021-07-29 06:44:22 {"status":"ok","gid":430899,"msg":"添加成功！"}
2021-07-29 06:44:22 下次操作: 2021-07-29 06:44:37

2021-07-29 06:44:37 开始第 33 次操作

2021-07-29 06:44:37 开始操作号码 【1919967】
2021-07-29 06:44:40 GSD getOne 第 1 次 等待 3 秒
2021-07-29 06:44:43 查询号码 【1919967】，返回信息 {"status":"bad","msg":""}
2021-07-29 06:44:43 查询号码 【1919967】，GSD为【""】
2021-07-29 06:44:43 bad
2021-07-29 06:44:45 CHB 1919967?1627512283 第 1 次 等待 3 秒
2021-07-29 06:44:48 CHB 1919967?1627512283 第 1 次 获取到号码【1919967】GSD
2021-07-29 06:44:48 未获取到号码【1919967】GSD，可能号码格式错误
2021-07-29 06:44:48 获取到号码【1919967】的GSD为【-】
2021-07-29 06:44:51 GSD insert 第 1 次 等待 3 秒
2021-07-29 06:44:54 {"status":"ok","gid":430908,"msg":"添加成功！"}
2021-07-29 06:44:54 下次操作: 2021-07-29 06:45:16

2021-07-29 06:45:16 开始第 34 次操作

2021-07-29 06:45:16 开始操作号码 【1919966】
2021-07-29 06:45:19 GSD getOne 第 1 次 等待 3 秒
2021-07-29 06:45:22 查询号码 【1919966】，返回信息 {"status":"bad","msg":""}
2021-07-29 06:45:22 查询号码 【1919966】，GSD为【""】
2021-07-29 06:45:22 bad
2021-07-29 06:45:24 CHB 1919966?1627512322 第 1 次 等待 3 秒
2021-07-29 06:45:27 CHB 1919966?1627512322 第 1 次 获取到号码【1919966】GSD
2021-07-29 06:45:27 未获取到号码【1919966】GSD，可能号码格式错误
2021-07-29 06:45:27 获取到号码【1919966】的GSD为【-】
2021-07-29 06:45:30 GSD insert 第 1 次 等待 3 秒
2021-07-29 06:45:33 {"status":"ok","gid":430919,"msg":"添加成功！"}
2021-07-29 06:45:33 下次操作: 2021-07-29 06:45:53

2021-07-29 06:45:53 开始第 35 次操作

2021-07-29 06:45:53 开始操作号码 【1919965】
2021-07-29 06:45:55 GSD getOne 第 1 次 等待 3 秒
2021-07-29 06:45:58 查询号码 【1919965】，返回信息 {"status":"bad","msg":""}
2021-07-29 06:45:59 查询号码 【1919965】，GSD为【""】
2021-07-29 06:45:59 bad
2021-07-29 06:46:00 CHB 1919965?1627512359 第 1 次 等待 3 秒
2021-07-29 06:46:03 CHB 1919965?1627512359 第 1 次 获取到号码【1919965】GSD
2021-07-29 06:46:03 未获取到号码【1919965】GSD，可能号码格式错误
2021-07-29 06:46:03 获取到号码【1919965】的GSD为【-】
2021-07-29 06:46:06 GSD insert 第 1 次 等待 3 秒
2021-07-29 06:46:09 {"status":"ok","gid":430928,"msg":"添加成功！"}
2021-07-29 06:46:09 下次操作: 2021-07-29 06:46:23

2021-07-29 06:46:23 开始第 36 次操作

2021-07-29 06:46:23 开始操作号码 【1919964】
2021-07-29 06:46:26 GSD getOne 第 1 次 等待 3 秒
2021-07-29 06:46:29 查询号码 【1919964】，返回信息 {"status":"bad","msg":""}
2021-07-29 06:46:29 查询号码 【1919964】，GSD为【""】
2021-07-29 06:46:29 bad
2021-07-29 06:46:31 CHB 1919964?1627512389 第 1 次 等待 3 秒
2021-07-29 06:46:34 CHB 1919964?1627512389 第 1 次 获取到号码【1919964】GSD
2021-07-29 06:46:34 未获取到号码【1919964】GSD，可能号码格式错误
2021-07-29 06:46:34 获取到号码【1919964】的GSD为【-】
2021-07-29 06:46:38 GSD insert 第 1 次 等待 3 秒
2021-07-29 06:46:41 {"status":"ok","gid":430938,"msg":"添加成功！"}
2021-07-29 06:46:41 下次操作: 2021-07-29 06:47:00

2021-07-29 06:47:00 开始第 37 次操作

2021-07-29 06:47:00 开始操作号码 【1919963】
2021-07-29 06:47:03 GSD getOne 第 1 次 等待 3 秒
2021-07-29 06:47:06 查询号码 【1919963】，返回信息 {"status":"bad","msg":""}
2021-07-29 06:47:06 查询号码 【1919963】，GSD为【""】
2021-07-29 06:47:06 bad
2021-07-29 06:47:07 CHB 1919963?1627512426 第 1 次 等待 3 秒
2021-07-29 06:47:10 CHB 1919963?1627512426 第 1 次 获取到号码【1919963】GSD
2021-07-29 06:47:11 未获取到号码【1919963】GSD，可能号码格式错误
2021-07-29 06:47:11 获取到号码【1919963】的GSD为【-】
2021-07-29 06:47:13 GSD insert 第 1 次 等待 3 秒
2021-07-29 06:47:16 {"status":"ok","gid":430948,"msg":"添加成功！"}
2021-07-29 06:47:16 下次操作: 2021-07-29 06:47:33

2021-07-29 06:47:33 开始第 38 次操作

2021-07-29 06:47:33 开始操作号码 【1919962】
2021-07-29 06:47:36 GSD getOne 第 1 次 等待 3 秒
2021-07-29 06:47:39 查询号码 【1919962】，返回信息 {"status":"bad","msg":""}
2021-07-29 06:47:39 查询号码 【1919962】，GSD为【""】
2021-07-29 06:47:39 bad
2021-07-29 06:47:41 CHB 1919962?1627512459 第 1 次 等待 3 秒
2021-07-29 06:47:44 CHB 1919962?1627512459 第 1 次 获取到号码【1919962】GSD
2021-07-29 06:47:44 未获取到号码【1919962】GSD，可能号码格式错误
2021-07-29 06:47:44 获取到号码【1919962】的GSD为【-】
2021-07-29 06:47:47 GSD insert 第 1 次 等待 3 秒
2021-07-29 06:47:50 {"status":"ok","gid":430958,"msg":"添加成功！"}
2021-07-29 06:47:50 下次操作: 2021-07-29 06:48:06

2021-07-29 06:48:06 开始第 39 次操作

2021-07-29 06:48:06 开始操作号码 【1919961】
2021-07-29 06:48:09 GSD getOne 第 1 次 等待 3 秒
2021-07-29 06:48:12 查询号码 【1919961】，返回信息 {"status":"bad","msg":""}
2021-07-29 06:48:12 查询号码 【1919961】，GSD为【""】
2021-07-29 06:48:12 bad
2021-07-29 06:48:14 CHB 1919961?1627512492 第 1 次 等待 3 秒
2021-07-29 06:48:17 CHB 1919961?1627512492 第 1 次 获取到号码【1919961】GSD
2021-07-29 06:48:17 未获取到号码【1919961】GSD，可能号码格式错误
2021-07-29 06:48:17 获取到号码【1919961】的GSD为【-】
2021-07-29 06:48:20 GSD insert 第 1 次 等待 3 秒
2021-07-29 06:48:23 {"status":"ok","gid":430966,"msg":"添加成功！"}
2021-07-29 06:48:23 下次操作: 2021-07-29 06:48:45

2021-07-29 06:48:45 开始第 40 次操作

2021-07-29 06:48:45 开始操作号码 【1919960】
2021-07-29 06:48:48 GSD getOne 第 1 次 等待 3 秒
2021-07-29 06:48:51 查询号码 【1919960】，返回信息 {"status":"bad","msg":""}
2021-07-29 06:48:51 查询号码 【1919960】，GSD为【""】
2021-07-29 06:48:51 bad
2021-07-29 06:48:53 CHB 1919960?1627512531 第 1 次 等待 3 秒
2021-07-29 06:48:56 CHB 1919960?1627512531 第 1 次 获取到号码【1919960】GSD
2021-07-29 06:48:56 未获取到号码【1919960】GSD，可能号码格式错误
2021-07-29 06:48:56 获取到号码【1919960】的GSD为【-】
2021-07-29 06:48:58 GSD insert 第 1 次 等待 3 秒
2021-07-29 06:49:01 {"status":"ok","gid":430977,"msg":"添加成功！"}

