2024-09-04 00:28:07 开始第 2605 次操作

2024-09-04 00:28:07 开始操作号码 【1432604】
2024-09-04 00:28:15 GSD getOne 第 1 次 等待 3 秒
2024-09-04 00:28:18 查询号码 【1432604】，返回信息 {"status":"ok","msg":"-","gid":"564632","time_insert":"2023-03-02 07:33"}
2024-09-04 00:28:19 查询号码 【1432604】，GSD为【"-"】
2024-09-04 00:28:19 ok && -
2024-09-04 00:28:21 CHB 1432604?1725380899 第 1 次 等待 3 秒
2024-09-04 00:28:24 CHB 1432604?1725380899 第 1 次 获取到号码【1432604】GSD
2024-09-04 00:28:24 未获取到号码【1432604】GSD，可能号码格式错误
2024-09-04 00:28:24 获取到号码【1432604】的GSD为【-】
2024-09-04 00:28:31 GSD insert 第 1 次 等待 3 秒
2024-09-04 00:28:34 {"status":"bad","gid":"564632","msg":"添加失败！号码【1432604(-|-)】已存在！"}
2024-09-04 00:28:34 随机等待 229 秒，约 3 分钟
2024-09-04 00:28:34 下次操作: 2024-09-04 00:32:23

2024-09-04 00:32:23 开始第 2606 次操作

2024-09-04 00:32:23 开始操作号码 【1432605】
2024-09-04 00:32:32 GSD getOne 第 1 次 等待 3 秒
2024-09-04 00:32:35 查询号码 【1432605】，返回信息 {"status":"ok","msg":"-","gid":"564668","time_insert":"2023-03-02 07:54"}
2024-09-04 00:32:35 查询号码 【1432605】，GSD为【"-"】
2024-09-04 00:32:35 ok && -
2024-09-04 00:32:38 CHB 1432605?1725381155 第 1 次 等待 3 秒
2024-09-04 00:32:41 CHB 1432605?1725381155 第 1 次 获取到号码【1432605】GSD
2024-09-04 00:32:41 未获取到号码【1432605】GSD，可能号码格式错误
2024-09-04 00:32:41 获取到号码【1432605】的GSD为【-】
2024-09-04 00:32:48 GSD insert 第 1 次 等待 3 秒
2024-09-04 00:32:51 {"status":"bad","gid":"564668","msg":"添加失败！号码【1432605(-|-)】已存在！"}
2024-09-04 00:32:51 随机等待 77 秒，约 1 分钟
2024-09-04 00:32:51 下次操作: 2024-09-04 00:34:08

2024-09-04 00:34:08 开始第 2607 次操作

2024-09-04 00:34:08 开始操作号码 【1432606】
2024-09-04 00:34:16 GSD getOne 第 1 次 等待 3 秒
2024-09-04 00:34:19 查询号码 【1432606】，返回信息 {"status":"ok","msg":"-","gid":"564694","time_insert":"2023-03-02 08:11"}
2024-09-04 00:34:19 查询号码 【1432606】，GSD为【"-"】
2024-09-04 00:34:19 ok && -
2024-09-04 00:34:21 CHB 1432606?1725381259 第 1 次 等待 3 秒
2024-09-04 00:34:24 CHB 1432606?1725381259 第 1 次 获取到号码【1432606】GSD
2024-09-04 00:34:24 未获取到号码【1432606】GSD，可能号码格式错误
2024-09-04 00:34:24 获取到号码【1432606】的GSD为【-】
2024-09-04 00:34:33 GSD insert 第 1 次 等待 3 秒
2024-09-04 00:34:36 {"status":"bad","gid":"564694","msg":"添加失败！号码【1432606(-|-)】已存在！"}
2024-09-04 00:34:36 随机等待 135 秒，约 2 分钟
2024-09-04 00:34:36 下次操作: 2024-09-04 00:36:51

2024-09-04 00:36:51 开始第 2608 次操作

2024-09-04 00:36:51 开始操作号码 【1432607】
2024-09-04 00:36:59 GSD getOne 第 1 次 等待 3 秒
2024-09-04 00:37:02 查询号码 【1432607】，返回信息 {"status":"ok","msg":"-","gid":"564705","time_insert":"2023-03-02 08:22"}
2024-09-04 00:37:02 查询号码 【1432607】，GSD为【"-"】
2024-09-04 00:37:02 ok && -
2024-09-04 00:37:04 CHB 1432607?1725381422 第 1 次 等待 3 秒
2024-09-04 00:37:07 CHB 1432607?1725381422 第 1 次 获取到号码【1432607】GSD
2024-09-04 00:37:07 未获取到号码【1432607】GSD，可能号码格式错误
2024-09-04 00:37:07 获取到号码【1432607】的GSD为【-】
2024-09-04 00:37:15 GSD insert 第 1 次 等待 3 秒
2024-09-04 00:37:18 {"status":"bad","gid":"564705","msg":"添加失败！号码【1432607(-|-)】已存在！"}

2024-09-04 00:46:00 开始第 2609 次操作

2024-09-04 00:46:00 开始操作号码 【1432608】
2024-09-04 00:46:08 GSD getOne 第 1 次 等待 3 秒
2024-09-04 00:46:11 查询号码 【1432608】，返回信息 {"status":"ok","msg":"-","gid":"564718","time_insert":"2023-03-02 08:31"}
2024-09-04 00:46:11 查询号码 【1432608】，GSD为【"-"】
2024-09-04 00:46:11 ok && -
2024-09-04 00:51:11 CHB 1432608?1725381971 第 1 次 等待 3 秒
2024-09-04 00:51:14 CHB 1432608?1725381971 第 1 次 未获取到 等待 134 秒 下次操作: 2024-09-04 00:53:28
2024-09-04 00:53:30 CHB 1432608?1725382408 第 2 次 等待 3 秒
2024-09-04 00:53:33 CHB 1432608?1725382408 第 2 次 获取到号码【1432608】GSD
2024-09-04 00:53:34 未获取到号码【1432608】GSD，可能号码格式错误
2024-09-04 00:53:34 获取到号码【1432608】的GSD为【-】
2024-09-04 00:53:43 GSD insert 第 1 次 等待 3 秒
2024-09-04 00:53:46 {"status":"bad","gid":"564718","msg":"添加失败！号码【1432608(-|-)】已存在！"}
2024-09-04 00:53:46 随机等待 154 秒，约 2 分钟
2024-09-04 00:53:46 下次操作: 2024-09-04 00:56:20

2024-09-04 00:56:20 开始第 2610 次操作

2024-09-04 00:56:20 开始操作号码 【1432609】
2024-09-04 00:56:28 GSD getOne 第 1 次 等待 3 秒
2024-09-04 00:56:31 查询号码 【1432609】，返回信息 {"status":"ok","msg":"-","gid":"564736","time_insert":"2023-03-02 08:49"}
2024-09-04 00:56:31 查询号码 【1432609】，GSD为【"-"】
2024-09-04 00:56:31 ok && -
2024-09-04 00:56:33 CHB 1432609?1725382591 第 1 次 等待 3 秒
2024-09-04 00:56:36 CHB 1432609?1725382591 第 1 次 获取到号码【1432609】GSD
2024-09-04 00:56:36 未获取到号码【1432609】GSD，可能号码格式错误
2024-09-04 00:56:36 获取到号码【1432609】的GSD为【-】
2024-09-04 00:56:44 GSD insert 第 1 次 等待 3 秒
2024-09-04 00:56:47 {"status":"bad","gid":"564736","msg":"添加失败！号码【1432609(-|-)】已存在！"}
2024-09-04 00:56:47 随机等待 72 秒，约 1 分钟
2024-09-04 00:56:47 下次操作: 2024-09-04 00:57:59

2024-09-04 00:57:59 开始第 2611 次操作

2024-09-04 00:57:59 开始操作号码 【1432610】
2024-09-04 00:58:08 GSD getOne 第 1 次 等待 3 秒
2024-09-04 00:58:11 查询号码 【1432610】，返回信息 {"status":"ok","msg":"-","gid":"564750","time_insert":"2023-03-02 09:00"}
2024-09-04 00:58:11 查询号码 【1432610】，GSD为【"-"】
2024-09-04 00:58:11 ok && -
2024-09-04 00:58:12 CHB 1432610?1725382691 第 1 次 等待 3 秒
2024-09-04 00:58:15 CHB 1432610?1725382691 第 1 次 获取到号码【1432610】GSD
2024-09-04 00:58:15 未获取到号码【1432610】GSD，可能号码格式错误
2024-09-04 00:58:15 获取到号码【1432610】的GSD为【-】
2024-09-04 00:58:23 GSD insert 第 1 次 等待 3 秒
2024-09-04 00:58:26 {"status":"bad","gid":"564750","msg":"添加失败！号码【1432610(-|-)】已存在！"}
2024-09-04 00:58:26 随机等待 166 秒，约 2 分钟
2024-09-04 00:58:26 下次操作: 2024-09-04 01:01:12

2024-09-04 01:01:12 开始第 2612 次操作

2024-09-04 01:01:12 开始操作号码 【1432611】
2024-09-04 01:01:20 GSD getOne 第 1 次 等待 3 秒
2024-09-04 01:01:23 查询号码 【1432611】，返回信息 {"status":"ok","msg":"-","gid":"564769","time_insert":"2023-03-02 09:18"}
2024-09-04 01:01:23 查询号码 【1432611】，GSD为【"-"】
2024-09-04 01:01:23 ok && -
2024-09-04 01:01:25 CHB 1432611?1725382883 第 1 次 等待 3 秒
2024-09-04 01:01:28 CHB 1432611?1725382883 第 1 次 获取到号码【1432611】GSD
2024-09-04 01:01:28 未获取到号码【1432611】GSD，可能号码格式错误
2024-09-04 01:01:28 获取到号码【1432611】的GSD为【-】
2024-09-04 01:01:37 GSD insert 第 1 次 等待 3 秒
2024-09-04 01:01:40 {"status":"bad","gid":"564769","msg":"添加失败！号码【1432611(-|-)】已存在！"}

