2024-01-17 00:10:16 开始第 9405 次操作

2024-01-17 00:10:16 开始操作号码 【1879305】
2024-01-17 00:10:22 GSD getOne 第 1 次 等待 3 秒
2024-01-17 00:10:25 查询号码 【1879305】，返回信息 {"status":"ok","msg":"甘肃-临夏","gid":"416686","time_insert":"2021-07-27 19:59"}
2024-01-17 00:10:25 查询号码 【1879305】，GSD为【"甘肃-临夏"】

2024-01-17 00:10:26 开始第 9406 次操作

2024-01-17 00:10:26 开始操作号码 【1879306】
2024-01-17 00:10:35 GSD getOne 第 1 次 等待 3 秒
2024-01-17 00:10:38 查询号码 【1879306】，返回信息 {"status":"ok","msg":"甘肃-临夏","gid":"416674","time_insert":"2021-07-27 19:58"}
2024-01-17 00:10:38 查询号码 【1879306】，GSD为【"甘肃-临夏"】

2024-01-17 00:10:39 开始第 9407 次操作

2024-01-17 00:10:39 开始操作号码 【1879307】
2024-01-17 00:10:43 GSD getOne 第 1 次 等待 3 秒
2024-01-17 00:10:46 查询号码 【1879307】，返回信息 {"status":"ok","msg":"甘肃-临夏","gid":"43536","time_insert":"2017-09-13 11:22","time_update":"2021-06-20 04:16"}
2024-01-17 00:10:46 查询号码 【1879307】，GSD为【"甘肃-临夏"】

2024-01-17 00:10:47 开始第 9408 次操作

2024-01-17 00:10:47 开始操作号码 【1879308】
2024-01-17 00:10:51 GSD getOne 第 1 次 等待 3 秒
2024-01-17 00:10:54 查询号码 【1879308】，返回信息 {"status":"ok","msg":"甘肃-临夏","gid":"43537","time_insert":"2018-06-10 17:39","time_update":"2020-12-13 21:14"}
2024-01-17 00:10:54 查询号码 【1879308】，GSD为【"甘肃-临夏"】

2024-01-17 00:38:14 开始第 9409 次操作

2024-01-17 00:38:14 开始操作号码 【1879309】
2024-01-17 00:38:19 GSD getOne 第 1 次 等待 3 秒
2024-01-17 00:38:22 查询号码 【1879309】，返回信息 {"status":"ok","msg":"甘肃-临夏","gid":"416662","time_insert":"2021-07-27 19:57"}
2024-01-17 00:38:22 查询号码 【1879309】，GSD为【"甘肃-临夏"】

2024-01-17 00:38:23 开始第 9410 次操作

2024-01-17 00:38:23 开始操作号码 【1879310】
2024-01-17 00:38:29 GSD getOne 第 1 次 等待 3 秒
2024-01-17 00:38:32 查询号码 【1879310】，返回信息 {"status":"ok","msg":"甘肃-兰州","gid":"416651","time_insert":"2021-07-27 19:57"}
2024-01-17 00:38:33 查询号码 【1879310】，GSD为【"甘肃-兰州"】

2024-01-17 00:38:34 开始第 9411 次操作

2024-01-17 00:38:34 开始操作号码 【1879311】
2024-01-17 00:38:39 GSD getOne 第 1 次 等待 3 秒
2024-01-17 00:38:42 查询号码 【1879311】，返回信息 {"status":"ok","msg":"甘肃-兰州","gid":"416641","time_insert":"2021-07-27 19:56"}
2024-01-17 00:38:42 查询号码 【1879311】，GSD为【"甘肃-兰州"】

2024-01-17 00:38:43 开始第 9412 次操作

2024-01-17 00:38:43 开始操作号码 【1879312】
2024-01-17 00:38:53 GSD getOne 第 1 次 等待 3 秒
2024-01-17 00:38:56 查询号码 【1879312】，返回信息 {"status":"ok","msg":"甘肃-兰州","gid":"416632","time_insert":"2021-07-27 19:56"}
2024-01-17 00:38:56 查询号码 【1879312】，GSD为【"甘肃-兰州"】

