2024-09-25 00:28:44 开始第 6017 次操作

2024-09-25 00:28:44 开始操作号码 【1436014】
2024-09-25 00:28:47 GSD getOne 第 1 次 等待 3 秒
2024-09-25 00:28:50 查询号码 【1436014】，返回信息 {"status":"ok","msg":"-","gid":"647034","time_insert":"2023-04-11 11:25"}
2024-09-25 00:28:50 查询号码 【1436014】，GSD为【"-"】
2024-09-25 00:28:50 ok && -
2024-09-25 00:28:51 CHB 1436014?1727195330 第 1 次 等待 3 秒
2024-09-25 00:28:54 CHB 1436014?1727195330 第 1 次 获取到号码【1436014】GSD
2024-09-25 00:28:54 未获取到号码【1436014】GSD，可能号码格式错误
2024-09-25 00:28:54 获取到号码【1436014】的GSD为【-】
2024-09-25 00:28:56 GSD insert 第 1 次 等待 3 秒
2024-09-25 00:28:59 {"status":"bad","gid":"647034","msg":"添加失败！号码【1436014(-|-)】已存在！"}
2024-09-25 00:28:59 随机等待 143 秒，约 2 分钟
2024-09-25 00:28:59 下次操作: 2024-09-25 00:31:22

2024-09-25 00:31:22 开始第 6018 次操作

2024-09-25 00:31:22 开始操作号码 【1436015】
2024-09-25 00:31:25 GSD getOne 第 1 次 等待 3 秒
2024-09-25 00:31:28 查询号码 【1436015】，返回信息 {"status":"ok","msg":"-","gid":"647073","time_insert":"2023-04-11 11:47"}
2024-09-25 00:31:28 查询号码 【1436015】，GSD为【"-"】
2024-09-25 00:31:28 ok && -
2024-09-25 00:31:31 CHB 1436015?1727195488 第 1 次 等待 3 秒
2024-09-25 00:31:34 CHB 1436015?1727195488 第 1 次 获取到号码【1436015】GSD
2024-09-25 00:31:35 未获取到号码【1436015】GSD，可能号码格式错误
2024-09-25 00:31:35 获取到号码【1436015】的GSD为【-】
2024-09-25 00:31:36 GSD insert 第 1 次 等待 3 秒
2024-09-25 00:31:39 {"status":"bad","gid":"647073","msg":"添加失败！号码【1436015(-|-)】已存在！"}
2024-09-25 00:31:39 随机等待 176 秒，约 2 分钟
2024-09-25 00:31:39 下次操作: 2024-09-25 00:34:35

2024-09-25 00:34:35 开始第 6019 次操作

2024-09-25 00:34:35 开始操作号码 【1436016】
2024-09-25 00:34:37 GSD getOne 第 1 次 等待 3 秒
2024-09-25 00:34:40 查询号码 【1436016】，返回信息 {"status":"ok","msg":"-","gid":"647101","time_insert":"2023-04-11 12:02"}
2024-09-25 00:34:40 查询号码 【1436016】，GSD为【"-"】
2024-09-25 00:34:40 ok && -
2024-09-25 00:34:42 CHB 1436016?1727195680 第 1 次 等待 3 秒
2024-09-25 00:34:45 CHB 1436016?1727195680 第 1 次 获取到号码【1436016】GSD
2024-09-25 00:34:45 未获取到号码【1436016】GSD，可能号码格式错误
2024-09-25 00:34:45 获取到号码【1436016】的GSD为【-】
2024-09-25 00:34:47 GSD insert 第 1 次 等待 3 秒
2024-09-25 00:34:50 {"status":"bad","gid":"647101","msg":"添加失败！号码【1436016(-|-)】已存在！"}
2024-09-25 00:34:50 随机等待 211 秒，约 3 分钟
2024-09-25 00:34:50 下次操作: 2024-09-25 00:38:21

2024-09-25 00:38:21 开始第 6020 次操作

2024-09-25 00:38:21 开始操作号码 【1436017】
2024-09-25 00:38:23 GSD getOne 第 1 次 等待 3 秒
2024-09-25 00:38:26 查询号码 【1436017】，返回信息 {"status":"ok","msg":"-","gid":"647129","time_insert":"2023-04-11 12:20"}
2024-09-25 00:38:26 查询号码 【1436017】，GSD为【"-"】
2024-09-25 00:38:26 ok && -
2024-09-25 00:38:28 CHB 1436017?1727195906 第 1 次 等待 3 秒
2024-09-25 00:38:31 CHB 1436017?1727195906 第 1 次 获取到号码【1436017】GSD
2024-09-25 00:38:31 未获取到号码【1436017】GSD，可能号码格式错误
2024-09-25 00:38:31 获取到号码【1436017】的GSD为【-】
2024-09-25 00:38:33 GSD insert 第 1 次 等待 3 秒
2024-09-25 00:38:36 {"status":"bad","gid":"647129","msg":"添加失败！号码【1436017(-|-)】已存在！"}

2024-09-25 00:47:19 开始第 6021 次操作

2024-09-25 00:47:19 开始操作号码 【1436018】
2024-09-25 00:47:21 GSD getOne 第 1 次 等待 3 秒
2024-09-25 00:47:24 查询号码 【1436018】，返回信息 {"status":"ok","msg":"-","gid":"647159","time_insert":"2023-04-11 12:42"}
2024-09-25 00:47:24 查询号码 【1436018】，GSD为【"-"】
2024-09-25 00:47:24 ok && -
2024-09-25 00:47:26 CHB 1436018?1727196444 第 1 次 等待 3 秒
2024-09-25 00:47:29 CHB 1436018?1727196444 第 1 次 获取到号码【1436018】GSD
2024-09-25 00:47:29 未获取到号码【1436018】GSD，可能号码格式错误
2024-09-25 00:47:29 获取到号码【1436018】的GSD为【-】
2024-09-25 00:47:31 GSD insert 第 1 次 等待 3 秒
2024-09-25 00:47:34 {"status":"bad","gid":"647159","msg":"添加失败！号码【1436018(-|-)】已存在！"}
2024-09-25 00:47:34 随机等待 141 秒，约 2 分钟
2024-09-25 00:47:34 下次操作: 2024-09-25 00:49:55

2024-09-25 00:49:55 开始第 6022 次操作

2024-09-25 00:49:55 开始操作号码 【1436019】
2024-09-25 00:49:57 GSD getOne 第 1 次 等待 3 秒
2024-09-25 00:50:00 查询号码 【1436019】，返回信息 {"status":"ok","msg":"-","gid":"647198","time_insert":"2023-04-11 13:04"}
2024-09-25 00:50:00 查询号码 【1436019】，GSD为【"-"】
2024-09-25 00:50:00 ok && -
2024-09-25 00:50:01 CHB 1436019?1727196600 第 1 次 等待 3 秒
2024-09-25 00:50:04 CHB 1436019?1727196600 第 1 次 获取到号码【1436019】GSD
2024-09-25 00:50:04 未获取到号码【1436019】GSD，可能号码格式错误
2024-09-25 00:50:04 获取到号码【1436019】的GSD为【-】
2024-09-25 00:50:09 GSD insert 第 1 次 等待 3 秒
2024-09-25 00:50:12 {"status":"bad","gid":"647198","msg":"添加失败！号码【1436019(-|-)】已存在！"}
2024-09-25 00:50:12 随机等待 121 秒，约 2 分钟
2024-09-25 00:50:12 下次操作: 2024-09-25 00:52:13

2024-09-25 00:52:13 开始第 6023 次操作

2024-09-25 00:52:13 开始操作号码 【1436020】
2024-09-25 00:52:16 GSD getOne 第 1 次 等待 3 秒
2024-09-25 00:52:19 查询号码 【1436020】，返回信息 {"status":"ok","msg":"-","gid":"647217","time_insert":"2023-04-11 13:17"}
2024-09-25 00:52:19 查询号码 【1436020】，GSD为【"-"】
2024-09-25 00:52:19 ok && -
2024-09-25 00:52:21 CHB 1436020?1727196739 第 1 次 等待 3 秒
2024-09-25 00:52:24 CHB 1436020?1727196739 第 1 次 获取到号码【1436020】GSD
2024-09-25 00:52:24 未获取到号码【1436020】GSD，可能号码格式错误
2024-09-25 00:52:24 获取到号码【1436020】的GSD为【-】
2024-09-25 00:52:26 GSD insert 第 1 次 等待 3 秒
2024-09-25 00:52:29 {"status":"bad","gid":"647217","msg":"添加失败！号码【1436020(-|-)】已存在！"}
2024-09-25 00:52:29 随机等待 224 秒，约 3 分钟
2024-09-25 00:52:29 下次操作: 2024-09-25 00:56:13

2024-09-25 00:56:13 开始第 6024 次操作

2024-09-25 00:56:13 开始操作号码 【1436021】
2024-09-25 00:56:17 GSD getOne 第 1 次 等待 3 秒
2024-09-25 00:56:20 查询号码 【1436021】，返回信息 {"status":"ok","msg":"-","gid":"647230","time_insert":"2023-04-11 13:25"}
2024-09-25 00:56:20 查询号码 【1436021】，GSD为【"-"】
2024-09-25 00:56:20 ok && -
2024-09-25 00:56:22 CHB 1436021?1727196980 第 1 次 等待 3 秒
2024-09-25 00:56:25 CHB 1436021?1727196980 第 1 次 获取到号码【1436021】GSD
2024-09-25 00:56:25 未获取到号码【1436021】GSD，可能号码格式错误
2024-09-25 00:56:25 获取到号码【1436021】的GSD为【-】
2024-09-25 00:56:26 GSD insert 第 1 次 等待 3 秒
2024-09-25 00:56:29 {"status":"bad","gid":"647230","msg":"添加失败！号码【1436021(-|-)】已存在！"}

