2024-03-17 00:07:55 开始第 9481 次操作

2024-03-17 00:07:55 开始操作号码 【1769381】
2024-03-17 00:07:59 GSD getOne 第 1 次 等待 3 秒
2024-03-17 00:08:02 查询号码 【1769381】，返回信息 {"status":"ok","msg":"甘肃-天水","gid":"144320","time_insert":"2021-06-28 04:57"}
2024-03-17 00:08:02 查询号码 【1769381】，GSD为【"甘肃-天水"】

2024-03-17 00:08:03 开始第 9482 次操作

2024-03-17 00:08:03 开始操作号码 【1769382】
2024-03-17 00:08:07 GSD getOne 第 1 次 等待 3 秒
2024-03-17 00:08:10 查询号码 【1769382】，返回信息 {"status":"ok","msg":"甘肃-天水","gid":"144313","time_insert":"2021-06-28 04:56"}
2024-03-17 00:08:10 查询号码 【1769382】，GSD为【"甘肃-天水"】

2024-03-17 00:08:11 开始第 9483 次操作

2024-03-17 00:08:11 开始操作号码 【1769383】
2024-03-17 00:08:16 GSD getOne 第 1 次 等待 3 秒
2024-03-17 00:08:19 查询号码 【1769383】，返回信息 {"status":"ok","msg":"甘肃-天水","gid":"144307","time_insert":"2021-06-28 04:55"}
2024-03-17 00:08:19 查询号码 【1769383】，GSD为【"甘肃-天水"】

2024-03-17 00:08:20 开始第 9484 次操作

2024-03-17 00:08:20 开始操作号码 【1769384】
2024-03-17 00:08:25 GSD getOne 第 1 次 等待 3 秒
2024-03-17 00:08:28 查询号码 【1769384】，返回信息 {"status":"ok","msg":"甘肃-天水","gid":"144300","time_insert":"2021-06-28 04:54"}
2024-03-17 00:08:28 查询号码 【1769384】，GSD为【"甘肃-天水"】

2024-03-17 00:32:22 开始第 9485 次操作

2024-03-17 00:32:22 开始操作号码 【1769385】
2024-03-17 00:32:31 GSD getOne 第 1 次 等待 3 秒
2024-03-17 00:32:34 查询号码 【1769385】，返回信息 {"status":"ok","msg":"甘肃-天水","gid":"144294","time_insert":"2021-06-28 04:54"}
2024-03-17 00:32:34 查询号码 【1769385】，GSD为【"甘肃-天水"】

2024-03-17 00:32:35 开始第 9486 次操作

2024-03-17 00:32:35 开始操作号码 【1769386】
2024-03-17 00:32:39 GSD getOne 第 1 次 等待 3 秒
2024-03-17 00:32:42 查询号码 【1769386】，返回信息 {"status":"ok","msg":"甘肃-天水","gid":"144286","time_insert":"2021-06-28 04:53"}
2024-03-17 00:32:43 查询号码 【1769386】，GSD为【"甘肃-天水"】

2024-03-17 00:32:44 开始第 9487 次操作

2024-03-17 00:32:44 开始操作号码 【1769387】
2024-03-17 00:32:48 GSD getOne 第 1 次 等待 3 秒
2024-03-17 00:32:51 查询号码 【1769387】，返回信息 {"status":"ok","msg":"甘肃-天水","gid":"144279","time_insert":"2021-06-28 04:52"}
2024-03-17 00:32:51 查询号码 【1769387】，GSD为【"甘肃-天水"】

2024-03-17 00:32:52 开始第 9488 次操作

2024-03-17 00:32:52 开始操作号码 【1769388】
2024-03-17 00:32:58 GSD getOne 第 1 次 等待 3 秒
2024-03-17 00:33:01 查询号码 【1769388】，返回信息 {"status":"ok","msg":"甘肃-定西","gid":"144272","time_insert":"2021-06-28 04:51"}
2024-03-17 00:33:01 查询号码 【1769388】，GSD为【"甘肃-定西"】

