2024-10-12 00:27:53 开始第 8745 次操作

2024-10-12 00:27:53 开始操作号码 【1438739】
2024-10-12 00:27:56 GSD getOne 第 1 次 等待 3 秒
2024-10-12 00:27:59 查询号码 【1438739】，返回信息 {"status":"ok","msg":"-","gid":"697444","time_insert":"2023-05-08 16:20"}
2024-10-12 00:27:59 查询号码 【1438739】，GSD为【"-"】
2024-10-12 00:27:59 ok && -
2024-10-12 00:28:02 CHB 1438739?1728664079 第 1 次 等待 3 秒
2024-10-12 00:28:05 CHB 1438739?1728664079 第 1 次 获取到号码【1438739】GSD
2024-10-12 00:28:05 未获取到号码【1438739】GSD，可能号码格式错误
2024-10-12 00:28:05 获取到号码【1438739】的GSD为【-】
2024-10-12 00:28:07 GSD insert 第 1 次 等待 3 秒
2024-10-12 00:28:10 {"status":"bad","gid":"697444","msg":"添加失败！号码【1438739(-|-)】已存在！"}
2024-10-12 00:28:10 随机等待 155 秒，约 2 分钟
2024-10-12 00:28:10 下次操作: 2024-10-12 00:30:45

2024-10-12 00:30:45 开始第 8746 次操作

2024-10-12 00:30:45 开始操作号码 【1438740】
2024-10-12 00:30:47 GSD getOne 第 1 次 等待 3 秒
2024-10-12 00:30:50 查询号码 【1438740】，返回信息 {"status":"ok","msg":"-","gid":"697433","time_insert":"2023-05-08 16:09"}
2024-10-12 00:30:50 查询号码 【1438740】，GSD为【"-"】
2024-10-12 00:30:50 ok && -
2024-10-12 00:30:52 CHB 1438740?1728664250 第 1 次 等待 3 秒
2024-10-12 00:30:55 CHB 1438740?1728664250 第 1 次 获取到号码【1438740】GSD
2024-10-12 00:30:55 未获取到号码【1438740】GSD，可能号码格式错误
2024-10-12 00:30:55 获取到号码【1438740】的GSD为【-】
2024-10-12 00:30:57 GSD insert 第 1 次 等待 3 秒
2024-10-12 00:31:00 {"status":"bad","gid":"697433","msg":"添加失败！号码【1438740(-|-)】已存在！"}
2024-10-12 00:31:00 随机等待 107 秒，约 1 分钟
2024-10-12 00:31:00 下次操作: 2024-10-12 00:32:47

2024-10-12 00:32:47 开始第 8747 次操作

2024-10-12 00:32:47 开始操作号码 【1438741】
2024-10-12 00:32:49 GSD getOne 第 1 次 等待 3 秒
2024-10-12 00:32:52 查询号码 【1438741】，返回信息 {"status":"ok","msg":"-","gid":"697418","time_insert":"2023-05-08 15:51"}
2024-10-12 00:32:52 查询号码 【1438741】，GSD为【"-"】
2024-10-12 00:32:52 ok && -
2024-10-12 00:32:54 CHB 1438741?1728664372 第 1 次 等待 3 秒
2024-10-12 00:32:57 CHB 1438741?1728664372 第 1 次 获取到号码【1438741】GSD
2024-10-12 00:32:58 未获取到号码【1438741】GSD，可能号码格式错误
2024-10-12 00:32:58 获取到号码【1438741】的GSD为【-】
2024-10-12 00:33:00 GSD insert 第 1 次 等待 3 秒
2024-10-12 00:33:03 {"status":"bad","gid":"697418","msg":"添加失败！号码【1438741(-|-)】已存在！"}
2024-10-12 00:33:03 随机等待 143 秒，约 2 分钟
2024-10-12 00:33:03 下次操作: 2024-10-12 00:35:26

2024-10-12 00:35:26 开始第 8748 次操作

2024-10-12 00:35:26 开始操作号码 【1438742】
2024-10-12 00:35:29 GSD getOne 第 1 次 等待 3 秒
2024-10-12 00:35:32 查询号码 【1438742】，返回信息 {"status":"ok","msg":"-","gid":"697406","time_insert":"2023-05-08 15:31"}
2024-10-12 00:35:32 查询号码 【1438742】，GSD为【"-"】
2024-10-12 00:35:32 ok && -
2024-10-12 00:35:34 CHB 1438742?1728664532 第 1 次 等待 3 秒
2024-10-12 00:35:37 CHB 1438742?1728664532 第 1 次 获取到号码【1438742】GSD
2024-10-12 00:35:37 未获取到号码【1438742】GSD，可能号码格式错误
2024-10-12 00:35:37 获取到号码【1438742】的GSD为【-】
2024-10-12 00:35:39 GSD insert 第 1 次 等待 3 秒
2024-10-12 00:35:42 {"status":"bad","gid":"697406","msg":"添加失败！号码【1438742(-|-)】已存在！"}

2024-10-12 00:46:10 开始第 8749 次操作

2024-10-12 00:46:10 开始操作号码 【1438743】
2024-10-12 00:46:12 GSD getOne 第 1 次 等待 3 秒
2024-10-12 00:46:15 查询号码 【1438743】，返回信息 {"status":"ok","msg":"-","gid":"697392","time_insert":"2023-05-08 15:15"}
2024-10-12 00:46:15 查询号码 【1438743】，GSD为【"-"】
2024-10-12 00:46:15 ok && -
2024-10-12 00:46:17 CHB 1438743?1728665175 第 1 次 等待 3 秒
2024-10-12 00:46:20 CHB 1438743?1728665175 第 1 次 获取到号码【1438743】GSD
2024-10-12 00:46:21 未获取到号码【1438743】GSD，可能号码格式错误
2024-10-12 00:46:21 获取到号码【1438743】的GSD为【-】
2024-10-12 00:46:22 GSD insert 第 1 次 等待 3 秒
2024-10-12 00:46:25 {"status":"bad","gid":"697392","msg":"添加失败！号码【1438743(-|-)】已存在！"}
2024-10-12 00:46:25 随机等待 89 秒，约 1 分钟
2024-10-12 00:46:25 下次操作: 2024-10-12 00:47:54

2024-10-12 00:47:55 开始第 8750 次操作

2024-10-12 00:47:55 开始操作号码 【1438744】
2024-10-12 00:47:57 GSD getOne 第 1 次 等待 3 秒
2024-10-12 00:48:00 查询号码 【1438744】，返回信息 {"status":"ok","msg":"-","gid":"697385","time_insert":"2023-05-08 15:03"}
2024-10-12 00:48:00 查询号码 【1438744】，GSD为【"-"】
2024-10-12 00:48:00 ok && -
2024-10-12 00:48:02 CHB 1438744?1728665280 第 1 次 等待 3 秒
2024-10-12 00:48:05 CHB 1438744?1728665280 第 1 次 获取到号码【1438744】GSD
2024-10-12 00:48:05 未获取到号码【1438744】GSD，可能号码格式错误
2024-10-12 00:48:05 获取到号码【1438744】的GSD为【-】
2024-10-12 00:48:08 GSD insert 第 1 次 等待 3 秒
2024-10-12 00:48:11 {"status":"bad","gid":"697385","msg":"添加失败！号码【1438744(-|-)】已存在！"}
2024-10-12 00:48:11 随机等待 67 秒，约 1 分钟
2024-10-12 00:48:11 下次操作: 2024-10-12 00:49:18

2024-10-12 00:49:18 开始第 8751 次操作

2024-10-12 00:49:18 开始操作号码 【1438745】
2024-10-12 00:49:20 GSD getOne 第 1 次 等待 3 秒
2024-10-12 00:49:23 查询号码 【1438745】，返回信息 {"status":"ok","msg":"-","gid":"697375","time_insert":"2023-05-08 14:48"}
2024-10-12 00:49:23 查询号码 【1438745】，GSD为【"-"】
2024-10-12 00:49:23 ok && -
2024-10-12 00:49:25 CHB 1438745?1728665363 第 1 次 等待 3 秒
2024-10-12 00:49:28 CHB 1438745?1728665363 第 1 次 获取到号码【1438745】GSD
2024-10-12 00:49:28 未获取到号码【1438745】GSD，可能号码格式错误
2024-10-12 00:49:28 获取到号码【1438745】的GSD为【-】
2024-10-12 00:49:33 GSD insert 第 1 次 等待 3 秒
2024-10-12 00:49:36 {"status":"bad","gid":"697375","msg":"添加失败！号码【1438745(-|-)】已存在！"}
2024-10-12 00:49:36 随机等待 162 秒，约 2 分钟
2024-10-12 00:49:36 下次操作: 2024-10-12 00:52:18

2024-10-12 00:52:18 开始第 8752 次操作

2024-10-12 00:52:18 开始操作号码 【1438746】
2024-10-12 00:52:20 GSD getOne 第 1 次 等待 3 秒
2024-10-12 00:52:23 查询号码 【1438746】，返回信息 {"status":"ok","msg":"-","gid":"697363","time_insert":"2023-05-08 14:32"}
2024-10-12 00:52:23 查询号码 【1438746】，GSD为【"-"】
2024-10-12 00:52:23 ok && -
2024-10-12 00:54:25 CHB 1438746?1728665543 第 1 次 等待 3 秒
2024-10-12 00:54:28 CHB 1438746?1728665543 第 1 次 未获取到 等待 162 秒 下次操作: 2024-10-12 00:57:10
2024-10-12 00:58:10 CHB 1438746?1728665830 第 2 次 等待 3 秒
2024-10-12 00:58:13 CHB 1438746?1728665830 第 2 次 获取到号码【1438746】GSD
2024-10-12 00:58:13 未获取到号码【1438746】GSD，可能号码格式错误
2024-10-12 00:58:13 获取到号码【1438746】的GSD为【-】
2024-10-12 00:58:16 GSD insert 第 1 次 等待 3 秒
2024-10-12 00:58:19 {"status":"bad","gid":"697363","msg":"添加失败！号码【1438746(-|-)】已存在！"}

2024-10-12 01:19:28 开始第 8753 次操作

2024-10-12 01:19:28 开始操作号码 【1438747】
2024-10-12 01:19:31 GSD getOne 第 1 次 等待 3 秒
2024-10-12 01:19:34 查询号码 【1438747】，返回信息 {"status":"ok","msg":"-","gid":"697350","time_insert":"2023-05-08 14:12"}
2024-10-12 01:19:34 查询号码 【1438747】，GSD为【"-"】
2024-10-12 01:19:34 ok && -
2024-10-12 01:19:38 CHB 1438747?1728667174 第 1 次 等待 3 秒
2024-10-12 01:19:41 CHB 1438747?1728667174 第 1 次 获取到号码【1438747】GSD
2024-10-12 01:19:41 未获取到号码【1438747】GSD，可能号码格式错误
2024-10-12 01:19:41 获取到号码【1438747】的GSD为【-】
2024-10-12 01:19:43 GSD insert 第 1 次 等待 3 秒
2024-10-12 01:19:46 {"status":"bad","gid":"697350","msg":"添加失败！号码【1438747(-|-)】已存在！"}
2024-10-12 01:19:46 随机等待 74 秒，约 1 分钟
2024-10-12 01:19:46 下次操作: 2024-10-12 01:21:00

2024-10-12 01:21:00 开始第 8754 次操作

2024-10-12 01:21:00 开始操作号码 【1438748】
2024-10-12 01:21:02 GSD getOne 第 1 次 等待 3 秒
2024-10-12 01:21:05 查询号码 【1438748】，返回信息 {"status":"ok","msg":"-","gid":"697340","time_insert":"2023-05-08 13:54"}
2024-10-12 01:21:05 查询号码 【1438748】，GSD为【"-"】
2024-10-12 01:21:05 ok && -
2024-10-12 01:21:09 CHB 1438748?1728667265 第 1 次 等待 3 秒
2024-10-12 01:21:12 CHB 1438748?1728667265 第 1 次 获取到号码【1438748】GSD
2024-10-12 01:21:12 未获取到号码【1438748】GSD，可能号码格式错误
2024-10-12 01:21:12 获取到号码【1438748】的GSD为【-】
2024-10-12 01:21:14 GSD insert 第 1 次 等待 3 秒
2024-10-12 01:21:17 {"status":"bad","gid":"697340","msg":"添加失败！号码【1438748(-|-)】已存在！"}
2024-10-12 01:21:17 随机等待 137 秒，约 2 分钟
2024-10-12 01:21:17 下次操作: 2024-10-12 01:23:34

2024-10-12 01:23:34 开始第 8755 次操作

2024-10-12 01:23:34 开始操作号码 【1438749】
2024-10-12 01:23:37 GSD getOne 第 1 次 等待 3 秒
2024-10-12 01:23:40 查询号码 【1438749】，返回信息 {"status":"ok","msg":"-","gid":"697328","time_insert":"2023-05-08 13:31"}
2024-10-12 01:23:40 查询号码 【1438749】，GSD为【"-"】
2024-10-12 01:23:40 ok && -
2024-10-12 01:23:42 CHB 1438749?1728667420 第 1 次 等待 3 秒
2024-10-12 01:23:45 CHB 1438749?1728667420 第 1 次 获取到号码【1438749】GSD
2024-10-12 01:23:45 未获取到号码【1438749】GSD，可能号码格式错误
2024-10-12 01:23:45 获取到号码【1438749】的GSD为【-】
2024-10-12 01:23:47 GSD insert 第 1 次 等待 3 秒
2024-10-12 01:23:50 {"status":"bad","gid":"697328","msg":"添加失败！号码【1438749(-|-)】已存在！"}
2024-10-12 01:23:50 随机等待 132 秒，约 2 分钟
2024-10-12 01:23:50 下次操作: 2024-10-12 01:26:02

2024-10-12 01:26:02 开始第 8756 次操作

2024-10-12 01:26:02 开始操作号码 【1438750】
2024-10-12 01:26:04 GSD getOne 第 1 次 等待 3 秒
2024-10-12 01:26:07 查询号码 【1438750】，返回信息 {"status":"ok","msg":"-","gid":"697321","time_insert":"2023-05-08 13:19"}
2024-10-12 01:26:07 查询号码 【1438750】，GSD为【"-"】
2024-10-12 01:26:07 ok && -
2024-10-12 01:26:10 CHB 1438750?1728667567 第 1 次 等待 3 秒
2024-10-12 01:26:13 CHB 1438750?1728667567 第 1 次 获取到号码【1438750】GSD
2024-10-12 01:26:13 未获取到号码【1438750】GSD，可能号码格式错误
2024-10-12 01:26:13 获取到号码【1438750】的GSD为【-】
2024-10-12 01:26:15 GSD insert 第 1 次 等待 3 秒
2024-10-12 01:26:18 {"status":"bad","gid":"697321","msg":"添加失败！号码【1438750(-|-)】已存在！"}

