2023-11-30 00:10:01 开始第 585 次操作

2023-11-30 00:10:01 开始操作号码 【1870485】
2023-11-30 00:10:08 GSD getOne 第 1 次 等待 3 秒
2023-11-30 00:10:11 查询号码 【1870485】，返回信息 {"status":"ok","msg":"内蒙古-乌兰浩特","gid":"372945","time_insert":"2021-07-24 03:25"}
2023-11-30 00:10:11 查询号码 【1870485】，GSD为【"内蒙古-乌兰浩特"】

2023-11-30 00:10:12 开始第 586 次操作

2023-11-30 00:10:12 开始操作号码 【1870486】
2023-11-30 00:10:16 GSD getOne 第 1 次 等待 3 秒
2023-11-30 00:10:19 查询号码 【1870486】，返回信息 {"status":"ok","msg":"内蒙古-乌兰浩特","gid":"372980","time_insert":"2021-07-24 03:36"}
2023-11-30 00:10:19 查询号码 【1870486】，GSD为【"内蒙古-乌兰浩特"】

2023-11-30 00:10:20 开始第 587 次操作

2023-11-30 00:10:20 开始操作号码 【1870487】
2023-11-30 00:10:23 GSD getOne 第 1 次 等待 3 秒
2023-11-30 00:10:26 查询号码 【1870487】，返回信息 {"status":"ok","msg":"内蒙古-乌兰浩特","gid":"373172","time_insert":"2021-07-24 03:47"}
2023-11-30 00:10:26 查询号码 【1870487】，GSD为【"内蒙古-乌兰浩特"】

2023-11-30 00:10:28 开始第 588 次操作

2023-11-30 00:10:28 开始操作号码 【1870488】
2023-11-30 00:10:31 GSD getOne 第 1 次 等待 3 秒
2023-11-30 00:10:34 查询号码 【1870488】，返回信息 {"status":"ok","msg":"内蒙古-乌兰浩特","gid":"373368","time_insert":"2021-07-24 03:59"}
2023-11-30 00:10:34 查询号码 【1870488】，GSD为【"内蒙古-乌兰浩特"】

