2024-09-11 00:27:06 开始第 3721 次操作

2024-09-11 00:27:06 开始操作号码 【1433720】
2024-09-11 00:27:14 GSD getOne 第 1 次 等待 3 秒
2024-09-11 00:27:17 查询号码 【1433720】，返回信息 {"status":"ok","msg":"-","gid":"589702","time_insert":"2023-03-14 07:12"}
2024-09-11 00:27:17 查询号码 【1433720】，GSD为【"-"】
2024-09-11 00:27:17 ok && -
2024-09-11 00:27:19 CHB 1433720?1725985637 第 1 次 等待 3 秒
2024-09-11 00:27:22 CHB 1433720?1725985637 第 1 次 获取到号码【1433720】GSD
2024-09-11 00:27:22 未获取到号码【1433720】GSD，可能号码格式错误
2024-09-11 00:27:22 获取到号码【1433720】的GSD为【-】
2024-09-11 00:27:30 GSD insert 第 1 次 等待 3 秒
2024-09-11 00:27:33 {"status":"bad","gid":"589702","msg":"添加失败！号码【1433720(-|-)】已存在！"}
2024-09-11 00:27:33 随机等待 109 秒，约 1 分钟
2024-09-11 00:27:33 下次操作: 2024-09-11 00:29:22

2024-09-11 00:29:22 开始第 3722 次操作

2024-09-11 00:29:22 开始操作号码 【1433721】
2024-09-11 00:29:31 GSD getOne 第 1 次 等待 3 秒
2024-09-11 00:29:34 查询号码 【1433721】，返回信息 {"status":"ok","msg":"-","gid":"589721","time_insert":"2023-03-14 07:26"}
2024-09-11 00:29:34 查询号码 【1433721】，GSD为【"-"】
2024-09-11 00:29:34 ok && -
2024-09-11 00:29:36 CHB 1433721?1725985774 第 1 次 等待 3 秒
2024-09-11 00:29:39 CHB 1433721?1725985774 第 1 次 获取到号码【1433721】GSD
2024-09-11 00:29:39 未获取到号码【1433721】GSD，可能号码格式错误
2024-09-11 00:29:39 获取到号码【1433721】的GSD为【-】
2024-09-11 00:29:50 GSD insert 第 1 次 等待 3 秒
2024-09-11 00:29:53 {"status":"bad","gid":"589721","msg":"添加失败！号码【1433721(-|-)】已存在！"}
2024-09-11 00:29:53 随机等待 218 秒，约 3 分钟
2024-09-11 00:29:53 下次操作: 2024-09-11 00:33:31

2024-09-11 00:33:31 开始第 3723 次操作

2024-09-11 00:33:31 开始操作号码 【1433722】
2024-09-11 00:33:39 GSD getOne 第 1 次 等待 3 秒
2024-09-11 00:33:42 查询号码 【1433722】，返回信息 {"status":"ok","msg":"-","gid":"589750","time_insert":"2023-03-14 07:42"}
2024-09-11 00:33:42 查询号码 【1433722】，GSD为【"-"】
2024-09-11 00:33:42 ok && -
2024-09-11 00:33:44 CHB 1433722?1725986022 第 1 次 等待 3 秒
2024-09-11 00:33:47 CHB 1433722?1725986022 第 1 次 获取到号码【1433722】GSD
2024-09-11 00:33:47 未获取到号码【1433722】GSD，可能号码格式错误
2024-09-11 00:33:47 获取到号码【1433722】的GSD为【-】
2024-09-11 00:33:54 GSD insert 第 1 次 等待 3 秒
2024-09-11 00:33:57 {"status":"bad","gid":"589750","msg":"添加失败！号码【1433722(-|-)】已存在！"}
2024-09-11 00:33:57 随机等待 209 秒，约 3 分钟
2024-09-11 00:33:57 下次操作: 2024-09-11 00:37:26

2024-09-11 00:37:27 开始第 3724 次操作

2024-09-11 00:37:27 开始操作号码 【1433723】
2024-09-11 00:37:34 GSD getOne 第 1 次 等待 3 秒
2024-09-11 00:37:37 查询号码 【1433723】，返回信息 {"status":"ok","msg":"-","gid":"589786","time_insert":"2023-03-14 08:04"}
2024-09-11 00:37:37 查询号码 【1433723】，GSD为【"-"】
2024-09-11 00:37:37 ok && -
2024-09-11 00:37:39 CHB 1433723?1725986257 第 1 次 等待 3 秒
2024-09-11 00:37:42 CHB 1433723?1725986257 第 1 次 获取到号码【1433723】GSD
2024-09-11 00:37:42 未获取到号码【1433723】GSD，可能号码格式错误
2024-09-11 00:37:42 获取到号码【1433723】的GSD为【-】
2024-09-11 00:37:50 GSD insert 第 1 次 等待 3 秒
2024-09-11 00:37:53 {"status":"bad","gid":"589786","msg":"添加失败！号码【1433723(-|-)】已存在！"}

