2023-10-07 00:09:21 开始第 1957 次操作

2023-10-07 00:09:21 开始操作号码 【1971956】
2023-10-07 00:09:31 GSD getOne 第 1 次 等待 3 秒
2023-10-07 00:09:34 查询号码 【1971956】，返回信息 {"status":"ok","msg":"安徽-滁州","gid":"546973","time_insert":"2023-02-22 11:02"}
2023-10-07 00:09:34 查询号码 【1971956】，GSD为【"安徽-滁州"】

2023-10-07 00:09:36 开始第 1958 次操作

2023-10-07 00:09:36 开始操作号码 【1971957】
2023-10-07 00:09:38 GSD getOne 第 1 次 等待 3 秒
2023-10-07 00:09:41 查询号码 【1971957】，返回信息 {"status":"ok","msg":"安徽-滁州","gid":"546977","time_insert":"2023-02-22 11:04"}
2023-10-07 00:09:41 查询号码 【1971957】，GSD为【"安徽-滁州"】

2023-10-07 00:09:42 开始第 1959 次操作

2023-10-07 00:09:42 开始操作号码 【1971958】
2023-10-07 00:09:44 GSD getOne 第 1 次 等待 3 秒
2023-10-07 00:09:47 查询号码 【1971958】，返回信息 {"status":"ok","msg":"安徽-滁州","gid":"546981","time_insert":"2023-02-22 11:07"}
2023-10-07 00:09:48 查询号码 【1971958】，GSD为【"安徽-滁州"】

2023-10-07 00:09:49 开始第 1960 次操作

2023-10-07 00:09:49 开始操作号码 【1971959】
2023-10-07 00:09:51 GSD getOne 第 1 次 等待 3 秒
2023-10-07 00:09:54 查询号码 【1971959】，返回信息 {"status":"ok","msg":"安徽-滁州","gid":"546985","time_insert":"2023-02-22 11:10"}
2023-10-07 00:09:54 查询号码 【1971959】，GSD为【"安徽-滁州"】

2023-10-07 00:36:40 开始第 1961 次操作

2023-10-07 00:36:40 开始操作号码 【1971960】
2023-10-07 00:36:44 GSD getOne 第 1 次 等待 3 秒
2023-10-07 00:36:47 查询号码 【1971960】，返回信息 {"status":"ok","msg":"安徽-阜阳","gid":"547008","time_insert":"2023-02-22 11:27"}
2023-10-07 00:36:47 查询号码 【1971960】，GSD为【"安徽-阜阳"】

2023-10-07 00:36:48 开始第 1962 次操作

2023-10-07 00:36:48 开始操作号码 【1971961】
2023-10-07 00:36:50 GSD getOne 第 1 次 等待 3 秒
2023-10-07 00:36:53 查询号码 【1971961】，返回信息 {"status":"ok","msg":"安徽-阜阳","gid":"547012","time_insert":"2023-02-22 11:30"}
2023-10-07 00:36:53 查询号码 【1971961】，GSD为【"安徽-阜阳"】

2023-10-07 00:36:54 开始第 1963 次操作

2023-10-07 00:36:54 开始操作号码 【1971962】
2023-10-07 00:36:58 GSD getOne 第 1 次 等待 3 秒
2023-10-07 00:37:01 查询号码 【1971962】，返回信息 {"status":"ok","msg":"安徽-阜阳","gid":"547016","time_insert":"2023-02-22 11:32"}
2023-10-07 00:37:01 查询号码 【1971962】，GSD为【"安徽-阜阳"】

2023-10-07 00:37:02 开始第 1964 次操作

2023-10-07 00:37:02 开始操作号码 【1971963】
2023-10-07 00:37:05 GSD getOne 第 1 次 等待 3 秒
2023-10-07 00:37:08 查询号码 【1971963】，返回信息 {"status":"ok","msg":"安徽-阜阳","gid":"547020","time_insert":"2023-02-22 11:34"}
2023-10-07 00:37:08 查询号码 【1971963】，GSD为【"安徽-阜阳"】

2023-10-07 01:06:48 开始第 1965 次操作

2023-10-07 01:06:49 开始操作号码 【1971964】
2023-10-07 01:06:53 GSD getOne 第 1 次 等待 3 秒
2023-10-07 01:06:56 查询号码 【1971964】，返回信息 {"status":"ok","msg":"安徽-阜阳","gid":"547030","time_insert":"2023-02-22 11:40"}
2023-10-07 01:06:56 查询号码 【1971964】，GSD为【"安徽-阜阳"】

2023-10-07 01:06:57 开始第 1966 次操作

2023-10-07 01:06:57 开始操作号码 【1971965】
2023-10-07 01:07:00 GSD getOne 第 1 次 等待 3 秒
2023-10-07 01:07:03 查询号码 【1971965】，返回信息 {"status":"ok","msg":"安徽-阜阳","gid":"547033","time_insert":"2023-02-22 11:43"}
2023-10-07 01:07:03 查询号码 【1971965】，GSD为【"安徽-阜阳"】

2023-10-07 01:07:04 开始第 1967 次操作

2023-10-07 01:07:04 开始操作号码 【1971966】
2023-10-07 01:07:09 GSD getOne 第 1 次 等待 3 秒
2023-10-07 01:07:12 查询号码 【1971966】，返回信息 {"status":"ok","msg":"安徽-阜阳","gid":"547039","time_insert":"2023-02-22 11:46"}
2023-10-07 01:07:12 查询号码 【1971966】，GSD为【"安徽-阜阳"】

2023-10-07 01:07:13 开始第 1968 次操作

2023-10-07 01:07:13 开始操作号码 【1971967】
2023-10-07 01:07:16 GSD getOne 第 1 次 等待 3 秒
2023-10-07 01:07:19 查询号码 【1971967】，返回信息 {"status":"ok","msg":"安徽-阜阳","gid":"547046","time_insert":"2023-02-22 11:49"}
2023-10-07 01:07:19 查询号码 【1971967】，GSD为【"安徽-阜阳"】

2023-10-07 01:32:14 开始第 1969 次操作

2023-10-07 01:32:14 开始操作号码 【1971968】
2023-10-07 01:32:20 GSD getOne 第 1 次 等待 3 秒
2023-10-07 01:32:23 查询号码 【1971968】，返回信息 {"status":"ok","msg":"安徽-阜阳","gid":"547055","time_insert":"2023-02-22 11:54"}
2023-10-07 01:32:23 查询号码 【1971968】，GSD为【"安徽-阜阳"】

2023-10-07 01:32:24 开始第 1970 次操作

2023-10-07 01:32:24 开始操作号码 【1971969】
2023-10-07 01:32:27 GSD getOne 第 1 次 等待 3 秒
2023-10-07 01:32:30 查询号码 【1971969】，返回信息 {"status":"ok","msg":"安徽-阜阳","gid":"547058","time_insert":"2023-02-22 11:55"}
2023-10-07 01:32:30 查询号码 【1971969】，GSD为【"安徽-阜阳"】

2023-10-07 01:32:31 开始第 1971 次操作

2023-10-07 01:32:31 开始操作号码 【1971970】
2023-10-07 01:32:34 GSD getOne 第 1 次 等待 3 秒
2023-10-07 01:32:37 查询号码 【1971970】，返回信息 {"status":"ok","msg":"内蒙古-呼伦贝尔","gid":"547062","time_insert":"2023-02-22 11:58"}
2023-10-07 01:32:37 查询号码 【1971970】，GSD为【"内蒙古-呼伦贝尔"】

2023-10-07 01:32:38 开始第 1972 次操作

2023-10-07 01:32:38 开始操作号码 【1971971】
2023-10-07 01:32:50 GSD getOne 第 1 次 等待 3 秒
2023-10-07 01:32:53 查询号码 【1971971】，返回信息 {"status":"ok","msg":"内蒙古-呼和浩特","gid":"547068","time_insert":"2023-02-22 12:01"}
2023-10-07 01:32:53 查询号码 【1971971】，GSD为【"内蒙古-呼和浩特"】

