2024-02-08 00:10:48 开始第 2549 次操作

2024-02-08 00:10:48 开始操作号码 【1762449】
2024-02-08 00:10:52 GSD getOne 第 1 次 等待 3 秒
2024-02-08 00:10:55 查询号码 【1762449】，返回信息 {"status":"ok","msg":"河南-洛阳","gid":"163559","time_insert":"2021-07-01 02:04"}
2024-02-08 00:10:55 查询号码 【1762449】，GSD为【"河南-洛阳"】

2024-02-08 00:10:56 开始第 2550 次操作

2024-02-08 00:10:56 开始操作号码 【1762450】
2024-02-08 00:11:00 GSD getOne 第 1 次 等待 3 秒
2024-02-08 00:11:03 查询号码 【1762450】，返回信息 {"status":"ok","msg":"河南-焦作","gid":"163560","time_insert":"2021-07-01 02:05"}
2024-02-08 00:11:03 查询号码 【1762450】，GSD为【"河南-焦作"】

2024-02-08 00:11:04 开始第 2551 次操作

2024-02-08 00:11:04 开始操作号码 【1762451】
2024-02-08 00:11:09 GSD getOne 第 1 次 等待 3 秒
2024-02-08 00:11:12 查询号码 【1762451】，返回信息 {"status":"ok","msg":"河南-焦作","gid":"163568","time_insert":"2021-07-01 02:06"}
2024-02-08 00:11:12 查询号码 【1762451】，GSD为【"河南-焦作"】

2024-02-08 00:11:13 开始第 2552 次操作

2024-02-08 00:11:13 开始操作号码 【1762452】
2024-02-08 00:11:17 GSD getOne 第 1 次 等待 3 秒
2024-02-08 00:11:20 查询号码 【1762452】，返回信息 {"status":"ok","msg":"河南-焦作","gid":"163571","time_insert":"2021-07-01 02:06"}
2024-02-08 00:11:20 查询号码 【1762452】，GSD为【"河南-焦作"】

2024-02-08 00:35:34 开始第 2553 次操作

2024-02-08 00:35:34 开始操作号码 【1762453】
2024-02-08 00:35:43 GSD getOne 第 1 次 等待 3 秒
2024-02-08 00:35:46 查询号码 【1762453】，返回信息 {"status":"ok","msg":"河南-平顶山","gid":"163575","time_insert":"2021-07-01 02:07"}
2024-02-08 00:35:46 查询号码 【1762453】，GSD为【"河南-平顶山"】

2024-02-08 00:35:47 开始第 2554 次操作

2024-02-08 00:35:47 开始操作号码 【1762454】
2024-02-08 00:35:51 GSD getOne 第 1 次 等待 3 秒
2024-02-08 00:35:54 查询号码 【1762454】，返回信息 {"status":"ok","msg":"河南-平顶山","gid":"163578","time_insert":"2021-07-01 02:08"}
2024-02-08 00:35:54 查询号码 【1762454】，GSD为【"河南-平顶山"】

2024-02-08 00:35:56 开始第 2555 次操作

2024-02-08 00:35:56 开始操作号码 【1762455】
2024-02-08 00:36:00 GSD getOne 第 1 次 等待 3 秒
2024-02-08 00:36:03 查询号码 【1762455】，返回信息 {"status":"ok","msg":"河南-平顶山","gid":"163580","time_insert":"2021-07-01 02:09"}
2024-02-08 00:36:03 查询号码 【1762455】，GSD为【"河南-平顶山"】

2024-02-08 00:36:04 开始第 2556 次操作

2024-02-08 00:36:04 开始操作号码 【1762456】
2024-02-08 00:36:09 GSD getOne 第 1 次 等待 3 秒
2024-02-08 00:36:12 查询号码 【1762456】，返回信息 {"status":"ok","msg":"河南-平顶山","gid":"163582","time_insert":"2021-07-01 02:09"}
2024-02-08 00:36:12 查询号码 【1762456】，GSD为【"河南-平顶山"】

