2023-12-20 00:09:23 开始第 4261 次操作

2023-12-20 00:09:23 开始操作号码 【1874161】
2023-12-20 00:09:27 GSD getOne 第 1 次 等待 3 秒
2023-12-20 00:09:30 查询号码 【1874161】，返回信息 {"status":"ok","msg":"辽宁-锦州","gid":"462144","time_insert":"2021-08-01 01:20"}
2023-12-20 00:09:30 查询号码 【1874161】，GSD为【"辽宁-锦州"】

2023-12-20 00:09:31 开始第 4262 次操作

2023-12-20 00:09:31 开始操作号码 【1874162】
2023-12-20 00:09:34 GSD getOne 第 1 次 等待 3 秒
2023-12-20 00:09:37 查询号码 【1874162】，返回信息 {"status":"ok","msg":"辽宁-锦州","gid":"462134","time_insert":"2021-08-01 01:19"}
2023-12-20 00:09:37 查询号码 【1874162】，GSD为【"辽宁-锦州"】

2023-12-20 00:09:38 开始第 4263 次操作

2023-12-20 00:09:38 开始操作号码 【1874163】
2023-12-20 00:09:42 GSD getOne 第 1 次 等待 3 秒
2023-12-20 00:09:45 查询号码 【1874163】，返回信息 {"status":"ok","msg":"辽宁-锦州","gid":"462125","time_insert":"2021-08-01 01:19"}
2023-12-20 00:09:45 查询号码 【1874163】，GSD为【"辽宁-锦州"】

2023-12-20 00:09:46 开始第 4264 次操作

2023-12-20 00:09:46 开始操作号码 【1874164】
2023-12-20 00:09:50 GSD getOne 第 1 次 等待 3 秒
2023-12-20 00:09:53 查询号码 【1874164】，返回信息 {"status":"ok","msg":"辽宁-锦州","gid":"462115","time_insert":"2021-08-01 01:18"}
2023-12-20 00:09:53 查询号码 【1874164】，GSD为【"辽宁-锦州"】

