2024-01-15 00:08:50 开始第 9037 次操作

2024-01-15 00:08:50 开始操作号码 【1878937】
2024-01-15 00:09:00 GSD getOne 第 1 次 等待 3 秒
2024-01-15 00:09:03 查询号码 【1878937】，返回信息 {"status":"ok","msg":"海南-海口","gid":"420459","time_insert":"2021-07-28 03:40"}
2024-01-15 00:09:03 查询号码 【1878937】，GSD为【"海南-海口"】

2024-01-15 00:09:04 开始第 9038 次操作

2024-01-15 00:09:04 开始操作号码 【1878938】
2024-01-15 00:09:09 GSD getOne 第 1 次 等待 3 秒
2024-01-15 00:09:12 查询号码 【1878938】，返回信息 {"status":"ok","msg":"海南-海口","gid":"420446","time_insert":"2021-07-28 03:39"}
2024-01-15 00:09:12 查询号码 【1878938】，GSD为【"海南-海口"】

2024-01-15 00:09:13 开始第 9039 次操作

2024-01-15 00:09:13 开始操作号码 【1878939】
2024-01-15 00:09:18 GSD getOne 第 1 次 等待 3 秒
2024-01-15 00:09:21 查询号码 【1878939】，返回信息 {"status":"ok","msg":"海南-海口","gid":"43501","time_insert":"2018-08-10 11:06","time_update":"2020-10-05 17:13"}
2024-01-15 00:09:21 查询号码 【1878939】，GSD为【"海南-海口"】

2024-01-15 00:09:22 开始第 9040 次操作

2024-01-15 00:09:22 开始操作号码 【1878940】
2024-01-15 00:09:37 GSD getOne 第 1 次 等待 3 秒
2024-01-15 00:09:40 查询号码 【1878940】，返回信息 {"status":"ok","msg":"陕西-西安","gid":"420436","time_insert":"2021-07-28 03:38"}
2024-01-15 00:09:40 查询号码 【1878940】，GSD为【"陕西-西安"】

