2023-10-03 00:09:38 开始第 1221 次操作

2023-10-03 00:09:38 开始操作号码 【1971220】
2023-10-03 00:09:44 GSD getOne 第 1 次 等待 3 秒
2023-10-03 00:09:47 查询号码 【1971220】，返回信息 {"status":"ok","msg":"河北-承德","gid":"542486","time_insert":"2023-02-20 11:29"}
2023-10-03 00:09:47 查询号码 【1971220】，GSD为【"河北-承德"】

2023-10-03 00:09:48 开始第 1222 次操作

2023-10-03 00:09:48 开始操作号码 【1971221】
2023-10-03 00:09:51 GSD getOne 第 1 次 等待 3 秒
2023-10-03 00:09:54 查询号码 【1971221】，返回信息 {"status":"ok","msg":"河北-承德","gid":"542490","time_insert":"2023-02-20 11:31"}
2023-10-03 00:09:54 查询号码 【1971221】，GSD为【"河北-承德"】

2023-10-03 00:09:55 开始第 1223 次操作

2023-10-03 00:09:55 开始操作号码 【1971222】
2023-10-03 00:09:59 GSD getOne 第 1 次 等待 3 秒
2023-10-03 00:10:02 查询号码 【1971222】，返回信息 {"status":"ok","msg":"河北-承德","gid":"542494","time_insert":"2023-02-20 11:33"}
2023-10-03 00:10:02 查询号码 【1971222】，GSD为【"河北-承德"】

2023-10-03 00:10:03 开始第 1224 次操作

2023-10-03 00:10:03 开始操作号码 【1971223】
2023-10-03 00:10:12 GSD getOne 第 1 次 等待 3 秒
2023-10-03 00:10:15 查询号码 【1971223】，返回信息 {"status":"ok","msg":"河北-承德","gid":"542498","time_insert":"2023-02-20 11:35"}
2023-10-03 00:10:15 查询号码 【1971223】，GSD为【"河北-承德"】

