2023-11-05 00:08:17 开始第 7061 次操作

2023-11-05 00:08:17 开始操作号码 【1976961】
2023-11-05 00:08:21 GSD getOne 第 1 次 等待 3 秒
2023-11-05 00:08:24 查询号码 【1976961】，返回信息 {"status":"ok","msg":"-","gid":"578051","time_insert":"2023-03-08 18:22"}
2023-11-05 00:08:24 查询号码 【1976961】，GSD为【"-"】
2023-11-05 00:08:24 ok && -
2023-11-05 00:08:27 CHB 1976961?1699114104 第 1 次 等待 3 秒
2023-11-05 00:08:30 CHB 1976961?1699114104 第 1 次 获取到号码【1976961】GSD
2023-11-05 00:08:30 未获取到号码【1976961】GSD，可能号码格式错误
2023-11-05 00:08:30 获取到号码【1976961】的GSD为【-】
2023-11-05 00:08:34 GSD insert 第 1 次 等待 3 秒
2023-11-05 00:08:37 {"status":"bad","gid":"578051","msg":"添加失败！号码【1976961(-|-)】已存在！"}
2023-11-05 00:08:37 随机等待 158 秒，约 2 分钟
2023-11-05 00:08:37 下次操作: 2023-11-05 00:11:15

2023-11-05 00:11:15 开始第 7062 次操作

2023-11-05 00:11:15 开始操作号码 【1976962】
2023-11-05 00:11:18 GSD getOne 第 1 次 等待 3 秒
2023-11-05 00:11:21 查询号码 【1976962】，返回信息 {"status":"ok","msg":"-","gid":"578053","time_insert":"2023-03-08 18:25"}
2023-11-05 00:11:21 查询号码 【1976962】，GSD为【"-"】
2023-11-05 00:11:21 ok && -
2023-11-05 00:11:24 CHB 1976962?1699114281 第 1 次 等待 3 秒
2023-11-05 00:11:27 CHB 1976962?1699114281 第 1 次 获取到号码【1976962】GSD
2023-11-05 00:11:27 未获取到号码【1976962】GSD，可能号码格式错误
2023-11-05 00:11:27 获取到号码【1976962】的GSD为【-】
2023-11-05 00:11:31 GSD insert 第 1 次 等待 3 秒
2023-11-05 00:11:34 {"status":"bad","gid":"578053","msg":"添加失败！号码【1976962(-|-)】已存在！"}
2023-11-05 00:11:34 随机等待 150 秒，约 2 分钟
2023-11-05 00:11:34 下次操作: 2023-11-05 00:14:04

2023-11-05 00:14:04 开始第 7063 次操作

2023-11-05 00:14:04 开始操作号码 【1976963】
2023-11-05 00:14:09 GSD getOne 第 1 次 等待 3 秒
2023-11-05 00:14:12 查询号码 【1976963】，返回信息 {"status":"ok","msg":"-","gid":"578058","time_insert":"2023-03-08 18:26"}
2023-11-05 00:14:12 查询号码 【1976963】，GSD为【"-"】
2023-11-05 00:14:12 ok && -
2023-11-05 00:14:16 CHB 1976963?1699114452 第 1 次 等待 3 秒
2023-11-05 00:14:19 CHB 1976963?1699114452 第 1 次 获取到号码【1976963】GSD
2023-11-05 00:14:19 未获取到号码【1976963】GSD，可能号码格式错误
2023-11-05 00:14:19 获取到号码【1976963】的GSD为【-】
2023-11-05 00:14:23 GSD insert 第 1 次 等待 3 秒
2023-11-05 00:14:26 {"status":"bad","gid":"578058","msg":"添加失败！号码【1976963(-|-)】已存在！"}
2023-11-05 00:14:26 随机等待 215 秒，约 3 分钟
2023-11-05 00:14:26 下次操作: 2023-11-05 00:18:01

2023-11-05 00:18:01 开始第 7064 次操作

2023-11-05 00:18:01 开始操作号码 【1976964】
2023-11-05 00:18:08 GSD getOne 第 1 次 等待 3 秒
2023-11-05 00:18:11 查询号码 【1976964】，返回信息 {"status":"ok","msg":"-","gid":"578060","time_insert":"2023-03-08 18:29"}
2023-11-05 00:18:11 查询号码 【1976964】，GSD为【"-"】
2023-11-05 00:18:11 ok && -
2023-11-05 00:18:13 CHB 1976964?1699114691 第 1 次 等待 3 秒
2023-11-05 00:18:16 CHB 1976964?1699114691 第 1 次 获取到号码【1976964】GSD
2023-11-05 00:18:16 未获取到号码【1976964】GSD，可能号码格式错误
2023-11-05 00:18:16 获取到号码【1976964】的GSD为【-】
2023-11-05 00:18:19 GSD insert 第 1 次 等待 3 秒
2023-11-05 00:18:22 {"status":"bad","gid":"578060","msg":"添加失败！号码【1976964(-|-)】已存在！"}

