2023-11-04 00:09:42 开始第 6881 次操作

2023-11-04 00:09:42 开始操作号码 【1976781】
2023-11-04 00:09:46 GSD getOne 第 1 次 等待 3 秒
2023-11-04 00:09:49 查询号码 【1976781】，返回信息 {"status":"ok","msg":"-","gid":"576993","time_insert":"2023-03-08 05:28"}
2023-11-04 00:09:49 查询号码 【1976781】，GSD为【"-"】
2023-11-04 00:09:49 ok && -
2023-11-04 00:09:51 CHB 1976781?1699027789 第 1 次 等待 3 秒
2023-11-04 00:09:54 CHB 1976781?1699027789 第 1 次 获取到号码【1976781】GSD
2023-11-04 00:09:54 未获取到号码【1976781】GSD，可能号码格式错误
2023-11-04 00:09:54 获取到号码【1976781】的GSD为【-】
2023-11-04 00:09:57 GSD insert 第 1 次 等待 3 秒
2023-11-04 00:10:00 {"status":"bad","gid":"576993","msg":"添加失败！号码【1976781(-|-)】已存在！"}
2023-11-04 00:10:00 随机等待 81 秒，约 1 分钟
2023-11-04 00:10:00 下次操作: 2023-11-04 00:11:21

2023-11-04 00:11:21 开始第 6882 次操作

2023-11-04 00:11:21 开始操作号码 【1976782】
2023-11-04 00:11:24 GSD getOne 第 1 次 等待 3 秒
2023-11-04 00:11:27 查询号码 【1976782】，返回信息 {"status":"ok","msg":"-","gid":"576996","time_insert":"2023-03-08 05:29"}
2023-11-04 00:11:27 查询号码 【1976782】，GSD为【"-"】
2023-11-04 00:11:27 ok && -
2023-11-04 00:11:30 CHB 1976782?1699027887 第 1 次 等待 3 秒
2023-11-04 00:11:33 CHB 1976782?1699027887 第 1 次 获取到号码【1976782】GSD
2023-11-04 00:11:33 未获取到号码【1976782】GSD，可能号码格式错误
2023-11-04 00:11:33 获取到号码【1976782】的GSD为【-】
2023-11-04 00:11:38 GSD insert 第 1 次 等待 3 秒
2023-11-04 00:11:41 {"status":"bad","gid":"576996","msg":"添加失败！号码【1976782(-|-)】已存在！"}
2023-11-04 00:11:41 随机等待 104 秒，约 1 分钟
2023-11-04 00:11:41 下次操作: 2023-11-04 00:13:25

2023-11-04 00:13:25 开始第 6883 次操作

2023-11-04 00:13:25 开始操作号码 【1976783】
2023-11-04 00:13:29 GSD getOne 第 1 次 等待 3 秒
2023-11-04 00:13:32 查询号码 【1976783】，返回信息 {"status":"ok","msg":"-","gid":"576999","time_insert":"2023-03-08 05:31"}
2023-11-04 00:13:32 查询号码 【1976783】，GSD为【"-"】
2023-11-04 00:13:32 ok && -
2023-11-04 00:13:35 CHB 1976783?1699028012 第 1 次 等待 3 秒
2023-11-04 00:13:38 CHB 1976783?1699028012 第 1 次 获取到号码【1976783】GSD
2023-11-04 00:13:38 未获取到号码【1976783】GSD，可能号码格式错误
2023-11-04 00:13:38 获取到号码【1976783】的GSD为【-】
2023-11-04 00:13:41 GSD insert 第 1 次 等待 3 秒
2023-11-04 00:13:44 {"status":"bad","gid":"576999","msg":"添加失败！号码【1976783(-|-)】已存在！"}
2023-11-04 00:13:44 随机等待 99 秒，约 1 分钟
2023-11-04 00:13:44 下次操作: 2023-11-04 00:15:23

2023-11-04 00:15:23 开始第 6884 次操作

2023-11-04 00:15:23 开始操作号码 【1976784】
2023-11-04 00:15:26 GSD getOne 第 1 次 等待 3 秒
2023-11-04 00:15:29 查询号码 【1976784】，返回信息 {"status":"ok","msg":"-","gid":"577002","time_insert":"2023-03-08 05:33"}
2023-11-04 00:15:30 查询号码 【1976784】，GSD为【"-"】
2023-11-04 00:15:30 ok && -
2023-11-04 00:15:32 CHB 1976784?1699028130 第 1 次 等待 3 秒
2023-11-04 00:15:35 CHB 1976784?1699028130 第 1 次 获取到号码【1976784】GSD
2023-11-04 00:15:35 未获取到号码【1976784】GSD，可能号码格式错误
2023-11-04 00:15:35 获取到号码【1976784】的GSD为【-】
2023-11-04 00:15:38 GSD insert 第 1 次 等待 3 秒
2023-11-04 00:15:41 {"status":"bad","gid":"577002","msg":"添加失败！号码【1976784(-|-)】已存在！"}

