2024-01-01 00:08:54 开始第 6465 次操作

2024-01-01 00:08:54 开始操作号码 【1876365】
2024-01-01 00:08:57 GSD getOne 第 1 次 等待 3 秒
2024-01-01 00:09:00 查询号码 【1876365】，返回信息 {"status":"ok","msg":"山东-潍坊","gid":"437597","time_insert":"2021-07-29 21:52"}
2024-01-01 00:09:00 查询号码 【1876365】，GSD为【"山东-潍坊"】

2024-01-01 00:09:01 开始第 6466 次操作

2024-01-01 00:09:01 开始操作号码 【1876366】
2024-01-01 00:09:05 GSD getOne 第 1 次 等待 3 秒
2024-01-01 00:09:08 查询号码 【1876366】，返回信息 {"status":"ok","msg":"山东-潍坊","gid":"437589","time_insert":"2021-07-29 21:51"}
2024-01-01 00:09:08 查询号码 【1876366】，GSD为【"山东-潍坊"】

2024-01-01 00:09:09 开始第 6467 次操作

2024-01-01 00:09:09 开始操作号码 【1876367】
2024-01-01 00:09:12 GSD getOne 第 1 次 等待 3 秒
2024-01-01 00:09:15 查询号码 【1876367】，返回信息 {"status":"ok","msg":"山东-潍坊","gid":"437576","time_insert":"2021-07-29 21:51"}
2024-01-01 00:09:15 查询号码 【1876367】，GSD为【"山东-潍坊"】

2024-01-01 00:09:16 开始第 6468 次操作

2024-01-01 00:09:16 开始操作号码 【1876368】
2024-01-01 00:09:19 GSD getOne 第 1 次 等待 3 秒
2024-01-01 00:09:22 查询号码 【1876368】，返回信息 {"status":"ok","msg":"山东-潍坊","gid":"437565","time_insert":"2021-07-29 21:50"}
2024-01-01 00:09:22 查询号码 【1876368】，GSD为【"山东-潍坊"】

