2024-05-04 00:09:26 开始第 7201 次操作

2024-05-04 00:09:26 开始操作号码 【1657102】
2024-05-04 00:09:31 GSD getOne 第 1 次 等待 3 秒
2024-05-04 00:09:34 查询号码 【1657102】，返回信息 {"status":"ok","msg":"陕西-榆林","gid":"300430","time_insert":"2021-07-17 05:57"}
2024-05-04 00:09:35 查询号码 【1657102】，GSD为【"陕西-榆林"】

2024-05-04 00:09:36 开始第 7202 次操作

2024-05-04 00:09:36 开始操作号码 【1657103】
2024-05-04 00:09:44 GSD getOne 第 1 次 等待 3 秒
2024-05-04 00:09:47 查询号码 【1657103】，返回信息 {"status":"ok","msg":"陕西-延安","gid":"300438","time_insert":"2021-07-17 05:57"}
2024-05-04 00:09:47 查询号码 【1657103】，GSD为【"陕西-延安"】

2024-05-04 00:09:48 开始第 7203 次操作

2024-05-04 00:09:48 开始操作号码 【1657104】
2024-05-04 00:09:55 GSD getOne 第 1 次 等待 3 秒
2024-05-04 00:09:58 查询号码 【1657104】，返回信息 {"status":"ok","msg":"吉林-吉林","gid":"300443","time_insert":"2021-07-17 05:58"}
2024-05-04 00:09:58 查询号码 【1657104】，GSD为【"吉林-吉林"】

2024-05-04 00:09:59 开始第 7204 次操作

2024-05-04 00:09:59 开始操作号码 【1657105】
2024-05-04 00:10:11 GSD getOne 第 1 次 等待 3 秒
2024-05-04 00:10:14 查询号码 【1657105】，返回信息 {"status":"ok","msg":"山东-济南","gid":"300453","time_insert":"2021-07-17 05:59"}
2024-05-04 00:10:14 查询号码 【1657105】，GSD为【"山东-济南"】

