2024-02-04 00:09:32 开始第 1813 次操作

2024-02-04 00:09:32 开始操作号码 【1761713】
2024-02-04 00:09:41 GSD getOne 第 1 次 等待 3 秒
2024-02-04 00:09:44 查询号码 【1761713】，返回信息 {"status":"ok","msg":"北京-北京","gid":"155246","time_insert":"2021-06-29 18:08"}
2024-02-04 00:09:44 查询号码 【1761713】，GSD为【"北京-北京"】

2024-02-04 00:09:45 开始第 1814 次操作

2024-02-04 00:09:45 开始操作号码 【1761714】
2024-02-04 00:09:50 GSD getOne 第 1 次 等待 3 秒
2024-02-04 00:09:53 查询号码 【1761714】，返回信息 {"status":"ok","msg":"北京-北京","gid":"155254","time_insert":"2021-06-29 18:08"}
2024-02-04 00:09:53 查询号码 【1761714】，GSD为【"北京-北京"】

2024-02-04 00:09:54 开始第 1815 次操作

2024-02-04 00:09:54 开始操作号码 【1761715】
2024-02-04 00:09:58 GSD getOne 第 1 次 等待 3 秒
2024-02-04 00:10:01 查询号码 【1761715】，返回信息 {"status":"ok","msg":"北京-北京","gid":"155262","time_insert":"2021-06-29 18:09"}
2024-02-04 00:10:01 查询号码 【1761715】，GSD为【"北京-北京"】

2024-02-04 00:10:02 开始第 1816 次操作

2024-02-04 00:10:02 开始操作号码 【1761716】
2024-02-04 00:10:06 GSD getOne 第 1 次 等待 3 秒
2024-02-04 00:10:09 查询号码 【1761716】，返回信息 {"status":"ok","msg":"北京-北京","gid":"155269","time_insert":"2021-06-29 18:10"}
2024-02-04 00:10:10 查询号码 【1761716】，GSD为【"北京-北京"】

