2023-12-16 00:09:50 开始第 3525 次操作

2023-12-16 00:09:50 开始操作号码 【1873425】
2023-12-16 00:09:57 GSD getOne 第 1 次 等待 3 秒
2023-12-16 00:10:00 查询号码 【1873425】，返回信息 {"status":"ok","msg":"山西-大同","gid":"469721","time_insert":"2021-08-01 17:12"}
2023-12-16 00:10:00 查询号码 【1873425】，GSD为【"山西-大同"】

2023-12-16 00:10:01 开始第 3526 次操作

2023-12-16 00:10:01 开始操作号码 【1873426】
2023-12-16 00:10:09 GSD getOne 第 1 次 等待 3 秒
2023-12-16 00:10:12 查询号码 【1873426】，返回信息 {"status":"ok","msg":"山西-大同","gid":"469714","time_insert":"2021-08-01 17:11"}
2023-12-16 00:10:12 查询号码 【1873426】，GSD为【"山西-大同"】

2023-12-16 00:10:13 开始第 3527 次操作

2023-12-16 00:10:13 开始操作号码 【1873427】
2023-12-16 00:10:17 GSD getOne 第 1 次 等待 3 秒
2023-12-16 00:10:20 查询号码 【1873427】，返回信息 {"status":"ok","msg":"山西-大同","gid":"469708","time_insert":"2021-08-01 17:10"}
2023-12-16 00:10:20 查询号码 【1873427】，GSD为【"山西-大同"】

2023-12-16 00:10:21 开始第 3528 次操作

2023-12-16 00:10:21 开始操作号码 【1873428】
2023-12-16 00:10:25 GSD getOne 第 1 次 等待 3 秒
2023-12-16 00:10:28 查询号码 【1873428】，返回信息 {"status":"ok","msg":"山西-大同","gid":"469701","time_insert":"2021-08-01 17:09"}
2023-12-16 00:10:28 查询号码 【1873428】，GSD为【"山西-大同"】

