2024-04-05 00:09:42 开始第 2021 次操作

2024-04-05 00:09:42 开始操作号码 【1651922】
2024-04-05 00:09:47 GSD getOne 第 1 次 等待 3 秒
2024-04-05 00:09:50 查询号码 【1651922】，返回信息 {"status":"ok","msg":"河北-保定","gid":"238058","time_insert":"2021-07-10 09:28"}
2024-04-05 00:09:50 查询号码 【1651922】，GSD为【"河北-保定"】

2024-04-05 00:09:51 开始第 2022 次操作

2024-04-05 00:09:51 开始操作号码 【1651923】
2024-04-05 00:09:57 GSD getOne 第 1 次 等待 3 秒
2024-04-05 00:10:00 查询号码 【1651923】，返回信息 {"status":"ok","msg":"河北-唐山","gid":"238067","time_insert":"2021-07-10 09:29"}
2024-04-05 00:10:00 查询号码 【1651923】，GSD为【"河北-唐山"】

2024-04-05 00:10:01 开始第 2023 次操作

2024-04-05 00:10:01 开始操作号码 【1651924】
2024-04-05 00:10:06 GSD getOne 第 1 次 等待 3 秒
2024-04-05 00:10:09 查询号码 【1651924】，返回信息 {"status":"ok","msg":"河北-保定","gid":"238072","time_insert":"2021-07-10 09:29"}
2024-04-05 00:10:09 查询号码 【1651924】，GSD为【"河北-保定"】

2024-04-05 00:10:10 开始第 2024 次操作

2024-04-05 00:10:10 开始操作号码 【1651925】
2024-04-05 00:10:18 GSD getOne 第 1 次 等待 3 秒
2024-04-05 00:10:21 查询号码 【1651925】，返回信息 {"status":"ok","msg":"河北-唐山","gid":"238077","time_insert":"2021-07-10 09:29"}
2024-04-05 00:10:21 查询号码 【1651925】，GSD为【"河北-唐山"】

2024-04-05 00:35:27 开始第 2025 次操作

2024-04-05 00:35:27 开始操作号码 【1651926】
2024-04-05 00:35:33 GSD getOne 第 1 次 等待 3 秒
2024-04-05 00:35:36 查询号码 【1651926】，返回信息 {"status":"ok","msg":"河北-承德","gid":"238083","time_insert":"2021-07-10 09:30"}
2024-04-05 00:35:36 查询号码 【1651926】，GSD为【"河北-承德"】

2024-04-05 00:35:37 开始第 2026 次操作

2024-04-05 00:35:37 开始操作号码 【1651927】
2024-04-05 00:35:45 GSD getOne 第 1 次 等待 3 秒
2024-04-05 00:35:48 查询号码 【1651927】，返回信息 {"status":"ok","msg":"河北-衡水","gid":"238091","time_insert":"2021-07-10 09:30"}
2024-04-05 00:35:48 查询号码 【1651927】，GSD为【"河北-衡水"】

2024-04-05 00:35:49 开始第 2027 次操作

2024-04-05 00:35:49 开始操作号码 【1651928】
2024-04-05 00:35:54 GSD getOne 第 1 次 等待 3 秒
2024-04-05 00:35:57 查询号码 【1651928】，返回信息 {"status":"ok","msg":"河北-邯郸","gid":"238099","time_insert":"2021-07-10 09:31"}
2024-04-05 00:35:57 查询号码 【1651928】，GSD为【"河北-邯郸"】

2024-04-05 00:35:58 开始第 2028 次操作

2024-04-05 00:35:58 开始操作号码 【1651929】
2024-04-05 00:36:04 GSD getOne 第 1 次 等待 3 秒
2024-04-05 00:36:07 查询号码 【1651929】，返回信息 {"status":"ok","msg":"河北-沧州","gid":"238106","time_insert":"2021-07-10 09:31"}
2024-04-05 00:36:07 查询号码 【1651929】，GSD为【"河北-沧州"】

