2024-03-16 00:09:37 开始第 9297 次操作

2024-03-16 00:09:37 开始操作号码 【1769197】
2024-03-16 00:09:44 GSD getOne 第 1 次 等待 3 秒
2024-03-16 00:09:47 查询号码 【1769197】，返回信息 {"status":"ok","msg":"陕西-咸阳","gid":"146188","time_insert":"2021-06-28 12:03"}
2024-03-16 00:09:47 查询号码 【1769197】，GSD为【"陕西-咸阳"】

2024-03-16 00:09:48 开始第 9298 次操作

2024-03-16 00:09:48 开始操作号码 【1769198】
2024-03-16 00:09:54 GSD getOne 第 1 次 等待 3 秒
2024-03-16 00:09:57 查询号码 【1769198】，返回信息 {"status":"ok","msg":"陕西-西安","gid":"146181","time_insert":"2021-06-28 12:02"}
2024-03-16 00:09:58 查询号码 【1769198】，GSD为【"陕西-西安"】

2024-03-16 00:09:59 开始第 9299 次操作

2024-03-16 00:09:59 开始操作号码 【1769199】
2024-03-16 00:10:06 GSD getOne 第 1 次 等待 3 秒
2024-03-16 00:10:09 查询号码 【1769199】，返回信息 {"status":"ok","msg":"陕西-西安","gid":"146172","time_insert":"2021-06-28 12:01"}
2024-03-16 00:10:09 查询号码 【1769199】，GSD为【"陕西-西安"】

2024-03-16 00:10:10 开始第 9300 次操作

2024-03-16 00:10:10 开始操作号码 【1769200】
2024-03-16 00:10:15 GSD getOne 第 1 次 等待 3 秒
2024-03-16 00:10:18 查询号码 【1769200】，返回信息 {"status":"ok","msg":"河北-邯郸","gid":"146162","time_insert":"2021-06-28 12:00"}
2024-03-16 00:10:18 查询号码 【1769200】，GSD为【"河北-邯郸"】

