2023-10-13 00:36:45 开始第 2917 次操作

2023-10-13 00:36:45 开始操作号码 【1972892】
2023-10-13 00:38:56 GSD getOne 第 1 次 等待 3 秒
2023-10-13 00:41:09 GSD getOne 第 2 次 等待 3 秒
2023-10-13 00:43:22 GSD getOne 第 3 次 等待 3 秒
2023-10-13 00:45:35 GSD getOne 第 4 次 等待 3 秒
2023-10-13 00:47:48 GSD getOne 第 5 次 等待 3 秒
2023-10-13 00:50:01 GSD getOne 第 6 次 等待 3 秒
2023-10-13 00:52:14 GSD getOne 第 7 次 等待 3 秒
2023-10-13 00:54:28 GSD getOne 第 8 次 等待 3 秒
2023-10-13 00:56:41 GSD getOne 第 9 次 等待 3 秒
2023-10-13 00:58:54 GSD getOne 第 10 次 等待 3 秒
2023-10-13 00:58:57 查询号码 【1972892】，返回信息 
2023-10-13 00:58:57 查询失败，3 秒后重新查询
2023-10-13 01:01:11 GSD getOne 第 1 次 等待 3 秒
2023-10-13 01:03:24 GSD getOne 第 2 次 等待 3 秒
2023-10-13 01:05:37 GSD getOne 第 3 次 等待 3 秒
2023-10-13 01:07:50 GSD getOne 第 4 次 等待 3 秒
2023-10-13 01:10:04 GSD getOne 第 5 次 等待 3 秒
2023-10-13 01:12:17 GSD getOne 第 6 次 等待 3 秒
2023-10-13 01:14:30 GSD getOne 第 7 次 等待 3 秒
2023-10-13 01:16:43 GSD getOne 第 8 次 等待 3 秒
2023-10-13 01:18:56 GSD getOne 第 9 次 等待 3 秒
2023-10-13 01:21:09 GSD getOne 第 10 次 等待 3 秒
2023-10-13 01:21:12 查询号码 【1972892】，返回信息 
2023-10-13 01:21:12 查询失败，结束本次操作，期待下次成功~
2023-10-13 01:21:12 随机等待 166 秒，约 2 分钟
2023-10-13 01:21:12 下次操作: 2023-10-13 01:23:58

2023-10-13 01:23:58 开始第 2918 次操作

2023-10-13 01:23:58 开始操作号码 【1972892】
2023-10-13 01:26:08 GSD getOne 第 1 次 等待 3 秒
2023-10-13 01:28:21 GSD getOne 第 2 次 等待 3 秒
2023-10-13 01:30:34 GSD getOne 第 3 次 等待 3 秒
2023-10-13 01:32:47 GSD getOne 第 4 次 等待 3 秒
2023-10-13 01:35:01 GSD getOne 第 5 次 等待 3 秒
2023-10-13 01:37:14 GSD getOne 第 6 次 等待 3 秒
2023-10-13 01:39:27 GSD getOne 第 7 次 等待 3 秒
2023-10-13 01:41:40 GSD getOne 第 8 次 等待 3 秒
2023-10-13 01:43:53 GSD getOne 第 9 次 等待 3 秒
2023-10-13 01:46:06 GSD getOne 第 10 次 等待 3 秒
2023-10-13 01:46:09 查询号码 【1972892】，返回信息 
2023-10-13 01:46:09 查询失败，3 秒后重新查询
2023-10-13 01:48:23 GSD getOne 第 1 次 等待 3 秒
2023-10-13 01:50:37 GSD getOne 第 2 次 等待 3 秒
2023-10-13 01:52:50 GSD getOne 第 3 次 等待 3 秒
2023-10-13 01:55:03 GSD getOne 第 4 次 等待 3 秒
2023-10-13 01:57:16 GSD getOne 第 5 次 等待 3 秒
2023-10-13 01:59:29 GSD getOne 第 6 次 等待 3 秒
2023-10-13 02:01:42 GSD getOne 第 7 次 等待 3 秒
2023-10-13 02:03:55 GSD getOne 第 8 次 等待 3 秒
2023-10-13 02:06:08 GSD getOne 第 9 次 等待 3 秒
2023-10-13 02:08:22 GSD getOne 第 10 次 等待 3 秒
2023-10-13 02:08:25 查询号码 【1972892】，返回信息 
2023-10-13 02:08:25 查询失败，结束本次操作，期待下次成功~
2023-10-13 02:08:25 随机等待 86 秒，约 1 分钟
2023-10-13 02:08:25 下次操作: 2023-10-13 02:09:51

2023-10-13 02:09:51 开始第 2919 次操作

2023-10-13 02:09:51 开始操作号码 【1972892】
2023-10-13 02:12:01 GSD getOne 第 1 次 等待 3 秒
2023-10-13 02:14:14 GSD getOne 第 2 次 等待 3 秒
2023-10-13 02:16:27 GSD getOne 第 3 次 等待 3 秒
2023-10-13 02:18:40 GSD getOne 第 4 次 等待 3 秒
2023-10-13 02:20:53 GSD getOne 第 5 次 等待 3 秒
2023-10-13 02:23:06 GSD getOne 第 6 次 等待 3 秒
2023-10-13 02:25:19 GSD getOne 第 7 次 等待 3 秒
2023-10-13 02:27:32 GSD getOne 第 8 次 等待 3 秒
2023-10-13 02:29:46 GSD getOne 第 9 次 等待 3 秒
2023-10-13 02:31:59 GSD getOne 第 10 次 等待 3 秒
2023-10-13 02:32:02 查询号码 【1972892】，返回信息 
2023-10-13 02:32:02 查询失败，3 秒后重新查询
2023-10-13 02:34:16 GSD getOne 第 1 次 等待 3 秒
2023-10-13 02:36:29 GSD getOne 第 2 次 等待 3 秒
2023-10-13 02:38:42 GSD getOne 第 3 次 等待 3 秒
2023-10-13 02:40:55 GSD getOne 第 4 次 等待 3 秒
2023-10-13 02:43:08 GSD getOne 第 5 次 等待 3 秒
2023-10-13 02:45:22 GSD getOne 第 6 次 等待 3 秒
2023-10-13 02:47:35 GSD getOne 第 7 次 等待 3 秒
2023-10-13 02:49:48 GSD getOne 第 8 次 等待 3 秒
2023-10-13 02:52:01 GSD getOne 第 9 次 等待 3 秒
2023-10-13 02:54:14 GSD getOne 第 10 次 等待 3 秒
2023-10-13 02:54:17 查询号码 【1972892】，返回信息 
2023-10-13 02:54:17 查询失败，结束本次操作，期待下次成功~
2023-10-13 02:54:17 随机等待 68 秒，约 1 分钟
2023-10-13 02:54:17 下次操作: 2023-10-13 02:55:25

2023-10-13 02:55:25 开始第 2920 次操作

2023-10-13 02:55:25 开始操作号码 【1972892】
2023-10-13 02:57:35 GSD getOne 第 1 次 等待 3 秒
2023-10-13 02:59:48 GSD getOne 第 2 次 等待 3 秒
2023-10-13 03:02:01 GSD getOne 第 3 次 等待 3 秒
2023-10-13 03:04:14 GSD getOne 第 4 次 等待 3 秒
2023-10-13 03:06:27 GSD getOne 第 5 次 等待 3 秒
2023-10-13 03:08:40 GSD getOne 第 6 次 等待 3 秒
2023-10-13 03:10:53 GSD getOne 第 7 次 等待 3 秒
2023-10-13 03:13:07 GSD getOne 第 8 次 等待 3 秒
2023-10-13 03:15:20 GSD getOne 第 9 次 等待 3 秒
2023-10-13 03:17:33 GSD getOne 第 10 次 等待 3 秒
2023-10-13 03:17:36 查询号码 【1972892】，返回信息 
2023-10-13 03:17:36 查询失败，3 秒后重新查询
2023-10-13 03:19:50 GSD getOne 第 1 次 等待 3 秒
2023-10-13 03:22:03 GSD getOne 第 2 次 等待 3 秒
2023-10-13 03:24:16 GSD getOne 第 3 次 等待 3 秒
2023-10-13 03:26:29 GSD getOne 第 4 次 等待 3 秒
2023-10-13 03:28:43 GSD getOne 第 5 次 等待 3 秒
2023-10-13 03:30:56 GSD getOne 第 6 次 等待 3 秒
2023-10-13 03:33:09 GSD getOne 第 7 次 等待 3 秒
2023-10-13 03:35:22 GSD getOne 第 8 次 等待 3 秒
2023-10-13 03:37:35 GSD getOne 第 9 次 等待 3 秒
2023-10-13 03:39:48 GSD getOne 第 10 次 等待 3 秒
2023-10-13 03:39:51 查询号码 【1972892】，返回信息 
2023-10-13 03:39:51 查询失败，结束本次操作，期待下次成功~

