2024-08-26 00:24:35 开始第 1129 次操作

2024-08-26 00:24:35 开始操作号码 【1431128】
2024-08-26 00:24:43 GSD getOne 第 1 次 等待 3 秒
2024-08-26 00:24:46 查询号码 【1431128】，返回信息 {"status":"ok","msg":"-","gid":"534194","time_insert":"2023-02-16 15:38"}
2024-08-26 00:24:46 查询号码 【1431128】，GSD为【"-"】
2024-08-26 00:24:46 ok && -
2024-08-26 00:24:48 CHB 1431128?1724603086 第 1 次 等待 3 秒
2024-08-26 00:24:51 CHB 1431128?1724603086 第 1 次 获取到号码【1431128】GSD
2024-08-26 00:24:51 未获取到号码【1431128】GSD，可能号码格式错误
2024-08-26 00:24:51 获取到号码【1431128】的GSD为【-】
2024-08-26 00:24:59 GSD insert 第 1 次 等待 3 秒
2024-08-26 00:25:02 {"status":"bad","gid":"534194","msg":"添加失败！号码【1431128(-|-)】已存在！"}
2024-08-26 00:25:02 随机等待 233 秒，约 3 分钟
2024-08-26 00:25:02 下次操作: 2024-08-26 00:28:55

2024-08-26 00:28:55 开始第 1130 次操作

2024-08-26 00:28:55 开始操作号码 【1431129】
2024-08-26 00:29:03 GSD getOne 第 1 次 等待 3 秒
2024-08-26 00:29:06 查询号码 【1431129】，返回信息 {"status":"ok","msg":"-","gid":"534210","time_insert":"2023-02-16 15:54"}
2024-08-26 00:29:06 查询号码 【1431129】，GSD为【"-"】
2024-08-26 00:29:06 ok && -
2024-08-26 00:29:08 CHB 1431129?1724603346 第 1 次 等待 3 秒
2024-08-26 00:29:11 CHB 1431129?1724603346 第 1 次 获取到号码【1431129】GSD
2024-08-26 00:29:11 未获取到号码【1431129】GSD，可能号码格式错误
2024-08-26 00:29:11 获取到号码【1431129】的GSD为【-】
2024-08-26 00:29:19 GSD insert 第 1 次 等待 3 秒
2024-08-26 00:29:22 {"status":"bad","gid":"534210","msg":"添加失败！号码【1431129(-|-)】已存在！"}
2024-08-26 00:29:22 随机等待 167 秒，约 2 分钟
2024-08-26 00:29:22 下次操作: 2024-08-26 00:32:09

2024-08-26 00:32:09 开始第 1131 次操作

2024-08-26 00:32:09 开始操作号码 【1431130】
2024-08-26 00:32:17 GSD getOne 第 1 次 等待 3 秒
2024-08-26 00:32:20 查询号码 【1431130】，返回信息 {"status":"ok","msg":"-","gid":"534229","time_insert":"2023-02-16 16:10"}
2024-08-26 00:32:20 查询号码 【1431130】，GSD为【"-"】
2024-08-26 00:32:20 ok && -
2024-08-26 00:32:22 CHB 1431130?1724603540 第 1 次 等待 3 秒
2024-08-26 00:32:25 CHB 1431130?1724603540 第 1 次 获取到号码【1431130】GSD
2024-08-26 00:32:25 未获取到号码【1431130】GSD，可能号码格式错误
2024-08-26 00:32:25 获取到号码【1431130】的GSD为【-】
2024-08-26 00:32:32 GSD insert 第 1 次 等待 3 秒
2024-08-26 00:32:35 {"status":"bad","gid":"534229","msg":"添加失败！号码【1431130(-|-)】已存在！"}
2024-08-26 00:32:35 随机等待 175 秒，约 2 分钟
2024-08-26 00:32:35 下次操作: 2024-08-26 00:35:30

2024-08-26 00:35:31 开始第 1132 次操作

2024-08-26 00:35:31 开始操作号码 【1431131】
2024-08-26 00:35:40 GSD getOne 第 1 次 等待 3 秒
2024-08-26 00:35:43 查询号码 【1431131】，返回信息 {"status":"ok","msg":"-","gid":"534238","time_insert":"2023-02-16 16:19"}
2024-08-26 00:35:43 查询号码 【1431131】，GSD为【"-"】
2024-08-26 00:35:43 ok && -
2024-08-26 00:35:45 CHB 1431131?1724603743 第 1 次 等待 3 秒
2024-08-26 00:35:48 CHB 1431131?1724603743 第 1 次 获取到号码【1431131】GSD
2024-08-26 00:35:48 未获取到号码【1431131】GSD，可能号码格式错误
2024-08-26 00:35:48 获取到号码【1431131】的GSD为【-】
2024-08-26 00:35:56 GSD insert 第 1 次 等待 3 秒
2024-08-26 00:35:59 {"status":"bad","gid":"534238","msg":"添加失败！号码【1431131(-|-)】已存在！"}

