2021-07-11 00:00:05 开始第 30 次操作

2021-07-11 00:00:05 开始操作号码 【1759410】
2021-07-11 00:00:08 GSD getOne 第 1 次 等待 1 秒
2021-07-11 00:00:09 查询号码 【1759410】，返回信息 {"status":"bad","msg":""}
2021-07-11 00:00:10 查询号码 【1759410】，GSD为【""】
2021-07-11 00:00:10 bad
2021-07-11 00:00:11 CHB 1759410?1625932810 第 1 次 等待 1 秒
2021-07-11 00:00:12 CHB 1759410?1625932810 第 1 次 获取到号码【1759410】GSD
2021-07-11 00:00:12 获取到号码【1759410】的GSD为【河南-洛阳】
2021-07-11 00:00:16 GSD insert 第 1 次 等待 1 秒
2021-07-11 00:00:17 {"status":"ok","msg":"添加成功！243689"}

2021-07-11 01:01:15 开始第 1 次操作

2021-07-11 01:01:15 开始操作号码 【1759411】
2021-07-11 01:01:17 GSD getOne 第 1 次 等待 1 秒
2021-07-11 01:01:18 查询号码 【1759411】，返回信息 {"status":"bad","msg":""}
2021-07-11 01:01:19 查询号码 【1759411】，GSD为【""】
2021-07-11 01:01:19 bad
2021-07-11 01:01:21 CHB 1759411?1625936479 第 1 次 等待 1 秒
2021-07-11 01:01:22 CHB 1759411?1625936479 第 1 次 获取到号码【1759411】GSD
2021-07-11 01:01:22 获取到号码【1759411】的GSD为【河南-洛阳】
2021-07-11 01:01:24 GSD insert 第 1 次 等待 1 秒
2021-07-11 01:01:25 {"status":"ok","msg":"添加成功！243845"}
2021-07-11 01:01:25 下次操作: 2021-07-11 01:01:31

2021-07-11 01:01:31 开始第 2 次操作

2021-07-11 01:01:31 开始操作号码 【1759412】
2021-07-11 01:01:36 GSD getOne 第 1 次 等待 1 秒
2021-07-11 01:01:37 查询号码 【1759412】，返回信息 {"status":"bad","msg":""}
2021-07-11 01:01:37 查询号码 【1759412】，GSD为【""】
2021-07-11 01:01:37 bad
2021-07-11 01:03:02 CHB 1759412?1625936497 第 1 次 等待 1 秒
2021-07-11 01:03:03 CHB 1759412?1625936497 第 1 次 获取到号码【1759412】GSD
2021-07-11 01:03:03 获取到号码【1759412】的GSD为【河南-洛阳】
2021-07-11 01:03:06 GSD insert 第 1 次 等待 1 秒
2021-07-11 01:03:07 {"status":"ok","msg":"添加成功！243862"}
2021-07-11 01:03:07 下次操作: 2021-07-11 01:03:16

2021-07-11 01:03:16 开始第 3 次操作

2021-07-11 01:03:16 开始操作号码 【1759413】
2021-07-11 01:03:22 GSD getOne 第 1 次 等待 1 秒
2021-07-11 01:03:23 查询号码 【1759413】，返回信息 {"status":"bad","msg":""}
2021-07-11 01:03:23 查询号码 【1759413】，GSD为【""】
2021-07-11 01:03:23 bad
2021-07-11 01:03:24 CHB 1759413?1625936603 第 1 次 等待 1 秒
2021-07-11 01:03:25 CHB 1759413?1625936603 第 1 次 获取到号码【1759413】GSD
2021-07-11 01:03:25 获取到号码【1759413】的GSD为【河南-洛阳】
2021-07-11 01:03:29 GSD insert 第 1 次 等待 1 秒
2021-07-11 01:03:30 {"status":"ok","msg":"添加成功！243868"}
2021-07-11 01:03:30 下次操作: 2021-07-11 01:03:39

2021-07-11 01:03:39 开始第 4 次操作

2021-07-11 01:03:39 开始操作号码 【1759414】
2021-07-11 01:03:41 GSD getOne 第 1 次 等待 1 秒
2021-07-11 01:03:42 查询号码 【1759414】，返回信息 {"status":"bad","msg":""}
2021-07-11 01:03:42 查询号码 【1759414】，GSD为【""】
2021-07-11 01:03:42 bad
2021-07-11 01:03:43 CHB 1759414?1625936622 第 1 次 等待 1 秒
2021-07-11 01:03:44 CHB 1759414?1625936622 第 1 次 获取到号码【1759414】GSD
2021-07-11 01:03:44 获取到号码【1759414】的GSD为【河南-商丘】
2021-07-11 01:03:48 GSD insert 第 1 次 等待 1 秒
2021-07-11 01:03:49 {"status":"ok","msg":"添加成功！243874"}
2021-07-11 01:03:49 下次操作: 2021-07-11 01:04:00

2021-07-11 01:04:00 开始第 5 次操作

2021-07-11 01:04:00 开始操作号码 【1759415】
2021-07-11 01:04:02 GSD getOne 第 1 次 等待 1 秒
2021-07-11 01:04:03 查询号码 【1759415】，返回信息 {"status":"bad","msg":""}
2021-07-11 01:04:03 查询号码 【1759415】，GSD为【""】
2021-07-11 01:04:03 bad
2021-07-11 01:04:05 CHB 1759415?1625936643 第 1 次 等待 1 秒
2021-07-11 01:04:06 CHB 1759415?1625936643 第 1 次 获取到号码【1759415】GSD
2021-07-11 01:04:06 获取到号码【1759415】的GSD为【河南-商丘】
2021-07-11 01:05:05 GSD insert 第 1 次 等待 1 秒
2021-07-11 01:05:06 {"status":"ok","msg":"添加成功！243888"}
2021-07-11 01:05:06 下次操作: 2021-07-11 01:05:16

2021-07-11 01:05:16 开始第 6 次操作

2021-07-11 01:05:16 开始操作号码 【1759416】
2021-07-11 01:05:19 GSD getOne 第 1 次 等待 1 秒
2021-07-11 01:05:20 查询号码 【1759416】，返回信息 {"status":"bad","msg":""}
2021-07-11 01:05:20 查询号码 【1759416】，GSD为【""】
2021-07-11 01:05:20 bad
2021-07-11 01:05:23 CHB 1759416?1625936720 第 1 次 等待 1 秒
2021-07-11 01:05:24 CHB 1759416?1625936720 第 1 次 获取到号码【1759416】GSD
2021-07-11 01:05:24 获取到号码【1759416】的GSD为【河南-商丘】
2021-07-11 01:05:26 GSD insert 第 1 次 等待 1 秒
2021-07-11 01:05:27 {"status":"ok","msg":"添加成功！243894"}
2021-07-11 01:05:27 下次操作: 2021-07-11 01:05:38

2021-07-11 01:05:38 开始第 7 次操作

2021-07-11 01:05:38 开始操作号码 【1759417】
2021-07-11 01:05:40 GSD getOne 第 1 次 等待 1 秒
2021-07-11 01:05:41 查询号码 【1759417】，返回信息 {"status":"bad","msg":""}
2021-07-11 01:05:41 查询号码 【1759417】，GSD为【""】
2021-07-11 01:05:41 bad
2021-07-11 01:05:42 CHB 1759417?1625936741 第 1 次 等待 1 秒
2021-07-11 01:05:43 CHB 1759417?1625936741 第 1 次 获取到号码【1759417】GSD
2021-07-11 01:05:43 获取到号码【1759417】的GSD为【河南-郑州】
2021-07-11 01:05:49 GSD insert 第 1 次 等待 1 秒
2021-07-11 01:05:50 {"status":"ok","msg":"添加成功！243903"}
2021-07-11 01:05:50 下次操作: 2021-07-11 01:06:05

2021-07-11 01:06:05 开始第 8 次操作

2021-07-11 01:06:05 开始操作号码 【1759418】
2021-07-11 01:06:07 GSD getOne 第 1 次 等待 1 秒
2021-07-11 01:06:08 查询号码 【1759418】，返回信息 {"status":"bad","msg":""}
2021-07-11 01:06:09 查询号码 【1759418】，GSD为【""】
2021-07-11 01:06:09 bad
2021-07-11 01:06:10 CHB 1759418?1625936769 第 1 次 等待 1 秒
2021-07-11 01:06:11 CHB 1759418?1625936769 第 1 次 获取到号码【1759418】GSD
2021-07-11 01:06:11 获取到号码【1759418】的GSD为【河南-漯河】
2021-07-11 01:06:18 GSD insert 第 1 次 等待 1 秒
2021-07-11 01:06:19 {"status":"ok","msg":"添加成功！243910"}
2021-07-11 01:06:19 下次操作: 2021-07-11 01:06:33

2021-07-11 01:06:33 开始第 9 次操作

2021-07-11 01:06:33 开始操作号码 【1759419】
2021-07-11 01:06:35 GSD getOne 第 1 次 等待 1 秒
2021-07-11 01:06:36 查询号码 【1759419】，返回信息 {"status":"bad","msg":""}
2021-07-11 01:06:36 查询号码 【1759419】，GSD为【""】
2021-07-11 01:06:36 bad
2021-07-11 01:06:37 CHB 1759419?1625936796 第 1 次 等待 1 秒
2021-07-11 01:06:38 CHB 1759419?1625936796 第 1 次 获取到号码【1759419】GSD
2021-07-11 01:06:38 获取到号码【1759419】的GSD为【河南-漯河】
2021-07-11 01:06:42 GSD insert 第 1 次 等待 1 秒
2021-07-11 01:06:43 {"status":"ok","msg":"添加成功！243918"}
2021-07-11 01:06:43 下次操作: 2021-07-11 01:06:53

2021-07-11 01:06:53 开始第 10 次操作

2021-07-11 01:06:53 开始操作号码 【1759420】
2021-07-11 01:07:00 GSD getOne 第 1 次 等待 1 秒
2021-07-11 01:07:01 查询号码 【1759420】，返回信息 {"status":"bad","msg":""}
2021-07-11 01:07:01 查询号码 【1759420】，GSD为【""】
2021-07-11 01:07:01 bad
2021-07-11 01:07:03 CHB 1759420?1625936821 第 1 次 等待 1 秒
2021-07-11 01:07:04 CHB 1759420?1625936821 第 1 次 获取到号码【1759420】GSD
2021-07-11 01:07:04 获取到号码【1759420】的GSD为【河北-石家庄】
2021-07-11 01:07:06 GSD insert 第 1 次 等待 1 秒
2021-07-11 01:07:07 {"status":"ok","msg":"添加成功！243923"}
2021-07-11 01:07:07 下次操作: 2021-07-11 01:07:13

2021-07-11 01:07:13 开始第 11 次操作

2021-07-11 01:07:13 开始操作号码 【1759421】
2021-07-11 01:07:16 GSD getOne 第 1 次 等待 1 秒
2021-07-11 01:07:17 查询号码 【1759421】，返回信息 {"status":"bad","msg":""}
2021-07-11 01:07:17 查询号码 【1759421】，GSD为【""】
2021-07-11 01:07:17 bad
2021-07-11 01:07:19 CHB 1759421?1625936837 第 1 次 等待 1 秒
2021-07-11 01:07:20 CHB 1759421?1625936837 第 1 次 获取到号码【1759421】GSD
2021-07-11 01:07:20 获取到号码【1759421】的GSD为【河北-石家庄】
2021-07-11 01:07:30 GSD insert 第 1 次 等待 1 秒
2021-07-11 01:07:31 {"status":"ok","msg":"添加成功！243930"}
2021-07-11 01:07:31 下次操作: 2021-07-11 01:07:49

2021-07-11 01:07:49 开始第 12 次操作

2021-07-11 01:07:49 开始操作号码 【1759422】
2021-07-11 01:07:52 GSD getOne 第 1 次 等待 1 秒
2021-07-11 01:07:53 查询号码 【1759422】，返回信息 {"status":"bad","msg":""}
2021-07-11 01:07:53 查询号码 【1759422】，GSD为【""】
2021-07-11 01:07:53 bad
2021-07-11 01:07:54 CHB 1759422?1625936873 第 1 次 等待 1 秒
2021-07-11 01:07:55 CHB 1759422?1625936873 第 1 次 获取到号码【1759422】GSD
2021-07-11 01:07:55 获取到号码【1759422】的GSD为【河北-石家庄】
2021-07-11 01:07:57 GSD insert 第 1 次 等待 1 秒
2021-07-11 01:07:58 {"status":"ok","msg":"添加成功！243940"}
2021-07-11 01:07:58 下次操作: 2021-07-11 01:08:07

2021-07-11 01:08:07 开始第 13 次操作

2021-07-11 01:08:07 开始操作号码 【1759423】
2021-07-11 01:08:10 GSD getOne 第 1 次 等待 1 秒
2021-07-11 01:08:11 查询号码 【1759423】，返回信息 {"status":"bad","msg":""}
2021-07-11 01:08:11 查询号码 【1759423】，GSD为【""】
2021-07-11 01:08:11 bad
2021-07-11 01:08:12 CHB 1759423?1625936891 第 1 次 等待 1 秒
2021-07-11 01:08:13 CHB 1759423?1625936891 第 1 次 获取到号码【1759423】GSD
2021-07-11 01:08:13 获取到号码【1759423】的GSD为【河北-石家庄】
2021-07-11 01:08:17 GSD insert 第 1 次 等待 1 秒
2021-07-11 01:08:18 {"status":"ok","msg":"添加成功！243946"}
2021-07-11 01:08:18 下次操作: 2021-07-11 01:08:36

2021-07-11 01:08:36 开始第 14 次操作

2021-07-11 01:08:36 开始操作号码 【1759424】
2021-07-11 01:08:39 GSD getOne 第 1 次 等待 1 秒
2021-07-11 01:08:40 查询号码 【1759424】，返回信息 {"status":"bad","msg":""}
2021-07-11 01:08:40 查询号码 【1759424】，GSD为【""】
2021-07-11 01:08:40 bad
2021-07-11 01:08:41 CHB 1759424?1625936920 第 1 次 等待 1 秒
2021-07-11 01:08:42 CHB 1759424?1625936920 第 1 次 获取到号码【1759424】GSD
2021-07-11 01:08:42 获取到号码【1759424】的GSD为【河北-石家庄】
2021-07-11 01:08:46 GSD insert 第 1 次 等待 1 秒
2021-07-11 01:08:47 {"status":"ok","msg":"添加成功！243956"}
2021-07-11 01:08:47 下次操作: 2021-07-11 01:09:01

2021-07-11 01:09:01 开始第 15 次操作

2021-07-11 01:09:01 开始操作号码 【1759425】
2021-07-11 01:09:04 GSD getOne 第 1 次 等待 1 秒
2021-07-11 01:09:05 查询号码 【1759425】，返回信息 {"status":"bad","msg":""}
2021-07-11 01:09:05 查询号码 【1759425】，GSD为【""】
2021-07-11 01:09:05 bad
2021-07-11 01:09:07 CHB 1759425?1625936945 第 1 次 等待 1 秒
2021-07-11 01:09:08 CHB 1759425?1625936945 第 1 次 获取到号码【1759425】GSD
2021-07-11 01:09:08 获取到号码【1759425】的GSD为【河北-石家庄】
2021-07-11 01:09:11 GSD insert 第 1 次 等待 1 秒
2021-07-11 01:09:12 {"status":"ok","msg":"添加成功！243962"}
2021-07-11 01:09:12 下次操作: 2021-07-11 01:09:30

2021-07-11 01:09:30 开始第 16 次操作

2021-07-11 01:09:30 开始操作号码 【1759426】
2021-07-11 01:09:34 GSD getOne 第 1 次 等待 1 秒
2021-07-11 01:09:35 查询号码 【1759426】，返回信息 {"status":"bad","msg":""}
2021-07-11 01:09:35 查询号码 【1759426】，GSD为【""】
2021-07-11 01:09:35 bad
2021-07-11 01:09:37 CHB 1759426?1625936975 第 1 次 等待 1 秒
2021-07-11 01:09:38 CHB 1759426?1625936975 第 1 次 获取到号码【1759426】GSD
2021-07-11 01:09:38 获取到号码【1759426】的GSD为【河北-石家庄】
2021-07-11 01:09:41 GSD insert 第 1 次 等待 1 秒
2021-07-11 01:09:42 {"status":"ok","msg":"添加成功！243971"}
2021-07-11 01:09:42 下次操作: 2021-07-11 01:09:49

2021-07-11 01:09:49 开始第 17 次操作

2021-07-11 01:09:49 开始操作号码 【1759427】
2021-07-11 01:09:53 GSD getOne 第 1 次 等待 1 秒
2021-07-11 01:09:54 查询号码 【1759427】，返回信息 {"status":"bad","msg":""}
2021-07-11 01:09:54 查询号码 【1759427】，GSD为【""】
2021-07-11 01:09:54 bad
2021-07-11 01:09:57 CHB 1759427?1625936994 第 1 次 等待 1 秒
2021-07-11 01:09:58 CHB 1759427?1625936994 第 1 次 获取到号码【1759427】GSD
2021-07-11 01:09:58 获取到号码【1759427】的GSD为【河北-石家庄】
2021-07-11 01:10:02 GSD insert 第 1 次 等待 1 秒
2021-07-11 01:10:03 {"status":"ok","msg":"添加成功！243977"}
2021-07-11 01:10:03 下次操作: 2021-07-11 01:10:13

2021-07-11 01:10:13 开始第 18 次操作

2021-07-11 01:10:13 开始操作号码 【1759428】
2021-07-11 01:10:18 GSD getOne 第 1 次 等待 1 秒
2021-07-11 01:10:19 查询号码 【1759428】，返回信息 {"status":"bad","msg":""}
2021-07-11 01:10:19 查询号码 【1759428】，GSD为【""】
2021-07-11 01:10:19 bad
2021-07-11 01:10:23 CHB 1759428?1625937019 第 1 次 等待 1 秒
2021-07-11 01:10:24 CHB 1759428?1625937019 第 1 次 获取到号码【1759428】GSD
2021-07-11 01:10:25 获取到号码【1759428】的GSD为【河北-石家庄】
2021-07-11 01:10:27 GSD insert 第 1 次 等待 1 秒
2021-07-11 01:10:28 {"status":"ok","msg":"添加成功！243984"}
2021-07-11 01:10:28 下次操作: 2021-07-11 01:10:45

2021-07-11 01:10:45 开始第 19 次操作

2021-07-11 01:10:45 开始操作号码 【1759429】
2021-07-11 01:10:47 GSD getOne 第 1 次 等待 1 秒
2021-07-11 01:10:48 查询号码 【1759429】，返回信息 {"status":"bad","msg":""}
2021-07-11 01:10:48 查询号码 【1759429】，GSD为【""】
2021-07-11 01:10:48 bad
2021-07-11 01:10:49 CHB 1759429?1625937048 第 1 次 等待 1 秒
2021-07-11 01:10:50 CHB 1759429?1625937048 第 1 次 获取到号码【1759429】GSD
2021-07-11 01:10:51 获取到号码【1759429】的GSD为【河北-石家庄】
2021-07-11 01:10:57 GSD insert 第 1 次 等待 1 秒
2021-07-11 01:10:58 {"status":"ok","msg":"添加成功！243992"}
2021-07-11 01:10:58 下次操作: 2021-07-11 01:11:11

2021-07-11 01:11:11 开始第 20 次操作

2021-07-11 01:11:11 开始操作号码 【1759430】
2021-07-11 01:11:24 GSD getOne 第 1 次 等待 1 秒
2021-07-11 01:11:25 查询号码 【1759430】，返回信息 {"status":"bad","msg":""}
2021-07-11 01:11:25 查询号码 【1759430】，GSD为【""】
2021-07-11 01:11:25 bad
2021-07-11 01:11:27 CHB 1759430?1625937085 第 1 次 等待 1 秒
2021-07-11 01:11:28 CHB 1759430?1625937085 第 1 次 获取到号码【1759430】GSD
2021-07-11 01:11:28 获取到号码【1759430】的GSD为【河北-邯郸】
2021-07-11 01:11:33 GSD insert 第 1 次 等待 1 秒
2021-07-11 01:11:34 {"status":"ok","msg":"添加成功！244000"}
2021-07-11 01:11:34 下次操作: 2021-07-11 01:11:44

2021-07-11 01:11:44 开始第 21 次操作

2021-07-11 01:11:44 开始操作号码 【1759431】
2021-07-11 01:11:49 GSD getOne 第 1 次 等待 1 秒
2021-07-11 01:11:50 查询号码 【1759431】，返回信息 {"status":"bad","msg":""}
2021-07-11 01:11:50 查询号码 【1759431】，GSD为【""】
2021-07-11 01:11:50 bad
2021-07-11 01:11:52 CHB 1759431?1625937110 第 1 次 等待 1 秒
2021-07-11 01:11:53 CHB 1759431?1625937110 第 1 次 获取到号码【1759431】GSD
2021-07-11 01:11:53 获取到号码【1759431】的GSD为【河北-邯郸】
2021-07-11 01:11:56 GSD insert 第 1 次 等待 1 秒
2021-07-11 01:11:57 {"status":"ok","msg":"添加成功！244007"}
2021-07-11 01:11:57 下次操作: 2021-07-11 01:12:10

2021-07-11 01:12:10 开始第 22 次操作

2021-07-11 01:12:10 开始操作号码 【1759432】
2021-07-11 01:12:17 GSD getOne 第 1 次 等待 1 秒
2021-07-11 01:12:18 查询号码 【1759432】，返回信息 {"status":"bad","msg":""}
2021-07-11 01:12:18 查询号码 【1759432】，GSD为【""】
2021-07-11 01:12:18 bad
2021-07-11 01:12:20 CHB 1759432?1625937138 第 1 次 等待 1 秒
2021-07-11 01:12:21 CHB 1759432?1625937138 第 1 次 获取到号码【1759432】GSD
2021-07-11 01:12:21 获取到号码【1759432】的GSD为【河北-邯郸】
2021-07-11 01:12:24 GSD insert 第 1 次 等待 1 秒
2021-07-11 01:12:25 {"status":"ok","msg":"添加成功！244013"}
2021-07-11 01:12:25 下次操作: 2021-07-11 01:12:43

2021-07-11 01:12:43 开始第 23 次操作

2021-07-11 01:12:43 开始操作号码 【1759433】
2021-07-11 01:12:46 GSD getOne 第 1 次 等待 1 秒
2021-07-11 01:12:47 查询号码 【1759433】，返回信息 {"status":"bad","msg":""}
2021-07-11 01:12:47 查询号码 【1759433】，GSD为【""】
2021-07-11 01:12:47 bad
2021-07-11 01:12:50 CHB 1759433?1625937167 第 1 次 等待 1 秒
2021-07-11 01:12:51 CHB 1759433?1625937167 第 1 次 获取到号码【1759433】GSD
2021-07-11 01:12:51 获取到号码【1759433】的GSD为【河北-邯郸】
2021-07-11 01:12:53 GSD insert 第 1 次 等待 1 秒
2021-07-11 01:12:54 {"status":"ok","msg":"添加成功！244022"}
2021-07-11 01:12:54 下次操作: 2021-07-11 01:13:03

2021-07-11 01:13:03 开始第 24 次操作

2021-07-11 01:13:03 开始操作号码 【1759434】
2021-07-11 01:13:09 GSD getOne 第 1 次 等待 1 秒
2021-07-11 01:13:10 查询号码 【1759434】，返回信息 {"status":"bad","msg":""}
2021-07-11 01:13:10 查询号码 【1759434】，GSD为【""】
2021-07-11 01:13:10 bad
2021-07-11 01:13:15 CHB 1759434?1625937190 第 1 次 等待 1 秒
2021-07-11 01:13:16 CHB 1759434?1625937190 第 1 次 获取到号码【1759434】GSD
2021-07-11 01:13:16 获取到号码【1759434】的GSD为【河北-邯郸】
2021-07-11 01:13:19 GSD insert 第 1 次 等待 1 秒
2021-07-11 01:13:20 {"status":"ok","msg":"添加成功！244030"}
2021-07-11 01:13:20 下次操作: 2021-07-11 01:13:32

2021-07-11 01:13:32 开始第 25 次操作

2021-07-11 01:13:32 开始操作号码 【1759435】
2021-07-11 01:13:42 GSD getOne 第 1 次 等待 1 秒
2021-07-11 01:13:43 查询号码 【1759435】，返回信息 {"status":"bad","msg":""}
2021-07-11 01:13:43 查询号码 【1759435】，GSD为【""】
2021-07-11 01:13:43 bad
2021-07-11 01:13:44 CHB 1759435?1625937223 第 1 次 等待 1 秒
2021-07-11 01:13:45 CHB 1759435?1625937223 第 1 次 获取到号码【1759435】GSD
2021-07-11 01:13:45 获取到号码【1759435】的GSD为【河北-廊坊】
2021-07-11 01:13:48 GSD insert 第 1 次 等待 1 秒
2021-07-11 01:13:49 {"status":"ok","msg":"添加成功！244037"}
2021-07-11 01:13:49 下次操作: 2021-07-11 01:14:06

2021-07-11 01:14:06 开始第 26 次操作

2021-07-11 01:14:06 开始操作号码 【1759436】
2021-07-11 01:14:08 GSD getOne 第 1 次 等待 1 秒
2021-07-11 01:14:09 查询号码 【1759436】，返回信息 {"status":"bad","msg":""}
2021-07-11 01:14:09 查询号码 【1759436】，GSD为【""】
2021-07-11 01:14:09 bad
2021-07-11 01:14:11 CHB 1759436?1625937249 第 1 次 等待 1 秒
2021-07-11 01:14:12 CHB 1759436?1625937249 第 1 次 获取到号码【1759436】GSD
2021-07-11 01:14:12 获取到号码【1759436】的GSD为【河北-廊坊】
2021-07-11 01:14:14 GSD insert 第 1 次 等待 1 秒
2021-07-11 01:14:15 {"status":"ok","msg":"添加成功！244046"}
2021-07-11 01:14:15 下次操作: 2021-07-11 01:14:23

2021-07-11 01:14:23 开始第 27 次操作

2021-07-11 01:14:23 开始操作号码 【1759437】
2021-07-11 01:14:26 GSD getOne 第 1 次 等待 1 秒
2021-07-11 01:14:27 查询号码 【1759437】，返回信息 {"status":"bad","msg":""}
2021-07-11 01:14:28 查询号码 【1759437】，GSD为【""】
2021-07-11 01:14:28 bad
2021-07-11 01:14:29 CHB 1759437?1625937268 第 1 次 等待 1 秒
2021-07-11 01:14:30 CHB 1759437?1625937268 第 1 次 获取到号码【1759437】GSD
2021-07-11 01:14:30 获取到号码【1759437】的GSD为【河北-廊坊】
2021-07-11 01:14:34 GSD insert 第 1 次 等待 1 秒
2021-07-11 01:14:35 {"status":"ok","msg":"添加成功！244049"}
2021-07-11 01:14:35 下次操作: 2021-07-11 01:14:48

2021-07-11 01:14:48 开始第 28 次操作

2021-07-11 01:14:48 开始操作号码 【1759438】
2021-07-11 01:14:50 GSD getOne 第 1 次 等待 1 秒
2021-07-11 01:14:51 查询号码 【1759438】，返回信息 {"status":"bad","msg":""}
2021-07-11 01:14:51 查询号码 【1759438】，GSD为【""】
2021-07-11 01:14:51 bad
2021-07-11 01:14:54 CHB 1759438?1625937291 第 1 次 等待 1 秒
2021-07-11 01:14:55 CHB 1759438?1625937291 第 1 次 获取到号码【1759438】GSD
2021-07-11 01:14:55 获取到号码【1759438】的GSD为【河北-秦皇岛】
2021-07-11 01:15:03 GSD insert 第 1 次 等待 1 秒
2021-07-11 01:15:04 {"status":"ok","msg":"添加成功！244054"}
2021-07-11 01:15:04 下次操作: 2021-07-11 01:15:11

2021-07-11 01:15:11 开始第 29 次操作

2021-07-11 01:15:11 开始操作号码 【1759439】
2021-07-11 01:15:14 GSD getOne 第 1 次 等待 1 秒
2021-07-11 01:15:15 查询号码 【1759439】，返回信息 {"status":"bad","msg":""}
2021-07-11 01:15:15 查询号码 【1759439】，GSD为【""】
2021-07-11 01:15:15 bad
2021-07-11 01:15:17 CHB 1759439?1625937315 第 1 次 等待 1 秒
2021-07-11 01:15:18 CHB 1759439?1625937315 第 1 次 获取到号码【1759439】GSD
2021-07-11 01:15:18 获取到号码【1759439】的GSD为【河北-秦皇岛】
2021-07-11 01:15:20 GSD insert 第 1 次 等待 1 秒
2021-07-11 01:15:21 {"status":"ok","msg":"添加成功！244055"}
2021-07-11 01:15:21 下次操作: 2021-07-11 01:15:30

2021-07-11 01:15:30 开始第 30 次操作

2021-07-11 01:15:30 开始操作号码 【1759440】
2021-07-11 01:15:33 GSD getOne 第 1 次 等待 1 秒
2021-07-11 01:15:34 查询号码 【1759440】，返回信息 {"status":"bad","msg":""}
2021-07-11 01:15:34 查询号码 【1759440】，GSD为【""】
2021-07-11 01:15:34 bad
2021-07-11 01:15:36 CHB 1759440?1625937334 第 1 次 等待 1 秒
2021-07-11 01:15:37 CHB 1759440?1625937334 第 1 次 获取到号码【1759440】GSD
2021-07-11 01:15:38 获取到号码【1759440】的GSD为【山东-济宁】
2021-07-11 01:15:40 GSD insert 第 1 次 等待 1 秒
2021-07-11 01:15:41 {"status":"ok","msg":"添加成功！244059"}

