2023-11-28 00:10:04 开始第 217 次操作

2023-11-28 00:10:04 开始操作号码 【1870117】
2023-11-28 00:10:08 GSD getOne 第 1 次 等待 3 秒
2023-11-28 00:10:11 查询号码 【1870117】，返回信息 {"status":"ok","msg":"北京-北京","gid":"41597","time_insert":"2018-06-27 10:02","time_update":"2020-12-26 05:12"}
2023-11-28 00:10:12 查询号码 【1870117】，GSD为【"北京-北京"】

2023-11-28 00:10:13 开始第 218 次操作

2023-11-28 00:10:13 开始操作号码 【1870118】
2023-11-28 00:10:16 GSD getOne 第 1 次 等待 3 秒
2023-11-28 00:10:19 查询号码 【1870118】，返回信息 {"status":"ok","msg":"北京-北京","gid":"345009","time_insert":"2021-07-21 09:59"}
2023-11-28 00:10:19 查询号码 【1870118】，GSD为【"北京-北京"】

2023-11-28 00:10:20 开始第 219 次操作

2023-11-28 00:10:20 开始操作号码 【1870119】
2023-11-28 00:10:25 GSD getOne 第 1 次 等待 3 秒
2023-11-28 00:10:28 查询号码 【1870119】，返回信息 {"status":"ok","msg":"北京-北京","gid":"345095","time_insert":"2021-07-21 10:13"}
2023-11-28 00:10:28 查询号码 【1870119】，GSD为【"北京-北京"】

2023-11-28 00:10:29 开始第 220 次操作

2023-11-28 00:10:29 开始操作号码 【1870120】
2023-11-28 00:10:33 GSD getOne 第 1 次 等待 3 秒
2023-11-28 00:10:36 查询号码 【1870120】，返回信息 {"status":"ok","msg":"北京-北京","gid":"345140","time_insert":"2021-07-21 10:24"}
2023-11-28 00:10:37 查询号码 【1870120】，GSD为【"北京-北京"】

