2024-08-25 00:23:48 开始第 961 次操作

2024-08-25 00:23:48 开始操作号码 【1430960】
2024-08-25 00:23:57 GSD getOne 第 1 次 等待 3 秒
2024-08-25 00:24:00 查询号码 【1430960】，返回信息 {"status":"ok","msg":"-","gid":"531740","time_insert":"2023-02-15 04:17"}
2024-08-25 00:24:00 查询号码 【1430960】，GSD为【"-"】
2024-08-25 00:24:00 ok && -
2024-08-25 00:24:02 CHB 1430960?1724516640 第 1 次 等待 3 秒
2024-08-25 00:24:05 CHB 1430960?1724516640 第 1 次 获取到号码【1430960】GSD
2024-08-25 00:24:05 未获取到号码【1430960】GSD，可能号码格式错误
2024-08-25 00:24:05 获取到号码【1430960】的GSD为【-】
2024-08-25 00:24:15 GSD insert 第 1 次 等待 3 秒
2024-08-25 00:24:18 {"status":"bad","gid":"531740","msg":"添加失败！号码【1430960(-|-)】已存在！"}
2024-08-25 00:24:18 随机等待 234 秒，约 3 分钟
2024-08-25 00:24:18 下次操作: 2024-08-25 00:28:12

2024-08-25 00:28:12 开始第 962 次操作

2024-08-25 00:28:12 开始操作号码 【1430961】
2024-08-25 00:28:20 GSD getOne 第 1 次 等待 3 秒
2024-08-25 00:28:23 查询号码 【1430961】，返回信息 {"status":"ok","msg":"-","gid":"531759","time_insert":"2023-02-15 04:32"}
2024-08-25 00:28:23 查询号码 【1430961】，GSD为【"-"】
2024-08-25 00:28:23 ok && -
2024-08-25 00:28:26 CHB 1430961?1724516903 第 1 次 等待 3 秒
2024-08-25 00:28:29 CHB 1430961?1724516903 第 1 次 获取到号码【1430961】GSD
2024-08-25 00:28:29 未获取到号码【1430961】GSD，可能号码格式错误
2024-08-25 00:28:29 获取到号码【1430961】的GSD为【-】
2024-08-25 00:28:38 GSD insert 第 1 次 等待 3 秒
2024-08-25 00:28:41 {"status":"bad","gid":"531759","msg":"添加失败！号码【1430961(-|-)】已存在！"}
2024-08-25 00:28:41 随机等待 70 秒，约 1 分钟
2024-08-25 00:28:41 下次操作: 2024-08-25 00:29:51

2024-08-25 00:29:51 开始第 963 次操作

2024-08-25 00:29:51 开始操作号码 【1430962】
2024-08-25 00:29:59 GSD getOne 第 1 次 等待 3 秒
2024-08-25 00:30:02 查询号码 【1430962】，返回信息 {"status":"ok","msg":"-","gid":"531777","time_insert":"2023-02-15 04:45"}
2024-08-25 00:30:02 查询号码 【1430962】，GSD为【"-"】
2024-08-25 00:30:02 ok && -
2024-08-25 00:30:04 CHB 1430962?1724517002 第 1 次 等待 3 秒
2024-08-25 00:30:07 CHB 1430962?1724517002 第 1 次 获取到号码【1430962】GSD
2024-08-25 00:30:07 未获取到号码【1430962】GSD，可能号码格式错误
2024-08-25 00:30:07 获取到号码【1430962】的GSD为【-】
2024-08-25 00:30:15 GSD insert 第 1 次 等待 3 秒
2024-08-25 00:30:18 {"status":"bad","gid":"531777","msg":"添加失败！号码【1430962(-|-)】已存在！"}
2024-08-25 00:30:18 随机等待 176 秒，约 2 分钟
2024-08-25 00:30:18 下次操作: 2024-08-25 00:33:14

2024-08-25 00:33:14 开始第 964 次操作

2024-08-25 00:33:14 开始操作号码 【1430963】
2024-08-25 00:33:24 GSD getOne 第 1 次 等待 3 秒
2024-08-25 00:33:27 查询号码 【1430963】，返回信息 {"status":"ok","msg":"-","gid":"531787","time_insert":"2023-02-15 04:56"}
2024-08-25 00:33:27 查询号码 【1430963】，GSD为【"-"】
2024-08-25 00:33:27 ok && -
2024-08-25 00:33:29 CHB 1430963?1724517207 第 1 次 等待 3 秒
2024-08-25 00:33:32 CHB 1430963?1724517207 第 1 次 获取到号码【1430963】GSD
2024-08-25 00:33:32 未获取到号码【1430963】GSD，可能号码格式错误
2024-08-25 00:33:32 获取到号码【1430963】的GSD为【-】
2024-08-25 00:33:41 GSD insert 第 1 次 等待 3 秒
2024-08-25 00:33:44 {"status":"bad","gid":"531787","msg":"添加失败！号码【1430963(-|-)】已存在！"}

2024-08-25 00:41:52 开始第 965 次操作

2024-08-25 00:41:52 开始操作号码 【1430964】
2024-08-25 00:42:08 GSD getOne 第 1 次 等待 3 秒
2024-08-25 00:42:11 查询号码 【1430964】，返回信息 {"status":"ok","msg":"-","gid":"531807","time_insert":"2023-02-15 05:10"}
2024-08-25 00:42:11 查询号码 【1430964】，GSD为【"-"】
2024-08-25 00:42:11 ok && -
2024-08-25 00:42:13 CHB 1430964?1724517731 第 1 次 等待 3 秒
2024-08-25 00:42:16 CHB 1430964?1724517731 第 1 次 获取到号码【1430964】GSD
2024-08-25 00:42:16 未获取到号码【1430964】GSD，可能号码格式错误
2024-08-25 00:42:16 获取到号码【1430964】的GSD为【-】
2024-08-25 00:42:24 GSD insert 第 1 次 等待 3 秒
2024-08-25 00:42:27 {"status":"bad","gid":"531807","msg":"添加失败！号码【1430964(-|-)】已存在！"}
2024-08-25 00:42:27 随机等待 68 秒，约 1 分钟
2024-08-25 00:42:27 下次操作: 2024-08-25 00:43:35

2024-08-25 00:43:35 开始第 966 次操作

2024-08-25 00:43:35 开始操作号码 【1430965】
2024-08-25 00:43:43 GSD getOne 第 1 次 等待 3 秒
2024-08-25 00:43:46 查询号码 【1430965】，返回信息 {"status":"ok","msg":"-","gid":"531821","time_insert":"2023-02-15 05:23"}
2024-08-25 00:43:46 查询号码 【1430965】，GSD为【"-"】
2024-08-25 00:43:46 ok && -
2024-08-25 00:43:48 CHB 1430965?1724517826 第 1 次 等待 3 秒
2024-08-25 00:43:51 CHB 1430965?1724517826 第 1 次 获取到号码【1430965】GSD
2024-08-25 00:43:51 未获取到号码【1430965】GSD，可能号码格式错误
2024-08-25 00:43:51 获取到号码【1430965】的GSD为【-】
2024-08-25 00:43:58 GSD insert 第 1 次 等待 3 秒
2024-08-25 00:44:01 {"status":"bad","gid":"531821","msg":"添加失败！号码【1430965(-|-)】已存在！"}
2024-08-25 00:44:01 随机等待 230 秒，约 3 分钟
2024-08-25 00:44:01 下次操作: 2024-08-25 00:47:51

2024-08-25 00:47:51 开始第 967 次操作

2024-08-25 00:47:51 开始操作号码 【1430966】
2024-08-25 00:48:00 GSD getOne 第 1 次 等待 3 秒
2024-08-25 00:48:03 查询号码 【1430966】，返回信息 {"status":"ok","msg":"-","gid":"531835","time_insert":"2023-02-15 05:35"}
2024-08-25 00:48:03 查询号码 【1430966】，GSD为【"-"】
2024-08-25 00:48:03 ok && -
2024-08-25 00:48:04 CHB 1430966?1724518083 第 1 次 等待 3 秒
2024-08-25 00:48:07 CHB 1430966?1724518083 第 1 次 获取到号码【1430966】GSD
2024-08-25 00:48:07 未获取到号码【1430966】GSD，可能号码格式错误
2024-08-25 00:48:07 获取到号码【1430966】的GSD为【-】
2024-08-25 00:48:16 GSD insert 第 1 次 等待 3 秒
2024-08-25 00:48:19 {"status":"bad","gid":"531835","msg":"添加失败！号码【1430966(-|-)】已存在！"}
2024-08-25 00:48:19 随机等待 177 秒，约 2 分钟
2024-08-25 00:48:19 下次操作: 2024-08-25 00:51:16

2024-08-25 00:51:16 开始第 968 次操作

2024-08-25 00:51:16 开始操作号码 【1430967】
2024-08-25 00:51:24 GSD getOne 第 1 次 等待 3 秒
2024-08-25 00:51:27 查询号码 【1430967】，返回信息 {"status":"ok","msg":"-","gid":"531852","time_insert":"2023-02-15 05:49"}
2024-08-25 00:51:27 查询号码 【1430967】，GSD为【"-"】
2024-08-25 00:51:27 ok && -
2024-08-25 00:51:29 CHB 1430967?1724518287 第 1 次 等待 3 秒
2024-08-25 00:51:32 CHB 1430967?1724518287 第 1 次 获取到号码【1430967】GSD
2024-08-25 00:51:32 未获取到号码【1430967】GSD，可能号码格式错误
2024-08-25 00:51:32 获取到号码【1430967】的GSD为【-】
2024-08-25 00:51:41 GSD insert 第 1 次 等待 3 秒
2024-08-25 00:51:44 {"status":"bad","gid":"531852","msg":"添加失败！号码【1430967(-|-)】已存在！"}

