2024-04-23 00:09:56 开始第 5177 次操作

2024-04-23 00:09:56 开始操作号码 【1655078】
2024-04-23 00:10:04 GSD getOne 第 1 次 等待 3 秒
2024-04-23 00:10:07 查询号码 【1655078】，返回信息 {"status":"ok","msg":"河南-周口","gid":"278798","time_insert":"2021-07-15 01:09"}
2024-04-23 00:10:07 查询号码 【1655078】，GSD为【"河南-周口"】

2024-04-23 00:10:08 开始第 5178 次操作

2024-04-23 00:10:08 开始操作号码 【1655079】
2024-04-23 00:10:15 GSD getOne 第 1 次 等待 3 秒
2024-04-23 00:10:18 查询号码 【1655079】，返回信息 {"status":"ok","msg":"河南-平顶山","gid":"278803","time_insert":"2021-07-15 01:09"}
2024-04-23 00:10:18 查询号码 【1655079】，GSD为【"河南-平顶山"】

2024-04-23 00:10:19 开始第 5179 次操作

2024-04-23 00:10:19 开始操作号码 【1655080】
2024-04-23 00:10:25 GSD getOne 第 1 次 等待 3 秒
2024-04-23 00:10:28 查询号码 【1655080】，返回信息 {"status":"ok","msg":"河南-安阳","gid":"278810","time_insert":"2021-07-15 01:10"}
2024-04-23 00:10:28 查询号码 【1655080】，GSD为【"河南-安阳"】

2024-04-23 00:10:29 开始第 5180 次操作

2024-04-23 00:10:29 开始操作号码 【1655081】
2024-04-23 00:10:35 GSD getOne 第 1 次 等待 3 秒
2024-04-23 00:10:38 查询号码 【1655081】，返回信息 {"status":"ok","msg":"河南-安阳","gid":"278813","time_insert":"2021-07-15 01:10"}
2024-04-23 00:10:38 查询号码 【1655081】，GSD为【"河南-安阳"】

