2023-12-21 00:07:53 开始第 4441 次操作

2023-12-21 00:07:53 开始操作号码 【1874341】
2023-12-21 00:07:59 GSD getOne 第 1 次 等待 3 秒
2023-12-21 00:08:02 查询号码 【1874341】，返回信息 {"status":"ok","msg":"吉林-四平","gid":"459997","time_insert":"2021-07-31 21:03"}
2023-12-21 00:08:02 查询号码 【1874341】，GSD为【"吉林-四平"】

2023-12-21 00:08:03 开始第 4442 次操作

2023-12-21 00:08:03 开始操作号码 【1874342】
2023-12-21 00:08:11 GSD getOne 第 1 次 等待 3 秒
2023-12-21 00:08:14 查询号码 【1874342】，返回信息 {"status":"ok","msg":"吉林-四平","gid":"459989","time_insert":"2021-07-31 21:03"}
2023-12-21 00:08:14 查询号码 【1874342】，GSD为【"吉林-四平"】

2023-12-21 00:08:15 开始第 4443 次操作

2023-12-21 00:08:15 开始操作号码 【1874343】
2023-12-21 00:08:19 GSD getOne 第 1 次 等待 3 秒
2023-12-21 00:08:22 查询号码 【1874343】，返回信息 {"status":"ok","msg":"吉林-四平","gid":"52916","time_insert":"2021-04-29 11:30","time_update":"2021-04-29 13:25"}
2023-12-21 00:08:22 查询号码 【1874343】，GSD为【"吉林-四平"】

2023-12-21 00:08:23 开始第 4444 次操作

2023-12-21 00:08:23 开始操作号码 【1874344】
2023-12-21 00:08:28 GSD getOne 第 1 次 等待 3 秒
2023-12-21 00:08:31 查询号码 【1874344】，返回信息 {"status":"ok","msg":"吉林-四平","gid":"459980","time_insert":"2021-07-31 21:02"}
2023-12-21 00:08:31 查询号码 【1874344】，GSD为【"吉林-四平"】

