2024-09-02 00:25:52 开始第 2265 次操作

2024-09-02 00:25:52 开始操作号码 【1432264】
2024-09-02 00:26:02 GSD getOne 第 1 次 等待 3 秒
2024-09-02 00:26:05 查询号码 【1432264】，返回信息 {"status":"ok","msg":"-","gid":"557395","time_insert":"2023-02-26 23:45"}
2024-09-02 00:26:05 查询号码 【1432264】，GSD为【"-"】
2024-09-02 00:26:05 ok && -
2024-09-02 00:26:07 CHB 1432264?1725207965 第 1 次 等待 3 秒
2024-09-02 00:26:10 CHB 1432264?1725207965 第 1 次 获取到号码【1432264】GSD
2024-09-02 00:26:10 未获取到号码【1432264】GSD，可能号码格式错误
2024-09-02 00:26:10 获取到号码【1432264】的GSD为【-】
2024-09-02 00:26:18 GSD insert 第 1 次 等待 3 秒
2024-09-02 00:26:21 {"status":"bad","gid":"557395","msg":"添加失败！号码【1432264(-|-)】已存在！"}
2024-09-02 00:26:21 随机等待 195 秒，约 3 分钟
2024-09-02 00:26:21 下次操作: 2024-09-02 00:29:36

2024-09-02 00:29:36 开始第 2266 次操作

2024-09-02 00:29:36 开始操作号码 【1432265】
2024-09-02 00:29:44 GSD getOne 第 1 次 等待 3 秒
2024-09-02 00:29:47 查询号码 【1432265】，返回信息 {"status":"ok","msg":"-","gid":"557426","time_insert":"2023-02-27 00:01"}
2024-09-02 00:29:47 查询号码 【1432265】，GSD为【"-"】
2024-09-02 00:29:47 ok && -
2024-09-02 00:29:49 CHB 1432265?1725208187 第 1 次 等待 3 秒
2024-09-02 00:29:52 CHB 1432265?1725208187 第 1 次 获取到号码【1432265】GSD
2024-09-02 00:29:52 未获取到号码【1432265】GSD，可能号码格式错误
2024-09-02 00:29:52 获取到号码【1432265】的GSD为【-】
2024-09-02 00:30:00 GSD insert 第 1 次 等待 3 秒
2024-09-02 00:30:03 {"status":"bad","gid":"557426","msg":"添加失败！号码【1432265(-|-)】已存在！"}
2024-09-02 00:30:03 随机等待 223 秒，约 3 分钟
2024-09-02 00:30:03 下次操作: 2024-09-02 00:33:46

2024-09-02 00:33:46 开始第 2267 次操作

2024-09-02 00:33:46 开始操作号码 【1432266】
2024-09-02 00:33:55 GSD getOne 第 1 次 等待 3 秒
2024-09-02 00:33:58 查询号码 【1432266】，返回信息 {"status":"ok","msg":"-","gid":"557447","time_insert":"2023-02-27 00:14"}
2024-09-02 00:33:58 查询号码 【1432266】，GSD为【"-"】
2024-09-02 00:33:58 ok && -
2024-09-02 00:34:01 CHB 1432266?1725208438 第 1 次 等待 3 秒
2024-09-02 00:34:05 CHB 1432266?1725208438 第 1 次 获取到号码【1432266】GSD
2024-09-02 00:34:05 未获取到号码【1432266】GSD，可能号码格式错误
2024-09-02 00:34:05 获取到号码【1432266】的GSD为【-】
2024-09-02 00:34:12 GSD insert 第 1 次 等待 3 秒
2024-09-02 00:34:15 {"status":"bad","gid":"557447","msg":"添加失败！号码【1432266(-|-)】已存在！"}
2024-09-02 00:34:15 随机等待 135 秒，约 2 分钟
2024-09-02 00:34:15 下次操作: 2024-09-02 00:36:30

2024-09-02 00:36:30 开始第 2268 次操作

2024-09-02 00:36:30 开始操作号码 【1432267】
2024-09-02 00:36:39 GSD getOne 第 1 次 等待 3 秒
2024-09-02 00:36:42 查询号码 【1432267】，返回信息 {"status":"ok","msg":"-","gid":"557469","time_insert":"2023-02-27 00:32"}
2024-09-02 00:36:42 查询号码 【1432267】，GSD为【"-"】
2024-09-02 00:36:42 ok && -
2024-09-02 00:36:44 CHB 1432267?1725208602 第 1 次 等待 3 秒
2024-09-02 00:36:47 CHB 1432267?1725208602 第 1 次 获取到号码【1432267】GSD
2024-09-02 00:36:47 未获取到号码【1432267】GSD，可能号码格式错误
2024-09-02 00:36:47 获取到号码【1432267】的GSD为【-】
2024-09-02 00:36:54 GSD insert 第 1 次 等待 3 秒
2024-09-02 00:36:57 {"status":"bad","gid":"557469","msg":"添加失败！号码【1432267(-|-)】已存在！"}

