2024-04-14 00:09:56 开始第 3681 次操作

2024-04-14 00:09:56 开始操作号码 【1653582】
2024-04-14 00:10:06 GSD getOne 第 1 次 等待 3 秒
2024-04-14 00:10:09 查询号码 【1653582】，返回信息 {"status":"ok","msg":"山东-枣庄","gid":"259167","time_insert":"2021-07-12 19:54"}
2024-04-14 00:10:10 查询号码 【1653582】，GSD为【"山东-枣庄"】

2024-04-14 00:10:11 开始第 3682 次操作

2024-04-14 00:10:11 开始操作号码 【1653583】
2024-04-14 00:10:17 GSD getOne 第 1 次 等待 3 秒
2024-04-14 00:10:20 查询号码 【1653583】，返回信息 {"status":"ok","msg":"山东-济南","gid":"259171","time_insert":"2021-07-12 19:55"}
2024-04-14 00:10:20 查询号码 【1653583】，GSD为【"山东-济南"】

2024-04-14 00:10:21 开始第 3683 次操作

2024-04-14 00:10:21 开始操作号码 【1653584】
2024-04-14 00:10:31 GSD getOne 第 1 次 等待 3 秒
2024-04-14 00:10:34 查询号码 【1653584】，返回信息 {"status":"ok","msg":"山西-吕梁","gid":"259177","time_insert":"2021-07-12 19:55"}
2024-04-14 00:10:34 查询号码 【1653584】，GSD为【"山西-吕梁"】

2024-04-14 00:10:35 开始第 3684 次操作

2024-04-14 00:10:35 开始操作号码 【1653585】
2024-04-14 00:10:39 GSD getOne 第 1 次 等待 3 秒
2024-04-14 00:10:42 查询号码 【1653585】，返回信息 {"status":"ok","msg":"黑龙江-哈尔滨","gid":"259181","time_insert":"2021-07-12 19:56"}
2024-04-14 00:10:42 查询号码 【1653585】，GSD为【"黑龙江-哈尔滨"】

