2024-08-19 10:38:04 开始第 1 次操作

2024-08-19 10:38:04 开始操作号码 【1430000】
2024-08-19 10:38:12 GSD getOne 第 1 次 等待 3 秒
2024-08-19 10:38:15 查询号码 【1430000】，返回信息 {"status":"ok","msg":"-","gid":"520030","time_insert":"2023-02-06 17:17"}
2024-08-19 10:38:15 查询号码 【1430000】，GSD为【"-"】
2024-08-19 10:38:15 ok && -
2024-08-19 10:38:18 CHB 1430000?1724035095 第 1 次 等待 3 秒
2024-08-19 10:38:21 CHB 1430000?1724035095 第 1 次 获取到号码【1430000】GSD
2024-08-19 10:38:21 未获取到号码【1430000】GSD，可能号码格式错误
2024-08-19 10:38:21 获取到号码【1430000】的GSD为【-】
2024-08-19 10:38:28 GSD insert 第 1 次 等待 3 秒
2024-08-19 10:38:31 {"status":"bad","gid":"520030","msg":"添加失败！号码【1430000(-|-)】已存在！"}
2024-08-19 10:38:31 随机等待 224 秒，约 3 分钟
2024-08-19 10:38:31 下次操作: 2024-08-19 10:42:15

2024-08-19 10:42:15 开始第 2 次操作

2024-08-19 10:42:15 开始操作号码 【1430001】
2024-08-19 10:43:06 GSD getOne 第 1 次 等待 3 秒
2024-08-19 10:43:09 查询号码 【1430001】，返回信息 {"status":"ok","msg":"-","gid":"520038","time_insert":"2023-02-06 17:32"}
2024-08-19 10:43:09 查询号码 【1430001】，GSD为【"-"】
2024-08-19 10:43:09 ok && -
2024-08-19 10:43:11 CHB 1430001?1724035389 第 1 次 等待 3 秒
2024-08-19 10:43:14 CHB 1430001?1724035389 第 1 次 获取到号码【1430001】GSD
2024-08-19 10:43:14 未获取到号码【1430001】GSD，可能号码格式错误
2024-08-19 10:43:14 获取到号码【1430001】的GSD为【-】
2024-08-19 10:43:25 GSD insert 第 1 次 等待 3 秒
2024-08-19 10:43:28 {"status":"bad","gid":"520038","msg":"添加失败！号码【1430001(-|-)】已存在！"}
2024-08-19 10:43:28 随机等待 70 秒，约 1 分钟
2024-08-19 10:43:28 下次操作: 2024-08-19 10:44:38

2024-08-19 10:44:38 开始第 3 次操作

2024-08-19 10:44:38 开始操作号码 【1430002】
2024-08-19 10:44:46 GSD getOne 第 1 次 等待 3 秒
2024-08-19 10:44:49 查询号码 【1430002】，返回信息 {"status":"ok","msg":"-","gid":"520043","time_insert":"2023-02-06 17:44"}
2024-08-19 10:44:49 查询号码 【1430002】，GSD为【"-"】
2024-08-19 10:44:49 ok && -
2024-08-19 10:44:50 CHB 1430002?1724035489 第 1 次 等待 3 秒
2024-08-19 10:44:53 CHB 1430002?1724035489 第 1 次 获取到号码【1430002】GSD
2024-08-19 10:44:53 未获取到号码【1430002】GSD，可能号码格式错误
2024-08-19 10:44:53 获取到号码【1430002】的GSD为【-】
2024-08-19 10:45:01 GSD insert 第 1 次 等待 3 秒
2024-08-19 10:45:04 {"status":"bad","gid":"520043","msg":"添加失败！号码【1430002(-|-)】已存在！"}
2024-08-19 10:45:04 随机等待 216 秒，约 3 分钟
2024-08-19 10:45:04 下次操作: 2024-08-19 10:48:40

2024-08-19 10:48:40 开始第 4 次操作

2024-08-19 10:48:40 开始操作号码 【1430003】
2024-08-19 10:48:48 GSD getOne 第 1 次 等待 3 秒
2024-08-19 10:48:51 查询号码 【1430003】，返回信息 {"status":"ok","msg":"-","gid":"520049","time_insert":"2023-02-06 17:58"}
2024-08-19 10:48:51 查询号码 【1430003】，GSD为【"-"】
2024-08-19 10:48:51 ok && -
2024-08-19 10:48:53 CHB 1430003?1724035731 第 1 次 等待 3 秒
2024-08-19 10:48:56 CHB 1430003?1724035731 第 1 次 获取到号码【1430003】GSD
2024-08-19 10:48:56 未获取到号码【1430003】GSD，可能号码格式错误
2024-08-19 10:48:56 获取到号码【1430003】的GSD为【-】
2024-08-19 10:49:03 GSD insert 第 1 次 等待 3 秒
2024-08-19 10:49:06 {"status":"bad","gid":"520049","msg":"添加失败！号码【1430003(-|-)】已存在！"}

2024-08-19 11:23:06 开始第 5 次操作

2024-08-19 11:23:06 开始操作号码 【1430004】
2024-08-19 11:23:14 GSD getOne 第 1 次 等待 3 秒
2024-08-19 11:23:17 查询号码 【1430004】，返回信息 {"status":"ok","msg":"-","gid":"520055","time_insert":"2023-02-06 18:12"}
2024-08-19 11:23:17 查询号码 【1430004】，GSD为【"-"】
2024-08-19 11:23:17 ok && -
2024-08-19 11:23:19 CHB 1430004?1724037797 第 1 次 等待 3 秒
2024-08-19 11:23:22 CHB 1430004?1724037797 第 1 次 获取到号码【1430004】GSD
2024-08-19 11:23:22 未获取到号码【1430004】GSD，可能号码格式错误
2024-08-19 11:23:22 获取到号码【1430004】的GSD为【-】
2024-08-19 11:23:30 GSD insert 第 1 次 等待 3 秒
2024-08-19 11:23:33 {"status":"bad","gid":"520055","msg":"添加失败！号码【1430004(-|-)】已存在！"}
2024-08-19 11:23:33 随机等待 100 秒，约 1 分钟
2024-08-19 11:23:33 下次操作: 2024-08-19 11:25:13

2024-08-19 11:25:13 开始第 6 次操作

2024-08-19 11:25:13 开始操作号码 【1430005】
2024-08-19 11:25:21 GSD getOne 第 1 次 等待 3 秒
2024-08-19 11:25:24 查询号码 【1430005】，返回信息 {"status":"ok","msg":"-","gid":"520060","time_insert":"2023-02-06 18:22"}
2024-08-19 11:25:24 查询号码 【1430005】，GSD为【"-"】
2024-08-19 11:25:24 ok && -
2024-08-19 11:25:25 CHB 1430005?1724037924 第 1 次 等待 3 秒
2024-08-19 11:25:28 CHB 1430005?1724037924 第 1 次 获取到号码【1430005】GSD
2024-08-19 11:25:28 未获取到号码【1430005】GSD，可能号码格式错误
2024-08-19 11:25:28 获取到号码【1430005】的GSD为【-】
2024-08-19 11:25:36 GSD insert 第 1 次 等待 3 秒
2024-08-19 11:25:39 {"status":"bad","gid":"520060","msg":"添加失败！号码【1430005(-|-)】已存在！"}
2024-08-19 11:25:39 随机等待 84 秒，约 1 分钟
2024-08-19 11:25:39 下次操作: 2024-08-19 11:27:03

2024-08-19 11:27:03 开始第 7 次操作

2024-08-19 11:27:03 开始操作号码 【1430006】
2024-08-19 11:27:11 GSD getOne 第 1 次 等待 3 秒
2024-08-19 11:27:14 查询号码 【1430006】，返回信息 {"status":"ok","msg":"-","gid":"520066","time_insert":"2023-02-06 18:33"}
2024-08-19 11:27:14 查询号码 【1430006】，GSD为【"-"】
2024-08-19 11:27:14 ok && -
2024-08-19 11:27:16 CHB 1430006?1724038034 第 1 次 等待 3 秒
2024-08-19 11:27:19 CHB 1430006?1724038034 第 1 次 获取到号码【1430006】GSD
2024-08-19 11:27:19 未获取到号码【1430006】GSD，可能号码格式错误
2024-08-19 11:27:19 获取到号码【1430006】的GSD为【-】
2024-08-19 11:27:26 GSD insert 第 1 次 等待 3 秒
2024-08-19 11:27:29 {"status":"bad","gid":"520066","msg":"添加失败！号码【1430006(-|-)】已存在！"}
2024-08-19 11:27:29 随机等待 189 秒，约 3 分钟
2024-08-19 11:27:29 下次操作: 2024-08-19 11:30:38

2024-08-19 11:30:38 开始第 8 次操作

2024-08-19 11:30:38 开始操作号码 【1430007】
2024-08-19 11:30:46 GSD getOne 第 1 次 等待 3 秒
2024-08-19 11:30:49 查询号码 【1430007】，返回信息 {"status":"ok","msg":"-","gid":"520071","time_insert":"2023-02-06 18:44"}
2024-08-19 11:30:49 查询号码 【1430007】，GSD为【"-"】
2024-08-19 11:30:49 ok && -
2024-08-19 11:30:51 CHB 1430007?1724038249 第 1 次 等待 3 秒
2024-08-19 11:30:54 CHB 1430007?1724038249 第 1 次 获取到号码【1430007】GSD
2024-08-19 11:30:54 未获取到号码【1430007】GSD，可能号码格式错误
2024-08-19 11:30:54 获取到号码【1430007】的GSD为【-】
2024-08-19 11:31:02 GSD insert 第 1 次 等待 3 秒
2024-08-19 11:31:05 {"status":"bad","gid":"520071","msg":"添加失败！号码【1430007(-|-)】已存在！"}

2024-08-19 11:40:07 开始第 9 次操作

2024-08-19 11:40:07 开始操作号码 【1430008】
2024-08-19 11:40:17 GSD getOne 第 1 次 等待 3 秒
2024-08-19 11:40:20 查询号码 【1430008】，返回信息 {"status":"ok","msg":"-","gid":"520078","time_insert":"2023-02-06 18:59"}
2024-08-19 11:40:20 查询号码 【1430008】，GSD为【"-"】
2024-08-19 11:40:20 ok && -
2024-08-19 11:40:21 CHB 1430008?1724038820 第 1 次 等待 3 秒
2024-08-19 11:40:24 CHB 1430008?1724038820 第 1 次 获取到号码【1430008】GSD
2024-08-19 11:40:24 未获取到号码【1430008】GSD，可能号码格式错误
2024-08-19 11:40:24 获取到号码【1430008】的GSD为【-】
2024-08-19 11:40:32 GSD insert 第 1 次 等待 3 秒
2024-08-19 11:40:35 {"status":"bad","gid":"520078","msg":"添加失败！号码【1430008(-|-)】已存在！"}
2024-08-19 11:40:35 随机等待 217 秒，约 3 分钟
2024-08-19 11:40:35 下次操作: 2024-08-19 11:44:12

2024-08-19 11:44:12 开始第 10 次操作

2024-08-19 11:44:12 开始操作号码 【1430009】
2024-08-19 11:44:20 GSD getOne 第 1 次 等待 3 秒
2024-08-19 11:44:23 查询号码 【1430009】，返回信息 {"status":"ok","msg":"-","gid":"520084","time_insert":"2023-02-06 19:10"}
2024-08-19 11:44:23 查询号码 【1430009】，GSD为【"-"】
2024-08-19 11:44:23 ok && -
2024-08-19 11:44:26 CHB 1430009?1724039063 第 1 次 等待 3 秒
2024-08-19 11:44:29 CHB 1430009?1724039063 第 1 次 获取到号码【1430009】GSD
2024-08-19 11:44:29 未获取到号码【1430009】GSD，可能号码格式错误
2024-08-19 11:44:29 获取到号码【1430009】的GSD为【-】
2024-08-19 11:44:38 GSD insert 第 1 次 等待 3 秒
2024-08-19 11:44:41 {"status":"bad","gid":"520084","msg":"添加失败！号码【1430009(-|-)】已存在！"}
2024-08-19 11:44:41 随机等待 86 秒，约 1 分钟
2024-08-19 11:44:41 下次操作: 2024-08-19 11:46:07

2024-08-19 11:46:07 开始第 11 次操作

2024-08-19 11:46:07 开始操作号码 【1430010】
2024-08-19 11:46:15 GSD getOne 第 1 次 等待 3 秒
2024-08-19 11:46:18 查询号码 【1430010】，返回信息 {"status":"ok","msg":"-","gid":"520090","time_insert":"2023-02-06 19:24"}
2024-08-19 11:46:18 查询号码 【1430010】，GSD为【"-"】
2024-08-19 11:46:18 ok && -
2024-08-19 11:46:19 CHB 1430010?1724039178 第 1 次 等待 3 秒
2024-08-19 11:46:22 CHB 1430010?1724039178 第 1 次 获取到号码【1430010】GSD
2024-08-19 11:46:22 未获取到号码【1430010】GSD，可能号码格式错误
2024-08-19 11:46:22 获取到号码【1430010】的GSD为【-】
2024-08-19 11:46:30 GSD insert 第 1 次 等待 3 秒
2024-08-19 11:46:33 {"status":"bad","gid":"520090","msg":"添加失败！号码【1430010(-|-)】已存在！"}
2024-08-19 11:46:33 随机等待 191 秒，约 3 分钟
2024-08-19 11:46:33 下次操作: 2024-08-19 11:49:44

2024-08-19 11:49:44 开始第 12 次操作

2024-08-19 11:49:44 开始操作号码 【1430011】
2024-08-19 11:49:52 GSD getOne 第 1 次 等待 3 秒
2024-08-19 11:49:55 查询号码 【1430011】，返回信息 {"status":"ok","msg":"-","gid":"520095","time_insert":"2023-02-06 19:34"}
2024-08-19 11:49:55 查询号码 【1430011】，GSD为【"-"】
2024-08-19 11:49:55 ok && -
2024-08-19 11:49:57 CHB 1430011?1724039395 第 1 次 等待 3 秒
2024-08-19 11:50:00 CHB 1430011?1724039395 第 1 次 获取到号码【1430011】GSD
2024-08-19 11:50:00 未获取到号码【1430011】GSD，可能号码格式错误
2024-08-19 11:50:00 获取到号码【1430011】的GSD为【-】
2024-08-19 11:50:08 GSD insert 第 1 次 等待 3 秒
2024-08-19 11:50:11 {"status":"bad","gid":"520095","msg":"添加失败！号码【1430011(-|-)】已存在！"}

2024-08-19 12:24:06 开始第 13 次操作

2024-08-19 12:24:06 开始操作号码 【1430012】
2024-08-19 12:24:15 GSD getOne 第 1 次 等待 3 秒
2024-08-19 12:24:18 查询号码 【1430012】，返回信息 {"status":"ok","msg":"-","gid":"520101","time_insert":"2023-02-06 19:49"}
2024-08-19 12:24:18 查询号码 【1430012】，GSD为【"-"】
2024-08-19 12:24:18 ok && -
2024-08-19 12:24:20 CHB 1430012?1724041458 第 1 次 等待 3 秒
2024-08-19 12:24:23 CHB 1430012?1724041458 第 1 次 获取到号码【1430012】GSD
2024-08-19 12:24:23 未获取到号码【1430012】GSD，可能号码格式错误
2024-08-19 12:24:23 获取到号码【1430012】的GSD为【-】
2024-08-19 12:24:31 GSD insert 第 1 次 等待 3 秒
2024-08-19 12:24:34 {"status":"bad","gid":"520101","msg":"添加失败！号码【1430012(-|-)】已存在！"}
2024-08-19 12:24:34 随机等待 224 秒，约 3 分钟
2024-08-19 12:24:34 下次操作: 2024-08-19 12:28:18

2024-08-19 12:28:18 开始第 14 次操作

2024-08-19 12:28:18 开始操作号码 【1430013】
2024-08-19 12:28:26 GSD getOne 第 1 次 等待 3 秒
2024-08-19 12:28:29 查询号码 【1430013】，返回信息 {"status":"ok","msg":"-","gid":"520106","time_insert":"2023-02-06 19:59"}
2024-08-19 12:28:29 查询号码 【1430013】，GSD为【"-"】
2024-08-19 12:28:29 ok && -
2024-08-19 12:28:31 CHB 1430013?1724041709 第 1 次 等待 3 秒
2024-08-19 12:28:34 CHB 1430013?1724041709 第 1 次 获取到号码【1430013】GSD
2024-08-19 12:28:34 未获取到号码【1430013】GSD，可能号码格式错误
2024-08-19 12:28:34 获取到号码【1430013】的GSD为【-】
2024-08-19 12:28:44 GSD insert 第 1 次 等待 3 秒
2024-08-19 12:28:47 {"status":"bad","gid":"520106","msg":"添加失败！号码【1430013(-|-)】已存在！"}
2024-08-19 12:28:47 随机等待 72 秒，约 1 分钟
2024-08-19 12:28:47 下次操作: 2024-08-19 12:29:59

2024-08-19 12:29:59 开始第 15 次操作

2024-08-19 12:29:59 开始操作号码 【1430014】
2024-08-19 12:30:07 GSD getOne 第 1 次 等待 3 秒
2024-08-19 12:30:10 查询号码 【1430014】，返回信息 {"status":"ok","msg":"-","gid":"520112","time_insert":"2023-02-06 20:13"}
2024-08-19 12:30:10 查询号码 【1430014】，GSD为【"-"】
2024-08-19 12:30:10 ok && -
2024-08-19 12:30:11 CHB 1430014?1724041810 第 1 次 等待 3 秒
2024-08-19 12:30:14 CHB 1430014?1724041810 第 1 次 获取到号码【1430014】GSD
2024-08-19 12:30:14 未获取到号码【1430014】GSD，可能号码格式错误
2024-08-19 12:30:14 获取到号码【1430014】的GSD为【-】
2024-08-19 12:30:22 GSD insert 第 1 次 等待 3 秒
2024-08-19 12:30:25 {"status":"bad","gid":"520112","msg":"添加失败！号码【1430014(-|-)】已存在！"}
2024-08-19 12:30:25 随机等待 78 秒，约 1 分钟
2024-08-19 12:30:25 下次操作: 2024-08-19 12:31:43

2024-08-19 12:31:43 开始第 16 次操作

2024-08-19 12:31:43 开始操作号码 【1430015】
2024-08-19 12:31:54 GSD getOne 第 1 次 等待 3 秒
2024-08-19 12:31:57 查询号码 【1430015】，返回信息 {"status":"ok","msg":"-","gid":"520119","time_insert":"2023-02-06 20:28"}
2024-08-19 12:31:57 查询号码 【1430015】，GSD为【"-"】
2024-08-19 12:31:57 ok && -
2024-08-19 12:31:59 CHB 1430015?1724041917 第 1 次 等待 3 秒
2024-08-19 12:32:02 CHB 1430015?1724041917 第 1 次 获取到号码【1430015】GSD
2024-08-19 12:32:02 未获取到号码【1430015】GSD，可能号码格式错误
2024-08-19 12:32:02 获取到号码【1430015】的GSD为【-】
2024-08-19 12:32:10 GSD insert 第 1 次 等待 3 秒
2024-08-19 12:32:13 {"status":"bad","gid":"520119","msg":"添加失败！号码【1430015(-|-)】已存在！"}

2024-08-19 12:40:29 开始第 17 次操作

2024-08-19 12:40:29 开始操作号码 【1430016】
2024-08-19 12:40:38 GSD getOne 第 1 次 等待 3 秒
2024-08-19 12:40:41 查询号码 【1430016】，返回信息 {"status":"ok","msg":"-","gid":"520123","time_insert":"2023-02-06 20:39"}
2024-08-19 12:40:41 查询号码 【1430016】，GSD为【"-"】
2024-08-19 12:40:41 ok && -
2024-08-19 12:40:42 CHB 1430016?1724042441 第 1 次 等待 3 秒
2024-08-19 12:40:45 CHB 1430016?1724042441 第 1 次 获取到号码【1430016】GSD
2024-08-19 12:40:45 未获取到号码【1430016】GSD，可能号码格式错误
2024-08-19 12:40:45 获取到号码【1430016】的GSD为【-】
2024-08-19 12:40:53 GSD insert 第 1 次 等待 3 秒
2024-08-19 12:40:56 {"status":"bad","gid":"520123","msg":"添加失败！号码【1430016(-|-)】已存在！"}
2024-08-19 12:40:56 随机等待 139 秒，约 2 分钟
2024-08-19 12:40:56 下次操作: 2024-08-19 12:43:15

2024-08-19 12:43:15 开始第 18 次操作

2024-08-19 12:43:15 开始操作号码 【1430017】
2024-08-19 12:43:24 GSD getOne 第 1 次 等待 3 秒
2024-08-19 12:43:27 查询号码 【1430017】，返回信息 {"status":"ok","msg":"-","gid":"520130","time_insert":"2023-02-06 20:55"}
2024-08-19 12:43:27 查询号码 【1430017】，GSD为【"-"】
2024-08-19 12:43:27 ok && -
2024-08-19 12:43:30 CHB 1430017?1724042607 第 1 次 等待 3 秒
2024-08-19 12:43:33 CHB 1430017?1724042607 第 1 次 获取到号码【1430017】GSD
2024-08-19 12:43:33 未获取到号码【1430017】GSD，可能号码格式错误
2024-08-19 12:43:33 获取到号码【1430017】的GSD为【-】
2024-08-19 12:43:40 GSD insert 第 1 次 等待 3 秒
2024-08-19 12:43:43 {"status":"bad","gid":"520130","msg":"添加失败！号码【1430017(-|-)】已存在！"}
2024-08-19 12:43:43 随机等待 212 秒，约 3 分钟
2024-08-19 12:43:43 下次操作: 2024-08-19 12:47:15

2024-08-19 12:47:15 开始第 19 次操作

2024-08-19 12:47:15 开始操作号码 【1430018】
2024-08-19 12:47:23 GSD getOne 第 1 次 等待 3 秒
2024-08-19 12:47:26 查询号码 【1430018】，返回信息 {"status":"ok","msg":"-","gid":"520136","time_insert":"2023-02-06 21:06"}
2024-08-19 12:47:26 查询号码 【1430018】，GSD为【"-"】
2024-08-19 12:47:26 ok && -
2024-08-19 12:47:28 CHB 1430018?1724042846 第 1 次 等待 3 秒
2024-08-19 12:47:31 CHB 1430018?1724042846 第 1 次 获取到号码【1430018】GSD
2024-08-19 12:47:31 未获取到号码【1430018】GSD，可能号码格式错误
2024-08-19 12:47:31 获取到号码【1430018】的GSD为【-】
2024-08-19 12:47:39 GSD insert 第 1 次 等待 3 秒
2024-08-19 12:47:42 {"status":"bad","gid":"520136","msg":"添加失败！号码【1430018(-|-)】已存在！"}
2024-08-19 12:47:42 随机等待 124 秒，约 2 分钟
2024-08-19 12:47:42 下次操作: 2024-08-19 12:49:46

2024-08-19 12:49:46 开始第 20 次操作

2024-08-19 12:49:46 开始操作号码 【1430019】
2024-08-19 12:49:57 GSD getOne 第 1 次 等待 3 秒
2024-08-19 12:50:00 查询号码 【1430019】，返回信息 {"status":"ok","msg":"-","gid":"520143","time_insert":"2023-02-06 21:19"}
2024-08-19 12:50:00 查询号码 【1430019】，GSD为【"-"】
2024-08-19 12:50:00 ok && -
2024-08-19 12:50:01 CHB 1430019?1724043000 第 1 次 等待 3 秒
2024-08-19 12:50:04 CHB 1430019?1724043000 第 1 次 获取到号码【1430019】GSD
2024-08-19 12:50:04 未获取到号码【1430019】GSD，可能号码格式错误
2024-08-19 12:50:04 获取到号码【1430019】的GSD为【-】
2024-08-19 12:50:14 GSD insert 第 1 次 等待 3 秒
2024-08-19 12:50:17 {"status":"bad","gid":"520143","msg":"添加失败！号码【1430019(-|-)】已存在！"}

