2023-12-07 00:10:22 开始第 1869 次操作

2023-12-07 00:10:22 开始操作号码 【1871769】
2023-12-07 00:10:26 GSD getOne 第 1 次 等待 3 秒
2023-12-07 00:10:29 查询号码 【1871769】，返回信息 {"status":"ok","msg":"陕西-榆林","gid":"474791","time_insert":"2021-08-02 03:36"}
2023-12-07 00:10:29 查询号码 【1871769】，GSD为【"陕西-榆林"】

2023-12-07 00:10:30 开始第 1870 次操作

2023-12-07 00:10:30 开始操作号码 【1871770】
2023-12-07 00:10:38 GSD getOne 第 1 次 等待 3 秒
2023-12-07 00:10:41 查询号码 【1871770】，返回信息 {"status":"ok","msg":"上海-上海","gid":"475016","time_insert":"2021-08-02 03:50"}
2023-12-07 00:10:41 查询号码 【1871770】，GSD为【"上海-上海"】

2023-12-07 00:10:42 开始第 1871 次操作

2023-12-07 00:10:42 开始操作号码 【1871771】
2023-12-07 00:10:45 GSD getOne 第 1 次 等待 3 秒
2023-12-07 00:10:48 查询号码 【1871771】，返回信息 {"status":"ok","msg":"上海-上海","gid":"475199","time_insert":"2021-08-02 04:02"}
2023-12-07 00:10:49 查询号码 【1871771】，GSD为【"上海-上海"】

2023-12-07 00:10:50 开始第 1872 次操作

2023-12-07 00:10:50 开始操作号码 【1871772】
2023-12-07 00:10:53 GSD getOne 第 1 次 等待 3 秒
2023-12-07 00:10:56 查询号码 【1871772】，返回信息 {"status":"ok","msg":"上海-上海","gid":"475257","time_insert":"2021-08-02 04:15"}
2023-12-07 00:10:56 查询号码 【1871772】，GSD为【"上海-上海"】

