2023-11-29 00:10:22 开始第 401 次操作

2023-11-29 00:10:22 开始操作号码 【1870301】
2023-11-29 00:10:26 GSD getOne 第 1 次 等待 3 秒
2023-11-29 00:10:29 查询号码 【1870301】，返回信息 {"status":"ok","msg":"新疆-乌鲁木齐","gid":"356511","time_insert":"2021-07-22 15:50"}
2023-11-29 00:10:29 查询号码 【1870301】，GSD为【"新疆-乌鲁木齐"】

2023-11-29 00:10:30 开始第 402 次操作

2023-11-29 00:10:30 开始操作号码 【1870302】
2023-11-29 00:10:33 GSD getOne 第 1 次 等待 3 秒
2023-11-29 00:10:36 查询号码 【1870302】，返回信息 {"status":"ok","msg":"新疆-乌鲁木齐","gid":"356601","time_insert":"2021-07-22 16:02"}
2023-11-29 00:10:36 查询号码 【1870302】，GSD为【"新疆-乌鲁木齐"】

2023-11-29 00:10:37 开始第 403 次操作

2023-11-29 00:10:37 开始操作号码 【1870303】
2023-11-29 00:10:41 GSD getOne 第 1 次 等待 3 秒
2023-11-29 00:10:44 查询号码 【1870303】，返回信息 {"status":"ok","msg":"新疆-乌鲁木齐","gid":"356679","time_insert":"2021-07-22 16:17"}
2023-11-29 00:10:44 查询号码 【1870303】，GSD为【"新疆-乌鲁木齐"】

2023-11-29 00:10:45 开始第 404 次操作

2023-11-29 00:10:45 开始操作号码 【1870304】
2023-11-29 00:10:48 GSD getOne 第 1 次 等待 3 秒
2023-11-29 00:10:51 查询号码 【1870304】，返回信息 {"status":"ok","msg":"新疆-塔城","gid":"356722","time_insert":"2021-07-22 16:30"}
2023-11-29 00:10:51 查询号码 【1870304】，GSD为【"新疆-塔城"】

