2021-07-06 00:00:39 开始第 9 次操作

2021-07-06 00:00:39 开始操作号码 【1756189】
2021-07-06 00:00:44 GSD getOne 第 1 次 等待 1 秒
2021-07-06 00:00:45 查询号码 【1756189】，返回信息 {"status":"bad","msg":""}
2021-07-06 00:00:46 查询号码 【1756189】，GSD为【""】
2021-07-06 00:00:46 bad
2021-07-06 00:00:47 CHB 1756189?1625500846 第 1 次 等待 1 秒
2021-07-06 00:00:48 CHB 1756189?1625500846 第 1 次 获取到号码【1756189】GSD
2021-07-06 00:00:48 获取到号码【1756189】的GSD为【山东-青岛】
2021-07-06 00:01:08 GSD insert 第 1 次 等待 1 秒
2021-07-06 00:01:09 {"status":"ok","msg":"添加成功！201819"}
2021-07-06 00:01:09 下次操作: 2021-07-06 00:01:19

2021-07-06 00:01:19 开始第 10 次操作

2021-07-06 00:01:19 开始操作号码 【1756190】
2021-07-06 00:01:29 GSD getOne 第 1 次 等待 1 秒
2021-07-06 00:01:30 查询号码 【1756190】，返回信息 {"status":"bad","msg":""}
2021-07-06 00:01:31 查询号码 【1756190】，GSD为【""】
2021-07-06 00:01:31 bad
2021-07-06 00:01:32 CHB 1756190?1625500891 第 1 次 等待 1 秒
2021-07-06 00:01:33 CHB 1756190?1625500891 第 1 次 获取到号码【1756190】GSD
2021-07-06 00:01:33 获取到号码【1756190】的GSD为【山东-青岛】
2021-07-06 00:01:53 GSD insert 第 1 次 等待 1 秒
2021-07-06 00:01:54 {"status":"ok","msg":"添加成功！201829"}
2021-07-06 00:01:54 下次操作: 2021-07-06 00:02:06

2021-07-06 00:02:06 开始第 11 次操作

2021-07-06 00:02:06 开始操作号码 【1756191】
2021-07-06 00:02:13 GSD getOne 第 1 次 等待 1 秒
2021-07-06 00:02:14 查询号码 【1756191】，返回信息 {"status":"bad","msg":""}
2021-07-06 00:02:14 查询号码 【1756191】，GSD为【""】
2021-07-06 00:02:14 bad
2021-07-06 00:02:16 CHB 1756191?1625500934 第 1 次 等待 1 秒
2021-07-06 00:02:17 CHB 1756191?1625500934 第 1 次 获取到号码【1756191】GSD
2021-07-06 00:02:17 获取到号码【1756191】的GSD为【山东-青岛】
2021-07-06 00:02:36 GSD insert 第 1 次 等待 1 秒
2021-07-06 00:02:37 {"status":"ok","msg":"添加成功！201835"}
2021-07-06 00:02:37 下次操作: 2021-07-06 00:02:47

2021-07-06 00:02:47 开始第 12 次操作

2021-07-06 00:02:47 开始操作号码 【1756192】
2021-07-06 00:03:06 GSD getOne 第 1 次 等待 1 秒
2021-07-06 00:03:07 查询号码 【1756192】，返回信息 {"status":"bad","msg":""}
2021-07-06 00:03:07 查询号码 【1756192】，GSD为【""】
2021-07-06 00:03:07 bad
2021-07-06 00:03:08 CHB 1756192?1625500987 第 1 次 等待 1 秒
2021-07-06 00:03:09 CHB 1756192?1625500987 第 1 次 获取到号码【1756192】GSD
2021-07-06 00:03:10 获取到号码【1756192】的GSD为【山东-青岛】
2021-07-06 00:03:32 GSD insert 第 1 次 等待 1 秒
2021-07-06 00:03:33 {"status":"ok","msg":"添加成功！201849"}
2021-07-06 00:03:33 下次操作: 2021-07-06 00:03:43

2021-07-06 00:03:43 开始第 13 次操作

2021-07-06 00:03:43 开始操作号码 【1756193】
2021-07-06 00:03:54 GSD getOne 第 1 次 等待 1 秒
2021-07-06 00:03:55 查询号码 【1756193】，返回信息 {"status":"bad","msg":""}
2021-07-06 00:03:55 查询号码 【1756193】，GSD为【""】
2021-07-06 00:03:55 bad
2021-07-06 00:03:56 CHB 1756193?1625501035 第 1 次 等待 1 秒
2021-07-06 00:03:57 CHB 1756193?1625501035 第 1 次 获取到号码【1756193】GSD
2021-07-06 00:03:58 获取到号码【1756193】的GSD为【山东-青岛】
2021-07-06 00:04:20 GSD insert 第 1 次 等待 1 秒
2021-07-06 00:04:21 {"status":"ok","msg":"添加成功！201859"}
2021-07-06 00:04:21 下次操作: 2021-07-06 00:04:35

2021-07-06 00:04:35 开始第 14 次操作

2021-07-06 00:04:35 开始操作号码 【1756194】
2021-07-06 00:04:41 GSD getOne 第 1 次 等待 1 秒
2021-07-06 00:04:42 查询号码 【1756194】，返回信息 {"status":"bad","msg":""}
2021-07-06 00:04:42 查询号码 【1756194】，GSD为【""】
2021-07-06 00:04:42 bad
2021-07-06 00:04:43 CHB 1756194?1625501082 第 1 次 等待 1 秒
2021-07-06 00:04:44 CHB 1756194?1625501082 第 1 次 获取到号码【1756194】GSD
2021-07-06 00:04:44 获取到号码【1756194】的GSD为【山东-青岛】
2021-07-06 00:05:03 GSD insert 第 1 次 等待 1 秒
2021-07-06 00:05:04 {"status":"ok","msg":"添加成功！201869"}
2021-07-06 00:05:04 下次操作: 2021-07-06 00:05:19

2021-07-06 00:05:19 开始第 15 次操作

2021-07-06 00:05:19 开始操作号码 【1756195】
2021-07-06 00:05:26 GSD getOne 第 1 次 等待 1 秒
2021-07-06 00:05:27 查询号码 【1756195】，返回信息 {"status":"bad","msg":""}
2021-07-06 00:05:27 查询号码 【1756195】，GSD为【""】
2021-07-06 00:05:27 bad
2021-07-06 00:05:28 CHB 1756195?1625501127 第 1 次 等待 1 秒
2021-07-06 00:05:29 CHB 1756195?1625501127 第 1 次 获取到号码【1756195】GSD
2021-07-06 00:05:29 获取到号码【1756195】的GSD为【山东-青岛】
2021-07-06 00:05:51 GSD insert 第 1 次 等待 1 秒
2021-07-06 00:05:52 {"status":"ok","msg":"添加成功！201881"}
2021-07-06 00:05:52 下次操作: 2021-07-06 00:06:05

2021-07-06 00:06:05 开始第 16 次操作

2021-07-06 00:06:05 开始操作号码 【1756196】
2021-07-06 00:06:11 GSD getOne 第 1 次 等待 1 秒
2021-07-06 00:06:12 查询号码 【1756196】，返回信息 {"status":"bad","msg":""}
2021-07-06 00:06:12 查询号码 【1756196】，GSD为【""】
2021-07-06 00:06:12 bad
2021-07-06 00:06:14 CHB 1756196?1625501172 第 1 次 等待 1 秒
2021-07-06 00:06:15 CHB 1756196?1625501172 第 1 次 获取到号码【1756196】GSD
2021-07-06 00:06:15 获取到号码【1756196】的GSD为【山东-青岛】
2021-07-06 00:06:38 GSD insert 第 1 次 等待 1 秒
2021-07-06 00:06:39 {"status":"ok","msg":"添加成功！201894"}
2021-07-06 00:06:39 下次操作: 2021-07-06 00:06:51

2021-07-06 00:06:51 开始第 17 次操作

2021-07-06 00:06:51 开始操作号码 【1756197】
2021-07-06 00:07:05 GSD getOne 第 1 次 等待 1 秒
2021-07-06 00:07:06 查询号码 【1756197】，返回信息 {"status":"bad","msg":""}
2021-07-06 00:07:06 查询号码 【1756197】，GSD为【""】
2021-07-06 00:07:06 bad
2021-07-06 00:07:07 CHB 1756197?1625501226 第 1 次 等待 1 秒
2021-07-06 00:07:08 CHB 1756197?1625501226 第 1 次 获取到号码【1756197】GSD
2021-07-06 00:07:08 获取到号码【1756197】的GSD为【山东-青岛】
2021-07-06 00:07:27 GSD insert 第 1 次 等待 1 秒
2021-07-06 00:07:28 {"status":"ok","msg":"添加成功！201902"}
2021-07-06 00:07:28 下次操作: 2021-07-06 00:07:40

2021-07-06 00:07:40 开始第 18 次操作

2021-07-06 00:07:40 开始操作号码 【1756198】
2021-07-06 00:07:47 GSD getOne 第 1 次 等待 1 秒
2021-07-06 00:07:48 查询号码 【1756198】，返回信息 {"status":"bad","msg":""}
2021-07-06 00:07:48 查询号码 【1756198】，GSD为【""】
2021-07-06 00:07:48 bad
2021-07-06 00:07:49 CHB 1756198?1625501268 第 1 次 等待 1 秒
2021-07-06 00:07:50 CHB 1756198?1625501268 第 1 次 获取到号码【1756198】GSD
2021-07-06 00:07:50 获取到号码【1756198】的GSD为【山东-青岛】
2021-07-06 00:08:11 GSD insert 第 1 次 等待 1 秒
2021-07-06 00:08:12 {"status":"ok","msg":"添加成功！201910"}
2021-07-06 00:08:12 下次操作: 2021-07-06 00:08:20

2021-07-06 00:08:20 开始第 19 次操作

2021-07-06 00:08:20 开始操作号码 【1756199】
2021-07-06 00:08:32 GSD getOne 第 1 次 等待 1 秒
2021-07-06 00:08:33 查询号码 【1756199】，返回信息 {"status":"bad","msg":""}
2021-07-06 00:08:33 查询号码 【1756199】，GSD为【""】
2021-07-06 00:08:33 bad
2021-07-06 00:08:34 CHB 1756199?1625501313 第 1 次 等待 1 秒
2021-07-06 00:08:35 CHB 1756199?1625501313 第 1 次 获取到号码【1756199】GSD
2021-07-06 00:08:36 获取到号码【1756199】的GSD为【山东-青岛】
2021-07-06 00:08:54 GSD insert 第 1 次 等待 1 秒
2021-07-06 00:08:55 {"status":"ok","msg":"添加成功！201917"}
2021-07-06 00:08:55 下次操作: 2021-07-06 00:09:09

2021-07-06 00:09:09 开始第 20 次操作

2021-07-06 00:09:09 开始操作号码 【1756200】
2021-07-06 00:09:19 GSD getOne 第 1 次 等待 1 秒
2021-07-06 00:09:20 查询号码 【1756200】，返回信息 {"status":"bad","msg":""}
2021-07-06 00:09:20 查询号码 【1756200】，GSD为【""】
2021-07-06 00:09:20 bad
2021-07-06 00:09:21 CHB 1756200?1625501360 第 1 次 等待 1 秒
2021-07-06 00:09:22 CHB 1756200?1625501360 第 1 次 获取到号码【1756200】GSD
2021-07-06 00:09:22 获取到号码【1756200】的GSD为【山东-济宁】
2021-07-06 00:09:41 GSD insert 第 1 次 等待 1 秒
2021-07-06 00:09:42 {"status":"ok","msg":"添加成功！201924"}
2021-07-06 00:09:42 下次操作: 2021-07-06 00:09:56

2021-07-06 00:09:56 开始第 21 次操作

2021-07-06 00:09:56 开始操作号码 【1756201】
2021-07-06 00:10:02 GSD getOne 第 1 次 等待 1 秒
2021-07-06 00:10:03 查询号码 【1756201】，返回信息 {"status":"bad","msg":""}
2021-07-06 00:10:03 查询号码 【1756201】，GSD为【""】
2021-07-06 00:10:03 bad
2021-07-06 00:10:04 CHB 1756201?1625501403 第 1 次 等待 1 秒
2021-07-06 00:10:05 CHB 1756201?1625501403 第 1 次 获取到号码【1756201】GSD
2021-07-06 00:10:05 获取到号码【1756201】的GSD为【山东-济宁】
2021-07-06 00:10:24 GSD insert 第 1 次 等待 1 秒
2021-07-06 00:10:25 {"status":"ok","msg":"添加成功！201931"}
2021-07-06 00:10:25 下次操作: 2021-07-06 00:10:37

2021-07-06 00:10:37 开始第 22 次操作

2021-07-06 00:10:37 开始操作号码 【1756202】
2021-07-06 00:10:44 GSD getOne 第 1 次 等待 1 秒
2021-07-06 00:10:45 查询号码 【1756202】，返回信息 {"status":"bad","msg":""}
2021-07-06 00:10:45 查询号码 【1756202】，GSD为【""】
2021-07-06 00:10:45 bad
2021-07-06 00:10:46 CHB 1756202?1625501445 第 1 次 等待 1 秒
2021-07-06 00:10:47 CHB 1756202?1625501445 第 1 次 获取到号码【1756202】GSD
2021-07-06 00:10:47 获取到号码【1756202】的GSD为【山东-济宁】
2021-07-06 00:11:06 GSD insert 第 1 次 等待 1 秒
2021-07-06 00:11:07 {"status":"ok","msg":"添加成功！201935"}
2021-07-06 00:11:07 下次操作: 2021-07-06 00:11:21

2021-07-06 00:11:21 开始第 23 次操作

2021-07-06 00:11:21 开始操作号码 【1756203】
2021-07-06 00:11:26 GSD getOne 第 1 次 等待 1 秒
2021-07-06 00:11:27 查询号码 【1756203】，返回信息 {"status":"bad","msg":""}
2021-07-06 00:11:27 查询号码 【1756203】，GSD为【""】
2021-07-06 00:11:27 bad
2021-07-06 00:11:28 CHB 1756203?1625501487 第 1 次 等待 1 秒
2021-07-06 00:11:29 CHB 1756203?1625501487 第 1 次 获取到号码【1756203】GSD
2021-07-06 00:11:29 获取到号码【1756203】的GSD为【山东-济宁】
2021-07-06 00:11:51 GSD insert 第 1 次 等待 1 秒
2021-07-06 00:11:52 {"status":"ok","msg":"添加成功！201941"}
2021-07-06 00:11:52 下次操作: 2021-07-06 00:12:01

2021-07-06 00:12:01 开始第 24 次操作

2021-07-06 00:12:01 开始操作号码 【1756204】
2021-07-06 00:12:11 GSD getOne 第 1 次 等待 1 秒
2021-07-06 00:12:12 查询号码 【1756204】，返回信息 {"status":"bad","msg":""}
2021-07-06 00:12:12 查询号码 【1756204】，GSD为【""】
2021-07-06 00:12:12 bad
2021-07-06 00:12:14 CHB 1756204?1625501532 第 1 次 等待 1 秒
2021-07-06 00:12:15 CHB 1756204?1625501532 第 1 次 获取到号码【1756204】GSD
2021-07-06 00:12:15 获取到号码【1756204】的GSD为【山东-济宁】
2021-07-06 00:12:34 GSD insert 第 1 次 等待 1 秒
2021-07-06 00:12:35 {"status":"ok","msg":"添加成功！201948"}
2021-07-06 00:12:35 下次操作: 2021-07-06 00:12:52

2021-07-06 00:12:52 开始第 25 次操作

2021-07-06 00:12:52 开始操作号码 【1756205】
2021-07-06 00:12:57 GSD getOne 第 1 次 等待 1 秒
2021-07-06 00:12:58 查询号码 【1756205】，返回信息 {"status":"bad","msg":""}
2021-07-06 00:12:58 查询号码 【1756205】，GSD为【""】
2021-07-06 00:12:58 bad
2021-07-06 00:12:59 CHB 1756205?1625501578 第 1 次 等待 1 秒
2021-07-06 00:13:01 CHB 1756205?1625501578 第 1 次 获取到号码【1756205】GSD
2021-07-06 00:13:01 获取到号码【1756205】的GSD为【山东-济宁】
2021-07-06 00:13:20 GSD insert 第 1 次 等待 1 秒
2021-07-06 00:13:21 {"status":"ok","msg":"添加成功！201953"}
2021-07-06 00:13:21 下次操作: 2021-07-06 00:13:34

2021-07-06 00:13:34 开始第 26 次操作

2021-07-06 00:13:34 开始操作号码 【1756206】
2021-07-06 00:13:45 GSD getOne 第 1 次 等待 1 秒
2021-07-06 00:13:46 查询号码 【1756206】，返回信息 {"status":"bad","msg":""}
2021-07-06 00:13:46 查询号码 【1756206】，GSD为【""】
2021-07-06 00:13:46 bad
2021-07-06 00:13:47 CHB 1756206?1625501626 第 1 次 等待 1 秒
2021-07-06 00:13:48 CHB 1756206?1625501626 第 1 次 获取到号码【1756206】GSD
2021-07-06 00:13:48 获取到号码【1756206】的GSD为【山东-济宁】
2021-07-06 00:14:07 GSD insert 第 1 次 等待 1 秒
2021-07-06 00:14:08 {"status":"ok","msg":"添加成功！201959"}
2021-07-06 00:14:08 下次操作: 2021-07-06 00:14:21

2021-07-06 00:14:21 开始第 27 次操作

2021-07-06 00:14:21 开始操作号码 【1756207】
2021-07-06 00:14:32 GSD getOne 第 1 次 等待 1 秒
2021-07-06 00:14:33 查询号码 【1756207】，返回信息 {"status":"bad","msg":""}
2021-07-06 00:14:33 查询号码 【1756207】，GSD为【""】
2021-07-06 00:14:33 bad
2021-07-06 00:14:34 CHB 1756207?1625501673 第 1 次 等待 1 秒
2021-07-06 00:14:35 CHB 1756207?1625501673 第 1 次 获取到号码【1756207】GSD
2021-07-06 00:14:35 获取到号码【1756207】的GSD为【山东-济宁】
2021-07-06 00:14:54 GSD insert 第 1 次 等待 1 秒
2021-07-06 00:14:55 {"status":"ok","msg":"添加成功！201963"}
2021-07-06 00:14:55 下次操作: 2021-07-06 00:15:10

2021-07-06 00:15:10 开始第 28 次操作

2021-07-06 00:15:10 开始操作号码 【1756208】
2021-07-06 00:15:14 GSD getOne 第 1 次 等待 1 秒
2021-07-06 00:15:15 查询号码 【1756208】，返回信息 {"status":"bad","msg":""}
2021-07-06 00:15:16 查询号码 【1756208】，GSD为【""】
2021-07-06 00:15:16 bad
2021-07-06 00:15:17 CHB 1756208?1625501716 第 1 次 等待 1 秒
2021-07-06 00:15:18 CHB 1756208?1625501716 第 1 次 获取到号码【1756208】GSD
2021-07-06 00:15:18 获取到号码【1756208】的GSD为【山东-济宁】
2021-07-06 00:15:42 GSD insert 第 1 次 等待 1 秒
2021-07-06 00:15:43 {"status":"ok","msg":"添加成功！201968"}
2021-07-06 00:15:43 下次操作: 2021-07-06 00:16:00

2021-07-06 00:16:00 开始第 29 次操作

2021-07-06 00:16:00 开始操作号码 【1756209】
2021-07-06 00:16:04 GSD getOne 第 1 次 等待 1 秒
2021-07-06 00:16:05 查询号码 【1756209】，返回信息 {"status":"bad","msg":""}
2021-07-06 00:16:05 查询号码 【1756209】，GSD为【""】
2021-07-06 00:16:05 bad
2021-07-06 00:16:07 CHB 1756209?1625501765 第 1 次 等待 1 秒
2021-07-06 00:16:08 CHB 1756209?1625501765 第 1 次 获取到号码【1756209】GSD
2021-07-06 00:16:08 获取到号码【1756209】的GSD为【山东-济宁】
2021-07-06 00:16:27 GSD insert 第 1 次 等待 1 秒
2021-07-06 00:16:28 {"status":"ok","msg":"添加成功！201972"}
2021-07-06 00:16:28 下次操作: 2021-07-06 00:16:41

2021-07-06 00:16:41 开始第 30 次操作

2021-07-06 00:16:41 开始操作号码 【1756210】
2021-07-06 00:16:48 GSD getOne 第 1 次 等待 1 秒
2021-07-06 00:16:49 查询号码 【1756210】，返回信息 {"status":"bad","msg":""}
2021-07-06 00:16:49 查询号码 【1756210】，GSD为【""】
2021-07-06 00:16:49 bad
2021-07-06 00:16:50 CHB 1756210?1625501809 第 1 次 等待 1 秒
2021-07-06 00:16:51 CHB 1756210?1625501809 第 1 次 获取到号码【1756210】GSD
2021-07-06 00:16:51 获取到号码【1756210】的GSD为【山东-济宁】
2021-07-06 00:17:10 GSD insert 第 1 次 等待 1 秒
2021-07-06 00:17:11 {"status":"ok","msg":"添加成功！201979"}

2021-07-06 01:34:42 开始第 1 次操作

2021-07-06 01:34:42 开始操作号码 【1756211】
2021-07-06 01:34:45 GSD getOne 第 1 次 等待 1 秒
2021-07-06 01:34:46 查询号码 【1756211】，返回信息 {"status":"bad","msg":""}
2021-07-06 01:34:47 查询号码 【1756211】，GSD为【""】
2021-07-06 01:34:47 bad
2021-07-06 01:34:48 CHB 1756211?1625506487 第 1 次 等待 1 秒
2021-07-06 01:34:49 CHB 1756211?1625506487 第 1 次 获取到号码【1756211】GSD
2021-07-06 01:34:49 获取到号码【1756211】的GSD为【山东-济宁】
2021-07-06 01:35:08 GSD insert 第 1 次 等待 1 秒
2021-07-06 01:35:09 {"status":"ok","msg":"添加成功！202162"}
2021-07-06 01:35:09 下次操作: 2021-07-06 01:35:19

2021-07-06 01:35:19 开始第 2 次操作

2021-07-06 01:35:19 开始操作号码 【1756212】
2021-07-06 01:35:30 GSD getOne 第 1 次 等待 1 秒
2021-07-06 01:35:31 查询号码 【1756212】，返回信息 {"status":"bad","msg":""}
2021-07-06 01:35:31 查询号码 【1756212】，GSD为【""】
2021-07-06 01:35:31 bad
2021-07-06 01:35:32 CHB 1756212?1625506531 第 1 次 等待 1 秒
2021-07-06 01:35:33 CHB 1756212?1625506531 第 1 次 获取到号码【1756212】GSD
2021-07-06 01:35:33 获取到号码【1756212】的GSD为【山东-济宁】
2021-07-06 01:35:52 GSD insert 第 1 次 等待 1 秒
2021-07-06 01:35:53 {"status":"ok","msg":"添加成功！202174"}
2021-07-06 01:35:53 下次操作: 2021-07-06 01:36:10

2021-07-06 01:36:10 开始第 3 次操作

2021-07-06 01:36:10 开始操作号码 【1756213】
2021-07-06 01:36:14 GSD getOne 第 1 次 等待 1 秒
2021-07-06 01:36:15 查询号码 【1756213】，返回信息 {"status":"bad","msg":""}
2021-07-06 01:36:15 查询号码 【1756213】，GSD为【""】
2021-07-06 01:36:15 bad
2021-07-06 01:36:16 CHB 1756213?1625506575 第 1 次 等待 1 秒
2021-07-06 01:36:17 CHB 1756213?1625506575 第 1 次 获取到号码【1756213】GSD
2021-07-06 01:36:17 获取到号码【1756213】的GSD为【山东-济宁】
2021-07-06 01:36:36 GSD insert 第 1 次 等待 1 秒
2021-07-06 01:36:37 {"status":"ok","msg":"添加成功！202181"}
2021-07-06 01:36:37 下次操作: 2021-07-06 01:36:43

2021-07-06 01:36:43 开始第 4 次操作

2021-07-06 01:36:43 开始操作号码 【1756214】
2021-07-06 01:37:02 GSD getOne 第 1 次 等待 1 秒
2021-07-06 01:37:03 查询号码 【1756214】，返回信息 {"status":"bad","msg":""}
2021-07-06 01:37:03 查询号码 【1756214】，GSD为【""】
2021-07-06 01:37:03 bad
2021-07-06 01:37:09 CHB 1756214?1625506623 第 1 次 等待 1 秒
2021-07-06 01:37:10 CHB 1756214?1625506623 第 1 次 获取到号码【1756214】GSD
2021-07-06 01:37:10 获取到号码【1756214】的GSD为【山东-济宁】
2021-07-06 01:37:29 GSD insert 第 1 次 等待 1 秒
2021-07-06 01:37:30 {"status":"ok","msg":"添加成功！202191"}
2021-07-06 01:37:30 下次操作: 2021-07-06 01:37:43

2021-07-06 01:37:43 开始第 5 次操作

2021-07-06 01:37:43 开始操作号码 【1756215】
2021-07-06 01:37:50 GSD getOne 第 1 次 等待 1 秒
2021-07-06 01:37:51 查询号码 【1756215】，返回信息 {"status":"bad","msg":""}
2021-07-06 01:37:51 查询号码 【1756215】，GSD为【""】
2021-07-06 01:37:51 bad
2021-07-06 01:37:53 CHB 1756215?1625506671 第 1 次 等待 1 秒
2021-07-06 01:37:54 CHB 1756215?1625506671 第 1 次 获取到号码【1756215】GSD
2021-07-06 01:37:54 获取到号码【1756215】的GSD为【山东-济宁】
2021-07-06 01:38:13 GSD insert 第 1 次 等待 1 秒
2021-07-06 01:38:14 {"status":"ok","msg":"添加成功！202200"}
2021-07-06 01:38:14 下次操作: 2021-07-06 01:38:30

2021-07-06 01:38:30 开始第 6 次操作

2021-07-06 01:38:30 开始操作号码 【1756216】
2021-07-06 01:38:33 GSD getOne 第 1 次 等待 1 秒
2021-07-06 01:38:34 查询号码 【1756216】，返回信息 {"status":"bad","msg":""}
2021-07-06 01:38:34 查询号码 【1756216】，GSD为【""】
2021-07-06 01:38:34 bad
2021-07-06 01:38:36 CHB 1756216?1625506714 第 1 次 等待 1 秒
2021-07-06 01:38:37 CHB 1756216?1625506714 第 1 次 获取到号码【1756216】GSD
2021-07-06 01:38:37 获取到号码【1756216】的GSD为【山东-济宁】
2021-07-06 01:38:56 GSD insert 第 1 次 等待 1 秒
2021-07-06 01:38:57 {"status":"ok","msg":"添加成功！202210"}
2021-07-06 01:38:57 下次操作: 2021-07-06 01:39:07

2021-07-06 01:39:07 开始第 7 次操作

2021-07-06 01:39:07 开始操作号码 【1756217】
2021-07-06 01:39:18 GSD getOne 第 1 次 等待 1 秒
2021-07-06 01:39:19 查询号码 【1756217】，返回信息 {"status":"ok","msg":"山东-济宁","time_insert":"2020-08-04 15:54","time_update":"2020-09-09 16:02"}
2021-07-06 01:39:19 查询号码 【1756217】，GSD为【"山东-济宁"】

2021-07-06 01:39:19 开始第 7 次操作

2021-07-06 01:39:19 开始操作号码 【1756218】
2021-07-06 01:39:38 GSD getOne 第 1 次 等待 1 秒
2021-07-06 01:39:39 查询号码 【1756218】，返回信息 {"status":"bad","msg":""}
2021-07-06 01:39:39 查询号码 【1756218】，GSD为【""】
2021-07-06 01:39:39 bad
2021-07-06 01:39:40 CHB 1756218?1625506779 第 1 次 等待 1 秒
2021-07-06 01:39:41 CHB 1756218?1625506779 第 1 次 获取到号码【1756218】GSD
2021-07-06 01:39:41 获取到号码【1756218】的GSD为【山东-济宁】
2021-07-06 01:40:01 GSD insert 第 1 次 等待 1 秒
2021-07-06 01:40:02 {"status":"ok","msg":"添加成功！202222"}
2021-07-06 01:40:02 下次操作: 2021-07-06 01:40:09

2021-07-06 01:40:09 开始第 8 次操作

2021-07-06 01:40:09 开始操作号码 【1756219】
2021-07-06 01:40:31 GSD getOne 第 1 次 等待 1 秒
2021-07-06 01:40:32 查询号码 【1756219】，返回信息 {"status":"bad","msg":""}
2021-07-06 01:40:32 查询号码 【1756219】，GSD为【""】
2021-07-06 01:40:32 bad
2021-07-06 01:40:34 CHB 1756219?1625506832 第 1 次 等待 1 秒
2021-07-06 01:40:35 CHB 1756219?1625506832 第 1 次 获取到号码【1756219】GSD
2021-07-06 01:40:35 获取到号码【1756219】的GSD为【山东-济宁】
2021-07-06 01:40:54 GSD insert 第 1 次 等待 1 秒
2021-07-06 01:40:55 {"status":"ok","msg":"添加成功！202233"}
2021-07-06 01:40:55 下次操作: 2021-07-06 01:41:09

2021-07-06 01:41:09 开始第 9 次操作

2021-07-06 01:41:09 开始操作号码 【1756220】
2021-07-06 01:41:14 GSD getOne 第 1 次 等待 1 秒
2021-07-06 01:41:15 查询号码 【1756220】，返回信息 {"status":"bad","msg":""}
2021-07-06 01:41:15 查询号码 【1756220】，GSD为【""】
2021-07-06 01:41:15 bad
2021-07-06 01:41:16 CHB 1756220?1625506875 第 1 次 等待 1 秒
2021-07-06 01:41:17 CHB 1756220?1625506875 第 1 次 获取到号码【1756220】GSD
2021-07-06 01:41:17 获取到号码【1756220】的GSD为【山东-济宁】
2021-07-06 01:41:36 GSD insert 第 1 次 等待 1 秒
2021-07-06 01:41:37 {"status":"ok","msg":"添加成功！202242"}
2021-07-06 01:41:37 下次操作: 2021-07-06 01:41:52

2021-07-06 01:41:52 开始第 10 次操作

2021-07-06 01:41:52 开始操作号码 【1756221】
2021-07-06 01:41:56 GSD getOne 第 1 次 等待 1 秒
2021-07-06 01:41:57 查询号码 【1756221】，返回信息 {"status":"bad","msg":""}
2021-07-06 01:41:57 查询号码 【1756221】，GSD为【""】
2021-07-06 01:41:57 bad
2021-07-06 01:41:58 CHB 1756221?1625506917 第 1 次 等待 1 秒
2021-07-06 01:41:59 CHB 1756221?1625506917 第 1 次 获取到号码【1756221】GSD
2021-07-06 01:41:59 获取到号码【1756221】的GSD为【山东-济宁】
2021-07-06 01:42:18 GSD insert 第 1 次 等待 1 秒
2021-07-06 01:42:19 {"status":"ok","msg":"添加成功！202253"}
2021-07-06 01:42:19 下次操作: 2021-07-06 01:42:36

2021-07-06 01:42:37 开始第 11 次操作

2021-07-06 01:42:37 开始操作号码 【1756222】
2021-07-06 01:42:40 GSD getOne 第 1 次 等待 1 秒
2021-07-06 01:42:41 查询号码 【1756222】，返回信息 {"status":"bad","msg":""}
2021-07-06 01:42:41 查询号码 【1756222】，GSD为【""】
2021-07-06 01:42:41 bad
2021-07-06 01:42:46 CHB 1756222?1625506961 第 1 次 等待 1 秒
2021-07-06 01:42:47 CHB 1756222?1625506961 第 1 次 获取到号码【1756222】GSD
2021-07-06 01:42:47 获取到号码【1756222】的GSD为【山东-济宁】
2021-07-06 01:43:09 GSD insert 第 1 次 等待 1 秒
2021-07-06 01:43:10 {"status":"ok","msg":"添加成功！202265"}
2021-07-06 01:43:10 下次操作: 2021-07-06 01:43:18

2021-07-06 01:43:18 开始第 12 次操作

2021-07-06 01:43:18 开始操作号码 【1756223】
2021-07-06 01:43:29 GSD getOne 第 1 次 等待 1 秒
2021-07-06 01:43:30 查询号码 【1756223】，返回信息 {"status":"bad","msg":""}
2021-07-06 01:43:30 查询号码 【1756223】，GSD为【""】
2021-07-06 01:43:30 bad
2021-07-06 01:43:31 CHB 1756223?1625507010 第 1 次 等待 1 秒
2021-07-06 01:43:32 CHB 1756223?1625507010 第 1 次 获取到号码【1756223】GSD
2021-07-06 01:43:32 获取到号码【1756223】的GSD为【山东-济宁】
2021-07-06 01:43:52 GSD insert 第 1 次 等待 1 秒
2021-07-06 01:43:53 {"status":"ok","msg":"添加成功！202278"}
2021-07-06 01:43:53 下次操作: 2021-07-06 01:44:01

2021-07-06 01:44:01 开始第 13 次操作

2021-07-06 01:44:01 开始操作号码 【1756224】
2021-07-06 01:44:11 GSD getOne 第 1 次 等待 1 秒
2021-07-06 01:44:12 查询号码 【1756224】，返回信息 {"status":"bad","msg":""}
2021-07-06 01:44:12 查询号码 【1756224】，GSD为【""】
2021-07-06 01:44:12 bad
2021-07-06 01:44:14 CHB 1756224?1625507052 第 1 次 等待 1 秒
2021-07-06 01:44:15 CHB 1756224?1625507052 第 1 次 获取到号码【1756224】GSD
2021-07-06 01:44:15 获取到号码【1756224】的GSD为【山东-济宁】
2021-07-06 01:44:34 GSD insert 第 1 次 等待 1 秒
2021-07-06 01:44:35 {"status":"ok","msg":"添加成功！202287"}
2021-07-06 01:44:35 下次操作: 2021-07-06 01:44:48

2021-07-06 01:44:48 开始第 14 次操作

2021-07-06 01:44:48 开始操作号码 【1756225】
2021-07-06 01:44:54 GSD getOne 第 1 次 等待 1 秒
2021-07-06 01:44:55 查询号码 【1756225】，返回信息 {"status":"bad","msg":""}
2021-07-06 01:44:55 查询号码 【1756225】，GSD为【""】
2021-07-06 01:44:55 bad
2021-07-06 01:45:01 CHB 1756225?1625507095 第 1 次 等待 1 秒
2021-07-06 01:45:02 CHB 1756225?1625507095 第 1 次 获取到号码【1756225】GSD
2021-07-06 01:45:02 获取到号码【1756225】的GSD为【山东-济宁】
2021-07-06 01:45:21 GSD insert 第 1 次 等待 1 秒
2021-07-06 01:45:22 {"status":"ok","msg":"添加成功！202298"}
2021-07-06 01:45:22 下次操作: 2021-07-06 01:45:31

2021-07-06 01:45:31 开始第 15 次操作

2021-07-06 01:45:31 开始操作号码 【1756226】
2021-07-06 01:45:41 GSD getOne 第 1 次 等待 1 秒
2021-07-06 01:45:42 查询号码 【1756226】，返回信息 {"status":"bad","msg":""}
2021-07-06 01:45:42 查询号码 【1756226】，GSD为【""】
2021-07-06 01:45:42 bad
2021-07-06 01:45:44 CHB 1756226?1625507142 第 1 次 等待 1 秒
2021-07-06 01:45:45 CHB 1756226?1625507142 第 1 次 获取到号码【1756226】GSD
2021-07-06 01:45:45 获取到号码【1756226】的GSD为【山东-济宁】
2021-07-06 01:46:04 GSD insert 第 1 次 等待 1 秒
2021-07-06 01:46:05 {"status":"ok","msg":"添加成功！202309"}
2021-07-06 01:46:05 下次操作: 2021-07-06 01:46:18

2021-07-06 01:46:18 开始第 16 次操作

2021-07-06 01:46:18 开始操作号码 【1756227】
2021-07-06 01:46:25 GSD getOne 第 1 次 等待 1 秒
2021-07-06 01:46:26 查询号码 【1756227】，返回信息 {"status":"bad","msg":""}
2021-07-06 01:46:26 查询号码 【1756227】，GSD为【""】
2021-07-06 01:46:26 bad
2021-07-06 01:46:28 CHB 1756227?1625507186 第 1 次 等待 1 秒
2021-07-06 01:46:29 CHB 1756227?1625507186 第 1 次 获取到号码【1756227】GSD
2021-07-06 01:46:29 获取到号码【1756227】的GSD为【山东-济宁】
2021-07-06 01:46:48 GSD insert 第 1 次 等待 1 秒
2021-07-06 01:46:49 {"status":"ok","msg":"添加成功！202319"}
2021-07-06 01:46:49 下次操作: 2021-07-06 01:46:55

2021-07-06 01:46:55 开始第 17 次操作

2021-07-06 01:46:55 开始操作号码 【1756228】
2021-07-06 01:47:13 GSD getOne 第 1 次 等待 1 秒
2021-07-06 01:47:14 查询号码 【1756228】，返回信息 {"status":"bad","msg":""}
2021-07-06 01:47:15 查询号码 【1756228】，GSD为【""】
2021-07-06 01:47:15 bad
2021-07-06 01:47:20 CHB 1756228?1625507235 第 1 次 等待 1 秒
2021-07-06 01:47:21 CHB 1756228?1625507235 第 1 次 获取到号码【1756228】GSD
2021-07-06 01:47:21 获取到号码【1756228】的GSD为【山东-济宁】
2021-07-06 01:47:40 GSD insert 第 1 次 等待 1 秒
2021-07-06 01:47:41 {"status":"ok","msg":"添加成功！202328"}
2021-07-06 01:47:41 下次操作: 2021-07-06 01:47:59

2021-07-06 01:47:59 开始第 18 次操作

2021-07-06 01:47:59 开始操作号码 【1756229】
2021-07-06 01:48:03 GSD getOne 第 1 次 等待 1 秒
2021-07-06 01:48:04 查询号码 【1756229】，返回信息 {"status":"bad","msg":""}
2021-07-06 01:48:04 查询号码 【1756229】，GSD为【""】
2021-07-06 01:48:04 bad
2021-07-06 01:48:09 CHB 1756229?1625507284 第 1 次 等待 1 秒
2021-07-06 01:48:10 CHB 1756229?1625507284 第 1 次 获取到号码【1756229】GSD
2021-07-06 01:48:10 获取到号码【1756229】的GSD为【山东-济宁】
2021-07-06 01:48:28 GSD insert 第 1 次 等待 1 秒
2021-07-06 01:48:29 {"status":"ok","msg":"添加成功！202335"}
2021-07-06 01:48:29 下次操作: 2021-07-06 01:48:40

2021-07-06 01:48:40 开始第 19 次操作

2021-07-06 01:48:40 开始操作号码 【1756230】
2021-07-06 01:48:52 GSD getOne 第 1 次 等待 1 秒
2021-07-06 01:48:53 查询号码 【1756230】，返回信息 {"status":"bad","msg":""}
2021-07-06 01:48:53 查询号码 【1756230】，GSD为【""】
2021-07-06 01:48:53 bad
2021-07-06 01:48:54 CHB 1756230?1625507333 第 1 次 等待 1 秒
2021-07-06 01:48:55 CHB 1756230?1625507333 第 1 次 获取到号码【1756230】GSD
2021-07-06 01:48:55 获取到号码【1756230】的GSD为【山东-临沂】
2021-07-06 01:49:14 GSD insert 第 1 次 等待 1 秒
2021-07-06 01:49:16 {"status":"ok","msg":"添加成功！202342"}
2021-07-06 01:49:16 下次操作: 2021-07-06 01:49:30

2021-07-06 01:49:30 开始第 20 次操作

2021-07-06 01:49:30 开始操作号码 【1756231】
2021-07-06 01:49:35 GSD getOne 第 1 次 等待 1 秒
2021-07-06 01:49:36 查询号码 【1756231】，返回信息 {"status":"bad","msg":""}
2021-07-06 01:49:36 查询号码 【1756231】，GSD为【""】
2021-07-06 01:49:36 bad
2021-07-06 01:49:37 CHB 1756231?1625507376 第 1 次 等待 1 秒
2021-07-06 01:49:38 CHB 1756231?1625507376 第 1 次 获取到号码【1756231】GSD
2021-07-06 01:49:38 获取到号码【1756231】的GSD为【山东-临沂】
2021-07-06 01:49:58 GSD insert 第 1 次 等待 1 秒
2021-07-06 01:49:59 {"status":"ok","msg":"添加成功！202349"}
2021-07-06 01:49:59 下次操作: 2021-07-06 01:50:10

2021-07-06 01:50:10 开始第 21 次操作

2021-07-06 01:50:10 开始操作号码 【1756232】
2021-07-06 01:50:22 GSD getOne 第 1 次 等待 1 秒
2021-07-06 01:50:23 查询号码 【1756232】，返回信息 {"status":"bad","msg":""}
2021-07-06 01:50:23 查询号码 【1756232】，GSD为【""】
2021-07-06 01:50:23 bad
2021-07-06 01:50:25 CHB 1756232?1625507423 第 1 次 等待 1 秒
2021-07-06 01:50:26 CHB 1756232?1625507423 第 1 次 获取到号码【1756232】GSD
2021-07-06 01:50:26 获取到号码【1756232】的GSD为【山东-临沂】
2021-07-06 01:50:47 GSD insert 第 1 次 等待 1 秒
2021-07-06 01:50:48 {"status":"ok","msg":"添加成功！202360"}
2021-07-06 01:50:48 下次操作: 2021-07-06 01:50:56

2021-07-06 01:50:56 开始第 22 次操作

2021-07-06 01:50:56 开始操作号码 【1756233】
2021-07-06 01:51:07 GSD getOne 第 1 次 等待 1 秒
2021-07-06 01:51:08 查询号码 【1756233】，返回信息 {"status":"bad","msg":""}
2021-07-06 01:51:08 查询号码 【1756233】，GSD为【""】
2021-07-06 01:51:08 bad
2021-07-06 01:51:09 CHB 1756233?1625507468 第 1 次 等待 1 秒
2021-07-06 01:51:10 CHB 1756233?1625507468 第 1 次 获取到号码【1756233】GSD
2021-07-06 01:51:10 获取到号码【1756233】的GSD为【山东-临沂】
2021-07-06 01:51:29 GSD insert 第 1 次 等待 1 秒
2021-07-06 01:51:30 {"status":"ok","msg":"添加成功！202368"}
2021-07-06 01:51:30 下次操作: 2021-07-06 01:51:45

2021-07-06 01:51:45 开始第 23 次操作

2021-07-06 01:51:45 开始操作号码 【1756234】
2021-07-06 01:51:51 GSD getOne 第 1 次 等待 1 秒
2021-07-06 01:51:52 查询号码 【1756234】，返回信息 {"status":"bad","msg":""}
2021-07-06 01:51:52 查询号码 【1756234】，GSD为【""】
2021-07-06 01:51:52 bad
2021-07-06 01:51:53 CHB 1756234?1625507512 第 1 次 等待 1 秒
2021-07-06 01:51:54 CHB 1756234?1625507512 第 1 次 获取到号码【1756234】GSD
2021-07-06 01:51:55 获取到号码【1756234】的GSD为【山东-临沂】
2021-07-06 01:52:14 GSD insert 第 1 次 等待 1 秒
2021-07-06 01:52:15 {"status":"ok","msg":"添加成功！202378"}
2021-07-06 01:52:15 下次操作: 2021-07-06 01:52:30

2021-07-06 01:52:30 开始第 24 次操作

2021-07-06 01:52:30 开始操作号码 【1756235】
2021-07-06 01:52:33 GSD getOne 第 1 次 等待 1 秒
2021-07-06 01:52:34 查询号码 【1756235】，返回信息 {"status":"bad","msg":""}
2021-07-06 01:52:34 查询号码 【1756235】，GSD为【""】
2021-07-06 01:52:34 bad
2021-07-06 01:52:36 CHB 1756235?1625507554 第 1 次 等待 1 秒
2021-07-06 01:52:37 CHB 1756235?1625507554 第 1 次 获取到号码【1756235】GSD
2021-07-06 01:52:37 获取到号码【1756235】的GSD为【山东-临沂】
2021-07-06 01:52:56 GSD insert 第 1 次 等待 1 秒
2021-07-06 01:52:57 {"status":"ok","msg":"添加成功！202382"}
2021-07-06 01:52:57 下次操作: 2021-07-06 01:53:13

2021-07-06 01:53:13 开始第 25 次操作

2021-07-06 01:53:13 开始操作号码 【1756236】
2021-07-06 01:53:17 GSD getOne 第 1 次 等待 1 秒
2021-07-06 01:53:18 查询号码 【1756236】，返回信息 {"status":"bad","msg":""}
2021-07-06 01:53:18 查询号码 【1756236】，GSD为【""】
2021-07-06 01:53:18 bad
2021-07-06 01:53:19 CHB 1756236?1625507598 第 1 次 等待 1 秒
2021-07-06 01:53:20 CHB 1756236?1625507598 第 1 次 获取到号码【1756236】GSD
2021-07-06 01:53:20 获取到号码【1756236】的GSD为【山东-临沂】
2021-07-06 01:53:39 GSD insert 第 1 次 等待 1 秒
2021-07-06 01:53:40 {"status":"ok","msg":"添加成功！202389"}
2021-07-06 01:53:40 下次操作: 2021-07-06 01:53:58

2021-07-06 01:53:58 开始第 26 次操作

2021-07-06 01:53:58 开始操作号码 【1756237】
2021-07-06 01:54:02 GSD getOne 第 1 次 等待 1 秒
2021-07-06 01:54:03 查询号码 【1756237】，返回信息 {"status":"bad","msg":""}
2021-07-06 01:54:03 查询号码 【1756237】，GSD为【""】
2021-07-06 01:54:03 bad
2021-07-06 01:54:08 CHB 1756237?1625507643 第 1 次 等待 1 秒
2021-07-06 01:54:09 CHB 1756237?1625507643 第 1 次 获取到号码【1756237】GSD
2021-07-06 01:54:09 获取到号码【1756237】的GSD为【山东-临沂】
2021-07-06 01:54:28 GSD insert 第 1 次 等待 1 秒
2021-07-06 01:54:29 {"status":"ok","msg":"添加成功！202396"}
2021-07-06 01:54:29 下次操作: 2021-07-06 01:54:39

2021-07-06 01:54:39 开始第 27 次操作

2021-07-06 01:54:39 开始操作号码 【1756238】
2021-07-06 01:54:49 GSD getOne 第 1 次 等待 1 秒
2021-07-06 01:54:50 查询号码 【1756238】，返回信息 {"status":"bad","msg":""}
2021-07-06 01:54:50 查询号码 【1756238】，GSD为【""】
2021-07-06 01:54:50 bad
2021-07-06 01:54:52 CHB 1756238?1625507690 第 1 次 等待 1 秒
2021-07-06 01:54:53 CHB 1756238?1625507690 第 1 次 获取到号码【1756238】GSD
2021-07-06 01:54:53 获取到号码【1756238】的GSD为【山东-临沂】
2021-07-06 01:55:12 GSD insert 第 1 次 等待 1 秒
2021-07-06 01:55:13 {"status":"ok","msg":"添加成功！202405"}
2021-07-06 01:55:13 下次操作: 2021-07-06 01:55:24

2021-07-06 01:55:24 开始第 28 次操作

2021-07-06 01:55:24 开始操作号码 【1756239】
2021-07-06 01:55:35 GSD getOne 第 1 次 等待 1 秒
2021-07-06 01:55:36 查询号码 【1756239】，返回信息 {"status":"bad","msg":""}
2021-07-06 01:55:36 查询号码 【1756239】，GSD为【""】
2021-07-06 01:55:36 bad
2021-07-06 01:55:37 CHB 1756239?1625507736 第 1 次 等待 1 秒
2021-07-06 01:55:38 CHB 1756239?1625507736 第 1 次 获取到号码【1756239】GSD
2021-07-06 01:55:38 获取到号码【1756239】的GSD为【山东-临沂】
2021-07-06 01:55:58 GSD insert 第 1 次 等待 1 秒
2021-07-06 01:55:59 {"status":"ok","msg":"添加成功！202411"}
2021-07-06 01:55:59 下次操作: 2021-07-06 01:56:13

2021-07-06 01:56:13 开始第 29 次操作

2021-07-06 01:56:13 开始操作号码 【1756240】
2021-07-06 01:56:18 GSD getOne 第 1 次 等待 1 秒
2021-07-06 01:56:19 查询号码 【1756240】，返回信息 {"status":"bad","msg":""}
2021-07-06 01:56:19 查询号码 【1756240】，GSD为【""】
2021-07-06 01:56:19 bad
2021-07-06 01:56:21 CHB 1756240?1625507779 第 1 次 等待 1 秒
2021-07-06 01:56:22 CHB 1756240?1625507779 第 1 次 获取到号码【1756240】GSD
2021-07-06 01:56:22 获取到号码【1756240】的GSD为【山东-德州】
2021-07-06 01:56:41 GSD insert 第 1 次 等待 1 秒
2021-07-06 01:56:42 {"status":"ok","msg":"添加成功！202416"}
2021-07-06 01:56:42 下次操作: 2021-07-06 01:56:56

2021-07-06 01:56:56 开始第 30 次操作

2021-07-06 01:56:56 开始操作号码 【1756241】
2021-07-06 01:57:01 GSD getOne 第 1 次 等待 1 秒
2021-07-06 01:57:02 查询号码 【1756241】，返回信息 {"status":"bad","msg":""}
2021-07-06 01:57:02 查询号码 【1756241】，GSD为【""】
2021-07-06 01:57:02 bad
2021-07-06 01:57:03 CHB 1756241?1625507822 第 1 次 等待 1 秒
2021-07-06 01:57:04 CHB 1756241?1625507822 第 1 次 获取到号码【1756241】GSD
2021-07-06 01:57:04 获取到号码【1756241】的GSD为【山东-德州】
2021-07-06 01:57:23 GSD insert 第 1 次 等待 1 秒
2021-07-06 01:57:24 {"status":"ok","msg":"添加成功！202418"}

