2024-09-03 00:28:04 开始第 2433 次操作

2024-09-03 00:28:04 开始操作号码 【1432432】
2024-09-03 00:28:12 GSD getOne 第 1 次 等待 3 秒
2024-09-03 00:28:15 查询号码 【1432432】，返回信息 {"status":"ok","msg":"-","gid":"560816","time_insert":"2023-02-28 12:24"}
2024-09-03 00:28:15 查询号码 【1432432】，GSD为【"-"】
2024-09-03 00:28:15 ok && -
2024-09-03 00:28:17 CHB 1432432?1725294495 第 1 次 等待 3 秒
2024-09-03 00:28:20 CHB 1432432?1725294495 第 1 次 获取到号码【1432432】GSD
2024-09-03 00:28:20 未获取到号码【1432432】GSD，可能号码格式错误
2024-09-03 00:28:20 获取到号码【1432432】的GSD为【-】
2024-09-03 00:28:28 GSD insert 第 1 次 等待 3 秒
2024-09-03 00:28:31 {"status":"bad","gid":"560816","msg":"添加失败！号码【1432432(-|-)】已存在！"}
2024-09-03 00:28:31 随机等待 105 秒，约 1 分钟
2024-09-03 00:28:31 下次操作: 2024-09-03 00:30:16

2024-09-03 00:30:16 开始第 2434 次操作

2024-09-03 00:30:16 开始操作号码 【1432433】
2024-09-03 00:30:23 GSD getOne 第 1 次 等待 3 秒
2024-09-03 00:30:26 查询号码 【1432433】，返回信息 {"status":"ok","msg":"-","gid":"560839","time_insert":"2023-02-28 12:40"}
2024-09-03 00:30:26 查询号码 【1432433】，GSD为【"-"】
2024-09-03 00:30:26 ok && -
2024-09-03 00:30:29 CHB 1432433?1725294626 第 1 次 等待 3 秒
2024-09-03 00:30:32 CHB 1432433?1725294626 第 1 次 获取到号码【1432433】GSD
2024-09-03 00:30:32 未获取到号码【1432433】GSD，可能号码格式错误
2024-09-03 00:30:32 获取到号码【1432433】的GSD为【-】
2024-09-03 00:30:39 GSD insert 第 1 次 等待 3 秒
2024-09-03 00:30:42 {"status":"bad","gid":"560839","msg":"添加失败！号码【1432433(-|-)】已存在！"}
2024-09-03 00:30:42 随机等待 87 秒，约 1 分钟
2024-09-03 00:30:42 下次操作: 2024-09-03 00:32:09

2024-09-03 00:32:09 开始第 2435 次操作

2024-09-03 00:32:09 开始操作号码 【1432434】
2024-09-03 00:32:18 GSD getOne 第 1 次 等待 3 秒
2024-09-03 00:32:21 查询号码 【1432434】，返回信息 {"status":"ok","msg":"-","gid":"560859","time_insert":"2023-02-28 12:49"}
2024-09-03 00:32:21 查询号码 【1432434】，GSD为【"-"】
2024-09-03 00:32:21 ok && -
2024-09-03 00:32:24 CHB 1432434?1725294741 第 1 次 等待 3 秒
2024-09-03 00:32:27 CHB 1432434?1725294741 第 1 次 获取到号码【1432434】GSD
2024-09-03 00:32:27 未获取到号码【1432434】GSD，可能号码格式错误
2024-09-03 00:32:27 获取到号码【1432434】的GSD为【-】
2024-09-03 00:32:34 GSD insert 第 1 次 等待 3 秒
2024-09-03 00:32:37 {"status":"bad","gid":"560859","msg":"添加失败！号码【1432434(-|-)】已存在！"}
2024-09-03 00:32:37 随机等待 90 秒，约 1 分钟
2024-09-03 00:32:37 下次操作: 2024-09-03 00:34:07

2024-09-03 00:34:07 开始第 2436 次操作

2024-09-03 00:34:07 开始操作号码 【1432435】
2024-09-03 00:34:16 GSD getOne 第 1 次 等待 3 秒
2024-09-03 00:34:19 查询号码 【1432435】，返回信息 {"status":"ok","msg":"-","gid":"560885","time_insert":"2023-02-28 13:06"}
2024-09-03 00:34:19 查询号码 【1432435】，GSD为【"-"】
2024-09-03 00:34:19 ok && -
2024-09-03 00:34:20 CHB 1432435?1725294859 第 1 次 等待 3 秒
2024-09-03 00:34:23 CHB 1432435?1725294859 第 1 次 获取到号码【1432435】GSD
2024-09-03 00:34:23 未获取到号码【1432435】GSD，可能号码格式错误
2024-09-03 00:34:23 获取到号码【1432435】的GSD为【-】
2024-09-03 00:34:31 GSD insert 第 1 次 等待 3 秒
2024-09-03 00:34:34 {"status":"bad","gid":"560885","msg":"添加失败！号码【1432435(-|-)】已存在！"}

