2021-07-07 00:00:42 开始第 6 次操作

2021-07-07 00:00:42 开始操作号码 【1756838】
2021-07-07 00:00:46 GSD getOne 第 1 次 等待 1 秒
2021-07-07 00:00:47 查询号码 【1756838】，返回信息 {"status":"bad","msg":""}
2021-07-07 00:00:47 查询号码 【1756838】，GSD为【""】
2021-07-07 00:00:47 bad
2021-07-07 00:00:49 CHB 1756838?1625587247 第 1 次 等待 1 秒
2021-07-07 00:00:50 CHB 1756838?1625587247 第 1 次 获取到号码【1756838】GSD
2021-07-07 00:00:50 获取到号码【1756838】的GSD为【山东-临沂】
2021-07-07 00:01:09 GSD insert 第 1 次 等待 1 秒
2021-07-07 00:01:10 {"status":"ok","msg":"添加成功！210002"}
2021-07-07 00:01:10 下次操作: 2021-07-07 00:01:28

2021-07-07 00:01:28 开始第 7 次操作

2021-07-07 00:01:28 开始操作号码 【1756839】
2021-07-07 00:01:32 GSD getOne 第 1 次 等待 1 秒
2021-07-07 00:01:33 查询号码 【1756839】，返回信息 {"status":"bad","msg":""}
2021-07-07 00:01:33 查询号码 【1756839】，GSD为【""】
2021-07-07 00:01:33 bad
2021-07-07 00:01:35 CHB 1756839?1625587293 第 1 次 等待 1 秒
2021-07-07 00:01:36 CHB 1756839?1625587293 第 1 次 获取到号码【1756839】GSD
2021-07-07 00:01:36 获取到号码【1756839】的GSD为【山东-临沂】
2021-07-07 00:01:54 GSD insert 第 1 次 等待 1 秒
2021-07-07 00:01:55 {"status":"ok","msg":"添加成功！210010"}
2021-07-07 00:01:55 下次操作: 2021-07-07 00:02:04

2021-07-07 00:02:04 开始第 8 次操作

2021-07-07 00:02:05 开始操作号码 【1756840】
2021-07-07 00:02:16 GSD getOne 第 1 次 等待 1 秒
2021-07-07 00:02:17 查询号码 【1756840】，返回信息 {"status":"bad","msg":""}
2021-07-07 00:02:17 查询号码 【1756840】，GSD为【""】
2021-07-07 00:02:17 bad
2021-07-07 00:02:19 CHB 1756840?1625587337 第 1 次 等待 1 秒
2021-07-07 00:02:20 CHB 1756840?1625587337 第 1 次 获取到号码【1756840】GSD
2021-07-07 00:02:20 获取到号码【1756840】的GSD为【山东-临沂】
2021-07-07 00:02:40 GSD insert 第 1 次 等待 1 秒
2021-07-07 00:02:41 {"status":"ok","msg":"添加成功！210016"}
2021-07-07 00:02:41 下次操作: 2021-07-07 00:02:49

2021-07-07 00:02:49 开始第 9 次操作

2021-07-07 00:02:49 开始操作号码 【1756841】
2021-07-07 00:03:10 GSD getOne 第 1 次 等待 1 秒
2021-07-07 00:03:11 查询号码 【1756841】，返回信息 {"status":"bad","msg":""}
2021-07-07 00:03:11 查询号码 【1756841】，GSD为【""】
2021-07-07 00:03:11 bad
2021-07-07 00:03:16 CHB 1756841?1625587391 第 1 次 等待 1 秒
2021-07-07 00:03:17 CHB 1756841?1625587391 第 1 次 获取到号码【1756841】GSD
2021-07-07 00:03:17 获取到号码【1756841】的GSD为【山东-临沂】
2021-07-07 00:03:36 GSD insert 第 1 次 等待 1 秒
2021-07-07 00:03:37 {"status":"ok","msg":"添加成功！210023"}
2021-07-07 00:03:37 下次操作: 2021-07-07 00:03:48

2021-07-07 00:03:48 开始第 10 次操作

2021-07-07 00:03:48 开始操作号码 【1756842】
2021-07-07 00:03:59 GSD getOne 第 1 次 等待 1 秒
2021-07-07 00:04:00 查询号码 【1756842】，返回信息 {"status":"bad","msg":""}
2021-07-07 00:04:01 查询号码 【1756842】，GSD为【""】
2021-07-07 00:04:01 bad
2021-07-07 00:04:02 CHB 1756842?1625587441 第 1 次 等待 1 秒
2021-07-07 00:04:03 CHB 1756842?1625587441 第 1 次 获取到号码【1756842】GSD
2021-07-07 00:04:03 获取到号码【1756842】的GSD为【山东-临沂】
2021-07-07 00:04:23 GSD insert 第 1 次 等待 1 秒
2021-07-07 00:04:24 {"status":"ok","msg":"添加成功！210030"}
2021-07-07 00:04:24 下次操作: 2021-07-07 00:04:32

2021-07-07 00:04:32 开始第 11 次操作

2021-07-07 00:04:32 开始操作号码 【1756843】
2021-07-07 00:04:54 GSD getOne 第 1 次 等待 1 秒
2021-07-07 00:04:55 查询号码 【1756843】，返回信息 {"status":"bad","msg":""}
2021-07-07 00:04:55 查询号码 【1756843】，GSD为【""】
2021-07-07 00:04:55 bad
2021-07-07 00:04:56 CHB 1756843?1625587495 第 1 次 等待 1 秒
2021-07-07 00:04:57 CHB 1756843?1625587495 第 1 次 获取到号码【1756843】GSD
2021-07-07 00:04:57 获取到号码【1756843】的GSD为【山东-临沂】
2021-07-07 00:05:33 GSD insert 第 1 次 等待 1 秒
2021-07-07 00:05:34 {"status":"ok","msg":"添加成功！210043"}
2021-07-07 00:05:34 下次操作: 2021-07-07 00:05:49

2021-07-07 00:05:49 开始第 12 次操作

2021-07-07 00:05:49 开始操作号码 【1756844】
2021-07-07 00:05:58 GSD getOne 第 1 次 等待 1 秒
2021-07-07 00:05:59 查询号码 【1756844】，返回信息 {"status":"bad","msg":""}
2021-07-07 00:05:59 查询号码 【1756844】，GSD为【""】
2021-07-07 00:05:59 bad
2021-07-07 00:06:00 CHB 1756844?1625587559 第 1 次 等待 1 秒
2021-07-07 00:06:01 CHB 1756844?1625587559 第 1 次 获取到号码【1756844】GSD
2021-07-07 00:06:01 获取到号码【1756844】的GSD为【山东-临沂】
2021-07-07 00:06:21 GSD insert 第 1 次 等待 1 秒
2021-07-07 00:06:22 {"status":"ok","msg":"添加成功！210053"}
2021-07-07 00:06:22 下次操作: 2021-07-07 00:06:30

2021-07-07 00:06:30 开始第 13 次操作

2021-07-07 00:06:30 开始操作号码 【1756845】
2021-07-07 00:06:41 GSD getOne 第 1 次 等待 1 秒
2021-07-07 00:06:42 查询号码 【1756845】，返回信息 {"status":"ok","msg":"山东-临沂","time_insert":"2019-04-14 21:30","time_update":"2020-09-09 16:11"}
2021-07-07 00:06:42 查询号码 【1756845】，GSD为【"山东-临沂"】

2021-07-07 00:06:42 开始第 13 次操作

2021-07-07 00:06:42 开始操作号码 【1756846】
2021-07-07 00:07:03 GSD getOne 第 1 次 等待 1 秒
2021-07-07 00:07:04 查询号码 【1756846】，返回信息 {"status":"bad","msg":""}
2021-07-07 00:07:04 查询号码 【1756846】，GSD为【""】
2021-07-07 00:07:04 bad
2021-07-07 00:07:05 CHB 1756846?1625587624 第 1 次 等待 1 秒
2021-07-07 00:07:06 CHB 1756846?1625587624 第 1 次 获取到号码【1756846】GSD
2021-07-07 00:07:06 获取到号码【1756846】的GSD为【山东-临沂】
2021-07-07 00:07:27 GSD insert 第 1 次 等待 1 秒
2021-07-07 00:07:28 {"status":"ok","msg":"添加成功！210065"}
2021-07-07 00:07:28 下次操作: 2021-07-07 00:07:46

2021-07-07 00:07:46 开始第 14 次操作

2021-07-07 00:07:46 开始操作号码 【1756847】
2021-07-07 00:07:51 GSD getOne 第 1 次 等待 1 秒
2021-07-07 00:07:52 查询号码 【1756847】，返回信息 {"status":"bad","msg":""}
2021-07-07 00:07:52 查询号码 【1756847】，GSD为【""】
2021-07-07 00:07:52 bad
2021-07-07 00:07:53 CHB 1756847?1625587672 第 1 次 等待 1 秒
2021-07-07 00:07:54 CHB 1756847?1625587672 第 1 次 获取到号码【1756847】GSD
2021-07-07 00:07:54 获取到号码【1756847】的GSD为【山东-临沂】
2021-07-07 00:08:31 GSD insert 第 1 次 等待 1 秒
2021-07-07 00:08:32 {"status":"ok","msg":"添加成功！210077"}
2021-07-07 00:08:32 下次操作: 2021-07-07 00:08:49

2021-07-07 00:08:49 开始第 15 次操作

2021-07-07 00:08:49 开始操作号码 【1756848】
2021-07-07 00:08:53 GSD getOne 第 1 次 等待 1 秒
2021-07-07 00:08:54 查询号码 【1756848】，返回信息 {"status":"bad","msg":""}
2021-07-07 00:08:55 查询号码 【1756848】，GSD为【""】
2021-07-07 00:08:55 bad
2021-07-07 00:08:56 CHB 1756848?1625587735 第 1 次 等待 1 秒
2021-07-07 00:08:57 CHB 1756848?1625587735 第 1 次 获取到号码【1756848】GSD
2021-07-07 00:08:57 获取到号码【1756848】的GSD为【山东-临沂】
2021-07-07 00:09:32 GSD insert 第 1 次 等待 1 秒
2021-07-07 00:09:33 {"status":"ok","msg":"添加成功！210088"}
2021-07-07 00:09:33 下次操作: 2021-07-07 00:09:43

2021-07-07 00:09:43 开始第 16 次操作

2021-07-07 00:09:43 开始操作号码 【1756849】
2021-07-07 00:10:00 GSD getOne 第 1 次 等待 1 秒
2021-07-07 00:10:01 查询号码 【1756849】，返回信息 {"status":"bad","msg":""}
2021-07-07 00:10:01 查询号码 【1756849】，GSD为【""】
2021-07-07 00:10:01 bad
2021-07-07 00:10:02 CHB 1756849?1625587801 第 1 次 等待 1 秒
2021-07-07 00:10:04 CHB 1756849?1625587801 第 1 次 获取到号码【1756849】GSD
2021-07-07 00:10:04 获取到号码【1756849】的GSD为【山东-临沂】
2021-07-07 00:10:23 GSD insert 第 1 次 等待 1 秒
2021-07-07 00:10:24 {"status":"ok","msg":"添加成功！210096"}
2021-07-07 00:10:24 下次操作: 2021-07-07 00:10:30

2021-07-07 00:10:30 开始第 17 次操作

2021-07-07 00:10:30 开始操作号码 【1756850】
2021-07-07 00:11:07 GSD getOne 第 1 次 等待 1 秒
2021-07-07 00:11:08 查询号码 【1756850】，返回信息 {"status":"bad","msg":""}
2021-07-07 00:11:08 查询号码 【1756850】，GSD为【""】
2021-07-07 00:11:08 bad
2021-07-07 00:11:09 CHB 1756850?1625587868 第 1 次 等待 1 秒
2021-07-07 00:11:10 CHB 1756850?1625587868 第 1 次 获取到号码【1756850】GSD
2021-07-07 00:11:10 获取到号码【1756850】的GSD为【山东-济宁】
2021-07-07 00:11:30 GSD insert 第 1 次 等待 1 秒
2021-07-07 00:11:31 {"status":"ok","msg":"添加成功！210104"}
2021-07-07 00:11:31 下次操作: 2021-07-07 00:11:45

2021-07-07 00:11:45 开始第 18 次操作

2021-07-07 00:11:45 开始操作号码 【1756851】
2021-07-07 00:11:50 GSD getOne 第 1 次 等待 1 秒
2021-07-07 00:11:51 查询号码 【1756851】，返回信息 {"status":"bad","msg":""}
2021-07-07 00:11:51 查询号码 【1756851】，GSD为【""】
2021-07-07 00:11:51 bad
2021-07-07 00:11:52 CHB 1756851?1625587911 第 1 次 等待 1 秒
2021-07-07 00:11:53 CHB 1756851?1625587911 第 1 次 获取到号码【1756851】GSD
2021-07-07 00:11:53 获取到号码【1756851】的GSD为【山东-济宁】
2021-07-07 00:12:29 GSD insert 第 1 次 等待 1 秒
2021-07-07 00:12:30 {"status":"ok","msg":"添加成功！210111"}
2021-07-07 00:12:30 下次操作: 2021-07-07 00:12:48

2021-07-07 00:12:48 开始第 19 次操作

2021-07-07 00:12:48 开始操作号码 【1756852】
2021-07-07 00:12:52 GSD getOne 第 1 次 等待 1 秒
2021-07-07 00:12:53 查询号码 【1756852】，返回信息 {"status":"bad","msg":""}
2021-07-07 00:12:53 查询号码 【1756852】，GSD为【""】
2021-07-07 00:12:53 bad
2021-07-07 00:12:54 CHB 1756852?1625587973 第 1 次 等待 1 秒
2021-07-07 00:12:55 CHB 1756852?1625587973 第 1 次 获取到号码【1756852】GSD
2021-07-07 00:12:55 获取到号码【1756852】的GSD为【山东-济宁】
2021-07-07 00:13:14 GSD insert 第 1 次 等待 1 秒
2021-07-07 00:13:15 {"status":"ok","msg":"添加成功！210116"}
2021-07-07 00:13:15 下次操作: 2021-07-07 00:13:29

2021-07-07 00:13:29 开始第 20 次操作

2021-07-07 00:13:29 开始操作号码 【1756853】
2021-07-07 00:13:34 GSD getOne 第 1 次 等待 1 秒
2021-07-07 00:13:35 查询号码 【1756853】，返回信息 {"status":"bad","msg":""}
2021-07-07 00:13:35 查询号码 【1756853】，GSD为【""】
2021-07-07 00:13:35 bad
2021-07-07 00:13:37 CHB 1756853?1625588015 第 1 次 等待 1 秒
2021-07-07 00:13:38 CHB 1756853?1625588015 第 1 次 获取到号码【1756853】GSD
2021-07-07 00:13:38 获取到号码【1756853】的GSD为【山东-济宁】
2021-07-07 00:14:01 GSD insert 第 1 次 等待 1 秒
2021-07-07 00:14:02 {"status":"ok","msg":"添加成功！210119"}
2021-07-07 00:14:02 下次操作: 2021-07-07 00:14:14

2021-07-07 00:14:14 开始第 21 次操作

2021-07-07 00:14:14 开始操作号码 【1756854】
2021-07-07 00:14:22 GSD getOne 第 1 次 等待 1 秒
2021-07-07 00:14:23 查询号码 【1756854】，返回信息 {"status":"bad","msg":""}
2021-07-07 00:14:23 查询号码 【1756854】，GSD为【""】
2021-07-07 00:14:23 bad
2021-07-07 00:14:24 CHB 1756854?1625588063 第 1 次 等待 1 秒
2021-07-07 00:14:25 CHB 1756854?1625588063 第 1 次 获取到号码【1756854】GSD
2021-07-07 00:14:25 获取到号码【1756854】的GSD为【山东-济宁】
2021-07-07 00:14:44 GSD insert 第 1 次 等待 1 秒
2021-07-07 00:14:45 {"status":"ok","msg":"添加成功！210124"}
2021-07-07 00:14:46 下次操作: 2021-07-07 00:14:57

2021-07-07 00:14:57 开始第 22 次操作

2021-07-07 00:14:57 开始操作号码 【1756855】
2021-07-07 00:15:08 GSD getOne 第 1 次 等待 1 秒
2021-07-07 00:15:09 查询号码 【1756855】，返回信息 {"status":"bad","msg":""}
2021-07-07 00:15:09 查询号码 【1756855】，GSD为【""】
2021-07-07 00:15:09 bad
2021-07-07 00:15:10 CHB 1756855?1625588109 第 1 次 等待 1 秒
2021-07-07 00:15:11 CHB 1756855?1625588109 第 1 次 获取到号码【1756855】GSD
2021-07-07 00:15:11 获取到号码【1756855】的GSD为【山东-济宁】
2021-07-07 00:15:33 GSD insert 第 1 次 等待 1 秒
2021-07-07 00:15:34 {"status":"ok","msg":"添加成功！210128"}
2021-07-07 00:15:34 下次操作: 2021-07-07 00:15:47

2021-07-07 00:15:47 开始第 23 次操作

2021-07-07 00:15:47 开始操作号码 【1756856】
2021-07-07 00:15:59 GSD getOne 第 1 次 等待 1 秒
2021-07-07 00:16:00 查询号码 【1756856】，返回信息 {"status":"bad","msg":""}
2021-07-07 00:16:00 查询号码 【1756856】，GSD为【""】
2021-07-07 00:16:00 bad
2021-07-07 00:16:01 CHB 1756856?1625588160 第 1 次 等待 1 秒
2021-07-07 00:16:02 CHB 1756856?1625588160 第 1 次 获取到号码【1756856】GSD
2021-07-07 00:16:02 获取到号码【1756856】的GSD为【山东-济宁】
2021-07-07 00:16:21 GSD insert 第 1 次 等待 1 秒
2021-07-07 00:16:22 {"status":"ok","msg":"添加成功！210134"}
2021-07-07 00:16:22 下次操作: 2021-07-07 00:16:29

2021-07-07 00:16:29 开始第 24 次操作

2021-07-07 00:16:29 开始操作号码 【1756857】
2021-07-07 00:16:49 GSD getOne 第 1 次 等待 1 秒
2021-07-07 00:16:50 查询号码 【1756857】，返回信息 {"status":"bad","msg":""}
2021-07-07 00:16:50 查询号码 【1756857】，GSD为【""】
2021-07-07 00:16:50 bad
2021-07-07 00:16:52 CHB 1756857?1625588210 第 1 次 等待 1 秒
2021-07-07 00:16:53 CHB 1756857?1625588210 第 1 次 获取到号码【1756857】GSD
2021-07-07 00:16:53 获取到号码【1756857】的GSD为【山东-济宁】
2021-07-07 00:17:15 GSD insert 第 1 次 等待 1 秒
2021-07-07 00:17:16 {"status":"ok","msg":"添加成功！210142"}
2021-07-07 00:17:16 下次操作: 2021-07-07 00:17:32

2021-07-07 00:17:32 开始第 25 次操作

2021-07-07 00:17:32 开始操作号码 【1756858】
2021-07-07 00:17:41 GSD getOne 第 1 次 等待 1 秒
2021-07-07 00:17:42 查询号码 【1756858】，返回信息 {"status":"bad","msg":""}
2021-07-07 00:17:42 查询号码 【1756858】，GSD为【""】
2021-07-07 00:17:42 bad
2021-07-07 00:17:44 CHB 1756858?1625588262 第 1 次 等待 1 秒
2021-07-07 00:17:45 CHB 1756858?1625588262 第 1 次 获取到号码【1756858】GSD
2021-07-07 00:17:45 获取到号码【1756858】的GSD为【山东-济宁】
2021-07-07 00:18:05 GSD insert 第 1 次 等待 1 秒
2021-07-07 00:18:06 {"status":"ok","msg":"添加成功！210146"}
2021-07-07 00:18:06 下次操作: 2021-07-07 00:18:13

2021-07-07 00:18:13 开始第 26 次操作

2021-07-07 00:18:13 开始操作号码 【1756859】
2021-07-07 00:18:32 GSD getOne 第 1 次 等待 1 秒
2021-07-07 00:18:33 查询号码 【1756859】，返回信息 {"status":"bad","msg":""}
2021-07-07 00:18:33 查询号码 【1756859】，GSD为【""】
2021-07-07 00:18:33 bad
2021-07-07 00:18:35 CHB 1756859?1625588313 第 1 次 等待 1 秒
2021-07-07 00:18:36 CHB 1756859?1625588313 第 1 次 获取到号码【1756859】GSD
2021-07-07 00:18:36 获取到号码【1756859】的GSD为【山东-济宁】
2021-07-07 00:18:55 GSD insert 第 1 次 等待 1 秒
2021-07-07 00:18:56 {"status":"ok","msg":"添加成功！210153"}
2021-07-07 00:18:56 下次操作: 2021-07-07 00:19:10

2021-07-07 00:19:10 开始第 27 次操作

2021-07-07 00:19:10 开始操作号码 【1756860】
2021-07-07 00:19:16 GSD getOne 第 1 次 等待 1 秒
2021-07-07 00:19:17 查询号码 【1756860】，返回信息 {"status":"bad","msg":""}
2021-07-07 00:19:17 查询号码 【1756860】，GSD为【""】
2021-07-07 00:19:17 bad
2021-07-07 00:19:18 CHB 1756860?1625588357 第 1 次 等待 1 秒
2021-07-07 00:19:19 CHB 1756860?1625588357 第 1 次 获取到号码【1756860】GSD
2021-07-07 00:19:19 获取到号码【1756860】的GSD为【山东-济宁】
2021-07-07 00:19:38 GSD insert 第 1 次 等待 1 秒
2021-07-07 00:19:39 {"status":"ok","msg":"添加成功！210159"}
2021-07-07 00:19:39 下次操作: 2021-07-07 00:19:57

2021-07-07 00:19:57 开始第 28 次操作

2021-07-07 00:19:57 开始操作号码 【1756861】
2021-07-07 00:20:02 GSD getOne 第 1 次 等待 1 秒
2021-07-07 00:20:03 查询号码 【1756861】，返回信息 {"status":"bad","msg":""}
2021-07-07 00:20:03 查询号码 【1756861】，GSD为【""】
2021-07-07 00:20:03 bad
2021-07-07 00:20:05 CHB 1756861?1625588403 第 1 次 等待 1 秒
2021-07-07 00:20:06 CHB 1756861?1625588403 第 1 次 获取到号码【1756861】GSD
2021-07-07 00:20:06 获取到号码【1756861】的GSD为【山东-济宁】
2021-07-07 00:20:41 GSD insert 第 1 次 等待 1 秒
2021-07-07 00:20:42 {"status":"ok","msg":"添加成功！210167"}
2021-07-07 00:20:42 下次操作: 2021-07-07 00:20:51

2021-07-07 00:20:51 开始第 29 次操作

2021-07-07 00:20:51 开始操作号码 【1756862】
2021-07-07 00:21:02 GSD getOne 第 1 次 等待 1 秒
2021-07-07 00:21:03 查询号码 【1756862】，返回信息 {"status":"bad","msg":""}
2021-07-07 00:21:04 查询号码 【1756862】，GSD为【""】
2021-07-07 00:21:04 bad
2021-07-07 00:21:05 CHB 1756862?1625588464 第 1 次 等待 1 秒
2021-07-07 00:21:06 CHB 1756862?1625588464 第 1 次 获取到号码【1756862】GSD
2021-07-07 00:21:06 获取到号码【1756862】的GSD为【山东-济宁】
2021-07-07 00:21:27 GSD insert 第 1 次 等待 1 秒
2021-07-07 00:21:28 {"status":"ok","msg":"添加成功！210171"}
2021-07-07 00:21:28 下次操作: 2021-07-07 00:21:36

2021-07-07 00:21:36 开始第 30 次操作

2021-07-07 00:21:36 开始操作号码 【1756863】
2021-07-07 00:21:46 GSD getOne 第 1 次 等待 1 秒
2021-07-07 00:21:47 查询号码 【1756863】，返回信息 {"status":"bad","msg":""}
2021-07-07 00:21:48 查询号码 【1756863】，GSD为【""】
2021-07-07 00:21:48 bad
2021-07-07 00:21:49 CHB 1756863?1625588508 第 1 次 等待 1 秒
2021-07-07 00:21:50 CHB 1756863?1625588508 第 1 次 获取到号码【1756863】GSD
2021-07-07 00:21:50 获取到号码【1756863】的GSD为【山东-济宁】
2021-07-07 00:22:11 GSD insert 第 1 次 等待 1 秒
2021-07-07 00:22:12 {"status":"ok","msg":"添加成功！210173"}

2021-07-07 01:34:51 开始第 1 次操作

2021-07-07 01:34:51 开始操作号码 【1756864】
2021-07-07 01:34:56 GSD getOne 第 1 次 等待 1 秒
2021-07-07 01:34:57 查询号码 【1756864】，返回信息 {"status":"bad","msg":""}
2021-07-07 01:34:57 查询号码 【1756864】，GSD为【""】
2021-07-07 01:34:57 bad
2021-07-07 01:34:59 CHB 1756864?1625592897 第 1 次 等待 1 秒
2021-07-07 01:35:00 CHB 1756864?1625592897 第 1 次 获取到号码【1756864】GSD
2021-07-07 01:35:00 获取到号码【1756864】的GSD为【山东-济宁】
2021-07-07 01:35:03 GSD insert 第 1 次 等待 1 秒
2021-07-07 01:35:04 {"status":"ok","msg":"添加成功！210458"}
2021-07-07 01:35:04 下次操作: 2021-07-07 01:35:18

2021-07-07 01:35:18 开始第 2 次操作

2021-07-07 01:35:18 开始操作号码 【1756865】
2021-07-07 01:35:27 GSD getOne 第 1 次 等待 1 秒
2021-07-07 01:35:28 查询号码 【1756865】，返回信息 {"status":"bad","msg":""}
2021-07-07 01:35:28 查询号码 【1756865】，GSD为【""】
2021-07-07 01:35:28 bad
2021-07-07 01:35:29 CHB 1756865?1625592928 第 1 次 等待 1 秒
2021-07-07 01:35:30 CHB 1756865?1625592928 第 1 次 获取到号码【1756865】GSD
2021-07-07 01:35:30 获取到号码【1756865】的GSD为【山东-济宁】
2021-07-07 01:35:35 GSD insert 第 1 次 等待 1 秒
2021-07-07 01:35:36 {"status":"ok","msg":"添加成功！210461"}
2021-07-07 01:35:36 下次操作: 2021-07-07 01:35:45

2021-07-07 01:35:45 开始第 3 次操作

2021-07-07 01:35:45 开始操作号码 【1756866】
2021-07-07 01:35:48 GSD getOne 第 1 次 等待 1 秒
2021-07-07 01:35:49 查询号码 【1756866】，返回信息 {"status":"bad","msg":""}
2021-07-07 01:35:49 查询号码 【1756866】，GSD为【""】
2021-07-07 01:35:49 bad
2021-07-07 01:35:51 CHB 1756866?1625592949 第 1 次 等待 1 秒
2021-07-07 01:35:52 CHB 1756866?1625592949 第 1 次 获取到号码【1756866】GSD
2021-07-07 01:35:52 获取到号码【1756866】的GSD为【山东-济宁】
2021-07-07 01:36:01 GSD insert 第 1 次 等待 1 秒
2021-07-07 01:36:02 {"status":"ok","msg":"添加成功！210466"}
2021-07-07 01:36:02 下次操作: 2021-07-07 01:36:16

2021-07-07 01:36:16 开始第 4 次操作

2021-07-07 01:36:16 开始操作号码 【1756867】
2021-07-07 01:36:26 GSD getOne 第 1 次 等待 1 秒
2021-07-07 01:36:27 查询号码 【1756867】，返回信息 {"status":"bad","msg":""}
2021-07-07 01:36:27 查询号码 【1756867】，GSD为【""】
2021-07-07 01:36:27 bad
2021-07-07 01:36:28 CHB 1756867?1625592987 第 1 次 等待 1 秒
2021-07-07 01:36:29 CHB 1756867?1625592987 第 1 次 获取到号码【1756867】GSD
2021-07-07 01:36:29 获取到号码【1756867】的GSD为【山东-济宁】
2021-07-07 01:36:34 GSD insert 第 1 次 等待 1 秒
2021-07-07 01:36:35 {"status":"ok","msg":"添加成功！210469"}
2021-07-07 01:36:35 下次操作: 2021-07-07 01:36:42

2021-07-07 01:36:42 开始第 5 次操作

2021-07-07 01:36:42 开始操作号码 【1756868】
2021-07-07 01:36:45 GSD getOne 第 1 次 等待 1 秒
2021-07-07 01:36:46 查询号码 【1756868】，返回信息 {"status":"bad","msg":""}
2021-07-07 01:36:46 查询号码 【1756868】，GSD为【""】
2021-07-07 01:36:46 bad
2021-07-07 01:36:48 CHB 1756868?1625593006 第 1 次 等待 1 秒
2021-07-07 01:36:49 CHB 1756868?1625593006 第 1 次 获取到号码【1756868】GSD
2021-07-07 01:36:49 获取到号码【1756868】的GSD为【山东-济宁】
2021-07-07 01:36:54 GSD insert 第 1 次 等待 1 秒
2021-07-07 01:36:55 {"status":"ok","msg":"添加成功！210470"}
2021-07-07 01:36:55 下次操作: 2021-07-07 01:37:10

2021-07-07 01:37:10 开始第 6 次操作

2021-07-07 01:37:10 开始操作号码 【1756869】
2021-07-07 01:37:13 GSD getOne 第 1 次 等待 1 秒
2021-07-07 01:37:14 查询号码 【1756869】，返回信息 {"status":"bad","msg":""}
2021-07-07 01:37:14 查询号码 【1756869】，GSD为【""】
2021-07-07 01:37:14 bad
2021-07-07 01:37:16 CHB 1756869?1625593034 第 1 次 等待 1 秒
2021-07-07 01:37:17 CHB 1756869?1625593034 第 1 次 获取到号码【1756869】GSD
2021-07-07 01:37:17 获取到号码【1756869】的GSD为【山东-济宁】
2021-07-07 01:37:20 GSD insert 第 1 次 等待 1 秒
2021-07-07 01:37:22 {"status":"ok","msg":"添加成功！210475"}
2021-07-07 01:37:22 下次操作: 2021-07-07 01:37:40

2021-07-07 01:37:40 开始第 7 次操作

2021-07-07 01:37:40 开始操作号码 【1756870】
2021-07-07 01:37:43 GSD getOne 第 1 次 等待 1 秒
2021-07-07 01:37:44 查询号码 【1756870】，返回信息 {"status":"bad","msg":""}
2021-07-07 01:37:44 查询号码 【1756870】，GSD为【""】
2021-07-07 01:37:44 bad
2021-07-07 01:37:46 CHB 1756870?1625593064 第 1 次 等待 1 秒
2021-07-07 01:37:47 CHB 1756870?1625593064 第 1 次 获取到号码【1756870】GSD
2021-07-07 01:37:47 获取到号码【1756870】的GSD为【山东-济宁】
2021-07-07 01:37:53 GSD insert 第 1 次 等待 1 秒
2021-07-07 01:37:54 {"status":"ok","msg":"添加成功！210478"}
2021-07-07 01:37:54 下次操作: 2021-07-07 01:38:11

2021-07-07 01:38:11 开始第 8 次操作

2021-07-07 01:38:11 开始操作号码 【1756871】
2021-07-07 01:38:16 GSD getOne 第 1 次 等待 1 秒
2021-07-07 01:38:17 查询号码 【1756871】，返回信息 {"status":"bad","msg":""}
2021-07-07 01:38:18 查询号码 【1756871】，GSD为【""】
2021-07-07 01:38:18 bad
2021-07-07 01:38:19 CHB 1756871?1625593098 第 1 次 等待 1 秒
2021-07-07 01:38:20 CHB 1756871?1625593098 第 1 次 获取到号码【1756871】GSD
2021-07-07 01:38:20 获取到号码【1756871】的GSD为【山东-济宁】
2021-07-07 01:38:24 GSD insert 第 1 次 等待 1 秒
2021-07-07 01:38:25 {"status":"ok","msg":"添加成功！210482"}
2021-07-07 01:38:25 下次操作: 2021-07-07 01:38:36

2021-07-07 01:38:36 开始第 9 次操作

2021-07-07 01:38:36 开始操作号码 【1756872】
2021-07-07 01:38:39 GSD getOne 第 1 次 等待 1 秒
2021-07-07 01:38:40 查询号码 【1756872】，返回信息 {"status":"bad","msg":""}
2021-07-07 01:38:40 查询号码 【1756872】，GSD为【""】
2021-07-07 01:38:40 bad
2021-07-07 01:38:42 CHB 1756872?1625593120 第 1 次 等待 1 秒
2021-07-07 01:38:43 CHB 1756872?1625593120 第 1 次 获取到号码【1756872】GSD
2021-07-07 01:38:43 获取到号码【1756872】的GSD为【山东-济宁】
2021-07-07 01:38:47 GSD insert 第 1 次 等待 1 秒
2021-07-07 01:38:48 {"status":"ok","msg":"添加成功！210483"}
2021-07-07 01:38:48 下次操作: 2021-07-07 01:39:06

2021-07-07 01:39:06 开始第 10 次操作

2021-07-07 01:39:06 开始操作号码 【1756873】
2021-07-07 01:39:09 GSD getOne 第 1 次 等待 1 秒
2021-07-07 01:39:10 查询号码 【1756873】，返回信息 {"status":"bad","msg":""}
2021-07-07 01:39:11 查询号码 【1756873】，GSD为【""】
2021-07-07 01:39:11 bad
2021-07-07 01:39:12 CHB 1756873?1625593151 第 1 次 等待 1 秒
2021-07-07 01:39:13 CHB 1756873?1625593151 第 1 次 获取到号码【1756873】GSD
2021-07-07 01:39:13 获取到号码【1756873】的GSD为【山东-济宁】
2021-07-07 01:39:17 GSD insert 第 1 次 等待 1 秒
2021-07-07 01:39:18 {"status":"ok","msg":"添加成功！210489"}
2021-07-07 01:39:18 下次操作: 2021-07-07 01:39:34

2021-07-07 01:39:34 开始第 11 次操作

2021-07-07 01:39:34 开始操作号码 【1756874】
2021-07-07 01:39:37 GSD getOne 第 1 次 等待 1 秒
2021-07-07 01:39:38 查询号码 【1756874】，返回信息 {"status":"bad","msg":""}
2021-07-07 01:39:38 查询号码 【1756874】，GSD为【""】
2021-07-07 01:39:38 bad
2021-07-07 01:39:40 CHB 1756874?1625593178 第 1 次 等待 1 秒
2021-07-07 01:39:41 CHB 1756874?1625593178 第 1 次 获取到号码【1756874】GSD
2021-07-07 01:39:41 获取到号码【1756874】的GSD为【山东-济宁】
2021-07-07 01:39:45 GSD insert 第 1 次 等待 1 秒
2021-07-07 01:39:46 {"status":"ok","msg":"添加成功！210492"}
2021-07-07 01:39:46 下次操作: 2021-07-07 01:40:02

2021-07-07 01:40:02 开始第 12 次操作

2021-07-07 01:40:02 开始操作号码 【1756875】
2021-07-07 01:40:06 GSD getOne 第 1 次 等待 1 秒
2021-07-07 01:40:07 查询号码 【1756875】，返回信息 {"status":"bad","msg":""}
2021-07-07 01:40:08 查询号码 【1756875】，GSD为【""】
2021-07-07 01:40:08 bad
2021-07-07 01:40:09 CHB 1756875?1625593208 第 1 次 等待 1 秒
2021-07-07 01:40:10 CHB 1756875?1625593208 第 1 次 获取到号码【1756875】GSD
2021-07-07 01:40:10 获取到号码【1756875】的GSD为【山东-济宁】
2021-07-07 01:40:15 GSD insert 第 1 次 等待 1 秒
2021-07-07 01:40:16 {"status":"ok","msg":"添加成功！210496"}
2021-07-07 01:40:16 下次操作: 2021-07-07 01:40:32

2021-07-07 01:40:32 开始第 13 次操作

2021-07-07 01:40:32 开始操作号码 【1756876】
2021-07-07 01:40:35 GSD getOne 第 1 次 等待 1 秒
2021-07-07 01:40:36 查询号码 【1756876】，返回信息 {"status":"bad","msg":""}
2021-07-07 01:40:37 查询号码 【1756876】，GSD为【""】
2021-07-07 01:40:37 bad
2021-07-07 01:40:38 CHB 1756876?1625593237 第 1 次 等待 1 秒
2021-07-07 01:40:39 CHB 1756876?1625593237 第 1 次 获取到号码【1756876】GSD
2021-07-07 01:40:39 获取到号码【1756876】的GSD为【山东-济宁】
2021-07-07 01:40:44 GSD insert 第 1 次 等待 1 秒
2021-07-07 01:40:45 {"status":"ok","msg":"添加成功！210502"}
2021-07-07 01:40:45 下次操作: 2021-07-07 01:40:52

2021-07-07 01:40:52 开始第 14 次操作

2021-07-07 01:40:52 开始操作号码 【1756877】
2021-07-07 01:40:55 GSD getOne 第 1 次 等待 1 秒
2021-07-07 01:40:56 查询号码 【1756877】，返回信息 {"status":"bad","msg":""}
2021-07-07 01:40:56 查询号码 【1756877】，GSD为【""】
2021-07-07 01:40:56 bad
2021-07-07 01:40:58 CHB 1756877?1625593256 第 1 次 等待 1 秒
2021-07-07 01:40:59 CHB 1756877?1625593256 第 1 次 获取到号码【1756877】GSD
2021-07-07 01:40:59 获取到号码【1756877】的GSD为【山东-济宁】
2021-07-07 01:41:03 GSD insert 第 1 次 等待 1 秒
2021-07-07 01:41:04 {"status":"ok","msg":"添加成功！210505"}
2021-07-07 01:41:04 下次操作: 2021-07-07 01:41:11

2021-07-07 01:41:11 开始第 15 次操作

2021-07-07 01:41:11 开始操作号码 【1756878】
2021-07-07 01:41:15 GSD getOne 第 1 次 等待 1 秒
2021-07-07 01:41:16 查询号码 【1756878】，返回信息 {"status":"bad","msg":""}
2021-07-07 01:41:16 查询号码 【1756878】，GSD为【""】
2021-07-07 01:41:16 bad
2021-07-07 01:41:17 CHB 1756878?1625593276 第 1 次 等待 1 秒
2021-07-07 01:41:18 CHB 1756878?1625593276 第 1 次 获取到号码【1756878】GSD
2021-07-07 01:41:18 获取到号码【1756878】的GSD为【山东-济宁】
2021-07-07 01:41:23 GSD insert 第 1 次 等待 1 秒
2021-07-07 01:41:24 {"status":"ok","msg":"添加成功！210508"}
2021-07-07 01:41:24 下次操作: 2021-07-07 01:41:31

2021-07-07 01:41:31 开始第 16 次操作

2021-07-07 01:41:31 开始操作号码 【1756879】
2021-07-07 01:41:34 GSD getOne 第 1 次 等待 1 秒
2021-07-07 01:41:35 查询号码 【1756879】，返回信息 {"status":"bad","msg":""}
2021-07-07 01:41:35 查询号码 【1756879】，GSD为【""】
2021-07-07 01:41:35 bad
2021-07-07 01:41:37 CHB 1756879?1625593295 第 1 次 等待 1 秒
2021-07-07 01:41:38 CHB 1756879?1625593295 第 1 次 获取到号码【1756879】GSD
2021-07-07 01:41:38 获取到号码【1756879】的GSD为【山东-济宁】
2021-07-07 01:41:42 GSD insert 第 1 次 等待 1 秒
2021-07-07 01:41:43 {"status":"ok","msg":"添加成功！210511"}
2021-07-07 01:41:43 下次操作: 2021-07-07 01:42:01

2021-07-07 01:42:01 开始第 17 次操作

2021-07-07 01:42:01 开始操作号码 【1756880】
2021-07-07 01:42:05 GSD getOne 第 1 次 等待 1 秒
2021-07-07 01:42:06 查询号码 【1756880】，返回信息 {"status":"bad","msg":""}
2021-07-07 01:42:06 查询号码 【1756880】，GSD为【""】
2021-07-07 01:42:06 bad
2021-07-07 01:42:07 CHB 1756880?1625593326 第 1 次 等待 1 秒
2021-07-07 01:42:08 CHB 1756880?1625593326 第 1 次 获取到号码【1756880】GSD
2021-07-07 01:42:08 获取到号码【1756880】的GSD为【山东-济宁】
2021-07-07 01:42:13 GSD insert 第 1 次 等待 1 秒
2021-07-07 01:42:14 {"status":"ok","msg":"添加成功！210516"}
2021-07-07 01:42:14 下次操作: 2021-07-07 01:42:27

2021-07-07 01:42:27 开始第 18 次操作

2021-07-07 01:42:27 开始操作号码 【1756881】
2021-07-07 01:42:30 GSD getOne 第 1 次 等待 1 秒
2021-07-07 01:42:31 查询号码 【1756881】，返回信息 {"status":"bad","msg":""}
2021-07-07 01:42:32 查询号码 【1756881】，GSD为【""】
2021-07-07 01:42:32 bad
2021-07-07 01:42:33 CHB 1756881?1625593352 第 1 次 等待 1 秒
2021-07-07 01:42:34 CHB 1756881?1625593352 第 1 次 获取到号码【1756881】GSD
2021-07-07 01:42:34 获取到号码【1756881】的GSD为【山东-济宁】
2021-07-07 01:42:39 GSD insert 第 1 次 等待 1 秒
2021-07-07 01:42:40 {"status":"ok","msg":"添加成功！210522"}
2021-07-07 01:42:40 下次操作: 2021-07-07 01:42:49

2021-07-07 01:42:49 开始第 19 次操作

2021-07-07 01:42:49 开始操作号码 【1756882】
2021-07-07 01:42:53 GSD getOne 第 1 次 等待 1 秒
2021-07-07 01:42:54 查询号码 【1756882】，返回信息 {"status":"bad","msg":""}
2021-07-07 01:42:54 查询号码 【1756882】，GSD为【""】
2021-07-07 01:42:54 bad
2021-07-07 01:42:55 CHB 1756882?1625593374 第 1 次 等待 1 秒
2021-07-07 01:42:56 CHB 1756882?1625593374 第 1 次 获取到号码【1756882】GSD
2021-07-07 01:42:56 获取到号码【1756882】的GSD为【山东-济宁】
2021-07-07 01:43:00 GSD insert 第 1 次 等待 1 秒
2021-07-07 01:43:01 {"status":"ok","msg":"添加成功！210526"}
2021-07-07 01:43:01 下次操作: 2021-07-07 01:43:08

2021-07-07 01:43:08 开始第 20 次操作

2021-07-07 01:43:08 开始操作号码 【1756883】
2021-07-07 01:43:12 GSD getOne 第 1 次 等待 1 秒
2021-07-07 01:43:13 查询号码 【1756883】，返回信息 {"status":"bad","msg":""}
2021-07-07 01:43:14 查询号码 【1756883】，GSD为【""】
2021-07-07 01:43:14 bad
2021-07-07 01:43:15 CHB 1756883?1625593394 第 1 次 等待 1 秒
2021-07-07 01:43:16 CHB 1756883?1625593394 第 1 次 获取到号码【1756883】GSD
2021-07-07 01:43:16 获取到号码【1756883】的GSD为【山东-济宁】
2021-07-07 01:43:20 GSD insert 第 1 次 等待 1 秒
2021-07-07 01:43:21 {"status":"ok","msg":"添加成功！210529"}
2021-07-07 01:43:21 下次操作: 2021-07-07 01:43:35

2021-07-07 01:43:35 开始第 21 次操作

2021-07-07 01:43:35 开始操作号码 【1756884】
2021-07-07 01:43:40 GSD getOne 第 1 次 等待 1 秒
2021-07-07 01:43:41 查询号码 【1756884】，返回信息 {"status":"bad","msg":""}
2021-07-07 01:43:41 查询号码 【1756884】，GSD为【""】
2021-07-07 01:43:41 bad
2021-07-07 01:43:42 CHB 1756884?1625593421 第 1 次 等待 1 秒
2021-07-07 01:43:43 CHB 1756884?1625593421 第 1 次 获取到号码【1756884】GSD
2021-07-07 01:43:43 未获取到号码【1756884】GSD，查号吧 400 错误
2021-07-07 01:43:43 获取到号码【1756884】的GSD为【-】
2021-07-07 01:43:46 GSD insert 第 1 次 等待 1 秒
2021-07-07 01:43:47 {"status":"ok","msg":"添加成功！210534"}
2021-07-07 01:43:47 下次操作: 2021-07-07 01:44:01

2021-07-07 01:44:01 开始第 22 次操作

2021-07-07 01:44:01 开始操作号码 【1756885】
2021-07-07 01:44:05 GSD getOne 第 1 次 等待 1 秒
2021-07-07 01:44:06 查询号码 【1756885】，返回信息 {"status":"bad","msg":""}
2021-07-07 01:44:07 查询号码 【1756885】，GSD为【""】
2021-07-07 01:44:07 bad
2021-07-07 01:44:08 CHB 1756885?1625593447 第 1 次 等待 1 秒
2021-07-07 01:44:09 CHB 1756885?1625593447 第 1 次 获取到号码【1756885】GSD
2021-07-07 01:44:09 获取到号码【1756885】的GSD为【山东-威海】
2021-07-07 01:44:14 GSD insert 第 1 次 等待 1 秒
2021-07-07 01:44:15 {"status":"ok","msg":"添加成功！210542"}
2021-07-07 01:44:15 下次操作: 2021-07-07 01:44:30

2021-07-07 01:44:30 开始第 23 次操作

2021-07-07 01:44:30 开始操作号码 【1756886】
2021-07-07 01:44:34 GSD getOne 第 1 次 等待 1 秒
2021-07-07 01:44:35 查询号码 【1756886】，返回信息 {"status":"bad","msg":""}
2021-07-07 01:44:35 查询号码 【1756886】，GSD为【""】
2021-07-07 01:44:35 bad
2021-07-07 01:44:36 CHB 1756886?1625593475 第 1 次 等待 1 秒
2021-07-07 01:44:37 CHB 1756886?1625593475 第 1 次 获取到号码【1756886】GSD
2021-07-07 01:44:37 获取到号码【1756886】的GSD为【山东-威海】
2021-07-07 01:44:42 GSD insert 第 1 次 等待 1 秒
2021-07-07 01:44:43 {"status":"ok","msg":"添加成功！210551"}
2021-07-07 01:44:43 下次操作: 2021-07-07 01:44:51

2021-07-07 01:44:51 开始第 24 次操作

2021-07-07 01:44:51 开始操作号码 【1756887】
2021-07-07 01:44:55 GSD getOne 第 1 次 等待 1 秒
2021-07-07 01:44:56 查询号码 【1756887】，返回信息 {"status":"bad","msg":""}
2021-07-07 01:44:56 查询号码 【1756887】，GSD为【""】
2021-07-07 01:44:56 bad
2021-07-07 01:44:58 CHB 1756887?1625593496 第 1 次 等待 1 秒
2021-07-07 01:44:59 CHB 1756887?1625593496 第 1 次 获取到号码【1756887】GSD
2021-07-07 01:44:59 获取到号码【1756887】的GSD为【山东-威海】
2021-07-07 01:45:02 GSD insert 第 1 次 等待 1 秒
2021-07-07 01:45:03 {"status":"ok","msg":"添加成功！210557"}
2021-07-07 01:45:03 下次操作: 2021-07-07 01:45:21

2021-07-07 01:45:21 开始第 25 次操作

2021-07-07 01:45:21 开始操作号码 【1756888】
2021-07-07 01:45:26 GSD getOne 第 1 次 等待 1 秒
2021-07-07 01:45:27 查询号码 【1756888】，返回信息 {"status":"bad","msg":""}
2021-07-07 01:45:27 查询号码 【1756888】，GSD为【""】
2021-07-07 01:45:27 bad
2021-07-07 01:45:28 CHB 1756888?1625593527 第 1 次 等待 1 秒
2021-07-07 01:45:29 CHB 1756888?1625593527 第 1 次 获取到号码【1756888】GSD
2021-07-07 01:45:29 获取到号码【1756888】的GSD为【山东-威海】
2021-07-07 01:45:33 GSD insert 第 1 次 等待 1 秒
2021-07-07 01:45:34 {"status":"ok","msg":"添加成功！210567"}
2021-07-07 01:45:34 下次操作: 2021-07-07 01:45:45

2021-07-07 01:45:45 开始第 26 次操作

2021-07-07 01:45:45 开始操作号码 【1756889】
2021-07-07 01:45:49 GSD getOne 第 1 次 等待 1 秒
2021-07-07 01:45:50 查询号码 【1756889】，返回信息 {"status":"bad","msg":""}
2021-07-07 01:45:50 查询号码 【1756889】，GSD为【""】
2021-07-07 01:45:50 bad
2021-07-07 01:45:51 CHB 1756889?1625593550 第 1 次 等待 1 秒
2021-07-07 01:45:52 CHB 1756889?1625593550 第 1 次 获取到号码【1756889】GSD
2021-07-07 01:45:52 获取到号码【1756889】的GSD为【山东-莱芜】
2021-07-07 01:45:58 GSD insert 第 1 次 等待 1 秒
2021-07-07 01:45:59 {"status":"ok","msg":"添加成功！210574"}
2021-07-07 01:45:59 下次操作: 2021-07-07 01:46:14

2021-07-07 01:46:14 开始第 27 次操作

2021-07-07 01:46:14 开始操作号码 【1756890】
2021-07-07 01:46:19 GSD getOne 第 1 次 等待 1 秒
2021-07-07 01:46:20 查询号码 【1756890】，返回信息 {"status":"bad","msg":""}
2021-07-07 01:46:20 查询号码 【1756890】，GSD为【""】
2021-07-07 01:46:20 bad
2021-07-07 01:46:21 CHB 1756890?1625593580 第 1 次 等待 1 秒
2021-07-07 01:46:22 CHB 1756890?1625593580 第 1 次 获取到号码【1756890】GSD
2021-07-07 01:46:22 获取到号码【1756890】的GSD为【山东-青岛】
2021-07-07 01:46:27 GSD insert 第 1 次 等待 1 秒
2021-07-07 01:46:28 {"status":"ok","msg":"添加成功！210584"}
2021-07-07 01:46:28 下次操作: 2021-07-07 01:46:43

2021-07-07 01:46:43 开始第 28 次操作

2021-07-07 01:46:43 开始操作号码 【1756891】
2021-07-07 01:46:46 GSD getOne 第 1 次 等待 1 秒
2021-07-07 01:46:47 查询号码 【1756891】，返回信息 {"status":"bad","msg":""}
2021-07-07 01:46:47 查询号码 【1756891】，GSD为【""】
2021-07-07 01:46:47 bad
2021-07-07 01:46:49 CHB 1756891?1625593607 第 1 次 等待 1 秒
2021-07-07 01:46:50 CHB 1756891?1625593607 第 1 次 获取到号码【1756891】GSD
2021-07-07 01:46:50 获取到号码【1756891】的GSD为【山东-青岛】
2021-07-07 01:46:54 GSD insert 第 1 次 等待 1 秒
2021-07-07 01:46:55 {"status":"ok","msg":"添加成功！210591"}
2021-07-07 01:46:55 下次操作: 2021-07-07 01:47:02

2021-07-07 01:47:02 开始第 29 次操作

2021-07-07 01:47:02 开始操作号码 【1756892】
2021-07-07 01:47:06 GSD getOne 第 1 次 等待 1 秒
2021-07-07 01:47:07 查询号码 【1756892】，返回信息 {"status":"bad","msg":""}
2021-07-07 01:47:07 查询号码 【1756892】，GSD为【""】
2021-07-07 01:47:07 bad
2021-07-07 01:47:08 CHB 1756892?1625593627 第 1 次 等待 1 秒
2021-07-07 01:47:09 CHB 1756892?1625593627 第 1 次 获取到号码【1756892】GSD
2021-07-07 01:47:09 获取到号码【1756892】的GSD为【山东-青岛】
2021-07-07 01:47:13 GSD insert 第 1 次 等待 1 秒
2021-07-07 01:47:14 {"status":"ok","msg":"添加成功！210597"}
2021-07-07 01:47:14 下次操作: 2021-07-07 01:47:28

2021-07-07 01:47:28 开始第 30 次操作

2021-07-07 01:47:28 开始操作号码 【1756893】
2021-07-07 01:47:32 GSD getOne 第 1 次 等待 1 秒
2021-07-07 01:47:33 查询号码 【1756893】，返回信息 {"status":"bad","msg":""}
2021-07-07 01:47:33 查询号码 【1756893】，GSD为【""】
2021-07-07 01:47:33 bad
2021-07-07 01:47:34 CHB 1756893?1625593653 第 1 次 等待 1 秒
2021-07-07 01:47:35 CHB 1756893?1625593653 第 1 次 获取到号码【1756893】GSD
2021-07-07 01:47:35 获取到号码【1756893】的GSD为【山东-青岛】
2021-07-07 01:47:39 GSD insert 第 1 次 等待 1 秒
2021-07-07 01:47:40 {"status":"ok","msg":"添加成功！210604"}

2021-07-07 02:54:25 开始第 1 次操作

2021-07-07 02:54:25 开始操作号码 【1756894】
2021-07-07 02:54:28 GSD getOne 第 1 次 等待 1 秒
2021-07-07 02:54:29 查询号码 【1756894】，返回信息 {"status":"ok","msg":"山东-青岛","time_insert":"2017-10-30 20:19","time_update":"2020-09-09 16:16"}
2021-07-07 02:54:29 查询号码 【1756894】，GSD为【"山东-青岛"】

2021-07-07 02:54:29 开始第 1 次操作

2021-07-07 02:54:29 开始操作号码 【1756895】
2021-07-07 02:54:48 GSD getOne 第 1 次 等待 1 秒
2021-07-07 02:54:49 查询号码 【1756895】，返回信息 {"status":"bad","msg":""}
2021-07-07 02:54:49 查询号码 【1756895】，GSD为【""】
2021-07-07 02:54:49 bad
2021-07-07 02:54:54 CHB 1756895?1625597689 第 1 次 等待 1 秒
2021-07-07 02:54:55 CHB 1756895?1625597689 第 1 次 获取到号码【1756895】GSD
2021-07-07 02:54:55 获取到号码【1756895】的GSD为【山东-青岛】
2021-07-07 02:55:14 GSD insert 第 1 次 等待 1 秒
2021-07-07 02:55:15 {"status":"ok","msg":"添加成功！210981"}
2021-07-07 02:55:15 下次操作: 2021-07-07 02:55:25

2021-07-07 02:55:25 开始第 2 次操作

2021-07-07 02:55:25 开始操作号码 【1756896】
2021-07-07 02:55:36 GSD getOne 第 1 次 等待 1 秒
2021-07-07 02:55:37 查询号码 【1756896】，返回信息 {"status":"bad","msg":""}
2021-07-07 02:55:37 查询号码 【1756896】，GSD为【""】
2021-07-07 02:55:37 bad
2021-07-07 02:55:38 CHB 1756896?1625597737 第 1 次 等待 1 秒
2021-07-07 02:55:39 CHB 1756896?1625597737 第 1 次 获取到号码【1756896】GSD
2021-07-07 02:55:39 获取到号码【1756896】的GSD为【山东-青岛】
2021-07-07 02:55:58 GSD insert 第 1 次 等待 1 秒
2021-07-07 02:55:59 {"status":"ok","msg":"添加成功！210990"}
2021-07-07 02:55:59 下次操作: 2021-07-07 02:56:12

2021-07-07 02:56:12 开始第 3 次操作

2021-07-07 02:56:12 开始操作号码 【1756897】
2021-07-07 02:56:19 GSD getOne 第 1 次 等待 1 秒
2021-07-07 02:56:20 查询号码 【1756897】，返回信息 {"status":"bad","msg":""}
2021-07-07 02:56:20 查询号码 【1756897】，GSD为【""】
2021-07-07 02:56:20 bad
2021-07-07 02:56:22 CHB 1756897?1625597780 第 1 次 等待 1 秒
2021-07-07 02:56:23 CHB 1756897?1625597780 第 1 次 获取到号码【1756897】GSD
2021-07-07 02:56:23 获取到号码【1756897】的GSD为【山东-青岛】
2021-07-07 02:56:41 GSD insert 第 1 次 等待 1 秒
2021-07-07 02:56:42 {"status":"ok","msg":"添加成功！211004"}
2021-07-07 02:56:42 下次操作: 2021-07-07 02:56:52

2021-07-07 02:56:53 开始第 4 次操作

2021-07-07 02:56:53 开始操作号码 【1756898】
2021-07-07 02:57:03 GSD getOne 第 1 次 等待 1 秒
2021-07-07 02:57:04 查询号码 【1756898】，返回信息 {"status":"bad","msg":""}
2021-07-07 02:57:04 查询号码 【1756898】，GSD为【""】
2021-07-07 02:57:04 bad
2021-07-07 02:57:06 CHB 1756898?1625597824 第 1 次 等待 1 秒
2021-07-07 02:57:07 CHB 1756898?1625597824 第 1 次 获取到号码【1756898】GSD
2021-07-07 02:57:07 获取到号码【1756898】的GSD为【山东-青岛】
2021-07-07 02:57:25 GSD insert 第 1 次 等待 1 秒
2021-07-07 02:57:26 {"status":"ok","msg":"添加成功！211017"}
2021-07-07 02:57:26 下次操作: 2021-07-07 02:57:35

2021-07-07 02:57:35 开始第 5 次操作

2021-07-07 02:57:35 开始操作号码 【1756899】
2021-07-07 02:57:48 GSD getOne 第 1 次 等待 1 秒
2021-07-07 02:57:49 查询号码 【1756899】，返回信息 {"status":"bad","msg":""}
2021-07-07 02:57:49 查询号码 【1756899】，GSD为【""】
2021-07-07 02:57:49 bad
2021-07-07 02:57:50 CHB 1756899?1625597869 第 1 次 等待 1 秒
2021-07-07 02:57:51 CHB 1756899?1625597869 第 1 次 获取到号码【1756899】GSD
2021-07-07 02:57:51 获取到号码【1756899】的GSD为【山东-青岛】
2021-07-07 02:58:10 GSD insert 第 1 次 等待 1 秒
2021-07-07 02:58:11 {"status":"ok","msg":"添加成功！211030"}
2021-07-07 02:58:11 下次操作: 2021-07-07 02:58:19

2021-07-07 02:58:19 开始第 6 次操作

2021-07-07 02:58:19 开始操作号码 【1756900】
2021-07-07 02:58:30 GSD getOne 第 1 次 等待 1 秒
2021-07-07 02:58:31 查询号码 【1756900】，返回信息 {"status":"bad","msg":""}
2021-07-07 02:58:31 查询号码 【1756900】，GSD为【""】
2021-07-07 02:58:31 bad
2021-07-07 02:58:32 CHB 1756900?1625597911 第 1 次 等待 1 秒
2021-07-07 02:58:33 CHB 1756900?1625597911 第 1 次 获取到号码【1756900】GSD
2021-07-07 02:58:33 获取到号码【1756900】的GSD为【山东-青岛】
2021-07-07 02:58:52 GSD insert 第 1 次 等待 1 秒
2021-07-07 02:58:53 {"status":"ok","msg":"添加成功！211042"}
2021-07-07 02:58:53 下次操作: 2021-07-07 02:59:03

2021-07-07 02:59:03 开始第 7 次操作

2021-07-07 02:59:03 开始操作号码 【1756901】
2021-07-07 02:59:14 GSD getOne 第 1 次 等待 1 秒
2021-07-07 02:59:15 查询号码 【1756901】，返回信息 {"status":"bad","msg":""}
2021-07-07 02:59:15 查询号码 【1756901】，GSD为【""】
2021-07-07 02:59:15 bad
2021-07-07 02:59:17 CHB 1756901?1625597955 第 1 次 等待 1 秒
2021-07-07 02:59:18 CHB 1756901?1625597955 第 1 次 获取到号码【1756901】GSD
2021-07-07 02:59:18 获取到号码【1756901】的GSD为【山东-青岛】
2021-07-07 02:59:37 GSD insert 第 1 次 等待 1 秒
2021-07-07 02:59:38 {"status":"ok","msg":"添加成功！211053"}
2021-07-07 02:59:38 下次操作: 2021-07-07 02:59:52

2021-07-07 02:59:52 开始第 8 次操作

2021-07-07 02:59:52 开始操作号码 【1756902】
2021-07-07 02:59:57 GSD getOne 第 1 次 等待 1 秒
2021-07-07 02:59:58 查询号码 【1756902】，返回信息 {"status":"bad","msg":""}
2021-07-07 02:59:58 查询号码 【1756902】，GSD为【""】
2021-07-07 02:59:58 bad
2021-07-07 03:00:00 CHB 1756902?1625597998 第 1 次 等待 1 秒
2021-07-07 03:00:01 CHB 1756902?1625597998 第 1 次 获取到号码【1756902】GSD
2021-07-07 03:00:01 获取到号码【1756902】的GSD为【山东-青岛】
2021-07-07 03:00:21 GSD insert 第 1 次 等待 1 秒
2021-07-07 03:00:22 {"status":"ok","msg":"添加成功！211062"}
2021-07-07 03:00:22 下次操作: 2021-07-07 03:00:30

2021-07-07 03:00:30 开始第 9 次操作

2021-07-07 03:00:30 开始操作号码 【1756903】
2021-07-07 03:00:40 GSD getOne 第 1 次 等待 1 秒
2021-07-07 03:00:41 查询号码 【1756903】，返回信息 {"status":"bad","msg":""}
2021-07-07 03:00:42 查询号码 【1756903】，GSD为【""】
2021-07-07 03:00:42 bad
2021-07-07 03:00:43 CHB 1756903?1625598042 第 1 次 等待 1 秒
2021-07-07 03:00:44 CHB 1756903?1625598042 第 1 次 获取到号码【1756903】GSD
2021-07-07 03:00:44 获取到号码【1756903】的GSD为【山东-青岛】
2021-07-07 03:01:03 GSD insert 第 1 次 等待 1 秒
2021-07-07 03:01:04 {"status":"ok","msg":"添加成功！211071"}
2021-07-07 03:01:04 下次操作: 2021-07-07 03:01:10

2021-07-07 03:01:10 开始第 10 次操作

2021-07-07 03:01:10 开始操作号码 【1756904】
2021-07-07 03:01:33 GSD getOne 第 1 次 等待 1 秒
2021-07-07 03:01:34 查询号码 【1756904】，返回信息 {"status":"bad","msg":""}
2021-07-07 03:01:35 查询号码 【1756904】，GSD为【""】
2021-07-07 03:01:35 bad
2021-07-07 03:01:36 CHB 1756904?1625598095 第 1 次 等待 1 秒
2021-07-07 03:01:37 CHB 1756904?1625598095 第 1 次 获取到号码【1756904】GSD
2021-07-07 03:01:37 获取到号码【1756904】的GSD为【山东-青岛】
2021-07-07 03:01:57 GSD insert 第 1 次 等待 1 秒
2021-07-07 03:01:58 {"status":"ok","msg":"添加成功！211079"}
2021-07-07 03:01:58 下次操作: 2021-07-07 03:02:04

2021-07-07 03:02:04 开始第 11 次操作

2021-07-07 03:02:04 开始操作号码 【1756905】
2021-07-07 03:02:22 GSD getOne 第 1 次 等待 1 秒
2021-07-07 03:02:23 查询号码 【1756905】，返回信息 {"status":"bad","msg":""}
2021-07-07 03:02:24 查询号码 【1756905】，GSD为【""】
2021-07-07 03:02:24 bad
2021-07-07 03:02:25 CHB 1756905?1625598144 第 1 次 等待 1 秒
2021-07-07 03:02:26 CHB 1756905?1625598144 第 1 次 获取到号码【1756905】GSD
2021-07-07 03:02:26 获取到号码【1756905】的GSD为【山东-青岛】
2021-07-07 03:02:45 GSD insert 第 1 次 等待 1 秒
2021-07-07 03:02:46 {"status":"ok","msg":"添加成功！211086"}
2021-07-07 03:02:46 下次操作: 2021-07-07 03:02:58

2021-07-07 03:02:58 开始第 12 次操作

2021-07-07 03:02:58 开始操作号码 【1756906】
2021-07-07 03:03:04 GSD getOne 第 1 次 等待 1 秒
2021-07-07 03:03:05 查询号码 【1756906】，返回信息 {"status":"bad","msg":""}
2021-07-07 03:03:05 查询号码 【1756906】，GSD为【""】
2021-07-07 03:03:05 bad
2021-07-07 03:03:07 CHB 1756906?1625598185 第 1 次 等待 1 秒
2021-07-07 03:03:08 CHB 1756906?1625598185 第 1 次 获取到号码【1756906】GSD
2021-07-07 03:03:08 获取到号码【1756906】的GSD为【山东-青岛】
2021-07-07 03:03:27 GSD insert 第 1 次 等待 1 秒
2021-07-07 03:03:28 {"status":"ok","msg":"添加成功！211093"}
2021-07-07 03:03:28 下次操作: 2021-07-07 03:03:43

2021-07-07 03:03:43 开始第 13 次操作

2021-07-07 03:03:43 开始操作号码 【1756907】
2021-07-07 03:03:46 GSD getOne 第 1 次 等待 1 秒
2021-07-07 03:03:47 查询号码 【1756907】，返回信息 {"status":"bad","msg":""}
2021-07-07 03:03:48 查询号码 【1756907】，GSD为【""】
2021-07-07 03:03:48 bad
2021-07-07 03:03:49 CHB 1756907?1625598228 第 1 次 等待 1 秒
2021-07-07 03:03:50 CHB 1756907?1625598228 第 1 次 获取到号码【1756907】GSD
2021-07-07 03:03:50 获取到号码【1756907】的GSD为【山东-青岛】
2021-07-07 03:04:09 GSD insert 第 1 次 等待 1 秒
2021-07-07 03:04:10 {"status":"ok","msg":"添加成功！211101"}
2021-07-07 03:04:10 下次操作: 2021-07-07 03:04:23

2021-07-07 03:04:23 开始第 14 次操作

2021-07-07 03:04:23 开始操作号码 【1756908】
2021-07-07 03:04:29 GSD getOne 第 1 次 等待 1 秒
2021-07-07 03:04:30 查询号码 【1756908】，返回信息 {"status":"bad","msg":""}
2021-07-07 03:04:31 查询号码 【1756908】，GSD为【""】
2021-07-07 03:04:31 bad
2021-07-07 03:04:32 CHB 1756908?1625598271 第 1 次 等待 1 秒
2021-07-07 03:04:33 CHB 1756908?1625598271 第 1 次 获取到号码【1756908】GSD
2021-07-07 03:04:33 获取到号码【1756908】的GSD为【山东-青岛】
2021-07-07 03:04:52 GSD insert 第 1 次 等待 1 秒
2021-07-07 03:04:53 {"status":"ok","msg":"添加成功！211109"}
2021-07-07 03:04:53 下次操作: 2021-07-07 03:05:09

2021-07-07 03:05:09 开始第 15 次操作

2021-07-07 03:05:09 开始操作号码 【1756909】
2021-07-07 03:05:12 GSD getOne 第 1 次 等待 1 秒
2021-07-07 03:05:13 查询号码 【1756909】，返回信息 {"status":"bad","msg":""}
2021-07-07 03:05:13 查询号码 【1756909】，GSD为【""】
2021-07-07 03:05:13 bad
2021-07-07 03:05:15 CHB 1756909?1625598313 第 1 次 等待 1 秒
2021-07-07 03:05:16 CHB 1756909?1625598313 第 1 次 获取到号码【1756909】GSD
2021-07-07 03:05:16 获取到号码【1756909】的GSD为【山东-青岛】
2021-07-07 03:05:35 GSD insert 第 1 次 等待 1 秒
2021-07-07 03:05:36 {"status":"ok","msg":"添加成功！211115"}
2021-07-07 03:05:36 下次操作: 2021-07-07 03:05:47

2021-07-07 03:05:47 开始第 16 次操作

2021-07-07 03:05:47 开始操作号码 【1756910】
2021-07-07 03:05:57 GSD getOne 第 1 次 等待 1 秒
2021-07-07 03:05:58 查询号码 【1756910】，返回信息 {"status":"bad","msg":""}
2021-07-07 03:05:59 查询号码 【1756910】，GSD为【""】
2021-07-07 03:05:59 bad
2021-07-07 03:06:00 CHB 1756910?1625598359 第 1 次 等待 1 秒
2021-07-07 03:06:01 CHB 1756910?1625598359 第 1 次 获取到号码【1756910】GSD
2021-07-07 03:06:01 获取到号码【1756910】的GSD为【山东-日照】
2021-07-07 03:06:20 GSD insert 第 1 次 等待 1 秒
2021-07-07 03:06:21 {"status":"ok","msg":"添加成功！211122"}
2021-07-07 03:06:21 下次操作: 2021-07-07 03:06:29

2021-07-07 03:06:29 开始第 17 次操作

2021-07-07 03:06:29 开始操作号码 【1756911】
2021-07-07 03:06:40 GSD getOne 第 1 次 等待 1 秒
2021-07-07 03:06:41 查询号码 【1756911】，返回信息 {"status":"bad","msg":""}
2021-07-07 03:06:41 查询号码 【1756911】，GSD为【""】
2021-07-07 03:06:41 bad
2021-07-07 03:06:42 CHB 1756911?1625598401 第 1 次 等待 1 秒
2021-07-07 03:06:43 CHB 1756911?1625598401 第 1 次 获取到号码【1756911】GSD
2021-07-07 03:06:43 获取到号码【1756911】的GSD为【山东-日照】
2021-07-07 03:07:02 GSD insert 第 1 次 等待 1 秒
2021-07-07 03:07:03 {"status":"ok","msg":"添加成功！211127"}
2021-07-07 03:07:03 下次操作: 2021-07-07 03:07:12

2021-07-07 03:07:12 开始第 18 次操作

2021-07-07 03:07:12 开始操作号码 【1756912】
2021-07-07 03:07:23 GSD getOne 第 1 次 等待 1 秒
2021-07-07 03:07:24 查询号码 【1756912】，返回信息 {"status":"bad","msg":""}
2021-07-07 03:07:24 查询号码 【1756912】，GSD为【""】
2021-07-07 03:07:24 bad
2021-07-07 03:07:25 CHB 1756912?1625598444 第 1 次 等待 1 秒
2021-07-07 03:07:26 CHB 1756912?1625598444 第 1 次 获取到号码【1756912】GSD
2021-07-07 03:07:27 获取到号码【1756912】的GSD为【山东-日照】
2021-07-07 03:07:45 GSD insert 第 1 次 等待 1 秒
2021-07-07 03:07:46 {"status":"ok","msg":"添加成功！211130"}
2021-07-07 03:07:46 下次操作: 2021-07-07 03:07:57

2021-07-07 03:07:57 开始第 19 次操作

2021-07-07 03:07:57 开始操作号码 【1756913】
2021-07-07 03:08:10 GSD getOne 第 1 次 等待 1 秒
2021-07-07 03:08:11 查询号码 【1756913】，返回信息 {"status":"bad","msg":""}
2021-07-07 03:08:12 查询号码 【1756913】，GSD为【""】
2021-07-07 03:08:12 bad
2021-07-07 03:08:13 CHB 1756913?1625598492 第 1 次 等待 1 秒
2021-07-07 03:08:14 CHB 1756913?1625598492 第 1 次 获取到号码【1756913】GSD
2021-07-07 03:08:14 获取到号码【1756913】的GSD为【山东-日照】
2021-07-07 03:08:33 GSD insert 第 1 次 等待 1 秒
2021-07-07 03:08:34 {"status":"ok","msg":"添加成功！211135"}
2021-07-07 03:08:34 下次操作: 2021-07-07 03:08:41

2021-07-07 03:08:41 开始第 20 次操作

2021-07-07 03:08:41 开始操作号码 【1756914】
2021-07-07 03:09:00 GSD getOne 第 1 次 等待 1 秒
2021-07-07 03:09:01 查询号码 【1756914】，返回信息 {"status":"bad","msg":""}
2021-07-07 03:09:01 查询号码 【1756914】，GSD为【""】
2021-07-07 03:09:01 bad
2021-07-07 03:09:02 CHB 1756914?1625598541 第 1 次 等待 1 秒
2021-07-07 03:09:03 CHB 1756914?1625598541 第 1 次 获取到号码【1756914】GSD
2021-07-07 03:09:03 获取到号码【1756914】的GSD为【山东-日照】
2021-07-07 03:09:22 GSD insert 第 1 次 等待 1 秒
2021-07-07 03:09:23 {"status":"ok","msg":"添加成功！211141"}
2021-07-07 03:09:23 下次操作: 2021-07-07 03:09:33

2021-07-07 03:09:33 开始第 21 次操作

2021-07-07 03:09:33 开始操作号码 【1756915】
2021-07-07 03:09:44 GSD getOne 第 1 次 等待 1 秒
2021-07-07 03:09:45 查询号码 【1756915】，返回信息 {"status":"bad","msg":""}
2021-07-07 03:09:45 查询号码 【1756915】，GSD为【""】
2021-07-07 03:09:45 bad
2021-07-07 03:09:46 CHB 1756915?1625598585 第 1 次 等待 1 秒
2021-07-07 03:09:47 CHB 1756915?1625598585 第 1 次 获取到号码【1756915】GSD
2021-07-07 03:09:48 获取到号码【1756915】的GSD为【山东-日照】
2021-07-07 03:10:06 GSD insert 第 1 次 等待 1 秒
2021-07-07 03:10:07 {"status":"ok","msg":"添加成功！211144"}
2021-07-07 03:10:07 下次操作: 2021-07-07 03:10:24

2021-07-07 03:10:24 开始第 22 次操作

2021-07-07 03:10:24 开始操作号码 【1756916】
2021-07-07 03:10:28 GSD getOne 第 1 次 等待 1 秒
2021-07-07 03:10:29 查询号码 【1756916】，返回信息 {"status":"bad","msg":""}
2021-07-07 03:10:29 查询号码 【1756916】，GSD为【""】
2021-07-07 03:10:29 bad
2021-07-07 03:10:30 CHB 1756916?1625598629 第 1 次 等待 1 秒
2021-07-07 03:10:31 CHB 1756916?1625598629 第 1 次 获取到号码【1756916】GSD
2021-07-07 03:10:31 获取到号码【1756916】的GSD为【山东-日照】
2021-07-07 03:10:50 GSD insert 第 1 次 等待 1 秒
2021-07-07 03:10:51 {"status":"ok","msg":"添加成功！211148"}
2021-07-07 03:10:51 下次操作: 2021-07-07 03:11:06

2021-07-07 03:11:06 开始第 23 次操作

2021-07-07 03:11:06 开始操作号码 【1756917】
2021-07-07 03:11:10 GSD getOne 第 1 次 等待 1 秒
2021-07-07 03:11:11 查询号码 【1756917】，返回信息 {"status":"bad","msg":""}
2021-07-07 03:11:11 查询号码 【1756917】，GSD为【""】
2021-07-07 03:11:11 bad
2021-07-07 03:11:12 CHB 1756917?1625598671 第 1 次 等待 1 秒
2021-07-07 03:11:13 CHB 1756917?1625598671 第 1 次 获取到号码【1756917】GSD
2021-07-07 03:11:14 获取到号码【1756917】的GSD为【山东-日照】
2021-07-07 03:11:32 GSD insert 第 1 次 等待 1 秒
2021-07-07 03:11:33 {"status":"ok","msg":"添加成功！211153"}
2021-07-07 03:11:33 下次操作: 2021-07-07 03:11:47

2021-07-07 03:11:47 开始第 24 次操作

2021-07-07 03:11:47 开始操作号码 【1756918】
2021-07-07 03:11:54 GSD getOne 第 1 次 等待 1 秒
2021-07-07 03:11:55 查询号码 【1756918】，返回信息 {"status":"bad","msg":""}
2021-07-07 03:11:55 查询号码 【1756918】，GSD为【""】
2021-07-07 03:11:55 bad
2021-07-07 03:11:56 CHB 1756918?1625598715 第 1 次 等待 1 秒
2021-07-07 03:11:57 CHB 1756918?1625598715 第 1 次 获取到号码【1756918】GSD
2021-07-07 03:11:57 获取到号码【1756918】的GSD为【山东-日照】
2021-07-07 03:12:16 GSD insert 第 1 次 等待 1 秒
2021-07-07 03:12:17 {"status":"ok","msg":"添加成功！211157"}
2021-07-07 03:12:17 下次操作: 2021-07-07 03:12:32

2021-07-07 03:12:32 开始第 25 次操作

2021-07-07 03:12:32 开始操作号码 【1756919】
2021-07-07 03:12:35 GSD getOne 第 1 次 等待 1 秒
2021-07-07 03:12:37 查询号码 【1756919】，返回信息 {"status":"bad","msg":""}
2021-07-07 03:12:37 查询号码 【1756919】，GSD为【""】
2021-07-07 03:12:37 bad
2021-07-07 03:12:38 CHB 1756919?1625598757 第 1 次 等待 1 秒
2021-07-07 03:12:39 CHB 1756919?1625598757 第 1 次 获取到号码【1756919】GSD
2021-07-07 03:12:39 获取到号码【1756919】的GSD为【山东-日照】
2021-07-07 03:12:58 GSD insert 第 1 次 等待 1 秒
2021-07-07 03:12:59 {"status":"ok","msg":"添加成功！211162"}
2021-07-07 03:12:59 下次操作: 2021-07-07 03:13:15

2021-07-07 03:13:15 开始第 26 次操作

2021-07-07 03:13:15 开始操作号码 【1756920】
2021-07-07 03:13:19 GSD getOne 第 1 次 等待 1 秒
2021-07-07 03:13:20 查询号码 【1756920】，返回信息 {"status":"bad","msg":""}
2021-07-07 03:13:20 查询号码 【1756920】，GSD为【""】
2021-07-07 03:13:20 bad
2021-07-07 03:13:21 CHB 1756920?1625598800 第 1 次 等待 1 秒
2021-07-07 03:13:22 CHB 1756920?1625598800 第 1 次 获取到号码【1756920】GSD
2021-07-07 03:13:22 获取到号码【1756920】的GSD为【山东-日照】
2021-07-07 03:13:41 GSD insert 第 1 次 等待 1 秒
2021-07-07 03:13:42 {"status":"ok","msg":"添加成功！211167"}
2021-07-07 03:13:42 下次操作: 2021-07-07 03:13:57

2021-07-07 03:13:57 开始第 27 次操作

2021-07-07 03:13:57 开始操作号码 【1756921】
2021-07-07 03:14:01 GSD getOne 第 1 次 等待 1 秒
2021-07-07 03:14:02 查询号码 【1756921】，返回信息 {"status":"bad","msg":""}
2021-07-07 03:14:02 查询号码 【1756921】，GSD为【""】
2021-07-07 03:14:02 bad
2021-07-07 03:14:04 CHB 1756921?1625598842 第 1 次 等待 1 秒
2021-07-07 03:14:05 CHB 1756921?1625598842 第 1 次 获取到号码【1756921】GSD
2021-07-07 03:14:05 获取到号码【1756921】的GSD为【山东-日照】
2021-07-07 03:14:24 GSD insert 第 1 次 等待 1 秒
2021-07-07 03:14:25 {"status":"ok","msg":"添加成功！211169"}
2021-07-07 03:14:25 下次操作: 2021-07-07 03:14:41

2021-07-07 03:14:41 开始第 28 次操作

2021-07-07 03:14:41 开始操作号码 【1756922】
2021-07-07 03:14:44 GSD getOne 第 1 次 等待 1 秒
2021-07-07 03:14:45 查询号码 【1756922】，返回信息 {"status":"bad","msg":""}
2021-07-07 03:14:45 查询号码 【1756922】，GSD为【""】
2021-07-07 03:14:45 bad
2021-07-07 03:14:47 CHB 1756922?1625598885 第 1 次 等待 1 秒
2021-07-07 03:14:48 CHB 1756922?1625598885 第 1 次 获取到号码【1756922】GSD
2021-07-07 03:14:48 获取到号码【1756922】的GSD为【山东-日照】
2021-07-07 03:15:08 GSD insert 第 1 次 等待 1 秒
2021-07-07 03:15:09 {"status":"ok","msg":"添加成功！211174"}
2021-07-07 03:15:09 下次操作: 2021-07-07 03:15:15

2021-07-07 03:15:15 开始第 29 次操作

2021-07-07 03:15:15 开始操作号码 【1756923】
2021-07-07 03:15:34 GSD getOne 第 1 次 等待 1 秒
2021-07-07 03:15:35 查询号码 【1756923】，返回信息 {"status":"bad","msg":""}
2021-07-07 03:15:35 查询号码 【1756923】，GSD为【""】
2021-07-07 03:15:35 bad
2021-07-07 03:15:36 CHB 1756923?1625598935 第 1 次 等待 1 秒
2021-07-07 03:15:37 CHB 1756923?1625598935 第 1 次 获取到号码【1756923】GSD
2021-07-07 03:15:37 获取到号码【1756923】的GSD为【山东-日照】
2021-07-07 03:15:56 GSD insert 第 1 次 等待 1 秒
2021-07-07 03:15:57 {"status":"ok","msg":"添加成功！211176"}
2021-07-07 03:15:57 下次操作: 2021-07-07 03:16:14

2021-07-07 03:16:14 开始第 30 次操作

2021-07-07 03:16:14 开始操作号码 【1756924】
2021-07-07 03:16:17 GSD getOne 第 1 次 等待 1 秒
2021-07-07 03:16:18 查询号码 【1756924】，返回信息 {"status":"bad","msg":""}
2021-07-07 03:16:19 查询号码 【1756924】，GSD为【""】
2021-07-07 03:16:19 bad
2021-07-07 03:16:20 CHB 1756924?1625598979 第 1 次 等待 1 秒
2021-07-07 03:16:21 CHB 1756924?1625598979 第 1 次 获取到号码【1756924】GSD
2021-07-07 03:16:21 获取到号码【1756924】的GSD为【山东-日照】
2021-07-07 03:16:40 GSD insert 第 1 次 等待 1 秒
2021-07-07 03:16:41 {"status":"ok","msg":"添加成功！211177"}

2021-07-07 03:37:59 开始第 1 次操作

2021-07-07 03:37:59 开始操作号码 【1756925】
2021-07-07 03:38:04 GSD getOne 第 1 次 等待 1 秒
2021-07-07 03:38:05 查询号码 【1756925】，返回信息 {"status":"bad","msg":""}
2021-07-07 03:38:05 查询号码 【1756925】，GSD为【""】
2021-07-07 03:38:05 bad
2021-07-07 03:38:06 CHB 1756925?1625600285 第 1 次 等待 1 秒
2021-07-07 03:38:07 CHB 1756925?1625600285 第 1 次 获取到号码【1756925】GSD
2021-07-07 03:38:07 获取到号码【1756925】的GSD为【山东-日照】
2021-07-07 03:38:11 GSD insert 第 1 次 等待 1 秒
2021-07-07 03:38:12 {"status":"ok","msg":"添加成功！211256"}
2021-07-07 03:38:12 下次操作: 2021-07-07 03:38:27

2021-07-07 03:38:27 开始第 2 次操作

2021-07-07 03:38:27 开始操作号码 【1756926】
2021-07-07 03:38:30 GSD getOne 第 1 次 等待 1 秒
2021-07-07 03:38:31 查询号码 【1756926】，返回信息 {"status":"bad","msg":""}
2021-07-07 03:38:31 查询号码 【1756926】，GSD为【""】
2021-07-07 03:38:31 bad
2021-07-07 03:38:33 CHB 1756926?1625600311 第 1 次 等待 1 秒
2021-07-07 03:38:34 CHB 1756926?1625600311 第 1 次 获取到号码【1756926】GSD
2021-07-07 03:38:34 获取到号码【1756926】的GSD为【山东-日照】
2021-07-07 03:38:37 GSD insert 第 1 次 等待 1 秒
2021-07-07 03:38:38 {"status":"ok","msg":"添加成功！211264"}
2021-07-07 03:38:38 下次操作: 2021-07-07 03:38:44

2021-07-07 03:38:44 开始第 3 次操作

2021-07-07 03:38:44 开始操作号码 【1756927】
2021-07-07 03:38:48 GSD getOne 第 1 次 等待 1 秒
2021-07-07 03:38:49 查询号码 【1756927】，返回信息 {"status":"bad","msg":""}
2021-07-07 03:38:49 查询号码 【1756927】，GSD为【""】
2021-07-07 03:38:49 bad
2021-07-07 03:38:50 CHB 1756927?1625600329 第 1 次 等待 1 秒
2021-07-07 03:38:51 CHB 1756927?1625600329 第 1 次 获取到号码【1756927】GSD
2021-07-07 03:38:51 获取到号码【1756927】的GSD为【山东-日照】
2021-07-07 03:38:55 GSD insert 第 1 次 等待 1 秒
2021-07-07 03:38:56 {"status":"ok","msg":"添加成功！211269"}
2021-07-07 03:38:56 下次操作: 2021-07-07 03:39:04

2021-07-07 03:39:04 开始第 4 次操作

2021-07-07 03:39:04 开始操作号码 【1756928】
2021-07-07 03:39:08 GSD getOne 第 1 次 等待 1 秒
2021-07-07 03:39:09 查询号码 【1756928】，返回信息 {"status":"bad","msg":""}
2021-07-07 03:39:09 查询号码 【1756928】，GSD为【""】
2021-07-07 03:39:09 bad
2021-07-07 03:39:10 CHB 1756928?1625600349 第 1 次 等待 1 秒
2021-07-07 03:39:11 CHB 1756928?1625600349 第 1 次 获取到号码【1756928】GSD
2021-07-07 03:39:11 获取到号码【1756928】的GSD为【山东-日照】
2021-07-07 03:39:14 GSD insert 第 1 次 等待 1 秒
2021-07-07 03:39:15 {"status":"ok","msg":"添加成功！211276"}
2021-07-07 03:39:15 下次操作: 2021-07-07 03:39:32

2021-07-07 03:39:32 开始第 5 次操作

2021-07-07 03:39:32 开始操作号码 【1756929】
2021-07-07 03:39:36 GSD getOne 第 1 次 等待 1 秒
2021-07-07 03:39:37 查询号码 【1756929】，返回信息 {"status":"bad","msg":""}
2021-07-07 03:39:37 查询号码 【1756929】，GSD为【""】
2021-07-07 03:39:37 bad
2021-07-07 03:39:38 CHB 1756929?1625600377 第 1 次 等待 1 秒
2021-07-07 03:39:39 CHB 1756929?1625600377 第 1 次 获取到号码【1756929】GSD
2021-07-07 03:39:40 获取到号码【1756929】的GSD为【山东-日照】
2021-07-07 03:39:43 GSD insert 第 1 次 等待 1 秒
2021-07-07 03:39:44 {"status":"ok","msg":"添加成功！211284"}
2021-07-07 03:39:44 下次操作: 2021-07-07 03:39:59

2021-07-07 03:39:59 开始第 6 次操作

2021-07-07 03:39:59 开始操作号码 【1756930】
2021-07-07 03:40:03 GSD getOne 第 1 次 等待 1 秒
2021-07-07 03:40:04 查询号码 【1756930】，返回信息 {"status":"bad","msg":""}
2021-07-07 03:40:04 查询号码 【1756930】，GSD为【""】
2021-07-07 03:40:04 bad
2021-07-07 03:40:05 CHB 1756930?1625600404 第 1 次 等待 1 秒
2021-07-07 03:40:06 CHB 1756930?1625600404 第 1 次 获取到号码【1756930】GSD
2021-07-07 03:40:06 获取到号码【1756930】的GSD为【山东-日照】
2021-07-07 03:40:10 GSD insert 第 1 次 等待 1 秒
2021-07-07 03:40:11 {"status":"ok","msg":"添加成功！211293"}
2021-07-07 03:40:11 下次操作: 2021-07-07 03:40:28

2021-07-07 03:40:28 开始第 7 次操作

2021-07-07 03:40:28 开始操作号码 【1756931】
2021-07-07 03:40:31 GSD getOne 第 1 次 等待 1 秒
2021-07-07 03:40:32 查询号码 【1756931】，返回信息 {"status":"bad","msg":""}
2021-07-07 03:40:32 查询号码 【1756931】，GSD为【""】
2021-07-07 03:40:32 bad
2021-07-07 03:40:34 CHB 1756931?1625600432 第 1 次 等待 1 秒
2021-07-07 03:40:35 CHB 1756931?1625600432 第 1 次 获取到号码【1756931】GSD
2021-07-07 03:40:35 获取到号码【1756931】的GSD为【山东-日照】
2021-07-07 03:40:38 GSD insert 第 1 次 等待 1 秒
2021-07-07 03:40:39 {"status":"ok","msg":"添加成功！211302"}
2021-07-07 03:40:39 下次操作: 2021-07-07 03:40:51

2021-07-07 03:40:51 开始第 8 次操作

2021-07-07 03:40:51 开始操作号码 【1756932】
2021-07-07 03:40:55 GSD getOne 第 1 次 等待 1 秒
2021-07-07 03:40:56 查询号码 【1756932】，返回信息 {"status":"bad","msg":""}
2021-07-07 03:40:56 查询号码 【1756932】，GSD为【""】
2021-07-07 03:40:56 bad
2021-07-07 03:40:57 CHB 1756932?1625600456 第 1 次 等待 1 秒
2021-07-07 03:40:58 CHB 1756932?1625600456 第 1 次 获取到号码【1756932】GSD
2021-07-07 03:40:58 获取到号码【1756932】的GSD为【山东-日照】
2021-07-07 03:41:02 GSD insert 第 1 次 等待 1 秒
2021-07-07 03:41:03 {"status":"ok","msg":"添加成功！211309"}
2021-07-07 03:41:03 下次操作: 2021-07-07 03:41:13

2021-07-07 03:41:13 开始第 9 次操作

2021-07-07 03:41:13 开始操作号码 【1756933】
2021-07-07 03:41:16 GSD getOne 第 1 次 等待 1 秒
2021-07-07 03:41:17 查询号码 【1756933】，返回信息 {"status":"bad","msg":""}
2021-07-07 03:41:18 查询号码 【1756933】，GSD为【""】
2021-07-07 03:41:18 bad
2021-07-07 03:41:19 CHB 1756933?1625600478 第 1 次 等待 1 秒
2021-07-07 03:41:20 CHB 1756933?1625600478 第 1 次 获取到号码【1756933】GSD
2021-07-07 03:41:20 获取到号码【1756933】的GSD为【山东-日照】
2021-07-07 03:41:23 GSD insert 第 1 次 等待 1 秒
2021-07-07 03:41:24 {"status":"ok","msg":"添加成功！211315"}
2021-07-07 03:41:24 下次操作: 2021-07-07 03:41:36

2021-07-07 03:41:36 开始第 10 次操作

2021-07-07 03:41:36 开始操作号码 【1756934】
2021-07-07 03:41:40 GSD getOne 第 1 次 等待 1 秒
2021-07-07 03:41:41 查询号码 【1756934】，返回信息 {"status":"bad","msg":""}
2021-07-07 03:41:41 查询号码 【1756934】，GSD为【""】
2021-07-07 03:41:41 bad
2021-07-07 03:41:42 CHB 1756934?1625600501 第 1 次 等待 1 秒
2021-07-07 03:41:43 CHB 1756934?1625600501 第 1 次 获取到号码【1756934】GSD
2021-07-07 03:41:43 获取到号码【1756934】的GSD为【山东-日照】
2021-07-07 03:41:47 GSD insert 第 1 次 等待 1 秒
2021-07-07 03:41:48 {"status":"ok","msg":"添加成功！211324"}
2021-07-07 03:41:48 下次操作: 2021-07-07 03:42:04

2021-07-07 03:42:04 开始第 11 次操作

2021-07-07 03:42:04 开始操作号码 【1756935】
2021-07-07 03:42:07 GSD getOne 第 1 次 等待 1 秒
2021-07-07 03:42:09 查询号码 【1756935】，返回信息 {"status":"bad","msg":""}
2021-07-07 03:42:09 查询号码 【1756935】，GSD为【""】
2021-07-07 03:42:09 bad
2021-07-07 03:42:10 CHB 1756935?1625600529 第 1 次 等待 1 秒
2021-07-07 03:42:11 CHB 1756935?1625600529 第 1 次 获取到号码【1756935】GSD
2021-07-07 03:42:11 获取到号码【1756935】的GSD为【山东-日照】
2021-07-07 03:42:15 GSD insert 第 1 次 等待 1 秒
2021-07-07 03:42:16 {"status":"ok","msg":"添加成功！211331"}
2021-07-07 03:42:16 下次操作: 2021-07-07 03:42:28

2021-07-07 03:42:28 开始第 12 次操作

2021-07-07 03:42:28 开始操作号码 【1756936】
2021-07-07 03:42:31 GSD getOne 第 1 次 等待 1 秒
2021-07-07 03:42:32 查询号码 【1756936】，返回信息 {"status":"bad","msg":""}
2021-07-07 03:42:32 查询号码 【1756936】，GSD为【""】
2021-07-07 03:42:32 bad
2021-07-07 03:42:33 CHB 1756936?1625600552 第 1 次 等待 1 秒
2021-07-07 03:42:35 CHB 1756936?1625600552 第 1 次 获取到号码【1756936】GSD
2021-07-07 03:42:35 获取到号码【1756936】的GSD为【山东-日照】
2021-07-07 03:42:38 GSD insert 第 1 次 等待 1 秒
2021-07-07 03:42:39 {"status":"ok","msg":"添加成功！211337"}
2021-07-07 03:42:39 下次操作: 2021-07-07 03:42:52

2021-07-07 03:42:52 开始第 13 次操作

2021-07-07 03:42:52 开始操作号码 【1756937】
2021-07-07 03:42:56 GSD getOne 第 1 次 等待 1 秒
2021-07-07 03:42:57 查询号码 【1756937】，返回信息 {"status":"bad","msg":""}
2021-07-07 03:42:57 查询号码 【1756937】，GSD为【""】
2021-07-07 03:42:57 bad
2021-07-07 03:42:58 CHB 1756937?1625600577 第 1 次 等待 1 秒
2021-07-07 03:42:59 CHB 1756937?1625600577 第 1 次 获取到号码【1756937】GSD
2021-07-07 03:42:59 获取到号码【1756937】的GSD为【山东-日照】
2021-07-07 03:43:03 GSD insert 第 1 次 等待 1 秒
2021-07-07 03:43:04 {"status":"ok","msg":"添加成功！211344"}
2021-07-07 03:43:04 下次操作: 2021-07-07 03:43:16

2021-07-07 03:43:16 开始第 14 次操作

2021-07-07 03:43:16 开始操作号码 【1756938】
2021-07-07 03:43:19 GSD getOne 第 1 次 等待 1 秒
2021-07-07 03:43:20 查询号码 【1756938】，返回信息 {"status":"bad","msg":""}
2021-07-07 03:43:20 查询号码 【1756938】，GSD为【""】
2021-07-07 03:43:20 bad
2021-07-07 03:43:22 CHB 1756938?1625600600 第 1 次 等待 1 秒
2021-07-07 03:43:23 CHB 1756938?1625600600 第 1 次 获取到号码【1756938】GSD
2021-07-07 03:43:23 获取到号码【1756938】的GSD为【山东-日照】
2021-07-07 03:43:26 GSD insert 第 1 次 等待 1 秒
2021-07-07 03:43:27 {"status":"ok","msg":"添加成功！211349"}
2021-07-07 03:43:27 下次操作: 2021-07-07 03:43:43

2021-07-07 03:43:43 开始第 15 次操作

2021-07-07 03:43:43 开始操作号码 【1756939】
2021-07-07 03:43:47 GSD getOne 第 1 次 等待 1 秒
2021-07-07 03:43:48 查询号码 【1756939】，返回信息 {"status":"bad","msg":""}
2021-07-07 03:43:48 查询号码 【1756939】，GSD为【""】
2021-07-07 03:43:48 bad
2021-07-07 03:43:49 CHB 1756939?1625600628 第 1 次 等待 1 秒
2021-07-07 03:43:50 CHB 1756939?1625600628 第 1 次 获取到号码【1756939】GSD
2021-07-07 03:43:50 获取到号码【1756939】的GSD为【山东-日照】
2021-07-07 03:43:54 GSD insert 第 1 次 等待 1 秒
2021-07-07 03:43:55 {"status":"ok","msg":"添加成功！211355"}
2021-07-07 03:43:55 下次操作: 2021-07-07 03:44:01

2021-07-07 03:44:01 开始第 16 次操作

2021-07-07 03:44:01 开始操作号码 【1756940】
2021-07-07 03:44:04 GSD getOne 第 1 次 等待 1 秒
2021-07-07 03:44:05 查询号码 【1756940】，返回信息 {"status":"bad","msg":""}
2021-07-07 03:44:05 查询号码 【1756940】，GSD为【""】
2021-07-07 03:44:05 bad
2021-07-07 03:44:07 CHB 1756940?1625600645 第 1 次 等待 1 秒
2021-07-07 03:44:08 CHB 1756940?1625600645 第 1 次 获取到号码【1756940】GSD
2021-07-07 03:44:08 获取到号码【1756940】的GSD为【山东-日照】
2021-07-07 03:44:11 GSD insert 第 1 次 等待 1 秒
2021-07-07 03:44:12 {"status":"ok","msg":"添加成功！211362"}
2021-07-07 03:44:12 下次操作: 2021-07-07 03:44:26

2021-07-07 03:44:26 开始第 17 次操作

2021-07-07 03:44:26 开始操作号码 【1756941】
2021-07-07 03:44:30 GSD getOne 第 1 次 等待 1 秒
2021-07-07 03:44:31 查询号码 【1756941】，返回信息 {"status":"bad","msg":""}
2021-07-07 03:44:31 查询号码 【1756941】，GSD为【""】
2021-07-07 03:44:31 bad
2021-07-07 03:44:32 CHB 1756941?1625600671 第 1 次 等待 1 秒
2021-07-07 03:44:33 CHB 1756941?1625600671 第 1 次 获取到号码【1756941】GSD
2021-07-07 03:44:33 获取到号码【1756941】的GSD为【山东-日照】
2021-07-07 03:44:37 GSD insert 第 1 次 等待 1 秒
2021-07-07 03:44:38 {"status":"ok","msg":"添加成功！211366"}
2021-07-07 03:44:38 下次操作: 2021-07-07 03:44:52

2021-07-07 03:44:52 开始第 18 次操作

2021-07-07 03:44:52 开始操作号码 【1756942】
2021-07-07 03:44:55 GSD getOne 第 1 次 等待 1 秒
2021-07-07 03:44:56 查询号码 【1756942】，返回信息 {"status":"bad","msg":""}
2021-07-07 03:44:56 查询号码 【1756942】，GSD为【""】
2021-07-07 03:44:56 bad
2021-07-07 03:44:57 CHB 1756942?1625600696 第 1 次 等待 1 秒
2021-07-07 03:44:58 CHB 1756942?1625600696 第 1 次 获取到号码【1756942】GSD
2021-07-07 03:44:58 未获取到号码【1756942】GSD，查号吧 400 错误
2021-07-07 03:44:58 获取到号码【1756942】的GSD为【-】
2021-07-07 03:45:02 GSD insert 第 1 次 等待 1 秒
2021-07-07 03:45:03 {"status":"ok","msg":"添加成功！211374"}
2021-07-07 03:45:03 下次操作: 2021-07-07 03:45:12

2021-07-07 03:45:12 开始第 19 次操作

2021-07-07 03:45:12 开始操作号码 【1756943】
2021-07-07 03:45:15 GSD getOne 第 1 次 等待 1 秒
2021-07-07 03:45:16 查询号码 【1756943】，返回信息 {"status":"bad","msg":""}
2021-07-07 03:45:16 查询号码 【1756943】，GSD为【""】
2021-07-07 03:45:16 bad
2021-07-07 03:45:17 CHB 1756943?1625600716 第 1 次 等待 1 秒
2021-07-07 03:45:18 CHB 1756943?1625600716 第 1 次 获取到号码【1756943】GSD
2021-07-07 03:45:18 未获取到号码【1756943】GSD，查号吧 400 错误
2021-07-07 03:45:18 获取到号码【1756943】的GSD为【-】
2021-07-07 03:45:22 GSD insert 第 1 次 等待 1 秒
2021-07-07 03:45:23 {"status":"ok","msg":"添加成功！211378"}
2021-07-07 03:45:23 下次操作: 2021-07-07 03:45:29

2021-07-07 03:45:29 开始第 20 次操作

2021-07-07 03:45:29 开始操作号码 【1756944】
2021-07-07 03:45:32 GSD getOne 第 1 次 等待 1 秒
2021-07-07 03:45:33 查询号码 【1756944】，返回信息 {"status":"bad","msg":""}
2021-07-07 03:45:33 查询号码 【1756944】，GSD为【""】
2021-07-07 03:45:33 bad
2021-07-07 03:45:35 CHB 1756944?1625600733 第 1 次 等待 1 秒
2021-07-07 03:45:36 CHB 1756944?1625600733 第 1 次 获取到号码【1756944】GSD
2021-07-07 03:45:36 获取到号码【1756944】的GSD为【山东-日照】
2021-07-07 03:45:39 GSD insert 第 1 次 等待 1 秒
2021-07-07 03:45:40 {"status":"ok","msg":"添加成功！211385"}
2021-07-07 03:45:40 下次操作: 2021-07-07 03:45:47

2021-07-07 03:45:47 开始第 21 次操作

2021-07-07 03:45:47 开始操作号码 【1756945】
2021-07-07 03:45:51 GSD getOne 第 1 次 等待 1 秒
2021-07-07 03:45:52 查询号码 【1756945】，返回信息 {"status":"bad","msg":""}
2021-07-07 03:45:52 查询号码 【1756945】，GSD为【""】
2021-07-07 03:45:52 bad
2021-07-07 03:45:53 CHB 1756945?1625600752 第 1 次 等待 1 秒
2021-07-07 03:45:54 CHB 1756945?1625600752 第 1 次 获取到号码【1756945】GSD
2021-07-07 03:45:54 获取到号码【1756945】的GSD为【山东-日照】
2021-07-07 03:45:58 GSD insert 第 1 次 等待 1 秒
2021-07-07 03:45:59 {"status":"ok","msg":"添加成功！211393"}
2021-07-07 03:45:59 下次操作: 2021-07-07 03:46:17

2021-07-07 03:46:17 开始第 22 次操作

2021-07-07 03:46:17 开始操作号码 【1756946】
2021-07-07 03:46:20 GSD getOne 第 1 次 等待 1 秒
2021-07-07 03:46:21 查询号码 【1756946】，返回信息 {"status":"bad","msg":""}
2021-07-07 03:46:22 查询号码 【1756946】，GSD为【""】
2021-07-07 03:46:22 bad
2021-07-07 03:46:23 CHB 1756946?1625600782 第 1 次 等待 1 秒
2021-07-07 03:46:24 CHB 1756946?1625600782 第 1 次 获取到号码【1756946】GSD
2021-07-07 03:46:24 获取到号码【1756946】的GSD为【山东-日照】
2021-07-07 03:46:27 GSD insert 第 1 次 等待 1 秒
2021-07-07 03:46:28 {"status":"ok","msg":"添加成功！211401"}
2021-07-07 03:46:28 下次操作: 2021-07-07 03:46:43

2021-07-07 03:46:43 开始第 23 次操作

2021-07-07 03:46:43 开始操作号码 【1756947】
2021-07-07 03:46:47 GSD getOne 第 1 次 等待 1 秒
2021-07-07 03:46:48 查询号码 【1756947】，返回信息 {"status":"bad","msg":""}
2021-07-07 03:46:48 查询号码 【1756947】，GSD为【""】
2021-07-07 03:46:48 bad
2021-07-07 03:46:49 CHB 1756947?1625600808 第 1 次 等待 1 秒
2021-07-07 03:46:50 CHB 1756947?1625600808 第 1 次 获取到号码【1756947】GSD
2021-07-07 03:46:51 获取到号码【1756947】的GSD为【山东-日照】
2021-07-07 03:46:54 GSD insert 第 1 次 等待 1 秒
2021-07-07 03:46:55 {"status":"ok","msg":"添加成功！211408"}
2021-07-07 03:46:55 下次操作: 2021-07-07 03:47:08

2021-07-07 03:47:08 开始第 24 次操作

2021-07-07 03:47:08 开始操作号码 【1756948】
2021-07-07 03:47:12 GSD getOne 第 1 次 等待 1 秒
2021-07-07 03:47:13 查询号码 【1756948】，返回信息 {"status":"bad","msg":""}
2021-07-07 03:47:13 查询号码 【1756948】，GSD为【""】
2021-07-07 03:47:13 bad
2021-07-07 03:47:14 CHB 1756948?1625600833 第 1 次 等待 1 秒
2021-07-07 03:47:15 CHB 1756948?1625600833 第 1 次 获取到号码【1756948】GSD
2021-07-07 03:47:15 获取到号码【1756948】的GSD为【山东-日照】
2021-07-07 03:47:18 GSD insert 第 1 次 等待 1 秒
2021-07-07 03:47:19 {"status":"ok","msg":"添加成功！211417"}
2021-07-07 03:47:19 下次操作: 2021-07-07 03:47:36

2021-07-07 03:47:36 开始第 25 次操作

2021-07-07 03:47:36 开始操作号码 【1756949】
2021-07-07 03:47:40 GSD getOne 第 1 次 等待 1 秒
2021-07-07 03:47:41 查询号码 【1756949】，返回信息 {"status":"bad","msg":""}
2021-07-07 03:47:41 查询号码 【1756949】，GSD为【""】
2021-07-07 03:47:41 bad
2021-07-07 03:47:42 CHB 1756949?1625600861 第 1 次 等待 1 秒
2021-07-07 03:47:43 CHB 1756949?1625600861 第 1 次 获取到号码【1756949】GSD
2021-07-07 03:47:43 获取到号码【1756949】的GSD为【山东-日照】
2021-07-07 03:47:47 GSD insert 第 1 次 等待 1 秒
2021-07-07 03:47:48 {"status":"ok","msg":"添加成功！211422"}
2021-07-07 03:47:48 下次操作: 2021-07-07 03:48:06

2021-07-07 03:48:06 开始第 26 次操作

2021-07-07 03:48:06 开始操作号码 【1756950】
2021-07-07 03:48:09 GSD getOne 第 1 次 等待 1 秒
2021-07-07 03:48:10 查询号码 【1756950】，返回信息 {"status":"bad","msg":""}
2021-07-07 03:48:11 查询号码 【1756950】，GSD为【""】
2021-07-07 03:48:11 bad
2021-07-07 03:48:12 CHB 1756950?1625600891 第 1 次 等待 1 秒
2021-07-07 03:48:13 CHB 1756950?1625600891 第 1 次 获取到号码【1756950】GSD
2021-07-07 03:48:13 获取到号码【1756950】的GSD为【山东-日照】
2021-07-07 03:48:16 GSD insert 第 1 次 等待 1 秒
2021-07-07 03:48:17 {"status":"ok","msg":"添加成功！211432"}
2021-07-07 03:48:17 下次操作: 2021-07-07 03:48:26

2021-07-07 03:48:26 开始第 27 次操作

2021-07-07 03:48:26 开始操作号码 【1756951】
2021-07-07 03:48:30 GSD getOne 第 1 次 等待 1 秒
2021-07-07 03:48:31 查询号码 【1756951】，返回信息 {"status":"bad","msg":""}
2021-07-07 03:48:31 查询号码 【1756951】，GSD为【""】
2021-07-07 03:48:31 bad
2021-07-07 03:48:32 CHB 1756951?1625600911 第 1 次 等待 1 秒
2021-07-07 03:48:33 CHB 1756951?1625600911 第 1 次 获取到号码【1756951】GSD
2021-07-07 03:48:33 获取到号码【1756951】的GSD为【山东-日照】
2021-07-07 03:48:37 GSD insert 第 1 次 等待 1 秒
2021-07-07 03:48:38 {"status":"ok","msg":"添加成功！211437"}
2021-07-07 03:48:38 下次操作: 2021-07-07 03:48:54

2021-07-07 03:48:54 开始第 28 次操作

2021-07-07 03:48:54 开始操作号码 【1756952】
2021-07-07 03:48:58 GSD getOne 第 1 次 等待 1 秒
2021-07-07 03:48:59 查询号码 【1756952】，返回信息 {"status":"bad","msg":""}
2021-07-07 03:48:59 查询号码 【1756952】，GSD为【""】
2021-07-07 03:48:59 bad
2021-07-07 03:49:00 CHB 1756952?1625600939 第 1 次 等待 1 秒
2021-07-07 03:49:01 CHB 1756952?1625600939 第 1 次 获取到号码【1756952】GSD
2021-07-07 03:49:01 获取到号码【1756952】的GSD为【山东-日照】
2021-07-07 03:49:05 GSD insert 第 1 次 等待 1 秒
2021-07-07 03:49:06 {"status":"ok","msg":"添加成功！211445"}
2021-07-07 03:49:06 下次操作: 2021-07-07 03:49:20

2021-07-07 03:49:20 开始第 29 次操作

2021-07-07 03:49:20 开始操作号码 【1756953】
2021-07-07 03:49:23 GSD getOne 第 1 次 等待 1 秒
2021-07-07 03:49:24 查询号码 【1756953】，返回信息 {"status":"bad","msg":""}
2021-07-07 03:49:24 查询号码 【1756953】，GSD为【""】
2021-07-07 03:49:24 bad
2021-07-07 03:49:26 CHB 1756953?1625600964 第 1 次 等待 1 秒
2021-07-07 03:49:27 CHB 1756953?1625600964 第 1 次 获取到号码【1756953】GSD
2021-07-07 03:49:27 获取到号码【1756953】的GSD为【山东-日照】
2021-07-07 03:49:30 GSD insert 第 1 次 等待 1 秒
2021-07-07 03:49:31 {"status":"ok","msg":"添加成功！211449"}
2021-07-07 03:49:31 下次操作: 2021-07-07 03:49:42

2021-07-07 03:49:42 开始第 30 次操作

2021-07-07 03:49:42 开始操作号码 【1756954】
2021-07-07 03:49:46 GSD getOne 第 1 次 等待 1 秒
2021-07-07 03:49:47 查询号码 【1756954】，返回信息 {"status":"bad","msg":""}
2021-07-07 03:49:47 查询号码 【1756954】，GSD为【""】
2021-07-07 03:49:47 bad
2021-07-07 03:49:48 CHB 1756954?1625600987 第 1 次 等待 1 秒
2021-07-07 03:49:49 CHB 1756954?1625600987 第 1 次 获取到号码【1756954】GSD
2021-07-07 03:49:49 获取到号码【1756954】的GSD为【山东-潍坊】
2021-07-07 03:49:53 GSD insert 第 1 次 等待 1 秒
2021-07-07 03:49:54 {"status":"ok","msg":"添加成功！211452"}

2021-07-07 04:40:33 开始第 1 次操作

2021-07-07 04:40:33 开始操作号码 【1756955】
2021-07-07 04:40:37 GSD getOne 第 1 次 等待 1 秒
2021-07-07 04:40:38 查询号码 【1756955】，返回信息 {"status":"bad","msg":""}
2021-07-07 04:40:38 查询号码 【1756955】，GSD为【""】
2021-07-07 04:40:38 bad
2021-07-07 04:40:40 CHB 1756955?1625604038 第 1 次 等待 1 秒
2021-07-07 04:40:41 CHB 1756955?1625604038 第 1 次 获取到号码【1756955】GSD
2021-07-07 04:40:41 获取到号码【1756955】的GSD为【山东-潍坊】
2021-07-07 04:40:45 GSD insert 第 1 次 等待 1 秒
2021-07-07 04:40:46 {"status":"ok","msg":"添加成功！211619"}
2021-07-07 04:40:46 下次操作: 2021-07-07 04:40:55

2021-07-07 04:40:55 开始第 2 次操作

2021-07-07 04:40:55 开始操作号码 【1756956】
2021-07-07 04:40:59 GSD getOne 第 1 次 等待 1 秒
2021-07-07 04:41:00 查询号码 【1756956】，返回信息 {"status":"bad","msg":""}
2021-07-07 04:41:00 查询号码 【1756956】，GSD为【""】
2021-07-07 04:41:00 bad
2021-07-07 04:41:02 CHB 1756956?1625604060 第 1 次 等待 1 秒
2021-07-07 04:41:03 CHB 1756956?1625604060 第 1 次 获取到号码【1756956】GSD
2021-07-07 04:41:03 获取到号码【1756956】的GSD为【山东-潍坊】
2021-07-07 04:41:06 GSD insert 第 1 次 等待 1 秒
2021-07-07 04:41:07 {"status":"ok","msg":"添加成功！211626"}
2021-07-07 04:41:07 下次操作: 2021-07-07 04:41:17

2021-07-07 04:41:17 开始第 3 次操作

2021-07-07 04:41:17 开始操作号码 【1756957】
2021-07-07 04:41:21 GSD getOne 第 1 次 等待 1 秒
2021-07-07 04:41:22 查询号码 【1756957】，返回信息 {"status":"bad","msg":""}
2021-07-07 04:41:22 查询号码 【1756957】，GSD为【""】
2021-07-07 04:41:22 bad
2021-07-07 04:41:24 CHB 1756957?1625604082 第 1 次 等待 1 秒
2021-07-07 04:41:25 CHB 1756957?1625604082 第 1 次 获取到号码【1756957】GSD
2021-07-07 04:41:25 获取到号码【1756957】的GSD为【山东-潍坊】
2021-07-07 04:41:29 GSD insert 第 1 次 等待 1 秒
2021-07-07 04:41:30 {"status":"ok","msg":"添加成功！211634"}
2021-07-07 04:41:30 下次操作: 2021-07-07 04:41:37

2021-07-07 04:41:37 开始第 4 次操作

2021-07-07 04:41:37 开始操作号码 【1756958】
2021-07-07 04:41:41 GSD getOne 第 1 次 等待 1 秒
2021-07-07 04:41:42 查询号码 【1756958】，返回信息 {"status":"bad","msg":""}
2021-07-07 04:41:42 查询号码 【1756958】，GSD为【""】
2021-07-07 04:41:42 bad
2021-07-07 04:41:44 CHB 1756958?1625604102 第 1 次 等待 1 秒
2021-07-07 04:41:45 CHB 1756958?1625604102 第 1 次 获取到号码【1756958】GSD
2021-07-07 04:41:45 获取到号码【1756958】的GSD为【山东-潍坊】
2021-07-07 04:41:48 GSD insert 第 1 次 等待 1 秒
2021-07-07 04:41:49 {"status":"ok","msg":"添加成功！211638"}
2021-07-07 04:41:49 下次操作: 2021-07-07 04:42:06

2021-07-07 04:42:06 开始第 5 次操作

2021-07-07 04:42:06 开始操作号码 【1756959】
2021-07-07 04:42:10 GSD getOne 第 1 次 等待 1 秒
2021-07-07 04:42:11 查询号码 【1756959】，返回信息 {"status":"bad","msg":""}
2021-07-07 04:42:11 查询号码 【1756959】，GSD为【""】
2021-07-07 04:42:11 bad
2021-07-07 04:42:13 CHB 1756959?1625604131 第 1 次 等待 1 秒
2021-07-07 04:42:14 CHB 1756959?1625604131 第 1 次 获取到号码【1756959】GSD
2021-07-07 04:42:14 获取到号码【1756959】的GSD为【山东-潍坊】
2021-07-07 04:42:18 GSD insert 第 1 次 等待 1 秒
2021-07-07 04:42:19 {"status":"ok","msg":"添加成功！211649"}
2021-07-07 04:42:19 下次操作: 2021-07-07 04:42:27

2021-07-07 04:42:27 开始第 6 次操作

2021-07-07 04:42:27 开始操作号码 【1756960】
2021-07-07 04:42:31 GSD getOne 第 1 次 等待 1 秒
2021-07-07 04:42:32 查询号码 【1756960】，返回信息 {"status":"bad","msg":""}
2021-07-07 04:42:32 查询号码 【1756960】，GSD为【""】
2021-07-07 04:42:32 bad
2021-07-07 04:42:34 CHB 1756960?1625604152 第 1 次 等待 1 秒
2021-07-07 04:42:35 CHB 1756960?1625604152 第 1 次 获取到号码【1756960】GSD
2021-07-07 04:42:35 获取到号码【1756960】的GSD为【山东-淄博】
2021-07-07 04:42:39 GSD insert 第 1 次 等待 1 秒
2021-07-07 04:42:40 {"status":"ok","msg":"添加成功！211654"}
2021-07-07 04:42:40 下次操作: 2021-07-07 04:42:56

2021-07-07 04:42:56 开始第 7 次操作

2021-07-07 04:42:56 开始操作号码 【1756961】
2021-07-07 04:43:00 GSD getOne 第 1 次 等待 1 秒
2021-07-07 04:43:01 查询号码 【1756961】，返回信息 {"status":"bad","msg":""}
2021-07-07 04:43:01 查询号码 【1756961】，GSD为【""】
2021-07-07 04:43:01 bad
2021-07-07 04:43:03 CHB 1756961?1625604181 第 1 次 等待 1 秒
2021-07-07 04:43:04 CHB 1756961?1625604181 第 1 次 获取到号码【1756961】GSD
2021-07-07 04:43:04 获取到号码【1756961】的GSD为【山东-淄博】
2021-07-07 04:43:08 GSD insert 第 1 次 等待 1 秒
2021-07-07 04:43:09 {"status":"ok","msg":"添加成功！211663"}
2021-07-07 04:43:09 下次操作: 2021-07-07 04:43:15

2021-07-07 04:43:15 开始第 8 次操作

2021-07-07 04:43:15 开始操作号码 【1756962】
2021-07-07 04:43:18 GSD getOne 第 1 次 等待 1 秒
2021-07-07 04:43:19 查询号码 【1756962】，返回信息 {"status":"bad","msg":""}
2021-07-07 04:43:20 查询号码 【1756962】，GSD为【""】
2021-07-07 04:43:20 bad
2021-07-07 04:43:21 CHB 1756962?1625604200 第 1 次 等待 1 秒
2021-07-07 04:43:22 CHB 1756962?1625604200 第 1 次 获取到号码【1756962】GSD
2021-07-07 04:43:22 获取到号码【1756962】的GSD为【山东-淄博】
2021-07-07 04:43:26 GSD insert 第 1 次 等待 1 秒
2021-07-07 04:43:27 {"status":"ok","msg":"添加成功！211667"}
2021-07-07 04:43:27 下次操作: 2021-07-07 04:43:42

2021-07-07 04:43:42 开始第 9 次操作

2021-07-07 04:43:42 开始操作号码 【1756963】
2021-07-07 04:43:46 GSD getOne 第 1 次 等待 1 秒
2021-07-07 04:43:47 查询号码 【1756963】，返回信息 {"status":"bad","msg":""}
2021-07-07 04:43:47 查询号码 【1756963】，GSD为【""】
2021-07-07 04:43:47 bad
2021-07-07 04:43:49 CHB 1756963?1625604227 第 1 次 等待 1 秒
2021-07-07 04:43:50 CHB 1756963?1625604227 第 1 次 获取到号码【1756963】GSD
2021-07-07 04:43:50 获取到号码【1756963】的GSD为【山东-淄博】
2021-07-07 04:43:54 GSD insert 第 1 次 等待 1 秒
2021-07-07 04:43:55 {"status":"ok","msg":"添加成功！211678"}
2021-07-07 04:43:55 下次操作: 2021-07-07 04:44:05

2021-07-07 04:44:05 开始第 10 次操作

2021-07-07 04:44:05 开始操作号码 【1756964】
2021-07-07 04:44:09 GSD getOne 第 1 次 等待 1 秒
2021-07-07 04:44:10 查询号码 【1756964】，返回信息 {"status":"bad","msg":""}
2021-07-07 04:44:10 查询号码 【1756964】，GSD为【""】
2021-07-07 04:44:10 bad
2021-07-07 04:44:12 CHB 1756964?1625604250 第 1 次 等待 1 秒
2021-07-07 04:44:13 CHB 1756964?1625604250 第 1 次 获取到号码【1756964】GSD
2021-07-07 04:44:13 获取到号码【1756964】的GSD为【山东-淄博】
2021-07-07 04:44:16 GSD insert 第 1 次 等待 1 秒
2021-07-07 04:44:17 {"status":"ok","msg":"添加成功！211683"}
2021-07-07 04:44:17 下次操作: 2021-07-07 04:44:28

2021-07-07 04:44:28 开始第 11 次操作

2021-07-07 04:44:28 开始操作号码 【1756965】
2021-07-07 04:44:32 GSD getOne 第 1 次 等待 1 秒
2021-07-07 04:44:33 查询号码 【1756965】，返回信息 {"status":"bad","msg":""}
2021-07-07 04:44:34 查询号码 【1756965】，GSD为【""】
2021-07-07 04:44:34 bad
2021-07-07 04:44:36 CHB 1756965?1625604274 第 1 次 等待 1 秒
2021-07-07 04:44:37 CHB 1756965?1625604274 第 1 次 获取到号码【1756965】GSD
2021-07-07 04:44:37 获取到号码【1756965】的GSD为【山东-淄博】
2021-07-07 04:44:40 GSD insert 第 1 次 等待 1 秒
2021-07-07 04:44:41 {"status":"ok","msg":"添加成功！211690"}
2021-07-07 04:44:41 下次操作: 2021-07-07 04:44:49

2021-07-07 04:44:49 开始第 12 次操作

2021-07-07 04:44:49 开始操作号码 【1756966】
2021-07-07 04:44:53 GSD getOne 第 1 次 等待 1 秒
2021-07-07 04:44:54 查询号码 【1756966】，返回信息 {"status":"bad","msg":""}
2021-07-07 04:44:54 查询号码 【1756966】，GSD为【""】
2021-07-07 04:44:54 bad
2021-07-07 04:44:56 CHB 1756966?1625604294 第 1 次 等待 1 秒
2021-07-07 04:44:57 CHB 1756966?1625604294 第 1 次 获取到号码【1756966】GSD
2021-07-07 04:44:57 获取到号码【1756966】的GSD为【山东-淄博】
2021-07-07 04:45:01 GSD insert 第 1 次 等待 1 秒
2021-07-07 04:45:02 {"status":"ok","msg":"添加成功！211696"}
2021-07-07 04:45:02 下次操作: 2021-07-07 04:45:19

2021-07-07 04:45:19 开始第 13 次操作

2021-07-07 04:45:19 开始操作号码 【1756967】
2021-07-07 04:45:23 GSD getOne 第 1 次 等待 1 秒
2021-07-07 04:45:24 查询号码 【1756967】，返回信息 {"status":"bad","msg":""}
2021-07-07 04:45:24 查询号码 【1756967】，GSD为【""】
2021-07-07 04:45:24 bad
2021-07-07 04:45:26 CHB 1756967?1625604324 第 1 次 等待 1 秒
2021-07-07 04:45:27 CHB 1756967?1625604324 第 1 次 获取到号码【1756967】GSD
2021-07-07 04:45:27 获取到号码【1756967】的GSD为【山东-淄博】
2021-07-07 04:45:30 GSD insert 第 1 次 等待 1 秒
2021-07-07 04:45:31 {"status":"ok","msg":"添加成功！211703"}
2021-07-07 04:45:31 下次操作: 2021-07-07 04:45:37

2021-07-07 04:45:37 开始第 14 次操作

2021-07-07 04:45:37 开始操作号码 【1756968】
2021-07-07 04:45:41 GSD getOne 第 1 次 等待 1 秒
2021-07-07 04:45:42 查询号码 【1756968】，返回信息 {"status":"bad","msg":""}
2021-07-07 04:45:42 查询号码 【1756968】，GSD为【""】
2021-07-07 04:45:42 bad
2021-07-07 04:45:44 CHB 1756968?1625604342 第 1 次 等待 1 秒
2021-07-07 04:45:45 CHB 1756968?1625604342 第 1 次 获取到号码【1756968】GSD
2021-07-07 04:45:45 获取到号码【1756968】的GSD为【山东-淄博】
2021-07-07 04:45:49 GSD insert 第 1 次 等待 1 秒
2021-07-07 04:45:50 {"status":"ok","msg":"添加成功！211707"}
2021-07-07 04:45:50 下次操作: 2021-07-07 04:46:07

2021-07-07 04:46:07 开始第 15 次操作

2021-07-07 04:46:07 开始操作号码 【1756969】
2021-07-07 04:46:11 GSD getOne 第 1 次 等待 1 秒
2021-07-07 04:46:12 查询号码 【1756969】，返回信息 {"status":"bad","msg":""}
2021-07-07 04:46:12 查询号码 【1756969】，GSD为【""】
2021-07-07 04:46:12 bad
2021-07-07 04:46:14 CHB 1756969?1625604372 第 1 次 等待 1 秒
2021-07-07 04:46:15 CHB 1756969?1625604372 第 1 次 获取到号码【1756969】GSD
2021-07-07 04:46:15 获取到号码【1756969】的GSD为【山东-淄博】
2021-07-07 04:46:19 GSD insert 第 1 次 等待 1 秒
2021-07-07 04:46:20 {"status":"ok","msg":"添加成功！211714"}
2021-07-07 04:46:20 下次操作: 2021-07-07 04:46:27

2021-07-07 04:46:27 开始第 16 次操作

2021-07-07 04:46:27 开始操作号码 【1756970】
2021-07-07 04:46:30 GSD getOne 第 1 次 等待 1 秒
2021-07-07 04:46:31 查询号码 【1756970】，返回信息 {"status":"bad","msg":""}
2021-07-07 04:46:31 查询号码 【1756970】，GSD为【""】
2021-07-07 04:46:31 bad
2021-07-07 04:46:33 CHB 1756970?1625604391 第 1 次 等待 1 秒
2021-07-07 04:46:34 CHB 1756970?1625604391 第 1 次 获取到号码【1756970】GSD
2021-07-07 04:46:34 获取到号码【1756970】的GSD为【山东-淄博】
2021-07-07 04:46:38 GSD insert 第 1 次 等待 1 秒
2021-07-07 04:46:39 {"status":"ok","msg":"添加成功！211719"}
2021-07-07 04:46:39 下次操作: 2021-07-07 04:46:49

2021-07-07 04:46:49 开始第 17 次操作

2021-07-07 04:46:49 开始操作号码 【1756971】
2021-07-07 04:46:53 GSD getOne 第 1 次 等待 1 秒
2021-07-07 04:46:54 查询号码 【1756971】，返回信息 {"status":"bad","msg":""}
2021-07-07 04:46:54 查询号码 【1756971】，GSD为【""】
2021-07-07 04:46:54 bad
2021-07-07 04:46:56 CHB 1756971?1625604414 第 1 次 等待 1 秒
2021-07-07 04:46:57 CHB 1756971?1625604414 第 1 次 获取到号码【1756971】GSD
2021-07-07 04:46:57 获取到号码【1756971】的GSD为【山东-淄博】
2021-07-07 04:47:01 GSD insert 第 1 次 等待 1 秒
2021-07-07 04:47:02 {"status":"ok","msg":"添加成功！211725"}
2021-07-07 04:47:02 下次操作: 2021-07-07 04:47:16

2021-07-07 04:47:16 开始第 18 次操作

2021-07-07 04:47:16 开始操作号码 【1756972】
2021-07-07 04:47:19 GSD getOne 第 1 次 等待 1 秒
2021-07-07 04:47:20 查询号码 【1756972】，返回信息 {"status":"bad","msg":""}
2021-07-07 04:47:21 查询号码 【1756972】，GSD为【""】
2021-07-07 04:47:21 bad
2021-07-07 04:47:22 CHB 1756972?1625604441 第 1 次 等待 1 秒
2021-07-07 04:47:23 CHB 1756972?1625604441 第 1 次 获取到号码【1756972】GSD
2021-07-07 04:47:23 获取到号码【1756972】的GSD为【山东-淄博】
2021-07-07 04:47:27 GSD insert 第 1 次 等待 1 秒
2021-07-07 04:47:28 {"status":"ok","msg":"添加成功！211729"}
2021-07-07 04:47:28 下次操作: 2021-07-07 04:47:37

2021-07-07 04:47:37 开始第 19 次操作

2021-07-07 04:47:37 开始操作号码 【1756973】
2021-07-07 04:47:41 GSD getOne 第 1 次 等待 1 秒
2021-07-07 04:47:42 查询号码 【1756973】，返回信息 {"status":"bad","msg":""}
2021-07-07 04:47:42 查询号码 【1756973】，GSD为【""】
2021-07-07 04:47:42 bad
2021-07-07 04:47:44 CHB 1756973?1625604462 第 1 次 等待 1 秒
2021-07-07 04:47:45 CHB 1756973?1625604462 第 1 次 获取到号码【1756973】GSD
2021-07-07 04:47:45 获取到号码【1756973】的GSD为【山东-淄博】
2021-07-07 04:47:49 GSD insert 第 1 次 等待 1 秒
2021-07-07 04:47:50 {"status":"ok","msg":"添加成功！211735"}
2021-07-07 04:47:50 下次操作: 2021-07-07 04:48:01

2021-07-07 04:48:01 开始第 20 次操作

2021-07-07 04:48:01 开始操作号码 【1756974】
2021-07-07 04:48:05 GSD getOne 第 1 次 等待 1 秒
2021-07-07 04:48:06 查询号码 【1756974】，返回信息 {"status":"bad","msg":""}
2021-07-07 04:48:06 查询号码 【1756974】，GSD为【""】
2021-07-07 04:48:06 bad
2021-07-07 04:48:07 CHB 1756974?1625604486 第 1 次 等待 1 秒
2021-07-07 04:48:08 CHB 1756974?1625604486 第 1 次 获取到号码【1756974】GSD
2021-07-07 04:48:09 获取到号码【1756974】的GSD为【山东-淄博】
2021-07-07 04:48:12 GSD insert 第 1 次 等待 1 秒
2021-07-07 04:48:13 {"status":"ok","msg":"添加成功！211740"}
2021-07-07 04:48:13 下次操作: 2021-07-07 04:48:29

2021-07-07 04:48:29 开始第 21 次操作

2021-07-07 04:48:29 开始操作号码 【1756975】
2021-07-07 04:48:33 GSD getOne 第 1 次 等待 1 秒
2021-07-07 04:48:34 查询号码 【1756975】，返回信息 {"status":"bad","msg":""}
2021-07-07 04:48:34 查询号码 【1756975】，GSD为【""】
2021-07-07 04:48:34 bad
2021-07-07 04:48:36 CHB 1756975?1625604514 第 1 次 等待 1 秒
2021-07-07 04:48:37 CHB 1756975?1625604514 第 1 次 获取到号码【1756975】GSD
2021-07-07 04:48:37 获取到号码【1756975】的GSD为【山东-淄博】
2021-07-07 04:48:41 GSD insert 第 1 次 等待 1 秒
2021-07-07 04:48:42 {"status":"ok","msg":"添加成功！211748"}
2021-07-07 04:48:42 下次操作: 2021-07-07 04:48:58

2021-07-07 04:48:58 开始第 22 次操作

2021-07-07 04:48:58 开始操作号码 【1756976】
2021-07-07 04:49:02 GSD getOne 第 1 次 等待 1 秒
2021-07-07 04:49:03 查询号码 【1756976】，返回信息 {"status":"bad","msg":""}
2021-07-07 04:49:03 查询号码 【1756976】，GSD为【""】
2021-07-07 04:49:03 bad
2021-07-07 04:49:05 CHB 1756976?1625604543 第 1 次 等待 1 秒
2021-07-07 04:49:06 CHB 1756976?1625604543 第 1 次 获取到号码【1756976】GSD
2021-07-07 04:49:06 获取到号码【1756976】的GSD为【山东-淄博】
2021-07-07 04:49:09 GSD insert 第 1 次 等待 1 秒
2021-07-07 04:49:10 {"status":"ok","msg":"添加成功！211755"}
2021-07-07 04:49:10 下次操作: 2021-07-07 04:49:19

2021-07-07 04:49:19 开始第 23 次操作

2021-07-07 04:49:20 开始操作号码 【1756977】
2021-07-07 04:49:23 GSD getOne 第 1 次 等待 1 秒
2021-07-07 04:49:24 查询号码 【1756977】，返回信息 {"status":"bad","msg":""}
2021-07-07 04:49:24 查询号码 【1756977】，GSD为【""】
2021-07-07 04:49:24 bad
2021-07-07 04:49:26 CHB 1756977?1625604564 第 1 次 等待 1 秒
2021-07-07 04:49:27 CHB 1756977?1625604564 第 1 次 获取到号码【1756977】GSD
2021-07-07 04:49:27 获取到号码【1756977】的GSD为【山东-淄博】
2021-07-07 04:49:31 GSD insert 第 1 次 等待 1 秒
2021-07-07 04:49:32 {"status":"ok","msg":"添加成功！211764"}
2021-07-07 04:49:32 下次操作: 2021-07-07 04:49:40

2021-07-07 04:49:40 开始第 24 次操作

2021-07-07 04:49:40 开始操作号码 【1756978】
2021-07-07 04:49:44 GSD getOne 第 1 次 等待 1 秒
2021-07-07 04:49:45 查询号码 【1756978】，返回信息 {"status":"bad","msg":""}
2021-07-07 04:49:45 查询号码 【1756978】，GSD为【""】
2021-07-07 04:49:45 bad
2021-07-07 04:49:46 CHB 1756978?1625604585 第 1 次 等待 1 秒
2021-07-07 04:49:47 CHB 1756978?1625604585 第 1 次 获取到号码【1756978】GSD
2021-07-07 04:49:47 获取到号码【1756978】的GSD为【山东-淄博】
2021-07-07 04:49:51 GSD insert 第 1 次 等待 1 秒
2021-07-07 04:49:52 {"status":"ok","msg":"添加成功！211770"}
2021-07-07 04:49:52 下次操作: 2021-07-07 04:50:06

2021-07-07 04:50:06 开始第 25 次操作

2021-07-07 04:50:06 开始操作号码 【1756979】
2021-07-07 04:50:10 GSD getOne 第 1 次 等待 1 秒
2021-07-07 04:50:11 查询号码 【1756979】，返回信息 {"status":"bad","msg":""}
2021-07-07 04:50:11 查询号码 【1756979】，GSD为【""】
2021-07-07 04:50:11 bad
2021-07-07 04:50:13 CHB 1756979?1625604611 第 1 次 等待 1 秒
2021-07-07 04:50:14 CHB 1756979?1625604611 第 1 次 获取到号码【1756979】GSD
2021-07-07 04:50:14 获取到号码【1756979】的GSD为【山东-淄博】
2021-07-07 04:50:18 GSD insert 第 1 次 等待 1 秒
2021-07-07 04:50:19 {"status":"ok","msg":"添加成功！211776"}
2021-07-07 04:50:19 下次操作: 2021-07-07 04:50:34

2021-07-07 04:50:34 开始第 26 次操作

2021-07-07 04:50:34 开始操作号码 【1756980】
2021-07-07 04:50:38 GSD getOne 第 1 次 等待 1 秒
2021-07-07 04:50:39 查询号码 【1756980】，返回信息 {"status":"bad","msg":""}
2021-07-07 04:50:39 查询号码 【1756980】，GSD为【""】
2021-07-07 04:50:39 bad
2021-07-07 04:50:41 CHB 1756980?1625604639 第 1 次 等待 1 秒
2021-07-07 04:50:42 CHB 1756980?1625604639 第 1 次 获取到号码【1756980】GSD
2021-07-07 04:50:42 获取到号码【1756980】的GSD为【山东-淄博】
2021-07-07 04:50:45 GSD insert 第 1 次 等待 1 秒
2021-07-07 04:50:46 {"status":"ok","msg":"添加成功！211783"}
2021-07-07 04:50:46 下次操作: 2021-07-07 04:50:58

2021-07-07 04:50:58 开始第 27 次操作

2021-07-07 04:50:58 开始操作号码 【1756981】
2021-07-07 04:51:02 GSD getOne 第 1 次 等待 1 秒
2021-07-07 04:51:03 查询号码 【1756981】，返回信息 {"status":"bad","msg":""}
2021-07-07 04:51:03 查询号码 【1756981】，GSD为【""】
2021-07-07 04:51:03 bad
2021-07-07 04:51:05 CHB 1756981?1625604663 第 1 次 等待 1 秒
2021-07-07 04:51:06 CHB 1756981?1625604663 第 1 次 获取到号码【1756981】GSD
2021-07-07 04:51:06 获取到号码【1756981】的GSD为【山东-淄博】
2021-07-07 04:51:10 GSD insert 第 1 次 等待 1 秒
2021-07-07 04:51:11 {"status":"ok","msg":"添加成功！211787"}
2021-07-07 04:51:11 下次操作: 2021-07-07 04:51:21

2021-07-07 04:51:21 开始第 28 次操作

2021-07-07 04:51:21 开始操作号码 【1756982】
2021-07-07 04:51:25 GSD getOne 第 1 次 等待 1 秒
2021-07-07 04:51:26 查询号码 【1756982】，返回信息 {"status":"bad","msg":""}
2021-07-07 04:51:26 查询号码 【1756982】，GSD为【""】
2021-07-07 04:51:26 bad
2021-07-07 04:51:28 CHB 1756982?1625604686 第 1 次 等待 1 秒
2021-07-07 04:51:29 CHB 1756982?1625604686 第 1 次 获取到号码【1756982】GSD
2021-07-07 04:51:29 获取到号码【1756982】的GSD为【山东-淄博】
2021-07-07 04:51:32 GSD insert 第 1 次 等待 1 秒
2021-07-07 04:51:33 {"status":"ok","msg":"添加成功！211790"}
2021-07-07 04:51:33 下次操作: 2021-07-07 04:51:47

2021-07-07 04:51:47 开始第 29 次操作

2021-07-07 04:51:47 开始操作号码 【1756983】
2021-07-07 04:51:51 GSD getOne 第 1 次 等待 1 秒
2021-07-07 04:51:52 查询号码 【1756983】，返回信息 {"status":"bad","msg":""}
2021-07-07 04:51:52 查询号码 【1756983】，GSD为【""】
2021-07-07 04:51:52 bad
2021-07-07 04:51:54 CHB 1756983?1625604712 第 1 次 等待 1 秒
2021-07-07 04:51:55 CHB 1756983?1625604712 第 1 次 获取到号码【1756983】GSD
2021-07-07 04:51:55 获取到号码【1756983】的GSD为【山东-淄博】
2021-07-07 04:51:59 GSD insert 第 1 次 等待 1 秒
2021-07-07 04:52:00 {"status":"ok","msg":"添加成功！211793"}
2021-07-07 04:52:00 下次操作: 2021-07-07 04:52:07

2021-07-07 04:52:07 开始第 30 次操作

2021-07-07 04:52:07 开始操作号码 【1756984】
2021-07-07 04:52:11 GSD getOne 第 1 次 等待 1 秒
2021-07-07 04:52:12 查询号码 【1756984】，返回信息 {"status":"bad","msg":""}
2021-07-07 04:52:12 查询号码 【1756984】，GSD为【""】
2021-07-07 04:52:12 bad
2021-07-07 04:52:14 CHB 1756984?1625604732 第 1 次 等待 1 秒
2021-07-07 04:52:15 CHB 1756984?1625604732 第 1 次 获取到号码【1756984】GSD
2021-07-07 04:52:15 获取到号码【1756984】的GSD为【山东-淄博】
2021-07-07 04:52:18 GSD insert 第 1 次 等待 1 秒
2021-07-07 04:52:19 {"status":"ok","msg":"添加成功！211795"}

