2024-07-05 00:10:15 开始第 4417 次操作

2024-07-05 00:10:15 开始操作号码 【1544301】
2024-07-05 00:10:25 GSD getOne 第 1 次 等待 3 秒
2024-07-05 00:10:28 查询号码 【1544301】，返回信息 {"status":"ok","msg":"-","gid":"605668","time_insert":"2023-03-21 20:46"}
2024-07-05 00:10:28 查询号码 【1544301】，GSD为【"-"】
2024-07-05 00:10:28 ok && -
2024-07-05 00:10:30 CHB 1544301?1720109428 第 1 次 等待 3 秒
2024-07-05 00:10:33 CHB 1544301?1720109428 第 1 次 获取到号码【1544301】GSD
2024-07-05 00:10:33 未获取到号码【1544301】GSD，可能号码格式错误
2024-07-05 00:10:33 获取到号码【1544301】的GSD为【-】
2024-07-05 00:10:41 GSD insert 第 1 次 等待 3 秒
2024-07-05 00:10:44 {"status":"bad","gid":"605668","msg":"添加失败！号码【1544301(-|-)】已存在！"}
2024-07-05 00:10:44 随机等待 122 秒，约 2 分钟
2024-07-05 00:10:44 下次操作: 2024-07-05 00:12:46

2024-07-05 00:12:46 开始第 4418 次操作

2024-07-05 00:12:46 开始操作号码 【1544302】
2024-07-05 00:12:57 GSD getOne 第 1 次 等待 3 秒
2024-07-05 00:13:00 查询号码 【1544302】，返回信息 {"status":"ok","msg":"-","gid":"605690","time_insert":"2023-03-21 20:57"}
2024-07-05 00:13:00 查询号码 【1544302】，GSD为【"-"】
2024-07-05 00:13:00 ok && -
2024-07-05 00:13:01 CHB 1544302?1720109580 第 1 次 等待 3 秒
2024-07-05 00:13:04 CHB 1544302?1720109580 第 1 次 获取到号码【1544302】GSD
2024-07-05 00:13:04 未获取到号码【1544302】GSD，可能号码格式错误
2024-07-05 00:13:05 获取到号码【1544302】的GSD为【-】
2024-07-05 00:13:14 GSD insert 第 1 次 等待 3 秒
2024-07-05 00:13:17 {"status":"bad","gid":"605690","msg":"添加失败！号码【1544302(-|-)】已存在！"}
2024-07-05 00:13:17 随机等待 100 秒，约 1 分钟
2024-07-05 00:13:17 下次操作: 2024-07-05 00:14:57

2024-07-05 00:14:57 开始第 4419 次操作

2024-07-05 00:14:57 开始操作号码 【1544303】
2024-07-05 00:15:05 GSD getOne 第 1 次 等待 3 秒
2024-07-05 00:15:08 查询号码 【1544303】，返回信息 {"status":"ok","msg":"-","gid":"605709","time_insert":"2023-03-21 21:13"}
2024-07-05 00:15:08 查询号码 【1544303】，GSD为【"-"】
2024-07-05 00:15:08 ok && -
2024-07-05 00:15:10 CHB 1544303?1720109708 第 1 次 等待 3 秒
2024-07-05 00:15:13 CHB 1544303?1720109708 第 1 次 获取到号码【1544303】GSD
2024-07-05 00:15:13 未获取到号码【1544303】GSD，可能号码格式错误
2024-07-05 00:15:13 获取到号码【1544303】的GSD为【-】
2024-07-05 00:15:24 GSD insert 第 1 次 等待 3 秒
2024-07-05 00:15:27 {"status":"bad","gid":"605709","msg":"添加失败！号码【1544303(-|-)】已存在！"}
2024-07-05 00:15:27 随机等待 194 秒，约 3 分钟
2024-07-05 00:15:27 下次操作: 2024-07-05 00:18:41

2024-07-05 00:18:41 开始第 4420 次操作

2024-07-05 00:18:41 开始操作号码 【1544304】
2024-07-05 00:18:49 GSD getOne 第 1 次 等待 3 秒
2024-07-05 00:18:52 查询号码 【1544304】，返回信息 {"status":"ok","msg":"-","gid":"605747","time_insert":"2023-03-21 21:35"}
2024-07-05 00:18:52 查询号码 【1544304】，GSD为【"-"】
2024-07-05 00:18:52 ok && -
2024-07-05 00:18:54 CHB 1544304?1720109932 第 1 次 等待 3 秒
2024-07-05 00:18:57 CHB 1544304?1720109932 第 1 次 获取到号码【1544304】GSD
2024-07-05 00:18:57 未获取到号码【1544304】GSD，可能号码格式错误
2024-07-05 00:18:57 获取到号码【1544304】的GSD为【-】
2024-07-05 00:19:05 GSD insert 第 1 次 等待 3 秒
2024-07-05 00:19:08 {"status":"bad","gid":"605747","msg":"添加失败！号码【1544304(-|-)】已存在！"}

2024-07-05 00:36:54 开始第 4421 次操作

2024-07-05 00:36:54 开始操作号码 【1544305】
2024-07-05 00:37:04 GSD getOne 第 1 次 等待 3 秒
2024-07-05 00:37:08 查询号码 【1544305】，返回信息 {"status":"ok","msg":"-","gid":"605784","time_insert":"2023-03-21 21:55"}
2024-07-05 00:37:08 查询号码 【1544305】，GSD为【"-"】
2024-07-05 00:37:08 ok && -
2024-07-05 00:37:10 CHB 1544305?1720111028 第 1 次 等待 3 秒
2024-07-05 00:37:13 CHB 1544305?1720111028 第 1 次 获取到号码【1544305】GSD
2024-07-05 00:37:13 未获取到号码【1544305】GSD，可能号码格式错误
2024-07-05 00:37:13 获取到号码【1544305】的GSD为【-】
2024-07-05 00:37:26 GSD insert 第 1 次 等待 3 秒
2024-07-05 00:37:29 {"status":"bad","gid":"605784","msg":"添加失败！号码【1544305(-|-)】已存在！"}
2024-07-05 00:37:29 随机等待 204 秒，约 3 分钟
2024-07-05 00:37:29 下次操作: 2024-07-05 00:40:53

2024-07-05 00:40:53 开始第 4422 次操作

2024-07-05 00:40:53 开始操作号码 【1544306】
2024-07-05 00:41:01 GSD getOne 第 1 次 等待 3 秒
2024-07-05 00:41:04 查询号码 【1544306】，返回信息 {"status":"ok","msg":"-","gid":"605811","time_insert":"2023-03-21 22:13"}
2024-07-05 00:41:04 查询号码 【1544306】，GSD为【"-"】
2024-07-05 00:41:04 ok && -
2024-07-05 00:41:07 CHB 1544306?1720111264 第 1 次 等待 3 秒
2024-07-05 00:41:10 CHB 1544306?1720111264 第 1 次 获取到号码【1544306】GSD
2024-07-05 00:41:10 未获取到号码【1544306】GSD，可能号码格式错误
2024-07-05 00:41:10 获取到号码【1544306】的GSD为【-】
2024-07-05 00:41:18 GSD insert 第 1 次 等待 3 秒
2024-07-05 00:41:21 {"status":"bad","gid":"605811","msg":"添加失败！号码【1544306(-|-)】已存在！"}
2024-07-05 00:41:21 随机等待 225 秒，约 3 分钟
2024-07-05 00:41:21 下次操作: 2024-07-05 00:45:06

2024-07-05 00:45:06 开始第 4423 次操作

2024-07-05 00:45:06 开始操作号码 【1544307】
2024-07-05 00:45:14 GSD getOne 第 1 次 等待 3 秒
2024-07-05 00:45:17 查询号码 【1544307】，返回信息 {"status":"ok","msg":"-","gid":"605837","time_insert":"2023-03-21 22:27"}
2024-07-05 00:45:17 查询号码 【1544307】，GSD为【"-"】
2024-07-05 00:45:17 ok && -
2024-07-05 00:45:20 CHB 1544307?1720111517 第 1 次 等待 3 秒
2024-07-05 00:45:23 CHB 1544307?1720111517 第 1 次 获取到号码【1544307】GSD
2024-07-05 00:45:23 未获取到号码【1544307】GSD，可能号码格式错误
2024-07-05 00:45:23 获取到号码【1544307】的GSD为【-】
2024-07-05 00:45:31 GSD insert 第 1 次 等待 3 秒
2024-07-05 00:45:34 {"status":"bad","gid":"605837","msg":"添加失败！号码【1544307(-|-)】已存在！"}
2024-07-05 00:45:34 随机等待 92 秒，约 1 分钟
2024-07-05 00:45:34 下次操作: 2024-07-05 00:47:06

2024-07-05 00:47:06 开始第 4424 次操作

2024-07-05 00:47:06 开始操作号码 【1544308】
2024-07-05 00:47:14 GSD getOne 第 1 次 等待 3 秒
2024-07-05 00:47:18 查询号码 【1544308】，返回信息 {"status":"ok","msg":"-","gid":"605870","time_insert":"2023-03-21 22:50"}
2024-07-05 00:47:18 查询号码 【1544308】，GSD为【"-"】
2024-07-05 00:47:18 ok && -
2024-07-05 00:47:19 CHB 1544308?1720111638 第 1 次 等待 3 秒
2024-07-05 00:47:22 CHB 1544308?1720111638 第 1 次 获取到号码【1544308】GSD
2024-07-05 00:47:22 未获取到号码【1544308】GSD，可能号码格式错误
2024-07-05 00:47:22 获取到号码【1544308】的GSD为【-】
2024-07-05 00:47:31 GSD insert 第 1 次 等待 3 秒
2024-07-05 00:47:34 {"status":"bad","gid":"605870","msg":"添加失败！号码【1544308(-|-)】已存在！"}

2024-07-05 01:08:41 开始第 4425 次操作

2024-07-05 01:08:41 开始操作号码 【1544309】
2024-07-05 01:08:50 GSD getOne 第 1 次 等待 3 秒
2024-07-05 01:08:53 查询号码 【1544309】，返回信息 {"status":"ok","msg":"-","gid":"605902","time_insert":"2023-03-21 23:12"}
2024-07-05 01:08:53 查询号码 【1544309】，GSD为【"-"】
2024-07-05 01:08:53 ok && -
2024-07-05 01:08:56 CHB 1544309?1720112933 第 1 次 等待 3 秒
2024-07-05 01:08:59 CHB 1544309?1720112933 第 1 次 获取到号码【1544309】GSD
2024-07-05 01:08:59 未获取到号码【1544309】GSD，可能号码格式错误
2024-07-05 01:08:59 获取到号码【1544309】的GSD为【-】
2024-07-05 01:09:07 GSD insert 第 1 次 等待 3 秒
2024-07-05 01:09:10 {"status":"bad","gid":"605902","msg":"添加失败！号码【1544309(-|-)】已存在！"}
2024-07-05 01:09:10 随机等待 144 秒，约 2 分钟
2024-07-05 01:09:10 下次操作: 2024-07-05 01:11:34

2024-07-05 01:11:34 开始第 4426 次操作

2024-07-05 01:11:34 开始操作号码 【1544310】
2024-07-05 01:11:42 GSD getOne 第 1 次 等待 3 秒
2024-07-05 01:11:45 查询号码 【1544310】，返回信息 {"status":"ok","msg":"-","gid":"605939","time_insert":"2023-03-21 23:34"}
2024-07-05 01:11:45 查询号码 【1544310】，GSD为【"-"】
2024-07-05 01:11:45 ok && -
2024-07-05 01:11:47 CHB 1544310?1720113105 第 1 次 等待 3 秒
2024-07-05 01:11:50 CHB 1544310?1720113105 第 1 次 获取到号码【1544310】GSD
2024-07-05 01:11:50 未获取到号码【1544310】GSD，可能号码格式错误
2024-07-05 01:11:50 获取到号码【1544310】的GSD为【-】
2024-07-05 01:12:01 GSD insert 第 1 次 等待 3 秒
2024-07-05 01:12:04 {"status":"bad","gid":"605939","msg":"添加失败！号码【1544310(-|-)】已存在！"}
2024-07-05 01:12:04 随机等待 114 秒，约 1 分钟
2024-07-05 01:12:04 下次操作: 2024-07-05 01:13:58

2024-07-05 01:13:58 开始第 4427 次操作

2024-07-05 01:13:58 开始操作号码 【1544311】
2024-07-05 01:14:07 GSD getOne 第 1 次 等待 3 秒
2024-07-05 01:14:10 查询号码 【1544311】，返回信息 {"status":"ok","msg":"-","gid":"605968","time_insert":"2023-03-21 23:51"}
2024-07-05 01:14:10 查询号码 【1544311】，GSD为【"-"】
2024-07-05 01:14:10 ok && -
2024-07-05 01:14:12 CHB 1544311?1720113250 第 1 次 等待 3 秒
2024-07-05 01:14:15 CHB 1544311?1720113250 第 1 次 获取到号码【1544311】GSD
2024-07-05 01:14:15 未获取到号码【1544311】GSD，可能号码格式错误
2024-07-05 01:14:15 获取到号码【1544311】的GSD为【-】
2024-07-05 01:14:23 GSD insert 第 1 次 等待 3 秒
2024-07-05 01:14:26 {"status":"bad","gid":"605968","msg":"添加失败！号码【1544311(-|-)】已存在！"}
2024-07-05 01:14:26 随机等待 81 秒，约 1 分钟
2024-07-05 01:14:26 下次操作: 2024-07-05 01:15:47

2024-07-05 01:15:47 开始第 4428 次操作

2024-07-05 01:15:47 开始操作号码 【1544312】
2024-07-05 01:15:55 GSD getOne 第 1 次 等待 3 秒
2024-07-05 01:15:58 查询号码 【1544312】，返回信息 {"status":"ok","msg":"-","gid":"605996","time_insert":"2023-03-22 00:12"}
2024-07-05 01:15:58 查询号码 【1544312】，GSD为【"-"】
2024-07-05 01:15:58 ok && -
2024-07-05 01:16:00 CHB 1544312?1720113358 第 1 次 等待 3 秒
2024-07-05 01:16:03 CHB 1544312?1720113358 第 1 次 获取到号码【1544312】GSD
2024-07-05 01:16:03 未获取到号码【1544312】GSD，可能号码格式错误
2024-07-05 01:16:03 获取到号码【1544312】的GSD为【-】
2024-07-05 01:16:12 GSD insert 第 1 次 等待 3 秒
2024-07-05 01:16:15 {"status":"bad","gid":"605996","msg":"添加失败！号码【1544312(-|-)】已存在！"}

