2023-11-19 00:08:38 开始第 9625 次操作

2023-11-19 00:08:38 开始操作号码 【1979524】
2023-11-19 00:08:44 GSD getOne 第 1 次 等待 3 秒
2023-11-19 00:08:47 查询号码 【1979524】，返回信息 {"status":"ok","msg":"-","gid":"593685","time_insert":"2023-03-16 04:17"}
2023-11-19 00:08:47 查询号码 【1979524】，GSD为【"-"】
2023-11-19 00:08:47 ok && -
2023-11-19 00:08:49 CHB 1979524?1700323727 第 1 次 等待 3 秒
2023-11-19 00:08:52 CHB 1979524?1700323727 第 1 次 获取到号码【1979524】GSD
2023-11-19 00:08:52 未获取到号码【1979524】GSD，可能号码格式错误
2023-11-19 00:08:52 获取到号码【1979524】的GSD为【-】
2023-11-19 00:08:56 GSD insert 第 1 次 等待 3 秒
2023-11-19 00:08:59 {"status":"bad","gid":"593685","msg":"添加失败！号码【1979524(-|-)】已存在！"}
2023-11-19 00:08:59 随机等待 224 秒，约 3 分钟
2023-11-19 00:08:59 下次操作: 2023-11-19 00:12:43

2023-11-19 00:12:43 开始第 9626 次操作

2023-11-19 00:12:43 开始操作号码 【1979525】
2023-11-19 00:12:46 GSD getOne 第 1 次 等待 3 秒
2023-11-19 00:12:49 查询号码 【1979525】，返回信息 {"status":"ok","msg":"-","gid":"593689","time_insert":"2023-03-16 04:20"}
2023-11-19 00:12:49 查询号码 【1979525】，GSD为【"-"】
2023-11-19 00:12:49 ok && -
2023-11-19 00:12:52 CHB 1979525?1700323969 第 1 次 等待 3 秒
2023-11-19 00:12:55 CHB 1979525?1700323969 第 1 次 获取到号码【1979525】GSD
2023-11-19 00:12:55 未获取到号码【1979525】GSD，可能号码格式错误
2023-11-19 00:12:55 获取到号码【1979525】的GSD为【-】
2023-11-19 00:12:58 GSD insert 第 1 次 等待 3 秒
2023-11-19 00:13:01 {"status":"bad","gid":"593689","msg":"添加失败！号码【1979525(-|-)】已存在！"}
2023-11-19 00:13:01 随机等待 229 秒，约 3 分钟
2023-11-19 00:13:01 下次操作: 2023-11-19 00:16:50

2023-11-19 00:16:50 开始第 9627 次操作

2023-11-19 00:16:50 开始操作号码 【1979526】
2023-11-19 00:16:57 GSD getOne 第 1 次 等待 3 秒
2023-11-19 00:17:00 查询号码 【1979526】，返回信息 {"status":"ok","msg":"-","gid":"593702","time_insert":"2023-03-16 04:29"}
2023-11-19 00:17:00 查询号码 【1979526】，GSD为【"-"】
2023-11-19 00:17:00 ok && -
2023-11-19 00:17:03 CHB 1979526?1700324220 第 1 次 等待 3 秒
2023-11-19 00:17:06 CHB 1979526?1700324220 第 1 次 获取到号码【1979526】GSD
2023-11-19 00:17:06 未获取到号码【1979526】GSD，可能号码格式错误
2023-11-19 00:17:06 获取到号码【1979526】的GSD为【-】
2023-11-19 00:17:09 GSD insert 第 1 次 等待 3 秒
2023-11-19 00:17:12 {"status":"bad","gid":"593702","msg":"添加失败！号码【1979526(-|-)】已存在！"}
2023-11-19 00:17:12 随机等待 90 秒，约 1 分钟
2023-11-19 00:17:12 下次操作: 2023-11-19 00:18:42

2023-11-19 00:18:42 开始第 9628 次操作

2023-11-19 00:18:42 开始操作号码 【1979527】
2023-11-19 00:18:55 GSD getOne 第 1 次 等待 3 秒
2023-11-19 00:18:58 查询号码 【1979527】，返回信息 {"status":"ok","msg":"-","gid":"593704","time_insert":"2023-03-16 04:31"}
2023-11-19 00:18:58 查询号码 【1979527】，GSD为【"-"】
2023-11-19 00:18:58 ok && -
2023-11-19 00:19:01 CHB 1979527?1700324338 第 1 次 等待 3 秒
2023-11-19 00:19:04 CHB 1979527?1700324338 第 1 次 获取到号码【1979527】GSD
2023-11-19 00:19:04 未获取到号码【1979527】GSD，可能号码格式错误
2023-11-19 00:19:04 获取到号码【1979527】的GSD为【-】
2023-11-19 00:19:11 GSD insert 第 1 次 等待 3 秒
2023-11-19 00:19:14 {"status":"bad","gid":"593704","msg":"添加失败！号码【1979527(-|-)】已存在！"}

