2024-07-24 00:11:42 开始第 7829 次操作

2024-07-24 00:11:42 开始操作号码 【1547711】
2024-07-24 00:11:54 GSD getOne 第 1 次 等待 3 秒
2024-07-24 00:11:57 查询号码 【1547711】，返回信息 {"status":"ok","msg":"-","gid":"685586","time_insert":"2023-04-29 23:24"}
2024-07-24 00:11:57 查询号码 【1547711】，GSD为【"-"】
2024-07-24 00:11:57 ok && -
2024-07-24 00:11:59 CHB 1547711?1721751117 第 1 次 等待 3 秒
2024-07-24 00:12:02 CHB 1547711?1721751117 第 1 次 获取到号码【1547711】GSD
2024-07-24 00:12:02 未获取到号码【1547711】GSD，可能号码格式错误
2024-07-24 00:12:02 获取到号码【1547711】的GSD为【-】
2024-07-24 00:12:11 GSD insert 第 1 次 等待 3 秒
2024-07-24 00:12:14 {"status":"bad","gid":"685586","msg":"添加失败！号码【1547711(-|-)】已存在！"}
2024-07-24 00:12:14 随机等待 206 秒，约 3 分钟
2024-07-24 00:12:14 下次操作: 2024-07-24 00:15:40

2024-07-24 00:15:40 开始第 7830 次操作

2024-07-24 00:15:40 开始操作号码 【1547712】
2024-07-24 00:15:48 GSD getOne 第 1 次 等待 3 秒
2024-07-24 00:15:51 查询号码 【1547712】，返回信息 {"status":"ok","msg":"-","gid":"685578","time_insert":"2023-04-29 23:18"}
2024-07-24 00:15:51 查询号码 【1547712】，GSD为【"-"】
2024-07-24 00:15:51 ok && -
2024-07-24 00:15:53 CHB 1547712?1721751351 第 1 次 等待 3 秒
2024-07-24 00:15:56 CHB 1547712?1721751351 第 1 次 获取到号码【1547712】GSD
2024-07-24 00:15:56 未获取到号码【1547712】GSD，可能号码格式错误
2024-07-24 00:15:56 获取到号码【1547712】的GSD为【-】
2024-07-24 00:16:04 GSD insert 第 1 次 等待 3 秒
2024-07-24 00:16:07 {"status":"bad","gid":"685578","msg":"添加失败！号码【1547712(-|-)】已存在！"}
2024-07-24 00:16:07 随机等待 200 秒，约 3 分钟
2024-07-24 00:16:07 下次操作: 2024-07-24 00:19:27

2024-07-24 00:19:27 开始第 7831 次操作

2024-07-24 00:19:27 开始操作号码 【1547713】
2024-07-24 00:19:35 GSD getOne 第 1 次 等待 3 秒
2024-07-24 00:19:38 查询号码 【1547713】，返回信息 {"status":"ok","msg":"-","gid":"685572","time_insert":"2023-04-29 23:15"}
2024-07-24 00:19:38 查询号码 【1547713】，GSD为【"-"】
2024-07-24 00:19:38 ok && -
2024-07-24 00:19:40 CHB 1547713?1721751578 第 1 次 等待 3 秒
2024-07-24 00:19:43 CHB 1547713?1721751578 第 1 次 获取到号码【1547713】GSD
2024-07-24 00:19:43 未获取到号码【1547713】GSD，可能号码格式错误
2024-07-24 00:19:43 获取到号码【1547713】的GSD为【-】
2024-07-24 00:19:51 GSD insert 第 1 次 等待 3 秒
2024-07-24 00:19:54 {"status":"bad","gid":"685572","msg":"添加失败！号码【1547713(-|-)】已存在！"}
2024-07-24 00:19:54 随机等待 119 秒，约 1 分钟
2024-07-24 00:19:54 下次操作: 2024-07-24 00:21:53

2024-07-24 00:21:53 开始第 7832 次操作

2024-07-24 00:21:53 开始操作号码 【1547714】
2024-07-24 00:22:01 GSD getOne 第 1 次 等待 3 秒
2024-07-24 00:22:04 查询号码 【1547714】，返回信息 {"status":"ok","msg":"-","gid":"685567","time_insert":"2023-04-29 23:12"}
2024-07-24 00:22:04 查询号码 【1547714】，GSD为【"-"】
2024-07-24 00:22:04 ok && -
2024-07-24 00:22:08 CHB 1547714?1721751724 第 1 次 等待 3 秒
2024-07-24 00:22:11 CHB 1547714?1721751724 第 1 次 获取到号码【1547714】GSD
2024-07-24 00:22:11 未获取到号码【1547714】GSD，可能号码格式错误
2024-07-24 00:22:11 获取到号码【1547714】的GSD为【-】
2024-07-24 00:22:20 GSD insert 第 1 次 等待 3 秒
2024-07-24 00:22:23 {"status":"bad","gid":"685567","msg":"添加失败！号码【1547714(-|-)】已存在！"}

