2023-11-07 00:10:01 开始第 7429 次操作

2023-11-07 00:10:01 开始操作号码 【1977329】
2023-11-07 00:10:04 GSD getOne 第 1 次 等待 3 秒
2023-11-07 00:10:07 查询号码 【1977329】，返回信息 {"status":"ok","msg":"-","gid":"580216","time_insert":"2023-03-09 19:11"}
2023-11-07 00:10:07 查询号码 【1977329】，GSD为【"-"】
2023-11-07 00:10:07 ok && -
2023-11-07 00:10:10 CHB 1977329?1699287007 第 1 次 等待 3 秒
2023-11-07 00:10:13 CHB 1977329?1699287007 第 1 次 获取到号码【1977329】GSD
2023-11-07 00:10:13 未获取到号码【1977329】GSD，可能号码格式错误
2023-11-07 00:10:13 获取到号码【1977329】的GSD为【-】
2023-11-07 00:10:20 GSD insert 第 1 次 等待 3 秒
2023-11-07 00:10:23 {"status":"bad","gid":"580216","msg":"添加失败！号码【1977329(-|-)】已存在！"}
2023-11-07 00:10:23 随机等待 148 秒，约 2 分钟
2023-11-07 00:10:23 下次操作: 2023-11-07 00:12:51

2023-11-07 00:12:51 开始第 7430 次操作

2023-11-07 00:12:51 开始操作号码 【1977330】
2023-11-07 00:12:54 GSD getOne 第 1 次 等待 3 秒
2023-11-07 00:12:57 查询号码 【1977330】，返回信息 {"status":"ok","msg":"-","gid":"580219","time_insert":"2023-03-09 19:14"}
2023-11-07 00:12:57 查询号码 【1977330】，GSD为【"-"】
2023-11-07 00:12:57 ok && -
2023-11-07 00:13:01 CHB 1977330?1699287177 第 1 次 等待 3 秒
2023-11-07 00:13:04 CHB 1977330?1699287177 第 1 次 获取到号码【1977330】GSD
2023-11-07 00:13:04 未获取到号码【1977330】GSD，可能号码格式错误
2023-11-07 00:13:04 获取到号码【1977330】的GSD为【-】
2023-11-07 00:13:08 GSD insert 第 1 次 等待 3 秒
2023-11-07 00:13:11 {"status":"bad","gid":"580219","msg":"添加失败！号码【1977330(-|-)】已存在！"}
2023-11-07 00:13:11 随机等待 171 秒，约 2 分钟
2023-11-07 00:13:11 下次操作: 2023-11-07 00:16:02

2023-11-07 00:16:02 开始第 7431 次操作

2023-11-07 00:16:02 开始操作号码 【1977331】
2023-11-07 00:16:05 GSD getOne 第 1 次 等待 3 秒
2023-11-07 00:16:08 查询号码 【1977331】，返回信息 {"status":"ok","msg":"-","gid":"580227","time_insert":"2023-03-09 19:16"}
2023-11-07 00:16:08 查询号码 【1977331】，GSD为【"-"】
2023-11-07 00:16:08 ok && -
2023-11-07 00:16:15 CHB 1977331?1699287368 第 1 次 等待 3 秒
2023-11-07 00:16:18 CHB 1977331?1699287368 第 1 次 获取到号码【1977331】GSD
2023-11-07 00:16:18 未获取到号码【1977331】GSD，可能号码格式错误
2023-11-07 00:16:18 获取到号码【1977331】的GSD为【-】
2023-11-07 00:16:21 GSD insert 第 1 次 等待 3 秒
2023-11-07 00:16:24 {"status":"bad","gid":"580227","msg":"添加失败！号码【1977331(-|-)】已存在！"}
2023-11-07 00:16:24 随机等待 125 秒，约 2 分钟
2023-11-07 00:16:24 下次操作: 2023-11-07 00:18:29

2023-11-07 00:18:29 开始第 7432 次操作

2023-11-07 00:18:29 开始操作号码 【1977332】
2023-11-07 00:18:32 GSD getOne 第 1 次 等待 3 秒
2023-11-07 00:18:35 查询号码 【1977332】，返回信息 {"status":"ok","msg":"-","gid":"580230","time_insert":"2023-03-09 19:19"}
2023-11-07 00:18:35 查询号码 【1977332】，GSD为【"-"】
2023-11-07 00:18:35 ok && -
2023-11-07 00:18:38 CHB 1977332?1699287515 第 1 次 等待 3 秒
2023-11-07 00:18:41 CHB 1977332?1699287515 第 1 次 获取到号码【1977332】GSD
2023-11-07 00:18:41 未获取到号码【1977332】GSD，可能号码格式错误
2023-11-07 00:18:41 获取到号码【1977332】的GSD为【-】
2023-11-07 00:18:45 GSD insert 第 1 次 等待 3 秒
2023-11-07 00:18:48 {"status":"bad","gid":"580230","msg":"添加失败！号码【1977332(-|-)】已存在！"}

