2024-04-04 00:09:21 开始第 1837 次操作

2024-04-04 00:09:21 开始操作号码 【1651738】
2024-04-04 00:09:26 GSD getOne 第 1 次 等待 3 秒
2024-04-04 00:09:29 查询号码 【1651738】，返回信息 {"status":"ok","msg":"湖南-娄底","gid":"235913","time_insert":"2021-07-10 02:58"}
2024-04-04 00:09:29 查询号码 【1651738】，GSD为【"湖南-娄底"】

2024-04-04 00:09:30 开始第 1838 次操作

2024-04-04 00:09:30 开始操作号码 【1651739】
2024-04-04 00:09:37 GSD getOne 第 1 次 等待 3 秒
2024-04-04 00:09:40 查询号码 【1651739】，返回信息 {"status":"ok","msg":"湖南-邵阳","gid":"235925","time_insert":"2021-07-10 02:58"}
2024-04-04 00:09:40 查询号码 【1651739】，GSD为【"湖南-邵阳"】

2024-04-04 00:09:41 开始第 1839 次操作

2024-04-04 00:09:41 开始操作号码 【1651740】
2024-04-04 00:09:46 GSD getOne 第 1 次 等待 3 秒
2024-04-04 00:09:49 查询号码 【1651740】，返回信息 {"status":"ok","msg":"湖南-邵阳","gid":"235940","time_insert":"2021-07-10 02:59"}
2024-04-04 00:09:49 查询号码 【1651740】，GSD为【"湖南-邵阳"】

2024-04-04 00:09:50 开始第 1840 次操作

2024-04-04 00:09:50 开始操作号码 【1651741】
2024-04-04 00:09:55 GSD getOne 第 1 次 等待 3 秒
2024-04-04 00:09:58 查询号码 【1651741】，返回信息 {"status":"ok","msg":"湖南-岳阳","gid":"235956","time_insert":"2021-07-10 03:00"}
2024-04-04 00:09:58 查询号码 【1651741】，GSD为【"湖南-岳阳"】

