2024-06-20 00:10:42 开始第 1669 次操作

2024-06-20 00:10:42 开始操作号码 【1541562】
2024-06-20 00:10:47 GSD getOne 第 1 次 等待 3 秒
2024-06-20 00:10:50 查询号码 【1541562】，返回信息 {"status":"ok","msg":"-","gid":"543016","time_insert":"2023-02-20 16:51"}
2024-06-20 00:10:50 查询号码 【1541562】，GSD为【"-"】
2024-06-20 00:10:50 ok && -
2024-06-20 00:10:53 CHB 1541562?1718813450 第 1 次 等待 3 秒
2024-06-20 00:10:56 CHB 1541562?1718813450 第 1 次 获取到号码【1541562】GSD
2024-06-20 00:10:56 未获取到号码【1541562】GSD，可能号码格式错误
2024-06-20 00:10:57 获取到号码【1541562】的GSD为【-】
2024-06-20 00:11:07 GSD insert 第 1 次 等待 3 秒
2024-06-20 00:11:10 {"status":"bad","gid":"543016","msg":"添加失败！号码【1541562(-|-)】已存在！"}
2024-06-20 00:11:10 随机等待 126 秒，约 2 分钟
2024-06-20 00:11:10 下次操作: 2024-06-20 00:13:16

2024-06-20 00:13:16 开始第 1670 次操作

2024-06-20 00:13:16 开始操作号码 【1541563】
2024-06-20 00:13:26 GSD getOne 第 1 次 等待 3 秒
2024-06-20 00:13:29 查询号码 【1541563】，返回信息 {"status":"ok","msg":"-","gid":"543046","time_insert":"2023-02-20 17:09"}
2024-06-20 00:13:29 查询号码 【1541563】，GSD为【"-"】
2024-06-20 00:13:29 ok && -
2024-06-20 00:13:32 CHB 1541563?1718813609 第 1 次 等待 3 秒
2024-06-20 00:13:35 CHB 1541563?1718813609 第 1 次 获取到号码【1541563】GSD
2024-06-20 00:13:35 未获取到号码【1541563】GSD，可能号码格式错误
2024-06-20 00:13:35 获取到号码【1541563】的GSD为【-】
2024-06-20 00:13:40 GSD insert 第 1 次 等待 3 秒
2024-06-20 00:13:43 {"status":"bad","gid":"543046","msg":"添加失败！号码【1541563(-|-)】已存在！"}
2024-06-20 00:13:43 随机等待 218 秒，约 3 分钟
2024-06-20 00:13:43 下次操作: 2024-06-20 00:17:21

2024-06-20 00:17:21 开始第 1671 次操作

2024-06-20 00:17:21 开始操作号码 【1541564】
2024-06-20 00:17:27 GSD getOne 第 1 次 等待 3 秒
2024-06-20 00:17:30 查询号码 【1541564】，返回信息 {"status":"ok","msg":"-","gid":"543069","time_insert":"2023-02-20 17:26"}
2024-06-20 00:17:31 查询号码 【1541564】，GSD为【"-"】
2024-06-20 00:17:31 ok && -
2024-06-20 00:17:33 CHB 1541564?1718813851 第 1 次 等待 3 秒
2024-06-20 00:17:36 CHB 1541564?1718813851 第 1 次 获取到号码【1541564】GSD
2024-06-20 00:17:36 未获取到号码【1541564】GSD，可能号码格式错误
2024-06-20 00:17:36 获取到号码【1541564】的GSD为【-】
2024-06-20 00:17:45 GSD insert 第 1 次 等待 3 秒
2024-06-20 00:17:48 {"status":"bad","gid":"543069","msg":"添加失败！号码【1541564(-|-)】已存在！"}
2024-06-20 00:17:48 随机等待 133 秒，约 2 分钟
2024-06-20 00:17:48 下次操作: 2024-06-20 00:20:01

2024-06-20 00:20:01 开始第 1672 次操作

2024-06-20 00:20:01 开始操作号码 【1541565】
2024-06-20 00:20:06 GSD getOne 第 1 次 等待 3 秒
2024-06-20 00:20:09 查询号码 【1541565】，返回信息 {"status":"ok","msg":"-","gid":"543091","time_insert":"2023-02-20 17:37"}
2024-06-20 00:20:09 查询号码 【1541565】，GSD为【"-"】
2024-06-20 00:20:09 ok && -
2024-06-20 00:20:10 CHB 1541565?1718814009 第 1 次 等待 3 秒
2024-06-20 00:20:13 CHB 1541565?1718814009 第 1 次 获取到号码【1541565】GSD
2024-06-20 00:20:13 未获取到号码【1541565】GSD，可能号码格式错误
2024-06-20 00:20:13 获取到号码【1541565】的GSD为【-】
2024-06-20 00:20:18 GSD insert 第 1 次 等待 3 秒
2024-06-20 00:20:21 {"status":"bad","gid":"543091","msg":"添加失败！号码【1541565(-|-)】已存在！"}

2024-06-20 00:37:33 开始第 1673 次操作

2024-06-20 00:37:33 开始操作号码 【1541566】
2024-06-20 00:37:46 GSD getOne 第 1 次 等待 3 秒
2024-06-20 00:37:49 查询号码 【1541566】，返回信息 {"status":"ok","msg":"-","gid":"543121","time_insert":"2023-02-20 17:54"}
2024-06-20 00:37:49 查询号码 【1541566】，GSD为【"-"】
2024-06-20 00:37:49 ok && -
2024-06-20 00:37:54 CHB 1541566?1718815069 第 1 次 等待 3 秒
2024-06-20 00:37:57 CHB 1541566?1718815069 第 1 次 获取到号码【1541566】GSD
2024-06-20 00:37:57 未获取到号码【1541566】GSD，可能号码格式错误
2024-06-20 00:37:57 获取到号码【1541566】的GSD为【-】
2024-06-20 00:38:05 GSD insert 第 1 次 等待 3 秒
2024-06-20 00:38:08 {"status":"bad","gid":"543121","msg":"添加失败！号码【1541566(-|-)】已存在！"}
2024-06-20 00:38:08 随机等待 222 秒，约 3 分钟
2024-06-20 00:38:08 下次操作: 2024-06-20 00:41:50

2024-06-20 00:41:50 开始第 1674 次操作

2024-06-20 00:41:50 开始操作号码 【1541567】
2024-06-20 00:42:03 GSD getOne 第 1 次 等待 3 秒
2024-06-20 00:42:06 查询号码 【1541567】，返回信息 {"status":"ok","msg":"-","gid":"543145","time_insert":"2023-02-20 18:10"}
2024-06-20 00:42:06 查询号码 【1541567】，GSD为【"-"】
2024-06-20 00:42:06 ok && -
2024-06-20 00:42:07 CHB 1541567?1718815326 第 1 次 等待 3 秒
2024-06-20 00:42:10 CHB 1541567?1718815326 第 1 次 获取到号码【1541567】GSD
2024-06-20 00:42:10 未获取到号码【1541567】GSD，可能号码格式错误
2024-06-20 00:42:10 获取到号码【1541567】的GSD为【-】
2024-06-20 00:42:25 GSD insert 第 1 次 等待 3 秒
2024-06-20 00:42:28 {"status":"bad","gid":"543145","msg":"添加失败！号码【1541567(-|-)】已存在！"}
2024-06-20 00:42:28 随机等待 212 秒，约 3 分钟
2024-06-20 00:42:28 下次操作: 2024-06-20 00:46:00

2024-06-20 00:46:00 开始第 1675 次操作

2024-06-20 00:46:00 开始操作号码 【1541568】
2024-06-20 00:46:05 GSD getOne 第 1 次 等待 3 秒
2024-06-20 00:46:08 查询号码 【1541568】，返回信息 {"status":"ok","msg":"-","gid":"543158","time_insert":"2023-02-20 18:21"}
2024-06-20 00:46:08 查询号码 【1541568】，GSD为【"-"】
2024-06-20 00:46:08 ok && -
2024-06-20 00:46:14 CHB 1541568?1718815568 第 1 次 等待 3 秒
2024-06-20 00:46:17 CHB 1541568?1718815568 第 1 次 获取到号码【1541568】GSD
2024-06-20 00:46:17 未获取到号码【1541568】GSD，可能号码格式错误
2024-06-20 00:46:17 获取到号码【1541568】的GSD为【-】
2024-06-20 00:46:26 GSD insert 第 1 次 等待 3 秒
2024-06-20 00:46:29 {"status":"bad","gid":"543158","msg":"添加失败！号码【1541568(-|-)】已存在！"}
2024-06-20 00:46:29 随机等待 201 秒，约 3 分钟
2024-06-20 00:46:29 下次操作: 2024-06-20 00:49:50

2024-06-20 00:49:50 开始第 1676 次操作

2024-06-20 00:49:50 开始操作号码 【1541569】
2024-06-20 00:49:59 GSD getOne 第 1 次 等待 3 秒
2024-06-20 00:50:02 查询号码 【1541569】，返回信息 {"status":"ok","msg":"-","gid":"543181","time_insert":"2023-02-20 18:35"}
2024-06-20 00:50:02 查询号码 【1541569】，GSD为【"-"】
2024-06-20 00:50:02 ok && -
2024-06-20 00:50:04 CHB 1541569?1718815802 第 1 次 等待 3 秒
2024-06-20 00:50:07 CHB 1541569?1718815802 第 1 次 获取到号码【1541569】GSD
2024-06-20 00:50:07 未获取到号码【1541569】GSD，可能号码格式错误
2024-06-20 00:50:07 获取到号码【1541569】的GSD为【-】
2024-06-20 00:50:15 GSD insert 第 1 次 等待 3 秒
2024-06-20 00:50:18 {"status":"bad","gid":"543181","msg":"添加失败！号码【1541569(-|-)】已存在！"}

2024-06-20 01:08:26 开始第 1677 次操作

2024-06-20 01:08:26 开始操作号码 【1541570】
2024-06-20 01:08:32 GSD getOne 第 1 次 等待 3 秒
2024-06-20 01:08:35 查询号码 【1541570】，返回信息 {"status":"ok","msg":"-","gid":"543204","time_insert":"2023-02-20 18:49"}
2024-06-20 01:08:35 查询号码 【1541570】，GSD为【"-"】
2024-06-20 01:08:35 ok && -
2024-06-20 01:08:37 CHB 1541570?1718816915 第 1 次 等待 3 秒
2024-06-20 01:08:40 CHB 1541570?1718816915 第 1 次 获取到号码【1541570】GSD
2024-06-20 01:08:40 未获取到号码【1541570】GSD，可能号码格式错误
2024-06-20 01:08:40 获取到号码【1541570】的GSD为【-】
2024-06-20 01:08:46 GSD insert 第 1 次 等待 3 秒
2024-06-20 01:08:49 {"status":"bad","gid":"543204","msg":"添加失败！号码【1541570(-|-)】已存在！"}
2024-06-20 01:08:49 随机等待 163 秒，约 2 分钟
2024-06-20 01:08:49 下次操作: 2024-06-20 01:11:32

2024-06-20 01:11:32 开始第 1678 次操作

2024-06-20 01:11:32 开始操作号码 【1541571】
2024-06-20 01:11:38 GSD getOne 第 1 次 等待 3 秒
2024-06-20 01:11:41 查询号码 【1541571】，返回信息 {"status":"ok","msg":"-","gid":"543223","time_insert":"2023-02-20 18:59"}
2024-06-20 01:11:41 查询号码 【1541571】，GSD为【"-"】
2024-06-20 01:11:41 ok && -
2024-06-20 01:11:43 CHB 1541571?1718817101 第 1 次 等待 3 秒
2024-06-20 01:11:46 CHB 1541571?1718817101 第 1 次 获取到号码【1541571】GSD
2024-06-20 01:11:46 未获取到号码【1541571】GSD，可能号码格式错误
2024-06-20 01:11:46 获取到号码【1541571】的GSD为【-】
2024-06-20 01:11:52 GSD insert 第 1 次 等待 3 秒
2024-06-20 01:11:55 {"status":"bad","gid":"543223","msg":"添加失败！号码【1541571(-|-)】已存在！"}
2024-06-20 01:11:55 随机等待 189 秒，约 3 分钟
2024-06-20 01:11:55 下次操作: 2024-06-20 01:15:04

2024-06-20 01:15:04 开始第 1679 次操作

2024-06-20 01:15:04 开始操作号码 【1541572】
2024-06-20 01:15:10 GSD getOne 第 1 次 等待 3 秒
2024-06-20 01:15:13 查询号码 【1541572】，返回信息 {"status":"ok","msg":"-","gid":"543242","time_insert":"2023-02-20 19:12"}
2024-06-20 01:15:13 查询号码 【1541572】，GSD为【"-"】
2024-06-20 01:15:13 ok && -
2024-06-20 01:15:16 CHB 1541572?1718817313 第 1 次 等待 3 秒
2024-06-20 01:15:19 CHB 1541572?1718817313 第 1 次 获取到号码【1541572】GSD
2024-06-20 01:15:19 未获取到号码【1541572】GSD，可能号码格式错误
2024-06-20 01:15:19 获取到号码【1541572】的GSD为【-】
2024-06-20 01:15:27 GSD insert 第 1 次 等待 3 秒
2024-06-20 01:15:30 {"status":"bad","gid":"543242","msg":"添加失败！号码【1541572(-|-)】已存在！"}
2024-06-20 01:15:30 随机等待 69 秒，约 1 分钟
2024-06-20 01:15:30 下次操作: 2024-06-20 01:16:39

2024-06-20 01:16:39 开始第 1680 次操作

2024-06-20 01:16:39 开始操作号码 【1541573】
2024-06-20 01:16:48 GSD getOne 第 1 次 等待 3 秒
2024-06-20 01:16:51 查询号码 【1541573】，返回信息 {"status":"ok","msg":"-","gid":"543274","time_insert":"2023-02-20 19:30"}
2024-06-20 01:16:51 查询号码 【1541573】，GSD为【"-"】
2024-06-20 01:16:51 ok && -
2024-06-20 01:16:52 CHB 1541573?1718817411 第 1 次 等待 3 秒
2024-06-20 01:16:55 CHB 1541573?1718817411 第 1 次 获取到号码【1541573】GSD
2024-06-20 01:16:55 未获取到号码【1541573】GSD，可能号码格式错误
2024-06-20 01:16:55 获取到号码【1541573】的GSD为【-】
2024-06-20 01:17:03 GSD insert 第 1 次 等待 3 秒
2024-06-20 01:17:06 {"status":"bad","gid":"543274","msg":"添加失败！号码【1541573(-|-)】已存在！"}

