2024-07-06 00:10:25 开始第 4601 次操作

2024-07-06 00:10:25 开始操作号码 【1544484】
2024-07-06 00:10:34 GSD getOne 第 1 次 等待 3 秒
2024-07-06 00:10:37 查询号码 【1544484】，返回信息 {"status":"ok","msg":"-","gid":"610445","time_insert":"2023-03-24 00:35"}
2024-07-06 00:10:37 查询号码 【1544484】，GSD为【"-"】
2024-07-06 00:10:37 ok && -
2024-07-06 00:10:39 CHB 1544484?1720195837 第 1 次 等待 3 秒
2024-07-06 00:10:42 CHB 1544484?1720195837 第 1 次 获取到号码【1544484】GSD
2024-07-06 00:10:42 未获取到号码【1544484】GSD，可能号码格式错误
2024-07-06 00:10:42 获取到号码【1544484】的GSD为【-】
2024-07-06 00:10:52 GSD insert 第 1 次 等待 3 秒
2024-07-06 00:10:55 {"status":"bad","gid":"610445","msg":"添加失败！号码【1544484(-|-)】已存在！"}
2024-07-06 00:10:55 随机等待 75 秒，约 1 分钟
2024-07-06 00:10:55 下次操作: 2024-07-06 00:12:10

2024-07-06 00:12:10 开始第 4602 次操作

2024-07-06 00:12:10 开始操作号码 【1544485】
2024-07-06 00:12:20 GSD getOne 第 1 次 等待 3 秒
2024-07-06 00:12:23 查询号码 【1544485】，返回信息 {"status":"ok","msg":"-","gid":"610459","time_insert":"2023-03-24 00:45"}
2024-07-06 00:12:23 查询号码 【1544485】，GSD为【"-"】
2024-07-06 00:12:23 ok && -
2024-07-06 00:12:25 CHB 1544485?1720195943 第 1 次 等待 3 秒
2024-07-06 00:12:28 CHB 1544485?1720195943 第 1 次 获取到号码【1544485】GSD
2024-07-06 00:12:28 未获取到号码【1544485】GSD，可能号码格式错误
2024-07-06 00:12:28 获取到号码【1544485】的GSD为【-】
2024-07-06 00:12:37 GSD insert 第 1 次 等待 3 秒
2024-07-06 00:12:40 {"status":"bad","gid":"610459","msg":"添加失败！号码【1544485(-|-)】已存在！"}
2024-07-06 00:12:40 随机等待 131 秒，约 2 分钟
2024-07-06 00:12:40 下次操作: 2024-07-06 00:14:51

2024-07-06 00:14:51 开始第 4603 次操作

2024-07-06 00:14:51 开始操作号码 【1544486】
2024-07-06 00:15:02 GSD getOne 第 1 次 等待 3 秒
2024-07-06 00:15:05 查询号码 【1544486】，返回信息 {"status":"ok","msg":"-","gid":"610491","time_insert":"2023-03-24 01:02"}
2024-07-06 00:15:05 查询号码 【1544486】，GSD为【"-"】
2024-07-06 00:15:05 ok && -
2024-07-06 00:15:07 CHB 1544486?1720196105 第 1 次 等待 3 秒
2024-07-06 00:15:10 CHB 1544486?1720196105 第 1 次 获取到号码【1544486】GSD
2024-07-06 00:15:10 未获取到号码【1544486】GSD，可能号码格式错误
2024-07-06 00:15:10 获取到号码【1544486】的GSD为【-】
2024-07-06 00:15:22 GSD insert 第 1 次 等待 3 秒
2024-07-06 00:15:25 {"status":"bad","gid":"610491","msg":"添加失败！号码【1544486(-|-)】已存在！"}
2024-07-06 00:15:25 随机等待 133 秒，约 2 分钟
2024-07-06 00:15:25 下次操作: 2024-07-06 00:17:38

2024-07-06 00:17:38 开始第 4604 次操作

2024-07-06 00:17:38 开始操作号码 【1544487】
2024-07-06 00:17:47 GSD getOne 第 1 次 等待 3 秒
2024-07-06 00:17:50 查询号码 【1544487】，返回信息 {"status":"ok","msg":"-","gid":"610517","time_insert":"2023-03-24 01:21"}
2024-07-06 00:17:50 查询号码 【1544487】，GSD为【"-"】
2024-07-06 00:17:50 ok && -
2024-07-06 00:17:52 CHB 1544487?1720196270 第 1 次 等待 3 秒
2024-07-06 00:17:55 CHB 1544487?1720196270 第 1 次 获取到号码【1544487】GSD
2024-07-06 00:17:55 未获取到号码【1544487】GSD，可能号码格式错误
2024-07-06 00:17:55 获取到号码【1544487】的GSD为【-】
2024-07-06 00:18:04 GSD insert 第 1 次 等待 3 秒
2024-07-06 00:18:07 {"status":"bad","gid":"610517","msg":"添加失败！号码【1544487(-|-)】已存在！"}

2024-07-06 00:37:02 开始第 4605 次操作

2024-07-06 00:37:02 开始操作号码 【1544488】
2024-07-06 00:37:25 GSD getOne 第 1 次 等待 3 秒
2024-07-06 00:37:28 查询号码 【1544488】，返回信息 {"status":"ok","msg":"-","gid":"610539","time_insert":"2023-03-24 01:35"}
2024-07-06 00:37:28 查询号码 【1544488】，GSD为【"-"】
2024-07-06 00:37:28 ok && -
2024-07-06 00:37:31 CHB 1544488?1720197448 第 1 次 等待 3 秒
2024-07-06 00:37:34 CHB 1544488?1720197448 第 1 次 获取到号码【1544488】GSD
2024-07-06 00:37:34 未获取到号码【1544488】GSD，可能号码格式错误
2024-07-06 00:37:34 获取到号码【1544488】的GSD为【-】
2024-07-06 00:37:42 GSD insert 第 1 次 等待 3 秒
2024-07-06 00:37:45 {"status":"bad","gid":"610539","msg":"添加失败！号码【1544488(-|-)】已存在！"}
2024-07-06 00:37:45 随机等待 173 秒，约 2 分钟
2024-07-06 00:37:45 下次操作: 2024-07-06 00:40:38

2024-07-06 00:40:38 开始第 4606 次操作

2024-07-06 00:40:38 开始操作号码 【1544489】
2024-07-06 00:40:45 GSD getOne 第 1 次 等待 3 秒
2024-07-06 00:40:48 查询号码 【1544489】，返回信息 {"status":"ok","msg":"-","gid":"610570","time_insert":"2023-03-24 01:51"}
2024-07-06 00:40:48 查询号码 【1544489】，GSD为【"-"】
2024-07-06 00:40:48 ok && -
2024-07-06 00:40:50 CHB 1544489?1720197648 第 1 次 等待 3 秒
2024-07-06 00:40:53 CHB 1544489?1720197648 第 1 次 获取到号码【1544489】GSD
2024-07-06 00:40:53 未获取到号码【1544489】GSD，可能号码格式错误
2024-07-06 00:40:53 获取到号码【1544489】的GSD为【-】
2024-07-06 00:41:01 GSD insert 第 1 次 等待 3 秒
2024-07-06 00:41:04 {"status":"bad","gid":"610570","msg":"添加失败！号码【1544489(-|-)】已存在！"}
2024-07-06 00:41:04 随机等待 94 秒，约 1 分钟
2024-07-06 00:41:04 下次操作: 2024-07-06 00:42:38

2024-07-06 00:42:38 开始第 4607 次操作

2024-07-06 00:42:38 开始操作号码 【1544490】
2024-07-06 00:42:46 GSD getOne 第 1 次 等待 3 秒
2024-07-06 00:42:49 查询号码 【1544490】，返回信息 {"status":"ok","msg":"-","gid":"610596","time_insert":"2023-03-24 02:10"}
2024-07-06 00:42:49 查询号码 【1544490】，GSD为【"-"】
2024-07-06 00:42:49 ok && -
2024-07-06 00:42:51 CHB 1544490?1720197769 第 1 次 等待 3 秒
2024-07-06 00:42:54 CHB 1544490?1720197769 第 1 次 获取到号码【1544490】GSD
2024-07-06 00:42:54 未获取到号码【1544490】GSD，可能号码格式错误
2024-07-06 00:42:54 获取到号码【1544490】的GSD为【-】
2024-07-06 00:43:03 GSD insert 第 1 次 等待 3 秒
2024-07-06 00:43:06 {"status":"bad","gid":"610596","msg":"添加失败！号码【1544490(-|-)】已存在！"}
2024-07-06 00:43:06 随机等待 86 秒，约 1 分钟
2024-07-06 00:43:06 下次操作: 2024-07-06 00:44:32

2024-07-06 00:44:32 开始第 4608 次操作

2024-07-06 00:44:32 开始操作号码 【1544491】
2024-07-06 00:44:39 GSD getOne 第 1 次 等待 3 秒
2024-07-06 00:44:42 查询号码 【1544491】，返回信息 {"status":"ok","msg":"-","gid":"610617","time_insert":"2023-03-24 02:23"}
2024-07-06 00:44:42 查询号码 【1544491】，GSD为【"-"】
2024-07-06 00:44:42 ok && -
2024-07-06 00:44:44 CHB 1544491?1720197883 第 1 次 等待 3 秒
2024-07-06 00:44:47 CHB 1544491?1720197883 第 1 次 获取到号码【1544491】GSD
2024-07-06 00:44:47 未获取到号码【1544491】GSD，可能号码格式错误
2024-07-06 00:44:47 获取到号码【1544491】的GSD为【-】
2024-07-06 00:44:56 GSD insert 第 1 次 等待 3 秒
2024-07-06 00:44:59 {"status":"bad","gid":"610617","msg":"添加失败！号码【1544491(-|-)】已存在！"}

2024-07-06 01:08:30 开始第 4609 次操作

2024-07-06 01:08:30 开始操作号码 【1544492】
2024-07-06 01:08:38 GSD getOne 第 1 次 等待 3 秒
2024-07-06 01:08:41 查询号码 【1544492】，返回信息 {"status":"ok","msg":"-","gid":"610639","time_insert":"2023-03-24 02:36"}
2024-07-06 01:08:41 查询号码 【1544492】，GSD为【"-"】
2024-07-06 01:08:41 ok && -
2024-07-06 01:08:43 CHB 1544492?1720199321 第 1 次 等待 3 秒
2024-07-06 01:08:46 CHB 1544492?1720199321 第 1 次 获取到号码【1544492】GSD
2024-07-06 01:08:46 未获取到号码【1544492】GSD，可能号码格式错误
2024-07-06 01:08:46 获取到号码【1544492】的GSD为【-】
2024-07-06 01:08:54 GSD insert 第 1 次 等待 3 秒
2024-07-06 01:08:57 {"status":"bad","gid":"610639","msg":"添加失败！号码【1544492(-|-)】已存在！"}
2024-07-06 01:08:57 随机等待 83 秒，约 1 分钟
2024-07-06 01:08:57 下次操作: 2024-07-06 01:10:20

2024-07-06 01:10:20 开始第 4610 次操作

2024-07-06 01:10:20 开始操作号码 【1544493】
2024-07-06 01:10:28 GSD getOne 第 1 次 等待 3 秒
2024-07-06 01:10:31 查询号码 【1544493】，返回信息 {"status":"ok","msg":"-","gid":"610668","time_insert":"2023-03-24 02:52"}
2024-07-06 01:10:31 查询号码 【1544493】，GSD为【"-"】
2024-07-06 01:10:31 ok && -
2024-07-06 01:10:33 CHB 1544493?1720199431 第 1 次 等待 3 秒
2024-07-06 01:10:36 CHB 1544493?1720199431 第 1 次 获取到号码【1544493】GSD
2024-07-06 01:10:36 未获取到号码【1544493】GSD，可能号码格式错误
2024-07-06 01:10:36 获取到号码【1544493】的GSD为【-】
2024-07-06 01:10:44 GSD insert 第 1 次 等待 3 秒
2024-07-06 01:10:47 {"status":"bad","gid":"610668","msg":"添加失败！号码【1544493(-|-)】已存在！"}
2024-07-06 01:10:47 随机等待 167 秒，约 2 分钟
2024-07-06 01:10:47 下次操作: 2024-07-06 01:13:34

2024-07-06 01:13:34 开始第 4611 次操作

2024-07-06 01:13:34 开始操作号码 【1544494】
2024-07-06 01:13:42 GSD getOne 第 1 次 等待 3 秒
2024-07-06 01:13:45 查询号码 【1544494】，返回信息 {"status":"ok","msg":"-","gid":"610689","time_insert":"2023-03-24 03:03"}
2024-07-06 01:13:45 查询号码 【1544494】，GSD为【"-"】
2024-07-06 01:13:45 ok && -
2024-07-06 01:13:47 CHB 1544494?1720199625 第 1 次 等待 3 秒
2024-07-06 01:13:50 CHB 1544494?1720199625 第 1 次 获取到号码【1544494】GSD
2024-07-06 01:13:50 未获取到号码【1544494】GSD，可能号码格式错误
2024-07-06 01:13:50 获取到号码【1544494】的GSD为【-】
2024-07-06 01:13:58 GSD insert 第 1 次 等待 3 秒
2024-07-06 01:14:01 {"status":"bad","gid":"610689","msg":"添加失败！号码【1544494(-|-)】已存在！"}
2024-07-06 01:14:01 随机等待 147 秒，约 2 分钟
2024-07-06 01:14:01 下次操作: 2024-07-06 01:16:28

2024-07-06 01:16:28 开始第 4612 次操作

2024-07-06 01:16:28 开始操作号码 【1544495】
2024-07-06 01:16:37 GSD getOne 第 1 次 等待 3 秒
2024-07-06 01:16:40 查询号码 【1544495】，返回信息 {"status":"ok","msg":"-","gid":"610709","time_insert":"2023-03-24 03:16"}
2024-07-06 01:16:40 查询号码 【1544495】，GSD为【"-"】
2024-07-06 01:16:40 ok && -
2024-07-06 01:16:42 CHB 1544495?1720199800 第 1 次 等待 3 秒
2024-07-06 01:16:45 CHB 1544495?1720199800 第 1 次 获取到号码【1544495】GSD
2024-07-06 01:16:45 未获取到号码【1544495】GSD，可能号码格式错误
2024-07-06 01:16:45 获取到号码【1544495】的GSD为【-】
2024-07-06 01:16:53 GSD insert 第 1 次 等待 3 秒
2024-07-06 01:16:56 {"status":"bad","gid":"610709","msg":"添加失败！号码【1544495(-|-)】已存在！"}

2024-07-06 01:33:00 开始第 4613 次操作

2024-07-06 01:33:00 开始操作号码 【1544496】
2024-07-06 01:33:08 GSD getOne 第 1 次 等待 3 秒
2024-07-06 01:33:11 查询号码 【1544496】，返回信息 {"status":"ok","msg":"-","gid":"610736","time_insert":"2023-03-24 03:31"}
2024-07-06 01:33:11 查询号码 【1544496】，GSD为【"-"】
2024-07-06 01:33:11 ok && -
2024-07-06 01:33:14 CHB 1544496?1720200791 第 1 次 等待 3 秒
2024-07-06 01:33:17 CHB 1544496?1720200791 第 1 次 获取到号码【1544496】GSD
2024-07-06 01:33:17 未获取到号码【1544496】GSD，可能号码格式错误
2024-07-06 01:33:17 获取到号码【1544496】的GSD为【-】
2024-07-06 01:33:28 GSD insert 第 1 次 等待 3 秒
2024-07-06 01:33:31 {"status":"bad","gid":"610736","msg":"添加失败！号码【1544496(-|-)】已存在！"}
2024-07-06 01:33:31 随机等待 105 秒，约 1 分钟
2024-07-06 01:33:31 下次操作: 2024-07-06 01:35:16

2024-07-06 01:35:16 开始第 4614 次操作

2024-07-06 01:35:16 开始操作号码 【1544497】
2024-07-06 01:35:24 GSD getOne 第 1 次 等待 3 秒
2024-07-06 01:35:27 查询号码 【1544497】，返回信息 {"status":"ok","msg":"-","gid":"610764","time_insert":"2023-03-24 03:46"}
2024-07-06 01:35:27 查询号码 【1544497】，GSD为【"-"】
2024-07-06 01:35:27 ok && -
2024-07-06 01:35:30 CHB 1544497?1720200927 第 1 次 等待 3 秒
2024-07-06 01:35:33 CHB 1544497?1720200927 第 1 次 获取到号码【1544497】GSD
2024-07-06 01:35:33 未获取到号码【1544497】GSD，可能号码格式错误
2024-07-06 01:35:33 获取到号码【1544497】的GSD为【-】
2024-07-06 01:35:42 GSD insert 第 1 次 等待 3 秒
2024-07-06 01:35:45 {"status":"bad","gid":"610764","msg":"添加失败！号码【1544497(-|-)】已存在！"}
2024-07-06 01:35:45 随机等待 165 秒，约 2 分钟
2024-07-06 01:35:45 下次操作: 2024-07-06 01:38:30

2024-07-06 01:38:30 开始第 4615 次操作

2024-07-06 01:38:30 开始操作号码 【1544498】
2024-07-06 01:38:38 GSD getOne 第 1 次 等待 3 秒
2024-07-06 01:38:41 查询号码 【1544498】，返回信息 {"status":"ok","msg":"-","gid":"610794","time_insert":"2023-03-24 04:05"}
2024-07-06 01:38:41 查询号码 【1544498】，GSD为【"-"】
2024-07-06 01:38:41 ok && -
2024-07-06 01:38:44 CHB 1544498?1720201121 第 1 次 等待 3 秒
2024-07-06 01:38:47 CHB 1544498?1720201121 第 1 次 获取到号码【1544498】GSD
2024-07-06 01:38:47 未获取到号码【1544498】GSD，可能号码格式错误
2024-07-06 01:38:47 获取到号码【1544498】的GSD为【-】
2024-07-06 01:38:55 GSD insert 第 1 次 等待 3 秒
2024-07-06 01:38:58 {"status":"bad","gid":"610794","msg":"添加失败！号码【1544498(-|-)】已存在！"}
2024-07-06 01:38:58 随机等待 182 秒，约 3 分钟
2024-07-06 01:38:58 下次操作: 2024-07-06 01:42:00

2024-07-06 01:42:00 开始第 4616 次操作

2024-07-06 01:42:00 开始操作号码 【1544499】
2024-07-06 01:42:08 GSD getOne 第 1 次 等待 3 秒
2024-07-06 01:42:11 查询号码 【1544499】，返回信息 {"status":"ok","msg":"-","gid":"610821","time_insert":"2023-03-24 04:24"}
2024-07-06 01:42:11 查询号码 【1544499】，GSD为【"-"】
2024-07-06 01:42:11 ok && -
2024-07-06 01:42:13 CHB 1544499?1720201331 第 1 次 等待 3 秒
2024-07-06 01:42:16 CHB 1544499?1720201331 第 1 次 获取到号码【1544499】GSD
2024-07-06 01:42:16 未获取到号码【1544499】GSD，可能号码格式错误
2024-07-06 01:42:16 获取到号码【1544499】的GSD为【-】
2024-07-06 01:42:24 GSD insert 第 1 次 等待 3 秒
2024-07-06 01:42:27 {"status":"bad","gid":"610821","msg":"添加失败！号码【1544499(-|-)】已存在！"}

2024-07-06 02:11:20 开始第 4617 次操作

2024-07-06 02:11:20 开始操作号码 【1544500】
2024-07-06 02:11:29 GSD getOne 第 1 次 等待 3 秒
2024-07-06 02:11:32 查询号码 【1544500】，返回信息 {"status":"ok","msg":"-","gid":"610839","time_insert":"2023-03-24 04:37"}
2024-07-06 02:11:32 查询号码 【1544500】，GSD为【"-"】
2024-07-06 02:11:32 ok && -
2024-07-06 02:11:34 CHB 1544500?1720203092 第 1 次 等待 3 秒
2024-07-06 02:11:37 CHB 1544500?1720203092 第 1 次 获取到号码【1544500】GSD
2024-07-06 02:11:37 未获取到号码【1544500】GSD，可能号码格式错误
2024-07-06 02:11:37 获取到号码【1544500】的GSD为【-】
2024-07-06 02:11:45 GSD insert 第 1 次 等待 3 秒
2024-07-06 02:11:48 {"status":"bad","gid":"610839","msg":"添加失败！号码【1544500(-|-)】已存在！"}
2024-07-06 02:11:48 随机等待 122 秒，约 2 分钟
2024-07-06 02:11:48 下次操作: 2024-07-06 02:13:50

2024-07-06 02:13:50 开始第 4618 次操作

2024-07-06 02:13:50 开始操作号码 【1544501】
2024-07-06 02:13:58 GSD getOne 第 1 次 等待 3 秒
2024-07-06 02:14:01 查询号码 【1544501】，返回信息 {"status":"ok","msg":"-","gid":"610861","time_insert":"2023-03-24 04:49"}
2024-07-06 02:14:01 查询号码 【1544501】，GSD为【"-"】
2024-07-06 02:14:01 ok && -
2024-07-06 02:14:03 CHB 1544501?1720203241 第 1 次 等待 3 秒
2024-07-06 02:14:06 CHB 1544501?1720203241 第 1 次 获取到号码【1544501】GSD
2024-07-06 02:14:06 未获取到号码【1544501】GSD，可能号码格式错误
2024-07-06 02:14:06 获取到号码【1544501】的GSD为【-】
2024-07-06 02:14:14 GSD insert 第 1 次 等待 3 秒
2024-07-06 02:14:17 {"status":"bad","gid":"610861","msg":"添加失败！号码【1544501(-|-)】已存在！"}
2024-07-06 02:14:17 随机等待 182 秒，约 3 分钟
2024-07-06 02:14:17 下次操作: 2024-07-06 02:17:19

2024-07-06 02:17:19 开始第 4619 次操作

2024-07-06 02:17:19 开始操作号码 【1544502】
2024-07-06 02:17:27 GSD getOne 第 1 次 等待 3 秒
2024-07-06 02:17:30 查询号码 【1544502】，返回信息 {"status":"ok","msg":"-","gid":"610890","time_insert":"2023-03-24 05:07"}
2024-07-06 02:17:30 查询号码 【1544502】，GSD为【"-"】
2024-07-06 02:17:30 ok && -
2024-07-06 02:17:32 CHB 1544502?1720203450 第 1 次 等待 3 秒
2024-07-06 02:17:35 CHB 1544502?1720203450 第 1 次 获取到号码【1544502】GSD
2024-07-06 02:17:35 未获取到号码【1544502】GSD，可能号码格式错误
2024-07-06 02:17:35 获取到号码【1544502】的GSD为【-】
2024-07-06 02:17:43 GSD insert 第 1 次 等待 3 秒
2024-07-06 02:17:46 {"status":"bad","gid":"610890","msg":"添加失败！号码【1544502(-|-)】已存在！"}
2024-07-06 02:17:46 随机等待 209 秒，约 3 分钟
2024-07-06 02:17:46 下次操作: 2024-07-06 02:21:15

2024-07-06 02:21:15 开始第 4620 次操作

2024-07-06 02:21:15 开始操作号码 【1544503】
2024-07-06 02:21:23 GSD getOne 第 1 次 等待 3 秒
2024-07-06 02:21:26 查询号码 【1544503】，返回信息 {"status":"ok","msg":"-","gid":"610908","time_insert":"2023-03-24 05:17"}
2024-07-06 02:21:26 查询号码 【1544503】，GSD为【"-"】
2024-07-06 02:21:26 ok && -
2024-07-06 02:21:28 CHB 1544503?1720203686 第 1 次 等待 3 秒
2024-07-06 02:21:31 CHB 1544503?1720203686 第 1 次 获取到号码【1544503】GSD
2024-07-06 02:21:31 未获取到号码【1544503】GSD，可能号码格式错误
2024-07-06 02:21:31 获取到号码【1544503】的GSD为【-】
2024-07-06 02:21:39 GSD insert 第 1 次 等待 3 秒
2024-07-06 02:21:42 {"status":"bad","gid":"610908","msg":"添加失败！号码【1544503(-|-)】已存在！"}

2024-07-06 02:36:52 开始第 4621 次操作

2024-07-06 02:36:52 开始操作号码 【1544504】
2024-07-06 02:37:01 GSD getOne 第 1 次 等待 3 秒
2024-07-06 02:37:04 查询号码 【1544504】，返回信息 {"status":"ok","msg":"-","gid":"610931","time_insert":"2023-03-24 05:31"}
2024-07-06 02:37:04 查询号码 【1544504】，GSD为【"-"】
2024-07-06 02:37:04 ok && -
2024-07-06 02:37:06 CHB 1544504?1720204624 第 1 次 等待 3 秒
2024-07-06 02:37:09 CHB 1544504?1720204624 第 1 次 获取到号码【1544504】GSD
2024-07-06 02:37:09 未获取到号码【1544504】GSD，可能号码格式错误
2024-07-06 02:37:09 获取到号码【1544504】的GSD为【-】
2024-07-06 02:37:17 GSD insert 第 1 次 等待 3 秒
2024-07-06 02:37:20 {"status":"bad","gid":"610931","msg":"添加失败！号码【1544504(-|-)】已存在！"}
2024-07-06 02:37:20 随机等待 173 秒，约 2 分钟
2024-07-06 02:37:20 下次操作: 2024-07-06 02:40:13

2024-07-06 02:40:13 开始第 4622 次操作

2024-07-06 02:40:13 开始操作号码 【1544505】
2024-07-06 02:40:21 GSD getOne 第 1 次 等待 3 秒
2024-07-06 02:40:24 查询号码 【1544505】，返回信息 {"status":"ok","msg":"-","gid":"610959","time_insert":"2023-03-24 05:48"}
2024-07-06 02:40:24 查询号码 【1544505】，GSD为【"-"】
2024-07-06 02:40:24 ok && -
2024-07-06 02:40:26 CHB 1544505?1720204824 第 1 次 等待 3 秒
2024-07-06 02:40:29 CHB 1544505?1720204824 第 1 次 获取到号码【1544505】GSD
2024-07-06 02:40:29 未获取到号码【1544505】GSD，可能号码格式错误
2024-07-06 02:40:29 获取到号码【1544505】的GSD为【-】
2024-07-06 02:40:37 GSD insert 第 1 次 等待 3 秒
2024-07-06 02:40:40 {"status":"bad","gid":"610959","msg":"添加失败！号码【1544505(-|-)】已存在！"}
2024-07-06 02:40:40 随机等待 178 秒，约 2 分钟
2024-07-06 02:40:40 下次操作: 2024-07-06 02:43:38

2024-07-06 02:43:38 开始第 4623 次操作

2024-07-06 02:43:38 开始操作号码 【1544506】
2024-07-06 02:43:46 GSD getOne 第 1 次 等待 3 秒
2024-07-06 02:43:49 查询号码 【1544506】，返回信息 {"status":"ok","msg":"-","gid":"610980","time_insert":"2023-03-24 06:04"}
2024-07-06 02:43:49 查询号码 【1544506】，GSD为【"-"】
2024-07-06 02:43:49 ok && -
2024-07-06 02:43:50 CHB 1544506?1720205029 第 1 次 等待 3 秒
2024-07-06 02:43:53 CHB 1544506?1720205029 第 1 次 获取到号码【1544506】GSD
2024-07-06 02:43:53 未获取到号码【1544506】GSD，可能号码格式错误
2024-07-06 02:43:53 获取到号码【1544506】的GSD为【-】
2024-07-06 02:44:01 GSD insert 第 1 次 等待 3 秒
2024-07-06 02:44:04 {"status":"bad","gid":"610980","msg":"添加失败！号码【1544506(-|-)】已存在！"}
2024-07-06 02:44:04 随机等待 129 秒，约 2 分钟
2024-07-06 02:44:04 下次操作: 2024-07-06 02:46:13

2024-07-06 02:46:14 开始第 4624 次操作

2024-07-06 02:46:14 开始操作号码 【1544507】
2024-07-06 02:46:21 GSD getOne 第 1 次 等待 3 秒
2024-07-06 02:46:24 查询号码 【1544507】，返回信息 {"status":"ok","msg":"-","gid":"611009","time_insert":"2023-03-24 06:23"}
2024-07-06 02:46:24 查询号码 【1544507】，GSD为【"-"】
2024-07-06 02:46:24 ok && -
2024-07-06 02:46:26 CHB 1544507?1720205184 第 1 次 等待 3 秒
2024-07-06 02:46:29 CHB 1544507?1720205184 第 1 次 获取到号码【1544507】GSD
2024-07-06 02:46:29 未获取到号码【1544507】GSD，可能号码格式错误
2024-07-06 02:46:29 获取到号码【1544507】的GSD为【-】
2024-07-06 02:46:37 GSD insert 第 1 次 等待 3 秒
2024-07-06 02:46:40 {"status":"bad","gid":"611009","msg":"添加失败！号码【1544507(-|-)】已存在！"}

2024-07-06 03:07:00 开始第 4625 次操作

2024-07-06 03:07:00 开始操作号码 【1544508】
2024-07-06 03:07:10 GSD getOne 第 1 次 等待 3 秒
2024-07-06 03:07:13 查询号码 【1544508】，返回信息 {"status":"ok","msg":"-","gid":"611031","time_insert":"2023-03-24 06:36"}
2024-07-06 03:07:13 查询号码 【1544508】，GSD为【"-"】
2024-07-06 03:07:13 ok && -
2024-07-06 03:07:15 CHB 1544508?1720206433 第 1 次 等待 3 秒
2024-07-06 03:07:18 CHB 1544508?1720206433 第 1 次 获取到号码【1544508】GSD
2024-07-06 03:07:18 未获取到号码【1544508】GSD，可能号码格式错误
2024-07-06 03:07:18 获取到号码【1544508】的GSD为【-】
2024-07-06 03:07:26 GSD insert 第 1 次 等待 3 秒
2024-07-06 03:07:29 {"status":"bad","gid":"611031","msg":"添加失败！号码【1544508(-|-)】已存在！"}
2024-07-06 03:07:29 随机等待 116 秒，约 1 分钟
2024-07-06 03:07:29 下次操作: 2024-07-06 03:09:25

2024-07-06 03:09:25 开始第 4626 次操作

2024-07-06 03:09:25 开始操作号码 【1544509】
2024-07-06 03:09:33 GSD getOne 第 1 次 等待 3 秒
2024-07-06 03:09:36 查询号码 【1544509】，返回信息 {"status":"ok","msg":"-","gid":"611050","time_insert":"2023-03-24 06:45"}
2024-07-06 03:09:36 查询号码 【1544509】，GSD为【"-"】
2024-07-06 03:09:36 ok && -
2024-07-06 03:09:38 CHB 1544509?1720206576 第 1 次 等待 3 秒
2024-07-06 03:09:41 CHB 1544509?1720206576 第 1 次 获取到号码【1544509】GSD
2024-07-06 03:09:41 未获取到号码【1544509】GSD，可能号码格式错误
2024-07-06 03:09:41 获取到号码【1544509】的GSD为【-】
2024-07-06 03:09:49 GSD insert 第 1 次 等待 3 秒
2024-07-06 03:09:52 {"status":"bad","gid":"611050","msg":"添加失败！号码【1544509(-|-)】已存在！"}
2024-07-06 03:09:52 随机等待 83 秒，约 1 分钟
2024-07-06 03:09:52 下次操作: 2024-07-06 03:11:15

2024-07-06 03:11:15 开始第 4627 次操作

2024-07-06 03:11:15 开始操作号码 【1544510】
2024-07-06 03:11:23 GSD getOne 第 1 次 等待 3 秒
2024-07-06 03:11:26 查询号码 【1544510】，返回信息 {"status":"ok","msg":"-","gid":"611078","time_insert":"2023-03-24 07:00"}
2024-07-06 03:11:26 查询号码 【1544510】，GSD为【"-"】
2024-07-06 03:11:26 ok && -
2024-07-06 03:11:27 CHB 1544510?1720206686 第 1 次 等待 3 秒
2024-07-06 03:11:30 CHB 1544510?1720206686 第 1 次 获取到号码【1544510】GSD
2024-07-06 03:11:30 未获取到号码【1544510】GSD，可能号码格式错误
2024-07-06 03:11:30 获取到号码【1544510】的GSD为【-】
2024-07-06 03:11:38 GSD insert 第 1 次 等待 3 秒
2024-07-06 03:11:41 {"status":"bad","gid":"611078","msg":"添加失败！号码【1544510(-|-)】已存在！"}
2024-07-06 03:11:41 随机等待 217 秒，约 3 分钟
2024-07-06 03:11:41 下次操作: 2024-07-06 03:15:18

2024-07-06 03:15:18 开始第 4628 次操作

2024-07-06 03:15:18 开始操作号码 【1544511】
2024-07-06 03:15:26 GSD getOne 第 1 次 等待 3 秒
2024-07-06 03:15:29 查询号码 【1544511】，返回信息 {"status":"ok","msg":"-","gid":"611088","time_insert":"2023-03-24 07:10"}
2024-07-06 03:15:29 查询号码 【1544511】，GSD为【"-"】
2024-07-06 03:15:29 ok && -
2024-07-06 03:15:31 CHB 1544511?1720206929 第 1 次 等待 3 秒
2024-07-06 03:15:34 CHB 1544511?1720206929 第 1 次 获取到号码【1544511】GSD
2024-07-06 03:15:34 未获取到号码【1544511】GSD，可能号码格式错误
2024-07-06 03:15:34 获取到号码【1544511】的GSD为【-】
2024-07-06 03:15:42 GSD insert 第 1 次 等待 3 秒
2024-07-06 03:15:45 {"status":"bad","gid":"611088","msg":"添加失败！号码【1544511(-|-)】已存在！"}

