2023-11-03 00:09:49 开始第 6697 次操作

2023-11-03 00:09:49 开始操作号码 【1976597】
2023-11-03 00:09:52 GSD getOne 第 1 次 等待 3 秒
2023-11-03 00:09:55 查询号码 【1976597】，返回信息 {"status":"ok","msg":"-","gid":"576037","time_insert":"2023-03-07 17:24"}
2023-11-03 00:09:55 查询号码 【1976597】，GSD为【"-"】
2023-11-03 00:09:55 ok && -
2023-11-03 00:09:58 CHB 1976597?1698941395 第 1 次 等待 3 秒
2023-11-03 00:10:01 CHB 1976597?1698941395 第 1 次 获取到号码【1976597】GSD
2023-11-03 00:10:01 未获取到号码【1976597】GSD，可能号码格式错误
2023-11-03 00:10:01 获取到号码【1976597】的GSD为【-】
2023-11-03 00:10:04 GSD insert 第 1 次 等待 3 秒
2023-11-03 00:10:07 {"status":"bad","gid":"576037","msg":"添加失败！号码【1976597(-|-)】已存在！"}
2023-11-03 00:10:07 随机等待 208 秒，约 3 分钟
2023-11-03 00:10:07 下次操作: 2023-11-03 00:13:35

2023-11-03 00:13:35 开始第 6698 次操作

2023-11-03 00:13:35 开始操作号码 【1976598】
2023-11-03 00:13:41 GSD getOne 第 1 次 等待 3 秒
2023-11-03 00:13:44 查询号码 【1976598】，返回信息 {"status":"ok","msg":"-","gid":"576048","time_insert":"2023-03-07 17:31"}
2023-11-03 00:13:44 查询号码 【1976598】，GSD为【"-"】
2023-11-03 00:13:44 ok && -
2023-11-03 00:13:46 CHB 1976598?1698941624 第 1 次 等待 3 秒
2023-11-03 00:13:49 CHB 1976598?1698941624 第 1 次 获取到号码【1976598】GSD
2023-11-03 00:13:49 未获取到号码【1976598】GSD，可能号码格式错误
2023-11-03 00:13:49 获取到号码【1976598】的GSD为【-】
2023-11-03 00:13:52 GSD insert 第 1 次 等待 3 秒
2023-11-03 00:13:55 {"status":"bad","gid":"576048","msg":"添加失败！号码【1976598(-|-)】已存在！"}
2023-11-03 00:13:55 随机等待 121 秒，约 2 分钟
2023-11-03 00:13:55 下次操作: 2023-11-03 00:15:56

2023-11-03 00:15:56 开始第 6699 次操作

2023-11-03 00:15:56 开始操作号码 【1976599】
2023-11-03 00:15:59 GSD getOne 第 1 次 等待 3 秒
2023-11-03 00:16:02 查询号码 【1976599】，返回信息 {"status":"ok","msg":"-","gid":"576053","time_insert":"2023-03-07 17:33"}
2023-11-03 00:16:02 查询号码 【1976599】，GSD为【"-"】
2023-11-03 00:16:02 ok && -
2023-11-03 00:16:04 CHB 1976599?1698941762 第 1 次 等待 3 秒
2023-11-03 00:16:07 CHB 1976599?1698941762 第 1 次 获取到号码【1976599】GSD
2023-11-03 00:16:07 未获取到号码【1976599】GSD，可能号码格式错误
2023-11-03 00:16:07 获取到号码【1976599】的GSD为【-】
2023-11-03 00:16:10 GSD insert 第 1 次 等待 3 秒
2023-11-03 00:16:14 {"status":"bad","gid":"576053","msg":"添加失败！号码【1976599(-|-)】已存在！"}
2023-11-03 00:16:14 随机等待 152 秒，约 2 分钟
2023-11-03 00:16:14 下次操作: 2023-11-03 00:18:46

2023-11-03 00:18:46 开始第 6700 次操作

2023-11-03 00:18:46 开始操作号码 【1976600】
2023-11-03 00:18:48 GSD getOne 第 1 次 等待 3 秒
2023-11-03 00:18:51 查询号码 【1976600】，返回信息 {"status":"ok","msg":"-","gid":"576057","time_insert":"2023-03-07 17:36"}
2023-11-03 00:18:51 查询号码 【1976600】，GSD为【"-"】
2023-11-03 00:18:51 ok && -
2023-11-03 00:18:54 CHB 1976600?1698941931 第 1 次 等待 3 秒
2023-11-03 00:18:57 CHB 1976600?1698941931 第 1 次 获取到号码【1976600】GSD
2023-11-03 00:18:57 未获取到号码【1976600】GSD，可能号码格式错误
2023-11-03 00:18:57 获取到号码【1976600】的GSD为【-】
2023-11-03 00:19:00 GSD insert 第 1 次 等待 3 秒
2023-11-03 00:19:03 {"status":"bad","gid":"576057","msg":"添加失败！号码【1976600(-|-)】已存在！"}

2023-11-03 00:37:55 开始第 6701 次操作

2023-11-03 00:37:55 开始操作号码 【1976601】
2023-11-03 00:37:59 GSD getOne 第 1 次 等待 3 秒
2023-11-03 00:38:02 查询号码 【1976601】，返回信息 {"status":"ok","msg":"-","gid":"576059","time_insert":"2023-03-07 17:37"}
2023-11-03 00:38:02 查询号码 【1976601】，GSD为【"-"】
2023-11-03 00:38:02 ok && -
2023-11-03 00:38:04 CHB 1976601?1698943082 第 1 次 等待 3 秒
2023-11-03 00:38:07 CHB 1976601?1698943082 第 1 次 获取到号码【1976601】GSD
2023-11-03 00:38:07 未获取到号码【1976601】GSD，可能号码格式错误
2023-11-03 00:38:07 获取到号码【1976601】的GSD为【-】
2023-11-03 00:38:10 GSD insert 第 1 次 等待 3 秒
2023-11-03 00:38:13 {"status":"bad","gid":"576059","msg":"添加失败！号码【1976601(-|-)】已存在！"}
2023-11-03 00:38:13 随机等待 91 秒，约 1 分钟
2023-11-03 00:38:13 下次操作: 2023-11-03 00:39:44

2023-11-03 00:39:44 开始第 6702 次操作

2023-11-03 00:39:44 开始操作号码 【1976602】
2023-11-03 00:39:47 GSD getOne 第 1 次 等待 3 秒
2023-11-03 00:39:50 查询号码 【1976602】，返回信息 {"status":"ok","msg":"-","gid":"576065","time_insert":"2023-03-07 17:44"}
2023-11-03 00:39:50 查询号码 【1976602】，GSD为【"-"】
2023-11-03 00:39:50 ok && -
2023-11-03 00:39:52 CHB 1976602?1698943190 第 1 次 等待 3 秒
2023-11-03 00:39:55 CHB 1976602?1698943190 第 1 次 获取到号码【1976602】GSD
2023-11-03 00:39:55 未获取到号码【1976602】GSD，可能号码格式错误
2023-11-03 00:39:55 获取到号码【1976602】的GSD为【-】
2023-11-03 00:39:58 GSD insert 第 1 次 等待 3 秒
2023-11-03 00:40:01 {"status":"bad","gid":"576065","msg":"添加失败！号码【1976602(-|-)】已存在！"}
2023-11-03 00:40:01 随机等待 67 秒，约 1 分钟
2023-11-03 00:40:01 下次操作: 2023-11-03 00:41:08

2023-11-03 00:41:08 开始第 6703 次操作

2023-11-03 00:41:08 开始操作号码 【1976603】
2023-11-03 00:41:11 GSD getOne 第 1 次 等待 3 秒
2023-11-03 00:41:14 查询号码 【1976603】，返回信息 {"status":"ok","msg":"-","gid":"576070","time_insert":"2023-03-07 17:48"}
2023-11-03 00:41:14 查询号码 【1976603】，GSD为【"-"】
2023-11-03 00:41:14 ok && -
2023-11-03 00:41:16 CHB 1976603?1698943274 第 1 次 等待 3 秒
2023-11-03 00:41:19 CHB 1976603?1698943274 第 1 次 获取到号码【1976603】GSD
2023-11-03 00:41:19 未获取到号码【1976603】GSD，可能号码格式错误
2023-11-03 00:41:19 获取到号码【1976603】的GSD为【-】
2023-11-03 00:41:23 GSD insert 第 1 次 等待 3 秒
2023-11-03 00:41:26 {"status":"bad","gid":"576070","msg":"添加失败！号码【1976603(-|-)】已存在！"}
2023-11-03 00:41:26 随机等待 93 秒，约 1 分钟
2023-11-03 00:41:26 下次操作: 2023-11-03 00:42:59

2023-11-03 00:42:59 开始第 6704 次操作

2023-11-03 00:42:59 开始操作号码 【1976604】
2023-11-03 00:43:02 GSD getOne 第 1 次 等待 3 秒
2023-11-03 00:43:05 查询号码 【1976604】，返回信息 {"status":"ok","msg":"-","gid":"576072","time_insert":"2023-03-07 17:49"}
2023-11-03 00:43:05 查询号码 【1976604】，GSD为【"-"】
2023-11-03 00:43:05 ok && -
2023-11-03 00:43:07 CHB 1976604?1698943385 第 1 次 等待 3 秒
2023-11-03 00:43:10 CHB 1976604?1698943385 第 1 次 获取到号码【1976604】GSD
2023-11-03 00:43:10 未获取到号码【1976604】GSD，可能号码格式错误
2023-11-03 00:43:10 获取到号码【1976604】的GSD为【-】
2023-11-03 00:43:13 GSD insert 第 1 次 等待 3 秒
2023-11-03 00:43:16 {"status":"bad","gid":"576072","msg":"添加失败！号码【1976604(-|-)】已存在！"}

