2023-10-02 00:08:18 开始第 1037 次操作

2023-10-02 00:08:18 开始操作号码 【1971036】
2023-10-02 00:08:26 GSD getOne 第 1 次 等待 3 秒
2023-10-02 00:08:29 查询号码 【1971036】，返回信息 {"status":"ok","msg":"山东-威海","gid":"541364","time_insert":"2023-02-19 23:47"}
2023-10-02 00:08:30 查询号码 【1971036】，GSD为【"山东-威海"】

2023-10-02 00:08:31 开始第 1038 次操作

2023-10-02 00:08:31 开始操作号码 【1971037】
2023-10-02 00:08:55 GSD getOne 第 1 次 等待 3 秒
2023-10-02 00:08:58 查询号码 【1971037】，返回信息 {"status":"ok","msg":"河南-南阳","gid":"541369","time_insert":"2023-02-19 23:50"}
2023-10-02 00:08:58 查询号码 【1971037】，GSD为【"河南-南阳"】

2023-10-02 00:08:59 开始第 1039 次操作

2023-10-02 00:08:59 开始操作号码 【1971038】
2023-10-02 00:09:09 GSD getOne 第 1 次 等待 3 秒
2023-10-02 00:09:12 查询号码 【1971038】，返回信息 {"status":"ok","msg":"山东-枣庄","gid":"541374","time_insert":"2023-02-19 23:53"}
2023-10-02 00:09:12 查询号码 【1971038】，GSD为【"山东-枣庄"】

2023-10-02 00:09:13 开始第 1040 次操作

2023-10-02 00:09:13 开始操作号码 【1971039】
2023-10-02 00:09:21 GSD getOne 第 1 次 等待 3 秒
2023-10-02 00:09:24 查询号码 【1971039】，返回信息 {"status":"ok","msg":"河南-焦作","gid":"541377","time_insert":"2023-02-19 23:54"}
2023-10-02 00:09:24 查询号码 【1971039】，GSD为【"河南-焦作"】

2023-10-02 00:33:33 开始第 1041 次操作

2023-10-02 00:33:33 开始操作号码 【1971040】
2023-10-02 00:33:47 GSD getOne 第 1 次 等待 3 秒
2023-10-02 00:33:50 查询号码 【1971040】，返回信息 {"status":"ok","msg":"江苏-南京","gid":"541381","time_insert":"2023-02-19 23:56"}
2023-10-02 00:33:50 查询号码 【1971040】，GSD为【"江苏-南京"】

2023-10-02 00:33:51 开始第 1042 次操作

2023-10-02 00:33:51 开始操作号码 【1971041】
2023-10-02 00:33:55 GSD getOne 第 1 次 等待 3 秒
2023-10-02 00:33:58 查询号码 【1971041】，返回信息 {"status":"ok","msg":"辽宁-本溪","gid":"541384","time_insert":"2023-02-19 23:59"}
2023-10-02 00:33:58 查询号码 【1971041】，GSD为【"辽宁-本溪"】

2023-10-02 00:33:59 开始第 1043 次操作

2023-10-02 00:33:59 开始操作号码 【1971042】
2023-10-02 00:34:06 GSD getOne 第 1 次 等待 3 秒
2023-10-02 00:34:09 查询号码 【1971042】，返回信息 {"status":"ok","msg":"辽宁-本溪","gid":"541390","time_insert":"2023-02-20 00:01"}
2023-10-02 00:34:09 查询号码 【1971042】，GSD为【"辽宁-本溪"】

2023-10-02 00:34:10 开始第 1044 次操作

2023-10-02 00:34:10 开始操作号码 【1971043】
2023-10-02 00:34:13 GSD getOne 第 1 次 等待 3 秒
2023-10-02 00:34:16 查询号码 【1971043】，返回信息 {"status":"ok","msg":"江苏-苏州","gid":"541394","time_insert":"2023-02-20 00:02"}
2023-10-02 00:34:16 查询号码 【1971043】，GSD为【"江苏-苏州"】

