2024-03-08 00:08:51 开始第 7841 次操作

2024-03-08 00:08:51 开始操作号码 【1767741】
2024-03-08 00:08:56 GSD getOne 第 1 次 等待 3 秒
2024-03-08 00:08:59 查询号码 【1767741】，返回信息 {"status":"ok","msg":"广西-崇左","gid":"161462","time_insert":"2021-06-30 15:17"}
2024-03-08 00:08:59 查询号码 【1767741】，GSD为【"广西-崇左"】

2024-03-08 00:09:00 开始第 7842 次操作

2024-03-08 00:09:00 开始操作号码 【1767742】
2024-03-08 00:09:04 GSD getOne 第 1 次 等待 3 秒
2024-03-08 00:09:07 查询号码 【1767742】，返回信息 {"status":"ok","msg":"广西-北海","gid":"161452","time_insert":"2021-06-30 15:16"}
2024-03-08 00:09:07 查询号码 【1767742】，GSD为【"广西-北海"】

2024-03-08 00:09:08 开始第 7843 次操作

2024-03-08 00:09:08 开始操作号码 【1767743】
2024-03-08 00:09:13 GSD getOne 第 1 次 等待 3 秒
2024-03-08 00:09:16 查询号码 【1767743】，返回信息 {"status":"ok","msg":"广西-贵港","gid":"161442","time_insert":"2021-06-30 15:16"}
2024-03-08 00:09:16 查询号码 【1767743】，GSD为【"广西-贵港"】

2024-03-08 00:09:17 开始第 7844 次操作

2024-03-08 00:09:17 开始操作号码 【1767744】
2024-03-08 00:09:22 GSD getOne 第 1 次 等待 3 秒
2024-03-08 00:09:25 查询号码 【1767744】，返回信息 {"status":"ok","msg":"广西-崇左","gid":"161433","time_insert":"2021-06-30 15:15"}
2024-03-08 00:09:25 查询号码 【1767744】，GSD为【"广西-崇左"】

