2023-11-01 00:09:52 开始第 6329 次操作

2023-11-01 00:09:52 开始操作号码 【1976239】
2023-11-01 00:09:56 GSD getOne 第 1 次 等待 3 秒
2023-11-01 00:09:59 查询号码 【1976239】，返回信息 {"status":"ok","msg":"-","gid":"573904","time_insert":"2023-03-06 16:59"}
2023-11-01 00:09:59 查询号码 【1976239】，GSD为【"-"】
2023-11-01 00:09:59 ok && -
2023-11-01 00:10:05 CHB 1976239?1698768599 第 1 次 等待 3 秒
2023-11-01 00:10:08 CHB 1976239?1698768599 第 1 次 获取到号码【1976239】GSD
2023-11-01 00:10:08 未获取到号码【1976239】GSD，可能号码格式错误
2023-11-01 00:10:08 获取到号码【1976239】的GSD为【-】
2023-11-01 00:10:14 GSD insert 第 1 次 等待 3 秒
2023-11-01 00:10:17 {"status":"bad","gid":"573904","msg":"添加失败！号码【1976239(-|-)】已存在！"}
2023-11-01 00:10:17 随机等待 122 秒，约 2 分钟
2023-11-01 00:10:17 下次操作: 2023-11-01 00:12:19

2023-11-01 00:12:19 开始第 6330 次操作

2023-11-01 00:12:19 开始操作号码 【1976240】
2023-11-01 00:12:36 GSD getOne 第 1 次 等待 3 秒
2023-11-01 00:12:39 查询号码 【1976240】，返回信息 {"status":"ok","msg":"-","gid":"573908","time_insert":"2023-03-06 17:01"}
2023-11-01 00:12:39 查询号码 【1976240】，GSD为【"-"】
2023-11-01 00:12:39 ok && -
2023-11-01 00:12:41 CHB 1976240?1698768759 第 1 次 等待 3 秒
2023-11-01 00:12:44 CHB 1976240?1698768759 第 1 次 获取到号码【1976240】GSD
2023-11-01 00:12:44 未获取到号码【1976240】GSD，可能号码格式错误
2023-11-01 00:12:44 获取到号码【1976240】的GSD为【-】
2023-11-01 00:12:47 GSD insert 第 1 次 等待 3 秒
2023-11-01 00:12:50 {"status":"bad","gid":"573908","msg":"添加失败！号码【1976240(-|-)】已存在！"}
2023-11-01 00:12:50 随机等待 115 秒，约 1 分钟
2023-11-01 00:12:50 下次操作: 2023-11-01 00:14:45

2023-11-01 00:14:45 开始第 6331 次操作

2023-11-01 00:14:45 开始操作号码 【1976241】
2023-11-01 00:14:48 GSD getOne 第 1 次 等待 3 秒
2023-11-01 00:14:51 查询号码 【1976241】，返回信息 {"status":"ok","msg":"-","gid":"573910","time_insert":"2023-03-06 17:04"}
2023-11-01 00:14:51 查询号码 【1976241】，GSD为【"-"】
2023-11-01 00:14:51 ok && -
2023-11-01 00:14:52 CHB 1976241?1698768891 第 1 次 等待 3 秒
2023-11-01 00:14:55 CHB 1976241?1698768891 第 1 次 获取到号码【1976241】GSD
2023-11-01 00:14:55 未获取到号码【1976241】GSD，可能号码格式错误
2023-11-01 00:14:55 获取到号码【1976241】的GSD为【-】
2023-11-01 00:15:02 GSD insert 第 1 次 等待 3 秒
2023-11-01 00:15:05 {"status":"bad","gid":"573910","msg":"添加失败！号码【1976241(-|-)】已存在！"}
2023-11-01 00:15:05 随机等待 114 秒，约 1 分钟
2023-11-01 00:15:05 下次操作: 2023-11-01 00:16:59

2023-11-01 00:16:59 开始第 6332 次操作

2023-11-01 00:16:59 开始操作号码 【1976242】
2023-11-01 00:17:03 GSD getOne 第 1 次 等待 3 秒
2023-11-01 00:17:06 查询号码 【1976242】，返回信息 {"status":"ok","msg":"-","gid":"573931","time_insert":"2023-03-06 17:19"}
2023-11-01 00:17:06 查询号码 【1976242】，GSD为【"-"】
2023-11-01 00:17:06 ok && -
2023-11-01 00:17:08 CHB 1976242?1698769026 第 1 次 等待 3 秒
2023-11-01 00:17:11 CHB 1976242?1698769026 第 1 次 获取到号码【1976242】GSD
2023-11-01 00:17:11 未获取到号码【1976242】GSD，可能号码格式错误
2023-11-01 00:17:11 获取到号码【1976242】的GSD为【-】
2023-11-01 00:17:14 GSD insert 第 1 次 等待 3 秒
2023-11-01 00:17:17 {"status":"bad","gid":"573931","msg":"添加失败！号码【1976242(-|-)】已存在！"}

