2024-07-28 00:10:38 开始第 8549 次操作

2024-07-28 00:10:38 开始操作号码 【1548431】
2024-07-28 00:10:48 GSD getOne 第 1 次 等待 3 秒
2024-07-28 00:10:51 查询号码 【1548431】，返回信息 {"status":"ok","msg":"-","gid":"681893","time_insert":"2023-04-28 05:24"}
2024-07-28 00:10:51 查询号码 【1548431】，GSD为【"-"】
2024-07-28 00:10:51 ok && -
2024-07-28 00:10:54 CHB 1548431?1722096651 第 1 次 等待 3 秒
2024-07-28 00:10:57 CHB 1548431?1722096651 第 1 次 获取到号码【1548431】GSD
2024-07-28 00:10:57 未获取到号码【1548431】GSD，可能号码格式错误
2024-07-28 00:10:57 获取到号码【1548431】的GSD为【-】
2024-07-28 00:11:05 GSD insert 第 1 次 等待 3 秒
2024-07-28 00:11:08 {"status":"bad","gid":"681893","msg":"添加失败！号码【1548431(-|-)】已存在！"}
2024-07-28 00:11:08 随机等待 120 秒，约 2 分钟
2024-07-28 00:11:08 下次操作: 2024-07-28 00:13:08

2024-07-28 00:13:08 开始第 8550 次操作

2024-07-28 00:13:08 开始操作号码 【1548432】
2024-07-28 00:13:16 GSD getOne 第 1 次 等待 3 秒
2024-07-28 00:13:19 查询号码 【1548432】，返回信息 {"status":"ok","msg":"-","gid":"681887","time_insert":"2023-04-28 05:18"}
2024-07-28 00:13:19 查询号码 【1548432】，GSD为【"-"】
2024-07-28 00:13:19 ok && -
2024-07-28 00:13:22 CHB 1548432?1722096799 第 1 次 等待 3 秒
2024-07-28 00:13:25 CHB 1548432?1722096799 第 1 次 获取到号码【1548432】GSD
2024-07-28 00:13:25 未获取到号码【1548432】GSD，可能号码格式错误
2024-07-28 00:13:25 获取到号码【1548432】的GSD为【-】
2024-07-28 00:13:33 GSD insert 第 1 次 等待 3 秒
2024-07-28 00:13:36 {"status":"bad","gid":"681887","msg":"添加失败！号码【1548432(-|-)】已存在！"}
2024-07-28 00:13:36 随机等待 202 秒，约 3 分钟
2024-07-28 00:13:36 下次操作: 2024-07-28 00:16:58

2024-07-28 00:16:58 开始第 8551 次操作

2024-07-28 00:16:58 开始操作号码 【1548433】
2024-07-28 00:17:06 GSD getOne 第 1 次 等待 3 秒
2024-07-28 00:17:09 查询号码 【1548433】，返回信息 {"status":"ok","msg":"-","gid":"681884","time_insert":"2023-04-28 05:16"}
2024-07-28 00:17:09 查询号码 【1548433】，GSD为【"-"】
2024-07-28 00:17:09 ok && -
2024-07-28 00:17:11 CHB 1548433?1722097029 第 1 次 等待 3 秒
2024-07-28 00:17:14 CHB 1548433?1722097029 第 1 次 获取到号码【1548433】GSD
2024-07-28 00:17:14 未获取到号码【1548433】GSD，可能号码格式错误
2024-07-28 00:17:14 获取到号码【1548433】的GSD为【-】
2024-07-28 00:17:23 GSD insert 第 1 次 等待 3 秒
2024-07-28 00:17:26 {"status":"bad","gid":"681884","msg":"添加失败！号码【1548433(-|-)】已存在！"}
2024-07-28 00:17:26 随机等待 173 秒，约 2 分钟
2024-07-28 00:17:26 下次操作: 2024-07-28 00:20:19

2024-07-28 00:20:19 开始第 8552 次操作

2024-07-28 00:20:19 开始操作号码 【1548434】
2024-07-28 00:20:27 GSD getOne 第 1 次 等待 3 秒
2024-07-28 00:20:30 查询号码 【1548434】，返回信息 {"status":"ok","msg":"-","gid":"681878","time_insert":"2023-04-28 05:12"}
2024-07-28 00:20:30 查询号码 【1548434】，GSD为【"-"】
2024-07-28 00:20:30 ok && -
2024-07-28 00:20:32 CHB 1548434?1722097230 第 1 次 等待 3 秒
2024-07-28 00:20:35 CHB 1548434?1722097230 第 1 次 获取到号码【1548434】GSD
2024-07-28 00:20:35 未获取到号码【1548434】GSD，可能号码格式错误
2024-07-28 00:20:35 获取到号码【1548434】的GSD为【-】
2024-07-28 00:20:44 GSD insert 第 1 次 等待 3 秒
2024-07-28 00:20:47 {"status":"bad","gid":"681878","msg":"添加失败！号码【1548434(-|-)】已存在！"}

