2023-09-26 09:22:04 开始第 1 次操作

2023-09-26 09:22:04 开始操作号码 【1970000】
2023-09-26 09:22:06 GSD getOne 第 1 次 等待 3 秒
2023-09-26 09:22:09 查询号码 【1970000】，返回信息 {"status":"ok","msg":"青海-西宁","gid":"532441","time_insert":"2023-02-15 14:08"}
2023-09-26 09:22:09 查询号码 【1970000】，GSD为【"青海-西宁"】

2023-09-26 09:22:10 开始第 2 次操作

2023-09-26 09:22:10 开始操作号码 【1970001】
2023-09-26 09:22:12 GSD getOne 第 1 次 等待 3 秒
2023-09-26 09:22:15 查询号码 【1970001】，返回信息 {"status":"ok","msg":"青海-西宁","gid":"532461","time_insert":"2023-02-15 14:24"}
2023-09-26 09:22:15 查询号码 【1970001】，GSD为【"青海-西宁"】

2023-09-26 09:22:16 开始第 3 次操作

2023-09-26 09:22:16 开始操作号码 【1970002】
2023-09-26 09:22:21 GSD getOne 第 1 次 等待 3 秒
2023-09-26 09:22:24 查询号码 【1970002】，返回信息 {"status":"ok","msg":"青海-海东","gid":"532475","time_insert":"2023-02-15 14:34"}
2023-09-26 09:22:24 查询号码 【1970002】，GSD为【"青海-海东"】

2023-09-26 09:22:25 开始第 4 次操作

2023-09-26 09:22:25 开始操作号码 【1970003】
2023-09-26 09:22:28 GSD getOne 第 1 次 等待 3 秒
2023-09-26 09:22:31 查询号码 【1970003】，返回信息 {"status":"ok","msg":"青海-黄南","gid":"532484","time_insert":"2023-02-15 14:41"}
2023-09-26 09:22:31 查询号码 【1970003】，GSD为【"青海-黄南"】

