2024-09-06 00:27:13 开始第 2937 次操作

2024-09-06 00:27:13 开始操作号码 【1432936】
2024-09-06 00:27:23 GSD getOne 第 1 次 等待 3 秒
2024-09-06 00:27:26 查询号码 【1432936】，返回信息 {"status":"ok","msg":"-","gid":"572044","time_insert":"2023-03-05 20:17"}
2024-09-06 00:27:26 查询号码 【1432936】，GSD为【"-"】
2024-09-06 00:27:26 ok && -
2024-09-06 00:27:28 CHB 1432936?1725553646 第 1 次 等待 3 秒
2024-09-06 00:27:31 CHB 1432936?1725553646 第 1 次 获取到号码【1432936】GSD
2024-09-06 00:27:31 未获取到号码【1432936】GSD，可能号码格式错误
2024-09-06 00:27:31 获取到号码【1432936】的GSD为【-】
2024-09-06 00:27:39 GSD insert 第 1 次 等待 3 秒
2024-09-06 00:27:42 {"status":"bad","gid":"572044","msg":"添加失败！号码【1432936(-|-)】已存在！"}
2024-09-06 00:27:42 随机等待 73 秒，约 1 分钟
2024-09-06 00:27:42 下次操作: 2024-09-06 00:28:55

2024-09-06 00:28:55 开始第 2938 次操作

2024-09-06 00:28:55 开始操作号码 【1432937】
2024-09-06 00:29:09 GSD getOne 第 1 次 等待 3 秒
2024-09-06 00:29:12 查询号码 【1432937】，返回信息 {"status":"ok","msg":"-","gid":"572072","time_insert":"2023-03-05 20:34"}
2024-09-06 00:29:12 查询号码 【1432937】，GSD为【"-"】
2024-09-06 00:29:12 ok && -
2024-09-06 00:29:14 CHB 1432937?1725553752 第 1 次 等待 3 秒
2024-09-06 00:29:17 CHB 1432937?1725553752 第 1 次 获取到号码【1432937】GSD
2024-09-06 00:29:17 未获取到号码【1432937】GSD，可能号码格式错误
2024-09-06 00:29:17 获取到号码【1432937】的GSD为【-】
2024-09-06 00:29:24 GSD insert 第 1 次 等待 3 秒
2024-09-06 00:29:27 {"status":"bad","gid":"572072","msg":"添加失败！号码【1432937(-|-)】已存在！"}
2024-09-06 00:29:27 随机等待 204 秒，约 3 分钟
2024-09-06 00:29:27 下次操作: 2024-09-06 00:32:51

2024-09-06 00:32:51 开始第 2939 次操作

2024-09-06 00:32:51 开始操作号码 【1432938】
2024-09-06 00:32:59 GSD getOne 第 1 次 等待 3 秒
2024-09-06 00:33:02 查询号码 【1432938】，返回信息 {"status":"ok","msg":"-","gid":"572079","time_insert":"2023-03-05 20:43"}
2024-09-06 00:33:02 查询号码 【1432938】，GSD为【"-"】
2024-09-06 00:33:02 ok && -
2024-09-06 00:33:05 CHB 1432938?1725553982 第 1 次 等待 3 秒
2024-09-06 00:33:08 CHB 1432938?1725553982 第 1 次 获取到号码【1432938】GSD
2024-09-06 00:33:08 未获取到号码【1432938】GSD，可能号码格式错误
2024-09-06 00:33:08 获取到号码【1432938】的GSD为【-】
2024-09-06 00:33:16 GSD insert 第 1 次 等待 3 秒
2024-09-06 00:33:19 {"status":"bad","gid":"572079","msg":"添加失败！号码【1432938(-|-)】已存在！"}
2024-09-06 00:33:19 随机等待 214 秒，约 3 分钟
2024-09-06 00:33:19 下次操作: 2024-09-06 00:36:53

2024-09-06 00:36:53 开始第 2940 次操作

2024-09-06 00:36:53 开始操作号码 【1432939】
2024-09-06 00:37:01 GSD getOne 第 1 次 等待 3 秒
2024-09-06 00:37:04 查询号码 【1432939】，返回信息 {"status":"ok","msg":"-","gid":"572105","time_insert":"2023-03-05 21:02"}
2024-09-06 00:37:04 查询号码 【1432939】，GSD为【"-"】
2024-09-06 00:37:04 ok && -
2024-09-06 00:37:06 CHB 1432939?1725554224 第 1 次 等待 3 秒
2024-09-06 00:37:09 CHB 1432939?1725554224 第 1 次 获取到号码【1432939】GSD
2024-09-06 00:37:09 未获取到号码【1432939】GSD，可能号码格式错误
2024-09-06 00:37:09 获取到号码【1432939】的GSD为【-】
2024-09-06 00:37:17 GSD insert 第 1 次 等待 3 秒
2024-09-06 00:37:20 {"status":"bad","gid":"572105","msg":"添加失败！号码【1432939(-|-)】已存在！"}

