2024-04-09 00:10:47 开始第 2757 次操作

2024-04-09 00:10:47 开始操作号码 【1652658】
2024-04-09 00:10:52 GSD getOne 第 1 次 等待 3 秒
2024-04-09 00:10:55 查询号码 【1652658】，返回信息 {"status":"ok","msg":"辽宁-大连","gid":"247423","time_insert":"2021-07-11 10:56"}
2024-04-09 00:10:55 查询号码 【1652658】，GSD为【"辽宁-大连"】

2024-04-09 00:10:56 开始第 2758 次操作

2024-04-09 00:10:56 开始操作号码 【1652659】
2024-04-09 00:11:03 GSD getOne 第 1 次 等待 3 秒
2024-04-09 00:11:06 查询号码 【1652659】，返回信息 {"status":"ok","msg":"山东-菏泽","gid":"247428","time_insert":"2021-07-11 10:57"}
2024-04-09 00:11:06 查询号码 【1652659】，GSD为【"山东-菏泽"】

2024-04-09 00:11:07 开始第 2759 次操作

2024-04-09 00:11:07 开始操作号码 【1652660】
2024-04-09 00:11:14 GSD getOne 第 1 次 等待 3 秒
2024-04-09 00:11:17 查询号码 【1652660】，返回信息 {"status":"ok","msg":"海南-海口","gid":"247434","time_insert":"2021-07-11 10:57"}
2024-04-09 00:11:17 查询号码 【1652660】，GSD为【"海南-海口"】

2024-04-09 00:11:18 开始第 2760 次操作

2024-04-09 00:11:18 开始操作号码 【1652661】
2024-04-09 00:11:23 GSD getOne 第 1 次 等待 3 秒
2024-04-09 00:11:26 查询号码 【1652661】，返回信息 {"status":"ok","msg":"辽宁-葫芦岛","gid":"247439","time_insert":"2021-07-11 10:57"}
2024-04-09 00:11:27 查询号码 【1652661】，GSD为【"辽宁-葫芦岛"】

