2023-12-18 00:08:52 开始第 3893 次操作

2023-12-18 00:08:52 开始操作号码 【1873793】
2023-12-18 00:08:56 GSD getOne 第 1 次 等待 3 秒
2023-12-18 00:08:59 查询号码 【1873793】，返回信息 {"status":"ok","msg":"河南-洛阳","gid":"465725","time_insert":"2021-08-01 09:41"}
2023-12-18 00:08:59 查询号码 【1873793】，GSD为【"河南-洛阳"】

2023-12-18 00:09:00 开始第 3894 次操作

2023-12-18 00:09:00 开始操作号码 【1873794】
2023-12-18 00:09:05 GSD getOne 第 1 次 等待 3 秒
2023-12-18 00:09:08 查询号码 【1873794】，返回信息 {"status":"ok","msg":"河南-洛阳","gid":"56034","time_insert":"2020-09-22 19:50"}
2023-12-18 00:09:08 查询号码 【1873794】，GSD为【"河南-洛阳"】

2023-12-18 00:09:10 开始第 3895 次操作

2023-12-18 00:09:10 开始操作号码 【1873795】
2023-12-18 00:09:15 GSD getOne 第 1 次 等待 3 秒
2023-12-18 00:09:18 查询号码 【1873795】，返回信息 {"status":"ok","msg":"河南-洛阳","gid":"56035","time_insert":"2020-06-17 08:44"}
2023-12-18 00:09:18 查询号码 【1873795】，GSD为【"河南-洛阳"】

2023-12-18 00:09:19 开始第 3896 次操作

2023-12-18 00:09:19 开始操作号码 【1873796】
2023-12-18 00:09:23 GSD getOne 第 1 次 等待 3 秒
2023-12-18 00:09:26 查询号码 【1873796】，返回信息 {"status":"ok","msg":"河南-洛阳","gid":"465723","time_insert":"2021-08-01 09:41"}
2023-12-18 00:09:26 查询号码 【1873796】，GSD为【"河南-洛阳"】

2023-12-18 00:36:13 开始第 3897 次操作

2023-12-18 00:36:13 开始操作号码 【1873797】
2023-12-18 00:36:17 GSD getOne 第 1 次 等待 3 秒
2023-12-18 00:36:20 查询号码 【1873797】，返回信息 {"status":"ok","msg":"河南-洛阳","gid":"465468","time_insert":"2021-08-01 07:58"}
2023-12-18 00:36:20 查询号码 【1873797】，GSD为【"河南-洛阳"】

2023-12-18 00:36:21 开始第 3898 次操作

2023-12-18 00:36:21 开始操作号码 【1873798】
2023-12-18 00:36:25 GSD getOne 第 1 次 等待 3 秒
2023-12-18 00:36:28 查询号码 【1873798】，返回信息 {"status":"ok","msg":"河南-洛阳","gid":"465458","time_insert":"2021-08-01 07:57"}
2023-12-18 00:36:28 查询号码 【1873798】，GSD为【"河南-洛阳"】

2023-12-18 00:36:29 开始第 3899 次操作

2023-12-18 00:36:29 开始操作号码 【1873799】
2023-12-18 00:36:32 GSD getOne 第 1 次 等待 3 秒
2023-12-18 00:36:35 查询号码 【1873799】，返回信息 {"status":"ok","msg":"河南-洛阳","gid":"465449","time_insert":"2021-08-01 07:57"}
2023-12-18 00:36:36 查询号码 【1873799】，GSD为【"河南-洛阳"】

2023-12-18 00:36:37 开始第 3900 次操作

2023-12-18 00:36:37 开始操作号码 【1873800】
2023-12-18 00:36:42 GSD getOne 第 1 次 等待 3 秒
2023-12-18 00:36:45 查询号码 【1873800】，返回信息 {"status":"ok","msg":"河南-商丘","gid":"465439","time_insert":"2021-08-01 07:56"}
2023-12-18 00:36:45 查询号码 【1873800】，GSD为【"河南-商丘"】

2023-12-18 01:06:42 开始第 3901 次操作

2023-12-18 01:06:42 开始操作号码 【1873801】
2023-12-18 01:06:47 GSD getOne 第 1 次 等待 3 秒
2023-12-18 01:06:50 查询号码 【1873801】，返回信息 {"status":"ok","msg":"河南-商丘","gid":"465429","time_insert":"2021-08-01 07:56"}
2023-12-18 01:06:50 查询号码 【1873801】，GSD为【"河南-商丘"】

2023-12-18 01:06:51 开始第 3902 次操作

2023-12-18 01:06:51 开始操作号码 【1873802】
2023-12-18 01:06:55 GSD getOne 第 1 次 等待 3 秒
2023-12-18 01:06:58 查询号码 【1873802】，返回信息 {"status":"ok","msg":"河南-商丘","gid":"465418","time_insert":"2021-08-01 07:55"}
2023-12-18 01:06:58 查询号码 【1873802】，GSD为【"河南-商丘"】

2023-12-18 01:06:59 开始第 3903 次操作

2023-12-18 01:06:59 开始操作号码 【1873803】
2023-12-18 01:07:03 GSD getOne 第 1 次 等待 3 秒
2023-12-18 01:07:06 查询号码 【1873803】，返回信息 {"status":"ok","msg":"河南-商丘","gid":"465408","time_insert":"2021-08-01 07:54"}
2023-12-18 01:07:06 查询号码 【1873803】，GSD为【"河南-商丘"】

2023-12-18 01:07:07 开始第 3904 次操作

2023-12-18 01:07:07 开始操作号码 【1873804】
2023-12-18 01:07:12 GSD getOne 第 1 次 等待 3 秒
2023-12-18 01:07:15 查询号码 【1873804】，返回信息 {"status":"ok","msg":"河南-商丘","gid":"465396","time_insert":"2021-08-01 07:54"}
2023-12-18 01:07:15 查询号码 【1873804】，GSD为【"河南-商丘"】

