2024-04-20 00:09:50 开始第 4625 次操作

2024-04-20 00:09:50 开始操作号码 【1654526】
2024-04-20 00:09:55 GSD getOne 第 1 次 等待 3 秒
2024-04-20 00:09:58 查询号码 【1654526】，返回信息 {"status":"ok","msg":"-","gid":"271297","time_insert":"2021-07-14 04:40"}
2024-04-20 00:09:58 查询号码 【1654526】，GSD为【"-"】
2024-04-20 00:09:58 ok && -
2024-04-20 00:10:00 CHB 1654526?1713542998 第 1 次 等待 3 秒
2024-04-20 00:10:03 CHB 1654526?1713542998 第 1 次 获取到号码【1654526】GSD
2024-04-20 00:10:03 未获取到号码【1654526】GSD，可能号码格式错误
2024-04-20 00:10:03 获取到号码【1654526】的GSD为【-】
2024-04-20 00:10:08 GSD insert 第 1 次 等待 3 秒
2024-04-20 00:10:11 {"status":"bad","gid":"271297","msg":"添加失败！号码【1654526(-|-)】已存在！"}
2024-04-20 00:10:11 随机等待 84 秒，约 1 分钟
2024-04-20 00:10:11 下次操作: 2024-04-20 00:11:35

2024-04-20 00:11:35 开始第 4626 次操作

2024-04-20 00:11:35 开始操作号码 【1654527】
2024-04-20 00:11:41 GSD getOne 第 1 次 等待 3 秒
2024-04-20 00:11:44 查询号码 【1654527】，返回信息 {"status":"ok","msg":"-","gid":"271308","time_insert":"2021-07-14 04:40"}
2024-04-20 00:11:44 查询号码 【1654527】，GSD为【"-"】
2024-04-20 00:11:44 ok && -
2024-04-20 00:11:46 CHB 1654527?1713543104 第 1 次 等待 3 秒
2024-04-20 00:11:49 CHB 1654527?1713543104 第 1 次 获取到号码【1654527】GSD
2024-04-20 00:11:49 未获取到号码【1654527】GSD，可能号码格式错误
2024-04-20 00:11:49 获取到号码【1654527】的GSD为【-】
2024-04-20 00:11:55 GSD insert 第 1 次 等待 3 秒
2024-04-20 00:11:58 {"status":"bad","gid":"271308","msg":"添加失败！号码【1654527(-|-)】已存在！"}
2024-04-20 00:11:58 随机等待 72 秒，约 1 分钟
2024-04-20 00:11:58 下次操作: 2024-04-20 00:13:10

2024-04-20 00:13:10 开始第 4627 次操作

2024-04-20 00:13:10 开始操作号码 【1654528】
2024-04-20 00:13:16 GSD getOne 第 1 次 等待 3 秒
2024-04-20 00:13:19 查询号码 【1654528】，返回信息 {"status":"ok","msg":"-","gid":"271315","time_insert":"2021-07-14 04:40"}
2024-04-20 00:13:19 查询号码 【1654528】，GSD为【"-"】
2024-04-20 00:13:19 ok && -
2024-04-20 00:13:21 CHB 1654528?1713543199 第 1 次 等待 3 秒
2024-04-20 00:13:24 CHB 1654528?1713543199 第 1 次 获取到号码【1654528】GSD
2024-04-20 00:13:24 未获取到号码【1654528】GSD，可能号码格式错误
2024-04-20 00:13:24 获取到号码【1654528】的GSD为【-】
2024-04-20 00:13:30 GSD insert 第 1 次 等待 3 秒
2024-04-20 00:13:33 {"status":"bad","gid":"271315","msg":"添加失败！号码【1654528(-|-)】已存在！"}
2024-04-20 00:13:33 随机等待 133 秒，约 2 分钟
2024-04-20 00:13:33 下次操作: 2024-04-20 00:15:46

2024-04-20 00:15:46 开始第 4628 次操作

2024-04-20 00:15:46 开始操作号码 【1654529】
2024-04-20 00:15:51 GSD getOne 第 1 次 等待 3 秒
2024-04-20 00:15:54 查询号码 【1654529】，返回信息 {"status":"ok","msg":"-","gid":"271322","time_insert":"2021-07-14 04:41"}
2024-04-20 00:15:54 查询号码 【1654529】，GSD为【"-"】
2024-04-20 00:15:54 ok && -
2024-04-20 00:15:56 CHB 1654529?1713543354 第 1 次 等待 3 秒
2024-04-20 00:15:59 CHB 1654529?1713543354 第 1 次 获取到号码【1654529】GSD
2024-04-20 00:15:59 未获取到号码【1654529】GSD，可能号码格式错误
2024-04-20 00:15:59 获取到号码【1654529】的GSD为【-】
2024-04-20 00:16:07 GSD insert 第 1 次 等待 3 秒
2024-04-20 00:16:10 {"status":"bad","gid":"271322","msg":"添加失败！号码【1654529(-|-)】已存在！"}

