2024-03-27 00:09:48 开始第 365 次操作

2024-03-27 00:09:48 开始操作号码 【1650266】
2024-03-27 00:09:54 GSD getOne 第 1 次 等待 3 秒
2024-03-27 00:09:57 查询号码 【1650266】，返回信息 {"status":"ok","msg":"陕西-榆林","gid":"218065","time_insert":"2021-07-08 00:07"}
2024-03-27 00:09:57 查询号码 【1650266】，GSD为【"陕西-榆林"】

2024-03-27 00:09:58 开始第 366 次操作

2024-03-27 00:09:58 开始操作号码 【1650267】
2024-03-27 00:10:02 GSD getOne 第 1 次 等待 3 秒
2024-03-27 00:10:05 查询号码 【1650267】，返回信息 {"status":"ok","msg":"吉林-白山","gid":"218072","time_insert":"2021-07-08 00:07"}
2024-03-27 00:10:05 查询号码 【1650267】，GSD为【"吉林-白山"】

2024-03-27 00:10:06 开始第 367 次操作

2024-03-27 00:10:06 开始操作号码 【1650268】
2024-03-27 00:10:13 GSD getOne 第 1 次 等待 3 秒
2024-03-27 00:10:16 查询号码 【1650268】，返回信息 {"status":"ok","msg":"吉林-白城","gid":"218080","time_insert":"2021-07-08 00:08"}
2024-03-27 00:10:16 查询号码 【1650268】，GSD为【"吉林-白城"】

2024-03-27 00:10:17 开始第 368 次操作

2024-03-27 00:10:17 开始操作号码 【1650269】
2024-03-27 00:10:22 GSD getOne 第 1 次 等待 3 秒
2024-03-27 00:10:25 查询号码 【1650269】，返回信息 {"status":"ok","msg":"吉林-松原","gid":"218082","time_insert":"2021-07-08 00:08"}
2024-03-27 00:10:25 查询号码 【1650269】，GSD为【"吉林-松原"】

2024-03-27 00:35:07 开始第 369 次操作

2024-03-27 00:35:07 开始操作号码 【1650270】
2024-03-27 00:35:13 GSD getOne 第 1 次 等待 3 秒
2024-03-27 00:35:16 查询号码 【1650270】，返回信息 {"status":"ok","msg":"内蒙古-海拉尔","gid":"218089","time_insert":"2021-07-08 00:09"}
2024-03-27 00:35:16 查询号码 【1650270】，GSD为【"内蒙古-海拉尔"】

2024-03-27 00:35:17 开始第 370 次操作

2024-03-27 00:35:17 开始操作号码 【1650271】
2024-03-27 00:35:22 GSD getOne 第 1 次 等待 3 秒
2024-03-27 00:35:25 查询号码 【1650271】，返回信息 {"status":"ok","msg":"内蒙古-通辽","gid":"218094","time_insert":"2021-07-08 00:09"}
2024-03-27 00:35:25 查询号码 【1650271】，GSD为【"内蒙古-通辽"】

2024-03-27 00:35:26 开始第 371 次操作

2024-03-27 00:35:26 开始操作号码 【1650272】
2024-03-27 00:35:31 GSD getOne 第 1 次 等待 3 秒
2024-03-27 00:35:34 查询号码 【1650272】，返回信息 {"status":"ok","msg":"内蒙古-赤峰","gid":"218336","time_insert":"2021-07-08 01:10"}
2024-03-27 00:35:34 查询号码 【1650272】，GSD为【"内蒙古-赤峰"】

2024-03-27 00:35:35 开始第 372 次操作

2024-03-27 00:35:35 开始操作号码 【1650273】
2024-03-27 00:35:36 GSD getOne 第 1 次 等待 3 秒
2024-03-27 00:35:44 GSD getOne 第 2 次 等待 3 秒
2024-03-27 00:35:47 查询号码 【1650273】，返回信息 {"status":"ok","msg":"内蒙古-锡林浩特","gid":"218341","time_insert":"2021-07-08 01:11"}
2024-03-27 00:35:48 查询号码 【1650273】，GSD为【"内蒙古-锡林浩特"】

2024-03-27 01:06:41 开始第 373 次操作

2024-03-27 01:06:41 开始操作号码 【1650274】
2024-03-27 01:06:50 GSD getOne 第 1 次 等待 3 秒
2024-03-27 01:06:53 查询号码 【1650274】，返回信息 {"status":"ok","msg":"黑龙江-鸡西","gid":"218344","time_insert":"2021-07-08 01:11"}
2024-03-27 01:06:53 查询号码 【1650274】，GSD为【"黑龙江-鸡西"】

2024-03-27 01:06:54 开始第 374 次操作

2024-03-27 01:06:54 开始操作号码 【1650275】
2024-03-27 01:07:00 GSD getOne 第 1 次 等待 3 秒
2024-03-27 01:07:03 查询号码 【1650275】，返回信息 {"status":"ok","msg":"黑龙江-鹤岗","gid":"218349","time_insert":"2021-07-08 01:11"}
2024-03-27 01:07:03 查询号码 【1650275】，GSD为【"黑龙江-鹤岗"】

2024-03-27 01:07:04 开始第 375 次操作

2024-03-27 01:07:04 开始操作号码 【1650276】
2024-03-27 01:07:11 GSD getOne 第 1 次 等待 3 秒
2024-03-27 01:07:14 查询号码 【1650276】，返回信息 {"status":"ok","msg":"黑龙江-绥化","gid":"218353","time_insert":"2021-07-08 01:12"}
2024-03-27 01:07:14 查询号码 【1650276】，GSD为【"黑龙江-绥化"】

2024-03-27 01:07:15 开始第 376 次操作

2024-03-27 01:07:15 开始操作号码 【1650277】
2024-03-27 01:07:20 GSD getOne 第 1 次 等待 3 秒
2024-03-27 01:07:23 查询号码 【1650277】，返回信息 {"status":"ok","msg":"山东-临沂","gid":"218358","time_insert":"2021-07-08 01:12"}
2024-03-27 01:07:23 查询号码 【1650277】，GSD为【"山东-临沂"】

