2024-01-11 00:10:10 开始第 8301 次操作

2024-01-11 00:10:10 开始操作号码 【1878201】
2024-01-11 00:10:14 GSD getOne 第 1 次 等待 3 秒
2024-01-11 00:10:17 查询号码 【1878201】，返回信息 {"status":"ok","msg":"四川-成都","gid":"42937","time_insert":"2017-10-22 14:57","time_update":"2020-11-12 23:08"}
2024-01-11 00:10:17 查询号码 【1878201】，GSD为【"四川-成都"】

2024-01-11 00:10:18 开始第 8302 次操作

2024-01-11 00:10:18 开始操作号码 【1878202】
2024-01-11 00:10:21 GSD getOne 第 1 次 等待 3 秒
2024-01-11 00:10:24 查询号码 【1878202】，返回信息 {"status":"ok","msg":"四川-成都","gid":"42938","time_insert":"2017-09-09 15:23","time_update":"2020-11-12 23:13"}
2024-01-11 00:10:24 查询号码 【1878202】，GSD为【"四川-成都"】

2024-01-11 00:10:25 开始第 8303 次操作

2024-01-11 00:10:25 开始操作号码 【1878203】
2024-01-11 00:10:28 GSD getOne 第 1 次 等待 3 秒
2024-01-11 00:10:31 查询号码 【1878203】，返回信息 {"status":"ok","msg":"四川-成都","gid":"42939","time_insert":"2015-10-05 11:50","time_update":"2020-11-12 23:16"}
2024-01-11 00:10:31 查询号码 【1878203】，GSD为【"四川-成都"】

2024-01-11 00:10:33 开始第 8304 次操作

2024-01-11 00:10:33 开始操作号码 【1878204】
2024-01-11 00:10:37 GSD getOne 第 1 次 等待 3 秒
2024-01-11 00:10:40 查询号码 【1878204】，返回信息 {"status":"ok","msg":"四川-成都","gid":"42940","time_insert":"2018-05-25 09:20","time_update":"2020-11-12 23:21"}
2024-01-11 00:10:40 查询号码 【1878204】，GSD为【"四川-成都"】

