2023-12-08 00:10:19 开始第 2053 次操作

2023-12-08 00:10:19 开始操作号码 【1871953】
2023-12-08 00:10:23 GSD getOne 第 1 次 等待 3 秒
2023-12-08 00:10:26 查询号码 【1871953】，返回信息 {"status":"ok","msg":"甘肃-甘南","gid":"483127","time_insert":"2021-08-02 21:07"}
2023-12-08 00:10:26 查询号码 【1871953】，GSD为【"甘肃-甘南"】

2023-12-08 00:10:27 开始第 2054 次操作

2023-12-08 00:10:27 开始操作号码 【1871954】
2023-12-08 00:10:31 GSD getOne 第 1 次 等待 3 秒
2023-12-08 00:10:34 查询号码 【1871954】，返回信息 {"status":"ok","msg":"甘肃-甘南","gid":"41918","time_insert":"2018-12-07 13:23","time_update":"2020-12-14 00:17"}
2023-12-08 00:10:34 查询号码 【1871954】，GSD为【"甘肃-甘南"】

2023-12-08 00:10:35 开始第 2055 次操作

2023-12-08 00:10:35 开始操作号码 【1871955】
2023-12-08 00:10:40 GSD getOne 第 1 次 等待 3 秒
2023-12-08 00:10:43 查询号码 【1871955】，返回信息 {"status":"ok","msg":"甘肃-陇南","gid":"41919","time_insert":"2018-07-15 15:52","time_update":"2020-12-14 00:13"}
2023-12-08 00:10:43 查询号码 【1871955】，GSD为【"甘肃-陇南"】

2023-12-08 00:10:44 开始第 2056 次操作

2023-12-08 00:10:44 开始操作号码 【1871956】
2023-12-08 00:10:48 GSD getOne 第 1 次 等待 3 秒
2023-12-08 00:10:51 查询号码 【1871956】，返回信息 {"status":"ok","msg":"甘肃-陇南","gid":"41920","time_insert":"2018-06-18 22:13","time_update":"2020-12-14 00:10"}
2023-12-08 00:10:51 查询号码 【1871956】，GSD为【"甘肃-陇南"】

