2023-12-26 00:09:18 开始第 5361 次操作

2023-12-26 00:09:18 开始操作号码 【1875261】
2023-12-26 00:09:23 GSD getOne 第 1 次 等待 3 秒
2023-12-26 00:09:26 查询号码 【1875261】，返回信息 {"status":"ok","msg":"江苏-泰州","gid":"449685","time_insert":"2021-07-30 23:43"}
2023-12-26 00:09:26 查询号码 【1875261】，GSD为【"江苏-泰州"】

2023-12-26 00:09:27 开始第 5362 次操作

2023-12-26 00:09:27 开始操作号码 【1875262】
2023-12-26 00:09:37 GSD getOne 第 1 次 等待 3 秒
2023-12-26 00:09:40 查询号码 【1875262】，返回信息 {"status":"ok","msg":"江苏-泰州","gid":"449682","time_insert":"2021-07-30 23:42"}
2023-12-26 00:09:40 查询号码 【1875262】，GSD为【"江苏-泰州"】

2023-12-26 00:09:41 开始第 5363 次操作

2023-12-26 00:09:41 开始操作号码 【1875263】
2023-12-26 00:09:47 GSD getOne 第 1 次 等待 3 秒
2023-12-26 00:09:50 查询号码 【1875263】，返回信息 {"status":"ok","msg":"江苏-泰州","gid":"449680","time_insert":"2021-07-30 23:42"}
2023-12-26 00:09:50 查询号码 【1875263】，GSD为【"江苏-泰州"】

2023-12-26 00:09:51 开始第 5364 次操作

2023-12-26 00:09:51 开始操作号码 【1875264】
2023-12-26 00:09:54 GSD getOne 第 1 次 等待 3 秒
2023-12-26 00:09:57 查询号码 【1875264】，返回信息 {"status":"ok","msg":"江苏-泰州","gid":"449679","time_insert":"2021-07-30 23:41"}
2023-12-26 00:09:57 查询号码 【1875264】，GSD为【"江苏-泰州"】

