2024-04-28 00:08:20 开始第 6097 次操作

2024-04-28 00:08:20 开始操作号码 【1655998】
2024-04-28 00:08:29 GSD getOne 第 1 次 等待 3 秒
2024-04-28 00:08:32 查询号码 【1655998】，返回信息 {"status":"ok","msg":"海南-海口","gid":"288661","time_insert":"2021-07-16 01:06"}
2024-04-28 00:08:32 查询号码 【1655998】，GSD为【"海南-海口"】

2024-04-28 00:08:33 开始第 6098 次操作

2024-04-28 00:08:33 开始操作号码 【1655999】
2024-04-28 00:08:40 GSD getOne 第 1 次 等待 3 秒
2024-04-28 00:08:43 查询号码 【1655999】，返回信息 {"status":"ok","msg":"-","gid":"288666","time_insert":"2021-07-16 01:07"}
2024-04-28 00:08:43 查询号码 【1655999】，GSD为【"-"】
2024-04-28 00:08:43 ok && -
2024-04-28 00:08:45 CHB 1655999?1714234123 第 1 次 等待 3 秒
2024-04-28 00:08:48 CHB 1655999?1714234123 第 1 次 获取到号码【1655999】GSD
2024-04-28 00:08:48 未获取到号码【1655999】GSD，可能号码格式错误
2024-04-28 00:08:48 获取到号码【1655999】的GSD为【-】
2024-04-28 00:08:54 GSD insert 第 1 次 等待 3 秒
2024-04-28 00:08:57 {"status":"bad","gid":"288666","msg":"添加失败！号码【1655999(-|-)】已存在！"}
2024-04-28 00:08:57 随机等待 207 秒，约 3 分钟
2024-04-28 00:08:57 下次操作: 2024-04-28 00:12:24

2024-04-28 00:12:24 开始第 6099 次操作

2024-04-28 00:12:24 开始操作号码 【1656000】
2024-04-28 00:12:32 GSD getOne 第 1 次 等待 3 秒
2024-04-28 00:12:35 查询号码 【1656000】，返回信息 {"status":"ok","msg":"吉林-长春","gid":"288674","time_insert":"2021-07-16 01:08"}
2024-04-28 00:12:35 查询号码 【1656000】，GSD为【"吉林-长春"】

2024-04-28 00:12:36 开始第 6100 次操作

2024-04-28 00:12:36 开始操作号码 【1656001】
2024-04-28 00:12:41 GSD getOne 第 1 次 等待 3 秒
2024-04-28 00:12:44 查询号码 【1656001】，返回信息 {"status":"ok","msg":"山东-德州","gid":"288683","time_insert":"2021-07-16 01:08"}
2024-04-28 00:12:44 查询号码 【1656001】，GSD为【"山东-德州"】

