2024-03-10 00:08:09 开始第 8205 次操作

2024-03-10 00:08:09 开始操作号码 【1768105】
2024-03-10 00:08:14 GSD getOne 第 1 次 等待 3 秒
2024-03-10 00:08:17 查询号码 【1768105】，返回信息 {"status":"ok","msg":"安徽-阜阳","gid":"157605","time_insert":"2021-06-30 02:59"}
2024-03-10 00:08:17 查询号码 【1768105】，GSD为【"安徽-阜阳"】

2024-03-10 00:08:18 开始第 8206 次操作

2024-03-10 00:08:18 开始操作号码 【1768106】
2024-03-10 00:08:23 GSD getOne 第 1 次 等待 3 秒
2024-03-10 00:08:26 查询号码 【1768106】，返回信息 {"status":"ok","msg":"安徽-阜阳","gid":"157599","time_insert":"2021-06-30 02:58"}
2024-03-10 00:08:26 查询号码 【1768106】，GSD为【"安徽-阜阳"】

2024-03-10 00:08:27 开始第 8207 次操作

2024-03-10 00:08:27 开始操作号码 【1768107】
2024-03-10 00:08:33 GSD getOne 第 1 次 等待 3 秒
2024-03-10 00:08:36 查询号码 【1768107】，返回信息 {"status":"ok","msg":"安徽-阜阳","gid":"157594","time_insert":"2021-06-30 02:57"}
2024-03-10 00:08:36 查询号码 【1768107】，GSD为【"安徽-阜阳"】

2024-03-10 00:08:37 开始第 8208 次操作

2024-03-10 00:08:37 开始操作号码 【1768108】
2024-03-10 00:08:43 GSD getOne 第 1 次 等待 3 秒
2024-03-10 00:08:46 查询号码 【1768108】，返回信息 {"status":"ok","msg":"安徽-阜阳","gid":"157532","time_insert":"2021-06-30 02:14"}
2024-03-10 00:08:46 查询号码 【1768108】，GSD为【"安徽-阜阳"】

