2024-05-18 00:09:33 开始第 9781 次操作

2024-05-18 00:09:33 开始操作号码 【1659675】
2024-05-18 00:09:49 GSD getOne 第 1 次 等待 3 秒
2024-05-18 00:09:52 查询号码 【1659675】，返回信息 {"status":"ok","msg":"-","gid":"332635","time_insert":"2021-07-20 03:24"}
2024-05-18 00:09:52 查询号码 【1659675】，GSD为【"-"】
2024-05-18 00:09:52 ok && -
2024-05-18 00:09:54 CHB 1659675?1715962192 第 1 次 等待 3 秒
2024-05-18 00:09:57 CHB 1659675?1715962192 第 1 次 获取到号码【1659675】GSD
2024-05-18 00:09:57 未获取到号码【1659675】GSD，可能号码格式错误
2024-05-18 00:09:57 获取到号码【1659675】的GSD为【-】
2024-05-18 00:10:07 GSD insert 第 1 次 等待 3 秒
2024-05-18 00:10:10 {"status":"bad","gid":"332635","msg":"添加失败！号码【1659675(-|-)】已存在！"}
2024-05-18 00:10:10 随机等待 84 秒，约 1 分钟
2024-05-18 00:10:10 下次操作: 2024-05-18 00:11:34

2024-05-18 00:11:34 开始第 9782 次操作

2024-05-18 00:11:34 开始操作号码 【1659676】
2024-05-18 00:11:43 GSD getOne 第 1 次 等待 3 秒
2024-05-18 00:11:46 查询号码 【1659676】，返回信息 {"status":"ok","msg":"-","gid":"332637","time_insert":"2021-07-20 03:25"}
2024-05-18 00:11:46 查询号码 【1659676】，GSD为【"-"】
2024-05-18 00:11:46 ok && -
2024-05-18 00:11:48 CHB 1659676?1715962306 第 1 次 等待 3 秒
2024-05-18 00:11:51 CHB 1659676?1715962306 第 1 次 获取到号码【1659676】GSD
2024-05-18 00:11:51 未获取到号码【1659676】GSD，可能号码格式错误
2024-05-18 00:11:51 获取到号码【1659676】的GSD为【-】
2024-05-18 00:11:58 GSD insert 第 1 次 等待 3 秒
2024-05-18 00:12:01 {"status":"bad","gid":"332637","msg":"添加失败！号码【1659676(-|-)】已存在！"}
2024-05-18 00:12:01 随机等待 116 秒，约 1 分钟
2024-05-18 00:12:01 下次操作: 2024-05-18 00:13:57

2024-05-18 00:13:57 开始第 9783 次操作

2024-05-18 00:13:57 开始操作号码 【1659677】
2024-05-18 00:14:04 GSD getOne 第 1 次 等待 3 秒
2024-05-18 00:14:07 查询号码 【1659677】，返回信息 {"status":"ok","msg":"-","gid":"332638","time_insert":"2021-07-20 03:26"}
2024-05-18 00:14:07 查询号码 【1659677】，GSD为【"-"】
2024-05-18 00:14:07 ok && -
2024-05-18 00:14:09 CHB 1659677?1715962447 第 1 次 等待 3 秒
2024-05-18 00:14:12 CHB 1659677?1715962447 第 1 次 获取到号码【1659677】GSD
2024-05-18 00:14:12 未获取到号码【1659677】GSD，可能号码格式错误
2024-05-18 00:14:12 获取到号码【1659677】的GSD为【-】
2024-05-18 00:14:23 GSD insert 第 1 次 等待 3 秒
2024-05-18 00:14:26 {"status":"bad","gid":"332638","msg":"添加失败！号码【1659677(-|-)】已存在！"}
2024-05-18 00:14:26 随机等待 91 秒，约 1 分钟
2024-05-18 00:14:26 下次操作: 2024-05-18 00:15:57

2024-05-18 00:15:57 开始第 9784 次操作

2024-05-18 00:15:57 开始操作号码 【1659678】
2024-05-18 00:16:04 GSD getOne 第 1 次 等待 3 秒
2024-05-18 00:16:07 查询号码 【1659678】，返回信息 {"status":"ok","msg":"-","gid":"332686","time_insert":"2021-07-20 03:37"}
2024-05-18 00:16:07 查询号码 【1659678】，GSD为【"-"】
2024-05-18 00:16:07 ok && -
2024-05-18 00:16:09 CHB 1659678?1715962567 第 1 次 等待 3 秒
2024-05-18 00:16:12 CHB 1659678?1715962567 第 1 次 获取到号码【1659678】GSD
2024-05-18 00:16:12 未获取到号码【1659678】GSD，可能号码格式错误
2024-05-18 00:16:12 获取到号码【1659678】的GSD为【-】
2024-05-18 00:16:17 GSD insert 第 1 次 等待 3 秒
2024-05-18 00:16:20 {"status":"bad","gid":"332686","msg":"添加失败！号码【1659678(-|-)】已存在！"}

2024-05-18 00:36:42 开始第 9785 次操作

2024-05-18 00:36:42 开始操作号码 【1659679】
2024-05-18 00:36:54 GSD getOne 第 1 次 等待 3 秒
2024-05-18 00:36:57 查询号码 【1659679】，返回信息 {"status":"ok","msg":"-","gid":"332694","time_insert":"2021-07-20 03:38"}
2024-05-18 00:36:57 查询号码 【1659679】，GSD为【"-"】
2024-05-18 00:36:57 ok && -
2024-05-18 00:36:59 CHB 1659679?1715963817 第 1 次 等待 3 秒
2024-05-18 00:37:02 CHB 1659679?1715963817 第 1 次 获取到号码【1659679】GSD
2024-05-18 00:37:02 未获取到号码【1659679】GSD，可能号码格式错误
2024-05-18 00:37:02 获取到号码【1659679】的GSD为【-】
2024-05-18 00:37:12 GSD insert 第 1 次 等待 3 秒
2024-05-18 00:37:15 {"status":"bad","gid":"332694","msg":"添加失败！号码【1659679(-|-)】已存在！"}
2024-05-18 00:37:15 随机等待 184 秒，约 3 分钟
2024-05-18 00:37:15 下次操作: 2024-05-18 00:40:19

2024-05-18 00:40:19 开始第 9786 次操作

2024-05-18 00:40:19 开始操作号码 【1659680】
2024-05-18 00:40:24 GSD getOne 第 1 次 等待 3 秒
2024-05-18 00:40:27 查询号码 【1659680】，返回信息 {"status":"ok","msg":"-","gid":"332702","time_insert":"2021-07-20 03:38"}
2024-05-18 00:40:27 查询号码 【1659680】，GSD为【"-"】
2024-05-18 00:40:27 ok && -
2024-05-18 00:40:30 CHB 1659680?1715964027 第 1 次 等待 3 秒
2024-05-18 00:40:33 CHB 1659680?1715964027 第 1 次 获取到号码【1659680】GSD
2024-05-18 00:40:33 未获取到号码【1659680】GSD，可能号码格式错误
2024-05-18 00:40:33 获取到号码【1659680】的GSD为【-】
2024-05-18 00:40:48 GSD insert 第 1 次 等待 3 秒
2024-05-18 00:40:51 {"status":"bad","gid":"332702","msg":"添加失败！号码【1659680(-|-)】已存在！"}
2024-05-18 00:40:51 随机等待 103 秒，约 1 分钟
2024-05-18 00:40:51 下次操作: 2024-05-18 00:42:34

2024-05-18 00:42:34 开始第 9787 次操作

2024-05-18 00:42:34 开始操作号码 【1659681】
2024-05-18 00:42:50 GSD getOne 第 1 次 等待 3 秒
2024-05-18 00:42:53 查询号码 【1659681】，返回信息 {"status":"ok","msg":"-","gid":"332711","time_insert":"2021-07-20 03:39"}
2024-05-18 00:42:53 查询号码 【1659681】，GSD为【"-"】
2024-05-18 00:42:53 ok && -
2024-05-18 00:42:55 CHB 1659681?1715964173 第 1 次 等待 3 秒
2024-05-18 00:42:58 CHB 1659681?1715964173 第 1 次 获取到号码【1659681】GSD
2024-05-18 00:42:58 未获取到号码【1659681】GSD，可能号码格式错误
2024-05-18 00:42:58 获取到号码【1659681】的GSD为【-】
2024-05-18 00:43:03 GSD insert 第 1 次 等待 3 秒
2024-05-18 00:43:06 {"status":"bad","gid":"332711","msg":"添加失败！号码【1659681(-|-)】已存在！"}
2024-05-18 00:43:06 随机等待 160 秒，约 2 分钟
2024-05-18 00:43:06 下次操作: 2024-05-18 00:45:46

2024-05-18 00:45:46 开始第 9788 次操作

2024-05-18 00:45:46 开始操作号码 【1659682】
2024-05-18 00:45:52 GSD getOne 第 1 次 等待 3 秒
2024-05-18 00:45:55 查询号码 【1659682】，返回信息 {"status":"ok","msg":"-","gid":"332724","time_insert":"2021-07-20 03:40"}
2024-05-18 00:45:55 查询号码 【1659682】，GSD为【"-"】
2024-05-18 00:45:55 ok && -
2024-05-18 00:45:57 CHB 1659682?1715964355 第 1 次 等待 3 秒
2024-05-18 00:46:00 CHB 1659682?1715964355 第 1 次 获取到号码【1659682】GSD
2024-05-18 00:46:01 未获取到号码【1659682】GSD，可能号码格式错误
2024-05-18 00:46:01 获取到号码【1659682】的GSD为【-】
2024-05-18 00:46:07 GSD insert 第 1 次 等待 3 秒
2024-05-18 00:46:10 {"status":"bad","gid":"332724","msg":"添加失败！号码【1659682(-|-)】已存在！"}

