2024-06-15 00:09:45 开始第 757 次操作

2024-06-15 00:09:45 开始操作号码 【1540650】
2024-06-15 00:09:50 GSD getOne 第 1 次 等待 3 秒
2024-06-15 00:09:53 查询号码 【1540650】，返回信息 {"status":"ok","msg":"-","gid":"527589","time_insert":"2023-02-12 15:28"}
2024-06-15 00:09:53 查询号码 【1540650】，GSD为【"-"】
2024-06-15 00:09:53 ok && -
2024-06-15 00:09:56 CHB 1540650?1718381393 第 1 次 等待 3 秒
2024-06-15 00:09:59 CHB 1540650?1718381393 第 1 次 获取到号码【1540650】GSD
2024-06-15 00:09:59 未获取到号码【1540650】GSD，可能号码格式错误
2024-06-15 00:09:59 获取到号码【1540650】的GSD为【-】
2024-06-15 00:10:06 GSD insert 第 1 次 等待 3 秒
2024-06-15 00:10:09 {"status":"bad","gid":"527589","msg":"添加失败！号码【1540650(-|-)】已存在！"}
2024-06-15 00:10:09 随机等待 211 秒，约 3 分钟
2024-06-15 00:10:09 下次操作: 2024-06-15 00:13:40

2024-06-15 00:13:40 开始第 758 次操作

2024-06-15 00:13:40 开始操作号码 【1540651】
2024-06-15 00:13:46 GSD getOne 第 1 次 等待 3 秒
2024-06-15 00:13:49 查询号码 【1540651】，返回信息 {"status":"ok","msg":"-","gid":"527601","time_insert":"2023-02-12 15:40"}
2024-06-15 00:13:49 查询号码 【1540651】，GSD为【"-"】
2024-06-15 00:13:49 ok && -
2024-06-15 00:13:50 CHB 1540651?1718381629 第 1 次 等待 3 秒
2024-06-15 00:13:53 CHB 1540651?1718381629 第 1 次 获取到号码【1540651】GSD
2024-06-15 00:13:53 未获取到号码【1540651】GSD，可能号码格式错误
2024-06-15 00:13:53 获取到号码【1540651】的GSD为【-】
2024-06-15 00:14:02 GSD insert 第 1 次 等待 3 秒
2024-06-15 00:14:05 {"status":"bad","gid":"527601","msg":"添加失败！号码【1540651(-|-)】已存在！"}
2024-06-15 00:14:05 随机等待 172 秒，约 2 分钟
2024-06-15 00:14:05 下次操作: 2024-06-15 00:16:57

2024-06-15 00:16:57 开始第 759 次操作

2024-06-15 00:16:57 开始操作号码 【1540652】
2024-06-15 00:17:05 GSD getOne 第 1 次 等待 3 秒
2024-06-15 00:17:08 查询号码 【1540652】，返回信息 {"status":"ok","msg":"-","gid":"527612","time_insert":"2023-02-12 15:50"}
2024-06-15 00:17:08 查询号码 【1540652】，GSD为【"-"】
2024-06-15 00:17:08 ok && -
2024-06-15 00:17:10 CHB 1540652?1718381828 第 1 次 等待 3 秒
2024-06-15 00:17:13 CHB 1540652?1718381828 第 1 次 获取到号码【1540652】GSD
2024-06-15 00:17:13 未获取到号码【1540652】GSD，可能号码格式错误
2024-06-15 00:17:13 获取到号码【1540652】的GSD为【-】
2024-06-15 00:17:22 GSD insert 第 1 次 等待 3 秒
2024-06-15 00:17:25 {"status":"bad","gid":"527612","msg":"添加失败！号码【1540652(-|-)】已存在！"}
2024-06-15 00:17:25 随机等待 171 秒，约 2 分钟
2024-06-15 00:17:25 下次操作: 2024-06-15 00:20:16

2024-06-15 00:20:16 开始第 760 次操作

2024-06-15 00:20:16 开始操作号码 【1540653】
2024-06-15 00:20:21 GSD getOne 第 1 次 等待 3 秒
2024-06-15 00:20:24 查询号码 【1540653】，返回信息 {"status":"ok","msg":"-","gid":"527622","time_insert":"2023-02-12 16:00"}
2024-06-15 00:20:24 查询号码 【1540653】，GSD为【"-"】
2024-06-15 00:20:24 ok && -
2024-06-15 00:20:26 CHB 1540653?1718382024 第 1 次 等待 3 秒
2024-06-15 00:20:29 CHB 1540653?1718382024 第 1 次 获取到号码【1540653】GSD
2024-06-15 00:20:29 未获取到号码【1540653】GSD，可能号码格式错误
2024-06-15 00:20:29 获取到号码【1540653】的GSD为【-】
2024-06-15 00:20:34 GSD insert 第 1 次 等待 3 秒
2024-06-15 00:20:37 {"status":"bad","gid":"527622","msg":"添加失败！号码【1540653(-|-)】已存在！"}

