2024-03-31 00:09:50 开始第 1101 次操作

2024-03-31 00:09:50 开始操作号码 【1651002】
2024-03-31 00:09:58 GSD getOne 第 1 次 等待 3 秒
2024-03-31 00:10:01 查询号码 【1651002】，返回信息 {"status":"ok","msg":"北京-北京","gid":"226994","time_insert":"2021-07-09 01:48"}
2024-03-31 00:10:02 查询号码 【1651002】，GSD为【"北京-北京"】

2024-03-31 00:10:03 开始第 1102 次操作

2024-03-31 00:10:03 开始操作号码 【1651003】
2024-03-31 00:10:09 GSD getOne 第 1 次 等待 3 秒
2024-03-31 00:10:12 查询号码 【1651003】，返回信息 {"status":"ok","msg":"山东-滨州","gid":"227001","time_insert":"2021-07-09 01:49"}
2024-03-31 00:10:12 查询号码 【1651003】，GSD为【"山东-滨州"】

2024-03-31 00:10:13 开始第 1103 次操作

2024-03-31 00:10:13 开始操作号码 【1651004】
2024-03-31 00:10:20 GSD getOne 第 1 次 等待 3 秒
2024-03-31 00:10:23 查询号码 【1651004】，返回信息 {"status":"ok","msg":"吉林-延吉","gid":"227012","time_insert":"2021-07-09 01:49"}
2024-03-31 00:10:23 查询号码 【1651004】，GSD为【"吉林-延吉"】

2024-03-31 00:10:24 开始第 1104 次操作

2024-03-31 00:10:24 开始操作号码 【1651005】
2024-03-31 00:10:29 GSD getOne 第 1 次 等待 3 秒
2024-03-31 00:10:32 查询号码 【1651005】，返回信息 {"status":"ok","msg":"北京-北京","gid":"227021","time_insert":"2021-07-09 01:50"}
2024-03-31 00:10:32 查询号码 【1651005】，GSD为【"北京-北京"】

