2024-09-16 00:44:34 开始第 4537 次操作

2024-09-16 00:44:34 开始操作号码 【1434534】
2024-09-16 00:44:45 GSD getOne 第 1 次 等待 3 秒
2024-09-16 00:44:48 查询号码 【1434534】，返回信息 {"status":"ok","msg":"-","gid":"608581","time_insert":"2023-03-23 04:16"}
2024-09-16 00:44:48 查询号码 【1434534】，GSD为【"-"】
2024-09-16 00:44:48 ok && -
2024-09-16 00:44:50 CHB 1434534?1726418688 第 1 次 等待 3 秒
2024-09-16 00:44:53 CHB 1434534?1726418688 第 1 次 获取到号码【1434534】GSD
2024-09-16 00:44:53 未获取到号码【1434534】GSD，可能号码格式错误
2024-09-16 00:44:53 获取到号码【1434534】的GSD为【-】
2024-09-16 00:45:00 GSD insert 第 1 次 等待 3 秒
2024-09-16 00:45:03 {"status":"bad","gid":"608581","msg":"添加失败！号码【1434534(-|-)】已存在！"}
2024-09-16 00:45:03 随机等待 191 秒，约 3 分钟
2024-09-16 00:45:03 下次操作: 2024-09-16 00:48:14

2024-09-16 00:48:14 开始第 4538 次操作

2024-09-16 00:48:14 开始操作号码 【1434535】
2024-09-16 00:48:22 GSD getOne 第 1 次 等待 3 秒
2024-09-16 00:48:25 查询号码 【1434535】，返回信息 {"status":"ok","msg":"-","gid":"608607","time_insert":"2023-03-23 04:32"}
2024-09-16 00:48:25 查询号码 【1434535】，GSD为【"-"】
2024-09-16 00:48:25 ok && -
2024-09-16 00:48:27 CHB 1434535?1726418905 第 1 次 等待 3 秒
2024-09-16 00:48:30 CHB 1434535?1726418905 第 1 次 获取到号码【1434535】GSD
2024-09-16 00:48:30 未获取到号码【1434535】GSD，可能号码格式错误
2024-09-16 00:48:30 获取到号码【1434535】的GSD为【-】
2024-09-16 00:48:38 GSD insert 第 1 次 等待 3 秒
2024-09-16 00:48:41 {"status":"bad","gid":"608607","msg":"添加失败！号码【1434535(-|-)】已存在！"}
2024-09-16 00:48:41 随机等待 158 秒，约 2 分钟
2024-09-16 00:48:41 下次操作: 2024-09-16 00:51:19

2024-09-16 00:51:19 开始第 4539 次操作

2024-09-16 00:51:19 开始操作号码 【1434536】
2024-09-16 00:51:27 GSD getOne 第 1 次 等待 3 秒
2024-09-16 00:51:30 查询号码 【1434536】，返回信息 {"status":"ok","msg":"-","gid":"608647","time_insert":"2023-03-23 04:55"}
2024-09-16 00:51:30 查询号码 【1434536】，GSD为【"-"】
2024-09-16 00:51:30 ok && -
2024-09-16 00:51:31 CHB 1434536?1726419090 第 1 次 等待 3 秒
2024-09-16 00:51:34 CHB 1434536?1726419090 第 1 次 获取到号码【1434536】GSD
2024-09-16 00:51:34 未获取到号码【1434536】GSD，可能号码格式错误
2024-09-16 00:51:34 获取到号码【1434536】的GSD为【-】
2024-09-16 00:51:42 GSD insert 第 1 次 等待 3 秒
2024-09-16 00:51:45 {"status":"bad","gid":"608647","msg":"添加失败！号码【1434536(-|-)】已存在！"}
2024-09-16 00:51:45 随机等待 77 秒，约 1 分钟
2024-09-16 00:51:45 下次操作: 2024-09-16 00:53:02

2024-09-16 00:53:02 开始第 4540 次操作

2024-09-16 00:53:02 开始操作号码 【1434537】
2024-09-16 00:53:11 GSD getOne 第 1 次 等待 3 秒
2024-09-16 00:53:14 查询号码 【1434537】，返回信息 {"status":"ok","msg":"-","gid":"608673","time_insert":"2023-03-23 05:12"}
2024-09-16 00:53:14 查询号码 【1434537】，GSD为【"-"】
2024-09-16 00:53:14 ok && -
2024-09-16 00:53:16 CHB 1434537?1726419194 第 1 次 等待 3 秒
2024-09-16 00:53:19 CHB 1434537?1726419194 第 1 次 获取到号码【1434537】GSD
2024-09-16 00:53:19 未获取到号码【1434537】GSD，可能号码格式错误
2024-09-16 00:53:19 获取到号码【1434537】的GSD为【-】
2024-09-16 00:53:27 GSD insert 第 1 次 等待 3 秒
2024-09-16 00:53:30 {"status":"bad","gid":"608673","msg":"添加失败！号码【1434537(-|-)】已存在！"}

2024-09-16 01:17:52 开始第 4541 次操作

2024-09-16 01:17:52 开始操作号码 【1434538】
2024-09-16 01:18:00 GSD getOne 第 1 次 等待 3 秒
2024-09-16 01:18:03 查询号码 【1434538】，返回信息 {"status":"ok","msg":"-","gid":"608713","time_insert":"2023-03-23 05:33"}
2024-09-16 01:18:03 查询号码 【1434538】，GSD为【"-"】
2024-09-16 01:18:03 ok && -
2024-09-16 01:18:05 CHB 1434538?1726420683 第 1 次 等待 3 秒
2024-09-16 01:18:08 CHB 1434538?1726420683 第 1 次 获取到号码【1434538】GSD
2024-09-16 01:18:08 未获取到号码【1434538】GSD，可能号码格式错误
2024-09-16 01:18:08 获取到号码【1434538】的GSD为【-】
2024-09-16 01:18:16 GSD insert 第 1 次 等待 3 秒
2024-09-16 01:18:19 {"status":"bad","gid":"608713","msg":"添加失败！号码【1434538(-|-)】已存在！"}
2024-09-16 01:18:19 随机等待 215 秒，约 3 分钟
2024-09-16 01:18:19 下次操作: 2024-09-16 01:21:54

2024-09-16 01:21:54 开始第 4542 次操作

2024-09-16 01:21:54 开始操作号码 【1434539】
2024-09-16 01:22:01 GSD getOne 第 1 次 等待 3 秒
2024-09-16 01:22:04 查询号码 【1434539】，返回信息 {"status":"ok","msg":"-","gid":"608735","time_insert":"2023-03-23 05:44"}
2024-09-16 01:22:04 查询号码 【1434539】，GSD为【"-"】
2024-09-16 01:22:04 ok && -
2024-09-16 01:22:06 CHB 1434539?1726420924 第 1 次 等待 3 秒
2024-09-16 01:22:09 CHB 1434539?1726420924 第 1 次 获取到号码【1434539】GSD
2024-09-16 01:22:09 未获取到号码【1434539】GSD，可能号码格式错误
2024-09-16 01:22:09 获取到号码【1434539】的GSD为【-】
2024-09-16 01:22:18 GSD insert 第 1 次 等待 3 秒
2024-09-16 01:22:21 {"status":"bad","gid":"608735","msg":"添加失败！号码【1434539(-|-)】已存在！"}
2024-09-16 01:22:21 随机等待 110 秒，约 1 分钟
2024-09-16 01:22:21 下次操作: 2024-09-16 01:24:11

2024-09-16 01:24:11 开始第 4543 次操作

2024-09-16 01:24:11 开始操作号码 【1434540】
2024-09-16 01:24:18 GSD getOne 第 1 次 等待 3 秒
2024-09-16 01:24:21 查询号码 【1434540】，返回信息 {"status":"ok","msg":"-","gid":"608746","time_insert":"2023-03-23 05:52"}
2024-09-16 01:24:21 查询号码 【1434540】，GSD为【"-"】
2024-09-16 01:24:21 ok && -
2024-09-16 01:24:23 CHB 1434540?1726421061 第 1 次 等待 3 秒
2024-09-16 01:24:26 CHB 1434540?1726421061 第 1 次 获取到号码【1434540】GSD
2024-09-16 01:24:26 未获取到号码【1434540】GSD，可能号码格式错误
2024-09-16 01:24:26 获取到号码【1434540】的GSD为【-】
2024-09-16 01:24:34 GSD insert 第 1 次 等待 3 秒
2024-09-16 01:24:37 {"status":"bad","gid":"608746","msg":"添加失败！号码【1434540(-|-)】已存在！"}
2024-09-16 01:24:37 随机等待 217 秒，约 3 分钟
2024-09-16 01:24:37 下次操作: 2024-09-16 01:28:14

2024-09-16 01:28:14 开始第 4544 次操作

2024-09-16 01:28:14 开始操作号码 【1434541】
2024-09-16 01:28:23 GSD getOne 第 1 次 等待 3 秒
2024-09-16 01:28:26 查询号码 【1434541】，返回信息 {"status":"ok","msg":"-","gid":"608770","time_insert":"2023-03-23 06:05"}
2024-09-16 01:28:26 查询号码 【1434541】，GSD为【"-"】
2024-09-16 01:28:26 ok && -
2024-09-16 01:28:28 CHB 1434541?1726421306 第 1 次 等待 3 秒
2024-09-16 01:28:31 CHB 1434541?1726421306 第 1 次 获取到号码【1434541】GSD
2024-09-16 01:28:31 未获取到号码【1434541】GSD，可能号码格式错误
2024-09-16 01:28:31 获取到号码【1434541】的GSD为【-】
2024-09-16 01:28:39 GSD insert 第 1 次 等待 3 秒
2024-09-16 01:28:42 {"status":"bad","gid":"608770","msg":"添加失败！号码【1434541(-|-)】已存在！"}

