2024-09-14 00:26:07 开始第 4201 次操作

2024-09-14 00:26:07 开始操作号码 【1434200】
2024-09-14 00:26:15 GSD getOne 第 1 次 等待 3 秒
2024-09-14 00:26:18 查询号码 【1434200】，返回信息 {"status":"ok","msg":"-","gid":"600580","time_insert":"2023-03-19 12:27"}
2024-09-14 00:26:18 查询号码 【1434200】，GSD为【"-"】
2024-09-14 00:26:18 ok && -
2024-09-14 00:26:20 CHB 1434200?1726244778 第 1 次 等待 3 秒
2024-09-14 00:26:23 CHB 1434200?1726244778 第 1 次 获取到号码【1434200】GSD
2024-09-14 00:26:23 未获取到号码【1434200】GSD，可能号码格式错误
2024-09-14 00:26:23 获取到号码【1434200】的GSD为【-】
2024-09-14 00:26:31 GSD insert 第 1 次 等待 3 秒
2024-09-14 00:26:34 {"status":"bad","gid":"600580","msg":"添加失败！号码【1434200(-|-)】已存在！"}
2024-09-14 00:26:34 随机等待 206 秒，约 3 分钟
2024-09-14 00:26:34 下次操作: 2024-09-14 00:30:00

2024-09-14 00:30:00 开始第 4202 次操作

2024-09-14 00:30:00 开始操作号码 【1434201】
2024-09-14 00:30:08 GSD getOne 第 1 次 等待 3 秒
2024-09-14 00:30:11 查询号码 【1434201】，返回信息 {"status":"ok","msg":"-","gid":"600619","time_insert":"2023-03-19 12:50"}
2024-09-14 00:30:11 查询号码 【1434201】，GSD为【"-"】
2024-09-14 00:30:11 ok && -
2024-09-14 00:30:14 CHB 1434201?1726245011 第 1 次 等待 3 秒
2024-09-14 00:30:17 CHB 1434201?1726245011 第 1 次 获取到号码【1434201】GSD
2024-09-14 00:30:17 未获取到号码【1434201】GSD，可能号码格式错误
2024-09-14 00:30:17 获取到号码【1434201】的GSD为【-】
2024-09-14 00:30:25 GSD insert 第 1 次 等待 3 秒
2024-09-14 00:30:28 {"status":"bad","gid":"600619","msg":"添加失败！号码【1434201(-|-)】已存在！"}
2024-09-14 00:30:28 随机等待 224 秒，约 3 分钟
2024-09-14 00:30:28 下次操作: 2024-09-14 00:34:12

2024-09-14 00:34:12 开始第 4203 次操作

2024-09-14 00:34:12 开始操作号码 【1434202】
2024-09-14 00:34:21 GSD getOne 第 1 次 等待 3 秒
2024-09-14 00:34:24 查询号码 【1434202】，返回信息 {"status":"ok","msg":"-","gid":"600639","time_insert":"2023-03-19 13:02"}
2024-09-14 00:34:24 查询号码 【1434202】，GSD为【"-"】
2024-09-14 00:34:24 ok && -
2024-09-14 00:34:26 CHB 1434202?1726245264 第 1 次 等待 3 秒
2024-09-14 00:34:29 CHB 1434202?1726245264 第 1 次 获取到号码【1434202】GSD
2024-09-14 00:34:29 未获取到号码【1434202】GSD，可能号码格式错误
2024-09-14 00:34:29 获取到号码【1434202】的GSD为【-】
2024-09-14 00:34:37 GSD insert 第 1 次 等待 3 秒
2024-09-14 00:34:40 {"status":"bad","gid":"600639","msg":"添加失败！号码【1434202(-|-)】已存在！"}
2024-09-14 00:34:40 随机等待 127 秒，约 2 分钟
2024-09-14 00:34:40 下次操作: 2024-09-14 00:36:47

2024-09-14 00:36:47 开始第 4204 次操作

2024-09-14 00:36:47 开始操作号码 【1434203】
2024-09-14 00:36:55 GSD getOne 第 1 次 等待 3 秒
2024-09-14 00:36:58 查询号码 【1434203】，返回信息 {"status":"ok","msg":"-","gid":"600661","time_insert":"2023-03-19 13:17"}
2024-09-14 00:36:58 查询号码 【1434203】，GSD为【"-"】
2024-09-14 00:36:58 ok && -
2024-09-14 00:37:00 CHB 1434203?1726245418 第 1 次 等待 3 秒
2024-09-14 00:37:03 CHB 1434203?1726245418 第 1 次 获取到号码【1434203】GSD
2024-09-14 00:37:03 未获取到号码【1434203】GSD，可能号码格式错误
2024-09-14 00:37:03 获取到号码【1434203】的GSD为【-】
2024-09-14 00:37:15 GSD insert 第 1 次 等待 3 秒
2024-09-14 00:37:18 {"status":"bad","gid":"600661","msg":"添加失败！号码【1434203(-|-)】已存在！"}

