2024-01-29 00:08:04 开始第 709 次操作

2024-01-29 00:08:04 开始操作号码 【1760609】
2024-01-29 00:08:12 GSD getOne 第 1 次 等待 3 秒
2024-01-29 00:08:15 查询号码 【1760609】，返回信息 {"status":"ok","msg":"福建-三明","gid":"144149","time_insert":"2021-06-28 04:43"}
2024-01-29 00:08:15 查询号码 【1760609】，GSD为【"福建-三明"】

2024-01-29 00:08:16 开始第 710 次操作

2024-01-29 00:08:16 开始操作号码 【1760610】
2024-01-29 00:08:20 GSD getOne 第 1 次 等待 3 秒
2024-01-29 00:08:23 查询号码 【1760610】，返回信息 {"status":"ok","msg":"江苏-宿迁","gid":"144161","time_insert":"2021-06-28 04:43"}
2024-01-29 00:08:23 查询号码 【1760610】，GSD为【"江苏-宿迁"】

2024-01-29 00:08:24 开始第 711 次操作

2024-01-29 00:08:24 开始操作号码 【1760611】
2024-01-29 00:08:28 GSD getOne 第 1 次 等待 3 秒
2024-01-29 00:08:31 查询号码 【1760611】，返回信息 {"status":"ok","msg":"江苏-宿迁","gid":"144172","time_insert":"2021-06-28 04:44"}
2024-01-29 00:08:31 查询号码 【1760611】，GSD为【"江苏-宿迁"】

2024-01-29 00:08:32 开始第 712 次操作

2024-01-29 00:08:32 开始操作号码 【1760612】
2024-01-29 00:08:36 GSD getOne 第 1 次 等待 3 秒
2024-01-29 00:08:39 查询号码 【1760612】，返回信息 {"status":"ok","msg":"江苏-宿迁","gid":"144182","time_insert":"2021-06-28 04:45"}
2024-01-29 00:08:39 查询号码 【1760612】，GSD为【"江苏-宿迁"】

2024-01-29 00:32:17 开始第 713 次操作

2024-01-29 00:32:17 开始操作号码 【1760613】
2024-01-29 00:32:23 GSD getOne 第 1 次 等待 3 秒
2024-01-29 00:32:26 查询号码 【1760613】，返回信息 {"status":"ok","msg":"江苏-宿迁","gid":"144194","time_insert":"2021-06-28 04:46"}
2024-01-29 00:32:26 查询号码 【1760613】，GSD为【"江苏-宿迁"】

2024-01-29 00:32:27 开始第 714 次操作

2024-01-29 00:32:27 开始操作号码 【1760614】
2024-01-29 00:32:33 GSD getOne 第 1 次 等待 3 秒
2024-01-29 00:32:36 查询号码 【1760614】，返回信息 {"status":"ok","msg":"江苏-宿迁","gid":"144208","time_insert":"2021-06-28 04:47"}
2024-01-29 00:32:36 查询号码 【1760614】，GSD为【"江苏-宿迁"】

2024-01-29 00:32:37 开始第 715 次操作

2024-01-29 00:32:37 开始操作号码 【1760615】
2024-01-29 00:32:41 GSD getOne 第 1 次 等待 3 秒
2024-01-29 00:32:44 查询号码 【1760615】，返回信息 {"status":"ok","msg":"江苏-徐州","gid":"144218","time_insert":"2021-06-28 04:47"}
2024-01-29 00:32:44 查询号码 【1760615】，GSD为【"江苏-徐州"】

2024-01-29 00:32:45 开始第 716 次操作

2024-01-29 00:32:45 开始操作号码 【1760616】
2024-01-29 00:32:49 GSD getOne 第 1 次 等待 3 秒
2024-01-29 00:32:52 查询号码 【1760616】，返回信息 {"status":"ok","msg":"江苏-徐州","gid":"144228","time_insert":"2021-06-28 04:48"}
2024-01-29 00:32:52 查询号码 【1760616】，GSD为【"江苏-徐州"】

2024-01-29 01:09:03 开始第 717 次操作

2024-01-29 01:09:03 开始操作号码 【1760617】
2024-01-29 01:09:07 GSD getOne 第 1 次 等待 3 秒
2024-01-29 01:09:10 查询号码 【1760617】，返回信息 {"status":"ok","msg":"江苏-徐州","gid":"144241","time_insert":"2021-06-28 04:49"}
2024-01-29 01:09:10 查询号码 【1760617】，GSD为【"江苏-徐州"】

2024-01-29 01:09:11 开始第 718 次操作

2024-01-29 01:09:11 开始操作号码 【1760618】
2024-01-29 01:09:16 GSD getOne 第 1 次 等待 3 秒
2024-01-29 01:09:19 查询号码 【1760618】，返回信息 {"status":"ok","msg":"江苏-徐州","gid":"144252","time_insert":"2021-06-28 04:50"}
2024-01-29 01:09:19 查询号码 【1760618】，GSD为【"江苏-徐州"】

2024-01-29 01:09:20 开始第 719 次操作

2024-01-29 01:09:20 开始操作号码 【1760619】
2024-01-29 01:09:24 GSD getOne 第 1 次 等待 3 秒
2024-01-29 01:09:27 查询号码 【1760619】，返回信息 {"status":"ok","msg":"江苏-徐州","gid":"144263","time_insert":"2021-06-28 04:51"}
2024-01-29 01:09:27 查询号码 【1760619】，GSD为【"江苏-徐州"】

2024-01-29 01:09:28 开始第 720 次操作

2024-01-29 01:09:28 开始操作号码 【1760620】
2024-01-29 01:09:32 GSD getOne 第 1 次 等待 3 秒
2024-01-29 01:09:35 查询号码 【1760620】，返回信息 {"status":"ok","msg":"山东-日照","gid":"144271","time_insert":"2021-06-28 04:51"}
2024-01-29 01:09:35 查询号码 【1760620】，GSD为【"山东-日照"】

