2024-10-08 00:28:23 开始第 8109 次操作

2024-10-08 00:28:23 开始操作号码 【1438103】
2024-10-08 00:28:25 GSD getOne 第 1 次 等待 3 秒
2024-10-08 00:28:28 查询号码 【1438103】，返回信息 {"status":"ok","msg":"-","gid":"696119","time_insert":"2023-05-07 12:50"}
2024-10-08 00:28:28 查询号码 【1438103】，GSD为【"-"】
2024-10-08 00:28:28 ok && -
2024-10-08 00:28:29 CHB 1438103?1728318508 第 1 次 等待 3 秒
2024-10-08 00:28:32 CHB 1438103?1728318508 第 1 次 获取到号码【1438103】GSD
2024-10-08 00:28:32 未获取到号码【1438103】GSD，可能号码格式错误
2024-10-08 00:28:32 获取到号码【1438103】的GSD为【-】
2024-10-08 00:28:34 GSD insert 第 1 次 等待 3 秒
2024-10-08 00:28:37 {"status":"bad","gid":"696119","msg":"添加失败！号码【1438103(-|-)】已存在！"}
2024-10-08 00:28:37 随机等待 83 秒，约 1 分钟
2024-10-08 00:28:37 下次操作: 2024-10-08 00:30:00

2024-10-08 00:30:00 开始第 8110 次操作

2024-10-08 00:30:00 开始操作号码 【1438104】
2024-10-08 00:30:02 GSD getOne 第 1 次 等待 3 秒
2024-10-08 00:30:05 查询号码 【1438104】，返回信息 {"status":"ok","msg":"-","gid":"696126","time_insert":"2023-05-07 13:02"}
2024-10-08 00:30:05 查询号码 【1438104】，GSD为【"-"】
2024-10-08 00:30:05 ok && -
2024-10-08 00:30:08 CHB 1438104?1728318605 第 1 次 等待 3 秒
2024-10-08 00:30:11 CHB 1438104?1728318605 第 1 次 获取到号码【1438104】GSD
2024-10-08 00:30:11 未获取到号码【1438104】GSD，可能号码格式错误
2024-10-08 00:30:11 获取到号码【1438104】的GSD为【-】
2024-10-08 00:30:13 GSD insert 第 1 次 等待 3 秒
2024-10-08 00:30:16 {"status":"bad","gid":"696126","msg":"添加失败！号码【1438104(-|-)】已存在！"}
2024-10-08 00:30:16 随机等待 222 秒，约 3 分钟
2024-10-08 00:30:16 下次操作: 2024-10-08 00:33:58

2024-10-08 00:33:58 开始第 8111 次操作

2024-10-08 00:33:58 开始操作号码 【1438105】
2024-10-08 00:33:59 GSD getOne 第 1 次 等待 3 秒
2024-10-08 00:34:02 查询号码 【1438105】，返回信息 {"status":"ok","msg":"-","gid":"696136","time_insert":"2023-05-07 13:12"}
2024-10-08 00:34:02 查询号码 【1438105】，GSD为【"-"】
2024-10-08 00:34:02 ok && -
2024-10-08 00:34:04 CHB 1438105?1728318842 第 1 次 等待 3 秒
2024-10-08 00:34:07 CHB 1438105?1728318842 第 1 次 获取到号码【1438105】GSD
2024-10-08 00:34:07 未获取到号码【1438105】GSD，可能号码格式错误
2024-10-08 00:34:07 获取到号码【1438105】的GSD为【-】
2024-10-08 00:34:09 GSD insert 第 1 次 等待 3 秒
2024-10-08 00:34:12 {"status":"bad","gid":"696136","msg":"添加失败！号码【1438105(-|-)】已存在！"}
2024-10-08 00:34:12 随机等待 212 秒，约 3 分钟
2024-10-08 00:34:12 下次操作: 2024-10-08 00:37:44

2024-10-08 00:37:44 开始第 8112 次操作

2024-10-08 00:37:44 开始操作号码 【1438106】
2024-10-08 00:37:48 GSD getOne 第 1 次 等待 3 秒
2024-10-08 00:37:51 查询号码 【1438106】，返回信息 {"status":"ok","msg":"-","gid":"696149","time_insert":"2023-05-07 13:22"}
2024-10-08 00:37:51 查询号码 【1438106】，GSD为【"-"】
2024-10-08 00:37:51 ok && -
2024-10-08 00:37:52 CHB 1438106?1728319071 第 1 次 等待 3 秒
2024-10-08 00:37:55 CHB 1438106?1728319071 第 1 次 获取到号码【1438106】GSD
2024-10-08 00:37:55 未获取到号码【1438106】GSD，可能号码格式错误
2024-10-08 00:37:55 获取到号码【1438106】的GSD为【-】
2024-10-08 00:37:57 GSD insert 第 1 次 等待 3 秒
2024-10-08 00:38:00 {"status":"bad","gid":"696149","msg":"添加失败！号码【1438106(-|-)】已存在！"}

