2023-09-28 00:09:28 开始第 301 次操作

2023-09-28 00:09:28 开始操作号码 【1970300】
2023-09-28 00:09:34 GSD getOne 第 1 次 等待 3 秒
2023-09-28 00:09:37 查询号码 【1970300】，返回信息 {"status":"ok","msg":"广东-清远","gid":"536933","time_insert":"2023-02-18 01:38"}
2023-09-28 00:09:37 查询号码 【1970300】，GSD为【"广东-清远"】

2023-09-28 00:09:38 开始第 302 次操作

2023-09-28 00:09:38 开始操作号码 【1970301】
2023-09-28 00:09:41 GSD getOne 第 1 次 等待 3 秒
2023-09-28 00:09:44 查询号码 【1970301】，返回信息 {"status":"ok","msg":"广东-汕尾","gid":"536939","time_insert":"2023-02-18 01:40"}
2023-09-28 00:09:44 查询号码 【1970301】，GSD为【"广东-汕尾"】

2023-09-28 00:09:45 开始第 303 次操作

2023-09-28 00:09:45 开始操作号码 【1970302】
2023-09-28 00:09:47 GSD getOne 第 1 次 等待 3 秒
2023-09-28 00:09:50 查询号码 【1970302】，返回信息 {"status":"ok","msg":"广东-汕尾","gid":"536945","time_insert":"2023-02-18 01:44"}
2023-09-28 00:09:50 查询号码 【1970302】，GSD为【"广东-汕尾"】

2023-09-28 00:09:51 开始第 304 次操作

2023-09-28 00:09:51 开始操作号码 【1970303】
2023-09-28 00:10:03 GSD getOne 第 1 次 等待 3 秒
2023-09-28 00:10:06 查询号码 【1970303】，返回信息 {"status":"ok","msg":"广东-汕尾","gid":"536951","time_insert":"2023-02-18 01:45"}
2023-09-28 00:10:06 查询号码 【1970303】，GSD为【"广东-汕尾"】

2023-09-28 00:36:58 开始第 305 次操作

2023-09-28 00:36:58 开始操作号码 【1970304】
2023-09-28 00:37:02 GSD getOne 第 1 次 等待 3 秒
2023-09-28 00:37:05 查询号码 【1970304】，返回信息 {"status":"ok","msg":"广东-汕尾","gid":"536955","time_insert":"2023-02-18 01:47"}
2023-09-28 00:37:05 查询号码 【1970304】，GSD为【"广东-汕尾"】

2023-09-28 00:37:06 开始第 306 次操作

2023-09-28 00:37:06 开始操作号码 【1970305】
2023-09-28 00:37:07 GSD getOne 第 1 次 等待 3 秒
2023-09-28 00:37:10 查询号码 【1970305】，返回信息 {"status":"ok","msg":"广东-汕尾","gid":"536959","time_insert":"2023-02-18 01:49"}
2023-09-28 00:37:10 查询号码 【1970305】，GSD为【"广东-汕尾"】

2023-09-28 00:37:11 开始第 307 次操作

2023-09-28 00:37:11 开始操作号码 【1970306】
2023-09-28 00:37:13 GSD getOne 第 1 次 等待 3 秒
2023-09-28 00:37:16 查询号码 【1970306】，返回信息 {"status":"ok","msg":"广东-汕尾","gid":"536963","time_insert":"2023-02-18 01:52"}
2023-09-28 00:37:16 查询号码 【1970306】，GSD为【"广东-汕尾"】

2023-09-28 00:37:17 开始第 308 次操作

2023-09-28 00:37:17 开始操作号码 【1970307】
2023-09-28 00:37:19 GSD getOne 第 1 次 等待 3 秒
2023-09-28 00:37:22 查询号码 【1970307】，返回信息 {"status":"ok","msg":"广东-汕尾","gid":"536966","time_insert":"2023-02-18 01:54"}
2023-09-28 00:37:22 查询号码 【1970307】，GSD为【"广东-汕尾"】

2023-09-28 01:06:49 开始第 309 次操作

2023-09-28 01:06:49 开始操作号码 【1970308】
2023-09-28 01:06:56 GSD getOne 第 1 次 等待 3 秒
2023-09-28 01:06:59 查询号码 【1970308】，返回信息 {"status":"ok","msg":"广东-汕尾","gid":"536970","time_insert":"2023-02-18 01:56"}
2023-09-28 01:06:59 查询号码 【1970308】，GSD为【"广东-汕尾"】

2023-09-28 01:07:00 开始第 310 次操作

2023-09-28 01:07:00 开始操作号码 【1970309】
2023-09-28 01:07:02 GSD getOne 第 1 次 等待 3 秒
2023-09-28 01:07:05 查询号码 【1970309】，返回信息 {"status":"ok","msg":"浙江-衢州","gid":"536977","time_insert":"2023-02-18 01:59"}
2023-09-28 01:07:05 查询号码 【1970309】，GSD为【"浙江-衢州"】

2023-09-28 01:07:06 开始第 311 次操作

2023-09-28 01:07:06 开始操作号码 【1970310】
2023-09-28 01:07:07 GSD getOne 第 1 次 等待 3 秒
2023-09-28 01:07:10 查询号码 【1970310】，返回信息 {"status":"ok","msg":"河北-邯郸","gid":"536984","time_insert":"2023-02-18 02:02"}
2023-09-28 01:07:10 查询号码 【1970310】，GSD为【"河北-邯郸"】

2023-09-28 01:07:11 开始第 312 次操作

2023-09-28 01:07:11 开始操作号码 【1970311】
2023-09-28 01:07:13 GSD getOne 第 1 次 等待 3 秒
2023-09-28 01:07:17 查询号码 【1970311】，返回信息 {"status":"ok","msg":"河北-石家庄","gid":"536987","time_insert":"2023-02-18 02:04"}
2023-09-28 01:07:17 查询号码 【1970311】，GSD为【"河北-石家庄"】

2023-09-28 01:32:20 开始第 313 次操作

2023-09-28 01:32:20 开始操作号码 【1970312】
2023-09-28 01:32:23 GSD getOne 第 1 次 等待 3 秒
2023-09-28 01:32:26 查询号码 【1970312】，返回信息 {"status":"ok","msg":"河北-保定","gid":"537009","time_insert":"2023-02-18 02:20"}
2023-09-28 01:32:26 查询号码 【1970312】，GSD为【"河北-保定"】

2023-09-28 01:32:27 开始第 314 次操作

2023-09-28 01:32:27 开始操作号码 【1970313】
2023-09-28 01:32:38 GSD getOne 第 1 次 等待 3 秒
2023-09-28 01:32:41 查询号码 【1970313】，返回信息 {"status":"ok","msg":"河北-张家口","gid":"537015","time_insert":"2023-02-18 02:22"}
2023-09-28 01:32:41 查询号码 【1970313】，GSD为【"河北-张家口"】

2023-09-28 01:32:42 开始第 315 次操作

2023-09-28 01:32:42 开始操作号码 【1970314】
2023-09-28 01:32:44 GSD getOne 第 1 次 等待 3 秒
2023-09-28 01:32:47 查询号码 【1970314】，返回信息 {"status":"ok","msg":"河北-承德","gid":"537020","time_insert":"2023-02-18 02:24"}
2023-09-28 01:32:47 查询号码 【1970314】，GSD为【"河北-承德"】

2023-09-28 01:32:48 开始第 316 次操作

2023-09-28 01:32:48 开始操作号码 【1970315】
2023-09-28 01:32:50 GSD getOne 第 1 次 等待 3 秒
2023-09-28 01:32:53 查询号码 【1970315】，返回信息 {"status":"ok","msg":"河北-唐山","gid":"537023","time_insert":"2023-02-18 02:27"}
2023-09-28 01:32:53 查询号码 【1970315】，GSD为【"河北-唐山"】

2023-09-28 02:09:47 开始第 317 次操作

2023-09-28 02:09:47 开始操作号码 【1970316】
2023-09-28 02:09:49 GSD getOne 第 1 次 等待 3 秒
2023-09-28 02:09:52 查询号码 【1970316】，返回信息 {"status":"ok","msg":"河北-廊坊","gid":"537041","time_insert":"2023-02-18 02:39"}
2023-09-28 02:09:52 查询号码 【1970316】，GSD为【"河北-廊坊"】

2023-09-28 02:09:53 开始第 318 次操作

2023-09-28 02:09:53 开始操作号码 【1970317】
2023-09-28 02:09:55 GSD getOne 第 1 次 等待 3 秒
2023-09-28 02:09:58 查询号码 【1970317】，返回信息 {"status":"ok","msg":"河北-沧州","gid":"537044","time_insert":"2023-02-18 02:40"}
2023-09-28 02:09:58 查询号码 【1970317】，GSD为【"河北-沧州"】

2023-09-28 02:09:59 开始第 319 次操作

2023-09-28 02:09:59 开始操作号码 【1970318】
2023-09-28 02:10:00 GSD getOne 第 1 次 等待 3 秒
2023-09-28 02:10:03 查询号码 【1970318】，返回信息 {"status":"ok","msg":"河北-衡水","gid":"537047","time_insert":"2023-02-18 02:43"}
2023-09-28 02:10:03 查询号码 【1970318】，GSD为【"河北-衡水"】

2023-09-28 02:10:04 开始第 320 次操作

2023-09-28 02:10:04 开始操作号码 【1970319】
2023-09-28 02:10:06 GSD getOne 第 1 次 等待 3 秒
2023-09-28 02:10:09 查询号码 【1970319】，返回信息 {"status":"ok","msg":"河北-邢台","gid":"537052","time_insert":"2023-02-18 02:46"}
2023-09-28 02:10:09 查询号码 【1970319】，GSD为【"河北-邢台"】

