2023-10-20 00:09:56 开始第 4133 次操作

2023-10-20 00:09:56 开始操作号码 【1974043】
2023-10-20 00:10:02 GSD getOne 第 1 次 等待 3 秒
2023-10-20 00:10:05 查询号码 【1974043】，返回信息 {"status":"ok","msg":"-","gid":"560383","time_insert":"2023-02-28 07:20"}
2023-10-20 00:10:05 查询号码 【1974043】，GSD为【"-"】
2023-10-20 00:10:05 ok && -
2023-10-20 00:10:13 CHB 1974043?1697731805 第 1 次 等待 3 秒
2023-10-20 00:10:16 CHB 1974043?1697731805 第 1 次 获取到号码【1974043】GSD
2023-10-20 00:10:16 未获取到号码【1974043】GSD，可能号码格式错误
2023-10-20 00:10:16 获取到号码【1974043】的GSD为【-】
2023-10-20 00:10:28 GSD insert 第 1 次 等待 3 秒
2023-10-20 00:10:31 {"status":"bad","gid":"560383","msg":"添加失败！号码【1974043(-|-)】已存在！"}
2023-10-20 00:10:31 随机等待 135 秒，约 2 分钟
2023-10-20 00:10:31 下次操作: 2023-10-20 00:12:46

2023-10-20 00:12:46 开始第 4134 次操作

2023-10-20 00:12:46 开始操作号码 【1974044】
2023-10-20 00:12:51 GSD getOne 第 1 次 等待 3 秒
2023-10-20 00:12:54 查询号码 【1974044】，返回信息 {"status":"ok","msg":"-","gid":"560399","time_insert":"2023-02-28 07:29"}
2023-10-20 00:12:55 查询号码 【1974044】，GSD为【"-"】
2023-10-20 00:12:55 ok && -
2023-10-20 00:13:01 CHB 1974044?1697731975 第 1 次 等待 3 秒
2023-10-20 00:13:04 CHB 1974044?1697731975 第 1 次 获取到号码【1974044】GSD
2023-10-20 00:13:04 未获取到号码【1974044】GSD，可能号码格式错误
2023-10-20 00:13:04 获取到号码【1974044】的GSD为【-】
2023-10-20 00:13:08 GSD insert 第 1 次 等待 3 秒
2023-10-20 00:13:11 {"status":"bad","gid":"560399","msg":"添加失败！号码【1974044(-|-)】已存在！"}
2023-10-20 00:13:11 随机等待 176 秒，约 2 分钟
2023-10-20 00:13:11 下次操作: 2023-10-20 00:16:07

2023-10-20 00:16:07 开始第 4135 次操作

2023-10-20 00:16:07 开始操作号码 【1974045】
2023-10-20 00:16:11 GSD getOne 第 1 次 等待 3 秒
2023-10-20 00:16:14 查询号码 【1974045】，返回信息 {"status":"ok","msg":"-","gid":"560405","time_insert":"2023-02-28 07:32"}
2023-10-20 00:16:14 查询号码 【1974045】，GSD为【"-"】
2023-10-20 00:16:14 ok && -
2023-10-20 00:16:21 CHB 1974045?1697732174 第 1 次 等待 3 秒
2023-10-20 00:16:24 CHB 1974045?1697732174 第 1 次 获取到号码【1974045】GSD
2023-10-20 00:16:24 未获取到号码【1974045】GSD，可能号码格式错误
2023-10-20 00:16:24 获取到号码【1974045】的GSD为【-】
2023-10-20 00:16:26 GSD insert 第 1 次 等待 3 秒
2023-10-20 00:16:29 {"status":"bad","gid":"560405","msg":"添加失败！号码【1974045(-|-)】已存在！"}
2023-10-20 00:16:29 随机等待 182 秒，约 3 分钟
2023-10-20 00:16:29 下次操作: 2023-10-20 00:19:31

2023-10-20 00:19:31 开始第 4136 次操作

2023-10-20 00:19:31 开始操作号码 【1974046】
2023-10-20 00:19:34 GSD getOne 第 1 次 等待 3 秒
2023-10-20 00:19:37 查询号码 【1974046】，返回信息 {"status":"ok","msg":"-","gid":"560411","time_insert":"2023-02-28 07:36"}
2023-10-20 00:19:37 查询号码 【1974046】，GSD为【"-"】
2023-10-20 00:19:37 ok && -
2023-10-20 00:19:40 CHB 1974046?1697732377 第 1 次 等待 3 秒
2023-10-20 00:19:43 CHB 1974046?1697732377 第 1 次 获取到号码【1974046】GSD
2023-10-20 00:19:43 未获取到号码【1974046】GSD，可能号码格式错误
2023-10-20 00:19:43 获取到号码【1974046】的GSD为【-】
2023-10-20 00:19:46 GSD insert 第 1 次 等待 3 秒
2023-10-20 00:19:49 {"status":"bad","gid":"560411","msg":"添加失败！号码【1974046(-|-)】已存在！"}

