2024-02-29 00:09:25 开始第 6413 次操作

2024-02-29 00:09:25 开始操作号码 【1766313】
2024-02-29 00:09:33 GSD getOne 第 1 次 等待 3 秒
2024-02-29 00:09:36 查询号码 【1766313】，返回信息 {"status":"ok","msg":"山东-威海","gid":"178380","time_insert":"2021-07-03 03:11"}
2024-02-29 00:09:36 查询号码 【1766313】，GSD为【"山东-威海"】

2024-02-29 00:09:38 开始第 6414 次操作

2024-02-29 00:09:38 开始操作号码 【1766314】
2024-02-29 00:09:43 GSD getOne 第 1 次 等待 3 秒
2024-02-29 00:09:46 查询号码 【1766314】，返回信息 {"status":"ok","msg":"山东-威海","gid":"178374","time_insert":"2021-07-03 03:10"}
2024-02-29 00:09:46 查询号码 【1766314】，GSD为【"山东-威海"】

2024-02-29 00:09:47 开始第 6415 次操作

2024-02-29 00:09:47 开始操作号码 【1766315】
2024-02-29 00:09:55 GSD getOne 第 1 次 等待 3 秒
2024-02-29 00:09:58 查询号码 【1766315】，返回信息 {"status":"ok","msg":"山东-威海","gid":"178367","time_insert":"2021-07-03 03:10"}
2024-02-29 00:09:58 查询号码 【1766315】，GSD为【"山东-威海"】

2024-02-29 00:09:59 开始第 6416 次操作

2024-02-29 00:09:59 开始操作号码 【1766316】
2024-02-29 00:10:04 GSD getOne 第 1 次 等待 3 秒
2024-02-29 00:10:07 查询号码 【1766316】，返回信息 {"status":"ok","msg":"山东-威海","gid":"178361","time_insert":"2021-07-03 03:09"}
2024-02-29 00:10:07 查询号码 【1766316】，GSD为【"山东-威海"】

2024-02-29 00:35:14 开始第 6417 次操作

2024-02-29 00:35:14 开始操作号码 【1766317】
2024-02-29 00:35:19 GSD getOne 第 1 次 等待 3 秒
2024-02-29 00:35:22 查询号码 【1766317】，返回信息 {"status":"ok","msg":"山东-威海","gid":"178354","time_insert":"2021-07-03 03:08"}
2024-02-29 00:35:22 查询号码 【1766317】，GSD为【"山东-威海"】

2024-02-29 00:35:23 开始第 6418 次操作

2024-02-29 00:35:23 开始操作号码 【1766318】
2024-02-29 00:35:30 GSD getOne 第 1 次 等待 3 秒
2024-02-29 00:35:33 查询号码 【1766318】，返回信息 {"status":"ok","msg":"山东-威海","gid":"178345","time_insert":"2021-07-03 03:07"}
2024-02-29 00:35:33 查询号码 【1766318】，GSD为【"山东-威海"】

2024-02-29 00:35:34 开始第 6419 次操作

2024-02-29 00:35:34 开始操作号码 【1766319】
2024-02-29 00:35:40 GSD getOne 第 1 次 等待 3 秒
2024-02-29 00:35:43 查询号码 【1766319】，返回信息 {"status":"ok","msg":"山东-威海","gid":"178336","time_insert":"2021-07-03 03:06"}
2024-02-29 00:35:43 查询号码 【1766319】，GSD为【"山东-威海"】

2024-02-29 00:35:44 开始第 6420 次操作

2024-02-29 00:35:44 开始操作号码 【1766320】
2024-02-29 00:35:50 GSD getOne 第 1 次 等待 3 秒
2024-02-29 00:35:53 查询号码 【1766320】，返回信息 {"status":"ok","msg":"山东-枣庄","gid":"178329","time_insert":"2021-07-03 03:06"}
2024-02-29 00:35:53 查询号码 【1766320】，GSD为【"山东-枣庄"】

2024-02-29 01:07:29 开始第 6421 次操作

2024-02-29 01:07:29 开始操作号码 【1766321】
2024-02-29 01:07:34 GSD getOne 第 1 次 等待 3 秒
2024-02-29 01:07:37 查询号码 【1766321】，返回信息 {"status":"ok","msg":"山东-枣庄","gid":"178319","time_insert":"2021-07-03 03:05"}
2024-02-29 01:07:37 查询号码 【1766321】，GSD为【"山东-枣庄"】

2024-02-29 01:07:38 开始第 6422 次操作

2024-02-29 01:07:38 开始操作号码 【1766322】
2024-02-29 01:07:44 GSD getOne 第 1 次 等待 3 秒
2024-02-29 01:07:47 查询号码 【1766322】，返回信息 {"status":"ok","msg":"山东-枣庄","gid":"178315","time_insert":"2021-07-03 03:05"}
2024-02-29 01:07:47 查询号码 【1766322】，GSD为【"山东-枣庄"】

2024-02-29 01:07:48 开始第 6423 次操作

2024-02-29 01:07:48 开始操作号码 【1766323】
2024-02-29 01:07:53 GSD getOne 第 1 次 等待 3 秒
2024-02-29 01:07:56 查询号码 【1766323】，返回信息 {"status":"ok","msg":"山东-枣庄","gid":"178304","time_insert":"2021-07-03 03:04"}
2024-02-29 01:07:56 查询号码 【1766323】，GSD为【"山东-枣庄"】

2024-02-29 01:07:57 开始第 6424 次操作

2024-02-29 01:07:57 开始操作号码 【1766324】
2024-02-29 01:08:02 GSD getOne 第 1 次 等待 3 秒
2024-02-29 01:08:05 查询号码 【1766324】，返回信息 {"status":"ok","msg":"山东-枣庄","gid":"178295","time_insert":"2021-07-03 03:03"}
2024-02-29 01:08:05 查询号码 【1766324】，GSD为【"山东-枣庄"】

2024-02-29 01:32:28 开始第 6425 次操作

2024-02-29 01:32:28 开始操作号码 【1766325】
2024-02-29 01:32:34 GSD getOne 第 1 次 等待 3 秒
2024-02-29 01:32:37 查询号码 【1766325】，返回信息 {"status":"ok","msg":"山东-枣庄","gid":"178285","time_insert":"2021-07-03 03:02"}
2024-02-29 01:32:37 查询号码 【1766325】，GSD为【"山东-枣庄"】

2024-02-29 01:32:38 开始第 6426 次操作

2024-02-29 01:32:38 开始操作号码 【1766326】
2024-02-29 01:32:42 GSD getOne 第 1 次 等待 3 秒
2024-02-29 01:32:45 查询号码 【1766326】，返回信息 {"status":"ok","msg":"山东-枣庄","gid":"178276","time_insert":"2021-07-03 03:02"}
2024-02-29 01:32:45 查询号码 【1766326】，GSD为【"山东-枣庄"】

2024-02-29 01:32:46 开始第 6427 次操作

2024-02-29 01:32:46 开始操作号码 【1766327】
2024-02-29 01:32:51 GSD getOne 第 1 次 等待 3 秒
2024-02-29 01:32:54 查询号码 【1766327】，返回信息 {"status":"ok","msg":"山东-枣庄","gid":"178264","time_insert":"2021-07-03 03:01"}
2024-02-29 01:32:54 查询号码 【1766327】，GSD为【"山东-枣庄"】

2024-02-29 01:32:55 开始第 6428 次操作

2024-02-29 01:32:55 开始操作号码 【1766328】
2024-02-29 01:32:59 GSD getOne 第 1 次 等待 3 秒
2024-02-29 01:33:02 查询号码 【1766328】，返回信息 {"status":"ok","msg":"山东-枣庄","gid":"178256","time_insert":"2021-07-03 03:00"}
2024-02-29 01:33:03 查询号码 【1766328】，GSD为【"山东-枣庄"】

