2024-09-08 00:25:46 开始第 3245 次操作

2024-09-08 00:25:46 开始操作号码 【1433244】
2024-09-08 00:25:55 GSD getOne 第 1 次 等待 3 秒
2024-09-08 00:25:58 查询号码 【1433244】，返回信息 {"status":"ok","msg":"-","gid":"578774","time_insert":"2023-03-09 02:36"}
2024-09-08 00:25:58 查询号码 【1433244】，GSD为【"-"】
2024-09-08 00:25:58 ok && -
2024-09-08 00:26:00 CHB 1433244?1725726358 第 1 次 等待 3 秒
2024-09-08 00:26:03 CHB 1433244?1725726358 第 1 次 获取到号码【1433244】GSD
2024-09-08 00:26:04 未获取到号码【1433244】GSD，可能号码格式错误
2024-09-08 00:26:04 获取到号码【1433244】的GSD为【-】
2024-09-08 00:26:11 GSD insert 第 1 次 等待 3 秒
2024-09-08 00:26:14 {"status":"bad","gid":"578774","msg":"添加失败！号码【1433244(-|-)】已存在！"}
2024-09-08 00:26:14 随机等待 138 秒，约 2 分钟
2024-09-08 00:26:14 下次操作: 2024-09-08 00:28:32

2024-09-08 00:28:32 开始第 3246 次操作

2024-09-08 00:28:32 开始操作号码 【1433245】
2024-09-08 00:28:40 GSD getOne 第 1 次 等待 3 秒
2024-09-08 00:28:43 查询号码 【1433245】，返回信息 {"status":"ok","msg":"-","gid":"578787","time_insert":"2023-03-09 02:44"}
2024-09-08 00:28:43 查询号码 【1433245】，GSD为【"-"】
2024-09-08 00:28:43 ok && -
2024-09-08 00:28:45 CHB 1433245?1725726523 第 1 次 等待 3 秒
2024-09-08 00:28:48 CHB 1433245?1725726523 第 1 次 获取到号码【1433245】GSD
2024-09-08 00:28:48 未获取到号码【1433245】GSD，可能号码格式错误
2024-09-08 00:28:48 获取到号码【1433245】的GSD为【-】
2024-09-08 00:28:56 GSD insert 第 1 次 等待 3 秒
2024-09-08 00:28:59 {"status":"bad","gid":"578787","msg":"添加失败！号码【1433245(-|-)】已存在！"}
2024-09-08 00:28:59 随机等待 182 秒，约 3 分钟
2024-09-08 00:28:59 下次操作: 2024-09-08 00:32:01

2024-09-08 00:32:01 开始第 3247 次操作

2024-09-08 00:32:01 开始操作号码 【1433246】
2024-09-08 00:32:08 GSD getOne 第 1 次 等待 3 秒
2024-09-08 00:32:11 查询号码 【1433246】，返回信息 {"status":"ok","msg":"-","gid":"578820","time_insert":"2023-03-09 03:06"}
2024-09-08 00:32:11 查询号码 【1433246】，GSD为【"-"】
2024-09-08 00:32:11 ok && -
2024-09-08 00:32:13 CHB 1433246?1725726731 第 1 次 等待 3 秒
2024-09-08 00:32:16 CHB 1433246?1725726731 第 1 次 获取到号码【1433246】GSD
2024-09-08 00:32:16 未获取到号码【1433246】GSD，可能号码格式错误
2024-09-08 00:32:16 获取到号码【1433246】的GSD为【-】
2024-09-08 00:32:24 GSD insert 第 1 次 等待 3 秒
2024-09-08 00:32:27 {"status":"bad","gid":"578820","msg":"添加失败！号码【1433246(-|-)】已存在！"}
2024-09-08 00:32:27 随机等待 210 秒，约 3 分钟
2024-09-08 00:32:27 下次操作: 2024-09-08 00:35:57

2024-09-08 00:35:57 开始第 3248 次操作

2024-09-08 00:35:57 开始操作号码 【1433247】
2024-09-08 00:36:06 GSD getOne 第 1 次 等待 3 秒
2024-09-08 00:36:09 查询号码 【1433247】，返回信息 {"status":"ok","msg":"-","gid":"578849","time_insert":"2023-03-09 03:24"}
2024-09-08 00:36:09 查询号码 【1433247】，GSD为【"-"】
2024-09-08 00:36:09 ok && -
2024-09-08 00:36:11 CHB 1433247?1725726969 第 1 次 等待 3 秒
2024-09-08 00:36:14 CHB 1433247?1725726969 第 1 次 获取到号码【1433247】GSD
2024-09-08 00:36:14 未获取到号码【1433247】GSD，可能号码格式错误
2024-09-08 00:36:14 获取到号码【1433247】的GSD为【-】
2024-09-08 00:36:22 GSD insert 第 1 次 等待 3 秒
2024-09-08 00:36:25 {"status":"bad","gid":"578849","msg":"添加失败！号码【1433247(-|-)】已存在！"}

2024-09-08 00:42:38 开始第 3249 次操作

2024-09-08 00:42:38 开始操作号码 【1433248】
2024-09-08 00:42:47 GSD getOne 第 1 次 等待 3 秒
2024-09-08 00:42:50 查询号码 【1433248】，返回信息 {"status":"ok","msg":"-","gid":"578870","time_insert":"2023-03-09 03:36"}
2024-09-08 00:42:50 查询号码 【1433248】，GSD为【"-"】
2024-09-08 00:42:50 ok && -
2024-09-08 00:54:06 CHB 1433248?1725727370 第 1 次 等待 3 秒
2024-09-08 00:54:09 CHB 1433248?1725727370 第 1 次 未获取到 等待 79 秒 下次操作: 2024-09-08 00:55:28
2024-09-08 00:55:30 CHB 1433248?1725728128 第 2 次 等待 3 秒
2024-09-08 00:55:33 CHB 1433248?1725728128 第 2 次 获取到号码【1433248】GSD
2024-09-08 00:55:33 未获取到号码【1433248】GSD，可能号码格式错误
2024-09-08 00:55:33 获取到号码【1433248】的GSD为【-】
2024-09-08 00:55:41 GSD insert 第 1 次 等待 3 秒
2024-09-08 00:55:44 {"status":"bad","gid":"578870","msg":"添加失败！号码【1433248(-|-)】已存在！"}
2024-09-08 00:55:44 随机等待 144 秒，约 2 分钟
2024-09-08 00:55:44 下次操作: 2024-09-08 00:58:08

2024-09-08 00:58:08 开始第 3250 次操作

2024-09-08 00:58:08 开始操作号码 【1433249】
2024-09-08 00:58:16 GSD getOne 第 1 次 等待 3 秒
2024-09-08 00:58:19 查询号码 【1433249】，返回信息 {"status":"ok","msg":"-","gid":"578901","time_insert":"2023-03-09 03:54"}
2024-09-08 00:58:19 查询号码 【1433249】，GSD为【"-"】
2024-09-08 00:58:19 ok && -
2024-09-08 00:58:22 CHB 1433249?1725728299 第 1 次 等待 3 秒
2024-09-08 00:58:25 CHB 1433249?1725728299 第 1 次 获取到号码【1433249】GSD
2024-09-08 00:58:25 未获取到号码【1433249】GSD，可能号码格式错误
2024-09-08 00:58:25 获取到号码【1433249】的GSD为【-】
2024-09-08 00:58:33 GSD insert 第 1 次 等待 3 秒
2024-09-08 00:58:36 {"status":"bad","gid":"578901","msg":"添加失败！号码【1433249(-|-)】已存在！"}
2024-09-08 00:58:36 随机等待 208 秒，约 3 分钟
2024-09-08 00:58:36 下次操作: 2024-09-08 01:02:04

2024-09-08 01:02:04 开始第 3251 次操作

2024-09-08 01:02:04 开始操作号码 【1433250】
2024-09-08 01:02:14 GSD getOne 第 1 次 等待 3 秒
2024-09-08 01:02:17 查询号码 【1433250】，返回信息 {"status":"ok","msg":"-","gid":"578918","time_insert":"2023-03-09 04:03"}
2024-09-08 01:02:17 查询号码 【1433250】，GSD为【"-"】
2024-09-08 01:02:17 ok && -
2024-09-08 01:02:19 CHB 1433250?1725728537 第 1 次 等待 3 秒
2024-09-08 01:02:22 CHB 1433250?1725728537 第 1 次 获取到号码【1433250】GSD
2024-09-08 01:02:22 未获取到号码【1433250】GSD，可能号码格式错误
2024-09-08 01:02:22 获取到号码【1433250】的GSD为【-】
2024-09-08 01:02:30 GSD insert 第 1 次 等待 3 秒
2024-09-08 01:02:33 {"status":"bad","gid":"578918","msg":"添加失败！号码【1433250(-|-)】已存在！"}
2024-09-08 01:02:33 随机等待 206 秒，约 3 分钟
2024-09-08 01:02:33 下次操作: 2024-09-08 01:05:59

2024-09-08 01:05:59 开始第 3252 次操作

2024-09-08 01:05:59 开始操作号码 【1433251】
2024-09-08 01:06:08 GSD getOne 第 1 次 等待 3 秒
2024-09-08 01:06:11 查询号码 【1433251】，返回信息 {"status":"ok","msg":"-","gid":"578932","time_insert":"2023-03-09 04:13"}
2024-09-08 01:06:11 查询号码 【1433251】，GSD为【"-"】
2024-09-08 01:06:11 ok && -
2024-09-08 01:06:14 CHB 1433251?1725728771 第 1 次 等待 3 秒
2024-09-08 01:06:17 CHB 1433251?1725728771 第 1 次 获取到号码【1433251】GSD
2024-09-08 01:06:17 未获取到号码【1433251】GSD，可能号码格式错误
2024-09-08 01:06:17 获取到号码【1433251】的GSD为【-】
2024-09-08 01:06:24 GSD insert 第 1 次 等待 3 秒
2024-09-08 01:06:27 {"status":"bad","gid":"578932","msg":"添加失败！号码【1433251(-|-)】已存在！"}

