2024-02-15 00:09:30 开始第 3837 次操作

2024-02-15 00:09:30 开始操作号码 【1763737】
2024-02-15 00:09:35 GSD getOne 第 1 次 等待 3 秒
2024-02-15 00:09:38 查询号码 【1763737】，返回信息 {"status":"ok","msg":"河南-新乡","gid":"176503","time_insert":"2021-07-02 21:27"}
2024-02-15 00:09:38 查询号码 【1763737】，GSD为【"河南-新乡"】

2024-02-15 00:09:39 开始第 3838 次操作

2024-02-15 00:09:39 开始操作号码 【1763738】
2024-02-15 00:09:44 GSD getOne 第 1 次 等待 3 秒
2024-02-15 00:09:47 查询号码 【1763738】，返回信息 {"status":"ok","msg":"河南-新乡","gid":"176509","time_insert":"2021-07-02 21:28"}
2024-02-15 00:09:47 查询号码 【1763738】，GSD为【"河南-新乡"】

2024-02-15 00:09:48 开始第 3839 次操作

2024-02-15 00:09:48 开始操作号码 【1763739】
2024-02-15 00:09:55 GSD getOne 第 1 次 等待 3 秒
2024-02-15 00:09:58 查询号码 【1763739】，返回信息 {"status":"ok","msg":"河南-新乡","gid":"176515","time_insert":"2021-07-02 21:28"}
2024-02-15 00:09:58 查询号码 【1763739】，GSD为【"河南-新乡"】

2024-02-15 00:09:59 开始第 3840 次操作

2024-02-15 00:09:59 开始操作号码 【1763740】
2024-02-15 00:10:04 GSD getOne 第 1 次 等待 3 秒
2024-02-15 00:10:07 查询号码 【1763740】，返回信息 {"status":"ok","msg":"河南-济源","gid":"176522","time_insert":"2021-07-02 21:29"}
2024-02-15 00:10:07 查询号码 【1763740】，GSD为【"河南-济源"】

2024-02-15 00:34:47 开始第 3841 次操作

2024-02-15 00:34:47 开始操作号码 【1763741】
2024-02-15 00:34:57 GSD getOne 第 1 次 等待 3 秒
2024-02-15 00:35:00 查询号码 【1763741】，返回信息 {"status":"ok","msg":"河南-焦作","gid":"176530","time_insert":"2021-07-02 21:29"}
2024-02-15 00:35:00 查询号码 【1763741】，GSD为【"河南-焦作"】

2024-02-15 00:35:01 开始第 3842 次操作

2024-02-15 00:35:01 开始操作号码 【1763742】
2024-02-15 00:36:15 GSD getOne 第 1 次 等待 3 秒
2024-02-15 00:36:18 查询号码 【1763742】，返回信息 {"status":"ok","msg":"河南-商丘","gid":"176537","time_insert":"2021-07-02 21:29"}
2024-02-15 00:36:18 查询号码 【1763742】，GSD为【"河南-商丘"】

2024-02-15 00:36:19 开始第 3843 次操作

2024-02-15 00:36:19 开始操作号码 【1763743】
2024-02-15 00:36:24 GSD getOne 第 1 次 等待 3 秒
2024-02-15 00:36:27 查询号码 【1763743】，返回信息 {"status":"ok","msg":"河南-驻马店","gid":"176542","time_insert":"2021-07-02 21:30"}
2024-02-15 00:36:27 查询号码 【1763743】，GSD为【"河南-驻马店"】

2024-02-15 00:36:28 开始第 3844 次操作

2024-02-15 00:36:28 开始操作号码 【1763744】
2024-02-15 00:36:32 GSD getOne 第 1 次 等待 3 秒
2024-02-15 00:36:35 查询号码 【1763744】，返回信息 {"status":"ok","msg":"河南-信阳","gid":"176547","time_insert":"2021-07-02 21:30"}
2024-02-15 00:36:35 查询号码 【1763744】，GSD为【"河南-信阳"】

