2021-07-09 00:03:13 开始第 1 次操作

2021-07-09 00:03:13 开始操作号码 【1758096】
2021-07-09 00:03:19 GSD getOne 第 1 次 等待 1 秒
2021-07-09 00:03:20 查询号码 【1758096】，返回信息 {"status":"bad","msg":""}
2021-07-09 00:03:20 查询号码 【1758096】，GSD为【""】
2021-07-09 00:03:20 bad
2021-07-09 00:03:29 CHB 1758096?1625760200 第 1 次 等待 1 秒
2021-07-09 00:03:30 CHB 1758096?1625760200 第 1 次 获取到号码【1758096】GSD
2021-07-09 00:03:30 获取到号码【1758096】的GSD为【湖南-长沙】
2021-07-09 00:03:35 GSD insert 第 1 次 等待 1 秒
2021-07-09 00:03:36 {"status":"ok","msg":"添加成功！226458"}
2021-07-09 00:03:36 下次操作: 2021-07-09 00:03:44

2021-07-09 00:03:44 开始第 2 次操作

2021-07-09 00:03:44 开始操作号码 【1758097】
2021-07-09 00:03:48 GSD getOne 第 1 次 等待 1 秒
2021-07-09 00:03:49 查询号码 【1758097】，返回信息 {"status":"bad","msg":""}
2021-07-09 00:03:49 查询号码 【1758097】，GSD为【""】
2021-07-09 00:03:49 bad
2021-07-09 00:04:11 CHB 1758097?1625760229 第 1 次 等待 1 秒
2021-07-09 00:04:12 CHB 1758097?1625760229 第 1 次 获取到号码【1758097】GSD
2021-07-09 00:04:12 获取到号码【1758097】的GSD为【湖南-长沙】
2021-07-09 00:04:17 GSD insert 第 1 次 等待 1 秒
2021-07-09 00:04:18 {"status":"ok","msg":"添加成功！226469"}
2021-07-09 00:04:18 下次操作: 2021-07-09 00:04:27

2021-07-09 00:04:27 开始第 3 次操作

2021-07-09 00:04:27 开始操作号码 【1758098】
2021-07-09 00:04:32 GSD getOne 第 1 次 等待 1 秒
2021-07-09 00:04:33 查询号码 【1758098】，返回信息 {"status":"bad","msg":""}
2021-07-09 00:04:33 查询号码 【1758098】，GSD为【""】
2021-07-09 00:04:33 bad
2021-07-09 00:04:41 CHB 1758098?1625760273 第 1 次 等待 1 秒
2021-07-09 00:04:42 CHB 1758098?1625760273 第 1 次 获取到号码【1758098】GSD
2021-07-09 00:04:42 获取到号码【1758098】的GSD为【湖南-长沙】
2021-07-09 00:04:47 GSD insert 第 1 次 等待 1 秒
2021-07-09 00:04:48 {"status":"ok","msg":"添加成功！226479"}
2021-07-09 00:04:48 下次操作: 2021-07-09 00:05:00

2021-07-09 00:05:00 开始第 4 次操作

2021-07-09 00:05:00 开始操作号码 【1758099】
2021-07-09 00:05:05 GSD getOne 第 1 次 等待 1 秒
2021-07-09 00:05:06 查询号码 【1758099】，返回信息 {"status":"bad","msg":""}
2021-07-09 00:05:06 查询号码 【1758099】，GSD为【""】
2021-07-09 00:05:06 bad
2021-07-09 00:05:08 CHB 1758099?1625760306 第 1 次 等待 1 秒
2021-07-09 00:05:09 CHB 1758099?1625760306 第 1 次 获取到号码【1758099】GSD
2021-07-09 00:05:09 获取到号码【1758099】的GSD为【湖南-长沙】
2021-07-09 00:05:19 GSD insert 第 1 次 等待 1 秒
2021-07-09 00:05:20 {"status":"ok","msg":"添加成功！226487"}
2021-07-09 00:05:20 下次操作: 2021-07-09 00:05:29

2021-07-09 00:05:29 开始第 5 次操作

2021-07-09 00:05:29 开始操作号码 【1758100】
2021-07-09 00:05:34 GSD getOne 第 1 次 等待 1 秒
2021-07-09 00:05:35 查询号码 【1758100】，返回信息 {"status":"bad","msg":""}
2021-07-09 00:05:35 查询号码 【1758100】，GSD为【""】
2021-07-09 00:05:35 bad
2021-07-09 00:05:41 CHB 1758100?1625760335 第 1 次 等待 1 秒
2021-07-09 00:05:42 CHB 1758100?1625760335 第 1 次 获取到号码【1758100】GSD
2021-07-09 00:05:42 获取到号码【1758100】的GSD为【重庆-重庆】
2021-07-09 00:05:48 GSD insert 第 1 次 等待 1 秒
2021-07-09 00:05:49 {"status":"ok","msg":"添加成功！226493"}
2021-07-09 00:05:49 下次操作: 2021-07-09 00:05:55

2021-07-09 00:05:55 开始第 6 次操作

2021-07-09 00:05:55 开始操作号码 【1758101】
2021-07-09 00:06:00 GSD getOne 第 1 次 等待 1 秒
2021-07-09 00:06:01 查询号码 【1758101】，返回信息 {"status":"bad","msg":""}
2021-07-09 00:06:01 查询号码 【1758101】，GSD为【""】
2021-07-09 00:06:01 bad
2021-07-09 00:06:04 CHB 1758101?1625760361 第 1 次 等待 1 秒
2021-07-09 00:06:05 CHB 1758101?1625760361 第 1 次 获取到号码【1758101】GSD
2021-07-09 00:06:05 获取到号码【1758101】的GSD为【重庆-重庆】
2021-07-09 00:06:10 GSD insert 第 1 次 等待 1 秒
2021-07-09 00:06:11 {"status":"ok","msg":"添加成功！226497"}
2021-07-09 00:06:11 下次操作: 2021-07-09 00:06:23

2021-07-09 00:06:23 开始第 7 次操作

2021-07-09 00:06:23 开始操作号码 【1758102】
2021-07-09 00:06:31 GSD getOne 第 1 次 等待 1 秒
2021-07-09 00:06:32 查询号码 【1758102】，返回信息 {"status":"bad","msg":""}
2021-07-09 00:06:32 查询号码 【1758102】，GSD为【""】
2021-07-09 00:06:32 bad
2021-07-09 00:06:42 CHB 1758102?1625760392 第 1 次 等待 1 秒
2021-07-09 00:06:43 CHB 1758102?1625760392 第 1 次 获取到号码【1758102】GSD
2021-07-09 00:06:43 获取到号码【1758102】的GSD为【重庆-重庆】
2021-07-09 00:06:51 GSD insert 第 1 次 等待 1 秒
2021-07-09 00:06:52 {"status":"ok","msg":"添加成功！226507"}
2021-07-09 00:06:52 下次操作: 2021-07-09 00:07:06

2021-07-09 00:07:06 开始第 8 次操作

2021-07-09 00:07:06 开始操作号码 【1758103】
2021-07-09 00:07:11 GSD getOne 第 1 次 等待 1 秒
2021-07-09 00:07:12 查询号码 【1758103】，返回信息 {"status":"bad","msg":""}
2021-07-09 00:07:12 查询号码 【1758103】，GSD为【""】
2021-07-09 00:07:12 bad
2021-07-09 00:07:16 CHB 1758103?1625760432 第 1 次 等待 1 秒
2021-07-09 00:07:17 CHB 1758103?1625760432 第 1 次 获取到号码【1758103】GSD
2021-07-09 00:07:17 获取到号码【1758103】的GSD为【重庆-重庆】
2021-07-09 00:07:22 GSD insert 第 1 次 等待 1 秒
2021-07-09 00:07:23 {"status":"ok","msg":"添加成功！226515"}
2021-07-09 00:07:23 下次操作: 2021-07-09 00:07:33

2021-07-09 00:07:33 开始第 9 次操作

2021-07-09 00:07:33 开始操作号码 【1758104】
2021-07-09 00:07:44 GSD getOne 第 1 次 等待 1 秒
2021-07-09 00:07:45 查询号码 【1758104】，返回信息 {"status":"bad","msg":""}
2021-07-09 00:07:45 查询号码 【1758104】，GSD为【""】
2021-07-09 00:07:45 bad
2021-07-09 00:07:47 CHB 1758104?1625760465 第 1 次 等待 1 秒
2021-07-09 00:07:48 CHB 1758104?1625760465 第 1 次 获取到号码【1758104】GSD
2021-07-09 00:07:48 获取到号码【1758104】的GSD为【重庆-重庆】
2021-07-09 00:07:55 GSD insert 第 1 次 等待 1 秒
2021-07-09 00:07:56 {"status":"ok","msg":"添加成功！226520"}
2021-07-09 00:07:56 下次操作: 2021-07-09 00:08:10

2021-07-09 00:08:10 开始第 10 次操作

2021-07-09 00:08:10 开始操作号码 【1758105】
2021-07-09 00:08:14 GSD getOne 第 1 次 等待 1 秒
2021-07-09 00:08:15 查询号码 【1758105】，返回信息 {"status":"bad","msg":""}
2021-07-09 00:08:15 查询号码 【1758105】，GSD为【""】
2021-07-09 00:08:15 bad
2021-07-09 00:08:17 CHB 1758105?1625760495 第 1 次 等待 1 秒
2021-07-09 00:08:18 CHB 1758105?1625760495 第 1 次 获取到号码【1758105】GSD
2021-07-09 00:08:18 获取到号码【1758105】的GSD为【重庆-重庆】
2021-07-09 00:08:23 GSD insert 第 1 次 等待 1 秒
2021-07-09 00:08:24 {"status":"ok","msg":"添加成功！226528"}
2021-07-09 00:08:24 下次操作: 2021-07-09 00:08:37

2021-07-09 00:08:37 开始第 11 次操作

2021-07-09 00:08:37 开始操作号码 【1758106】
2021-07-09 00:08:41 GSD getOne 第 1 次 等待 1 秒
2021-07-09 00:08:42 查询号码 【1758106】，返回信息 {"status":"ok","msg":"重庆-重庆","time_insert":"2018-05-21 21:50","time_update":"2021-01-14 10:15"}
2021-07-09 00:08:42 查询号码 【1758106】，GSD为【"重庆-重庆"】

2021-07-09 00:08:42 开始第 11 次操作

2021-07-09 00:08:42 开始操作号码 【1758107】
2021-07-09 00:08:49 GSD getOne 第 1 次 等待 1 秒
2021-07-09 00:08:50 查询号码 【1758107】，返回信息 {"status":"bad","msg":""}
2021-07-09 00:08:50 查询号码 【1758107】，GSD为【""】
2021-07-09 00:08:50 bad
2021-07-09 00:08:52 CHB 1758107?1625760530 第 1 次 等待 1 秒
2021-07-09 00:08:53 CHB 1758107?1625760530 第 1 次 获取到号码【1758107】GSD
2021-07-09 00:08:53 获取到号码【1758107】的GSD为【重庆-重庆】
2021-07-09 00:08:57 GSD insert 第 1 次 等待 1 秒
2021-07-09 00:08:58 {"status":"ok","msg":"添加成功！226534"}
2021-07-09 00:08:58 下次操作: 2021-07-09 00:09:06

2021-07-09 00:09:06 开始第 12 次操作

2021-07-09 00:09:06 开始操作号码 【1758108】
2021-07-09 00:09:10 GSD getOne 第 1 次 等待 1 秒
2021-07-09 00:09:11 查询号码 【1758108】，返回信息 {"status":"bad","msg":""}
2021-07-09 00:09:11 查询号码 【1758108】，GSD为【""】
2021-07-09 00:09:11 bad
2021-07-09 00:09:13 CHB 1758108?1625760551 第 1 次 等待 1 秒
2021-07-09 00:09:14 CHB 1758108?1625760551 第 1 次 获取到号码【1758108】GSD
2021-07-09 00:09:14 获取到号码【1758108】的GSD为【重庆-重庆】
2021-07-09 00:09:19 GSD insert 第 1 次 等待 1 秒
2021-07-09 00:09:20 {"status":"ok","msg":"添加成功！226539"}
2021-07-09 00:09:20 下次操作: 2021-07-09 00:09:36

2021-07-09 00:09:36 开始第 13 次操作

2021-07-09 00:09:36 开始操作号码 【1758109】
2021-07-09 00:09:50 GSD getOne 第 1 次 等待 1 秒
2021-07-09 00:09:51 查询号码 【1758109】，返回信息 {"status":"bad","msg":""}
2021-07-09 00:09:51 查询号码 【1758109】，GSD为【""】
2021-07-09 00:09:51 bad
2021-07-09 00:09:57 CHB 1758109?1625760591 第 1 次 等待 1 秒
2021-07-09 00:09:58 CHB 1758109?1625760591 第 1 次 获取到号码【1758109】GSD
2021-07-09 00:09:58 获取到号码【1758109】的GSD为【重庆-重庆】
2021-07-09 00:10:02 GSD insert 第 1 次 等待 1 秒
2021-07-09 00:10:03 {"status":"ok","msg":"添加成功！226544"}
2021-07-09 00:10:03 下次操作: 2021-07-09 00:10:18

2021-07-09 00:10:18 开始第 14 次操作

2021-07-09 00:10:18 开始操作号码 【1758110】
2021-07-09 00:10:23 GSD getOne 第 1 次 等待 1 秒
2021-07-09 00:10:24 查询号码 【1758110】，返回信息 {"status":"bad","msg":""}
2021-07-09 00:10:24 查询号码 【1758110】，GSD为【""】
2021-07-09 00:10:24 bad
2021-07-09 00:10:30 CHB 1758110?1625760624 第 1 次 等待 1 秒
2021-07-09 00:10:31 CHB 1758110?1625760624 第 1 次 获取到号码【1758110】GSD
2021-07-09 00:10:31 获取到号码【1758110】的GSD为【重庆-重庆】
2021-07-09 00:10:39 GSD insert 第 1 次 等待 1 秒
2021-07-09 00:10:40 {"status":"ok","msg":"添加成功！226550"}
2021-07-09 00:10:40 下次操作: 2021-07-09 00:10:50

2021-07-09 00:10:50 开始第 15 次操作

2021-07-09 00:10:50 开始操作号码 【1758111】
2021-07-09 00:10:58 GSD getOne 第 1 次 等待 1 秒
2021-07-09 00:10:59 查询号码 【1758111】，返回信息 {"status":"bad","msg":""}
2021-07-09 00:10:59 查询号码 【1758111】，GSD为【""】
2021-07-09 00:10:59 bad
2021-07-09 00:11:02 CHB 1758111?1625760659 第 1 次 等待 1 秒
2021-07-09 00:11:03 CHB 1758111?1625760659 第 1 次 获取到号码【1758111】GSD
2021-07-09 00:11:04 获取到号码【1758111】的GSD为【重庆-重庆】
2021-07-09 00:11:09 GSD insert 第 1 次 等待 1 秒
2021-07-09 00:11:10 {"status":"ok","msg":"添加成功！226554"}
2021-07-09 00:11:10 下次操作: 2021-07-09 00:11:23

2021-07-09 00:11:23 开始第 16 次操作

2021-07-09 00:11:23 开始操作号码 【1758112】
2021-07-09 00:11:34 GSD getOne 第 1 次 等待 1 秒
2021-07-09 00:11:35 查询号码 【1758112】，返回信息 {"status":"bad","msg":""}
2021-07-09 00:11:36 查询号码 【1758112】，GSD为【""】
2021-07-09 00:11:36 bad
2021-07-09 00:11:43 CHB 1758112?1625760696 第 1 次 等待 1 秒
2021-07-09 00:11:44 CHB 1758112?1625760696 第 1 次 获取到号码【1758112】GSD
2021-07-09 00:11:44 获取到号码【1758112】的GSD为【重庆-重庆】
2021-07-09 00:11:48 GSD insert 第 1 次 等待 1 秒
2021-07-09 00:11:49 {"status":"ok","msg":"添加成功！226559"}
2021-07-09 00:11:49 下次操作: 2021-07-09 00:11:58

2021-07-09 00:11:58 开始第 17 次操作

2021-07-09 00:11:58 开始操作号码 【1758113】
2021-07-09 00:12:02 GSD getOne 第 1 次 等待 1 秒
2021-07-09 00:12:03 查询号码 【1758113】，返回信息 {"status":"bad","msg":""}
2021-07-09 00:12:03 查询号码 【1758113】，GSD为【""】
2021-07-09 00:12:03 bad
2021-07-09 00:12:05 CHB 1758113?1625760723 第 1 次 等待 1 秒
2021-07-09 00:12:06 CHB 1758113?1625760723 第 1 次 获取到号码【1758113】GSD
2021-07-09 00:12:06 获取到号码【1758113】的GSD为【重庆-重庆】
2021-07-09 00:12:10 GSD insert 第 1 次 等待 1 秒
2021-07-09 00:12:11 {"status":"ok","msg":"添加成功！226562"}
2021-07-09 00:12:11 下次操作: 2021-07-09 00:12:29

2021-07-09 00:12:29 开始第 18 次操作

2021-07-09 00:12:29 开始操作号码 【1758114】
2021-07-09 00:12:33 GSD getOne 第 1 次 等待 1 秒
2021-07-09 00:12:34 查询号码 【1758114】，返回信息 {"status":"bad","msg":""}
2021-07-09 00:12:34 查询号码 【1758114】，GSD为【""】
2021-07-09 00:12:34 bad
2021-07-09 00:12:36 CHB 1758114?1625760754 第 1 次 等待 1 秒
2021-07-09 00:12:37 CHB 1758114?1625760754 第 1 次 获取到号码【1758114】GSD
2021-07-09 00:12:37 获取到号码【1758114】的GSD为【重庆-重庆】
2021-07-09 00:12:41 GSD insert 第 1 次 等待 1 秒
2021-07-09 00:12:42 {"status":"ok","msg":"添加成功！226565"}
2021-07-09 00:12:42 下次操作: 2021-07-09 00:12:53

2021-07-09 00:12:53 开始第 19 次操作

2021-07-09 00:12:53 开始操作号码 【1758115】
2021-07-09 00:12:58 GSD getOne 第 1 次 等待 1 秒
2021-07-09 00:12:59 查询号码 【1758115】，返回信息 {"status":"bad","msg":""}
2021-07-09 00:13:00 查询号码 【1758115】，GSD为【""】
2021-07-09 00:13:00 bad
2021-07-09 00:13:03 CHB 1758115?1625760780 第 1 次 等待 1 秒
2021-07-09 00:13:04 CHB 1758115?1625760780 第 1 次 获取到号码【1758115】GSD
2021-07-09 00:13:04 获取到号码【1758115】的GSD为【重庆-重庆】
2021-07-09 00:13:09 GSD insert 第 1 次 等待 1 秒
2021-07-09 00:13:10 {"status":"ok","msg":"添加成功！226569"}
2021-07-09 00:13:10 下次操作: 2021-07-09 00:13:28

2021-07-09 00:13:28 开始第 20 次操作

2021-07-09 00:13:28 开始操作号码 【1758116】
2021-07-09 00:13:35 GSD getOne 第 1 次 等待 1 秒
2021-07-09 00:13:36 查询号码 【1758116】，返回信息 {"status":"bad","msg":""}
2021-07-09 00:13:36 查询号码 【1758116】，GSD为【""】
2021-07-09 00:13:36 bad
2021-07-09 00:13:40 CHB 1758116?1625760816 第 1 次 等待 1 秒
2021-07-09 00:13:41 CHB 1758116?1625760816 第 1 次 获取到号码【1758116】GSD
2021-07-09 00:13:41 获取到号码【1758116】的GSD为【重庆-重庆】
2021-07-09 00:13:45 GSD insert 第 1 次 等待 1 秒
2021-07-09 00:13:46 {"status":"ok","msg":"添加成功！226572"}
2021-07-09 00:13:46 下次操作: 2021-07-09 00:14:03

2021-07-09 00:14:03 开始第 21 次操作

2021-07-09 00:14:03 开始操作号码 【1758117】
2021-07-09 00:14:08 GSD getOne 第 1 次 等待 1 秒
2021-07-09 00:14:09 查询号码 【1758117】，返回信息 {"status":"bad","msg":""}
2021-07-09 00:14:09 查询号码 【1758117】，GSD为【""】
2021-07-09 00:14:09 bad
2021-07-09 00:14:23 CHB 1758117?1625760849 第 1 次 等待 1 秒
2021-07-09 00:14:24 CHB 1758117?1625760849 第 1 次 获取到号码【1758117】GSD
2021-07-09 00:14:24 获取到号码【1758117】的GSD为【重庆-重庆】
2021-07-09 00:14:28 GSD insert 第 1 次 等待 1 秒
2021-07-09 00:14:29 {"status":"ok","msg":"添加成功！226579"}
2021-07-09 00:14:29 下次操作: 2021-07-09 00:14:39

2021-07-09 00:14:39 开始第 22 次操作

2021-07-09 00:14:39 开始操作号码 【1758118】
2021-07-09 00:15:06 GSD getOne 第 1 次 等待 1 秒
2021-07-09 00:15:07 查询号码 【1758118】，返回信息 {"status":"bad","msg":""}
2021-07-09 00:15:07 查询号码 【1758118】，GSD为【""】
2021-07-09 00:15:07 bad
2021-07-09 00:15:11 CHB 1758118?1625760907 第 1 次 等待 1 秒
2021-07-09 00:15:12 CHB 1758118?1625760907 第 1 次 获取到号码【1758118】GSD
2021-07-09 00:15:12 获取到号码【1758118】的GSD为【重庆-重庆】
2021-07-09 00:15:19 GSD insert 第 1 次 等待 1 秒
2021-07-09 00:15:20 {"status":"ok","msg":"添加成功！226585"}
2021-07-09 00:15:20 下次操作: 2021-07-09 00:15:32

2021-07-09 00:15:32 开始第 23 次操作

2021-07-09 00:15:32 开始操作号码 【1758119】
2021-07-09 00:15:38 GSD getOne 第 1 次 等待 1 秒
2021-07-09 00:15:39 查询号码 【1758119】，返回信息 {"status":"bad","msg":""}
2021-07-09 00:15:39 查询号码 【1758119】，GSD为【""】
2021-07-09 00:15:39 bad
2021-07-09 00:15:41 CHB 1758119?1625760939 第 1 次 等待 1 秒
2021-07-09 00:15:42 CHB 1758119?1625760939 第 1 次 获取到号码【1758119】GSD
2021-07-09 00:15:42 获取到号码【1758119】的GSD为【重庆-重庆】
2021-07-09 00:15:46 GSD insert 第 1 次 等待 1 秒
2021-07-09 00:15:47 {"status":"ok","msg":"添加成功！226588"}
2021-07-09 00:15:47 下次操作: 2021-07-09 00:16:03

2021-07-09 00:16:03 开始第 24 次操作

2021-07-09 00:16:03 开始操作号码 【1758120】
2021-07-09 00:16:11 GSD getOne 第 1 次 等待 1 秒
2021-07-09 00:16:12 查询号码 【1758120】，返回信息 {"status":"bad","msg":""}
2021-07-09 00:16:12 查询号码 【1758120】，GSD为【""】
2021-07-09 00:16:12 bad
2021-07-09 00:16:14 CHB 1758120?1625760972 第 1 次 等待 1 秒
2021-07-09 00:16:15 CHB 1758120?1625760972 第 1 次 获取到号码【1758120】GSD
2021-07-09 00:16:15 获取到号码【1758120】的GSD为【吉林-长春】
2021-07-09 00:16:19 GSD insert 第 1 次 等待 1 秒
2021-07-09 00:16:20 {"status":"ok","msg":"添加成功！226593"}
2021-07-09 00:16:20 下次操作: 2021-07-09 00:16:30

2021-07-09 00:16:30 开始第 25 次操作

2021-07-09 00:16:30 开始操作号码 【1758121】
2021-07-09 00:16:35 GSD getOne 第 1 次 等待 1 秒
2021-07-09 00:16:36 查询号码 【1758121】，返回信息 {"status":"bad","msg":""}
2021-07-09 00:16:36 查询号码 【1758121】，GSD为【""】
2021-07-09 00:16:36 bad
2021-07-09 00:16:43 CHB 1758121?1625760996 第 1 次 等待 1 秒
2021-07-09 00:16:44 CHB 1758121?1625760996 第 1 次 获取到号码【1758121】GSD
2021-07-09 00:16:44 获取到号码【1758121】的GSD为【吉林-长春】
2021-07-09 00:16:47 GSD insert 第 1 次 等待 1 秒
2021-07-09 00:16:48 {"status":"ok","msg":"添加成功！226596"}
2021-07-09 00:16:48 下次操作: 2021-07-09 00:16:55

2021-07-09 00:16:55 开始第 26 次操作

2021-07-09 00:16:56 开始操作号码 【1758122】
2021-07-09 00:17:01 GSD getOne 第 1 次 等待 1 秒
2021-07-09 00:17:02 查询号码 【1758122】，返回信息 {"status":"bad","msg":""}
2021-07-09 00:17:02 查询号码 【1758122】，GSD为【""】
2021-07-09 00:17:02 bad
2021-07-09 00:17:10 CHB 1758122?1625761022 第 1 次 等待 1 秒
2021-07-09 00:17:11 CHB 1758122?1625761022 第 1 次 获取到号码【1758122】GSD
2021-07-09 00:17:11 获取到号码【1758122】的GSD为【吉林-长春】
2021-07-09 00:17:18 GSD insert 第 1 次 等待 1 秒
2021-07-09 00:17:19 {"status":"ok","msg":"添加成功！226601"}
2021-07-09 00:17:19 下次操作: 2021-07-09 00:17:37

2021-07-09 00:17:37 开始第 27 次操作

2021-07-09 00:17:37 开始操作号码 【1758123】
2021-07-09 00:17:41 GSD getOne 第 1 次 等待 1 秒
2021-07-09 00:17:42 查询号码 【1758123】，返回信息 {"status":"bad","msg":""}
2021-07-09 00:17:42 查询号码 【1758123】，GSD为【""】
2021-07-09 00:17:42 bad
2021-07-09 00:17:52 CHB 1758123?1625761062 第 1 次 等待 1 秒
2021-07-09 00:17:53 CHB 1758123?1625761062 第 1 次 获取到号码【1758123】GSD
2021-07-09 00:17:53 获取到号码【1758123】的GSD为【吉林-长春】
2021-07-09 00:18:02 GSD insert 第 1 次 等待 1 秒
2021-07-09 00:18:03 {"status":"ok","msg":"添加成功！226608"}
2021-07-09 00:18:03 下次操作: 2021-07-09 00:18:20

2021-07-09 00:18:20 开始第 28 次操作

2021-07-09 00:18:20 开始操作号码 【1758124】
2021-07-09 00:18:27 GSD getOne 第 1 次 等待 1 秒
2021-07-09 00:18:28 查询号码 【1758124】，返回信息 {"status":"bad","msg":""}
2021-07-09 00:18:28 查询号码 【1758124】，GSD为【""】
2021-07-09 00:18:28 bad
2021-07-09 00:18:36 CHB 1758124?1625761108 第 1 次 等待 1 秒
2021-07-09 00:18:37 CHB 1758124?1625761108 第 1 次 获取到号码【1758124】GSD
2021-07-09 00:18:38 获取到号码【1758124】的GSD为【吉林-长春】
2021-07-09 00:18:41 GSD insert 第 1 次 等待 1 秒
2021-07-09 00:18:42 {"status":"ok","msg":"添加成功！226614"}
2021-07-09 00:18:42 下次操作: 2021-07-09 00:18:55

2021-07-09 00:18:55 开始第 29 次操作

2021-07-09 00:18:55 开始操作号码 【1758125】
2021-07-09 00:19:04 GSD getOne 第 1 次 等待 1 秒
2021-07-09 00:19:05 查询号码 【1758125】，返回信息 {"status":"bad","msg":""}
2021-07-09 00:19:05 查询号码 【1758125】，GSD为【""】
2021-07-09 00:19:05 bad
2021-07-09 00:19:13 CHB 1758125?1625761145 第 1 次 等待 1 秒
2021-07-09 00:19:14 CHB 1758125?1625761145 第 1 次 获取到号码【1758125】GSD
2021-07-09 00:19:14 获取到号码【1758125】的GSD为【吉林-通化】
2021-07-09 00:19:18 GSD insert 第 1 次 等待 1 秒
2021-07-09 00:19:19 {"status":"ok","msg":"添加成功！226617"}
2021-07-09 00:19:19 下次操作: 2021-07-09 00:19:32

2021-07-09 00:19:32 开始第 30 次操作

2021-07-09 00:19:32 开始操作号码 【1758126】
2021-07-09 00:19:38 GSD getOne 第 1 次 等待 1 秒
2021-07-09 00:19:39 查询号码 【1758126】，返回信息 {"status":"bad","msg":""}
2021-07-09 00:19:39 查询号码 【1758126】，GSD为【""】
2021-07-09 00:19:39 bad
2021-07-09 00:19:41 CHB 1758126?1625761179 第 1 次 等待 1 秒
2021-07-09 00:19:42 CHB 1758126?1625761179 第 1 次 获取到号码【1758126】GSD
2021-07-09 00:19:42 获取到号码【1758126】的GSD为【吉林-白城】
2021-07-09 00:19:46 GSD insert 第 1 次 等待 1 秒
2021-07-09 00:19:47 {"status":"ok","msg":"添加成功！226619"}

