2023-11-27 00:08:34 开始第 101 次操作
2023-11-27 00:08:34 号码【197（0000 ---> 9999）】处理完毕
2023-11-27 00:34:34 开始第 101 次操作
2023-11-27 00:34:34 号码【197（0000 ---> 9999）】处理完毕
2023-11-27 01:06:23 开始第 101 次操作
2023-11-27 01:06:23 号码【197（0000 ---> 9999）】处理完毕
2023-11-27 01:32:17 开始第 101 次操作
2023-11-27 01:32:17 号码【197（0000 ---> 9999）】处理完毕
2023-11-27 02:08:39 开始第 101 次操作
2023-11-27 02:08:39 号码【197（0000 ---> 9999）】处理完毕
2023-11-27 02:32:42 开始第 101 次操作
2023-11-27 02:32:42 号码【197（0000 ---> 9999）】处理完毕
2023-11-27 03:05:49 开始第 101 次操作
2023-11-27 03:05:49 号码【197（0000 ---> 9999）】处理完毕
2023-11-27 03:32:03 开始第 101 次操作
2023-11-27 03:32:03 号码【197（0000 ---> 9999）】处理完毕
2023-11-27 04:07:40 开始第 101 次操作
2023-11-27 04:07:40 号码【197（0000 ---> 9999）】处理完毕
2023-11-27 04:32:23 开始第 101 次操作
2023-11-27 04:32:23 号码【197（0000 ---> 9999）】处理完毕
2023-11-27 05:06:49 开始第 101 次操作
2023-11-27 05:06:49 号码【197（0000 ---> 9999）】处理完毕
2023-11-27 05:32:35 开始第 101 次操作
2023-11-27 05:32:35 号码【197（0000 ---> 9999）】处理完毕
2023-11-27 06:06:41 开始第 101 次操作
2023-11-27 06:06:41 号码【197（0000 ---> 9999）】处理完毕
2023-11-27 06:32:06 开始第 101 次操作
2023-11-27 06:32:06 号码【197（0000 ---> 9999）】处理完毕
2023-11-27 07:07:20 开始第 101 次操作
2023-11-27 07:07:20 号码【197（0000 ---> 9999）】处理完毕
2023-11-27 07:32:30 开始第 101 次操作
2023-11-27 07:32:30 号码【197（0000 ---> 9999）】处理完毕
2023-11-27 08:37:24 开始第 101 次操作
2023-11-27 08:37:24 号码【197（0000 ---> 9999）】处理完毕
2023-11-27 09:49:36 开始第 101 次操作
2023-11-27 09:49:36 号码【197（0000 ---> 9999）】处理完毕
2023-11-27 09:56:22 开始第 101 次操作

2023-11-27 09:56:22 开始操作号码 【1870001】
2023-11-27 09:56:26 GSD getOne 第 1 次 等待 3 秒
2023-11-27 09:56:29 查询号码 【1870001】，返回信息 {"status":"ok","msg":"陕西-咸阳","gid":"337383","time_insert":"2021-07-20 14:28"}
2023-11-27 09:56:29 查询号码 【1870001】，GSD为【"陕西-咸阳"】

2023-11-27 09:56:30 开始第 102 次操作

2023-11-27 09:56:30 开始操作号码 【1870002】
2023-11-27 09:56:34 GSD getOne 第 1 次 等待 3 秒
2023-11-27 09:56:37 查询号码 【1870002】，返回信息 {"status":"ok","msg":"陕西-咸阳","gid":"41572","time_insert":"2017-01-18 20:48","time_update":"2020-12-10 11:43"}
2023-11-27 09:56:37 查询号码 【1870002】，GSD为【"陕西-咸阳"】

2023-11-27 09:56:38 开始第 103 次操作

2023-11-27 09:56:38 开始操作号码 【1870003】
2023-11-27 09:56:41 GSD getOne 第 1 次 等待 3 秒
2023-11-27 09:56:44 查询号码 【1870003】，返回信息 {"status":"ok","msg":"陕西-咸阳","gid":"41573","time_insert":"2018-03-05 15:52","time_update":"2020-12-10 11:00"}
2023-11-27 09:56:44 查询号码 【1870003】，GSD为【"陕西-咸阳"】

2023-11-27 09:56:45 开始第 104 次操作

2023-11-27 09:56:45 开始操作号码 【1870004】
2023-11-27 09:56:49 GSD getOne 第 1 次 等待 3 秒
2023-11-27 09:56:52 查询号码 【1870004】，返回信息 {"status":"ok","msg":"陕西-咸阳","gid":"337431","time_insert":"2021-07-20 14:43"}
2023-11-27 09:56:52 查询号码 【1870004】，GSD为【"陕西-咸阳"】

