2021-07-01 00:00:05 开始第 11 次操作

2021-07-01 00:00:05 开始操作号码 【1752835】
2021-07-01 00:00:12 GSD getOne 第 1 次 等待 1 秒
2021-07-01 00:00:13 查询号码 【1752835】，返回信息 {"status":"bad","msg":""}
2021-07-01 00:00:13 查询号码 【1752835】，GSD为【""】
2021-07-01 00:00:13 bad
2021-07-01 00:00:14 CHB 1752835?1625068813 第 1 次 等待 1 秒
2021-07-01 00:00:15 CHB 1752835?1625068813 第 1 次 获取到号码【1752835】GSD
2021-07-01 00:00:15 获取到号码【1752835】的GSD为【河南-周口】
2021-07-01 00:00:24 GSD insert 第 1 次 等待 1 秒
2021-07-01 00:00:25 {"status":"ok","msg":"添加成功！163003"}
2021-07-01 00:00:25 下次操作: 2021-07-01 00:00:41

2021-07-01 00:00:41 开始第 12 次操作

2021-07-01 00:00:41 开始操作号码 【1752836】
2021-07-01 00:00:44 GSD getOne 第 1 次 等待 1 秒
2021-07-01 00:00:46 查询号码 【1752836】，返回信息 {"status":"bad","msg":""}
2021-07-01 00:00:46 查询号码 【1752836】，GSD为【""】
2021-07-01 00:00:46 bad
2021-07-01 00:00:51 CHB 1752836?1625068846 第 1 次 等待 1 秒
2021-07-01 00:00:52 CHB 1752836?1625068846 第 1 次 获取到号码【1752836】GSD
2021-07-01 00:00:52 获取到号码【1752836】的GSD为【河南-周口】
2021-07-01 00:00:56 GSD insert 第 1 次 等待 1 秒
2021-07-01 00:00:57 {"status":"ok","msg":"添加成功！163007"}
2021-07-01 00:00:57 下次操作: 2021-07-01 00:01:04

2021-07-01 00:01:04 开始第 13 次操作

2021-07-01 00:01:04 开始操作号码 【1752837】
2021-07-01 00:01:09 GSD getOne 第 1 次 等待 1 秒
2021-07-01 00:01:10 查询号码 【1752837】，返回信息 {"status":"bad","msg":""}
2021-07-01 00:01:10 查询号码 【1752837】，GSD为【""】
2021-07-01 00:01:10 bad
2021-07-01 00:01:11 CHB 1752837?1625068870 第 1 次 等待 1 秒
2021-07-01 00:01:12 CHB 1752837?1625068870 第 1 次 获取到号码【1752837】GSD
2021-07-01 00:01:13 获取到号码【1752837】的GSD为【河南-周口】
2021-07-01 00:01:17 GSD insert 第 1 次 等待 1 秒
2021-07-01 00:01:18 {"status":"ok","msg":"添加成功！163011"}
2021-07-01 00:01:18 下次操作: 2021-07-01 00:01:27

2021-07-01 00:01:27 开始第 14 次操作

2021-07-01 00:01:27 开始操作号码 【1752838】
2021-07-01 00:01:31 GSD getOne 第 1 次 等待 1 秒
2021-07-01 00:01:32 查询号码 【1752838】，返回信息 {"status":"bad","msg":""}
2021-07-01 00:01:32 查询号码 【1752838】，GSD为【""】
2021-07-01 00:01:32 bad
2021-07-01 00:01:36 CHB 1752838?1625068892 第 1 次 等待 1 秒
2021-07-01 00:01:37 CHB 1752838?1625068892 第 1 次 获取到号码【1752838】GSD
2021-07-01 00:01:37 获取到号码【1752838】的GSD为【河南-周口】
2021-07-01 00:01:41 GSD insert 第 1 次 等待 1 秒
2021-07-01 00:01:42 {"status":"ok","msg":"添加成功！163012"}
2021-07-01 00:01:42 下次操作: 2021-07-01 00:01:50

2021-07-01 00:01:50 开始第 15 次操作

2021-07-01 00:01:50 开始操作号码 【1752839】
2021-07-01 00:01:54 GSD getOne 第 1 次 等待 1 秒
2021-07-01 00:01:55 查询号码 【1752839】，返回信息 {"status":"bad","msg":""}
2021-07-01 00:01:55 查询号码 【1752839】，GSD为【""】
2021-07-01 00:01:55 bad
2021-07-01 00:01:56 CHB 1752839?1625068915 第 1 次 等待 1 秒
2021-07-01 00:01:57 CHB 1752839?1625068915 第 1 次 获取到号码【1752839】GSD
2021-07-01 00:01:57 获取到号码【1752839】的GSD为【河南-周口】
2021-07-01 00:02:05 GSD insert 第 1 次 等待 1 秒
2021-07-01 00:02:06 {"status":"ok","msg":"添加成功！163016"}
2021-07-01 00:02:06 下次操作: 2021-07-01 00:02:23

2021-07-01 00:02:23 开始第 16 次操作

2021-07-01 00:02:23 开始操作号码 【1752840】
2021-07-01 00:02:28 GSD getOne 第 1 次 等待 1 秒
2021-07-01 00:02:29 查询号码 【1752840】，返回信息 {"status":"bad","msg":""}
2021-07-01 00:02:29 查询号码 【1752840】，GSD为【""】
2021-07-01 00:02:29 bad
2021-07-01 00:02:30 CHB 1752840?1625068949 第 1 次 等待 1 秒
2021-07-01 00:02:31 CHB 1752840?1625068949 第 1 次 获取到号码【1752840】GSD
2021-07-01 00:02:31 获取到号码【1752840】的GSD为【山东-聊城】
2021-07-01 00:02:35 GSD insert 第 1 次 等待 1 秒
2021-07-01 00:02:36 {"status":"ok","msg":"添加成功！163019"}
2021-07-01 00:02:36 下次操作: 2021-07-01 00:02:45

2021-07-01 00:02:45 开始第 17 次操作

2021-07-01 00:02:45 开始操作号码 【1752841】
2021-07-01 00:02:49 GSD getOne 第 1 次 等待 1 秒
2021-07-01 00:02:50 查询号码 【1752841】，返回信息 {"status":"bad","msg":""}
2021-07-01 00:02:50 查询号码 【1752841】，GSD为【""】
2021-07-01 00:02:50 bad
2021-07-01 00:02:51 CHB 1752841?1625068970 第 1 次 等待 1 秒
2021-07-01 00:02:52 CHB 1752841?1625068970 第 1 次 获取到号码【1752841】GSD
2021-07-01 00:02:52 获取到号码【1752841】的GSD为【山东-聊城】
2021-07-01 00:02:56 GSD insert 第 1 次 等待 1 秒
2021-07-01 00:02:57 {"status":"ok","msg":"添加成功！163022"}
2021-07-01 00:02:57 下次操作: 2021-07-01 00:03:04

2021-07-01 00:03:04 开始第 18 次操作

2021-07-01 00:03:04 开始操作号码 【1752842】
2021-07-01 00:03:14 GSD getOne 第 1 次 等待 1 秒
2021-07-01 00:03:15 查询号码 【1752842】，返回信息 {"status":"bad","msg":""}
2021-07-01 00:03:15 查询号码 【1752842】，GSD为【""】
2021-07-01 00:03:15 bad
2021-07-01 00:03:17 CHB 1752842?1625068995 第 1 次 等待 1 秒
2021-07-01 00:03:18 CHB 1752842?1625068995 第 1 次 获取到号码【1752842】GSD
2021-07-01 00:03:18 获取到号码【1752842】的GSD为【山东-聊城】
2021-07-01 00:03:21 GSD insert 第 1 次 等待 1 秒
2021-07-01 00:03:22 {"status":"ok","msg":"添加成功！163027"}
2021-07-01 00:03:22 下次操作: 2021-07-01 00:03:36

2021-07-01 00:03:36 开始第 19 次操作

2021-07-01 00:03:36 开始操作号码 【1752843】
2021-07-01 00:03:40 GSD getOne 第 1 次 等待 1 秒
2021-07-01 00:03:41 查询号码 【1752843】，返回信息 {"status":"bad","msg":""}
2021-07-01 00:03:41 查询号码 【1752843】，GSD为【""】
2021-07-01 00:03:41 bad
2021-07-01 00:03:42 CHB 1752843?1625069021 第 1 次 等待 1 秒
2021-07-01 00:03:43 CHB 1752843?1625069021 第 1 次 获取到号码【1752843】GSD
2021-07-01 00:03:44 获取到号码【1752843】的GSD为【山东-枣庄】
2021-07-01 00:03:48 GSD insert 第 1 次 等待 1 秒
2021-07-01 00:03:49 {"status":"ok","msg":"添加成功！163030"}
2021-07-01 00:03:49 下次操作: 2021-07-01 00:03:58

2021-07-01 00:03:58 开始第 20 次操作

2021-07-01 00:03:58 开始操作号码 【1752844】
2021-07-01 00:04:03 GSD getOne 第 1 次 等待 1 秒
2021-07-01 00:04:04 查询号码 【1752844】，返回信息 {"status":"bad","msg":""}
2021-07-01 00:04:04 查询号码 【1752844】，GSD为【""】
2021-07-01 00:04:04 bad
2021-07-01 00:04:05 CHB 1752844?1625069044 第 1 次 等待 1 秒
2021-07-01 00:04:06 CHB 1752844?1625069044 第 1 次 获取到号码【1752844】GSD
2021-07-01 00:04:06 获取到号码【1752844】的GSD为【山东-枣庄】
2021-07-01 00:04:10 GSD insert 第 1 次 等待 1 秒
2021-07-01 00:04:11 {"status":"ok","msg":"添加成功！163034"}
2021-07-01 00:04:11 下次操作: 2021-07-01 00:04:20

2021-07-01 00:04:20 开始第 21 次操作

2021-07-01 00:04:20 开始操作号码 【1752845】
2021-07-01 00:04:28 GSD getOne 第 1 次 等待 1 秒
2021-07-01 00:04:29 查询号码 【1752845】，返回信息 {"status":"bad","msg":""}
2021-07-01 00:04:29 查询号码 【1752845】，GSD为【""】
2021-07-01 00:04:29 bad
2021-07-01 00:04:30 CHB 1752845?1625069069 第 1 次 等待 1 秒
2021-07-01 00:04:31 CHB 1752845?1625069069 第 1 次 获取到号码【1752845】GSD
2021-07-01 00:04:31 获取到号码【1752845】的GSD为【山东-枣庄】
2021-07-01 00:04:35 GSD insert 第 1 次 等待 1 秒
2021-07-01 00:04:36 {"status":"ok","msg":"添加成功！163038"}
2021-07-01 00:04:36 下次操作: 2021-07-01 00:04:51

2021-07-01 00:04:51 开始第 22 次操作

2021-07-01 00:04:51 开始操作号码 【1752846】
2021-07-01 00:04:55 GSD getOne 第 1 次 等待 1 秒
2021-07-01 00:04:56 查询号码 【1752846】，返回信息 {"status":"bad","msg":""}
2021-07-01 00:04:56 查询号码 【1752846】，GSD为【""】
2021-07-01 00:04:56 bad
2021-07-01 00:04:57 CHB 1752846?1625069096 第 1 次 等待 1 秒
2021-07-01 00:04:58 CHB 1752846?1625069096 第 1 次 获取到号码【1752846】GSD
2021-07-01 00:04:58 获取到号码【1752846】的GSD为【山东-滨州】
2021-07-01 00:05:02 GSD insert 第 1 次 等待 1 秒
2021-07-01 00:05:03 {"status":"ok","msg":"添加成功！163041"}
2021-07-01 00:05:03 下次操作: 2021-07-01 00:05:20

2021-07-01 00:05:20 开始第 23 次操作

2021-07-01 00:05:20 开始操作号码 【1752847】
2021-07-01 00:05:25 GSD getOne 第 1 次 等待 1 秒
2021-07-01 00:05:26 查询号码 【1752847】，返回信息 {"status":"bad","msg":""}
2021-07-01 00:05:26 查询号码 【1752847】，GSD为【""】
2021-07-01 00:05:26 bad
2021-07-01 00:05:27 CHB 1752847?1625069126 第 1 次 等待 1 秒
2021-07-01 00:05:28 CHB 1752847?1625069126 第 1 次 获取到号码【1752847】GSD
2021-07-01 00:05:28 获取到号码【1752847】的GSD为【山东-滨州】
2021-07-01 00:05:32 GSD insert 第 1 次 等待 1 秒
2021-07-01 00:05:33 {"status":"ok","msg":"添加成功！163045"}
2021-07-01 00:05:33 下次操作: 2021-07-01 00:05:49

2021-07-01 00:05:49 开始第 24 次操作

2021-07-01 00:05:49 开始操作号码 【1752848】
2021-07-01 00:05:54 GSD getOne 第 1 次 等待 1 秒
2021-07-01 00:05:55 查询号码 【1752848】，返回信息 {"status":"bad","msg":""}
2021-07-01 00:05:55 查询号码 【1752848】，GSD为【""】
2021-07-01 00:05:55 bad
2021-07-01 00:05:56 CHB 1752848?1625069155 第 1 次 等待 1 秒
2021-07-01 00:05:57 CHB 1752848?1625069155 第 1 次 获取到号码【1752848】GSD
2021-07-01 00:05:57 获取到号码【1752848】的GSD为【山东-莱芜】
2021-07-01 00:06:02 GSD insert 第 1 次 等待 1 秒
2021-07-01 00:06:03 {"status":"ok","msg":"添加成功！163051"}
2021-07-01 00:06:03 下次操作: 2021-07-01 00:06:14

2021-07-01 00:06:14 开始第 25 次操作

2021-07-01 00:06:14 开始操作号码 【1752849】
2021-07-01 00:06:18 GSD getOne 第 1 次 等待 1 秒
2021-07-01 00:06:19 查询号码 【1752849】，返回信息 {"status":"bad","msg":""}
2021-07-01 00:06:19 查询号码 【1752849】，GSD为【""】
2021-07-01 00:06:19 bad
2021-07-01 00:06:20 CHB 1752849?1625069179 第 1 次 等待 1 秒
2021-07-01 00:06:21 CHB 1752849?1625069179 第 1 次 获取到号码【1752849】GSD
2021-07-01 00:06:21 获取到号码【1752849】的GSD为【山东-莱芜】
2021-07-01 00:06:25 GSD insert 第 1 次 等待 1 秒
2021-07-01 00:06:26 {"status":"ok","msg":"添加成功！163055"}
2021-07-01 00:06:26 下次操作: 2021-07-01 00:06:41

2021-07-01 00:06:41 开始第 26 次操作

2021-07-01 00:06:41 开始操作号码 【1752850】
2021-07-01 00:06:45 GSD getOne 第 1 次 等待 1 秒
2021-07-01 00:06:46 查询号码 【1752850】，返回信息 {"status":"bad","msg":""}
2021-07-01 00:06:46 查询号码 【1752850】，GSD为【""】
2021-07-01 00:06:46 bad
2021-07-01 00:06:48 CHB 1752850?1625069206 第 1 次 等待 1 秒
2021-07-01 00:06:49 CHB 1752850?1625069206 第 1 次 获取到号码【1752850】GSD
2021-07-01 00:06:50 获取到号码【1752850】的GSD为【山东-菏泽】
2021-07-01 00:06:57 GSD insert 第 1 次 等待 1 秒
2021-07-01 00:06:58 {"status":"ok","msg":"添加成功！163058"}
2021-07-01 00:06:58 下次操作: 2021-07-01 00:07:14

2021-07-01 00:07:14 开始第 27 次操作

2021-07-01 00:07:14 开始操作号码 【1752851】
2021-07-01 00:07:22 GSD getOne 第 1 次 等待 1 秒
2021-07-01 00:07:23 查询号码 【1752851】，返回信息 {"status":"bad","msg":""}
2021-07-01 00:07:23 查询号码 【1752851】，GSD为【""】
2021-07-01 00:07:23 bad
2021-07-01 00:07:25 CHB 1752851?1625069243 第 1 次 等待 1 秒
2021-07-01 00:07:26 CHB 1752851?1625069243 第 1 次 获取到号码【1752851】GSD
2021-07-01 00:07:26 获取到号码【1752851】的GSD为【山东-菏泽】
2021-07-01 00:07:29 GSD insert 第 1 次 等待 1 秒
2021-07-01 00:07:30 {"status":"ok","msg":"添加成功！163062"}
2021-07-01 00:07:30 下次操作: 2021-07-01 00:07:42

2021-07-01 00:07:42 开始第 28 次操作

2021-07-01 00:07:42 开始操作号码 【1752852】
2021-07-01 00:07:47 GSD getOne 第 1 次 等待 1 秒
2021-07-01 00:07:48 查询号码 【1752852】，返回信息 {"status":"bad","msg":""}
2021-07-01 00:07:49 查询号码 【1752852】，GSD为【""】
2021-07-01 00:07:49 bad
2021-07-01 00:07:50 CHB 1752852?1625069269 第 1 次 等待 1 秒
2021-07-01 00:07:51 CHB 1752852?1625069269 第 1 次 获取到号码【1752852】GSD
2021-07-01 00:07:51 获取到号码【1752852】的GSD为【山东-菏泽】
2021-07-01 00:07:55 GSD insert 第 1 次 等待 1 秒
2021-07-01 00:07:56 {"status":"ok","msg":"添加成功！163065"}
2021-07-01 00:07:56 下次操作: 2021-07-01 00:08:05

2021-07-01 00:08:05 开始第 29 次操作

2021-07-01 00:08:05 开始操作号码 【1752853】
2021-07-01 00:08:10 GSD getOne 第 1 次 等待 1 秒
2021-07-01 00:08:11 查询号码 【1752853】，返回信息 {"status":"bad","msg":""}
2021-07-01 00:08:11 查询号码 【1752853】，GSD为【""】
2021-07-01 00:08:11 bad
2021-07-01 00:08:13 CHB 1752853?1625069291 第 1 次 等待 1 秒
2021-07-01 00:08:14 CHB 1752853?1625069291 第 1 次 获取到号码【1752853】GSD
2021-07-01 00:08:14 获取到号码【1752853】的GSD为【山东-菏泽】
2021-07-01 00:08:18 GSD insert 第 1 次 等待 1 秒
2021-07-01 00:08:19 {"status":"ok","msg":"添加成功！163069"}
2021-07-01 00:08:19 下次操作: 2021-07-01 00:08:31

2021-07-01 00:08:31 开始第 30 次操作

2021-07-01 00:08:31 开始操作号码 【1752854】
2021-07-01 00:08:35 GSD getOne 第 1 次 等待 1 秒
2021-07-01 00:08:36 查询号码 【1752854】，返回信息 {"status":"bad","msg":""}
2021-07-01 00:08:36 查询号码 【1752854】，GSD为【""】
2021-07-01 00:08:36 bad
2021-07-01 00:08:37 CHB 1752854?1625069316 第 1 次 等待 1 秒
2021-07-01 00:08:38 CHB 1752854?1625069316 第 1 次 获取到号码【1752854】GSD
2021-07-01 00:08:38 获取到号码【1752854】的GSD为【山东-菏泽】
2021-07-01 00:08:42 GSD insert 第 1 次 等待 1 秒
2021-07-01 00:08:43 {"status":"ok","msg":"添加成功！163071"}

2021-07-01 01:39:44 开始第 1 次操作

2021-07-01 01:39:44 开始操作号码 【1752855】
2021-07-01 01:39:48 GSD getOne 第 1 次 等待 1 秒
2021-07-01 01:39:49 查询号码 【1752855】，返回信息 {"status":"ok","msg":"山东-菏泽","time_insert":"2021-07-01 00:30"}
2021-07-01 01:39:49 查询号码 【1752855】，GSD为【"山东-菏泽"】

2021-07-01 01:39:49 开始第 1 次操作

2021-07-01 01:39:49 开始操作号码 【1752856】
2021-07-01 01:40:08 GSD getOne 第 1 次 等待 1 秒
2021-07-01 01:40:09 查询号码 【1752856】，返回信息 {"status":"ok","msg":"山东-菏泽","time_insert":"2021-07-01 00:30"}
2021-07-01 01:40:09 查询号码 【1752856】，GSD为【"山东-菏泽"】

2021-07-01 01:40:09 开始第 1 次操作

2021-07-01 01:40:09 开始操作号码 【1752857】
2021-07-01 01:40:28 GSD getOne 第 1 次 等待 1 秒
2021-07-01 01:40:29 查询号码 【1752857】，返回信息 {"status":"ok","msg":"山东-菏泽","time_insert":"2021-07-01 00:31"}
2021-07-01 01:40:29 查询号码 【1752857】，GSD为【"山东-菏泽"】

2021-07-01 01:40:29 开始第 1 次操作

2021-07-01 01:40:29 开始操作号码 【1752858】
2021-07-01 01:40:50 GSD getOne 第 1 次 等待 1 秒
2021-07-01 01:40:51 查询号码 【1752858】，返回信息 {"status":"ok","msg":"山东-菏泽","time_insert":"2021-07-01 00:31"}
2021-07-01 01:40:51 查询号码 【1752858】，GSD为【"山东-菏泽"】

2021-07-01 01:40:51 开始第 1 次操作

2021-07-01 01:40:51 开始操作号码 【1752859】
2021-07-01 01:41:10 GSD getOne 第 1 次 等待 1 秒
2021-07-01 01:41:11 查询号码 【1752859】，返回信息 {"status":"ok","msg":"山东-菏泽","time_insert":"2021-07-01 00:32"}
2021-07-01 01:41:11 查询号码 【1752859】，GSD为【"山东-菏泽"】

2021-07-01 01:41:11 开始第 1 次操作

2021-07-01 01:41:11 开始操作号码 【1752860】
2021-07-01 01:41:30 GSD getOne 第 1 次 等待 1 秒
2021-07-01 01:41:31 查询号码 【1752860】，返回信息 {"status":"ok","msg":"山东-德州","time_insert":"2021-07-01 00:32"}
2021-07-01 01:41:31 查询号码 【1752860】，GSD为【"山东-德州"】

2021-07-01 01:41:31 开始第 1 次操作

2021-07-01 01:41:31 开始操作号码 【1752861】
2021-07-01 01:41:50 GSD getOne 第 1 次 等待 1 秒
2021-07-01 01:41:51 查询号码 【1752861】，返回信息 {"status":"bad","msg":""}
2021-07-01 01:41:51 查询号码 【1752861】，GSD为【""】
2021-07-01 01:41:51 bad
2021-07-01 01:41:53 CHB 1752861?1625074911 第 1 次 等待 1 秒
2021-07-01 01:41:54 CHB 1752861?1625074911 第 1 次 获取到号码【1752861】GSD
2021-07-01 01:41:54 获取到号码【1752861】的GSD为【山东-德州】
2021-07-01 01:42:16 GSD insert 第 1 次 等待 1 秒
2021-07-01 01:42:17 {"status":"ok","msg":"添加成功！163376"}
2021-07-01 01:42:17 下次操作: 2021-07-01 01:42:25

2021-07-01 01:42:25 开始第 2 次操作

2021-07-01 01:42:25 开始操作号码 【1752862】
2021-07-01 01:42:36 GSD getOne 第 1 次 等待 1 秒
2021-07-01 01:42:37 查询号码 【1752862】，返回信息 {"status":"bad","msg":""}
2021-07-01 01:42:37 查询号码 【1752862】，GSD为【""】
2021-07-01 01:42:37 bad
2021-07-01 01:42:38 CHB 1752862?1625074957 第 1 次 等待 1 秒
2021-07-01 01:42:39 CHB 1752862?1625074957 第 1 次 获取到号码【1752862】GSD
2021-07-01 01:42:39 获取到号码【1752862】的GSD为【山东-德州】
2021-07-01 01:42:58 GSD insert 第 1 次 等待 1 秒
2021-07-01 01:42:59 {"status":"ok","msg":"添加成功！163381"}
2021-07-01 01:42:59 下次操作: 2021-07-01 01:43:16

2021-07-01 01:43:16 开始第 3 次操作

2021-07-01 01:43:16 开始操作号码 【1752863】
2021-07-01 01:43:20 GSD getOne 第 1 次 等待 1 秒
2021-07-01 01:43:21 查询号码 【1752863】，返回信息 {"status":"bad","msg":""}
2021-07-01 01:43:21 查询号码 【1752863】，GSD为【""】
2021-07-01 01:43:21 bad
2021-07-01 01:43:23 CHB 1752863?1625075001 第 1 次 等待 1 秒
2021-07-01 01:43:24 CHB 1752863?1625075001 第 1 次 获取到号码【1752863】GSD
2021-07-01 01:43:24 获取到号码【1752863】的GSD为【山东-德州】
2021-07-01 01:43:43 GSD insert 第 1 次 等待 1 秒
2021-07-01 01:43:44 {"status":"ok","msg":"添加成功！163389"}
2021-07-01 01:43:44 下次操作: 2021-07-01 01:44:02

2021-07-01 01:44:02 开始第 4 次操作

2021-07-01 01:44:02 开始操作号码 【1752864】
2021-07-01 01:44:06 GSD getOne 第 1 次 等待 1 秒
2021-07-01 01:44:07 查询号码 【1752864】，返回信息 {"status":"bad","msg":""}
2021-07-01 01:44:07 查询号码 【1752864】，GSD为【""】
2021-07-01 01:44:07 bad
2021-07-01 01:44:08 CHB 1752864?1625075047 第 1 次 等待 1 秒
2021-07-01 01:44:09 CHB 1752864?1625075047 第 1 次 获取到号码【1752864】GSD
2021-07-01 01:44:09 获取到号码【1752864】的GSD为【山东-德州】
2021-07-01 01:44:28 GSD insert 第 1 次 等待 1 秒
2021-07-01 01:44:29 {"status":"ok","msg":"添加成功！163395"}
2021-07-01 01:44:29 下次操作: 2021-07-01 01:44:36

2021-07-01 01:44:36 开始第 5 次操作

2021-07-01 01:44:36 开始操作号码 【1752865】
2021-07-01 01:44:56 GSD getOne 第 1 次 等待 1 秒
2021-07-01 01:44:57 查询号码 【1752865】，返回信息 {"status":"bad","msg":""}
2021-07-01 01:44:57 查询号码 【1752865】，GSD为【""】
2021-07-01 01:44:57 bad
2021-07-01 01:44:59 CHB 1752865?1625075097 第 1 次 等待 1 秒
2021-07-01 01:45:00 CHB 1752865?1625075097 第 1 次 获取到号码【1752865】GSD
2021-07-01 01:45:00 获取到号码【1752865】的GSD为【山东-德州】
2021-07-01 01:45:18 GSD insert 第 1 次 等待 1 秒
2021-07-01 01:45:19 {"status":"ok","msg":"添加成功！163401"}
2021-07-01 01:45:19 下次操作: 2021-07-01 01:45:31

2021-07-01 01:45:31 开始第 6 次操作

2021-07-01 01:45:31 开始操作号码 【1752866】
2021-07-01 01:45:38 GSD getOne 第 1 次 等待 1 秒
2021-07-01 01:45:39 查询号码 【1752866】，返回信息 {"status":"bad","msg":""}
2021-07-01 01:45:39 查询号码 【1752866】，GSD为【""】
2021-07-01 01:45:39 bad
2021-07-01 01:45:40 CHB 1752866?1625075139 第 1 次 等待 1 秒
2021-07-01 01:45:41 CHB 1752866?1625075139 第 1 次 获取到号码【1752866】GSD
2021-07-01 01:45:41 获取到号码【1752866】的GSD为【山东-德州】
2021-07-01 01:46:01 GSD insert 第 1 次 等待 1 秒
2021-07-01 01:46:02 {"status":"ok","msg":"添加成功！163408"}
2021-07-01 01:46:02 下次操作: 2021-07-01 01:46:09

2021-07-01 01:46:09 开始第 7 次操作

2021-07-01 01:46:09 开始操作号码 【1752867】
2021-07-01 01:46:28 GSD getOne 第 1 次 等待 1 秒
2021-07-01 01:46:29 查询号码 【1752867】，返回信息 {"status":"bad","msg":""}
2021-07-01 01:46:29 查询号码 【1752867】，GSD为【""】
2021-07-01 01:46:29 bad
2021-07-01 01:46:30 CHB 1752867?1625075189 第 1 次 等待 1 秒
2021-07-01 01:46:31 CHB 1752867?1625075189 第 1 次 获取到号码【1752867】GSD
2021-07-01 01:46:31 获取到号码【1752867】的GSD为【山东-德州】
2021-07-01 01:46:50 GSD insert 第 1 次 等待 1 秒
2021-07-01 01:46:51 {"status":"ok","msg":"添加成功！163416"}
2021-07-01 01:46:51 下次操作: 2021-07-01 01:46:58

2021-07-01 01:46:58 开始第 8 次操作

2021-07-01 01:46:58 开始操作号码 【1752868】
2021-07-01 01:47:17 GSD getOne 第 1 次 等待 1 秒
2021-07-01 01:47:18 查询号码 【1752868】，返回信息 {"status":"bad","msg":""}
2021-07-01 01:47:18 查询号码 【1752868】，GSD为【""】
2021-07-01 01:47:18 bad
2021-07-01 01:47:20 CHB 1752868?1625075238 第 1 次 等待 1 秒
2021-07-01 01:47:21 CHB 1752868?1625075238 第 1 次 获取到号码【1752868】GSD
2021-07-01 01:47:21 获取到号码【1752868】的GSD为【山东-德州】
2021-07-01 01:47:40 GSD insert 第 1 次 等待 1 秒
2021-07-01 01:47:41 {"status":"ok","msg":"添加成功！163427"}
2021-07-01 01:47:41 下次操作: 2021-07-01 01:47:51

2021-07-01 01:47:51 开始第 9 次操作

2021-07-01 01:47:51 开始操作号码 【1752869】
2021-07-01 01:48:02 GSD getOne 第 1 次 等待 1 秒
2021-07-01 01:48:03 查询号码 【1752869】，返回信息 {"status":"bad","msg":""}
2021-07-01 01:48:03 查询号码 【1752869】，GSD为【""】
2021-07-01 01:48:03 bad
2021-07-01 01:48:04 CHB 1752869?1625075283 第 1 次 等待 1 秒
2021-07-01 01:48:05 CHB 1752869?1625075283 第 1 次 获取到号码【1752869】GSD
2021-07-01 01:48:05 获取到号码【1752869】的GSD为【山东-德州】
2021-07-01 01:48:24 GSD insert 第 1 次 等待 1 秒
2021-07-01 01:48:25 {"status":"ok","msg":"添加成功！163432"}
2021-07-01 01:48:25 下次操作: 2021-07-01 01:48:38

2021-07-01 01:48:38 开始第 10 次操作

2021-07-01 01:48:38 开始操作号码 【1752870】
2021-07-01 01:48:45 GSD getOne 第 1 次 等待 1 秒
2021-07-01 01:48:46 查询号码 【1752870】，返回信息 {"status":"bad","msg":""}
2021-07-01 01:48:46 查询号码 【1752870】，GSD为【""】
2021-07-01 01:48:46 bad
2021-07-01 01:48:47 CHB 1752870?1625075326 第 1 次 等待 1 秒
2021-07-01 01:48:48 CHB 1752870?1625075326 第 1 次 获取到号码【1752870】GSD
2021-07-01 01:48:48 获取到号码【1752870】的GSD为【山东-威海】
2021-07-01 01:49:07 GSD insert 第 1 次 等待 1 秒
2021-07-01 01:49:08 {"status":"ok","msg":"添加成功！163438"}
2021-07-01 01:49:08 下次操作: 2021-07-01 01:49:20

2021-07-01 01:49:20 开始第 11 次操作

2021-07-01 01:49:20 开始操作号码 【1752871】
2021-07-01 01:49:31 GSD getOne 第 1 次 等待 1 秒
2021-07-01 01:49:32 查询号码 【1752871】，返回信息 {"status":"bad","msg":""}
2021-07-01 01:49:32 查询号码 【1752871】，GSD为【""】
2021-07-01 01:49:32 bad
2021-07-01 01:49:33 CHB 1752871?1625075372 第 1 次 等待 1 秒
2021-07-01 01:49:34 CHB 1752871?1625075372 第 1 次 获取到号码【1752871】GSD
2021-07-01 01:49:34 获取到号码【1752871】的GSD为【山东-威海】
2021-07-01 01:49:53 GSD insert 第 1 次 等待 1 秒
2021-07-01 01:49:54 {"status":"ok","msg":"添加成功！163446"}
2021-07-01 01:49:54 下次操作: 2021-07-01 01:50:06

2021-07-01 01:50:06 开始第 12 次操作

2021-07-01 01:50:06 开始操作号码 【1752872】
2021-07-01 01:50:14 GSD getOne 第 1 次 等待 1 秒
2021-07-01 01:50:15 查询号码 【1752872】，返回信息 {"status":"bad","msg":""}
2021-07-01 01:50:15 查询号码 【1752872】，GSD为【""】
2021-07-01 01:50:15 bad
2021-07-01 01:50:17 CHB 1752872?1625075415 第 1 次 等待 1 秒
2021-07-01 01:50:18 CHB 1752872?1625075415 第 1 次 获取到号码【1752872】GSD
2021-07-01 01:50:18 获取到号码【1752872】的GSD为【山东-威海】
2021-07-01 01:50:37 GSD insert 第 1 次 等待 1 秒
2021-07-01 01:50:38 {"status":"ok","msg":"添加成功！163451"}
2021-07-01 01:50:38 下次操作: 2021-07-01 01:50:49

2021-07-01 01:50:49 开始第 13 次操作

2021-07-01 01:50:49 开始操作号码 【1752873】
2021-07-01 01:50:59 GSD getOne 第 1 次 等待 1 秒
2021-07-01 01:51:00 查询号码 【1752873】，返回信息 {"status":"bad","msg":""}
2021-07-01 01:51:00 查询号码 【1752873】，GSD为【""】
2021-07-01 01:51:00 bad
2021-07-01 01:51:02 CHB 1752873?1625075460 第 1 次 等待 1 秒
2021-07-01 01:51:03 CHB 1752873?1625075460 第 1 次 获取到号码【1752873】GSD
2021-07-01 01:51:03 获取到号码【1752873】的GSD为【山东-威海】
2021-07-01 01:51:22 GSD insert 第 1 次 等待 1 秒
2021-07-01 01:51:23 {"status":"ok","msg":"添加成功！163459"}
2021-07-01 01:51:23 下次操作: 2021-07-01 01:51:36

2021-07-01 01:51:36 开始第 14 次操作

2021-07-01 01:51:36 开始操作号码 【1752874】
2021-07-01 01:51:43 GSD getOne 第 1 次 等待 1 秒
2021-07-01 01:51:44 查询号码 【1752874】，返回信息 {"status":"bad","msg":""}
2021-07-01 01:51:44 查询号码 【1752874】，GSD为【""】
2021-07-01 01:51:44 bad
2021-07-01 01:51:45 CHB 1752874?1625075504 第 1 次 等待 1 秒
2021-07-01 01:51:46 CHB 1752874?1625075504 第 1 次 获取到号码【1752874】GSD
2021-07-01 01:51:46 获取到号码【1752874】的GSD为【山东-威海】
2021-07-01 01:52:05 GSD insert 第 1 次 等待 1 秒
2021-07-01 01:52:06 {"status":"ok","msg":"添加成功！163467"}
2021-07-01 01:52:06 下次操作: 2021-07-01 01:52:18

2021-07-01 01:52:18 开始第 15 次操作

2021-07-01 01:52:18 开始操作号码 【1752875】
2021-07-01 01:52:27 GSD getOne 第 1 次 等待 1 秒
2021-07-01 01:52:28 查询号码 【1752875】，返回信息 {"status":"bad","msg":""}
2021-07-01 01:52:28 查询号码 【1752875】，GSD为【""】
2021-07-01 01:52:28 bad
2021-07-01 01:52:29 CHB 1752875?1625075548 第 1 次 等待 1 秒
2021-07-01 01:52:30 CHB 1752875?1625075548 第 1 次 获取到号码【1752875】GSD
2021-07-01 01:52:30 获取到号码【1752875】的GSD为【山东-威海】
2021-07-01 01:52:49 GSD insert 第 1 次 等待 1 秒
2021-07-01 01:52:50 {"status":"ok","msg":"添加成功！163476"}
2021-07-01 01:52:50 下次操作: 2021-07-01 01:52:58

2021-07-01 01:52:58 开始第 16 次操作

2021-07-01 01:52:58 开始操作号码 【1752876】
2021-07-01 01:53:09 GSD getOne 第 1 次 等待 1 秒
2021-07-01 01:53:10 查询号码 【1752876】，返回信息 {"status":"bad","msg":""}
2021-07-01 01:53:10 查询号码 【1752876】，GSD为【""】
2021-07-01 01:53:10 bad
2021-07-01 01:53:12 CHB 1752876?1625075590 第 1 次 等待 1 秒
2021-07-01 01:53:13 CHB 1752876?1625075590 第 1 次 获取到号码【1752876】GSD
2021-07-01 01:53:13 获取到号码【1752876】的GSD为【山东-威海】
2021-07-01 01:53:32 GSD insert 第 1 次 等待 1 秒
2021-07-01 01:53:33 {"status":"ok","msg":"添加成功！163481"}
2021-07-01 01:53:33 下次操作: 2021-07-01 01:53:44

2021-07-01 01:53:44 开始第 17 次操作

2021-07-01 01:53:44 开始操作号码 【1752877】
2021-07-01 01:53:55 GSD getOne 第 1 次 等待 1 秒
2021-07-01 01:53:56 查询号码 【1752877】，返回信息 {"status":"bad","msg":""}
2021-07-01 01:53:56 查询号码 【1752877】，GSD为【""】
2021-07-01 01:53:56 bad
2021-07-01 01:53:57 CHB 1752877?1625075636 第 1 次 等待 1 秒
2021-07-01 01:53:58 CHB 1752877?1625075636 第 1 次 获取到号码【1752877】GSD
2021-07-01 01:53:59 获取到号码【1752877】的GSD为【山东-威海】
2021-07-01 01:54:17 GSD insert 第 1 次 等待 1 秒
2021-07-01 01:54:18 {"status":"ok","msg":"添加成功！163488"}
2021-07-01 01:54:18 下次操作: 2021-07-01 01:54:26

2021-07-01 01:54:26 开始第 18 次操作

2021-07-01 01:54:26 开始操作号码 【1752878】
2021-07-01 01:54:38 GSD getOne 第 1 次 等待 1 秒
2021-07-01 01:54:39 查询号码 【1752878】，返回信息 {"status":"bad","msg":""}
2021-07-01 01:54:39 查询号码 【1752878】，GSD为【""】
2021-07-01 01:54:39 bad
2021-07-01 01:54:40 CHB 1752878?1625075679 第 1 次 等待 1 秒
2021-07-01 01:54:41 CHB 1752878?1625075679 第 1 次 获取到号码【1752878】GSD
2021-07-01 01:54:41 获取到号码【1752878】的GSD为【山东-威海】
2021-07-01 01:55:01 GSD insert 第 1 次 等待 1 秒
2021-07-01 01:55:02 {"status":"ok","msg":"添加成功！163493"}
2021-07-01 01:55:02 下次操作: 2021-07-01 01:55:14

2021-07-01 01:55:14 开始第 19 次操作

2021-07-01 01:55:14 开始操作号码 【1752879】
2021-07-01 01:55:20 GSD getOne 第 1 次 等待 1 秒
2021-07-01 01:55:21 查询号码 【1752879】，返回信息 {"status":"bad","msg":""}
2021-07-01 01:55:21 查询号码 【1752879】，GSD为【""】
2021-07-01 01:55:21 bad
2021-07-01 01:55:23 CHB 1752879?1625075721 第 1 次 等待 1 秒
2021-07-01 01:55:24 CHB 1752879?1625075721 第 1 次 获取到号码【1752879】GSD
2021-07-01 01:55:24 获取到号码【1752879】的GSD为【山东-威海】
2021-07-01 01:55:43 GSD insert 第 1 次 等待 1 秒
2021-07-01 01:55:44 {"status":"ok","msg":"添加成功！163501"}
2021-07-01 01:55:44 下次操作: 2021-07-01 01:55:57

2021-07-01 01:55:57 开始第 20 次操作

2021-07-01 01:55:57 开始操作号码 【1752880】
2021-07-01 01:56:03 GSD getOne 第 1 次 等待 1 秒
2021-07-01 01:56:04 查询号码 【1752880】，返回信息 {"status":"bad","msg":""}
2021-07-01 01:56:04 查询号码 【1752880】，GSD为【""】
2021-07-01 01:56:04 bad
2021-07-01 01:56:06 CHB 1752880?1625075764 第 1 次 等待 1 秒
2021-07-01 01:56:07 CHB 1752880?1625075764 第 1 次 获取到号码【1752880】GSD
2021-07-01 01:56:07 获取到号码【1752880】的GSD为【山东-烟台】
2021-07-01 01:56:27 GSD insert 第 1 次 等待 1 秒
2021-07-01 01:56:28 {"status":"ok","msg":"添加成功！163506"}
2021-07-01 01:56:28 下次操作: 2021-07-01 01:56:39

2021-07-01 01:56:39 开始第 21 次操作

2021-07-01 01:56:39 开始操作号码 【1752881】
2021-07-01 01:56:50 GSD getOne 第 1 次 等待 1 秒
2021-07-01 01:56:51 查询号码 【1752881】，返回信息 {"status":"bad","msg":""}
2021-07-01 01:56:52 查询号码 【1752881】，GSD为【""】
2021-07-01 01:56:52 bad
2021-07-01 01:56:53 CHB 1752881?1625075812 第 1 次 等待 1 秒
2021-07-01 01:56:54 CHB 1752881?1625075812 第 1 次 获取到号码【1752881】GSD
2021-07-01 01:56:54 获取到号码【1752881】的GSD为【山东-烟台】
2021-07-01 01:57:12 GSD insert 第 1 次 等待 1 秒
2021-07-01 01:57:13 {"status":"ok","msg":"添加成功！163511"}
2021-07-01 01:57:13 下次操作: 2021-07-01 01:57:24

2021-07-01 01:57:24 开始第 22 次操作

2021-07-01 01:57:24 开始操作号码 【1752882】
2021-07-01 01:57:35 GSD getOne 第 1 次 等待 1 秒
2021-07-01 01:57:36 查询号码 【1752882】，返回信息 {"status":"bad","msg":""}
2021-07-01 01:57:36 查询号码 【1752882】，GSD为【""】
2021-07-01 01:57:36 bad
2021-07-01 01:57:38 CHB 1752882?1625075856 第 1 次 等待 1 秒
2021-07-01 01:57:39 CHB 1752882?1625075856 第 1 次 获取到号码【1752882】GSD
2021-07-01 01:57:39 获取到号码【1752882】的GSD为【山东-烟台】
2021-07-01 01:57:58 GSD insert 第 1 次 等待 1 秒
2021-07-01 01:57:59 {"status":"ok","msg":"添加成功！163516"}
2021-07-01 01:57:59 下次操作: 2021-07-01 01:58:07

2021-07-01 01:58:07 开始第 23 次操作

2021-07-01 01:58:07 开始操作号码 【1752883】
2021-07-01 01:58:18 GSD getOne 第 1 次 等待 1 秒
2021-07-01 01:58:19 查询号码 【1752883】，返回信息 {"status":"bad","msg":""}
2021-07-01 01:58:19 查询号码 【1752883】，GSD为【""】
2021-07-01 01:58:19 bad
2021-07-01 01:58:20 CHB 1752883?1625075899 第 1 次 等待 1 秒
2021-07-01 01:58:21 CHB 1752883?1625075899 第 1 次 获取到号码【1752883】GSD
2021-07-01 01:58:21 获取到号码【1752883】的GSD为【山东-烟台】
2021-07-01 01:58:40 GSD insert 第 1 次 等待 1 秒
2021-07-01 01:58:41 {"status":"ok","msg":"添加成功！163520"}
2021-07-01 01:58:41 下次操作: 2021-07-01 01:58:54

2021-07-01 01:58:54 开始第 24 次操作

2021-07-01 01:58:54 开始操作号码 【1752884】
2021-07-01 01:59:01 GSD getOne 第 1 次 等待 1 秒
2021-07-01 01:59:02 查询号码 【1752884】，返回信息 {"status":"bad","msg":""}
2021-07-01 01:59:02 查询号码 【1752884】，GSD为【""】
2021-07-01 01:59:02 bad
2021-07-01 01:59:03 CHB 1752884?1625075942 第 1 次 等待 1 秒
2021-07-01 01:59:04 CHB 1752884?1625075942 第 1 次 获取到号码【1752884】GSD
2021-07-01 01:59:04 获取到号码【1752884】的GSD为【山东-烟台】
2021-07-01 01:59:23 GSD insert 第 1 次 等待 1 秒
2021-07-01 01:59:24 {"status":"ok","msg":"添加成功！163525"}
2021-07-01 01:59:24 下次操作: 2021-07-01 01:59:42

2021-07-01 01:59:42 开始第 25 次操作

2021-07-01 01:59:42 开始操作号码 【1752885】
2021-07-01 01:59:46 GSD getOne 第 1 次 等待 1 秒
2021-07-01 01:59:47 查询号码 【1752885】，返回信息 {"status":"bad","msg":""}
2021-07-01 01:59:47 查询号码 【1752885】，GSD为【""】
2021-07-01 01:59:47 bad
2021-07-01 01:59:48 CHB 1752885?1625075987 第 1 次 等待 1 秒
2021-07-01 01:59:49 CHB 1752885?1625075987 第 1 次 获取到号码【1752885】GSD
2021-07-01 01:59:49 获取到号码【1752885】的GSD为【山东-烟台】
2021-07-01 02:00:08 GSD insert 第 1 次 等待 1 秒
2021-07-01 02:00:09 {"status":"ok","msg":"添加成功！163530"}
2021-07-01 02:00:09 下次操作: 2021-07-01 02:00:24

2021-07-01 02:00:24 开始第 26 次操作

2021-07-01 02:00:24 开始操作号码 【1752886】
2021-07-01 02:00:28 GSD getOne 第 1 次 等待 1 秒
2021-07-01 02:00:29 查询号码 【1752886】，返回信息 {"status":"bad","msg":""}
2021-07-01 02:00:29 查询号码 【1752886】，GSD为【""】
2021-07-01 02:00:29 bad
2021-07-01 02:00:30 CHB 1752886?1625076029 第 1 次 等待 1 秒
2021-07-01 02:00:31 CHB 1752886?1625076029 第 1 次 获取到号码【1752886】GSD
2021-07-01 02:00:31 获取到号码【1752886】的GSD为【山东-烟台】
2021-07-01 02:00:50 GSD insert 第 1 次 等待 1 秒
2021-07-01 02:00:51 {"status":"ok","msg":"添加成功！163535"}
2021-07-01 02:00:51 下次操作: 2021-07-01 02:01:08

2021-07-01 02:01:08 开始第 27 次操作

2021-07-01 02:01:08 开始操作号码 【1752887】
2021-07-01 02:01:12 GSD getOne 第 1 次 等待 1 秒
2021-07-01 02:01:13 查询号码 【1752887】，返回信息 {"status":"bad","msg":""}
2021-07-01 02:01:13 查询号码 【1752887】，GSD为【""】
2021-07-01 02:01:13 bad
2021-07-01 02:01:14 CHB 1752887?1625076073 第 1 次 等待 1 秒
2021-07-01 02:01:15 CHB 1752887?1625076073 第 1 次 获取到号码【1752887】GSD
2021-07-01 02:01:15 获取到号码【1752887】的GSD为【山东-烟台】
2021-07-01 02:01:34 GSD insert 第 1 次 等待 1 秒
2021-07-01 02:01:35 {"status":"ok","msg":"添加成功！163540"}
2021-07-01 02:01:35 下次操作: 2021-07-01 02:01:46

2021-07-01 02:01:46 开始第 28 次操作

2021-07-01 02:01:46 开始操作号码 【1752888】
2021-07-01 02:01:57 GSD getOne 第 1 次 等待 1 秒
2021-07-01 02:01:58 查询号码 【1752888】，返回信息 {"status":"bad","msg":""}
2021-07-01 02:01:58 查询号码 【1752888】，GSD为【""】
2021-07-01 02:01:58 bad
2021-07-01 02:02:00 CHB 1752888?1625076118 第 1 次 等待 1 秒
2021-07-01 02:02:01 CHB 1752888?1625076118 第 1 次 获取到号码【1752888】GSD
2021-07-01 02:02:01 获取到号码【1752888】的GSD为【山东-烟台】
2021-07-01 02:02:23 GSD insert 第 1 次 等待 1 秒
2021-07-01 02:02:24 {"status":"ok","msg":"添加成功！163546"}
2021-07-01 02:02:24 下次操作: 2021-07-01 02:02:30

2021-07-01 02:02:30 开始第 29 次操作

2021-07-01 02:02:30 开始操作号码 【1752889】
2021-07-01 02:02:49 GSD getOne 第 1 次 等待 1 秒
2021-07-01 02:02:50 查询号码 【1752889】，返回信息 {"status":"bad","msg":""}
2021-07-01 02:02:50 查询号码 【1752889】，GSD为【""】
2021-07-01 02:02:50 bad
2021-07-01 02:02:52 CHB 1752889?1625076170 第 1 次 等待 1 秒
2021-07-01 02:02:53 CHB 1752889?1625076170 第 1 次 获取到号码【1752889】GSD
2021-07-01 02:02:53 获取到号码【1752889】的GSD为【山东-烟台】
2021-07-01 02:03:12 GSD insert 第 1 次 等待 1 秒
2021-07-01 02:03:13 {"status":"ok","msg":"添加成功！163551"}
2021-07-01 02:03:13 下次操作: 2021-07-01 02:03:26

2021-07-01 02:03:26 开始第 30 次操作

2021-07-01 02:03:26 开始操作号码 【1752890】
2021-07-01 02:03:32 GSD getOne 第 1 次 等待 1 秒
2021-07-01 02:03:33 查询号码 【1752890】，返回信息 {"status":"bad","msg":""}
2021-07-01 02:03:33 查询号码 【1752890】，GSD为【""】
2021-07-01 02:03:33 bad
2021-07-01 02:03:34 CHB 1752890?1625076213 第 1 次 等待 1 秒
2021-07-01 02:03:35 CHB 1752890?1625076213 第 1 次 获取到号码【1752890】GSD
2021-07-01 02:03:35 获取到号码【1752890】的GSD为【山东-泰安】
2021-07-01 02:03:55 GSD insert 第 1 次 等待 1 秒
2021-07-01 02:03:56 {"status":"ok","msg":"添加成功！163556"}

2021-07-01 02:55:55 开始第 1 次操作

2021-07-01 02:55:55 开始操作号码 【1752891】
2021-07-01 02:55:59 GSD getOne 第 1 次 等待 1 秒
2021-07-01 02:56:00 查询号码 【1752891】，返回信息 {"status":"bad","msg":""}
2021-07-01 02:56:00 查询号码 【1752891】，GSD为【""】
2021-07-01 02:56:00 bad
2021-07-01 02:56:01 CHB 1752891?1625079360 第 1 次 等待 1 秒
2021-07-01 02:56:02 CHB 1752891?1625079360 第 1 次 获取到号码【1752891】GSD
2021-07-01 02:56:02 获取到号码【1752891】的GSD为【山东-泰安】
2021-07-01 02:56:21 GSD insert 第 1 次 等待 1 秒
2021-07-01 02:56:22 {"status":"ok","msg":"添加成功！163667"}
2021-07-01 02:56:22 下次操作: 2021-07-01 02:56:29

2021-07-01 02:56:29 开始第 2 次操作

2021-07-01 02:56:29 开始操作号码 【1752892】
2021-07-01 02:56:48 GSD getOne 第 1 次 等待 1 秒
2021-07-01 02:56:49 查询号码 【1752892】，返回信息 {"status":"bad","msg":""}
2021-07-01 02:56:49 查询号码 【1752892】，GSD为【""】
2021-07-01 02:56:49 bad
2021-07-01 02:56:51 CHB 1752892?1625079409 第 1 次 等待 1 秒
2021-07-01 02:56:52 CHB 1752892?1625079409 第 1 次 获取到号码【1752892】GSD
2021-07-01 02:56:52 获取到号码【1752892】的GSD为【山东-泰安】
2021-07-01 02:57:11 GSD insert 第 1 次 等待 1 秒
2021-07-01 02:57:12 {"status":"ok","msg":"添加成功！163673"}
2021-07-01 02:57:12 下次操作: 2021-07-01 02:57:21

2021-07-01 02:57:21 开始第 3 次操作

2021-07-01 02:57:21 开始操作号码 【1752893】
2021-07-01 02:57:33 GSD getOne 第 1 次 等待 1 秒
2021-07-01 02:57:34 查询号码 【1752893】，返回信息 {"status":"bad","msg":""}
2021-07-01 02:57:34 查询号码 【1752893】，GSD为【""】
2021-07-01 02:57:34 bad
2021-07-01 02:57:35 CHB 1752893?1625079454 第 1 次 等待 1 秒
2021-07-01 02:57:36 CHB 1752893?1625079454 第 1 次 获取到号码【1752893】GSD
2021-07-01 02:57:36 获取到号码【1752893】的GSD为【山东-泰安】
2021-07-01 02:57:55 GSD insert 第 1 次 等待 1 秒
2021-07-01 02:57:56 {"status":"ok","msg":"添加成功！163679"}
2021-07-01 02:57:56 下次操作: 2021-07-01 02:58:13

2021-07-01 02:58:13 开始第 4 次操作

2021-07-01 02:58:13 开始操作号码 【1752894】
2021-07-01 02:58:17 GSD getOne 第 1 次 等待 1 秒
2021-07-01 02:58:18 查询号码 【1752894】，返回信息 {"status":"bad","msg":""}
2021-07-01 02:58:18 查询号码 【1752894】，GSD为【""】
2021-07-01 02:58:18 bad
2021-07-01 02:58:19 CHB 1752894?1625079498 第 1 次 等待 1 秒
2021-07-01 02:58:20 CHB 1752894?1625079498 第 1 次 获取到号码【1752894】GSD
2021-07-01 02:58:20 获取到号码【1752894】的GSD为【山东-泰安】
2021-07-01 02:58:39 GSD insert 第 1 次 等待 1 秒
2021-07-01 02:58:40 {"status":"ok","msg":"添加成功！163685"}
2021-07-01 02:58:40 下次操作: 2021-07-01 02:58:46

2021-07-01 02:58:46 开始第 5 次操作

2021-07-01 02:58:46 开始操作号码 【1752895】
2021-07-01 02:59:05 GSD getOne 第 1 次 等待 1 秒
2021-07-01 02:59:06 查询号码 【1752895】，返回信息 {"status":"bad","msg":""}
2021-07-01 02:59:06 查询号码 【1752895】，GSD为【""】
2021-07-01 02:59:06 bad
2021-07-01 02:59:08 CHB 1752895?1625079546 第 1 次 等待 1 秒
2021-07-01 02:59:09 CHB 1752895?1625079546 第 1 次 获取到号码【1752895】GSD
2021-07-01 02:59:09 获取到号码【1752895】的GSD为【山东-泰安】
2021-07-01 02:59:28 GSD insert 第 1 次 等待 1 秒
2021-07-01 02:59:29 {"status":"ok","msg":"添加成功！163692"}
2021-07-01 02:59:29 下次操作: 2021-07-01 02:59:46

2021-07-01 02:59:46 开始第 6 次操作

2021-07-01 02:59:46 开始操作号码 【1752896】
2021-07-01 02:59:49 GSD getOne 第 1 次 等待 1 秒
2021-07-01 02:59:50 查询号码 【1752896】，返回信息 {"status":"bad","msg":""}
2021-07-01 02:59:51 查询号码 【1752896】，GSD为【""】
2021-07-01 02:59:51 bad
2021-07-01 02:59:52 CHB 1752896?1625079591 第 1 次 等待 1 秒
2021-07-01 02:59:53 CHB 1752896?1625079591 第 1 次 获取到号码【1752896】GSD
2021-07-01 02:59:53 获取到号码【1752896】的GSD为【山东-泰安】
2021-07-01 03:00:12 GSD insert 第 1 次 等待 1 秒
2021-07-01 03:00:13 {"status":"ok","msg":"添加成功！163700"}
2021-07-01 03:00:13 下次操作: 2021-07-01 03:00:28

2021-07-01 03:00:28 开始第 7 次操作

2021-07-01 03:00:28 开始操作号码 【1752897】
2021-07-01 03:00:32 GSD getOne 第 1 次 等待 1 秒
2021-07-01 03:00:33 查询号码 【1752897】，返回信息 {"status":"bad","msg":""}
2021-07-01 03:00:33 查询号码 【1752897】，GSD为【""】
2021-07-01 03:00:33 bad
2021-07-01 03:00:34 CHB 1752897?1625079633 第 1 次 等待 1 秒
2021-07-01 03:00:35 CHB 1752897?1625079633 第 1 次 获取到号码【1752897】GSD
2021-07-01 03:00:35 获取到号码【1752897】的GSD为【山东-泰安】
2021-07-01 03:00:55 GSD insert 第 1 次 等待 1 秒
2021-07-01 03:00:56 {"status":"ok","msg":"添加成功！163705"}
2021-07-01 03:00:56 下次操作: 2021-07-01 03:01:10

2021-07-01 03:01:10 开始第 8 次操作

2021-07-01 03:01:10 开始操作号码 【1752898】
2021-07-01 03:01:14 GSD getOne 第 1 次 等待 1 秒
2021-07-01 03:01:15 查询号码 【1752898】，返回信息 {"status":"bad","msg":""}
2021-07-01 03:01:15 查询号码 【1752898】，GSD为【""】
2021-07-01 03:01:15 bad
2021-07-01 03:01:16 CHB 1752898?1625079675 第 1 次 等待 1 秒
2021-07-01 03:01:17 CHB 1752898?1625079675 第 1 次 获取到号码【1752898】GSD
2021-07-01 03:01:18 获取到号码【1752898】的GSD为【山东-泰安】
2021-07-01 03:01:37 GSD insert 第 1 次 等待 1 秒
2021-07-01 03:01:38 {"status":"ok","msg":"添加成功！163713"}
2021-07-01 03:01:38 下次操作: 2021-07-01 03:01:49

2021-07-01 03:01:49 开始第 9 次操作

2021-07-01 03:01:49 开始操作号码 【1752899】
2021-07-01 03:02:00 GSD getOne 第 1 次 等待 1 秒
2021-07-01 03:02:01 查询号码 【1752899】，返回信息 {"status":"bad","msg":""}
2021-07-01 03:02:01 查询号码 【1752899】，GSD为【""】
2021-07-01 03:02:01 bad
2021-07-01 03:02:02 CHB 1752899?1625079721 第 1 次 等待 1 秒
2021-07-01 03:02:03 CHB 1752899?1625079721 第 1 次 获取到号码【1752899】GSD
2021-07-01 03:02:03 获取到号码【1752899】的GSD为【山东-泰安】
2021-07-01 03:02:22 GSD insert 第 1 次 等待 1 秒
2021-07-01 03:02:23 {"status":"ok","msg":"添加成功！163721"}
2021-07-01 03:02:23 下次操作: 2021-07-01 03:02:29

2021-07-01 03:02:29 开始第 10 次操作

2021-07-01 03:02:29 开始操作号码 【1752900】
2021-07-01 03:02:48 GSD getOne 第 1 次 等待 1 秒
2021-07-01 03:02:49 查询号码 【1752900】，返回信息 {"status":"bad","msg":""}
2021-07-01 03:02:49 查询号码 【1752900】，GSD为【""】
2021-07-01 03:02:49 bad
2021-07-01 03:02:50 CHB 1752900?1625079769 第 1 次 等待 1 秒
2021-07-01 03:02:51 CHB 1752900?1625079769 第 1 次 获取到号码【1752900】GSD
2021-07-01 03:02:52 获取到号码【1752900】的GSD为【天津-天津】
2021-07-01 03:03:11 GSD insert 第 1 次 等待 1 秒
2021-07-01 03:03:12 {"status":"ok","msg":"添加成功！163730"}
2021-07-01 03:03:12 下次操作: 2021-07-01 03:03:21

2021-07-01 03:03:21 开始第 11 次操作

2021-07-01 03:03:21 开始操作号码 【1752901】
2021-07-01 03:03:31 GSD getOne 第 1 次 等待 1 秒
2021-07-01 03:03:33 查询号码 【1752901】，返回信息 {"status":"bad","msg":""}
2021-07-01 03:03:33 查询号码 【1752901】，GSD为【""】
2021-07-01 03:03:33 bad
2021-07-01 03:03:34 CHB 1752901?1625079813 第 1 次 等待 1 秒
2021-07-01 03:03:35 CHB 1752901?1625079813 第 1 次 获取到号码【1752901】GSD
2021-07-01 03:03:35 获取到号码【1752901】的GSD为【天津-天津】
2021-07-01 03:03:54 GSD insert 第 1 次 等待 1 秒
2021-07-01 03:03:55 {"status":"ok","msg":"添加成功！163737"}
2021-07-01 03:03:55 下次操作: 2021-07-01 03:04:09

2021-07-01 03:04:09 开始第 12 次操作

2021-07-01 03:04:09 开始操作号码 【1752902】
2021-07-01 03:04:13 GSD getOne 第 1 次 等待 1 秒
2021-07-01 03:04:14 查询号码 【1752902】，返回信息 {"status":"bad","msg":""}
2021-07-01 03:04:14 查询号码 【1752902】，GSD为【""】
2021-07-01 03:04:14 bad
2021-07-01 03:04:16 CHB 1752902?1625079854 第 1 次 等待 1 秒
2021-07-01 03:04:17 CHB 1752902?1625079854 第 1 次 获取到号码【1752902】GSD
2021-07-01 03:04:17 获取到号码【1752902】的GSD为【天津-天津】
2021-07-01 03:04:37 GSD insert 第 1 次 等待 1 秒
2021-07-01 03:04:38 {"status":"ok","msg":"添加成功！163743"}
2021-07-01 03:04:38 下次操作: 2021-07-01 03:04:48

2021-07-01 03:04:48 开始第 13 次操作

2021-07-01 03:04:48 开始操作号码 【1752903】
2021-07-01 03:05:06 GSD getOne 第 1 次 等待 1 秒
2021-07-01 03:05:07 查询号码 【1752903】，返回信息 {"status":"bad","msg":""}
2021-07-01 03:05:07 查询号码 【1752903】，GSD为【""】
2021-07-01 03:05:07 bad
2021-07-01 03:05:08 CHB 1752903?1625079907 第 1 次 等待 1 秒
2021-07-01 03:05:09 CHB 1752903?1625079907 第 1 次 获取到号码【1752903】GSD
2021-07-01 03:05:09 获取到号码【1752903】的GSD为【天津-天津】
2021-07-01 03:05:28 GSD insert 第 1 次 等待 1 秒
2021-07-01 03:05:29 {"status":"ok","msg":"添加成功！163754"}
2021-07-01 03:05:29 下次操作: 2021-07-01 03:05:37

2021-07-01 03:05:37 开始第 14 次操作

2021-07-01 03:05:37 开始操作号码 【1752904】
2021-07-01 03:05:48 GSD getOne 第 1 次 等待 1 秒
2021-07-01 03:05:49 查询号码 【1752904】，返回信息 {"status":"bad","msg":""}
2021-07-01 03:05:49 查询号码 【1752904】，GSD为【""】
2021-07-01 03:05:49 bad
2021-07-01 03:05:50 CHB 1752904?1625079949 第 1 次 等待 1 秒
2021-07-01 03:05:51 CHB 1752904?1625079949 第 1 次 获取到号码【1752904】GSD
2021-07-01 03:05:51 获取到号码【1752904】的GSD为【天津-天津】
2021-07-01 03:06:10 GSD insert 第 1 次 等待 1 秒
2021-07-01 03:06:11 {"status":"ok","msg":"添加成功！163761"}
2021-07-01 03:06:11 下次操作: 2021-07-01 03:06:24

2021-07-01 03:06:24 开始第 15 次操作

2021-07-01 03:06:24 开始操作号码 【1752905】
2021-07-01 03:06:31 GSD getOne 第 1 次 等待 1 秒
2021-07-01 03:06:32 查询号码 【1752905】，返回信息 {"status":"bad","msg":""}
2021-07-01 03:06:32 查询号码 【1752905】，GSD为【""】
2021-07-01 03:06:32 bad
2021-07-01 03:06:33 CHB 1752905?1625079992 第 1 次 等待 1 秒
2021-07-01 03:06:34 CHB 1752905?1625079992 第 1 次 获取到号码【1752905】GSD
2021-07-01 03:06:34 获取到号码【1752905】的GSD为【天津-天津】
2021-07-01 03:06:53 GSD insert 第 1 次 等待 1 秒
2021-07-01 03:06:54 {"status":"ok","msg":"添加成功！163768"}
2021-07-01 03:06:54 下次操作: 2021-07-01 03:07:02

2021-07-01 03:07:02 开始第 16 次操作

2021-07-01 03:07:02 开始操作号码 【1752906】
2021-07-01 03:07:12 GSD getOne 第 1 次 等待 1 秒
2021-07-01 03:07:13 查询号码 【1752906】，返回信息 {"status":"bad","msg":""}
2021-07-01 03:07:13 查询号码 【1752906】，GSD为【""】
2021-07-01 03:07:13 bad
2021-07-01 03:07:15 CHB 1752906?1625080033 第 1 次 等待 1 秒
2021-07-01 03:07:16 CHB 1752906?1625080033 第 1 次 获取到号码【1752906】GSD
2021-07-01 03:07:16 获取到号码【1752906】的GSD为【天津-天津】
2021-07-01 03:07:35 GSD insert 第 1 次 等待 1 秒
2021-07-01 03:07:36 {"status":"ok","msg":"添加成功！163776"}
2021-07-01 03:07:36 下次操作: 2021-07-01 03:07:51

2021-07-01 03:07:51 开始第 17 次操作

2021-07-01 03:07:51 开始操作号码 【1752907】
2021-07-01 03:07:55 GSD getOne 第 1 次 等待 1 秒
2021-07-01 03:07:56 查询号码 【1752907】，返回信息 {"status":"bad","msg":""}
2021-07-01 03:07:56 查询号码 【1752907】，GSD为【""】
2021-07-01 03:07:56 bad
2021-07-01 03:07:57 CHB 1752907?1625080076 第 1 次 等待 1 秒
2021-07-01 03:07:58 CHB 1752907?1625080076 第 1 次 获取到号码【1752907】GSD
2021-07-01 03:07:58 获取到号码【1752907】的GSD为【天津-天津】
2021-07-01 03:08:17 GSD insert 第 1 次 等待 1 秒
2021-07-01 03:08:18 {"status":"ok","msg":"添加成功！163785"}
2021-07-01 03:08:18 下次操作: 2021-07-01 03:08:35

2021-07-01 03:08:35 开始第 18 次操作

2021-07-01 03:08:35 开始操作号码 【1752908】
2021-07-01 03:08:39 GSD getOne 第 1 次 等待 1 秒
2021-07-01 03:08:40 查询号码 【1752908】，返回信息 {"status":"bad","msg":""}
2021-07-01 03:08:40 查询号码 【1752908】，GSD为【""】
2021-07-01 03:08:40 bad
2021-07-01 03:08:41 CHB 1752908?1625080120 第 1 次 等待 1 秒
2021-07-01 03:08:42 CHB 1752908?1625080120 第 1 次 获取到号码【1752908】GSD
2021-07-01 03:08:42 获取到号码【1752908】的GSD为【天津-天津】
2021-07-01 03:09:01 GSD insert 第 1 次 等待 1 秒
2021-07-01 03:09:02 {"status":"ok","msg":"添加成功！163793"}
2021-07-01 03:09:02 下次操作: 2021-07-01 03:09:13

2021-07-01 03:09:13 开始第 19 次操作

2021-07-01 03:09:13 开始操作号码 【1752909】
2021-07-01 03:09:24 GSD getOne 第 1 次 等待 1 秒
2021-07-01 03:09:25 查询号码 【1752909】，返回信息 {"status":"bad","msg":""}
2021-07-01 03:09:25 查询号码 【1752909】，GSD为【""】
2021-07-01 03:09:25 bad
2021-07-01 03:09:26 CHB 1752909?1625080165 第 1 次 等待 1 秒
2021-07-01 03:09:27 CHB 1752909?1625080165 第 1 次 获取到号码【1752909】GSD
2021-07-01 03:09:27 获取到号码【1752909】的GSD为【天津-天津】
2021-07-01 03:09:46 GSD insert 第 1 次 等待 1 秒
2021-07-01 03:09:47 {"status":"ok","msg":"添加成功！163801"}
2021-07-01 03:09:47 下次操作: 2021-07-01 03:09:55

2021-07-01 03:09:55 开始第 20 次操作

2021-07-01 03:09:55 开始操作号码 【1752910】
2021-07-01 03:10:05 GSD getOne 第 1 次 等待 1 秒
2021-07-01 03:10:06 查询号码 【1752910】，返回信息 {"status":"bad","msg":""}
2021-07-01 03:10:07 查询号码 【1752910】，GSD为【""】
2021-07-01 03:10:07 bad
2021-07-01 03:10:08 CHB 1752910?1625080207 第 1 次 等待 1 秒
2021-07-01 03:10:09 CHB 1752910?1625080207 第 1 次 获取到号码【1752910】GSD
2021-07-01 03:10:09 获取到号码【1752910】的GSD为【天津-天津】
2021-07-01 03:10:28 GSD insert 第 1 次 等待 1 秒
2021-07-01 03:10:29 {"status":"ok","msg":"添加成功！163811"}
2021-07-01 03:10:29 下次操作: 2021-07-01 03:10:46

2021-07-01 03:10:46 开始第 21 次操作

2021-07-01 03:10:46 开始操作号码 【1752911】
2021-07-01 03:10:49 GSD getOne 第 1 次 等待 1 秒
2021-07-01 03:10:50 查询号码 【1752911】，返回信息 {"status":"bad","msg":""}
2021-07-01 03:10:50 查询号码 【1752911】，GSD为【""】
2021-07-01 03:10:50 bad
2021-07-01 03:10:52 CHB 1752911?1625080250 第 1 次 等待 1 秒
2021-07-01 03:10:53 CHB 1752911?1625080250 第 1 次 获取到号码【1752911】GSD
2021-07-01 03:10:53 获取到号码【1752911】的GSD为【天津-天津】
2021-07-01 03:11:12 GSD insert 第 1 次 等待 1 秒
2021-07-01 03:11:13 {"status":"ok","msg":"添加成功！163820"}
2021-07-01 03:11:13 下次操作: 2021-07-01 03:11:20

2021-07-01 03:11:20 开始第 22 次操作

2021-07-01 03:11:20 开始操作号码 【1752912】
2021-07-01 03:11:39 GSD getOne 第 1 次 等待 1 秒
2021-07-01 03:11:40 查询号码 【1752912】，返回信息 {"status":"bad","msg":""}
2021-07-01 03:11:40 查询号码 【1752912】，GSD为【""】
2021-07-01 03:11:40 bad
2021-07-01 03:11:42 CHB 1752912?1625080300 第 1 次 等待 1 秒
2021-07-01 03:11:43 CHB 1752912?1625080300 第 1 次 获取到号码【1752912】GSD
2021-07-01 03:11:43 获取到号码【1752912】的GSD为【天津-天津】
2021-07-01 03:12:03 GSD insert 第 1 次 等待 1 秒
2021-07-01 03:12:04 {"status":"ok","msg":"添加成功！163829"}
2021-07-01 03:12:04 下次操作: 2021-07-01 03:12:18

2021-07-01 03:12:18 开始第 23 次操作

2021-07-01 03:12:18 开始操作号码 【1752913】
2021-07-01 03:12:24 GSD getOne 第 1 次 等待 1 秒
2021-07-01 03:12:25 查询号码 【1752913】，返回信息 {"status":"bad","msg":""}
2021-07-01 03:12:25 查询号码 【1752913】，GSD为【""】
2021-07-01 03:12:25 bad
2021-07-01 03:12:26 CHB 1752913?1625080345 第 1 次 等待 1 秒
2021-07-01 03:12:27 CHB 1752913?1625080345 第 1 次 获取到号码【1752913】GSD
2021-07-01 03:12:27 获取到号码【1752913】的GSD为【天津-天津】
2021-07-01 03:12:46 GSD insert 第 1 次 等待 1 秒
2021-07-01 03:12:47 {"status":"ok","msg":"添加成功！163837"}
2021-07-01 03:12:47 下次操作: 2021-07-01 03:12:53

2021-07-01 03:12:53 开始第 24 次操作

2021-07-01 03:12:53 开始操作号码 【1752914】
2021-07-01 03:13:12 GSD getOne 第 1 次 等待 1 秒
2021-07-01 03:13:13 查询号码 【1752914】，返回信息 {"status":"bad","msg":""}
2021-07-01 03:13:13 查询号码 【1752914】，GSD为【""】
2021-07-01 03:13:13 bad
2021-07-01 03:13:14 CHB 1752914?1625080393 第 1 次 等待 1 秒
2021-07-01 03:13:15 CHB 1752914?1625080393 第 1 次 获取到号码【1752914】GSD
2021-07-01 03:13:15 获取到号码【1752914】的GSD为【天津-天津】
2021-07-01 03:13:34 GSD insert 第 1 次 等待 1 秒
2021-07-01 03:13:35 {"status":"ok","msg":"添加成功！163846"}
2021-07-01 03:13:35 下次操作: 2021-07-01 03:13:42

2021-07-01 03:13:42 开始第 25 次操作

2021-07-01 03:13:42 开始操作号码 【1752915】
2021-07-01 03:14:03 GSD getOne 第 1 次 等待 1 秒
2021-07-01 03:14:04 查询号码 【1752915】，返回信息 {"status":"bad","msg":""}
2021-07-01 03:14:04 查询号码 【1752915】，GSD为【""】
2021-07-01 03:14:04 bad
2021-07-01 03:14:05 CHB 1752915?1625080444 第 1 次 等待 1 秒
2021-07-01 03:14:06 CHB 1752915?1625080444 第 1 次 获取到号码【1752915】GSD
2021-07-01 03:14:06 获取到号码【1752915】的GSD为【天津-天津】
2021-07-01 03:14:25 GSD insert 第 1 次 等待 1 秒
2021-07-01 03:14:26 {"status":"ok","msg":"添加成功！163853"}
2021-07-01 03:14:26 下次操作: 2021-07-01 03:14:32

2021-07-01 03:14:32 开始第 26 次操作

2021-07-01 03:14:32 开始操作号码 【1752916】
2021-07-01 03:14:51 GSD getOne 第 1 次 等待 1 秒
2021-07-01 03:14:52 查询号码 【1752916】，返回信息 {"status":"bad","msg":""}
2021-07-01 03:14:52 查询号码 【1752916】，GSD为【""】
2021-07-01 03:14:52 bad
2021-07-01 03:14:53 CHB 1752916?1625080492 第 1 次 等待 1 秒
2021-07-01 03:14:54 CHB 1752916?1625080492 第 1 次 获取到号码【1752916】GSD
2021-07-01 03:14:54 获取到号码【1752916】的GSD为【天津-天津】
2021-07-01 03:15:16 GSD insert 第 1 次 等待 1 秒
2021-07-01 03:15:17 {"status":"ok","msg":"添加成功！163860"}
2021-07-01 03:15:17 下次操作: 2021-07-01 03:15:26

2021-07-01 03:15:26 开始第 27 次操作

2021-07-01 03:15:26 开始操作号码 【1752917】
2021-07-01 03:15:39 GSD getOne 第 1 次 等待 1 秒
2021-07-01 03:15:40 查询号码 【1752917】，返回信息 {"status":"bad","msg":""}
2021-07-01 03:15:41 查询号码 【1752917】，GSD为【""】
2021-07-01 03:15:41 bad
2021-07-01 03:15:42 CHB 1752917?1625080541 第 1 次 等待 1 秒
2021-07-01 03:15:43 CHB 1752917?1625080541 第 1 次 获取到号码【1752917】GSD
2021-07-01 03:15:43 获取到号码【1752917】的GSD为【天津-天津】
2021-07-01 03:16:02 GSD insert 第 1 次 等待 1 秒
2021-07-01 03:16:03 {"status":"ok","msg":"添加成功！163868"}
2021-07-01 03:16:03 下次操作: 2021-07-01 03:16:14

2021-07-01 03:16:14 开始第 28 次操作

2021-07-01 03:16:14 开始操作号码 【1752918】
2021-07-01 03:16:25 GSD getOne 第 1 次 等待 1 秒
2021-07-01 03:16:26 查询号码 【1752918】，返回信息 {"status":"bad","msg":""}
2021-07-01 03:16:26 查询号码 【1752918】，GSD为【""】
2021-07-01 03:16:26 bad
2021-07-01 03:16:27 CHB 1752918?1625080586 第 1 次 等待 1 秒
2021-07-01 03:16:28 CHB 1752918?1625080586 第 1 次 获取到号码【1752918】GSD
2021-07-01 03:16:28 获取到号码【1752918】的GSD为【天津-天津】
2021-07-01 03:16:47 GSD insert 第 1 次 等待 1 秒
2021-07-01 03:16:48 {"status":"ok","msg":"添加成功！163875"}
2021-07-01 03:16:48 下次操作: 2021-07-01 03:16:59

2021-07-01 03:16:59 开始第 29 次操作

2021-07-01 03:16:59 开始操作号码 【1752919】
2021-07-01 03:17:11 GSD getOne 第 1 次 等待 1 秒
2021-07-01 03:17:12 查询号码 【1752919】，返回信息 {"status":"bad","msg":""}
2021-07-01 03:17:12 查询号码 【1752919】，GSD为【""】
2021-07-01 03:17:12 bad
2021-07-01 03:17:13 CHB 1752919?1625080632 第 1 次 等待 1 秒
2021-07-01 03:17:14 CHB 1752919?1625080632 第 1 次 获取到号码【1752919】GSD
2021-07-01 03:17:14 获取到号码【1752919】的GSD为【天津-天津】
2021-07-01 03:17:33 GSD insert 第 1 次 等待 1 秒
2021-07-01 03:17:34 {"status":"ok","msg":"添加成功！163882"}
2021-07-01 03:17:34 下次操作: 2021-07-01 03:17:50

2021-07-01 03:17:50 开始第 30 次操作

2021-07-01 03:17:50 开始操作号码 【1752920】
2021-07-01 03:17:54 GSD getOne 第 1 次 等待 1 秒
2021-07-01 03:17:55 查询号码 【1752920】，返回信息 {"status":"bad","msg":""}
2021-07-01 03:17:55 查询号码 【1752920】，GSD为【""】
2021-07-01 03:17:55 bad
2021-07-01 03:17:56 CHB 1752920?1625080675 第 1 次 等待 1 秒
2021-07-01 03:17:57 CHB 1752920?1625080675 第 1 次 获取到号码【1752920】GSD
2021-07-01 03:17:57 获取到号码【1752920】的GSD为【天津-天津】
2021-07-01 03:18:16 GSD insert 第 1 次 等待 1 秒
2021-07-01 03:18:17 {"status":"ok","msg":"添加成功！163888"}

