2024-10-17 00:28:17 开始第 9549 次操作

2024-10-17 00:28:17 开始操作号码 【1439542】
2024-10-17 00:28:22 GSD getOne 第 1 次 等待 3 秒
2024-10-17 00:28:25 查询号码 【1439542】，返回信息 {"status":"ok","msg":"-","gid":"684540","time_insert":"2023-04-29 12:26"}
2024-10-17 00:28:25 查询号码 【1439542】，GSD为【"-"】
2024-10-17 00:28:25 ok && -
2024-10-17 00:28:27 CHB 1439542?1729096105 第 1 次 等待 3 秒
2024-10-17 00:28:30 CHB 1439542?1729096105 第 1 次 获取到号码【1439542】GSD
2024-10-17 00:28:31 未获取到号码【1439542】GSD，可能号码格式错误
2024-10-17 00:28:31 获取到号码【1439542】的GSD为【-】
2024-10-17 00:28:33 GSD insert 第 1 次 等待 3 秒
2024-10-17 00:28:36 {"status":"bad","gid":"684540","msg":"添加失败！号码【1439542(-|-)】已存在！"}
2024-10-17 00:28:36 随机等待 140 秒，约 2 分钟
2024-10-17 00:28:36 下次操作: 2024-10-17 00:30:56

2024-10-17 00:30:56 开始第 9550 次操作

2024-10-17 00:30:56 开始操作号码 【1439543】
2024-10-17 00:30:59 GSD getOne 第 1 次 等待 3 秒
2024-10-17 00:31:02 查询号码 【1439543】，返回信息 {"status":"ok","msg":"-","gid":"684525","time_insert":"2023-04-29 12:14"}
2024-10-17 00:31:02 查询号码 【1439543】，GSD为【"-"】
2024-10-17 00:31:02 ok && -
2024-10-17 00:31:04 CHB 1439543?1729096262 第 1 次 等待 3 秒
2024-10-17 00:31:07 CHB 1439543?1729096262 第 1 次 获取到号码【1439543】GSD
2024-10-17 00:31:07 未获取到号码【1439543】GSD，可能号码格式错误
2024-10-17 00:31:07 获取到号码【1439543】的GSD为【-】
2024-10-17 00:31:15 GSD insert 第 1 次 等待 3 秒
2024-10-17 00:31:18 {"status":"bad","gid":"684525","msg":"添加失败！号码【1439543(-|-)】已存在！"}
2024-10-17 00:31:18 随机等待 118 秒，约 1 分钟
2024-10-17 00:31:18 下次操作: 2024-10-17 00:33:16

2024-10-17 00:33:17 开始第 9551 次操作

2024-10-17 00:33:17 开始操作号码 【1439544】
2024-10-17 00:33:19 GSD getOne 第 1 次 等待 3 秒
2024-10-17 00:33:22 查询号码 【1439544】，返回信息 {"status":"ok","msg":"-","gid":"684514","time_insert":"2023-04-29 12:05"}
2024-10-17 00:33:22 查询号码 【1439544】，GSD为【"-"】
2024-10-17 00:33:22 ok && -
2024-10-17 00:33:24 CHB 1439544?1729096402 第 1 次 等待 3 秒
2024-10-17 00:33:27 CHB 1439544?1729096402 第 1 次 获取到号码【1439544】GSD
2024-10-17 00:33:27 未获取到号码【1439544】GSD，可能号码格式错误
2024-10-17 00:33:27 获取到号码【1439544】的GSD为【-】
2024-10-17 00:33:29 GSD insert 第 1 次 等待 3 秒
2024-10-17 00:33:32 {"status":"bad","gid":"684514","msg":"添加失败！号码【1439544(-|-)】已存在！"}
2024-10-17 00:33:32 随机等待 168 秒，约 2 分钟
2024-10-17 00:33:32 下次操作: 2024-10-17 00:36:20

2024-10-17 00:36:20 开始第 9552 次操作

2024-10-17 00:36:20 开始操作号码 【1439545】
2024-10-17 00:36:24 GSD getOne 第 1 次 等待 3 秒
2024-10-17 00:36:27 查询号码 【1439545】，返回信息 {"status":"ok","msg":"-","gid":"684492","time_insert":"2023-04-29 11:50"}
2024-10-17 00:36:27 查询号码 【1439545】，GSD为【"-"】
2024-10-17 00:36:27 ok && -
2024-10-17 00:36:28 CHB 1439545?1729096587 第 1 次 等待 3 秒
2024-10-17 00:36:31 CHB 1439545?1729096587 第 1 次 获取到号码【1439545】GSD
2024-10-17 00:36:31 未获取到号码【1439545】GSD，可能号码格式错误
2024-10-17 00:36:31 获取到号码【1439545】的GSD为【-】
2024-10-17 00:36:33 GSD insert 第 1 次 等待 3 秒
2024-10-17 00:36:36 {"status":"bad","gid":"684492","msg":"添加失败！号码【1439545(-|-)】已存在！"}

