2024-06-22 00:09:51 开始第 2037 次操作

2024-06-22 00:09:51 开始操作号码 【1541928】
2024-06-22 00:10:24 GSD getOne 第 1 次 等待 3 秒
2024-06-22 00:10:27 查询号码 【1541928】，返回信息 {"status":"ok","msg":"-","gid":"550724","time_insert":"2023-02-24 02:15"}
2024-06-22 00:10:27 查询号码 【1541928】，GSD为【"-"】
2024-06-22 00:10:27 ok && -
2024-06-22 00:10:29 CHB 1541928?1718986227 第 1 次 等待 3 秒
2024-06-22 00:10:32 CHB 1541928?1718986227 第 1 次 获取到号码【1541928】GSD
2024-06-22 00:10:32 未获取到号码【1541928】GSD，可能号码格式错误
2024-06-22 00:10:32 获取到号码【1541928】的GSD为【-】
2024-06-22 00:10:51 GSD insert 第 1 次 等待 3 秒
2024-06-22 00:10:54 {"status":"bad","gid":"550724","msg":"添加失败！号码【1541928(-|-)】已存在！"}
2024-06-22 00:10:54 随机等待 84 秒，约 1 分钟
2024-06-22 00:10:54 下次操作: 2024-06-22 00:12:18

2024-06-22 00:12:18 开始第 2038 次操作

2024-06-22 00:12:18 开始操作号码 【1541929】
2024-06-22 00:12:33 GSD getOne 第 1 次 等待 3 秒
2024-06-22 00:12:36 查询号码 【1541929】，返回信息 {"status":"ok","msg":"-","gid":"550745","time_insert":"2023-02-24 02:26"}
2024-06-22 00:12:36 查询号码 【1541929】，GSD为【"-"】
2024-06-22 00:12:36 ok && -
2024-06-22 00:12:38 CHB 1541929?1718986356 第 1 次 等待 3 秒
2024-06-22 00:12:41 CHB 1541929?1718986356 第 1 次 获取到号码【1541929】GSD
2024-06-22 00:12:41 未获取到号码【1541929】GSD，可能号码格式错误
2024-06-22 00:12:41 获取到号码【1541929】的GSD为【-】
2024-06-22 00:12:58 GSD insert 第 1 次 等待 3 秒
2024-06-22 00:13:01 {"status":"bad","gid":"550745","msg":"添加失败！号码【1541929(-|-)】已存在！"}
2024-06-22 00:13:01 随机等待 186 秒，约 3 分钟
2024-06-22 00:13:01 下次操作: 2024-06-22 00:16:07

2024-06-22 00:16:07 开始第 2039 次操作

2024-06-22 00:16:07 开始操作号码 【1541930】
2024-06-22 00:16:25 GSD getOne 第 1 次 等待 3 秒
2024-06-22 00:16:28 查询号码 【1541930】，返回信息 {"status":"ok","msg":"-","gid":"550766","time_insert":"2023-02-24 02:40"}
2024-06-22 00:16:28 查询号码 【1541930】，GSD为【"-"】
2024-06-22 00:16:28 ok && -
2024-06-22 00:16:30 CHB 1541930?1718986588 第 1 次 等待 3 秒
2024-06-22 00:16:33 CHB 1541930?1718986588 第 1 次 获取到号码【1541930】GSD
2024-06-22 00:16:33 未获取到号码【1541930】GSD，可能号码格式错误
2024-06-22 00:16:33 获取到号码【1541930】的GSD为【-】
2024-06-22 00:16:47 GSD insert 第 1 次 等待 3 秒
2024-06-22 00:16:50 {"status":"bad","gid":"550766","msg":"添加失败！号码【1541930(-|-)】已存在！"}
2024-06-22 00:16:50 随机等待 136 秒，约 2 分钟
2024-06-22 00:16:50 下次操作: 2024-06-22 00:19:06

2024-06-22 00:19:06 开始第 2040 次操作

2024-06-22 00:19:06 开始操作号码 【1541931】
2024-06-22 00:19:21 GSD getOne 第 1 次 等待 3 秒
2024-06-22 00:19:24 查询号码 【1541931】，返回信息 {"status":"ok","msg":"-","gid":"550785","time_insert":"2023-02-24 02:51"}
2024-06-22 00:19:24 查询号码 【1541931】，GSD为【"-"】
2024-06-22 00:19:24 ok && -
2024-06-22 00:19:26 CHB 1541931?1718986764 第 1 次 等待 3 秒
2024-06-22 00:19:29 CHB 1541931?1718986764 第 1 次 获取到号码【1541931】GSD
2024-06-22 00:19:29 未获取到号码【1541931】GSD，可能号码格式错误
2024-06-22 00:19:29 获取到号码【1541931】的GSD为【-】
2024-06-22 00:19:43 GSD insert 第 1 次 等待 3 秒
2024-06-22 00:19:46 {"status":"bad","gid":"550785","msg":"添加失败！号码【1541931(-|-)】已存在！"}

2024-06-22 00:36:29 开始第 2041 次操作

2024-06-22 00:36:29 开始操作号码 【1541932】
2024-06-22 00:36:45 GSD getOne 第 1 次 等待 3 秒
2024-06-22 00:36:48 查询号码 【1541932】，返回信息 {"status":"ok","msg":"-","gid":"550797","time_insert":"2023-02-24 02:59"}
2024-06-22 00:36:48 查询号码 【1541932】，GSD为【"-"】
2024-06-22 00:36:48 ok && -
2024-06-22 00:36:50 CHB 1541932?1718987808 第 1 次 等待 3 秒
2024-06-22 00:36:53 CHB 1541932?1718987808 第 1 次 获取到号码【1541932】GSD
2024-06-22 00:36:53 未获取到号码【1541932】GSD，可能号码格式错误
2024-06-22 00:36:53 获取到号码【1541932】的GSD为【-】
2024-06-22 00:37:23 GSD insert 第 1 次 等待 3 秒
2024-06-22 00:37:26 {"status":"bad","gid":"550797","msg":"添加失败！号码【1541932(-|-)】已存在！"}
2024-06-22 00:37:26 随机等待 115 秒，约 1 分钟
2024-06-22 00:37:26 下次操作: 2024-06-22 00:39:21

2024-06-22 00:39:21 开始第 2042 次操作

2024-06-22 00:39:21 开始操作号码 【1541933】
2024-06-22 00:39:45 GSD getOne 第 1 次 等待 3 秒
2024-06-22 00:39:48 查询号码 【1541933】，返回信息 {"status":"ok","msg":"-","gid":"550822","time_insert":"2023-02-24 03:14"}
2024-06-22 00:39:48 查询号码 【1541933】，GSD为【"-"】
2024-06-22 00:39:48 ok && -
2024-06-22 00:39:50 CHB 1541933?1718987988 第 1 次 等待 3 秒
2024-06-22 00:39:53 CHB 1541933?1718987988 第 1 次 获取到号码【1541933】GSD
2024-06-22 00:39:53 未获取到号码【1541933】GSD，可能号码格式错误
2024-06-22 00:39:53 获取到号码【1541933】的GSD为【-】
2024-06-22 00:40:29 GSD insert 第 1 次 等待 3 秒
2024-06-22 00:40:32 {"status":"bad","gid":"550822","msg":"添加失败！号码【1541933(-|-)】已存在！"}
2024-06-22 00:40:32 随机等待 156 秒，约 2 分钟
2024-06-22 00:40:32 下次操作: 2024-06-22 00:43:08

2024-06-22 00:43:08 开始第 2043 次操作

2024-06-22 00:43:08 开始操作号码 【1541934】
2024-06-22 00:43:21 GSD getOne 第 1 次 等待 3 秒
2024-06-22 00:43:24 查询号码 【1541934】，返回信息 {"status":"ok","msg":"-","gid":"550857","time_insert":"2023-02-24 03:33"}
2024-06-22 00:43:24 查询号码 【1541934】，GSD为【"-"】
2024-06-22 00:43:24 ok && -
2024-06-22 00:43:27 CHB 1541934?1718988204 第 1 次 等待 3 秒
2024-06-22 00:43:30 CHB 1541934?1718988204 第 1 次 获取到号码【1541934】GSD
2024-06-22 00:43:30 未获取到号码【1541934】GSD，可能号码格式错误
2024-06-22 00:43:30 获取到号码【1541934】的GSD为【-】
2024-06-22 00:43:47 GSD insert 第 1 次 等待 3 秒
2024-06-22 00:43:50 {"status":"bad","gid":"550857","msg":"添加失败！号码【1541934(-|-)】已存在！"}
2024-06-22 00:43:50 随机等待 209 秒，约 3 分钟
2024-06-22 00:43:50 下次操作: 2024-06-22 00:47:19

2024-06-22 00:47:19 开始第 2044 次操作

2024-06-22 00:47:19 开始操作号码 【1541935】
2024-06-22 00:47:35 GSD getOne 第 1 次 等待 3 秒
2024-06-22 00:47:38 查询号码 【1541935】，返回信息 {"status":"ok","msg":"-","gid":"550877","time_insert":"2023-02-24 03:44"}
2024-06-22 00:47:38 查询号码 【1541935】，GSD为【"-"】
2024-06-22 00:47:38 ok && -
2024-06-22 00:47:45 CHB 1541935?1718988458 第 1 次 等待 3 秒
2024-06-22 00:47:48 CHB 1541935?1718988458 第 1 次 获取到号码【1541935】GSD
2024-06-22 00:47:48 未获取到号码【1541935】GSD，可能号码格式错误
2024-06-22 00:47:48 获取到号码【1541935】的GSD为【-】
2024-06-22 00:48:09 GSD insert 第 1 次 等待 3 秒
2024-06-22 00:48:12 {"status":"bad","gid":"550877","msg":"添加失败！号码【1541935(-|-)】已存在！"}

