2023-09-29 00:09:22 开始第 485 次操作

2023-09-29 00:09:22 开始操作号码 【1970484】
2023-09-29 00:09:44 GSD getOne 第 1 次 等待 3 秒
2023-09-29 00:09:47 查询号码 【1970484】，返回信息 {"status":"ok","msg":"浙江-宁波","gid":"538157","time_insert":"2023-02-18 14:44"}
2023-09-29 00:09:47 查询号码 【1970484】，GSD为【"浙江-宁波"】

2023-09-29 00:09:48 开始第 486 次操作

2023-09-29 00:09:48 开始操作号码 【1970485】
2023-09-29 00:10:45 GSD getOne 第 1 次 等待 3 秒
2023-09-29 00:10:48 查询号码 【1970485】，返回信息 {"status":"ok","msg":"浙江-宁波","gid":"538160","time_insert":"2023-02-18 14:46"}
2023-09-29 00:10:48 查询号码 【1970485】，GSD为【"浙江-宁波"】

2023-09-29 00:10:49 开始第 487 次操作

2023-09-29 00:10:49 开始操作号码 【1970486】
2023-09-29 00:10:53 GSD getOne 第 1 次 等待 3 秒
2023-09-29 00:10:56 查询号码 【1970486】，返回信息 {"status":"ok","msg":"浙江-宁波","gid":"538164","time_insert":"2023-02-18 14:48"}
2023-09-29 00:10:56 查询号码 【1970486】，GSD为【"浙江-宁波"】

2023-09-29 00:10:57 开始第 488 次操作

2023-09-29 00:10:57 开始操作号码 【1970487】
2023-09-29 00:11:12 GSD getOne 第 1 次 等待 3 秒
2023-09-29 00:11:15 查询号码 【1970487】，返回信息 {"status":"ok","msg":"浙江-宁波","gid":"538167","time_insert":"2023-02-18 14:51"}
2023-09-29 00:11:15 查询号码 【1970487】，GSD为【"浙江-宁波"】

