2024-09-10 00:27:14 开始第 3565 次操作

2024-09-10 00:27:14 开始操作号码 【1433564】
2024-09-10 00:27:22 GSD getOne 第 1 次 等待 3 秒
2024-09-10 00:27:25 查询号码 【1433564】，返回信息 {"status":"ok","msg":"-","gid":"585877","time_insert":"2023-03-12 13:05"}
2024-09-10 00:27:25 查询号码 【1433564】，GSD为【"-"】
2024-09-10 00:27:25 ok && -
2024-09-10 00:27:26 CHB 1433564?1725899245 第 1 次 等待 3 秒
2024-09-10 00:27:29 CHB 1433564?1725899245 第 1 次 获取到号码【1433564】GSD
2024-09-10 00:27:30 未获取到号码【1433564】GSD，可能号码格式错误
2024-09-10 00:27:30 获取到号码【1433564】的GSD为【-】
2024-09-10 00:27:37 GSD insert 第 1 次 等待 3 秒
2024-09-10 00:27:40 {"status":"bad","gid":"585877","msg":"添加失败！号码【1433564(-|-)】已存在！"}
2024-09-10 00:27:40 随机等待 148 秒，约 2 分钟
2024-09-10 00:27:40 下次操作: 2024-09-10 00:30:08

2024-09-10 00:30:08 开始第 3566 次操作

2024-09-10 00:30:08 开始操作号码 【1433565】
2024-09-10 00:30:15 GSD getOne 第 1 次 等待 3 秒
2024-09-10 00:30:18 查询号码 【1433565】，返回信息 {"status":"ok","msg":"-","gid":"585898","time_insert":"2023-03-12 13:18"}
2024-09-10 00:30:18 查询号码 【1433565】，GSD为【"-"】
2024-09-10 00:30:18 ok && -
2024-09-10 00:31:52 CHB 1433565?1725899418 第 1 次 等待 3 秒
2024-09-10 00:31:55 CHB 1433565?1725899418 第 1 次 获取到号码【1433565】GSD
2024-09-10 00:31:55 未获取到号码【1433565】GSD，可能号码格式错误
2024-09-10 00:31:55 获取到号码【1433565】的GSD为【-】
2024-09-10 00:32:03 GSD insert 第 1 次 等待 3 秒
2024-09-10 00:32:06 {"status":"bad","gid":"585898","msg":"添加失败！号码【1433565(-|-)】已存在！"}
2024-09-10 00:32:06 随机等待 165 秒，约 2 分钟
2024-09-10 00:32:06 下次操作: 2024-09-10 00:34:51

2024-09-10 00:34:51 开始第 3567 次操作

2024-09-10 00:34:51 开始操作号码 【1433566】
2024-09-10 00:34:59 GSD getOne 第 1 次 等待 3 秒
2024-09-10 00:35:02 查询号码 【1433566】，返回信息 {"status":"ok","msg":"-","gid":"585920","time_insert":"2023-03-12 13:32"}
2024-09-10 00:35:02 查询号码 【1433566】，GSD为【"-"】
2024-09-10 00:35:02 ok && -
2024-09-10 00:35:04 CHB 1433566?1725899702 第 1 次 等待 3 秒
2024-09-10 00:35:07 CHB 1433566?1725899702 第 1 次 获取到号码【1433566】GSD
2024-09-10 00:35:07 未获取到号码【1433566】GSD，可能号码格式错误
2024-09-10 00:35:07 获取到号码【1433566】的GSD为【-】
2024-09-10 00:35:17 GSD insert 第 1 次 等待 3 秒
2024-09-10 00:35:20 {"status":"bad","gid":"585920","msg":"添加失败！号码【1433566(-|-)】已存在！"}
2024-09-10 00:35:20 随机等待 220 秒，约 3 分钟
2024-09-10 00:35:20 下次操作: 2024-09-10 00:39:00

2024-09-10 00:39:00 开始第 3568 次操作

2024-09-10 00:39:00 开始操作号码 【1433567】
2024-09-10 00:39:10 GSD getOne 第 1 次 等待 3 秒
2024-09-10 00:39:13 查询号码 【1433567】，返回信息 {"status":"ok","msg":"-","gid":"585945","time_insert":"2023-03-12 13:45"}
2024-09-10 00:39:13 查询号码 【1433567】，GSD为【"-"】
2024-09-10 00:39:13 ok && -
2024-09-10 00:41:16 CHB 1433567?1725899953 第 1 次 等待 3 秒
2024-09-10 00:41:19 CHB 1433567?1725899953 第 1 次 未获取到 等待 82 秒 下次操作: 2024-09-10 00:42:41
2024-09-10 00:42:46 CHB 1433567?1725900161 第 2 次 等待 3 秒
2024-09-10 00:42:49 CHB 1433567?1725900161 第 2 次 获取到号码【1433567】GSD
2024-09-10 00:42:49 未获取到号码【1433567】GSD，可能号码格式错误
2024-09-10 00:42:49 获取到号码【1433567】的GSD为【-】
2024-09-10 00:42:57 GSD insert 第 1 次 等待 3 秒
2024-09-10 00:43:00 {"status":"bad","gid":"585945","msg":"添加失败！号码【1433567(-|-)】已存在！"}

2024-09-10 00:45:09 开始第 3569 次操作

2024-09-10 00:45:09 开始操作号码 【1433568】
2024-09-10 00:45:16 GSD getOne 第 1 次 等待 3 秒
2024-09-10 00:45:20 查询号码 【1433568】，返回信息 {"status":"ok","msg":"-","gid":"585976","time_insert":"2023-03-12 14:04"}
2024-09-10 00:45:20 查询号码 【1433568】，GSD为【"-"】
2024-09-10 00:45:20 ok && -
2024-09-10 00:45:25 CHB 1433568?1725900320 第 1 次 等待 3 秒
2024-09-10 00:45:28 CHB 1433568?1725900320 第 1 次 获取到号码【1433568】GSD
2024-09-10 00:45:28 未获取到号码【1433568】GSD，可能号码格式错误
2024-09-10 00:45:28 获取到号码【1433568】的GSD为【-】
2024-09-10 00:45:35 GSD insert 第 1 次 等待 3 秒
2024-09-10 00:45:38 {"status":"bad","gid":"585976","msg":"添加失败！号码【1433568(-|-)】已存在！"}
2024-09-10 00:45:38 随机等待 157 秒，约 2 分钟
2024-09-10 00:45:38 下次操作: 2024-09-10 00:48:15

2024-09-10 00:48:15 开始第 3570 次操作

2024-09-10 00:48:15 开始操作号码 【1433569】
2024-09-10 00:48:23 GSD getOne 第 1 次 等待 3 秒
2024-09-10 00:48:26 查询号码 【1433569】，返回信息 {"status":"ok","msg":"-","gid":"585999","time_insert":"2023-03-12 14:22"}
2024-09-10 00:48:26 查询号码 【1433569】，GSD为【"-"】
2024-09-10 00:48:26 ok && -
2024-09-10 00:48:28 CHB 1433569?1725900506 第 1 次 等待 3 秒
2024-09-10 00:48:31 CHB 1433569?1725900506 第 1 次 获取到号码【1433569】GSD
2024-09-10 00:48:32 未获取到号码【1433569】GSD，可能号码格式错误
2024-09-10 00:48:32 获取到号码【1433569】的GSD为【-】
2024-09-10 00:48:39 GSD insert 第 1 次 等待 3 秒
2024-09-10 00:48:42 {"status":"bad","gid":"585999","msg":"添加失败！号码【1433569(-|-)】已存在！"}
2024-09-10 00:48:42 随机等待 157 秒，约 2 分钟
2024-09-10 00:48:42 下次操作: 2024-09-10 00:51:19

2024-09-10 00:51:19 开始第 3571 次操作

2024-09-10 00:51:19 开始操作号码 【1433570】
2024-09-10 00:51:28 GSD getOne 第 1 次 等待 3 秒
2024-09-10 00:51:31 查询号码 【1433570】，返回信息 {"status":"ok","msg":"-","gid":"586022","time_insert":"2023-03-12 14:37"}
2024-09-10 00:51:31 查询号码 【1433570】，GSD为【"-"】
2024-09-10 00:51:31 ok && -
2024-09-10 00:51:33 CHB 1433570?1725900691 第 1 次 等待 3 秒
2024-09-10 00:51:36 CHB 1433570?1725900691 第 1 次 获取到号码【1433570】GSD
2024-09-10 00:51:36 未获取到号码【1433570】GSD，可能号码格式错误
2024-09-10 00:51:36 获取到号码【1433570】的GSD为【-】
2024-09-10 00:51:44 GSD insert 第 1 次 等待 3 秒
2024-09-10 00:51:47 {"status":"bad","gid":"586022","msg":"添加失败！号码【1433570(-|-)】已存在！"}
2024-09-10 00:51:47 随机等待 193 秒，约 3 分钟
2024-09-10 00:51:47 下次操作: 2024-09-10 00:55:00

2024-09-10 00:55:00 开始第 3572 次操作

2024-09-10 00:55:00 开始操作号码 【1433571】
2024-09-10 00:55:08 GSD getOne 第 1 次 等待 3 秒
2024-09-10 00:55:11 查询号码 【1433571】，返回信息 {"status":"ok","msg":"-","gid":"586060","time_insert":"2023-03-12 15:00"}
2024-09-10 00:55:11 查询号码 【1433571】，GSD为【"-"】
2024-09-10 00:55:11 ok && -
2024-09-10 00:55:13 CHB 1433571?1725900911 第 1 次 等待 3 秒
2024-09-10 00:55:16 CHB 1433571?1725900911 第 1 次 获取到号码【1433571】GSD
2024-09-10 00:55:16 未获取到号码【1433571】GSD，可能号码格式错误
2024-09-10 00:55:16 获取到号码【1433571】的GSD为【-】
2024-09-10 00:55:24 GSD insert 第 1 次 等待 3 秒
2024-09-10 00:55:27 {"status":"bad","gid":"586060","msg":"添加失败！号码【1433571(-|-)】已存在！"}

2024-09-10 01:19:41 开始第 3573 次操作

2024-09-10 01:19:42 开始操作号码 【1433572】
2024-09-10 01:19:49 GSD getOne 第 1 次 等待 3 秒
2024-09-10 01:19:52 查询号码 【1433572】，返回信息 {"status":"ok","msg":"-","gid":"586073","time_insert":"2023-03-12 15:09"}
2024-09-10 01:19:52 查询号码 【1433572】，GSD为【"-"】
2024-09-10 01:19:52 ok && -
2024-09-10 01:21:27 CHB 1433572?1725902392 第 1 次 等待 3 秒
2024-09-10 01:21:30 CHB 1433572?1725902392 第 1 次 获取到号码【1433572】GSD
2024-09-10 01:21:30 未获取到号码【1433572】GSD，可能号码格式错误
2024-09-10 01:21:30 获取到号码【1433572】的GSD为【-】
2024-09-10 01:21:37 GSD insert 第 1 次 等待 3 秒
2024-09-10 01:21:40 {"status":"bad","gid":"586073","msg":"添加失败！号码【1433572(-|-)】已存在！"}
2024-09-10 01:21:40 随机等待 109 秒，约 1 分钟
2024-09-10 01:21:40 下次操作: 2024-09-10 01:23:29

2024-09-10 01:23:29 开始第 3574 次操作

2024-09-10 01:23:29 开始操作号码 【1433573】
2024-09-10 01:23:41 GSD getOne 第 1 次 等待 3 秒
2024-09-10 01:23:44 查询号码 【1433573】，返回信息 {"status":"ok","msg":"-","gid":"586088","time_insert":"2023-03-12 15:18"}
2024-09-10 01:23:44 查询号码 【1433573】，GSD为【"-"】
2024-09-10 01:23:44 ok && -
2024-09-10 01:23:45 CHB 1433573?1725902624 第 1 次 等待 3 秒
2024-09-10 01:23:48 CHB 1433573?1725902624 第 1 次 获取到号码【1433573】GSD
2024-09-10 01:23:48 未获取到号码【1433573】GSD，可能号码格式错误
2024-09-10 01:23:48 获取到号码【1433573】的GSD为【-】
2024-09-10 01:23:56 GSD insert 第 1 次 等待 3 秒
2024-09-10 01:23:59 {"status":"bad","gid":"586088","msg":"添加失败！号码【1433573(-|-)】已存在！"}
2024-09-10 01:23:59 随机等待 200 秒，约 3 分钟
2024-09-10 01:23:59 下次操作: 2024-09-10 01:27:19

2024-09-10 01:27:19 开始第 3575 次操作

2024-09-10 01:27:19 开始操作号码 【1433574】
2024-09-10 01:27:27 GSD getOne 第 1 次 等待 3 秒
2024-09-10 01:27:30 查询号码 【1433574】，返回信息 {"status":"ok","msg":"-","gid":"586121","time_insert":"2023-03-12 15:37"}
2024-09-10 01:27:30 查询号码 【1433574】，GSD为【"-"】
2024-09-10 01:27:30 ok && -
2024-09-10 01:27:32 CHB 1433574?1725902850 第 1 次 等待 3 秒
2024-09-10 01:27:35 CHB 1433574?1725902850 第 1 次 获取到号码【1433574】GSD
2024-09-10 01:27:35 未获取到号码【1433574】GSD，可能号码格式错误
2024-09-10 01:27:35 获取到号码【1433574】的GSD为【-】
2024-09-10 01:27:42 GSD insert 第 1 次 等待 3 秒
2024-09-10 01:27:45 {"status":"bad","gid":"586121","msg":"添加失败！号码【1433574(-|-)】已存在！"}
2024-09-10 01:27:45 随机等待 106 秒，约 1 分钟
2024-09-10 01:27:45 下次操作: 2024-09-10 01:29:31

2024-09-10 01:29:31 开始第 3576 次操作

2024-09-10 01:29:31 开始操作号码 【1433575】
2024-09-10 01:29:39 GSD getOne 第 1 次 等待 3 秒
2024-09-10 01:29:42 查询号码 【1433575】，返回信息 {"status":"ok","msg":"-","gid":"586161","time_insert":"2023-03-12 15:59"}
2024-09-10 01:29:42 查询号码 【1433575】，GSD为【"-"】
2024-09-10 01:29:42 ok && -
2024-09-10 01:29:43 CHB 1433575?1725902982 第 1 次 等待 3 秒
2024-09-10 01:29:46 CHB 1433575?1725902982 第 1 次 获取到号码【1433575】GSD
2024-09-10 01:29:46 未获取到号码【1433575】GSD，可能号码格式错误
2024-09-10 01:29:46 获取到号码【1433575】的GSD为【-】
2024-09-10 01:29:54 GSD insert 第 1 次 等待 3 秒
2024-09-10 01:29:57 {"status":"bad","gid":"586161","msg":"添加失败！号码【1433575(-|-)】已存在！"}

2024-09-10 01:40:02 开始第 3577 次操作

2024-09-10 01:40:02 开始操作号码 【1433576】
2024-09-10 01:40:10 GSD getOne 第 1 次 等待 3 秒
2024-09-10 01:40:13 查询号码 【1433576】，返回信息 {"status":"ok","msg":"-","gid":"586170","time_insert":"2023-03-12 16:10"}
2024-09-10 01:40:13 查询号码 【1433576】，GSD为【"-"】
2024-09-10 01:40:13 ok && -
2024-09-10 01:40:15 CHB 1433576?1725903613 第 1 次 等待 3 秒
2024-09-10 01:40:18 CHB 1433576?1725903613 第 1 次 获取到号码【1433576】GSD
2024-09-10 01:40:18 未获取到号码【1433576】GSD，可能号码格式错误
2024-09-10 01:40:18 获取到号码【1433576】的GSD为【-】
2024-09-10 01:40:27 GSD insert 第 1 次 等待 3 秒
2024-09-10 01:40:30 {"status":"bad","gid":"586170","msg":"添加失败！号码【1433576(-|-)】已存在！"}
2024-09-10 01:40:30 随机等待 148 秒，约 2 分钟
2024-09-10 01:40:30 下次操作: 2024-09-10 01:42:58

2024-09-10 01:42:58 开始第 3578 次操作

2024-09-10 01:42:58 开始操作号码 【1433577】
2024-09-10 01:43:05 GSD getOne 第 1 次 等待 3 秒
2024-09-10 01:43:08 查询号码 【1433577】，返回信息 {"status":"ok","msg":"-","gid":"586190","time_insert":"2023-03-12 16:29"}
2024-09-10 01:43:08 查询号码 【1433577】，GSD为【"-"】
2024-09-10 01:43:08 ok && -
2024-09-10 01:48:09 CHB 1433577?1725903788 第 1 次 等待 3 秒
2024-09-10 01:48:12 CHB 1433577?1725903788 第 1 次 未获取到 等待 207 秒 下次操作: 2024-09-10 01:51:39
2024-09-10 01:51:40 CHB 1433577?1725904299 第 2 次 等待 3 秒
2024-09-10 01:51:43 CHB 1433577?1725904299 第 2 次 获取到号码【1433577】GSD
2024-09-10 01:51:43 未获取到号码【1433577】GSD，可能号码格式错误
2024-09-10 01:51:43 获取到号码【1433577】的GSD为【-】
2024-09-10 01:51:51 GSD insert 第 1 次 等待 3 秒
2024-09-10 01:51:54 {"status":"bad","gid":"586190","msg":"添加失败！号码【1433577(-|-)】已存在！"}
2024-09-10 01:51:54 随机等待 227 秒，约 3 分钟
2024-09-10 01:51:54 下次操作: 2024-09-10 01:55:41

2024-09-10 01:55:41 开始第 3579 次操作

2024-09-10 01:55:41 开始操作号码 【1433578】
2024-09-10 01:55:49 GSD getOne 第 1 次 等待 3 秒
2024-09-10 01:55:52 查询号码 【1433578】，返回信息 {"status":"ok","msg":"-","gid":"586208","time_insert":"2023-03-12 16:43"}
2024-09-10 01:55:52 查询号码 【1433578】，GSD为【"-"】
2024-09-10 01:55:52 ok && -
2024-09-10 01:55:54 CHB 1433578?1725904552 第 1 次 等待 3 秒
2024-09-10 01:55:57 CHB 1433578?1725904552 第 1 次 获取到号码【1433578】GSD
2024-09-10 01:55:57 未获取到号码【1433578】GSD，可能号码格式错误
2024-09-10 01:55:57 获取到号码【1433578】的GSD为【-】
2024-09-10 01:56:04 GSD insert 第 1 次 等待 3 秒
2024-09-10 01:56:07 {"status":"bad","gid":"586208","msg":"添加失败！号码【1433578(-|-)】已存在！"}
2024-09-10 01:56:07 随机等待 147 秒，约 2 分钟
2024-09-10 01:56:07 下次操作: 2024-09-10 01:58:34

2024-09-10 01:58:34 开始第 3580 次操作

2024-09-10 01:58:34 开始操作号码 【1433579】
2024-09-10 01:58:42 GSD getOne 第 1 次 等待 3 秒
2024-09-10 01:58:45 查询号码 【1433579】，返回信息 {"status":"ok","msg":"-","gid":"586235","time_insert":"2023-03-12 16:59"}
2024-09-10 01:58:45 查询号码 【1433579】，GSD为【"-"】
2024-09-10 01:58:45 ok && -
2024-09-10 01:58:46 CHB 1433579?1725904725 第 1 次 等待 3 秒
2024-09-10 01:58:49 CHB 1433579?1725904725 第 1 次 获取到号码【1433579】GSD
2024-09-10 01:58:49 未获取到号码【1433579】GSD，可能号码格式错误
2024-09-10 01:58:49 获取到号码【1433579】的GSD为【-】
2024-09-10 01:58:57 GSD insert 第 1 次 等待 3 秒
2024-09-10 01:59:00 {"status":"bad","gid":"586235","msg":"添加失败！号码【1433579(-|-)】已存在！"}

2024-09-10 02:28:52 开始第 3581 次操作

2024-09-10 02:28:52 开始操作号码 【1433580】
2024-09-10 02:29:00 GSD getOne 第 1 次 等待 3 秒
2024-09-10 02:29:03 查询号码 【1433580】，返回信息 {"status":"ok","msg":"-","gid":"586246","time_insert":"2023-03-12 17:18"}
2024-09-10 02:29:03 查询号码 【1433580】，GSD为【"-"】
2024-09-10 02:29:03 ok && -
2024-09-10 02:29:05 CHB 1433580?1725906543 第 1 次 等待 3 秒
2024-09-10 02:29:08 CHB 1433580?1725906543 第 1 次 获取到号码【1433580】GSD
2024-09-10 02:29:08 未获取到号码【1433580】GSD，可能号码格式错误
2024-09-10 02:29:08 获取到号码【1433580】的GSD为【-】
2024-09-10 02:29:16 GSD insert 第 1 次 等待 3 秒
2024-09-10 02:29:19 {"status":"bad","gid":"586246","msg":"添加失败！号码【1433580(-|-)】已存在！"}
2024-09-10 02:29:19 随机等待 167 秒，约 2 分钟
2024-09-10 02:29:19 下次操作: 2024-09-10 02:32:06

2024-09-10 02:32:06 开始第 3582 次操作

2024-09-10 02:32:06 开始操作号码 【1433581】
2024-09-10 02:32:14 GSD getOne 第 1 次 等待 3 秒
2024-09-10 02:32:17 查询号码 【1433581】，返回信息 {"status":"ok","msg":"-","gid":"586279","time_insert":"2023-03-12 17:35"}
2024-09-10 02:32:17 查询号码 【1433581】，GSD为【"-"】
2024-09-10 02:32:17 ok && -
2024-09-10 02:32:19 CHB 1433581?1725906737 第 1 次 等待 3 秒
2024-09-10 02:32:22 CHB 1433581?1725906737 第 1 次 获取到号码【1433581】GSD
2024-09-10 02:32:22 未获取到号码【1433581】GSD，可能号码格式错误
2024-09-10 02:32:22 获取到号码【1433581】的GSD为【-】
2024-09-10 02:32:30 GSD insert 第 1 次 等待 3 秒
2024-09-10 02:32:33 {"status":"bad","gid":"586279","msg":"添加失败！号码【1433581(-|-)】已存在！"}
2024-09-10 02:32:33 随机等待 92 秒，约 1 分钟
2024-09-10 02:32:33 下次操作: 2024-09-10 02:34:05

2024-09-10 02:34:05 开始第 3583 次操作

2024-09-10 02:34:05 开始操作号码 【1433582】
2024-09-10 02:34:13 GSD getOne 第 1 次 等待 3 秒
2024-09-10 02:34:16 查询号码 【1433582】，返回信息 {"status":"ok","msg":"-","gid":"586309","time_insert":"2023-03-12 17:53"}
2024-09-10 02:34:16 查询号码 【1433582】，GSD为【"-"】
2024-09-10 02:34:16 ok && -
2024-09-10 02:34:18 CHB 1433582?1725906856 第 1 次 等待 3 秒
2024-09-10 02:34:21 CHB 1433582?1725906856 第 1 次 获取到号码【1433582】GSD
2024-09-10 02:34:21 未获取到号码【1433582】GSD，可能号码格式错误
2024-09-10 02:34:21 获取到号码【1433582】的GSD为【-】
2024-09-10 02:34:29 GSD insert 第 1 次 等待 3 秒
2024-09-10 02:34:32 {"status":"bad","gid":"586309","msg":"添加失败！号码【1433582(-|-)】已存在！"}
2024-09-10 02:34:32 随机等待 192 秒，约 3 分钟
2024-09-10 02:34:32 下次操作: 2024-09-10 02:37:44

2024-09-10 02:37:44 开始第 3584 次操作

2024-09-10 02:37:44 开始操作号码 【1433583】
2024-09-10 02:37:52 GSD getOne 第 1 次 等待 3 秒
2024-09-10 02:37:55 查询号码 【1433583】，返回信息 {"status":"ok","msg":"-","gid":"586328","time_insert":"2023-03-12 18:04"}
2024-09-10 02:37:55 查询号码 【1433583】，GSD为【"-"】
2024-09-10 02:37:55 ok && -
2024-09-10 02:37:57 CHB 1433583?1725907075 第 1 次 等待 3 秒
2024-09-10 02:38:00 CHB 1433583?1725907075 第 1 次 获取到号码【1433583】GSD
2024-09-10 02:38:00 未获取到号码【1433583】GSD，可能号码格式错误
2024-09-10 02:38:00 获取到号码【1433583】的GSD为【-】
2024-09-10 02:38:08 GSD insert 第 1 次 等待 3 秒
2024-09-10 02:38:11 {"status":"bad","gid":"586328","msg":"添加失败！号码【1433583(-|-)】已存在！"}

2024-09-10 02:45:29 开始第 3585 次操作

2024-09-10 02:45:29 开始操作号码 【1433584】
2024-09-10 02:45:38 GSD getOne 第 1 次 等待 3 秒
2024-09-10 02:45:41 查询号码 【1433584】，返回信息 {"status":"ok","msg":"-","gid":"586340","time_insert":"2023-03-12 18:14"}
2024-09-10 02:45:41 查询号码 【1433584】，GSD为【"-"】
2024-09-10 02:45:41 ok && -
2024-09-10 02:45:43 CHB 1433584?1725907541 第 1 次 等待 3 秒
2024-09-10 02:45:46 CHB 1433584?1725907541 第 1 次 获取到号码【1433584】GSD
2024-09-10 02:45:46 未获取到号码【1433584】GSD，可能号码格式错误
2024-09-10 02:45:46 获取到号码【1433584】的GSD为【-】
2024-09-10 02:45:54 GSD insert 第 1 次 等待 3 秒
2024-09-10 02:45:57 {"status":"bad","gid":"586340","msg":"添加失败！号码【1433584(-|-)】已存在！"}
2024-09-10 02:45:57 随机等待 89 秒，约 1 分钟
2024-09-10 02:45:57 下次操作: 2024-09-10 02:47:26

2024-09-10 02:47:26 开始第 3586 次操作

2024-09-10 02:47:26 开始操作号码 【1433585】
2024-09-10 02:47:33 GSD getOne 第 1 次 等待 3 秒
2024-09-10 02:47:36 查询号码 【1433585】，返回信息 {"status":"ok","msg":"-","gid":"586365","time_insert":"2023-03-12 18:29"}
2024-09-10 02:47:37 查询号码 【1433585】，GSD为【"-"】
2024-09-10 02:47:37 ok && -
2024-09-10 02:47:53 CHB 1433585?1725907657 第 1 次 等待 3 秒
2024-09-10 02:47:56 CHB 1433585?1725907657 第 1 次 获取到号码【1433585】GSD
2024-09-10 02:47:56 未获取到号码【1433585】GSD，可能号码格式错误
2024-09-10 02:47:56 获取到号码【1433585】的GSD为【-】
2024-09-10 02:48:04 GSD insert 第 1 次 等待 3 秒
2024-09-10 02:48:07 {"status":"bad","gid":"586365","msg":"添加失败！号码【1433585(-|-)】已存在！"}
2024-09-10 02:48:07 随机等待 182 秒，约 3 分钟
2024-09-10 02:48:07 下次操作: 2024-09-10 02:51:09

2024-09-10 02:51:09 开始第 3587 次操作

2024-09-10 02:51:09 开始操作号码 【1433586】
2024-09-10 02:51:17 GSD getOne 第 1 次 等待 3 秒
2024-09-10 02:51:20 查询号码 【1433586】，返回信息 {"status":"ok","msg":"-","gid":"586402","time_insert":"2023-03-12 18:50"}
2024-09-10 02:51:20 查询号码 【1433586】，GSD为【"-"】
2024-09-10 02:51:20 ok && -
2024-09-10 02:51:22 CHB 1433586?1725907880 第 1 次 等待 3 秒
2024-09-10 02:51:25 CHB 1433586?1725907880 第 1 次 获取到号码【1433586】GSD
2024-09-10 02:51:25 未获取到号码【1433586】GSD，可能号码格式错误
2024-09-10 02:51:25 获取到号码【1433586】的GSD为【-】
2024-09-10 02:51:33 GSD insert 第 1 次 等待 3 秒
2024-09-10 02:51:36 {"status":"bad","gid":"586402","msg":"添加失败！号码【1433586(-|-)】已存在！"}
2024-09-10 02:51:36 随机等待 93 秒，约 1 分钟
2024-09-10 02:51:36 下次操作: 2024-09-10 02:53:09

2024-09-10 02:53:09 开始第 3588 次操作

2024-09-10 02:53:09 开始操作号码 【1433587】
2024-09-10 02:53:17 GSD getOne 第 1 次 等待 3 秒
2024-09-10 02:53:20 查询号码 【1433587】，返回信息 {"status":"ok","msg":"-","gid":"586438","time_insert":"2023-03-12 19:13"}
2024-09-10 02:53:20 查询号码 【1433587】，GSD为【"-"】
2024-09-10 02:53:20 ok && -
2024-09-10 02:53:22 CHB 1433587?1725908000 第 1 次 等待 3 秒
2024-09-10 02:53:25 CHB 1433587?1725908000 第 1 次 获取到号码【1433587】GSD
2024-09-10 02:53:25 未获取到号码【1433587】GSD，可能号码格式错误
2024-09-10 02:53:25 获取到号码【1433587】的GSD为【-】
2024-09-10 02:53:33 GSD insert 第 1 次 等待 3 秒
2024-09-10 02:53:36 {"status":"bad","gid":"586438","msg":"添加失败！号码【1433587(-|-)】已存在！"}

2024-09-10 03:16:54 开始第 3589 次操作

2024-09-10 03:16:54 开始操作号码 【1433588】
2024-09-10 03:17:02 GSD getOne 第 1 次 等待 3 秒
2024-09-10 03:17:05 查询号码 【1433588】，返回信息 {"status":"ok","msg":"-","gid":"586451","time_insert":"2023-03-12 19:21"}
2024-09-10 03:17:05 查询号码 【1433588】，GSD为【"-"】
2024-09-10 03:17:05 ok && -
2024-09-10 03:17:07 CHB 1433588?1725909425 第 1 次 等待 3 秒
2024-09-10 03:17:10 CHB 1433588?1725909425 第 1 次 获取到号码【1433588】GSD
2024-09-10 03:17:10 未获取到号码【1433588】GSD，可能号码格式错误
2024-09-10 03:17:10 获取到号码【1433588】的GSD为【-】
2024-09-10 03:17:18 GSD insert 第 1 次 等待 3 秒
2024-09-10 03:17:21 {"status":"bad","gid":"586451","msg":"添加失败！号码【1433588(-|-)】已存在！"}
2024-09-10 03:17:21 随机等待 79 秒，约 1 分钟
2024-09-10 03:17:21 下次操作: 2024-09-10 03:18:40

2024-09-10 03:18:40 开始第 3590 次操作

2024-09-10 03:18:40 开始操作号码 【1433589】
2024-09-10 03:18:48 GSD getOne 第 1 次 等待 3 秒
2024-09-10 03:18:51 查询号码 【1433589】，返回信息 {"status":"ok","msg":"-","gid":"586472","time_insert":"2023-03-12 19:31"}
2024-09-10 03:18:51 查询号码 【1433589】，GSD为【"-"】
2024-09-10 03:18:51 ok && -
2024-09-10 03:18:53 CHB 1433589?1725909531 第 1 次 等待 3 秒
2024-09-10 03:18:56 CHB 1433589?1725909531 第 1 次 获取到号码【1433589】GSD
2024-09-10 03:18:57 未获取到号码【1433589】GSD，可能号码格式错误
2024-09-10 03:18:57 获取到号码【1433589】的GSD为【-】
2024-09-10 03:19:04 GSD insert 第 1 次 等待 3 秒
2024-09-10 03:19:07 {"status":"bad","gid":"586472","msg":"添加失败！号码【1433589(-|-)】已存在！"}
2024-09-10 03:19:07 随机等待 89 秒，约 1 分钟
2024-09-10 03:19:07 下次操作: 2024-09-10 03:20:36

2024-09-10 03:20:36 开始第 3591 次操作

2024-09-10 03:20:36 开始操作号码 【1433590】
2024-09-10 03:20:44 GSD getOne 第 1 次 等待 3 秒
2024-09-10 03:20:47 查询号码 【1433590】，返回信息 {"status":"ok","msg":"-","gid":"586504","time_insert":"2023-03-12 19:52"}
2024-09-10 03:20:47 查询号码 【1433590】，GSD为【"-"】
2024-09-10 03:20:47 ok && -
2024-09-10 03:20:49 CHB 1433590?1725909647 第 1 次 等待 3 秒
2024-09-10 03:20:52 CHB 1433590?1725909647 第 1 次 获取到号码【1433590】GSD
2024-09-10 03:20:52 未获取到号码【1433590】GSD，可能号码格式错误
2024-09-10 03:20:52 获取到号码【1433590】的GSD为【-】
2024-09-10 03:21:00 GSD insert 第 1 次 等待 3 秒
2024-09-10 03:21:03 {"status":"bad","gid":"586504","msg":"添加失败！号码【1433590(-|-)】已存在！"}
2024-09-10 03:21:03 随机等待 203 秒，约 3 分钟
2024-09-10 03:21:03 下次操作: 2024-09-10 03:24:26

2024-09-10 03:24:26 开始第 3592 次操作

2024-09-10 03:24:26 开始操作号码 【1433591】
2024-09-10 03:24:34 GSD getOne 第 1 次 等待 3 秒
2024-09-10 03:24:37 查询号码 【1433591】，返回信息 {"status":"ok","msg":"-","gid":"586521","time_insert":"2023-03-12 20:04"}
2024-09-10 03:24:37 查询号码 【1433591】，GSD为【"-"】
2024-09-10 03:24:37 ok && -
2024-09-10 03:25:27 CHB 1433591?1725909877 第 1 次 等待 3 秒
2024-09-10 03:25:30 CHB 1433591?1725909877 第 1 次 获取到号码【1433591】GSD
2024-09-10 03:25:30 未获取到号码【1433591】GSD，可能号码格式错误
2024-09-10 03:25:30 获取到号码【1433591】的GSD为【-】
2024-09-10 03:25:38 GSD insert 第 1 次 等待 3 秒
2024-09-10 03:25:41 {"status":"bad","gid":"586521","msg":"添加失败！号码【1433591(-|-)】已存在！"}

