2024-05-11 00:10:19 开始第 8493 次操作

2024-05-11 00:10:19 开始操作号码 【1658394】
2024-05-11 00:10:24 GSD getOne 第 1 次 等待 3 秒
2024-05-11 00:10:27 查询号码 【1658394】，返回信息 {"status":"ok","msg":"河南-周口","gid":"316451","time_insert":"2021-07-18 16:11","time_update":"2023-05-29 01:38"}
2024-05-11 00:10:27 查询号码 【1658394】，GSD为【"河南-周口"】

2024-05-11 00:10:28 开始第 8494 次操作

2024-05-11 00:10:28 开始操作号码 【1658395】
2024-05-11 00:10:39 GSD getOne 第 1 次 等待 3 秒
2024-05-11 00:10:42 查询号码 【1658395】，返回信息 {"status":"ok","msg":"重庆-重庆","gid":"316455","time_insert":"2021-07-18 16:12","time_update":"2023-05-29 01:49"}
2024-05-11 00:10:42 查询号码 【1658395】，GSD为【"重庆-重庆"】

2024-05-11 00:10:43 开始第 8495 次操作

2024-05-11 00:10:43 开始操作号码 【1658396】
2024-05-11 00:10:53 GSD getOne 第 1 次 等待 3 秒
2024-05-11 00:10:56 查询号码 【1658396】，返回信息 {"status":"ok","msg":"河南-驻马店","gid":"316457","time_insert":"2021-07-18 16:13","time_update":"2023-05-29 01:54"}
2024-05-11 00:10:56 查询号码 【1658396】，GSD为【"河南-驻马店"】

2024-05-11 00:10:57 开始第 8496 次操作

2024-05-11 00:10:57 开始操作号码 【1658397】
2024-05-11 00:11:06 GSD getOne 第 1 次 等待 3 秒
2024-05-11 00:11:09 查询号码 【1658397】，返回信息 {"status":"ok","msg":"四川-乐山","gid":"316460","time_insert":"2021-07-18 16:14","time_update":"2023-05-29 01:55"}
2024-05-11 00:11:09 查询号码 【1658397】，GSD为【"四川-乐山"】

