2024-04-08 00:08:14 开始第 2573 次操作

2024-04-08 00:08:14 开始操作号码 【1652474】
2024-04-08 00:08:20 GSD getOne 第 1 次 等待 3 秒
2024-04-08 00:08:23 查询号码 【1652474】，返回信息 {"status":"ok","msg":"内蒙古-通辽","gid":"245080","time_insert":"2021-07-11 03:46"}
2024-04-08 00:08:23 查询号码 【1652474】，GSD为【"内蒙古-通辽"】

2024-04-08 00:08:24 开始第 2574 次操作

2024-04-08 00:08:24 开始操作号码 【1652475】
2024-04-08 00:08:29 GSD getOne 第 1 次 等待 3 秒
2024-04-08 00:08:32 查询号码 【1652475】，返回信息 {"status":"ok","msg":"内蒙古-通辽","gid":"245087","time_insert":"2021-07-11 03:46"}
2024-04-08 00:08:32 查询号码 【1652475】，GSD为【"内蒙古-通辽"】

2024-04-08 00:08:33 开始第 2575 次操作

2024-04-08 00:08:33 开始操作号码 【1652476】
2024-04-08 00:08:42 GSD getOne 第 1 次 等待 3 秒
2024-04-08 00:08:45 查询号码 【1652476】，返回信息 {"status":"ok","msg":"内蒙古-通辽","gid":"245095","time_insert":"2021-07-11 03:46"}
2024-04-08 00:08:45 查询号码 【1652476】，GSD为【"内蒙古-通辽"】

2024-04-08 00:08:46 开始第 2576 次操作

2024-04-08 00:08:46 开始操作号码 【1652477】
2024-04-08 00:08:57 GSD getOne 第 1 次 等待 3 秒
2024-04-08 00:09:00 查询号码 【1652477】，返回信息 {"status":"ok","msg":"辽宁-鞍山","gid":"245100","time_insert":"2021-07-11 03:47"}
2024-04-08 00:09:00 查询号码 【1652477】，GSD为【"辽宁-鞍山"】

2024-04-08 00:32:55 开始第 2577 次操作

2024-04-08 00:32:55 开始操作号码 【1652478】
2024-04-08 00:33:02 GSD getOne 第 1 次 等待 3 秒
2024-04-08 00:33:05 查询号码 【1652478】，返回信息 {"status":"ok","msg":"内蒙古-通辽","gid":"245108","time_insert":"2021-07-11 03:47"}
2024-04-08 00:33:05 查询号码 【1652478】，GSD为【"内蒙古-通辽"】

2024-04-08 00:33:06 开始第 2578 次操作

2024-04-08 00:33:06 开始操作号码 【1652479】
2024-04-08 00:33:13 GSD getOne 第 1 次 等待 3 秒
2024-04-08 00:33:16 查询号码 【1652479】，返回信息 {"status":"ok","msg":"内蒙古-通辽","gid":"245111","time_insert":"2021-07-11 03:47"}
2024-04-08 00:33:16 查询号码 【1652479】，GSD为【"内蒙古-通辽"】

2024-04-08 00:33:17 开始第 2579 次操作

2024-04-08 00:33:17 开始操作号码 【1652480】
2024-04-08 00:33:25 GSD getOne 第 1 次 等待 3 秒
2024-04-08 00:33:28 查询号码 【1652480】，返回信息 {"status":"ok","msg":"内蒙古-乌兰浩特","gid":"245117","time_insert":"2021-07-11 03:48"}
2024-04-08 00:33:28 查询号码 【1652480】，GSD为【"内蒙古-乌兰浩特"】

2024-04-08 00:33:29 开始第 2580 次操作

2024-04-08 00:33:29 开始操作号码 【1652481】
2024-04-08 00:33:34 GSD getOne 第 1 次 等待 3 秒
2024-04-08 00:33:37 查询号码 【1652481】，返回信息 {"status":"ok","msg":"内蒙古-乌兰浩特","gid":"245123","time_insert":"2021-07-11 03:48"}
2024-04-08 00:33:37 查询号码 【1652481】，GSD为【"内蒙古-乌兰浩特"】

2024-04-08 01:07:18 开始第 2581 次操作

2024-04-08 01:07:18 开始操作号码 【1652482】
2024-04-08 01:07:23 GSD getOne 第 1 次 等待 3 秒
2024-04-08 01:07:26 查询号码 【1652482】，返回信息 {"status":"ok","msg":"黑龙江-齐齐哈尔","gid":"245289","time_insert":"2021-07-11 04:38"}
2024-04-08 01:07:26 查询号码 【1652482】，GSD为【"黑龙江-齐齐哈尔"】

2024-04-08 01:07:27 开始第 2582 次操作

2024-04-08 01:07:27 开始操作号码 【1652483】
2024-04-08 01:07:33 GSD getOne 第 1 次 等待 3 秒
2024-04-08 01:07:36 查询号码 【1652483】，返回信息 {"status":"ok","msg":"黑龙江-哈尔滨","gid":"245295","time_insert":"2021-07-11 04:39"}
2024-04-08 01:07:37 查询号码 【1652483】，GSD为【"黑龙江-哈尔滨"】

2024-04-08 01:07:38 开始第 2583 次操作

2024-04-08 01:07:38 开始操作号码 【1652484】
2024-04-08 01:07:44 GSD getOne 第 1 次 等待 3 秒
2024-04-08 01:07:47 查询号码 【1652484】，返回信息 {"status":"ok","msg":"内蒙古-乌兰浩特","gid":"245306","time_insert":"2021-07-11 04:39"}
2024-04-08 01:07:47 查询号码 【1652484】，GSD为【"内蒙古-乌兰浩特"】

2024-04-08 01:07:48 开始第 2584 次操作

2024-04-08 01:07:48 开始操作号码 【1652485】
2024-04-08 01:07:54 GSD getOne 第 1 次 等待 3 秒
2024-04-08 01:07:57 查询号码 【1652485】，返回信息 {"status":"ok","msg":"内蒙古-通辽","gid":"245316","time_insert":"2021-07-11 04:39"}
2024-04-08 01:07:57 查询号码 【1652485】，GSD为【"内蒙古-通辽"】

2024-04-08 01:32:26 开始第 2585 次操作

2024-04-08 01:32:26 开始操作号码 【1652486】
2024-04-08 01:32:31 GSD getOne 第 1 次 等待 3 秒
2024-04-08 01:32:34 查询号码 【1652486】，返回信息 {"status":"ok","msg":"内蒙古-乌兰浩特","gid":"245326","time_insert":"2021-07-11 04:40"}
2024-04-08 01:32:34 查询号码 【1652486】，GSD为【"内蒙古-乌兰浩特"】

2024-04-08 01:32:35 开始第 2586 次操作

2024-04-08 01:32:35 开始操作号码 【1652487】
2024-04-08 01:32:41 GSD getOne 第 1 次 等待 3 秒
2024-04-08 01:32:44 查询号码 【1652487】，返回信息 {"status":"ok","msg":"内蒙古-乌兰浩特","gid":"245334","time_insert":"2021-07-11 04:40"}
2024-04-08 01:32:44 查询号码 【1652487】，GSD为【"内蒙古-乌兰浩特"】

2024-04-08 01:32:45 开始第 2587 次操作

2024-04-08 01:32:45 开始操作号码 【1652488】
2024-04-08 01:32:50 GSD getOne 第 1 次 等待 3 秒
2024-04-08 01:32:53 查询号码 【1652488】，返回信息 {"status":"ok","msg":"辽宁-鞍山","gid":"245343","time_insert":"2021-07-11 04:41"}
2024-04-08 01:32:53 查询号码 【1652488】，GSD为【"辽宁-鞍山"】

2024-04-08 01:32:54 开始第 2588 次操作

2024-04-08 01:32:54 开始操作号码 【1652489】
2024-04-08 01:33:00 GSD getOne 第 1 次 等待 3 秒
2024-04-08 01:33:03 查询号码 【1652489】，返回信息 {"status":"ok","msg":"内蒙古-乌兰浩特","gid":"245350","time_insert":"2021-07-11 04:41"}
2024-04-08 01:33:03 查询号码 【1652489】，GSD为【"内蒙古-乌兰浩特"】

2024-04-08 02:09:09 开始第 2589 次操作

2024-04-08 02:09:09 开始操作号码 【1652490】
2024-04-08 02:09:14 GSD getOne 第 1 次 等待 3 秒
2024-04-08 02:09:17 查询号码 【1652490】，返回信息 {"status":"ok","msg":"辽宁-葫芦岛","gid":"245358","time_insert":"2021-07-11 04:41"}
2024-04-08 02:09:17 查询号码 【1652490】，GSD为【"辽宁-葫芦岛"】

2024-04-08 02:09:18 开始第 2590 次操作

2024-04-08 02:09:18 开始操作号码 【1652491】
2024-04-08 02:09:22 GSD getOne 第 1 次 等待 3 秒
2024-04-08 02:09:25 查询号码 【1652491】，返回信息 {"status":"ok","msg":"吉林-松原","gid":"245366","time_insert":"2021-07-11 04:42"}
2024-04-08 02:09:25 查询号码 【1652491】，GSD为【"吉林-松原"】

2024-04-08 02:09:26 开始第 2591 次操作

2024-04-08 02:09:26 开始操作号码 【1652492】
2024-04-08 02:09:30 GSD getOne 第 1 次 等待 3 秒
2024-04-08 02:09:33 查询号码 【1652492】，返回信息 {"status":"ok","msg":"吉林-松原","gid":"245375","time_insert":"2021-07-11 04:42"}
2024-04-08 02:09:33 查询号码 【1652492】，GSD为【"吉林-松原"】

2024-04-08 02:09:34 开始第 2592 次操作

2024-04-08 02:09:34 开始操作号码 【1652493】
2024-04-08 02:09:39 GSD getOne 第 1 次 等待 3 秒
2024-04-08 02:09:42 查询号码 【1652493】，返回信息 {"status":"ok","msg":"吉林-松原","gid":"245381","time_insert":"2021-07-11 04:43"}
2024-04-08 02:09:42 查询号码 【1652493】，GSD为【"吉林-松原"】

