2024-03-14 00:34:06 开始第 8941 次操作

2024-03-14 00:34:06 开始操作号码 【1768841】
2024-03-14 00:34:10 GSD getOne 第 1 次 等待 3 秒
2024-03-14 00:34:13 查询号码 【1768841】，返回信息 {"status":"ok","msg":"广东-广州","gid":"149822","time_insert":"2021-06-29 00:08"}
2024-03-14 00:34:13 查询号码 【1768841】，GSD为【"广东-广州"】

2024-03-14 00:34:14 开始第 8942 次操作

2024-03-14 00:34:14 开始操作号码 【1768842】
2024-03-14 00:34:19 GSD getOne 第 1 次 等待 3 秒
2024-03-14 00:34:22 查询号码 【1768842】，返回信息 {"status":"ok","msg":"广东-广州","gid":"149813","time_insert":"2021-06-29 00:07"}
2024-03-14 00:34:22 查询号码 【1768842】，GSD为【"广东-广州"】

2024-03-14 00:34:23 开始第 8943 次操作

2024-03-14 00:34:23 开始操作号码 【1768843】
2024-03-14 00:34:27 GSD getOne 第 1 次 等待 3 秒
2024-03-14 00:34:30 查询号码 【1768843】，返回信息 {"status":"ok","msg":"广东-广州","gid":"149808","time_insert":"2021-06-29 00:07"}
2024-03-14 00:34:31 查询号码 【1768843】，GSD为【"广东-广州"】

2024-03-14 00:34:32 开始第 8944 次操作

2024-03-14 00:34:32 开始操作号码 【1768844】
2024-03-14 00:34:36 GSD getOne 第 1 次 等待 3 秒
2024-03-14 00:34:39 查询号码 【1768844】，返回信息 {"status":"ok","msg":"广东-广州","gid":"149804","time_insert":"2021-06-29 00:06"}
2024-03-14 00:34:39 查询号码 【1768844】，GSD为【"广东-广州"】

2024-03-14 01:07:50 开始第 8945 次操作

2024-03-14 01:07:50 开始操作号码 【1768845】
2024-03-14 01:07:55 GSD getOne 第 1 次 等待 3 秒
2024-03-14 01:07:58 查询号码 【1768845】，返回信息 {"status":"ok","msg":"广东-广州","gid":"149799","time_insert":"2021-06-29 00:06"}
2024-03-14 01:07:58 查询号码 【1768845】，GSD为【"广东-广州"】

2024-03-14 01:07:59 开始第 8946 次操作

2024-03-14 01:07:59 开始操作号码 【1768846】
2024-03-14 01:08:03 GSD getOne 第 1 次 等待 3 秒
2024-03-14 01:08:06 查询号码 【1768846】，返回信息 {"status":"ok","msg":"广东-广州","gid":"149795","time_insert":"2021-06-29 00:06"}
2024-03-14 01:08:06 查询号码 【1768846】，GSD为【"广东-广州"】

2024-03-14 01:08:07 开始第 8947 次操作

2024-03-14 01:08:07 开始操作号码 【1768847】
2024-03-14 01:08:12 GSD getOne 第 1 次 等待 3 秒
2024-03-14 01:08:15 查询号码 【1768847】，返回信息 {"status":"ok","msg":"广东-广州","gid":"149783","time_insert":"2021-06-29 00:05"}
2024-03-14 01:08:15 查询号码 【1768847】，GSD为【"广东-广州"】

2024-03-14 01:08:16 开始第 8948 次操作

2024-03-14 01:08:16 开始操作号码 【1768848】
2024-03-14 01:08:20 GSD getOne 第 1 次 等待 3 秒
2024-03-14 01:08:23 查询号码 【1768848】，返回信息 {"status":"ok","msg":"广东-广州","gid":"149773","time_insert":"2021-06-29 00:04"}
2024-03-14 01:08:23 查询号码 【1768848】，GSD为【"广东-广州"】

2024-03-14 01:32:09 开始第 8949 次操作

2024-03-14 01:32:09 开始操作号码 【1768849】
2024-03-14 01:32:14 GSD getOne 第 1 次 等待 3 秒
2024-03-14 01:32:17 查询号码 【1768849】，返回信息 {"status":"ok","msg":"广东-广州","gid":"149766","time_insert":"2021-06-29 00:03"}
2024-03-14 01:32:17 查询号码 【1768849】，GSD为【"广东-广州"】

2024-03-14 01:32:18 开始第 8950 次操作

2024-03-14 01:32:18 开始操作号码 【1768850】
2024-03-14 01:32:23 GSD getOne 第 1 次 等待 3 秒
2024-03-14 01:32:26 查询号码 【1768850】，返回信息 {"status":"ok","msg":"广东-江门","gid":"50770","time_insert":"2021-04-21 17:01"}
2024-03-14 01:32:26 查询号码 【1768850】，GSD为【"广东-江门"】

2024-03-14 01:32:27 开始第 8951 次操作

2024-03-14 01:32:27 开始操作号码 【1768851】
2024-03-14 01:32:31 GSD getOne 第 1 次 等待 3 秒
2024-03-14 01:32:34 查询号码 【1768851】，返回信息 {"status":"ok","msg":"广东-韶关","gid":"149755","time_insert":"2021-06-29 00:02"}
2024-03-14 01:32:34 查询号码 【1768851】，GSD为【"广东-韶关"】

2024-03-14 01:32:35 开始第 8952 次操作

2024-03-14 01:32:35 开始操作号码 【1768852】
2024-03-14 01:32:40 GSD getOne 第 1 次 等待 3 秒
2024-03-14 01:32:43 查询号码 【1768852】，返回信息 {"status":"ok","msg":"广东-江门","gid":"149746","time_insert":"2021-06-29 00:01"}
2024-03-14 01:32:43 查询号码 【1768852】，GSD为【"广东-江门"】

