2024-07-17 00:09:40 开始第 6581 次操作

2024-07-17 00:09:40 开始操作号码 【1546464】
2024-07-17 00:09:51 GSD getOne 第 1 次 等待 3 秒
2024-07-17 00:09:54 查询号码 【1546464】，返回信息 {"status":"ok","msg":"-","gid":"661288","time_insert":"2023-04-18 02:32"}
2024-07-17 00:09:54 查询号码 【1546464】，GSD为【"-"】
2024-07-17 00:09:54 ok && -
2024-07-17 00:09:55 CHB 1546464?1721146194 第 1 次 等待 3 秒
2024-07-17 00:09:58 CHB 1546464?1721146194 第 1 次 获取到号码【1546464】GSD
2024-07-17 00:09:58 未获取到号码【1546464】GSD，可能号码格式错误
2024-07-17 00:09:58 获取到号码【1546464】的GSD为【-】
2024-07-17 00:10:06 GSD insert 第 1 次 等待 3 秒
2024-07-17 00:10:09 {"status":"bad","gid":"661288","msg":"添加失败！号码【1546464(-|-)】已存在！"}
2024-07-17 00:10:09 随机等待 94 秒，约 1 分钟
2024-07-17 00:10:09 下次操作: 2024-07-17 00:11:43

2024-07-17 00:11:43 开始第 6582 次操作

2024-07-17 00:11:43 开始操作号码 【1546465】
2024-07-17 00:11:54 GSD getOne 第 1 次 等待 3 秒
2024-07-17 00:11:57 查询号码 【1546465】，返回信息 {"status":"ok","msg":"-","gid":"661305","time_insert":"2023-04-18 02:41"}
2024-07-17 00:11:57 查询号码 【1546465】，GSD为【"-"】
2024-07-17 00:11:57 ok && -
2024-07-17 00:11:59 CHB 1546465?1721146317 第 1 次 等待 3 秒
2024-07-17 00:12:02 CHB 1546465?1721146317 第 1 次 获取到号码【1546465】GSD
2024-07-17 00:12:02 未获取到号码【1546465】GSD，可能号码格式错误
2024-07-17 00:12:02 获取到号码【1546465】的GSD为【-】
2024-07-17 00:12:10 GSD insert 第 1 次 等待 3 秒
2024-07-17 00:12:13 {"status":"bad","gid":"661305","msg":"添加失败！号码【1546465(-|-)】已存在！"}
2024-07-17 00:12:13 随机等待 166 秒，约 2 分钟
2024-07-17 00:12:13 下次操作: 2024-07-17 00:14:59

2024-07-17 00:14:59 开始第 6583 次操作

2024-07-17 00:14:59 开始操作号码 【1546466】
2024-07-17 00:15:07 GSD getOne 第 1 次 等待 3 秒
2024-07-17 00:15:10 查询号码 【1546466】，返回信息 {"status":"ok","msg":"-","gid":"661329","time_insert":"2023-04-18 02:58"}
2024-07-17 00:15:10 查询号码 【1546466】，GSD为【"-"】
2024-07-17 00:15:10 ok && -
2024-07-17 00:15:12 CHB 1546466?1721146510 第 1 次 等待 3 秒
2024-07-17 00:15:15 CHB 1546466?1721146510 第 1 次 获取到号码【1546466】GSD
2024-07-17 00:15:15 未获取到号码【1546466】GSD，可能号码格式错误
2024-07-17 00:15:15 获取到号码【1546466】的GSD为【-】
2024-07-17 00:15:22 GSD insert 第 1 次 等待 3 秒
2024-07-17 00:15:25 {"status":"bad","gid":"661329","msg":"添加失败！号码【1546466(-|-)】已存在！"}
2024-07-17 00:15:25 随机等待 161 秒，约 2 分钟
2024-07-17 00:15:25 下次操作: 2024-07-17 00:18:06

2024-07-17 00:18:06 开始第 6584 次操作

2024-07-17 00:18:06 开始操作号码 【1546467】
2024-07-17 00:18:14 GSD getOne 第 1 次 等待 3 秒
2024-07-17 00:18:17 查询号码 【1546467】，返回信息 {"status":"ok","msg":"-","gid":"661350","time_insert":"2023-04-18 03:12"}
2024-07-17 00:18:17 查询号码 【1546467】，GSD为【"-"】
2024-07-17 00:18:17 ok && -
2024-07-17 00:18:19 CHB 1546467?1721146697 第 1 次 等待 3 秒
2024-07-17 00:18:22 CHB 1546467?1721146697 第 1 次 获取到号码【1546467】GSD
2024-07-17 00:18:22 未获取到号码【1546467】GSD，可能号码格式错误
2024-07-17 00:18:22 获取到号码【1546467】的GSD为【-】
2024-07-17 00:18:29 GSD insert 第 1 次 等待 3 秒
2024-07-17 00:18:32 {"status":"bad","gid":"661350","msg":"添加失败！号码【1546467(-|-)】已存在！"}

2024-07-17 00:39:45 开始第 6585 次操作

2024-07-17 00:39:45 开始操作号码 【1546468】
2024-07-17 00:39:55 GSD getOne 第 1 次 等待 3 秒
2024-07-17 00:39:58 查询号码 【1546468】，返回信息 {"status":"ok","msg":"-","gid":"661380","time_insert":"2023-04-18 03:30"}
2024-07-17 00:39:58 查询号码 【1546468】，GSD为【"-"】
2024-07-17 00:39:58 ok && -
2024-07-17 00:40:01 CHB 1546468?1721147998 第 1 次 等待 3 秒
2024-07-17 00:40:04 CHB 1546468?1721147998 第 1 次 获取到号码【1546468】GSD
2024-07-17 00:40:04 未获取到号码【1546468】GSD，可能号码格式错误
2024-07-17 00:40:04 获取到号码【1546468】的GSD为【-】
2024-07-17 00:40:11 GSD insert 第 1 次 等待 3 秒
2024-07-17 00:40:14 {"status":"bad","gid":"661380","msg":"添加失败！号码【1546468(-|-)】已存在！"}
2024-07-17 00:40:14 随机等待 181 秒，约 3 分钟
2024-07-17 00:40:14 下次操作: 2024-07-17 00:43:15

2024-07-17 00:43:16 开始第 6586 次操作

2024-07-17 00:43:16 开始操作号码 【1546469】
2024-07-17 00:43:25 GSD getOne 第 1 次 等待 3 秒
2024-07-17 00:43:28 查询号码 【1546469】，返回信息 {"status":"ok","msg":"-","gid":"661416","time_insert":"2023-04-18 03:49"}
2024-07-17 00:43:28 查询号码 【1546469】，GSD为【"-"】
2024-07-17 00:43:28 ok && -
2024-07-17 00:43:29 CHB 1546469?1721148208 第 1 次 等待 3 秒
2024-07-17 00:43:32 CHB 1546469?1721148208 第 1 次 获取到号码【1546469】GSD
2024-07-17 00:43:32 未获取到号码【1546469】GSD，可能号码格式错误
2024-07-17 00:43:32 获取到号码【1546469】的GSD为【-】
2024-07-17 00:43:41 GSD insert 第 1 次 等待 3 秒
2024-07-17 00:43:44 {"status":"bad","gid":"661416","msg":"添加失败！号码【1546469(-|-)】已存在！"}
2024-07-17 00:43:44 随机等待 110 秒，约 1 分钟
2024-07-17 00:43:44 下次操作: 2024-07-17 00:45:34

2024-07-17 00:45:34 开始第 6587 次操作

2024-07-17 00:45:34 开始操作号码 【1546470】
2024-07-17 00:45:43 GSD getOne 第 1 次 等待 3 秒
2024-07-17 00:45:46 查询号码 【1546470】，返回信息 {"status":"ok","msg":"-","gid":"661445","time_insert":"2023-04-18 04:11"}
2024-07-17 00:45:46 查询号码 【1546470】，GSD为【"-"】
2024-07-17 00:45:46 ok && -
2024-07-17 00:45:48 CHB 1546470?1721148346 第 1 次 等待 3 秒
2024-07-17 00:45:51 CHB 1546470?1721148346 第 1 次 获取到号码【1546470】GSD
2024-07-17 00:45:51 未获取到号码【1546470】GSD，可能号码格式错误
2024-07-17 00:45:51 获取到号码【1546470】的GSD为【-】
2024-07-17 00:45:59 GSD insert 第 1 次 等待 3 秒
2024-07-17 00:46:02 {"status":"bad","gid":"661445","msg":"添加失败！号码【1546470(-|-)】已存在！"}
2024-07-17 00:46:02 随机等待 219 秒，约 3 分钟
2024-07-17 00:46:02 下次操作: 2024-07-17 00:49:41

2024-07-17 00:49:41 开始第 6588 次操作

2024-07-17 00:49:41 开始操作号码 【1546471】
2024-07-17 00:49:49 GSD getOne 第 1 次 等待 3 秒
2024-07-17 00:49:52 查询号码 【1546471】，返回信息 {"status":"ok","msg":"-","gid":"661469","time_insert":"2023-04-18 04:27"}
2024-07-17 00:49:52 查询号码 【1546471】，GSD为【"-"】
2024-07-17 00:49:52 ok && -
2024-07-17 00:49:54 CHB 1546471?1721148592 第 1 次 等待 3 秒
2024-07-17 00:49:57 CHB 1546471?1721148592 第 1 次 获取到号码【1546471】GSD
2024-07-17 00:49:57 未获取到号码【1546471】GSD，可能号码格式错误
2024-07-17 00:49:57 获取到号码【1546471】的GSD为【-】
2024-07-17 00:50:06 GSD insert 第 1 次 等待 3 秒
2024-07-17 00:50:09 {"status":"bad","gid":"661469","msg":"添加失败！号码【1546471(-|-)】已存在！"}

