2024-08-21 00:24:56 开始第 277 次操作

2024-08-21 00:24:56 开始操作号码 【1430276】
2024-08-21 00:25:04 GSD getOne 第 1 次 等待 3 秒
2024-08-21 00:25:07 查询号码 【1430276】，返回信息 {"status":"ok","msg":"-","gid":"522467","time_insert":"2023-02-09 03:38"}
2024-08-21 00:25:07 查询号码 【1430276】，GSD为【"-"】
2024-08-21 00:25:07 ok && -
2024-08-21 00:25:10 CHB 1430276?1724171107 第 1 次 等待 3 秒
2024-08-21 00:25:13 CHB 1430276?1724171107 第 1 次 获取到号码【1430276】GSD
2024-08-21 00:25:13 未获取到号码【1430276】GSD，可能号码格式错误
2024-08-21 00:25:13 获取到号码【1430276】的GSD为【-】
2024-08-21 00:25:21 GSD insert 第 1 次 等待 3 秒
2024-08-21 00:25:24 {"status":"bad","gid":"522467","msg":"添加失败！号码【1430276(-|-)】已存在！"}
2024-08-21 00:25:24 随机等待 200 秒，约 3 分钟
2024-08-21 00:25:24 下次操作: 2024-08-21 00:28:44

2024-08-21 00:28:44 开始第 278 次操作

2024-08-21 00:28:44 开始操作号码 【1430277】
2024-08-21 00:28:54 GSD getOne 第 1 次 等待 3 秒
2024-08-21 00:28:57 查询号码 【1430277】，返回信息 {"status":"ok","msg":"-","gid":"522480","time_insert":"2023-02-09 03:48"}
2024-08-21 00:28:57 查询号码 【1430277】，GSD为【"-"】
2024-08-21 00:28:57 ok && -
2024-08-21 00:28:59 CHB 1430277?1724171337 第 1 次 等待 3 秒
2024-08-21 00:29:02 CHB 1430277?1724171337 第 1 次 获取到号码【1430277】GSD
2024-08-21 00:29:02 未获取到号码【1430277】GSD，可能号码格式错误
2024-08-21 00:29:02 获取到号码【1430277】的GSD为【-】
2024-08-21 00:29:10 GSD insert 第 1 次 等待 3 秒
2024-08-21 00:29:13 {"status":"bad","gid":"522480","msg":"添加失败！号码【1430277(-|-)】已存在！"}
2024-08-21 00:29:14 随机等待 179 秒，约 2 分钟
2024-08-21 00:29:14 下次操作: 2024-08-21 00:32:13

2024-08-21 00:32:13 开始第 279 次操作

2024-08-21 00:32:13 开始操作号码 【1430278】
2024-08-21 00:32:22 GSD getOne 第 1 次 等待 3 秒
2024-08-21 00:32:25 查询号码 【1430278】，返回信息 {"status":"ok","msg":"-","gid":"522495","time_insert":"2023-02-09 04:01"}
2024-08-21 00:32:25 查询号码 【1430278】，GSD为【"-"】
2024-08-21 00:32:25 ok && -
2024-08-21 00:32:28 CHB 1430278?1724171545 第 1 次 等待 3 秒
2024-08-21 00:32:31 CHB 1430278?1724171545 第 1 次 获取到号码【1430278】GSD
2024-08-21 00:32:31 未获取到号码【1430278】GSD，可能号码格式错误
2024-08-21 00:32:31 获取到号码【1430278】的GSD为【-】
2024-08-21 00:32:39 GSD insert 第 1 次 等待 3 秒
2024-08-21 00:32:42 {"status":"bad","gid":"522495","msg":"添加失败！号码【1430278(-|-)】已存在！"}
2024-08-21 00:32:42 随机等待 225 秒，约 3 分钟
2024-08-21 00:32:42 下次操作: 2024-08-21 00:36:27

2024-08-21 00:36:27 开始第 280 次操作

2024-08-21 00:36:27 开始操作号码 【1430279】
2024-08-21 00:36:36 GSD getOne 第 1 次 等待 3 秒
2024-08-21 00:36:39 查询号码 【1430279】，返回信息 {"status":"ok","msg":"-","gid":"522505","time_insert":"2023-02-09 04:11"}
2024-08-21 00:36:39 查询号码 【1430279】，GSD为【"-"】
2024-08-21 00:36:39 ok && -
2024-08-21 00:36:42 CHB 1430279?1724171799 第 1 次 等待 3 秒
2024-08-21 00:36:45 CHB 1430279?1724171799 第 1 次 获取到号码【1430279】GSD
2024-08-21 00:36:45 未获取到号码【1430279】GSD，可能号码格式错误
2024-08-21 00:36:45 获取到号码【1430279】的GSD为【-】
2024-08-21 00:36:53 GSD insert 第 1 次 等待 3 秒
2024-08-21 00:36:56 {"status":"bad","gid":"522505","msg":"添加失败！号码【1430279(-|-)】已存在！"}

