2024-01-25 00:10:41 开始第 100 次操作
2024-01-25 00:10:41 号码【187（0000 ---> 9999）】处理完毕
2024-01-25 00:38:27 开始第 100 次操作
2024-01-25 00:38:27 号码【187（0000 ---> 9999）】处理完毕
2024-01-25 01:07:33 开始第 100 次操作
2024-01-25 01:07:33 号码【187（0000 ---> 9999）】处理完毕
2024-01-25 01:32:30 开始第 100 次操作
2024-01-25 01:32:30 号码【187（0000 ---> 9999）】处理完毕
2024-01-25 02:10:19 开始第 100 次操作
2024-01-25 02:10:19 号码【187（0000 ---> 9999）】处理完毕
2024-01-25 02:33:44 开始第 100 次操作
2024-01-25 02:33:44 号码【187（0000 ---> 9999）】处理完毕
2024-01-25 03:07:00 开始第 100 次操作
2024-01-25 03:07:00 号码【187（0000 ---> 9999）】处理完毕
2024-01-25 03:32:24 开始第 100 次操作
2024-01-25 03:32:24 号码【187（0000 ---> 9999）】处理完毕
2024-01-25 04:08:51 开始第 100 次操作
2024-01-25 04:08:51 号码【187（0000 ---> 9999）】处理完毕
2024-01-25 04:32:43 开始第 100 次操作
2024-01-25 04:32:43 号码【187（0000 ---> 9999）】处理完毕
2024-01-25 05:07:26 开始第 100 次操作
2024-01-25 05:07:26 号码【187（0000 ---> 9999）】处理完毕
2024-01-25 05:32:20 开始第 100 次操作
2024-01-25 05:32:20 号码【187（0000 ---> 9999）】处理完毕
2024-01-25 06:07:30 开始第 100 次操作
2024-01-25 06:07:30 号码【187（0000 ---> 9999）】处理完毕
2024-01-25 06:33:59 开始第 100 次操作
2024-01-25 06:33:59 号码【187（0000 ---> 9999）】处理完毕
2024-01-25 07:07:36 开始第 100 次操作
2024-01-25 07:07:36 号码【187（0000 ---> 9999）】处理完毕
2024-01-25 07:32:40 开始第 100 次操作
2024-01-25 07:32:40 号码【187（0000 ---> 9999）】处理完毕
2024-01-25 08:38:33 开始第 100 次操作
2024-01-25 08:38:33 号码【187（0000 ---> 9999）】处理完毕
2024-01-25 09:54:09 开始第 100 次操作
2024-01-25 09:54:09 号码【187（0000 ---> 9999）】处理完毕
2024-01-25 10:25:45 开始第 100 次操作
2024-01-25 10:25:45 号码【187（0000 ---> 9999）】处理完毕
2024-01-25 10:43:12 开始第 100 次操作
2024-01-25 10:43:12 号码【187（0000 ---> 9999）】处理完毕
2024-01-25 11:08:44 开始第 100 次操作
2024-01-25 11:08:44 号码【187（0000 ---> 9999）】处理完毕
2024-01-25 11:33:01 开始第 100 次操作
2024-01-25 11:33:01 号码【187（0000 ---> 9999）】处理完毕
2024-01-25 12:10:31 开始第 100 次操作
2024-01-25 12:10:31 号码【187（0000 ---> 9999）】处理完毕
2024-01-25 12:35:56 开始第 100 次操作
2024-01-25 12:35:56 号码【187（0000 ---> 9999）】处理完毕
2024-01-25 13:08:09 开始第 100 次操作
2024-01-25 13:08:09 号码【187（0000 ---> 9999）】处理完毕
2024-01-25 13:33:04 开始第 100 次操作
2024-01-25 13:33:04 号码【187（0000 ---> 9999）】处理完毕
2024-01-25 14:10:56 开始第 100 次操作
2024-01-25 14:10:56 号码【187（0000 ---> 9999）】处理完毕
2024-01-25 14:35:44 开始第 100 次操作
2024-01-25 14:35:44 号码【187（0000 ---> 9999）】处理完毕
2024-01-25 15:07:31 开始第 100 次操作
2024-01-25 15:07:31 号码【187（0000 ---> 9999）】处理完毕
2024-01-25 15:32:22 开始第 100 次操作
2024-01-25 15:32:22 号码【187（0000 ---> 9999）】处理完毕
2024-01-25 16:10:54 开始第 100 次操作
2024-01-25 16:10:54 号码【187（0000 ---> 9999）】处理完毕
2024-01-25 16:34:52 开始第 100 次操作
2024-01-25 16:34:52 号码【187（0000 ---> 9999）】处理完毕
2024-01-25 16:44:50 开始第 100 次操作

2024-01-25 16:44:50 开始操作号码 【1760000】
2024-01-25 16:45:14 GSD getOne 第 1 次 等待 3 秒
2024-01-25 16:45:17 查询号码 【1760000】，返回信息 {"status":"ok","msg":"北京-北京","gid":"137872","time_insert":"2021-06-27 08:21"}
2024-01-25 16:45:17 查询号码 【1760000】，GSD为【"北京-北京"】

2024-01-25 17:08:15 开始第 101 次操作

2024-01-25 17:08:15 开始操作号码 【1760001】
2024-01-25 17:08:40 GSD getOne 第 1 次 等待 3 秒
2024-01-25 17:08:43 查询号码 【1760001】，返回信息 {"status":"ok","msg":"北京-北京","gid":"137875","time_insert":"2021-06-27 08:22"}
2024-01-25 17:08:43 查询号码 【1760001】，GSD为【"北京-北京"】

2024-01-25 17:08:44 开始第 102 次操作

2024-01-25 17:08:44 开始操作号码 【1760002】
2024-01-25 17:09:07 GSD getOne 第 1 次 等待 3 秒
2024-01-25 17:09:10 查询号码 【1760002】，返回信息 {"status":"ok","msg":"北京-北京","gid":"137876","time_insert":"2021-06-27 08:22"}
2024-01-25 17:09:10 查询号码 【1760002】，GSD为【"北京-北京"】

2024-01-25 17:09:11 开始第 103 次操作

2024-01-25 17:09:11 开始操作号码 【1760003】
2024-01-25 17:09:35 GSD getOne 第 1 次 等待 3 秒
2024-01-25 17:09:38 查询号码 【1760003】，返回信息 {"status":"ok","msg":"北京-北京","gid":"137879","time_insert":"2021-06-27 08:23"}
2024-01-25 17:09:38 查询号码 【1760003】，GSD为【"北京-北京"】

2024-01-25 17:09:39 开始第 104 次操作

2024-01-25 17:09:39 开始操作号码 【1760004】
2024-01-25 17:10:04 GSD getOne 第 1 次 等待 3 秒
2024-01-25 17:10:07 查询号码 【1760004】，返回信息 {"status":"ok","msg":"北京-北京","gid":"137881","time_insert":"2021-06-27 08:23"}
2024-01-25 17:10:07 查询号码 【1760004】，GSD为【"北京-北京"】

2024-01-25 17:32:57 开始第 105 次操作

2024-01-25 17:32:57 开始操作号码 【1760005】
2024-01-25 17:33:21 GSD getOne 第 1 次 等待 3 秒
2024-01-25 17:33:24 查询号码 【1760005】，返回信息 {"status":"ok","msg":"北京-北京","gid":"137883","time_insert":"2021-06-27 08:23"}
2024-01-25 17:33:24 查询号码 【1760005】，GSD为【"北京-北京"】

2024-01-25 17:33:25 开始第 106 次操作

2024-01-25 17:33:25 开始操作号码 【1760006】
2024-01-25 17:33:49 GSD getOne 第 1 次 等待 3 秒
2024-01-25 17:33:52 查询号码 【1760006】，返回信息 {"status":"ok","msg":"北京-北京","gid":"137885","time_insert":"2021-06-27 08:24"}
2024-01-25 17:33:52 查询号码 【1760006】，GSD为【"北京-北京"】

2024-01-25 17:33:53 开始第 107 次操作

2024-01-25 17:33:53 开始操作号码 【1760007】
2024-01-25 17:34:17 GSD getOne 第 1 次 等待 3 秒
2024-01-25 17:34:20 查询号码 【1760007】，返回信息 {"status":"ok","msg":"北京-北京","gid":"137886","time_insert":"2021-06-27 08:24"}
2024-01-25 17:34:20 查询号码 【1760007】，GSD为【"北京-北京"】

2024-01-25 17:34:21 开始第 108 次操作

2024-01-25 17:34:21 开始操作号码 【1760008】
2024-01-25 17:34:46 GSD getOne 第 1 次 等待 3 秒
2024-01-25 17:34:49 查询号码 【1760008】，返回信息 {"status":"ok","msg":"北京-北京","gid":"137888","time_insert":"2021-06-27 08:25"}
2024-01-25 17:34:49 查询号码 【1760008】，GSD为【"北京-北京"】

2024-01-25 18:08:34 开始第 109 次操作

2024-01-25 18:08:34 开始操作号码 【1760009】
2024-01-25 18:08:58 GSD getOne 第 1 次 等待 3 秒
2024-01-25 18:09:01 查询号码 【1760009】，返回信息 {"status":"ok","msg":"北京-北京","gid":"137889","time_insert":"2021-06-27 08:25"}
2024-01-25 18:09:01 查询号码 【1760009】，GSD为【"北京-北京"】

2024-01-25 18:09:02 开始第 110 次操作

2024-01-25 18:09:02 开始操作号码 【1760010】
2024-01-25 18:09:27 GSD getOne 第 1 次 等待 3 秒
2024-01-25 18:09:30 查询号码 【1760010】，返回信息 {"status":"ok","msg":"北京-北京","gid":"137891","time_insert":"2021-06-27 08:25"}
2024-01-25 18:09:30 查询号码 【1760010】，GSD为【"北京-北京"】

2024-01-25 18:09:31 开始第 111 次操作

2024-01-25 18:09:31 开始操作号码 【1760011】
2024-01-25 18:09:55 GSD getOne 第 1 次 等待 3 秒
2024-01-25 18:09:58 查询号码 【1760011】，返回信息 {"status":"ok","msg":"北京-北京","gid":"137893","time_insert":"2021-06-27 08:26"}
2024-01-25 18:09:58 查询号码 【1760011】，GSD为【"北京-北京"】

2024-01-25 18:09:59 开始第 112 次操作

2024-01-25 18:09:59 开始操作号码 【1760012】
2024-01-25 18:10:23 GSD getOne 第 1 次 等待 3 秒
2024-01-25 18:10:26 查询号码 【1760012】，返回信息 {"status":"ok","msg":"北京-北京","gid":"137896","time_insert":"2021-06-27 08:26"}
2024-01-25 18:10:26 查询号码 【1760012】，GSD为【"北京-北京"】

2024-01-25 18:36:05 开始第 113 次操作

2024-01-25 18:36:05 开始操作号码 【1760013】
2024-01-25 18:36:30 GSD getOne 第 1 次 等待 3 秒
2024-01-25 18:36:33 查询号码 【1760013】，返回信息 {"status":"ok","msg":"北京-北京","gid":"137898","time_insert":"2021-06-27 08:26"}
2024-01-25 18:36:33 查询号码 【1760013】，GSD为【"北京-北京"】

2024-01-25 18:36:34 开始第 114 次操作

2024-01-25 18:36:34 开始操作号码 【1760014】
2024-01-25 18:36:58 GSD getOne 第 1 次 等待 3 秒
2024-01-25 18:37:01 查询号码 【1760014】，返回信息 {"status":"ok","msg":"北京-北京","gid":"137901","time_insert":"2021-06-27 08:27"}
2024-01-25 18:37:01 查询号码 【1760014】，GSD为【"北京-北京"】

2024-01-25 18:37:02 开始第 115 次操作

2024-01-25 18:37:02 开始操作号码 【1760015】
2024-01-25 18:37:25 GSD getOne 第 1 次 等待 3 秒
2024-01-25 18:37:28 查询号码 【1760015】，返回信息 {"status":"ok","msg":"北京-北京","gid":"137902","time_insert":"2021-06-27 08:27"}
2024-01-25 18:37:28 查询号码 【1760015】，GSD为【"北京-北京"】

2024-01-25 18:37:29 开始第 116 次操作

2024-01-25 18:37:29 开始操作号码 【1760016】
2024-01-25 18:37:53 GSD getOne 第 1 次 等待 3 秒
2024-01-25 18:37:56 查询号码 【1760016】，返回信息 {"status":"ok","msg":"北京-北京","gid":"137904","time_insert":"2021-06-27 08:28"}
2024-01-25 18:37:56 查询号码 【1760016】，GSD为【"北京-北京"】

2024-01-25 19:06:52 开始第 117 次操作

2024-01-25 19:06:52 开始操作号码 【1760017】
2024-01-25 19:07:15 GSD getOne 第 1 次 等待 3 秒
2024-01-25 19:07:18 查询号码 【1760017】，返回信息 {"status":"ok","msg":"北京-北京","gid":"137905","time_insert":"2021-06-27 08:28"}
2024-01-25 19:07:18 查询号码 【1760017】，GSD为【"北京-北京"】

2024-01-25 19:07:19 开始第 118 次操作

2024-01-25 19:07:19 开始操作号码 【1760018】
2024-01-25 19:07:43 GSD getOne 第 1 次 等待 3 秒
2024-01-25 19:07:46 查询号码 【1760018】，返回信息 {"status":"ok","msg":"北京-北京","gid":"29944","time_insert":"2019-09-09 11:00","time_update":"2020-12-25 10:23"}
2024-01-25 19:07:46 查询号码 【1760018】，GSD为【"北京-北京"】

2024-01-25 19:07:47 开始第 119 次操作

2024-01-25 19:07:47 开始操作号码 【1760019】
2024-01-25 19:08:10 GSD getOne 第 1 次 等待 3 秒
2024-01-25 19:08:13 查询号码 【1760019】，返回信息 {"status":"ok","msg":"北京-北京","gid":"137907","time_insert":"2021-06-27 08:29"}
2024-01-25 19:08:13 查询号码 【1760019】，GSD为【"北京-北京"】

2024-01-25 19:08:14 开始第 120 次操作

2024-01-25 19:08:14 开始操作号码 【1760020】
2024-01-25 19:08:38 GSD getOne 第 1 次 等待 3 秒
2024-01-25 19:08:41 查询号码 【1760020】，返回信息 {"status":"ok","msg":"北京-北京","gid":"137911","time_insert":"2021-06-27 08:29"}
2024-01-25 19:08:41 查询号码 【1760020】，GSD为【"北京-北京"】

