2024-03-12 00:09:01 开始第 8573 次操作

2024-03-12 00:09:01 开始操作号码 【1768473】
2024-03-12 00:09:07 GSD getOne 第 1 次 等待 3 秒
2024-03-12 00:09:10 查询号码 【1768473】，返回信息 {"status":"ok","msg":"内蒙古-乌海","gid":"153771","time_insert":"2021-06-29 13:39"}
2024-03-12 00:09:10 查询号码 【1768473】，GSD为【"内蒙古-乌海"】

2024-03-12 00:09:11 开始第 8574 次操作

2024-03-12 00:09:11 开始操作号码 【1768474】
2024-03-12 00:09:16 GSD getOne 第 1 次 等待 3 秒
2024-03-12 00:09:19 查询号码 【1768474】，返回信息 {"status":"ok","msg":"内蒙古-乌兰察布","gid":"153762","time_insert":"2021-06-29 13:39"}
2024-03-12 00:09:19 查询号码 【1768474】，GSD为【"内蒙古-乌兰察布"】

2024-03-12 00:09:20 开始第 8575 次操作

2024-03-12 00:09:20 开始操作号码 【1768475】
2024-03-12 00:09:24 GSD getOne 第 1 次 等待 3 秒
2024-03-12 00:09:27 查询号码 【1768475】，返回信息 {"status":"ok","msg":"内蒙古-通辽","gid":"153757","time_insert":"2021-06-29 13:38"}
2024-03-12 00:09:27 查询号码 【1768475】，GSD为【"内蒙古-通辽"】

2024-03-12 00:09:28 开始第 8576 次操作

2024-03-12 00:09:28 开始操作号码 【1768476】
2024-03-12 00:09:34 GSD getOne 第 1 次 等待 3 秒
2024-03-12 00:09:37 查询号码 【1768476】，返回信息 {"status":"ok","msg":"内蒙古-赤峰","gid":"153750","time_insert":"2021-06-29 13:38"}
2024-03-12 00:09:37 查询号码 【1768476】，GSD为【"内蒙古-赤峰"】

