2023-10-21 00:09:25 开始第 4317 次操作

2023-10-21 00:09:25 开始操作号码 【1974227】
2023-10-21 00:09:30 GSD getOne 第 1 次 等待 3 秒
2023-10-21 00:09:33 查询号码 【1974227】，返回信息 {"status":"ok","msg":"-","gid":"561642","time_insert":"2023-02-28 20:34"}
2023-10-21 00:09:33 查询号码 【1974227】，GSD为【"-"】
2023-10-21 00:09:33 ok && -
2023-10-21 00:09:40 CHB 1974227?1697818173 第 1 次 等待 3 秒
2023-10-21 00:09:43 CHB 1974227?1697818173 第 1 次 获取到号码【1974227】GSD
2023-10-21 00:09:43 未获取到号码【1974227】GSD，可能号码格式错误
2023-10-21 00:09:43 获取到号码【1974227】的GSD为【-】
2023-10-21 00:09:51 GSD insert 第 1 次 等待 3 秒
2023-10-21 00:09:54 {"status":"bad","gid":"561642","msg":"添加失败！号码【1974227(-|-)】已存在！"}
2023-10-21 00:09:54 随机等待 211 秒，约 3 分钟
2023-10-21 00:09:54 下次操作: 2023-10-21 00:13:25

2023-10-21 00:13:25 开始第 4318 次操作

2023-10-21 00:13:25 开始操作号码 【1974228】
2023-10-21 00:13:31 GSD getOne 第 1 次 等待 3 秒
2023-10-21 00:13:34 查询号码 【1974228】，返回信息 {"status":"ok","msg":"-","gid":"561673","time_insert":"2023-02-28 20:59"}
2023-10-21 00:13:34 查询号码 【1974228】，GSD为【"-"】
2023-10-21 00:13:34 ok && -
2023-10-21 00:13:37 CHB 1974228?1697818414 第 1 次 等待 3 秒
2023-10-21 00:13:40 CHB 1974228?1697818414 第 1 次 获取到号码【1974228】GSD
2023-10-21 00:13:40 未获取到号码【1974228】GSD，可能号码格式错误
2023-10-21 00:13:40 获取到号码【1974228】的GSD为【-】
2023-10-21 00:13:54 GSD insert 第 1 次 等待 3 秒
2023-10-21 00:13:57 {"status":"bad","gid":"561673","msg":"添加失败！号码【1974228(-|-)】已存在！"}
2023-10-21 00:13:57 随机等待 151 秒，约 2 分钟
2023-10-21 00:13:57 下次操作: 2023-10-21 00:16:28

2023-10-21 00:16:28 开始第 4319 次操作

2023-10-21 00:16:28 开始操作号码 【1974229】
2023-10-21 00:16:31 GSD getOne 第 1 次 等待 3 秒
2023-10-21 00:16:34 查询号码 【1974229】，返回信息 {"status":"ok","msg":"-","gid":"561677","time_insert":"2023-02-28 21:02"}
2023-10-21 00:16:34 查询号码 【1974229】，GSD为【"-"】
2023-10-21 00:16:34 ok && -
2023-10-21 00:16:40 CHB 1974229?1697818594 第 1 次 等待 3 秒
2023-10-21 00:16:43 CHB 1974229?1697818594 第 1 次 获取到号码【1974229】GSD
2023-10-21 00:16:43 未获取到号码【1974229】GSD，可能号码格式错误
2023-10-21 00:16:43 获取到号码【1974229】的GSD为【-】
2023-10-21 00:16:47 GSD insert 第 1 次 等待 3 秒
2023-10-21 00:16:50 {"status":"bad","gid":"561677","msg":"添加失败！号码【1974229(-|-)】已存在！"}
2023-10-21 00:16:50 随机等待 195 秒，约 3 分钟
2023-10-21 00:16:50 下次操作: 2023-10-21 00:20:05

2023-10-21 00:20:05 开始第 4320 次操作

2023-10-21 00:20:05 开始操作号码 【1974230】
2023-10-21 00:20:08 GSD getOne 第 1 次 等待 3 秒
2023-10-21 00:20:11 查询号码 【1974230】，返回信息 {"status":"ok","msg":"-","gid":"561680","time_insert":"2023-02-28 21:03"}
2023-10-21 00:20:12 查询号码 【1974230】，GSD为【"-"】
2023-10-21 00:20:12 ok && -
2023-10-21 00:20:22 CHB 1974230?1697818812 第 1 次 等待 3 秒
2023-10-21 00:20:25 CHB 1974230?1697818812 第 1 次 获取到号码【1974230】GSD
2023-10-21 00:20:25 未获取到号码【1974230】GSD，可能号码格式错误
2023-10-21 00:20:25 获取到号码【1974230】的GSD为【-】
2023-10-21 00:20:29 GSD insert 第 1 次 等待 3 秒
2023-10-21 00:20:32 {"status":"bad","gid":"561680","msg":"添加失败！号码【1974230(-|-)】已存在！"}

2023-10-21 00:36:23 开始第 4321 次操作

2023-10-21 00:36:23 开始操作号码 【1974231】
2023-10-21 00:36:29 GSD getOne 第 1 次 等待 3 秒
2023-10-21 00:36:32 查询号码 【1974231】，返回信息 {"status":"ok","msg":"-","gid":"561683","time_insert":"2023-02-28 21:05"}
2023-10-21 00:36:32 查询号码 【1974231】，GSD为【"-"】
2023-10-21 00:36:32 ok && -
2023-10-21 00:36:37 CHB 1974231?1697819792 第 1 次 等待 3 秒
2023-10-21 00:36:40 CHB 1974231?1697819792 第 1 次 获取到号码【1974231】GSD
2023-10-21 00:36:40 未获取到号码【1974231】GSD，可能号码格式错误
2023-10-21 00:36:40 获取到号码【1974231】的GSD为【-】
2023-10-21 00:36:43 GSD insert 第 1 次 等待 3 秒
2023-10-21 00:36:46 {"status":"bad","gid":"561683","msg":"添加失败！号码【1974231(-|-)】已存在！"}
2023-10-21 00:36:46 随机等待 173 秒，约 2 分钟
2023-10-21 00:36:46 下次操作: 2023-10-21 00:39:39

2023-10-21 00:39:39 开始第 4322 次操作

2023-10-21 00:39:39 开始操作号码 【1974232】
2023-10-21 00:39:56 GSD getOne 第 1 次 等待 3 秒
2023-10-21 00:39:59 查询号码 【1974232】，返回信息 {"status":"ok","msg":"-","gid":"561713","time_insert":"2023-02-28 21:30"}
2023-10-21 00:39:59 查询号码 【1974232】，GSD为【"-"】
2023-10-21 00:39:59 ok && -
2023-10-21 00:40:00 CHB 1974232?1697819999 第 1 次 等待 3 秒
2023-10-21 00:40:03 CHB 1974232?1697819999 第 1 次 获取到号码【1974232】GSD
2023-10-21 00:40:04 未获取到号码【1974232】GSD，可能号码格式错误
2023-10-21 00:40:04 获取到号码【1974232】的GSD为【-】
2023-10-21 00:40:06 GSD insert 第 1 次 等待 3 秒
2023-10-21 00:40:09 {"status":"bad","gid":"561713","msg":"添加失败！号码【1974232(-|-)】已存在！"}
2023-10-21 00:40:09 随机等待 142 秒，约 2 分钟
2023-10-21 00:40:09 下次操作: 2023-10-21 00:42:31

2023-10-21 00:42:31 开始第 4323 次操作

2023-10-21 00:42:31 开始操作号码 【1974233】
2023-10-21 00:42:40 GSD getOne 第 1 次 等待 3 秒
2023-10-21 00:42:43 查询号码 【1974233】，返回信息 {"status":"ok","msg":"-","gid":"561715","time_insert":"2023-02-28 21:32"}
2023-10-21 00:42:43 查询号码 【1974233】，GSD为【"-"】
2023-10-21 00:42:43 ok && -
2023-10-21 00:42:45 CHB 1974233?1697820163 第 1 次 等待 3 秒
2023-10-21 00:42:48 CHB 1974233?1697820163 第 1 次 获取到号码【1974233】GSD
2023-10-21 00:42:48 未获取到号码【1974233】GSD，可能号码格式错误
2023-10-21 00:42:48 获取到号码【1974233】的GSD为【-】
2023-10-21 00:42:58 GSD insert 第 1 次 等待 3 秒
2023-10-21 00:43:01 {"status":"bad","gid":"561715","msg":"添加失败！号码【1974233(-|-)】已存在！"}
2023-10-21 00:43:01 随机等待 87 秒，约 1 分钟
2023-10-21 00:43:01 下次操作: 2023-10-21 00:44:28

2023-10-21 00:44:28 开始第 4324 次操作

2023-10-21 00:44:28 开始操作号码 【1974234】
2023-10-21 00:44:36 GSD getOne 第 1 次 等待 3 秒
2023-10-21 00:44:39 查询号码 【1974234】，返回信息 {"status":"ok","msg":"-","gid":"561718","time_insert":"2023-02-28 21:33"}
2023-10-21 00:44:39 查询号码 【1974234】，GSD为【"-"】
2023-10-21 00:44:39 ok && -
2023-10-21 00:44:41 CHB 1974234?1697820279 第 1 次 等待 3 秒
2023-10-21 00:44:44 CHB 1974234?1697820279 第 1 次 获取到号码【1974234】GSD
2023-10-21 00:44:44 未获取到号码【1974234】GSD，可能号码格式错误
2023-10-21 00:44:44 获取到号码【1974234】的GSD为【-】
2023-10-21 00:44:49 GSD insert 第 1 次 等待 3 秒
2023-10-21 00:44:52 {"status":"bad","gid":"561718","msg":"添加失败！号码【1974234(-|-)】已存在！"}

