2024-06-29 00:10:12 开始第 3321 次操作

2024-06-29 00:10:12 开始操作号码 【1543205】
2024-06-29 00:10:30 GSD getOne 第 1 次 等待 3 秒
2024-06-29 00:10:33 查询号码 【1543205】，返回信息 {"status":"ok","msg":"-","gid":"579417","time_insert":"2023-03-09 09:52"}
2024-06-29 00:10:33 查询号码 【1543205】，GSD为【"-"】
2024-06-29 00:10:33 ok && -
2024-06-29 00:10:35 CHB 1543205?1719591033 第 1 次 等待 3 秒
2024-06-29 00:10:38 CHB 1543205?1719591033 第 1 次 获取到号码【1543205】GSD
2024-06-29 00:10:38 未获取到号码【1543205】GSD，可能号码格式错误
2024-06-29 00:10:38 获取到号码【1543205】的GSD为【-】
2024-06-29 00:10:52 GSD insert 第 1 次 等待 3 秒
2024-06-29 00:10:55 {"status":"bad","gid":"579417","msg":"添加失败！号码【1543205(-|-)】已存在！"}
2024-06-29 00:10:55 随机等待 129 秒，约 2 分钟
2024-06-29 00:10:55 下次操作: 2024-06-29 00:13:04

2024-06-29 00:13:04 开始第 3322 次操作

2024-06-29 00:13:04 开始操作号码 【1543206】
2024-06-29 00:13:17 GSD getOne 第 1 次 等待 3 秒
2024-06-29 00:13:20 查询号码 【1543206】，返回信息 {"status":"ok","msg":"-","gid":"579431","time_insert":"2023-03-09 10:08"}
2024-06-29 00:13:21 查询号码 【1543206】，GSD为【"-"】
2024-06-29 00:13:21 ok && -
2024-06-29 00:13:22 CHB 1543206?1719591201 第 1 次 等待 3 秒
2024-06-29 00:13:25 CHB 1543206?1719591201 第 1 次 获取到号码【1543206】GSD
2024-06-29 00:13:25 未获取到号码【1543206】GSD，可能号码格式错误
2024-06-29 00:13:25 获取到号码【1543206】的GSD为【-】
2024-06-29 00:13:39 GSD insert 第 1 次 等待 3 秒
2024-06-29 00:13:42 {"status":"bad","gid":"579431","msg":"添加失败！号码【1543206(-|-)】已存在！"}
2024-06-29 00:13:42 随机等待 166 秒，约 2 分钟
2024-06-29 00:13:42 下次操作: 2024-06-29 00:16:28

2024-06-29 00:16:28 开始第 3323 次操作

2024-06-29 00:16:28 开始操作号码 【1543207】
2024-06-29 00:16:43 GSD getOne 第 1 次 等待 3 秒
2024-06-29 00:16:46 查询号码 【1543207】，返回信息 {"status":"ok","msg":"-","gid":"579448","time_insert":"2023-03-09 10:24"}
2024-06-29 00:16:46 查询号码 【1543207】，GSD为【"-"】
2024-06-29 00:16:46 ok && -
2024-06-29 00:16:47 CHB 1543207?1719591406 第 1 次 等待 3 秒
2024-06-29 00:16:50 CHB 1543207?1719591406 第 1 次 获取到号码【1543207】GSD
2024-06-29 00:16:50 未获取到号码【1543207】GSD，可能号码格式错误
2024-06-29 00:16:50 获取到号码【1543207】的GSD为【-】
2024-06-29 00:17:04 GSD insert 第 1 次 等待 3 秒
2024-06-29 00:17:07 {"status":"bad","gid":"579448","msg":"添加失败！号码【1543207(-|-)】已存在！"}
2024-06-29 00:17:07 随机等待 151 秒，约 2 分钟
2024-06-29 00:17:07 下次操作: 2024-06-29 00:19:38

2024-06-29 00:19:38 开始第 3324 次操作

2024-06-29 00:19:38 开始操作号码 【1543208】
2024-06-29 00:19:53 GSD getOne 第 1 次 等待 3 秒
2024-06-29 00:19:56 查询号码 【1543208】，返回信息 {"status":"ok","msg":"-","gid":"579459","time_insert":"2023-03-09 10:33"}
2024-06-29 00:19:56 查询号码 【1543208】，GSD为【"-"】
2024-06-29 00:19:56 ok && -
2024-06-29 00:19:57 CHB 1543208?1719591596 第 1 次 等待 3 秒
2024-06-29 00:20:00 CHB 1543208?1719591596 第 1 次 获取到号码【1543208】GSD
2024-06-29 00:20:00 未获取到号码【1543208】GSD，可能号码格式错误
2024-06-29 00:20:00 获取到号码【1543208】的GSD为【-】
2024-06-29 00:20:14 GSD insert 第 1 次 等待 3 秒
2024-06-29 00:20:17 {"status":"bad","gid":"579459","msg":"添加失败！号码【1543208(-|-)】已存在！"}

