2024-09-23 00:25:34 开始第 5693 次操作

2024-09-23 00:25:34 开始操作号码 【1435690】
2024-09-23 00:25:37 GSD getOne 第 1 次 等待 3 秒
2024-09-23 00:25:40 查询号码 【1435690】，返回信息 {"status":"ok","msg":"-","gid":"640075","time_insert":"2023-04-07 22:29"}
2024-09-23 00:25:40 查询号码 【1435690】，GSD为【"-"】
2024-09-23 00:25:40 ok && -
2024-09-23 00:25:41 CHB 1435690?1727022340 第 1 次 等待 3 秒
2024-09-23 00:25:44 CHB 1435690?1727022340 第 1 次 获取到号码【1435690】GSD
2024-09-23 00:25:44 未获取到号码【1435690】GSD，可能号码格式错误
2024-09-23 00:25:44 获取到号码【1435690】的GSD为【-】
2024-09-23 00:25:49 GSD insert 第 1 次 等待 3 秒
2024-09-23 00:25:52 {"status":"bad","gid":"640075","msg":"添加失败！号码【1435690(-|-)】已存在！"}
2024-09-23 00:25:52 随机等待 137 秒，约 2 分钟
2024-09-23 00:25:52 下次操作: 2024-09-23 00:28:09

2024-09-23 00:28:09 开始第 5694 次操作

2024-09-23 00:28:09 开始操作号码 【1435691】
2024-09-23 00:28:12 GSD getOne 第 1 次 等待 3 秒
2024-09-23 00:28:15 查询号码 【1435691】，返回信息 {"status":"ok","msg":"-","gid":"640101","time_insert":"2023-04-07 22:47"}
2024-09-23 00:28:16 查询号码 【1435691】，GSD为【"-"】
2024-09-23 00:28:16 ok && -
2024-09-23 00:28:17 CHB 1435691?1727022496 第 1 次 等待 3 秒
2024-09-23 00:28:20 CHB 1435691?1727022496 第 1 次 获取到号码【1435691】GSD
2024-09-23 00:28:20 未获取到号码【1435691】GSD，可能号码格式错误
2024-09-23 00:28:20 获取到号码【1435691】的GSD为【-】
2024-09-23 00:28:22 GSD insert 第 1 次 等待 3 秒
2024-09-23 00:28:25 {"status":"bad","gid":"640101","msg":"添加失败！号码【1435691(-|-)】已存在！"}
2024-09-23 00:28:25 随机等待 184 秒，约 3 分钟
2024-09-23 00:28:25 下次操作: 2024-09-23 00:31:29

2024-09-23 00:31:29 开始第 5695 次操作

2024-09-23 00:31:29 开始操作号码 【1435692】
2024-09-23 00:31:31 GSD getOne 第 1 次 等待 3 秒
2024-09-23 00:31:34 查询号码 【1435692】，返回信息 {"status":"ok","msg":"-","gid":"640126","time_insert":"2023-04-07 23:04"}
2024-09-23 00:31:34 查询号码 【1435692】，GSD为【"-"】
2024-09-23 00:31:34 ok && -
2024-09-23 00:31:36 CHB 1435692?1727022694 第 1 次 等待 3 秒
2024-09-23 00:31:39 CHB 1435692?1727022694 第 1 次 获取到号码【1435692】GSD
2024-09-23 00:31:39 未获取到号码【1435692】GSD，可能号码格式错误
2024-09-23 00:31:39 获取到号码【1435692】的GSD为【-】
2024-09-23 00:31:41 GSD insert 第 1 次 等待 3 秒
2024-09-23 00:31:44 {"status":"bad","gid":"640126","msg":"添加失败！号码【1435692(-|-)】已存在！"}
2024-09-23 00:31:44 随机等待 140 秒，约 2 分钟
2024-09-23 00:31:44 下次操作: 2024-09-23 00:34:04

2024-09-23 00:34:04 开始第 5696 次操作

2024-09-23 00:34:04 开始操作号码 【1435693】
2024-09-23 00:34:06 GSD getOne 第 1 次 等待 3 秒
2024-09-23 00:34:09 查询号码 【1435693】，返回信息 {"status":"ok","msg":"-","gid":"640141","time_insert":"2023-04-07 23:14"}
2024-09-23 00:34:09 查询号码 【1435693】，GSD为【"-"】
2024-09-23 00:34:09 ok && -
2024-09-23 00:34:11 CHB 1435693?1727022849 第 1 次 等待 3 秒
2024-09-23 00:34:14 CHB 1435693?1727022849 第 1 次 获取到号码【1435693】GSD
2024-09-23 00:34:14 未获取到号码【1435693】GSD，可能号码格式错误
2024-09-23 00:34:14 获取到号码【1435693】的GSD为【-】
2024-09-23 00:34:19 GSD insert 第 1 次 等待 3 秒
2024-09-23 00:34:22 {"status":"bad","gid":"640141","msg":"添加失败！号码【1435693(-|-)】已存在！"}

