2024-05-07 00:10:18 开始第 7753 次操作

2024-05-07 00:10:18 开始操作号码 【1657654】
2024-05-07 00:10:25 GSD getOne 第 1 次 等待 3 秒
2024-05-07 00:10:28 查询号码 【1657654】，返回信息 {"status":"ok","msg":"辽宁-葫芦岛","gid":"307098","time_insert":"2021-07-17 21:12","time_update":"2023-05-26 09:12"}
2024-05-07 00:10:28 查询号码 【1657654】，GSD为【"辽宁-葫芦岛"】

2024-05-07 00:10:29 开始第 7754 次操作

2024-05-07 00:10:29 开始操作号码 【1657655】
2024-05-07 00:10:33 GSD getOne 第 1 次 等待 3 秒
2024-05-07 00:10:36 查询号码 【1657655】，返回信息 {"status":"ok","msg":"吉林-吉林","gid":"307112","time_insert":"2021-07-17 21:13"}
2024-05-07 00:10:36 查询号码 【1657655】，GSD为【"吉林-吉林"】

2024-05-07 00:10:37 开始第 7755 次操作

2024-05-07 00:10:37 开始操作号码 【1657656】
2024-05-07 00:10:42 GSD getOne 第 1 次 等待 3 秒
2024-05-07 00:10:45 查询号码 【1657656】，返回信息 {"status":"ok","msg":"黑龙江-齐齐哈尔","gid":"307124","time_insert":"2021-07-17 21:14"}
2024-05-07 00:10:45 查询号码 【1657656】，GSD为【"黑龙江-齐齐哈尔"】

2024-05-07 00:10:46 开始第 7756 次操作

2024-05-07 00:10:46 开始操作号码 【1657657】
2024-05-07 00:10:51 GSD getOne 第 1 次 等待 3 秒
2024-05-07 00:10:54 查询号码 【1657657】，返回信息 {"status":"ok","msg":"黑龙江-绥化","gid":"307138","time_insert":"2021-07-17 21:15"}
2024-05-07 00:10:54 查询号码 【1657657】，GSD为【"黑龙江-绥化"】

2024-05-07 00:37:23 开始第 7757 次操作

2024-05-07 00:37:23 开始操作号码 【1657658】
2024-05-07 00:37:28 GSD getOne 第 1 次 等待 3 秒
2024-05-07 00:37:31 查询号码 【1657658】，返回信息 {"status":"ok","msg":"黑龙江-鹤岗","gid":"307152","time_insert":"2021-07-17 21:16"}
2024-05-07 00:37:31 查询号码 【1657658】，GSD为【"黑龙江-鹤岗"】

2024-05-07 00:37:32 开始第 7758 次操作

2024-05-07 00:37:32 开始操作号码 【1657659】
2024-05-07 00:37:37 GSD getOne 第 1 次 等待 3 秒
2024-05-07 00:37:40 查询号码 【1657659】，返回信息 {"status":"ok","msg":"黑龙江-双鸭山","gid":"307161","time_insert":"2021-07-17 21:17"}
2024-05-07 00:37:40 查询号码 【1657659】，GSD为【"黑龙江-双鸭山"】

2024-05-07 00:37:41 开始第 7759 次操作

2024-05-07 00:37:41 开始操作号码 【1657660】
2024-05-07 00:37:45 GSD getOne 第 1 次 等待 3 秒
2024-05-07 00:37:48 查询号码 【1657660】，返回信息 {"status":"ok","msg":"江苏-南京","gid":"307174","time_insert":"2021-07-17 21:17"}
2024-05-07 00:37:48 查询号码 【1657660】，GSD为【"江苏-南京"】

2024-05-07 00:37:49 开始第 7760 次操作

2024-05-07 00:37:49 开始操作号码 【1657661】
2024-05-07 00:37:55 GSD getOne 第 1 次 等待 3 秒
2024-05-07 00:37:58 查询号码 【1657661】，返回信息 {"status":"ok","msg":"山东-菏泽","gid":"307188","time_insert":"2021-07-17 21:18"}
2024-05-07 00:37:58 查询号码 【1657661】，GSD为【"山东-菏泽"】

