2024-07-14 00:09:11 开始第 6045 次操作

2024-07-14 00:09:11 开始操作号码 【1545928】
2024-07-14 00:09:19 GSD getOne 第 1 次 等待 3 秒
2024-07-14 00:09:22 查询号码 【1545928】，返回信息 {"status":"ok","msg":"-","gid":"648053","time_insert":"2023-04-11 22:17"}
2024-07-14 00:09:22 查询号码 【1545928】，GSD为【"-"】
2024-07-14 00:09:22 ok && -
2024-07-14 00:09:23 CHB 1545928?1720886962 第 1 次 等待 3 秒
2024-07-14 00:09:26 CHB 1545928?1720886962 第 1 次 获取到号码【1545928】GSD
2024-07-14 00:09:26 未获取到号码【1545928】GSD，可能号码格式错误
2024-07-14 00:09:26 获取到号码【1545928】的GSD为【-】
2024-07-14 00:09:34 GSD insert 第 1 次 等待 3 秒
2024-07-14 00:09:37 {"status":"bad","gid":"648053","msg":"添加失败！号码【1545928(-|-)】已存在！"}
2024-07-14 00:09:37 随机等待 198 秒，约 3 分钟
2024-07-14 00:09:37 下次操作: 2024-07-14 00:12:55

2024-07-14 00:12:55 开始第 6046 次操作

2024-07-14 00:12:55 开始操作号码 【1545929】
2024-07-14 00:13:04 GSD getOne 第 1 次 等待 3 秒
2024-07-14 00:13:07 查询号码 【1545929】，返回信息 {"status":"ok","msg":"-","gid":"648082","time_insert":"2023-04-11 22:36"}
2024-07-14 00:13:07 查询号码 【1545929】，GSD为【"-"】
2024-07-14 00:13:07 ok && -
2024-07-14 00:13:09 CHB 1545929?1720887187 第 1 次 等待 3 秒
2024-07-14 00:13:12 CHB 1545929?1720887187 第 1 次 获取到号码【1545929】GSD
2024-07-14 00:13:12 未获取到号码【1545929】GSD，可能号码格式错误
2024-07-14 00:13:12 获取到号码【1545929】的GSD为【-】
2024-07-14 00:13:20 GSD insert 第 1 次 等待 3 秒
2024-07-14 00:13:23 {"status":"bad","gid":"648082","msg":"添加失败！号码【1545929(-|-)】已存在！"}
2024-07-14 00:13:23 随机等待 227 秒，约 3 分钟
2024-07-14 00:13:23 下次操作: 2024-07-14 00:17:10

2024-07-14 00:17:10 开始第 6047 次操作

2024-07-14 00:17:10 开始操作号码 【1545930】
2024-07-14 00:17:17 GSD getOne 第 1 次 等待 3 秒
2024-07-14 00:17:20 查询号码 【1545930】，返回信息 {"status":"ok","msg":"-","gid":"648102","time_insert":"2023-04-11 22:47"}
2024-07-14 00:17:20 查询号码 【1545930】，GSD为【"-"】
2024-07-14 00:17:20 ok && -
2024-07-14 00:17:22 CHB 1545930?1720887440 第 1 次 等待 3 秒
2024-07-14 00:17:25 CHB 1545930?1720887440 第 1 次 获取到号码【1545930】GSD
2024-07-14 00:17:25 未获取到号码【1545930】GSD，可能号码格式错误
2024-07-14 00:17:25 获取到号码【1545930】的GSD为【-】
2024-07-14 00:17:33 GSD insert 第 1 次 等待 3 秒
2024-07-14 00:17:36 {"status":"bad","gid":"648102","msg":"添加失败！号码【1545930(-|-)】已存在！"}
2024-07-14 00:17:36 随机等待 159 秒，约 2 分钟
2024-07-14 00:17:36 下次操作: 2024-07-14 00:20:15

2024-07-14 00:20:15 开始第 6048 次操作

2024-07-14 00:20:15 开始操作号码 【1545931】
2024-07-14 00:20:22 GSD getOne 第 1 次 等待 3 秒
2024-07-14 00:20:25 查询号码 【1545931】，返回信息 {"status":"ok","msg":"-","gid":"648122","time_insert":"2023-04-11 22:57"}
2024-07-14 00:20:26 查询号码 【1545931】，GSD为【"-"】
2024-07-14 00:20:26 ok && -
2024-07-14 00:20:27 CHB 1545931?1720887626 第 1 次 等待 3 秒
2024-07-14 00:20:30 CHB 1545931?1720887626 第 1 次 获取到号码【1545931】GSD
2024-07-14 00:20:30 未获取到号码【1545931】GSD，可能号码格式错误
2024-07-14 00:20:30 获取到号码【1545931】的GSD为【-】
2024-07-14 00:20:38 GSD insert 第 1 次 等待 3 秒
2024-07-14 00:20:41 {"status":"bad","gid":"648122","msg":"添加失败！号码【1545931(-|-)】已存在！"}

