2023-10-31 00:09:40 开始第 6145 次操作

2023-10-31 00:09:40 开始操作号码 【1976055】
2023-10-31 00:09:45 GSD getOne 第 1 次 等待 3 秒
2023-10-31 00:09:48 查询号码 【1976055】，返回信息 {"status":"ok","msg":"-","gid":"572800","time_insert":"2023-03-06 04:30"}
2023-10-31 00:09:48 查询号码 【1976055】，GSD为【"-"】
2023-10-31 00:09:48 ok && -
2023-10-31 00:09:50 CHB 1976055?1698682188 第 1 次 等待 3 秒
2023-10-31 00:09:53 CHB 1976055?1698682188 第 1 次 获取到号码【1976055】GSD
2023-10-31 00:09:53 未获取到号码【1976055】GSD，可能号码格式错误
2023-10-31 00:09:53 获取到号码【1976055】的GSD为【-】
2023-10-31 00:10:03 GSD insert 第 1 次 等待 3 秒
2023-10-31 00:10:06 {"status":"bad","gid":"572800","msg":"添加失败！号码【1976055(-|-)】已存在！"}
2023-10-31 00:10:06 随机等待 87 秒，约 1 分钟
2023-10-31 00:10:06 下次操作: 2023-10-31 00:11:33

2023-10-31 00:11:33 开始第 6146 次操作

2023-10-31 00:11:33 开始操作号码 【1976056】
2023-10-31 00:11:36 GSD getOne 第 1 次 等待 3 秒
2023-10-31 00:11:39 查询号码 【1976056】，返回信息 {"status":"ok","msg":"-","gid":"572803","time_insert":"2023-03-06 04:33"}
2023-10-31 00:11:39 查询号码 【1976056】，GSD为【"-"】
2023-10-31 00:11:39 ok && -
2023-10-31 00:11:42 CHB 1976056?1698682299 第 1 次 等待 3 秒
2023-10-31 00:11:45 CHB 1976056?1698682299 第 1 次 获取到号码【1976056】GSD
2023-10-31 00:11:45 未获取到号码【1976056】GSD，可能号码格式错误
2023-10-31 00:11:45 获取到号码【1976056】的GSD为【-】
2023-10-31 00:11:48 GSD insert 第 1 次 等待 3 秒
2023-10-31 00:11:51 {"status":"bad","gid":"572803","msg":"添加失败！号码【1976056(-|-)】已存在！"}
2023-10-31 00:11:51 随机等待 183 秒，约 3 分钟
2023-10-31 00:11:51 下次操作: 2023-10-31 00:14:54

2023-10-31 00:14:54 开始第 6147 次操作

2023-10-31 00:14:54 开始操作号码 【1976057】
2023-10-31 00:15:06 GSD getOne 第 1 次 等待 3 秒
2023-10-31 00:15:09 查询号码 【1976057】，返回信息 {"status":"ok","msg":"-","gid":"572810","time_insert":"2023-03-06 04:35"}
2023-10-31 00:15:09 查询号码 【1976057】，GSD为【"-"】
2023-10-31 00:15:09 ok && -
2023-10-31 00:15:12 CHB 1976057?1698682509 第 1 次 等待 3 秒
2023-10-31 00:15:15 CHB 1976057?1698682509 第 1 次 获取到号码【1976057】GSD
2023-10-31 00:15:15 未获取到号码【1976057】GSD，可能号码格式错误
2023-10-31 00:15:15 获取到号码【1976057】的GSD为【-】
2023-10-31 00:15:21 GSD insert 第 1 次 等待 3 秒
2023-10-31 00:15:24 {"status":"bad","gid":"572810","msg":"添加失败！号码【1976057(-|-)】已存在！"}
2023-10-31 00:15:24 随机等待 74 秒，约 1 分钟
2023-10-31 00:15:24 下次操作: 2023-10-31 00:16:38

2023-10-31 00:16:38 开始第 6148 次操作

2023-10-31 00:16:38 开始操作号码 【1976058】
2023-10-31 00:16:44 GSD getOne 第 1 次 等待 3 秒
2023-10-31 00:16:47 查询号码 【1976058】，返回信息 {"status":"ok","msg":"-","gid":"572813","time_insert":"2023-03-06 04:38"}
2023-10-31 00:16:47 查询号码 【1976058】，GSD为【"-"】
2023-10-31 00:16:47 ok && -
2023-10-31 00:16:55 CHB 1976058?1698682607 第 1 次 等待 3 秒
2023-10-31 00:16:58 CHB 1976058?1698682607 第 1 次 获取到号码【1976058】GSD
2023-10-31 00:16:58 未获取到号码【1976058】GSD，可能号码格式错误
2023-10-31 00:16:58 获取到号码【1976058】的GSD为【-】
2023-10-31 00:17:12 GSD insert 第 1 次 等待 3 秒
2023-10-31 00:17:15 {"status":"bad","gid":"572813","msg":"添加失败！号码【1976058(-|-)】已存在！"}

2023-10-31 00:37:06 开始第 6149 次操作

2023-10-31 00:37:06 开始操作号码 【1976059】
2023-10-31 00:37:12 GSD getOne 第 1 次 等待 3 秒
2023-10-31 00:37:15 查询号码 【1976059】，返回信息 {"status":"ok","msg":"-","gid":"572816","time_insert":"2023-03-06 04:40"}
2023-10-31 00:37:15 查询号码 【1976059】，GSD为【"-"】
2023-10-31 00:37:15 ok && -
2023-10-31 00:37:17 CHB 1976059?1698683835 第 1 次 等待 3 秒
2023-10-31 00:37:20 CHB 1976059?1698683835 第 1 次 获取到号码【1976059】GSD
2023-10-31 00:37:20 未获取到号码【1976059】GSD，可能号码格式错误
2023-10-31 00:37:20 获取到号码【1976059】的GSD为【-】
2023-10-31 00:37:49 GSD insert 第 1 次 等待 3 秒
2023-10-31 00:37:52 {"status":"bad","gid":"572816","msg":"添加失败！号码【1976059(-|-)】已存在！"}
2023-10-31 00:37:52 随机等待 198 秒，约 3 分钟
2023-10-31 00:37:52 下次操作: 2023-10-31 00:41:10

2023-10-31 00:41:10 开始第 6150 次操作

2023-10-31 00:41:10 开始操作号码 【1976060】
2023-10-31 00:41:13 GSD getOne 第 1 次 等待 3 秒
2023-10-31 00:41:16 查询号码 【1976060】，返回信息 {"status":"ok","msg":"-","gid":"572819","time_insert":"2023-03-06 04:43"}
2023-10-31 00:41:17 查询号码 【1976060】，GSD为【"-"】
2023-10-31 00:41:17 ok && -
2023-10-31 00:41:29 CHB 1976060?1698684077 第 1 次 等待 3 秒
2023-10-31 00:41:32 CHB 1976060?1698684077 第 1 次 获取到号码【1976060】GSD
2023-10-31 00:41:32 未获取到号码【1976060】GSD，可能号码格式错误
2023-10-31 00:41:32 获取到号码【1976060】的GSD为【-】
2023-10-31 00:41:36 GSD insert 第 1 次 等待 3 秒
2023-10-31 00:41:39 {"status":"bad","gid":"572819","msg":"添加失败！号码【1976060(-|-)】已存在！"}
2023-10-31 00:41:39 随机等待 186 秒，约 3 分钟
2023-10-31 00:41:39 下次操作: 2023-10-31 00:44:45

2023-10-31 00:44:45 开始第 6151 次操作

2023-10-31 00:44:45 开始操作号码 【1976061】
2023-10-31 00:44:57 GSD getOne 第 1 次 等待 3 秒
2023-10-31 00:45:00 查询号码 【1976061】，返回信息 {"status":"ok","msg":"-","gid":"572824","time_insert":"2023-03-06 04:45"}
2023-10-31 00:45:00 查询号码 【1976061】，GSD为【"-"】
2023-10-31 00:45:00 ok && -
2023-10-31 00:45:06 CHB 1976061?1698684300 第 1 次 等待 3 秒
2023-10-31 00:45:09 CHB 1976061?1698684300 第 1 次 获取到号码【1976061】GSD
2023-10-31 00:45:09 未获取到号码【1976061】GSD，可能号码格式错误
2023-10-31 00:45:09 获取到号码【1976061】的GSD为【-】
2023-10-31 00:45:12 GSD insert 第 1 次 等待 3 秒
2023-10-31 00:45:15 {"status":"bad","gid":"572824","msg":"添加失败！号码【1976061(-|-)】已存在！"}
2023-10-31 00:45:15 随机等待 76 秒，约 1 分钟
2023-10-31 00:45:15 下次操作: 2023-10-31 00:46:31

2023-10-31 00:46:31 开始第 6152 次操作

2023-10-31 00:46:31 开始操作号码 【1976062】
2023-10-31 00:46:34 GSD getOne 第 1 次 等待 3 秒
2023-10-31 00:46:37 查询号码 【1976062】，返回信息 {"status":"ok","msg":"-","gid":"572829","time_insert":"2023-03-06 04:47"}
2023-10-31 00:46:38 查询号码 【1976062】，GSD为【"-"】
2023-10-31 00:46:38 ok && -
2023-10-31 00:46:40 CHB 1976062?1698684398 第 1 次 等待 3 秒
2023-10-31 00:46:43 CHB 1976062?1698684398 第 1 次 获取到号码【1976062】GSD
2023-10-31 00:46:43 未获取到号码【1976062】GSD，可能号码格式错误
2023-10-31 00:46:43 获取到号码【1976062】的GSD为【-】
2023-10-31 00:46:52 GSD insert 第 1 次 等待 3 秒
2023-10-31 00:46:55 {"status":"bad","gid":"572829","msg":"添加失败！号码【1976062(-|-)】已存在！"}

