2024-06-25 00:10:23 开始第 2585 次操作

2024-06-25 00:10:23 开始操作号码 【1542472】
2024-06-25 00:10:39 GSD getOne 第 1 次 等待 3 秒
2024-06-25 00:10:42 查询号码 【1542472】，返回信息 {"status":"ok","msg":"-","gid":"562772","time_insert":"2023-03-01 12:00"}
2024-06-25 00:10:42 查询号码 【1542472】，GSD为【"-"】
2024-06-25 00:10:42 ok && -
2024-06-25 00:10:44 CHB 1542472?1719245442 第 1 次 等待 3 秒
2024-06-25 00:10:47 CHB 1542472?1719245442 第 1 次 获取到号码【1542472】GSD
2024-06-25 00:10:47 未获取到号码【1542472】GSD，可能号码格式错误
2024-06-25 00:10:47 获取到号码【1542472】的GSD为【-】
2024-06-25 00:11:04 GSD insert 第 1 次 等待 3 秒
2024-06-25 00:11:07 {"status":"bad","gid":"562772","msg":"添加失败！号码【1542472(-|-)】已存在！"}
2024-06-25 00:11:07 随机等待 140 秒，约 2 分钟
2024-06-25 00:11:07 下次操作: 2024-06-25 00:13:27

2024-06-25 00:13:27 开始第 2586 次操作

2024-06-25 00:13:27 开始操作号码 【1542473】
2024-06-25 00:13:44 GSD getOne 第 1 次 等待 3 秒
2024-06-25 00:13:47 查询号码 【1542473】，返回信息 {"status":"ok","msg":"-","gid":"562791","time_insert":"2023-03-01 12:14"}
2024-06-25 00:13:47 查询号码 【1542473】，GSD为【"-"】
2024-06-25 00:13:47 ok && -
2024-06-25 00:13:49 CHB 1542473?1719245627 第 1 次 等待 3 秒
2024-06-25 00:13:52 CHB 1542473?1719245627 第 1 次 获取到号码【1542473】GSD
2024-06-25 00:13:52 未获取到号码【1542473】GSD，可能号码格式错误
2024-06-25 00:13:52 获取到号码【1542473】的GSD为【-】
2024-06-25 00:14:10 GSD insert 第 1 次 等待 3 秒
2024-06-25 00:14:13 {"status":"bad","gid":"562791","msg":"添加失败！号码【1542473(-|-)】已存在！"}
2024-06-25 00:14:13 随机等待 120 秒，约 2 分钟
2024-06-25 00:14:13 下次操作: 2024-06-25 00:16:13

2024-06-25 00:16:13 开始第 2587 次操作

2024-06-25 00:16:13 开始操作号码 【1542474】
2024-06-25 00:16:27 GSD getOne 第 1 次 等待 3 秒
2024-06-25 00:16:30 查询号码 【1542474】，返回信息 {"status":"ok","msg":"-","gid":"562814","time_insert":"2023-03-01 12:28"}
2024-06-25 00:16:30 查询号码 【1542474】，GSD为【"-"】
2024-06-25 00:16:30 ok && -
2024-06-25 00:16:32 CHB 1542474?1719245790 第 1 次 等待 3 秒
2024-06-25 00:16:35 CHB 1542474?1719245790 第 1 次 获取到号码【1542474】GSD
2024-06-25 00:16:35 未获取到号码【1542474】GSD，可能号码格式错误
2024-06-25 00:16:35 获取到号码【1542474】的GSD为【-】
2024-06-25 00:16:50 GSD insert 第 1 次 等待 3 秒
2024-06-25 00:16:53 {"status":"bad","gid":"562814","msg":"添加失败！号码【1542474(-|-)】已存在！"}
2024-06-25 00:16:53 随机等待 108 秒，约 1 分钟
2024-06-25 00:16:53 下次操作: 2024-06-25 00:18:41

2024-06-25 00:18:41 开始第 2588 次操作

2024-06-25 00:18:41 开始操作号码 【1542475】
2024-06-25 00:18:59 GSD getOne 第 1 次 等待 3 秒
2024-06-25 00:19:02 查询号码 【1542475】，返回信息 {"status":"ok","msg":"-","gid":"562838","time_insert":"2023-03-01 12:43"}
2024-06-25 00:19:02 查询号码 【1542475】，GSD为【"-"】
2024-06-25 00:19:02 ok && -
2024-06-25 00:19:03 CHB 1542475?1719245942 第 1 次 等待 3 秒
2024-06-25 00:19:06 CHB 1542475?1719245942 第 1 次 获取到号码【1542475】GSD
2024-06-25 00:19:06 未获取到号码【1542475】GSD，可能号码格式错误
2024-06-25 00:19:06 获取到号码【1542475】的GSD为【-】
2024-06-25 00:19:22 GSD insert 第 1 次 等待 3 秒
2024-06-25 00:19:25 {"status":"bad","gid":"562838","msg":"添加失败！号码【1542475(-|-)】已存在！"}

2024-06-25 00:37:04 开始第 2589 次操作

2024-06-25 00:37:04 开始操作号码 【1542476】
2024-06-25 00:37:23 GSD getOne 第 1 次 等待 3 秒
2024-06-25 00:37:26 查询号码 【1542476】，返回信息 {"status":"ok","msg":"-","gid":"562868","time_insert":"2023-03-01 12:59"}
2024-06-25 00:37:26 查询号码 【1542476】，GSD为【"-"】
2024-06-25 00:37:26 ok && -
2024-06-25 00:37:28 CHB 1542476?1719247046 第 1 次 等待 3 秒
2024-06-25 00:37:31 CHB 1542476?1719247046 第 1 次 获取到号码【1542476】GSD
2024-06-25 00:37:31 未获取到号码【1542476】GSD，可能号码格式错误
2024-06-25 00:37:31 获取到号码【1542476】的GSD为【-】
2024-06-25 00:37:51 GSD insert 第 1 次 等待 3 秒
2024-06-25 00:37:54 {"status":"bad","gid":"562868","msg":"添加失败！号码【1542476(-|-)】已存在！"}
2024-06-25 00:37:54 随机等待 165 秒，约 2 分钟
2024-06-25 00:37:54 下次操作: 2024-06-25 00:40:39

2024-06-25 00:40:39 开始第 2590 次操作

2024-06-25 00:40:39 开始操作号码 【1542477】
2024-06-25 00:40:58 GSD getOne 第 1 次 等待 3 秒
2024-06-25 00:41:01 查询号码 【1542477】，返回信息 {"status":"ok","msg":"-","gid":"562893","time_insert":"2023-03-01 13:17"}
2024-06-25 00:41:01 查询号码 【1542477】，GSD为【"-"】
2024-06-25 00:41:01 ok && -
2024-06-25 00:41:03 CHB 1542477?1719247261 第 1 次 等待 3 秒
2024-06-25 00:41:06 CHB 1542477?1719247261 第 1 次 获取到号码【1542477】GSD
2024-06-25 00:41:06 未获取到号码【1542477】GSD，可能号码格式错误
2024-06-25 00:41:06 获取到号码【1542477】的GSD为【-】
2024-06-25 00:41:46 GSD insert 第 1 次 等待 3 秒
2024-06-25 00:41:49 {"status":"bad","gid":"562893","msg":"添加失败！号码【1542477(-|-)】已存在！"}
2024-06-25 00:41:49 随机等待 166 秒，约 2 分钟
2024-06-25 00:41:49 下次操作: 2024-06-25 00:44:35

2024-06-25 00:44:35 开始第 2591 次操作

2024-06-25 00:44:35 开始操作号码 【1542478】
2024-06-25 00:44:50 GSD getOne 第 1 次 等待 3 秒
2024-06-25 00:44:53 查询号码 【1542478】，返回信息 {"status":"ok","msg":"-","gid":"562916","time_insert":"2023-03-01 13:33"}
2024-06-25 00:44:53 查询号码 【1542478】，GSD为【"-"】
2024-06-25 00:44:53 ok && -
2024-06-25 00:44:55 CHB 1542478?1719247493 第 1 次 等待 3 秒
2024-06-25 00:44:58 CHB 1542478?1719247493 第 1 次 获取到号码【1542478】GSD
2024-06-25 00:44:58 未获取到号码【1542478】GSD，可能号码格式错误
2024-06-25 00:44:58 获取到号码【1542478】的GSD为【-】
2024-06-25 00:45:15 GSD insert 第 1 次 等待 3 秒
2024-06-25 00:45:18 {"status":"bad","gid":"562916","msg":"添加失败！号码【1542478(-|-)】已存在！"}
2024-06-25 00:45:18 随机等待 107 秒，约 1 分钟
2024-06-25 00:45:18 下次操作: 2024-06-25 00:47:05

2024-06-25 00:47:05 开始第 2592 次操作

2024-06-25 00:47:05 开始操作号码 【1542479】
2024-06-25 00:47:24 GSD getOne 第 1 次 等待 3 秒
2024-06-25 00:47:27 查询号码 【1542479】，返回信息 {"status":"ok","msg":"-","gid":"562933","time_insert":"2023-03-01 13:42"}
2024-06-25 00:47:27 查询号码 【1542479】，GSD为【"-"】
2024-06-25 00:47:27 ok && -
2024-06-25 00:47:30 CHB 1542479?1719247647 第 1 次 等待 3 秒
2024-06-25 00:47:33 CHB 1542479?1719247647 第 1 次 获取到号码【1542479】GSD
2024-06-25 00:47:33 未获取到号码【1542479】GSD，可能号码格式错误
2024-06-25 00:47:33 获取到号码【1542479】的GSD为【-】
2024-06-25 00:47:48 GSD insert 第 1 次 等待 3 秒
2024-06-25 00:47:51 {"status":"bad","gid":"562933","msg":"添加失败！号码【1542479(-|-)】已存在！"}

2024-06-25 01:07:39 开始第 2593 次操作

2024-06-25 01:07:39 开始操作号码 【1542480】
2024-06-25 01:07:53 GSD getOne 第 1 次 等待 3 秒
2024-06-25 01:07:56 查询号码 【1542480】，返回信息 {"status":"ok","msg":"-","gid":"562964","time_insert":"2023-03-01 14:00"}
2024-06-25 01:07:57 查询号码 【1542480】，GSD为【"-"】
2024-06-25 01:07:57 ok && -
2024-06-25 01:07:58 CHB 1542480?1719248877 第 1 次 等待 3 秒
2024-06-25 01:08:01 CHB 1542480?1719248877 第 1 次 获取到号码【1542480】GSD
2024-06-25 01:08:01 未获取到号码【1542480】GSD，可能号码格式错误
2024-06-25 01:08:01 获取到号码【1542480】的GSD为【-】
2024-06-25 01:08:23 GSD insert 第 1 次 等待 3 秒
2024-06-25 01:08:26 {"status":"bad","gid":"562964","msg":"添加失败！号码【1542480(-|-)】已存在！"}
2024-06-25 01:08:26 随机等待 149 秒，约 2 分钟
2024-06-25 01:08:26 下次操作: 2024-06-25 01:10:55

2024-06-25 01:10:55 开始第 2594 次操作

2024-06-25 01:10:55 开始操作号码 【1542481】
2024-06-25 01:11:10 GSD getOne 第 1 次 等待 3 秒
2024-06-25 01:11:13 查询号码 【1542481】，返回信息 {"status":"ok","msg":"-","gid":"562977","time_insert":"2023-03-01 14:11"}
2024-06-25 01:11:13 查询号码 【1542481】，GSD为【"-"】
2024-06-25 01:11:13 ok && -
2024-06-25 01:11:15 CHB 1542481?1719249073 第 1 次 等待 3 秒
2024-06-25 01:11:18 CHB 1542481?1719249073 第 1 次 获取到号码【1542481】GSD
2024-06-25 01:11:18 未获取到号码【1542481】GSD，可能号码格式错误
2024-06-25 01:11:18 获取到号码【1542481】的GSD为【-】
2024-06-25 01:11:34 GSD insert 第 1 次 等待 3 秒
2024-06-25 01:11:37 {"status":"bad","gid":"562977","msg":"添加失败！号码【1542481(-|-)】已存在！"}
2024-06-25 01:11:37 随机等待 145 秒，约 2 分钟
2024-06-25 01:11:37 下次操作: 2024-06-25 01:14:02

2024-06-25 01:14:02 开始第 2595 次操作

2024-06-25 01:14:02 开始操作号码 【1542482】
2024-06-25 01:14:18 GSD getOne 第 1 次 等待 3 秒
2024-06-25 01:14:21 查询号码 【1542482】，返回信息 {"status":"ok","msg":"-","gid":"563003","time_insert":"2023-03-01 14:28"}
2024-06-25 01:14:21 查询号码 【1542482】，GSD为【"-"】
2024-06-25 01:14:21 ok && -
2024-06-25 01:14:23 CHB 1542482?1719249261 第 1 次 等待 3 秒
2024-06-25 01:14:26 CHB 1542482?1719249261 第 1 次 获取到号码【1542482】GSD
2024-06-25 01:14:26 未获取到号码【1542482】GSD，可能号码格式错误
2024-06-25 01:14:26 获取到号码【1542482】的GSD为【-】
2024-06-25 01:14:43 GSD insert 第 1 次 等待 3 秒
2024-06-25 01:14:46 {"status":"bad","gid":"563003","msg":"添加失败！号码【1542482(-|-)】已存在！"}
2024-06-25 01:14:46 随机等待 67 秒，约 1 分钟
2024-06-25 01:14:46 下次操作: 2024-06-25 01:15:53

2024-06-25 01:15:53 开始第 2596 次操作

2024-06-25 01:15:53 开始操作号码 【1542483】
2024-06-25 01:16:12 GSD getOne 第 1 次 等待 3 秒
2024-06-25 01:16:15 查询号码 【1542483】，返回信息 {"status":"ok","msg":"-","gid":"563018","time_insert":"2023-03-01 14:39"}
2024-06-25 01:16:15 查询号码 【1542483】，GSD为【"-"】
2024-06-25 01:16:15 ok && -
2024-06-25 01:16:16 CHB 1542483?1719249375 第 1 次 等待 3 秒
2024-06-25 01:16:19 CHB 1542483?1719249375 第 1 次 获取到号码【1542483】GSD
2024-06-25 01:16:19 未获取到号码【1542483】GSD，可能号码格式错误
2024-06-25 01:16:19 获取到号码【1542483】的GSD为【-】
2024-06-25 01:16:47 GSD insert 第 1 次 等待 3 秒
2024-06-25 01:16:50 {"status":"bad","gid":"563018","msg":"添加失败！号码【1542483(-|-)】已存在！"}

