2024-10-19 00:28:03 开始第 9869 次操作

2024-10-19 00:28:03 开始操作号码 【1439862】
2024-10-19 00:28:04 GSD getOne 第 1 次 等待 3 秒
2024-10-19 00:28:07 查询号码 【1439862】，返回信息 {"status":"ok","msg":"-","gid":"677119","time_insert":"2023-04-25 20:43"}
2024-10-19 00:28:07 查询号码 【1439862】，GSD为【"-"】
2024-10-19 00:28:07 ok && -
2024-10-19 00:28:09 CHB 1439862?1729268887 第 1 次 等待 3 秒
2024-10-19 00:28:12 CHB 1439862?1729268887 第 1 次 获取到号码【1439862】GSD
2024-10-19 00:28:12 未获取到号码【1439862】GSD，可能号码格式错误
2024-10-19 00:28:12 获取到号码【1439862】的GSD为【-】
2024-10-19 00:28:13 GSD insert 第 1 次 等待 3 秒
2024-10-19 00:28:16 {"status":"bad","gid":"677119","msg":"添加失败！号码【1439862(-|-)】已存在！"}
2024-10-19 00:28:16 随机等待 197 秒，约 3 分钟
2024-10-19 00:28:16 下次操作: 2024-10-19 00:31:33

2024-10-19 00:31:33 开始第 9870 次操作

2024-10-19 00:31:33 开始操作号码 【1439863】
2024-10-19 00:31:34 GSD getOne 第 1 次 等待 3 秒
2024-10-19 00:31:37 查询号码 【1439863】，返回信息 {"status":"ok","msg":"-","gid":"677113","time_insert":"2023-04-25 20:32"}
2024-10-19 00:31:37 查询号码 【1439863】，GSD为【"-"】
2024-10-19 00:31:37 ok && -
2024-10-19 00:34:04 CHB 1439863?1729269097 第 1 次 等待 3 秒
2024-10-19 00:34:07 CHB 1439863?1729269097 第 1 次 未获取到 等待 180 秒 下次操作: 2024-10-19 00:37:07
2024-10-19 00:37:09 CHB 1439863?1729269427 第 2 次 等待 3 秒
2024-10-19 00:37:12 CHB 1439863?1729269427 第 2 次 获取到号码【1439863】GSD
2024-10-19 00:37:12 未获取到号码【1439863】GSD，可能号码格式错误
2024-10-19 00:37:12 获取到号码【1439863】的GSD为【-】
2024-10-19 00:37:13 GSD insert 第 1 次 等待 3 秒
2024-10-19 00:37:16 {"status":"bad","gid":"677113","msg":"添加失败！号码【1439863(-|-)】已存在！"}
2024-10-19 00:37:16 随机等待 88 秒，约 1 分钟
2024-10-19 00:37:16 下次操作: 2024-10-19 00:38:44

2024-10-19 00:38:44 开始第 9871 次操作

2024-10-19 00:38:44 开始操作号码 【1439864】
2024-10-19 00:38:45 GSD getOne 第 1 次 等待 3 秒
2024-10-19 00:38:48 查询号码 【1439864】，返回信息 {"status":"ok","msg":"-","gid":"677100","time_insert":"2023-04-25 20:24"}
2024-10-19 00:38:49 查询号码 【1439864】，GSD为【"-"】
2024-10-19 00:38:49 ok && -
2024-10-19 00:38:50 CHB 1439864?1729269529 第 1 次 等待 3 秒
2024-10-19 00:38:53 CHB 1439864?1729269529 第 1 次 获取到号码【1439864】GSD
2024-10-19 00:38:53 未获取到号码【1439864】GSD，可能号码格式错误
2024-10-19 00:38:53 获取到号码【1439864】的GSD为【-】
2024-10-19 00:38:54 GSD insert 第 1 次 等待 3 秒
2024-10-19 00:38:57 {"status":"bad","gid":"677100","msg":"添加失败！号码【1439864(-|-)】已存在！"}
2024-10-19 00:38:57 随机等待 188 秒，约 3 分钟
2024-10-19 00:38:57 下次操作: 2024-10-19 00:42:05

2024-10-19 00:42:05 开始第 9872 次操作

2024-10-19 00:42:05 开始操作号码 【1439865】
2024-10-19 00:42:06 GSD getOne 第 1 次 等待 3 秒
2024-10-19 00:42:09 查询号码 【1439865】，返回信息 {"status":"ok","msg":"-","gid":"677085","time_insert":"2023-04-25 20:11"}
2024-10-19 00:42:09 查询号码 【1439865】，GSD为【"-"】
2024-10-19 00:42:09 ok && -
2024-10-19 00:42:11 CHB 1439865?1729269729 第 1 次 等待 3 秒
2024-10-19 00:42:14 CHB 1439865?1729269729 第 1 次 获取到号码【1439865】GSD
2024-10-19 00:42:14 未获取到号码【1439865】GSD，可能号码格式错误
2024-10-19 00:42:14 获取到号码【1439865】的GSD为【-】
2024-10-19 00:42:16 GSD insert 第 1 次 等待 3 秒
2024-10-19 00:42:19 {"status":"bad","gid":"677085","msg":"添加失败！号码【1439865(-|-)】已存在！"}

