2024-10-10 00:27:34 开始第 8429 次操作

2024-10-10 00:27:34 开始操作号码 【1438423】
2024-10-10 00:27:37 GSD getOne 第 1 次 等待 3 秒
2024-10-10 00:27:40 查询号码 【1438423】，返回信息 {"status":"ok","msg":"-","gid":"698312","time_insert":"2023-05-09 13:32"}
2024-10-10 00:27:40 查询号码 【1438423】，GSD为【"-"】
2024-10-10 00:27:40 ok && -
2024-10-10 00:27:42 CHB 1438423?1728491260 第 1 次 等待 3 秒
2024-10-10 00:27:45 CHB 1438423?1728491260 第 1 次 获取到号码【1438423】GSD
2024-10-10 00:27:45 未获取到号码【1438423】GSD，可能号码格式错误
2024-10-10 00:27:45 获取到号码【1438423】的GSD为【-】
2024-10-10 00:27:46 GSD insert 第 1 次 等待 3 秒
2024-10-10 00:27:49 {"status":"bad","gid":"698312","msg":"添加失败！号码【1438423(-|-)】已存在！"}
2024-10-10 00:27:49 随机等待 185 秒，约 3 分钟
2024-10-10 00:27:49 下次操作: 2024-10-10 00:30:54

2024-10-10 00:30:55 开始第 8430 次操作

2024-10-10 00:30:55 开始操作号码 【1438424】
2024-10-10 00:31:11 GSD getOne 第 1 次 等待 3 秒
2024-10-10 00:31:14 查询号码 【1438424】，返回信息 {"status":"ok","msg":"-","gid":"698323","time_insert":"2023-05-09 13:46"}
2024-10-10 00:31:14 查询号码 【1438424】，GSD为【"-"】
2024-10-10 00:31:14 ok && -
2024-10-10 00:31:21 CHB 1438424?1728491474 第 1 次 等待 3 秒
2024-10-10 00:31:24 CHB 1438424?1728491474 第 1 次 获取到号码【1438424】GSD
2024-10-10 00:31:24 未获取到号码【1438424】GSD，可能号码格式错误
2024-10-10 00:31:24 获取到号码【1438424】的GSD为【-】
2024-10-10 00:31:25 GSD insert 第 1 次 等待 3 秒
2024-10-10 00:31:28 {"status":"bad","gid":"698323","msg":"添加失败！号码【1438424(-|-)】已存在！"}
2024-10-10 00:31:28 随机等待 224 秒，约 3 分钟
2024-10-10 00:31:28 下次操作: 2024-10-10 00:35:12

2024-10-10 00:35:12 开始第 8431 次操作

2024-10-10 00:35:12 开始操作号码 【1438425】
2024-10-10 00:35:14 GSD getOne 第 1 次 等待 3 秒
2024-10-10 00:35:17 查询号码 【1438425】，返回信息 {"status":"ok","msg":"-","gid":"698339","time_insert":"2023-05-09 14:09"}
2024-10-10 00:35:17 查询号码 【1438425】，GSD为【"-"】
2024-10-10 00:35:17 ok && -
2024-10-10 00:35:23 CHB 1438425?1728491717 第 1 次 等待 3 秒
2024-10-10 00:35:26 CHB 1438425?1728491717 第 1 次 获取到号码【1438425】GSD
2024-10-10 00:35:26 未获取到号码【1438425】GSD，可能号码格式错误
2024-10-10 00:35:26 获取到号码【1438425】的GSD为【-】
2024-10-10 00:35:28 GSD insert 第 1 次 等待 3 秒
2024-10-10 00:35:31 {"status":"bad","gid":"698339","msg":"添加失败！号码【1438425(-|-)】已存在！"}
2024-10-10 00:35:31 随机等待 159 秒，约 2 分钟
2024-10-10 00:35:31 下次操作: 2024-10-10 00:38:10

2024-10-10 00:38:10 开始第 8432 次操作

2024-10-10 00:38:10 开始操作号码 【1438426】
2024-10-10 00:38:12 GSD getOne 第 1 次 等待 3 秒
2024-10-10 00:38:15 查询号码 【1438426】，返回信息 {"status":"ok","msg":"-","gid":"698348","time_insert":"2023-05-09 14:19"}
2024-10-10 00:38:15 查询号码 【1438426】，GSD为【"-"】
2024-10-10 00:38:15 ok && -
2024-10-10 00:38:21 CHB 1438426?1728491895 第 1 次 等待 3 秒
2024-10-10 00:38:24 CHB 1438426?1728491895 第 1 次 获取到号码【1438426】GSD
2024-10-10 00:38:24 未获取到号码【1438426】GSD，可能号码格式错误
2024-10-10 00:38:24 获取到号码【1438426】的GSD为【-】
2024-10-10 00:38:27 GSD insert 第 1 次 等待 3 秒
2024-10-10 00:38:30 {"status":"bad","gid":"698348","msg":"添加失败！号码【1438426(-|-)】已存在！"}

