2024-07-25 00:11:07 开始第 8009 次操作

2024-07-25 00:11:07 开始操作号码 【1547891】
2024-07-25 00:11:15 GSD getOne 第 1 次 等待 3 秒
2024-07-25 00:11:18 查询号码 【1547891】，返回信息 {"status":"ok","msg":"-","gid":"684663","time_insert":"2023-04-29 13:45"}
2024-07-25 00:11:18 查询号码 【1547891】，GSD为【"-"】
2024-07-25 00:11:18 ok && -
2024-07-25 00:11:21 CHB 1547891?1721837478 第 1 次 等待 3 秒
2024-07-25 00:11:24 CHB 1547891?1721837478 第 1 次 获取到号码【1547891】GSD
2024-07-25 00:11:24 未获取到号码【1547891】GSD，可能号码格式错误
2024-07-25 00:11:24 获取到号码【1547891】的GSD为【-】
2024-07-25 00:11:33 GSD insert 第 1 次 等待 3 秒
2024-07-25 00:11:36 {"status":"bad","gid":"684663","msg":"添加失败！号码【1547891(-|-)】已存在！"}
2024-07-25 00:11:36 随机等待 193 秒，约 3 分钟
2024-07-25 00:11:36 下次操作: 2024-07-25 00:14:49

2024-07-25 00:14:49 开始第 8010 次操作

2024-07-25 00:14:49 开始操作号码 【1547892】
2024-07-25 00:14:57 GSD getOne 第 1 次 等待 3 秒
2024-07-25 00:15:00 查询号码 【1547892】，返回信息 {"status":"ok","msg":"-","gid":"684658","time_insert":"2023-04-29 13:43"}
2024-07-25 00:15:00 查询号码 【1547892】，GSD为【"-"】
2024-07-25 00:15:00 ok && -
2024-07-25 00:15:02 CHB 1547892?1721837700 第 1 次 等待 3 秒
2024-07-25 00:15:05 CHB 1547892?1721837700 第 1 次 获取到号码【1547892】GSD
2024-07-25 00:15:05 未获取到号码【1547892】GSD，可能号码格式错误
2024-07-25 00:15:05 获取到号码【1547892】的GSD为【-】
2024-07-25 00:15:12 GSD insert 第 1 次 等待 3 秒
2024-07-25 00:15:15 {"status":"bad","gid":"684658","msg":"添加失败！号码【1547892(-|-)】已存在！"}
2024-07-25 00:15:15 随机等待 218 秒，约 3 分钟
2024-07-25 00:15:15 下次操作: 2024-07-25 00:18:53

2024-07-25 00:18:53 开始第 8011 次操作

2024-07-25 00:18:53 开始操作号码 【1547893】
2024-07-25 00:19:01 GSD getOne 第 1 次 等待 3 秒
2024-07-25 00:19:04 查询号码 【1547893】，返回信息 {"status":"ok","msg":"-","gid":"684656","time_insert":"2023-04-29 13:40"}
2024-07-25 00:19:05 查询号码 【1547893】，GSD为【"-"】
2024-07-25 00:19:05 ok && -
2024-07-25 00:19:06 CHB 1547893?1721837945 第 1 次 等待 3 秒
2024-07-25 00:19:09 CHB 1547893?1721837945 第 1 次 获取到号码【1547893】GSD
2024-07-25 00:19:10 未获取到号码【1547893】GSD，可能号码格式错误
2024-07-25 00:19:10 获取到号码【1547893】的GSD为【-】
2024-07-25 00:19:21 GSD insert 第 1 次 等待 3 秒
2024-07-25 00:19:24 {"status":"bad","gid":"684656","msg":"添加失败！号码【1547893(-|-)】已存在！"}
2024-07-25 00:19:24 随机等待 154 秒，约 2 分钟
2024-07-25 00:19:24 下次操作: 2024-07-25 00:21:58

2024-07-25 00:21:58 开始第 8012 次操作

2024-07-25 00:21:58 开始操作号码 【1547894】
2024-07-25 00:22:06 GSD getOne 第 1 次 等待 3 秒
2024-07-25 00:22:09 查询号码 【1547894】，返回信息 {"status":"ok","msg":"-","gid":"684650","time_insert":"2023-04-29 13:37"}
2024-07-25 00:22:09 查询号码 【1547894】，GSD为【"-"】
2024-07-25 00:22:09 ok && -
2024-07-25 00:22:11 CHB 1547894?1721838129 第 1 次 等待 3 秒
2024-07-25 00:22:14 CHB 1547894?1721838129 第 1 次 获取到号码【1547894】GSD
2024-07-25 00:22:14 未获取到号码【1547894】GSD，可能号码格式错误
2024-07-25 00:22:14 获取到号码【1547894】的GSD为【-】
2024-07-25 00:22:25 GSD insert 第 1 次 等待 3 秒
2024-07-25 00:22:28 {"status":"bad","gid":"684650","msg":"添加失败！号码【1547894(-|-)】已存在！"}

