2024-07-27 00:14:31 开始第 8365 次操作

2024-07-27 00:14:31 开始操作号码 【1548247】
2024-07-27 00:14:39 GSD getOne 第 1 次 等待 3 秒
2024-07-27 00:14:42 查询号码 【1548247】，返回信息 {"status":"ok","msg":"-","gid":"682853","time_insert":"2023-04-28 16:57"}
2024-07-27 00:14:42 查询号码 【1548247】，GSD为【"-"】
2024-07-27 00:14:42 ok && -
2024-07-27 00:14:44 CHB 1548247?1722010482 第 1 次 等待 3 秒
2024-07-27 00:14:47 CHB 1548247?1722010482 第 1 次 获取到号码【1548247】GSD
2024-07-27 00:14:47 未获取到号码【1548247】GSD，可能号码格式错误
2024-07-27 00:14:47 获取到号码【1548247】的GSD为【-】
2024-07-27 00:14:55 GSD insert 第 1 次 等待 3 秒
2024-07-27 00:14:58 {"status":"bad","gid":"682853","msg":"添加失败！号码【1548247(-|-)】已存在！"}
2024-07-27 00:14:58 随机等待 73 秒，约 1 分钟
2024-07-27 00:14:58 下次操作: 2024-07-27 00:16:11

2024-07-27 00:16:11 开始第 8366 次操作

2024-07-27 00:16:11 开始操作号码 【1548248】
2024-07-27 00:16:20 GSD getOne 第 1 次 等待 3 秒
2024-07-27 00:16:23 查询号码 【1548248】，返回信息 {"status":"ok","msg":"-","gid":"682850","time_insert":"2023-04-28 16:55"}
2024-07-27 00:16:23 查询号码 【1548248】，GSD为【"-"】
2024-07-27 00:16:23 ok && -
2024-07-27 00:16:25 CHB 1548248?1722010583 第 1 次 等待 3 秒
2024-07-27 00:16:28 CHB 1548248?1722010583 第 1 次 获取到号码【1548248】GSD
2024-07-27 00:16:28 未获取到号码【1548248】GSD，可能号码格式错误
2024-07-27 00:16:28 获取到号码【1548248】的GSD为【-】
2024-07-27 00:16:37 GSD insert 第 1 次 等待 3 秒
2024-07-27 00:16:40 {"status":"bad","gid":"682850","msg":"添加失败！号码【1548248(-|-)】已存在！"}
2024-07-27 00:16:40 随机等待 200 秒，约 3 分钟
2024-07-27 00:16:40 下次操作: 2024-07-27 00:20:00

2024-07-27 00:20:00 开始第 8367 次操作

2024-07-27 00:20:00 开始操作号码 【1548249】
2024-07-27 00:20:08 GSD getOne 第 1 次 等待 3 秒
2024-07-27 00:20:11 查询号码 【1548249】，返回信息 {"status":"ok","msg":"-","gid":"682844","time_insert":"2023-04-28 16:52"}
2024-07-27 00:20:11 查询号码 【1548249】，GSD为【"-"】
2024-07-27 00:20:11 ok && -
2024-07-27 00:20:13 CHB 1548249?1722010811 第 1 次 等待 3 秒
2024-07-27 00:20:16 CHB 1548249?1722010811 第 1 次 获取到号码【1548249】GSD
2024-07-27 00:20:16 未获取到号码【1548249】GSD，可能号码格式错误
2024-07-27 00:20:16 获取到号码【1548249】的GSD为【-】
2024-07-27 00:20:24 GSD insert 第 1 次 等待 3 秒
2024-07-27 00:20:27 {"status":"bad","gid":"682844","msg":"添加失败！号码【1548249(-|-)】已存在！"}
2024-07-27 00:20:27 随机等待 177 秒，约 2 分钟
2024-07-27 00:20:27 下次操作: 2024-07-27 00:23:24

2024-07-27 00:23:24 开始第 8368 次操作

2024-07-27 00:23:24 开始操作号码 【1548250】
2024-07-27 00:23:32 GSD getOne 第 1 次 等待 3 秒
2024-07-27 00:23:35 查询号码 【1548250】，返回信息 {"status":"ok","msg":"-","gid":"682839","time_insert":"2023-04-28 16:50"}
2024-07-27 00:23:35 查询号码 【1548250】，GSD为【"-"】
2024-07-27 00:23:35 ok && -
2024-07-27 00:23:37 CHB 1548250?1722011015 第 1 次 等待 3 秒
2024-07-27 00:23:40 CHB 1548250?1722011015 第 1 次 获取到号码【1548250】GSD
2024-07-27 00:23:40 未获取到号码【1548250】GSD，可能号码格式错误
2024-07-27 00:23:40 获取到号码【1548250】的GSD为【-】
2024-07-27 00:23:40 GSD insert 第 1 次 等待 3 秒
2024-07-27 00:23:51 GSD insert 第 2 次 等待 3 秒
2024-07-27 00:23:54 {"status":"bad","gid":"682839","msg":"添加失败！号码【1548250(-|-)】已存在！"}

