2024-05-06 00:09:39 开始第 7569 次操作

2024-05-06 00:09:39 开始操作号码 【1657470】
2024-05-06 00:09:45 GSD getOne 第 1 次 等待 3 秒
2024-05-06 00:09:48 查询号码 【1657470】，返回信息 {"status":"ok","msg":"内蒙古-呼伦贝尔","gid":"304816","time_insert":"2021-07-17 16:07"}
2024-05-06 00:09:48 查询号码 【1657470】，GSD为【"内蒙古-呼伦贝尔"】

2024-05-06 00:09:49 开始第 7570 次操作

2024-05-06 00:09:49 开始操作号码 【1657471】
2024-05-06 00:09:54 GSD getOne 第 1 次 等待 3 秒
2024-05-06 00:09:57 查询号码 【1657471】，返回信息 {"status":"ok","msg":"内蒙古-呼和浩特","gid":"304819","time_insert":"2021-07-17 16:08"}
2024-05-06 00:09:57 查询号码 【1657471】，GSD为【"内蒙古-呼和浩特"】

2024-05-06 00:09:58 开始第 7571 次操作

2024-05-06 00:09:58 开始操作号码 【1657472】
2024-05-06 00:10:05 GSD getOne 第 1 次 等待 3 秒
2024-05-06 00:10:08 查询号码 【1657472】，返回信息 {"status":"ok","msg":"黑龙江-绥化","gid":"304823","time_insert":"2021-07-17 16:09"}
2024-05-06 00:10:08 查询号码 【1657472】，GSD为【"黑龙江-绥化"】

2024-05-06 00:10:09 开始第 7572 次操作

2024-05-06 00:10:09 开始操作号码 【1657473】
2024-05-06 00:10:17 GSD getOne 第 1 次 等待 3 秒
2024-05-06 00:10:20 查询号码 【1657473】，返回信息 {"status":"ok","msg":"黑龙江-哈尔滨","gid":"304825","time_insert":"2021-07-17 16:09"}
2024-05-06 00:10:20 查询号码 【1657473】，GSD为【"黑龙江-哈尔滨"】

2024-05-06 00:34:31 开始第 7573 次操作

2024-05-06 00:34:31 开始操作号码 【1657474】
2024-05-06 00:34:40 GSD getOne 第 1 次 等待 3 秒
2024-05-06 00:34:43 查询号码 【1657474】，返回信息 {"status":"ok","msg":"内蒙古-锡林郭勒","gid":"304828","time_insert":"2021-07-17 16:10"}
2024-05-06 00:34:43 查询号码 【1657474】，GSD为【"内蒙古-锡林郭勒"】

2024-05-06 00:34:44 开始第 7574 次操作

2024-05-06 00:34:44 开始操作号码 【1657475】
2024-05-06 00:34:50 GSD getOne 第 1 次 等待 3 秒
2024-05-06 00:34:53 查询号码 【1657475】，返回信息 {"status":"ok","msg":"内蒙古-通辽","gid":"304832","time_insert":"2021-07-17 16:11"}
2024-05-06 00:34:53 查询号码 【1657475】，GSD为【"内蒙古-通辽"】

2024-05-06 00:34:54 开始第 7575 次操作

2024-05-06 00:34:54 开始操作号码 【1657476】
2024-05-06 00:35:01 GSD getOne 第 1 次 等待 3 秒
2024-05-06 00:35:04 查询号码 【1657476】，返回信息 {"status":"ok","msg":"内蒙古-赤峰","gid":"304836","time_insert":"2021-07-17 16:12"}
2024-05-06 00:35:04 查询号码 【1657476】，GSD为【"内蒙古-赤峰"】

2024-05-06 00:35:05 开始第 7576 次操作

2024-05-06 00:35:05 开始操作号码 【1657477】
2024-05-06 00:35:12 GSD getOne 第 1 次 等待 3 秒
2024-05-06 00:35:15 查询号码 【1657477】，返回信息 {"status":"ok","msg":"内蒙古-兴安盟","gid":"304839","time_insert":"2021-07-17 16:13"}
2024-05-06 00:35:15 查询号码 【1657477】，GSD为【"内蒙古-兴安盟"】

2024-05-06 01:06:18 开始第 7577 次操作

2024-05-06 01:06:18 开始操作号码 【1657478】
2024-05-06 01:06:25 GSD getOne 第 1 次 等待 3 秒
2024-05-06 01:06:28 查询号码 【1657478】，返回信息 {"status":"ok","msg":"内蒙古-兴安盟","gid":"304930","time_insert":"2021-07-17 16:42"}
2024-05-06 01:06:28 查询号码 【1657478】，GSD为【"内蒙古-兴安盟"】

2024-05-06 01:06:29 开始第 7578 次操作

2024-05-06 01:06:29 开始操作号码 【1657479】
2024-05-06 01:06:36 GSD getOne 第 1 次 等待 3 秒
2024-05-06 01:06:39 查询号码 【1657479】，返回信息 {"status":"ok","msg":"内蒙古-锡林郭勒","gid":"304947","time_insert":"2021-07-17 16:43"}
2024-05-06 01:06:39 查询号码 【1657479】，GSD为【"内蒙古-锡林郭勒"】

2024-05-06 01:06:40 开始第 7579 次操作

2024-05-06 01:06:40 开始操作号码 【1657480】
2024-05-06 01:06:45 GSD getOne 第 1 次 等待 3 秒
2024-05-06 01:06:48 查询号码 【1657480】，返回信息 {"status":"ok","msg":"黑龙江-哈尔滨","gid":"304956","time_insert":"2021-07-17 16:44"}
2024-05-06 01:06:48 查询号码 【1657480】，GSD为【"黑龙江-哈尔滨"】

2024-05-06 01:06:49 开始第 7580 次操作

2024-05-06 01:06:49 开始操作号码 【1657481】
2024-05-06 01:06:57 GSD getOne 第 1 次 等待 3 秒
2024-05-06 01:07:00 查询号码 【1657481】，返回信息 {"status":"ok","msg":"内蒙古-乌海","gid":"304966","time_insert":"2021-07-17 16:45"}
2024-05-06 01:07:00 查询号码 【1657481】，GSD为【"内蒙古-乌海"】

2024-05-06 01:32:15 开始第 7581 次操作

2024-05-06 01:32:15 开始操作号码 【1657482】
2024-05-06 01:32:20 GSD getOne 第 1 次 等待 3 秒
2024-05-06 01:32:23 查询号码 【1657482】，返回信息 {"status":"ok","msg":"内蒙古-兴安盟","gid":"304977","time_insert":"2021-07-17 16:46"}
2024-05-06 01:32:23 查询号码 【1657482】，GSD为【"内蒙古-兴安盟"】

2024-05-06 01:32:24 开始第 7582 次操作

2024-05-06 01:32:24 开始操作号码 【1657483】
2024-05-06 01:32:35 GSD getOne 第 1 次 等待 3 秒
2024-05-06 01:32:38 查询号码 【1657483】，返回信息 {"status":"ok","msg":"黑龙江-牡丹江","gid":"304992","time_insert":"2021-07-17 16:47"}
2024-05-06 01:32:38 查询号码 【1657483】，GSD为【"黑龙江-牡丹江"】

2024-05-06 01:32:39 开始第 7583 次操作

2024-05-06 01:32:39 开始操作号码 【1657484】
2024-05-06 01:32:46 GSD getOne 第 1 次 等待 3 秒
2024-05-06 01:32:49 查询号码 【1657484】，返回信息 {"status":"ok","msg":"辽宁-营口","gid":"305008","time_insert":"2021-07-17 16:48"}
2024-05-06 01:32:49 查询号码 【1657484】，GSD为【"辽宁-营口"】

2024-05-06 01:32:50 开始第 7584 次操作

2024-05-06 01:32:50 开始操作号码 【1657485】
2024-05-06 01:32:56 GSD getOne 第 1 次 等待 3 秒
2024-05-06 01:32:59 查询号码 【1657485】，返回信息 {"status":"ok","msg":"内蒙古-通辽","gid":"305022","time_insert":"2021-07-17 16:49"}
2024-05-06 01:32:59 查询号码 【1657485】，GSD为【"内蒙古-通辽"】

2024-05-06 02:09:18 开始第 7585 次操作

2024-05-06 02:09:18 开始操作号码 【1657486】
2024-05-06 02:09:26 GSD getOne 第 1 次 等待 3 秒
2024-05-06 02:09:29 查询号码 【1657486】，返回信息 {"status":"ok","msg":"山东-德州","gid":"305034","time_insert":"2021-07-17 16:50"}
2024-05-06 02:09:29 查询号码 【1657486】，GSD为【"山东-德州"】

2024-05-06 02:09:30 开始第 7586 次操作

2024-05-06 02:09:30 开始操作号码 【1657487】
2024-05-06 02:09:38 GSD getOne 第 1 次 等待 3 秒
2024-05-06 02:09:41 查询号码 【1657487】，返回信息 {"status":"ok","msg":"辽宁-大连","gid":"305047","time_insert":"2021-07-17 16:51"}
2024-05-06 02:09:41 查询号码 【1657487】，GSD为【"辽宁-大连"】

2024-05-06 02:09:42 开始第 7587 次操作

2024-05-06 02:09:42 开始操作号码 【1657488】
2024-05-06 02:09:48 GSD getOne 第 1 次 等待 3 秒
2024-05-06 02:09:51 查询号码 【1657488】，返回信息 {"status":"ok","msg":"内蒙古-兴安盟","gid":"305062","time_insert":"2021-07-17 16:52"}
2024-05-06 02:09:51 查询号码 【1657488】，GSD为【"内蒙古-兴安盟"】

2024-05-06 02:09:52 开始第 7588 次操作

2024-05-06 02:09:52 开始操作号码 【1657489】
2024-05-06 02:09:58 GSD getOne 第 1 次 等待 3 秒
2024-05-06 02:10:01 查询号码 【1657489】，返回信息 {"status":"ok","msg":"辽宁-辽阳","gid":"305073","time_insert":"2021-07-17 16:53"}
2024-05-06 02:10:01 查询号码 【1657489】，GSD为【"辽宁-辽阳"】

2024-05-06 02:32:21 开始第 7589 次操作

2024-05-06 02:32:21 开始操作号码 【1657490】
2024-05-06 02:32:28 GSD getOne 第 1 次 等待 3 秒
2024-05-06 02:32:31 查询号码 【1657490】，返回信息 {"status":"ok","msg":"黑龙江-双鸭山","gid":"305088","time_insert":"2021-07-17 16:54"}
2024-05-06 02:32:31 查询号码 【1657490】，GSD为【"黑龙江-双鸭山"】

2024-05-06 02:32:32 开始第 7590 次操作

2024-05-06 02:32:32 开始操作号码 【1657491】
2024-05-06 02:32:39 GSD getOne 第 1 次 等待 3 秒
2024-05-06 02:32:42 查询号码 【1657491】，返回信息 {"status":"ok","msg":"黑龙江-哈尔滨","gid":"305099","time_insert":"2021-07-17 16:54"}
2024-05-06 02:32:42 查询号码 【1657491】，GSD为【"黑龙江-哈尔滨"】

2024-05-06 02:32:43 开始第 7591 次操作

2024-05-06 02:32:43 开始操作号码 【1657492】
2024-05-06 02:32:50 GSD getOne 第 1 次 等待 3 秒
2024-05-06 02:32:53 查询号码 【1657492】，返回信息 {"status":"ok","msg":"内蒙古-通辽","gid":"305111","time_insert":"2021-07-17 16:55"}
2024-05-06 02:32:53 查询号码 【1657492】，GSD为【"内蒙古-通辽"】

2024-05-06 02:32:54 开始第 7592 次操作

2024-05-06 02:32:54 开始操作号码 【1657493】
2024-05-06 02:33:00 GSD getOne 第 1 次 等待 3 秒
2024-05-06 02:33:03 查询号码 【1657493】，返回信息 {"status":"ok","msg":"黑龙江-牡丹江","gid":"305124","time_insert":"2021-07-17 16:56"}
2024-05-06 02:33:03 查询号码 【1657493】，GSD为【"黑龙江-牡丹江"】

2024-05-06 03:07:03 开始第 7593 次操作

2024-05-06 03:07:03 开始操作号码 【1657494】
2024-05-06 03:07:10 GSD getOne 第 1 次 等待 3 秒
2024-05-06 03:07:13 查询号码 【1657494】，返回信息 {"status":"ok","msg":"陕西-榆林","gid":"305138","time_insert":"2021-07-17 16:57"}
2024-05-06 03:07:13 查询号码 【1657494】，GSD为【"陕西-榆林"】

2024-05-06 03:07:14 开始第 7594 次操作

2024-05-06 03:07:14 开始操作号码 【1657495】
2024-05-06 03:07:22 GSD getOne 第 1 次 等待 3 秒
2024-05-06 03:07:25 查询号码 【1657495】，返回信息 {"status":"ok","msg":"内蒙古-通辽","gid":"305151","time_insert":"2021-07-17 16:58"}
2024-05-06 03:07:25 查询号码 【1657495】，GSD为【"内蒙古-通辽"】

2024-05-06 03:07:26 开始第 7595 次操作

2024-05-06 03:07:26 开始操作号码 【1657496】
2024-05-06 03:07:33 GSD getOne 第 1 次 等待 3 秒
2024-05-06 03:07:36 查询号码 【1657496】，返回信息 {"status":"ok","msg":"内蒙古-通辽","gid":"305162","time_insert":"2021-07-17 16:59"}
2024-05-06 03:07:36 查询号码 【1657496】，GSD为【"内蒙古-通辽"】

2024-05-06 03:07:37 开始第 7596 次操作

2024-05-06 03:07:37 开始操作号码 【1657497】
2024-05-06 03:07:47 GSD getOne 第 1 次 等待 3 秒
2024-05-06 03:07:50 查询号码 【1657497】，返回信息 {"status":"ok","msg":"山东-济宁","gid":"305173","time_insert":"2021-07-17 16:59"}
2024-05-06 03:07:50 查询号码 【1657497】，GSD为【"山东-济宁"】

2024-05-06 03:32:06 开始第 7597 次操作

2024-05-06 03:32:06 开始操作号码 【1657498】
2024-05-06 03:32:12 GSD getOne 第 1 次 等待 3 秒
2024-05-06 03:32:15 查询号码 【1657498】，返回信息 {"status":"ok","msg":"吉林-长春","gid":"305187","time_insert":"2021-07-17 17:00"}
2024-05-06 03:32:15 查询号码 【1657498】，GSD为【"吉林-长春"】

2024-05-06 03:32:16 开始第 7598 次操作

2024-05-06 03:32:16 开始操作号码 【1657499】
2024-05-06 03:32:21 GSD getOne 第 1 次 等待 3 秒
2024-05-06 03:32:24 查询号码 【1657499】，返回信息 {"status":"ok","msg":"内蒙古-兴安盟","gid":"305198","time_insert":"2021-07-17 17:01"}
2024-05-06 03:32:24 查询号码 【1657499】，GSD为【"内蒙古-兴安盟"】

2024-05-06 03:32:25 开始第 7599 次操作

2024-05-06 03:32:25 开始操作号码 【1657500】
2024-05-06 03:32:30 GSD getOne 第 1 次 等待 3 秒
2024-05-06 03:32:33 查询号码 【1657500】，返回信息 {"status":"ok","msg":"山东-菏泽","gid":"305213","time_insert":"2021-07-17 17:02","time_update":"2021-09-08 19:37"}
2024-05-06 03:32:33 查询号码 【1657500】，GSD为【"山东-菏泽"】

2024-05-06 03:32:34 开始第 7600 次操作

2024-05-06 03:32:34 开始操作号码 【1657501】
2024-05-06 03:32:44 GSD getOne 第 1 次 等待 3 秒
2024-05-06 03:32:47 查询号码 【1657501】，返回信息 {"status":"ok","msg":"吉林-长春","gid":"305223","time_insert":"2021-07-17 17:03"}
2024-05-06 03:32:47 查询号码 【1657501】，GSD为【"吉林-长春"】

