2023-12-17 00:08:25 开始第 3709 次操作

2023-12-17 00:08:25 开始操作号码 【1873609】
2023-12-17 00:08:31 GSD getOne 第 1 次 等待 3 秒
2023-12-17 00:08:34 查询号码 【1873609】，返回信息 {"status":"ok","msg":"河南-郑州","gid":"467553","time_insert":"2021-08-01 13:10"}
2023-12-17 00:08:34 查询号码 【1873609】，GSD为【"河南-郑州"】

2023-12-17 00:08:35 开始第 3710 次操作

2023-12-17 00:08:35 开始操作号码 【1873610】
2023-12-17 00:08:40 GSD getOne 第 1 次 等待 3 秒
2023-12-17 00:08:43 查询号码 【1873610】，返回信息 {"status":"ok","msg":"河南-周口","gid":"467538","time_insert":"2021-08-01 13:09"}
2023-12-17 00:08:43 查询号码 【1873610】，GSD为【"河南-周口"】

2023-12-17 00:08:44 开始第 3711 次操作

2023-12-17 00:08:44 开始操作号码 【1873611】
2023-12-17 00:08:50 GSD getOne 第 1 次 等待 3 秒
2023-12-17 00:08:53 查询号码 【1873611】，返回信息 {"status":"ok","msg":"河南-周口","gid":"56001","time_insert":"2020-05-12 15:44"}
2023-12-17 00:08:53 查询号码 【1873611】，GSD为【"河南-周口"】

2023-12-17 00:08:54 开始第 3712 次操作

2023-12-17 00:08:54 开始操作号码 【1873612】
2023-12-17 00:08:58 GSD getOne 第 1 次 等待 3 秒
2023-12-17 00:09:01 查询号码 【1873612】，返回信息 {"status":"ok","msg":"河南-周口","gid":"467518","time_insert":"2021-08-01 13:07"}
2023-12-17 00:09:01 查询号码 【1873612】，GSD为【"河南-周口"】

