2024-02-06 00:08:52 开始第 2181 次操作

2024-02-06 00:08:52 开始操作号码 【1762081】
2024-02-06 00:08:56 GSD getOne 第 1 次 等待 3 秒
2024-02-06 00:08:59 查询号码 【1762081】，返回信息 {"status":"ok","msg":"广东-广州","gid":"159448","time_insert":"2021-06-30 08:08"}
2024-02-06 00:08:59 查询号码 【1762081】，GSD为【"广东-广州"】

2024-02-06 00:09:00 开始第 2182 次操作

2024-02-06 00:09:00 开始操作号码 【1762082】
2024-02-06 00:09:05 GSD getOne 第 1 次 等待 3 秒
2024-02-06 00:09:08 查询号码 【1762082】，返回信息 {"status":"ok","msg":"广东-广州","gid":"159451","time_insert":"2021-06-30 08:08"}
2024-02-06 00:09:08 查询号码 【1762082】，GSD为【"广东-广州"】

2024-02-06 00:09:09 开始第 2183 次操作

2024-02-06 00:09:09 开始操作号码 【1762083】
2024-02-06 00:09:14 GSD getOne 第 1 次 等待 3 秒
2024-02-06 00:09:17 查询号码 【1762083】，返回信息 {"status":"ok","msg":"广东-广州","gid":"159453","time_insert":"2021-06-30 08:09"}
2024-02-06 00:09:17 查询号码 【1762083】，GSD为【"广东-广州"】

2024-02-06 00:09:18 开始第 2184 次操作

2024-02-06 00:09:18 开始操作号码 【1762084】
2024-02-06 00:09:22 GSD getOne 第 1 次 等待 3 秒
2024-02-06 00:09:25 查询号码 【1762084】，返回信息 {"status":"ok","msg":"广东-广州","gid":"159456","time_insert":"2021-06-30 08:10"}
2024-02-06 00:09:25 查询号码 【1762084】，GSD为【"广东-广州"】

