2023-11-15 00:08:13 开始第 8897 次操作

2023-11-15 00:08:13 开始操作号码 【1978796】
2023-11-15 00:08:18 GSD getOne 第 1 次 等待 3 秒
2023-11-15 00:08:21 查询号码 【1978796】，返回信息 {"status":"ok","msg":"-","gid":"589392","time_insert":"2023-03-14 03:58"}
2023-11-15 00:08:21 查询号码 【1978796】，GSD为【"-"】
2023-11-15 00:08:21 ok && -
2023-11-15 00:08:24 CHB 1978796?1699978101 第 1 次 等待 3 秒
2023-11-15 00:08:27 CHB 1978796?1699978101 第 1 次 获取到号码【1978796】GSD
2023-11-15 00:08:27 未获取到号码【1978796】GSD，可能号码格式错误
2023-11-15 00:08:27 获取到号码【1978796】的GSD为【-】
2023-11-15 00:08:31 GSD insert 第 1 次 等待 3 秒
2023-11-15 00:08:34 {"status":"bad","gid":"589392","msg":"添加失败！号码【1978796(-|-)】已存在！"}
2023-11-15 00:08:34 随机等待 204 秒，约 3 分钟
2023-11-15 00:08:34 下次操作: 2023-11-15 00:11:58

2023-11-15 00:11:58 开始第 8898 次操作

2023-11-15 00:11:58 开始操作号码 【1978797】
2023-11-15 00:12:01 GSD getOne 第 1 次 等待 3 秒
2023-11-15 00:12:04 查询号码 【1978797】，返回信息 {"status":"ok","msg":"-","gid":"589395","time_insert":"2023-03-14 04:00"}
2023-11-15 00:12:04 查询号码 【1978797】，GSD为【"-"】
2023-11-15 00:12:04 ok && -
2023-11-15 00:12:07 CHB 1978797?1699978324 第 1 次 等待 3 秒
2023-11-15 00:12:10 CHB 1978797?1699978324 第 1 次 获取到号码【1978797】GSD
2023-11-15 00:12:10 未获取到号码【1978797】GSD，可能号码格式错误
2023-11-15 00:12:10 获取到号码【1978797】的GSD为【-】
2023-11-15 00:12:16 GSD insert 第 1 次 等待 3 秒
2023-11-15 00:12:19 {"status":"bad","gid":"589395","msg":"添加失败！号码【1978797(-|-)】已存在！"}
2023-11-15 00:12:19 随机等待 167 秒，约 2 分钟
2023-11-15 00:12:19 下次操作: 2023-11-15 00:15:06

2023-11-15 00:15:06 开始第 8899 次操作

2023-11-15 00:15:06 开始操作号码 【1978798】
2023-11-15 00:15:10 GSD getOne 第 1 次 等待 3 秒
2023-11-15 00:15:13 查询号码 【1978798】，返回信息 {"status":"ok","msg":"-","gid":"589414","time_insert":"2023-03-14 04:14"}
2023-11-15 00:15:13 查询号码 【1978798】，GSD为【"-"】
2023-11-15 00:15:13 ok && -
2023-11-15 00:15:19 CHB 1978798?1699978513 第 1 次 等待 3 秒
2023-11-15 00:15:22 CHB 1978798?1699978513 第 1 次 获取到号码【1978798】GSD
2023-11-15 00:15:22 未获取到号码【1978798】GSD，可能号码格式错误
2023-11-15 00:15:22 获取到号码【1978798】的GSD为【-】
2023-11-15 00:15:26 GSD insert 第 1 次 等待 3 秒
2023-11-15 00:15:29 {"status":"bad","gid":"589414","msg":"添加失败！号码【1978798(-|-)】已存在！"}
2023-11-15 00:15:29 随机等待 121 秒，约 2 分钟
2023-11-15 00:15:29 下次操作: 2023-11-15 00:17:30

2023-11-15 00:17:30 开始第 8900 次操作

2023-11-15 00:17:30 开始操作号码 【1978799】
2023-11-15 00:17:35 GSD getOne 第 1 次 等待 3 秒
2023-11-15 00:17:38 查询号码 【1978799】，返回信息 {"status":"ok","msg":"-","gid":"589417","time_insert":"2023-03-14 04:17"}
2023-11-15 00:17:38 查询号码 【1978799】，GSD为【"-"】
2023-11-15 00:17:38 ok && -
2023-11-15 00:17:41 CHB 1978799?1699978658 第 1 次 等待 3 秒
2023-11-15 00:17:44 CHB 1978799?1699978658 第 1 次 获取到号码【1978799】GSD
2023-11-15 00:17:44 未获取到号码【1978799】GSD，可能号码格式错误
2023-11-15 00:17:44 获取到号码【1978799】的GSD为【-】
2023-11-15 00:17:48 GSD insert 第 1 次 等待 3 秒
2023-11-15 00:17:51 {"status":"bad","gid":"589417","msg":"添加失败！号码【1978799(-|-)】已存在！"}

2023-11-15 00:32:19 开始第 8901 次操作

2023-11-15 00:32:19 开始操作号码 【1978800】
2023-11-15 00:32:23 GSD getOne 第 1 次 等待 3 秒
2023-11-15 00:32:26 查询号码 【1978800】，返回信息 {"status":"ok","msg":"-","gid":"589423","time_insert":"2023-03-14 04:19"}
2023-11-15 00:32:26 查询号码 【1978800】，GSD为【"-"】
2023-11-15 00:32:26 ok && -
2023-11-15 00:32:29 CHB 1978800?1699979546 第 1 次 等待 3 秒
2023-11-15 00:32:32 CHB 1978800?1699979546 第 1 次 获取到号码【1978800】GSD
2023-11-15 00:32:32 未获取到号码【1978800】GSD，可能号码格式错误
2023-11-15 00:32:32 获取到号码【1978800】的GSD为【-】
2023-11-15 00:32:35 GSD insert 第 1 次 等待 3 秒
2023-11-15 00:32:38 {"status":"bad","gid":"589423","msg":"添加失败！号码【1978800(-|-)】已存在！"}
2023-11-15 00:32:38 随机等待 231 秒，约 3 分钟
2023-11-15 00:32:38 下次操作: 2023-11-15 00:36:29

2023-11-15 00:36:29 开始第 8902 次操作

2023-11-15 00:36:29 开始操作号码 【1978801】
2023-11-15 00:36:40 GSD getOne 第 1 次 等待 3 秒
2023-11-15 00:36:43 查询号码 【1978801】，返回信息 {"status":"ok","msg":"-","gid":"589426","time_insert":"2023-03-14 04:21"}
2023-11-15 00:36:43 查询号码 【1978801】，GSD为【"-"】
2023-11-15 00:36:43 ok && -
2023-11-15 00:36:47 CHB 1978801?1699979803 第 1 次 等待 3 秒
2023-11-15 00:36:50 CHB 1978801?1699979803 第 1 次 获取到号码【1978801】GSD
2023-11-15 00:36:50 未获取到号码【1978801】GSD，可能号码格式错误
2023-11-15 00:36:50 获取到号码【1978801】的GSD为【-】
2023-11-15 00:36:54 GSD insert 第 1 次 等待 3 秒
2023-11-15 00:36:57 {"status":"bad","gid":"589426","msg":"添加失败！号码【1978801(-|-)】已存在！"}
2023-11-15 00:36:57 随机等待 231 秒，约 3 分钟
2023-11-15 00:36:57 下次操作: 2023-11-15 00:40:48

2023-11-15 00:40:48 开始第 8903 次操作

2023-11-15 00:40:48 开始操作号码 【1978802】
2023-11-15 00:40:51 GSD getOne 第 1 次 等待 3 秒
2023-11-15 00:40:54 查询号码 【1978802】，返回信息 {"status":"ok","msg":"-","gid":"589435","time_insert":"2023-03-14 04:28"}
2023-11-15 00:40:54 查询号码 【1978802】，GSD为【"-"】
2023-11-15 00:40:54 ok && -
2023-11-15 00:40:57 CHB 1978802?1699980054 第 1 次 等待 3 秒
2023-11-15 00:41:00 CHB 1978802?1699980054 第 1 次 获取到号码【1978802】GSD
2023-11-15 00:41:00 未获取到号码【1978802】GSD，可能号码格式错误
2023-11-15 00:41:00 获取到号码【1978802】的GSD为【-】
2023-11-15 00:41:03 GSD insert 第 1 次 等待 3 秒
2023-11-15 00:41:06 {"status":"bad","gid":"589435","msg":"添加失败！号码【1978802(-|-)】已存在！"}
2023-11-15 00:41:06 随机等待 117 秒，约 1 分钟
2023-11-15 00:41:06 下次操作: 2023-11-15 00:43:03

2023-11-15 00:43:03 开始第 8904 次操作

2023-11-15 00:43:03 开始操作号码 【1978803】
2023-11-15 00:43:07 GSD getOne 第 1 次 等待 3 秒
2023-11-15 00:43:10 查询号码 【1978803】，返回信息 {"status":"ok","msg":"-","gid":"589438","time_insert":"2023-03-14 04:29"}
2023-11-15 00:43:10 查询号码 【1978803】，GSD为【"-"】
2023-11-15 00:43:10 ok && -
2023-11-15 00:43:17 CHB 1978803?1699980190 第 1 次 等待 3 秒
2023-11-15 00:43:20 CHB 1978803?1699980190 第 1 次 获取到号码【1978803】GSD
2023-11-15 00:43:20 未获取到号码【1978803】GSD，可能号码格式错误
2023-11-15 00:43:20 获取到号码【1978803】的GSD为【-】
2023-11-15 00:43:24 GSD insert 第 1 次 等待 3 秒
2023-11-15 00:43:27 {"status":"bad","gid":"589438","msg":"添加失败！号码【1978803(-|-)】已存在！"}

2023-11-15 01:05:58 开始第 8905 次操作

2023-11-15 01:05:58 开始操作号码 【1978804】
2023-11-15 01:06:01 GSD getOne 第 1 次 等待 3 秒
2023-11-15 01:06:04 查询号码 【1978804】，返回信息 {"status":"ok","msg":"-","gid":"589441","time_insert":"2023-03-14 04:32"}
2023-11-15 01:06:04 查询号码 【1978804】，GSD为【"-"】
2023-11-15 01:06:04 ok && -
2023-11-15 01:06:06 CHB 1978804?1699981564 第 1 次 等待 3 秒
2023-11-15 01:06:09 CHB 1978804?1699981564 第 1 次 获取到号码【1978804】GSD
2023-11-15 01:06:09 未获取到号码【1978804】GSD，可能号码格式错误
2023-11-15 01:06:09 获取到号码【1978804】的GSD为【-】
2023-11-15 01:06:12 GSD insert 第 1 次 等待 3 秒
2023-11-15 01:06:15 {"status":"bad","gid":"589441","msg":"添加失败！号码【1978804(-|-)】已存在！"}
2023-11-15 01:06:15 随机等待 160 秒，约 2 分钟
2023-11-15 01:06:15 下次操作: 2023-11-15 01:08:55

2023-11-15 01:08:55 开始第 8906 次操作

2023-11-15 01:08:55 开始操作号码 【1978805】
2023-11-15 01:08:58 GSD getOne 第 1 次 等待 3 秒
2023-11-15 01:09:01 查询号码 【1978805】，返回信息 {"status":"ok","msg":"-","gid":"589446","time_insert":"2023-03-14 04:33"}
2023-11-15 01:09:01 查询号码 【1978805】，GSD为【"-"】
2023-11-15 01:09:01 ok && -
2023-11-15 01:09:02 CHB 1978805?1699981741 第 1 次 等待 3 秒
2023-11-15 01:09:05 CHB 1978805?1699981741 第 1 次 获取到号码【1978805】GSD
2023-11-15 01:09:05 未获取到号码【1978805】GSD，可能号码格式错误
2023-11-15 01:09:05 获取到号码【1978805】的GSD为【-】
2023-11-15 01:09:09 GSD insert 第 1 次 等待 3 秒
2023-11-15 01:09:12 {"status":"bad","gid":"589446","msg":"添加失败！号码【1978805(-|-)】已存在！"}
2023-11-15 01:09:12 随机等待 166 秒，约 2 分钟
2023-11-15 01:09:12 下次操作: 2023-11-15 01:11:58

2023-11-15 01:11:58 开始第 8907 次操作

2023-11-15 01:11:58 开始操作号码 【1978806】
2023-11-15 01:12:02 GSD getOne 第 1 次 等待 3 秒
2023-11-15 01:12:05 查询号码 【1978806】，返回信息 {"status":"ok","msg":"-","gid":"589453","time_insert":"2023-03-14 04:38"}
2023-11-15 01:12:05 查询号码 【1978806】，GSD为【"-"】
2023-11-15 01:12:05 ok && -
2023-11-15 01:12:09 CHB 1978806?1699981925 第 1 次 等待 3 秒
2023-11-15 01:12:12 CHB 1978806?1699981925 第 1 次 获取到号码【1978806】GSD
2023-11-15 01:12:13 未获取到号码【1978806】GSD，可能号码格式错误
2023-11-15 01:12:13 获取到号码【1978806】的GSD为【-】
2023-11-15 01:12:16 GSD insert 第 1 次 等待 3 秒
2023-11-15 01:12:19 {"status":"bad","gid":"589453","msg":"添加失败！号码【1978806(-|-)】已存在！"}
2023-11-15 01:12:19 随机等待 143 秒，约 2 分钟
2023-11-15 01:12:19 下次操作: 2023-11-15 01:14:42

2023-11-15 01:14:42 开始第 8908 次操作

2023-11-15 01:14:42 开始操作号码 【1978807】
2023-11-15 01:14:45 GSD getOne 第 1 次 等待 3 秒
2023-11-15 01:14:48 查询号码 【1978807】，返回信息 {"status":"ok","msg":"-","gid":"589456","time_insert":"2023-03-14 04:39"}
2023-11-15 01:14:48 查询号码 【1978807】，GSD为【"-"】
2023-11-15 01:14:48 ok && -
2023-11-15 01:14:50 CHB 1978807?1699982088 第 1 次 等待 3 秒
2023-11-15 01:14:53 CHB 1978807?1699982088 第 1 次 获取到号码【1978807】GSD
2023-11-15 01:14:53 未获取到号码【1978807】GSD，可能号码格式错误
2023-11-15 01:14:53 获取到号码【1978807】的GSD为【-】
2023-11-15 01:14:58 GSD insert 第 1 次 等待 3 秒
2023-11-15 01:15:01 {"status":"bad","gid":"589456","msg":"添加失败！号码【1978807(-|-)】已存在！"}

2023-11-15 02:09:04 开始第 8909 次操作

2023-11-15 02:09:04 开始操作号码 【1978808】
2023-11-15 02:09:08 GSD getOne 第 1 次 等待 3 秒
2023-11-15 02:09:11 查询号码 【1978808】，返回信息 {"status":"ok","msg":"-","gid":"589465","time_insert":"2023-03-14 04:42"}
2023-11-15 02:09:11 查询号码 【1978808】，GSD为【"-"】
2023-11-15 02:09:11 ok && -
2023-11-15 02:09:14 CHB 1978808?1699985351 第 1 次 等待 3 秒
2023-11-15 02:09:17 CHB 1978808?1699985351 第 1 次 获取到号码【1978808】GSD
2023-11-15 02:09:17 未获取到号码【1978808】GSD，可能号码格式错误
2023-11-15 02:09:17 获取到号码【1978808】的GSD为【-】
2023-11-15 02:09:20 GSD insert 第 1 次 等待 3 秒
2023-11-15 02:09:23 {"status":"bad","gid":"589465","msg":"添加失败！号码【1978808(-|-)】已存在！"}
2023-11-15 02:09:23 随机等待 106 秒，约 1 分钟
2023-11-15 02:09:23 下次操作: 2023-11-15 02:11:09

2023-11-15 02:11:09 开始第 8910 次操作

2023-11-15 02:11:09 开始操作号码 【1978809】
2023-11-15 02:11:12 GSD getOne 第 1 次 等待 3 秒
2023-11-15 02:11:15 查询号码 【1978809】，返回信息 {"status":"ok","msg":"-","gid":"589467","time_insert":"2023-03-14 04:45"}
2023-11-15 02:11:15 查询号码 【1978809】，GSD为【"-"】
2023-11-15 02:11:15 ok && -
2023-11-15 02:11:19 CHB 1978809?1699985475 第 1 次 等待 3 秒
2023-11-15 02:11:22 CHB 1978809?1699985475 第 1 次 获取到号码【1978809】GSD
2023-11-15 02:11:22 未获取到号码【1978809】GSD，可能号码格式错误
2023-11-15 02:11:22 获取到号码【1978809】的GSD为【-】
2023-11-15 02:11:25 GSD insert 第 1 次 等待 3 秒
2023-11-15 02:11:28 {"status":"bad","gid":"589467","msg":"添加失败！号码【1978809(-|-)】已存在！"}
2023-11-15 02:11:28 随机等待 186 秒，约 3 分钟
2023-11-15 02:11:28 下次操作: 2023-11-15 02:14:34

2023-11-15 02:14:34 开始第 8911 次操作

2023-11-15 02:14:34 开始操作号码 【1978810】
2023-11-15 02:14:38 GSD getOne 第 1 次 等待 3 秒
2023-11-15 02:14:41 查询号码 【1978810】，返回信息 {"status":"ok","msg":"-","gid":"589473","time_insert":"2023-03-14 04:47"}
2023-11-15 02:14:41 查询号码 【1978810】，GSD为【"-"】
2023-11-15 02:14:41 ok && -
2023-11-15 02:14:45 CHB 1978810?1699985681 第 1 次 等待 3 秒
2023-11-15 02:14:48 CHB 1978810?1699985681 第 1 次 获取到号码【1978810】GSD
2023-11-15 02:14:48 未获取到号码【1978810】GSD，可能号码格式错误
2023-11-15 02:14:48 获取到号码【1978810】的GSD为【-】
2023-11-15 02:14:51 GSD insert 第 1 次 等待 3 秒
2023-11-15 02:14:54 {"status":"bad","gid":"589473","msg":"添加失败！号码【1978810(-|-)】已存在！"}
2023-11-15 02:14:54 随机等待 203 秒，约 3 分钟
2023-11-15 02:14:54 下次操作: 2023-11-15 02:18:17

2023-11-15 02:18:17 开始第 8912 次操作

2023-11-15 02:18:17 开始操作号码 【1978811】
2023-11-15 02:18:21 GSD getOne 第 1 次 等待 3 秒
2023-11-15 02:18:24 查询号码 【1978811】，返回信息 {"status":"ok","msg":"-","gid":"589475","time_insert":"2023-03-14 04:49"}
2023-11-15 02:18:24 查询号码 【1978811】，GSD为【"-"】
2023-11-15 02:18:24 ok && -
2023-11-15 02:18:27 CHB 1978811?1699985904 第 1 次 等待 3 秒
2023-11-15 02:18:30 CHB 1978811?1699985904 第 1 次 获取到号码【1978811】GSD
2023-11-15 02:18:30 未获取到号码【1978811】GSD，可能号码格式错误
2023-11-15 02:18:30 获取到号码【1978811】的GSD为【-】
2023-11-15 02:18:33 GSD insert 第 1 次 等待 3 秒
2023-11-15 02:18:36 {"status":"bad","gid":"589475","msg":"添加失败！号码【1978811(-|-)】已存在！"}

