2024-01-20 00:09:59 开始第 9957 次操作

2024-01-20 00:09:59 开始操作号码 【1879857】
2024-01-20 00:10:04 GSD getOne 第 1 次 等待 3 秒
2024-01-20 00:10:07 查询号码 【1879857】，返回信息 {"status":"ok","msg":"贵州-凯里","gid":"43682","time_insert":"2017-12-27 17:11","time_update":"2020-11-24 05:47"}
2024-01-20 00:10:07 查询号码 【1879857】，GSD为【"贵州-凯里"】

2024-01-20 00:10:08 开始第 9958 次操作

2024-01-20 00:10:08 开始操作号码 【1879858】
2024-01-20 00:10:13 GSD getOne 第 1 次 等待 3 秒
2024-01-20 00:10:16 查询号码 【1879858】，返回信息 {"status":"ok","msg":"贵州-凯里","gid":"43683","time_insert":"2018-01-19 21:39","time_update":"2020-11-24 05:51"}
2024-01-20 00:10:16 查询号码 【1879858】，GSD为【"贵州-凯里"】

2024-01-20 00:10:17 开始第 9959 次操作

2024-01-20 00:10:17 开始操作号码 【1879859】
2024-01-20 00:10:21 GSD getOne 第 1 次 等待 3 秒
2024-01-20 00:10:24 查询号码 【1879859】，返回信息 {"status":"ok","msg":"贵州-凯里","gid":"43684","time_insert":"2017-11-12 21:39","time_update":"2020-11-24 05:55"}
2024-01-20 00:10:24 查询号码 【1879859】，GSD为【"贵州-凯里"】

2024-01-20 00:10:25 开始第 9960 次操作

2024-01-20 00:10:25 开始操作号码 【1879860】
2024-01-20 00:10:29 GSD getOne 第 1 次 等待 3 秒
2024-01-20 00:10:32 查询号码 【1879860】，返回信息 {"status":"ok","msg":"贵州-贵阳","gid":"43685","time_insert":"2019-03-09 13:51","time_update":"2020-11-24 05:59"}
2024-01-20 00:10:32 查询号码 【1879860】，GSD为【"贵州-贵阳"】

2024-01-20 00:38:36 开始第 9961 次操作

2024-01-20 00:38:36 开始操作号码 【1879861】
2024-01-20 00:38:45 GSD getOne 第 1 次 等待 3 秒
2024-01-20 00:38:48 查询号码 【1879861】，返回信息 {"status":"ok","msg":"贵州-贵阳","gid":"411624","time_insert":"2021-07-27 10:02"}
2024-01-20 00:38:48 查询号码 【1879861】，GSD为【"贵州-贵阳"】

2024-01-20 00:38:49 开始第 9962 次操作

2024-01-20 00:38:49 开始操作号码 【1879862】
2024-01-20 00:38:53 GSD getOne 第 1 次 等待 3 秒
2024-01-20 00:38:56 查询号码 【1879862】，返回信息 {"status":"ok","msg":"贵州-贵阳","gid":"43686","time_insert":"2017-05-09 23:21","time_update":"2020-11-24 06:14"}
2024-01-20 00:38:56 查询号码 【1879862】，GSD为【"贵州-贵阳"】

2024-01-20 00:38:57 开始第 9963 次操作

2024-01-20 00:38:57 开始操作号码 【1879863】
2024-01-20 00:39:01 GSD getOne 第 1 次 等待 3 秒
2024-01-20 00:39:04 查询号码 【1879863】，返回信息 {"status":"ok","msg":"贵州-贵阳","gid":"43687","time_insert":"2017-03-05 14:19","time_update":"2020-11-24 06:17"}
2024-01-20 00:39:04 查询号码 【1879863】，GSD为【"贵州-贵阳"】

2024-01-20 00:39:05 开始第 9964 次操作

2024-01-20 00:39:05 开始操作号码 【1879864】
2024-01-20 00:39:10 GSD getOne 第 1 次 等待 3 秒
2024-01-20 00:39:13 查询号码 【1879864】，返回信息 {"status":"ok","msg":"贵州-贵阳","gid":"43688","time_insert":"2018-11-15 00:12","time_update":"2020-11-24 06:20"}
2024-01-20 00:39:13 查询号码 【1879864】，GSD为【"贵州-贵阳"】

2024-01-20 01:07:24 开始第 9965 次操作

2024-01-20 01:07:24 开始操作号码 【1879865】
2024-01-20 01:07:28 GSD getOne 第 1 次 等待 3 秒
2024-01-20 01:07:31 查询号码 【1879865】，返回信息 {"status":"ok","msg":"贵州-遵义","gid":"43689","time_insert":"2020-03-26 15:54","time_update":"2021-01-22 10:15"}
2024-01-20 01:07:31 查询号码 【1879865】，GSD为【"贵州-遵义"】

2024-01-20 01:07:32 开始第 9966 次操作

2024-01-20 01:07:32 开始操作号码 【1879866】
2024-01-20 01:07:36 GSD getOne 第 1 次 等待 3 秒
2024-01-20 01:07:39 查询号码 【1879866】，返回信息 {"status":"ok","msg":"贵州-遵义","gid":"43690","time_insert":"2017-05-02 16:18","time_update":"2020-11-24 06:25"}
2024-01-20 01:07:39 查询号码 【1879866】，GSD为【"贵州-遵义"】

2024-01-20 01:07:40 开始第 9967 次操作

2024-01-20 01:07:40 开始操作号码 【1879867】
2024-01-20 01:07:44 GSD getOne 第 1 次 等待 3 秒
2024-01-20 01:07:47 查询号码 【1879867】，返回信息 {"status":"ok","msg":"贵州-遵义","gid":"43691","time_insert":"2016-10-17 17:11","time_update":"2020-11-24 06:29"}
2024-01-20 01:07:47 查询号码 【1879867】，GSD为【"贵州-遵义"】

2024-01-20 01:07:48 开始第 9968 次操作

2024-01-20 01:07:48 开始操作号码 【1879868】
2024-01-20 01:07:52 GSD getOne 第 1 次 等待 3 秒
2024-01-20 01:07:55 查询号码 【1879868】，返回信息 {"status":"ok","msg":"贵州-遵义","gid":"43692","time_insert":"2018-08-02 21:51","time_update":"2020-11-24 06:32"}
2024-01-20 01:07:55 查询号码 【1879868】，GSD为【"贵州-遵义"】

2024-01-20 01:32:35 开始第 9969 次操作

2024-01-20 01:32:35 开始操作号码 【1879869】
2024-01-20 01:32:39 GSD getOne 第 1 次 等待 3 秒
2024-01-20 01:32:42 查询号码 【1879869】，返回信息 {"status":"ok","msg":"贵州-遵义","gid":"43693","time_insert":"2019-02-22 19:24","time_update":"2020-11-24 06:37"}
2024-01-20 01:32:42 查询号码 【1879869】，GSD为【"贵州-遵义"】

2024-01-20 01:32:44 开始第 9970 次操作

2024-01-20 01:32:44 开始操作号码 【1879870】
2024-01-20 01:32:49 GSD getOne 第 1 次 等待 3 秒
2024-01-20 01:32:52 查询号码 【1879870】，返回信息 {"status":"ok","msg":"贵州-贵阳","gid":"43694","time_insert":"2018-06-24 17:22","time_update":"2020-11-24 06:41"}
2024-01-20 01:32:52 查询号码 【1879870】，GSD为【"贵州-贵阳"】

2024-01-20 01:32:53 开始第 9971 次操作

2024-01-20 01:32:53 开始操作号码 【1879871】
2024-01-20 01:32:57 GSD getOne 第 1 次 等待 3 秒
2024-01-20 01:33:00 查询号码 【1879871】，返回信息 {"status":"ok","msg":"贵州-贵阳","gid":"411604","time_insert":"2021-07-27 10:01"}
2024-01-20 01:33:00 查询号码 【1879871】，GSD为【"贵州-贵阳"】

2024-01-20 01:33:01 开始第 9972 次操作

2024-01-20 01:33:01 开始操作号码 【1879872】
2024-01-20 01:33:05 GSD getOne 第 1 次 等待 3 秒
2024-01-20 01:33:08 查询号码 【1879872】，返回信息 {"status":"ok","msg":"贵州-贵阳","gid":"43695","time_insert":"2018-08-14 11:39","time_update":"2020-11-24 06:45"}
2024-01-20 01:33:08 查询号码 【1879872】，GSD为【"贵州-贵阳"】

2024-01-20 02:10:14 开始第 9973 次操作

2024-01-20 02:10:14 开始操作号码 【1879873】
2024-01-20 02:10:19 GSD getOne 第 1 次 等待 3 秒
2024-01-20 02:10:22 查询号码 【1879873】，返回信息 {"status":"ok","msg":"贵州-贵阳","gid":"411594","time_insert":"2021-07-27 10:00"}
2024-01-20 02:10:22 查询号码 【1879873】，GSD为【"贵州-贵阳"】

2024-01-20 02:10:23 开始第 9974 次操作

2024-01-20 02:10:23 开始操作号码 【1879874】
2024-01-20 02:10:27 GSD getOne 第 1 次 等待 3 秒
2024-01-20 02:10:30 查询号码 【1879874】，返回信息 {"status":"ok","msg":"贵州-贵阳","gid":"43696","time_insert":"2017-02-10 21:09","time_update":"2020-11-24 06:49"}
2024-01-20 02:10:30 查询号码 【1879874】，GSD为【"贵州-贵阳"】

2024-01-20 02:10:31 开始第 9975 次操作

2024-01-20 02:10:31 开始操作号码 【1879875】
2024-01-20 02:10:35 GSD getOne 第 1 次 等待 3 秒
2024-01-20 02:10:38 查询号码 【1879875】，返回信息 {"status":"ok","msg":"贵州-贵阳","gid":"411583","time_insert":"2021-07-27 10:00"}
2024-01-20 02:10:38 查询号码 【1879875】，GSD为【"贵州-贵阳"】

2024-01-20 02:10:39 开始第 9976 次操作

2024-01-20 02:10:39 开始操作号码 【1879876】
2024-01-20 02:10:42 GSD getOne 第 1 次 等待 3 秒
2024-01-20 02:10:45 查询号码 【1879876】，返回信息 {"status":"ok","msg":"贵州-贵阳","gid":"43697","time_insert":"2018-04-17 14:56","time_update":"2020-11-24 06:53"}
2024-01-20 02:10:45 查询号码 【1879876】，GSD为【"贵州-贵阳"】

2024-01-20 02:34:37 开始第 9977 次操作

2024-01-20 02:34:37 开始操作号码 【1879877】
2024-01-20 02:34:41 GSD getOne 第 1 次 等待 3 秒
2024-01-20 02:34:44 查询号码 【1879877】，返回信息 {"status":"ok","msg":"贵州-贵阳","gid":"411574","time_insert":"2021-07-27 09:59"}
2024-01-20 02:34:44 查询号码 【1879877】，GSD为【"贵州-贵阳"】

2024-01-20 02:34:45 开始第 9978 次操作

2024-01-20 02:34:45 开始操作号码 【1879878】
2024-01-20 02:34:49 GSD getOne 第 1 次 等待 3 秒
2024-01-20 02:34:52 查询号码 【1879878】，返回信息 {"status":"ok","msg":"贵州-贵阳","gid":"43698","time_insert":"2016-10-08 16:07","time_update":"2020-11-24 06:57"}
2024-01-20 02:34:52 查询号码 【1879878】，GSD为【"贵州-贵阳"】

2024-01-20 02:34:53 开始第 9979 次操作

2024-01-20 02:34:53 开始操作号码 【1879879】
2024-01-20 02:34:58 GSD getOne 第 1 次 等待 3 秒
2024-01-20 02:35:01 查询号码 【1879879】，返回信息 {"status":"ok","msg":"贵州-贵阳","gid":"43699","time_insert":"2017-04-05 21:21","time_update":"2020-11-24 07:00"}
2024-01-20 02:35:01 查询号码 【1879879】，GSD为【"贵州-贵阳"】

2024-01-20 02:35:02 开始第 9980 次操作

2024-01-20 02:35:02 开始操作号码 【1879880】
2024-01-20 02:35:06 GSD getOne 第 1 次 等待 3 秒
2024-01-20 02:35:09 查询号码 【1879880】，返回信息 {"status":"ok","msg":"贵州-贵阳","gid":"43700","time_insert":"2017-11-10 17:31","time_update":"2020-11-24 07:04"}
2024-01-20 02:35:09 查询号码 【1879880】，GSD为【"贵州-贵阳"】

2024-01-20 03:06:21 开始第 9981 次操作

2024-01-20 03:06:21 开始操作号码 【1879881】
2024-01-20 03:06:25 GSD getOne 第 1 次 等待 3 秒
2024-01-20 03:06:28 查询号码 【1879881】，返回信息 {"status":"ok","msg":"贵州-贵阳","gid":"43701","time_insert":"2017-08-17 09:09","time_update":"2020-11-24 07:08"}
2024-01-20 03:06:28 查询号码 【1879881】，GSD为【"贵州-贵阳"】

2024-01-20 03:06:29 开始第 9982 次操作

2024-01-20 03:06:29 开始操作号码 【1879882】
2024-01-20 03:06:33 GSD getOne 第 1 次 等待 3 秒
2024-01-20 03:06:36 查询号码 【1879882】，返回信息 {"status":"ok","msg":"贵州-贵阳","gid":"411562","time_insert":"2021-07-27 09:58"}
2024-01-20 03:06:36 查询号码 【1879882】，GSD为【"贵州-贵阳"】

2024-01-20 03:06:37 开始第 9983 次操作

2024-01-20 03:06:37 开始操作号码 【1879883】
2024-01-20 03:06:41 GSD getOne 第 1 次 等待 3 秒
2024-01-20 03:06:44 查询号码 【1879883】，返回信息 {"status":"ok","msg":"贵州-贵阳","gid":"43702","time_insert":"2017-07-29 12:19","time_update":"2020-11-24 07:09"}
2024-01-20 03:06:44 查询号码 【1879883】，GSD为【"贵州-贵阳"】

2024-01-20 03:06:45 开始第 9984 次操作

2024-01-20 03:06:45 开始操作号码 【1879884】
2024-01-20 03:06:50 GSD getOne 第 1 次 等待 3 秒
2024-01-20 03:06:53 查询号码 【1879884】，返回信息 {"status":"ok","msg":"贵州-贵阳","gid":"43703","time_insert":"2015-10-02 22:43","time_update":"2020-11-13 18:12"}
2024-01-20 03:06:53 查询号码 【1879884】，GSD为【"贵州-贵阳"】

2024-01-20 03:32:19 开始第 9985 次操作

2024-01-20 03:32:19 开始操作号码 【1879885】
2024-01-20 03:32:24 GSD getOne 第 1 次 等待 3 秒
2024-01-20 03:32:27 查询号码 【1879885】，返回信息 {"status":"ok","msg":"贵州-贵阳","gid":"411550","time_insert":"2021-07-27 09:57"}
2024-01-20 03:32:27 查询号码 【1879885】，GSD为【"贵州-贵阳"】

2024-01-20 03:32:28 开始第 9986 次操作

2024-01-20 03:32:28 开始操作号码 【1879886】
2024-01-20 03:32:32 GSD getOne 第 1 次 等待 3 秒
2024-01-20 03:32:35 查询号码 【1879886】，返回信息 {"status":"ok","msg":"贵州-贵阳","gid":"411544","time_insert":"2021-07-27 09:57"}
2024-01-20 03:32:35 查询号码 【1879886】，GSD为【"贵州-贵阳"】

2024-01-20 03:32:36 开始第 9987 次操作

2024-01-20 03:32:36 开始操作号码 【1879887】
2024-01-20 03:32:40 GSD getOne 第 1 次 等待 3 秒
2024-01-20 03:32:43 查询号码 【1879887】，返回信息 {"status":"ok","msg":"贵州-贵阳","gid":"411536","time_insert":"2021-07-27 09:56"}
2024-01-20 03:32:43 查询号码 【1879887】，GSD为【"贵州-贵阳"】

2024-01-20 03:32:44 开始第 9988 次操作

2024-01-20 03:32:44 开始操作号码 【1879888】
2024-01-20 03:32:48 GSD getOne 第 1 次 等待 3 秒
2024-01-20 03:32:51 查询号码 【1879888】，返回信息 {"status":"ok","msg":"贵州-贵阳","gid":"43704","time_insert":"2017-06-11 22:06","time_update":"2020-11-24 07:12"}
2024-01-20 03:32:51 查询号码 【1879888】，GSD为【"贵州-贵阳"】

