2024-10-15 00:27:36 开始第 9237 次操作

2024-10-15 00:27:36 开始操作号码 【1439231】
2024-10-15 00:27:59 GSD getOne 第 1 次 等待 3 秒
2024-10-15 00:28:02 查询号码 【1439231】，返回信息 {"status":"ok","msg":"-","gid":"690033","time_insert":"2023-05-02 23:51"}
2024-10-15 00:28:02 查询号码 【1439231】，GSD为【"-"】
2024-10-15 00:28:02 ok && -
2024-10-15 00:28:06 CHB 1439231?1728923282 第 1 次 等待 3 秒
2024-10-15 00:28:09 CHB 1439231?1728923282 第 1 次 获取到号码【1439231】GSD
2024-10-15 00:28:09 未获取到号码【1439231】GSD，可能号码格式错误
2024-10-15 00:28:09 获取到号码【1439231】的GSD为【-】
2024-10-15 00:28:25 GSD insert 第 1 次 等待 3 秒
2024-10-15 00:28:28 {"status":"bad","gid":"690033","msg":"添加失败！号码【1439231(-|-)】已存在！"}
2024-10-15 00:28:28 随机等待 104 秒，约 1 分钟
2024-10-15 00:28:28 下次操作: 2024-10-15 00:30:12

2024-10-15 00:30:12 开始第 9238 次操作

2024-10-15 00:30:12 开始操作号码 【1439232】
2024-10-15 00:30:30 GSD getOne 第 1 次 等待 3 秒
2024-10-15 00:30:33 查询号码 【1439232】，返回信息 {"status":"ok","msg":"-","gid":"690016","time_insert":"2023-05-02 23:27"}
2024-10-15 00:30:33 查询号码 【1439232】，GSD为【"-"】
2024-10-15 00:30:33 ok && -
2024-10-15 00:30:34 CHB 1439232?1728923433 第 1 次 等待 3 秒
2024-10-15 00:30:37 CHB 1439232?1728923433 第 1 次 获取到号码【1439232】GSD
2024-10-15 00:30:37 未获取到号码【1439232】GSD，可能号码格式错误
2024-10-15 00:30:37 获取到号码【1439232】的GSD为【-】
2024-10-15 00:30:54 GSD insert 第 1 次 等待 3 秒
2024-10-15 00:30:57 {"status":"bad","gid":"690016","msg":"添加失败！号码【1439232(-|-)】已存在！"}
2024-10-15 00:30:57 随机等待 234 秒，约 3 分钟
2024-10-15 00:30:57 下次操作: 2024-10-15 00:34:51

2024-10-15 00:34:51 开始第 9239 次操作

2024-10-15 00:34:51 开始操作号码 【1439233】
2024-10-15 00:35:30 GSD getOne 第 1 次 等待 3 秒
2024-10-15 00:35:33 查询号码 【1439233】，返回信息 {"status":"ok","msg":"-","gid":"690004","time_insert":"2023-05-02 23:14"}
2024-10-15 00:35:33 查询号码 【1439233】，GSD为【"-"】
2024-10-15 00:35:33 ok && -
2024-10-15 00:35:34 CHB 1439233?1728923733 第 1 次 等待 3 秒
2024-10-15 00:35:37 CHB 1439233?1728923733 第 1 次 获取到号码【1439233】GSD
2024-10-15 00:35:37 未获取到号码【1439233】GSD，可能号码格式错误
2024-10-15 00:35:37 获取到号码【1439233】的GSD为【-】
2024-10-15 00:35:57 GSD insert 第 1 次 等待 3 秒
2024-10-15 00:36:00 {"status":"bad","gid":"690004","msg":"添加失败！号码【1439233(-|-)】已存在！"}
2024-10-15 00:36:00 随机等待 184 秒，约 3 分钟
2024-10-15 00:36:00 下次操作: 2024-10-15 00:39:04

2024-10-15 00:39:04 开始第 9240 次操作

2024-10-15 00:39:04 开始操作号码 【1439234】
2024-10-15 00:39:43 GSD getOne 第 1 次 等待 3 秒
2024-10-15 00:39:46 查询号码 【1439234】，返回信息 {"status":"ok","msg":"-","gid":"689988","time_insert":"2023-05-02 22:58"}
2024-10-15 00:39:46 查询号码 【1439234】，GSD为【"-"】
2024-10-15 00:39:46 ok && -
2024-10-15 00:39:48 CHB 1439234?1728923986 第 1 次 等待 3 秒
2024-10-15 00:39:51 CHB 1439234?1728923986 第 1 次 获取到号码【1439234】GSD
2024-10-15 00:39:51 未获取到号码【1439234】GSD，可能号码格式错误
2024-10-15 00:39:51 获取到号码【1439234】的GSD为【-】
2024-10-15 00:40:15 GSD insert 第 1 次 等待 3 秒
2024-10-15 00:40:18 {"status":"bad","gid":"689988","msg":"添加失败！号码【1439234(-|-)】已存在！"}

2024-10-15 00:47:32 开始第 9241 次操作

2024-10-15 00:47:32 开始操作号码 【1439235】
2024-10-15 00:47:47 GSD getOne 第 1 次 等待 3 秒
2024-10-15 00:47:50 查询号码 【1439235】，返回信息 {"status":"ok","msg":"-","gid":"689966","time_insert":"2023-05-02 22:35"}
2024-10-15 00:47:50 查询号码 【1439235】，GSD为【"-"】
2024-10-15 00:47:50 ok && -
2024-10-15 00:47:53 CHB 1439235?1728924470 第 1 次 等待 3 秒
2024-10-15 00:47:56 CHB 1439235?1728924470 第 1 次 获取到号码【1439235】GSD
2024-10-15 00:47:56 未获取到号码【1439235】GSD，可能号码格式错误
2024-10-15 00:47:56 获取到号码【1439235】的GSD为【-】
2024-10-15 00:48:14 GSD insert 第 1 次 等待 3 秒
2024-10-15 00:48:17 {"status":"bad","gid":"689966","msg":"添加失败！号码【1439235(-|-)】已存在！"}
2024-10-15 00:48:17 随机等待 209 秒，约 3 分钟
2024-10-15 00:48:17 下次操作: 2024-10-15 00:51:46

2024-10-15 00:51:46 开始第 9242 次操作

2024-10-15 00:51:46 开始操作号码 【1439236】
2024-10-15 00:52:13 GSD getOne 第 1 次 等待 3 秒
2024-10-15 00:52:16 查询号码 【1439236】，返回信息 {"status":"ok","msg":"-","gid":"689955","time_insert":"2023-05-02 22:20"}
2024-10-15 00:52:16 查询号码 【1439236】，GSD为【"-"】
2024-10-15 00:52:16 ok && -
2024-10-15 00:52:18 CHB 1439236?1728924736 第 1 次 等待 3 秒
2024-10-15 00:52:21 CHB 1439236?1728924736 第 1 次 获取到号码【1439236】GSD
2024-10-15 00:52:21 未获取到号码【1439236】GSD，可能号码格式错误
2024-10-15 00:52:21 获取到号码【1439236】的GSD为【-】
2024-10-15 00:52:39 GSD insert 第 1 次 等待 3 秒
2024-10-15 00:52:42 {"status":"bad","gid":"689955","msg":"添加失败！号码【1439236(-|-)】已存在！"}
2024-10-15 00:52:42 随机等待 191 秒，约 3 分钟
2024-10-15 00:52:42 下次操作: 2024-10-15 00:55:53

2024-10-15 00:55:53 开始第 9243 次操作

2024-10-15 00:55:53 开始操作号码 【1439237】
2024-10-15 00:56:07 GSD getOne 第 1 次 等待 3 秒
2024-10-15 00:56:10 查询号码 【1439237】，返回信息 {"status":"ok","msg":"-","gid":"689942","time_insert":"2023-05-02 22:08"}
2024-10-15 00:56:10 查询号码 【1439237】，GSD为【"-"】
2024-10-15 00:56:10 ok && -
2024-10-15 00:56:13 CHB 1439237?1728924970 第 1 次 等待 3 秒
2024-10-15 00:56:16 CHB 1439237?1728924970 第 1 次 获取到号码【1439237】GSD
2024-10-15 00:56:16 未获取到号码【1439237】GSD，可能号码格式错误
2024-10-15 00:56:16 获取到号码【1439237】的GSD为【-】
2024-10-15 00:56:18 GSD insert 第 1 次 等待 3 秒
2024-10-15 00:56:21 {"status":"bad","gid":"689942","msg":"添加失败！号码【1439237(-|-)】已存在！"}
2024-10-15 00:56:21 随机等待 157 秒，约 2 分钟
2024-10-15 00:56:21 下次操作: 2024-10-15 00:58:58

2024-10-15 00:58:58 开始第 9244 次操作

2024-10-15 00:58:58 开始操作号码 【1439238】
2024-10-15 00:59:16 GSD getOne 第 1 次 等待 3 秒
2024-10-15 00:59:19 查询号码 【1439238】，返回信息 {"status":"ok","msg":"-","gid":"689922","time_insert":"2023-05-02 21:48"}
2024-10-15 00:59:19 查询号码 【1439238】，GSD为【"-"】
2024-10-15 00:59:19 ok && -
2024-10-15 00:59:21 CHB 1439238?1728925159 第 1 次 等待 3 秒
2024-10-15 00:59:24 CHB 1439238?1728925159 第 1 次 获取到号码【1439238】GSD
2024-10-15 00:59:24 未获取到号码【1439238】GSD，可能号码格式错误
2024-10-15 00:59:24 获取到号码【1439238】的GSD为【-】
2024-10-15 00:59:41 GSD insert 第 1 次 等待 3 秒
2024-10-15 00:59:44 {"status":"bad","gid":"689922","msg":"添加失败！号码【1439238(-|-)】已存在！"}

