2024-10-16 00:28:35 开始第 9397 次操作

2024-10-16 00:28:35 开始操作号码 【1439390】
2024-10-16 00:28:38 GSD getOne 第 1 次 等待 3 秒
2024-10-16 00:28:41 查询号码 【1439390】，返回信息 {"status":"ok","msg":"-","gid":"688142","time_insert":"2023-05-01 07:26"}
2024-10-16 00:28:41 查询号码 【1439390】，GSD为【"-"】
2024-10-16 00:28:41 ok && -
2024-10-16 00:30:19 CHB 1439390?1729009721 第 1 次 等待 3 秒
2024-10-16 00:30:22 CHB 1439390?1729009721 第 1 次 获取到号码【1439390】GSD
2024-10-16 00:30:22 未获取到号码【1439390】GSD，可能号码格式错误
2024-10-16 00:30:22 获取到号码【1439390】的GSD为【-】
2024-10-16 00:30:25 GSD insert 第 1 次 等待 3 秒
2024-10-16 00:30:28 {"status":"bad","gid":"688142","msg":"添加失败！号码【1439390(-|-)】已存在！"}
2024-10-16 00:30:28 随机等待 189 秒，约 3 分钟
2024-10-16 00:30:28 下次操作: 2024-10-16 00:33:37

2024-10-16 00:33:37 开始第 9398 次操作

2024-10-16 00:33:37 开始操作号码 【1439391】
2024-10-16 00:33:38 GSD getOne 第 1 次 等待 3 秒
2024-10-16 00:33:41 查询号码 【1439391】，返回信息 {"status":"ok","msg":"-","gid":"688124","time_insert":"2023-05-01 07:02"}
2024-10-16 00:33:42 查询号码 【1439391】，GSD为【"-"】
2024-10-16 00:33:42 ok && -
2024-10-16 00:33:43 CHB 1439391?1729010022 第 1 次 等待 3 秒
2024-10-16 00:33:46 CHB 1439391?1729010022 第 1 次 获取到号码【1439391】GSD
2024-10-16 00:33:46 未获取到号码【1439391】GSD，可能号码格式错误
2024-10-16 00:33:46 获取到号码【1439391】的GSD为【-】
2024-10-16 00:33:49 GSD insert 第 1 次 等待 3 秒
2024-10-16 00:33:52 {"status":"bad","gid":"688124","msg":"添加失败！号码【1439391(-|-)】已存在！"}
2024-10-16 00:33:52 随机等待 209 秒，约 3 分钟
2024-10-16 00:33:52 下次操作: 2024-10-16 00:37:21

2024-10-16 00:37:21 开始第 9399 次操作

2024-10-16 00:37:21 开始操作号码 【1439392】
2024-10-16 00:37:23 GSD getOne 第 1 次 等待 3 秒
2024-10-16 00:37:26 查询号码 【1439392】，返回信息 {"status":"ok","msg":"-","gid":"688115","time_insert":"2023-05-01 06:54"}
2024-10-16 00:37:26 查询号码 【1439392】，GSD为【"-"】
2024-10-16 00:37:26 ok && -
2024-10-16 00:37:28 CHB 1439392?1729010246 第 1 次 等待 3 秒
2024-10-16 00:37:31 CHB 1439392?1729010246 第 1 次 获取到号码【1439392】GSD
2024-10-16 00:37:31 未获取到号码【1439392】GSD，可能号码格式错误
2024-10-16 00:37:31 获取到号码【1439392】的GSD为【-】
2024-10-16 00:37:48 GSD insert 第 1 次 等待 3 秒
2024-10-16 00:37:51 {"status":"bad","gid":"688115","msg":"添加失败！号码【1439392(-|-)】已存在！"}
2024-10-16 00:37:51 随机等待 140 秒，约 2 分钟
2024-10-16 00:37:51 下次操作: 2024-10-16 00:40:11

2024-10-16 00:40:11 开始第 9400 次操作

2024-10-16 00:40:11 开始操作号码 【1439393】
2024-10-16 00:40:14 GSD getOne 第 1 次 等待 3 秒
2024-10-16 00:40:17 查询号码 【1439393】，返回信息 {"status":"ok","msg":"-","gid":"688104","time_insert":"2023-05-01 06:40"}
2024-10-16 00:40:17 查询号码 【1439393】，GSD为【"-"】
2024-10-16 00:40:17 ok && -
2024-10-16 00:40:19 CHB 1439393?1729010417 第 1 次 等待 3 秒
2024-10-16 00:40:22 CHB 1439393?1729010417 第 1 次 获取到号码【1439393】GSD
2024-10-16 00:40:22 未获取到号码【1439393】GSD，可能号码格式错误
2024-10-16 00:40:22 获取到号码【1439393】的GSD为【-】
2024-10-16 00:40:24 GSD insert 第 1 次 等待 3 秒
2024-10-16 00:40:27 {"status":"bad","gid":"688104","msg":"添加失败！号码【1439393(-|-)】已存在！"}

