2021-07-21 00:00:17 开始第 5 次操作

2021-07-21 00:00:17 开始操作号码 【1807931】
2021-07-21 00:00:18 GSD getOne 第 1 次 等待 3 秒
2021-07-21 00:00:23 GSD getOne 第 2 次 等待 3 秒
2021-07-21 00:00:26 查询号码 【1807931】，返回信息 {"status":"bad","msg":""}
2021-07-21 00:00:26 查询号码 【1807931】，GSD为【""】
2021-07-21 00:00:26 bad
2021-07-21 00:00:28 CHB 1807931?1626796826 第 1 次 等待 3 秒
2021-07-21 00:00:31 CHB 1807931?1626796826 第 1 次 获取到号码【1807931】GSD
2021-07-21 00:00:31 获取到号码【1807931】的GSD为【江西-上饶】
2021-07-21 00:00:34 GSD insert 第 1 次 等待 3 秒
2021-07-21 00:00:37 {"status":"ok","gid":341255,"msg":"添加成功！"}
2021-07-21 00:00:37 下次操作: 2021-07-21 00:01:01

2021-07-21 00:01:01 开始第 6 次操作

2021-07-21 00:01:01 开始操作号码 【1807932】
2021-07-21 00:01:01 GSD getOne 第 1 次 等待 3 秒
2021-07-21 00:01:09 GSD getOne 第 2 次 等待 3 秒
2021-07-21 00:01:12 查询号码 【1807932】，返回信息 {"status":"bad","msg":""}
2021-07-21 00:01:12 查询号码 【1807932】，GSD为【""】
2021-07-21 00:01:12 bad
2021-07-21 00:01:29 CHB 1807932?1626796872 第 1 次 等待 3 秒
2021-07-21 00:01:32 CHB 1807932?1626796872 第 1 次 获取到号码【1807932】GSD
2021-07-21 00:01:32 获取到号码【1807932】的GSD为【江西-上饶】
2021-07-21 00:01:33 GSD insert 第 1 次 等待 3 秒
2021-07-21 00:01:39 GSD insert 第 2 次 等待 3 秒
2021-07-21 00:01:42 {"status":"ok","gid":341267,"msg":"添加成功！"}
2021-07-21 00:01:42 下次操作: 2021-07-21 00:02:04

2021-07-21 00:02:04 开始第 7 次操作

2021-07-21 00:02:04 开始操作号码 【1807933】
2021-07-21 00:02:04 GSD getOne 第 1 次 等待 3 秒
2021-07-21 00:02:10 GSD getOne 第 2 次 等待 3 秒
2021-07-21 00:02:13 查询号码 【1807933】，返回信息 {"status":"bad","msg":""}
2021-07-21 00:02:13 查询号码 【1807933】，GSD为【""】
2021-07-21 00:02:13 bad
2021-07-21 00:02:15 CHB 1807933?1626796933 第 1 次 等待 3 秒
2021-07-21 00:02:18 CHB 1807933?1626796933 第 1 次 获取到号码【1807933】GSD
2021-07-21 00:02:18 获取到号码【1807933】的GSD为【江西-上饶】
2021-07-21 00:02:20 GSD insert 第 1 次 等待 3 秒
2021-07-21 00:02:23 {"status":"ok","gid":341274,"msg":"添加成功！"}
2021-07-21 00:02:23 下次操作: 2021-07-21 00:02:42

2021-07-21 00:02:42 开始第 8 次操作

2021-07-21 00:02:42 开始操作号码 【1807934】
2021-07-21 00:02:43 GSD getOne 第 1 次 等待 3 秒
2021-07-21 00:02:48 GSD getOne 第 2 次 等待 3 秒
2021-07-21 00:02:51 查询号码 【1807934】，返回信息 {"status":"bad","msg":""}
2021-07-21 00:02:51 查询号码 【1807934】，GSD为【""】
2021-07-21 00:02:51 bad
2021-07-21 00:02:55 CHB 1807934?1626796971 第 1 次 等待 3 秒
2021-07-21 00:02:58 CHB 1807934?1626796971 第 1 次 获取到号码【1807934】GSD
2021-07-21 00:02:58 获取到号码【1807934】的GSD为【江西-上饶】
2021-07-21 00:02:58 GSD insert 第 1 次 等待 3 秒
2021-07-21 00:03:04 GSD insert 第 2 次 等待 3 秒
2021-07-21 00:03:07 {"status":"ok","gid":341279,"msg":"添加成功！"}
2021-07-21 00:03:07 下次操作: 2021-07-21 00:03:21

2021-07-21 00:03:21 开始第 9 次操作

2021-07-21 00:03:21 开始操作号码 【1807935】
2021-07-21 00:03:21 GSD getOne 第 1 次 等待 3 秒
2021-07-21 00:03:29 GSD getOne 第 2 次 等待 3 秒
2021-07-21 00:03:32 查询号码 【1807935】，返回信息 {"status":"bad","msg":""}
2021-07-21 00:03:32 查询号码 【1807935】，GSD为【""】
2021-07-21 00:03:32 bad
2021-07-21 00:03:34 CHB 1807935?1626797012 第 1 次 等待 3 秒
2021-07-21 00:03:37 CHB 1807935?1626797012 第 1 次 获取到号码【1807935】GSD
2021-07-21 00:03:37 获取到号码【1807935】的GSD为【江西-上饶】
2021-07-21 00:03:37 GSD insert 第 1 次 等待 3 秒
2021-07-21 00:03:43 GSD insert 第 2 次 等待 3 秒
2021-07-21 00:03:46 {"status":"ok","gid":341286,"msg":"添加成功！"}
2021-07-21 00:03:46 下次操作: 2021-07-21 00:04:02

2021-07-21 00:04:02 开始第 10 次操作

2021-07-21 00:04:02 开始操作号码 【1807936】
2021-07-21 00:04:02 GSD getOne 第 1 次 等待 3 秒
2021-07-21 00:04:07 GSD getOne 第 2 次 等待 3 秒
2021-07-21 00:04:10 查询号码 【1807936】，返回信息 {"status":"bad","msg":""}
2021-07-21 00:04:11 查询号码 【1807936】，GSD为【""】
2021-07-21 00:04:11 bad
2021-07-21 00:04:12 CHB 1807936?1626797051 第 1 次 等待 3 秒
2021-07-21 00:04:15 CHB 1807936?1626797051 第 1 次 获取到号码【1807936】GSD
2021-07-21 00:04:15 获取到号码【1807936】的GSD为【江西-上饶】
2021-07-21 00:04:18 GSD insert 第 1 次 等待 3 秒
2021-07-21 00:04:21 {"status":"ok","gid":341290,"msg":"添加成功！"}
2021-07-21 00:04:21 下次操作: 2021-07-21 00:04:39

2021-07-21 00:04:39 开始第 11 次操作

2021-07-21 00:04:39 开始操作号码 【1807937】
2021-07-21 00:04:39 GSD getOne 第 1 次 等待 3 秒
2021-07-21 00:04:46 GSD getOne 第 2 次 等待 3 秒
2021-07-21 00:04:49 查询号码 【1807937】，返回信息 {"status":"bad","msg":""}
2021-07-21 00:04:49 查询号码 【1807937】，GSD为【""】
2021-07-21 00:04:49 bad
2021-07-21 00:04:51 CHB 1807937?1626797089 第 1 次 等待 3 秒
2021-07-21 00:04:54 CHB 1807937?1626797089 第 1 次 获取到号码【1807937】GSD
2021-07-21 00:04:54 获取到号码【1807937】的GSD为【江西-上饶】
2021-07-21 00:04:56 GSD insert 第 1 次 等待 3 秒
2021-07-21 00:04:59 {"status":"ok","gid":341297,"msg":"添加成功！"}
2021-07-21 00:04:59 下次操作: 2021-07-21 00:05:13

2021-07-21 00:05:13 开始第 12 次操作

2021-07-21 00:05:13 开始操作号码 【1807938】
2021-07-21 00:05:14 GSD getOne 第 1 次 等待 3 秒
2021-07-21 00:05:20 GSD getOne 第 2 次 等待 3 秒
2021-07-21 00:05:23 查询号码 【1807938】，返回信息 {"status":"bad","msg":""}
2021-07-21 00:05:23 查询号码 【1807938】，GSD为【""】
2021-07-21 00:05:23 bad
2021-07-21 00:05:25 CHB 1807938?1626797123 第 1 次 等待 3 秒
2021-07-21 00:05:28 CHB 1807938?1626797123 第 1 次 获取到号码【1807938】GSD
2021-07-21 00:05:28 获取到号码【1807938】的GSD为【江西-上饶】
2021-07-21 00:05:30 GSD insert 第 1 次 等待 3 秒
2021-07-21 00:05:33 {"status":"ok","gid":341302,"msg":"添加成功！"}
2021-07-21 00:05:33 下次操作: 2021-07-21 00:05:57

2021-07-21 00:05:57 开始第 13 次操作

2021-07-21 00:05:57 开始操作号码 【1807939】
2021-07-21 00:05:58 GSD getOne 第 1 次 等待 3 秒
2021-07-21 00:06:04 GSD getOne 第 2 次 等待 3 秒
2021-07-21 00:06:07 查询号码 【1807939】，返回信息 {"status":"bad","msg":""}
2021-07-21 00:06:08 查询号码 【1807939】，GSD为【""】
2021-07-21 00:06:08 bad
2021-07-21 00:06:09 CHB 1807939?1626797168 第 1 次 等待 3 秒
2021-07-21 00:06:12 CHB 1807939?1626797168 第 1 次 获取到号码【1807939】GSD
2021-07-21 00:06:12 获取到号码【1807939】的GSD为【江西-上饶】
2021-07-21 00:06:21 GSD insert 第 1 次 等待 3 秒
2021-07-21 00:06:24 {"status":"ok","gid":341311,"msg":"添加成功！"}
2021-07-21 00:06:24 下次操作: 2021-07-21 00:06:48

2021-07-21 00:06:48 开始第 14 次操作

2021-07-21 00:06:48 开始操作号码 【1807940】
2021-07-21 00:06:49 GSD getOne 第 1 次 等待 3 秒
2021-07-21 00:06:54 GSD getOne 第 2 次 等待 3 秒
2021-07-21 00:06:57 查询号码 【1807940】，返回信息 {"status":"bad","msg":""}
2021-07-21 00:06:57 查询号码 【1807940】，GSD为【""】
2021-07-21 00:06:57 bad
2021-07-21 00:07:02 CHB 1807940?1626797217 第 1 次 等待 3 秒
2021-07-21 00:07:05 CHB 1807940?1626797217 第 1 次 获取到号码【1807940】GSD
2021-07-21 00:07:05 获取到号码【1807940】的GSD为【江西-抚州】
2021-07-21 00:07:05 GSD insert 第 1 次 等待 3 秒
2021-07-21 00:07:12 GSD insert 第 2 次 等待 3 秒
2021-07-21 00:07:16 {"status":"ok","gid":341322,"msg":"添加成功！"}
2021-07-21 00:07:16 下次操作: 2021-07-21 00:07:29

2021-07-21 00:07:29 开始第 15 次操作

2021-07-21 00:07:29 开始操作号码 【1807941】
2021-07-21 00:07:29 GSD getOne 第 1 次 等待 3 秒
2021-07-21 00:07:39 GSD getOne 第 2 次 等待 3 秒
2021-07-21 00:07:42 查询号码 【1807941】，返回信息 {"status":"bad","msg":""}
2021-07-21 00:07:42 查询号码 【1807941】，GSD为【""】
2021-07-21 00:07:42 bad
2021-07-21 00:07:44 CHB 1807941?1626797262 第 1 次 等待 3 秒
2021-07-21 00:07:47 CHB 1807941?1626797262 第 1 次 获取到号码【1807941】GSD
2021-07-21 00:07:47 获取到号码【1807941】的GSD为【江西-抚州】
2021-07-21 00:07:47 GSD insert 第 1 次 等待 3 秒
2021-07-21 00:07:57 GSD insert 第 2 次 等待 3 秒
2021-07-21 00:08:00 {"status":"ok","gid":341327,"msg":"添加成功！"}
2021-07-21 00:08:00 下次操作: 2021-07-21 00:08:24

2021-07-21 00:08:24 开始第 16 次操作

2021-07-21 00:08:24 开始操作号码 【1807942】
2021-07-21 00:08:25 GSD getOne 第 1 次 等待 3 秒
2021-07-21 00:08:30 GSD getOne 第 2 次 等待 3 秒
2021-07-21 00:08:33 查询号码 【1807942】，返回信息 {"status":"bad","msg":""}
2021-07-21 00:08:33 查询号码 【1807942】，GSD为【""】
2021-07-21 00:08:33 bad
2021-07-21 00:08:38 CHB 1807942?1626797314 第 1 次 等待 3 秒
2021-07-21 00:08:41 CHB 1807942?1626797314 第 1 次 获取到号码【1807942】GSD
2021-07-21 00:08:42 获取到号码【1807942】的GSD为【江西-抚州】
2021-07-21 00:08:42 GSD insert 第 1 次 等待 3 秒
2021-07-21 00:08:47 GSD insert 第 2 次 等待 3 秒
2021-07-21 00:08:50 {"status":"ok","gid":341336,"msg":"添加成功！"}
2021-07-21 00:08:50 下次操作: 2021-07-21 00:09:03

2021-07-21 00:09:03 开始第 17 次操作

2021-07-21 00:09:03 开始操作号码 【1807943】
2021-07-21 00:09:04 GSD getOne 第 1 次 等待 3 秒
2021-07-21 00:09:09 GSD getOne 第 2 次 等待 3 秒
2021-07-21 00:09:12 查询号码 【1807943】，返回信息 {"status":"bad","msg":""}
2021-07-21 00:09:12 查询号码 【1807943】，GSD为【""】
2021-07-21 00:09:12 bad
2021-07-21 00:09:14 CHB 1807943?1626797352 第 1 次 等待 3 秒
2021-07-21 00:09:17 CHB 1807943?1626797352 第 1 次 获取到号码【1807943】GSD
2021-07-21 00:09:17 获取到号码【1807943】的GSD为【江西-抚州】
2021-07-21 00:09:22 GSD insert 第 1 次 等待 3 秒
2021-07-21 00:09:25 {"status":"ok","gid":341343,"msg":"添加成功！"}
2021-07-21 00:09:25 下次操作: 2021-07-21 00:09:43

2021-07-21 00:09:43 开始第 18 次操作

2021-07-21 00:09:43 开始操作号码 【1807944】
2021-07-21 00:09:43 GSD getOne 第 1 次 等待 3 秒
2021-07-21 00:09:50 GSD getOne 第 2 次 等待 3 秒
2021-07-21 00:09:53 查询号码 【1807944】，返回信息 {"status":"bad","msg":""}
2021-07-21 00:09:53 查询号码 【1807944】，GSD为【""】
2021-07-21 00:09:53 bad
2021-07-21 00:09:55 CHB 1807944?1626797393 第 1 次 等待 3 秒
2021-07-21 00:09:58 CHB 1807944?1626797393 第 1 次 获取到号码【1807944】GSD
2021-07-21 00:09:58 获取到号码【1807944】的GSD为【江西-抚州】
2021-07-21 00:10:01 GSD insert 第 1 次 等待 3 秒
2021-07-21 00:10:04 {"status":"ok","gid":341350,"msg":"添加成功！"}
2021-07-21 00:10:04 下次操作: 2021-07-21 00:10:24

2021-07-21 00:10:24 开始第 19 次操作

2021-07-21 00:10:24 开始操作号码 【1807945】
2021-07-21 00:10:24 GSD getOne 第 1 次 等待 3 秒
2021-07-21 00:10:30 GSD getOne 第 2 次 等待 3 秒
2021-07-21 00:10:33 查询号码 【1807945】，返回信息 {"status":"bad","msg":""}
2021-07-21 00:10:33 查询号码 【1807945】，GSD为【""】
2021-07-21 00:10:33 bad
2021-07-21 00:10:38 CHB 1807945?1626797433 第 1 次 等待 3 秒
2021-07-21 00:10:41 CHB 1807945?1626797433 第 1 次 获取到号码【1807945】GSD
2021-07-21 00:10:41 获取到号码【1807945】的GSD为【江西-抚州】
2021-07-21 00:10:41 GSD insert 第 1 次 等待 3 秒
2021-07-21 00:10:47 GSD insert 第 2 次 等待 3 秒
2021-07-21 00:10:50 {"status":"ok","gid":341356,"msg":"添加成功！"}
2021-07-21 00:10:50 下次操作: 2021-07-21 00:11:10

2021-07-21 00:11:10 开始第 20 次操作

2021-07-21 00:11:10 开始操作号码 【1807946】
2021-07-21 00:11:10 GSD getOne 第 1 次 等待 3 秒
2021-07-21 00:11:19 GSD getOne 第 2 次 等待 3 秒
2021-07-21 00:11:22 查询号码 【1807946】，返回信息 {"status":"bad","msg":""}
2021-07-21 00:11:22 查询号码 【1807946】，GSD为【""】
2021-07-21 00:11:22 bad
2021-07-21 00:11:23 CHB 1807946?1626797482 第 1 次 等待 3 秒
2021-07-21 00:11:26 CHB 1807946?1626797482 第 1 次 获取到号码【1807946】GSD
2021-07-21 00:11:26 获取到号码【1807946】的GSD为【江西-抚州】
2021-07-21 00:11:27 GSD insert 第 1 次 等待 3 秒
2021-07-21 00:11:32 GSD insert 第 2 次 等待 3 秒
2021-07-21 00:11:35 {"status":"ok","gid":341364,"msg":"添加成功！"}
2021-07-21 00:11:35 下次操作: 2021-07-21 00:11:54

2021-07-21 00:11:54 开始第 21 次操作

2021-07-21 00:11:54 开始操作号码 【1807947】
2021-07-21 00:11:55 GSD getOne 第 1 次 等待 3 秒
2021-07-21 00:12:00 GSD getOne 第 2 次 等待 3 秒
2021-07-21 00:12:03 查询号码 【1807947】，返回信息 {"status":"bad","msg":""}
2021-07-21 00:12:03 查询号码 【1807947】，GSD为【""】
2021-07-21 00:12:03 bad
2021-07-21 00:12:06 CHB 1807947?1626797523 第 1 次 等待 3 秒
2021-07-21 00:12:09 CHB 1807947?1626797523 第 1 次 获取到号码【1807947】GSD
2021-07-21 00:12:09 获取到号码【1807947】的GSD为【江西-抚州】
2021-07-21 00:12:11 GSD insert 第 1 次 等待 3 秒
2021-07-21 00:12:14 {"status":"ok","gid":341369,"msg":"添加成功！"}
2021-07-21 00:12:15 下次操作: 2021-07-21 00:12:37

2021-07-21 00:12:38 开始第 22 次操作

2021-07-21 00:12:38 开始操作号码 【1807948】
2021-07-21 00:12:38 GSD getOne 第 1 次 等待 3 秒
2021-07-21 00:12:43 GSD getOne 第 2 次 等待 3 秒
2021-07-21 00:12:46 查询号码 【1807948】，返回信息 {"status":"bad","msg":""}
2021-07-21 00:12:47 查询号码 【1807948】，GSD为【""】
2021-07-21 00:12:47 bad
2021-07-21 00:12:49 CHB 1807948?1626797567 第 1 次 等待 3 秒
2021-07-21 00:12:52 CHB 1807948?1626797567 第 1 次 获取到号码【1807948】GSD
2021-07-21 00:12:52 获取到号码【1807948】的GSD为【江西-抚州】
2021-07-21 00:12:54 GSD insert 第 1 次 等待 3 秒
2021-07-21 00:12:57 {"status":"ok","gid":341377,"msg":"添加成功！"}
2021-07-21 00:12:57 下次操作: 2021-07-21 00:13:13

2021-07-21 00:13:13 开始第 23 次操作

2021-07-21 00:13:13 开始操作号码 【1807949】
2021-07-21 00:13:14 GSD getOne 第 1 次 等待 3 秒
2021-07-21 00:13:20 GSD getOne 第 2 次 等待 3 秒
2021-07-21 00:13:23 查询号码 【1807949】，返回信息 {"status":"bad","msg":""}
2021-07-21 00:13:23 查询号码 【1807949】，GSD为【""】
2021-07-21 00:13:23 bad
2021-07-21 00:13:24 CHB 1807949?1626797603 第 1 次 等待 3 秒
2021-07-21 00:13:27 CHB 1807949?1626797603 第 1 次 获取到号码【1807949】GSD
2021-07-21 00:13:28 获取到号码【1807949】的GSD为【江西-抚州】
2021-07-21 00:13:32 GSD insert 第 1 次 等待 3 秒
2021-07-21 00:13:35 {"status":"ok","gid":341385,"msg":"添加成功！"}
2021-07-21 00:13:35 下次操作: 2021-07-21 00:13:49

2021-07-21 00:13:49 开始第 24 次操作

2021-07-21 00:13:49 开始操作号码 【1807950】
2021-07-21 00:13:49 GSD getOne 第 1 次 等待 3 秒
2021-07-21 00:13:55 GSD getOne 第 2 次 等待 3 秒
2021-07-21 00:13:58 查询号码 【1807950】，返回信息 {"status":"bad","msg":""}
2021-07-21 00:13:58 查询号码 【1807950】，GSD为【""】
2021-07-21 00:13:58 bad
2021-07-21 00:13:59 CHB 1807950?1626797638 第 1 次 等待 3 秒
2021-07-21 00:14:02 CHB 1807950?1626797638 第 1 次 获取到号码【1807950】GSD
2021-07-21 00:14:02 获取到号码【1807950】的GSD为【江西-宜春】
2021-07-21 00:14:05 GSD insert 第 1 次 等待 3 秒
2021-07-21 00:14:08 {"status":"ok","gid":341389,"msg":"添加成功！"}
2021-07-21 00:14:08 下次操作: 2021-07-21 00:14:26

2021-07-21 00:14:26 开始第 25 次操作

2021-07-21 00:14:26 开始操作号码 【1807951】
2021-07-21 00:14:26 GSD getOne 第 1 次 等待 3 秒
2021-07-21 00:14:32 GSD getOne 第 2 次 等待 3 秒
2021-07-21 00:14:35 查询号码 【1807951】，返回信息 {"status":"bad","msg":""}
2021-07-21 00:14:35 查询号码 【1807951】，GSD为【""】
2021-07-21 00:14:36 bad
2021-07-21 00:14:37 CHB 1807951?1626797676 第 1 次 等待 3 秒
2021-07-21 00:14:40 CHB 1807951?1626797676 第 1 次 获取到号码【1807951】GSD
2021-07-21 00:14:40 获取到号码【1807951】的GSD为【江西-宜春】
2021-07-21 00:14:43 GSD insert 第 1 次 等待 3 秒
2021-07-21 00:14:46 {"status":"ok","gid":341395,"msg":"添加成功！"}
2021-07-21 00:14:46 下次操作: 2021-07-21 00:15:06

2021-07-21 00:15:06 开始第 26 次操作

2021-07-21 00:15:06 开始操作号码 【1807952】
2021-07-21 00:15:06 GSD getOne 第 1 次 等待 3 秒
2021-07-21 00:15:11 GSD getOne 第 2 次 等待 3 秒
2021-07-21 00:15:15 查询号码 【1807952】，返回信息 {"status":"bad","msg":""}
2021-07-21 00:15:15 查询号码 【1807952】，GSD为【""】
2021-07-21 00:15:15 bad
2021-07-21 00:15:18 CHB 1807952?1626797715 第 1 次 等待 3 秒
2021-07-21 00:15:21 CHB 1807952?1626797715 第 1 次 获取到号码【1807952】GSD
2021-07-21 00:15:21 获取到号码【1807952】的GSD为【江西-宜春】
2021-07-21 00:15:23 GSD insert 第 1 次 等待 3 秒
2021-07-21 00:15:26 {"status":"ok","gid":341401,"msg":"添加成功！"}
2021-07-21 00:15:26 下次操作: 2021-07-21 00:15:40

2021-07-21 00:15:40 开始第 27 次操作

2021-07-21 00:15:40 开始操作号码 【1807953】
2021-07-21 00:15:41 GSD getOne 第 1 次 等待 3 秒
2021-07-21 00:15:46 GSD getOne 第 2 次 等待 3 秒
2021-07-21 00:15:49 查询号码 【1807953】，返回信息 {"status":"bad","msg":""}
2021-07-21 00:15:49 查询号码 【1807953】，GSD为【""】
2021-07-21 00:15:49 bad
2021-07-21 00:15:51 CHB 1807953?1626797749 第 1 次 等待 3 秒
2021-07-21 00:15:54 CHB 1807953?1626797749 第 1 次 获取到号码【1807953】GSD
2021-07-21 00:15:54 获取到号码【1807953】的GSD为【江西-宜春】
2021-07-21 00:15:56 GSD insert 第 1 次 等待 3 秒
2021-07-21 00:15:59 {"status":"ok","gid":341406,"msg":"添加成功！"}
2021-07-21 00:15:59 下次操作: 2021-07-21 00:16:23

2021-07-21 00:16:23 开始第 28 次操作

2021-07-21 00:16:23 开始操作号码 【1807954】
2021-07-21 00:16:24 GSD getOne 第 1 次 等待 3 秒
2021-07-21 00:16:29 GSD getOne 第 2 次 等待 3 秒
2021-07-21 00:16:32 查询号码 【1807954】，返回信息 {"status":"bad","msg":""}
2021-07-21 00:16:32 查询号码 【1807954】，GSD为【""】
2021-07-21 00:16:32 bad
2021-07-21 00:16:34 CHB 1807954?1626797792 第 1 次 等待 3 秒
2021-07-21 00:16:37 CHB 1807954?1626797792 第 1 次 获取到号码【1807954】GSD
2021-07-21 00:16:37 获取到号码【1807954】的GSD为【江西-宜春】
2021-07-21 00:16:40 GSD insert 第 1 次 等待 3 秒
2021-07-21 00:16:43 {"status":"ok","gid":341414,"msg":"添加成功！"}
2021-07-21 00:16:43 下次操作: 2021-07-21 00:16:58

2021-07-21 00:16:58 开始第 29 次操作

2021-07-21 00:16:58 开始操作号码 【1807955】
2021-07-21 00:16:58 GSD getOne 第 1 次 等待 3 秒
2021-07-21 00:17:04 GSD getOne 第 2 次 等待 3 秒
2021-07-21 00:17:07 查询号码 【1807955】，返回信息 {"status":"bad","msg":""}
2021-07-21 00:17:07 查询号码 【1807955】，GSD为【""】
2021-07-21 00:17:07 bad
2021-07-21 00:17:09 CHB 1807955?1626797827 第 1 次 等待 3 秒
2021-07-21 00:17:12 CHB 1807955?1626797827 第 1 次 获取到号码【1807955】GSD
2021-07-21 00:17:12 获取到号码【1807955】的GSD为【江西-宜春】
2021-07-21 00:17:14 GSD insert 第 1 次 等待 3 秒
2021-07-21 00:17:17 {"status":"ok","gid":341418,"msg":"添加成功！"}
2021-07-21 00:17:17 下次操作: 2021-07-21 00:17:37

2021-07-21 00:17:37 开始第 30 次操作

2021-07-21 00:17:37 开始操作号码 【1807956】
2021-07-21 00:17:37 GSD getOne 第 1 次 等待 3 秒
2021-07-21 00:17:43 GSD getOne 第 2 次 等待 3 秒
2021-07-21 00:17:46 查询号码 【1807956】，返回信息 {"status":"bad","msg":""}
2021-07-21 00:17:46 查询号码 【1807956】，GSD为【""】
2021-07-21 00:17:46 bad
2021-07-21 00:17:49 CHB 1807956?1626797866 第 1 次 等待 3 秒
2021-07-21 00:17:52 CHB 1807956?1626797866 第 1 次 获取到号码【1807956】GSD
2021-07-21 00:17:52 获取到号码【1807956】的GSD为【江西-宜春】
2021-07-21 00:17:55 GSD insert 第 1 次 等待 3 秒
2021-07-21 00:17:58 {"status":"ok","gid":341423,"msg":"添加成功！"}
2021-07-21 00:17:58 下次操作: 2021-07-21 00:18:10

2021-07-21 00:18:10 开始第 31 次操作

2021-07-21 00:18:10 开始操作号码 【1807957】
2021-07-21 00:18:10 GSD getOne 第 1 次 等待 3 秒
2021-07-21 00:18:18 GSD getOne 第 2 次 等待 3 秒
2021-07-21 00:18:21 查询号码 【1807957】，返回信息 {"status":"bad","msg":""}
2021-07-21 00:18:21 查询号码 【1807957】，GSD为【""】
2021-07-21 00:18:21 bad
2021-07-21 00:18:23 CHB 1807957?1626797901 第 1 次 等待 3 秒
2021-07-21 00:18:26 CHB 1807957?1626797901 第 1 次 获取到号码【1807957】GSD
2021-07-21 00:18:26 获取到号码【1807957】的GSD为【江西-宜春】
2021-07-21 00:18:27 GSD insert 第 1 次 等待 3 秒
2021-07-21 00:18:35 GSD insert 第 2 次 等待 3 秒
2021-07-21 00:18:38 {"status":"ok","gid":341431,"msg":"添加成功！"}
2021-07-21 00:18:38 下次操作: 2021-07-21 00:18:54

2021-07-21 00:18:54 开始第 32 次操作

2021-07-21 00:18:54 开始操作号码 【1807958】
2021-07-21 00:18:54 GSD getOne 第 1 次 等待 3 秒
2021-07-21 00:19:05 GSD getOne 第 2 次 等待 3 秒
2021-07-21 00:19:08 查询号码 【1807958】，返回信息 {"status":"bad","msg":""}
2021-07-21 00:19:08 查询号码 【1807958】，GSD为【""】
2021-07-21 00:19:08 bad
2021-07-21 00:19:10 CHB 1807958?1626797948 第 1 次 等待 3 秒
2021-07-21 00:19:13 CHB 1807958?1626797948 第 1 次 获取到号码【1807958】GSD
2021-07-21 00:19:13 获取到号码【1807958】的GSD为【江西-宜春】
2021-07-21 00:19:13 GSD insert 第 1 次 等待 3 秒
2021-07-21 00:19:19 GSD insert 第 2 次 等待 3 秒
2021-07-21 00:19:22 {"status":"ok","gid":341436,"msg":"添加成功！"}
2021-07-21 00:19:22 下次操作: 2021-07-21 00:19:42

2021-07-21 00:19:42 开始第 33 次操作

2021-07-21 00:19:42 开始操作号码 【1807959】
2021-07-21 00:19:42 GSD getOne 第 1 次 等待 3 秒
2021-07-21 00:19:51 GSD getOne 第 2 次 等待 3 秒
2021-07-21 00:19:54 查询号码 【1807959】，返回信息 {"status":"bad","msg":""}
2021-07-21 00:19:54 查询号码 【1807959】，GSD为【""】
2021-07-21 00:19:54 bad
2021-07-21 00:19:57 CHB 1807959?1626797994 第 1 次 等待 3 秒
2021-07-21 00:20:00 CHB 1807959?1626797994 第 1 次 获取到号码【1807959】GSD
2021-07-21 00:20:00 获取到号码【1807959】的GSD为【江西-宜春】
2021-07-21 00:20:00 GSD insert 第 1 次 等待 3 秒
2021-07-21 00:20:06 GSD insert 第 2 次 等待 3 秒
2021-07-21 00:20:09 {"status":"ok","gid":341444,"msg":"添加成功！"}
2021-07-21 00:20:09 下次操作: 2021-07-21 00:20:31

2021-07-21 00:20:31 开始第 34 次操作

2021-07-21 00:20:31 开始操作号码 【1807960】
2021-07-21 00:20:31 GSD getOne 第 1 次 等待 3 秒
2021-07-21 00:20:37 GSD getOne 第 2 次 等待 3 秒
2021-07-21 00:20:40 查询号码 【1807960】，返回信息 {"status":"bad","msg":""}
2021-07-21 00:20:40 查询号码 【1807960】，GSD为【""】
2021-07-21 00:20:40 bad
2021-07-21 00:20:41 CHB 1807960?1626798040 第 1 次 等待 3 秒
2021-07-21 00:20:44 CHB 1807960?1626798040 第 1 次 获取到号码【1807960】GSD
2021-07-21 00:20:45 获取到号码【1807960】的GSD为【江西-吉安】
2021-07-21 00:20:47 GSD insert 第 1 次 等待 3 秒
2021-07-21 00:20:50 {"status":"ok","gid":341449,"msg":"添加成功！"}
2021-07-21 00:20:50 下次操作: 2021-07-21 00:21:11

2021-07-21 00:21:11 开始第 35 次操作

2021-07-21 00:21:11 开始操作号码 【1807961】
2021-07-21 00:21:12 GSD getOne 第 1 次 等待 3 秒
2021-07-21 00:21:20 GSD getOne 第 2 次 等待 3 秒
2021-07-21 00:21:23 查询号码 【1807961】，返回信息 {"status":"bad","msg":""}
2021-07-21 00:21:23 查询号码 【1807961】，GSD为【""】
2021-07-21 00:21:23 bad
2021-07-21 00:21:25 CHB 1807961?1626798083 第 1 次 等待 3 秒
2021-07-21 00:21:28 CHB 1807961?1626798083 第 1 次 获取到号码【1807961】GSD
2021-07-21 00:21:28 获取到号码【1807961】的GSD为【江西-吉安】
2021-07-21 00:21:29 GSD insert 第 1 次 等待 3 秒
2021-07-21 00:21:37 GSD insert 第 2 次 等待 3 秒
2021-07-21 00:21:40 {"status":"ok","gid":341454,"msg":"添加成功！"}
2021-07-21 00:21:40 下次操作: 2021-07-21 00:22:04

2021-07-21 00:22:04 开始第 36 次操作

2021-07-21 00:22:04 开始操作号码 【1807962】
2021-07-21 00:22:05 GSD getOne 第 1 次 等待 3 秒
2021-07-21 00:22:10 GSD getOne 第 2 次 等待 3 秒
2021-07-21 00:22:13 查询号码 【1807962】，返回信息 {"status":"bad","msg":""}
2021-07-21 00:22:13 查询号码 【1807962】，GSD为【""】
2021-07-21 00:22:13 bad
2021-07-21 00:22:16 CHB 1807962?1626798133 第 1 次 等待 3 秒
2021-07-21 00:22:19 CHB 1807962?1626798133 第 1 次 获取到号码【1807962】GSD
2021-07-21 00:22:19 获取到号码【1807962】的GSD为【江西-吉安】
2021-07-21 00:22:32 GSD insert 第 1 次 等待 3 秒
2021-07-21 00:22:35 {"status":"ok","gid":341461,"msg":"添加成功！"}
2021-07-21 00:22:35 下次操作: 2021-07-21 00:22:53

2021-07-21 00:22:53 开始第 37 次操作

2021-07-21 00:22:53 开始操作号码 【1807963】
2021-07-21 00:22:54 GSD getOne 第 1 次 等待 3 秒
2021-07-21 00:22:59 GSD getOne 第 2 次 等待 3 秒
2021-07-21 00:23:02 查询号码 【1807963】，返回信息 {"status":"bad","msg":""}
2021-07-21 00:23:02 查询号码 【1807963】，GSD为【""】
2021-07-21 00:23:02 bad
2021-07-21 00:23:04 CHB 1807963?1626798182 第 1 次 等待 3 秒
2021-07-21 00:23:07 CHB 1807963?1626798182 第 1 次 获取到号码【1807963】GSD
2021-07-21 00:23:07 获取到号码【1807963】的GSD为【江西-吉安】
2021-07-21 00:23:09 GSD insert 第 1 次 等待 3 秒
2021-07-21 00:23:12 {"status":"ok","gid":341465,"msg":"添加成功！"}
2021-07-21 00:23:12 下次操作: 2021-07-21 00:23:29

2021-07-21 00:23:29 开始第 38 次操作

2021-07-21 00:23:29 开始操作号码 【1807964】
2021-07-21 00:23:30 GSD getOne 第 1 次 等待 3 秒
2021-07-21 00:23:38 GSD getOne 第 2 次 等待 3 秒
2021-07-21 00:23:41 查询号码 【1807964】，返回信息 {"status":"bad","msg":""}
2021-07-21 00:23:41 查询号码 【1807964】，GSD为【""】
2021-07-21 00:23:41 bad
2021-07-21 00:23:43 CHB 1807964?1626798221 第 1 次 等待 3 秒
2021-07-21 00:23:46 CHB 1807964?1626798221 第 1 次 获取到号码【1807964】GSD
2021-07-21 00:23:47 获取到号码【1807964】的GSD为【江西-吉安】
2021-07-21 00:23:47 GSD insert 第 1 次 等待 3 秒
2021-07-21 00:23:52 GSD insert 第 2 次 等待 3 秒
2021-07-21 00:23:55 {"status":"ok","gid":341469,"msg":"添加成功！"}
2021-07-21 00:23:55 下次操作: 2021-07-21 00:24:18

2021-07-21 00:24:18 开始第 39 次操作

2021-07-21 00:24:18 开始操作号码 【1807965】
2021-07-21 00:24:19 GSD getOne 第 1 次 等待 3 秒
2021-07-21 00:24:28 GSD getOne 第 2 次 等待 3 秒
2021-07-21 00:24:31 查询号码 【1807965】，返回信息 {"status":"ok","msg":"江西-吉安","gid":"32434","time_insert":"2018-02-12 16:20","time_update":"2020-09-07 15:59"}
2021-07-21 00:24:31 查询号码 【1807965】，GSD为【"江西-吉安"】

2021-07-21 00:24:31 开始第 39 次操作

2021-07-21 00:24:31 开始操作号码 【1807966】
2021-07-21 00:24:39 GSD getOne 第 1 次 等待 3 秒
2021-07-21 00:24:42 查询号码 【1807966】，返回信息 {"status":"bad","msg":""}
2021-07-21 00:24:42 查询号码 【1807966】，GSD为【""】
2021-07-21 00:24:42 bad
2021-07-21 00:24:44 CHB 1807966?1626798282 第 1 次 等待 3 秒
2021-07-21 00:24:47 CHB 1807966?1626798282 第 1 次 获取到号码【1807966】GSD
2021-07-21 00:24:47 获取到号码【1807966】的GSD为【江西-吉安】
2021-07-21 00:24:48 GSD insert 第 1 次 等待 3 秒
2021-07-21 00:24:56 GSD insert 第 2 次 等待 3 秒
2021-07-21 00:24:59 {"status":"ok","gid":341476,"msg":"添加成功！"}
2021-07-21 00:24:59 下次操作: 2021-07-21 00:25:23

2021-07-21 00:25:23 开始第 40 次操作

2021-07-21 00:25:23 开始操作号码 【1807967】
2021-07-21 00:25:24 GSD getOne 第 1 次 等待 3 秒
2021-07-21 00:25:30 GSD getOne 第 2 次 等待 3 秒
2021-07-21 00:25:33 查询号码 【1807967】，返回信息 {"status":"bad","msg":""}
2021-07-21 00:25:33 查询号码 【1807967】，GSD为【""】
2021-07-21 00:25:33 bad
2021-07-21 00:25:38 CHB 1807967?1626798333 第 1 次 等待 3 秒
2021-07-21 00:25:41 CHB 1807967?1626798333 第 1 次 获取到号码【1807967】GSD
2021-07-21 00:25:41 获取到号码【1807967】的GSD为【江西-吉安】
2021-07-21 00:25:41 GSD insert 第 1 次 等待 3 秒
2021-07-21 00:25:47 GSD insert 第 2 次 等待 3 秒
2021-07-21 00:25:50 {"status":"ok","gid":341479,"msg":"添加成功！"}

