2024-10-13 00:26:57 开始第 8917 次操作

2024-10-13 00:26:57 开始操作号码 【1438911】
2024-10-13 00:27:09 GSD getOne 第 1 次 等待 3 秒
2024-10-13 00:27:12 查询号码 【1438911】，返回信息 {"status":"ok","msg":"-","gid":"694930","time_insert":"2023-05-06 16:04"}
2024-10-13 00:27:12 查询号码 【1438911】，GSD为【"-"】
2024-10-13 00:27:12 ok && -
2024-10-13 00:27:14 CHB 1438911?1728750432 第 1 次 等待 3 秒
2024-10-13 00:27:17 CHB 1438911?1728750432 第 1 次 获取到号码【1438911】GSD
2024-10-13 00:27:17 未获取到号码【1438911】GSD，可能号码格式错误
2024-10-13 00:27:17 获取到号码【1438911】的GSD为【-】
2024-10-13 00:27:29 GSD insert 第 1 次 等待 3 秒
2024-10-13 00:27:32 {"status":"bad","gid":"694930","msg":"添加失败！号码【1438911(-|-)】已存在！"}
2024-10-13 00:27:32 随机等待 184 秒，约 3 分钟
2024-10-13 00:27:32 下次操作: 2024-10-13 00:30:36

2024-10-13 00:30:36 开始第 8918 次操作

2024-10-13 00:30:36 开始操作号码 【1438912】
2024-10-13 00:30:39 GSD getOne 第 1 次 等待 3 秒
2024-10-13 00:30:42 查询号码 【1438912】，返回信息 {"status":"ok","msg":"-","gid":"694919","time_insert":"2023-05-06 15:52"}
2024-10-13 00:30:42 查询号码 【1438912】，GSD为【"-"】
2024-10-13 00:30:42 ok && -
2024-10-13 00:30:43 CHB 1438912?1728750642 第 1 次 等待 3 秒
2024-10-13 00:30:46 CHB 1438912?1728750642 第 1 次 获取到号码【1438912】GSD
2024-10-13 00:30:46 未获取到号码【1438912】GSD，可能号码格式错误
2024-10-13 00:30:46 获取到号码【1438912】的GSD为【-】
2024-10-13 00:30:49 GSD insert 第 1 次 等待 3 秒
2024-10-13 00:30:52 {"status":"bad","gid":"694919","msg":"添加失败！号码【1438912(-|-)】已存在！"}
2024-10-13 00:30:52 随机等待 139 秒，约 2 分钟
2024-10-13 00:30:52 下次操作: 2024-10-13 00:33:11

2024-10-13 00:33:11 开始第 8919 次操作

2024-10-13 00:33:11 开始操作号码 【1438913】
2024-10-13 00:33:13 GSD getOne 第 1 次 等待 3 秒
2024-10-13 00:33:16 查询号码 【1438913】，返回信息 {"status":"ok","msg":"-","gid":"694907","time_insert":"2023-05-06 15:38"}
2024-10-13 00:33:16 查询号码 【1438913】，GSD为【"-"】
2024-10-13 00:33:16 ok && -
2024-10-13 00:33:18 CHB 1438913?1728750796 第 1 次 等待 3 秒
2024-10-13 00:33:21 CHB 1438913?1728750796 第 1 次 获取到号码【1438913】GSD
2024-10-13 00:33:21 未获取到号码【1438913】GSD，可能号码格式错误
2024-10-13 00:33:21 获取到号码【1438913】的GSD为【-】
2024-10-13 00:33:29 GSD insert 第 1 次 等待 3 秒
2024-10-13 00:33:32 {"status":"bad","gid":"694907","msg":"添加失败！号码【1438913(-|-)】已存在！"}
2024-10-13 00:33:32 随机等待 163 秒，约 2 分钟
2024-10-13 00:33:32 下次操作: 2024-10-13 00:36:15

2024-10-13 00:36:15 开始第 8920 次操作

2024-10-13 00:36:15 开始操作号码 【1438914】
2024-10-13 00:36:20 GSD getOne 第 1 次 等待 3 秒
2024-10-13 00:36:23 查询号码 【1438914】，返回信息 {"status":"ok","msg":"-","gid":"694896","time_insert":"2023-05-06 15:30"}
2024-10-13 00:36:23 查询号码 【1438914】，GSD为【"-"】
2024-10-13 00:36:23 ok && -
2024-10-13 00:36:26 CHB 1438914?1728750983 第 1 次 等待 3 秒
2024-10-13 00:36:29 CHB 1438914?1728750983 第 1 次 获取到号码【1438914】GSD
2024-10-13 00:36:29 未获取到号码【1438914】GSD，可能号码格式错误
2024-10-13 00:36:29 获取到号码【1438914】的GSD为【-】
2024-10-13 00:36:31 GSD insert 第 1 次 等待 3 秒
2024-10-13 00:36:34 {"status":"bad","gid":"694896","msg":"添加失败！号码【1438914(-|-)】已存在！"}

