2024-04-26 00:10:13 开始第 5729 次操作

2024-04-26 00:10:13 开始操作号码 【1655630】
2024-04-26 00:10:25 GSD getOne 第 1 次 等待 3 秒
2024-04-26 00:10:28 查询号码 【1655630】，返回信息 {"status":"ok","msg":"四川-成都","gid":"284749","time_insert":"2021-07-15 15:11"}
2024-04-26 00:10:28 查询号码 【1655630】，GSD为【"四川-成都"】

2024-04-26 00:10:29 开始第 5730 次操作

2024-04-26 00:10:29 开始操作号码 【1655631】
2024-04-26 00:10:48 GSD getOne 第 1 次 等待 3 秒
2024-04-26 00:10:51 查询号码 【1655631】，返回信息 {"status":"ok","msg":"河南-许昌","gid":"284754","time_insert":"2021-07-15 15:11"}
2024-04-26 00:10:51 查询号码 【1655631】，GSD为【"河南-许昌"】

2024-04-26 00:10:52 开始第 5731 次操作

2024-04-26 00:10:52 开始操作号码 【1655632】
2024-04-26 00:10:57 GSD getOne 第 1 次 等待 3 秒
2024-04-26 00:11:00 查询号码 【1655632】，返回信息 {"status":"ok","msg":"山东-枣庄","gid":"284926","time_insert":"2021-07-15 15:37"}
2024-04-26 00:11:00 查询号码 【1655632】，GSD为【"山东-枣庄"】

2024-04-26 00:11:01 开始第 5732 次操作

2024-04-26 00:11:01 开始操作号码 【1655633】
2024-04-26 00:11:07 GSD getOne 第 1 次 等待 3 秒
2024-04-26 00:11:10 查询号码 【1655633】，返回信息 {"status":"ok","msg":"山东-日照","gid":"284931","time_insert":"2021-07-15 15:38"}
2024-04-26 00:11:10 查询号码 【1655633】，GSD为【"山东-日照"】

