2024-03-28 00:10:57 开始第 549 次操作

2024-03-28 00:10:57 开始操作号码 【1650450】
2024-03-28 00:11:04 GSD getOne 第 1 次 等待 3 秒
2024-03-28 00:11:07 查询号码 【1650450】，返回信息 {"status":"ok","msg":"黑龙江-哈尔滨","gid":"220174","time_insert":"2021-07-08 05:51","time_update":"2021-08-01 17:26"}
2024-03-28 00:11:07 查询号码 【1650450】，GSD为【"黑龙江-哈尔滨"】

2024-03-28 00:11:08 开始第 550 次操作

2024-03-28 00:11:08 开始操作号码 【1650451】
2024-03-28 00:11:13 GSD getOne 第 1 次 等待 3 秒
2024-03-28 00:11:16 查询号码 【1650451】，返回信息 {"status":"ok","msg":"黑龙江-哈尔滨","gid":"220180","time_insert":"2021-07-08 05:52"}
2024-03-28 00:11:16 查询号码 【1650451】，GSD为【"黑龙江-哈尔滨"】

2024-03-28 00:11:17 开始第 551 次操作

2024-03-28 00:11:17 开始操作号码 【1650452】
2024-03-28 00:11:25 GSD getOne 第 1 次 等待 3 秒
2024-03-28 00:11:28 查询号码 【1650452】，返回信息 {"status":"ok","msg":"黑龙江-齐齐哈尔","gid":"220185","time_insert":"2021-07-08 05:52"}
2024-03-28 00:11:28 查询号码 【1650452】，GSD为【"黑龙江-齐齐哈尔"】

2024-03-28 00:11:29 开始第 552 次操作

2024-03-28 00:11:29 开始操作号码 【1650453】
2024-03-28 00:11:34 GSD getOne 第 1 次 等待 3 秒
2024-03-28 00:11:37 查询号码 【1650453】，返回信息 {"status":"ok","msg":"黑龙江-牡丹江","gid":"220189","time_insert":"2021-07-08 05:52"}
2024-03-28 00:11:37 查询号码 【1650453】，GSD为【"黑龙江-牡丹江"】

2024-03-28 00:37:39 开始第 553 次操作

2024-03-28 00:37:39 开始操作号码 【1650454】
2024-03-28 00:37:51 GSD getOne 第 1 次 等待 3 秒
2024-03-28 00:37:54 查询号码 【1650454】，返回信息 {"status":"ok","msg":"黑龙江-佳木斯","gid":"220402","time_insert":"2021-07-08 06:40"}
2024-03-28 00:37:55 查询号码 【1650454】，GSD为【"黑龙江-佳木斯"】

2024-03-28 00:37:56 开始第 554 次操作

2024-03-28 00:37:56 开始操作号码 【1650455】
2024-03-28 00:38:04 GSD getOne 第 1 次 等待 3 秒
2024-03-28 00:38:07 查询号码 【1650455】，返回信息 {"status":"ok","msg":"黑龙江-绥化","gid":"220413","time_insert":"2021-07-08 06:41"}
2024-03-28 00:38:07 查询号码 【1650455】，GSD为【"黑龙江-绥化"】

2024-03-28 00:38:08 开始第 555 次操作

2024-03-28 00:38:08 开始操作号码 【1650456】
2024-03-28 00:38:15 GSD getOne 第 1 次 等待 3 秒
2024-03-28 00:38:18 查询号码 【1650456】，返回信息 {"status":"ok","msg":"黑龙江-黑河","gid":"220422","time_insert":"2021-07-08 06:42"}
2024-03-28 00:38:18 查询号码 【1650456】，GSD为【"黑龙江-黑河"】

2024-03-28 00:38:19 开始第 556 次操作

2024-03-28 00:38:19 开始操作号码 【1650457】
2024-03-28 00:38:24 GSD getOne 第 1 次 等待 3 秒
2024-03-28 00:38:27 查询号码 【1650457】，返回信息 {"status":"ok","msg":"黑龙江-大兴安岭","gid":"220438","time_insert":"2021-07-08 06:43"}
2024-03-28 00:38:27 查询号码 【1650457】，GSD为【"黑龙江-大兴安岭"】

