2024-03-19 00:10:20 开始第 9849 次操作

2024-03-19 00:10:20 开始操作号码 【1769749】
2024-03-19 00:10:25 GSD getOne 第 1 次 等待 3 秒
2024-03-19 00:10:28 查询号码 【1769749】，返回信息 {"status":"ok","msg":"青海-海东","gid":"140182","time_insert":"2021-06-27 15:48","time_update":"2021-06-30 17:41"}
2024-03-19 00:10:28 查询号码 【1769749】，GSD为【"青海-海东"】

2024-03-19 00:10:29 开始第 9850 次操作

2024-03-19 00:10:29 开始操作号码 【1769750】
2024-03-19 00:10:33 GSD getOne 第 1 次 等待 3 秒
2024-03-19 00:10:36 查询号码 【1769750】，返回信息 {"status":"ok","msg":"青海-海东","gid":"55301","time_insert":"2020-12-29 10:45"}
2024-03-19 00:10:36 查询号码 【1769750】，GSD为【"青海-海东"】

2024-03-19 00:10:37 开始第 9851 次操作

2024-03-19 00:10:37 开始操作号码 【1769751】
2024-03-19 00:10:43 GSD getOne 第 1 次 等待 3 秒
2024-03-19 00:10:46 查询号码 【1769751】，返回信息 {"status":"ok","msg":"青海-海东","gid":"140175","time_insert":"2021-06-27 15:47","time_update":"2021-06-30 17:40"}
2024-03-19 00:10:46 查询号码 【1769751】，GSD为【"青海-海东"】

2024-03-19 00:10:47 开始第 9852 次操作

2024-03-19 00:10:47 开始操作号码 【1769752】
2024-03-19 00:10:54 GSD getOne 第 1 次 等待 3 秒
2024-03-19 00:10:57 查询号码 【1769752】，返回信息 {"status":"ok","msg":"青海-海东","gid":"140170","time_insert":"2021-06-27 15:47","time_update":"2021-06-30 17:39"}
2024-03-19 00:10:57 查询号码 【1769752】，GSD为【"青海-海东"】

