2023-10-01 00:07:58 开始第 853 次操作

2023-10-01 00:07:58 开始操作号码 【1970852】
2023-10-01 00:08:02 GSD getOne 第 1 次 等待 3 秒
2023-10-01 00:08:05 查询号码 【1970852】，返回信息 {"status":"ok","msg":"贵州-遵义","gid":"540255","time_insert":"2023-02-19 12:57"}
2023-10-01 00:08:05 查询号码 【1970852】，GSD为【"贵州-遵义"】

2023-10-01 00:08:06 开始第 854 次操作

2023-10-01 00:08:06 开始操作号码 【1970853】
2023-10-01 00:08:09 GSD getOne 第 1 次 等待 3 秒
2023-10-01 00:08:12 查询号码 【1970853】，返回信息 {"status":"ok","msg":"贵州-安顺","gid":"540261","time_insert":"2023-02-19 13:00"}
2023-10-01 00:08:12 查询号码 【1970853】，GSD为【"贵州-安顺"】

2023-10-01 00:08:13 开始第 855 次操作

2023-10-01 00:08:13 开始操作号码 【1970854】
2023-10-01 00:08:15 GSD getOne 第 1 次 等待 3 秒
2023-10-01 00:08:18 查询号码 【1970854】，返回信息 {"status":"ok","msg":"贵州-黔南","gid":"540264","time_insert":"2023-02-19 13:02"}
2023-10-01 00:08:18 查询号码 【1970854】，GSD为【"贵州-黔南"】

2023-10-01 00:08:19 开始第 856 次操作

2023-10-01 00:08:19 开始操作号码 【1970855】
2023-10-01 00:08:20 GSD getOne 第 1 次 等待 3 秒
2023-10-01 00:08:23 查询号码 【1970855】，返回信息 {"status":"ok","msg":"贵州-黔东南","gid":"540268","time_insert":"2023-02-19 13:04"}
2023-10-01 00:08:23 查询号码 【1970855】，GSD为【"贵州-黔东南"】

