2024-10-18 00:29:35 开始第 9713 次操作

2024-10-18 00:29:35 开始操作号码 【1439706】
2024-10-18 00:29:36 GSD getOne 第 1 次 等待 3 秒
2024-10-18 00:29:39 查询号码 【1439706】，返回信息 {"status":"ok","msg":"-","gid":"680813","time_insert":"2023-04-27 16:16"}
2024-10-18 00:29:39 查询号码 【1439706】，GSD为【"-"】
2024-10-18 00:29:39 ok && -
2024-10-18 00:29:41 CHB 1439706?1729182579 第 1 次 等待 3 秒
2024-10-18 00:29:44 CHB 1439706?1729182579 第 1 次 获取到号码【1439706】GSD
2024-10-18 00:29:44 未获取到号码【1439706】GSD，可能号码格式错误
2024-10-18 00:29:44 获取到号码【1439706】的GSD为【-】
2024-10-18 00:29:46 GSD insert 第 1 次 等待 3 秒
2024-10-18 00:29:49 {"status":"bad","gid":"680813","msg":"添加失败！号码【1439706(-|-)】已存在！"}
2024-10-18 00:29:49 随机等待 230 秒，约 3 分钟
2024-10-18 00:29:49 下次操作: 2024-10-18 00:33:39

2024-10-18 00:33:39 开始第 9714 次操作

2024-10-18 00:33:39 开始操作号码 【1439707】
2024-10-18 00:33:40 GSD getOne 第 1 次 等待 3 秒
2024-10-18 00:33:43 查询号码 【1439707】，返回信息 {"status":"ok","msg":"-","gid":"680782","time_insert":"2023-04-27 15:54"}
2024-10-18 00:33:43 查询号码 【1439707】，GSD为【"-"】
2024-10-18 00:33:43 ok && -
2024-10-18 00:33:45 CHB 1439707?1729182823 第 1 次 等待 3 秒
2024-10-18 00:33:48 CHB 1439707?1729182823 第 1 次 获取到号码【1439707】GSD
2024-10-18 00:33:48 未获取到号码【1439707】GSD，可能号码格式错误
2024-10-18 00:33:48 获取到号码【1439707】的GSD为【-】
2024-10-18 00:33:49 GSD insert 第 1 次 等待 3 秒
2024-10-18 00:33:52 {"status":"bad","gid":"680782","msg":"添加失败！号码【1439707(-|-)】已存在！"}
2024-10-18 00:33:52 随机等待 116 秒，约 1 分钟
2024-10-18 00:33:52 下次操作: 2024-10-18 00:35:48

2024-10-18 00:35:48 开始第 9715 次操作

2024-10-18 00:35:48 开始操作号码 【1439708】
2024-10-18 00:35:49 GSD getOne 第 1 次 等待 3 秒
2024-10-18 00:35:52 查询号码 【1439708】，返回信息 {"status":"ok","msg":"-","gid":"680757","time_insert":"2023-04-27 15:36"}
2024-10-18 00:35:52 查询号码 【1439708】，GSD为【"-"】
2024-10-18 00:35:52 ok && -
2024-10-18 00:35:54 CHB 1439708?1729182952 第 1 次 等待 3 秒
2024-10-18 00:35:57 CHB 1439708?1729182952 第 1 次 获取到号码【1439708】GSD
2024-10-18 00:35:57 未获取到号码【1439708】GSD，可能号码格式错误
2024-10-18 00:35:57 获取到号码【1439708】的GSD为【-】
2024-10-18 00:35:58 GSD insert 第 1 次 等待 3 秒
2024-10-18 00:36:01 {"status":"bad","gid":"680757","msg":"添加失败！号码【1439708(-|-)】已存在！"}
2024-10-18 00:36:01 随机等待 230 秒，约 3 分钟
2024-10-18 00:36:01 下次操作: 2024-10-18 00:39:51

2024-10-18 00:39:51 开始第 9716 次操作

2024-10-18 00:39:51 开始操作号码 【1439709】
2024-10-18 00:39:52 GSD getOne 第 1 次 等待 3 秒
2024-10-18 00:39:55 查询号码 【1439709】，返回信息 {"status":"ok","msg":"-","gid":"680726","time_insert":"2023-04-27 15:19"}
2024-10-18 00:39:55 查询号码 【1439709】，GSD为【"-"】
2024-10-18 00:39:55 ok && -
2024-10-18 00:39:57 CHB 1439709?1729183195 第 1 次 等待 3 秒
2024-10-18 00:40:00 CHB 1439709?1729183195 第 1 次 获取到号码【1439709】GSD
2024-10-18 00:40:00 未获取到号码【1439709】GSD，可能号码格式错误
2024-10-18 00:40:00 获取到号码【1439709】的GSD为【-】
2024-10-18 00:40:01 GSD insert 第 1 次 等待 3 秒
2024-10-18 00:40:04 {"status":"bad","gid":"680726","msg":"添加失败！号码【1439709(-|-)】已存在！"}

