2021-07-23 00:00:23 开始第 14 次操作

2021-07-23 00:00:23 开始操作号码 【1499666】
2021-07-23 00:00:27 GSD getOne 第 1 次 等待 3 秒
2021-07-23 00:00:30 查询号码 【1499666】，返回信息 {"status":"bad","msg":""}
2021-07-23 00:00:30 查询号码 【1499666】，GSD为【""】
2021-07-23 00:00:30 bad
2021-07-23 00:00:31 CHB 1499666?1626969630 第 1 次 等待 3 秒
2021-07-23 00:00:34 CHB 1499666?1626969630 第 1 次 获取到号码【1499666】GSD
2021-07-23 00:00:34 未获取到号码【1499666】GSD，可能号码格式错误
2021-07-23 00:00:34 获取到号码【1499666】的GSD为【-】
2021-07-23 00:00:55 GSD insert 第 1 次 等待 3 秒
2021-07-23 00:00:58 {"status":"ok","gid":360193,"msg":"添加成功！"}
2021-07-23 00:00:58 下次操作: 2021-07-23 00:01:19

2021-07-23 00:01:19 开始第 15 次操作

2021-07-23 00:01:19 开始操作号码 【1499665】
2021-07-23 00:01:25 GSD getOne 第 1 次 等待 3 秒
2021-07-23 00:01:28 查询号码 【1499665】，返回信息 {"status":"bad","msg":""}
2021-07-23 00:01:28 查询号码 【1499665】，GSD为【""】
2021-07-23 00:01:28 bad
2021-07-23 00:01:30 CHB 1499665?1626969688 第 1 次 等待 3 秒
2021-07-23 00:01:33 CHB 1499665?1626969688 第 1 次 获取到号码【1499665】GSD
2021-07-23 00:01:33 未获取到号码【1499665】GSD，可能号码格式错误
2021-07-23 00:01:33 获取到号码【1499665】的GSD为【-】
2021-07-23 00:01:55 GSD insert 第 1 次 等待 3 秒
2021-07-23 00:01:58 {"status":"ok","gid":360207,"msg":"添加成功！"}
2021-07-23 00:01:58 下次操作: 2021-07-23 00:02:14

2021-07-23 00:02:14 开始第 16 次操作

2021-07-23 00:02:14 开始操作号码 【1499664】
2021-07-23 00:02:19 GSD getOne 第 1 次 等待 3 秒
2021-07-23 00:02:22 查询号码 【1499664】，返回信息 {"status":"bad","msg":""}
2021-07-23 00:02:22 查询号码 【1499664】，GSD为【""】
2021-07-23 00:02:22 bad
2021-07-23 00:02:24 CHB 1499664?1626969742 第 1 次 等待 3 秒
2021-07-23 00:02:27 CHB 1499664?1626969742 第 1 次 获取到号码【1499664】GSD
2021-07-23 00:02:27 未获取到号码【1499664】GSD，可能号码格式错误
2021-07-23 00:02:27 获取到号码【1499664】的GSD为【-】
2021-07-23 00:02:45 GSD insert 第 1 次 等待 3 秒
2021-07-23 00:02:48 {"status":"ok","gid":360217,"msg":"添加成功！"}
2021-07-23 00:02:48 下次操作: 2021-07-23 00:03:09

2021-07-23 00:03:09 开始第 17 次操作

2021-07-23 00:03:09 开始操作号码 【1499663】
2021-07-23 00:03:12 GSD getOne 第 1 次 等待 3 秒
2021-07-23 00:03:15 查询号码 【1499663】，返回信息 {"status":"bad","msg":""}
2021-07-23 00:03:15 查询号码 【1499663】，GSD为【""】
2021-07-23 00:03:15 bad
2021-07-23 00:03:17 CHB 1499663?1626969795 第 1 次 等待 3 秒
2021-07-23 00:03:20 CHB 1499663?1626969795 第 1 次 获取到号码【1499663】GSD
2021-07-23 00:03:20 未获取到号码【1499663】GSD，可能号码格式错误
2021-07-23 00:03:20 获取到号码【1499663】的GSD为【-】
2021-07-23 00:03:38 GSD insert 第 1 次 等待 3 秒
2021-07-23 00:03:41 {"status":"ok","gid":360232,"msg":"添加成功！"}
2021-07-23 00:03:41 下次操作: 2021-07-23 00:03:54

2021-07-23 00:03:54 开始第 18 次操作

2021-07-23 00:03:54 开始操作号码 【1499662】
2021-07-23 00:04:01 GSD getOne 第 1 次 等待 3 秒
2021-07-23 00:04:04 查询号码 【1499662】，返回信息 {"status":"bad","msg":""}
2021-07-23 00:04:04 查询号码 【1499662】，GSD为【""】
2021-07-23 00:04:04 bad
2021-07-23 00:04:06 CHB 1499662?1626969844 第 1 次 等待 3 秒
2021-07-23 00:04:09 CHB 1499662?1626969844 第 1 次 获取到号码【1499662】GSD
2021-07-23 00:04:09 未获取到号码【1499662】GSD，可能号码格式错误
2021-07-23 00:04:09 获取到号码【1499662】的GSD为【-】
2021-07-23 00:04:27 GSD insert 第 1 次 等待 3 秒
2021-07-23 00:04:30 {"status":"ok","gid":360238,"msg":"添加成功！"}
2021-07-23 00:04:30 下次操作: 2021-07-23 00:04:48

2021-07-23 00:04:48 开始第 19 次操作

2021-07-23 00:04:48 开始操作号码 【1499661】
2021-07-23 00:04:51 GSD getOne 第 1 次 等待 3 秒
2021-07-23 00:04:54 查询号码 【1499661】，返回信息 {"status":"bad","msg":""}
2021-07-23 00:04:54 查询号码 【1499661】，GSD为【""】
2021-07-23 00:04:54 bad
2021-07-23 00:04:56 CHB 1499661?1626969894 第 1 次 等待 3 秒
2021-07-23 00:04:59 CHB 1499661?1626969894 第 1 次 获取到号码【1499661】GSD
2021-07-23 00:04:59 未获取到号码【1499661】GSD，可能号码格式错误
2021-07-23 00:04:59 获取到号码【1499661】的GSD为【-】
2021-07-23 00:05:18 GSD insert 第 1 次 等待 3 秒
2021-07-23 00:05:21 {"status":"ok","gid":360250,"msg":"添加成功！"}
2021-07-23 00:05:21 下次操作: 2021-07-23 00:05:38

2021-07-23 00:05:38 开始第 20 次操作

2021-07-23 00:05:38 开始操作号码 【1499660】
2021-07-23 00:05:41 GSD getOne 第 1 次 等待 3 秒
2021-07-23 00:05:44 查询号码 【1499660】，返回信息 {"status":"bad","msg":""}
2021-07-23 00:05:44 查询号码 【1499660】，GSD为【""】
2021-07-23 00:05:44 bad
2021-07-23 00:05:46 CHB 1499660?1626969944 第 1 次 等待 3 秒
2021-07-23 00:05:49 CHB 1499660?1626969944 第 1 次 获取到号码【1499660】GSD
2021-07-23 00:05:49 未获取到号码【1499660】GSD，可能号码格式错误
2021-07-23 00:05:49 获取到号码【1499660】的GSD为【-】
2021-07-23 00:06:07 GSD insert 第 1 次 等待 3 秒
2021-07-23 00:06:10 {"status":"ok","gid":360261,"msg":"添加成功！"}
2021-07-23 00:06:10 下次操作: 2021-07-23 00:06:27

2021-07-23 00:06:27 开始第 21 次操作

2021-07-23 00:06:27 开始操作号码 【1499659】
2021-07-23 00:06:30 GSD getOne 第 1 次 等待 3 秒
2021-07-23 00:06:33 查询号码 【1499659】，返回信息 {"status":"bad","msg":""}
2021-07-23 00:06:33 查询号码 【1499659】，GSD为【""】
2021-07-23 00:06:33 bad
2021-07-23 00:06:35 CHB 1499659?1626969993 第 1 次 等待 3 秒
2021-07-23 00:06:38 CHB 1499659?1626969993 第 1 次 获取到号码【1499659】GSD
2021-07-23 00:06:38 未获取到号码【1499659】GSD，可能号码格式错误
2021-07-23 00:06:38 获取到号码【1499659】的GSD为【-】
2021-07-23 00:06:58 GSD insert 第 1 次 等待 3 秒
2021-07-23 00:07:01 {"status":"ok","gid":360273,"msg":"添加成功！"}
2021-07-23 00:07:01 下次操作: 2021-07-23 00:07:21

2021-07-23 00:07:21 开始第 22 次操作

2021-07-23 00:07:21 开始操作号码 【1499658】
2021-07-23 00:07:24 GSD getOne 第 1 次 等待 3 秒
2021-07-23 00:07:27 查询号码 【1499658】，返回信息 {"status":"bad","msg":""}
2021-07-23 00:07:27 查询号码 【1499658】，GSD为【""】
2021-07-23 00:07:27 bad
2021-07-23 00:07:29 CHB 1499658?1626970047 第 1 次 等待 3 秒
2021-07-23 00:07:32 CHB 1499658?1626970047 第 1 次 获取到号码【1499658】GSD
2021-07-23 00:07:32 未获取到号码【1499658】GSD，可能号码格式错误
2021-07-23 00:07:32 获取到号码【1499658】的GSD为【-】
2021-07-23 00:07:50 GSD insert 第 1 次 等待 3 秒
2021-07-23 00:07:53 {"status":"ok","gid":360283,"msg":"添加成功！"}
2021-07-23 00:07:53 下次操作: 2021-07-23 00:08:13

2021-07-23 00:08:13 开始第 23 次操作

2021-07-23 00:08:13 开始操作号码 【1499657】
2021-07-23 00:08:16 GSD getOne 第 1 次 等待 3 秒
2021-07-23 00:08:19 查询号码 【1499657】，返回信息 {"status":"bad","msg":""}
2021-07-23 00:08:20 查询号码 【1499657】，GSD为【""】
2021-07-23 00:08:20 bad
2021-07-23 00:08:21 CHB 1499657?1626970100 第 1 次 等待 3 秒
2021-07-23 00:08:24 CHB 1499657?1626970100 第 1 次 获取到号码【1499657】GSD
2021-07-23 00:08:24 未获取到号码【1499657】GSD，可能号码格式错误
2021-07-23 00:08:24 获取到号码【1499657】的GSD为【-】
2021-07-23 00:08:44 GSD insert 第 1 次 等待 3 秒
2021-07-23 00:08:47 {"status":"ok","gid":360296,"msg":"添加成功！"}
2021-07-23 00:08:47 下次操作: 2021-07-23 00:09:08

2021-07-23 00:09:08 开始第 24 次操作

2021-07-23 00:09:08 开始操作号码 【1499656】
2021-07-23 00:09:11 GSD getOne 第 1 次 等待 3 秒
2021-07-23 00:09:14 查询号码 【1499656】，返回信息 {"status":"bad","msg":""}
2021-07-23 00:09:14 查询号码 【1499656】，GSD为【""】
2021-07-23 00:09:14 bad
2021-07-23 00:09:16 CHB 1499656?1626970154 第 1 次 等待 3 秒
2021-07-23 00:09:19 CHB 1499656?1626970154 第 1 次 获取到号码【1499656】GSD
2021-07-23 00:09:19 未获取到号码【1499656】GSD，可能号码格式错误
2021-07-23 00:09:19 获取到号码【1499656】的GSD为【-】
2021-07-23 00:09:37 GSD insert 第 1 次 等待 3 秒
2021-07-23 00:09:40 {"status":"ok","gid":360307,"msg":"添加成功！"}
2021-07-23 00:09:40 下次操作: 2021-07-23 00:10:01

2021-07-23 00:10:01 开始第 25 次操作

2021-07-23 00:10:01 开始操作号码 【1499655】
2021-07-23 00:10:06 GSD getOne 第 1 次 等待 3 秒
2021-07-23 00:10:09 查询号码 【1499655】，返回信息 {"status":"bad","msg":""}
2021-07-23 00:10:09 查询号码 【1499655】，GSD为【""】
2021-07-23 00:10:09 bad
2021-07-23 00:10:11 CHB 1499655?1626970209 第 1 次 等待 3 秒
2021-07-23 00:10:14 CHB 1499655?1626970209 第 1 次 获取到号码【1499655】GSD
2021-07-23 00:10:14 未获取到号码【1499655】GSD，可能号码格式错误
2021-07-23 00:10:14 获取到号码【1499655】的GSD为【-】
2021-07-23 00:10:32 GSD insert 第 1 次 等待 3 秒
2021-07-23 00:10:35 {"status":"ok","gid":360320,"msg":"添加成功！"}
2021-07-23 00:10:35 下次操作: 2021-07-23 00:10:55

2021-07-23 00:10:55 开始第 26 次操作

2021-07-23 00:10:55 开始操作号码 【1499654】
2021-07-23 00:11:13 GSD getOne 第 1 次 等待 3 秒
2021-07-23 00:11:16 查询号码 【1499654】，返回信息 {"status":"bad","msg":""}
2021-07-23 00:11:17 查询号码 【1499654】，GSD为【""】
2021-07-23 00:11:17 bad
2021-07-23 00:11:18 CHB 1499654?1626970277 第 1 次 等待 3 秒
2021-07-23 00:11:21 CHB 1499654?1626970277 第 1 次 获取到号码【1499654】GSD
2021-07-23 00:11:21 未获取到号码【1499654】GSD，可能号码格式错误
2021-07-23 00:11:21 获取到号码【1499654】的GSD为【-】
2021-07-23 00:11:41 GSD insert 第 1 次 等待 3 秒
2021-07-23 00:11:44 {"status":"ok","gid":360333,"msg":"添加成功！"}
2021-07-23 00:11:44 下次操作: 2021-07-23 00:12:06

2021-07-23 00:12:06 开始第 27 次操作

2021-07-23 00:12:06 开始操作号码 【1499653】
2021-07-23 00:12:09 GSD getOne 第 1 次 等待 3 秒
2021-07-23 00:12:12 查询号码 【1499653】，返回信息 {"status":"bad","msg":""}
2021-07-23 00:12:13 查询号码 【1499653】，GSD为【""】
2021-07-23 00:12:13 bad
2021-07-23 00:12:14 CHB 1499653?1626970333 第 1 次 等待 3 秒
2021-07-23 00:12:17 CHB 1499653?1626970333 第 1 次 获取到号码【1499653】GSD
2021-07-23 00:12:17 未获取到号码【1499653】GSD，可能号码格式错误
2021-07-23 00:12:17 获取到号码【1499653】的GSD为【-】
2021-07-23 00:12:36 GSD insert 第 1 次 等待 3 秒
2021-07-23 00:12:39 {"status":"ok","gid":360346,"msg":"添加成功！"}
2021-07-23 00:12:39 下次操作: 2021-07-23 00:12:54

2021-07-23 00:12:54 开始第 28 次操作

2021-07-23 00:12:54 开始操作号码 【1499652】
2021-07-23 00:12:59 GSD getOne 第 1 次 等待 3 秒
2021-07-23 00:13:02 查询号码 【1499652】，返回信息 {"status":"bad","msg":""}
2021-07-23 00:13:03 查询号码 【1499652】，GSD为【""】
2021-07-23 00:13:03 bad
2021-07-23 00:13:04 CHB 1499652?1626970383 第 1 次 等待 3 秒
2021-07-23 00:13:07 CHB 1499652?1626970383 第 1 次 获取到号码【1499652】GSD
2021-07-23 00:13:07 未获取到号码【1499652】GSD，可能号码格式错误
2021-07-23 00:13:07 获取到号码【1499652】的GSD为【-】
2021-07-23 00:13:25 GSD insert 第 1 次 等待 3 秒
2021-07-23 00:13:28 {"status":"ok","gid":360354,"msg":"添加成功！"}
2021-07-23 00:13:28 下次操作: 2021-07-23 00:13:50

2021-07-23 00:13:50 开始第 29 次操作

2021-07-23 00:13:50 开始操作号码 【1499651】
2021-07-23 00:13:53 GSD getOne 第 1 次 等待 3 秒
2021-07-23 00:13:56 查询号码 【1499651】，返回信息 {"status":"bad","msg":""}
2021-07-23 00:13:56 查询号码 【1499651】，GSD为【""】
2021-07-23 00:13:56 bad
2021-07-23 00:13:58 CHB 1499651?1626970436 第 1 次 等待 3 秒
2021-07-23 00:14:01 CHB 1499651?1626970436 第 1 次 获取到号码【1499651】GSD
2021-07-23 00:14:01 未获取到号码【1499651】GSD，可能号码格式错误
2021-07-23 00:14:01 获取到号码【1499651】的GSD为【-】
2021-07-23 00:14:21 GSD insert 第 1 次 等待 3 秒
2021-07-23 00:14:24 {"status":"ok","gid":360361,"msg":"添加成功！"}
2021-07-23 00:14:24 下次操作: 2021-07-23 00:14:40

2021-07-23 00:14:40 开始第 30 次操作

2021-07-23 00:14:40 开始操作号码 【1499650】
2021-07-23 00:14:44 GSD getOne 第 1 次 等待 3 秒
2021-07-23 00:14:47 查询号码 【1499650】，返回信息 {"status":"bad","msg":""}
2021-07-23 00:14:47 查询号码 【1499650】，GSD为【""】
2021-07-23 00:14:47 bad
2021-07-23 00:14:49 CHB 1499650?1626970487 第 1 次 等待 3 秒
2021-07-23 00:14:52 CHB 1499650?1626970487 第 1 次 获取到号码【1499650】GSD
2021-07-23 00:14:52 未获取到号码【1499650】GSD，可能号码格式错误
2021-07-23 00:14:52 获取到号码【1499650】的GSD为【-】
2021-07-23 00:15:17 GSD insert 第 1 次 等待 3 秒
2021-07-23 00:15:20 {"status":"ok","gid":360367,"msg":"添加成功！"}
2021-07-23 00:15:20 下次操作: 2021-07-23 00:15:35

2021-07-23 00:15:35 开始第 31 次操作

2021-07-23 00:15:35 开始操作号码 【1499649】
2021-07-23 00:15:37 GSD getOne 第 1 次 等待 3 秒
2021-07-23 00:15:40 查询号码 【1499649】，返回信息 {"status":"bad","msg":""}
2021-07-23 00:15:41 查询号码 【1499649】，GSD为【""】
2021-07-23 00:15:41 bad
2021-07-23 00:15:43 CHB 1499649?1626970541 第 1 次 等待 3 秒
2021-07-23 00:15:46 CHB 1499649?1626970541 第 1 次 获取到号码【1499649】GSD
2021-07-23 00:15:46 未获取到号码【1499649】GSD，可能号码格式错误
2021-07-23 00:15:46 获取到号码【1499649】的GSD为【-】
2021-07-23 00:15:56 GSD insert 第 1 次 等待 3 秒
2021-07-23 00:15:59 {"status":"ok","gid":360375,"msg":"添加成功！"}
2021-07-23 00:15:59 下次操作: 2021-07-23 00:16:18

2021-07-23 00:16:18 开始第 32 次操作

2021-07-23 00:16:18 开始操作号码 【1499648】
2021-07-23 00:16:23 GSD getOne 第 1 次 等待 3 秒
2021-07-23 00:16:26 查询号码 【1499648】，返回信息 {"status":"bad","msg":""}
2021-07-23 00:16:27 查询号码 【1499648】，GSD为【""】
2021-07-23 00:16:27 bad
2021-07-23 00:16:28 CHB 1499648?1626970587 第 1 次 等待 3 秒
2021-07-23 00:16:31 CHB 1499648?1626970587 第 1 次 获取到号码【1499648】GSD
2021-07-23 00:16:31 未获取到号码【1499648】GSD，可能号码格式错误
2021-07-23 00:16:31 获取到号码【1499648】的GSD为【-】
2021-07-23 00:16:50 GSD insert 第 1 次 等待 3 秒
2021-07-23 00:16:53 {"status":"ok","gid":360381,"msg":"添加成功！"}
2021-07-23 00:16:53 下次操作: 2021-07-23 00:17:13

2021-07-23 00:17:13 开始第 33 次操作

2021-07-23 00:17:13 开始操作号码 【1499647】
2021-07-23 00:17:16 GSD getOne 第 1 次 等待 3 秒
2021-07-23 00:17:19 查询号码 【1499647】，返回信息 {"status":"bad","msg":""}
2021-07-23 00:17:19 查询号码 【1499647】，GSD为【""】
2021-07-23 00:17:19 bad
2021-07-23 00:17:21 CHB 1499647?1626970639 第 1 次 等待 3 秒
2021-07-23 00:17:24 CHB 1499647?1626970639 第 1 次 获取到号码【1499647】GSD
2021-07-23 00:17:24 未获取到号码【1499647】GSD，可能号码格式错误
2021-07-23 00:17:24 获取到号码【1499647】的GSD为【-】
2021-07-23 00:17:42 GSD insert 第 1 次 等待 3 秒
2021-07-23 00:17:45 {"status":"ok","gid":360384,"msg":"添加成功！"}
2021-07-23 00:17:45 下次操作: 2021-07-23 00:18:04

2021-07-23 00:18:04 开始第 34 次操作

2021-07-23 00:18:04 开始操作号码 【1499646】
2021-07-23 00:18:08 GSD getOne 第 1 次 等待 3 秒
2021-07-23 00:18:11 查询号码 【1499646】，返回信息 {"status":"bad","msg":""}
2021-07-23 00:18:11 查询号码 【1499646】，GSD为【""】
2021-07-23 00:18:11 bad
2021-07-23 00:18:13 CHB 1499646?1626970691 第 1 次 等待 3 秒
2021-07-23 00:18:16 CHB 1499646?1626970691 第 1 次 获取到号码【1499646】GSD
2021-07-23 00:18:16 未获取到号码【1499646】GSD，可能号码格式错误
2021-07-23 00:18:16 获取到号码【1499646】的GSD为【-】
2021-07-23 00:18:30 GSD insert 第 1 次 等待 3 秒
2021-07-23 00:18:33 {"status":"ok","gid":360389,"msg":"添加成功！"}
2021-07-23 00:18:33 下次操作: 2021-07-23 00:18:49

2021-07-23 00:18:49 开始第 35 次操作

2021-07-23 00:18:49 开始操作号码 【1499645】
2021-07-23 00:19:09 GSD getOne 第 1 次 等待 3 秒
2021-07-23 00:19:12 查询号码 【1499645】，返回信息 {"status":"bad","msg":""}
2021-07-23 00:19:12 查询号码 【1499645】，GSD为【""】
2021-07-23 00:19:12 bad
2021-07-23 00:19:13 CHB 1499645?1626970752 第 1 次 等待 3 秒
2021-07-23 00:19:16 CHB 1499645?1626970752 第 1 次 获取到号码【1499645】GSD
2021-07-23 00:19:16 未获取到号码【1499645】GSD，可能号码格式错误
2021-07-23 00:19:16 获取到号码【1499645】的GSD为【-】
2021-07-23 00:19:42 GSD insert 第 1 次 等待 3 秒
2021-07-23 00:19:45 {"status":"ok","gid":360395,"msg":"添加成功！"}
2021-07-23 00:19:45 下次操作: 2021-07-23 00:20:09

2021-07-23 00:20:09 开始第 36 次操作

2021-07-23 00:20:09 开始操作号码 【1499644】
2021-07-23 00:20:13 GSD getOne 第 1 次 等待 3 秒
2021-07-23 00:20:16 查询号码 【1499644】，返回信息 {"status":"bad","msg":""}
2021-07-23 00:20:16 查询号码 【1499644】，GSD为【""】
2021-07-23 00:20:16 bad
2021-07-23 00:20:18 CHB 1499644?1626970816 第 1 次 等待 3 秒
2021-07-23 00:20:21 CHB 1499644?1626970816 第 1 次 获取到号码【1499644】GSD
2021-07-23 00:20:21 未获取到号码【1499644】GSD，可能号码格式错误
2021-07-23 00:20:21 获取到号码【1499644】的GSD为【-】
2021-07-23 00:20:41 GSD insert 第 1 次 等待 3 秒
2021-07-23 00:20:44 {"status":"ok","gid":360399,"msg":"添加成功！"}
2021-07-23 00:20:44 下次操作: 2021-07-23 00:21:01

2021-07-23 00:21:01 开始第 37 次操作

2021-07-23 00:21:01 开始操作号码 【1499643】
2021-07-23 00:21:12 GSD getOne 第 1 次 等待 3 秒
2021-07-23 00:21:15 查询号码 【1499643】，返回信息 {"status":"bad","msg":""}
2021-07-23 00:21:15 查询号码 【1499643】，GSD为【""】
2021-07-23 00:21:15 bad
2021-07-23 00:21:17 CHB 1499643?1626970875 第 1 次 等待 3 秒
2021-07-23 00:21:20 CHB 1499643?1626970875 第 1 次 获取到号码【1499643】GSD
2021-07-23 00:21:20 未获取到号码【1499643】GSD，可能号码格式错误
2021-07-23 00:21:20 获取到号码【1499643】的GSD为【-】
2021-07-23 00:21:38 GSD insert 第 1 次 等待 3 秒
2021-07-23 00:21:41 {"status":"ok","gid":360404,"msg":"添加成功！"}
2021-07-23 00:21:41 下次操作: 2021-07-23 00:22:01

2021-07-23 00:22:01 开始第 38 次操作

2021-07-23 00:22:01 开始操作号码 【1499642】
2021-07-23 00:22:04 GSD getOne 第 1 次 等待 3 秒
2021-07-23 00:22:07 查询号码 【1499642】，返回信息 {"status":"bad","msg":""}
2021-07-23 00:22:07 查询号码 【1499642】，GSD为【""】
2021-07-23 00:22:07 bad
2021-07-23 00:22:09 CHB 1499642?1626970927 第 1 次 等待 3 秒
2021-07-23 00:22:12 CHB 1499642?1626970927 第 1 次 获取到号码【1499642】GSD
2021-07-23 00:22:12 未获取到号码【1499642】GSD，可能号码格式错误
2021-07-23 00:22:12 获取到号码【1499642】的GSD为【-】
2021-07-23 00:22:31 GSD insert 第 1 次 等待 3 秒
2021-07-23 00:22:34 {"status":"ok","gid":360412,"msg":"添加成功！"}
2021-07-23 00:22:34 下次操作: 2021-07-23 00:22:47

2021-07-23 00:22:47 开始第 39 次操作

2021-07-23 00:22:47 开始操作号码 【1499641】
2021-07-23 00:22:52 GSD getOne 第 1 次 等待 3 秒
2021-07-23 00:22:55 查询号码 【1499641】，返回信息 {"status":"bad","msg":""}
2021-07-23 00:22:55 查询号码 【1499641】，GSD为【""】
2021-07-23 00:22:55 bad
2021-07-23 00:22:57 CHB 1499641?1626970975 第 1 次 等待 3 秒
2021-07-23 00:23:00 CHB 1499641?1626970975 第 1 次 获取到号码【1499641】GSD
2021-07-23 00:23:00 未获取到号码【1499641】GSD，可能号码格式错误
2021-07-23 00:23:00 获取到号码【1499641】的GSD为【-】
2021-07-23 00:23:18 GSD insert 第 1 次 等待 3 秒
2021-07-23 00:23:21 {"status":"ok","gid":360416,"msg":"添加成功！"}
2021-07-23 00:23:21 下次操作: 2021-07-23 00:23:41

2021-07-23 00:23:41 开始第 40 次操作

2021-07-23 00:23:41 开始操作号码 【1499640】
2021-07-23 00:23:44 GSD getOne 第 1 次 等待 3 秒
2021-07-23 00:23:47 查询号码 【1499640】，返回信息 {"status":"bad","msg":""}
2021-07-23 00:23:47 查询号码 【1499640】，GSD为【""】
2021-07-23 00:23:47 bad
2021-07-23 00:23:48 CHB 1499640?1626971027 第 1 次 等待 3 秒
2021-07-23 00:23:51 CHB 1499640?1626971027 第 1 次 获取到号码【1499640】GSD
2021-07-23 00:23:51 未获取到号码【1499640】GSD，查号吧 400 错误
2021-07-23 00:23:51 获取到号码【1499640】的GSD为【-】
2021-07-23 00:24:10 GSD insert 第 1 次 等待 3 秒
2021-07-23 00:24:13 {"status":"ok","gid":360422,"msg":"添加成功！"}

