2023-11-08 00:09:43 开始第 7613 次操作

2023-11-08 00:09:43 开始操作号码 【1977513】
2023-11-08 00:09:47 GSD getOne 第 1 次 等待 3 秒
2023-11-08 00:09:50 查询号码 【1977513】，返回信息 {"status":"ok","msg":"-","gid":"581268","time_insert":"2023-03-10 07:14"}
2023-11-08 00:09:50 查询号码 【1977513】，GSD为【"-"】
2023-11-08 00:09:50 ok && -
2023-11-08 00:09:52 CHB 1977513?1699373390 第 1 次 等待 3 秒
2023-11-08 00:09:55 CHB 1977513?1699373390 第 1 次 获取到号码【1977513】GSD
2023-11-08 00:09:55 未获取到号码【1977513】GSD，可能号码格式错误
2023-11-08 00:09:55 获取到号码【1977513】的GSD为【-】
2023-11-08 00:10:05 GSD insert 第 1 次 等待 3 秒
2023-11-08 00:10:08 {"status":"bad","gid":"581268","msg":"添加失败！号码【1977513(-|-)】已存在！"}
2023-11-08 00:10:08 随机等待 84 秒，约 1 分钟
2023-11-08 00:10:08 下次操作: 2023-11-08 00:11:32

2023-11-08 00:11:32 开始第 7614 次操作

2023-11-08 00:11:32 开始操作号码 【1977514】
2023-11-08 00:11:38 GSD getOne 第 1 次 等待 3 秒
2023-11-08 00:11:41 查询号码 【1977514】，返回信息 {"status":"ok","msg":"-","gid":"581271","time_insert":"2023-03-10 07:16"}
2023-11-08 00:11:41 查询号码 【1977514】，GSD为【"-"】
2023-11-08 00:11:41 ok && -
2023-11-08 00:11:43 CHB 1977514?1699373501 第 1 次 等待 3 秒
2023-11-08 00:11:46 CHB 1977514?1699373501 第 1 次 获取到号码【1977514】GSD
2023-11-08 00:11:47 未获取到号码【1977514】GSD，可能号码格式错误
2023-11-08 00:11:47 获取到号码【1977514】的GSD为【-】
2023-11-08 00:11:52 GSD insert 第 1 次 等待 3 秒
2023-11-08 00:11:55 {"status":"bad","gid":"581271","msg":"添加失败！号码【1977514(-|-)】已存在！"}
2023-11-08 00:11:55 随机等待 181 秒，约 3 分钟
2023-11-08 00:11:55 下次操作: 2023-11-08 00:14:56

2023-11-08 00:14:56 开始第 7615 次操作

2023-11-08 00:14:56 开始操作号码 【1977515】
2023-11-08 00:14:58 GSD getOne 第 1 次 等待 3 秒
2023-11-08 00:15:01 查询号码 【1977515】，返回信息 {"status":"ok","msg":"-","gid":"581274","time_insert":"2023-03-10 07:19"}
2023-11-08 00:15:01 查询号码 【1977515】，GSD为【"-"】
2023-11-08 00:15:01 ok && -
2023-11-08 00:15:03 CHB 1977515?1699373701 第 1 次 等待 3 秒
2023-11-08 00:15:06 CHB 1977515?1699373701 第 1 次 获取到号码【1977515】GSD
2023-11-08 00:15:06 未获取到号码【1977515】GSD，可能号码格式错误
2023-11-08 00:15:06 获取到号码【1977515】的GSD为【-】
2023-11-08 00:15:09 GSD insert 第 1 次 等待 3 秒
2023-11-08 00:15:12 {"status":"bad","gid":"581274","msg":"添加失败！号码【1977515(-|-)】已存在！"}
2023-11-08 00:15:12 随机等待 162 秒，约 2 分钟
2023-11-08 00:15:12 下次操作: 2023-11-08 00:17:54

2023-11-08 00:17:54 开始第 7616 次操作

2023-11-08 00:17:54 开始操作号码 【1977516】
2023-11-08 00:17:57 GSD getOne 第 1 次 等待 3 秒
2023-11-08 00:18:00 查询号码 【1977516】，返回信息 {"status":"ok","msg":"-","gid":"581275","time_insert":"2023-03-10 07:21"}
2023-11-08 00:18:00 查询号码 【1977516】，GSD为【"-"】
2023-11-08 00:18:00 ok && -
2023-11-08 00:18:02 CHB 1977516?1699373880 第 1 次 等待 3 秒
2023-11-08 00:18:05 CHB 1977516?1699373880 第 1 次 获取到号码【1977516】GSD
2023-11-08 00:18:05 未获取到号码【1977516】GSD，可能号码格式错误
2023-11-08 00:18:05 获取到号码【1977516】的GSD为【-】
2023-11-08 00:18:09 GSD insert 第 1 次 等待 3 秒
2023-11-08 00:18:12 {"status":"bad","gid":"581275","msg":"添加失败！号码【1977516(-|-)】已存在！"}

