2021-07-20 00:00:31 开始第 19 次操作

2021-07-20 00:00:31 开始操作号码 【1807024】
2021-07-20 00:00:34 GSD getOne 第 1 次 等待 3 秒
2021-07-20 00:00:37 查询号码 【1807024】，返回信息 {"status":"bad","msg":""}
2021-07-20 00:00:38 查询号码 【1807024】，GSD为【""】
2021-07-20 00:00:38 bad
2021-07-20 00:00:40 CHB 1807024?1626710438 第 1 次 等待 3 秒
2021-07-20 00:00:43 CHB 1807024?1626710438 第 1 次 获取到号码【1807024】GSD
2021-07-20 00:00:43 获取到号码【1807024】的GSD为【江西-九江】
2021-07-20 00:00:51 GSD insert 第 1 次 等待 3 秒
2021-07-20 00:00:54 {"status":"ok","gid":331095,"msg":"添加成功！"}
2021-07-20 00:00:54 下次操作: 2021-07-20 00:01:16

2021-07-20 00:01:16 开始第 20 次操作

2021-07-20 00:01:16 开始操作号码 【1807025】
2021-07-20 00:01:45 GSD getOne 第 1 次 等待 3 秒
2021-07-20 00:01:48 查询号码 【1807025】，返回信息 {"status":"bad","msg":""}
2021-07-20 00:01:48 查询号码 【1807025】，GSD为【""】
2021-07-20 00:01:48 bad
2021-07-20 00:01:50 CHB 1807025?1626710508 第 1 次 等待 3 秒
2021-07-20 00:01:53 CHB 1807025?1626710508 第 1 次 获取到号码【1807025】GSD
2021-07-20 00:01:53 获取到号码【1807025】的GSD为【江西-赣州】
2021-07-20 00:01:57 GSD insert 第 1 次 等待 3 秒
2021-07-20 00:02:00 {"status":"ok","gid":331104,"msg":"添加成功！"}
2021-07-20 00:02:00 下次操作: 2021-07-20 00:02:15

2021-07-20 00:02:15 开始第 21 次操作

2021-07-20 00:02:15 开始操作号码 【1807026】
2021-07-20 00:02:18 GSD getOne 第 1 次 等待 3 秒
2021-07-20 00:02:21 查询号码 【1807026】，返回信息 {"status":"bad","msg":""}
2021-07-20 00:02:21 查询号码 【1807026】，GSD为【""】
2021-07-20 00:02:21 bad
2021-07-20 00:02:23 CHB 1807026?1626710541 第 1 次 等待 3 秒
2021-07-20 00:02:26 CHB 1807026?1626710541 第 1 次 获取到号码【1807026】GSD
2021-07-20 00:02:26 获取到号码【1807026】的GSD为【江西-赣州】
2021-07-20 00:02:32 GSD insert 第 1 次 等待 3 秒
2021-07-20 00:02:35 {"status":"ok","gid":331114,"msg":"添加成功！"}
2021-07-20 00:02:35 下次操作: 2021-07-20 00:02:55

2021-07-20 00:02:55 开始第 22 次操作

2021-07-20 00:02:55 开始操作号码 【1807027】
2021-07-20 00:02:58 GSD getOne 第 1 次 等待 3 秒
2021-07-20 00:03:01 查询号码 【1807027】，返回信息 {"status":"bad","msg":""}
2021-07-20 00:03:01 查询号码 【1807027】，GSD为【""】
2021-07-20 00:03:01 bad
2021-07-20 00:03:03 CHB 1807027?1626710581 第 1 次 等待 3 秒
2021-07-20 00:03:06 CHB 1807027?1626710581 第 1 次 获取到号码【1807027】GSD
2021-07-20 00:03:06 获取到号码【1807027】的GSD为【江西-赣州】
2021-07-20 00:03:09 GSD insert 第 1 次 等待 3 秒
2021-07-20 00:03:12 {"status":"ok","gid":331123,"msg":"添加成功！"}
2021-07-20 00:03:12 下次操作: 2021-07-20 00:03:25

2021-07-20 00:03:25 开始第 23 次操作

2021-07-20 00:03:25 开始操作号码 【1807028】
2021-07-20 00:03:28 GSD getOne 第 1 次 等待 3 秒
2021-07-20 00:03:31 查询号码 【1807028】，返回信息 {"status":"bad","msg":""}
2021-07-20 00:03:31 查询号码 【1807028】，GSD为【""】
2021-07-20 00:03:31 bad
2021-07-20 00:03:33 CHB 1807028?1626710611 第 1 次 等待 3 秒
2021-07-20 00:03:36 CHB 1807028?1626710611 第 1 次 获取到号码【1807028】GSD
2021-07-20 00:03:37 获取到号码【1807028】的GSD为【江西-南昌】
2021-07-20 00:03:45 GSD insert 第 1 次 等待 3 秒
2021-07-20 00:03:48 {"status":"ok","gid":331128,"msg":"添加成功！"}
2021-07-20 00:03:48 下次操作: 2021-07-20 00:04:03

2021-07-20 00:04:03 开始第 24 次操作

2021-07-20 00:04:03 开始操作号码 【1807029】
2021-07-20 00:04:06 GSD getOne 第 1 次 等待 3 秒
2021-07-20 00:04:09 查询号码 【1807029】，返回信息 {"status":"bad","msg":""}
2021-07-20 00:04:09 查询号码 【1807029】，GSD为【""】
2021-07-20 00:04:09 bad
2021-07-20 00:04:10 CHB 1807029?1626710649 第 1 次 等待 3 秒
2021-07-20 00:04:13 CHB 1807029?1626710649 第 1 次 获取到号码【1807029】GSD
2021-07-20 00:04:13 未获取到号码【1807029】GSD，查号吧 400 错误
2021-07-20 00:04:13 获取到号码【1807029】的GSD为【-】
2021-07-20 00:04:23 GSD insert 第 1 次 等待 3 秒
2021-07-20 00:04:26 {"status":"ok","gid":331140,"msg":"添加成功！"}
2021-07-20 00:04:26 下次操作: 2021-07-20 00:04:41

2021-07-20 00:04:41 开始第 25 次操作

2021-07-20 00:04:41 开始操作号码 【1807030】
2021-07-20 00:04:47 GSD getOne 第 1 次 等待 3 秒
2021-07-20 00:04:50 查询号码 【1807030】，返回信息 {"status":"bad","msg":""}
2021-07-20 00:04:50 查询号码 【1807030】，GSD为【""】
2021-07-20 00:04:50 bad
2021-07-20 00:04:56 CHB 1807030?1626710690 第 1 次 等待 3 秒
2021-07-20 00:04:59 CHB 1807030?1626710690 第 1 次 获取到号码【1807030】GSD
2021-07-20 00:04:59 获取到号码【1807030】的GSD为【江西-上饶】
2021-07-20 00:05:05 GSD insert 第 1 次 等待 3 秒
2021-07-20 00:05:08 {"status":"ok","gid":331148,"msg":"添加成功！"}
2021-07-20 00:05:08 下次操作: 2021-07-20 00:05:29

2021-07-20 00:05:29 开始第 26 次操作

2021-07-20 00:05:29 开始操作号码 【1807031】
2021-07-20 00:05:32 GSD getOne 第 1 次 等待 3 秒
2021-07-20 00:05:35 查询号码 【1807031】，返回信息 {"status":"bad","msg":""}
2021-07-20 00:05:35 查询号码 【1807031】，GSD为【""】
2021-07-20 00:05:35 bad
2021-07-20 00:05:37 CHB 1807031?1626710735 第 1 次 等待 3 秒
2021-07-20 00:05:40 CHB 1807031?1626710735 第 1 次 获取到号码【1807031】GSD
2021-07-20 00:05:40 获取到号码【1807031】的GSD为【江西-上饶】
2021-07-20 00:05:45 GSD insert 第 1 次 等待 3 秒
2021-07-20 00:05:48 {"status":"ok","gid":331156,"msg":"添加成功！"}
2021-07-20 00:05:48 下次操作: 2021-07-20 00:06:09

2021-07-20 00:06:09 开始第 27 次操作

2021-07-20 00:06:09 开始操作号码 【1807032】
2021-07-20 00:06:13 GSD getOne 第 1 次 等待 3 秒
2021-07-20 00:06:16 查询号码 【1807032】，返回信息 {"status":"bad","msg":""}
2021-07-20 00:06:16 查询号码 【1807032】，GSD为【""】
2021-07-20 00:06:16 bad
2021-07-20 00:06:22 CHB 1807032?1626710776 第 1 次 等待 3 秒
2021-07-20 00:06:25 CHB 1807032?1626710776 第 1 次 获取到号码【1807032】GSD
2021-07-20 00:06:25 获取到号码【1807032】的GSD为【江西-上饶】
2021-07-20 00:06:28 GSD insert 第 1 次 等待 3 秒
2021-07-20 00:06:31 {"status":"ok","gid":331164,"msg":"添加成功！"}
2021-07-20 00:06:31 下次操作: 2021-07-20 00:06:46

2021-07-20 00:06:46 开始第 28 次操作

2021-07-20 00:06:46 开始操作号码 【1807033】
2021-07-20 00:06:49 GSD getOne 第 1 次 等待 3 秒
2021-07-20 00:06:52 查询号码 【1807033】，返回信息 {"status":"bad","msg":""}
2021-07-20 00:06:52 查询号码 【1807033】，GSD为【""】
2021-07-20 00:06:52 bad
2021-07-20 00:06:54 CHB 1807033?1626710812 第 1 次 等待 3 秒
2021-07-20 00:06:57 CHB 1807033?1626710812 第 1 次 获取到号码【1807033】GSD
2021-07-20 00:06:57 获取到号码【1807033】的GSD为【江西-上饶】
2021-07-20 00:07:00 GSD insert 第 1 次 等待 3 秒
2021-07-20 00:07:03 {"status":"ok","gid":331173,"msg":"添加成功！"}
2021-07-20 00:07:03 下次操作: 2021-07-20 00:07:16

2021-07-20 00:07:16 开始第 29 次操作

2021-07-20 00:07:16 开始操作号码 【1807034】
2021-07-20 00:07:20 GSD getOne 第 1 次 等待 3 秒
2021-07-20 00:07:23 查询号码 【1807034】，返回信息 {"status":"bad","msg":""}
2021-07-20 00:07:23 查询号码 【1807034】，GSD为【""】
2021-07-20 00:07:23 bad
2021-07-20 00:07:25 CHB 1807034?1626710843 第 1 次 等待 3 秒
2021-07-20 00:07:28 CHB 1807034?1626710843 第 1 次 获取到号码【1807034】GSD
2021-07-20 00:07:28 获取到号码【1807034】的GSD为【江西-上饶】
2021-07-20 00:07:32 GSD insert 第 1 次 等待 3 秒
2021-07-20 00:07:36 {"status":"ok","gid":331181,"msg":"添加成功！"}
2021-07-20 00:07:36 下次操作: 2021-07-20 00:07:58

2021-07-20 00:07:58 开始第 30 次操作

2021-07-20 00:07:58 开始操作号码 【1807035】
2021-07-20 00:08:01 GSD getOne 第 1 次 等待 3 秒
2021-07-20 00:08:04 查询号码 【1807035】，返回信息 {"status":"bad","msg":""}
2021-07-20 00:08:04 查询号码 【1807035】，GSD为【""】
2021-07-20 00:08:04 bad
2021-07-20 00:08:06 CHB 1807035?1626710884 第 1 次 等待 3 秒
2021-07-20 00:08:09 CHB 1807035?1626710884 第 1 次 获取到号码【1807035】GSD
2021-07-20 00:08:09 获取到号码【1807035】的GSD为【江西-赣州】
2021-07-20 00:08:14 GSD insert 第 1 次 等待 3 秒
2021-07-20 00:08:17 {"status":"ok","gid":331192,"msg":"添加成功！"}
2021-07-20 00:08:17 下次操作: 2021-07-20 00:08:38

2021-07-20 00:08:38 开始第 31 次操作

2021-07-20 00:08:38 开始操作号码 【1807036】
2021-07-20 00:08:44 GSD getOne 第 1 次 等待 3 秒
2021-07-20 00:08:47 查询号码 【1807036】，返回信息 {"status":"bad","msg":""}
2021-07-20 00:08:47 查询号码 【1807036】，GSD为【""】
2021-07-20 00:08:47 bad
2021-07-20 00:08:52 CHB 1807036?1626710927 第 1 次 等待 3 秒
2021-07-20 00:08:55 CHB 1807036?1626710927 第 1 次 获取到号码【1807036】GSD
2021-07-20 00:08:55 获取到号码【1807036】的GSD为【江西-赣州】
2021-07-20 00:09:00 GSD insert 第 1 次 等待 3 秒
2021-07-20 00:09:03 {"status":"ok","gid":331201,"msg":"添加成功！"}
2021-07-20 00:09:03 下次操作: 2021-07-20 00:09:18

2021-07-20 00:09:18 开始第 32 次操作

2021-07-20 00:09:18 开始操作号码 【1807037】
2021-07-20 00:09:21 GSD getOne 第 1 次 等待 3 秒
2021-07-20 00:09:24 查询号码 【1807037】，返回信息 {"status":"bad","msg":""}
2021-07-20 00:09:24 查询号码 【1807037】，GSD为【""】
2021-07-20 00:09:24 bad
2021-07-20 00:09:26 CHB 1807037?1626710964 第 1 次 等待 3 秒
2021-07-20 00:09:29 CHB 1807037?1626710964 第 1 次 获取到号码【1807037】GSD
2021-07-20 00:09:29 获取到号码【1807037】的GSD为【江西-赣州】
2021-07-20 00:09:32 GSD insert 第 1 次 等待 3 秒
2021-07-20 00:09:35 {"status":"ok","gid":331207,"msg":"添加成功！"}
2021-07-20 00:09:35 下次操作: 2021-07-20 00:09:51

2021-07-20 00:09:51 开始第 33 次操作

2021-07-20 00:09:51 开始操作号码 【1807038】
2021-07-20 00:09:54 GSD getOne 第 1 次 等待 3 秒
2021-07-20 00:09:57 查询号码 【1807038】，返回信息 {"status":"bad","msg":""}
2021-07-20 00:09:58 查询号码 【1807038】，GSD为【""】
2021-07-20 00:09:58 bad
2021-07-20 00:09:59 CHB 1807038?1626710998 第 1 次 等待 3 秒
2021-07-20 00:10:02 CHB 1807038?1626710998 第 1 次 获取到号码【1807038】GSD
2021-07-20 00:10:02 获取到号码【1807038】的GSD为【江西-南昌】
2021-07-20 00:10:08 GSD insert 第 1 次 等待 3 秒
2021-07-20 00:10:11 {"status":"ok","gid":331215,"msg":"添加成功！"}
2021-07-20 00:10:11 下次操作: 2021-07-20 00:10:32

2021-07-20 00:10:32 开始第 34 次操作

2021-07-20 00:10:32 开始操作号码 【1807039】
2021-07-20 00:10:35 GSD getOne 第 1 次 等待 3 秒
2021-07-20 00:10:38 查询号码 【1807039】，返回信息 {"status":"bad","msg":""}
2021-07-20 00:10:38 查询号码 【1807039】，GSD为【""】
2021-07-20 00:10:38 bad
2021-07-20 00:10:40 CHB 1807039?1626711038 第 1 次 等待 3 秒
2021-07-20 00:10:43 CHB 1807039?1626711038 第 1 次 获取到号码【1807039】GSD
2021-07-20 00:10:43 获取到号码【1807039】的GSD为【江西-南昌】
2021-07-20 00:10:48 GSD insert 第 1 次 等待 3 秒
2021-07-20 00:10:51 {"status":"ok","gid":331222,"msg":"添加成功！"}
2021-07-20 00:10:51 下次操作: 2021-07-20 00:11:05

2021-07-20 00:11:05 开始第 35 次操作

2021-07-20 00:11:05 开始操作号码 【1807040】
2021-07-20 00:11:08 GSD getOne 第 1 次 等待 3 秒
2021-07-20 00:11:11 查询号码 【1807040】，返回信息 {"status":"bad","msg":""}
2021-07-20 00:11:11 查询号码 【1807040】，GSD为【""】
2021-07-20 00:11:11 bad
2021-07-20 00:11:17 CHB 1807040?1626711071 第 1 次 等待 3 秒
2021-07-20 00:11:20 CHB 1807040?1626711071 第 1 次 获取到号码【1807040】GSD
2021-07-20 00:11:20 获取到号码【1807040】的GSD为【江西-南昌】
2021-07-20 00:11:23 GSD insert 第 1 次 等待 3 秒
2021-07-20 00:11:26 {"status":"ok","gid":331227,"msg":"添加成功！"}
2021-07-20 00:11:26 下次操作: 2021-07-20 00:11:50

2021-07-20 00:11:50 开始第 36 次操作

2021-07-20 00:11:50 开始操作号码 【1807041】
2021-07-20 00:11:54 GSD getOne 第 1 次 等待 3 秒
2021-07-20 00:11:57 查询号码 【1807041】，返回信息 {"status":"bad","msg":""}
2021-07-20 00:11:57 查询号码 【1807041】，GSD为【""】
2021-07-20 00:11:57 bad
2021-07-20 00:12:02 CHB 1807041?1626711117 第 1 次 等待 3 秒
2021-07-20 00:12:05 CHB 1807041?1626711117 第 1 次 获取到号码【1807041】GSD
2021-07-20 00:12:05 获取到号码【1807041】的GSD为【江西-南昌】
2021-07-20 00:12:08 GSD insert 第 1 次 等待 3 秒
2021-07-20 00:12:11 {"status":"ok","gid":331236,"msg":"添加成功！"}
2021-07-20 00:12:11 下次操作: 2021-07-20 00:12:25

2021-07-20 00:12:25 开始第 37 次操作

2021-07-20 00:12:25 开始操作号码 【1807042】
2021-07-20 00:12:34 GSD getOne 第 1 次 等待 3 秒
2021-07-20 00:12:37 查询号码 【1807042】，返回信息 {"status":"bad","msg":""}
2021-07-20 00:12:37 查询号码 【1807042】，GSD为【""】
2021-07-20 00:12:37 bad
2021-07-20 00:12:39 CHB 1807042?1626711157 第 1 次 等待 3 秒
2021-07-20 00:12:42 CHB 1807042?1626711157 第 1 次 获取到号码【1807042】GSD
2021-07-20 00:12:42 获取到号码【1807042】的GSD为【江西-九江】
2021-07-20 00:12:46 GSD insert 第 1 次 等待 3 秒
2021-07-20 00:12:49 {"status":"ok","gid":331242,"msg":"添加成功！"}
2021-07-20 00:12:49 下次操作: 2021-07-20 00:13:09

2021-07-20 00:13:09 开始第 38 次操作

2021-07-20 00:13:09 开始操作号码 【1807043】
2021-07-20 00:13:14 GSD getOne 第 1 次 等待 3 秒
2021-07-20 00:13:17 查询号码 【1807043】，返回信息 {"status":"bad","msg":""}
2021-07-20 00:13:17 查询号码 【1807043】，GSD为【""】
2021-07-20 00:13:17 bad
2021-07-20 00:13:19 CHB 1807043?1626711197 第 1 次 等待 3 秒
2021-07-20 00:13:22 CHB 1807043?1626711197 第 1 次 获取到号码【1807043】GSD
2021-07-20 00:13:22 获取到号码【1807043】的GSD为【江西-上饶】
2021-07-20 00:13:32 GSD insert 第 1 次 等待 3 秒
2021-07-20 00:13:35 {"status":"ok","gid":331247,"msg":"添加成功！"}
2021-07-20 00:13:35 下次操作: 2021-07-20 00:13:49

2021-07-20 00:13:49 开始第 39 次操作

2021-07-20 00:13:49 开始操作号码 【1807044】
2021-07-20 00:13:52 GSD getOne 第 1 次 等待 3 秒
2021-07-20 00:13:55 查询号码 【1807044】，返回信息 {"status":"bad","msg":""}
2021-07-20 00:13:55 查询号码 【1807044】，GSD为【""】
2021-07-20 00:13:55 bad
2021-07-20 00:13:57 CHB 1807044?1626711235 第 1 次 等待 3 秒
2021-07-20 00:14:00 CHB 1807044?1626711235 第 1 次 获取到号码【1807044】GSD
2021-07-20 00:14:00 获取到号码【1807044】的GSD为【江西-抚州】
2021-07-20 00:14:03 GSD insert 第 1 次 等待 3 秒
2021-07-20 00:14:06 {"status":"ok","gid":331252,"msg":"添加成功！"}
2021-07-20 00:14:06 下次操作: 2021-07-20 00:14:26

2021-07-20 00:14:26 开始第 40 次操作

2021-07-20 00:14:26 开始操作号码 【1807045】
2021-07-20 00:14:31 GSD getOne 第 1 次 等待 3 秒
2021-07-20 00:14:34 查询号码 【1807045】，返回信息 {"status":"bad","msg":""}
2021-07-20 00:14:34 查询号码 【1807045】，GSD为【""】
2021-07-20 00:14:34 bad
2021-07-20 00:14:36 CHB 1807045?1626711274 第 1 次 等待 3 秒
2021-07-20 00:14:39 CHB 1807045?1626711274 第 1 次 获取到号码【1807045】GSD
2021-07-20 00:14:39 获取到号码【1807045】的GSD为【江西-宜春】
2021-07-20 00:14:45 GSD insert 第 1 次 等待 3 秒
2021-07-20 00:14:48 {"status":"ok","gid":331259,"msg":"添加成功！"}

2021-07-20 01:03:50 开始第 1 次操作

2021-07-20 01:03:50 开始操作号码 【1807046】
2021-07-20 01:03:53 GSD getOne 第 1 次 等待 3 秒
2021-07-20 01:03:56 查询号码 【1807046】，返回信息 {"status":"bad","msg":""}
2021-07-20 01:03:56 查询号码 【1807046】，GSD为【""】
2021-07-20 01:03:56 bad
2021-07-20 01:04:04 CHB 1807046?1626714236 第 1 次 等待 3 秒
2021-07-20 01:04:07 CHB 1807046?1626714236 第 1 次 获取到号码【1807046】GSD
2021-07-20 01:04:07 获取到号码【1807046】的GSD为【江西-吉安】
2021-07-20 01:04:14 GSD insert 第 1 次 等待 3 秒
2021-07-20 01:04:17 {"status":"ok","gid":331387,"msg":"添加成功！"}
2021-07-20 01:04:17 下次操作: 2021-07-20 01:04:38

2021-07-20 01:04:38 开始第 2 次操作

2021-07-20 01:04:38 开始操作号码 【1807047】
2021-07-20 01:04:41 GSD getOne 第 1 次 等待 3 秒
2021-07-20 01:04:44 查询号码 【1807047】，返回信息 {"status":"bad","msg":""}
2021-07-20 01:04:44 查询号码 【1807047】，GSD为【""】
2021-07-20 01:04:44 bad
2021-07-20 01:04:49 CHB 1807047?1626714284 第 1 次 等待 3 秒
2021-07-20 01:04:52 CHB 1807047?1626714284 第 1 次 获取到号码【1807047】GSD
2021-07-20 01:04:52 获取到号码【1807047】的GSD为【江西-赣州】
2021-07-20 01:04:56 GSD insert 第 1 次 等待 3 秒
2021-07-20 01:04:59 {"status":"ok","gid":331396,"msg":"添加成功！"}
2021-07-20 01:04:59 下次操作: 2021-07-20 01:05:18

2021-07-20 01:05:18 开始第 3 次操作

2021-07-20 01:05:18 开始操作号码 【1807048】
2021-07-20 01:05:59 GSD getOne 第 1 次 等待 3 秒
2021-07-20 01:06:02 查询号码 【1807048】，返回信息 {"status":"bad","msg":""}
2021-07-20 01:06:02 查询号码 【1807048】，GSD为【""】
2021-07-20 01:06:02 bad
2021-07-20 01:06:04 CHB 1807048?1626714362 第 1 次 等待 3 秒
2021-07-20 01:06:07 CHB 1807048?1626714362 第 1 次 获取到号码【1807048】GSD
2021-07-20 01:06:07 获取到号码【1807048】的GSD为【江西-赣州】
2021-07-20 01:06:14 GSD insert 第 1 次 等待 3 秒
2021-07-20 01:06:17 {"status":"ok","gid":331408,"msg":"添加成功！"}
2021-07-20 01:06:17 下次操作: 2021-07-20 01:06:38

2021-07-20 01:06:38 开始第 4 次操作

2021-07-20 01:06:38 开始操作号码 【1807049】
2021-07-20 01:06:43 GSD getOne 第 1 次 等待 3 秒
2021-07-20 01:06:46 查询号码 【1807049】，返回信息 {"status":"bad","msg":""}
2021-07-20 01:06:46 查询号码 【1807049】，GSD为【""】
2021-07-20 01:06:46 bad
2021-07-20 01:06:48 CHB 1807049?1626714406 第 1 次 等待 3 秒
2021-07-20 01:06:51 CHB 1807049?1626714406 第 1 次 获取到号码【1807049】GSD
2021-07-20 01:06:51 获取到号码【1807049】的GSD为【江西-南昌】
2021-07-20 01:06:58 GSD insert 第 1 次 等待 3 秒
2021-07-20 01:07:01 {"status":"ok","gid":331415,"msg":"添加成功！"}
2021-07-20 01:07:01 下次操作: 2021-07-20 01:07:14

2021-07-20 01:07:14 开始第 5 次操作

2021-07-20 01:07:14 开始操作号码 【1807050】
2021-07-20 01:07:19 GSD getOne 第 1 次 等待 3 秒
2021-07-20 01:07:22 查询号码 【1807050】，返回信息 {"status":"bad","msg":""}
2021-07-20 01:07:23 查询号码 【1807050】，GSD为【""】
2021-07-20 01:07:23 bad
2021-07-20 01:07:26 CHB 1807050?1626714443 第 1 次 等待 3 秒
2021-07-20 01:07:29 CHB 1807050?1626714443 第 1 次 获取到号码【1807050】GSD
2021-07-20 01:07:29 获取到号码【1807050】的GSD为【江西-南昌】
2021-07-20 01:07:32 GSD insert 第 1 次 等待 3 秒
2021-07-20 01:07:35 {"status":"ok","gid":331424,"msg":"添加成功！"}
2021-07-20 01:07:35 下次操作: 2021-07-20 01:07:48

2021-07-20 01:07:48 开始第 6 次操作

2021-07-20 01:07:48 开始操作号码 【1807051】
2021-07-20 01:07:53 GSD getOne 第 1 次 等待 3 秒
2021-07-20 01:07:56 查询号码 【1807051】，返回信息 {"status":"bad","msg":""}
2021-07-20 01:07:57 查询号码 【1807051】，GSD为【""】
2021-07-20 01:07:57 bad
2021-07-20 01:07:59 CHB 1807051?1626714477 第 1 次 等待 3 秒
2021-07-20 01:08:02 CHB 1807051?1626714477 第 1 次 获取到号码【1807051】GSD
2021-07-20 01:08:02 获取到号码【1807051】的GSD为【江西-南昌】
2021-07-20 01:08:05 GSD insert 第 1 次 等待 3 秒
2021-07-20 01:08:08 {"status":"ok","gid":331431,"msg":"添加成功！"}
2021-07-20 01:08:08 下次操作: 2021-07-20 01:08:25

2021-07-20 01:08:25 开始第 7 次操作

2021-07-20 01:08:25 开始操作号码 【1807052】
2021-07-20 01:08:28 GSD getOne 第 1 次 等待 3 秒
2021-07-20 01:08:31 查询号码 【1807052】，返回信息 {"status":"bad","msg":""}
2021-07-20 01:08:31 查询号码 【1807052】，GSD为【""】
2021-07-20 01:08:31 bad
2021-07-20 01:08:33 CHB 1807052?1626714511 第 1 次 等待 3 秒
2021-07-20 01:08:36 CHB 1807052?1626714511 第 1 次 获取到号码【1807052】GSD
2021-07-20 01:08:36 获取到号码【1807052】的GSD为【江西-九江】
2021-07-20 01:08:39 GSD insert 第 1 次 等待 3 秒
2021-07-20 01:08:42 {"status":"ok","gid":331438,"msg":"添加成功！"}
2021-07-20 01:08:42 下次操作: 2021-07-20 01:09:06

2021-07-20 01:09:06 开始第 8 次操作

2021-07-20 01:09:06 开始操作号码 【1807053】
2021-07-20 01:09:10 GSD getOne 第 1 次 等待 3 秒
2021-07-20 01:09:13 查询号码 【1807053】，返回信息 {"status":"bad","msg":""}
2021-07-20 01:09:14 查询号码 【1807053】，GSD为【""】
2021-07-20 01:09:14 bad
2021-07-20 01:09:16 CHB 1807053?1626714554 第 1 次 等待 3 秒
2021-07-20 01:09:19 CHB 1807053?1626714554 第 1 次 获取到号码【1807053】GSD
2021-07-20 01:09:19 获取到号码【1807053】的GSD为【江西-上饶】
2021-07-20 01:09:22 GSD insert 第 1 次 等待 3 秒
2021-07-20 01:09:25 {"status":"ok","gid":331446,"msg":"添加成功！"}
2021-07-20 01:09:25 下次操作: 2021-07-20 01:09:38

2021-07-20 01:09:38 开始第 9 次操作

2021-07-20 01:09:38 开始操作号码 【1807054】
2021-07-20 01:09:43 GSD getOne 第 1 次 等待 3 秒
2021-07-20 01:09:46 查询号码 【1807054】，返回信息 {"status":"bad","msg":""}
2021-07-20 01:09:46 查询号码 【1807054】，GSD为【""】
2021-07-20 01:09:46 bad
2021-07-20 01:09:48 CHB 1807054?1626714586 第 1 次 等待 3 秒
2021-07-20 01:09:51 CHB 1807054?1626714586 第 1 次 获取到号码【1807054】GSD
2021-07-20 01:09:51 获取到号码【1807054】的GSD为【江西-抚州】
2021-07-20 01:10:02 GSD insert 第 1 次 等待 3 秒
2021-07-20 01:10:05 {"status":"ok","gid":331454,"msg":"添加成功！"}
2021-07-20 01:10:05 下次操作: 2021-07-20 01:10:25

2021-07-20 01:10:25 开始第 10 次操作

2021-07-20 01:10:25 开始操作号码 【1807055】
2021-07-20 01:10:28 GSD getOne 第 1 次 等待 3 秒
2021-07-20 01:10:31 查询号码 【1807055】，返回信息 {"status":"bad","msg":""}
2021-07-20 01:10:31 查询号码 【1807055】，GSD为【""】
2021-07-20 01:10:31 bad
2021-07-20 01:10:33 CHB 1807055?1626714631 第 1 次 等待 3 秒
2021-07-20 01:10:36 CHB 1807055?1626714631 第 1 次 获取到号码【1807055】GSD
2021-07-20 01:10:36 未获取到号码【1807055】GSD，查号吧 400 错误
2021-07-20 01:10:36 获取到号码【1807055】的GSD为【-】
2021-07-20 01:10:39 GSD insert 第 1 次 等待 3 秒
2021-07-20 01:10:42 {"status":"ok","gid":331463,"msg":"添加成功！"}
2021-07-20 01:10:42 下次操作: 2021-07-20 01:10:57

2021-07-20 01:10:57 开始第 11 次操作

2021-07-20 01:10:57 开始操作号码 【1807056】
2021-07-20 01:11:00 GSD getOne 第 1 次 等待 3 秒
2021-07-20 01:11:03 查询号码 【1807056】，返回信息 {"status":"bad","msg":""}
2021-07-20 01:11:03 查询号码 【1807056】，GSD为【""】
2021-07-20 01:11:03 bad
2021-07-20 01:11:05 CHB 1807056?1626714663 第 1 次 等待 3 秒
2021-07-20 01:11:08 CHB 1807056?1626714663 第 1 次 获取到号码【1807056】GSD
2021-07-20 01:11:08 获取到号码【1807056】的GSD为【江西-吉安】
2021-07-20 01:11:15 GSD insert 第 1 次 等待 3 秒
2021-07-20 01:11:18 {"status":"ok","gid":331474,"msg":"添加成功！"}
2021-07-20 01:11:18 下次操作: 2021-07-20 01:11:39

2021-07-20 01:11:39 开始第 12 次操作

2021-07-20 01:11:39 开始操作号码 【1807057】
2021-07-20 01:11:41 GSD getOne 第 1 次 等待 3 秒
2021-07-20 01:11:44 查询号码 【1807057】，返回信息 {"status":"bad","msg":""}
2021-07-20 01:11:44 查询号码 【1807057】，GSD为【""】
2021-07-20 01:11:44 bad
2021-07-20 01:11:51 CHB 1807057?1626714704 第 1 次 等待 3 秒
2021-07-20 01:11:54 CHB 1807057?1626714704 第 1 次 获取到号码【1807057】GSD
2021-07-20 01:11:54 获取到号码【1807057】的GSD为【江西-赣州】
2021-07-20 01:11:57 GSD insert 第 1 次 等待 3 秒
2021-07-20 01:12:00 {"status":"ok","gid":331481,"msg":"添加成功！"}
2021-07-20 01:12:00 下次操作: 2021-07-20 01:12:14

2021-07-20 01:12:14 开始第 13 次操作

2021-07-20 01:12:14 开始操作号码 【1807058】
2021-07-20 01:12:16 GSD getOne 第 1 次 等待 3 秒
2021-07-20 01:12:19 查询号码 【1807058】，返回信息 {"status":"bad","msg":""}
2021-07-20 01:12:20 查询号码 【1807058】，GSD为【""】
2021-07-20 01:12:20 bad
2021-07-20 01:12:35 CHB 1807058?1626714740 第 1 次 等待 3 秒
2021-07-20 01:12:38 CHB 1807058?1626714740 第 1 次 获取到号码【1807058】GSD
2021-07-20 01:12:38 获取到号码【1807058】的GSD为【江西-赣州】
2021-07-20 01:12:40 GSD insert 第 1 次 等待 3 秒
2021-07-20 01:12:43 {"status":"ok","gid":331495,"msg":"添加成功！"}
2021-07-20 01:12:43 下次操作: 2021-07-20 01:13:03

2021-07-20 01:13:03 开始第 14 次操作

2021-07-20 01:13:04 开始操作号码 【1807059】
2021-07-20 01:13:07 GSD getOne 第 1 次 等待 3 秒
2021-07-20 01:13:10 查询号码 【1807059】，返回信息 {"status":"bad","msg":""}
2021-07-20 01:13:10 查询号码 【1807059】，GSD为【""】
2021-07-20 01:13:10 bad
2021-07-20 01:13:11 CHB 1807059?1626714790 第 1 次 等待 3 秒
2021-07-20 01:13:14 CHB 1807059?1626714790 第 1 次 获取到号码【1807059】GSD
2021-07-20 01:13:14 未获取到号码【1807059】GSD，查号吧 400 错误
2021-07-20 01:13:14 获取到号码【1807059】的GSD为【-】
2021-07-20 01:13:17 GSD insert 第 1 次 等待 3 秒
2021-07-20 01:13:20 {"status":"ok","gid":331504,"msg":"添加成功！"}
2021-07-20 01:13:20 下次操作: 2021-07-20 01:13:35

2021-07-20 01:13:35 开始第 15 次操作

2021-07-20 01:13:35 开始操作号码 【1807060】
2021-07-20 01:13:43 GSD getOne 第 1 次 等待 3 秒
2021-07-20 01:13:46 查询号码 【1807060】，返回信息 {"status":"bad","msg":""}
2021-07-20 01:13:46 查询号码 【1807060】，GSD为【""】
2021-07-20 01:13:46 bad
2021-07-20 01:13:48 CHB 1807060?1626714826 第 1 次 等待 3 秒
2021-07-20 01:13:51 CHB 1807060?1626714826 第 1 次 获取到号码【1807060】GSD
2021-07-20 01:13:51 获取到号码【1807060】的GSD为【广西-梧州】
2021-07-20 01:13:54 GSD insert 第 1 次 等待 3 秒
2021-07-20 01:13:57 {"status":"ok","gid":331511,"msg":"添加成功！"}
2021-07-20 01:13:57 下次操作: 2021-07-20 01:14:16

2021-07-20 01:14:16 开始第 16 次操作

2021-07-20 01:14:16 开始操作号码 【1807061】
2021-07-20 01:14:22 GSD getOne 第 1 次 等待 3 秒
2021-07-20 01:14:25 查询号码 【1807061】，返回信息 {"status":"bad","msg":""}
2021-07-20 01:14:25 查询号码 【1807061】，GSD为【""】
2021-07-20 01:14:25 bad
2021-07-20 01:14:27 CHB 1807061?1626714865 第 1 次 等待 3 秒
2021-07-20 01:14:30 CHB 1807061?1626714865 第 1 次 获取到号码【1807061】GSD
2021-07-20 01:14:30 获取到号码【1807061】的GSD为【广西-梧州】
2021-07-20 01:14:33 GSD insert 第 1 次 等待 3 秒
2021-07-20 01:14:36 {"status":"ok","gid":331519,"msg":"添加成功！"}
2021-07-20 01:14:36 下次操作: 2021-07-20 01:15:00

2021-07-20 01:15:00 开始第 17 次操作

2021-07-20 01:15:00 开始操作号码 【1807062】
2021-07-20 01:15:04 GSD getOne 第 1 次 等待 3 秒
2021-07-20 01:15:07 查询号码 【1807062】，返回信息 {"status":"bad","msg":""}
2021-07-20 01:15:07 查询号码 【1807062】，GSD为【""】
2021-07-20 01:15:07 bad
2021-07-20 01:15:13 CHB 1807062?1626714907 第 1 次 等待 3 秒
2021-07-20 01:15:16 CHB 1807062?1626714907 第 1 次 获取到号码【1807062】GSD
2021-07-20 01:15:16 获取到号码【1807062】的GSD为【广西-梧州】
2021-07-20 01:15:24 GSD insert 第 1 次 等待 3 秒
2021-07-20 01:15:27 {"status":"ok","gid":331529,"msg":"添加成功！"}
2021-07-20 01:15:27 下次操作: 2021-07-20 01:15:48

2021-07-20 01:15:48 开始第 18 次操作

2021-07-20 01:15:48 开始操作号码 【1807063】
2021-07-20 01:15:51 GSD getOne 第 1 次 等待 3 秒
2021-07-20 01:15:54 查询号码 【1807063】，返回信息 {"status":"bad","msg":""}
2021-07-20 01:15:54 查询号码 【1807063】，GSD为【""】
2021-07-20 01:15:54 bad
2021-07-20 01:15:56 CHB 1807063?1626714954 第 1 次 等待 3 秒
2021-07-20 01:15:59 CHB 1807063?1626714954 第 1 次 获取到号码【1807063】GSD
2021-07-20 01:15:59 获取到号码【1807063】的GSD为【广西-梧州】
2021-07-20 01:16:02 GSD insert 第 1 次 等待 3 秒
2021-07-20 01:16:05 {"status":"ok","gid":331539,"msg":"添加成功！"}
2021-07-20 01:16:05 下次操作: 2021-07-20 01:16:24

2021-07-20 01:16:24 开始第 19 次操作

2021-07-20 01:16:24 开始操作号码 【1807064】
2021-07-20 01:16:27 GSD getOne 第 1 次 等待 3 秒
2021-07-20 01:16:30 查询号码 【1807064】，返回信息 {"status":"bad","msg":""}
2021-07-20 01:16:30 查询号码 【1807064】，GSD为【""】
2021-07-20 01:16:30 bad
2021-07-20 01:16:33 CHB 1807064?1626714990 第 1 次 等待 3 秒
2021-07-20 01:16:36 CHB 1807064?1626714990 第 1 次 获取到号码【1807064】GSD
2021-07-20 01:16:36 获取到号码【1807064】的GSD为【广西-梧州】
2021-07-20 01:16:39 GSD insert 第 1 次 等待 3 秒
2021-07-20 01:16:42 {"status":"ok","gid":331548,"msg":"添加成功！"}
2021-07-20 01:16:42 下次操作: 2021-07-20 01:16:55

2021-07-20 01:16:55 开始第 20 次操作

2021-07-20 01:16:55 开始操作号码 【1807065】
2021-07-20 01:16:58 GSD getOne 第 1 次 等待 3 秒
2021-07-20 01:17:01 查询号码 【1807065】，返回信息 {"status":"bad","msg":""}
2021-07-20 01:17:01 查询号码 【1807065】，GSD为【""】
2021-07-20 01:17:01 bad
2021-07-20 01:17:07 CHB 1807065?1626715021 第 1 次 等待 3 秒
2021-07-20 01:17:10 CHB 1807065?1626715021 第 1 次 获取到号码【1807065】GSD
2021-07-20 01:17:10 获取到号码【1807065】的GSD为【广西-贺州】
2021-07-20 01:17:13 GSD insert 第 1 次 等待 3 秒
2021-07-20 01:17:16 {"status":"ok","gid":331554,"msg":"添加成功！"}
2021-07-20 01:17:16 下次操作: 2021-07-20 01:17:28

2021-07-20 01:17:28 开始第 21 次操作

2021-07-20 01:17:28 开始操作号码 【1807066】
2021-07-20 01:17:36 GSD getOne 第 1 次 等待 3 秒
2021-07-20 01:17:39 查询号码 【1807066】，返回信息 {"status":"bad","msg":""}
2021-07-20 01:17:39 查询号码 【1807066】，GSD为【""】
2021-07-20 01:17:39 bad
2021-07-20 01:17:41 CHB 1807066?1626715059 第 1 次 等待 3 秒
2021-07-20 01:17:44 CHB 1807066?1626715059 第 1 次 获取到号码【1807066】GSD
2021-07-20 01:17:44 获取到号码【1807066】的GSD为【广西-贺州】
2021-07-20 01:17:49 GSD insert 第 1 次 等待 3 秒
2021-07-20 01:17:52 {"status":"ok","gid":331562,"msg":"添加成功！"}
2021-07-20 01:17:52 下次操作: 2021-07-20 01:18:04

2021-07-20 01:18:04 开始第 22 次操作

2021-07-20 01:18:04 开始操作号码 【1807067】
2021-07-20 01:18:07 GSD getOne 第 1 次 等待 3 秒
2021-07-20 01:18:10 查询号码 【1807067】，返回信息 {"status":"bad","msg":""}
2021-07-20 01:18:10 查询号码 【1807067】，GSD为【""】
2021-07-20 01:18:10 bad
2021-07-20 01:18:13 CHB 1807067?1626715090 第 1 次 等待 3 秒
2021-07-20 01:18:16 CHB 1807067?1626715090 第 1 次 获取到号码【1807067】GSD
2021-07-20 01:18:16 获取到号码【1807067】的GSD为【广西-贺州】
2021-07-20 01:18:19 GSD insert 第 1 次 等待 3 秒
2021-07-20 01:18:22 {"status":"ok","gid":331570,"msg":"添加成功！"}
2021-07-20 01:18:22 下次操作: 2021-07-20 01:18:46

2021-07-20 01:18:46 开始第 23 次操作

2021-07-20 01:18:46 开始操作号码 【1807068】
2021-07-20 01:18:48 GSD getOne 第 1 次 等待 3 秒
2021-07-20 01:18:51 查询号码 【1807068】，返回信息 {"status":"bad","msg":""}
2021-07-20 01:18:51 查询号码 【1807068】，GSD为【""】
2021-07-20 01:18:51 bad
2021-07-20 01:18:54 CHB 1807068?1626715131 第 1 次 等待 3 秒
2021-07-20 01:18:57 CHB 1807068?1626715131 第 1 次 获取到号码【1807068】GSD
2021-07-20 01:18:57 获取到号码【1807068】的GSD为【广西-贺州】
2021-07-20 01:19:00 GSD insert 第 1 次 等待 3 秒
2021-07-20 01:19:03 {"status":"ok","gid":331578,"msg":"添加成功！"}
2021-07-20 01:19:03 下次操作: 2021-07-20 01:19:25

2021-07-20 01:19:25 开始第 24 次操作

2021-07-20 01:19:25 开始操作号码 【1807069】
2021-07-20 01:19:33 GSD getOne 第 1 次 等待 3 秒
2021-07-20 01:19:36 查询号码 【1807069】，返回信息 {"status":"bad","msg":""}
2021-07-20 01:19:36 查询号码 【1807069】，GSD为【""】
2021-07-20 01:19:36 bad
2021-07-20 01:19:38 CHB 1807069?1626715176 第 1 次 等待 3 秒
2021-07-20 01:19:41 CHB 1807069?1626715176 第 1 次 获取到号码【1807069】GSD
2021-07-20 01:19:41 获取到号码【1807069】的GSD为【广西-贺州】
2021-07-20 01:19:44 GSD insert 第 1 次 等待 3 秒
2021-07-20 01:19:47 {"status":"ok","gid":331586,"msg":"添加成功！"}
2021-07-20 01:19:47 下次操作: 2021-07-20 01:20:04

2021-07-20 01:20:04 开始第 25 次操作

2021-07-20 01:20:04 开始操作号码 【1807070】
2021-07-20 01:20:08 GSD getOne 第 1 次 等待 3 秒
2021-07-20 01:20:11 查询号码 【1807070】，返回信息 {"status":"bad","msg":""}
2021-07-20 01:20:11 查询号码 【1807070】，GSD为【""】
2021-07-20 01:20:11 bad
2021-07-20 01:20:13 CHB 1807070?1626715211 第 1 次 等待 3 秒
2021-07-20 01:20:16 CHB 1807070?1626715211 第 1 次 获取到号码【1807070】GSD
2021-07-20 01:20:16 获取到号码【1807070】的GSD为【广西-崇左】
2021-07-20 01:20:19 GSD insert 第 1 次 等待 3 秒
2021-07-20 01:20:22 {"status":"ok","gid":331595,"msg":"添加成功！"}
2021-07-20 01:20:22 下次操作: 2021-07-20 01:20:41

2021-07-20 01:20:41 开始第 26 次操作

2021-07-20 01:20:41 开始操作号码 【1807071】
2021-07-20 01:20:44 GSD getOne 第 1 次 等待 3 秒
2021-07-20 01:20:47 查询号码 【1807071】，返回信息 {"status":"bad","msg":""}
2021-07-20 01:20:47 查询号码 【1807071】，GSD为【""】
2021-07-20 01:20:47 bad
2021-07-20 01:20:49 CHB 1807071?1626715247 第 1 次 等待 3 秒
2021-07-20 01:20:52 CHB 1807071?1626715247 第 1 次 获取到号码【1807071】GSD
2021-07-20 01:20:52 获取到号码【1807071】的GSD为【广西-崇左】
2021-07-20 01:20:58 GSD insert 第 1 次 等待 3 秒
2021-07-20 01:21:01 {"status":"ok","gid":331605,"msg":"添加成功！"}
2021-07-20 01:21:01 下次操作: 2021-07-20 01:21:13

2021-07-20 01:21:13 开始第 27 次操作

2021-07-20 01:21:13 开始操作号码 【1807072】
2021-07-20 01:21:18 GSD getOne 第 1 次 等待 3 秒
2021-07-20 01:21:21 查询号码 【1807072】，返回信息 {"status":"bad","msg":""}
2021-07-20 01:21:21 查询号码 【1807072】，GSD为【""】
2021-07-20 01:21:21 bad
2021-07-20 01:21:24 CHB 1807072?1626715281 第 1 次 等待 3 秒
2021-07-20 01:21:27 CHB 1807072?1626715281 第 1 次 获取到号码【1807072】GSD
2021-07-20 01:21:27 获取到号码【1807072】的GSD为【广西-崇左】
2021-07-20 01:21:30 GSD insert 第 1 次 等待 3 秒
2021-07-20 01:21:33 {"status":"ok","gid":331613,"msg":"添加成功！"}
2021-07-20 01:21:33 下次操作: 2021-07-20 01:21:45

2021-07-20 01:21:45 开始第 28 次操作

2021-07-20 01:21:45 开始操作号码 【1807073】
2021-07-20 01:21:48 GSD getOne 第 1 次 等待 3 秒
2021-07-20 01:21:51 查询号码 【1807073】，返回信息 {"status":"bad","msg":""}
2021-07-20 01:21:51 查询号码 【1807073】，GSD为【""】
2021-07-20 01:21:51 bad
2021-07-20 01:21:53 CHB 1807073?1626715311 第 1 次 等待 3 秒
2021-07-20 01:21:56 CHB 1807073?1626715311 第 1 次 获取到号码【1807073】GSD
2021-07-20 01:21:56 获取到号码【1807073】的GSD为【广西-崇左】
2021-07-20 01:22:00 GSD insert 第 1 次 等待 3 秒
2021-07-20 01:22:03 {"status":"ok","gid":331621,"msg":"添加成功！"}
2021-07-20 01:22:03 下次操作: 2021-07-20 01:22:17

2021-07-20 01:22:17 开始第 29 次操作

2021-07-20 01:22:17 开始操作号码 【1807074】
2021-07-20 01:22:20 GSD getOne 第 1 次 等待 3 秒
2021-07-20 01:22:23 查询号码 【1807074】，返回信息 {"status":"bad","msg":""}
2021-07-20 01:22:23 查询号码 【1807074】，GSD为【""】
2021-07-20 01:22:23 bad
2021-07-20 01:22:25 CHB 1807074?1626715343 第 1 次 等待 3 秒
2021-07-20 01:22:28 CHB 1807074?1626715343 第 1 次 获取到号码【1807074】GSD
2021-07-20 01:22:28 获取到号码【1807074】的GSD为【广西-崇左】
2021-07-20 01:22:35 GSD insert 第 1 次 等待 3 秒
2021-07-20 01:22:38 {"status":"ok","gid":331629,"msg":"添加成功！"}
2021-07-20 01:22:38 下次操作: 2021-07-20 01:22:51

2021-07-20 01:22:51 开始第 30 次操作

2021-07-20 01:22:51 开始操作号码 【1807075】
2021-07-20 01:22:54 GSD getOne 第 1 次 等待 3 秒
2021-07-20 01:22:57 查询号码 【1807075】，返回信息 {"status":"bad","msg":""}
2021-07-20 01:22:57 查询号码 【1807075】，GSD为【""】
2021-07-20 01:22:57 bad
2021-07-20 01:22:59 CHB 1807075?1626715377 第 1 次 等待 3 秒
2021-07-20 01:23:02 CHB 1807075?1626715377 第 1 次 获取到号码【1807075】GSD
2021-07-20 01:23:02 获取到号码【1807075】的GSD为【广西-钦州】
2021-07-20 01:23:06 GSD insert 第 1 次 等待 3 秒
2021-07-20 01:23:09 {"status":"ok","gid":331635,"msg":"添加成功！"}
2021-07-20 01:23:09 下次操作: 2021-07-20 01:23:29

2021-07-20 01:23:29 开始第 31 次操作

2021-07-20 01:23:29 开始操作号码 【1807076】
2021-07-20 01:23:35 GSD getOne 第 1 次 等待 3 秒
2021-07-20 01:23:38 查询号码 【1807076】，返回信息 {"status":"bad","msg":""}
2021-07-20 01:23:38 查询号码 【1807076】，GSD为【""】
2021-07-20 01:23:38 bad
2021-07-20 01:23:45 CHB 1807076?1626715418 第 1 次 等待 3 秒
2021-07-20 01:23:48 CHB 1807076?1626715418 第 1 次 获取到号码【1807076】GSD
2021-07-20 01:23:48 获取到号码【1807076】的GSD为【广西-钦州】
2021-07-20 01:23:51 GSD insert 第 1 次 等待 3 秒
2021-07-20 01:23:54 {"status":"ok","gid":331647,"msg":"添加成功！"}
2021-07-20 01:23:54 下次操作: 2021-07-20 01:24:06

2021-07-20 01:24:06 开始第 32 次操作

2021-07-20 01:24:06 开始操作号码 【1807077】
2021-07-20 01:24:09 GSD getOne 第 1 次 等待 3 秒
2021-07-20 01:24:12 查询号码 【1807077】，返回信息 {"status":"bad","msg":""}
2021-07-20 01:24:12 查询号码 【1807077】，GSD为【""】
2021-07-20 01:24:12 bad
2021-07-20 01:24:15 CHB 1807077?1626715452 第 1 次 等待 3 秒
2021-07-20 01:24:18 CHB 1807077?1626715452 第 1 次 获取到号码【1807077】GSD
2021-07-20 01:24:18 获取到号码【1807077】的GSD为【广西-钦州】
2021-07-20 01:24:21 GSD insert 第 1 次 等待 3 秒
2021-07-20 01:24:24 {"status":"ok","gid":331652,"msg":"添加成功！"}
2021-07-20 01:24:24 下次操作: 2021-07-20 01:24:41

2021-07-20 01:24:41 开始第 33 次操作

2021-07-20 01:24:41 开始操作号码 【1807078】
2021-07-20 01:24:43 GSD getOne 第 1 次 等待 3 秒
2021-07-20 01:24:46 查询号码 【1807078】，返回信息 {"status":"bad","msg":""}
2021-07-20 01:24:46 查询号码 【1807078】，GSD为【""】
2021-07-20 01:24:46 bad
2021-07-20 01:24:49 CHB 1807078?1626715486 第 1 次 等待 3 秒
2021-07-20 01:24:52 CHB 1807078?1626715486 第 1 次 获取到号码【1807078】GSD
2021-07-20 01:24:52 获取到号码【1807078】的GSD为【广西-钦州】
2021-07-20 01:24:55 GSD insert 第 1 次 等待 3 秒
2021-07-20 01:24:58 {"status":"ok","gid":331659,"msg":"添加成功！"}
2021-07-20 01:24:58 下次操作: 2021-07-20 01:25:15

2021-07-20 01:25:15 开始第 34 次操作

2021-07-20 01:25:15 开始操作号码 【1807079】
2021-07-20 01:25:20 GSD getOne 第 1 次 等待 3 秒
2021-07-20 01:25:23 查询号码 【1807079】，返回信息 {"status":"bad","msg":""}
2021-07-20 01:25:23 查询号码 【1807079】，GSD为【""】
2021-07-20 01:25:23 bad
2021-07-20 01:25:26 CHB 1807079?1626715523 第 1 次 等待 3 秒
2021-07-20 01:25:29 CHB 1807079?1626715523 第 1 次 获取到号码【1807079】GSD
2021-07-20 01:25:29 获取到号码【1807079】的GSD为【广西-钦州】
2021-07-20 01:25:35 GSD insert 第 1 次 等待 3 秒
2021-07-20 01:25:38 {"status":"ok","gid":331671,"msg":"添加成功！"}
2021-07-20 01:25:38 下次操作: 2021-07-20 01:25:59

2021-07-20 01:25:59 开始第 35 次操作

2021-07-20 01:25:59 开始操作号码 【1807080】
2021-07-20 01:26:02 GSD getOne 第 1 次 等待 3 秒
2021-07-20 01:26:05 查询号码 【1807080】，返回信息 {"status":"ok","msg":"广西-河池","gid":"50253","time_insert":"2021-04-21 15:46"}
2021-07-20 01:26:05 查询号码 【1807080】，GSD为【"广西-河池"】

2021-07-20 01:26:05 开始第 35 次操作

2021-07-20 01:26:05 开始操作号码 【1807081】
2021-07-20 01:26:08 GSD getOne 第 1 次 等待 3 秒
2021-07-20 01:26:11 查询号码 【1807081】，返回信息 {"status":"ok","msg":"广西-河池","gid":"32370","time_insert":"2017-04-18 18:35","time_update":"2020-12-17 13:21"}
2021-07-20 01:26:11 查询号码 【1807081】，GSD为【"广西-河池"】

2021-07-20 01:26:11 开始第 35 次操作

2021-07-20 01:26:11 开始操作号码 【1807082】
2021-07-20 01:26:20 GSD getOne 第 1 次 等待 3 秒
2021-07-20 01:26:23 查询号码 【1807082】，返回信息 {"status":"bad","msg":""}
2021-07-20 01:26:23 查询号码 【1807082】，GSD为【""】
2021-07-20 01:26:23 bad
2021-07-20 01:26:27 CHB 1807082?1626715583 第 1 次 等待 3 秒
2021-07-20 01:26:30 CHB 1807082?1626715583 第 1 次 获取到号码【1807082】GSD
2021-07-20 01:26:30 获取到号码【1807082】的GSD为【广西-河池】
2021-07-20 01:26:32 GSD insert 第 1 次 等待 3 秒
2021-07-20 01:26:35 {"status":"ok","gid":331683,"msg":"添加成功！"}
2021-07-20 01:26:35 下次操作: 2021-07-20 01:26:54

2021-07-20 01:26:54 开始第 36 次操作

2021-07-20 01:26:54 开始操作号码 【1807083】
2021-07-20 01:26:57 GSD getOne 第 1 次 等待 3 秒
2021-07-20 01:27:00 查询号码 【1807083】，返回信息 {"status":"bad","msg":""}
2021-07-20 01:27:01 查询号码 【1807083】，GSD为【""】
2021-07-20 01:27:01 bad
2021-07-20 01:27:07 CHB 1807083?1626715621 第 1 次 等待 3 秒
2021-07-20 01:27:10 CHB 1807083?1626715621 第 1 次 获取到号码【1807083】GSD
2021-07-20 01:27:10 获取到号码【1807083】的GSD为【广西-河池】
2021-07-20 01:27:17 GSD insert 第 1 次 等待 3 秒
2021-07-20 01:27:20 {"status":"ok","gid":331692,"msg":"添加成功！"}
2021-07-20 01:27:20 下次操作: 2021-07-20 01:27:43

2021-07-20 01:27:43 开始第 37 次操作

2021-07-20 01:27:43 开始操作号码 【1807084】
2021-07-20 01:27:47 GSD getOne 第 1 次 等待 3 秒
2021-07-20 01:27:50 查询号码 【1807084】，返回信息 {"status":"bad","msg":""}
2021-07-20 01:27:50 查询号码 【1807084】，GSD为【""】
2021-07-20 01:27:50 bad
2021-07-20 01:27:52 CHB 1807084?1626715670 第 1 次 等待 3 秒
2021-07-20 01:27:55 CHB 1807084?1626715670 第 1 次 获取到号码【1807084】GSD
2021-07-20 01:27:55 获取到号码【1807084】的GSD为【广西-河池】
2021-07-20 01:28:02 GSD insert 第 1 次 等待 3 秒
2021-07-20 01:28:05 {"status":"ok","gid":331700,"msg":"添加成功！"}
2021-07-20 01:28:05 下次操作: 2021-07-20 01:28:19

2021-07-20 01:28:19 开始第 38 次操作

2021-07-20 01:28:19 开始操作号码 【1807085】
2021-07-20 01:28:22 GSD getOne 第 1 次 等待 3 秒
2021-07-20 01:28:25 查询号码 【1807085】，返回信息 {"status":"bad","msg":""}
2021-07-20 01:28:25 查询号码 【1807085】，GSD为【""】
2021-07-20 01:28:25 bad
2021-07-20 01:28:27 CHB 1807085?1626715705 第 1 次 等待 3 秒
2021-07-20 01:28:30 CHB 1807085?1626715705 第 1 次 获取到号码【1807085】GSD
2021-07-20 01:28:30 获取到号码【1807085】的GSD为【广西-河池】
2021-07-20 01:28:33 GSD insert 第 1 次 等待 3 秒
2021-07-20 01:28:36 {"status":"ok","gid":331704,"msg":"添加成功！"}
2021-07-20 01:28:36 下次操作: 2021-07-20 01:28:54

2021-07-20 01:28:54 开始第 39 次操作

2021-07-20 01:28:54 开始操作号码 【1807086】
2021-07-20 01:28:57 GSD getOne 第 1 次 等待 3 秒
2021-07-20 01:29:00 查询号码 【1807086】，返回信息 {"status":"bad","msg":""}
2021-07-20 01:29:00 查询号码 【1807086】，GSD为【""】
2021-07-20 01:29:00 bad
2021-07-20 01:29:04 CHB 1807086?1626715740 第 1 次 等待 3 秒
2021-07-20 01:29:07 CHB 1807086?1626715740 第 1 次 获取到号码【1807086】GSD
2021-07-20 01:29:07 获取到号码【1807086】的GSD为【广西-河池】
2021-07-20 01:29:10 GSD insert 第 1 次 等待 3 秒
2021-07-20 01:29:13 {"status":"ok","gid":331708,"msg":"添加成功！"}
2021-07-20 01:29:13 下次操作: 2021-07-20 01:29:27

2021-07-20 01:29:27 开始第 40 次操作

2021-07-20 01:29:27 开始操作号码 【1807087】
2021-07-20 01:29:30 GSD getOne 第 1 次 等待 3 秒
2021-07-20 01:29:33 查询号码 【1807087】，返回信息 {"status":"bad","msg":""}
2021-07-20 01:29:33 查询号码 【1807087】，GSD为【""】
2021-07-20 01:29:33 bad
2021-07-20 01:29:36 CHB 1807087?1626715773 第 1 次 等待 3 秒
2021-07-20 01:29:39 CHB 1807087?1626715773 第 1 次 获取到号码【1807087】GSD
2021-07-20 01:29:39 获取到号码【1807087】的GSD为【广西-河池】
2021-07-20 01:29:42 GSD insert 第 1 次 等待 3 秒
2021-07-20 01:29:45 {"status":"ok","gid":331712,"msg":"添加成功！"}

