2024-01-03 00:09:04 开始第 6833 次操作

2024-01-03 00:09:04 开始操作号码 【1876733】
2024-01-03 00:09:09 GSD getOne 第 1 次 等待 3 秒
2024-01-03 00:09:12 查询号码 【1876733】，返回信息 {"status":"ok","msg":"浙江-嘉兴","gid":"433472","time_insert":"2021-07-29 13:06"}
2024-01-03 00:09:12 查询号码 【1876733】，GSD为【"浙江-嘉兴"】

2024-01-03 00:09:13 开始第 6834 次操作

2024-01-03 00:09:13 开始操作号码 【1876734】
2024-01-03 00:09:16 GSD getOne 第 1 次 等待 3 秒
2024-01-03 00:09:19 查询号码 【1876734】，返回信息 {"status":"ok","msg":"浙江-嘉兴","gid":"433461","time_insert":"2021-07-29 13:05"}
2024-01-03 00:09:19 查询号码 【1876734】，GSD为【"浙江-嘉兴"】

2024-01-03 00:09:20 开始第 6835 次操作

2024-01-03 00:09:20 开始操作号码 【1876735】
2024-01-03 00:09:23 GSD getOne 第 1 次 等待 3 秒
2024-01-03 00:09:26 查询号码 【1876735】，返回信息 {"status":"ok","msg":"浙江-嘉兴","gid":"433452","time_insert":"2021-07-29 13:05"}
2024-01-03 00:09:26 查询号码 【1876735】，GSD为【"浙江-嘉兴"】

2024-01-03 00:09:27 开始第 6836 次操作

2024-01-03 00:09:27 开始操作号码 【1876736】
2024-01-03 00:09:30 GSD getOne 第 1 次 等待 3 秒
2024-01-03 00:09:33 查询号码 【1876736】，返回信息 {"status":"ok","msg":"浙江-嘉兴","gid":"433443","time_insert":"2021-07-29 13:04"}
2024-01-03 00:09:33 查询号码 【1876736】，GSD为【"浙江-嘉兴"】

2024-01-03 00:35:31 开始第 6837 次操作

2024-01-03 00:35:31 开始操作号码 【1876737】
2024-01-03 00:35:34 GSD getOne 第 1 次 等待 3 秒
2024-01-03 00:35:37 查询号码 【1876737】，返回信息 {"status":"ok","msg":"浙江-嘉兴","gid":"433435","time_insert":"2021-07-29 13:03"}
2024-01-03 00:35:37 查询号码 【1876737】，GSD为【"浙江-嘉兴"】

2024-01-03 00:35:38 开始第 6838 次操作

2024-01-03 00:35:38 开始操作号码 【1876738】
2024-01-03 00:35:41 GSD getOne 第 1 次 等待 3 秒
2024-01-03 00:35:44 查询号码 【1876738】，返回信息 {"status":"ok","msg":"浙江-嘉兴","gid":"433426","time_insert":"2021-07-29 13:03"}
2024-01-03 00:35:44 查询号码 【1876738】，GSD为【"浙江-嘉兴"】

2024-01-03 00:35:45 开始第 6839 次操作

2024-01-03 00:35:45 开始操作号码 【1876739】
2024-01-03 00:35:48 GSD getOne 第 1 次 等待 3 秒
2024-01-03 00:35:51 查询号码 【1876739】，返回信息 {"status":"ok","msg":"浙江-嘉兴","gid":"433419","time_insert":"2021-07-29 13:02"}
2024-01-03 00:35:51 查询号码 【1876739】，GSD为【"浙江-嘉兴"】

2024-01-03 00:35:52 开始第 6840 次操作

2024-01-03 00:35:52 开始操作号码 【1876740】
2024-01-03 00:35:55 GSD getOne 第 1 次 等待 3 秒
2024-01-03 00:35:58 查询号码 【1876740】，返回信息 {"status":"ok","msg":"浙江-台州","gid":"433409","time_insert":"2021-07-29 13:02"}
2024-01-03 00:35:58 查询号码 【1876740】，GSD为【"浙江-台州"】

2024-01-03 01:07:03 开始第 6841 次操作

2024-01-03 01:07:03 开始操作号码 【1876741】
2024-01-03 01:07:07 GSD getOne 第 1 次 等待 3 秒
2024-01-03 01:07:10 查询号码 【1876741】，返回信息 {"status":"ok","msg":"浙江-台州","gid":"433402","time_insert":"2021-07-29 13:01"}
2024-01-03 01:07:10 查询号码 【1876741】，GSD为【"浙江-台州"】

2024-01-03 01:07:11 开始第 6842 次操作

2024-01-03 01:07:11 开始操作号码 【1876742】
2024-01-03 01:07:16 GSD getOne 第 1 次 等待 3 秒
2024-01-03 01:07:19 查询号码 【1876742】，返回信息 {"status":"ok","msg":"浙江-台州","gid":"433391","time_insert":"2021-07-29 13:01"}
2024-01-03 01:07:19 查询号码 【1876742】，GSD为【"浙江-台州"】

2024-01-03 01:07:20 开始第 6843 次操作

2024-01-03 01:07:20 开始操作号码 【1876743】
2024-01-03 01:07:23 GSD getOne 第 1 次 等待 3 秒
2024-01-03 01:07:26 查询号码 【1876743】，返回信息 {"status":"ok","msg":"浙江-台州","gid":"433383","time_insert":"2021-07-29 13:00"}
2024-01-03 01:07:26 查询号码 【1876743】，GSD为【"浙江-台州"】

2024-01-03 01:07:27 开始第 6844 次操作

2024-01-03 01:07:27 开始操作号码 【1876744】
2024-01-03 01:07:30 GSD getOne 第 1 次 等待 3 秒
2024-01-03 01:07:33 查询号码 【1876744】，返回信息 {"status":"ok","msg":"浙江-台州","gid":"433374","time_insert":"2021-07-29 12:59"}
2024-01-03 01:07:33 查询号码 【1876744】，GSD为【"浙江-台州"】

2024-01-03 01:32:20 开始第 6845 次操作

2024-01-03 01:32:20 开始操作号码 【1876745】
2024-01-03 01:32:25 GSD getOne 第 1 次 等待 3 秒
2024-01-03 01:32:28 查询号码 【1876745】，返回信息 {"status":"ok","msg":"浙江-温州","gid":"433363","time_insert":"2021-07-29 12:59"}
2024-01-03 01:32:28 查询号码 【1876745】，GSD为【"浙江-温州"】

2024-01-03 01:32:29 开始第 6846 次操作

2024-01-03 01:32:29 开始操作号码 【1876746】
2024-01-03 01:32:32 GSD getOne 第 1 次 等待 3 秒
2024-01-03 01:32:35 查询号码 【1876746】，返回信息 {"status":"ok","msg":"浙江-温州","gid":"433353","time_insert":"2021-07-29 12:58"}
2024-01-03 01:32:35 查询号码 【1876746】，GSD为【"浙江-温州"】

2024-01-03 01:32:36 开始第 6847 次操作

2024-01-03 01:32:36 开始操作号码 【1876747】
2024-01-03 01:32:40 GSD getOne 第 1 次 等待 3 秒
2024-01-03 01:32:43 查询号码 【1876747】，返回信息 {"status":"ok","msg":"浙江-温州","gid":"433343","time_insert":"2021-07-29 12:58"}
2024-01-03 01:32:43 查询号码 【1876747】，GSD为【"浙江-温州"】

2024-01-03 01:32:44 开始第 6848 次操作

2024-01-03 01:32:44 开始操作号码 【1876748】
2024-01-03 01:32:48 GSD getOne 第 1 次 等待 3 秒
2024-01-03 01:32:51 查询号码 【1876748】，返回信息 {"status":"ok","msg":"浙江-温州","gid":"42578","time_insert":"2017-04-19 11:23","time_update":"2020-09-03 03:06"}
2024-01-03 01:32:51 查询号码 【1876748】，GSD为【"浙江-温州"】

