2024-07-20 00:10:15 开始第 7105 次操作

2024-07-20 00:10:15 开始操作号码 【1546988】
2024-07-20 00:10:24 GSD getOne 第 1 次 等待 3 秒
2024-07-20 00:10:27 查询号码 【1546988】，返回信息 {"status":"ok","msg":"-","gid":"673879","time_insert":"2023-04-24 05:27"}
2024-07-20 00:10:27 查询号码 【1546988】，GSD为【"-"】
2024-07-20 00:10:27 ok && -
2024-07-20 00:10:28 CHB 1546988?1721405427 第 1 次 等待 3 秒
2024-07-20 00:10:31 CHB 1546988?1721405427 第 1 次 获取到号码【1546988】GSD
2024-07-20 00:10:31 未获取到号码【1546988】GSD，可能号码格式错误
2024-07-20 00:10:31 获取到号码【1546988】的GSD为【-】
2024-07-20 00:10:41 GSD insert 第 1 次 等待 3 秒
2024-07-20 00:10:44 {"status":"bad","gid":"673879","msg":"添加失败！号码【1546988(-|-)】已存在！"}
2024-07-20 00:10:44 随机等待 95 秒，约 1 分钟
2024-07-20 00:10:44 下次操作: 2024-07-20 00:12:19

2024-07-20 00:12:19 开始第 7106 次操作

2024-07-20 00:12:19 开始操作号码 【1546989】
2024-07-20 00:12:27 GSD getOne 第 1 次 等待 3 秒
2024-07-20 00:12:30 查询号码 【1546989】，返回信息 {"status":"ok","msg":"-","gid":"673892","time_insert":"2023-04-24 05:41"}
2024-07-20 00:12:30 查询号码 【1546989】，GSD为【"-"】
2024-07-20 00:12:30 ok && -
2024-07-20 00:12:31 CHB 1546989?1721405550 第 1 次 等待 3 秒
2024-07-20 00:12:34 CHB 1546989?1721405550 第 1 次 获取到号码【1546989】GSD
2024-07-20 00:12:34 未获取到号码【1546989】GSD，可能号码格式错误
2024-07-20 00:12:34 获取到号码【1546989】的GSD为【-】
2024-07-20 00:12:43 GSD insert 第 1 次 等待 3 秒
2024-07-20 00:12:46 {"status":"bad","gid":"673892","msg":"添加失败！号码【1546989(-|-)】已存在！"}
2024-07-20 00:12:46 随机等待 187 秒，约 3 分钟
2024-07-20 00:12:46 下次操作: 2024-07-20 00:15:53

2024-07-20 00:15:53 开始第 7107 次操作

2024-07-20 00:15:53 开始操作号码 【1546990】
2024-07-20 00:16:01 GSD getOne 第 1 次 等待 3 秒
2024-07-20 00:16:04 查询号码 【1546990】，返回信息 {"status":"ok","msg":"-","gid":"673904","time_insert":"2023-04-24 05:57"}
2024-07-20 00:16:04 查询号码 【1546990】，GSD为【"-"】
2024-07-20 00:16:04 ok && -
2024-07-20 00:16:06 CHB 1546990?1721405764 第 1 次 等待 3 秒
2024-07-20 00:16:09 CHB 1546990?1721405764 第 1 次 获取到号码【1546990】GSD
2024-07-20 00:16:09 未获取到号码【1546990】GSD，可能号码格式错误
2024-07-20 00:16:09 获取到号码【1546990】的GSD为【-】
2024-07-20 00:16:18 GSD insert 第 1 次 等待 3 秒
2024-07-20 00:16:21 {"status":"bad","gid":"673904","msg":"添加失败！号码【1546990(-|-)】已存在！"}
2024-07-20 00:16:21 随机等待 126 秒，约 2 分钟
2024-07-20 00:16:21 下次操作: 2024-07-20 00:18:27

2024-07-20 00:18:27 开始第 7108 次操作

2024-07-20 00:18:27 开始操作号码 【1546991】
2024-07-20 00:18:34 GSD getOne 第 1 次 等待 3 秒
2024-07-20 00:18:37 查询号码 【1546991】，返回信息 {"status":"ok","msg":"-","gid":"673921","time_insert":"2023-04-24 06:19"}
2024-07-20 00:18:37 查询号码 【1546991】，GSD为【"-"】
2024-07-20 00:18:37 ok && -
2024-07-20 00:18:39 CHB 1546991?1721405917 第 1 次 等待 3 秒
2024-07-20 00:18:42 CHB 1546991?1721405917 第 1 次 获取到号码【1546991】GSD
2024-07-20 00:18:42 未获取到号码【1546991】GSD，可能号码格式错误
2024-07-20 00:18:42 获取到号码【1546991】的GSD为【-】
2024-07-20 00:18:51 GSD insert 第 1 次 等待 3 秒
2024-07-20 00:18:54 {"status":"bad","gid":"673921","msg":"添加失败！号码【1546991(-|-)】已存在！"}

2024-07-20 00:38:14 开始第 7109 次操作

2024-07-20 00:38:14 开始操作号码 【1546992】
2024-07-20 00:38:24 GSD getOne 第 1 次 等待 3 秒
2024-07-20 00:38:27 查询号码 【1546992】，返回信息 {"status":"ok","msg":"-","gid":"673931","time_insert":"2023-04-24 06:30"}
2024-07-20 00:38:27 查询号码 【1546992】，GSD为【"-"】
2024-07-20 00:38:27 ok && -
2024-07-20 00:38:29 CHB 1546992?1721407107 第 1 次 等待 3 秒
2024-07-20 00:38:32 CHB 1546992?1721407107 第 1 次 获取到号码【1546992】GSD
2024-07-20 00:38:32 未获取到号码【1546992】GSD，可能号码格式错误
2024-07-20 00:38:32 获取到号码【1546992】的GSD为【-】
2024-07-20 00:38:40 GSD insert 第 1 次 等待 3 秒
2024-07-20 00:38:43 {"status":"bad","gid":"673931","msg":"添加失败！号码【1546992(-|-)】已存在！"}
2024-07-20 00:38:43 随机等待 203 秒，约 3 分钟
2024-07-20 00:38:43 下次操作: 2024-07-20 00:42:06

2024-07-20 00:42:06 开始第 7110 次操作

2024-07-20 00:42:06 开始操作号码 【1546993】
2024-07-20 00:42:14 GSD getOne 第 1 次 等待 3 秒
2024-07-20 00:42:17 查询号码 【1546993】，返回信息 {"status":"ok","msg":"-","gid":"673947","time_insert":"2023-04-24 06:53"}
2024-07-20 00:42:17 查询号码 【1546993】，GSD为【"-"】
2024-07-20 00:42:17 ok && -
2024-07-20 00:42:19 CHB 1546993?1721407337 第 1 次 等待 3 秒
2024-07-20 00:42:22 CHB 1546993?1721407337 第 1 次 获取到号码【1546993】GSD
2024-07-20 00:42:22 未获取到号码【1546993】GSD，可能号码格式错误
2024-07-20 00:42:22 获取到号码【1546993】的GSD为【-】
2024-07-20 00:42:30 GSD insert 第 1 次 等待 3 秒
2024-07-20 00:42:33 {"status":"bad","gid":"673947","msg":"添加失败！号码【1546993(-|-)】已存在！"}
2024-07-20 00:42:33 随机等待 231 秒，约 3 分钟
2024-07-20 00:42:33 下次操作: 2024-07-20 00:46:24

2024-07-20 00:46:24 开始第 7111 次操作

2024-07-20 00:46:24 开始操作号码 【1546994】
2024-07-20 00:46:32 GSD getOne 第 1 次 等待 3 秒
2024-07-20 00:46:35 查询号码 【1546994】，返回信息 {"status":"ok","msg":"-","gid":"673956","time_insert":"2023-04-24 07:04"}
2024-07-20 00:46:35 查询号码 【1546994】，GSD为【"-"】
2024-07-20 00:46:35 ok && -
2024-07-20 00:46:36 CHB 1546994?1721407595 第 1 次 等待 3 秒
2024-07-20 00:46:39 CHB 1546994?1721407595 第 1 次 获取到号码【1546994】GSD
2024-07-20 00:46:39 未获取到号码【1546994】GSD，可能号码格式错误
2024-07-20 00:46:39 获取到号码【1546994】的GSD为【-】
2024-07-20 00:46:49 GSD insert 第 1 次 等待 3 秒
2024-07-20 00:46:52 {"status":"bad","gid":"673956","msg":"添加失败！号码【1546994(-|-)】已存在！"}
2024-07-20 00:46:52 随机等待 220 秒，约 3 分钟
2024-07-20 00:46:52 下次操作: 2024-07-20 00:50:32

2024-07-20 00:50:32 开始第 7112 次操作

2024-07-20 00:50:32 开始操作号码 【1546995】
2024-07-20 00:50:40 GSD getOne 第 1 次 等待 3 秒
2024-07-20 00:50:43 查询号码 【1546995】，返回信息 {"status":"ok","msg":"-","gid":"673969","time_insert":"2023-04-24 07:23"}
2024-07-20 00:50:43 查询号码 【1546995】，GSD为【"-"】
2024-07-20 00:50:43 ok && -
2024-07-20 00:50:44 CHB 1546995?1721407843 第 1 次 等待 3 秒
2024-07-20 00:50:47 CHB 1546995?1721407843 第 1 次 获取到号码【1546995】GSD
2024-07-20 00:50:47 未获取到号码【1546995】GSD，可能号码格式错误
2024-07-20 00:50:47 获取到号码【1546995】的GSD为【-】
2024-07-20 00:50:56 GSD insert 第 1 次 等待 3 秒
2024-07-20 00:50:59 {"status":"bad","gid":"673969","msg":"添加失败！号码【1546995(-|-)】已存在！"}

