2024-04-19 00:09:21 开始第 4441 次操作

2024-04-19 00:09:21 开始操作号码 【1654342】
2024-04-19 00:09:31 GSD getOne 第 1 次 等待 3 秒
2024-04-19 00:09:34 查询号码 【1654342】，返回信息 {"status":"ok","msg":"吉林-四平","gid":"268908","time_insert":"2021-07-13 22:06","time_update":"2023-05-19 09:35"}
2024-04-19 00:09:34 查询号码 【1654342】，GSD为【"吉林-四平"】

2024-04-19 00:09:35 开始第 4442 次操作

2024-04-19 00:09:35 开始操作号码 【1654343】
2024-04-19 00:09:41 GSD getOne 第 1 次 等待 3 秒
2024-04-19 00:09:44 查询号码 【1654343】，返回信息 {"status":"ok","msg":"山东-滨州","gid":"268911","time_insert":"2021-07-13 22:07","time_update":"2023-05-19 09:34"}
2024-04-19 00:09:44 查询号码 【1654343】，GSD为【"山东-滨州"】

2024-04-19 00:09:45 开始第 4443 次操作

2024-04-19 00:09:45 开始操作号码 【1654344】
2024-04-19 00:09:52 GSD getOne 第 1 次 等待 3 秒
2024-04-19 00:09:55 查询号码 【1654344】，返回信息 {"status":"ok","msg":"吉林-四平","gid":"269000","time_insert":"2021-07-13 22:37","time_update":"2023-05-19 09:27"}
2024-04-19 00:09:55 查询号码 【1654344】，GSD为【"吉林-四平"】

2024-04-19 00:09:56 开始第 4444 次操作

2024-04-19 00:09:56 开始操作号码 【1654345】
2024-04-19 00:10:02 GSD getOne 第 1 次 等待 3 秒
2024-04-19 00:10:05 查询号码 【1654345】，返回信息 {"status":"ok","msg":"-","gid":"269006","time_insert":"2021-07-13 22:38"}
2024-04-19 00:10:05 查询号码 【1654345】，GSD为【"-"】
2024-04-19 00:10:05 ok && -
2024-04-19 00:10:06 CHB 1654345?1713456605 第 1 次 等待 3 秒
2024-04-19 00:10:09 CHB 1654345?1713456605 第 1 次 获取到号码【1654345】GSD
2024-04-19 00:10:09 0: 吉林-四平
2024-04-19 00:10:09 获取到号码【1654345】的GSD为【吉林-四平】
2024-04-19 00:10:16 GSD insert 第 1 次 等待 3 秒
2024-04-19 00:10:19 {"status":"ok","gid":"269006","msg":"添加号码已存在，但为‘-’，修改为【吉林-四平】成功！"}

