2023-10-08 00:08:11 开始第 2141 次操作

2023-10-08 00:08:11 开始操作号码 【1972140】
2023-10-08 00:08:17 GSD getOne 第 1 次 等待 3 秒
2023-10-08 00:08:20 查询号码 【1972140】，返回信息 {"status":"ok","msg":"安徽-铜陵","gid":"548163","time_insert":"2023-02-22 23:21"}
2023-10-08 00:08:20 查询号码 【1972140】，GSD为【"安徽-铜陵"】

2023-10-08 00:08:21 开始第 2142 次操作

2023-10-08 00:08:21 开始操作号码 【1972141】
2023-10-08 00:08:26 GSD getOne 第 1 次 等待 3 秒
2023-10-08 00:08:29 查询号码 【1972141】，返回信息 {"status":"ok","msg":"安徽-安庆","gid":"548165","time_insert":"2023-02-22 23:23"}
2023-10-08 00:08:29 查询号码 【1972141】，GSD为【"安徽-安庆"】

2023-10-08 00:08:30 开始第 2143 次操作

2023-10-08 00:08:30 开始操作号码 【1972142】
2023-10-08 00:08:36 GSD getOne 第 1 次 等待 3 秒
2023-10-08 00:08:39 查询号码 【1972142】，返回信息 {"status":"ok","msg":"安徽-黄山","gid":"548172","time_insert":"2023-02-22 23:26"}
2023-10-08 00:08:39 查询号码 【1972142】，GSD为【"安徽-黄山"】

2023-10-08 00:08:40 开始第 2144 次操作

2023-10-08 00:08:40 开始操作号码 【1972143】
2023-10-08 00:08:56 GSD getOne 第 1 次 等待 3 秒
2023-10-08 00:08:59 查询号码 【1972143】，返回信息 {"status":"ok","msg":"安徽-宿州","gid":"548189","time_insert":"2023-02-22 23:37"}
2023-10-08 00:08:59 查询号码 【1972143】，GSD为【"安徽-宿州"】

