2024-03-15 00:09:55 开始第 9113 次操作

2024-03-15 00:09:55 开始操作号码 【1769013】
2024-03-15 00:10:00 GSD getOne 第 1 次 等待 3 秒
2024-03-15 00:10:03 查询号码 【1769013】，返回信息 {"status":"ok","msg":"新疆-喀什","gid":"148063","time_insert":"2021-06-28 17:58"}
2024-03-15 00:10:03 查询号码 【1769013】，GSD为【"新疆-喀什"】

2024-03-15 00:10:04 开始第 9114 次操作

2024-03-15 00:10:04 开始操作号码 【1769014】
2024-03-15 00:10:10 GSD getOne 第 1 次 等待 3 秒
2024-03-15 00:10:13 查询号码 【1769014】，返回信息 {"status":"ok","msg":"新疆-喀什","gid":"148051","time_insert":"2021-06-28 17:57"}
2024-03-15 00:10:13 查询号码 【1769014】，GSD为【"新疆-喀什"】

2024-03-15 00:10:14 开始第 9115 次操作

2024-03-15 00:10:14 开始操作号码 【1769015】
2024-03-15 00:10:20 GSD getOne 第 1 次 等待 3 秒
2024-03-15 00:10:23 查询号码 【1769015】，返回信息 {"status":"ok","msg":"新疆-喀什","gid":"148041","time_insert":"2021-06-28 17:56"}
2024-03-15 00:10:23 查询号码 【1769015】，GSD为【"新疆-喀什"】

2024-03-15 00:10:24 开始第 9116 次操作

2024-03-15 00:10:24 开始操作号码 【1769016】
2024-03-15 00:10:30 GSD getOne 第 1 次 等待 3 秒
2024-03-15 00:10:33 查询号码 【1769016】，返回信息 {"status":"ok","msg":"新疆-喀什","gid":"148029","time_insert":"2021-06-28 17:56"}
2024-03-15 00:10:33 查询号码 【1769016】，GSD为【"新疆-喀什"】

2024-03-15 00:34:38 开始第 9117 次操作

2024-03-15 00:34:38 开始操作号码 【1769017】
2024-03-15 00:34:44 GSD getOne 第 1 次 等待 3 秒
2024-03-15 00:34:47 查询号码 【1769017】，返回信息 {"status":"ok","msg":"新疆-喀什","gid":"148019","time_insert":"2021-06-28 17:55"}
2024-03-15 00:34:47 查询号码 【1769017】，GSD为【"新疆-喀什"】

2024-03-15 00:34:48 开始第 9118 次操作

2024-03-15 00:34:48 开始操作号码 【1769018】
2024-03-15 00:34:52 GSD getOne 第 1 次 等待 3 秒
2024-03-15 00:34:55 查询号码 【1769018】，返回信息 {"status":"ok","msg":"新疆-喀什","gid":"148009","time_insert":"2021-06-28 17:54"}
2024-03-15 00:34:55 查询号码 【1769018】，GSD为【"新疆-喀什"】

2024-03-15 00:34:56 开始第 9119 次操作

2024-03-15 00:34:56 开始操作号码 【1769019】
2024-03-15 00:35:02 GSD getOne 第 1 次 等待 3 秒
2024-03-15 00:35:05 查询号码 【1769019】，返回信息 {"status":"ok","msg":"新疆-喀什","gid":"148000","time_insert":"2021-06-28 17:53"}
2024-03-15 00:35:05 查询号码 【1769019】，GSD为【"新疆-喀什"】

2024-03-15 00:35:06 开始第 9120 次操作

2024-03-15 00:35:06 开始操作号码 【1769020】
2024-03-15 00:35:11 GSD getOne 第 1 次 等待 3 秒
2024-03-15 00:35:14 查询号码 【1769020】，返回信息 {"status":"ok","msg":"新疆-伊犁","gid":"147987","time_insert":"2021-06-28 17:52"}
2024-03-15 00:35:14 查询号码 【1769020】，GSD为【"新疆-伊犁"】

2024-03-15 01:07:13 开始第 9121 次操作

2024-03-15 01:07:13 开始操作号码 【1769021】
2024-03-15 01:07:18 GSD getOne 第 1 次 等待 3 秒
2024-03-15 01:07:21 查询号码 【1769021】，返回信息 {"status":"ok","msg":"新疆-伊犁","gid":"147976","time_insert":"2021-06-28 17:52"}
2024-03-15 01:07:21 查询号码 【1769021】，GSD为【"新疆-伊犁"】

2024-03-15 01:07:22 开始第 9122 次操作

2024-03-15 01:07:22 开始操作号码 【1769022】
2024-03-15 01:07:30 GSD getOne 第 1 次 等待 3 秒
2024-03-15 01:07:33 查询号码 【1769022】，返回信息 {"status":"ok","msg":"新疆-伊犁","gid":"147967","time_insert":"2021-06-28 17:51"}
2024-03-15 01:07:33 查询号码 【1769022】，GSD为【"新疆-伊犁"】

2024-03-15 01:07:34 开始第 9123 次操作

2024-03-15 01:07:34 开始操作号码 【1769023】
2024-03-15 01:07:39 GSD getOne 第 1 次 等待 3 秒
2024-03-15 01:07:42 查询号码 【1769023】，返回信息 {"status":"ok","msg":"新疆-伊犁","gid":"147958","time_insert":"2021-06-28 17:50"}
2024-03-15 01:07:42 查询号码 【1769023】，GSD为【"新疆-伊犁"】

2024-03-15 01:07:43 开始第 9124 次操作

2024-03-15 01:07:43 开始操作号码 【1769024】
2024-03-15 01:07:48 GSD getOne 第 1 次 等待 3 秒
2024-03-15 01:07:51 查询号码 【1769024】，返回信息 {"status":"ok","msg":"新疆-伊犁","gid":"147945","time_insert":"2021-06-28 17:49"}
2024-03-15 01:07:51 查询号码 【1769024】，GSD为【"新疆-伊犁"】

2024-03-15 01:32:19 开始第 9125 次操作

2024-03-15 01:32:19 开始操作号码 【1769025】
2024-03-15 01:32:24 GSD getOne 第 1 次 等待 3 秒
2024-03-15 01:32:27 查询号码 【1769025】，返回信息 {"status":"ok","msg":"新疆-伊犁","gid":"147932","time_insert":"2021-06-28 17:49"}
2024-03-15 01:32:27 查询号码 【1769025】，GSD为【"新疆-伊犁"】

2024-03-15 01:32:28 开始第 9126 次操作

2024-03-15 01:32:28 开始操作号码 【1769026】
2024-03-15 01:32:33 GSD getOne 第 1 次 等待 3 秒
2024-03-15 01:32:36 查询号码 【1769026】，返回信息 {"status":"ok","msg":"新疆-伊犁","gid":"147852","time_insert":"2021-06-28 17:06"}
2024-03-15 01:32:36 查询号码 【1769026】，GSD为【"新疆-伊犁"】

2024-03-15 01:32:37 开始第 9127 次操作

2024-03-15 01:32:37 开始操作号码 【1769027】
2024-03-15 01:32:41 GSD getOne 第 1 次 等待 3 秒
2024-03-15 01:32:44 查询号码 【1769027】，返回信息 {"status":"ok","msg":"新疆-伊犁","gid":"147844","time_insert":"2021-06-28 17:05"}
2024-03-15 01:32:44 查询号码 【1769027】，GSD为【"新疆-伊犁"】

2024-03-15 01:32:45 开始第 9128 次操作

2024-03-15 01:32:45 开始操作号码 【1769028】
2024-03-15 01:32:50 GSD getOne 第 1 次 等待 3 秒
2024-03-15 01:32:53 查询号码 【1769028】，返回信息 {"status":"ok","msg":"新疆-伊犁","gid":"147836","time_insert":"2021-06-28 17:05"}
2024-03-15 01:32:53 查询号码 【1769028】，GSD为【"新疆-伊犁"】

2024-03-15 02:09:31 开始第 9129 次操作

2024-03-15 02:09:31 开始操作号码 【1769029】
2024-03-15 02:09:36 GSD getOne 第 1 次 等待 3 秒
2024-03-15 02:09:39 查询号码 【1769029】，返回信息 {"status":"ok","msg":"新疆-伊犁","gid":"51254","time_insert":"2021-04-22 09:31"}
2024-03-15 02:09:39 查询号码 【1769029】，GSD为【"新疆-伊犁"】

2024-03-15 02:09:40 开始第 9130 次操作

2024-03-15 02:09:40 开始操作号码 【1769030】
2024-03-15 02:09:45 GSD getOne 第 1 次 等待 3 秒
2024-03-15 02:09:48 查询号码 【1769030】，返回信息 {"status":"ok","msg":"新疆-伊犁","gid":"30248","time_insert":"2020-05-28 22:48","time_update":"2020-12-22 21:41"}
2024-03-15 02:09:48 查询号码 【1769030】，GSD为【"新疆-伊犁"】

2024-03-15 02:09:49 开始第 9131 次操作

2024-03-15 02:09:49 开始操作号码 【1769031】
2024-03-15 02:09:57 GSD getOne 第 1 次 等待 3 秒
2024-03-15 02:10:00 查询号码 【1769031】，返回信息 {"status":"ok","msg":"新疆-伊犁","gid":"147823","time_insert":"2021-06-28 17:03"}
2024-03-15 02:10:00 查询号码 【1769031】，GSD为【"新疆-伊犁"】

2024-03-15 02:10:01 开始第 9132 次操作

2024-03-15 02:10:01 开始操作号码 【1769032】
2024-03-15 02:10:07 GSD getOne 第 1 次 等待 3 秒
2024-03-15 02:10:10 查询号码 【1769032】，返回信息 {"status":"ok","msg":"新疆-伊犁","gid":"147815","time_insert":"2021-06-28 17:03"}
2024-03-15 02:10:10 查询号码 【1769032】，GSD为【"新疆-伊犁"】

2024-03-15 02:32:14 开始第 9133 次操作

2024-03-15 02:32:14 开始操作号码 【1769033】
2024-03-15 02:32:18 GSD getOne 第 1 次 等待 3 秒
2024-03-15 02:32:21 查询号码 【1769033】，返回信息 {"status":"ok","msg":"新疆-伊犁","gid":"147807","time_insert":"2021-06-28 17:02"}
2024-03-15 02:32:22 查询号码 【1769033】，GSD为【"新疆-伊犁"】

2024-03-15 02:32:23 开始第 9134 次操作

2024-03-15 02:32:23 开始操作号码 【1769034】
2024-03-15 02:32:27 GSD getOne 第 1 次 等待 3 秒
2024-03-15 02:32:30 查询号码 【1769034】，返回信息 {"status":"ok","msg":"新疆-伊犁","gid":"147796","time_insert":"2021-06-28 17:01"}
2024-03-15 02:32:30 查询号码 【1769034】，GSD为【"新疆-伊犁"】

2024-03-15 02:32:31 开始第 9135 次操作

2024-03-15 02:32:31 开始操作号码 【1769035】
2024-03-15 02:32:37 GSD getOne 第 1 次 等待 3 秒
2024-03-15 02:32:40 查询号码 【1769035】，返回信息 {"status":"ok","msg":"新疆-伊犁","gid":"147787","time_insert":"2021-06-28 17:00"}
2024-03-15 02:32:40 查询号码 【1769035】，GSD为【"新疆-伊犁"】

2024-03-15 02:32:41 开始第 9136 次操作

2024-03-15 02:32:41 开始操作号码 【1769036】
2024-03-15 02:32:46 GSD getOne 第 1 次 等待 3 秒
2024-03-15 02:32:49 查询号码 【1769036】，返回信息 {"status":"ok","msg":"新疆-伊犁","gid":"147781","time_insert":"2021-06-28 16:59"}
2024-03-15 02:32:49 查询号码 【1769036】，GSD为【"新疆-伊犁"】

2024-03-15 03:06:19 开始第 9137 次操作

2024-03-15 03:06:19 开始操作号码 【1769037】
2024-03-15 03:06:25 GSD getOne 第 1 次 等待 3 秒
2024-03-15 03:06:28 查询号码 【1769037】，返回信息 {"status":"ok","msg":"新疆-伊犁","gid":"147774","time_insert":"2021-06-28 16:59"}
2024-03-15 03:06:28 查询号码 【1769037】，GSD为【"新疆-伊犁"】

2024-03-15 03:06:29 开始第 9138 次操作

2024-03-15 03:06:29 开始操作号码 【1769038】
2024-03-15 03:06:34 GSD getOne 第 1 次 等待 3 秒
2024-03-15 03:06:37 查询号码 【1769038】，返回信息 {"status":"ok","msg":"新疆-伊犁","gid":"147765","time_insert":"2021-06-28 16:58"}
2024-03-15 03:06:37 查询号码 【1769038】，GSD为【"新疆-伊犁"】

2024-03-15 03:06:38 开始第 9139 次操作

2024-03-15 03:06:38 开始操作号码 【1769039】
2024-03-15 03:06:43 GSD getOne 第 1 次 等待 3 秒
2024-03-15 03:06:46 查询号码 【1769039】，返回信息 {"status":"ok","msg":"新疆-伊犁","gid":"147756","time_insert":"2021-06-28 16:57"}
2024-03-15 03:06:46 查询号码 【1769039】，GSD为【"新疆-伊犁"】

2024-03-15 03:06:47 开始第 9140 次操作

2024-03-15 03:06:47 开始操作号码 【1769040】
2024-03-15 03:06:52 GSD getOne 第 1 次 等待 3 秒
2024-03-15 03:06:55 查询号码 【1769040】，返回信息 {"status":"ok","msg":"新疆-伊犁","gid":"147744","time_insert":"2021-06-28 16:56"}
2024-03-15 03:06:55 查询号码 【1769040】，GSD为【"新疆-伊犁"】

2024-03-15 03:32:25 开始第 9141 次操作

2024-03-15 03:32:25 开始操作号码 【1769041】
2024-03-15 03:32:30 GSD getOne 第 1 次 等待 3 秒
2024-03-15 03:32:33 查询号码 【1769041】，返回信息 {"status":"ok","msg":"新疆-伊犁","gid":"147734","time_insert":"2021-06-28 16:55"}
2024-03-15 03:32:33 查询号码 【1769041】，GSD为【"新疆-伊犁"】

2024-03-15 03:32:34 开始第 9142 次操作

2024-03-15 03:32:34 开始操作号码 【1769042】
2024-03-15 03:32:38 GSD getOne 第 1 次 等待 3 秒
2024-03-15 03:32:41 查询号码 【1769042】，返回信息 {"status":"ok","msg":"新疆-伊犁","gid":"147725","time_insert":"2021-06-28 16:54"}
2024-03-15 03:32:41 查询号码 【1769042】，GSD为【"新疆-伊犁"】

2024-03-15 03:32:42 开始第 9143 次操作

2024-03-15 03:32:42 开始操作号码 【1769043】
2024-03-15 03:32:51 GSD getOne 第 1 次 等待 3 秒
2024-03-15 03:32:54 查询号码 【1769043】，返回信息 {"status":"ok","msg":"新疆-伊犁","gid":"147721","time_insert":"2021-06-28 16:54"}
2024-03-15 03:32:54 查询号码 【1769043】，GSD为【"新疆-伊犁"】

2024-03-15 03:32:55 开始第 9144 次操作

2024-03-15 03:32:55 开始操作号码 【1769044】
2024-03-15 03:32:59 GSD getOne 第 1 次 等待 3 秒
2024-03-15 03:33:02 查询号码 【1769044】，返回信息 {"status":"ok","msg":"新疆-伊犁","gid":"147715","time_insert":"2021-06-28 16:54"}
2024-03-15 03:33:02 查询号码 【1769044】，GSD为【"新疆-伊犁"】

