2024-07-29 00:11:09 开始第 8729 次操作

2024-07-29 00:11:09 开始操作号码 【1548611】
2024-07-29 00:11:19 GSD getOne 第 1 次 等待 3 秒
2024-07-29 00:11:22 查询号码 【1548611】，返回信息 {"status":"ok","msg":"-","gid":"681090","time_insert":"2023-04-27 19:35"}
2024-07-29 00:11:22 查询号码 【1548611】，GSD为【"-"】
2024-07-29 00:11:22 ok && -
2024-07-29 00:11:24 CHB 1548611?1722183082 第 1 次 等待 3 秒
2024-07-29 00:11:27 CHB 1548611?1722183082 第 1 次 获取到号码【1548611】GSD
2024-07-29 00:11:27 未获取到号码【1548611】GSD，可能号码格式错误
2024-07-29 00:11:27 获取到号码【1548611】的GSD为【-】
2024-07-29 00:11:35 GSD insert 第 1 次 等待 3 秒
2024-07-29 00:11:38 {"status":"bad","gid":"681090","msg":"添加失败！号码【1548611(-|-)】已存在！"}
2024-07-29 00:11:38 随机等待 66 秒，约 1 分钟
2024-07-29 00:11:38 下次操作: 2024-07-29 00:12:44

2024-07-29 00:12:44 开始第 8730 次操作

2024-07-29 00:12:44 开始操作号码 【1548612】
2024-07-29 00:12:52 GSD getOne 第 1 次 等待 3 秒
2024-07-29 00:12:55 查询号码 【1548612】，返回信息 {"status":"ok","msg":"-","gid":"681081","time_insert":"2023-04-27 19:26"}
2024-07-29 00:12:55 查询号码 【1548612】，GSD为【"-"】
2024-07-29 00:12:55 ok && -
2024-07-29 00:12:56 CHB 1548612?1722183175 第 1 次 等待 3 秒
2024-07-29 00:12:59 CHB 1548612?1722183175 第 1 次 获取到号码【1548612】GSD
2024-07-29 00:12:59 未获取到号码【1548612】GSD，可能号码格式错误
2024-07-29 00:12:59 获取到号码【1548612】的GSD为【-】
2024-07-29 00:13:08 GSD insert 第 1 次 等待 3 秒
2024-07-29 00:13:11 {"status":"bad","gid":"681081","msg":"添加失败！号码【1548612(-|-)】已存在！"}
2024-07-29 00:13:11 随机等待 206 秒，约 3 分钟
2024-07-29 00:13:11 下次操作: 2024-07-29 00:16:37

2024-07-29 00:16:37 开始第 8731 次操作

2024-07-29 00:16:37 开始操作号码 【1548613】
2024-07-29 00:16:48 GSD getOne 第 1 次 等待 3 秒
2024-07-29 00:16:51 查询号码 【1548613】，返回信息 {"status":"ok","msg":"-","gid":"681077","time_insert":"2023-04-27 19:24"}
2024-07-29 00:16:51 查询号码 【1548613】，GSD为【"-"】
2024-07-29 00:16:51 ok && -
2024-07-29 00:16:53 CHB 1548613?1722183411 第 1 次 等待 3 秒
2024-07-29 00:16:56 CHB 1548613?1722183411 第 1 次 获取到号码【1548613】GSD
2024-07-29 00:16:56 未获取到号码【1548613】GSD，可能号码格式错误
2024-07-29 00:16:56 获取到号码【1548613】的GSD为【-】
2024-07-29 00:17:11 GSD insert 第 1 次 等待 3 秒
2024-07-29 00:17:14 {"status":"bad","gid":"681077","msg":"添加失败！号码【1548613(-|-)】已存在！"}
2024-07-29 00:17:14 随机等待 116 秒，约 1 分钟
2024-07-29 00:17:14 下次操作: 2024-07-29 00:19:10

2024-07-29 00:19:10 开始第 8732 次操作

2024-07-29 00:19:10 开始操作号码 【1548614】
2024-07-29 00:19:18 GSD getOne 第 1 次 等待 3 秒
2024-07-29 00:19:21 查询号码 【1548614】，返回信息 {"status":"ok","msg":"-","gid":"681074","time_insert":"2023-04-27 19:23"}
2024-07-29 00:19:21 查询号码 【1548614】，GSD为【"-"】
2024-07-29 00:19:21 ok && -
2024-07-29 00:19:23 CHB 1548614?1722183561 第 1 次 等待 3 秒
2024-07-29 00:19:26 CHB 1548614?1722183561 第 1 次 获取到号码【1548614】GSD
2024-07-29 00:19:26 未获取到号码【1548614】GSD，可能号码格式错误
2024-07-29 00:19:26 获取到号码【1548614】的GSD为【-】
2024-07-29 00:19:34 GSD insert 第 1 次 等待 3 秒
2024-07-29 00:19:37 {"status":"bad","gid":"681074","msg":"添加失败！号码【1548614(-|-)】已存在！"}

