2023-10-26 00:09:35 开始第 5237 次操作

2023-10-26 00:09:35 开始操作号码 【1975147】
2023-10-26 00:09:38 GSD getOne 第 1 次 等待 3 秒
2023-10-26 00:09:41 查询号码 【1975147】，返回信息 {"status":"ok","msg":"-","gid":"567754","time_insert":"2023-03-03 19:38"}
2023-10-26 00:09:41 查询号码 【1975147】，GSD为【"-"】
2023-10-26 00:09:41 ok && -
2023-10-26 00:09:43 CHB 1975147?1698250181 第 1 次 等待 3 秒
2023-10-26 00:09:46 CHB 1975147?1698250181 第 1 次 获取到号码【1975147】GSD
2023-10-26 00:09:46 未获取到号码【1975147】GSD，可能号码格式错误
2023-10-26 00:09:46 获取到号码【1975147】的GSD为【-】
2023-10-26 00:09:49 GSD insert 第 1 次 等待 3 秒
2023-10-26 00:09:52 {"status":"bad","gid":"567754","msg":"添加失败！号码【1975147(-|-)】已存在！"}
2023-10-26 00:09:52 随机等待 166 秒，约 2 分钟
2023-10-26 00:09:52 下次操作: 2023-10-26 00:12:38

2023-10-26 00:12:38 开始第 5238 次操作

2023-10-26 00:12:38 开始操作号码 【1975148】
2023-10-26 00:12:40 GSD getOne 第 1 次 等待 3 秒
2023-10-26 00:12:43 查询号码 【1975148】，返回信息 {"status":"ok","msg":"-","gid":"567760","time_insert":"2023-03-03 19:41"}
2023-10-26 00:12:43 查询号码 【1975148】，GSD为【"-"】
2023-10-26 00:12:43 ok && -
2023-10-26 00:12:45 CHB 1975148?1698250363 第 1 次 等待 3 秒
2023-10-26 00:12:48 CHB 1975148?1698250363 第 1 次 获取到号码【1975148】GSD
2023-10-26 00:12:48 未获取到号码【1975148】GSD，可能号码格式错误
2023-10-26 00:12:48 获取到号码【1975148】的GSD为【-】
2023-10-26 00:12:51 GSD insert 第 1 次 等待 3 秒
2023-10-26 00:12:54 {"status":"bad","gid":"567760","msg":"添加失败！号码【1975148(-|-)】已存在！"}
2023-10-26 00:12:54 随机等待 231 秒，约 3 分钟
2023-10-26 00:12:54 下次操作: 2023-10-26 00:16:45

2023-10-26 00:16:45 开始第 5239 次操作

2023-10-26 00:16:45 开始操作号码 【1975149】
2023-10-26 00:16:56 GSD getOne 第 1 次 等待 3 秒
2023-10-26 00:16:59 查询号码 【1975149】，返回信息 {"status":"ok","msg":"-","gid":"520013","time_insert":"2023-01-18 20:47"}
2023-10-26 00:16:59 查询号码 【1975149】，GSD为【"-"】
2023-10-26 00:16:59 ok && -
2023-10-26 00:17:01 CHB 1975149?1698250619 第 1 次 等待 3 秒
2023-10-26 00:17:04 CHB 1975149?1698250619 第 1 次 获取到号码【1975149】GSD
2023-10-26 00:17:04 未获取到号码【1975149】GSD，可能号码格式错误
2023-10-26 00:17:04 获取到号码【1975149】的GSD为【-】
2023-10-26 00:17:10 GSD insert 第 1 次 等待 3 秒
2023-10-26 00:17:13 {"status":"bad","gid":"520013","msg":"添加失败！号码【1975149(-|-)】已存在！"}
2023-10-26 00:17:13 随机等待 176 秒，约 2 分钟
2023-10-26 00:17:13 下次操作: 2023-10-26 00:20:09

2023-10-26 00:20:09 开始第 5240 次操作

2023-10-26 00:20:09 开始操作号码 【1975150】
2023-10-26 00:20:13 GSD getOne 第 1 次 等待 3 秒
2023-10-26 00:20:16 查询号码 【1975150】，返回信息 {"status":"ok","msg":"-","gid":"567765","time_insert":"2023-03-03 19:44"}
2023-10-26 00:20:16 查询号码 【1975150】，GSD为【"-"】
2023-10-26 00:20:16 ok && -
2023-10-26 00:20:18 CHB 1975150?1698250816 第 1 次 等待 3 秒
2023-10-26 00:20:21 CHB 1975150?1698250816 第 1 次 获取到号码【1975150】GSD
2023-10-26 00:20:21 未获取到号码【1975150】GSD，可能号码格式错误
2023-10-26 00:20:21 获取到号码【1975150】的GSD为【-】
2023-10-26 00:20:25 GSD insert 第 1 次 等待 3 秒
2023-10-26 00:20:28 {"status":"bad","gid":"567765","msg":"添加失败！号码【1975150(-|-)】已存在！"}

2023-10-26 00:35:18 开始第 5241 次操作

2023-10-26 00:35:18 开始操作号码 【1975151】
2023-10-26 00:35:23 GSD getOne 第 1 次 等待 3 秒
2023-10-26 00:35:26 查询号码 【1975151】，返回信息 {"status":"ok","msg":"-","gid":"567770","time_insert":"2023-03-03 19:47"}
2023-10-26 00:35:26 查询号码 【1975151】，GSD为【"-"】
2023-10-26 00:35:26 ok && -
2023-10-26 00:35:29 CHB 1975151?1698251726 第 1 次 等待 3 秒
2023-10-26 00:35:32 CHB 1975151?1698251726 第 1 次 获取到号码【1975151】GSD
2023-10-26 00:35:32 未获取到号码【1975151】GSD，可能号码格式错误
2023-10-26 00:35:32 获取到号码【1975151】的GSD为【-】
2023-10-26 00:35:35 GSD insert 第 1 次 等待 3 秒
2023-10-26 00:35:38 {"status":"bad","gid":"567770","msg":"添加失败！号码【1975151(-|-)】已存在！"}
2023-10-26 00:35:38 随机等待 103 秒，约 1 分钟
2023-10-26 00:35:38 下次操作: 2023-10-26 00:37:21

2023-10-26 00:37:21 开始第 5242 次操作

2023-10-26 00:37:21 开始操作号码 【1975152】
2023-10-26 00:37:33 GSD getOne 第 1 次 等待 3 秒
2023-10-26 00:37:36 查询号码 【1975152】，返回信息 {"status":"ok","msg":"-","gid":"567773","time_insert":"2023-03-03 19:49"}
2023-10-26 00:37:36 查询号码 【1975152】，GSD为【"-"】
2023-10-26 00:37:36 ok && -
2023-10-26 00:37:38 CHB 1975152?1698251856 第 1 次 等待 3 秒
2023-10-26 00:37:41 CHB 1975152?1698251856 第 1 次 获取到号码【1975152】GSD
2023-10-26 00:37:41 未获取到号码【1975152】GSD，可能号码格式错误
2023-10-26 00:37:41 获取到号码【1975152】的GSD为【-】
2023-10-26 00:37:49 GSD insert 第 1 次 等待 3 秒
2023-10-26 00:37:52 {"status":"bad","gid":"567773","msg":"添加失败！号码【1975152(-|-)】已存在！"}
2023-10-26 00:37:52 随机等待 84 秒，约 1 分钟
2023-10-26 00:37:52 下次操作: 2023-10-26 00:39:16

2023-10-26 00:39:16 开始第 5243 次操作

2023-10-26 00:39:16 开始操作号码 【1975153】
2023-10-26 00:39:18 GSD getOne 第 1 次 等待 3 秒
2023-10-26 00:39:21 查询号码 【1975153】，返回信息 {"status":"ok","msg":"-","gid":"567778","time_insert":"2023-03-03 19:52"}
2023-10-26 00:39:21 查询号码 【1975153】，GSD为【"-"】
2023-10-26 00:39:21 ok && -
2023-10-26 00:39:24 CHB 1975153?1698251961 第 1 次 等待 3 秒
2023-10-26 00:39:27 CHB 1975153?1698251961 第 1 次 获取到号码【1975153】GSD
2023-10-26 00:39:27 未获取到号码【1975153】GSD，可能号码格式错误
2023-10-26 00:39:27 获取到号码【1975153】的GSD为【-】
2023-10-26 00:39:30 GSD insert 第 1 次 等待 3 秒
2023-10-26 00:39:33 {"status":"bad","gid":"567778","msg":"添加失败！号码【1975153(-|-)】已存在！"}
2023-10-26 00:39:33 随机等待 141 秒，约 2 分钟
2023-10-26 00:39:33 下次操作: 2023-10-26 00:41:54

2023-10-26 00:41:54 开始第 5244 次操作

2023-10-26 00:41:54 开始操作号码 【1975154】
2023-10-26 00:41:57 GSD getOne 第 1 次 等待 3 秒
2023-10-26 00:42:00 查询号码 【1975154】，返回信息 {"status":"ok","msg":"-","gid":"567783","time_insert":"2023-03-03 19:54"}
2023-10-26 00:42:00 查询号码 【1975154】，GSD为【"-"】
2023-10-26 00:42:00 ok && -
2023-10-26 00:42:02 CHB 1975154?1698252120 第 1 次 等待 3 秒
2023-10-26 00:42:05 CHB 1975154?1698252120 第 1 次 获取到号码【1975154】GSD
2023-10-26 00:42:05 未获取到号码【1975154】GSD，可能号码格式错误
2023-10-26 00:42:05 获取到号码【1975154】的GSD为【-】
2023-10-26 00:42:08 GSD insert 第 1 次 等待 3 秒
2023-10-26 00:42:11 {"status":"bad","gid":"567783","msg":"添加失败！号码【1975154(-|-)】已存在！"}

