2024-03-03 00:08:45 开始第 6965 次操作

2024-03-03 00:08:45 开始操作号码 【1766865】
2024-03-03 00:08:55 GSD getOne 第 1 次 等待 3 秒
2024-03-03 00:08:58 查询号码 【1766865】，返回信息 {"status":"ok","msg":"山东-济南","gid":"172336","time_insert":"2021-07-02 07:02"}
2024-03-03 00:08:58 查询号码 【1766865】，GSD为【"山东-济南"】

2024-03-03 00:08:59 开始第 6966 次操作

2024-03-03 00:08:59 开始操作号码 【1766866】
2024-03-03 00:09:05 GSD getOne 第 1 次 等待 3 秒
2024-03-03 00:09:08 查询号码 【1766866】，返回信息 {"status":"ok","msg":"山东-济南","gid":"172335","time_insert":"2021-07-02 07:01"}
2024-03-03 00:09:08 查询号码 【1766866】，GSD为【"山东-济南"】

2024-03-03 00:09:09 开始第 6967 次操作

2024-03-03 00:09:09 开始操作号码 【1766867】
2024-03-03 00:09:13 GSD getOne 第 1 次 等待 3 秒
2024-03-03 00:09:16 查询号码 【1766867】，返回信息 {"status":"ok","msg":"山东-济南","gid":"172332","time_insert":"2021-07-02 07:00"}
2024-03-03 00:09:16 查询号码 【1766867】，GSD为【"山东-济南"】

2024-03-03 00:09:17 开始第 6968 次操作

2024-03-03 00:09:17 开始操作号码 【1766868】
2024-03-03 00:09:22 GSD getOne 第 1 次 等待 3 秒
2024-03-03 00:09:26 查询号码 【1766868】，返回信息 {"status":"ok","msg":"山东-济南","gid":"172329","time_insert":"2021-07-02 06:59"}
2024-03-03 00:09:26 查询号码 【1766868】，GSD为【"山东-济南"】

2024-03-03 00:32:48 开始第 6969 次操作

2024-03-03 00:32:48 开始操作号码 【1766869】
2024-03-03 00:32:52 GSD getOne 第 1 次 等待 3 秒
2024-03-03 00:32:55 查询号码 【1766869】，返回信息 {"status":"ok","msg":"山东-济南","gid":"172326","time_insert":"2021-07-02 06:59"}
2024-03-03 00:32:55 查询号码 【1766869】，GSD为【"山东-济南"】

2024-03-03 00:32:56 开始第 6970 次操作

2024-03-03 00:32:56 开始操作号码 【1766870】
2024-03-03 00:33:03 GSD getOne 第 1 次 等待 3 秒
2024-03-03 00:33:06 查询号码 【1766870】，返回信息 {"status":"ok","msg":"山东-济南","gid":"172320","time_insert":"2021-07-02 06:58"}
2024-03-03 00:33:06 查询号码 【1766870】，GSD为【"山东-济南"】

2024-03-03 00:33:07 开始第 6971 次操作

2024-03-03 00:33:07 开始操作号码 【1766871】
2024-03-03 00:33:16 GSD getOne 第 1 次 等待 3 秒
2024-03-03 00:33:19 查询号码 【1766871】，返回信息 {"status":"ok","msg":"山东-济南","gid":"172315","time_insert":"2021-07-02 06:57"}
2024-03-03 00:33:19 查询号码 【1766871】，GSD为【"山东-济南"】

2024-03-03 00:33:20 开始第 6972 次操作

2024-03-03 00:33:20 开始操作号码 【1766872】
2024-03-03 00:33:26 GSD getOne 第 1 次 等待 3 秒
2024-03-03 00:33:29 查询号码 【1766872】，返回信息 {"status":"ok","msg":"山东-济南","gid":"172310","time_insert":"2021-07-02 06:57"}
2024-03-03 00:33:29 查询号码 【1766872】，GSD为【"山东-济南"】

