2024-04-18 00:10:27 开始第 4257 次操作

2024-04-18 00:10:27 开始操作号码 【1654158】
2024-04-18 00:10:34 GSD getOne 第 1 次 等待 3 秒
2024-04-18 00:10:37 查询号码 【1654158】，返回信息 {"status":"ok","msg":"-","gid":"266526","time_insert":"2021-07-13 15:48"}
2024-04-18 00:10:37 查询号码 【1654158】，GSD为【"-"】
2024-04-18 00:10:37 ok && -
2024-04-18 00:10:40 CHB 1654158?1713370237 第 1 次 等待 3 秒
2024-04-18 00:10:43 CHB 1654158?1713370237 第 1 次 获取到号码【1654158】GSD
2024-04-18 00:10:43 未获取到号码【1654158】GSD，可能号码格式错误
2024-04-18 00:10:43 获取到号码【1654158】的GSD为【-】
2024-04-18 00:10:48 GSD insert 第 1 次 等待 3 秒
2024-04-18 00:10:51 {"status":"bad","gid":"266526","msg":"添加失败！号码【1654158(-|-)】已存在！"}
2024-04-18 00:10:51 随机等待 149 秒，约 2 分钟
2024-04-18 00:10:51 下次操作: 2024-04-18 00:13:20

2024-04-18 00:13:20 开始第 4258 次操作

2024-04-18 00:13:20 开始操作号码 【1654159】
2024-04-18 00:13:26 GSD getOne 第 1 次 等待 3 秒
2024-04-18 00:13:29 查询号码 【1654159】，返回信息 {"status":"ok","msg":"辽宁-丹东","gid":"266532","time_insert":"2021-07-13 15:48","time_update":"2023-05-18 17:22"}
2024-04-18 00:13:29 查询号码 【1654159】，GSD为【"辽宁-丹东"】

2024-04-18 00:13:30 开始第 4259 次操作

2024-04-18 00:13:30 开始操作号码 【1654160】
2024-04-18 00:13:35 GSD getOne 第 1 次 等待 3 秒
2024-04-18 00:13:38 查询号码 【1654160】，返回信息 {"status":"ok","msg":"辽宁-锦州","gid":"266536","time_insert":"2021-07-13 15:49","time_update":"2023-05-18 17:23"}
2024-04-18 00:13:38 查询号码 【1654160】，GSD为【"辽宁-锦州"】

2024-04-18 00:13:39 开始第 4260 次操作

2024-04-18 00:13:39 开始操作号码 【1654161】
2024-04-18 00:13:44 GSD getOne 第 1 次 等待 3 秒
2024-04-18 00:13:47 查询号码 【1654161】，返回信息 {"status":"ok","msg":"-","gid":"266545","time_insert":"2021-07-13 15:49"}
2024-04-18 00:13:47 查询号码 【1654161】，GSD为【"-"】
2024-04-18 00:13:47 ok && -
2024-04-18 00:13:51 CHB 1654161?1713370427 第 1 次 等待 3 秒
2024-04-18 00:13:54 CHB 1654161?1713370427 第 1 次 获取到号码【1654161】GSD
2024-04-18 00:13:54 0: 辽宁-锦州
2024-04-18 00:13:54 获取到号码【1654161】的GSD为【辽宁-锦州】
2024-04-18 00:14:00 GSD insert 第 1 次 等待 3 秒
2024-04-18 00:14:03 {"status":"ok","gid":"266545","msg":"添加号码已存在，但为‘-’，修改为【辽宁-锦州】成功！"}

2024-04-18 00:37:07 开始第 4261 次操作

2024-04-18 00:37:07 开始操作号码 【1654162】
2024-04-18 00:37:17 GSD getOne 第 1 次 等待 3 秒
2024-04-18 00:37:20 查询号码 【1654162】，返回信息 {"status":"ok","msg":"辽宁-锦州","gid":"266548","time_insert":"2021-07-13 15:49","time_update":"2023-05-18 17:24"}
2024-04-18 00:37:20 查询号码 【1654162】，GSD为【"辽宁-锦州"】

2024-04-18 00:37:21 开始第 4262 次操作

2024-04-18 00:37:21 开始操作号码 【1654163】
2024-04-18 00:37:28 GSD getOne 第 1 次 等待 3 秒
2024-04-18 00:37:31 查询号码 【1654163】，返回信息 {"status":"ok","msg":"辽宁-锦州","gid":"266551","time_insert":"2021-07-13 15:50","time_update":"2023-05-18 17:24"}
2024-04-18 00:37:31 查询号码 【1654163】，GSD为【"辽宁-锦州"】

2024-04-18 00:37:32 开始第 4263 次操作

2024-04-18 00:37:32 开始操作号码 【1654164】
2024-04-18 00:37:38 GSD getOne 第 1 次 等待 3 秒
2024-04-18 00:37:41 查询号码 【1654164】，返回信息 {"status":"ok","msg":"-","gid":"266740","time_insert":"2021-07-13 16:42"}
2024-04-18 00:37:41 查询号码 【1654164】，GSD为【"-"】
2024-04-18 00:37:41 ok && -
2024-04-18 00:37:44 CHB 1654164?1713371861 第 1 次 等待 3 秒
2024-04-18 00:37:47 CHB 1654164?1713371861 第 1 次 获取到号码【1654164】GSD
2024-04-18 00:37:47 未获取到号码【1654164】GSD，可能号码格式错误
2024-04-18 00:37:47 获取到号码【1654164】的GSD为【-】
2024-04-18 00:37:55 GSD insert 第 1 次 等待 3 秒
2024-04-18 00:37:58 {"status":"bad","gid":"266740","msg":"添加失败！号码【1654164(-|-)】已存在！"}
2024-04-18 00:37:58 随机等待 117 秒，约 1 分钟
2024-04-18 00:37:58 下次操作: 2024-04-18 00:39:55

2024-04-18 00:39:55 开始第 4264 次操作

2024-04-18 00:39:55 开始操作号码 【1654165】
2024-04-18 00:40:02 GSD getOne 第 1 次 等待 3 秒
2024-04-18 00:40:05 查询号码 【1654165】，返回信息 {"status":"ok","msg":"辽宁-锦州","gid":"266756","time_insert":"2021-07-13 16:43","time_update":"2023-05-18 17:25"}
2024-04-18 00:40:05 查询号码 【1654165】，GSD为【"辽宁-锦州"】

