2024-06-27 00:11:14 开始第 2953 次操作

2024-06-27 00:11:14 开始操作号码 【1542839】
2024-06-27 00:11:31 GSD getOne 第 1 次 等待 3 秒
2024-06-27 00:11:34 查询号码 【1542839】，返回信息 {"status":"ok","msg":"-","gid":"571012","time_insert":"2023-03-05 08:22"}
2024-06-27 00:11:34 查询号码 【1542839】，GSD为【"-"】
2024-06-27 00:11:34 ok && -
2024-06-27 00:11:36 CHB 1542839?1719418294 第 1 次 等待 3 秒
2024-06-27 00:11:39 CHB 1542839?1719418294 第 1 次 获取到号码【1542839】GSD
2024-06-27 00:11:39 未获取到号码【1542839】GSD，可能号码格式错误
2024-06-27 00:11:39 获取到号码【1542839】的GSD为【-】
2024-06-27 00:11:53 GSD insert 第 1 次 等待 3 秒
2024-06-27 00:11:56 {"status":"bad","gid":"571012","msg":"添加失败！号码【1542839(-|-)】已存在！"}
2024-06-27 00:11:56 随机等待 66 秒，约 1 分钟
2024-06-27 00:11:56 下次操作: 2024-06-27 00:13:02

2024-06-27 00:13:02 开始第 2954 次操作

2024-06-27 00:13:02 开始操作号码 【1542840】
2024-06-27 00:13:21 GSD getOne 第 1 次 等待 3 秒
2024-06-27 00:13:24 查询号码 【1542840】，返回信息 {"status":"ok","msg":"-","gid":"571021","time_insert":"2023-03-05 08:34"}
2024-06-27 00:13:24 查询号码 【1542840】，GSD为【"-"】
2024-06-27 00:13:24 ok && -
2024-06-27 00:13:26 CHB 1542840?1719418404 第 1 次 等待 3 秒
2024-06-27 00:13:29 CHB 1542840?1719418404 第 1 次 获取到号码【1542840】GSD
2024-06-27 00:13:29 未获取到号码【1542840】GSD，可能号码格式错误
2024-06-27 00:13:29 获取到号码【1542840】的GSD为【-】
2024-06-27 00:13:45 GSD insert 第 1 次 等待 3 秒
2024-06-27 00:13:48 {"status":"bad","gid":"571021","msg":"添加失败！号码【1542840(-|-)】已存在！"}
2024-06-27 00:13:48 随机等待 164 秒，约 2 分钟
2024-06-27 00:13:48 下次操作: 2024-06-27 00:16:32

2024-06-27 00:16:32 开始第 2955 次操作

2024-06-27 00:16:32 开始操作号码 【1542841】
2024-06-27 00:16:47 GSD getOne 第 1 次 等待 3 秒
2024-06-27 00:16:50 查询号码 【1542841】，返回信息 {"status":"ok","msg":"-","gid":"571039","time_insert":"2023-03-05 08:50"}
2024-06-27 00:16:50 查询号码 【1542841】，GSD为【"-"】
2024-06-27 00:16:50 ok && -
2024-06-27 00:16:53 CHB 1542841?1719418610 第 1 次 等待 3 秒
2024-06-27 00:16:56 CHB 1542841?1719418610 第 1 次 获取到号码【1542841】GSD
2024-06-27 00:16:56 未获取到号码【1542841】GSD，可能号码格式错误
2024-06-27 00:16:56 获取到号码【1542841】的GSD为【-】
2024-06-27 00:17:10 GSD insert 第 1 次 等待 3 秒
2024-06-27 00:17:13 {"status":"bad","gid":"571039","msg":"添加失败！号码【1542841(-|-)】已存在！"}
2024-06-27 00:17:13 随机等待 132 秒，约 2 分钟
2024-06-27 00:17:13 下次操作: 2024-06-27 00:19:25

2024-06-27 00:19:25 开始第 2956 次操作

2024-06-27 00:19:25 开始操作号码 【1542842】
2024-06-27 00:19:40 GSD getOne 第 1 次 等待 3 秒
2024-06-27 00:19:43 查询号码 【1542842】，返回信息 {"status":"ok","msg":"-","gid":"571065","time_insert":"2023-03-05 09:14"}
2024-06-27 00:19:43 查询号码 【1542842】，GSD为【"-"】
2024-06-27 00:19:43 ok && -
2024-06-27 00:19:45 CHB 1542842?1719418783 第 1 次 等待 3 秒
2024-06-27 00:19:48 CHB 1542842?1719418783 第 1 次 获取到号码【1542842】GSD
2024-06-27 00:19:48 未获取到号码【1542842】GSD，可能号码格式错误
2024-06-27 00:19:48 获取到号码【1542842】的GSD为【-】
2024-06-27 00:20:05 GSD insert 第 1 次 等待 3 秒
2024-06-27 00:20:08 {"status":"bad","gid":"571065","msg":"添加失败！号码【1542842(-|-)】已存在！"}

