2024-06-28 00:10:32 开始第 3137 次操作

2024-06-28 00:10:32 开始操作号码 【1543021】
2024-06-28 00:10:50 GSD getOne 第 1 次 等待 3 秒
2024-06-28 00:10:53 查询号码 【1543021】，返回信息 {"status":"ok","msg":"-","gid":"575246","time_insert":"2023-03-07 07:42"}
2024-06-28 00:10:53 查询号码 【1543021】，GSD为【"-"】
2024-06-28 00:10:53 ok && -
2024-06-28 00:10:55 CHB 1543021?1719504653 第 1 次 等待 3 秒
2024-06-28 00:10:58 CHB 1543021?1719504653 第 1 次 获取到号码【1543021】GSD
2024-06-28 00:10:58 未获取到号码【1543021】GSD，可能号码格式错误
2024-06-28 00:10:58 获取到号码【1543021】的GSD为【-】
2024-06-28 00:11:14 GSD insert 第 1 次 等待 3 秒
2024-06-28 00:11:17 {"status":"bad","gid":"575246","msg":"添加失败！号码【1543021(-|-)】已存在！"}
2024-06-28 00:11:17 随机等待 221 秒，约 3 分钟
2024-06-28 00:11:17 下次操作: 2024-06-28 00:14:58

2024-06-28 00:14:58 开始第 3138 次操作

2024-06-28 00:14:58 开始操作号码 【1543022】
2024-06-28 00:15:13 GSD getOne 第 1 次 等待 3 秒
2024-06-28 00:15:16 查询号码 【1543022】，返回信息 {"status":"ok","msg":"-","gid":"575269","time_insert":"2023-03-07 07:55"}
2024-06-28 00:15:16 查询号码 【1543022】，GSD为【"-"】
2024-06-28 00:15:16 ok && -
2024-06-28 00:15:19 CHB 1543022?1719504916 第 1 次 等待 3 秒
2024-06-28 00:15:22 CHB 1543022?1719504916 第 1 次 获取到号码【1543022】GSD
2024-06-28 00:15:22 未获取到号码【1543022】GSD，可能号码格式错误
2024-06-28 00:15:22 获取到号码【1543022】的GSD为【-】
2024-06-28 00:15:39 GSD insert 第 1 次 等待 3 秒
2024-06-28 00:15:42 {"status":"bad","gid":"575269","msg":"添加失败！号码【1543022(-|-)】已存在！"}
2024-06-28 00:15:42 随机等待 158 秒，约 2 分钟
2024-06-28 00:15:42 下次操作: 2024-06-28 00:18:20

2024-06-28 00:18:21 开始第 3139 次操作

2024-06-28 00:18:21 开始操作号码 【1543023】
2024-06-28 00:19:31 GSD getOne 第 1 次 等待 3 秒
2024-06-28 00:19:34 查询号码 【1543023】，返回信息 {"status":"ok","msg":"-","gid":"575291","time_insert":"2023-03-07 08:10"}
2024-06-28 00:19:34 查询号码 【1543023】，GSD为【"-"】
2024-06-28 00:19:34 ok && -
2024-06-28 00:19:36 CHB 1543023?1719505174 第 1 次 等待 3 秒
2024-06-28 00:19:39 CHB 1543023?1719505174 第 1 次 获取到号码【1543023】GSD
2024-06-28 00:19:39 未获取到号码【1543023】GSD，可能号码格式错误
2024-06-28 00:19:39 获取到号码【1543023】的GSD为【-】
2024-06-28 00:19:54 GSD insert 第 1 次 等待 3 秒
2024-06-28 00:19:57 {"status":"bad","gid":"575291","msg":"添加失败！号码【1543023(-|-)】已存在！"}
2024-06-28 00:19:57 随机等待 209 秒，约 3 分钟
2024-06-28 00:19:57 下次操作: 2024-06-28 00:23:26

2024-06-28 00:23:26 开始第 3140 次操作

2024-06-28 00:23:26 开始操作号码 【1543024】
2024-06-28 00:23:47 GSD getOne 第 1 次 等待 3 秒
2024-06-28 00:23:50 查询号码 【1543024】，返回信息 {"status":"ok","msg":"-","gid":"575301","time_insert":"2023-03-07 08:21"}
2024-06-28 00:23:50 查询号码 【1543024】，GSD为【"-"】
2024-06-28 00:23:50 ok && -
2024-06-28 00:23:52 CHB 1543024?1719505430 第 1 次 等待 3 秒
2024-06-28 00:23:55 CHB 1543024?1719505430 第 1 次 获取到号码【1543024】GSD
2024-06-28 00:23:55 未获取到号码【1543024】GSD，可能号码格式错误
2024-06-28 00:23:55 获取到号码【1543024】的GSD为【-】
2024-06-28 00:24:21 GSD insert 第 1 次 等待 3 秒
2024-06-28 00:24:24 {"status":"bad","gid":"575301","msg":"添加失败！号码【1543024(-|-)】已存在！"}

