2024-10-07 00:25:50 开始第 7949 次操作

2024-10-07 00:25:50 开始操作号码 【1437943】
2024-10-07 00:25:54 GSD getOne 第 1 次 等待 3 秒
2024-10-07 00:25:57 查询号码 【1437943】，返回信息 {"status":"ok","msg":"-","gid":"693683","time_insert":"2023-05-05 18:41"}
2024-10-07 00:25:57 查询号码 【1437943】，GSD为【"-"】
2024-10-07 00:25:57 ok && -
2024-10-07 00:25:59 CHB 1437943?1728231957 第 1 次 等待 3 秒
2024-10-07 00:26:02 CHB 1437943?1728231957 第 1 次 获取到号码【1437943】GSD
2024-10-07 00:26:02 未获取到号码【1437943】GSD，可能号码格式错误
2024-10-07 00:26:02 获取到号码【1437943】的GSD为【-】
2024-10-07 00:26:03 GSD insert 第 1 次 等待 3 秒
2024-10-07 00:26:06 {"status":"bad","gid":"693683","msg":"添加失败！号码【1437943(-|-)】已存在！"}
2024-10-07 00:26:06 随机等待 75 秒，约 1 分钟
2024-10-07 00:26:06 下次操作: 2024-10-07 00:27:21

2024-10-07 00:27:21 开始第 7950 次操作

2024-10-07 00:27:21 开始操作号码 【1437944】
2024-10-07 00:27:23 GSD getOne 第 1 次 等待 3 秒
2024-10-07 00:27:26 查询号码 【1437944】，返回信息 {"status":"ok","msg":"-","gid":"693701","time_insert":"2023-05-05 19:00"}
2024-10-07 00:27:27 查询号码 【1437944】，GSD为【"-"】
2024-10-07 00:27:27 ok && -
2024-10-07 00:27:28 CHB 1437944?1728232047 第 1 次 等待 3 秒
2024-10-07 00:27:31 CHB 1437944?1728232047 第 1 次 获取到号码【1437944】GSD
2024-10-07 00:27:31 未获取到号码【1437944】GSD，可能号码格式错误
2024-10-07 00:27:31 获取到号码【1437944】的GSD为【-】
2024-10-07 00:27:40 GSD insert 第 1 次 等待 3 秒
2024-10-07 00:27:43 {"status":"bad","gid":"693701","msg":"添加失败！号码【1437944(-|-)】已存在！"}
2024-10-07 00:27:43 随机等待 210 秒，约 3 分钟
2024-10-07 00:27:43 下次操作: 2024-10-07 00:31:13

2024-10-07 00:31:13 开始第 7951 次操作

2024-10-07 00:31:13 开始操作号码 【1437945】
2024-10-07 00:31:25 GSD getOne 第 1 次 等待 3 秒
2024-10-07 00:31:28 查询号码 【1437945】，返回信息 {"status":"ok","msg":"-","gid":"693712","time_insert":"2023-05-05 19:12"}
2024-10-07 00:31:28 查询号码 【1437945】，GSD为【"-"】
2024-10-07 00:31:28 ok && -
2024-10-07 00:31:30 CHB 1437945?1728232288 第 1 次 等待 3 秒
2024-10-07 00:31:33 CHB 1437945?1728232288 第 1 次 获取到号码【1437945】GSD
2024-10-07 00:31:33 未获取到号码【1437945】GSD，可能号码格式错误
2024-10-07 00:31:33 获取到号码【1437945】的GSD为【-】
2024-10-07 00:31:46 GSD insert 第 1 次 等待 3 秒
2024-10-07 00:31:49 {"status":"bad","gid":"693712","msg":"添加失败！号码【1437945(-|-)】已存在！"}
2024-10-07 00:31:49 随机等待 161 秒，约 2 分钟
2024-10-07 00:31:49 下次操作: 2024-10-07 00:34:30

2024-10-07 00:34:30 开始第 7952 次操作

2024-10-07 00:34:30 开始操作号码 【1437946】
2024-10-07 00:34:35 GSD getOne 第 1 次 等待 3 秒
2024-10-07 00:34:38 查询号码 【1437946】，返回信息 {"status":"ok","msg":"-","gid":"693731","time_insert":"2023-05-05 19:30"}
2024-10-07 00:34:38 查询号码 【1437946】，GSD为【"-"】
2024-10-07 00:34:38 ok && -
2024-10-07 00:34:40 CHB 1437946?1728232478 第 1 次 等待 3 秒
2024-10-07 00:34:43 CHB 1437946?1728232478 第 1 次 获取到号码【1437946】GSD
2024-10-07 00:34:43 未获取到号码【1437946】GSD，可能号码格式错误
2024-10-07 00:34:43 获取到号码【1437946】的GSD为【-】
2024-10-07 00:34:45 GSD insert 第 1 次 等待 3 秒
2024-10-07 00:34:48 {"status":"bad","gid":"693731","msg":"添加失败！号码【1437946(-|-)】已存在！"}

2024-10-07 00:43:26 开始第 7953 次操作

2024-10-07 00:43:26 开始操作号码 【1437947】
2024-10-07 00:43:27 GSD getOne 第 1 次 等待 3 秒
2024-10-07 00:43:30 查询号码 【1437947】，返回信息 {"status":"ok","msg":"-","gid":"693747","time_insert":"2023-05-05 19:46"}
2024-10-07 00:43:31 查询号码 【1437947】，GSD为【"-"】
2024-10-07 00:43:31 ok && -
2024-10-07 00:43:32 CHB 1437947?1728233011 第 1 次 等待 3 秒
2024-10-07 00:43:35 CHB 1437947?1728233011 第 1 次 获取到号码【1437947】GSD
2024-10-07 00:43:35 未获取到号码【1437947】GSD，可能号码格式错误
2024-10-07 00:43:35 获取到号码【1437947】的GSD为【-】
2024-10-07 00:43:37 GSD insert 第 1 次 等待 3 秒
2024-10-07 00:43:40 {"status":"bad","gid":"693747","msg":"添加失败！号码【1437947(-|-)】已存在！"}
2024-10-07 00:43:40 随机等待 128 秒，约 2 分钟
2024-10-07 00:43:40 下次操作: 2024-10-07 00:45:48

2024-10-07 00:45:48 开始第 7954 次操作

2024-10-07 00:45:48 开始操作号码 【1437948】
2024-10-07 00:45:50 GSD getOne 第 1 次 等待 3 秒
2024-10-07 00:45:53 查询号码 【1437948】，返回信息 {"status":"ok","msg":"-","gid":"693766","time_insert":"2023-05-05 20:07"}
2024-10-07 00:45:53 查询号码 【1437948】，GSD为【"-"】
2024-10-07 00:45:53 ok && -
2024-10-07 00:45:55 CHB 1437948?1728233153 第 1 次 等待 3 秒
2024-10-07 00:45:58 CHB 1437948?1728233153 第 1 次 获取到号码【1437948】GSD
2024-10-07 00:45:58 未获取到号码【1437948】GSD，可能号码格式错误
2024-10-07 00:45:58 获取到号码【1437948】的GSD为【-】
2024-10-07 00:45:59 GSD insert 第 1 次 等待 3 秒
2024-10-07 00:46:02 {"status":"bad","gid":"693766","msg":"添加失败！号码【1437948(-|-)】已存在！"}
2024-10-07 00:46:02 随机等待 185 秒，约 3 分钟
2024-10-07 00:46:02 下次操作: 2024-10-07 00:49:07

2024-10-07 00:49:07 开始第 7955 次操作

2024-10-07 00:49:07 开始操作号码 【1437949】
2024-10-07 00:49:10 GSD getOne 第 1 次 等待 3 秒
2024-10-07 00:49:13 查询号码 【1437949】，返回信息 {"status":"ok","msg":"-","gid":"693772","time_insert":"2023-05-05 20:15"}
2024-10-07 00:49:13 查询号码 【1437949】，GSD为【"-"】
2024-10-07 00:49:13 ok && -
2024-10-07 00:49:14 CHB 1437949?1728233353 第 1 次 等待 3 秒
2024-10-07 00:49:17 CHB 1437949?1728233353 第 1 次 获取到号码【1437949】GSD
2024-10-07 00:49:17 未获取到号码【1437949】GSD，可能号码格式错误
2024-10-07 00:49:17 获取到号码【1437949】的GSD为【-】
2024-10-07 00:49:19 GSD insert 第 1 次 等待 3 秒
2024-10-07 00:49:22 {"status":"bad","gid":"693772","msg":"添加失败！号码【1437949(-|-)】已存在！"}
2024-10-07 00:49:22 随机等待 199 秒，约 3 分钟
2024-10-07 00:49:22 下次操作: 2024-10-07 00:52:41

2024-10-07 00:52:41 开始第 7956 次操作

2024-10-07 00:52:41 开始操作号码 【1437950】
2024-10-07 00:52:45 GSD getOne 第 1 次 等待 3 秒
2024-10-07 00:52:48 查询号码 【1437950】，返回信息 {"status":"ok","msg":"-","gid":"693785","time_insert":"2023-05-05 20:25"}
2024-10-07 00:52:48 查询号码 【1437950】，GSD为【"-"】
2024-10-07 00:52:48 ok && -
2024-10-07 00:52:50 CHB 1437950?1728233568 第 1 次 等待 3 秒
2024-10-07 00:52:53 CHB 1437950?1728233568 第 1 次 获取到号码【1437950】GSD
2024-10-07 00:52:53 未获取到号码【1437950】GSD，可能号码格式错误
2024-10-07 00:52:53 获取到号码【1437950】的GSD为【-】
2024-10-07 00:52:55 GSD insert 第 1 次 等待 3 秒
2024-10-07 00:52:58 {"status":"bad","gid":"693785","msg":"添加失败！号码【1437950(-|-)】已存在！"}

2024-10-07 01:19:36 开始第 7957 次操作

2024-10-07 01:19:36 开始操作号码 【1437951】
2024-10-07 01:19:39 GSD getOne 第 1 次 等待 3 秒
2024-10-07 01:19:42 查询号码 【1437951】，返回信息 {"status":"ok","msg":"-","gid":"693795","time_insert":"2023-05-05 20:38"}
2024-10-07 01:19:42 查询号码 【1437951】，GSD为【"-"】
2024-10-07 01:19:42 ok && -
2024-10-07 01:19:44 CHB 1437951?1728235182 第 1 次 等待 3 秒
2024-10-07 01:19:47 CHB 1437951?1728235182 第 1 次 获取到号码【1437951】GSD
2024-10-07 01:19:47 未获取到号码【1437951】GSD，可能号码格式错误
2024-10-07 01:19:47 获取到号码【1437951】的GSD为【-】
2024-10-07 01:19:49 GSD insert 第 1 次 等待 3 秒
2024-10-07 01:19:52 {"status":"bad","gid":"693795","msg":"添加失败！号码【1437951(-|-)】已存在！"}
2024-10-07 01:19:52 随机等待 101 秒，约 1 分钟
2024-10-07 01:19:52 下次操作: 2024-10-07 01:21:33

2024-10-07 01:21:33 开始第 7958 次操作

2024-10-07 01:21:33 开始操作号码 【1437952】
2024-10-07 01:21:36 GSD getOne 第 1 次 等待 3 秒
2024-10-07 01:21:39 查询号码 【1437952】，返回信息 {"status":"ok","msg":"-","gid":"693812","time_insert":"2023-05-05 20:55"}
2024-10-07 01:21:39 查询号码 【1437952】，GSD为【"-"】
2024-10-07 01:21:39 ok && -
2024-10-07 01:21:41 CHB 1437952?1728235299 第 1 次 等待 3 秒
2024-10-07 01:21:44 CHB 1437952?1728235299 第 1 次 获取到号码【1437952】GSD
2024-10-07 01:21:44 未获取到号码【1437952】GSD，可能号码格式错误
2024-10-07 01:21:44 获取到号码【1437952】的GSD为【-】
2024-10-07 01:21:46 GSD insert 第 1 次 等待 3 秒
2024-10-07 01:21:49 {"status":"bad","gid":"693812","msg":"添加失败！号码【1437952(-|-)】已存在！"}
2024-10-07 01:21:49 随机等待 125 秒，约 2 分钟
2024-10-07 01:21:49 下次操作: 2024-10-07 01:23:54

2024-10-07 01:23:54 开始第 7959 次操作

2024-10-07 01:23:54 开始操作号码 【1437953】
2024-10-07 01:23:56 GSD getOne 第 1 次 等待 3 秒
2024-10-07 01:23:59 查询号码 【1437953】，返回信息 {"status":"ok","msg":"-","gid":"693830","time_insert":"2023-05-05 21:15"}
2024-10-07 01:23:59 查询号码 【1437953】，GSD为【"-"】
2024-10-07 01:23:59 ok && -
2024-10-07 01:24:04 CHB 1437953?1728235439 第 1 次 等待 3 秒
2024-10-07 01:24:07 CHB 1437953?1728235439 第 1 次 获取到号码【1437953】GSD
2024-10-07 01:24:07 未获取到号码【1437953】GSD，可能号码格式错误
2024-10-07 01:24:07 获取到号码【1437953】的GSD为【-】
2024-10-07 01:24:09 GSD insert 第 1 次 等待 3 秒
2024-10-07 01:24:12 {"status":"bad","gid":"693830","msg":"添加失败！号码【1437953(-|-)】已存在！"}
2024-10-07 01:24:12 随机等待 79 秒，约 1 分钟
2024-10-07 01:24:12 下次操作: 2024-10-07 01:25:31

2024-10-07 01:25:31 开始第 7960 次操作

2024-10-07 01:25:31 开始操作号码 【1437954】
2024-10-07 01:25:34 GSD getOne 第 1 次 等待 3 秒
2024-10-07 01:25:37 查询号码 【1437954】，返回信息 {"status":"ok","msg":"-","gid":"693847","time_insert":"2023-05-05 21:32"}
2024-10-07 01:25:37 查询号码 【1437954】，GSD为【"-"】
2024-10-07 01:25:37 ok && -
2024-10-07 01:25:43 CHB 1437954?1728235537 第 1 次 等待 3 秒
2024-10-07 01:25:46 CHB 1437954?1728235537 第 1 次 获取到号码【1437954】GSD
2024-10-07 01:25:46 未获取到号码【1437954】GSD，可能号码格式错误
2024-10-07 01:25:46 获取到号码【1437954】的GSD为【-】
2024-10-07 01:25:49 GSD insert 第 1 次 等待 3 秒
2024-10-07 01:25:52 {"status":"bad","gid":"693847","msg":"添加失败！号码【1437954(-|-)】已存在！"}

