2021-07-03 00:00:03 开始第 7 次操作

2021-07-03 00:00:03 开始操作号码 【1754178】
2021-07-03 00:00:18 GSD getOne 第 1 次 等待 1 秒
2021-07-03 00:00:19 查询号码 【1754178】，返回信息 {"status":"bad","msg":""}
2021-07-03 00:00:19 查询号码 【1754178】，GSD为【""】
2021-07-03 00:00:19 bad
2021-07-03 00:00:21 CHB 1754178?1625241619 第 1 次 等待 1 秒
2021-07-03 00:00:22 CHB 1754178?1625241619 第 1 次 获取到号码【1754178】GSD
2021-07-03 00:00:22 获取到号码【1754178】的GSD为【辽宁-营口】
2021-07-03 00:00:42 GSD insert 第 1 次 等待 1 秒
2021-07-03 00:00:43 {"status":"ok","msg":"添加成功！177490"}
2021-07-03 00:00:43 下次操作: 2021-07-03 00:00:52

2021-07-03 00:00:52 开始第 8 次操作

2021-07-03 00:00:52 开始操作号码 【1754179】
2021-07-03 00:01:14 GSD getOne 第 1 次 等待 1 秒
2021-07-03 00:01:15 查询号码 【1754179】，返回信息 {"status":"bad","msg":""}
2021-07-03 00:01:15 查询号码 【1754179】，GSD为【""】
2021-07-03 00:01:15 bad
2021-07-03 00:01:18 CHB 1754179?1625241675 第 1 次 等待 1 秒
2021-07-03 00:01:19 CHB 1754179?1625241675 第 1 次 获取到号码【1754179】GSD
2021-07-03 00:01:19 获取到号码【1754179】的GSD为【辽宁-营口】
2021-07-03 00:01:38 GSD insert 第 1 次 等待 1 秒
2021-07-03 00:01:39 {"status":"ok","msg":"添加成功！177505"}
2021-07-03 00:01:39 下次操作: 2021-07-03 00:01:46

2021-07-03 00:01:46 开始第 9 次操作

2021-07-03 00:01:46 开始操作号码 【1754180】
2021-07-03 00:02:06 GSD getOne 第 1 次 等待 1 秒
2021-07-03 00:02:07 查询号码 【1754180】，返回信息 {"status":"bad","msg":""}
2021-07-03 00:02:07 查询号码 【1754180】，GSD为【""】
2021-07-03 00:02:07 bad
2021-07-03 00:02:09 CHB 1754180?1625241727 第 1 次 等待 1 秒
2021-07-03 00:02:10 CHB 1754180?1625241727 第 1 次 获取到号码【1754180】GSD
2021-07-03 00:02:10 获取到号码【1754180】的GSD为【辽宁-阜新】
2021-07-03 00:02:29 GSD insert 第 1 次 等待 1 秒
2021-07-03 00:02:30 {"status":"ok","msg":"添加成功！177514"}
2021-07-03 00:02:30 下次操作: 2021-07-03 00:02:44

2021-07-03 00:02:44 开始第 10 次操作

2021-07-03 00:02:44 开始操作号码 【1754181】
2021-07-03 00:02:55 GSD getOne 第 1 次 等待 1 秒
2021-07-03 00:02:56 查询号码 【1754181】，返回信息 {"status":"bad","msg":""}
2021-07-03 00:02:56 查询号码 【1754181】，GSD为【""】
2021-07-03 00:02:56 bad
2021-07-03 00:02:58 CHB 1754181?1625241776 第 1 次 等待 1 秒
2021-07-03 00:02:59 CHB 1754181?1625241776 第 1 次 获取到号码【1754181】GSD
2021-07-03 00:02:59 获取到号码【1754181】的GSD为【辽宁-阜新】
2021-07-03 00:03:19 GSD insert 第 1 次 等待 1 秒
2021-07-03 00:03:20 {"status":"ok","msg":"添加成功！177525"}
2021-07-03 00:03:20 下次操作: 2021-07-03 00:03:32

2021-07-03 00:03:32 开始第 11 次操作

2021-07-03 00:03:32 开始操作号码 【1754182】
2021-07-03 00:03:46 GSD getOne 第 1 次 等待 1 秒
2021-07-03 00:03:47 查询号码 【1754182】，返回信息 {"status":"bad","msg":""}
2021-07-03 00:03:47 查询号码 【1754182】，GSD为【""】
2021-07-03 00:03:47 bad
2021-07-03 00:03:49 CHB 1754182?1625241827 第 1 次 等待 1 秒
2021-07-03 00:03:50 CHB 1754182?1625241827 第 1 次 获取到号码【1754182】GSD
2021-07-03 00:03:50 获取到号码【1754182】的GSD为【辽宁-阜新】
2021-07-03 00:04:12 GSD insert 第 1 次 等待 1 秒
2021-07-03 00:04:13 {"status":"ok","msg":"添加成功！177537"}
2021-07-03 00:04:13 下次操作: 2021-07-03 00:04:21

2021-07-03 00:04:21 开始第 12 次操作

2021-07-03 00:04:21 开始操作号码 【1754183】
2021-07-03 00:04:45 GSD getOne 第 1 次 等待 1 秒
2021-07-03 00:04:46 查询号码 【1754183】，返回信息 {"status":"bad","msg":""}
2021-07-03 00:04:46 查询号码 【1754183】，GSD为【""】
2021-07-03 00:04:46 bad
2021-07-03 00:04:49 CHB 1754183?1625241886 第 1 次 等待 1 秒
2021-07-03 00:04:50 CHB 1754183?1625241886 第 1 次 获取到号码【1754183】GSD
2021-07-03 00:04:50 获取到号码【1754183】的GSD为【辽宁-阜新】
2021-07-03 00:05:09 GSD insert 第 1 次 等待 1 秒
2021-07-03 00:05:10 {"status":"ok","msg":"添加成功！177551"}
2021-07-03 00:05:10 下次操作: 2021-07-03 00:05:25

2021-07-03 00:05:25 开始第 13 次操作

2021-07-03 00:05:25 开始操作号码 【1754184】
2021-07-03 00:05:32 GSD getOne 第 1 次 等待 1 秒
2021-07-03 00:05:33 查询号码 【1754184】，返回信息 {"status":"bad","msg":""}
2021-07-03 00:05:34 查询号码 【1754184】，GSD为【""】
2021-07-03 00:05:34 bad
2021-07-03 00:05:36 CHB 1754184?1625241934 第 1 次 等待 1 秒
2021-07-03 00:05:37 CHB 1754184?1625241934 第 1 次 获取到号码【1754184】GSD
2021-07-03 00:05:37 获取到号码【1754184】的GSD为【辽宁-阜新】
2021-07-03 00:05:57 GSD insert 第 1 次 等待 1 秒
2021-07-03 00:05:58 {"status":"ok","msg":"添加成功！177562"}
2021-07-03 00:05:58 下次操作: 2021-07-03 00:06:10

2021-07-03 00:06:10 开始第 14 次操作

2021-07-03 00:06:10 开始操作号码 【1754185】
2021-07-03 00:06:21 GSD getOne 第 1 次 等待 1 秒
2021-07-03 00:06:22 查询号码 【1754185】，返回信息 {"status":"bad","msg":""}
2021-07-03 00:06:22 查询号码 【1754185】，GSD为【""】
2021-07-03 00:06:22 bad
2021-07-03 00:06:25 CHB 1754185?1625241982 第 1 次 等待 1 秒
2021-07-03 00:06:26 CHB 1754185?1625241982 第 1 次 获取到号码【1754185】GSD
2021-07-03 00:06:26 获取到号码【1754185】的GSD为【辽宁-阜新】
2021-07-03 00:06:47 GSD insert 第 1 次 等待 1 秒
2021-07-03 00:06:48 {"status":"ok","msg":"添加成功！177574"}
2021-07-03 00:06:48 下次操作: 2021-07-03 00:07:01

2021-07-03 00:07:01 开始第 15 次操作

2021-07-03 00:07:01 开始操作号码 【1754186】
2021-07-03 00:07:13 GSD getOne 第 1 次 等待 1 秒
2021-07-03 00:07:14 查询号码 【1754186】，返回信息 {"status":"bad","msg":""}
2021-07-03 00:07:14 查询号码 【1754186】，GSD为【""】
2021-07-03 00:07:14 bad
2021-07-03 00:07:18 CHB 1754186?1625242034 第 1 次 等待 1 秒
2021-07-03 00:07:19 CHB 1754186?1625242034 第 1 次 获取到号码【1754186】GSD
2021-07-03 00:07:19 获取到号码【1754186】的GSD为【辽宁-阜新】
2021-07-03 00:07:38 GSD insert 第 1 次 等待 1 秒
2021-07-03 00:07:39 {"status":"ok","msg":"添加成功！177584"}
2021-07-03 00:07:39 下次操作: 2021-07-03 00:07:49

2021-07-03 00:07:49 开始第 16 次操作

2021-07-03 00:07:49 开始操作号码 【1754187】
2021-07-03 00:08:00 GSD getOne 第 1 次 等待 1 秒
2021-07-03 00:08:01 查询号码 【1754187】，返回信息 {"status":"bad","msg":""}
2021-07-03 00:08:01 查询号码 【1754187】，GSD为【""】
2021-07-03 00:08:01 bad
2021-07-03 00:08:04 CHB 1754187?1625242081 第 1 次 等待 1 秒
2021-07-03 00:08:05 CHB 1754187?1625242081 第 1 次 获取到号码【1754187】GSD
2021-07-03 00:08:06 获取到号码【1754187】的GSD为【辽宁-阜新】
2021-07-03 00:08:29 GSD insert 第 1 次 等待 1 秒
2021-07-03 00:08:30 {"status":"ok","msg":"添加成功！177594"}
2021-07-03 00:08:30 下次操作: 2021-07-03 00:08:40

2021-07-03 00:08:40 开始第 17 次操作

2021-07-03 00:08:40 开始操作号码 【1754188】
2021-07-03 00:08:52 GSD getOne 第 1 次 等待 1 秒
2021-07-03 00:08:53 查询号码 【1754188】，返回信息 {"status":"bad","msg":""}
2021-07-03 00:08:53 查询号码 【1754188】，GSD为【""】
2021-07-03 00:08:53 bad
2021-07-03 00:09:00 CHB 1754188?1625242133 第 1 次 等待 1 秒
2021-07-03 00:09:01 CHB 1754188?1625242133 第 1 次 获取到号码【1754188】GSD
2021-07-03 00:09:01 获取到号码【1754188】的GSD为【辽宁-阜新】
2021-07-03 00:09:20 GSD insert 第 1 次 等待 1 秒
2021-07-03 00:09:21 {"status":"ok","msg":"添加成功！177604"}
2021-07-03 00:09:21 下次操作: 2021-07-03 00:09:38

2021-07-03 00:09:38 开始第 18 次操作

2021-07-03 00:09:38 开始操作号码 【1754189】
2021-07-03 00:09:42 GSD getOne 第 1 次 等待 1 秒
2021-07-03 00:09:43 查询号码 【1754189】，返回信息 {"status":"bad","msg":""}
2021-07-03 00:09:43 查询号码 【1754189】，GSD为【""】
2021-07-03 00:09:43 bad
2021-07-03 00:09:47 CHB 1754189?1625242183 第 1 次 等待 1 秒
2021-07-03 00:09:48 CHB 1754189?1625242183 第 1 次 获取到号码【1754189】GSD
2021-07-03 00:09:48 获取到号码【1754189】的GSD为【辽宁-阜新】
2021-07-03 00:10:08 GSD insert 第 1 次 等待 1 秒
2021-07-03 00:10:09 {"status":"ok","msg":"添加成功！177610"}
2021-07-03 00:10:09 下次操作: 2021-07-03 00:10:25

2021-07-03 00:10:25 开始第 19 次操作

2021-07-03 00:10:25 开始操作号码 【1754190】
2021-07-03 00:10:32 GSD getOne 第 1 次 等待 1 秒
2021-07-03 00:10:33 查询号码 【1754190】，返回信息 {"status":"bad","msg":""}
2021-07-03 00:10:34 查询号码 【1754190】，GSD为【""】
2021-07-03 00:10:34 bad
2021-07-03 00:10:39 CHB 1754190?1625242234 第 1 次 等待 1 秒
2021-07-03 00:10:40 CHB 1754190?1625242234 第 1 次 获取到号码【1754190】GSD
2021-07-03 00:10:40 获取到号码【1754190】的GSD为【辽宁-辽阳】
2021-07-03 00:11:00 GSD insert 第 1 次 等待 1 秒
2021-07-03 00:11:01 {"status":"ok","msg":"添加成功！177616"}
2021-07-03 00:11:01 下次操作: 2021-07-03 00:11:18

2021-07-03 00:11:18 开始第 20 次操作

2021-07-03 00:11:18 开始操作号码 【1754191】
2021-07-03 00:11:21 GSD getOne 第 1 次 等待 1 秒
2021-07-03 00:11:22 查询号码 【1754191】，返回信息 {"status":"bad","msg":""}
2021-07-03 00:11:22 查询号码 【1754191】，GSD为【""】
2021-07-03 00:11:22 bad
2021-07-03 00:11:26 CHB 1754191?1625242282 第 1 次 等待 1 秒
2021-07-03 00:11:27 CHB 1754191?1625242282 第 1 次 获取到号码【1754191】GSD
2021-07-03 00:11:27 获取到号码【1754191】的GSD为【辽宁-辽阳】
2021-07-03 00:11:46 GSD insert 第 1 次 等待 1 秒
2021-07-03 00:11:47 {"status":"ok","msg":"添加成功！177623"}
2021-07-03 00:11:47 下次操作: 2021-07-03 00:11:57

2021-07-03 00:11:57 开始第 21 次操作

2021-07-03 00:11:57 开始操作号码 【1754192】
2021-07-03 00:12:08 GSD getOne 第 1 次 等待 1 秒
2021-07-03 00:12:09 查询号码 【1754192】，返回信息 {"status":"bad","msg":""}
2021-07-03 00:12:10 查询号码 【1754192】，GSD为【""】
2021-07-03 00:12:10 bad
2021-07-03 00:12:25 CHB 1754192?1625242330 第 1 次 等待 1 秒
2021-07-03 00:12:26 CHB 1754192?1625242330 第 1 次 获取到号码【1754192】GSD
2021-07-03 00:12:26 获取到号码【1754192】的GSD为【辽宁-辽阳】
2021-07-03 00:12:30 GSD insert 第 1 次 等待 1 秒
2021-07-03 00:12:31 {"status":"ok","msg":"添加成功！177628"}
2021-07-03 00:12:31 下次操作: 2021-07-03 00:12:49

2021-07-03 00:12:49 开始第 22 次操作

2021-07-03 00:12:49 开始操作号码 【1754193】
2021-07-03 00:12:53 GSD getOne 第 1 次 等待 1 秒
2021-07-03 00:12:54 查询号码 【1754193】，返回信息 {"status":"bad","msg":""}
2021-07-03 00:12:54 查询号码 【1754193】，GSD为【""】
2021-07-03 00:12:54 bad
2021-07-03 00:12:56 CHB 1754193?1625242374 第 1 次 等待 1 秒
2021-07-03 00:12:57 CHB 1754193?1625242374 第 1 次 获取到号码【1754193】GSD
2021-07-03 00:12:58 获取到号码【1754193】的GSD为【辽宁-辽阳】
2021-07-03 00:13:21 GSD insert 第 1 次 等待 1 秒
2021-07-03 00:13:22 {"status":"ok","msg":"添加成功！177634"}
2021-07-03 00:13:22 下次操作: 2021-07-03 00:13:36

2021-07-03 00:13:36 开始第 23 次操作

2021-07-03 00:13:36 开始操作号码 【1754194】
2021-07-03 00:13:45 GSD getOne 第 1 次 等待 1 秒
2021-07-03 00:13:46 查询号码 【1754194】，返回信息 {"status":"bad","msg":""}
2021-07-03 00:13:46 查询号码 【1754194】，GSD为【""】
2021-07-03 00:13:46 bad
2021-07-03 00:13:49 CHB 1754194?1625242426 第 1 次 等待 1 秒
2021-07-03 00:13:50 CHB 1754194?1625242426 第 1 次 获取到号码【1754194】GSD
2021-07-03 00:13:50 获取到号码【1754194】的GSD为【辽宁-辽阳】
2021-07-03 00:14:09 GSD insert 第 1 次 等待 1 秒
2021-07-03 00:14:10 {"status":"ok","msg":"添加成功！177639"}
2021-07-03 00:14:10 下次操作: 2021-07-03 00:14:21

2021-07-03 00:14:21 开始第 24 次操作

2021-07-03 00:14:21 开始操作号码 【1754195】
2021-07-03 00:14:36 GSD getOne 第 1 次 等待 1 秒
2021-07-03 00:14:37 查询号码 【1754195】，返回信息 {"status":"bad","msg":""}
2021-07-03 00:14:38 查询号码 【1754195】，GSD为【""】
2021-07-03 00:14:38 bad
2021-07-03 00:14:41 CHB 1754195?1625242478 第 1 次 等待 1 秒
2021-07-03 00:14:42 CHB 1754195?1625242478 第 1 次 获取到号码【1754195】GSD
2021-07-03 00:14:42 获取到号码【1754195】的GSD为【辽宁-辽阳】
2021-07-03 00:15:01 GSD insert 第 1 次 等待 1 秒
2021-07-03 00:15:02 {"status":"ok","msg":"添加成功！177645"}
2021-07-03 00:15:02 下次操作: 2021-07-03 00:15:17

2021-07-03 00:15:17 开始第 25 次操作

2021-07-03 00:15:17 开始操作号码 【1754196】
2021-07-03 00:15:24 GSD getOne 第 1 次 等待 1 秒
2021-07-03 00:15:25 查询号码 【1754196】，返回信息 {"status":"bad","msg":""}
2021-07-03 00:15:25 查询号码 【1754196】，GSD为【""】
2021-07-03 00:15:25 bad
2021-07-03 00:15:28 CHB 1754196?1625242525 第 1 次 等待 1 秒
2021-07-03 00:15:29 CHB 1754196?1625242525 第 1 次 获取到号码【1754196】GSD
2021-07-03 00:15:29 获取到号码【1754196】的GSD为【辽宁-辽阳】
2021-07-03 00:15:49 GSD insert 第 1 次 等待 1 秒
2021-07-03 00:15:50 {"status":"ok","msg":"添加成功！177649"}
2021-07-03 00:15:50 下次操作: 2021-07-03 00:16:00

2021-07-03 00:16:00 开始第 26 次操作

2021-07-03 00:16:00 开始操作号码 【1754197】
2021-07-03 00:16:11 GSD getOne 第 1 次 等待 1 秒
2021-07-03 00:16:12 查询号码 【1754197】，返回信息 {"status":"bad","msg":""}
2021-07-03 00:16:12 查询号码 【1754197】，GSD为【""】
2021-07-03 00:16:12 bad
2021-07-03 00:16:15 CHB 1754197?1625242572 第 1 次 等待 1 秒
2021-07-03 00:16:16 CHB 1754197?1625242572 第 1 次 获取到号码【1754197】GSD
2021-07-03 00:16:16 获取到号码【1754197】的GSD为【辽宁-辽阳】
2021-07-03 00:16:39 GSD insert 第 1 次 等待 1 秒
2021-07-03 00:16:40 {"status":"ok","msg":"添加成功！177655"}
2021-07-03 00:16:40 下次操作: 2021-07-03 00:16:56

2021-07-03 00:16:56 开始第 27 次操作

2021-07-03 00:16:56 开始操作号码 【1754198】
2021-07-03 00:17:04 GSD getOne 第 1 次 等待 1 秒
2021-07-03 00:17:05 查询号码 【1754198】，返回信息 {"status":"bad","msg":""}
2021-07-03 00:17:05 查询号码 【1754198】，GSD为【""】
2021-07-03 00:17:05 bad
2021-07-03 00:17:07 CHB 1754198?1625242625 第 1 次 等待 1 秒
2021-07-03 00:17:08 CHB 1754198?1625242625 第 1 次 获取到号码【1754198】GSD
2021-07-03 00:17:08 获取到号码【1754198】的GSD为【辽宁-辽阳】
2021-07-03 00:17:30 GSD insert 第 1 次 等待 1 秒
2021-07-03 00:17:31 {"status":"ok","msg":"添加成功！177660"}
2021-07-03 00:17:31 下次操作: 2021-07-03 00:17:39

2021-07-03 00:17:39 开始第 28 次操作

2021-07-03 00:17:39 开始操作号码 【1754199】
2021-07-03 00:17:59 GSD getOne 第 1 次 等待 1 秒
2021-07-03 00:18:00 查询号码 【1754199】，返回信息 {"status":"bad","msg":""}
2021-07-03 00:18:00 查询号码 【1754199】，GSD为【""】
2021-07-03 00:18:00 bad
2021-07-03 00:18:03 CHB 1754199?1625242680 第 1 次 等待 1 秒
2021-07-03 00:18:04 CHB 1754199?1625242680 第 1 次 获取到号码【1754199】GSD
2021-07-03 00:18:04 获取到号码【1754199】的GSD为【辽宁-辽阳】
2021-07-03 00:18:23 GSD insert 第 1 次 等待 1 秒
2021-07-03 00:18:24 {"status":"ok","msg":"添加成功！177665"}
2021-07-03 00:18:24 下次操作: 2021-07-03 00:18:30

2021-07-03 00:18:30 开始第 29 次操作

2021-07-03 00:18:30 开始操作号码 【1754200】
2021-07-03 00:18:50 GSD getOne 第 1 次 等待 1 秒
2021-07-03 00:18:51 查询号码 【1754200】，返回信息 {"status":"bad","msg":""}
2021-07-03 00:18:51 查询号码 【1754200】，GSD为【""】
2021-07-03 00:18:51 bad
2021-07-03 00:18:53 CHB 1754200?1625242731 第 1 次 等待 1 秒
2021-07-03 00:18:54 CHB 1754200?1625242731 第 1 次 获取到号码【1754200】GSD
2021-07-03 00:18:54 获取到号码【1754200】的GSD为【辽宁-沈阳】
2021-07-03 00:19:14 GSD insert 第 1 次 等待 1 秒
2021-07-03 00:19:15 {"status":"ok","msg":"添加成功！177669"}
2021-07-03 00:19:15 下次操作: 2021-07-03 00:19:25

2021-07-03 00:19:25 开始第 30 次操作

2021-07-03 00:19:25 开始操作号码 【1754201】
2021-07-03 00:19:37 GSD getOne 第 1 次 等待 1 秒
2021-07-03 00:19:38 查询号码 【1754201】，返回信息 {"status":"bad","msg":""}
2021-07-03 00:19:38 查询号码 【1754201】，GSD为【""】
2021-07-03 00:19:38 bad
2021-07-03 00:19:40 CHB 1754201?1625242778 第 1 次 等待 1 秒
2021-07-03 00:19:42 CHB 1754201?1625242778 第 1 次 获取到号码【1754201】GSD
2021-07-03 00:19:42 获取到号码【1754201】的GSD为【辽宁-沈阳】
2021-07-03 00:20:01 GSD insert 第 1 次 等待 1 秒
2021-07-03 00:20:02 {"status":"ok","msg":"添加成功！177675"}

