2024-01-28 00:08:19 开始第 525 次操作

2024-01-28 00:08:19 开始操作号码 【1760425】
2024-01-28 00:08:24 GSD getOne 第 1 次 等待 3 秒
2024-01-28 00:08:27 查询号码 【1760425】，返回信息 {"status":"ok","msg":"辽宁-丹东","gid":"142029","time_insert":"2021-06-27 21:46"}
2024-01-28 00:08:27 查询号码 【1760425】，GSD为【"辽宁-丹东"】

2024-01-28 00:08:28 开始第 526 次操作

2024-01-28 00:08:28 开始操作号码 【1760426】
2024-01-28 00:08:32 GSD getOne 第 1 次 等待 3 秒
2024-01-28 00:08:35 查询号码 【1760426】，返回信息 {"status":"ok","msg":"辽宁-大连","gid":"142039","time_insert":"2021-06-27 21:47"}
2024-01-28 00:08:35 查询号码 【1760426】，GSD为【"辽宁-大连"】

2024-01-28 00:08:36 开始第 527 次操作

2024-01-28 00:08:36 开始操作号码 【1760427】
2024-01-28 00:08:42 GSD getOne 第 1 次 等待 3 秒
2024-01-28 00:08:45 查询号码 【1760427】，返回信息 {"status":"ok","msg":"辽宁-盘锦","gid":"142052","time_insert":"2021-06-27 21:48"}
2024-01-28 00:08:45 查询号码 【1760427】，GSD为【"辽宁-盘锦"】

2024-01-28 00:08:46 开始第 528 次操作

2024-01-28 00:08:46 开始操作号码 【1760428】
2024-01-28 00:08:50 GSD getOne 第 1 次 等待 3 秒
2024-01-28 00:08:53 查询号码 【1760428】，返回信息 {"status":"ok","msg":"辽宁-大连","gid":"142065","time_insert":"2021-06-27 21:48"}
2024-01-28 00:08:53 查询号码 【1760428】，GSD为【"辽宁-大连"】

