2024-10-09 00:29:10 开始第 8269 次操作

2024-10-09 00:29:10 开始操作号码 【1438263】
2024-10-09 00:29:12 GSD getOne 第 1 次 等待 3 秒
2024-10-09 00:29:15 查询号码 【1438263】，返回信息 {"status":"ok","msg":"-","gid":"697954","time_insert":"2023-05-09 05:53"}
2024-10-09 00:29:15 查询号码 【1438263】，GSD为【"-"】
2024-10-09 00:29:15 ok && -
2024-10-09 00:29:17 CHB 1438263?1728404955 第 1 次 等待 3 秒
2024-10-09 00:29:20 CHB 1438263?1728404955 第 1 次 获取到号码【1438263】GSD
2024-10-09 00:29:20 未获取到号码【1438263】GSD，可能号码格式错误
2024-10-09 00:29:20 获取到号码【1438263】的GSD为【-】
2024-10-09 00:29:22 GSD insert 第 1 次 等待 3 秒
2024-10-09 00:29:25 {"status":"bad","gid":"697954","msg":"添加失败！号码【1438263(-|-)】已存在！"}
2024-10-09 00:29:25 随机等待 127 秒，约 2 分钟
2024-10-09 00:29:25 下次操作: 2024-10-09 00:31:32

2024-10-09 00:31:32 开始第 8270 次操作

2024-10-09 00:31:32 开始操作号码 【1438264】
2024-10-09 00:31:34 GSD getOne 第 1 次 等待 3 秒
2024-10-09 00:31:37 查询号码 【1438264】，返回信息 {"status":"ok","msg":"-","gid":"697964","time_insert":"2023-05-09 06:07"}
2024-10-09 00:31:37 查询号码 【1438264】，GSD为【"-"】
2024-10-09 00:31:37 ok && -
2024-10-09 00:31:39 CHB 1438264?1728405097 第 1 次 等待 3 秒
2024-10-09 00:31:42 CHB 1438264?1728405097 第 1 次 获取到号码【1438264】GSD
2024-10-09 00:31:42 未获取到号码【1438264】GSD，可能号码格式错误
2024-10-09 00:31:42 获取到号码【1438264】的GSD为【-】
2024-10-09 00:31:44 GSD insert 第 1 次 等待 3 秒
2024-10-09 00:31:47 {"status":"bad","gid":"697964","msg":"添加失败！号码【1438264(-|-)】已存在！"}
2024-10-09 00:31:47 随机等待 168 秒，约 2 分钟
2024-10-09 00:31:47 下次操作: 2024-10-09 00:34:35

2024-10-09 00:34:35 开始第 8271 次操作

2024-10-09 00:34:35 开始操作号码 【1438265】
2024-10-09 00:34:37 GSD getOne 第 1 次 等待 3 秒
2024-10-09 00:34:40 查询号码 【1438265】，返回信息 {"status":"ok","msg":"-","gid":"697974","time_insert":"2023-05-09 06:25"}
2024-10-09 00:34:40 查询号码 【1438265】，GSD为【"-"】
2024-10-09 00:34:40 ok && -
2024-10-09 00:34:42 CHB 1438265?1728405280 第 1 次 等待 3 秒
2024-10-09 00:34:45 CHB 1438265?1728405280 第 1 次 获取到号码【1438265】GSD
2024-10-09 00:34:45 未获取到号码【1438265】GSD，可能号码格式错误
2024-10-09 00:34:45 获取到号码【1438265】的GSD为【-】
2024-10-09 00:34:47 GSD insert 第 1 次 等待 3 秒
2024-10-09 00:34:50 {"status":"bad","gid":"697974","msg":"添加失败！号码【1438265(-|-)】已存在！"}
2024-10-09 00:34:50 随机等待 143 秒，约 2 分钟
2024-10-09 00:34:50 下次操作: 2024-10-09 00:37:13

2024-10-09 00:37:13 开始第 8272 次操作

2024-10-09 00:37:13 开始操作号码 【1438266】
2024-10-09 00:37:15 GSD getOne 第 1 次 等待 3 秒
2024-10-09 00:37:18 查询号码 【1438266】，返回信息 {"status":"ok","msg":"-","gid":"697982","time_insert":"2023-05-09 06:38"}
2024-10-09 00:37:18 查询号码 【1438266】，GSD为【"-"】
2024-10-09 00:37:18 ok && -
2024-10-09 00:42:18 CHB 1438266?1728405438 第 1 次 等待 3 秒
2024-10-09 00:42:21 CHB 1438266?1728405438 第 1 次 未获取到 等待 232 秒 下次操作: 2024-10-09 00:46:13
2024-10-09 00:46:16 CHB 1438266?1728405973 第 2 次 等待 3 秒
2024-10-09 00:46:19 CHB 1438266?1728405973 第 2 次 获取到号码【1438266】GSD
2024-10-09 00:46:19 未获取到号码【1438266】GSD，可能号码格式错误
2024-10-09 00:46:19 获取到号码【1438266】的GSD为【-】
2024-10-09 00:46:21 GSD insert 第 1 次 等待 3 秒
2024-10-09 00:46:24 {"status":"bad","gid":"697982","msg":"添加失败！号码【1438266(-|-)】已存在！"}

2024-10-09 00:49:20 开始第 8273 次操作

2024-10-09 00:49:20 开始操作号码 【1438267】
2024-10-09 00:49:22 GSD getOne 第 1 次 等待 3 秒
2024-10-09 00:49:25 查询号码 【1438267】，返回信息 {"status":"ok","msg":"-","gid":"697993","time_insert":"2023-05-09 06:56"}
2024-10-09 00:49:25 查询号码 【1438267】，GSD为【"-"】
2024-10-09 00:49:25 ok && -
2024-10-09 00:49:27 CHB 1438267?1728406165 第 1 次 等待 3 秒
2024-10-09 00:49:30 CHB 1438267?1728406165 第 1 次 获取到号码【1438267】GSD
2024-10-09 00:49:30 未获取到号码【1438267】GSD，可能号码格式错误
2024-10-09 00:49:30 获取到号码【1438267】的GSD为【-】
2024-10-09 00:49:32 GSD insert 第 1 次 等待 3 秒
2024-10-09 00:49:35 {"status":"bad","gid":"697993","msg":"添加失败！号码【1438267(-|-)】已存在！"}
2024-10-09 00:49:35 随机等待 75 秒，约 1 分钟
2024-10-09 00:49:35 下次操作: 2024-10-09 00:50:50

2024-10-09 00:50:50 开始第 8274 次操作

2024-10-09 00:50:50 开始操作号码 【1438268】
2024-10-09 00:50:52 GSD getOne 第 1 次 等待 3 秒
2024-10-09 00:50:55 查询号码 【1438268】，返回信息 {"status":"ok","msg":"-","gid":"698002","time_insert":"2023-05-09 07:09"}
2024-10-09 00:50:55 查询号码 【1438268】，GSD为【"-"】
2024-10-09 00:50:55 ok && -
2024-10-09 00:50:57 CHB 1438268?1728406255 第 1 次 等待 3 秒
2024-10-09 00:51:00 CHB 1438268?1728406255 第 1 次 获取到号码【1438268】GSD
2024-10-09 00:51:00 未获取到号码【1438268】GSD，可能号码格式错误
2024-10-09 00:51:00 获取到号码【1438268】的GSD为【-】
2024-10-09 00:51:02 GSD insert 第 1 次 等待 3 秒
2024-10-09 00:51:05 {"status":"bad","gid":"698002","msg":"添加失败！号码【1438268(-|-)】已存在！"}
2024-10-09 00:51:05 随机等待 165 秒，约 2 分钟
2024-10-09 00:51:05 下次操作: 2024-10-09 00:53:50

2024-10-09 00:53:50 开始第 8275 次操作

2024-10-09 00:53:50 开始操作号码 【1438269】
2024-10-09 00:53:52 GSD getOne 第 1 次 等待 3 秒
2024-10-09 00:53:55 查询号码 【1438269】，返回信息 {"status":"ok","msg":"-","gid":"698014","time_insert":"2023-05-09 07:27"}
2024-10-09 00:53:55 查询号码 【1438269】，GSD为【"-"】
2024-10-09 00:53:55 ok && -
2024-10-09 00:53:57 CHB 1438269?1728406435 第 1 次 等待 3 秒
2024-10-09 00:54:00 CHB 1438269?1728406435 第 1 次 获取到号码【1438269】GSD
2024-10-09 00:54:00 未获取到号码【1438269】GSD，可能号码格式错误
2024-10-09 00:54:00 获取到号码【1438269】的GSD为【-】
2024-10-09 00:54:02 GSD insert 第 1 次 等待 3 秒
2024-10-09 00:54:05 {"status":"bad","gid":"698014","msg":"添加失败！号码【1438269(-|-)】已存在！"}
2024-10-09 00:54:05 随机等待 71 秒，约 1 分钟
2024-10-09 00:54:05 下次操作: 2024-10-09 00:55:16

2024-10-09 00:55:16 开始第 8276 次操作

2024-10-09 00:55:16 开始操作号码 【1438270】
2024-10-09 00:55:18 GSD getOne 第 1 次 等待 3 秒
2024-10-09 00:55:21 查询号码 【1438270】，返回信息 {"status":"ok","msg":"-","gid":"698026","time_insert":"2023-05-09 07:49"}
2024-10-09 00:55:21 查询号码 【1438270】，GSD为【"-"】
2024-10-09 00:55:21 ok && -
2024-10-09 00:55:23 CHB 1438270?1728406521 第 1 次 等待 3 秒
2024-10-09 00:55:26 CHB 1438270?1728406521 第 1 次 获取到号码【1438270】GSD
2024-10-09 00:55:26 未获取到号码【1438270】GSD，可能号码格式错误
2024-10-09 00:55:26 获取到号码【1438270】的GSD为【-】
2024-10-09 00:55:28 GSD insert 第 1 次 等待 3 秒
2024-10-09 00:55:31 {"status":"bad","gid":"698026","msg":"添加失败！号码【1438270(-|-)】已存在！"}

