2023-12-29 00:09:12 开始第 5913 次操作

2023-12-29 00:09:12 开始操作号码 【1875813】
2023-12-29 00:09:15 GSD getOne 第 1 次 等待 3 秒
2023-12-29 00:09:18 查询号码 【1875813】，返回信息 {"status":"ok","msg":"浙江-杭州","gid":"443158","time_insert":"2021-07-30 10:54"}
2023-12-29 00:09:18 查询号码 【1875813】，GSD为【"浙江-杭州"】

2023-12-29 00:09:19 开始第 5914 次操作

2023-12-29 00:09:19 开始操作号码 【1875814】
2023-12-29 00:09:23 GSD getOne 第 1 次 等待 3 秒
2023-12-29 00:09:26 查询号码 【1875814】，返回信息 {"status":"ok","msg":"浙江-杭州","gid":"443147","time_insert":"2021-07-30 10:53"}
2023-12-29 00:09:26 查询号码 【1875814】，GSD为【"浙江-杭州"】

2023-12-29 00:09:27 开始第 5915 次操作

2023-12-29 00:09:27 开始操作号码 【1875815】
2023-12-29 00:09:31 GSD getOne 第 1 次 等待 3 秒
2023-12-29 00:09:34 查询号码 【1875815】，返回信息 {"status":"ok","msg":"浙江-杭州","gid":"443141","time_insert":"2021-07-30 10:52"}
2023-12-29 00:09:34 查询号码 【1875815】，GSD为【"浙江-杭州"】

2023-12-29 00:09:36 开始第 5916 次操作

2023-12-29 00:09:36 开始操作号码 【1875816】
2023-12-29 00:09:39 GSD getOne 第 1 次 等待 3 秒
2023-12-29 00:09:42 查询号码 【1875816】，返回信息 {"status":"ok","msg":"浙江-杭州","gid":"443135","time_insert":"2021-07-30 10:52"}
2023-12-29 00:09:42 查询号码 【1875816】，GSD为【"浙江-杭州"】

2023-12-29 00:37:13 开始第 5917 次操作

2023-12-29 00:37:13 开始操作号码 【1875817】
2023-12-29 00:37:17 GSD getOne 第 1 次 等待 3 秒
2023-12-29 00:37:20 查询号码 【1875817】，返回信息 {"status":"ok","msg":"浙江-杭州","gid":"443125","time_insert":"2021-07-30 10:51"}
2023-12-29 00:37:20 查询号码 【1875817】，GSD为【"浙江-杭州"】

2023-12-29 00:37:21 开始第 5918 次操作

2023-12-29 00:37:21 开始操作号码 【1875818】
2023-12-29 00:37:25 GSD getOne 第 1 次 等待 3 秒
2023-12-29 00:37:28 查询号码 【1875818】，返回信息 {"status":"ok","msg":"浙江-杭州","gid":"443118","time_insert":"2021-07-30 10:51"}
2023-12-29 00:37:28 查询号码 【1875818】，GSD为【"浙江-杭州"】

2023-12-29 00:37:29 开始第 5919 次操作

2023-12-29 00:37:29 开始操作号码 【1875819】
2023-12-29 00:37:33 GSD getOne 第 1 次 等待 3 秒
2023-12-29 00:37:36 查询号码 【1875819】，返回信息 {"status":"ok","msg":"浙江-杭州","gid":"443109","time_insert":"2021-07-30 10:50"}
2023-12-29 00:37:36 查询号码 【1875819】，GSD为【"浙江-杭州"】

2023-12-29 00:37:37 开始第 5920 次操作

2023-12-29 00:37:37 开始操作号码 【1875820】
2023-12-29 00:37:41 GSD getOne 第 1 次 等待 3 秒
2023-12-29 00:37:44 查询号码 【1875820】，返回信息 {"status":"ok","msg":"浙江-杭州","gid":"443100","time_insert":"2021-07-30 10:49"}
2023-12-29 00:37:44 查询号码 【1875820】，GSD为【"浙江-杭州"】

