2023-12-31 00:08:54 开始第 6281 次操作

2023-12-31 00:08:54 开始操作号码 【1876181】
2023-12-31 00:08:57 GSD getOne 第 1 次 等待 3 秒
2023-12-31 00:09:00 查询号码 【1876181】，返回信息 {"status":"ok","msg":"江苏-南京","gid":"439469","time_insert":"2021-07-30 02:02"}
2023-12-31 00:09:00 查询号码 【1876181】，GSD为【"江苏-南京"】

2023-12-31 00:09:01 开始第 6282 次操作

2023-12-31 00:09:01 开始操作号码 【1876182】
2023-12-31 00:09:04 GSD getOne 第 1 次 等待 3 秒
2023-12-31 00:09:07 查询号码 【1876182】，返回信息 {"status":"ok","msg":"江苏-南京","gid":"42549","time_insert":"2017-05-21 15:32","time_update":"2020-08-26 17:27"}
2023-12-31 00:09:07 查询号码 【1876182】，GSD为【"江苏-南京"】

2023-12-31 00:09:08 开始第 6283 次操作

2023-12-31 00:09:08 开始操作号码 【1876183】
2023-12-31 00:09:11 GSD getOne 第 1 次 等待 3 秒
2023-12-31 00:09:14 查询号码 【1876183】，返回信息 {"status":"ok","msg":"江苏-南京","gid":"439460","time_insert":"2021-07-30 02:01","time_update":"2021-08-06 13:33"}
2023-12-31 00:09:15 查询号码 【1876183】，GSD为【"江苏-南京"】

2023-12-31 00:09:16 开始第 6284 次操作

2023-12-31 00:09:16 开始操作号码 【1876184】
2023-12-31 00:09:18 GSD getOne 第 1 次 等待 3 秒
2023-12-31 00:09:21 查询号码 【1876184】，返回信息 {"status":"ok","msg":"江苏-南京","gid":"439450","time_insert":"2021-07-30 02:01"}
2023-12-31 00:09:21 查询号码 【1876184】，GSD为【"江苏-南京"】

2023-12-31 00:35:18 开始第 6285 次操作

2023-12-31 00:35:18 开始操作号码 【1876185】
2023-12-31 00:35:22 GSD getOne 第 1 次 等待 3 秒
2023-12-31 00:35:25 查询号码 【1876185】，返回信息 {"status":"ok","msg":"江苏-南京","gid":"439444","time_insert":"2021-07-30 02:00"}
2023-12-31 00:35:25 查询号码 【1876185】，GSD为【"江苏-南京"】

2023-12-31 00:35:26 开始第 6286 次操作

2023-12-31 00:35:26 开始操作号码 【1876186】
2023-12-31 00:35:30 GSD getOne 第 1 次 等待 3 秒
2023-12-31 00:35:33 查询号码 【1876186】，返回信息 {"status":"ok","msg":"江苏-南京","gid":"439434","time_insert":"2021-07-30 02:00"}
2023-12-31 00:35:33 查询号码 【1876186】，GSD为【"江苏-南京"】

2023-12-31 00:35:34 开始第 6287 次操作

2023-12-31 00:35:34 开始操作号码 【1876187】
2023-12-31 00:35:38 GSD getOne 第 1 次 等待 3 秒
2023-12-31 00:35:41 查询号码 【1876187】，返回信息 {"status":"ok","msg":"江苏-南京","gid":"439424","time_insert":"2021-07-30 01:59"}
2023-12-31 00:35:41 查询号码 【1876187】，GSD为【"江苏-南京"】

2023-12-31 00:35:42 开始第 6288 次操作

2023-12-31 00:35:42 开始操作号码 【1876188】
2023-12-31 00:35:46 GSD getOne 第 1 次 等待 3 秒
2023-12-31 00:35:49 查询号码 【1876188】，返回信息 {"status":"ok","msg":"江苏-南京","gid":"439417","time_insert":"2021-07-30 01:58"}
2023-12-31 00:35:49 查询号码 【1876188】，GSD为【"江苏-南京"】

2023-12-31 01:06:12 开始第 6289 次操作

2023-12-31 01:06:12 开始操作号码 【1876189】
2023-12-31 01:06:18 GSD getOne 第 1 次 等待 3 秒
2023-12-31 01:06:21 查询号码 【1876189】，返回信息 {"status":"ok","msg":"江苏-南京","gid":"439409","time_insert":"2021-07-30 01:58"}
2023-12-31 01:06:21 查询号码 【1876189】，GSD为【"江苏-南京"】

2023-12-31 01:06:22 开始第 6290 次操作

2023-12-31 01:06:22 开始操作号码 【1876190】
2023-12-31 01:06:25 GSD getOne 第 1 次 等待 3 秒
2023-12-31 01:06:28 查询号码 【1876190】，返回信息 {"status":"ok","msg":"江苏-苏州","gid":"439400","time_insert":"2021-07-30 01:57"}
2023-12-31 01:06:28 查询号码 【1876190】，GSD为【"江苏-苏州"】

2023-12-31 01:06:29 开始第 6291 次操作

2023-12-31 01:06:29 开始操作号码 【1876191】
2023-12-31 01:06:32 GSD getOne 第 1 次 等待 3 秒
2023-12-31 01:06:35 查询号码 【1876191】，返回信息 {"status":"ok","msg":"江苏-苏州","gid":"439390","time_insert":"2021-07-30 01:57"}
2023-12-31 01:06:35 查询号码 【1876191】，GSD为【"江苏-苏州"】

2023-12-31 01:06:36 开始第 6292 次操作

2023-12-31 01:06:36 开始操作号码 【1876192】
2023-12-31 01:06:41 GSD getOne 第 1 次 等待 3 秒
2023-12-31 01:06:44 查询号码 【1876192】，返回信息 {"status":"ok","msg":"江苏-苏州","gid":"439385","time_insert":"2021-07-30 01:56"}
2023-12-31 01:06:44 查询号码 【1876192】，GSD为【"江苏-苏州"】

2023-12-31 01:32:25 开始第 6293 次操作

2023-12-31 01:32:25 开始操作号码 【1876193】
2023-12-31 01:32:29 GSD getOne 第 1 次 等待 3 秒
2023-12-31 01:32:32 查询号码 【1876193】，返回信息 {"status":"ok","msg":"江苏-苏州","gid":"439374","time_insert":"2021-07-30 01:55"}
2023-12-31 01:32:32 查询号码 【1876193】，GSD为【"江苏-苏州"】

2023-12-31 01:32:33 开始第 6294 次操作

2023-12-31 01:32:33 开始操作号码 【1876194】
2023-12-31 01:32:36 GSD getOne 第 1 次 等待 3 秒
2023-12-31 01:32:39 查询号码 【1876194】，返回信息 {"status":"ok","msg":"江苏-苏州","gid":"439367","time_insert":"2021-07-30 01:55"}
2023-12-31 01:32:39 查询号码 【1876194】，GSD为【"江苏-苏州"】

2023-12-31 01:32:40 开始第 6295 次操作

2023-12-31 01:32:40 开始操作号码 【1876195】
2023-12-31 01:32:43 GSD getOne 第 1 次 等待 3 秒
2023-12-31 01:32:46 查询号码 【1876195】，返回信息 {"status":"ok","msg":"江苏-苏州","gid":"439362","time_insert":"2021-07-30 01:54"}
2023-12-31 01:32:46 查询号码 【1876195】，GSD为【"江苏-苏州"】

2023-12-31 01:32:47 开始第 6296 次操作

2023-12-31 01:32:47 开始操作号码 【1876196】
2023-12-31 01:32:51 GSD getOne 第 1 次 等待 3 秒
2023-12-31 01:32:54 查询号码 【1876196】，返回信息 {"status":"ok","msg":"江苏-苏州","gid":"439352","time_insert":"2021-07-30 01:54"}
2023-12-31 01:32:54 查询号码 【1876196】，GSD为【"江苏-苏州"】

2023-12-31 02:09:25 开始第 6297 次操作

2023-12-31 02:09:25 开始操作号码 【1876197】
2023-12-31 02:09:28 GSD getOne 第 1 次 等待 3 秒
2023-12-31 02:09:31 查询号码 【1876197】，返回信息 {"status":"ok","msg":"江苏-苏州","gid":"439346","time_insert":"2021-07-30 01:53"}
2023-12-31 02:09:32 查询号码 【1876197】，GSD为【"江苏-苏州"】

2023-12-31 02:09:33 开始第 6298 次操作

2023-12-31 02:09:33 开始操作号码 【1876198】
2023-12-31 02:09:36 GSD getOne 第 1 次 等待 3 秒
2023-12-31 02:09:39 查询号码 【1876198】，返回信息 {"status":"ok","msg":"江苏-苏州","gid":"439340","time_insert":"2021-07-30 01:52"}
2023-12-31 02:09:39 查询号码 【1876198】，GSD为【"江苏-苏州"】

2023-12-31 02:09:40 开始第 6299 次操作

2023-12-31 02:09:40 开始操作号码 【1876199】
2023-12-31 02:09:43 GSD getOne 第 1 次 等待 3 秒
2023-12-31 02:09:46 查询号码 【1876199】，返回信息 {"status":"ok","msg":"江苏-苏州","gid":"439332","time_insert":"2021-07-30 01:52"}
2023-12-31 02:09:46 查询号码 【1876199】，GSD为【"江苏-苏州"】

2023-12-31 02:09:47 开始第 6300 次操作

2023-12-31 02:09:47 开始操作号码 【1876200】
2023-12-31 02:09:49 GSD getOne 第 1 次 等待 3 秒
2023-12-31 02:09:52 查询号码 【1876200】，返回信息 {"status":"ok","msg":"江苏-淮安","gid":"42550","time_insert":"2018-06-26 21:18","time_update":"2020-08-26 17:32"}
2023-12-31 02:09:53 查询号码 【1876200】，GSD为【"江苏-淮安"】

2023-12-31 02:32:13 开始第 6301 次操作

2023-12-31 02:32:13 开始操作号码 【1876201】
2023-12-31 02:32:16 GSD getOne 第 1 次 等待 3 秒
2023-12-31 02:32:19 查询号码 【1876201】，返回信息 {"status":"ok","msg":"江苏-淮安","gid":"439321","time_insert":"2021-07-30 01:51"}
2023-12-31 02:32:19 查询号码 【1876201】，GSD为【"江苏-淮安"】

2023-12-31 02:32:20 开始第 6302 次操作

2023-12-31 02:32:20 开始操作号码 【1876202】
2023-12-31 02:32:23 GSD getOne 第 1 次 等待 3 秒
2023-12-31 02:32:26 查询号码 【1876202】，返回信息 {"status":"ok","msg":"江苏-淮安","gid":"439310","time_insert":"2021-07-30 01:50"}
2023-12-31 02:32:26 查询号码 【1876202】，GSD为【"江苏-淮安"】

2023-12-31 02:32:27 开始第 6303 次操作

2023-12-31 02:32:27 开始操作号码 【1876203】
2023-12-31 02:32:31 GSD getOne 第 1 次 等待 3 秒
2023-12-31 02:32:34 查询号码 【1876203】，返回信息 {"status":"ok","msg":"江苏-淮安","gid":"439305","time_insert":"2021-07-30 01:50"}
2023-12-31 02:32:34 查询号码 【1876203】，GSD为【"江苏-淮安"】

2023-12-31 02:32:35 开始第 6304 次操作

2023-12-31 02:32:35 开始操作号码 【1876204】
2023-12-31 02:32:38 GSD getOne 第 1 次 等待 3 秒
2023-12-31 02:32:41 查询号码 【1876204】，返回信息 {"status":"ok","msg":"江苏-淮安","gid":"439297","time_insert":"2021-07-30 01:49"}
2023-12-31 02:32:41 查询号码 【1876204】，GSD为【"江苏-淮安"】

2023-12-31 03:05:36 开始第 6305 次操作

2023-12-31 03:05:36 开始操作号码 【1876205】
2023-12-31 03:05:39 GSD getOne 第 1 次 等待 3 秒
2023-12-31 03:05:42 查询号码 【1876205】，返回信息 {"status":"ok","msg":"江苏-淮安","gid":"439286","time_insert":"2021-07-30 01:49"}
2023-12-31 03:05:42 查询号码 【1876205】，GSD为【"江苏-淮安"】

2023-12-31 03:05:43 开始第 6306 次操作

2023-12-31 03:05:43 开始操作号码 【1876206】
2023-12-31 03:05:46 GSD getOne 第 1 次 等待 3 秒
2023-12-31 03:05:49 查询号码 【1876206】，返回信息 {"status":"ok","msg":"江苏-淮安","gid":"439279","time_insert":"2021-07-30 01:48","time_update":"2021-08-06 13:58"}
2023-12-31 03:05:49 查询号码 【1876206】，GSD为【"江苏-淮安"】

2023-12-31 03:05:50 开始第 6307 次操作

2023-12-31 03:05:50 开始操作号码 【1876207】
2023-12-31 03:05:52 GSD getOne 第 1 次 等待 3 秒
2023-12-31 03:05:55 查询号码 【1876207】，返回信息 {"status":"ok","msg":"江苏-淮安","gid":"439271","time_insert":"2021-07-30 01:47"}
2023-12-31 03:05:56 查询号码 【1876207】，GSD为【"江苏-淮安"】

2023-12-31 03:05:57 开始第 6308 次操作

2023-12-31 03:05:57 开始操作号码 【1876208】
2023-12-31 03:05:59 GSD getOne 第 1 次 等待 3 秒
2023-12-31 03:06:02 查询号码 【1876208】，返回信息 {"status":"ok","msg":"江苏-淮安","gid":"439263","time_insert":"2021-07-30 01:47"}
2023-12-31 03:06:02 查询号码 【1876208】，GSD为【"江苏-淮安"】

