2023-10-05 00:10:11 开始第 1589 次操作

2023-10-05 00:10:11 开始操作号码 【1971588】
2023-10-05 00:10:16 GSD getOne 第 1 次 等待 3 秒
2023-10-05 00:10:19 查询号码 【1971588】，返回信息 {"status":"ok","msg":"广西-梧州","gid":"544713","time_insert":"2023-02-21 11:11"}
2023-10-05 00:10:20 查询号码 【1971588】，GSD为【"广西-梧州"】

2023-10-05 00:10:21 开始第 1590 次操作

2023-10-05 00:10:21 开始操作号码 【1971589】
2023-10-05 00:10:24 GSD getOne 第 1 次 等待 3 秒
2023-10-05 00:10:27 查询号码 【1971589】，返回信息 {"status":"ok","msg":"广西-南宁","gid":"544715","time_insert":"2023-02-21 11:13"}
2023-10-05 00:10:27 查询号码 【1971589】，GSD为【"广西-南宁"】

2023-10-05 00:10:28 开始第 1591 次操作

2023-10-05 00:10:28 开始操作号码 【1971590】
2023-10-05 00:10:33 GSD getOne 第 1 次 等待 3 秒
2023-10-05 00:10:36 查询号码 【1971590】，返回信息 {"status":"ok","msg":"广西-南宁","gid":"544719","time_insert":"2023-02-21 11:15"}
2023-10-05 00:10:36 查询号码 【1971590】，GSD为【"广西-南宁"】

2023-10-05 00:10:37 开始第 1592 次操作

2023-10-05 00:10:37 开始操作号码 【1971591】
2023-10-05 00:10:39 GSD getOne 第 1 次 等待 3 秒
2023-10-05 00:10:42 查询号码 【1971591】，返回信息 {"status":"ok","msg":"福建-福州","gid":"544722","time_insert":"2023-02-21 11:18"}
2023-10-05 00:10:42 查询号码 【1971591】，GSD为【"福建-福州"】

2023-10-05 00:36:34 开始第 1593 次操作

2023-10-05 00:36:34 开始操作号码 【1971592】
2023-10-05 00:36:38 GSD getOne 第 1 次 等待 3 秒
2023-10-05 00:36:41 查询号码 【1971592】，返回信息 {"status":"ok","msg":"福建-福州","gid":"544744","time_insert":"2023-02-21 11:32"}
2023-10-05 00:36:41 查询号码 【1971592】，GSD为【"福建-福州"】

2023-10-05 00:36:42 开始第 1594 次操作

2023-10-05 00:36:42 开始操作号码 【1971593】
2023-10-05 00:36:48 GSD getOne 第 1 次 等待 3 秒
2023-10-05 00:36:51 查询号码 【1971593】，返回信息 {"status":"ok","msg":"福建-福州","gid":"544745","time_insert":"2023-02-21 11:34"}
2023-10-05 00:36:51 查询号码 【1971593】，GSD为【"福建-福州"】

2023-10-05 00:36:52 开始第 1595 次操作

2023-10-05 00:36:52 开始操作号码 【1971594】
2023-10-05 00:36:56 GSD getOne 第 1 次 等待 3 秒
2023-10-05 00:36:59 查询号码 【1971594】，返回信息 {"status":"ok","msg":"福建-福州","gid":"544751","time_insert":"2023-02-21 11:36"}
2023-10-05 00:36:59 查询号码 【1971594】，GSD为【"福建-福州"】

2023-10-05 00:37:00 开始第 1596 次操作

2023-10-05 00:37:00 开始操作号码 【1971595】
2023-10-05 00:37:04 GSD getOne 第 1 次 等待 3 秒
2023-10-05 00:37:07 查询号码 【1971595】，返回信息 {"status":"ok","msg":"福建-福州","gid":"544758","time_insert":"2023-02-21 11:39"}
2023-10-05 00:37:07 查询号码 【1971595】，GSD为【"福建-福州"】

2023-10-05 01:06:51 开始第 1597 次操作

2023-10-05 01:06:51 开始操作号码 【1971596】
2023-10-05 01:06:54 GSD getOne 第 1 次 等待 3 秒
2023-10-05 01:06:57 查询号码 【1971596】，返回信息 {"status":"ok","msg":"福建-福州","gid":"544764","time_insert":"2023-02-21 11:44"}
2023-10-05 01:06:57 查询号码 【1971596】，GSD为【"福建-福州"】

2023-10-05 01:06:58 开始第 1598 次操作

2023-10-05 01:06:58 开始操作号码 【1971597】
2023-10-05 01:07:07 GSD getOne 第 1 次 等待 3 秒
2023-10-05 01:07:10 查询号码 【1971597】，返回信息 {"status":"ok","msg":"福建-福州","gid":"544770","time_insert":"2023-02-21 11:47"}
2023-10-05 01:07:10 查询号码 【1971597】，GSD为【"福建-福州"】

2023-10-05 01:07:11 开始第 1599 次操作

2023-10-05 01:07:11 开始操作号码 【1971598】
2023-10-05 01:07:20 GSD getOne 第 1 次 等待 3 秒
2023-10-05 01:07:23 查询号码 【1971598】，返回信息 {"status":"ok","msg":"福建-福州","gid":"544774","time_insert":"2023-02-21 11:50"}
2023-10-05 01:07:23 查询号码 【1971598】，GSD为【"福建-福州"】

2023-10-05 01:07:24 开始第 1600 次操作

2023-10-05 01:07:24 开始操作号码 【1971599】
2023-10-05 01:07:26 GSD getOne 第 1 次 等待 3 秒
2023-10-05 01:07:29 查询号码 【1971599】，返回信息 {"status":"ok","msg":"福建-福州","gid":"544776","time_insert":"2023-02-21 11:52"}
2023-10-05 01:07:29 查询号码 【1971599】，GSD为【"福建-福州"】

2023-10-05 01:32:17 开始第 1601 次操作

2023-10-05 01:32:17 开始操作号码 【1971600】
2023-10-05 01:32:27 GSD getOne 第 1 次 等待 3 秒
2023-10-05 01:32:30 查询号码 【1971600】，返回信息 {"status":"ok","msg":"广西-玉林","gid":"544782","time_insert":"2023-02-21 11:54"}
2023-10-05 01:32:30 查询号码 【1971600】，GSD为【"广西-玉林"】

2023-10-05 01:32:31 开始第 1602 次操作

2023-10-05 01:32:31 开始操作号码 【1971601】
2023-10-05 01:32:35 GSD getOne 第 1 次 等待 3 秒
2023-10-05 01:32:38 查询号码 【1971601】，返回信息 {"status":"ok","msg":"广西-南宁","gid":"544784","time_insert":"2023-02-21 11:56"}
2023-10-05 01:32:38 查询号码 【1971601】，GSD为【"广西-南宁"】

2023-10-05 01:32:39 开始第 1603 次操作

2023-10-05 01:32:39 开始操作号码 【1971602】
2023-10-05 01:32:51 GSD getOne 第 1 次 等待 3 秒
2023-10-05 01:32:54 查询号码 【1971602】，返回信息 {"status":"ok","msg":"广西-南宁","gid":"544789","time_insert":"2023-02-21 11:58"}
2023-10-05 01:32:54 查询号码 【1971602】，GSD为【"广西-南宁"】

2023-10-05 01:32:55 开始第 1604 次操作

2023-10-05 01:32:55 开始操作号码 【1971603】
2023-10-05 01:32:58 GSD getOne 第 1 次 等待 3 秒
2023-10-05 01:33:01 查询号码 【1971603】，返回信息 {"status":"ok","msg":"广西-南宁","gid":"544793","time_insert":"2023-02-21 12:01"}
2023-10-05 01:33:01 查询号码 【1971603】，GSD为【"广西-南宁"】

2023-10-05 02:10:00 开始第 1605 次操作

2023-10-05 02:10:00 开始操作号码 【1971604】
2023-10-05 02:10:03 GSD getOne 第 1 次 等待 3 秒
2023-10-05 02:10:06 查询号码 【1971604】，返回信息 {"status":"ok","msg":"云南-昭通","gid":"544815","time_insert":"2023-02-21 12:16"}
2023-10-05 02:10:06 查询号码 【1971604】，GSD为【"云南-昭通"】

2023-10-05 02:10:07 开始第 1606 次操作

2023-10-05 02:10:07 开始操作号码 【1971605】
2023-10-05 02:10:10 GSD getOne 第 1 次 等待 3 秒
2023-10-05 02:10:13 查询号码 【1971605】，返回信息 {"status":"ok","msg":"广西-桂林","gid":"544816","time_insert":"2023-02-21 12:17"}
2023-10-05 02:10:13 查询号码 【1971605】，GSD为【"广西-桂林"】

2023-10-05 02:10:14 开始第 1607 次操作

2023-10-05 02:10:14 开始操作号码 【1971606】
2023-10-05 02:10:17 GSD getOne 第 1 次 等待 3 秒
2023-10-05 02:10:20 查询号码 【1971606】，返回信息 {"status":"ok","msg":"广西-桂林","gid":"544824","time_insert":"2023-02-21 12:21"}
2023-10-05 02:10:20 查询号码 【1971606】，GSD为【"广西-桂林"】

2023-10-05 02:10:21 开始第 1608 次操作

2023-10-05 02:10:21 开始操作号码 【1971607】
2023-10-05 02:10:24 GSD getOne 第 1 次 等待 3 秒
2023-10-05 02:10:27 查询号码 【1971607】，返回信息 {"status":"ok","msg":"广西-桂林","gid":"544827","time_insert":"2023-02-21 12:22"}
2023-10-05 02:10:27 查询号码 【1971607】，GSD为【"广西-桂林"】

