2024-01-05 00:09:43 开始第 7201 次操作

2024-01-05 00:09:43 开始操作号码 【1877101】
2024-01-05 00:09:46 GSD getOne 第 1 次 等待 3 秒
2024-01-05 00:09:49 查询号码 【1877101】，返回信息 {"status":"ok","msg":"湖北-武汉","gid":"429981","time_insert":"2021-07-29 04:07","time_update":"2021-08-06 14:22"}
2024-01-05 00:09:49 查询号码 【1877101】，GSD为【"湖北-武汉"】

2024-01-05 00:09:50 开始第 7202 次操作

2024-01-05 00:09:50 开始操作号码 【1877102】
2024-01-05 00:09:53 GSD getOne 第 1 次 等待 3 秒
2024-01-05 00:09:56 查询号码 【1877102】，返回信息 {"status":"ok","msg":"湖北-武汉","gid":"429974","time_insert":"2021-07-29 04:06"}
2024-01-05 00:09:56 查询号码 【1877102】，GSD为【"湖北-武汉"】

2024-01-05 00:09:57 开始第 7203 次操作

2024-01-05 00:09:57 开始操作号码 【1877103】
2024-01-05 00:10:00 GSD getOne 第 1 次 等待 3 秒
2024-01-05 00:10:03 查询号码 【1877103】，返回信息 {"status":"ok","msg":"湖北-武汉","gid":"42626","time_insert":"2017-04-19 11:23","time_update":"2020-09-19 07:08"}
2024-01-05 00:10:03 查询号码 【1877103】，GSD为【"湖北-武汉"】

2024-01-05 00:10:04 开始第 7204 次操作

2024-01-05 00:10:04 开始操作号码 【1877104】
2024-01-05 00:10:06 GSD getOne 第 1 次 等待 3 秒
2024-01-05 00:10:09 查询号码 【1877104】，返回信息 {"status":"ok","msg":"湖北-武汉","gid":"429963","time_insert":"2021-07-29 04:05"}
2024-01-05 00:10:09 查询号码 【1877104】，GSD为【"湖北-武汉"】

