2024-02-11 00:09:22 开始第 3101 次操作

2024-02-11 00:09:22 开始操作号码 【1763001】
2024-02-11 00:09:28 GSD getOne 第 1 次 等待 3 秒
2024-02-11 00:09:31 查询号码 【1763001】，返回信息 {"status":"ok","msg":"河南-郑州","gid":"168624","time_insert":"2021-07-01 19:04"}
2024-02-11 00:09:31 查询号码 【1763001】，GSD为【"河南-郑州"】

2024-02-11 00:09:32 开始第 3102 次操作

2024-02-11 00:09:32 开始操作号码 【1763002】
2024-02-11 00:09:37 GSD getOne 第 1 次 等待 3 秒
2024-02-11 00:09:40 查询号码 【1763002】，返回信息 {"status":"ok","msg":"河南-郑州","gid":"168630","time_insert":"2021-07-01 19:05"}
2024-02-11 00:09:40 查询号码 【1763002】，GSD为【"河南-郑州"】

2024-02-11 00:09:41 开始第 3103 次操作

2024-02-11 00:09:41 开始操作号码 【1763003】
2024-02-11 00:09:45 GSD getOne 第 1 次 等待 3 秒
2024-02-11 00:09:48 查询号码 【1763003】，返回信息 {"status":"ok","msg":"河南-郑州","gid":"168637","time_insert":"2021-07-01 19:05"}
2024-02-11 00:09:49 查询号码 【1763003】，GSD为【"河南-郑州"】

2024-02-11 00:09:50 开始第 3104 次操作

2024-02-11 00:09:50 开始操作号码 【1763004】
2024-02-11 00:09:54 GSD getOne 第 1 次 等待 3 秒
2024-02-11 00:09:57 查询号码 【1763004】，返回信息 {"status":"ok","msg":"河南-郑州","gid":"55257","time_insert":"2020-06-11 18:02"}
2024-02-11 00:09:57 查询号码 【1763004】，GSD为【"河南-郑州"】

2024-02-11 00:33:29 开始第 3105 次操作

2024-02-11 00:33:29 开始操作号码 【1763005】
2024-02-11 00:33:35 GSD getOne 第 1 次 等待 3 秒
2024-02-11 00:33:38 查询号码 【1763005】，返回信息 {"status":"ok","msg":"河南-郑州","gid":"168647","time_insert":"2021-07-01 19:07"}
2024-02-11 00:33:38 查询号码 【1763005】，GSD为【"河南-郑州"】

2024-02-11 00:33:39 开始第 3106 次操作

2024-02-11 00:33:39 开始操作号码 【1763006】
2024-02-11 00:33:44 GSD getOne 第 1 次 等待 3 秒
2024-02-11 00:33:47 查询号码 【1763006】，返回信息 {"status":"ok","msg":"河南-郑州","gid":"168650","time_insert":"2021-07-01 19:07"}
2024-02-11 00:33:47 查询号码 【1763006】，GSD为【"河南-郑州"】

2024-02-11 00:33:48 开始第 3107 次操作

2024-02-11 00:33:48 开始操作号码 【1763007】
2024-02-11 00:33:53 GSD getOne 第 1 次 等待 3 秒
2024-02-11 00:33:56 查询号码 【1763007】，返回信息 {"status":"ok","msg":"河南-郑州","gid":"168652","time_insert":"2021-07-01 19:08"}
2024-02-11 00:33:56 查询号码 【1763007】，GSD为【"河南-郑州"】

2024-02-11 00:33:57 开始第 3108 次操作

2024-02-11 00:33:57 开始操作号码 【1763008】
2024-02-11 00:34:01 GSD getOne 第 1 次 等待 3 秒
2024-02-11 00:34:04 查询号码 【1763008】，返回信息 {"status":"ok","msg":"河南-郑州","gid":"168655","time_insert":"2021-07-01 19:09"}
2024-02-11 00:34:04 查询号码 【1763008】，GSD为【"河南-郑州"】

