2024-10-11 00:28:07 开始第 8581 次操作

2024-10-11 00:28:07 开始操作号码 【1438575】
2024-10-11 00:28:09 GSD getOne 第 1 次 等待 3 秒
2024-10-11 00:28:12 查询号码 【1438575】，返回信息 {"status":"ok","msg":"-","gid":"699418","time_insert":"2023-05-10 13:06"}
2024-10-11 00:28:12 查询号码 【1438575】，GSD为【"-"】
2024-10-11 00:28:12 ok && -
2024-10-11 00:28:14 CHB 1438575?1728577692 第 1 次 等待 3 秒
2024-10-11 00:28:17 CHB 1438575?1728577692 第 1 次 获取到号码【1438575】GSD
2024-10-11 00:28:17 未获取到号码【1438575】GSD，可能号码格式错误
2024-10-11 00:28:17 获取到号码【1438575】的GSD为【-】
2024-10-11 00:28:19 GSD insert 第 1 次 等待 3 秒
2024-10-11 00:28:22 {"status":"bad","gid":"699418","msg":"添加失败！号码【1438575(-|-)】已存在！"}
2024-10-11 00:28:22 随机等待 207 秒，约 3 分钟
2024-10-11 00:28:22 下次操作: 2024-10-11 00:31:49

2024-10-11 00:31:49 开始第 8582 次操作

2024-10-11 00:31:49 开始操作号码 【1438576】
2024-10-11 00:31:51 GSD getOne 第 1 次 等待 3 秒
2024-10-11 00:31:54 查询号码 【1438576】，返回信息 {"status":"ok","msg":"-","gid":"699407","time_insert":"2023-05-10 12:50"}
2024-10-11 00:31:54 查询号码 【1438576】，GSD为【"-"】
2024-10-11 00:31:54 ok && -
2024-10-11 00:31:56 CHB 1438576?1728577914 第 1 次 等待 3 秒
2024-10-11 00:31:59 CHB 1438576?1728577914 第 1 次 获取到号码【1438576】GSD
2024-10-11 00:31:59 未获取到号码【1438576】GSD，可能号码格式错误
2024-10-11 00:31:59 获取到号码【1438576】的GSD为【-】
2024-10-11 00:32:01 GSD insert 第 1 次 等待 3 秒
2024-10-11 00:32:04 {"status":"bad","gid":"699407","msg":"添加失败！号码【1438576(-|-)】已存在！"}
2024-10-11 00:32:04 随机等待 96 秒，约 1 分钟
2024-10-11 00:32:04 下次操作: 2024-10-11 00:33:40

2024-10-11 00:33:40 开始第 8583 次操作

2024-10-11 00:33:40 开始操作号码 【1438577】
2024-10-11 00:33:56 GSD getOne 第 1 次 等待 3 秒
2024-10-11 00:33:59 查询号码 【1438577】，返回信息 {"status":"ok","msg":"-","gid":"699399","time_insert":"2023-05-10 12:41"}
2024-10-11 00:33:59 查询号码 【1438577】，GSD为【"-"】
2024-10-11 00:33:59 ok && -
2024-10-11 00:34:01 CHB 1438577?1728578039 第 1 次 等待 3 秒
2024-10-11 00:34:04 CHB 1438577?1728578039 第 1 次 获取到号码【1438577】GSD
2024-10-11 00:34:04 未获取到号码【1438577】GSD，可能号码格式错误
2024-10-11 00:34:04 获取到号码【1438577】的GSD为【-】
2024-10-11 00:34:06 GSD insert 第 1 次 等待 3 秒
2024-10-11 00:34:09 {"status":"bad","gid":"699399","msg":"添加失败！号码【1438577(-|-)】已存在！"}
2024-10-11 00:34:09 随机等待 107 秒，约 1 分钟
2024-10-11 00:34:09 下次操作: 2024-10-11 00:35:56

2024-10-11 00:35:56 开始第 8584 次操作

2024-10-11 00:35:56 开始操作号码 【1438578】
2024-10-11 00:35:58 GSD getOne 第 1 次 等待 3 秒
2024-10-11 00:36:01 查询号码 【1438578】，返回信息 {"status":"ok","msg":"-","gid":"699394","time_insert":"2023-05-10 12:31"}
2024-10-11 00:36:01 查询号码 【1438578】，GSD为【"-"】
2024-10-11 00:36:01 ok && -
2024-10-11 00:36:20 CHB 1438578?1728578161 第 1 次 等待 3 秒
2024-10-11 00:36:23 CHB 1438578?1728578161 第 1 次 获取到号码【1438578】GSD
2024-10-11 00:36:23 未获取到号码【1438578】GSD，可能号码格式错误
2024-10-11 00:36:23 获取到号码【1438578】的GSD为【-】
2024-10-11 00:36:25 GSD insert 第 1 次 等待 3 秒
2024-10-11 00:36:28 {"status":"bad","gid":"699394","msg":"添加失败！号码【1438578(-|-)】已存在！"}

