2021-07-25 00:00:14 开始第 21 次操作

2021-07-25 00:00:14 开始操作号码 【1568493】
2021-07-25 00:00:19 GSD getOne 第 1 次 等待 3 秒
2021-07-25 00:00:23 查询号码 【1568493】，返回信息 {"status":"bad","msg":""}
2021-07-25 00:00:23 查询号码 【1568493】，GSD为【""】
2021-07-25 00:00:23 bad
2021-07-25 00:00:24 CHB 1568493?1627142423 第 1 次 等待 3 秒
2021-07-25 00:00:27 CHB 1568493?1627142423 第 1 次 获取到号码【1568493】GSD
2021-07-25 00:00:27 获取到号码【1568493】的GSD为【湖南-邵阳】
2021-07-25 00:00:31 GSD insert 第 1 次 等待 3 秒
2021-07-25 00:00:34 {"status":"ok","gid":382944,"msg":"添加成功！"}
2021-07-25 00:00:34 下次操作: 2021-07-25 00:00:46

2021-07-25 00:00:46 开始第 22 次操作

2021-07-25 00:00:46 开始操作号码 【1568492】
2021-07-25 00:00:50 GSD getOne 第 1 次 等待 3 秒
2021-07-25 00:00:53 查询号码 【1568492】，返回信息 {"status":"bad","msg":""}
2021-07-25 00:00:53 查询号码 【1568492】，GSD为【""】
2021-07-25 00:00:53 bad
2021-07-25 00:00:55 CHB 1568492?1627142453 第 1 次 等待 3 秒
2021-07-25 00:00:58 CHB 1568492?1627142453 第 1 次 获取到号码【1568492】GSD
2021-07-25 00:00:58 获取到号码【1568492】的GSD为【湖南-邵阳】
2021-07-25 00:01:03 GSD insert 第 1 次 等待 3 秒
2021-07-25 00:01:06 {"status":"ok","gid":382953,"msg":"添加成功！"}
2021-07-25 00:01:06 下次操作: 2021-07-25 00:01:21

2021-07-25 00:01:21 开始第 23 次操作

2021-07-25 00:01:21 开始操作号码 【1568491】
2021-07-25 00:01:25 GSD getOne 第 1 次 等待 3 秒
2021-07-25 00:01:28 查询号码 【1568491】，返回信息 {"status":"bad","msg":""}
2021-07-25 00:01:28 查询号码 【1568491】，GSD为【""】
2021-07-25 00:01:28 bad
2021-07-25 00:01:30 CHB 1568491?1627142488 第 1 次 等待 3 秒
2021-07-25 00:01:33 CHB 1568491?1627142488 第 1 次 获取到号码【1568491】GSD
2021-07-25 00:01:33 获取到号码【1568491】的GSD为【湖南-岳阳】
2021-07-25 00:01:36 GSD insert 第 1 次 等待 3 秒
2021-07-25 00:01:39 {"status":"ok","gid":382965,"msg":"添加成功！"}
2021-07-25 00:01:39 下次操作: 2021-07-25 00:01:58

2021-07-25 00:01:58 开始第 24 次操作

2021-07-25 00:01:58 开始操作号码 【1568490】
2021-07-25 00:02:01 GSD getOne 第 1 次 等待 3 秒
2021-07-25 00:02:04 查询号码 【1568490】，返回信息 {"status":"bad","msg":""}
2021-07-25 00:02:04 查询号码 【1568490】，GSD为【""】
2021-07-25 00:02:04 bad
2021-07-25 00:02:05 CHB 1568490?1627142524 第 1 次 等待 3 秒
2021-07-25 00:02:08 CHB 1568490?1627142524 第 1 次 获取到号码【1568490】GSD
2021-07-25 00:02:09 获取到号码【1568490】的GSD为【湖南-岳阳】
2021-07-25 00:02:13 GSD insert 第 1 次 等待 3 秒
2021-07-25 00:02:16 {"status":"ok","gid":382975,"msg":"添加成功！"}
2021-07-25 00:02:16 下次操作: 2021-07-25 00:02:36

2021-07-25 00:02:36 开始第 25 次操作

2021-07-25 00:02:36 开始操作号码 【1568489】
2021-07-25 00:02:39 GSD getOne 第 1 次 等待 3 秒
2021-07-25 00:02:42 查询号码 【1568489】，返回信息 {"status":"bad","msg":""}
2021-07-25 00:02:43 查询号码 【1568489】，GSD为【""】
2021-07-25 00:02:43 bad
2021-07-25 00:02:44 CHB 1568489?1627142563 第 1 次 等待 3 秒
2021-07-25 00:02:47 CHB 1568489?1627142563 第 1 次 获取到号码【1568489】GSD
2021-07-25 00:02:47 获取到号码【1568489】的GSD为【新疆-昌吉】
2021-07-25 00:02:52 GSD insert 第 1 次 等待 3 秒
2021-07-25 00:02:55 {"status":"ok","gid":382987,"msg":"添加成功！"}
2021-07-25 00:02:55 下次操作: 2021-07-25 00:03:11

2021-07-25 00:03:11 开始第 26 次操作

2021-07-25 00:03:11 开始操作号码 【1568488】
2021-07-25 00:03:14 GSD getOne 第 1 次 等待 3 秒
2021-07-25 00:03:17 查询号码 【1568488】，返回信息 {"status":"bad","msg":""}
2021-07-25 00:03:17 查询号码 【1568488】，GSD为【""】
2021-07-25 00:03:17 bad
2021-07-25 00:03:18 CHB 1568488?1627142597 第 1 次 等待 3 秒
2021-07-25 00:03:21 CHB 1568488?1627142597 第 1 次 获取到号码【1568488】GSD
2021-07-25 00:03:22 获取到号码【1568488】的GSD为【新疆-昌吉】
2021-07-25 00:03:24 GSD insert 第 1 次 等待 3 秒
2021-07-25 00:03:27 {"status":"ok","gid":382994,"msg":"添加成功！"}
2021-07-25 00:03:27 下次操作: 2021-07-25 00:03:47

2021-07-25 00:03:47 开始第 27 次操作

2021-07-25 00:03:47 开始操作号码 【1568487】
2021-07-25 00:03:51 GSD getOne 第 1 次 等待 3 秒
2021-07-25 00:03:54 查询号码 【1568487】，返回信息 {"status":"bad","msg":""}
2021-07-25 00:03:54 查询号码 【1568487】，GSD为【""】
2021-07-25 00:03:54 bad
2021-07-25 00:03:56 CHB 1568487?1627142634 第 1 次 等待 3 秒
2021-07-25 00:03:59 CHB 1568487?1627142634 第 1 次 获取到号码【1568487】GSD
2021-07-25 00:03:59 获取到号码【1568487】的GSD为【新疆-喀什】
2021-07-25 00:04:06 GSD insert 第 1 次 等待 3 秒
2021-07-25 00:04:09 {"status":"ok","gid":383005,"msg":"添加成功！"}
2021-07-25 00:04:09 下次操作: 2021-07-25 00:04:32

2021-07-25 00:04:32 开始第 28 次操作

2021-07-25 00:04:32 开始操作号码 【1568486】
2021-07-25 00:04:35 GSD getOne 第 1 次 等待 3 秒
2021-07-25 00:04:38 查询号码 【1568486】，返回信息 {"status":"bad","msg":""}
2021-07-25 00:04:39 查询号码 【1568486】，GSD为【""】
2021-07-25 00:04:39 bad
2021-07-25 00:04:40 CHB 1568486?1627142679 第 1 次 等待 3 秒
2021-07-25 00:04:43 CHB 1568486?1627142679 第 1 次 获取到号码【1568486】GSD
2021-07-25 00:04:43 获取到号码【1568486】的GSD为【新疆-喀什】
2021-07-25 00:04:46 GSD insert 第 1 次 等待 3 秒
2021-07-25 00:04:49 {"status":"ok","gid":383014,"msg":"添加成功！"}
2021-07-25 00:04:49 下次操作: 2021-07-25 00:05:11

2021-07-25 00:05:11 开始第 29 次操作

2021-07-25 00:05:11 开始操作号码 【1568485】
2021-07-25 00:05:18 GSD getOne 第 1 次 等待 3 秒
2021-07-25 00:05:21 查询号码 【1568485】，返回信息 {"status":"bad","msg":""}
2021-07-25 00:05:21 查询号码 【1568485】，GSD为【""】
2021-07-25 00:05:21 bad
2021-07-25 00:05:23 CHB 1568485?1627142721 第 1 次 等待 3 秒
2021-07-25 00:05:26 CHB 1568485?1627142721 第 1 次 获取到号码【1568485】GSD
2021-07-25 00:05:26 获取到号码【1568485】的GSD为【新疆-阿勒泰】
2021-07-25 00:05:28 GSD insert 第 1 次 等待 3 秒
2021-07-25 00:05:31 {"status":"ok","gid":383026,"msg":"添加成功！"}
2021-07-25 00:05:31 下次操作: 2021-07-25 00:05:45

2021-07-25 00:05:45 开始第 30 次操作

2021-07-25 00:05:45 开始操作号码 【1568484】
2021-07-25 00:05:51 GSD getOne 第 1 次 等待 3 秒
2021-07-25 00:05:54 查询号码 【1568484】，返回信息 {"status":"bad","msg":""}
2021-07-25 00:05:54 查询号码 【1568484】，GSD为【""】
2021-07-25 00:05:54 bad
2021-07-25 00:05:56 CHB 1568484?1627142754 第 1 次 等待 3 秒
2021-07-25 00:05:59 CHB 1568484?1627142754 第 1 次 获取到号码【1568484】GSD
2021-07-25 00:05:59 获取到号码【1568484】的GSD为【新疆-伊犁】
2021-07-25 00:06:02 GSD insert 第 1 次 等待 3 秒
2021-07-25 00:06:05 {"status":"ok","gid":383035,"msg":"添加成功！"}
2021-07-25 00:06:05 下次操作: 2021-07-25 00:06:27

2021-07-25 00:06:27 开始第 31 次操作

2021-07-25 00:06:27 开始操作号码 【1568483】
2021-07-25 00:06:32 GSD getOne 第 1 次 等待 3 秒
2021-07-25 00:06:35 查询号码 【1568483】，返回信息 {"status":"bad","msg":""}
2021-07-25 00:06:35 查询号码 【1568483】，GSD为【""】
2021-07-25 00:06:35 bad
2021-07-25 00:06:37 CHB 1568483?1627142795 第 1 次 等待 3 秒
2021-07-25 00:06:40 CHB 1568483?1627142795 第 1 次 获取到号码【1568483】GSD
2021-07-25 00:06:40 获取到号码【1568483】的GSD为【新疆-伊犁】
2021-07-25 00:06:49 GSD insert 第 1 次 等待 3 秒
2021-07-25 00:06:52 {"status":"ok","gid":383048,"msg":"添加成功！"}
2021-07-25 00:06:52 下次操作: 2021-07-25 00:07:09

2021-07-25 00:07:09 开始第 32 次操作

2021-07-25 00:07:09 开始操作号码 【1568482】
2021-07-25 00:07:12 GSD getOne 第 1 次 等待 3 秒
2021-07-25 00:07:15 查询号码 【1568482】，返回信息 {"status":"bad","msg":""}
2021-07-25 00:07:15 查询号码 【1568482】，GSD为【""】
2021-07-25 00:07:15 bad
2021-07-25 00:07:17 CHB 1568482?1627142835 第 1 次 等待 3 秒
2021-07-25 00:07:20 CHB 1568482?1627142835 第 1 次 获取到号码【1568482】GSD
2021-07-25 00:07:20 获取到号码【1568482】的GSD为【新疆-库尔勒】
2021-07-25 00:07:23 GSD insert 第 1 次 等待 3 秒
2021-07-25 00:07:26 {"status":"ok","gid":383057,"msg":"添加成功！"}
2021-07-25 00:07:26 下次操作: 2021-07-25 00:07:47

2021-07-25 00:07:47 开始第 33 次操作

2021-07-25 00:07:47 开始操作号码 【1568481】
2021-07-25 00:07:51 GSD getOne 第 1 次 等待 3 秒
2021-07-25 00:07:54 查询号码 【1568481】，返回信息 {"status":"bad","msg":""}
2021-07-25 00:07:54 查询号码 【1568481】，GSD为【""】
2021-07-25 00:07:54 bad
2021-07-25 00:07:56 CHB 1568481?1627142874 第 1 次 等待 3 秒
2021-07-25 00:07:59 CHB 1568481?1627142874 第 1 次 获取到号码【1568481】GSD
2021-07-25 00:07:59 获取到号码【1568481】的GSD为【新疆-阿克苏】
2021-07-25 00:08:02 GSD insert 第 1 次 等待 3 秒
2021-07-25 00:08:05 {"status":"ok","gid":383070,"msg":"添加成功！"}
2021-07-25 00:08:05 下次操作: 2021-07-25 00:08:29

2021-07-25 00:08:29 开始第 34 次操作

2021-07-25 00:08:29 开始操作号码 【1568480】
2021-07-25 00:08:33 GSD getOne 第 1 次 等待 3 秒
2021-07-25 00:08:36 查询号码 【1568480】，返回信息 {"status":"bad","msg":""}
2021-07-25 00:08:36 查询号码 【1568480】，GSD为【""】
2021-07-25 00:08:36 bad
2021-07-25 00:08:38 CHB 1568480?1627142916 第 1 次 等待 3 秒
2021-07-25 00:08:41 CHB 1568480?1627142916 第 1 次 获取到号码【1568480】GSD
2021-07-25 00:08:41 获取到号码【1568480】的GSD为【新疆-塔城】
2021-07-25 00:08:44 GSD insert 第 1 次 等待 3 秒
2021-07-25 00:08:47 {"status":"ok","gid":383079,"msg":"添加成功！"}
2021-07-25 00:08:47 下次操作: 2021-07-25 00:09:00

2021-07-25 00:09:00 开始第 35 次操作

2021-07-25 00:09:00 开始操作号码 【1568479】
2021-07-25 00:09:04 GSD getOne 第 1 次 等待 3 秒
2021-07-25 00:09:07 查询号码 【1568479】，返回信息 {"status":"bad","msg":""}
2021-07-25 00:09:07 查询号码 【1568479】，GSD为【""】
2021-07-25 00:09:07 bad
2021-07-25 00:09:08 CHB 1568479?1627142947 第 1 次 等待 3 秒
2021-07-25 00:09:11 CHB 1568479?1627142947 第 1 次 获取到号码【1568479】GSD
2021-07-25 00:09:11 获取到号码【1568479】的GSD为【山东-德州】
2021-07-25 00:09:18 GSD insert 第 1 次 等待 3 秒
2021-07-25 00:09:21 {"status":"ok","gid":383085,"msg":"添加成功！"}
2021-07-25 00:09:21 下次操作: 2021-07-25 00:09:40

2021-07-25 00:09:40 开始第 36 次操作

2021-07-25 00:09:40 开始操作号码 【1568478】
2021-07-25 00:09:46 GSD getOne 第 1 次 等待 3 秒
2021-07-25 00:09:49 查询号码 【1568478】，返回信息 {"status":"bad","msg":""}
2021-07-25 00:09:49 查询号码 【1568478】，GSD为【""】
2021-07-25 00:09:49 bad
2021-07-25 00:09:51 CHB 1568478?1627142989 第 1 次 等待 3 秒
2021-07-25 00:09:54 CHB 1568478?1627142989 第 1 次 获取到号码【1568478】GSD
2021-07-25 00:09:54 获取到号码【1568478】的GSD为【山东-德州】
2021-07-25 00:09:57 GSD insert 第 1 次 等待 3 秒
2021-07-25 00:10:00 {"status":"ok","gid":383093,"msg":"添加成功！"}
2021-07-25 00:10:00 下次操作: 2021-07-25 00:10:17

2021-07-25 00:10:17 开始第 37 次操作

2021-07-25 00:10:17 开始操作号码 【1568477】
2021-07-25 00:10:20 GSD getOne 第 1 次 等待 3 秒
2021-07-25 00:10:23 查询号码 【1568477】，返回信息 {"status":"bad","msg":""}
2021-07-25 00:10:23 查询号码 【1568477】，GSD为【""】
2021-07-25 00:10:23 bad
2021-07-25 00:10:24 CHB 1568477?1627143023 第 1 次 等待 3 秒
2021-07-25 00:10:27 CHB 1568477?1627143023 第 1 次 获取到号码【1568477】GSD
2021-07-25 00:10:27 获取到号码【1568477】的GSD为【山东-泰安】
2021-07-25 00:10:30 GSD insert 第 1 次 等待 3 秒
2021-07-25 00:10:33 {"status":"ok","gid":383099,"msg":"添加成功！"}
2021-07-25 00:10:33 下次操作: 2021-07-25 00:10:47

2021-07-25 00:10:47 开始第 38 次操作

2021-07-25 00:10:47 开始操作号码 【1568476】
2021-07-25 00:10:50 GSD getOne 第 1 次 等待 3 秒
2021-07-25 00:10:53 查询号码 【1568476】，返回信息 {"status":"ok","msg":"山东-泰安","gid":"22967","time_insert":"2017-04-19 11:23","time_update":"2020-09-09 15:36"}
2021-07-25 00:10:53 查询号码 【1568476】，GSD为【"山东-泰安"】

2021-07-25 00:10:53 开始第 38 次操作

2021-07-25 00:10:53 开始操作号码 【1568475】
2021-07-25 00:11:00 GSD getOne 第 1 次 等待 3 秒
2021-07-25 00:11:03 查询号码 【1568475】，返回信息 {"status":"bad","msg":""}
2021-07-25 00:11:03 查询号码 【1568475】，GSD为【""】
2021-07-25 00:11:03 bad
2021-07-25 00:11:04 CHB 1568475?1627143063 第 1 次 等待 3 秒
2021-07-25 00:11:07 CHB 1568475?1627143063 第 1 次 获取到号码【1568475】GSD
2021-07-25 00:11:07 获取到号码【1568475】的GSD为【山东-青岛】
2021-07-25 00:11:10 GSD insert 第 1 次 等待 3 秒
2021-07-25 00:11:13 {"status":"ok","gid":383107,"msg":"添加成功！"}
2021-07-25 00:11:13 下次操作: 2021-07-25 00:11:28

2021-07-25 00:11:28 开始第 39 次操作

2021-07-25 00:11:28 开始操作号码 【1568474】
2021-07-25 00:11:31 GSD getOne 第 1 次 等待 3 秒
2021-07-25 00:11:34 查询号码 【1568474】，返回信息 {"status":"bad","msg":""}
2021-07-25 00:11:34 查询号码 【1568474】，GSD为【""】
2021-07-25 00:11:34 bad
2021-07-25 00:11:36 CHB 1568474?1627143094 第 1 次 等待 3 秒
2021-07-25 00:11:39 CHB 1568474?1627143094 第 1 次 获取到号码【1568474】GSD
2021-07-25 00:11:39 获取到号码【1568474】的GSD为【山东-青岛】
2021-07-25 00:11:43 GSD insert 第 1 次 等待 3 秒
2021-07-25 00:11:46 {"status":"ok","gid":383111,"msg":"添加成功！"}
2021-07-25 00:11:46 下次操作: 2021-07-25 00:12:10

2021-07-25 00:12:10 开始第 40 次操作

2021-07-25 00:12:10 开始操作号码 【1568473】
2021-07-25 00:12:14 GSD getOne 第 1 次 等待 3 秒
2021-07-25 00:12:17 查询号码 【1568473】，返回信息 {"status":"bad","msg":""}
2021-07-25 00:12:17 查询号码 【1568473】，GSD为【""】
2021-07-25 00:12:17 bad
2021-07-25 00:12:18 CHB 1568473?1627143137 第 1 次 等待 3 秒
2021-07-25 00:12:21 CHB 1568473?1627143137 第 1 次 获取到号码【1568473】GSD
2021-07-25 00:12:21 获取到号码【1568473】的GSD为【山东-青岛】
2021-07-25 00:12:26 GSD insert 第 1 次 等待 3 秒
2021-07-25 00:12:29 {"status":"ok","gid":383117,"msg":"添加成功！"}

