2023-12-12 00:10:46 开始第 2789 次操作

2023-12-12 00:10:46 开始操作号码 【1872689】
2023-12-12 00:10:51 GSD getOne 第 1 次 等待 3 秒
2023-12-12 00:10:54 查询号码 【1872689】，返回信息 {"status":"ok","msg":"安徽-淮北","gid":"476976","time_insert":"2021-08-02 07:48"}
2023-12-12 00:10:54 查询号码 【1872689】，GSD为【"安徽-淮北"】

2023-12-12 00:10:55 开始第 2790 次操作

2023-12-12 00:10:55 开始操作号码 【1872690】
2023-12-12 00:11:28 GSD getOne 第 1 次 等待 3 秒
2023-12-12 00:11:31 查询号码 【1872690】，返回信息 {"status":"ok","msg":"安徽-淮北","gid":"476964","time_insert":"2021-08-02 07:47"}
2023-12-12 00:11:31 查询号码 【1872690】，GSD为【"安徽-淮北"】

2023-12-12 00:11:32 开始第 2791 次操作

2023-12-12 00:11:32 开始操作号码 【1872691】
2023-12-12 00:11:36 GSD getOne 第 1 次 等待 3 秒
2023-12-12 00:11:39 查询号码 【1872691】，返回信息 {"status":"ok","msg":"安徽-淮北","gid":"476951","time_insert":"2021-08-02 07:46"}
2023-12-12 00:11:39 查询号码 【1872691】，GSD为【"安徽-淮北"】

2023-12-12 00:11:40 开始第 2792 次操作

2023-12-12 00:11:40 开始操作号码 【1872692】
2023-12-12 00:11:44 GSD getOne 第 1 次 等待 3 秒
2023-12-12 00:11:47 查询号码 【1872692】，返回信息 {"status":"ok","msg":"安徽-淮北","gid":"476935","time_insert":"2021-08-02 07:45"}
2023-12-12 00:11:47 查询号码 【1872692】，GSD为【"安徽-淮北"】

