2024-06-17 00:09:01 开始第 1121 次操作

2024-06-17 00:09:01 开始操作号码 【1541014】
2024-06-17 00:09:27 GSD getOne 第 1 次 等待 3 秒
2024-06-17 00:09:30 查询号码 【1541014】，返回信息 {"status":"ok","msg":"-","gid":"532088","time_insert":"2023-02-15 09:06"}
2024-06-17 00:09:30 查询号码 【1541014】，GSD为【"-"】
2024-06-17 00:09:30 ok && -
2024-06-17 00:09:32 CHB 1541014?1718554170 第 1 次 等待 3 秒
2024-06-17 00:09:35 CHB 1541014?1718554170 第 1 次 获取到号码【1541014】GSD
2024-06-17 00:09:35 未获取到号码【1541014】GSD，可能号码格式错误
2024-06-17 00:09:35 获取到号码【1541014】的GSD为【-】
2024-06-17 00:10:07 GSD insert 第 1 次 等待 3 秒
2024-06-17 00:10:10 {"status":"bad","gid":"532088","msg":"添加失败！号码【1541014(-|-)】已存在！"}
2024-06-17 00:10:10 随机等待 97 秒，约 1 分钟
2024-06-17 00:10:10 下次操作: 2024-06-17 00:11:47

2024-06-17 00:11:47 开始第 1122 次操作

2024-06-17 00:11:47 开始操作号码 【1541015】
2024-06-17 00:11:56 GSD getOne 第 1 次 等待 3 秒
2024-06-17 00:11:59 查询号码 【1541015】，返回信息 {"status":"ok","msg":"-","gid":"532100","time_insert":"2023-02-15 09:15"}
2024-06-17 00:11:59 查询号码 【1541015】，GSD为【"-"】
2024-06-17 00:11:59 ok && -
2024-06-17 00:12:01 CHB 1541015?1718554319 第 1 次 等待 3 秒
2024-06-17 00:12:04 CHB 1541015?1718554319 第 1 次 获取到号码【1541015】GSD
2024-06-17 00:12:04 未获取到号码【1541015】GSD，可能号码格式错误
2024-06-17 00:12:04 获取到号码【1541015】的GSD为【-】
2024-06-17 00:12:10 GSD insert 第 1 次 等待 3 秒
2024-06-17 00:12:13 {"status":"bad","gid":"532100","msg":"添加失败！号码【1541015(-|-)】已存在！"}
2024-06-17 00:12:13 随机等待 158 秒，约 2 分钟
2024-06-17 00:12:13 下次操作: 2024-06-17 00:14:51

2024-06-17 00:14:51 开始第 1123 次操作

2024-06-17 00:14:51 开始操作号码 【1541016】
2024-06-17 00:15:00 GSD getOne 第 1 次 等待 3 秒
2024-06-17 00:15:03 查询号码 【1541016】，返回信息 {"status":"ok","msg":"-","gid":"532117","time_insert":"2023-02-15 09:28"}
2024-06-17 00:15:03 查询号码 【1541016】，GSD为【"-"】
2024-06-17 00:15:03 ok && -
2024-06-17 00:15:05 CHB 1541016?1718554503 第 1 次 等待 3 秒
2024-06-17 00:15:08 CHB 1541016?1718554503 第 1 次 获取到号码【1541016】GSD
2024-06-17 00:15:08 未获取到号码【1541016】GSD，可能号码格式错误
2024-06-17 00:15:08 获取到号码【1541016】的GSD为【-】
2024-06-17 00:15:17 GSD insert 第 1 次 等待 3 秒
2024-06-17 00:15:20 {"status":"bad","gid":"532117","msg":"添加失败！号码【1541016(-|-)】已存在！"}
2024-06-17 00:15:20 随机等待 138 秒，约 2 分钟
2024-06-17 00:15:20 下次操作: 2024-06-17 00:17:38

2024-06-17 00:17:38 开始第 1124 次操作

2024-06-17 00:17:38 开始操作号码 【1541017】
2024-06-17 00:17:45 GSD getOne 第 1 次 等待 3 秒
2024-06-17 00:17:48 查询号码 【1541017】，返回信息 {"status":"ok","msg":"-","gid":"532133","time_insert":"2023-02-15 09:39"}
2024-06-17 00:17:48 查询号码 【1541017】，GSD为【"-"】
2024-06-17 00:17:48 ok && -
2024-06-17 00:17:50 CHB 1541017?1718554668 第 1 次 等待 3 秒
2024-06-17 00:17:53 CHB 1541017?1718554668 第 1 次 获取到号码【1541017】GSD
2024-06-17 00:17:53 未获取到号码【1541017】GSD，可能号码格式错误
2024-06-17 00:17:53 获取到号码【1541017】的GSD为【-】
2024-06-17 00:18:07 GSD insert 第 1 次 等待 3 秒
2024-06-17 00:18:10 {"status":"bad","gid":"532133","msg":"添加失败！号码【1541017(-|-)】已存在！"}

