2023-09-27 00:09:19 开始第 117 次操作

2023-09-27 00:09:19 开始操作号码 【1970116】
2023-09-27 00:09:27 GSD getOne 第 1 次 等待 3 秒
2023-09-27 00:09:30 查询号码 【1970116】，返回信息 {"status":"ok","msg":"浙江-金华","gid":"535558","time_insert":"2023-02-17 10:37"}
2023-09-27 00:09:30 查询号码 【1970116】，GSD为【"浙江-金华"】

2023-09-27 00:09:31 开始第 118 次操作

2023-09-27 00:09:31 开始操作号码 【1970117】
2023-09-27 00:09:33 GSD getOne 第 1 次 等待 3 秒
2023-09-27 00:09:36 查询号码 【1970117】，返回信息 {"status":"ok","msg":"浙江-金华","gid":"535582","time_insert":"2023-02-17 10:54"}
2023-09-27 00:09:36 查询号码 【1970117】，GSD为【"浙江-金华"】

2023-09-27 00:09:37 开始第 119 次操作

2023-09-27 00:09:37 开始操作号码 【1970118】
2023-09-27 00:09:39 GSD getOne 第 1 次 等待 3 秒
2023-09-27 00:09:42 查询号码 【1970118】，返回信息 {"status":"ok","msg":"江苏-宿迁","gid":"535603","time_insert":"2023-02-17 11:14"}
2023-09-27 00:09:42 查询号码 【1970118】，GSD为【"江苏-宿迁"】

2023-09-27 00:09:43 开始第 120 次操作

2023-09-27 00:09:43 开始操作号码 【1970119】
2023-09-27 00:09:45 GSD getOne 第 1 次 等待 3 秒
2023-09-27 00:09:48 查询号码 【1970119】，返回信息 {"status":"ok","msg":"江苏-宿迁","gid":"535614","time_insert":"2023-02-17 11:19"}
2023-09-27 00:09:48 查询号码 【1970119】，GSD为【"江苏-宿迁"】

2023-09-27 00:36:50 开始第 121 次操作

2023-09-27 00:36:50 开始操作号码 【1970120】
2023-09-27 00:36:55 GSD getOne 第 1 次 等待 3 秒
2023-09-27 00:36:58 查询号码 【1970120】，返回信息 {"status":"ok","msg":"江苏-宿迁","gid":"535633","time_insert":"2023-02-17 11:35"}
2023-09-27 00:36:58 查询号码 【1970120】，GSD为【"江苏-宿迁"】

2023-09-27 00:36:59 开始第 122 次操作

2023-09-27 00:36:59 开始操作号码 【1970121】
2023-09-27 00:37:01 GSD getOne 第 1 次 等待 3 秒
2023-09-27 00:37:04 查询号码 【1970121】，返回信息 {"status":"ok","msg":"江苏-宿迁","gid":"535644","time_insert":"2023-02-17 11:44"}
2023-09-27 00:37:04 查询号码 【1970121】，GSD为【"江苏-宿迁"】

2023-09-27 00:37:05 开始第 123 次操作

2023-09-27 00:37:05 开始操作号码 【1970122】
2023-09-27 00:37:07 GSD getOne 第 1 次 等待 3 秒
2023-09-27 00:37:10 查询号码 【1970122】，返回信息 {"status":"ok","msg":"江苏-宿迁","gid":"535655","time_insert":"2023-02-17 11:54"}
2023-09-27 00:37:10 查询号码 【1970122】，GSD为【"江苏-宿迁"】

2023-09-27 00:37:11 开始第 124 次操作

2023-09-27 00:37:11 开始操作号码 【1970123】
2023-09-27 00:37:13 GSD getOne 第 1 次 等待 3 秒
2023-09-27 00:37:16 查询号码 【1970123】，返回信息 {"status":"ok","msg":"江苏-宿迁","gid":"535684","time_insert":"2023-02-17 12:15"}
2023-09-27 00:37:16 查询号码 【1970123】，GSD为【"江苏-宿迁"】

