2024-08-28 00:26:00 开始第 1465 次操作

2024-08-28 00:26:00 开始操作号码 【1431464】
2024-08-28 00:26:08 GSD getOne 第 1 次 等待 3 秒
2024-08-28 00:26:11 查询号码 【1431464】，返回信息 {"status":"ok","msg":"-","gid":"540692","time_insert":"2023-02-19 17:12"}
2024-08-28 00:26:11 查询号码 【1431464】，GSD为【"-"】
2024-08-28 00:26:11 ok && -
2024-08-28 00:26:13 CHB 1431464?1724775971 第 1 次 等待 3 秒
2024-08-28 00:26:16 CHB 1431464?1724775971 第 1 次 获取到号码【1431464】GSD
2024-08-28 00:26:16 未获取到号码【1431464】GSD，可能号码格式错误
2024-08-28 00:26:16 获取到号码【1431464】的GSD为【-】
2024-08-28 00:26:24 GSD insert 第 1 次 等待 3 秒
2024-08-28 00:26:27 {"status":"bad","gid":"540692","msg":"添加失败！号码【1431464(-|-)】已存在！"}
2024-08-28 00:26:27 随机等待 212 秒，约 3 分钟
2024-08-28 00:26:27 下次操作: 2024-08-28 00:29:59

2024-08-28 00:29:59 开始第 1466 次操作

2024-08-28 00:29:59 开始操作号码 【1431465】
2024-08-28 00:30:07 GSD getOne 第 1 次 等待 3 秒
2024-08-28 00:30:10 查询号码 【1431465】，返回信息 {"status":"ok","msg":"-","gid":"540726","time_insert":"2023-02-19 17:29"}
2024-08-28 00:30:10 查询号码 【1431465】，GSD为【"-"】
2024-08-28 00:30:10 ok && -
2024-08-28 00:30:11 CHB 1431465?1724776210 第 1 次 等待 3 秒
2024-08-28 00:30:14 CHB 1431465?1724776210 第 1 次 获取到号码【1431465】GSD
2024-08-28 00:30:14 未获取到号码【1431465】GSD，可能号码格式错误
2024-08-28 00:30:14 获取到号码【1431465】的GSD为【-】
2024-08-28 00:30:22 GSD insert 第 1 次 等待 3 秒
2024-08-28 00:30:25 {"status":"bad","gid":"540726","msg":"添加失败！号码【1431465(-|-)】已存在！"}
2024-08-28 00:30:25 随机等待 201 秒，约 3 分钟
2024-08-28 00:30:25 下次操作: 2024-08-28 00:33:46

2024-08-28 00:33:46 开始第 1467 次操作

2024-08-28 00:33:46 开始操作号码 【1431466】
2024-08-28 00:33:54 GSD getOne 第 1 次 等待 3 秒
2024-08-28 00:33:57 查询号码 【1431466】，返回信息 {"status":"ok","msg":"-","gid":"540746","time_insert":"2023-02-19 17:40"}
2024-08-28 00:33:57 查询号码 【1431466】，GSD为【"-"】
2024-08-28 00:33:57 ok && -
2024-08-28 00:33:58 CHB 1431466?1724776437 第 1 次 等待 3 秒
2024-08-28 00:34:01 CHB 1431466?1724776437 第 1 次 获取到号码【1431466】GSD
2024-08-28 00:34:01 未获取到号码【1431466】GSD，可能号码格式错误
2024-08-28 00:34:01 获取到号码【1431466】的GSD为【-】
2024-08-28 00:34:09 GSD insert 第 1 次 等待 3 秒
2024-08-28 00:34:12 {"status":"bad","gid":"540746","msg":"添加失败！号码【1431466(-|-)】已存在！"}
2024-08-28 00:34:12 随机等待 159 秒，约 2 分钟
2024-08-28 00:34:12 下次操作: 2024-08-28 00:36:51

2024-08-28 00:36:51 开始第 1468 次操作

2024-08-28 00:36:51 开始操作号码 【1431467】
2024-08-28 00:36:59 GSD getOne 第 1 次 等待 3 秒
2024-08-28 00:37:02 查询号码 【1431467】，返回信息 {"status":"ok","msg":"-","gid":"540776","time_insert":"2023-02-19 17:56"}
2024-08-28 00:37:03 查询号码 【1431467】，GSD为【"-"】
2024-08-28 00:37:03 ok && -
2024-08-28 00:37:05 CHB 1431467?1724776623 第 1 次 等待 3 秒
2024-08-28 00:37:08 CHB 1431467?1724776623 第 1 次 获取到号码【1431467】GSD
2024-08-28 00:37:08 未获取到号码【1431467】GSD，可能号码格式错误
2024-08-28 00:37:08 获取到号码【1431467】的GSD为【-】
2024-08-28 00:37:16 GSD insert 第 1 次 等待 3 秒
2024-08-28 00:37:19 {"status":"bad","gid":"540776","msg":"添加失败！号码【1431467(-|-)】已存在！"}

