2023-12-19 00:10:02 开始第 4077 次操作

2023-12-19 00:10:02 开始操作号码 【1873977】
2023-12-19 00:10:07 GSD getOne 第 1 次 等待 3 秒
2023-12-19 00:10:10 查询号码 【1873977】，返回信息 {"status":"ok","msg":"河南-周口","gid":"463992","time_insert":"2021-08-01 04:54"}
2023-12-19 00:10:10 查询号码 【1873977】，GSD为【"河南-周口"】

2023-12-19 00:10:11 开始第 4078 次操作

2023-12-19 00:10:11 开始操作号码 【1873978】
2023-12-19 00:10:15 GSD getOne 第 1 次 等待 3 秒
2023-12-19 00:10:18 查询号码 【1873978】，返回信息 {"status":"ok","msg":"河南-周口","gid":"56075","time_insert":"2020-08-08 09:00"}
2023-12-19 00:10:18 查询号码 【1873978】，GSD为【"河南-周口"】

2023-12-19 00:10:19 开始第 4079 次操作

2023-12-19 00:10:19 开始操作号码 【1873979】
2023-12-19 00:10:23 GSD getOne 第 1 次 等待 3 秒
2023-12-19 00:10:26 查询号码 【1873979】，返回信息 {"status":"ok","msg":"河南-周口","gid":"463978","time_insert":"2021-08-01 04:53"}
2023-12-19 00:10:26 查询号码 【1873979】，GSD为【"河南-周口"】

2023-12-19 00:10:27 开始第 4080 次操作

2023-12-19 00:10:27 开始操作号码 【1873980】
2023-12-19 00:10:31 GSD getOne 第 1 次 等待 3 秒
2023-12-19 00:10:34 查询号码 【1873980】，返回信息 {"status":"ok","msg":"河南-三门峡","gid":"463971","time_insert":"2021-08-01 04:53"}
2023-12-19 00:10:34 查询号码 【1873980】，GSD为【"河南-三门峡"】

