2021-07-24 00:00:20 开始第 19 次操作

2021-07-24 00:00:20 开始操作号码 【1569530】
2021-07-24 00:00:38 GSD getOne 第 1 次 等待 3 秒
2021-07-24 00:00:41 查询号码 【1569530】，返回信息 {"status":"bad","msg":""}
2021-07-24 00:00:41 查询号码 【1569530】，GSD为【""】
2021-07-24 00:00:41 bad
2021-07-24 00:00:43 CHB 1569530?1627056041 第 1 次 等待 3 秒
2021-07-24 00:00:46 CHB 1569530?1627056041 第 1 次 获取到号码【1569530】GSD
2021-07-24 00:00:46 获取到号码【1569530】的GSD为【青海-海北】
2021-07-24 00:00:50 GSD insert 第 1 次 等待 3 秒
2021-07-24 00:00:53 {"status":"ok","gid":371211,"msg":"添加成功！"}
2021-07-24 00:00:53 下次操作: 2021-07-24 00:01:07

2021-07-24 00:01:07 开始第 20 次操作

2021-07-24 00:01:07 开始操作号码 【1569529】
2021-07-24 00:01:10 GSD getOne 第 1 次 等待 3 秒
2021-07-24 00:01:13 查询号码 【1569529】，返回信息 {"status":"bad","msg":""}
2021-07-24 00:01:14 查询号码 【1569529】，GSD为【""】
2021-07-24 00:01:14 bad
2021-07-24 00:01:15 CHB 1569529?1627056074 第 1 次 等待 3 秒
2021-07-24 00:01:18 CHB 1569529?1627056074 第 1 次 获取到号码【1569529】GSD
2021-07-24 00:01:18 获取到号码【1569529】的GSD为【江苏-南京】
2021-07-24 00:01:21 GSD insert 第 1 次 等待 3 秒
2021-07-24 00:01:24 {"status":"ok","gid":371217,"msg":"添加成功！"}
2021-07-24 00:01:24 下次操作: 2021-07-24 00:01:46

2021-07-24 00:01:47 开始第 21 次操作

2021-07-24 00:01:47 开始操作号码 【1569528】
2021-07-24 00:01:51 GSD getOne 第 1 次 等待 3 秒
2021-07-24 00:01:54 查询号码 【1569528】，返回信息 {"status":"bad","msg":""}
2021-07-24 00:01:54 查询号码 【1569528】，GSD为【""】
2021-07-24 00:01:54 bad
2021-07-24 00:01:57 CHB 1569528?1627056114 第 1 次 等待 3 秒
2021-07-24 00:02:00 CHB 1569528?1627056114 第 1 次 获取到号码【1569528】GSD
2021-07-24 00:02:00 获取到号码【1569528】的GSD为【江苏-苏州】
2021-07-24 00:02:06 GSD insert 第 1 次 等待 3 秒
2021-07-24 00:02:09 {"status":"ok","gid":371226,"msg":"添加成功！"}
2021-07-24 00:02:09 下次操作: 2021-07-24 00:02:22

2021-07-24 00:02:22 开始第 22 次操作

2021-07-24 00:02:22 开始操作号码 【1569527】
2021-07-24 00:02:30 GSD getOne 第 1 次 等待 3 秒
2021-07-24 00:02:33 查询号码 【1569527】，返回信息 {"status":"bad","msg":""}
2021-07-24 00:02:33 查询号码 【1569527】，GSD为【""】
2021-07-24 00:02:33 bad
2021-07-24 00:02:35 CHB 1569527?1627056153 第 1 次 等待 3 秒
2021-07-24 00:02:38 CHB 1569527?1627056153 第 1 次 获取到号码【1569527】GSD
2021-07-24 00:02:38 获取到号码【1569527】的GSD为【江苏-宿迁】
2021-07-24 00:02:41 GSD insert 第 1 次 等待 3 秒
2021-07-24 00:02:44 {"status":"ok","gid":371234,"msg":"添加成功！"}
2021-07-24 00:02:44 下次操作: 2021-07-24 00:03:08

2021-07-24 00:03:08 开始第 23 次操作

2021-07-24 00:03:08 开始操作号码 【1569526】
2021-07-24 00:03:11 GSD getOne 第 1 次 等待 3 秒
2021-07-24 00:03:14 查询号码 【1569526】，返回信息 {"status":"bad","msg":""}
2021-07-24 00:03:14 查询号码 【1569526】，GSD为【""】
2021-07-24 00:03:14 bad
2021-07-24 00:03:15 CHB 1569526?1627056194 第 1 次 等待 3 秒
2021-07-24 00:03:18 CHB 1569526?1627056194 第 1 次 获取到号码【1569526】GSD
2021-07-24 00:03:18 获取到号码【1569526】的GSD为【江苏-南通】
2021-07-24 00:03:22 GSD insert 第 1 次 等待 3 秒
2021-07-24 00:03:25 {"status":"ok","gid":371244,"msg":"添加成功！"}
2021-07-24 00:03:25 下次操作: 2021-07-24 00:03:39

2021-07-24 00:03:39 开始第 24 次操作

2021-07-24 00:03:39 开始操作号码 【1569525】
2021-07-24 00:03:44 GSD getOne 第 1 次 等待 3 秒
2021-07-24 00:03:47 查询号码 【1569525】，返回信息 {"status":"bad","msg":""}
2021-07-24 00:03:47 查询号码 【1569525】，GSD为【""】
2021-07-24 00:03:47 bad
2021-07-24 00:03:49 CHB 1569525?1627056227 第 1 次 等待 3 秒
2021-07-24 00:03:52 CHB 1569525?1627056227 第 1 次 获取到号码【1569525】GSD
2021-07-24 00:03:52 获取到号码【1569525】的GSD为【江苏-徐州】
2021-07-24 00:03:55 GSD insert 第 1 次 等待 3 秒
2021-07-24 00:03:58 {"status":"ok","gid":371253,"msg":"添加成功！"}
2021-07-24 00:03:58 下次操作: 2021-07-24 00:04:20

2021-07-24 00:04:20 开始第 25 次操作

2021-07-24 00:04:20 开始操作号码 【1569524】
2021-07-24 00:04:24 GSD getOne 第 1 次 等待 3 秒
2021-07-24 00:04:27 查询号码 【1569524】，返回信息 {"status":"bad","msg":""}
2021-07-24 00:04:27 查询号码 【1569524】，GSD为【""】
2021-07-24 00:04:27 bad
2021-07-24 00:04:29 CHB 1569524?1627056267 第 1 次 等待 3 秒
2021-07-24 00:04:32 CHB 1569524?1627056267 第 1 次 获取到号码【1569524】GSD
2021-07-24 00:04:32 获取到号码【1569524】的GSD为【江苏-无锡】
2021-07-24 00:04:36 GSD insert 第 1 次 等待 3 秒
2021-07-24 00:04:39 {"status":"ok","gid":371260,"msg":"添加成功！"}
2021-07-24 00:04:39 下次操作: 2021-07-24 00:04:58

2021-07-24 00:04:58 开始第 26 次操作

2021-07-24 00:04:58 开始操作号码 【1569523】
2021-07-24 00:05:05 GSD getOne 第 1 次 等待 3 秒
2021-07-24 00:05:08 查询号码 【1569523】，返回信息 {"status":"bad","msg":""}
2021-07-24 00:05:08 查询号码 【1569523】，GSD为【""】
2021-07-24 00:05:08 bad
2021-07-24 00:05:09 CHB 1569523?1627056308 第 1 次 等待 3 秒
2021-07-24 00:05:12 CHB 1569523?1627056308 第 1 次 获取到号码【1569523】GSD
2021-07-24 00:05:12 获取到号码【1569523】的GSD为【江苏-泰州】
2021-07-24 00:05:19 GSD insert 第 1 次 等待 3 秒
2021-07-24 00:05:22 {"status":"ok","gid":371272,"msg":"添加成功！"}
2021-07-24 00:05:22 下次操作: 2021-07-24 00:05:41

2021-07-24 00:05:41 开始第 27 次操作

2021-07-24 00:05:41 开始操作号码 【1569522】
2021-07-24 00:05:45 GSD getOne 第 1 次 等待 3 秒
2021-07-24 00:05:48 查询号码 【1569522】，返回信息 {"status":"bad","msg":""}
2021-07-24 00:05:48 查询号码 【1569522】，GSD为【""】
2021-07-24 00:05:48 bad
2021-07-24 00:05:50 CHB 1569522?1627056348 第 1 次 等待 3 秒
2021-07-24 00:05:53 CHB 1569522?1627056348 第 1 次 获取到号码【1569522】GSD
2021-07-24 00:05:53 获取到号码【1569522】的GSD为【江苏-无锡】
2021-07-24 00:06:03 GSD insert 第 1 次 等待 3 秒
2021-07-24 00:06:06 {"status":"ok","gid":371288,"msg":"添加成功！"}
2021-07-24 00:06:06 下次操作: 2021-07-24 00:06:26

2021-07-24 00:06:26 开始第 28 次操作

2021-07-24 00:06:26 开始操作号码 【1569521】
2021-07-24 00:06:32 GSD getOne 第 1 次 等待 3 秒
2021-07-24 00:06:35 查询号码 【1569521】，返回信息 {"status":"bad","msg":""}
2021-07-24 00:06:35 查询号码 【1569521】，GSD为【""】
2021-07-24 00:06:35 bad
2021-07-24 00:06:38 CHB 1569521?1627056395 第 1 次 等待 3 秒
2021-07-24 00:06:41 CHB 1569521?1627056395 第 1 次 获取到号码【1569521】GSD
2021-07-24 00:06:41 获取到号码【1569521】的GSD为【江苏-南京】
2021-07-24 00:06:44 GSD insert 第 1 次 等待 3 秒
2021-07-24 00:06:47 {"status":"ok","gid":371295,"msg":"添加成功！"}
2021-07-24 00:06:47 下次操作: 2021-07-24 00:07:03

2021-07-24 00:07:03 开始第 29 次操作

2021-07-24 00:07:03 开始操作号码 【1569520】
2021-07-24 00:07:06 GSD getOne 第 1 次 等待 3 秒
2021-07-24 00:07:09 查询号码 【1569520】，返回信息 {"status":"bad","msg":""}
2021-07-24 00:07:09 查询号码 【1569520】，GSD为【""】
2021-07-24 00:07:09 bad
2021-07-24 00:07:10 CHB 1569520?1627056429 第 1 次 等待 3 秒
2021-07-24 00:07:13 CHB 1569520?1627056429 第 1 次 获取到号码【1569520】GSD
2021-07-24 00:07:13 获取到号码【1569520】的GSD为【江苏-常州】
2021-07-24 00:07:22 GSD insert 第 1 次 等待 3 秒
2021-07-24 00:07:25 {"status":"ok","gid":371304,"msg":"添加成功！"}
2021-07-24 00:07:25 下次操作: 2021-07-24 00:07:44

2021-07-24 00:07:44 开始第 30 次操作

2021-07-24 00:07:44 开始操作号码 【1569519】
2021-07-24 00:07:48 GSD getOne 第 1 次 等待 3 秒
2021-07-24 00:07:51 查询号码 【1569519】，返回信息 {"status":"bad","msg":""}
2021-07-24 00:07:51 查询号码 【1569519】，GSD为【""】
2021-07-24 00:07:51 bad
2021-07-24 00:07:53 CHB 1569519?1627056471 第 1 次 等待 3 秒
2021-07-24 00:07:56 CHB 1569519?1627056471 第 1 次 获取到号码【1569519】GSD
2021-07-24 00:07:56 获取到号码【1569519】的GSD为【江苏-常州】
2021-07-24 00:08:03 GSD insert 第 1 次 等待 3 秒
2021-07-24 00:08:06 {"status":"ok","gid":371313,"msg":"添加成功！"}
2021-07-24 00:08:06 下次操作: 2021-07-24 00:08:28

2021-07-24 00:08:28 开始第 31 次操作

2021-07-24 00:08:28 开始操作号码 【1569518】
2021-07-24 00:08:32 GSD getOne 第 1 次 等待 3 秒
2021-07-24 00:08:35 查询号码 【1569518】，返回信息 {"status":"bad","msg":""}
2021-07-24 00:08:35 查询号码 【1569518】，GSD为【""】
2021-07-24 00:08:35 bad
2021-07-24 00:08:36 CHB 1569518?1627056515 第 1 次 等待 3 秒
2021-07-24 00:08:39 CHB 1569518?1627056515 第 1 次 获取到号码【1569518】GSD
2021-07-24 00:08:40 获取到号码【1569518】的GSD为【江苏-连云港】
2021-07-24 00:08:45 GSD insert 第 1 次 等待 3 秒
2021-07-24 00:08:48 {"status":"ok","gid":371320,"msg":"添加成功！"}
2021-07-24 00:08:48 下次操作: 2021-07-24 00:09:09

2021-07-24 00:09:09 开始第 32 次操作

2021-07-24 00:09:09 开始操作号码 【1569517】
2021-07-24 00:09:14 GSD getOne 第 1 次 等待 3 秒
2021-07-24 00:09:17 查询号码 【1569517】，返回信息 {"status":"bad","msg":""}
2021-07-24 00:09:17 查询号码 【1569517】，GSD为【""】
2021-07-24 00:09:17 bad
2021-07-24 00:09:19 CHB 1569517?1627056557 第 1 次 等待 3 秒
2021-07-24 00:09:22 CHB 1569517?1627056557 第 1 次 获取到号码【1569517】GSD
2021-07-24 00:09:22 获取到号码【1569517】的GSD为【江苏-淮安】
2021-07-24 00:09:29 GSD insert 第 1 次 等待 3 秒
2021-07-24 00:09:32 {"status":"ok","gid":371327,"msg":"添加成功！"}
2021-07-24 00:09:32 下次操作: 2021-07-24 00:09:47

2021-07-24 00:09:47 开始第 33 次操作

2021-07-24 00:09:47 开始操作号码 【1569516】
2021-07-24 00:09:52 GSD getOne 第 1 次 等待 3 秒
2021-07-24 00:09:55 查询号码 【1569516】，返回信息 {"status":"bad","msg":""}
2021-07-24 00:09:55 查询号码 【1569516】，GSD为【""】
2021-07-24 00:09:55 bad
2021-07-24 00:09:57 CHB 1569516?1627056595 第 1 次 等待 3 秒
2021-07-24 00:10:00 CHB 1569516?1627056595 第 1 次 获取到号码【1569516】GSD
2021-07-24 00:10:00 获取到号码【1569516】的GSD为【江苏-徐州】
2021-07-24 00:10:04 GSD insert 第 1 次 等待 3 秒
2021-07-24 00:10:07 {"status":"ok","gid":371335,"msg":"添加成功！"}
2021-07-24 00:10:07 下次操作: 2021-07-24 00:10:31

2021-07-24 00:10:31 开始第 34 次操作

2021-07-24 00:10:31 开始操作号码 【1569515】
2021-07-24 00:10:38 GSD getOne 第 1 次 等待 3 秒
2021-07-24 00:10:41 查询号码 【1569515】，返回信息 {"status":"bad","msg":""}
2021-07-24 00:10:41 查询号码 【1569515】，GSD为【""】
2021-07-24 00:10:41 bad
2021-07-24 00:10:46 CHB 1569515?1627056641 第 1 次 等待 3 秒
2021-07-24 00:10:49 CHB 1569515?1627056641 第 1 次 获取到号码【1569515】GSD
2021-07-24 00:10:49 获取到号码【1569515】的GSD为【江苏-盐城】
2021-07-24 00:10:55 GSD insert 第 1 次 等待 3 秒
2021-07-24 00:10:58 {"status":"ok","gid":371344,"msg":"添加成功！"}
2021-07-24 00:10:58 下次操作: 2021-07-24 00:11:20

2021-07-24 00:11:20 开始第 35 次操作

2021-07-24 00:11:20 开始操作号码 【1569514】
2021-07-24 00:11:25 GSD getOne 第 1 次 等待 3 秒
2021-07-24 00:11:28 查询号码 【1569514】，返回信息 {"status":"bad","msg":""}
2021-07-24 00:11:28 查询号码 【1569514】，GSD为【""】
2021-07-24 00:11:28 bad
2021-07-24 00:11:30 CHB 1569514?1627056688 第 1 次 等待 3 秒
2021-07-24 00:11:33 CHB 1569514?1627056688 第 1 次 获取到号码【1569514】GSD
2021-07-24 00:11:33 获取到号码【1569514】的GSD为【江苏-扬州】
2021-07-24 00:11:43 GSD insert 第 1 次 等待 3 秒
2021-07-24 00:11:46 {"status":"ok","gid":371354,"msg":"添加成功！"}
2021-07-24 00:11:46 下次操作: 2021-07-24 00:12:07

2021-07-24 00:12:07 开始第 36 次操作

2021-07-24 00:12:07 开始操作号码 【1569513】
2021-07-24 00:12:14 GSD getOne 第 1 次 等待 3 秒
2021-07-24 00:12:17 查询号码 【1569513】，返回信息 {"status":"ok","msg":"江苏-南通","gid":"23068","time_insert":"2017-04-20 15:28","time_update":"2020-08-25 12:24"}
2021-07-24 00:12:17 查询号码 【1569513】，GSD为【"江苏-南通"】

2021-07-24 00:12:17 开始第 36 次操作

2021-07-24 00:12:17 开始操作号码 【1569512】
2021-07-24 00:12:20 GSD getOne 第 1 次 等待 3 秒
2021-07-24 00:12:23 查询号码 【1569512】，返回信息 {"status":"bad","msg":""}
2021-07-24 00:12:23 查询号码 【1569512】，GSD为【""】
2021-07-24 00:12:23 bad
2021-07-24 00:12:24 CHB 1569512?1627056743 第 1 次 等待 3 秒
2021-07-24 00:12:28 CHB 1569512?1627056743 第 1 次 获取到号码【1569512】GSD
2021-07-24 00:12:28 获取到号码【1569512】的GSD为【江苏-苏州】
2021-07-24 00:12:30 GSD insert 第 1 次 等待 3 秒
2021-07-24 00:12:33 {"status":"ok","gid":371360,"msg":"添加成功！"}
2021-07-24 00:12:33 下次操作: 2021-07-24 00:12:56

2021-07-24 00:12:56 开始第 37 次操作

2021-07-24 00:12:56 开始操作号码 【1569511】
2021-07-24 00:13:00 GSD getOne 第 1 次 等待 3 秒
2021-07-24 00:13:03 查询号码 【1569511】，返回信息 {"status":"bad","msg":""}
2021-07-24 00:13:03 查询号码 【1569511】，GSD为【""】
2021-07-24 00:13:03 bad
2021-07-24 00:13:07 CHB 1569511?1627056783 第 1 次 等待 3 秒
2021-07-24 00:13:10 CHB 1569511?1627056783 第 1 次 获取到号码【1569511】GSD
2021-07-24 00:13:10 获取到号码【1569511】的GSD为【江苏-镇江】
2021-07-24 00:13:17 GSD insert 第 1 次 等待 3 秒
2021-07-24 00:13:20 {"status":"ok","gid":371366,"msg":"添加成功！"}
2021-07-24 00:13:20 下次操作: 2021-07-24 00:13:34

2021-07-24 00:13:34 开始第 38 次操作

2021-07-24 00:13:34 开始操作号码 【1569510】
2021-07-24 00:13:38 GSD getOne 第 1 次 等待 3 秒
2021-07-24 00:13:41 查询号码 【1569510】，返回信息 {"status":"bad","msg":""}
2021-07-24 00:13:41 查询号码 【1569510】，GSD为【""】
2021-07-24 00:13:41 bad
2021-07-24 00:13:43 CHB 1569510?1627056821 第 1 次 等待 3 秒
2021-07-24 00:13:46 CHB 1569510?1627056821 第 1 次 获取到号码【1569510】GSD
2021-07-24 00:13:46 获取到号码【1569510】的GSD为【江苏-无锡】
2021-07-24 00:13:49 GSD insert 第 1 次 等待 3 秒
2021-07-24 00:13:52 {"status":"ok","gid":371370,"msg":"添加成功！"}
2021-07-24 00:13:52 下次操作: 2021-07-24 00:14:16

2021-07-24 00:14:16 开始第 39 次操作

2021-07-24 00:14:16 开始操作号码 【1569509】
2021-07-24 00:14:20 GSD getOne 第 1 次 等待 3 秒
2021-07-24 00:14:23 查询号码 【1569509】，返回信息 {"status":"bad","msg":""}
2021-07-24 00:14:23 查询号码 【1569509】，GSD为【""】
2021-07-24 00:14:23 bad
2021-07-24 00:14:24 CHB 1569509?1627056863 第 1 次 等待 3 秒
2021-07-24 00:14:28 CHB 1569509?1627056863 第 1 次 获取到号码【1569509】GSD
2021-07-24 00:14:28 获取到号码【1569509】的GSD为【宁夏-中卫】
2021-07-24 00:14:42 GSD insert 第 1 次 等待 3 秒
2021-07-24 00:14:45 {"status":"ok","gid":371376,"msg":"添加成功！"}
2021-07-24 00:14:45 下次操作: 2021-07-24 00:15:01

2021-07-24 00:15:01 开始第 40 次操作

2021-07-24 00:15:01 开始操作号码 【1569508】
2021-07-24 00:15:07 GSD getOne 第 1 次 等待 3 秒
2021-07-24 00:15:10 查询号码 【1569508】，返回信息 {"status":"bad","msg":""}
2021-07-24 00:15:10 查询号码 【1569508】，GSD为【""】
2021-07-24 00:15:10 bad
2021-07-24 00:15:12 CHB 1569508?1627056910 第 1 次 等待 3 秒
2021-07-24 00:15:15 CHB 1569508?1627056910 第 1 次 获取到号码【1569508】GSD
2021-07-24 00:15:15 获取到号码【1569508】的GSD为【宁夏-银川】
2021-07-24 00:15:21 GSD insert 第 1 次 等待 3 秒
2021-07-24 00:15:24 {"status":"ok","gid":371380,"msg":"添加成功！"}

2021-07-24 01:04:22 开始第 1 次操作

2021-07-24 01:04:22 开始操作号码 【1569507】
2021-07-24 01:04:25 GSD getOne 第 1 次 等待 3 秒
2021-07-24 01:04:28 查询号码 【1569507】，返回信息 {"status":"bad","msg":""}
2021-07-24 01:04:28 查询号码 【1569507】，GSD为【""】
2021-07-24 01:04:28 bad
2021-07-24 01:04:30 CHB 1569507?1627059868 第 1 次 等待 3 秒
2021-07-24 01:04:33 CHB 1569507?1627059868 第 1 次 获取到号码【1569507】GSD
2021-07-24 01:04:33 获取到号码【1569507】的GSD为【宁夏-吴忠】
2021-07-24 01:04:36 GSD insert 第 1 次 等待 3 秒
2021-07-24 01:04:39 {"status":"ok","gid":371535,"msg":"添加成功！"}
2021-07-24 01:04:39 下次操作: 2021-07-24 01:04:51

2021-07-24 01:04:51 开始第 2 次操作

2021-07-24 01:04:51 开始操作号码 【1569506】
2021-07-24 01:04:54 GSD getOne 第 1 次 等待 3 秒
2021-07-24 01:04:57 查询号码 【1569506】，返回信息 {"status":"bad","msg":""}
2021-07-24 01:04:57 查询号码 【1569506】，GSD为【""】
2021-07-24 01:04:57 bad
2021-07-24 01:04:59 CHB 1569506?1627059897 第 1 次 等待 3 秒
2021-07-24 01:05:02 CHB 1569506?1627059897 第 1 次 获取到号码【1569506】GSD
2021-07-24 01:05:02 获取到号码【1569506】的GSD为【宁夏-石嘴山】
2021-07-24 01:05:05 GSD insert 第 1 次 等待 3 秒
2021-07-24 01:05:08 {"status":"ok","gid":371542,"msg":"添加成功！"}
2021-07-24 01:05:08 下次操作: 2021-07-24 01:05:26

2021-07-24 01:05:26 开始第 3 次操作

2021-07-24 01:05:26 开始操作号码 【1569505】
2021-07-24 01:05:29 GSD getOne 第 1 次 等待 3 秒
2021-07-24 01:05:32 查询号码 【1569505】，返回信息 {"status":"bad","msg":""}
2021-07-24 01:05:32 查询号码 【1569505】，GSD为【""】
2021-07-24 01:05:32 bad
2021-07-24 01:05:34 CHB 1569505?1627059932 第 1 次 等待 3 秒
2021-07-24 01:05:37 CHB 1569505?1627059932 第 1 次 获取到号码【1569505】GSD
2021-07-24 01:05:37 获取到号码【1569505】的GSD为【宁夏-中卫】
2021-07-24 01:05:42 GSD insert 第 1 次 等待 3 秒
2021-07-24 01:05:45 {"status":"ok","gid":371547,"msg":"添加成功！"}
2021-07-24 01:05:45 下次操作: 2021-07-24 01:06:01

2021-07-24 01:06:01 开始第 4 次操作

2021-07-24 01:06:01 开始操作号码 【1569504】
2021-07-24 01:06:04 GSD getOne 第 1 次 等待 3 秒
2021-07-24 01:06:07 查询号码 【1569504】，返回信息 {"status":"bad","msg":""}
2021-07-24 01:06:07 查询号码 【1569504】，GSD为【""】
2021-07-24 01:06:07 bad
2021-07-24 01:06:08 CHB 1569504?1627059967 第 1 次 等待 3 秒
2021-07-24 01:06:11 CHB 1569504?1627059967 第 1 次 获取到号码【1569504】GSD
2021-07-24 01:06:11 获取到号码【1569504】的GSD为【宁夏-固原】
2021-07-24 01:06:14 GSD insert 第 1 次 等待 3 秒
2021-07-24 01:06:17 {"status":"ok","gid":371551,"msg":"添加成功！"}
2021-07-24 01:06:17 下次操作: 2021-07-24 01:06:38

2021-07-24 01:06:38 开始第 5 次操作

2021-07-24 01:06:38 开始操作号码 【1569503】
2021-07-24 01:06:41 GSD getOne 第 1 次 等待 3 秒
2021-07-24 01:06:44 查询号码 【1569503】，返回信息 {"status":"bad","msg":""}
2021-07-24 01:06:44 查询号码 【1569503】，GSD为【""】
2021-07-24 01:06:44 bad
2021-07-24 01:06:46 CHB 1569503?1627060004 第 1 次 等待 3 秒
2021-07-24 01:06:49 CHB 1569503?1627060004 第 1 次 获取到号码【1569503】GSD
2021-07-24 01:06:49 获取到号码【1569503】的GSD为【宁夏-吴忠】
2021-07-24 01:06:52 GSD insert 第 1 次 等待 3 秒
2021-07-24 01:06:55 {"status":"ok","gid":371556,"msg":"添加成功！"}
2021-07-24 01:06:55 下次操作: 2021-07-24 01:07:13

2021-07-24 01:07:13 开始第 6 次操作

2021-07-24 01:07:13 开始操作号码 【1569502】
2021-07-24 01:07:16 GSD getOne 第 1 次 等待 3 秒
2021-07-24 01:07:19 查询号码 【1569502】，返回信息 {"status":"bad","msg":""}
2021-07-24 01:07:19 查询号码 【1569502】，GSD为【""】
2021-07-24 01:07:19 bad
2021-07-24 01:07:21 CHB 1569502?1627060039 第 1 次 等待 3 秒
2021-07-24 01:07:24 CHB 1569502?1627060039 第 1 次 获取到号码【1569502】GSD
2021-07-24 01:07:24 获取到号码【1569502】的GSD为【宁夏-石嘴山】
2021-07-24 01:07:28 GSD insert 第 1 次 等待 3 秒
2021-07-24 01:07:31 {"status":"ok","gid":371563,"msg":"添加成功！"}
2021-07-24 01:07:31 下次操作: 2021-07-24 01:07:52

2021-07-24 01:07:52 开始第 7 次操作

2021-07-24 01:07:52 开始操作号码 【1569501】
2021-07-24 01:07:55 GSD getOne 第 1 次 等待 3 秒
2021-07-24 01:07:58 查询号码 【1569501】，返回信息 {"status":"bad","msg":""}
2021-07-24 01:07:58 查询号码 【1569501】，GSD为【""】
2021-07-24 01:07:58 bad
2021-07-24 01:08:00 CHB 1569501?1627060078 第 1 次 等待 3 秒
2021-07-24 01:08:03 CHB 1569501?1627060078 第 1 次 获取到号码【1569501】GSD
2021-07-24 01:08:03 获取到号码【1569501】的GSD为【宁夏-银川】
2021-07-24 01:08:11 GSD insert 第 1 次 等待 3 秒
2021-07-24 01:08:14 {"status":"ok","gid":371570,"msg":"添加成功！"}
2021-07-24 01:08:14 下次操作: 2021-07-24 01:08:32

2021-07-24 01:08:32 开始第 8 次操作

2021-07-24 01:08:32 开始操作号码 【1569500】
2021-07-24 01:08:39 GSD getOne 第 1 次 等待 3 秒
2021-07-24 01:08:42 查询号码 【1569500】，返回信息 {"status":"ok","msg":"宁夏-银川","gid":"23067","time_insert":"2019-11-15 11:24","time_update":"2020-12-22 02:31"}
2021-07-24 01:08:42 查询号码 【1569500】，GSD为【"宁夏-银川"】

2021-07-24 01:08:42 开始第 8 次操作

2021-07-24 01:08:42 开始操作号码 【1569499】
2021-07-24 01:08:45 GSD getOne 第 1 次 等待 3 秒
2021-07-24 01:08:48 查询号码 【1569499】，返回信息 {"status":"bad","msg":""}
2021-07-24 01:08:48 查询号码 【1569499】，GSD为【""】
2021-07-24 01:08:48 bad
2021-07-24 01:08:50 CHB 1569499?1627060128 第 1 次 等待 3 秒
2021-07-24 01:08:53 CHB 1569499?1627060128 第 1 次 获取到号码【1569499】GSD
2021-07-24 01:08:53 获取到号码【1569499】的GSD为【河北-邯郸】
2021-07-24 01:08:58 GSD insert 第 1 次 等待 3 秒
2021-07-24 01:09:01 {"status":"ok","gid":371575,"msg":"添加成功！"}
2021-07-24 01:09:01 下次操作: 2021-07-24 01:09:16

2021-07-24 01:09:16 开始第 9 次操作

2021-07-24 01:09:16 开始操作号码 【1569498】
2021-07-24 01:09:20 GSD getOne 第 1 次 等待 3 秒
2021-07-24 01:09:23 查询号码 【1569498】，返回信息 {"status":"bad","msg":""}
2021-07-24 01:09:23 查询号码 【1569498】，GSD为【""】
2021-07-24 01:09:23 bad
2021-07-24 01:09:25 CHB 1569498?1627060163 第 1 次 等待 3 秒
2021-07-24 01:09:28 CHB 1569498?1627060163 第 1 次 获取到号码【1569498】GSD
2021-07-24 01:09:28 获取到号码【1569498】的GSD为【河北-邯郸】
2021-07-24 01:09:32 GSD insert 第 1 次 等待 3 秒
2021-07-24 01:09:35 {"status":"ok","gid":371582,"msg":"添加成功！"}
2021-07-24 01:09:35 下次操作: 2021-07-24 01:09:50

2021-07-24 01:09:50 开始第 10 次操作

2021-07-24 01:09:50 开始操作号码 【1569497】
2021-07-24 01:09:57 GSD getOne 第 1 次 等待 3 秒
2021-07-24 01:10:00 查询号码 【1569497】，返回信息 {"status":"bad","msg":""}
2021-07-24 01:10:00 查询号码 【1569497】，GSD为【""】
2021-07-24 01:10:00 bad
2021-07-24 01:10:02 CHB 1569497?1627060200 第 1 次 等待 3 秒
2021-07-24 01:10:05 CHB 1569497?1627060200 第 1 次 获取到号码【1569497】GSD
2021-07-24 01:10:05 获取到号码【1569497】的GSD为【河北-沧州】
2021-07-24 01:10:11 GSD insert 第 1 次 等待 3 秒
2021-07-24 01:10:14 {"status":"ok","gid":371589,"msg":"添加成功！"}
2021-07-24 01:10:14 下次操作: 2021-07-24 01:10:27

2021-07-24 01:10:27 开始第 11 次操作

2021-07-24 01:10:27 开始操作号码 【1569496】
2021-07-24 01:10:31 GSD getOne 第 1 次 等待 3 秒
2021-07-24 01:10:34 查询号码 【1569496】，返回信息 {"status":"bad","msg":""}
2021-07-24 01:10:34 查询号码 【1569496】，GSD为【""】
2021-07-24 01:10:34 bad
2021-07-24 01:10:36 CHB 1569496?1627060234 第 1 次 等待 3 秒
2021-07-24 01:10:39 CHB 1569496?1627060234 第 1 次 获取到号码【1569496】GSD
2021-07-24 01:10:39 获取到号码【1569496】的GSD为【河北-唐山】
2021-07-24 01:10:42 GSD insert 第 1 次 等待 3 秒
2021-07-24 01:10:45 {"status":"ok","gid":371594,"msg":"添加成功！"}
2021-07-24 01:10:45 下次操作: 2021-07-24 01:11:04

2021-07-24 01:11:04 开始第 12 次操作

2021-07-24 01:11:04 开始操作号码 【1569495】
2021-07-24 01:11:07 GSD getOne 第 1 次 等待 3 秒
2021-07-24 01:11:10 查询号码 【1569495】，返回信息 {"status":"bad","msg":""}
2021-07-24 01:11:10 查询号码 【1569495】，GSD为【""】
2021-07-24 01:11:10 bad
2021-07-24 01:11:12 CHB 1569495?1627060270 第 1 次 等待 3 秒
2021-07-24 01:11:15 CHB 1569495?1627060270 第 1 次 获取到号码【1569495】GSD
2021-07-24 01:11:15 获取到号码【1569495】的GSD为【河北-唐山】
2021-07-24 01:11:18 GSD insert 第 1 次 等待 3 秒
2021-07-24 01:11:21 {"status":"ok","gid":371601,"msg":"添加成功！"}
2021-07-24 01:11:21 下次操作: 2021-07-24 01:11:33

2021-07-24 01:11:33 开始第 13 次操作

2021-07-24 01:11:33 开始操作号码 【1569494】
2021-07-24 01:11:38 GSD getOne 第 1 次 等待 3 秒
2021-07-24 01:11:41 查询号码 【1569494】，返回信息 {"status":"bad","msg":""}
2021-07-24 01:11:41 查询号码 【1569494】，GSD为【""】
2021-07-24 01:11:41 bad
2021-07-24 01:11:43 CHB 1569494?1627060301 第 1 次 等待 3 秒
2021-07-24 01:11:46 CHB 1569494?1627060301 第 1 次 获取到号码【1569494】GSD
2021-07-24 01:11:46 获取到号码【1569494】的GSD为【河北-承德】
2021-07-24 01:11:49 GSD insert 第 1 次 等待 3 秒
2021-07-24 01:11:52 {"status":"ok","gid":371605,"msg":"添加成功！"}
2021-07-24 01:11:52 下次操作: 2021-07-24 01:12:07

2021-07-24 01:12:07 开始第 14 次操作

2021-07-24 01:12:07 开始操作号码 【1569493】
2021-07-24 01:12:14 GSD getOne 第 1 次 等待 3 秒
2021-07-24 01:12:17 查询号码 【1569493】，返回信息 {"status":"bad","msg":""}
2021-07-24 01:12:17 查询号码 【1569493】，GSD为【""】
2021-07-24 01:12:17 bad
2021-07-24 01:12:18 CHB 1569493?1627060337 第 1 次 等待 3 秒
2021-07-24 01:12:21 CHB 1569493?1627060337 第 1 次 获取到号码【1569493】GSD
2021-07-24 01:12:21 获取到号码【1569493】的GSD为【河北-张家口】
2021-07-24 01:12:27 GSD insert 第 1 次 等待 3 秒
2021-07-24 01:12:30 {"status":"ok","gid":371613,"msg":"添加成功！"}
2021-07-24 01:12:30 下次操作: 2021-07-24 01:12:47

2021-07-24 01:12:47 开始第 15 次操作

2021-07-24 01:12:47 开始操作号码 【1569492】
2021-07-24 01:12:50 GSD getOne 第 1 次 等待 3 秒
2021-07-24 01:12:53 查询号码 【1569492】，返回信息 {"status":"bad","msg":""}
2021-07-24 01:12:53 查询号码 【1569492】，GSD为【""】
2021-07-24 01:12:53 bad
2021-07-24 01:12:55 CHB 1569492?1627060373 第 1 次 等待 3 秒
2021-07-24 01:12:58 CHB 1569492?1627060373 第 1 次 获取到号码【1569492】GSD
2021-07-24 01:12:58 获取到号码【1569492】的GSD为【河北-衡水】
2021-07-24 01:13:01 GSD insert 第 1 次 等待 3 秒
2021-07-24 01:13:04 {"status":"ok","gid":371618,"msg":"添加成功！"}
2021-07-24 01:13:04 下次操作: 2021-07-24 01:13:19

2021-07-24 01:13:19 开始第 16 次操作

2021-07-24 01:13:19 开始操作号码 【1569491】
2021-07-24 01:13:24 GSD getOne 第 1 次 等待 3 秒
2021-07-24 01:13:27 查询号码 【1569491】，返回信息 {"status":"bad","msg":""}
2021-07-24 01:13:27 查询号码 【1569491】，GSD为【""】
2021-07-24 01:13:27 bad
2021-07-24 01:13:29 CHB 1569491?1627060407 第 1 次 等待 3 秒
2021-07-24 01:13:32 CHB 1569491?1627060407 第 1 次 获取到号码【1569491】GSD
2021-07-24 01:13:32 获取到号码【1569491】的GSD为【河北-秦皇岛】
2021-07-24 01:13:34 GSD insert 第 1 次 等待 3 秒
2021-07-24 01:13:37 {"status":"ok","gid":371623,"msg":"添加成功！"}
2021-07-24 01:13:37 下次操作: 2021-07-24 01:13:59

2021-07-24 01:14:00 开始第 17 次操作

2021-07-24 01:14:00 开始操作号码 【1569490】
2021-07-24 01:14:02 GSD getOne 第 1 次 等待 3 秒
2021-07-24 01:14:05 查询号码 【1569490】，返回信息 {"status":"bad","msg":""}
2021-07-24 01:14:05 查询号码 【1569490】，GSD为【""】
2021-07-24 01:14:05 bad
2021-07-24 01:14:07 CHB 1569490?1627060445 第 1 次 等待 3 秒
2021-07-24 01:14:10 CHB 1569490?1627060445 第 1 次 获取到号码【1569490】GSD
2021-07-24 01:14:10 获取到号码【1569490】的GSD为【河北-承德】
2021-07-24 01:14:13 GSD insert 第 1 次 等待 3 秒
2021-07-24 01:14:16 {"status":"ok","gid":371631,"msg":"添加成功！"}
2021-07-24 01:14:16 下次操作: 2021-07-24 01:14:38

2021-07-24 01:14:38 开始第 18 次操作

2021-07-24 01:14:38 开始操作号码 【1569489】
2021-07-24 01:14:41 GSD getOne 第 1 次 等待 3 秒
2021-07-24 01:14:44 查询号码 【1569489】，返回信息 {"status":"bad","msg":""}
2021-07-24 01:14:44 查询号码 【1569489】，GSD为【""】
2021-07-24 01:14:44 bad
2021-07-24 01:14:46 CHB 1569489?1627060484 第 1 次 等待 3 秒
2021-07-24 01:14:49 CHB 1569489?1627060484 第 1 次 获取到号码【1569489】GSD
2021-07-24 01:14:49 获取到号码【1569489】的GSD为【河北-石家庄】
2021-07-24 01:14:52 GSD insert 第 1 次 等待 3 秒
2021-07-24 01:14:55 {"status":"ok","gid":371639,"msg":"添加成功！"}
2021-07-24 01:14:55 下次操作: 2021-07-24 01:15:09

2021-07-24 01:15:09 开始第 19 次操作

2021-07-24 01:15:09 开始操作号码 【1569488】
2021-07-24 01:15:13 GSD getOne 第 1 次 等待 3 秒
2021-07-24 01:15:16 查询号码 【1569488】，返回信息 {"status":"bad","msg":""}
2021-07-24 01:15:16 查询号码 【1569488】，GSD为【""】
2021-07-24 01:15:16 bad
2021-07-24 01:15:18 CHB 1569488?1627060516 第 1 次 等待 3 秒
2021-07-24 01:15:21 CHB 1569488?1627060516 第 1 次 获取到号码【1569488】GSD
2021-07-24 01:15:21 获取到号码【1569488】的GSD为【河北-石家庄】
2021-07-24 01:15:24 GSD insert 第 1 次 等待 3 秒
2021-07-24 01:15:27 {"status":"ok","gid":371646,"msg":"添加成功！"}
2021-07-24 01:15:27 下次操作: 2021-07-24 01:15:46

2021-07-24 01:15:46 开始第 20 次操作

2021-07-24 01:15:46 开始操作号码 【1569487】
2021-07-24 01:15:48 GSD getOne 第 1 次 等待 3 秒
2021-07-24 01:15:51 查询号码 【1569487】，返回信息 {"status":"bad","msg":""}
2021-07-24 01:15:51 查询号码 【1569487】，GSD为【""】
2021-07-24 01:15:51 bad
2021-07-24 01:15:53 CHB 1569487?1627060551 第 1 次 等待 3 秒
2021-07-24 01:15:56 CHB 1569487?1627060551 第 1 次 获取到号码【1569487】GSD
2021-07-24 01:15:56 获取到号码【1569487】的GSD为【河北-石家庄】
2021-07-24 01:15:59 GSD insert 第 1 次 等待 3 秒
2021-07-24 01:16:02 {"status":"ok","gid":371653,"msg":"添加成功！"}
2021-07-24 01:16:02 下次操作: 2021-07-24 01:16:21

2021-07-24 01:16:21 开始第 21 次操作

2021-07-24 01:16:21 开始操作号码 【1569486】
2021-07-24 01:16:24 GSD getOne 第 1 次 等待 3 秒
2021-07-24 01:16:27 查询号码 【1569486】，返回信息 {"status":"bad","msg":""}
2021-07-24 01:16:27 查询号码 【1569486】，GSD为【""】
2021-07-24 01:16:27 bad
2021-07-24 01:16:29 CHB 1569486?1627060587 第 1 次 等待 3 秒
2021-07-24 01:16:32 CHB 1569486?1627060587 第 1 次 获取到号码【1569486】GSD
2021-07-24 01:16:32 获取到号码【1569486】的GSD为【河北-石家庄】
2021-07-24 01:16:35 GSD insert 第 1 次 等待 3 秒
2021-07-24 01:16:38 {"status":"ok","gid":371661,"msg":"添加成功！"}
2021-07-24 01:16:38 下次操作: 2021-07-24 01:16:56

2021-07-24 01:16:56 开始第 22 次操作

2021-07-24 01:16:56 开始操作号码 【1569485】
2021-07-24 01:17:02 GSD getOne 第 1 次 等待 3 秒
2021-07-24 01:17:05 查询号码 【1569485】，返回信息 {"status":"bad","msg":""}
2021-07-24 01:17:05 查询号码 【1569485】，GSD为【""】
2021-07-24 01:17:05 bad
2021-07-24 01:17:06 CHB 1569485?1627060625 第 1 次 等待 3 秒
2021-07-24 01:17:09 CHB 1569485?1627060625 第 1 次 获取到号码【1569485】GSD
2021-07-24 01:17:09 获取到号码【1569485】的GSD为【河北-邢台】
2021-07-24 01:17:12 GSD insert 第 1 次 等待 3 秒
2021-07-24 01:17:15 {"status":"ok","gid":371666,"msg":"添加成功！"}
2021-07-24 01:17:15 下次操作: 2021-07-24 01:17:37

2021-07-24 01:17:37 开始第 23 次操作

2021-07-24 01:17:37 开始操作号码 【1569484】
2021-07-24 01:17:40 GSD getOne 第 1 次 等待 3 秒
2021-07-24 01:17:43 查询号码 【1569484】，返回信息 {"status":"bad","msg":""}
2021-07-24 01:17:43 查询号码 【1569484】，GSD为【""】
2021-07-24 01:17:43 bad
2021-07-24 01:17:45 CHB 1569484?1627060663 第 1 次 等待 3 秒
2021-07-24 01:17:48 CHB 1569484?1627060663 第 1 次 获取到号码【1569484】GSD
2021-07-24 01:17:48 获取到号码【1569484】的GSD为【河北-保定】
2021-07-24 01:17:51 GSD insert 第 1 次 等待 3 秒
2021-07-24 01:17:54 {"status":"ok","gid":371674,"msg":"添加成功！"}
2021-07-24 01:17:54 下次操作: 2021-07-24 01:18:18

2021-07-24 01:18:18 开始第 24 次操作

2021-07-24 01:18:18 开始操作号码 【1569483】
2021-07-24 01:18:23 GSD getOne 第 1 次 等待 3 秒
2021-07-24 01:18:26 查询号码 【1569483】，返回信息 {"status":"bad","msg":""}
2021-07-24 01:18:26 查询号码 【1569483】，GSD为【""】
2021-07-24 01:18:26 bad
2021-07-24 01:18:28 CHB 1569483?1627060706 第 1 次 等待 3 秒
2021-07-24 01:18:31 CHB 1569483?1627060706 第 1 次 获取到号码【1569483】GSD
2021-07-24 01:18:31 获取到号码【1569483】的GSD为【河北-廊坊】
2021-07-24 01:18:35 GSD insert 第 1 次 等待 3 秒
2021-07-24 01:18:38 {"status":"ok","gid":371685,"msg":"添加成功！"}
2021-07-24 01:18:38 下次操作: 2021-07-24 01:19:02

2021-07-24 01:19:02 开始第 25 次操作

2021-07-24 01:19:02 开始操作号码 【1569482】
2021-07-24 01:19:10 GSD getOne 第 1 次 等待 3 秒
2021-07-24 01:19:13 查询号码 【1569482】，返回信息 {"status":"bad","msg":""}
2021-07-24 01:19:13 查询号码 【1569482】，GSD为【""】
2021-07-24 01:19:13 bad
2021-07-24 01:19:14 CHB 1569482?1627060753 第 1 次 等待 3 秒
2021-07-24 01:19:17 CHB 1569482?1627060753 第 1 次 获取到号码【1569482】GSD
2021-07-24 01:19:17 获取到号码【1569482】的GSD为【河北-沧州】
2021-07-24 01:19:20 GSD insert 第 1 次 等待 3 秒
2021-07-24 01:19:23 {"status":"ok","gid":371694,"msg":"添加成功！"}
2021-07-24 01:19:23 下次操作: 2021-07-24 01:19:37

2021-07-24 01:19:37 开始第 26 次操作

2021-07-24 01:19:37 开始操作号码 【1569481】
2021-07-24 01:19:41 GSD getOne 第 1 次 等待 3 秒
2021-07-24 01:19:44 查询号码 【1569481】，返回信息 {"status":"bad","msg":""}
2021-07-24 01:19:44 查询号码 【1569481】，GSD为【""】
2021-07-24 01:19:44 bad
2021-07-24 01:19:46 CHB 1569481?1627060784 第 1 次 等待 3 秒
2021-07-24 01:19:49 CHB 1569481?1627060784 第 1 次 获取到号码【1569481】GSD
2021-07-24 01:19:49 获取到号码【1569481】的GSD为【河北-沧州】
2021-07-24 01:19:56 GSD insert 第 1 次 等待 3 秒
2021-07-24 01:19:59 {"status":"ok","gid":371700,"msg":"添加成功！"}
2021-07-24 01:19:59 下次操作: 2021-07-24 01:20:22

2021-07-24 01:20:22 开始第 27 次操作

2021-07-24 01:20:22 开始操作号码 【1569480】
2021-07-24 01:20:25 GSD getOne 第 1 次 等待 3 秒
2021-07-24 01:20:28 查询号码 【1569480】，返回信息 {"status":"bad","msg":""}
2021-07-24 01:20:28 查询号码 【1569480】，GSD为【""】
2021-07-24 01:20:28 bad
2021-07-24 01:20:30 CHB 1569480?1627060828 第 1 次 等待 3 秒
2021-07-24 01:20:33 CHB 1569480?1627060828 第 1 次 获取到号码【1569480】GSD
2021-07-24 01:20:33 获取到号码【1569480】的GSD为【河北-秦皇岛】
2021-07-24 01:20:36 GSD insert 第 1 次 等待 3 秒
2021-07-24 01:20:39 {"status":"ok","gid":371709,"msg":"添加成功！"}
2021-07-24 01:20:39 下次操作: 2021-07-24 01:20:54

2021-07-24 01:20:54 开始第 28 次操作

2021-07-24 01:20:54 开始操作号码 【1569479】
2021-07-24 01:21:00 GSD getOne 第 1 次 等待 3 秒
2021-07-24 01:21:03 查询号码 【1569479】，返回信息 {"status":"bad","msg":""}
2021-07-24 01:21:03 查询号码 【1569479】，GSD为【""】
2021-07-24 01:21:03 bad
2021-07-24 01:21:04 CHB 1569479?1627060863 第 1 次 等待 3 秒
2021-07-24 01:21:07 CHB 1569479?1627060863 第 1 次 获取到号码【1569479】GSD
2021-07-24 01:21:08 获取到号码【1569479】的GSD为【内蒙古-锡林郭勒盟】
2021-07-24 01:21:14 GSD insert 第 1 次 等待 3 秒
2021-07-24 01:21:17 {"status":"ok","gid":371719,"msg":"添加成功！"}
2021-07-24 01:21:17 下次操作: 2021-07-24 01:21:39

2021-07-24 01:21:39 开始第 29 次操作

2021-07-24 01:21:39 开始操作号码 【1569478】
2021-07-24 01:21:42 GSD getOne 第 1 次 等待 3 秒
2021-07-24 01:21:45 查询号码 【1569478】，返回信息 {"status":"bad","msg":""}
2021-07-24 01:21:45 查询号码 【1569478】，GSD为【""】
2021-07-24 01:21:45 bad
2021-07-24 01:21:47 CHB 1569478?1627060905 第 1 次 等待 3 秒
2021-07-24 01:21:50 CHB 1569478?1627060905 第 1 次 获取到号码【1569478】GSD
2021-07-24 01:21:50 获取到号码【1569478】的GSD为【内蒙古-巴彦淖尔】
2021-07-24 01:21:52 GSD insert 第 1 次 等待 3 秒
2021-07-24 01:21:55 {"status":"ok","gid":371725,"msg":"添加成功！"}
2021-07-24 01:21:55 下次操作: 2021-07-24 01:22:10

2021-07-24 01:22:10 开始第 30 次操作

2021-07-24 01:22:10 开始操作号码 【1569477】
2021-07-24 01:22:13 GSD getOne 第 1 次 等待 3 秒
2021-07-24 01:22:16 查询号码 【1569477】，返回信息 {"status":"bad","msg":""}
2021-07-24 01:22:16 查询号码 【1569477】，GSD为【""】
2021-07-24 01:22:16 bad
2021-07-24 01:22:18 CHB 1569477?1627060936 第 1 次 等待 3 秒
2021-07-24 01:22:21 CHB 1569477?1627060936 第 1 次 获取到号码【1569477】GSD
2021-07-24 01:22:21 获取到号码【1569477】的GSD为【内蒙古-鄂尔多斯】
2021-07-24 01:22:26 GSD insert 第 1 次 等待 3 秒
2021-07-24 01:22:29 {"status":"ok","gid":371733,"msg":"添加成功！"}
2021-07-24 01:22:29 下次操作: 2021-07-24 01:22:50

2021-07-24 01:22:50 开始第 31 次操作

2021-07-24 01:22:50 开始操作号码 【1569476】
2021-07-24 01:22:52 GSD getOne 第 1 次 等待 3 秒
2021-07-24 01:22:55 查询号码 【1569476】，返回信息 {"status":"bad","msg":""}
2021-07-24 01:22:55 查询号码 【1569476】，GSD为【""】
2021-07-24 01:22:55 bad
2021-07-24 01:22:57 CHB 1569476?1627060975 第 1 次 等待 3 秒
2021-07-24 01:23:00 CHB 1569476?1627060975 第 1 次 获取到号码【1569476】GSD
2021-07-24 01:23:00 获取到号码【1569476】的GSD为【内蒙古-赤峰】
2021-07-24 01:23:06 GSD insert 第 1 次 等待 3 秒
2021-07-24 01:23:09 {"status":"ok","gid":371740,"msg":"添加成功！"}
2021-07-24 01:23:09 下次操作: 2021-07-24 01:23:28

2021-07-24 01:23:28 开始第 32 次操作

2021-07-24 01:23:28 开始操作号码 【1569475】
2021-07-24 01:23:30 GSD getOne 第 1 次 等待 3 秒
2021-07-24 01:23:33 查询号码 【1569475】，返回信息 {"status":"bad","msg":""}
2021-07-24 01:23:33 查询号码 【1569475】，GSD为【""】
2021-07-24 01:23:33 bad
2021-07-24 01:23:35 CHB 1569475?1627061013 第 1 次 等待 3 秒
2021-07-24 01:23:38 CHB 1569475?1627061013 第 1 次 获取到号码【1569475】GSD
2021-07-24 01:23:38 获取到号码【1569475】的GSD为【内蒙古-通辽】
2021-07-24 01:23:41 GSD insert 第 1 次 等待 3 秒
2021-07-24 01:23:44 {"status":"ok","gid":371745,"msg":"添加成功！"}
2021-07-24 01:23:44 下次操作: 2021-07-24 01:24:00

2021-07-24 01:24:00 开始第 33 次操作

2021-07-24 01:24:00 开始操作号码 【1569474】
2021-07-24 01:24:04 GSD getOne 第 1 次 等待 3 秒
2021-07-24 01:24:07 查询号码 【1569474】，返回信息 {"status":"bad","msg":""}
2021-07-24 01:24:07 查询号码 【1569474】，GSD为【""】
2021-07-24 01:24:07 bad
2021-07-24 01:24:08 CHB 1569474?1627061047 第 1 次 等待 3 秒
2021-07-24 01:24:11 CHB 1569474?1627061047 第 1 次 获取到号码【1569474】GSD
2021-07-24 01:24:11 获取到号码【1569474】的GSD为【内蒙古-乌兰察布】
2021-07-24 01:24:14 GSD insert 第 1 次 等待 3 秒
2021-07-24 01:24:17 {"status":"ok","gid":371753,"msg":"添加成功！"}
2021-07-24 01:24:17 下次操作: 2021-07-24 01:24:34

2021-07-24 01:24:34 开始第 34 次操作

2021-07-24 01:24:34 开始操作号码 【1569473】
2021-07-24 01:24:37 GSD getOne 第 1 次 等待 3 秒
2021-07-24 01:24:40 查询号码 【1569473】，返回信息 {"status":"bad","msg":""}
2021-07-24 01:24:40 查询号码 【1569473】，GSD为【""】
2021-07-24 01:24:40 bad
2021-07-24 01:24:42 CHB 1569473?1627061080 第 1 次 等待 3 秒
2021-07-24 01:24:45 CHB 1569473?1627061080 第 1 次 获取到号码【1569473】GSD
2021-07-24 01:24:45 获取到号码【1569473】的GSD为【内蒙古-乌海】
2021-07-24 01:24:52 GSD insert 第 1 次 等待 3 秒
2021-07-24 01:24:55 {"status":"ok","gid":371758,"msg":"添加成功！"}
2021-07-24 01:24:55 下次操作: 2021-07-24 01:25:12

2021-07-24 01:25:12 开始第 35 次操作

2021-07-24 01:25:12 开始操作号码 【1569472】
2021-07-24 01:25:15 GSD getOne 第 1 次 等待 3 秒
2021-07-24 01:25:18 查询号码 【1569472】，返回信息 {"status":"bad","msg":""}
2021-07-24 01:25:18 查询号码 【1569472】，GSD为【""】
2021-07-24 01:25:18 bad
2021-07-24 01:25:20 CHB 1569472?1627061118 第 1 次 等待 3 秒
2021-07-24 01:25:23 CHB 1569472?1627061118 第 1 次 获取到号码【1569472】GSD
2021-07-24 01:25:23 获取到号码【1569472】的GSD为【内蒙古-包头】
2021-07-24 01:25:26 GSD insert 第 1 次 等待 3 秒
2021-07-24 01:25:29 {"status":"ok","gid":371763,"msg":"添加成功！"}
2021-07-24 01:25:29 下次操作: 2021-07-24 01:25:50

2021-07-24 01:25:50 开始第 36 次操作

2021-07-24 01:25:50 开始操作号码 【1569471】
2021-07-24 01:25:53 GSD getOne 第 1 次 等待 3 秒
2021-07-24 01:25:56 查询号码 【1569471】，返回信息 {"status":"bad","msg":""}
2021-07-24 01:25:56 查询号码 【1569471】，GSD为【""】
2021-07-24 01:25:56 bad
2021-07-24 01:25:58 CHB 1569471?1627061156 第 1 次 等待 3 秒
2021-07-24 01:26:01 CHB 1569471?1627061156 第 1 次 获取到号码【1569471】GSD
2021-07-24 01:26:01 获取到号码【1569471】的GSD为【内蒙古-呼和浩特】
2021-07-24 01:26:04 GSD insert 第 1 次 等待 3 秒
2021-07-24 01:26:07 {"status":"ok","gid":371769,"msg":"添加成功！"}
2021-07-24 01:26:07 下次操作: 2021-07-24 01:26:21

2021-07-24 01:26:21 开始第 37 次操作

2021-07-24 01:26:21 开始操作号码 【1569470】
2021-07-24 01:26:24 GSD getOne 第 1 次 等待 3 秒
2021-07-24 01:26:27 查询号码 【1569470】，返回信息 {"status":"bad","msg":""}
2021-07-24 01:26:27 查询号码 【1569470】，GSD为【""】
2021-07-24 01:26:27 bad
2021-07-24 01:26:29 CHB 1569470?1627061187 第 1 次 等待 3 秒
2021-07-24 01:26:32 CHB 1569470?1627061187 第 1 次 获取到号码【1569470】GSD
2021-07-24 01:26:32 获取到号码【1569470】的GSD为【内蒙古-呼伦贝尔】
2021-07-24 01:26:34 GSD insert 第 1 次 等待 3 秒
2021-07-24 01:26:37 {"status":"ok","gid":371776,"msg":"添加成功！"}
2021-07-24 01:26:37 下次操作: 2021-07-24 01:26:56

2021-07-24 01:26:56 开始第 38 次操作

2021-07-24 01:26:57 开始操作号码 【1569469】
2021-07-24 01:26:59 GSD getOne 第 1 次 等待 3 秒
2021-07-24 01:27:02 查询号码 【1569469】，返回信息 {"status":"bad","msg":""}
2021-07-24 01:27:02 查询号码 【1569469】，GSD为【""】
2021-07-24 01:27:02 bad
2021-07-24 01:27:04 CHB 1569469?1627061222 第 1 次 等待 3 秒
2021-07-24 01:27:07 CHB 1569469?1627061222 第 1 次 获取到号码【1569469】GSD
2021-07-24 01:27:07 获取到号码【1569469】的GSD为【云南-德宏】
2021-07-24 01:27:10 GSD insert 第 1 次 等待 3 秒
2021-07-24 01:27:13 {"status":"ok","gid":371783,"msg":"添加成功！"}
2021-07-24 01:27:13 下次操作: 2021-07-24 01:27:28

2021-07-24 01:27:28 开始第 39 次操作

2021-07-24 01:27:28 开始操作号码 【1569468】
2021-07-24 01:27:31 GSD getOne 第 1 次 等待 3 秒
2021-07-24 01:27:34 查询号码 【1569468】，返回信息 {"status":"bad","msg":""}
2021-07-24 01:27:34 查询号码 【1569468】，GSD为【""】
2021-07-24 01:27:34 bad
2021-07-24 01:27:36 CHB 1569468?1627061254 第 1 次 等待 3 秒
2021-07-24 01:27:39 CHB 1569468?1627061254 第 1 次 获取到号码【1569468】GSD
2021-07-24 01:27:39 获取到号码【1569468】的GSD为【云南-普洱】
2021-07-24 01:27:43 GSD insert 第 1 次 等待 3 秒
2021-07-24 01:27:46 {"status":"ok","gid":371789,"msg":"添加成功！"}
2021-07-24 01:27:46 下次操作: 2021-07-24 01:28:05

2021-07-24 01:28:05 开始第 40 次操作

2021-07-24 01:28:05 开始操作号码 【1569467】
2021-07-24 01:28:08 GSD getOne 第 1 次 等待 3 秒
2021-07-24 01:28:11 查询号码 【1569467】，返回信息 {"status":"bad","msg":""}
2021-07-24 01:28:11 查询号码 【1569467】，GSD为【""】
2021-07-24 01:28:11 bad
2021-07-24 01:28:13 CHB 1569467?1627061291 第 1 次 等待 3 秒
2021-07-24 01:28:16 CHB 1569467?1627061291 第 1 次 获取到号码【1569467】GSD
2021-07-24 01:28:16 获取到号码【1569467】的GSD为【云南-玉溪】
2021-07-24 01:28:20 GSD insert 第 1 次 等待 3 秒
2021-07-24 01:28:23 {"status":"ok","gid":371798,"msg":"添加成功！"}

