2024-01-09 00:10:05 开始第 7937 次操作

2024-01-09 00:10:05 开始操作号码 【1877837】
2024-01-09 00:10:08 GSD getOne 第 1 次 等待 3 秒
2024-01-09 00:10:11 查询号码 【1877837】，返回信息 {"status":"ok","msg":"广西-桂林","gid":"50350","time_insert":"2021-04-21 16:31"}
2024-01-09 00:10:12 查询号码 【1877837】，GSD为【"广西-桂林"】

2024-01-09 00:10:13 开始第 7938 次操作

2024-01-09 00:10:13 开始操作号码 【1877838】
2024-01-09 00:10:16 GSD getOne 第 1 次 等待 3 秒
2024-01-09 00:10:19 查询号码 【1877838】，返回信息 {"status":"ok","msg":"广西-桂林","gid":"424180","time_insert":"2021-07-28 12:56"}
2024-01-09 00:10:19 查询号码 【1877838】，GSD为【"广西-桂林"】

2024-01-09 00:10:20 开始第 7939 次操作

2024-01-09 00:10:20 开始操作号码 【1877839】
2024-01-09 00:10:23 GSD getOne 第 1 次 等待 3 秒
2024-01-09 00:10:26 查询号码 【1877839】，返回信息 {"status":"ok","msg":"广西-桂林","gid":"424169","time_insert":"2021-07-28 12:55"}
2024-01-09 00:10:26 查询号码 【1877839】，GSD为【"广西-桂林"】

2024-01-09 00:10:27 开始第 7940 次操作

2024-01-09 00:10:27 开始操作号码 【1877840】
2024-01-09 00:10:32 GSD getOne 第 1 次 等待 3 秒
2024-01-09 00:10:35 查询号码 【1877840】，返回信息 {"status":"ok","msg":"广西-贺州","gid":"424157","time_insert":"2021-07-28 12:54"}
2024-01-09 00:10:35 查询号码 【1877840】，GSD为【"广西-贺州"】

