2023-09-30 00:09:18 开始第 669 次操作

2023-09-30 00:09:18 开始操作号码 【1970668】
2023-09-30 00:09:21 GSD getOne 第 1 次 等待 3 秒
2023-09-30 00:09:24 查询号码 【1970668】，返回信息 {"status":"ok","msg":"-","gid":"539176","time_insert":"2023-02-19 01:27"}
2023-09-30 00:09:24 查询号码 【1970668】，GSD为【"-"】
2023-09-30 00:09:24 ok && -
2023-09-30 00:09:27 CHB 1970668?1696003764 第 1 次 等待 3 秒
2023-09-30 00:09:30 CHB 1970668?1696003764 第 1 次 获取到号码【1970668】GSD
2023-09-30 00:09:30 未获取到号码【1970668】GSD，可能号码格式错误
2023-09-30 00:09:30 获取到号码【1970668】的GSD为【-】
2023-09-30 00:09:42 GSD insert 第 1 次 等待 3 秒
2023-09-30 00:09:45 {"status":"bad","gid":"539176","msg":"添加失败！号码【1970668(-|-)】已存在！"}
2023-09-30 00:09:45 随机等待 189 秒，约 3 分钟
2023-09-30 00:09:45 下次操作: 2023-09-30 00:12:54

2023-09-30 00:12:54 开始第 670 次操作

2023-09-30 00:12:54 开始操作号码 【1970669】
2023-09-30 00:12:56 GSD getOne 第 1 次 等待 3 秒
2023-09-30 00:12:59 查询号码 【1970669】，返回信息 {"status":"ok","msg":"-","gid":"539182","time_insert":"2023-02-19 01:29"}
2023-09-30 00:12:59 查询号码 【1970669】，GSD为【"-"】
2023-09-30 00:12:59 ok && -
2023-09-30 00:13:00 CHB 1970669?1696003979 第 1 次 等待 3 秒
2023-09-30 00:13:03 CHB 1970669?1696003979 第 1 次 获取到号码【1970669】GSD
2023-09-30 00:13:04 未获取到号码【1970669】GSD，可能号码格式错误
2023-09-30 00:13:04 获取到号码【1970669】的GSD为【-】
2023-09-30 00:13:05 GSD insert 第 1 次 等待 3 秒
2023-09-30 00:13:08 {"status":"bad","gid":"539182","msg":"添加失败！号码【1970669(-|-)】已存在！"}
2023-09-30 00:13:08 随机等待 176 秒，约 2 分钟
2023-09-30 00:13:08 下次操作: 2023-09-30 00:16:04

2023-09-30 00:16:04 开始第 671 次操作

2023-09-30 00:16:04 开始操作号码 【1970670】
2023-09-30 00:16:15 GSD getOne 第 1 次 等待 3 秒
2023-09-30 00:16:18 查询号码 【1970670】，返回信息 {"status":"ok","msg":"浙江-宁波","gid":"539185","time_insert":"2023-02-19 01:32"}
2023-09-30 00:16:18 查询号码 【1970670】，GSD为【"浙江-宁波"】

2023-09-30 00:16:19 开始第 672 次操作

2023-09-30 00:16:19 开始操作号码 【1970671】
2023-09-30 00:16:24 GSD getOne 第 1 次 等待 3 秒
2023-09-30 00:16:27 查询号码 【1970671】，返回信息 {"status":"ok","msg":"浙江-宁波","gid":"539190","time_insert":"2023-02-19 01:34"}
2023-09-30 00:16:27 查询号码 【1970671】，GSD为【"浙江-宁波"】

