2021-08-04 00:05:32 开始第 11 次操作

2021-08-04 00:05:32 开始操作号码 【1914476】
2021-08-04 00:06:06 GSD getOne 第 1 次 等待 3 秒
2021-08-04 00:06:09 查询号码 【1914476】，返回信息 {"status":"bad","msg":""}
2021-08-04 00:06:09 查询号码 【1914476】，GSD为【""】
2021-08-04 00:06:09 bad
2021-08-04 00:06:12 CHB 1914476?1628006769 第 1 次 等待 3 秒
2021-08-04 00:06:15 CHB 1914476?1628006769 第 1 次 获取到号码【1914476】GSD
2021-08-04 00:06:15 获取到号码【1914476】的GSD为【浙江-台州】
2021-08-04 00:06:55 GSD insert 第 1 次 等待 3 秒
2021-08-04 00:06:58 {"status":"ok","gid":493473,"msg":"添加成功！"}
2021-08-04 00:06:58 下次操作: 2021-08-04 00:07:12

2021-08-04 00:07:12 开始第 12 次操作

2021-08-04 00:07:12 开始操作号码 【1914475】
2021-08-04 00:07:28 GSD getOne 第 1 次 等待 3 秒
2021-08-04 00:07:31 查询号码 【1914475】，返回信息 {"status":"bad","msg":""}
2021-08-04 00:07:32 查询号码 【1914475】，GSD为【""】
2021-08-04 00:07:32 bad
2021-08-04 00:07:35 CHB 1914475?1628006852 第 1 次 等待 3 秒
2021-08-04 00:07:38 CHB 1914475?1628006852 第 1 次 获取到号码【1914475】GSD
2021-08-04 00:07:38 获取到号码【1914475】的GSD为【浙江-台州】
2021-08-04 00:07:59 GSD insert 第 1 次 等待 3 秒
2021-08-04 00:08:02 {"status":"ok","gid":493480,"msg":"添加成功！"}
2021-08-04 00:08:02 下次操作: 2021-08-04 00:08:19

2021-08-04 00:08:19 开始第 13 次操作

2021-08-04 00:08:19 开始操作号码 【1914474】
2021-08-04 00:08:31 GSD getOne 第 1 次 等待 3 秒
2021-08-04 00:08:34 查询号码 【1914474】，返回信息 {"status":"bad","msg":""}
2021-08-04 00:08:34 查询号码 【1914474】，GSD为【""】
2021-08-04 00:08:34 bad
2021-08-04 00:08:36 CHB 1914474?1628006914 第 1 次 等待 3 秒
2021-08-04 00:08:39 CHB 1914474?1628006914 第 1 次 获取到号码【1914474】GSD
2021-08-04 00:08:39 获取到号码【1914474】的GSD为【浙江-宁波】
2021-08-04 00:08:53 GSD insert 第 1 次 等待 3 秒
2021-08-04 00:08:56 {"status":"ok","gid":493486,"msg":"添加成功！"}
2021-08-04 00:08:56 下次操作: 2021-08-04 00:09:13

2021-08-04 00:09:13 开始第 14 次操作

2021-08-04 00:09:13 开始操作号码 【1914473】
2021-08-04 00:09:39 GSD getOne 第 1 次 等待 3 秒
2021-08-04 00:09:42 查询号码 【1914473】，返回信息 {"status":"bad","msg":""}
2021-08-04 00:09:42 查询号码 【1914473】，GSD为【""】
2021-08-04 00:09:42 bad
2021-08-04 00:09:46 CHB 1914473?1628006982 第 1 次 等待 3 秒
2021-08-04 00:09:49 CHB 1914473?1628006982 第 1 次 获取到号码【1914473】GSD
2021-08-04 00:09:49 获取到号码【1914473】的GSD为【浙江-杭州】
2021-08-04 00:10:14 GSD insert 第 1 次 等待 3 秒
2021-08-04 00:10:17 {"status":"ok","gid":493493,"msg":"添加成功！"}
2021-08-04 00:10:18 下次操作: 2021-08-04 00:10:40

2021-08-04 00:10:40 开始第 15 次操作

2021-08-04 00:10:40 开始操作号码 【1914472】
2021-08-04 00:11:05 GSD getOne 第 1 次 等待 3 秒
2021-08-04 00:11:08 查询号码 【1914472】，返回信息 {"status":"bad","msg":""}
2021-08-04 00:11:08 查询号码 【1914472】，GSD为【""】
2021-08-04 00:11:08 bad
2021-08-04 00:11:11 CHB 1914472?1628007068 第 1 次 等待 3 秒
2021-08-04 00:11:14 CHB 1914472?1628007068 第 1 次 获取到号码【1914472】GSD
2021-08-04 00:11:14 获取到号码【1914472】的GSD为【浙江-杭州】
2021-08-04 00:11:34 GSD insert 第 1 次 等待 3 秒
2021-08-04 00:11:37 {"status":"ok","gid":493499,"msg":"添加成功！"}
2021-08-04 00:11:37 下次操作: 2021-08-04 00:11:52

2021-08-04 00:11:52 开始第 16 次操作

2021-08-04 00:11:52 开始操作号码 【1914471】
2021-08-04 00:12:41 GSD getOne 第 1 次 等待 3 秒
2021-08-04 00:12:44 查询号码 【1914471】，返回信息 {"status":"bad","msg":""}
2021-08-04 00:12:44 查询号码 【1914471】，GSD为【""】
2021-08-04 00:12:44 bad
2021-08-04 00:12:46 CHB 1914471?1628007164 第 1 次 等待 3 秒
2021-08-04 00:12:49 CHB 1914471?1628007164 第 1 次 获取到号码【1914471】GSD
2021-08-04 00:12:49 获取到号码【1914471】的GSD为【浙江-杭州】
2021-08-04 00:12:58 GSD insert 第 1 次 等待 3 秒
2021-08-04 00:13:01 {"status":"ok","gid":493506,"msg":"添加成功！"}
2021-08-04 00:13:01 下次操作: 2021-08-04 00:13:18

2021-08-04 00:13:18 开始第 17 次操作

2021-08-04 00:13:18 开始操作号码 【1914470】
2021-08-04 00:13:30 GSD getOne 第 1 次 等待 3 秒
2021-08-04 00:13:33 查询号码 【1914470】，返回信息 {"status":"bad","msg":""}
2021-08-04 00:13:33 查询号码 【1914470】，GSD为【""】
2021-08-04 00:13:33 bad
2021-08-04 00:13:35 CHB 1914470?1628007213 第 1 次 等待 3 秒
2021-08-04 00:13:38 CHB 1914470?1628007213 第 1 次 获取到号码【1914470】GSD
2021-08-04 00:13:38 获取到号码【1914470】的GSD为【浙江-杭州】
2021-08-04 00:14:42 GSD insert 第 1 次 等待 3 秒
2021-08-04 00:14:45 {"status":"ok","gid":493516,"msg":"添加成功！"}
2021-08-04 00:14:45 下次操作: 2021-08-04 00:15:00

2021-08-04 00:15:00 开始第 18 次操作

2021-08-04 00:15:00 开始操作号码 【1914469】
2021-08-04 00:15:16 GSD getOne 第 1 次 等待 3 秒
2021-08-04 00:15:19 查询号码 【1914469】，返回信息 {"status":"bad","msg":""}
2021-08-04 00:15:19 查询号码 【1914469】，GSD为【""】
2021-08-04 00:15:19 bad
2021-08-04 00:15:20 CHB 1914469?1628007319 第 1 次 等待 3 秒
2021-08-04 00:15:23 CHB 1914469?1628007319 第 1 次 获取到号码【1914469】GSD
2021-08-04 00:15:24 获取到号码【1914469】的GSD为【陕西-咸阳】
2021-08-04 00:15:46 GSD insert 第 1 次 等待 3 秒
2021-08-04 00:15:49 {"status":"ok","gid":493524,"msg":"添加成功！"}
2021-08-04 00:15:49 下次操作: 2021-08-04 00:16:10

2021-08-04 00:16:10 开始第 19 次操作

2021-08-04 00:16:10 开始操作号码 【1914468】
2021-08-04 00:16:27 GSD getOne 第 1 次 等待 3 秒
2021-08-04 00:16:30 查询号码 【1914468】，返回信息 {"status":"bad","msg":""}
2021-08-04 00:16:30 查询号码 【1914468】，GSD为【""】
2021-08-04 00:16:30 bad
2021-08-04 00:16:32 CHB 1914468?1628007390 第 1 次 等待 3 秒
2021-08-04 00:16:35 CHB 1914468?1628007390 第 1 次 获取到号码【1914468】GSD
2021-08-04 00:16:35 获取到号码【1914468】的GSD为【陕西-渭南】
2021-08-04 00:16:40 GSD insert 第 1 次 等待 3 秒
2021-08-04 00:16:43 {"status":"ok","gid":493529,"msg":"添加成功！"}
2021-08-04 00:16:43 下次操作: 2021-08-04 00:17:01

2021-08-04 00:17:01 开始第 20 次操作

2021-08-04 00:17:01 开始操作号码 【1914467】
2021-08-04 00:17:15 GSD getOne 第 1 次 等待 3 秒
2021-08-04 00:17:18 查询号码 【1914467】，返回信息 {"status":"bad","msg":""}
2021-08-04 00:17:19 查询号码 【1914467】，GSD为【""】
2021-08-04 00:17:19 bad
2021-08-04 00:17:21 CHB 1914467?1628007439 第 1 次 等待 3 秒
2021-08-04 00:17:24 CHB 1914467?1628007439 第 1 次 获取到号码【1914467】GSD
2021-08-04 00:17:24 获取到号码【1914467】的GSD为【陕西-安康】
2021-08-04 00:17:46 GSD insert 第 1 次 等待 3 秒
2021-08-04 00:17:49 {"status":"ok","gid":493535,"msg":"添加成功！"}
2021-08-04 00:17:49 下次操作: 2021-08-04 00:18:13

2021-08-04 00:18:13 开始第 21 次操作

2021-08-04 00:18:13 开始操作号码 【1914466】
2021-08-04 00:18:47 GSD getOne 第 1 次 等待 3 秒
2021-08-04 00:18:50 查询号码 【1914466】，返回信息 {"status":"bad","msg":""}
2021-08-04 00:18:50 查询号码 【1914466】，GSD为【""】
2021-08-04 00:18:50 bad
2021-08-04 00:18:52 CHB 1914466?1628007530 第 1 次 等待 3 秒
2021-08-04 00:18:55 CHB 1914466?1628007530 第 1 次 获取到号码【1914466】GSD
2021-08-04 00:18:55 获取到号码【1914466】的GSD为【陕西-西安】
2021-08-04 00:19:15 GSD insert 第 1 次 等待 3 秒
2021-08-04 00:19:18 {"status":"ok","gid":493542,"msg":"添加成功！"}
2021-08-04 00:19:18 下次操作: 2021-08-04 00:19:33

2021-08-04 00:19:33 开始第 22 次操作

2021-08-04 00:19:33 开始操作号码 【1914465】
2021-08-04 00:19:39 GSD getOne 第 1 次 等待 3 秒
2021-08-04 00:19:42 查询号码 【1914465】，返回信息 {"status":"bad","msg":""}
2021-08-04 00:19:42 查询号码 【1914465】，GSD为【""】
2021-08-04 00:19:42 bad
2021-08-04 00:19:43 CHB 1914465?1628007582 第 1 次 等待 3 秒
2021-08-04 00:19:46 CHB 1914465?1628007582 第 1 次 获取到号码【1914465】GSD
2021-08-04 00:19:47 获取到号码【1914465】的GSD为【陕西-西安】
2021-08-04 00:19:57 GSD insert 第 1 次 等待 3 秒
2021-08-04 00:20:00 {"status":"ok","gid":493546,"msg":"添加成功！"}
2021-08-04 00:20:00 下次操作: 2021-08-04 00:20:24

2021-08-04 00:20:24 开始第 23 次操作

2021-08-04 00:20:24 开始操作号码 【1914464】
2021-08-04 00:20:39 GSD getOne 第 1 次 等待 3 秒
2021-08-04 00:20:42 查询号码 【1914464】，返回信息 {"status":"bad","msg":""}
2021-08-04 00:20:43 查询号码 【1914464】，GSD为【""】
2021-08-04 00:20:43 bad
2021-08-04 00:20:44 CHB 1914464?1628007643 第 1 次 等待 3 秒
2021-08-04 00:20:47 CHB 1914464?1628007643 第 1 次 获取到号码【1914464】GSD
2021-08-04 00:20:47 获取到号码【1914464】的GSD为【陕西-西安】
2021-08-04 00:21:13 GSD insert 第 1 次 等待 3 秒
2021-08-04 00:21:16 {"status":"ok","gid":493552,"msg":"添加成功！"}
2021-08-04 00:21:16 下次操作: 2021-08-04 00:21:36

2021-08-04 00:21:36 开始第 24 次操作

2021-08-04 00:21:36 开始操作号码 【1914463】
2021-08-04 00:21:59 GSD getOne 第 1 次 等待 3 秒
2021-08-04 00:22:02 查询号码 【1914463】，返回信息 {"status":"bad","msg":""}
2021-08-04 00:22:02 查询号码 【1914463】，GSD为【""】
2021-08-04 00:22:02 bad
2021-08-04 00:22:04 CHB 1914463?1628007722 第 1 次 等待 3 秒
2021-08-04 00:22:07 CHB 1914463?1628007722 第 1 次 获取到号码【1914463】GSD
2021-08-04 00:22:07 获取到号码【1914463】的GSD为【陕西-西安】
2021-08-04 00:22:20 GSD insert 第 1 次 等待 3 秒
2021-08-04 00:22:23 {"status":"ok","gid":493559,"msg":"添加成功！"}
2021-08-04 00:22:23 下次操作: 2021-08-04 00:22:45

2021-08-04 00:22:45 开始第 25 次操作

2021-08-04 00:22:45 开始操作号码 【1914462】
2021-08-04 00:23:21 GSD getOne 第 1 次 等待 3 秒
2021-08-04 00:23:24 查询号码 【1914462】，返回信息 {"status":"bad","msg":""}
2021-08-04 00:23:24 查询号码 【1914462】，GSD为【""】
2021-08-04 00:23:24 bad
2021-08-04 00:23:27 CHB 1914462?1628007804 第 1 次 等待 3 秒
2021-08-04 00:23:30 CHB 1914462?1628007804 第 1 次 获取到号码【1914462】GSD
2021-08-04 00:23:30 获取到号码【1914462】的GSD为【陕西-西安】
2021-08-04 00:24:06 GSD insert 第 1 次 等待 3 秒
2021-08-04 00:24:09 {"status":"ok","gid":493568,"msg":"添加成功！"}
2021-08-04 00:24:09 下次操作: 2021-08-04 00:24:29

2021-08-04 00:24:29 开始第 26 次操作

2021-08-04 00:24:29 开始操作号码 【1914461】
2021-08-04 00:24:52 GSD getOne 第 1 次 等待 3 秒
2021-08-04 00:24:55 查询号码 【1914461】，返回信息 {"status":"bad","msg":""}
2021-08-04 00:24:55 查询号码 【1914461】，GSD为【""】
2021-08-04 00:24:55 bad
2021-08-04 00:24:59 CHB 1914461?1628007895 第 1 次 等待 3 秒
2021-08-04 00:25:02 CHB 1914461?1628007895 第 1 次 获取到号码【1914461】GSD
2021-08-04 00:25:02 获取到号码【1914461】的GSD为【陕西-西安】
2021-08-04 00:25:27 GSD insert 第 1 次 等待 3 秒
2021-08-04 00:25:30 {"status":"ok","gid":493575,"msg":"添加成功！"}
2021-08-04 00:25:30 下次操作: 2021-08-04 00:25:47

2021-08-04 00:25:47 开始第 27 次操作

2021-08-04 00:25:47 开始操作号码 【1914460】
2021-08-04 00:26:11 GSD getOne 第 1 次 等待 3 秒
2021-08-04 00:26:14 查询号码 【1914460】，返回信息 {"status":"bad","msg":""}
2021-08-04 00:26:15 查询号码 【1914460】，GSD为【""】
2021-08-04 00:26:15 bad
2021-08-04 00:26:16 CHB 1914460?1628007975 第 1 次 等待 3 秒
2021-08-04 00:26:19 CHB 1914460?1628007975 第 1 次 获取到号码【1914460】GSD
2021-08-04 00:26:19 获取到号码【1914460】的GSD为【陕西-咸阳】
2021-08-04 00:26:43 GSD insert 第 1 次 等待 3 秒
2021-08-04 00:26:46 {"status":"ok","gid":493581,"msg":"添加成功！"}
2021-08-04 00:26:46 下次操作: 2021-08-04 00:27:01

2021-08-04 00:27:01 开始第 28 次操作

2021-08-04 00:27:01 开始操作号码 【1914459】
2021-08-04 00:27:20 GSD getOne 第 1 次 等待 3 秒
2021-08-04 00:27:23 查询号码 【1914459】，返回信息 {"status":"bad","msg":""}
2021-08-04 00:27:23 查询号码 【1914459】，GSD为【""】
2021-08-04 00:27:23 bad
2021-08-04 00:27:25 CHB 1914459?1628008043 第 1 次 等待 3 秒
2021-08-04 00:27:28 CHB 1914459?1628008043 第 1 次 获取到号码【1914459】GSD
2021-08-04 00:27:28 获取到号码【1914459】的GSD为【吉林-长春】
2021-08-04 00:27:50 GSD insert 第 1 次 等待 3 秒
2021-08-04 00:27:53 {"status":"ok","gid":493590,"msg":"添加成功！"}
2021-08-04 00:27:53 下次操作: 2021-08-04 00:28:11

2021-08-04 00:28:11 开始第 29 次操作

2021-08-04 00:28:11 开始操作号码 【1914458】
2021-08-04 00:28:35 GSD getOne 第 1 次 等待 3 秒
2021-08-04 00:28:38 查询号码 【1914458】，返回信息 {"status":"bad","msg":""}
2021-08-04 00:28:38 查询号码 【1914458】，GSD为【""】
2021-08-04 00:28:38 bad
2021-08-04 00:28:40 CHB 1914458?1628008118 第 1 次 等待 3 秒
2021-08-04 00:28:43 CHB 1914458?1628008118 第 1 次 获取到号码【1914458】GSD
2021-08-04 00:28:43 获取到号码【1914458】的GSD为【吉林-松原】
2021-08-04 00:28:58 GSD insert 第 1 次 等待 3 秒
2021-08-04 00:29:01 {"status":"ok","gid":493599,"msg":"添加成功！"}
2021-08-04 00:29:01 下次操作: 2021-08-04 00:29:24

2021-08-04 00:29:24 开始第 30 次操作

2021-08-04 00:29:24 开始操作号码 【1914457】
2021-08-04 00:29:37 GSD getOne 第 1 次 等待 3 秒
2021-08-04 00:29:40 查询号码 【1914457】，返回信息 {"status":"bad","msg":""}
2021-08-04 00:29:41 查询号码 【1914457】，GSD为【""】
2021-08-04 00:29:41 bad
2021-08-04 00:29:43 CHB 1914457?1628008181 第 1 次 等待 3 秒
2021-08-04 00:29:46 CHB 1914457?1628008181 第 1 次 获取到号码【1914457】GSD
2021-08-04 00:29:46 获取到号码【1914457】的GSD为【吉林-长春】
2021-08-04 00:29:55 GSD insert 第 1 次 等待 3 秒
2021-08-04 00:29:58 {"status":"ok","gid":493605,"msg":"添加成功！"}
2021-08-04 00:29:58 下次操作: 2021-08-04 00:30:21

2021-08-04 00:30:21 开始第 31 次操作

2021-08-04 00:30:21 开始操作号码 【1914456】
2021-08-04 00:30:30 GSD getOne 第 1 次 等待 3 秒
2021-08-04 00:30:33 查询号码 【1914456】，返回信息 {"status":"bad","msg":""}
2021-08-04 00:30:33 查询号码 【1914456】，GSD为【""】
2021-08-04 00:30:33 bad
2021-08-04 00:30:35 CHB 1914456?1628008233 第 1 次 等待 3 秒
2021-08-04 00:30:38 CHB 1914456?1628008233 第 1 次 获取到号码【1914456】GSD
2021-08-04 00:30:38 获取到号码【1914456】的GSD为【吉林-长春】
2021-08-04 00:30:48 GSD insert 第 1 次 等待 3 秒
2021-08-04 00:30:51 {"status":"ok","gid":493608,"msg":"添加成功！"}
2021-08-04 00:30:51 下次操作: 2021-08-04 00:31:03

2021-08-04 00:31:03 开始第 32 次操作

2021-08-04 00:31:03 开始操作号码 【1914455】
2021-08-04 00:31:08 GSD getOne 第 1 次 等待 3 秒
2021-08-04 00:31:11 查询号码 【1914455】，返回信息 {"status":"bad","msg":""}
2021-08-04 00:31:11 查询号码 【1914455】，GSD为【""】
2021-08-04 00:31:11 bad
2021-08-04 00:31:13 CHB 1914455?1628008271 第 1 次 等待 3 秒
2021-08-04 00:31:16 CHB 1914455?1628008271 第 1 次 获取到号码【1914455】GSD
2021-08-04 00:31:16 获取到号码【1914455】的GSD为【吉林-四平】
2021-08-04 00:31:33 GSD insert 第 1 次 等待 3 秒
2021-08-04 00:31:36 {"status":"ok","gid":493612,"msg":"添加成功！"}
2021-08-04 00:31:36 下次操作: 2021-08-04 00:31:48

2021-08-04 00:31:48 开始第 33 次操作

2021-08-04 00:31:48 开始操作号码 【1914454】
2021-08-04 00:32:11 GSD getOne 第 1 次 等待 3 秒
2021-08-04 00:32:14 查询号码 【1914454】，返回信息 {"status":"bad","msg":""}
2021-08-04 00:32:14 查询号码 【1914454】，GSD为【""】
2021-08-04 00:32:14 bad
2021-08-04 00:32:16 CHB 1914454?1628008334 第 1 次 等待 3 秒
2021-08-04 00:32:19 CHB 1914454?1628008334 第 1 次 获取到号码【1914454】GSD
2021-08-04 00:32:19 获取到号码【1914454】的GSD为【吉林-长春】
2021-08-04 00:32:43 GSD insert 第 1 次 等待 3 秒
2021-08-04 00:32:46 {"status":"ok","gid":493618,"msg":"添加成功！"}
2021-08-04 00:32:46 下次操作: 2021-08-04 00:32:58

2021-08-04 00:32:58 开始第 34 次操作

2021-08-04 00:32:58 开始操作号码 【1914453】
2021-08-04 00:33:10 GSD getOne 第 1 次 等待 3 秒
2021-08-04 00:33:13 查询号码 【1914453】，返回信息 {"status":"bad","msg":""}
2021-08-04 00:33:14 查询号码 【1914453】，GSD为【""】
2021-08-04 00:33:14 bad
2021-08-04 00:33:15 CHB 1914453?1628008394 第 1 次 等待 3 秒
2021-08-04 00:33:18 CHB 1914453?1628008394 第 1 次 获取到号码【1914453】GSD
2021-08-04 00:33:18 获取到号码【1914453】的GSD为【吉林-吉林】
2021-08-04 00:33:24 GSD insert 第 1 次 等待 3 秒
2021-08-04 00:33:27 {"status":"ok","gid":493623,"msg":"添加成功！"}
2021-08-04 00:33:27 下次操作: 2021-08-04 00:33:44

2021-08-04 00:33:44 开始第 35 次操作

2021-08-04 00:33:44 开始操作号码 【1914452】
2021-08-04 00:33:54 GSD getOne 第 1 次 等待 3 秒
2021-08-04 00:33:57 查询号码 【1914452】，返回信息 {"status":"bad","msg":""}
2021-08-04 00:33:58 查询号码 【1914452】，GSD为【""】
2021-08-04 00:33:58 bad
2021-08-04 00:34:00 CHB 1914452?1628008438 第 1 次 等待 3 秒
2021-08-04 00:34:03 CHB 1914452?1628008438 第 1 次 获取到号码【1914452】GSD
2021-08-04 00:34:03 获取到号码【1914452】的GSD为【吉林-吉林】
2021-08-04 00:34:23 GSD insert 第 1 次 等待 3 秒
2021-08-04 00:34:26 {"status":"ok","gid":493629,"msg":"添加成功！"}
2021-08-04 00:34:26 下次操作: 2021-08-04 00:34:45

2021-08-04 00:34:45 开始第 36 次操作

2021-08-04 00:34:45 开始操作号码 【1914451】
2021-08-04 00:35:04 GSD getOne 第 1 次 等待 3 秒
2021-08-04 00:35:07 查询号码 【1914451】，返回信息 {"status":"bad","msg":""}
2021-08-04 00:35:07 查询号码 【1914451】，GSD为【""】
2021-08-04 00:35:07 bad
2021-08-04 00:35:09 CHB 1914451?1628008507 第 1 次 等待 3 秒
2021-08-04 00:35:12 CHB 1914451?1628008507 第 1 次 获取到号码【1914451】GSD
2021-08-04 00:35:12 获取到号码【1914451】的GSD为【吉林-长春】
2021-08-04 00:35:26 GSD insert 第 1 次 等待 3 秒
2021-08-04 00:35:29 {"status":"ok","gid":493635,"msg":"添加成功！"}
2021-08-04 00:35:29 下次操作: 2021-08-04 00:35:41

2021-08-04 00:35:41 开始第 37 次操作

2021-08-04 00:35:41 开始操作号码 【1914450】
2021-08-04 00:35:56 GSD getOne 第 1 次 等待 3 秒
2021-08-04 00:35:59 查询号码 【1914450】，返回信息 {"status":"bad","msg":""}
2021-08-04 00:35:59 查询号码 【1914450】，GSD为【""】
2021-08-04 00:35:59 bad
2021-08-04 00:36:01 CHB 1914450?1628008559 第 1 次 等待 3 秒
2021-08-04 00:36:04 CHB 1914450?1628008559 第 1 次 获取到号码【1914450】GSD
2021-08-04 00:36:05 获取到号码【1914450】的GSD为【吉林-长春】
2021-08-04 00:36:33 GSD insert 第 1 次 等待 3 秒
2021-08-04 00:36:36 {"status":"ok","gid":493641,"msg":"添加成功！"}
2021-08-04 00:36:36 下次操作: 2021-08-04 00:36:51

2021-08-04 00:36:51 开始第 38 次操作

2021-08-04 00:36:51 开始操作号码 【1914449】
2021-08-04 00:37:04 GSD getOne 第 1 次 等待 3 秒
2021-08-04 00:37:07 查询号码 【1914449】，返回信息 {"status":"bad","msg":""}
2021-08-04 00:37:07 查询号码 【1914449】，GSD为【""】
2021-08-04 00:37:07 bad
2021-08-04 00:37:09 CHB 1914449?1628008627 第 1 次 等待 3 秒
2021-08-04 00:37:12 CHB 1914449?1628008627 第 1 次 获取到号码【1914449】GSD
2021-08-04 00:37:12 获取到号码【1914449】的GSD为【江西-赣州】
2021-08-04 00:38:17 GSD insert 第 1 次 等待 3 秒
2021-08-04 00:38:20 {"status":"ok","gid":493650,"msg":"添加成功！"}
2021-08-04 00:38:20 下次操作: 2021-08-04 00:38:44

2021-08-04 00:38:44 开始第 39 次操作

2021-08-04 00:38:44 开始操作号码 【1914448】
2021-08-04 00:39:04 GSD getOne 第 1 次 等待 3 秒
2021-08-04 00:39:07 查询号码 【1914448】，返回信息 {"status":"bad","msg":""}
2021-08-04 00:39:07 查询号码 【1914448】，GSD为【""】
2021-08-04 00:39:07 bad
2021-08-04 00:39:09 CHB 1914448?1628008747 第 1 次 等待 3 秒
2021-08-04 00:39:12 CHB 1914448?1628008747 第 1 次 获取到号码【1914448】GSD
2021-08-04 00:39:12 获取到号码【1914448】的GSD为【江西-赣州】
2021-08-04 00:39:25 GSD insert 第 1 次 等待 3 秒
2021-08-04 00:39:28 {"status":"ok","gid":493656,"msg":"添加成功！"}
2021-08-04 00:39:28 下次操作: 2021-08-04 00:39:43

2021-08-04 00:39:43 开始第 40 次操作

2021-08-04 00:39:43 开始操作号码 【1914447】
2021-08-04 00:39:58 GSD getOne 第 1 次 等待 3 秒
2021-08-04 00:40:01 查询号码 【1914447】，返回信息 {"status":"bad","msg":""}
2021-08-04 00:40:01 查询号码 【1914447】，GSD为【""】
2021-08-04 00:40:01 bad
2021-08-04 00:40:03 CHB 1914447?1628008801 第 1 次 等待 3 秒
2021-08-04 00:40:06 CHB 1914447?1628008801 第 1 次 获取到号码【1914447】GSD
2021-08-04 00:40:06 获取到号码【1914447】的GSD为【江西-赣州】
2021-08-04 00:40:38 GSD insert 第 1 次 等待 3 秒
2021-08-04 00:40:41 {"status":"ok","gid":493660,"msg":"添加成功！"}

2021-08-04 01:10:27 开始第 1 次操作

2021-08-04 01:10:27 开始操作号码 【1914446】
2021-08-04 01:10:39 GSD getOne 第 1 次 等待 3 秒
2021-08-04 01:10:42 查询号码 【1914446】，返回信息 {"status":"bad","msg":""}
2021-08-04 01:10:42 查询号码 【1914446】，GSD为【""】
2021-08-04 01:10:42 bad
2021-08-04 01:10:45 CHB 1914446?1628010642 第 1 次 等待 3 秒
2021-08-04 01:10:48 CHB 1914446?1628010642 第 1 次 获取到号码【1914446】GSD
2021-08-04 01:10:48 获取到号码【1914446】的GSD为【江西-吉安】
2021-08-04 01:11:08 GSD insert 第 1 次 等待 3 秒
2021-08-04 01:11:11 {"status":"ok","gid":493690,"msg":"添加成功！"}
2021-08-04 01:11:11 下次操作: 2021-08-04 01:11:35

2021-08-04 01:11:35 开始第 2 次操作

2021-08-04 01:11:35 开始操作号码 【1914445】
2021-08-04 01:11:51 GSD getOne 第 1 次 等待 3 秒
2021-08-04 01:11:54 查询号码 【1914445】，返回信息 {"status":"bad","msg":""}
2021-08-04 01:11:54 查询号码 【1914445】，GSD为【""】
2021-08-04 01:11:54 bad
2021-08-04 01:11:57 CHB 1914445?1628010714 第 1 次 等待 3 秒
2021-08-04 01:12:00 CHB 1914445?1628010714 第 1 次 获取到号码【1914445】GSD
2021-08-04 01:12:00 获取到号码【1914445】的GSD为【江西-宜春】
2021-08-04 01:12:13 GSD insert 第 1 次 等待 3 秒
2021-08-04 01:12:16 {"status":"ok","gid":493694,"msg":"添加成功！"}
2021-08-04 01:12:16 下次操作: 2021-08-04 01:12:40

2021-08-04 01:12:40 开始第 3 次操作

2021-08-04 01:12:40 开始操作号码 【1914444】
2021-08-04 01:12:54 GSD getOne 第 1 次 等待 3 秒
2021-08-04 01:12:57 查询号码 【1914444】，返回信息 {"status":"bad","msg":""}
2021-08-04 01:12:57 查询号码 【1914444】，GSD为【""】
2021-08-04 01:12:57 bad
2021-08-04 01:12:59 CHB 1914444?1628010777 第 1 次 等待 3 秒
2021-08-04 01:13:02 CHB 1914444?1628010777 第 1 次 获取到号码【1914444】GSD
2021-08-04 01:13:02 获取到号码【1914444】的GSD为【江西-抚州】
2021-08-04 01:13:45 GSD insert 第 1 次 等待 3 秒
2021-08-04 01:13:48 {"status":"ok","gid":493699,"msg":"添加成功！"}
2021-08-04 01:13:48 下次操作: 2021-08-04 01:14:07

2021-08-04 01:14:07 开始第 4 次操作

2021-08-04 01:14:07 开始操作号码 【1914443】
2021-08-04 01:14:33 GSD getOne 第 1 次 等待 3 秒
2021-08-04 01:14:36 查询号码 【1914443】，返回信息 {"status":"bad","msg":""}
2021-08-04 01:14:36 查询号码 【1914443】，GSD为【""】
2021-08-04 01:14:36 bad
2021-08-04 01:14:39 CHB 1914443?1628010876 第 1 次 等待 3 秒
2021-08-04 01:14:42 CHB 1914443?1628010876 第 1 次 获取到号码【1914443】GSD
2021-08-04 01:14:42 获取到号码【1914443】的GSD为【江西-上饶】
2021-08-04 01:15:20 GSD insert 第 1 次 等待 3 秒
2021-08-04 01:15:23 {"status":"ok","gid":493704,"msg":"添加成功！"}
2021-08-04 01:15:23 下次操作: 2021-08-04 01:15:41

2021-08-04 01:15:41 开始第 5 次操作

2021-08-04 01:15:41 开始操作号码 【1914442】
2021-08-04 01:15:53 GSD getOne 第 1 次 等待 3 秒
2021-08-04 01:15:56 查询号码 【1914442】，返回信息 {"status":"bad","msg":""}
2021-08-04 01:15:56 查询号码 【1914442】，GSD为【""】
2021-08-04 01:15:56 bad
2021-08-04 01:15:58 CHB 1914442?1628010956 第 1 次 等待 3 秒
2021-08-04 01:16:01 CHB 1914442?1628010956 第 1 次 获取到号码【1914442】GSD
2021-08-04 01:16:01 获取到号码【1914442】的GSD为【江西-九江】
2021-08-04 01:16:17 GSD insert 第 1 次 等待 3 秒
2021-08-04 01:16:20 {"status":"ok","gid":493708,"msg":"添加成功！"}
2021-08-04 01:16:20 下次操作: 2021-08-04 01:16:32

2021-08-04 01:16:32 开始第 6 次操作

2021-08-04 01:16:32 开始操作号码 【1914441】
2021-08-04 01:16:45 GSD getOne 第 1 次 等待 3 秒
2021-08-04 01:16:48 查询号码 【1914441】，返回信息 {"status":"bad","msg":""}
2021-08-04 01:16:48 查询号码 【1914441】，GSD为【""】
2021-08-04 01:16:48 bad
2021-08-04 01:16:51 CHB 1914441?1628011008 第 1 次 等待 3 秒
2021-08-04 01:16:54 CHB 1914441?1628011008 第 1 次 获取到号码【1914441】GSD
2021-08-04 01:16:54 获取到号码【1914441】的GSD为【江西-南昌】
2021-08-04 01:17:09 GSD insert 第 1 次 等待 3 秒
2021-08-04 01:17:12 {"status":"ok","gid":493711,"msg":"添加成功！"}
2021-08-04 01:17:12 下次操作: 2021-08-04 01:17:30

2021-08-04 01:17:30 开始第 7 次操作

2021-08-04 01:17:30 开始操作号码 【1914440】
2021-08-04 01:17:49 GSD getOne 第 1 次 等待 3 秒
2021-08-04 01:17:52 查询号码 【1914440】，返回信息 {"status":"bad","msg":""}
2021-08-04 01:17:52 查询号码 【1914440】，GSD为【""】
2021-08-04 01:17:52 bad
2021-08-04 01:17:58 CHB 1914440?1628011072 第 1 次 等待 3 秒
2021-08-04 01:18:01 CHB 1914440?1628011072 第 1 次 获取到号码【1914440】GSD
2021-08-04 01:18:01 获取到号码【1914440】的GSD为【江西-南昌】
2021-08-04 01:18:33 GSD insert 第 1 次 等待 3 秒
2021-08-04 01:18:36 {"status":"ok","gid":493716,"msg":"添加成功！"}
2021-08-04 01:18:36 下次操作: 2021-08-04 01:18:52

2021-08-04 01:18:52 开始第 8 次操作

2021-08-04 01:18:52 开始操作号码 【1914439】
2021-08-04 01:19:36 GSD getOne 第 1 次 等待 3 秒
2021-08-04 01:19:39 查询号码 【1914439】，返回信息 {"status":"bad","msg":""}
2021-08-04 01:19:39 查询号码 【1914439】，GSD为【""】
2021-08-04 01:19:39 bad
2021-08-04 01:19:41 CHB 1914439?1628011179 第 1 次 等待 3 秒
2021-08-04 01:19:44 CHB 1914439?1628011179 第 1 次 获取到号码【1914439】GSD
2021-08-04 01:19:44 获取到号码【1914439】的GSD为【广西-桂林】
2021-08-04 01:20:24 GSD insert 第 1 次 等待 3 秒
2021-08-04 01:20:27 {"status":"ok","gid":493722,"msg":"添加成功！"}
2021-08-04 01:20:27 下次操作: 2021-08-04 01:20:51

2021-08-04 01:20:51 开始第 9 次操作

2021-08-04 01:20:51 开始操作号码 【1914438】
2021-08-04 01:21:10 GSD getOne 第 1 次 等待 3 秒
2021-08-04 01:21:13 查询号码 【1914438】，返回信息 {"status":"bad","msg":""}
2021-08-04 01:21:13 查询号码 【1914438】，GSD为【""】
2021-08-04 01:21:13 bad
2021-08-04 01:21:19 CHB 1914438?1628011273 第 1 次 等待 3 秒
2021-08-04 01:21:22 CHB 1914438?1628011273 第 1 次 获取到号码【1914438】GSD
2021-08-04 01:21:22 获取到号码【1914438】的GSD为【广西-桂林】
2021-08-04 01:21:42 GSD insert 第 1 次 等待 3 秒
2021-08-04 01:21:45 {"status":"ok","gid":493727,"msg":"添加成功！"}
2021-08-04 01:21:45 下次操作: 2021-08-04 01:22:09

2021-08-04 01:22:09 开始第 10 次操作

2021-08-04 01:22:09 开始操作号码 【1914437】
2021-08-04 01:22:41 GSD getOne 第 1 次 等待 3 秒
2021-08-04 01:22:44 查询号码 【1914437】，返回信息 {"status":"bad","msg":""}
2021-08-04 01:22:44 查询号码 【1914437】，GSD为【""】
2021-08-04 01:22:44 bad
2021-08-04 01:22:47 CHB 1914437?1628011364 第 1 次 等待 3 秒
2021-08-04 01:22:50 CHB 1914437?1628011364 第 1 次 获取到号码【1914437】GSD
2021-08-04 01:22:50 获取到号码【1914437】的GSD为【广西-桂林】
2021-08-04 01:22:57 GSD insert 第 1 次 等待 3 秒
2021-08-04 01:23:00 {"status":"ok","gid":493732,"msg":"添加成功！"}
2021-08-04 01:23:00 下次操作: 2021-08-04 01:23:20

2021-08-04 01:23:20 开始第 11 次操作

2021-08-04 01:23:20 开始操作号码 【1914436】
2021-08-04 01:23:31 GSD getOne 第 1 次 等待 3 秒
2021-08-04 01:23:34 查询号码 【1914436】，返回信息 {"status":"bad","msg":""}
2021-08-04 01:23:34 查询号码 【1914436】，GSD为【""】
2021-08-04 01:23:34 bad
2021-08-04 01:23:38 CHB 1914436?1628011414 第 1 次 等待 3 秒
2021-08-04 01:23:41 CHB 1914436?1628011414 第 1 次 获取到号码【1914436】GSD
2021-08-04 01:23:41 获取到号码【1914436】的GSD为【广西-桂林】
2021-08-04 01:23:52 GSD insert 第 1 次 等待 3 秒
2021-08-04 01:23:55 {"status":"ok","gid":493734,"msg":"添加成功！"}
2021-08-04 01:23:55 下次操作: 2021-08-04 01:24:19

2021-08-04 01:24:19 开始第 12 次操作

2021-08-04 01:24:19 开始操作号码 【1914435】
2021-08-04 01:24:50 GSD getOne 第 1 次 等待 3 秒
2021-08-04 01:24:53 查询号码 【1914435】，返回信息 {"status":"bad","msg":""}
2021-08-04 01:24:53 查询号码 【1914435】，GSD为【""】
2021-08-04 01:24:53 bad
2021-08-04 01:24:55 CHB 1914435?1628011493 第 1 次 等待 3 秒
2021-08-04 01:24:58 CHB 1914435?1628011493 第 1 次 获取到号码【1914435】GSD
2021-08-04 01:24:58 获取到号码【1914435】的GSD为【广西-桂林】
2021-08-04 01:25:15 GSD insert 第 1 次 等待 3 秒
2021-08-04 01:25:18 {"status":"ok","gid":493741,"msg":"添加成功！"}
2021-08-04 01:25:18 下次操作: 2021-08-04 01:25:30

2021-08-04 01:25:30 开始第 13 次操作

2021-08-04 01:25:30 开始操作号码 【1914434】
2021-08-04 01:25:46 GSD getOne 第 1 次 等待 3 秒
2021-08-04 01:25:49 查询号码 【1914434】，返回信息 {"status":"bad","msg":""}
2021-08-04 01:25:49 查询号码 【1914434】，GSD为【""】
2021-08-04 01:25:49 bad
2021-08-04 01:25:51 CHB 1914434?1628011549 第 1 次 等待 3 秒
2021-08-04 01:25:54 CHB 1914434?1628011549 第 1 次 获取到号码【1914434】GSD
2021-08-04 01:25:54 获取到号码【1914434】的GSD为【广西-桂林】
2021-08-04 01:26:12 GSD insert 第 1 次 等待 3 秒
2021-08-04 01:26:15 {"status":"ok","gid":493743,"msg":"添加成功！"}
2021-08-04 01:26:15 下次操作: 2021-08-04 01:26:37

2021-08-04 01:26:37 开始第 14 次操作

2021-08-04 01:26:37 开始操作号码 【1914433】
2021-08-04 01:26:52 GSD getOne 第 1 次 等待 3 秒
2021-08-04 01:26:55 查询号码 【1914433】，返回信息 {"status":"bad","msg":""}
2021-08-04 01:26:55 查询号码 【1914433】，GSD为【""】
2021-08-04 01:26:55 bad
2021-08-04 01:26:57 CHB 1914433?1628011615 第 1 次 等待 3 秒
2021-08-04 01:27:00 CHB 1914433?1628011615 第 1 次 获取到号码【1914433】GSD
2021-08-04 01:27:00 获取到号码【1914433】的GSD为【广西-桂林】
2021-08-04 01:27:16 GSD insert 第 1 次 等待 3 秒
2021-08-04 01:27:19 {"status":"ok","gid":493748,"msg":"添加成功！"}
2021-08-04 01:27:19 下次操作: 2021-08-04 01:27:34

2021-08-04 01:27:34 开始第 15 次操作

2021-08-04 01:27:34 开始操作号码 【1914432】
2021-08-04 01:28:05 GSD getOne 第 1 次 等待 3 秒
2021-08-04 01:28:08 查询号码 【1914432】，返回信息 {"status":"bad","msg":""}
2021-08-04 01:28:08 查询号码 【1914432】，GSD为【""】
2021-08-04 01:28:08 bad
2021-08-04 01:28:10 CHB 1914432?1628011688 第 1 次 等待 3 秒
2021-08-04 01:28:13 CHB 1914432?1628011688 第 1 次 获取到号码【1914432】GSD
2021-08-04 01:28:13 获取到号码【1914432】的GSD为【广西-桂林】
2021-08-04 01:28:34 GSD insert 第 1 次 等待 3 秒
2021-08-04 01:28:37 {"status":"ok","gid":493752,"msg":"添加成功！"}
2021-08-04 01:28:37 下次操作: 2021-08-04 01:28:50

2021-08-04 01:28:50 开始第 16 次操作

2021-08-04 01:28:50 开始操作号码 【1914431】
2021-08-04 01:29:06 GSD getOne 第 1 次 等待 3 秒
2021-08-04 01:29:09 查询号码 【1914431】，返回信息 {"status":"bad","msg":""}
2021-08-04 01:29:10 查询号码 【1914431】，GSD为【""】
2021-08-04 01:29:10 bad
2021-08-04 01:29:12 CHB 1914431?1628011750 第 1 次 等待 3 秒
2021-08-04 01:29:15 CHB 1914431?1628011750 第 1 次 获取到号码【1914431】GSD
2021-08-04 01:29:15 获取到号码【1914431】的GSD为【广西-桂林】
2021-08-04 01:29:39 GSD insert 第 1 次 等待 3 秒
2021-08-04 01:29:42 {"status":"ok","gid":493757,"msg":"添加成功！"}
2021-08-04 01:29:42 下次操作: 2021-08-04 01:30:04

2021-08-04 01:30:04 开始第 17 次操作

2021-08-04 01:30:04 开始操作号码 【1914430】
2021-08-04 01:30:33 GSD getOne 第 1 次 等待 3 秒
2021-08-04 01:30:36 查询号码 【1914430】，返回信息 {"status":"bad","msg":""}
2021-08-04 01:30:36 查询号码 【1914430】，GSD为【""】
2021-08-04 01:30:36 bad
2021-08-04 01:30:38 CHB 1914430?1628011836 第 1 次 等待 3 秒
2021-08-04 01:30:41 CHB 1914430?1628011836 第 1 次 获取到号码【1914430】GSD
2021-08-04 01:30:41 获取到号码【1914430】的GSD为【广西-桂林】
2021-08-04 01:31:03 GSD insert 第 1 次 等待 3 秒
2021-08-04 01:31:06 {"status":"ok","gid":493760,"msg":"添加成功！"}
2021-08-04 01:31:06 下次操作: 2021-08-04 01:31:30

2021-08-04 01:31:30 开始第 18 次操作

2021-08-04 01:31:30 开始操作号码 【1914429】
2021-08-04 01:32:08 GSD getOne 第 1 次 等待 3 秒
2021-08-04 01:32:11 查询号码 【1914429】，返回信息 {"status":"bad","msg":""}
2021-08-04 01:32:11 查询号码 【1914429】，GSD为【""】
2021-08-04 01:32:11 bad
2021-08-04 01:32:13 CHB 1914429?1628011931 第 1 次 等待 3 秒
2021-08-04 01:32:16 CHB 1914429?1628011931 第 1 次 获取到号码【1914429】GSD
2021-08-04 01:32:16 获取到号码【1914429】的GSD为【广西-桂林】
2021-08-04 01:32:55 GSD insert 第 1 次 等待 3 秒
2021-08-04 01:32:58 {"status":"ok","gid":493766,"msg":"添加成功！"}
2021-08-04 01:32:58 下次操作: 2021-08-04 01:33:20

2021-08-04 01:33:20 开始第 19 次操作

2021-08-04 01:33:20 开始操作号码 【1914428】
2021-08-04 01:33:36 GSD getOne 第 1 次 等待 3 秒
2021-08-04 01:33:39 查询号码 【1914428】，返回信息 {"status":"bad","msg":""}
2021-08-04 01:33:40 查询号码 【1914428】，GSD为【""】
2021-08-04 01:33:40 bad
2021-08-04 01:33:47 CHB 1914428?1628012020 第 1 次 等待 3 秒
2021-08-04 01:33:50 CHB 1914428?1628012020 第 1 次 获取到号码【1914428】GSD
2021-08-04 01:33:50 获取到号码【1914428】的GSD为【广西-桂林】
2021-08-04 01:34:09 GSD insert 第 1 次 等待 3 秒
2021-08-04 01:34:12 {"status":"ok","gid":493770,"msg":"添加成功！"}
2021-08-04 01:34:12 下次操作: 2021-08-04 01:34:27

2021-08-04 01:34:27 开始第 20 次操作

2021-08-04 01:34:27 开始操作号码 【1914427】
2021-08-04 01:35:02 GSD getOne 第 1 次 等待 3 秒
2021-08-04 01:35:05 查询号码 【1914427】，返回信息 {"status":"bad","msg":""}
2021-08-04 01:35:05 查询号码 【1914427】，GSD为【""】
2021-08-04 01:35:05 bad
2021-08-04 01:35:11 CHB 1914427?1628012105 第 1 次 等待 3 秒
2021-08-04 01:35:14 CHB 1914427?1628012105 第 1 次 获取到号码【1914427】GSD
2021-08-04 01:35:14 获取到号码【1914427】的GSD为【广西-桂林】
2021-08-04 01:35:28 GSD insert 第 1 次 等待 3 秒
2021-08-04 01:35:31 {"status":"ok","gid":493774,"msg":"添加成功！"}
2021-08-04 01:35:31 下次操作: 2021-08-04 01:35:55

2021-08-04 01:35:55 开始第 21 次操作

2021-08-04 01:35:55 开始操作号码 【1914426】
2021-08-04 01:36:20 GSD getOne 第 1 次 等待 3 秒
2021-08-04 01:36:23 查询号码 【1914426】，返回信息 {"status":"bad","msg":""}
2021-08-04 01:36:23 查询号码 【1914426】，GSD为【""】
2021-08-04 01:36:23 bad
2021-08-04 01:36:25 CHB 1914426?1628012183 第 1 次 等待 3 秒
2021-08-04 01:36:28 CHB 1914426?1628012183 第 1 次 获取到号码【1914426】GSD
2021-08-04 01:36:28 获取到号码【1914426】的GSD为【广西-桂林】
2021-08-04 01:36:45 GSD insert 第 1 次 等待 3 秒
2021-08-04 01:36:48 {"status":"ok","gid":493779,"msg":"添加成功！"}
2021-08-04 01:36:48 下次操作: 2021-08-04 01:37:00

2021-08-04 01:37:00 开始第 22 次操作

2021-08-04 01:37:00 开始操作号码 【1914425】
2021-08-04 01:37:16 GSD getOne 第 1 次 等待 3 秒
2021-08-04 01:37:19 查询号码 【1914425】，返回信息 {"status":"bad","msg":""}
2021-08-04 01:37:19 查询号码 【1914425】，GSD为【""】
2021-08-04 01:37:19 bad
2021-08-04 01:37:21 CHB 1914425?1628012239 第 1 次 等待 3 秒
2021-08-04 01:37:24 CHB 1914425?1628012239 第 1 次 获取到号码【1914425】GSD
2021-08-04 01:37:24 获取到号码【1914425】的GSD为【广西-桂林】
2021-08-04 01:37:36 GSD insert 第 1 次 等待 3 秒
2021-08-04 01:37:39 {"status":"ok","gid":493782,"msg":"添加成功！"}
2021-08-04 01:37:39 下次操作: 2021-08-04 01:37:53

2021-08-04 01:37:53 开始第 23 次操作

2021-08-04 01:37:53 开始操作号码 【1914424】
2021-08-04 01:38:25 GSD getOne 第 1 次 等待 3 秒
2021-08-04 01:38:28 查询号码 【1914424】，返回信息 {"status":"bad","msg":""}
2021-08-04 01:38:29 查询号码 【1914424】，GSD为【""】
2021-08-04 01:38:29 bad
2021-08-04 01:38:30 CHB 1914424?1628012309 第 1 次 等待 3 秒
2021-08-04 01:38:33 CHB 1914424?1628012309 第 1 次 获取到号码【1914424】GSD
2021-08-04 01:38:33 获取到号码【1914424】的GSD为【广西-桂林】
2021-08-04 01:38:51 GSD insert 第 1 次 等待 3 秒
2021-08-04 01:38:54 {"status":"ok","gid":493785,"msg":"添加成功！"}
2021-08-04 01:38:54 下次操作: 2021-08-04 01:39:15

2021-08-04 01:39:15 开始第 24 次操作

2021-08-04 01:39:15 开始操作号码 【1914423】
2021-08-04 01:39:33 GSD getOne 第 1 次 等待 3 秒
2021-08-04 01:39:36 查询号码 【1914423】，返回信息 {"status":"bad","msg":""}
2021-08-04 01:39:36 查询号码 【1914423】，GSD为【""】
2021-08-04 01:39:36 bad
2021-08-04 01:39:37 CHB 1914423?1628012376 第 1 次 等待 3 秒
2021-08-04 01:39:40 CHB 1914423?1628012376 第 1 次 获取到号码【1914423】GSD
2021-08-04 01:39:41 获取到号码【1914423】的GSD为【广西-桂林】
2021-08-04 01:40:10 GSD insert 第 1 次 等待 3 秒
2021-08-04 01:40:13 {"status":"ok","gid":493791,"msg":"添加成功！"}
2021-08-04 01:40:13 下次操作: 2021-08-04 01:40:37

2021-08-04 01:40:37 开始第 25 次操作

2021-08-04 01:40:37 开始操作号码 【1914422】
2021-08-04 01:41:12 GSD getOne 第 1 次 等待 3 秒
2021-08-04 01:41:15 查询号码 【1914422】，返回信息 {"status":"bad","msg":""}
2021-08-04 01:41:15 查询号码 【1914422】，GSD为【""】
2021-08-04 01:41:15 bad
2021-08-04 01:41:17 CHB 1914422?1628012475 第 1 次 等待 3 秒
2021-08-04 01:41:20 CHB 1914422?1628012475 第 1 次 获取到号码【1914422】GSD
2021-08-04 01:41:20 获取到号码【1914422】的GSD为【广西-桂林】
2021-08-04 01:41:42 GSD insert 第 1 次 等待 3 秒
2021-08-04 01:41:45 {"status":"ok","gid":493796,"msg":"添加成功！"}
2021-08-04 01:41:45 下次操作: 2021-08-04 01:42:02

2021-08-04 01:42:02 开始第 26 次操作

2021-08-04 01:42:02 开始操作号码 【1914421】
2021-08-04 01:42:18 GSD getOne 第 1 次 等待 3 秒
2021-08-04 01:42:21 查询号码 【1914421】，返回信息 {"status":"bad","msg":""}
2021-08-04 01:42:21 查询号码 【1914421】，GSD为【""】
2021-08-04 01:42:21 bad
2021-08-04 01:42:23 CHB 1914421?1628012541 第 1 次 等待 3 秒
2021-08-04 01:42:26 CHB 1914421?1628012541 第 1 次 获取到号码【1914421】GSD
2021-08-04 01:42:26 获取到号码【1914421】的GSD为【广西-桂林】
2021-08-04 01:42:41 GSD insert 第 1 次 等待 3 秒
2021-08-04 01:42:44 {"status":"ok","gid":493801,"msg":"添加成功！"}
2021-08-04 01:42:44 下次操作: 2021-08-04 01:42:57

2021-08-04 01:42:57 开始第 27 次操作

2021-08-04 01:42:57 开始操作号码 【1914420】
2021-08-04 01:43:19 GSD getOne 第 1 次 等待 3 秒
2021-08-04 01:43:22 查询号码 【1914420】，返回信息 {"status":"bad","msg":""}
2021-08-04 01:43:23 查询号码 【1914420】，GSD为【""】
2021-08-04 01:43:23 bad
2021-08-04 01:43:24 CHB 1914420?1628012603 第 1 次 等待 3 秒
2021-08-04 01:43:27 CHB 1914420?1628012603 第 1 次 获取到号码【1914420】GSD
2021-08-04 01:43:27 获取到号码【1914420】的GSD为【广西-桂林】
2021-08-04 01:43:55 GSD insert 第 1 次 等待 3 秒
2021-08-04 01:43:58 {"status":"ok","gid":493804,"msg":"添加成功！"}
2021-08-04 01:43:58 下次操作: 2021-08-04 01:44:12

2021-08-04 01:44:12 开始第 28 次操作

2021-08-04 01:44:12 开始操作号码 【1914419】
2021-08-04 01:44:33 GSD getOne 第 1 次 等待 3 秒
2021-08-04 01:44:36 查询号码 【1914419】，返回信息 {"status":"bad","msg":""}
2021-08-04 01:44:36 查询号码 【1914419】，GSD为【""】
2021-08-04 01:44:36 bad
2021-08-04 01:44:38 CHB 1914419?1628012676 第 1 次 等待 3 秒
2021-08-04 01:44:41 CHB 1914419?1628012676 第 1 次 获取到号码【1914419】GSD
2021-08-04 01:44:41 获取到号码【1914419】的GSD为【重庆-重庆】
2021-08-04 01:45:02 GSD insert 第 1 次 等待 3 秒
2021-08-04 01:45:05 {"status":"ok","gid":493810,"msg":"添加成功！"}
2021-08-04 01:45:05 下次操作: 2021-08-04 01:45:25

2021-08-04 01:45:25 开始第 29 次操作

2021-08-04 01:45:25 开始操作号码 【1914418】
2021-08-04 01:45:37 GSD getOne 第 1 次 等待 3 秒
2021-08-04 01:45:40 查询号码 【1914418】，返回信息 {"status":"bad","msg":""}
2021-08-04 01:45:40 查询号码 【1914418】，GSD为【""】
2021-08-04 01:45:40 bad
2021-08-04 01:45:42 CHB 1914418?1628012740 第 1 次 等待 3 秒
2021-08-04 01:45:45 CHB 1914418?1628012740 第 1 次 获取到号码【1914418】GSD
2021-08-04 01:45:46 获取到号码【1914418】的GSD为【重庆-重庆】
2021-08-04 01:45:55 GSD insert 第 1 次 等待 3 秒
2021-08-04 01:45:58 {"status":"ok","gid":493812,"msg":"添加成功！"}
2021-08-04 01:45:58 下次操作: 2021-08-04 01:46:21

2021-08-04 01:46:21 开始第 30 次操作

2021-08-04 01:46:21 开始操作号码 【1914417】
2021-08-04 01:46:43 GSD getOne 第 1 次 等待 3 秒
2021-08-04 01:46:46 查询号码 【1914417】，返回信息 {"status":"bad","msg":""}
2021-08-04 01:46:46 查询号码 【1914417】，GSD为【""】
2021-08-04 01:46:46 bad
2021-08-04 01:46:48 CHB 1914417?1628012806 第 1 次 等待 3 秒
2021-08-04 01:46:51 CHB 1914417?1628012806 第 1 次 获取到号码【1914417】GSD
2021-08-04 01:46:51 获取到号码【1914417】的GSD为【重庆-重庆】
2021-08-04 01:47:18 GSD insert 第 1 次 等待 3 秒
2021-08-04 01:47:21 {"status":"ok","gid":493817,"msg":"添加成功！"}
2021-08-04 01:47:21 下次操作: 2021-08-04 01:47:42

2021-08-04 01:47:42 开始第 31 次操作

2021-08-04 01:47:42 开始操作号码 【1914416】
2021-08-04 01:48:06 GSD getOne 第 1 次 等待 3 秒
2021-08-04 01:48:09 查询号码 【1914416】，返回信息 {"status":"bad","msg":""}
2021-08-04 01:48:09 查询号码 【1914416】，GSD为【""】
2021-08-04 01:48:09 bad
2021-08-04 01:48:11 CHB 1914416?1628012889 第 1 次 等待 3 秒
2021-08-04 01:48:14 CHB 1914416?1628012889 第 1 次 获取到号码【1914416】GSD
2021-08-04 01:48:14 获取到号码【1914416】的GSD为【重庆-重庆】
2021-08-04 01:48:45 GSD insert 第 1 次 等待 3 秒
2021-08-04 01:48:48 {"status":"ok","gid":493824,"msg":"添加成功！"}
2021-08-04 01:48:48 下次操作: 2021-08-04 01:49:11

2021-08-04 01:49:11 开始第 32 次操作

2021-08-04 01:49:11 开始操作号码 【1914415】
2021-08-04 01:49:55 GSD getOne 第 1 次 等待 3 秒
2021-08-04 01:49:59 查询号码 【1914415】，返回信息 {"status":"bad","msg":""}
2021-08-04 01:49:59 查询号码 【1914415】，GSD为【""】
2021-08-04 01:49:59 bad
2021-08-04 01:50:00 CHB 1914415?1628012999 第 1 次 等待 3 秒
2021-08-04 01:50:03 CHB 1914415?1628012999 第 1 次 获取到号码【1914415】GSD
2021-08-04 01:50:03 获取到号码【1914415】的GSD为【重庆-重庆】
2021-08-04 01:50:33 GSD insert 第 1 次 等待 3 秒
2021-08-04 01:50:36 {"status":"ok","gid":493831,"msg":"添加成功！"}
2021-08-04 01:50:36 下次操作: 2021-08-04 01:50:53

2021-08-04 01:50:54 开始第 33 次操作

2021-08-04 01:50:54 开始操作号码 【1914414】
2021-08-04 01:51:09 GSD getOne 第 1 次 等待 3 秒
2021-08-04 01:51:12 查询号码 【1914414】，返回信息 {"status":"bad","msg":""}
2021-08-04 01:51:12 查询号码 【1914414】，GSD为【""】
2021-08-04 01:51:12 bad
2021-08-04 01:51:14 CHB 1914414?1628013072 第 1 次 等待 3 秒
2021-08-04 01:51:17 CHB 1914414?1628013072 第 1 次 获取到号码【1914414】GSD
2021-08-04 01:51:17 获取到号码【1914414】的GSD为【重庆-重庆】
2021-08-04 01:51:44 GSD insert 第 1 次 等待 3 秒
2021-08-04 01:51:47 {"status":"ok","gid":493836,"msg":"添加成功！"}
2021-08-04 01:51:47 下次操作: 2021-08-04 01:52:05

2021-08-04 01:52:05 开始第 34 次操作

2021-08-04 01:52:05 开始操作号码 【1914413】
2021-08-04 01:52:39 GSD getOne 第 1 次 等待 3 秒
2021-08-04 01:52:42 查询号码 【1914413】，返回信息 {"status":"bad","msg":""}
2021-08-04 01:52:42 查询号码 【1914413】，GSD为【""】
2021-08-04 01:52:42 bad
2021-08-04 01:52:43 CHB 1914413?1628013162 第 1 次 等待 3 秒
2021-08-04 01:52:46 CHB 1914413?1628013162 第 1 次 获取到号码【1914413】GSD
2021-08-04 01:52:47 获取到号码【1914413】的GSD为【重庆-重庆】
2021-08-04 01:53:28 GSD insert 第 1 次 等待 3 秒
2021-08-04 01:53:31 {"status":"ok","gid":493843,"msg":"添加成功！"}
2021-08-04 01:53:31 下次操作: 2021-08-04 01:53:44

2021-08-04 01:53:44 开始第 35 次操作

2021-08-04 01:53:44 开始操作号码 【1914412】
2021-08-04 01:54:42 GSD getOne 第 1 次 等待 3 秒
2021-08-04 01:54:45 查询号码 【1914412】，返回信息 {"status":"bad","msg":""}
2021-08-04 01:54:45 查询号码 【1914412】，GSD为【""】
2021-08-04 01:54:45 bad
2021-08-04 01:54:47 CHB 1914412?1628013285 第 1 次 等待 3 秒
2021-08-04 01:54:50 CHB 1914412?1628013285 第 1 次 获取到号码【1914412】GSD
2021-08-04 01:54:50 获取到号码【1914412】的GSD为【重庆-重庆】
2021-08-04 01:55:26 GSD insert 第 1 次 等待 3 秒
2021-08-04 01:55:29 {"status":"ok","gid":493849,"msg":"添加成功！"}
2021-08-04 01:55:29 下次操作: 2021-08-04 01:55:51

2021-08-04 01:55:51 开始第 36 次操作

2021-08-04 01:55:51 开始操作号码 【1914411】
2021-08-04 01:56:19 GSD getOne 第 1 次 等待 3 秒
2021-08-04 01:56:22 查询号码 【1914411】，返回信息 {"status":"bad","msg":""}
2021-08-04 01:56:22 查询号码 【1914411】，GSD为【""】
2021-08-04 01:56:22 bad
2021-08-04 01:56:24 CHB 1914411?1628013382 第 1 次 等待 3 秒
2021-08-04 01:56:27 CHB 1914411?1628013382 第 1 次 获取到号码【1914411】GSD
2021-08-04 01:56:27 获取到号码【1914411】的GSD为【重庆-重庆】
2021-08-04 01:56:43 GSD insert 第 1 次 等待 3 秒
2021-08-04 01:56:46 {"status":"ok","gid":493855,"msg":"添加成功！"}
2021-08-04 01:56:46 下次操作: 2021-08-04 01:57:00

2021-08-04 01:57:00 开始第 37 次操作

2021-08-04 01:57:00 开始操作号码 【1914410】
2021-08-04 01:57:29 GSD getOne 第 1 次 等待 3 秒
2021-08-04 01:57:32 查询号码 【1914410】，返回信息 {"status":"bad","msg":""}
2021-08-04 01:57:32 查询号码 【1914410】，GSD为【""】
2021-08-04 01:57:32 bad
2021-08-04 01:57:34 CHB 1914410?1628013452 第 1 次 等待 3 秒
2021-08-04 01:57:37 CHB 1914410?1628013452 第 1 次 获取到号码【1914410】GSD
2021-08-04 01:57:37 获取到号码【1914410】的GSD为【重庆-重庆】
2021-08-04 01:58:19 GSD insert 第 1 次 等待 3 秒
2021-08-04 01:58:22 {"status":"ok","gid":493860,"msg":"添加成功！"}
2021-08-04 01:58:22 下次操作: 2021-08-04 01:58:37

2021-08-04 01:58:37 开始第 38 次操作

2021-08-04 01:58:37 开始操作号码 【1914409】
2021-08-04 01:58:52 GSD getOne 第 1 次 等待 3 秒
2021-08-04 01:58:55 查询号码 【1914409】，返回信息 {"status":"bad","msg":""}
2021-08-04 01:58:55 查询号码 【1914409】，GSD为【""】
2021-08-04 01:58:55 bad
2021-08-04 01:58:57 CHB 1914409?1628013535 第 1 次 等待 3 秒
2021-08-04 01:59:00 CHB 1914409?1628013535 第 1 次 获取到号码【1914409】GSD
2021-08-04 01:59:00 获取到号码【1914409】的GSD为【重庆-重庆】
2021-08-04 02:00:00 GSD insert 第 1 次 等待 3 秒
2021-08-04 02:00:03 {"status":"ok","gid":493869,"msg":"添加成功！"}
2021-08-04 02:00:03 下次操作: 2021-08-04 02:00:23

2021-08-04 02:00:23 开始第 39 次操作

2021-08-04 02:00:23 开始操作号码 【1914408】
2021-08-04 02:01:12 GSD getOne 第 1 次 等待 3 秒
2021-08-04 02:01:15 查询号码 【1914408】，返回信息 {"status":"bad","msg":""}
2021-08-04 02:01:15 查询号码 【1914408】，GSD为【""】
2021-08-04 02:01:15 bad
2021-08-04 02:01:17 CHB 1914408?1628013675 第 1 次 等待 3 秒
2021-08-04 02:01:20 CHB 1914408?1628013675 第 1 次 获取到号码【1914408】GSD
2021-08-04 02:01:20 获取到号码【1914408】的GSD为【重庆-重庆】
2021-08-04 02:01:57 GSD insert 第 1 次 等待 3 秒
2021-08-04 02:02:00 {"status":"ok","gid":493875,"msg":"添加成功！"}
2021-08-04 02:02:00 下次操作: 2021-08-04 02:02:18

2021-08-04 02:02:18 开始第 40 次操作

2021-08-04 02:02:18 开始操作号码 【1914407】
2021-08-04 02:02:34 GSD getOne 第 1 次 等待 3 秒
2021-08-04 02:02:37 查询号码 【1914407】，返回信息 {"status":"bad","msg":""}
2021-08-04 02:02:37 查询号码 【1914407】，GSD为【""】
2021-08-04 02:02:37 bad
2021-08-04 02:02:39 CHB 1914407?1628013757 第 1 次 等待 3 秒
2021-08-04 02:02:42 CHB 1914407?1628013757 第 1 次 获取到号码【1914407】GSD
2021-08-04 02:02:42 获取到号码【1914407】的GSD为【重庆-重庆】
2021-08-04 02:03:47 GSD insert 第 1 次 等待 3 秒
2021-08-04 02:03:50 {"status":"ok","gid":493884,"msg":"添加成功！"}

