2024-07-02 00:10:20 开始第 3865 次操作

2024-07-02 00:10:20 开始操作号码 【1543749】
2024-07-02 00:10:34 GSD getOne 第 1 次 等待 3 秒
2024-07-02 00:10:37 查询号码 【1543749】，返回信息 {"status":"ok","msg":"-","gid":"592404","time_insert":"2023-03-15 14:22"}
2024-07-02 00:10:37 查询号码 【1543749】，GSD为【"-"】
2024-07-02 00:10:37 ok && -
2024-07-02 00:10:39 CHB 1543749?1719850237 第 1 次 等待 3 秒
2024-07-02 00:10:42 CHB 1543749?1719850237 第 1 次 获取到号码【1543749】GSD
2024-07-02 00:10:42 未获取到号码【1543749】GSD，可能号码格式错误
2024-07-02 00:10:42 获取到号码【1543749】的GSD为【-】
2024-07-02 00:10:56 GSD insert 第 1 次 等待 3 秒
2024-07-02 00:10:59 {"status":"bad","gid":"592404","msg":"添加失败！号码【1543749(-|-)】已存在！"}
2024-07-02 00:10:59 随机等待 163 秒，约 2 分钟
2024-07-02 00:10:59 下次操作: 2024-07-02 00:13:42

2024-07-02 00:13:42 开始第 3866 次操作

2024-07-02 00:13:42 开始操作号码 【1543750】
2024-07-02 00:13:56 GSD getOne 第 1 次 等待 3 秒
2024-07-02 00:13:59 查询号码 【1543750】，返回信息 {"status":"ok","msg":"-","gid":"592416","time_insert":"2023-03-15 14:31"}
2024-07-02 00:13:59 查询号码 【1543750】，GSD为【"-"】
2024-07-02 00:13:59 ok && -
2024-07-02 00:14:01 CHB 1543750?1719850439 第 1 次 等待 3 秒
2024-07-02 00:14:04 CHB 1543750?1719850439 第 1 次 获取到号码【1543750】GSD
2024-07-02 00:14:04 未获取到号码【1543750】GSD，可能号码格式错误
2024-07-02 00:14:04 获取到号码【1543750】的GSD为【-】
2024-07-02 00:14:21 GSD insert 第 1 次 等待 3 秒
2024-07-02 00:14:24 {"status":"bad","gid":"592416","msg":"添加失败！号码【1543750(-|-)】已存在！"}
2024-07-02 00:14:24 随机等待 219 秒，约 3 分钟
2024-07-02 00:14:24 下次操作: 2024-07-02 00:18:03

2024-07-02 00:18:03 开始第 3867 次操作

2024-07-02 00:18:03 开始操作号码 【1543751】
2024-07-02 00:18:16 GSD getOne 第 1 次 等待 3 秒
2024-07-02 00:18:19 查询号码 【1543751】，返回信息 {"status":"ok","msg":"-","gid":"592445","time_insert":"2023-03-15 14:48"}
2024-07-02 00:18:19 查询号码 【1543751】，GSD为【"-"】
2024-07-02 00:18:19 ok && -
2024-07-02 00:18:21 CHB 1543751?1719850699 第 1 次 等待 3 秒
2024-07-02 00:18:24 CHB 1543751?1719850699 第 1 次 获取到号码【1543751】GSD
2024-07-02 00:18:24 未获取到号码【1543751】GSD，可能号码格式错误
2024-07-02 00:18:24 获取到号码【1543751】的GSD为【-】
2024-07-02 00:18:37 GSD insert 第 1 次 等待 3 秒
2024-07-02 00:18:40 {"status":"bad","gid":"592445","msg":"添加失败！号码【1543751(-|-)】已存在！"}
2024-07-02 00:18:40 随机等待 147 秒，约 2 分钟
2024-07-02 00:18:40 下次操作: 2024-07-02 00:21:07

2024-07-02 00:21:07 开始第 3868 次操作

2024-07-02 00:21:07 开始操作号码 【1543752】
2024-07-02 00:21:21 GSD getOne 第 1 次 等待 3 秒
2024-07-02 00:21:24 查询号码 【1543752】，返回信息 {"status":"ok","msg":"-","gid":"592473","time_insert":"2023-03-15 15:07"}
2024-07-02 00:21:24 查询号码 【1543752】，GSD为【"-"】
2024-07-02 00:21:24 ok && -
2024-07-02 00:21:27 CHB 1543752?1719850884 第 1 次 等待 3 秒
2024-07-02 00:21:30 CHB 1543752?1719850884 第 1 次 获取到号码【1543752】GSD
2024-07-02 00:21:30 未获取到号码【1543752】GSD，可能号码格式错误
2024-07-02 00:21:30 获取到号码【1543752】的GSD为【-】
2024-07-02 00:21:47 GSD insert 第 1 次 等待 3 秒
2024-07-02 00:21:50 {"status":"bad","gid":"592473","msg":"添加失败！号码【1543752(-|-)】已存在！"}

2024-07-02 00:38:54 开始第 3869 次操作

2024-07-02 00:38:54 开始操作号码 【1543753】
2024-07-02 00:39:10 GSD getOne 第 1 次 等待 3 秒
2024-07-02 00:39:13 查询号码 【1543753】，返回信息 {"status":"ok","msg":"-","gid":"592500","time_insert":"2023-03-15 15:26"}
2024-07-02 00:39:13 查询号码 【1543753】，GSD为【"-"】
2024-07-02 00:39:13 ok && -
2024-07-02 00:39:15 CHB 1543753?1719851953 第 1 次 等待 3 秒
2024-07-02 00:39:18 CHB 1543753?1719851953 第 1 次 获取到号码【1543753】GSD
2024-07-02 00:39:18 未获取到号码【1543753】GSD，可能号码格式错误
2024-07-02 00:39:18 获取到号码【1543753】的GSD为【-】
2024-07-02 00:39:38 GSD insert 第 1 次 等待 3 秒
2024-07-02 00:39:41 {"status":"bad","gid":"592500","msg":"添加失败！号码【1543753(-|-)】已存在！"}
2024-07-02 00:39:41 随机等待 221 秒，约 3 分钟
2024-07-02 00:39:41 下次操作: 2024-07-02 00:43:22

2024-07-02 00:43:22 开始第 3870 次操作

2024-07-02 00:43:22 开始操作号码 【1543754】
2024-07-02 00:43:49 GSD getOne 第 1 次 等待 3 秒
2024-07-02 00:43:52 查询号码 【1543754】，返回信息 {"status":"ok","msg":"-","gid":"592537","time_insert":"2023-03-15 15:47"}
2024-07-02 00:43:52 查询号码 【1543754】，GSD为【"-"】
2024-07-02 00:43:52 ok && -
2024-07-02 00:43:54 CHB 1543754?1719852232 第 1 次 等待 3 秒
2024-07-02 00:43:57 CHB 1543754?1719852232 第 1 次 获取到号码【1543754】GSD
2024-07-02 00:43:57 未获取到号码【1543754】GSD，可能号码格式错误
2024-07-02 00:43:57 获取到号码【1543754】的GSD为【-】
2024-07-02 00:44:21 GSD insert 第 1 次 等待 3 秒
2024-07-02 00:44:24 {"status":"bad","gid":"592537","msg":"添加失败！号码【1543754(-|-)】已存在！"}
2024-07-02 00:44:24 随机等待 210 秒，约 3 分钟
2024-07-02 00:44:24 下次操作: 2024-07-02 00:47:54

2024-07-02 00:47:54 开始第 3871 次操作

2024-07-02 00:47:54 开始操作号码 【1543755】
2024-07-02 00:48:07 GSD getOne 第 1 次 等待 3 秒
2024-07-02 00:48:10 查询号码 【1543755】，返回信息 {"status":"ok","msg":"-","gid":"592555","time_insert":"2023-03-15 15:56"}
2024-07-02 00:48:10 查询号码 【1543755】，GSD为【"-"】
2024-07-02 00:48:10 ok && -
2024-07-02 00:48:13 CHB 1543755?1719852490 第 1 次 等待 3 秒
2024-07-02 00:48:16 CHB 1543755?1719852490 第 1 次 获取到号码【1543755】GSD
2024-07-02 00:48:16 未获取到号码【1543755】GSD，可能号码格式错误
2024-07-02 00:48:16 获取到号码【1543755】的GSD为【-】
2024-07-02 00:48:30 GSD insert 第 1 次 等待 3 秒
2024-07-02 00:48:33 {"status":"bad","gid":"592555","msg":"添加失败！号码【1543755(-|-)】已存在！"}
2024-07-02 00:48:33 随机等待 126 秒，约 2 分钟
2024-07-02 00:48:33 下次操作: 2024-07-02 00:50:39

2024-07-02 00:50:39 开始第 3872 次操作

2024-07-02 00:50:39 开始操作号码 【1543756】
2024-07-02 00:51:03 GSD getOne 第 1 次 等待 3 秒
2024-07-02 00:51:06 查询号码 【1543756】，返回信息 {"status":"ok","msg":"-","gid":"592587","time_insert":"2023-03-15 16:19"}
2024-07-02 00:51:06 查询号码 【1543756】，GSD为【"-"】
2024-07-02 00:51:06 ok && -
2024-07-02 00:51:08 CHB 1543756?1719852666 第 1 次 等待 3 秒
2024-07-02 00:51:11 CHB 1543756?1719852666 第 1 次 获取到号码【1543756】GSD
2024-07-02 00:51:11 未获取到号码【1543756】GSD，可能号码格式错误
2024-07-02 00:51:11 获取到号码【1543756】的GSD为【-】
2024-07-02 00:51:29 GSD insert 第 1 次 等待 3 秒
2024-07-02 00:51:32 {"status":"bad","gid":"592587","msg":"添加失败！号码【1543756(-|-)】已存在！"}

2024-07-02 01:08:18 开始第 3873 次操作

2024-07-02 01:08:18 开始操作号码 【1543757】
2024-07-02 01:08:32 GSD getOne 第 1 次 等待 3 秒
2024-07-02 01:08:35 查询号码 【1543757】，返回信息 {"status":"ok","msg":"-","gid":"592612","time_insert":"2023-03-15 16:36"}
2024-07-02 01:08:35 查询号码 【1543757】，GSD为【"-"】
2024-07-02 01:08:35 ok && -
2024-07-02 01:08:36 CHB 1543757?1719853715 第 1 次 等待 3 秒
2024-07-02 01:08:39 CHB 1543757?1719853715 第 1 次 获取到号码【1543757】GSD
2024-07-02 01:08:39 未获取到号码【1543757】GSD，可能号码格式错误
2024-07-02 01:08:39 获取到号码【1543757】的GSD为【-】
2024-07-02 01:08:54 GSD insert 第 1 次 等待 3 秒
2024-07-02 01:08:57 {"status":"bad","gid":"592612","msg":"添加失败！号码【1543757(-|-)】已存在！"}
2024-07-02 01:08:57 随机等待 199 秒，约 3 分钟
2024-07-02 01:08:57 下次操作: 2024-07-02 01:12:16

2024-07-02 01:12:16 开始第 3874 次操作

2024-07-02 01:12:16 开始操作号码 【1543758】
2024-07-02 01:12:44 GSD getOne 第 1 次 等待 3 秒
2024-07-02 01:12:47 查询号码 【1543758】，返回信息 {"status":"ok","msg":"-","gid":"592632","time_insert":"2023-03-15 16:46"}
2024-07-02 01:12:47 查询号码 【1543758】，GSD为【"-"】
2024-07-02 01:12:47 ok && -
2024-07-02 01:12:49 CHB 1543758?1719853967 第 1 次 等待 3 秒
2024-07-02 01:12:52 CHB 1543758?1719853967 第 1 次 获取到号码【1543758】GSD
2024-07-02 01:12:52 未获取到号码【1543758】GSD，可能号码格式错误
2024-07-02 01:12:52 获取到号码【1543758】的GSD为【-】
2024-07-02 01:13:06 GSD insert 第 1 次 等待 3 秒
2024-07-02 01:13:10 {"status":"bad","gid":"592632","msg":"添加失败！号码【1543758(-|-)】已存在！"}
2024-07-02 01:13:10 随机等待 182 秒，约 3 分钟
2024-07-02 01:13:10 下次操作: 2024-07-02 01:16:12

2024-07-02 01:16:12 开始第 3875 次操作

2024-07-02 01:16:12 开始操作号码 【1543759】
2024-07-02 01:16:26 GSD getOne 第 1 次 等待 3 秒
2024-07-02 01:16:29 查询号码 【1543759】，返回信息 {"status":"ok","msg":"-","gid":"592664","time_insert":"2023-03-15 17:07"}
2024-07-02 01:16:29 查询号码 【1543759】，GSD为【"-"】
2024-07-02 01:16:29 ok && -
2024-07-02 01:16:30 CHB 1543759?1719854189 第 1 次 等待 3 秒
2024-07-02 01:16:33 CHB 1543759?1719854189 第 1 次 获取到号码【1543759】GSD
2024-07-02 01:16:33 未获取到号码【1543759】GSD，可能号码格式错误
2024-07-02 01:16:33 获取到号码【1543759】的GSD为【-】
2024-07-02 01:16:48 GSD insert 第 1 次 等待 3 秒
2024-07-02 01:16:51 {"status":"bad","gid":"592664","msg":"添加失败！号码【1543759(-|-)】已存在！"}
2024-07-02 01:16:51 随机等待 131 秒，约 2 分钟
2024-07-02 01:16:51 下次操作: 2024-07-02 01:19:02

2024-07-02 01:19:02 开始第 3876 次操作

2024-07-02 01:19:02 开始操作号码 【1543760】
2024-07-02 01:19:18 GSD getOne 第 1 次 等待 3 秒
2024-07-02 01:19:21 查询号码 【1543760】，返回信息 {"status":"ok","msg":"-","gid":"592695","time_insert":"2023-03-15 17:28"}
2024-07-02 01:19:21 查询号码 【1543760】，GSD为【"-"】
2024-07-02 01:19:21 ok && -
2024-07-02 01:19:23 CHB 1543760?1719854361 第 1 次 等待 3 秒
2024-07-02 01:19:26 CHB 1543760?1719854361 第 1 次 获取到号码【1543760】GSD
2024-07-02 01:19:26 未获取到号码【1543760】GSD，可能号码格式错误
2024-07-02 01:19:26 获取到号码【1543760】的GSD为【-】
2024-07-02 01:19:43 GSD insert 第 1 次 等待 3 秒
2024-07-02 01:19:46 {"status":"bad","gid":"592695","msg":"添加失败！号码【1543760(-|-)】已存在！"}

