2024-04-17 00:10:29 开始第 4073 次操作

2024-04-17 00:10:29 开始操作号码 【1653974】
2024-04-17 00:10:36 GSD getOne 第 1 次 等待 3 秒
2024-04-17 00:10:39 查询号码 【1653974】，返回信息 {"status":"ok","msg":"辽宁-葫芦岛","gid":"264150","time_insert":"2021-07-13 09:49"}
2024-04-17 00:10:39 查询号码 【1653974】，GSD为【"辽宁-葫芦岛"】

2024-04-17 00:10:40 开始第 4074 次操作

2024-04-17 00:10:40 开始操作号码 【1653975】
2024-04-17 00:10:45 GSD getOne 第 1 次 等待 3 秒
2024-04-17 00:10:48 查询号码 【1653975】，返回信息 {"status":"ok","msg":"辽宁-葫芦岛","gid":"264158","time_insert":"2021-07-13 09:50"}
2024-04-17 00:10:48 查询号码 【1653975】，GSD为【"辽宁-葫芦岛"】

2024-04-17 00:10:49 开始第 4075 次操作

2024-04-17 00:10:49 开始操作号码 【1653976】
2024-04-17 00:10:55 GSD getOne 第 1 次 等待 3 秒
2024-04-17 00:10:58 查询号码 【1653976】，返回信息 {"status":"ok","msg":"辽宁-朝阳","gid":"264165","time_insert":"2021-07-13 09:50"}
2024-04-17 00:10:58 查询号码 【1653976】，GSD为【"辽宁-朝阳"】

2024-04-17 00:10:59 开始第 4076 次操作

2024-04-17 00:10:59 开始操作号码 【1653977】
2024-04-17 00:11:04 GSD getOne 第 1 次 等待 3 秒
2024-04-17 00:11:07 查询号码 【1653977】，返回信息 {"status":"ok","msg":"辽宁-葫芦岛","gid":"264171","time_insert":"2021-07-13 09:51"}
2024-04-17 00:11:07 查询号码 【1653977】，GSD为【"辽宁-葫芦岛"】

