2024-10-02 00:30:01 开始第 7133 次操作

2024-10-02 00:30:01 开始操作号码 【1437127】
2024-10-02 00:30:03 GSD getOne 第 1 次 等待 3 秒
2024-10-02 00:30:06 查询号码 【1437127】，返回信息 {"status":"ok","msg":"-","gid":"672471","time_insert":"2023-04-23 09:23"}
2024-10-02 00:30:06 查询号码 【1437127】，GSD为【"-"】
2024-10-02 00:30:06 ok && -
2024-10-02 00:30:09 CHB 1437127?1727800206 第 1 次 等待 3 秒
2024-10-02 00:30:12 CHB 1437127?1727800206 第 1 次 获取到号码【1437127】GSD
2024-10-02 00:30:12 未获取到号码【1437127】GSD，可能号码格式错误
2024-10-02 00:30:12 获取到号码【1437127】的GSD为【-】
2024-10-02 00:30:14 GSD insert 第 1 次 等待 3 秒
2024-10-02 00:30:17 {"status":"bad","gid":"672471","msg":"添加失败！号码【1437127(-|-)】已存在！"}
2024-10-02 00:30:17 随机等待 229 秒，约 3 分钟
2024-10-02 00:30:17 下次操作: 2024-10-02 00:34:06

2024-10-02 00:34:06 开始第 7134 次操作

2024-10-02 00:34:06 开始操作号码 【1437128】
2024-10-02 00:34:07 GSD getOne 第 1 次 等待 3 秒
2024-10-02 00:34:10 查询号码 【1437128】，返回信息 {"status":"ok","msg":"-","gid":"672486","time_insert":"2023-04-23 09:37"}
2024-10-02 00:34:10 查询号码 【1437128】，GSD为【"-"】
2024-10-02 00:34:10 ok && -
2024-10-02 00:34:12 CHB 1437128?1727800450 第 1 次 等待 3 秒
2024-10-02 00:34:15 CHB 1437128?1727800450 第 1 次 获取到号码【1437128】GSD
2024-10-02 00:34:15 未获取到号码【1437128】GSD，可能号码格式错误
2024-10-02 00:34:15 获取到号码【1437128】的GSD为【-】
2024-10-02 00:34:19 GSD insert 第 1 次 等待 3 秒
2024-10-02 00:34:22 {"status":"bad","gid":"672486","msg":"添加失败！号码【1437128(-|-)】已存在！"}
2024-10-02 00:34:22 随机等待 166 秒，约 2 分钟
2024-10-02 00:34:22 下次操作: 2024-10-02 00:37:08

2024-10-02 00:37:08 开始第 7135 次操作

2024-10-02 00:37:08 开始操作号码 【1437129】
2024-10-02 00:37:10 GSD getOne 第 1 次 等待 3 秒
2024-10-02 00:37:13 查询号码 【1437129】，返回信息 {"status":"ok","msg":"-","gid":"672496","time_insert":"2023-04-23 09:48"}
2024-10-02 00:37:13 查询号码 【1437129】，GSD为【"-"】
2024-10-02 00:37:13 ok && -
2024-10-02 00:37:16 CHB 1437129?1727800633 第 1 次 等待 3 秒
2024-10-02 00:37:19 CHB 1437129?1727800633 第 1 次 获取到号码【1437129】GSD
2024-10-02 00:37:19 未获取到号码【1437129】GSD，可能号码格式错误
2024-10-02 00:37:19 获取到号码【1437129】的GSD为【-】
2024-10-02 00:37:21 GSD insert 第 1 次 等待 3 秒
2024-10-02 00:37:24 {"status":"bad","gid":"672496","msg":"添加失败！号码【1437129(-|-)】已存在！"}
2024-10-02 00:37:24 随机等待 169 秒，约 2 分钟
2024-10-02 00:37:24 下次操作: 2024-10-02 00:40:13

2024-10-02 00:40:13 开始第 7136 次操作

2024-10-02 00:40:13 开始操作号码 【1437130】
2024-10-02 00:40:15 GSD getOne 第 1 次 等待 3 秒
2024-10-02 00:40:18 查询号码 【1437130】，返回信息 {"status":"ok","msg":"-","gid":"672515","time_insert":"2023-04-23 10:03"}
2024-10-02 00:40:18 查询号码 【1437130】，GSD为【"-"】
2024-10-02 00:40:18 ok && -
2024-10-02 00:40:20 CHB 1437130?1727800818 第 1 次 等待 3 秒
2024-10-02 00:40:23 CHB 1437130?1727800818 第 1 次 获取到号码【1437130】GSD
2024-10-02 00:40:23 未获取到号码【1437130】GSD，可能号码格式错误
2024-10-02 00:40:23 获取到号码【1437130】的GSD为【-】
2024-10-02 00:40:25 GSD insert 第 1 次 等待 3 秒
2024-10-02 00:40:28 {"status":"bad","gid":"672515","msg":"添加失败！号码【1437130(-|-)】已存在！"}

