2024-03-01 00:08:51 开始第 6597 次操作

2024-03-01 00:08:51 开始操作号码 【1766497】
2024-03-01 00:08:56 GSD getOne 第 1 次 等待 3 秒
2024-03-01 00:08:59 查询号码 【1766497】，返回信息 {"status":"ok","msg":"广东-广州","gid":"176193","time_insert":"2021-07-02 19:44"}
2024-03-01 00:08:59 查询号码 【1766497】，GSD为【"广东-广州"】

2024-03-01 00:09:00 开始第 6598 次操作

2024-03-01 00:09:00 开始操作号码 【1766498】
2024-03-01 00:09:05 GSD getOne 第 1 次 等待 3 秒
2024-03-01 00:09:08 查询号码 【1766498】，返回信息 {"status":"ok","msg":"广东-广州","gid":"176184","time_insert":"2021-07-02 19:43"}
2024-03-01 00:09:08 查询号码 【1766498】，GSD为【"广东-广州"】

2024-03-01 00:09:09 开始第 6599 次操作

2024-03-01 00:09:09 开始操作号码 【1766499】
2024-03-01 00:09:15 GSD getOne 第 1 次 等待 3 秒
2024-03-01 00:09:18 查询号码 【1766499】，返回信息 {"status":"ok","msg":"广东-广州","gid":"176180","time_insert":"2021-07-02 19:43"}
2024-03-01 00:09:18 查询号码 【1766499】，GSD为【"广东-广州"】

2024-03-01 00:09:19 开始第 6600 次操作

2024-03-01 00:09:19 开始操作号码 【1766500】
2024-03-01 00:09:24 GSD getOne 第 1 次 等待 3 秒
2024-03-01 00:09:27 查询号码 【1766500】，返回信息 {"status":"ok","msg":"广东-广州","gid":"176173","time_insert":"2021-07-02 19:43"}
2024-03-01 00:09:27 查询号码 【1766500】，GSD为【"广东-广州"】

2024-03-01 00:33:25 开始第 6601 次操作

2024-03-01 00:33:25 开始操作号码 【1766501】
2024-03-01 00:33:31 GSD getOne 第 1 次 等待 3 秒
2024-03-01 00:33:34 查询号码 【1766501】，返回信息 {"status":"ok","msg":"广东-广州","gid":"176169","time_insert":"2021-07-02 19:42"}
2024-03-01 00:33:34 查询号码 【1766501】，GSD为【"广东-广州"】

2024-03-01 00:33:35 开始第 6602 次操作

2024-03-01 00:33:35 开始操作号码 【1766502】
2024-03-01 00:33:39 GSD getOne 第 1 次 等待 3 秒
2024-03-01 00:33:42 查询号码 【1766502】，返回信息 {"status":"ok","msg":"广东-广州","gid":"30143","time_insert":"2018-11-19 11:20","time_update":"2020-10-01 02:15"}
2024-03-01 00:33:42 查询号码 【1766502】，GSD为【"广东-广州"】

2024-03-01 00:33:43 开始第 6603 次操作

2024-03-01 00:33:43 开始操作号码 【1766503】
2024-03-01 00:33:48 GSD getOne 第 1 次 等待 3 秒
2024-03-01 00:33:51 查询号码 【1766503】，返回信息 {"status":"ok","msg":"广东-广州","gid":"176161","time_insert":"2021-07-02 19:42"}
2024-03-01 00:33:51 查询号码 【1766503】，GSD为【"广东-广州"】

2024-03-01 00:33:52 开始第 6604 次操作

2024-03-01 00:33:52 开始操作号码 【1766504】
2024-03-01 00:33:57 GSD getOne 第 1 次 等待 3 秒
2024-03-01 00:34:00 查询号码 【1766504】，返回信息 {"status":"ok","msg":"广东-广州","gid":"176153","time_insert":"2021-07-02 19:41"}
2024-03-01 00:34:00 查询号码 【1766504】，GSD为【"广东-广州"】

2024-03-01 01:06:45 开始第 6605 次操作

2024-03-01 01:06:45 开始操作号码 【1766505】
2024-03-01 01:06:51 GSD getOne 第 1 次 等待 3 秒
2024-03-01 01:06:54 查询号码 【1766505】，返回信息 {"status":"ok","msg":"广东-广州","gid":"176149","time_insert":"2021-07-02 19:41"}
2024-03-01 01:06:54 查询号码 【1766505】，GSD为【"广东-广州"】

2024-03-01 01:06:55 开始第 6606 次操作

2024-03-01 01:06:55 开始操作号码 【1766506】
2024-03-01 01:06:59 GSD getOne 第 1 次 等待 3 秒
2024-03-01 01:07:02 查询号码 【1766506】，返回信息 {"status":"ok","msg":"广东-广州","gid":"176138","time_insert":"2021-07-02 19:40"}
2024-03-01 01:07:03 查询号码 【1766506】，GSD为【"广东-广州"】

2024-03-01 01:07:04 开始第 6607 次操作

2024-03-01 01:07:04 开始操作号码 【1766507】
2024-03-01 01:07:10 GSD getOne 第 1 次 等待 3 秒
2024-03-01 01:07:13 查询号码 【1766507】，返回信息 {"status":"ok","msg":"广东-广州","gid":"176136","time_insert":"2021-07-02 19:40"}
2024-03-01 01:07:13 查询号码 【1766507】，GSD为【"广东-广州"】

2024-03-01 01:07:14 开始第 6608 次操作

2024-03-01 01:07:14 开始操作号码 【1766508】
2024-03-01 01:07:18 GSD getOne 第 1 次 等待 3 秒
2024-03-01 01:07:21 查询号码 【1766508】，返回信息 {"status":"ok","msg":"广东-广州","gid":"176128","time_insert":"2021-07-02 19:40"}
2024-03-01 01:07:21 查询号码 【1766508】，GSD为【"广东-广州"】

2024-03-01 01:32:07 开始第 6609 次操作

2024-03-01 01:32:07 开始操作号码 【1766509】
2024-03-01 01:32:11 GSD getOne 第 1 次 等待 3 秒
2024-03-01 01:32:14 查询号码 【1766509】，返回信息 {"status":"ok","msg":"广东-广州","gid":"176125","time_insert":"2021-07-02 19:39"}
2024-03-01 01:32:14 查询号码 【1766509】，GSD为【"广东-广州"】

2024-03-01 01:32:15 开始第 6610 次操作

2024-03-01 01:32:15 开始操作号码 【1766510】
2024-03-01 01:32:19 GSD getOne 第 1 次 等待 3 秒
2024-03-01 01:32:22 查询号码 【1766510】，返回信息 {"status":"ok","msg":"广东-广州","gid":"176116","time_insert":"2021-07-02 19:39"}
2024-03-01 01:32:22 查询号码 【1766510】，GSD为【"广东-广州"】

2024-03-01 01:32:23 开始第 6611 次操作

2024-03-01 01:32:23 开始操作号码 【1766511】
2024-03-01 01:32:29 GSD getOne 第 1 次 等待 3 秒
2024-03-01 01:32:32 查询号码 【1766511】，返回信息 {"status":"ok","msg":"广东-广州","gid":"176112","time_insert":"2021-07-02 19:38"}
2024-03-01 01:32:32 查询号码 【1766511】，GSD为【"广东-广州"】

2024-03-01 01:32:33 开始第 6612 次操作

2024-03-01 01:32:33 开始操作号码 【1766512】
2024-03-01 01:32:38 GSD getOne 第 1 次 等待 3 秒
2024-03-01 01:32:41 查询号码 【1766512】，返回信息 {"status":"ok","msg":"广东-广州","gid":"176104","time_insert":"2021-07-02 19:38"}
2024-03-01 01:32:41 查询号码 【1766512】，GSD为【"广东-广州"】

2024-03-01 02:10:21 开始第 6613 次操作

2024-03-01 02:10:21 开始操作号码 【1766513】
2024-03-01 02:10:25 GSD getOne 第 1 次 等待 3 秒
2024-03-01 02:10:28 查询号码 【1766513】，返回信息 {"status":"ok","msg":"广东-广州","gid":"176097","time_insert":"2021-07-02 19:37"}
2024-03-01 02:10:28 查询号码 【1766513】，GSD为【"广东-广州"】

2024-03-01 02:10:29 开始第 6614 次操作

2024-03-01 02:10:29 开始操作号码 【1766514】
2024-03-01 02:10:33 GSD getOne 第 1 次 等待 3 秒
2024-03-01 02:10:36 查询号码 【1766514】，返回信息 {"status":"ok","msg":"广东-广州","gid":"176092","time_insert":"2021-07-02 19:37"}
2024-03-01 02:10:36 查询号码 【1766514】，GSD为【"广东-广州"】

2024-03-01 02:10:37 开始第 6615 次操作

2024-03-01 02:10:37 开始操作号码 【1766515】
2024-03-01 02:10:41 GSD getOne 第 1 次 等待 3 秒
2024-03-01 02:10:44 查询号码 【1766515】，返回信息 {"status":"ok","msg":"广东-广州","gid":"176089","time_insert":"2021-07-02 19:37"}
2024-03-01 02:10:44 查询号码 【1766515】，GSD为【"广东-广州"】

2024-03-01 02:10:45 开始第 6616 次操作

2024-03-01 02:10:45 开始操作号码 【1766516】
2024-03-01 02:10:49 GSD getOne 第 1 次 等待 3 秒
2024-03-01 02:10:52 查询号码 【1766516】，返回信息 {"status":"ok","msg":"广东-广州","gid":"176084","time_insert":"2021-07-02 19:36"}
2024-03-01 02:10:52 查询号码 【1766516】，GSD为【"广东-广州"】

