2021-07-08 00:07:31 开始第 1 次操作

2021-07-08 00:07:31 开始操作号码 【1757465】
2021-07-08 00:07:35 GSD getOne 第 1 次 等待 1 秒
2021-07-08 00:07:36 查询号码 【1757465】，返回信息 {"status":"bad","msg":""}
2021-07-08 00:07:36 查询号码 【1757465】，GSD为【""】
2021-07-08 00:07:36 bad
2021-07-08 00:07:37 CHB 1757465?1625674056 第 1 次 等待 1 秒
2021-07-08 00:07:38 CHB 1757465?1625674056 第 1 次 获取到号码【1757465】GSD
2021-07-08 00:07:38 获取到号码【1757465】的GSD为【湖南-永州】
2021-07-08 00:07:57 GSD insert 第 1 次 等待 1 秒
2021-07-08 00:07:58 {"status":"ok","msg":"添加成功！218075"}
2021-07-08 00:07:58 下次操作: 2021-07-08 00:08:13

2021-07-08 00:08:13 开始第 2 次操作

2021-07-08 00:08:13 开始操作号码 【1757466】
2021-07-08 00:08:22 GSD getOne 第 1 次 等待 1 秒
2021-07-08 00:08:23 查询号码 【1757466】，返回信息 {"status":"bad","msg":""}
2021-07-08 00:08:23 查询号码 【1757466】，GSD为【""】
2021-07-08 00:08:23 bad
2021-07-08 00:08:24 CHB 1757466?1625674103 第 1 次 等待 1 秒
2021-07-08 00:08:25 CHB 1757466?1625674103 第 1 次 获取到号码【1757466】GSD
2021-07-08 00:08:25 获取到号码【1757466】的GSD为【湖南-永州】
2021-07-08 00:08:36 GSD insert 第 1 次 等待 1 秒
2021-07-08 00:08:37 {"status":"ok","msg":"添加成功！218084"}
2021-07-08 00:08:37 下次操作: 2021-07-08 00:08:45

2021-07-08 00:08:45 开始第 3 次操作

2021-07-08 00:08:45 开始操作号码 【1757467】
2021-07-08 00:08:49 GSD getOne 第 1 次 等待 1 秒
2021-07-08 00:08:50 查询号码 【1757467】，返回信息 {"status":"bad","msg":""}
2021-07-08 00:08:50 查询号码 【1757467】，GSD为【""】
2021-07-08 00:08:50 bad
2021-07-08 00:08:52 CHB 1757467?1625674130 第 1 次 等待 1 秒
2021-07-08 00:08:53 CHB 1757467?1625674130 第 1 次 获取到号码【1757467】GSD
2021-07-08 00:08:53 获取到号码【1757467】的GSD为【湖南-永州】
2021-07-08 00:08:57 GSD insert 第 1 次 等待 1 秒
2021-07-08 00:08:58 {"status":"ok","msg":"添加成功！218088"}
2021-07-08 00:08:58 下次操作: 2021-07-08 00:09:12

2021-07-08 00:09:12 开始第 4 次操作

2021-07-08 00:09:12 开始操作号码 【1757468】
2021-07-08 00:09:18 GSD getOne 第 1 次 等待 1 秒
2021-07-08 00:09:19 查询号码 【1757468】，返回信息 {"status":"bad","msg":""}
2021-07-08 00:09:19 查询号码 【1757468】，GSD为【""】
2021-07-08 00:09:19 bad
2021-07-08 00:09:21 CHB 1757468?1625674159 第 1 次 等待 1 秒
2021-07-08 00:09:22 CHB 1757468?1625674159 第 1 次 获取到号码【1757468】GSD
2021-07-08 00:09:22 获取到号码【1757468】的GSD为【湖南-永州】
2021-07-08 00:09:30 GSD insert 第 1 次 等待 1 秒
2021-07-08 00:09:31 {"status":"ok","msg":"添加成功！218093"}
2021-07-08 00:09:31 下次操作: 2021-07-08 00:09:45

2021-07-08 00:09:45 开始第 5 次操作

2021-07-08 00:09:45 开始操作号码 【1757469】
2021-07-08 00:09:52 GSD getOne 第 1 次 等待 1 秒
2021-07-08 00:09:53 查询号码 【1757469】，返回信息 {"status":"bad","msg":""}
2021-07-08 00:09:53 查询号码 【1757469】，GSD为【""】
2021-07-08 00:09:53 bad
2021-07-08 00:09:55 CHB 1757469?1625674193 第 1 次 等待 1 秒
2021-07-08 00:09:56 CHB 1757469?1625674193 第 1 次 获取到号码【1757469】GSD
2021-07-08 00:09:56 获取到号码【1757469】的GSD为【湖南-永州】
2021-07-08 00:09:59 GSD insert 第 1 次 等待 1 秒
2021-07-08 00:10:00 {"status":"ok","msg":"添加成功！218101"}
2021-07-08 00:10:00 下次操作: 2021-07-08 00:10:16

2021-07-08 00:10:16 开始第 6 次操作

2021-07-08 00:10:16 开始操作号码 【1757470】
2021-07-08 00:10:20 GSD getOne 第 1 次 等待 1 秒
2021-07-08 00:10:21 查询号码 【1757470】，返回信息 {"status":"bad","msg":""}
2021-07-08 00:10:21 查询号码 【1757470】，GSD为【""】
2021-07-08 00:10:21 bad
2021-07-08 00:10:22 CHB 1757470?1625674221 第 1 次 等待 1 秒
2021-07-08 00:10:23 CHB 1757470?1625674221 第 1 次 获取到号码【1757470】GSD
2021-07-08 00:10:23 获取到号码【1757470】的GSD为【湖南-衡阳】
2021-07-08 00:10:29 GSD insert 第 1 次 等待 1 秒
2021-07-08 00:10:30 {"status":"ok","msg":"添加成功！218106"}
2021-07-08 00:10:30 下次操作: 2021-07-08 00:10:37

2021-07-08 00:10:37 开始第 7 次操作

2021-07-08 00:10:37 开始操作号码 【1757471】
2021-07-08 00:10:41 GSD getOne 第 1 次 等待 1 秒
2021-07-08 00:10:42 查询号码 【1757471】，返回信息 {"status":"bad","msg":""}
2021-07-08 00:10:43 查询号码 【1757471】，GSD为【""】
2021-07-08 00:10:43 bad
2021-07-08 00:10:44 CHB 1757471?1625674243 第 1 次 等待 1 秒
2021-07-08 00:10:45 CHB 1757471?1625674243 第 1 次 获取到号码【1757471】GSD
2021-07-08 00:10:45 获取到号码【1757471】的GSD为【湖南-衡阳】
2021-07-08 00:10:49 GSD insert 第 1 次 等待 1 秒
2021-07-08 00:10:50 {"status":"ok","msg":"添加成功！218111"}
2021-07-08 00:10:50 下次操作: 2021-07-08 00:10:57

2021-07-08 00:10:57 开始第 8 次操作

2021-07-08 00:10:57 开始操作号码 【1757472】
2021-07-08 00:11:02 GSD getOne 第 1 次 等待 1 秒
2021-07-08 00:11:03 查询号码 【1757472】，返回信息 {"status":"bad","msg":""}
2021-07-08 00:11:03 查询号码 【1757472】，GSD为【""】
2021-07-08 00:11:03 bad
2021-07-08 00:11:04 CHB 1757472?1625674263 第 1 次 等待 1 秒
2021-07-08 00:11:05 CHB 1757472?1625674263 第 1 次 获取到号码【1757472】GSD
2021-07-08 00:11:05 获取到号码【1757472】的GSD为【湖南-衡阳】
2021-07-08 00:11:09 GSD insert 第 1 次 等待 1 秒
2021-07-08 00:11:10 {"status":"ok","msg":"添加成功！218114"}
2021-07-08 00:11:10 下次操作: 2021-07-08 00:11:28

2021-07-08 00:11:28 开始第 9 次操作

2021-07-08 00:11:28 开始操作号码 【1757473】
2021-07-08 00:11:32 GSD getOne 第 1 次 等待 1 秒
2021-07-08 00:11:33 查询号码 【1757473】，返回信息 {"status":"bad","msg":""}
2021-07-08 00:11:33 查询号码 【1757473】，GSD为【""】
2021-07-08 00:11:33 bad
2021-07-08 00:11:34 CHB 1757473?1625674293 第 1 次 等待 1 秒
2021-07-08 00:11:35 CHB 1757473?1625674293 第 1 次 获取到号码【1757473】GSD
2021-07-08 00:11:35 获取到号码【1757473】的GSD为【湖南-衡阳】
2021-07-08 00:11:39 GSD insert 第 1 次 等待 1 秒
2021-07-08 00:11:40 {"status":"ok","msg":"添加成功！218120"}
2021-07-08 00:11:40 下次操作: 2021-07-08 00:11:56

2021-07-08 00:11:56 开始第 10 次操作

2021-07-08 00:11:56 开始操作号码 【1757474】
2021-07-08 00:11:59 GSD getOne 第 1 次 等待 1 秒
2021-07-08 00:12:00 查询号码 【1757474】，返回信息 {"status":"bad","msg":""}
2021-07-08 00:12:00 查询号码 【1757474】，GSD为【""】
2021-07-08 00:12:00 bad
2021-07-08 00:12:02 CHB 1757474?1625674320 第 1 次 等待 1 秒
2021-07-08 00:12:03 CHB 1757474?1625674320 第 1 次 获取到号码【1757474】GSD
2021-07-08 00:12:03 获取到号码【1757474】的GSD为【湖南-衡阳】
2021-07-08 00:12:08 GSD insert 第 1 次 等待 1 秒
2021-07-08 00:12:09 {"status":"ok","msg":"添加成功！218126"}
2021-07-08 00:12:10 下次操作: 2021-07-08 00:12:21

2021-07-08 00:12:21 开始第 11 次操作

2021-07-08 00:12:21 开始操作号码 【1757475】
2021-07-08 00:12:27 GSD getOne 第 1 次 等待 1 秒
2021-07-08 00:12:28 查询号码 【1757475】，返回信息 {"status":"bad","msg":""}
2021-07-08 00:12:28 查询号码 【1757475】，GSD为【""】
2021-07-08 00:12:28 bad
2021-07-08 00:12:29 CHB 1757475?1625674348 第 1 次 等待 1 秒
2021-07-08 00:12:30 CHB 1757475?1625674348 第 1 次 获取到号码【1757475】GSD
2021-07-08 00:12:31 获取到号码【1757475】的GSD为【湖南-衡阳】
2021-07-08 00:12:36 GSD insert 第 1 次 等待 1 秒
2021-07-08 00:12:37 {"status":"ok","msg":"添加成功！218131"}
2021-07-08 00:12:37 下次操作: 2021-07-08 00:12:46

2021-07-08 00:12:46 开始第 12 次操作

2021-07-08 00:12:46 开始操作号码 【1757476】
2021-07-08 00:12:49 GSD getOne 第 1 次 等待 1 秒
2021-07-08 00:12:50 查询号码 【1757476】，返回信息 {"status":"bad","msg":""}
2021-07-08 00:12:50 查询号码 【1757476】，GSD为【""】
2021-07-08 00:12:50 bad
2021-07-08 00:12:52 CHB 1757476?1625674370 第 1 次 等待 1 秒
2021-07-08 00:12:53 CHB 1757476?1625674370 第 1 次 获取到号码【1757476】GSD
2021-07-08 00:12:53 获取到号码【1757476】的GSD为【湖南-衡阳】
2021-07-08 00:12:58 GSD insert 第 1 次 等待 1 秒
2021-07-08 00:12:59 {"status":"ok","msg":"添加成功！218135"}
2021-07-08 00:12:59 下次操作: 2021-07-08 00:13:17

2021-07-08 00:13:17 开始第 13 次操作

2021-07-08 00:13:17 开始操作号码 【1757477】
2021-07-08 00:13:22 GSD getOne 第 1 次 等待 1 秒
2021-07-08 00:13:23 查询号码 【1757477】，返回信息 {"status":"bad","msg":""}
2021-07-08 00:13:23 查询号码 【1757477】，GSD为【""】
2021-07-08 00:13:23 bad
2021-07-08 00:13:24 CHB 1757477?1625674403 第 1 次 等待 1 秒
2021-07-08 00:13:25 CHB 1757477?1625674403 第 1 次 获取到号码【1757477】GSD
2021-07-08 00:13:25 获取到号码【1757477】的GSD为【湖南-衡阳】
2021-07-08 00:13:29 GSD insert 第 1 次 等待 1 秒
2021-07-08 00:13:30 {"status":"ok","msg":"添加成功！218141"}
2021-07-08 00:13:30 下次操作: 2021-07-08 00:13:37

2021-07-08 00:13:37 开始第 14 次操作

2021-07-08 00:13:37 开始操作号码 【1757478】
2021-07-08 00:13:48 GSD getOne 第 1 次 等待 1 秒
2021-07-08 00:13:49 查询号码 【1757478】，返回信息 {"status":"bad","msg":""}
2021-07-08 00:13:49 查询号码 【1757478】，GSD为【""】
2021-07-08 00:13:49 bad
2021-07-08 00:13:50 CHB 1757478?1625674429 第 1 次 等待 1 秒
2021-07-08 00:13:51 CHB 1757478?1625674429 第 1 次 获取到号码【1757478】GSD
2021-07-08 00:13:52 获取到号码【1757478】的GSD为【湖南-衡阳】
2021-07-08 00:13:57 GSD insert 第 1 次 等待 1 秒
2021-07-08 00:13:58 {"status":"ok","msg":"添加成功！218147"}
2021-07-08 00:13:58 下次操作: 2021-07-08 00:14:15

2021-07-08 00:14:15 开始第 15 次操作

2021-07-08 00:14:15 开始操作号码 【1757479】
2021-07-08 00:14:19 GSD getOne 第 1 次 等待 1 秒
2021-07-08 00:14:20 查询号码 【1757479】，返回信息 {"status":"bad","msg":""}
2021-07-08 00:14:20 查询号码 【1757479】，GSD为【""】
2021-07-08 00:14:20 bad
2021-07-08 00:14:21 CHB 1757479?1625674460 第 1 次 等待 1 秒
2021-07-08 00:14:22 CHB 1757479?1625674460 第 1 次 获取到号码【1757479】GSD
2021-07-08 00:14:22 获取到号码【1757479】的GSD为【湖南-衡阳】
2021-07-08 00:14:26 GSD insert 第 1 次 等待 1 秒
2021-07-08 00:14:27 {"status":"ok","msg":"添加成功！218151"}
2021-07-08 00:14:27 下次操作: 2021-07-08 00:14:36

2021-07-08 00:14:36 开始第 16 次操作

2021-07-08 00:14:36 开始操作号码 【1757480】
2021-07-08 00:14:39 GSD getOne 第 1 次 等待 1 秒
2021-07-08 00:14:40 查询号码 【1757480】，返回信息 {"status":"bad","msg":""}
2021-07-08 00:14:41 查询号码 【1757480】，GSD为【""】
2021-07-08 00:14:41 bad
2021-07-08 00:14:42 CHB 1757480?1625674481 第 1 次 等待 1 秒
2021-07-08 00:14:43 CHB 1757480?1625674481 第 1 次 获取到号码【1757480】GSD
2021-07-08 00:14:43 获取到号码【1757480】的GSD为【湖南-长沙】
2021-07-08 00:14:55 GSD insert 第 1 次 等待 1 秒
2021-07-08 00:14:56 {"status":"ok","msg":"添加成功！218157"}
2021-07-08 00:14:56 下次操作: 2021-07-08 00:15:06

2021-07-08 00:15:06 开始第 17 次操作

2021-07-08 00:15:06 开始操作号码 【1757481】
2021-07-08 00:15:10 GSD getOne 第 1 次 等待 1 秒
2021-07-08 00:15:11 查询号码 【1757481】，返回信息 {"status":"bad","msg":""}
2021-07-08 00:15:11 查询号码 【1757481】，GSD为【""】
2021-07-08 00:15:11 bad
2021-07-08 00:15:12 CHB 1757481?1625674511 第 1 次 等待 1 秒
2021-07-08 00:15:13 CHB 1757481?1625674511 第 1 次 获取到号码【1757481】GSD
2021-07-08 00:15:13 获取到号码【1757481】的GSD为【湖南-长沙】
2021-07-08 00:15:22 GSD insert 第 1 次 等待 1 秒
2021-07-08 00:15:23 {"status":"ok","msg":"添加成功！218161"}
2021-07-08 00:15:23 下次操作: 2021-07-08 00:15:34

2021-07-08 00:15:34 开始第 18 次操作

2021-07-08 00:15:34 开始操作号码 【1757482】
2021-07-08 00:15:37 GSD getOne 第 1 次 等待 1 秒
2021-07-08 00:15:38 查询号码 【1757482】，返回信息 {"status":"bad","msg":""}
2021-07-08 00:15:38 查询号码 【1757482】，GSD为【""】
2021-07-08 00:15:38 bad
2021-07-08 00:15:39 CHB 1757482?1625674538 第 1 次 等待 1 秒
2021-07-08 00:15:40 CHB 1757482?1625674538 第 1 次 获取到号码【1757482】GSD
2021-07-08 00:15:41 获取到号码【1757482】的GSD为【湖南-长沙】
2021-07-08 00:15:44 GSD insert 第 1 次 等待 1 秒
2021-07-08 00:15:45 {"status":"ok","msg":"添加成功！218165"}
2021-07-08 00:15:45 下次操作: 2021-07-08 00:15:53

2021-07-08 00:15:53 开始第 19 次操作

2021-07-08 00:15:53 开始操作号码 【1757483】
2021-07-08 00:15:58 GSD getOne 第 1 次 等待 1 秒
2021-07-08 00:15:59 查询号码 【1757483】，返回信息 {"status":"bad","msg":""}
2021-07-08 00:15:59 查询号码 【1757483】，GSD为【""】
2021-07-08 00:15:59 bad
2021-07-08 00:16:00 CHB 1757483?1625674559 第 1 次 等待 1 秒
2021-07-08 00:16:01 CHB 1757483?1625674559 第 1 次 获取到号码【1757483】GSD
2021-07-08 00:16:01 获取到号码【1757483】的GSD为【湖南-长沙】
2021-07-08 00:16:05 GSD insert 第 1 次 等待 1 秒
2021-07-08 00:16:06 {"status":"ok","msg":"添加成功！218169"}
2021-07-08 00:16:06 下次操作: 2021-07-08 00:16:12

2021-07-08 00:16:12 开始第 20 次操作

2021-07-08 00:16:12 开始操作号码 【1757484】
2021-07-08 00:16:15 GSD getOne 第 1 次 等待 1 秒
2021-07-08 00:16:16 查询号码 【1757484】，返回信息 {"status":"bad","msg":""}
2021-07-08 00:16:16 查询号码 【1757484】，GSD为【""】
2021-07-08 00:16:16 bad
2021-07-08 00:16:18 CHB 1757484?1625674576 第 1 次 等待 1 秒
2021-07-08 00:16:19 CHB 1757484?1625674576 第 1 次 获取到号码【1757484】GSD
2021-07-08 00:16:19 获取到号码【1757484】的GSD为【湖南-长沙】
2021-07-08 00:16:28 GSD insert 第 1 次 等待 1 秒
2021-07-08 00:16:29 {"status":"ok","msg":"添加成功！218173"}
2021-07-08 00:16:29 下次操作: 2021-07-08 00:16:42

2021-07-08 00:16:42 开始第 21 次操作

2021-07-08 00:16:42 开始操作号码 【1757485】
2021-07-08 00:16:46 GSD getOne 第 1 次 等待 1 秒
2021-07-08 00:16:47 查询号码 【1757485】，返回信息 {"status":"bad","msg":""}
2021-07-08 00:16:47 查询号码 【1757485】，GSD为【""】
2021-07-08 00:16:47 bad
2021-07-08 00:16:48 CHB 1757485?1625674607 第 1 次 等待 1 秒
2021-07-08 00:16:49 CHB 1757485?1625674607 第 1 次 获取到号码【1757485】GSD
2021-07-08 00:16:49 获取到号码【1757485】的GSD为【湖南-长沙】
2021-07-08 00:16:56 GSD insert 第 1 次 等待 1 秒
2021-07-08 00:16:57 {"status":"ok","msg":"添加成功！218177"}
2021-07-08 00:16:57 下次操作: 2021-07-08 00:17:09

2021-07-08 00:17:09 开始第 22 次操作

2021-07-08 00:17:09 开始操作号码 【1757486】
2021-07-08 00:17:16 GSD getOne 第 1 次 等待 1 秒
2021-07-08 00:17:17 查询号码 【1757486】，返回信息 {"status":"bad","msg":""}
2021-07-08 00:17:17 查询号码 【1757486】，GSD为【""】
2021-07-08 00:17:17 bad
2021-07-08 00:17:18 CHB 1757486?1625674637 第 1 次 等待 1 秒
2021-07-08 00:17:19 CHB 1757486?1625674637 第 1 次 获取到号码【1757486】GSD
2021-07-08 00:17:19 获取到号码【1757486】的GSD为【湖南-长沙】
2021-07-08 00:17:25 GSD insert 第 1 次 等待 1 秒
2021-07-08 00:17:26 {"status":"ok","msg":"添加成功！218183"}
2021-07-08 00:17:26 下次操作: 2021-07-08 00:17:36

2021-07-08 00:17:36 开始第 23 次操作

2021-07-08 00:17:36 开始操作号码 【1757487】
2021-07-08 00:17:41 GSD getOne 第 1 次 等待 1 秒
2021-07-08 00:17:42 查询号码 【1757487】，返回信息 {"status":"bad","msg":""}
2021-07-08 00:17:42 查询号码 【1757487】，GSD为【""】
2021-07-08 00:17:42 bad
2021-07-08 00:17:43 CHB 1757487?1625674662 第 1 次 等待 1 秒
2021-07-08 00:17:44 CHB 1757487?1625674662 第 1 次 获取到号码【1757487】GSD
2021-07-08 00:17:44 获取到号码【1757487】的GSD为【湖南-长沙】
2021-07-08 00:17:48 GSD insert 第 1 次 等待 1 秒
2021-07-08 00:17:49 {"status":"ok","msg":"添加成功！218188"}
2021-07-08 00:17:49 下次操作: 2021-07-08 00:17:57

2021-07-08 00:17:57 开始第 24 次操作

2021-07-08 00:17:57 开始操作号码 【1757488】
2021-07-08 00:18:00 GSD getOne 第 1 次 等待 1 秒
2021-07-08 00:18:01 查询号码 【1757488】，返回信息 {"status":"bad","msg":""}
2021-07-08 00:18:01 查询号码 【1757488】，GSD为【""】
2021-07-08 00:18:01 bad
2021-07-08 00:18:03 CHB 1757488?1625674681 第 1 次 等待 1 秒
2021-07-08 00:18:04 CHB 1757488?1625674681 第 1 次 获取到号码【1757488】GSD
2021-07-08 00:18:04 获取到号码【1757488】的GSD为【湖南-长沙】
2021-07-08 00:18:14 GSD insert 第 1 次 等待 1 秒
2021-07-08 00:18:15 {"status":"ok","msg":"添加成功！218194"}
2021-07-08 00:18:15 下次操作: 2021-07-08 00:18:27

2021-07-08 00:18:27 开始第 25 次操作

2021-07-08 00:18:27 开始操作号码 【1757489】
2021-07-08 00:18:34 GSD getOne 第 1 次 等待 1 秒
2021-07-08 00:18:36 查询号码 【1757489】，返回信息 {"status":"bad","msg":""}
2021-07-08 00:18:36 查询号码 【1757489】，GSD为【""】
2021-07-08 00:18:36 bad
2021-07-08 00:18:37 CHB 1757489?1625674716 第 1 次 等待 1 秒
2021-07-08 00:18:38 CHB 1757489?1625674716 第 1 次 获取到号码【1757489】GSD
2021-07-08 00:18:38 获取到号码【1757489】的GSD为【湖南-长沙】
2021-07-08 00:18:42 GSD insert 第 1 次 等待 1 秒
2021-07-08 00:18:43 {"status":"ok","msg":"添加成功！218198"}
2021-07-08 00:18:43 下次操作: 2021-07-08 00:19:00

2021-07-08 00:19:00 开始第 26 次操作

2021-07-08 00:19:00 开始操作号码 【1757490】
2021-07-08 00:19:03 GSD getOne 第 1 次 等待 1 秒
2021-07-08 00:19:04 查询号码 【1757490】，返回信息 {"status":"bad","msg":""}
2021-07-08 00:19:04 查询号码 【1757490】，GSD为【""】
2021-07-08 00:19:04 bad
2021-07-08 00:19:06 CHB 1757490?1625674744 第 1 次 等待 1 秒
2021-07-08 00:19:07 CHB 1757490?1625674744 第 1 次 获取到号码【1757490】GSD
2021-07-08 00:19:07 获取到号码【1757490】的GSD为【湖南-长沙】
2021-07-08 00:19:10 GSD insert 第 1 次 等待 1 秒
2021-07-08 00:19:11 {"status":"ok","msg":"添加成功！218203"}
2021-07-08 00:19:11 下次操作: 2021-07-08 00:19:29

2021-07-08 00:19:29 开始第 27 次操作

2021-07-08 00:19:29 开始操作号码 【1757491】
2021-07-08 00:19:35 GSD getOne 第 1 次 等待 1 秒
2021-07-08 00:19:36 查询号码 【1757491】，返回信息 {"status":"bad","msg":""}
2021-07-08 00:19:36 查询号码 【1757491】，GSD为【""】
2021-07-08 00:19:36 bad
2021-07-08 00:19:37 CHB 1757491?1625674776 第 1 次 等待 1 秒
2021-07-08 00:19:38 CHB 1757491?1625674776 第 1 次 获取到号码【1757491】GSD
2021-07-08 00:19:38 获取到号码【1757491】的GSD为【湖南-长沙】
2021-07-08 00:19:45 GSD insert 第 1 次 等待 1 秒
2021-07-08 00:19:46 {"status":"ok","msg":"添加成功！218207"}
2021-07-08 00:19:46 下次操作: 2021-07-08 00:20:01

2021-07-08 00:20:01 开始第 28 次操作

2021-07-08 00:20:01 开始操作号码 【1757492】
2021-07-08 00:20:12 GSD getOne 第 1 次 等待 1 秒
2021-07-08 00:20:13 查询号码 【1757492】，返回信息 {"status":"bad","msg":""}
2021-07-08 00:20:13 查询号码 【1757492】，GSD为【""】
2021-07-08 00:20:13 bad
2021-07-08 00:20:14 CHB 1757492?1625674813 第 1 次 等待 1 秒
2021-07-08 00:20:15 CHB 1757492?1625674813 第 1 次 获取到号码【1757492】GSD
2021-07-08 00:20:15 获取到号码【1757492】的GSD为【湖南-长沙】
2021-07-08 00:20:19 GSD insert 第 1 次 等待 1 秒
2021-07-08 00:20:20 {"status":"ok","msg":"添加成功！218213"}
2021-07-08 00:20:20 下次操作: 2021-07-08 00:20:31

2021-07-08 00:20:31 开始第 29 次操作

2021-07-08 00:20:31 开始操作号码 【1757493】
2021-07-08 00:20:36 GSD getOne 第 1 次 等待 1 秒
2021-07-08 00:20:37 查询号码 【1757493】，返回信息 {"status":"bad","msg":""}
2021-07-08 00:20:37 查询号码 【1757493】，GSD为【""】
2021-07-08 00:20:37 bad
2021-07-08 00:20:38 CHB 1757493?1625674837 第 1 次 等待 1 秒
2021-07-08 00:20:39 CHB 1757493?1625674837 第 1 次 获取到号码【1757493】GSD
2021-07-08 00:20:39 获取到号码【1757493】的GSD为【湖南-长沙】
2021-07-08 00:20:44 GSD insert 第 1 次 等待 1 秒
2021-07-08 00:20:45 {"status":"ok","msg":"添加成功！218219"}
2021-07-08 00:20:45 下次操作: 2021-07-08 00:20:53

2021-07-08 00:20:53 开始第 30 次操作

2021-07-08 00:20:53 开始操作号码 【1757494】
2021-07-08 00:20:58 GSD getOne 第 1 次 等待 1 秒
2021-07-08 00:20:59 查询号码 【1757494】，返回信息 {"status":"bad","msg":""}
2021-07-08 00:20:59 查询号码 【1757494】，GSD为【""】
2021-07-08 00:20:59 bad
2021-07-08 00:21:01 CHB 1757494?1625674859 第 1 次 等待 1 秒
2021-07-08 00:21:02 CHB 1757494?1625674859 第 1 次 获取到号码【1757494】GSD
2021-07-08 00:21:02 获取到号码【1757494】的GSD为【湖南-长沙】
2021-07-08 00:21:06 GSD insert 第 1 次 等待 1 秒
2021-07-08 00:21:07 {"status":"ok","msg":"添加成功！218222"}

