2024-09-20 00:27:40 开始第 5193 次操作

2024-09-20 00:27:40 开始操作号码 【1435190】
2024-09-20 00:27:45 GSD getOne 第 1 次 等待 3 秒
2024-09-20 00:27:48 查询号码 【1435190】，返回信息 {"status":"ok","msg":"-","gid":"624130","time_insert":"2023-03-30 18:06"}
2024-09-20 00:27:48 查询号码 【1435190】，GSD为【"-"】
2024-09-20 00:27:48 ok && -
2024-09-20 00:27:50 CHB 1435190?1726763268 第 1 次 等待 3 秒
2024-09-20 00:27:53 CHB 1435190?1726763268 第 1 次 获取到号码【1435190】GSD
2024-09-20 00:27:53 未获取到号码【1435190】GSD，可能号码格式错误
2024-09-20 00:27:53 获取到号码【1435190】的GSD为【-】
2024-09-20 00:27:55 GSD insert 第 1 次 等待 3 秒
2024-09-20 00:27:58 {"status":"bad","gid":"624130","msg":"添加失败！号码【1435190(-|-)】已存在！"}
2024-09-20 00:27:58 随机等待 125 秒，约 2 分钟
2024-09-20 00:27:58 下次操作: 2024-09-20 00:30:03

2024-09-20 00:30:03 开始第 5194 次操作

2024-09-20 00:30:03 开始操作号码 【1435191】
2024-09-20 00:30:21 GSD getOne 第 1 次 等待 3 秒
2024-09-20 00:30:24 查询号码 【1435191】，返回信息 {"status":"ok","msg":"-","gid":"624164","time_insert":"2023-03-30 18:29"}
2024-09-20 00:30:24 查询号码 【1435191】，GSD为【"-"】
2024-09-20 00:30:24 ok && -
2024-09-20 00:30:26 CHB 1435191?1726763424 第 1 次 等待 3 秒
2024-09-20 00:30:29 CHB 1435191?1726763424 第 1 次 获取到号码【1435191】GSD
2024-09-20 00:30:29 未获取到号码【1435191】GSD，可能号码格式错误
2024-09-20 00:30:29 获取到号码【1435191】的GSD为【-】
2024-09-20 00:30:31 GSD insert 第 1 次 等待 3 秒
2024-09-20 00:30:34 {"status":"bad","gid":"624164","msg":"添加失败！号码【1435191(-|-)】已存在！"}
2024-09-20 00:30:34 随机等待 133 秒，约 2 分钟
2024-09-20 00:30:34 下次操作: 2024-09-20 00:32:47

2024-09-20 00:32:47 开始第 5195 次操作

2024-09-20 00:32:47 开始操作号码 【1435192】
2024-09-20 00:32:50 GSD getOne 第 1 次 等待 3 秒
2024-09-20 00:32:53 查询号码 【1435192】，返回信息 {"status":"ok","msg":"-","gid":"624183","time_insert":"2023-03-30 18:39"}
2024-09-20 00:32:53 查询号码 【1435192】，GSD为【"-"】
2024-09-20 00:32:53 ok && -
2024-09-20 00:32:55 CHB 1435192?1726763573 第 1 次 等待 3 秒
2024-09-20 00:32:58 CHB 1435192?1726763573 第 1 次 获取到号码【1435192】GSD
2024-09-20 00:32:58 未获取到号码【1435192】GSD，可能号码格式错误
2024-09-20 00:32:58 获取到号码【1435192】的GSD为【-】
2024-09-20 00:33:00 GSD insert 第 1 次 等待 3 秒
2024-09-20 00:33:03 {"status":"bad","gid":"624183","msg":"添加失败！号码【1435192(-|-)】已存在！"}
2024-09-20 00:33:03 随机等待 105 秒，约 1 分钟
2024-09-20 00:33:03 下次操作: 2024-09-20 00:34:48

2024-09-20 00:34:48 开始第 5196 次操作

2024-09-20 00:34:48 开始操作号码 【1435193】
2024-09-20 00:34:50 GSD getOne 第 1 次 等待 3 秒
2024-09-20 00:34:53 查询号码 【1435193】，返回信息 {"status":"ok","msg":"-","gid":"624209","time_insert":"2023-03-30 19:01"}
2024-09-20 00:34:53 查询号码 【1435193】，GSD为【"-"】
2024-09-20 00:34:53 ok && -
2024-09-20 00:34:55 CHB 1435193?1726763693 第 1 次 等待 3 秒
2024-09-20 00:34:58 CHB 1435193?1726763693 第 1 次 获取到号码【1435193】GSD
2024-09-20 00:34:58 未获取到号码【1435193】GSD，可能号码格式错误
2024-09-20 00:34:58 获取到号码【1435193】的GSD为【-】
2024-09-20 00:35:00 GSD insert 第 1 次 等待 3 秒
2024-09-20 00:35:03 {"status":"bad","gid":"624209","msg":"添加失败！号码【1435193(-|-)】已存在！"}

