2023-11-20 00:34:36 开始第 9809 次操作

2023-11-20 00:34:36 开始操作号码 【1979708】
2023-11-20 00:34:39 GSD getOne 第 1 次 等待 3 秒
2023-11-20 00:34:42 查询号码 【1979708】，返回信息 {"status":"ok","msg":"-","gid":"594779","time_insert":"2023-03-16 16:39"}
2023-11-20 00:34:42 查询号码 【1979708】，GSD为【"-"】
2023-11-20 00:34:42 ok && -
2023-11-20 00:34:46 CHB 1979708?1700411682 第 1 次 等待 3 秒
2023-11-20 00:34:49 CHB 1979708?1700411682 第 1 次 获取到号码【1979708】GSD
2023-11-20 00:34:49 未获取到号码【1979708】GSD，可能号码格式错误
2023-11-20 00:34:49 获取到号码【1979708】的GSD为【-】
2023-11-20 00:34:53 GSD insert 第 1 次 等待 3 秒
2023-11-20 00:34:56 {"status":"bad","gid":"594779","msg":"添加失败！号码【1979708(-|-)】已存在！"}
2023-11-20 00:34:56 随机等待 97 秒，约 1 分钟
2023-11-20 00:34:56 下次操作: 2023-11-20 00:36:33

2023-11-20 00:36:33 开始第 9810 次操作

2023-11-20 00:36:33 开始操作号码 【1979709】
2023-11-20 00:36:38 GSD getOne 第 1 次 等待 3 秒
2023-11-20 00:36:41 查询号码 【1979709】，返回信息 {"status":"ok","msg":"-","gid":"594784","time_insert":"2023-03-16 16:42"}
2023-11-20 00:36:41 查询号码 【1979709】，GSD为【"-"】
2023-11-20 00:36:41 ok && -
2023-11-20 00:36:44 CHB 1979709?1700411801 第 1 次 等待 3 秒
2023-11-20 00:36:47 CHB 1979709?1700411801 第 1 次 获取到号码【1979709】GSD
2023-11-20 00:36:47 未获取到号码【1979709】GSD，可能号码格式错误
2023-11-20 00:36:47 获取到号码【1979709】的GSD为【-】
2023-11-20 00:36:50 GSD insert 第 1 次 等待 3 秒
2023-11-20 00:36:53 {"status":"bad","gid":"594784","msg":"添加失败！号码【1979709(-|-)】已存在！"}
2023-11-20 00:36:53 随机等待 124 秒，约 2 分钟
2023-11-20 00:36:53 下次操作: 2023-11-20 00:38:57

2023-11-20 00:38:57 开始第 9811 次操作

2023-11-20 00:38:57 开始操作号码 【1979710】
2023-11-20 00:39:01 GSD getOne 第 1 次 等待 3 秒
2023-11-20 00:39:04 查询号码 【1979710】，返回信息 {"status":"ok","msg":"-","gid":"594790","time_insert":"2023-03-16 16:45"}
2023-11-20 00:39:04 查询号码 【1979710】，GSD为【"-"】
2023-11-20 00:39:04 ok && -
2023-11-20 00:39:07 CHB 1979710?1700411944 第 1 次 等待 3 秒
2023-11-20 00:39:10 CHB 1979710?1700411944 第 1 次 获取到号码【1979710】GSD
2023-11-20 00:39:10 未获取到号码【1979710】GSD，可能号码格式错误
2023-11-20 00:39:10 获取到号码【1979710】的GSD为【-】
2023-11-20 00:39:18 GSD insert 第 1 次 等待 3 秒
2023-11-20 00:39:21 {"status":"bad","gid":"594790","msg":"添加失败！号码【1979710(-|-)】已存在！"}
2023-11-20 00:39:21 随机等待 120 秒，约 2 分钟
2023-11-20 00:39:21 下次操作: 2023-11-20 00:41:21

2023-11-20 00:41:21 开始第 9812 次操作

2023-11-20 00:41:21 开始操作号码 【1979711】
2023-11-20 00:41:24 GSD getOne 第 1 次 等待 3 秒
2023-11-20 00:41:27 查询号码 【1979711】，返回信息 {"status":"ok","msg":"-","gid":"594793","time_insert":"2023-03-16 16:48"}
2023-11-20 00:41:27 查询号码 【1979711】，GSD为【"-"】
2023-11-20 00:41:27 ok && -
2023-11-20 00:41:30 CHB 1979711?1700412087 第 1 次 等待 3 秒
2023-11-20 00:41:33 CHB 1979711?1700412087 第 1 次 获取到号码【1979711】GSD
2023-11-20 00:41:33 未获取到号码【1979711】GSD，可能号码格式错误
2023-11-20 00:41:33 获取到号码【1979711】的GSD为【-】
2023-11-20 00:41:36 GSD insert 第 1 次 等待 3 秒
2023-11-20 00:41:39 {"status":"bad","gid":"594793","msg":"添加失败！号码【1979711(-|-)】已存在！"}

2023-11-20 01:06:08 开始第 9813 次操作

2023-11-20 01:06:08 开始操作号码 【1979712】
2023-11-20 01:06:12 GSD getOne 第 1 次 等待 3 秒
2023-11-20 01:06:15 查询号码 【1979712】，返回信息 {"status":"ok","msg":"-","gid":"594799","time_insert":"2023-03-16 16:50"}
2023-11-20 01:06:16 查询号码 【1979712】，GSD为【"-"】
2023-11-20 01:06:16 ok && -
2023-11-20 01:06:18 CHB 1979712?1700413576 第 1 次 等待 3 秒
2023-11-20 01:06:21 CHB 1979712?1700413576 第 1 次 获取到号码【1979712】GSD
2023-11-20 01:06:21 未获取到号码【1979712】GSD，可能号码格式错误
2023-11-20 01:06:21 获取到号码【1979712】的GSD为【-】
2023-11-20 01:06:24 GSD insert 第 1 次 等待 3 秒
2023-11-20 01:06:27 {"status":"bad","gid":"594799","msg":"添加失败！号码【1979712(-|-)】已存在！"}
2023-11-20 01:06:27 随机等待 190 秒，约 3 分钟
2023-11-20 01:06:27 下次操作: 2023-11-20 01:09:37

2023-11-20 01:09:37 开始第 9814 次操作

2023-11-20 01:09:37 开始操作号码 【1979713】
2023-11-20 01:09:42 GSD getOne 第 1 次 等待 3 秒
2023-11-20 01:09:45 查询号码 【1979713】，返回信息 {"status":"ok","msg":"-","gid":"594805","time_insert":"2023-03-16 16:53"}
2023-11-20 01:09:45 查询号码 【1979713】，GSD为【"-"】
2023-11-20 01:09:45 ok && -
2023-11-20 01:09:49 CHB 1979713?1700413785 第 1 次 等待 3 秒
2023-11-20 01:09:52 CHB 1979713?1700413785 第 1 次 获取到号码【1979713】GSD
2023-11-20 01:09:52 未获取到号码【1979713】GSD，可能号码格式错误
2023-11-20 01:09:52 获取到号码【1979713】的GSD为【-】
2023-11-20 01:09:57 GSD insert 第 1 次 等待 3 秒
2023-11-20 01:10:00 {"status":"bad","gid":"594805","msg":"添加失败！号码【1979713(-|-)】已存在！"}
2023-11-20 01:10:00 随机等待 66 秒，约 1 分钟
2023-11-20 01:10:00 下次操作: 2023-11-20 01:11:06

2023-11-20 01:11:06 开始第 9815 次操作

2023-11-20 01:11:06 开始操作号码 【1979714】
2023-11-20 01:11:09 GSD getOne 第 1 次 等待 3 秒
2023-11-20 01:11:12 查询号码 【1979714】，返回信息 {"status":"ok","msg":"-","gid":"594807","time_insert":"2023-03-16 16:55"}
2023-11-20 01:11:12 查询号码 【1979714】，GSD为【"-"】
2023-11-20 01:11:12 ok && -
2023-11-20 01:11:15 CHB 1979714?1700413872 第 1 次 等待 3 秒
2023-11-20 01:11:18 CHB 1979714?1700413872 第 1 次 获取到号码【1979714】GSD
2023-11-20 01:11:18 未获取到号码【1979714】GSD，可能号码格式错误
2023-11-20 01:11:18 获取到号码【1979714】的GSD为【-】
2023-11-20 01:11:21 GSD insert 第 1 次 等待 3 秒
2023-11-20 01:11:24 {"status":"bad","gid":"594807","msg":"添加失败！号码【1979714(-|-)】已存在！"}
2023-11-20 01:11:24 随机等待 81 秒，约 1 分钟
2023-11-20 01:11:24 下次操作: 2023-11-20 01:12:45

2023-11-20 01:12:45 开始第 9816 次操作

2023-11-20 01:12:45 开始操作号码 【1979715】
2023-11-20 01:12:49 GSD getOne 第 1 次 等待 3 秒
2023-11-20 01:12:52 查询号码 【1979715】，返回信息 {"status":"ok","msg":"-","gid":"594811","time_insert":"2023-03-16 16:57"}
2023-11-20 01:12:52 查询号码 【1979715】，GSD为【"-"】
2023-11-20 01:12:52 ok && -
2023-11-20 01:12:56 CHB 1979715?1700413972 第 1 次 等待 3 秒
2023-11-20 01:12:59 CHB 1979715?1700413972 第 1 次 获取到号码【1979715】GSD
2023-11-20 01:12:59 未获取到号码【1979715】GSD，可能号码格式错误
2023-11-20 01:12:59 获取到号码【1979715】的GSD为【-】
2023-11-20 01:13:02 GSD insert 第 1 次 等待 3 秒
2023-11-20 01:13:05 {"status":"bad","gid":"594811","msg":"添加失败！号码【1979715(-|-)】已存在！"}

