2021-07-16 00:00:04 开始第 17 次操作

2021-07-16 00:00:04 开始操作号码 【1803127】
2021-07-16 00:00:12 GSD getOne 第 1 次 等待 3 秒
2021-07-16 00:00:15 查询号码 【1803127】，返回信息 {"status":"bad","msg":""}
2021-07-16 00:00:15 查询号码 【1803127】，GSD为【""】
2021-07-16 00:00:15 bad
2021-07-16 00:00:16 CHB 1803127?1626364815 第 1 次 等待 3 秒
2021-07-16 00:00:19 CHB 1803127?1626364815 第 1 次 获取到号码【1803127】GSD
2021-07-16 00:00:19 获取到号码【1803127】的GSD为【河北-保定】
2021-07-16 00:00:25 GSD insert 第 1 次 等待 3 秒
2021-07-16 00:00:28 {"status":"ok","gid":288338,"msg":"添加成功！"}
2021-07-16 00:00:28 下次操作: 2021-07-16 00:00:43

2021-07-16 00:00:43 开始第 18 次操作

2021-07-16 00:00:43 开始操作号码 【1803128】
2021-07-16 00:00:50 GSD getOne 第 1 次 等待 3 秒
2021-07-16 00:00:53 查询号码 【1803128】，返回信息 {"status":"bad","msg":""}
2021-07-16 00:00:53 查询号码 【1803128】，GSD为【""】
2021-07-16 00:00:53 bad
2021-07-16 00:00:54 CHB 1803128?1626364853 第 1 次 等待 3 秒
2021-07-16 00:00:57 CHB 1803128?1626364853 第 1 次 获取到号码【1803128】GSD
2021-07-16 00:00:57 获取到号码【1803128】的GSD为【河北-保定】
2021-07-16 00:01:01 GSD insert 第 1 次 等待 3 秒
2021-07-16 00:01:04 {"status":"ok","gid":288346,"msg":"添加成功！"}
2021-07-16 00:01:04 下次操作: 2021-07-16 00:01:24

2021-07-16 00:01:24 开始第 19 次操作

2021-07-16 00:01:24 开始操作号码 【1803129】
2021-07-16 00:01:27 GSD getOne 第 1 次 等待 3 秒
2021-07-16 00:01:30 查询号码 【1803129】，返回信息 {"status":"bad","msg":""}
2021-07-16 00:01:30 查询号码 【1803129】，GSD为【""】
2021-07-16 00:01:30 bad
2021-07-16 00:01:32 CHB 1803129?1626364890 第 1 次 等待 3 秒
2021-07-16 00:01:35 CHB 1803129?1626364890 第 1 次 获取到号码【1803129】GSD
2021-07-16 00:01:35 获取到号码【1803129】的GSD为【河北-保定】
2021-07-16 00:01:40 GSD insert 第 1 次 等待 3 秒
2021-07-16 00:01:43 {"status":"ok","gid":288356,"msg":"添加成功！"}
2021-07-16 00:01:43 下次操作: 2021-07-16 00:02:03

2021-07-16 00:02:03 开始第 20 次操作

2021-07-16 00:02:03 开始操作号码 【1803130】
2021-07-16 00:02:06 GSD getOne 第 1 次 等待 3 秒
2021-07-16 00:02:09 查询号码 【1803130】，返回信息 {"status":"bad","msg":""}
2021-07-16 00:02:09 查询号码 【1803130】，GSD为【""】
2021-07-16 00:02:09 bad
2021-07-16 00:02:12 CHB 1803130?1626364929 第 1 次 等待 3 秒
2021-07-16 00:02:15 CHB 1803130?1626364929 第 1 次 获取到号码【1803130】GSD
2021-07-16 00:02:15 获取到号码【1803130】的GSD为【河北-张家口】
2021-07-16 00:02:19 GSD insert 第 1 次 等待 3 秒
2021-07-16 00:02:22 {"status":"ok","gid":288364,"msg":"添加成功！"}
2021-07-16 00:02:22 下次操作: 2021-07-16 00:02:45

2021-07-16 00:02:45 开始第 21 次操作

2021-07-16 00:02:45 开始操作号码 【1803131】
2021-07-16 00:02:48 GSD getOne 第 1 次 等待 3 秒
2021-07-16 00:02:51 查询号码 【1803131】，返回信息 {"status":"bad","msg":""}
2021-07-16 00:02:51 查询号码 【1803131】，GSD为【""】
2021-07-16 00:02:51 bad
2021-07-16 00:02:53 CHB 1803131?1626364971 第 1 次 等待 3 秒
2021-07-16 00:02:56 CHB 1803131?1626364971 第 1 次 获取到号码【1803131】GSD
2021-07-16 00:02:56 获取到号码【1803131】的GSD为【河北-唐山】
2021-07-16 00:03:00 GSD insert 第 1 次 等待 3 秒
2021-07-16 00:03:03 {"status":"ok","gid":288372,"msg":"添加成功！"}
2021-07-16 00:03:03 下次操作: 2021-07-16 00:03:18

2021-07-16 00:03:18 开始第 22 次操作

2021-07-16 00:03:18 开始操作号码 【1803132】
2021-07-16 00:03:23 GSD getOne 第 1 次 等待 3 秒
2021-07-16 00:03:26 查询号码 【1803132】，返回信息 {"status":"bad","msg":""}
2021-07-16 00:03:26 查询号码 【1803132】，GSD为【""】
2021-07-16 00:03:26 bad
2021-07-16 00:03:27 CHB 1803132?1626365006 第 1 次 等待 3 秒
2021-07-16 00:03:30 CHB 1803132?1626365006 第 1 次 获取到号码【1803132】GSD
2021-07-16 00:03:30 获取到号码【1803132】的GSD为【河北-唐山】
2021-07-16 00:03:33 GSD insert 第 1 次 等待 3 秒
2021-07-16 00:03:36 {"status":"ok","gid":288379,"msg":"添加成功！"}
2021-07-16 00:03:36 下次操作: 2021-07-16 00:03:48

2021-07-16 00:03:48 开始第 23 次操作

2021-07-16 00:03:48 开始操作号码 【1803133】
2021-07-16 00:03:51 GSD getOne 第 1 次 等待 3 秒
2021-07-16 00:03:54 查询号码 【1803133】，返回信息 {"status":"bad","msg":""}
2021-07-16 00:03:54 查询号码 【1803133】，GSD为【""】
2021-07-16 00:03:54 bad
2021-07-16 00:03:56 CHB 1803133?1626365034 第 1 次 等待 3 秒
2021-07-16 00:03:59 CHB 1803133?1626365034 第 1 次 获取到号码【1803133】GSD
2021-07-16 00:03:59 获取到号码【1803133】的GSD为【河北-唐山】
2021-07-16 00:04:02 GSD insert 第 1 次 等待 3 秒
2021-07-16 00:04:05 {"status":"ok","gid":288384,"msg":"添加成功！"}
2021-07-16 00:04:05 下次操作: 2021-07-16 00:04:28

2021-07-16 00:04:28 开始第 24 次操作

2021-07-16 00:04:28 开始操作号码 【1803134】
2021-07-16 00:04:36 GSD getOne 第 1 次 等待 3 秒
2021-07-16 00:04:39 查询号码 【1803134】，返回信息 {"status":"bad","msg":""}
2021-07-16 00:04:39 查询号码 【1803134】，GSD为【""】
2021-07-16 00:04:39 bad
2021-07-16 00:04:41 CHB 1803134?1626365079 第 1 次 等待 3 秒
2021-07-16 00:04:44 CHB 1803134?1626365079 第 1 次 获取到号码【1803134】GSD
2021-07-16 00:04:44 获取到号码【1803134】的GSD为【河北-石家庄】
2021-07-16 00:04:47 GSD insert 第 1 次 等待 3 秒
2021-07-16 00:04:50 {"status":"ok","gid":288398,"msg":"添加成功！"}
2021-07-16 00:04:50 下次操作: 2021-07-16 00:05:02

2021-07-16 00:05:02 开始第 25 次操作

2021-07-16 00:05:02 开始操作号码 【1803135】
2021-07-16 00:05:07 GSD getOne 第 1 次 等待 3 秒
2021-07-16 00:05:10 查询号码 【1803135】，返回信息 {"status":"bad","msg":""}
2021-07-16 00:05:10 查询号码 【1803135】，GSD为【""】
2021-07-16 00:05:10 bad
2021-07-16 00:05:12 CHB 1803135?1626365110 第 1 次 等待 3 秒
2021-07-16 00:05:15 CHB 1803135?1626365110 第 1 次 获取到号码【1803135】GSD
2021-07-16 00:05:15 获取到号码【1803135】的GSD为【河北-张家口】
2021-07-16 00:05:18 GSD insert 第 1 次 等待 3 秒
2021-07-16 00:05:21 {"status":"ok","gid":288405,"msg":"添加成功！"}
2021-07-16 00:05:21 下次操作: 2021-07-16 00:05:39

2021-07-16 00:05:39 开始第 26 次操作

2021-07-16 00:05:39 开始操作号码 【1803136】
2021-07-16 00:05:55 GSD getOne 第 1 次 等待 3 秒
2021-07-16 00:05:58 查询号码 【1803136】，返回信息 {"status":"bad","msg":""}
2021-07-16 00:05:59 查询号码 【1803136】，GSD为【""】
2021-07-16 00:05:59 bad
2021-07-16 00:06:04 CHB 1803136?1626365159 第 1 次 等待 3 秒
2021-07-16 00:06:07 CHB 1803136?1626365159 第 1 次 获取到号码【1803136】GSD
2021-07-16 00:06:07 获取到号码【1803136】的GSD为【河北-石家庄】
2021-07-16 00:06:09 GSD insert 第 1 次 等待 3 秒
2021-07-16 00:06:12 {"status":"ok","gid":288414,"msg":"添加成功！"}
2021-07-16 00:06:12 下次操作: 2021-07-16 00:06:26

2021-07-16 00:06:26 开始第 27 次操作

2021-07-16 00:06:26 开始操作号码 【1803137】
2021-07-16 00:06:34 GSD getOne 第 1 次 等待 3 秒
2021-07-16 00:06:37 查询号码 【1803137】，返回信息 {"status":"bad","msg":""}
2021-07-16 00:06:37 查询号码 【1803137】，GSD为【""】
2021-07-16 00:06:37 bad
2021-07-16 00:06:43 CHB 1803137?1626365197 第 1 次 等待 3 秒
2021-07-16 00:06:46 CHB 1803137?1626365197 第 1 次 获取到号码【1803137】GSD
2021-07-16 00:06:46 获取到号码【1803137】的GSD为【河北-张家口】
2021-07-16 00:06:51 GSD insert 第 1 次 等待 3 秒
2021-07-16 00:06:54 {"status":"ok","gid":288420,"msg":"添加成功！"}
2021-07-16 00:06:54 下次操作: 2021-07-16 00:07:06

2021-07-16 00:07:06 开始第 28 次操作

2021-07-16 00:07:06 开始操作号码 【1803138】
2021-07-16 00:07:09 GSD getOne 第 1 次 等待 3 秒
2021-07-16 00:07:12 查询号码 【1803138】，返回信息 {"status":"bad","msg":""}
2021-07-16 00:07:12 查询号码 【1803138】，GSD为【""】
2021-07-16 00:07:12 bad
2021-07-16 00:07:14 CHB 1803138?1626365232 第 1 次 等待 3 秒
2021-07-16 00:07:17 CHB 1803138?1626365232 第 1 次 获取到号码【1803138】GSD
2021-07-16 00:07:17 获取到号码【1803138】的GSD为【河北-张家口】
2021-07-16 00:07:23 GSD insert 第 1 次 等待 3 秒
2021-07-16 00:07:26 {"status":"ok","gid":288432,"msg":"添加成功！"}
2021-07-16 00:07:26 下次操作: 2021-07-16 00:07:47

2021-07-16 00:07:47 开始第 29 次操作

2021-07-16 00:07:47 开始操作号码 【1803139】
2021-07-16 00:08:48 GSD getOne 第 1 次 等待 3 秒
2021-07-16 00:08:51 查询号码 【1803139】，返回信息 {"status":"bad","msg":""}
2021-07-16 00:08:51 查询号码 【1803139】，GSD为【""】
2021-07-16 00:08:51 bad
2021-07-16 00:08:52 CHB 1803139?1626365331 第 1 次 等待 3 秒
2021-07-16 00:08:55 CHB 1803139?1626365331 第 1 次 获取到号码【1803139】GSD
2021-07-16 00:08:56 获取到号码【1803139】的GSD为【河北-张家口】
2021-07-16 00:09:25 GSD insert 第 1 次 等待 3 秒
2021-07-16 00:09:28 {"status":"ok","gid":288447,"msg":"添加成功！"}
2021-07-16 00:09:28 下次操作: 2021-07-16 00:09:50

2021-07-16 00:09:51 开始第 30 次操作

2021-07-16 00:09:51 开始操作号码 【1803140】
2021-07-16 00:09:55 GSD getOne 第 1 次 等待 3 秒
2021-07-16 00:09:58 查询号码 【1803140】，返回信息 {"status":"bad","msg":""}
2021-07-16 00:09:58 查询号码 【1803140】，GSD为【""】
2021-07-16 00:09:58 bad
2021-07-16 00:10:00 CHB 1803140?1626365398 第 1 次 等待 3 秒
2021-07-16 00:10:03 CHB 1803140?1626365398 第 1 次 获取到号码【1803140】GSD
2021-07-16 00:10:03 获取到号码【1803140】的GSD为【河北-承德】
2021-07-16 00:10:06 GSD insert 第 1 次 等待 3 秒
2021-07-16 00:10:09 {"status":"ok","gid":288454,"msg":"添加成功！"}
2021-07-16 00:10:09 下次操作: 2021-07-16 00:10:31

2021-07-16 00:10:31 开始第 31 次操作

2021-07-16 00:10:31 开始操作号码 【1803141】
2021-07-16 00:10:36 GSD getOne 第 1 次 等待 3 秒
2021-07-16 00:10:39 查询号码 【1803141】，返回信息 {"status":"bad","msg":""}
2021-07-16 00:10:39 查询号码 【1803141】，GSD为【""】
2021-07-16 00:10:39 bad
2021-07-16 00:10:41 CHB 1803141?1626365439 第 1 次 等待 3 秒
2021-07-16 00:10:44 CHB 1803141?1626365439 第 1 次 获取到号码【1803141】GSD
2021-07-16 00:10:44 获取到号码【1803141】的GSD为【河北-承德】
2021-07-16 00:10:47 GSD insert 第 1 次 等待 3 秒
2021-07-16 00:10:50 {"status":"ok","gid":288466,"msg":"添加成功！"}
2021-07-16 00:10:50 下次操作: 2021-07-16 00:11:13

2021-07-16 00:11:13 开始第 32 次操作

2021-07-16 00:11:13 开始操作号码 【1803142】
2021-07-16 00:11:51 GSD getOne 第 1 次 等待 3 秒
2021-07-16 00:11:54 查询号码 【1803142】，返回信息 {"status":"bad","msg":""}
2021-07-16 00:11:54 查询号码 【1803142】，GSD为【""】
2021-07-16 00:11:54 bad
2021-07-16 00:11:55 CHB 1803142?1626365514 第 1 次 等待 3 秒
2021-07-16 00:11:58 CHB 1803142?1626365514 第 1 次 获取到号码【1803142】GSD
2021-07-16 00:11:58 获取到号码【1803142】的GSD为【河北-承德】
2021-07-16 00:12:02 GSD insert 第 1 次 等待 3 秒
2021-07-16 00:12:05 {"status":"ok","gid":288482,"msg":"添加成功！"}
2021-07-16 00:12:05 下次操作: 2021-07-16 00:12:28

2021-07-16 00:12:28 开始第 33 次操作

2021-07-16 00:12:28 开始操作号码 【1803143】
2021-07-16 00:12:35 GSD getOne 第 1 次 等待 3 秒
2021-07-16 00:12:38 查询号码 【1803143】，返回信息 {"status":"bad","msg":""}
2021-07-16 00:12:39 查询号码 【1803143】，GSD为【""】
2021-07-16 00:12:39 bad
2021-07-16 00:12:40 CHB 1803143?1626365559 第 1 次 等待 3 秒
2021-07-16 00:12:43 CHB 1803143?1626365559 第 1 次 获取到号码【1803143】GSD
2021-07-16 00:12:43 获取到号码【1803143】的GSD为【河北-秦皇岛】
2021-07-16 00:12:46 GSD insert 第 1 次 等待 3 秒
2021-07-16 00:12:49 {"status":"ok","gid":288487,"msg":"添加成功！"}
2021-07-16 00:12:49 下次操作: 2021-07-16 00:13:10

2021-07-16 00:13:10 开始第 34 次操作

2021-07-16 00:13:10 开始操作号码 【1803144】
2021-07-16 00:13:15 GSD getOne 第 1 次 等待 3 秒
2021-07-16 00:13:18 查询号码 【1803144】，返回信息 {"status":"bad","msg":""}
2021-07-16 00:13:18 查询号码 【1803144】，GSD为【""】
2021-07-16 00:13:18 bad
2021-07-16 00:13:20 CHB 1803144?1626365598 第 1 次 等待 3 秒
2021-07-16 00:13:23 CHB 1803144?1626365598 第 1 次 获取到号码【1803144】GSD
2021-07-16 00:13:23 获取到号码【1803144】的GSD为【河北-石家庄】
2021-07-16 00:13:30 GSD insert 第 1 次 等待 3 秒
2021-07-16 00:13:33 {"status":"ok","gid":288494,"msg":"添加成功！"}
2021-07-16 00:13:33 下次操作: 2021-07-16 00:13:49

2021-07-16 00:13:49 开始第 35 次操作

2021-07-16 00:13:49 开始操作号码 【1803145】
2021-07-16 00:13:52 GSD getOne 第 1 次 等待 3 秒
2021-07-16 00:13:55 查询号码 【1803145】，返回信息 {"status":"bad","msg":""}
2021-07-16 00:13:55 查询号码 【1803145】，GSD为【""】
2021-07-16 00:13:55 bad
2021-07-16 00:14:01 CHB 1803145?1626365635 第 1 次 等待 3 秒
2021-07-16 00:14:04 CHB 1803145?1626365635 第 1 次 获取到号码【1803145】GSD
2021-07-16 00:14:04 获取到号码【1803145】的GSD为【河北-秦皇岛】
2021-07-16 00:14:41 GSD insert 第 1 次 等待 3 秒
2021-07-16 00:14:44 {"status":"ok","gid":288500,"msg":"添加成功！"}
2021-07-16 00:14:44 下次操作: 2021-07-16 00:15:08

2021-07-16 00:15:08 开始第 36 次操作

2021-07-16 00:15:08 开始操作号码 【1803146】
2021-07-16 00:15:11 GSD getOne 第 1 次 等待 3 秒
2021-07-16 00:15:14 查询号码 【1803146】，返回信息 {"status":"bad","msg":""}
2021-07-16 00:15:14 查询号码 【1803146】，GSD为【""】
2021-07-16 00:15:14 bad
2021-07-16 00:15:16 CHB 1803146?1626365714 第 1 次 等待 3 秒
2021-07-16 00:15:19 CHB 1803146?1626365714 第 1 次 获取到号码【1803146】GSD
2021-07-16 00:15:19 获取到号码【1803146】的GSD为【河北-石家庄】
2021-07-16 00:15:26 GSD insert 第 1 次 等待 3 秒
2021-07-16 00:15:29 {"status":"ok","gid":288506,"msg":"添加成功！"}
2021-07-16 00:15:29 下次操作: 2021-07-16 00:15:41

2021-07-16 00:15:41 开始第 37 次操作

2021-07-16 00:15:41 开始操作号码 【1803147】
2021-07-16 00:16:09 GSD getOne 第 1 次 等待 3 秒
2021-07-16 00:16:12 查询号码 【1803147】，返回信息 {"status":"bad","msg":""}
2021-07-16 00:16:12 查询号码 【1803147】，GSD为【""】
2021-07-16 00:16:12 bad
2021-07-16 00:16:15 CHB 1803147?1626365772 第 1 次 等待 3 秒
2021-07-16 00:16:18 CHB 1803147?1626365772 第 1 次 获取到号码【1803147】GSD
2021-07-16 00:16:18 获取到号码【1803147】的GSD为【河北-承德】
2021-07-16 00:16:22 GSD insert 第 1 次 等待 3 秒
2021-07-16 00:16:25 {"status":"ok","gid":288509,"msg":"添加成功！"}
2021-07-16 00:16:25 下次操作: 2021-07-16 00:16:37

2021-07-16 00:16:37 开始第 38 次操作

2021-07-16 00:16:37 开始操作号码 【1803148】
2021-07-16 00:17:51 GSD getOne 第 1 次 等待 3 秒
2021-07-16 00:17:54 查询号码 【1803148】，返回信息 {"status":"ok","msg":"河北-承德","gid":"57238","time_insert":"2021-05-08 17:06","time_update":"2021-06-12 05:32"}
2021-07-16 00:17:54 查询号码 【1803148】，GSD为【"河北-承德"】

2021-07-16 00:17:54 开始第 38 次操作

2021-07-16 00:17:54 开始操作号码 【1803149】
2021-07-16 00:18:43 GSD getOne 第 1 次 等待 3 秒
2021-07-16 00:18:46 查询号码 【1803149】，返回信息 {"status":"bad","msg":""}
2021-07-16 00:18:46 查询号码 【1803149】，GSD为【""】
2021-07-16 00:18:46 bad
2021-07-16 00:18:47 CHB 1803149?1626365926 第 1 次 等待 3 秒
2021-07-16 00:18:50 CHB 1803149?1626365926 第 1 次 获取到号码【1803149】GSD
2021-07-16 00:18:50 获取到号码【1803149】的GSD为【河北-承德】
2021-07-16 00:18:57 GSD insert 第 1 次 等待 3 秒
2021-07-16 00:19:00 {"status":"ok","gid":288524,"msg":"添加成功！"}
2021-07-16 00:19:00 下次操作: 2021-07-16 00:19:15

2021-07-16 00:19:15 开始第 39 次操作

2021-07-16 00:19:15 开始操作号码 【1803150】
2021-07-16 00:19:18 GSD getOne 第 1 次 等待 3 秒
2021-07-16 00:19:21 查询号码 【1803150】，返回信息 {"status":"bad","msg":""}
2021-07-16 00:19:21 查询号码 【1803150】，GSD为【""】
2021-07-16 00:19:21 bad
2021-07-16 00:19:23 CHB 1803150?1626365961 第 1 次 等待 3 秒
2021-07-16 00:19:26 CHB 1803150?1626365961 第 1 次 获取到号码【1803150】GSD
2021-07-16 00:19:26 获取到号码【1803150】的GSD为【河北-唐山】
2021-07-16 00:19:33 GSD insert 第 1 次 等待 3 秒
2021-07-16 00:19:36 {"status":"ok","gid":288527,"msg":"添加成功！"}
2021-07-16 00:19:36 下次操作: 2021-07-16 00:19:55

2021-07-16 00:19:55 开始第 40 次操作

2021-07-16 00:19:55 开始操作号码 【1803151】
2021-07-16 00:19:59 GSD getOne 第 1 次 等待 3 秒
2021-07-16 00:20:02 查询号码 【1803151】，返回信息 {"status":"bad","msg":""}
2021-07-16 00:20:02 查询号码 【1803151】，GSD为【""】
2021-07-16 00:20:02 bad
2021-07-16 00:20:04 CHB 1803151?1626366002 第 1 次 等待 3 秒
2021-07-16 00:20:07 CHB 1803151?1626366002 第 1 次 获取到号码【1803151】GSD
2021-07-16 00:20:07 获取到号码【1803151】的GSD为【河北-唐山】
2021-07-16 00:20:11 GSD insert 第 1 次 等待 3 秒
2021-07-16 00:20:14 {"status":"ok","gid":288529,"msg":"添加成功！"}

2021-07-16 01:03:18 开始第 1 次操作

2021-07-16 01:03:18 开始操作号码 【1803152】
2021-07-16 01:03:25 GSD getOne 第 1 次 等待 3 秒
2021-07-16 01:03:28 查询号码 【1803152】，返回信息 {"status":"bad","msg":""}
2021-07-16 01:03:28 查询号码 【1803152】，GSD为【""】
2021-07-16 01:03:28 bad
2021-07-16 01:03:30 CHB 1803152?1626368608 第 1 次 等待 3 秒
2021-07-16 01:03:33 CHB 1803152?1626368608 第 1 次 获取到号码【1803152】GSD
2021-07-16 01:03:33 获取到号码【1803152】的GSD为【河北-唐山】
2021-07-16 01:03:52 GSD insert 第 1 次 等待 3 秒
2021-07-16 01:03:55 {"status":"ok","gid":288624,"msg":"添加成功！"}
2021-07-16 01:03:55 下次操作: 2021-07-16 01:04:19

2021-07-16 01:04:19 开始第 2 次操作

2021-07-16 01:04:19 开始操作号码 【1803153】
2021-07-16 01:04:24 GSD getOne 第 1 次 等待 3 秒
2021-07-16 01:04:27 查询号码 【1803153】，返回信息 {"status":"bad","msg":""}
2021-07-16 01:04:27 查询号码 【1803153】，GSD为【""】
2021-07-16 01:04:27 bad
2021-07-16 01:04:29 CHB 1803153?1626368667 第 1 次 等待 3 秒
2021-07-16 01:04:32 CHB 1803153?1626368667 第 1 次 获取到号码【1803153】GSD
2021-07-16 01:04:32 获取到号码【1803153】的GSD为【河北-唐山】
2021-07-16 01:04:56 GSD insert 第 1 次 等待 3 秒
2021-07-16 01:04:59 {"status":"ok","gid":288637,"msg":"添加成功！"}
2021-07-16 01:04:59 下次操作: 2021-07-16 01:05:23

2021-07-16 01:05:23 开始第 3 次操作

2021-07-16 01:05:23 开始操作号码 【1803154】
2021-07-16 01:05:27 GSD getOne 第 1 次 等待 3 秒
2021-07-16 01:05:30 查询号码 【1803154】，返回信息 {"status":"bad","msg":""}
2021-07-16 01:05:31 查询号码 【1803154】，GSD为【""】
2021-07-16 01:05:31 bad
2021-07-16 01:05:33 CHB 1803154?1626368731 第 1 次 等待 3 秒
2021-07-16 01:05:36 CHB 1803154?1626368731 第 1 次 获取到号码【1803154】GSD
2021-07-16 01:05:36 获取到号码【1803154】的GSD为【河北-唐山】
2021-07-16 01:06:11 GSD insert 第 1 次 等待 3 秒
2021-07-16 01:06:14 {"status":"ok","gid":288653,"msg":"添加成功！"}
2021-07-16 01:06:14 下次操作: 2021-07-16 01:06:38

2021-07-16 01:06:38 开始第 4 次操作

2021-07-16 01:06:38 开始操作号码 【1803155】
2021-07-16 01:06:43 GSD getOne 第 1 次 等待 3 秒
2021-07-16 01:06:46 查询号码 【1803155】，返回信息 {"status":"bad","msg":""}
2021-07-16 01:06:46 查询号码 【1803155】，GSD为【""】
2021-07-16 01:06:46 bad
2021-07-16 01:06:48 CHB 1803155?1626368806 第 1 次 等待 3 秒
2021-07-16 01:06:51 CHB 1803155?1626368806 第 1 次 获取到号码【1803155】GSD
2021-07-16 01:06:51 获取到号码【1803155】的GSD为【河北-唐山】
2021-07-16 01:07:15 GSD insert 第 1 次 等待 3 秒
2021-07-16 01:07:18 {"status":"ok","gid":288665,"msg":"添加成功！"}
2021-07-16 01:07:18 下次操作: 2021-07-16 01:07:34

2021-07-16 01:07:34 开始第 5 次操作

2021-07-16 01:07:34 开始操作号码 【1803156】
2021-07-16 01:07:43 GSD getOne 第 1 次 等待 3 秒
2021-07-16 01:07:46 查询号码 【1803156】，返回信息 {"status":"bad","msg":""}
2021-07-16 01:07:46 查询号码 【1803156】，GSD为【""】
2021-07-16 01:07:46 bad
2021-07-16 01:07:48 CHB 1803156?1626368866 第 1 次 等待 3 秒
2021-07-16 01:07:51 CHB 1803156?1626368866 第 1 次 获取到号码【1803156】GSD
2021-07-16 01:07:51 获取到号码【1803156】的GSD为【河北-唐山】
2021-07-16 01:08:10 GSD insert 第 1 次 等待 3 秒
2021-07-16 01:08:13 {"status":"ok","gid":288673,"msg":"添加成功！"}
2021-07-16 01:08:13 下次操作: 2021-07-16 01:08:29

2021-07-16 01:08:29 开始第 6 次操作

2021-07-16 01:08:29 开始操作号码 【1803157】
2021-07-16 01:08:37 GSD getOne 第 1 次 等待 3 秒
2021-07-16 01:08:40 查询号码 【1803157】，返回信息 {"status":"bad","msg":""}
2021-07-16 01:08:40 查询号码 【1803157】，GSD为【""】
2021-07-16 01:08:40 bad
2021-07-16 01:08:42 CHB 1803157?1626368920 第 1 次 等待 3 秒
2021-07-16 01:08:45 CHB 1803157?1626368920 第 1 次 获取到号码【1803157】GSD
2021-07-16 01:08:45 获取到号码【1803157】的GSD为【河北-唐山】
2021-07-16 01:09:24 GSD insert 第 1 次 等待 3 秒
2021-07-16 01:09:27 {"status":"ok","gid":288691,"msg":"添加成功！"}
2021-07-16 01:09:27 下次操作: 2021-07-16 01:09:50

2021-07-16 01:09:50 开始第 7 次操作

2021-07-16 01:09:50 开始操作号码 【1803158】
2021-07-16 01:09:53 GSD getOne 第 1 次 等待 3 秒
2021-07-16 01:09:56 查询号码 【1803158】，返回信息 {"status":"bad","msg":""}
2021-07-16 01:09:56 查询号码 【1803158】，GSD为【""】
2021-07-16 01:09:56 bad
2021-07-16 01:09:58 CHB 1803158?1626368996 第 1 次 等待 3 秒
2021-07-16 01:10:01 CHB 1803158?1626368996 第 1 次 获取到号码【1803158】GSD
2021-07-16 01:10:01 获取到号码【1803158】的GSD为【河北-唐山】
2021-07-16 01:10:22 GSD insert 第 1 次 等待 3 秒
2021-07-16 01:10:25 {"status":"ok","gid":288703,"msg":"添加成功！"}
2021-07-16 01:10:25 下次操作: 2021-07-16 01:10:49

2021-07-16 01:10:49 开始第 8 次操作

2021-07-16 01:10:49 开始操作号码 【1803159】
2021-07-16 01:10:52 GSD getOne 第 1 次 等待 3 秒
2021-07-16 01:10:55 查询号码 【1803159】，返回信息 {"status":"bad","msg":""}
2021-07-16 01:10:55 查询号码 【1803159】，GSD为【""】
2021-07-16 01:10:55 bad
2021-07-16 01:10:57 CHB 1803159?1626369055 第 1 次 等待 3 秒
2021-07-16 01:11:00 CHB 1803159?1626369055 第 1 次 获取到号码【1803159】GSD
2021-07-16 01:11:00 获取到号码【1803159】的GSD为【河北-唐山】
2021-07-16 01:11:18 GSD insert 第 1 次 等待 3 秒
2021-07-16 01:11:21 {"status":"ok","gid":288715,"msg":"添加成功！"}
2021-07-16 01:11:21 下次操作: 2021-07-16 01:11:34

2021-07-16 01:11:34 开始第 9 次操作

2021-07-16 01:11:34 开始操作号码 【1803160】
2021-07-16 01:11:41 GSD getOne 第 1 次 等待 3 秒
2021-07-16 01:11:44 查询号码 【1803160】，返回信息 {"status":"bad","msg":""}
2021-07-16 01:11:44 查询号码 【1803160】，GSD为【""】
2021-07-16 01:11:44 bad
2021-07-16 01:11:46 CHB 1803160?1626369104 第 1 次 等待 3 秒
2021-07-16 01:11:49 CHB 1803160?1626369104 第 1 次 获取到号码【1803160】GSD
2021-07-16 01:11:49 获取到号码【1803160】的GSD为【河北-廊坊】
2021-07-16 01:12:24 GSD insert 第 1 次 等待 3 秒
2021-07-16 01:12:27 {"status":"ok","gid":288726,"msg":"添加成功！"}
2021-07-16 01:12:27 下次操作: 2021-07-16 01:12:50

2021-07-16 01:12:50 开始第 10 次操作

2021-07-16 01:12:50 开始操作号码 【1803161】
2021-07-16 01:12:53 GSD getOne 第 1 次 等待 3 秒
2021-07-16 01:12:56 查询号码 【1803161】，返回信息 {"status":"ok","msg":"河北-廊坊","gid":"32121","time_insert":"2017-05-30 14:16","time_update":"2020-08-18 16:20"}
2021-07-16 01:12:56 查询号码 【1803161】，GSD为【"河北-廊坊"】

2021-07-16 01:12:56 开始第 10 次操作

2021-07-16 01:12:56 开始操作号码 【1803162】
2021-07-16 01:13:22 GSD getOne 第 1 次 等待 3 秒
2021-07-16 01:13:25 查询号码 【1803162】，返回信息 {"status":"bad","msg":""}
2021-07-16 01:13:26 查询号码 【1803162】，GSD为【""】
2021-07-16 01:13:26 bad
2021-07-16 01:13:27 CHB 1803162?1626369206 第 1 次 等待 3 秒
2021-07-16 01:13:30 CHB 1803162?1626369206 第 1 次 获取到号码【1803162】GSD
2021-07-16 01:13:30 获取到号码【1803162】的GSD为【河北-廊坊】
2021-07-16 01:13:49 GSD insert 第 1 次 等待 3 秒
2021-07-16 01:13:52 {"status":"bad","gid":"288736","msg":"添加失败！号码【1803162(河北-廊坊|河北-廊坊)】已存在！"}
2021-07-16 01:13:52 下次操作: 2021-07-16 01:14:04

2021-07-16 01:14:04 开始第 11 次操作

2021-07-16 01:14:04 开始操作号码 【1803163】
2021-07-16 01:14:14 GSD getOne 第 1 次 等待 3 秒
2021-07-16 01:14:17 查询号码 【1803163】，返回信息 {"status":"bad","msg":""}
2021-07-16 01:14:17 查询号码 【1803163】，GSD为【""】
2021-07-16 01:14:17 bad
2021-07-16 01:14:19 CHB 1803163?1626369257 第 1 次 等待 3 秒
2021-07-16 01:14:22 CHB 1803163?1626369257 第 1 次 获取到号码【1803163】GSD
2021-07-16 01:14:22 获取到号码【1803163】的GSD为【河北-廊坊】
2021-07-16 01:14:59 GSD insert 第 1 次 等待 3 秒
2021-07-16 01:15:02 {"status":"bad","gid":"288746","msg":"添加失败！号码【1803163(河北-廊坊|河北-廊坊)】已存在！"}
2021-07-16 01:15:02 下次操作: 2021-07-16 01:15:18

2021-07-16 01:15:18 开始第 12 次操作

2021-07-16 01:15:19 开始操作号码 【1803164】
2021-07-16 01:15:26 GSD getOne 第 1 次 等待 3 秒
2021-07-16 01:15:29 查询号码 【1803164】，返回信息 {"status":"bad","msg":""}
2021-07-16 01:15:29 查询号码 【1803164】，GSD为【""】
2021-07-16 01:15:29 bad
2021-07-16 01:15:30 CHB 1803164?1626369329 第 1 次 等待 3 秒
2021-07-16 01:15:33 CHB 1803164?1626369329 第 1 次 获取到号码【1803164】GSD
2021-07-16 01:15:33 获取到号码【1803164】的GSD为【河北-唐山】
2021-07-16 01:15:52 GSD insert 第 1 次 等待 3 秒
2021-07-16 01:15:55 {"status":"bad","gid":"288756","msg":"添加失败！号码【1803164(河北-唐山|河北-唐山)】已存在！"}
2021-07-16 01:15:55 下次操作: 2021-07-16 01:16:18

2021-07-16 01:16:18 开始第 13 次操作

2021-07-16 01:16:18 开始操作号码 【1803165】
2021-07-16 01:16:25 GSD getOne 第 1 次 等待 3 秒
2021-07-16 01:16:28 查询号码 【1803165】，返回信息 {"status":"ok","msg":"河北-秦皇岛","gid":"288768","time_insert":"2021-07-16 01:16"}
2021-07-16 01:16:28 查询号码 【1803165】，GSD为【"河北-秦皇岛"】

2021-07-16 01:16:28 开始第 13 次操作

2021-07-16 01:16:28 开始操作号码 【1803166】
2021-07-16 01:16:49 GSD getOne 第 1 次 等待 3 秒
2021-07-16 01:16:52 查询号码 【1803166】，返回信息 {"status":"bad","msg":""}
2021-07-16 01:16:52 查询号码 【1803166】，GSD为【""】
2021-07-16 01:16:52 bad
2021-07-16 01:16:54 CHB 1803166?1626369412 第 1 次 等待 3 秒
2021-07-16 01:16:57 CHB 1803166?1626369412 第 1 次 获取到号码【1803166】GSD
2021-07-16 01:16:57 获取到号码【1803166】的GSD为【河北-秦皇岛】
2021-07-16 01:17:20 GSD insert 第 1 次 等待 3 秒
2021-07-16 01:17:23 {"status":"ok","gid":288777,"msg":"添加成功！"}
2021-07-16 01:17:23 下次操作: 2021-07-16 01:17:40

2021-07-16 01:17:40 开始第 14 次操作

2021-07-16 01:17:40 开始操作号码 【1803167】
2021-07-16 01:17:44 GSD getOne 第 1 次 等待 3 秒
2021-07-16 01:17:47 查询号码 【1803167】，返回信息 {"status":"bad","msg":""}
2021-07-16 01:17:48 查询号码 【1803167】，GSD为【""】
2021-07-16 01:17:48 bad
2021-07-16 01:17:50 CHB 1803167?1626369468 第 1 次 等待 3 秒
2021-07-16 01:17:53 CHB 1803167?1626369468 第 1 次 获取到号码【1803167】GSD
2021-07-16 01:17:53 获取到号码【1803167】的GSD为【河北-廊坊】
2021-07-16 01:18:12 GSD insert 第 1 次 等待 3 秒
2021-07-16 01:18:15 {"status":"ok","gid":288787,"msg":"添加成功！"}
2021-07-16 01:18:15 下次操作: 2021-07-16 01:18:30

2021-07-16 01:18:30 开始第 15 次操作

2021-07-16 01:18:30 开始操作号码 【1803168】
2021-07-16 01:18:34 GSD getOne 第 1 次 等待 3 秒
2021-07-16 01:18:37 查询号码 【1803168】，返回信息 {"status":"bad","msg":""}
2021-07-16 01:18:37 查询号码 【1803168】，GSD为【""】
2021-07-16 01:18:37 bad
2021-07-16 01:18:39 CHB 1803168?1626369517 第 1 次 等待 3 秒
2021-07-16 01:18:42 CHB 1803168?1626369517 第 1 次 获取到号码【1803168】GSD
2021-07-16 01:18:42 获取到号码【1803168】的GSD为【河北-廊坊】
2021-07-16 01:19:04 GSD insert 第 1 次 等待 3 秒
2021-07-16 01:19:07 {"status":"ok","gid":288798,"msg":"添加成功！"}
2021-07-16 01:19:07 下次操作: 2021-07-16 01:19:20

2021-07-16 01:19:20 开始第 16 次操作

2021-07-16 01:19:20 开始操作号码 【1803169】
2021-07-16 01:19:26 GSD getOne 第 1 次 等待 3 秒
2021-07-16 01:19:29 查询号码 【1803169】，返回信息 {"status":"bad","msg":""}
2021-07-16 01:19:29 查询号码 【1803169】，GSD为【""】
2021-07-16 01:19:29 bad
2021-07-16 01:19:31 CHB 1803169?1626369569 第 1 次 等待 3 秒
2021-07-16 01:19:34 CHB 1803169?1626369569 第 1 次 获取到号码【1803169】GSD
2021-07-16 01:19:34 获取到号码【1803169】的GSD为【河北-廊坊】
2021-07-16 01:19:54 GSD insert 第 1 次 等待 3 秒
2021-07-16 01:19:57 {"status":"ok","gid":288805,"msg":"添加成功！"}
2021-07-16 01:19:57 下次操作: 2021-07-16 01:20:17

2021-07-16 01:20:17 开始第 17 次操作

2021-07-16 01:20:17 开始操作号码 【1803170】
2021-07-16 01:20:27 GSD getOne 第 1 次 等待 3 秒
2021-07-16 01:20:30 查询号码 【1803170】，返回信息 {"status":"bad","msg":""}
2021-07-16 01:20:30 查询号码 【1803170】，GSD为【""】
2021-07-16 01:20:30 bad
2021-07-16 01:20:32 CHB 1803170?1626369630 第 1 次 等待 3 秒
2021-07-16 01:20:35 CHB 1803170?1626369630 第 1 次 获取到号码【1803170】GSD
2021-07-16 01:20:35 获取到号码【1803170】的GSD为【河北-沧州】
2021-07-16 01:21:46 GSD insert 第 1 次 等待 3 秒
2021-07-16 01:21:50 {"status":"bad","gid":"288819","msg":"添加失败！号码【1803170(河北-沧州|河北-沧州)】已存在！"}
2021-07-16 01:21:50 下次操作: 2021-07-16 01:22:10

2021-07-16 01:22:10 开始第 18 次操作

2021-07-16 01:22:10 开始操作号码 【1803171】
2021-07-16 01:22:13 GSD getOne 第 1 次 等待 3 秒
2021-07-16 01:22:16 查询号码 【1803171】，返回信息 {"status":"ok","msg":"河北-沧州","gid":"288832","time_insert":"2021-07-16 01:21"}
2021-07-16 01:22:16 查询号码 【1803171】，GSD为【"河北-沧州"】

2021-07-16 01:22:16 开始第 18 次操作

2021-07-16 01:22:16 开始操作号码 【1803172】
2021-07-16 01:22:51 GSD getOne 第 1 次 等待 3 秒
2021-07-16 01:22:54 查询号码 【1803172】，返回信息 {"status":"ok","msg":"河北-沧州","gid":"288843","time_insert":"2021-07-16 01:22"}
2021-07-16 01:22:54 查询号码 【1803172】，GSD为【"河北-沧州"】

2021-07-16 01:22:54 开始第 18 次操作

2021-07-16 01:22:54 开始操作号码 【1803173】
2021-07-16 01:23:28 GSD getOne 第 1 次 等待 3 秒
2021-07-16 01:23:31 查询号码 【1803173】，返回信息 {"status":"bad","msg":""}
2021-07-16 01:23:31 查询号码 【1803173】，GSD为【""】
2021-07-16 01:23:31 bad
2021-07-16 01:23:33 CHB 1803173?1626369811 第 1 次 等待 3 秒
2021-07-16 01:23:36 CHB 1803173?1626369811 第 1 次 获取到号码【1803173】GSD
2021-07-16 01:23:36 获取到号码【1803173】的GSD为【河北-沧州】
2021-07-16 01:23:56 GSD insert 第 1 次 等待 3 秒
2021-07-16 01:23:59 {"status":"bad","gid":"288852","msg":"添加失败！号码【1803173(河北-沧州|河北-沧州)】已存在！"}
2021-07-16 01:23:59 下次操作: 2021-07-16 01:24:17

2021-07-16 01:24:17 开始第 19 次操作

2021-07-16 01:24:17 开始操作号码 【1803174】
2021-07-16 01:24:20 GSD getOne 第 1 次 等待 3 秒
2021-07-16 01:24:23 查询号码 【1803174】，返回信息 {"status":"bad","msg":""}
2021-07-16 01:24:23 查询号码 【1803174】，GSD为【""】
2021-07-16 01:24:23 bad
2021-07-16 01:24:25 CHB 1803174?1626369863 第 1 次 等待 3 秒
2021-07-16 01:24:28 CHB 1803174?1626369863 第 1 次 获取到号码【1803174】GSD
2021-07-16 01:24:28 获取到号码【1803174】的GSD为【河北-沧州】
2021-07-16 01:24:46 GSD insert 第 1 次 等待 3 秒
2021-07-16 01:24:49 {"status":"bad","gid":"288863","msg":"添加失败！号码【1803174(河北-沧州|河北-沧州)】已存在！"}
2021-07-16 01:24:49 下次操作: 2021-07-16 01:25:01

2021-07-16 01:25:01 开始第 20 次操作

2021-07-16 01:25:01 开始操作号码 【1803175】
2021-07-16 01:25:07 GSD getOne 第 1 次 等待 3 秒
2021-07-16 01:25:10 查询号码 【1803175】，返回信息 {"status":"bad","msg":""}
2021-07-16 01:25:10 查询号码 【1803175】，GSD为【""】
2021-07-16 01:25:10 bad
2021-07-16 01:25:12 CHB 1803175?1626369910 第 1 次 等待 3 秒
2021-07-16 01:25:15 CHB 1803175?1626369910 第 1 次 获取到号码【1803175】GSD
2021-07-16 01:25:15 获取到号码【1803175】的GSD为【河北-沧州】
2021-07-16 01:25:33 GSD insert 第 1 次 等待 3 秒
2021-07-16 01:25:36 {"status":"ok","gid":288874,"msg":"添加成功！"}
2021-07-16 01:25:36 下次操作: 2021-07-16 01:25:54

2021-07-16 01:25:54 开始第 21 次操作

2021-07-16 01:25:54 开始操作号码 【1803176】
2021-07-16 01:25:57 GSD getOne 第 1 次 等待 3 秒
2021-07-16 01:26:00 查询号码 【1803176】，返回信息 {"status":"bad","msg":""}
2021-07-16 01:26:00 查询号码 【1803176】，GSD为【""】
2021-07-16 01:26:00 bad
2021-07-16 01:26:02 CHB 1803176?1626369960 第 1 次 等待 3 秒
2021-07-16 01:26:05 CHB 1803176?1626369960 第 1 次 获取到号码【1803176】GSD
2021-07-16 01:26:05 获取到号码【1803176】的GSD为【河北-沧州】
2021-07-16 01:26:24 GSD insert 第 1 次 等待 3 秒
2021-07-16 01:26:27 {"status":"ok","gid":288884,"msg":"添加成功！"}
2021-07-16 01:26:27 下次操作: 2021-07-16 01:26:46

2021-07-16 01:26:46 开始第 22 次操作

2021-07-16 01:26:46 开始操作号码 【1803177】
2021-07-16 01:26:49 GSD getOne 第 1 次 等待 3 秒
2021-07-16 01:26:52 查询号码 【1803177】，返回信息 {"status":"bad","msg":""}
2021-07-16 01:26:52 查询号码 【1803177】，GSD为【""】
2021-07-16 01:26:52 bad
2021-07-16 01:26:54 CHB 1803177?1626370012 第 1 次 等待 3 秒
2021-07-16 01:26:57 CHB 1803177?1626370012 第 1 次 获取到号码【1803177】GSD
2021-07-16 01:26:57 获取到号码【1803177】的GSD为【河北-沧州】
2021-07-16 01:27:17 GSD insert 第 1 次 等待 3 秒
2021-07-16 01:27:20 {"status":"ok","gid":288899,"msg":"添加成功！"}
2021-07-16 01:27:20 下次操作: 2021-07-16 01:27:42

2021-07-16 01:27:42 开始第 23 次操作

2021-07-16 01:27:42 开始操作号码 【1803178】
2021-07-16 01:27:47 GSD getOne 第 1 次 等待 3 秒
2021-07-16 01:27:50 查询号码 【1803178】，返回信息 {"status":"bad","msg":""}
2021-07-16 01:27:50 查询号码 【1803178】，GSD为【""】
2021-07-16 01:27:50 bad
2021-07-16 01:27:52 CHB 1803178?1626370070 第 1 次 等待 3 秒
2021-07-16 01:27:55 CHB 1803178?1626370070 第 1 次 获取到号码【1803178】GSD
2021-07-16 01:27:55 获取到号码【1803178】的GSD为【河北-沧州】
2021-07-16 01:28:14 GSD insert 第 1 次 等待 3 秒
2021-07-16 01:28:17 {"status":"ok","gid":288908,"msg":"添加成功！"}
2021-07-16 01:28:17 下次操作: 2021-07-16 01:28:33

2021-07-16 01:28:33 开始第 24 次操作

2021-07-16 01:28:33 开始操作号码 【1803179】
2021-07-16 01:28:40 GSD getOne 第 1 次 等待 3 秒
2021-07-16 01:28:43 查询号码 【1803179】，返回信息 {"status":"bad","msg":""}
2021-07-16 01:28:43 查询号码 【1803179】，GSD为【""】
2021-07-16 01:28:43 bad
2021-07-16 01:28:45 CHB 1803179?1626370123 第 1 次 等待 3 秒
2021-07-16 01:28:48 CHB 1803179?1626370123 第 1 次 获取到号码【1803179】GSD
2021-07-16 01:28:48 获取到号码【1803179】的GSD为【河北-沧州】
2021-07-16 01:29:07 GSD insert 第 1 次 等待 3 秒
2021-07-16 01:29:10 {"status":"ok","gid":288918,"msg":"添加成功！"}
2021-07-16 01:29:10 下次操作: 2021-07-16 01:29:30

2021-07-16 01:29:30 开始第 25 次操作

2021-07-16 01:29:30 开始操作号码 【1803180】
2021-07-16 01:29:33 GSD getOne 第 1 次 等待 3 秒
2021-07-16 01:29:36 查询号码 【1803180】，返回信息 {"status":"bad","msg":""}
2021-07-16 01:29:36 查询号码 【1803180】，GSD为【""】
2021-07-16 01:29:36 bad
2021-07-16 01:29:38 CHB 1803180?1626370176 第 1 次 等待 3 秒
2021-07-16 01:29:41 CHB 1803180?1626370176 第 1 次 获取到号码【1803180】GSD
2021-07-16 01:29:41 获取到号码【1803180】的GSD为【河北-衡水】
2021-07-16 01:30:16 GSD insert 第 1 次 等待 3 秒
2021-07-16 01:30:19 {"status":"ok","gid":288927,"msg":"添加成功！"}
2021-07-16 01:30:19 下次操作: 2021-07-16 01:30:36

2021-07-16 01:30:36 开始第 26 次操作

2021-07-16 01:30:36 开始操作号码 【1803181】
2021-07-16 01:30:39 GSD getOne 第 1 次 等待 3 秒
2021-07-16 01:30:42 查询号码 【1803181】，返回信息 {"status":"bad","msg":""}
2021-07-16 01:30:42 查询号码 【1803181】，GSD为【""】
2021-07-16 01:30:42 bad
2021-07-16 01:30:44 CHB 1803181?1626370242 第 1 次 等待 3 秒
2021-07-16 01:30:47 CHB 1803181?1626370242 第 1 次 获取到号码【1803181】GSD
2021-07-16 01:30:47 获取到号码【1803181】的GSD为【河北-衡水】
2021-07-16 01:31:05 GSD insert 第 1 次 等待 3 秒
2021-07-16 01:31:08 {"status":"ok","gid":288934,"msg":"添加成功！"}
2021-07-16 01:31:08 下次操作: 2021-07-16 01:31:20

2021-07-16 01:31:20 开始第 27 次操作

2021-07-16 01:31:20 开始操作号码 【1803182】
2021-07-16 01:31:39 GSD getOne 第 1 次 等待 3 秒
2021-07-16 01:31:42 查询号码 【1803182】，返回信息 {"status":"bad","msg":""}
2021-07-16 01:31:42 查询号码 【1803182】，GSD为【""】
2021-07-16 01:31:42 bad
2021-07-16 01:31:44 CHB 1803182?1626370302 第 1 次 等待 3 秒
2021-07-16 01:31:47 CHB 1803182?1626370302 第 1 次 获取到号码【1803182】GSD
2021-07-16 01:31:47 获取到号码【1803182】的GSD为【河北-石家庄】
2021-07-16 01:32:05 GSD insert 第 1 次 等待 3 秒
2021-07-16 01:32:08 {"status":"ok","gid":288942,"msg":"添加成功！"}
2021-07-16 01:32:08 下次操作: 2021-07-16 01:32:32

2021-07-16 01:32:32 开始第 28 次操作

2021-07-16 01:32:32 开始操作号码 【1803183】
2021-07-16 01:32:36 GSD getOne 第 1 次 等待 3 秒
2021-07-16 01:32:39 查询号码 【1803183】，返回信息 {"status":"bad","msg":""}
2021-07-16 01:32:39 查询号码 【1803183】，GSD为【""】
2021-07-16 01:32:39 bad
2021-07-16 01:32:41 CHB 1803183?1626370359 第 1 次 等待 3 秒
2021-07-16 01:32:44 CHB 1803183?1626370359 第 1 次 获取到号码【1803183】GSD
2021-07-16 01:32:44 获取到号码【1803183】的GSD为【河北-石家庄】
2021-07-16 01:33:03 GSD insert 第 1 次 等待 3 秒
2021-07-16 01:33:06 {"status":"ok","gid":288946,"msg":"添加成功！"}
2021-07-16 01:33:06 下次操作: 2021-07-16 01:33:25

2021-07-16 01:33:25 开始第 29 次操作

2021-07-16 01:33:25 开始操作号码 【1803184】
2021-07-16 01:33:28 GSD getOne 第 1 次 等待 3 秒
2021-07-16 01:33:31 查询号码 【1803184】，返回信息 {"status":"bad","msg":""}
2021-07-16 01:33:31 查询号码 【1803184】，GSD为【""】
2021-07-16 01:33:31 bad
2021-07-16 01:33:33 CHB 1803184?1626370411 第 1 次 等待 3 秒
2021-07-16 01:33:36 CHB 1803184?1626370411 第 1 次 获取到号码【1803184】GSD
2021-07-16 01:33:36 获取到号码【1803184】的GSD为【河北-石家庄】
2021-07-16 01:33:57 GSD insert 第 1 次 等待 3 秒
2021-07-16 01:34:00 {"status":"ok","gid":288951,"msg":"添加成功！"}
2021-07-16 01:34:00 下次操作: 2021-07-16 01:34:22

2021-07-16 01:34:22 开始第 30 次操作

2021-07-16 01:34:22 开始操作号码 【1803185】
2021-07-16 01:34:29 GSD getOne 第 1 次 等待 3 秒
2021-07-16 01:34:32 查询号码 【1803185】，返回信息 {"status":"bad","msg":""}
2021-07-16 01:34:32 查询号码 【1803185】，GSD为【""】
2021-07-16 01:34:32 bad
2021-07-16 01:34:34 CHB 1803185?1626370472 第 1 次 等待 3 秒
2021-07-16 01:34:37 CHB 1803185?1626370472 第 1 次 获取到号码【1803185】GSD
2021-07-16 01:34:37 获取到号码【1803185】的GSD为【河北-石家庄】
2021-07-16 01:34:56 GSD insert 第 1 次 等待 3 秒
2021-07-16 01:34:59 {"status":"ok","gid":288956,"msg":"添加成功！"}
2021-07-16 01:34:59 下次操作: 2021-07-16 01:35:22

2021-07-16 01:35:22 开始第 31 次操作

2021-07-16 01:35:22 开始操作号码 【1803186】
2021-07-16 01:35:28 GSD getOne 第 1 次 等待 3 秒
2021-07-16 01:35:31 查询号码 【1803186】，返回信息 {"status":"bad","msg":""}
2021-07-16 01:35:31 查询号码 【1803186】，GSD为【""】
2021-07-16 01:35:31 bad
2021-07-16 01:35:33 CHB 1803186?1626370531 第 1 次 等待 3 秒
2021-07-16 01:35:36 CHB 1803186?1626370531 第 1 次 获取到号码【1803186】GSD
2021-07-16 01:35:36 获取到号码【1803186】的GSD为【河北-石家庄】
2021-07-16 01:37:45 GSD insert 第 1 次 等待 3 秒
2021-07-16 01:37:53 GSD insert 第 2 次 等待 3 秒
2021-07-16 01:37:56 {"status":"ok","gid":288973,"msg":"添加成功！"}
2021-07-16 01:37:56 下次操作: 2021-07-16 01:38:10

2021-07-16 01:38:10 开始第 32 次操作

2021-07-16 01:38:10 开始操作号码 【1803187】
2021-07-16 01:38:15 GSD getOne 第 1 次 等待 3 秒
2021-07-16 01:38:18 查询号码 【1803187】，返回信息 {"status":"bad","msg":""}
2021-07-16 01:38:18 查询号码 【1803187】，GSD为【""】
2021-07-16 01:38:18 bad
2021-07-16 01:38:20 CHB 1803187?1626370698 第 1 次 等待 3 秒
2021-07-16 01:38:23 CHB 1803187?1626370698 第 1 次 获取到号码【1803187】GSD
2021-07-16 01:38:23 获取到号码【1803187】的GSD为【河北-衡水】
2021-07-16 01:38:42 GSD insert 第 1 次 等待 3 秒
2021-07-16 01:38:45 {"status":"ok","gid":288976,"msg":"添加成功！"}
2021-07-16 01:38:45 下次操作: 2021-07-16 01:39:01

2021-07-16 01:39:01 开始第 33 次操作

2021-07-16 01:39:01 开始操作号码 【1803188】
2021-07-16 01:39:04 GSD getOne 第 1 次 等待 3 秒
2021-07-16 01:39:07 查询号码 【1803188】，返回信息 {"status":"bad","msg":""}
2021-07-16 01:39:07 查询号码 【1803188】，GSD为【""】
2021-07-16 01:39:07 bad
2021-07-16 01:39:12 CHB 1803188?1626370747 第 1 次 等待 3 秒
2021-07-16 01:39:15 CHB 1803188?1626370747 第 1 次 获取到号码【1803188】GSD
2021-07-16 01:39:16 获取到号码【1803188】的GSD为【河北-衡水】
2021-07-16 01:39:34 GSD insert 第 1 次 等待 3 秒
2021-07-16 01:39:37 {"status":"ok","gid":288982,"msg":"添加成功！"}
2021-07-16 01:39:37 下次操作: 2021-07-16 01:39:51

2021-07-16 01:39:51 开始第 34 次操作

2021-07-16 01:39:51 开始操作号码 【1803189】
2021-07-16 01:39:58 GSD getOne 第 1 次 等待 3 秒
2021-07-16 01:40:01 查询号码 【1803189】，返回信息 {"status":"bad","msg":""}
2021-07-16 01:40:01 查询号码 【1803189】，GSD为【""】
2021-07-16 01:40:01 bad
2021-07-16 01:40:03 CHB 1803189?1626370801 第 1 次 等待 3 秒
2021-07-16 01:40:06 CHB 1803189?1626370801 第 1 次 获取到号码【1803189】GSD
2021-07-16 01:40:06 获取到号码【1803189】的GSD为【河北-衡水】
2021-07-16 01:40:40 GSD insert 第 1 次 等待 3 秒
2021-07-16 01:40:43 {"status":"ok","gid":288985,"msg":"添加成功！"}
2021-07-16 01:40:43 下次操作: 2021-07-16 01:41:03

2021-07-16 01:41:03 开始第 35 次操作

2021-07-16 01:41:03 开始操作号码 【1803190】
2021-07-16 01:41:10 GSD getOne 第 1 次 等待 3 秒
2021-07-16 01:41:13 查询号码 【1803190】，返回信息 {"status":"bad","msg":""}
2021-07-16 01:41:13 查询号码 【1803190】，GSD为【""】
2021-07-16 01:41:13 bad
2021-07-16 01:41:15 CHB 1803190?1626370873 第 1 次 等待 3 秒
2021-07-16 01:41:18 CHB 1803190?1626370873 第 1 次 获取到号码【1803190】GSD
2021-07-16 01:41:18 获取到号码【1803190】的GSD为【河北-邢台】
2021-07-16 01:41:38 GSD insert 第 1 次 等待 3 秒
2021-07-16 01:41:41 {"status":"ok","gid":288993,"msg":"添加成功！"}
2021-07-16 01:41:41 下次操作: 2021-07-16 01:42:00

2021-07-16 01:42:00 开始第 36 次操作

2021-07-16 01:42:00 开始操作号码 【1803191】
2021-07-16 01:42:04 GSD getOne 第 1 次 等待 3 秒
2021-07-16 01:42:07 查询号码 【1803191】，返回信息 {"status":"bad","msg":""}
2021-07-16 01:42:07 查询号码 【1803191】，GSD为【""】
2021-07-16 01:42:07 bad
2021-07-16 01:42:09 CHB 1803191?1626370927 第 1 次 等待 3 秒
2021-07-16 01:42:12 CHB 1803191?1626370927 第 1 次 获取到号码【1803191】GSD
2021-07-16 01:42:12 获取到号码【1803191】的GSD为【河北-石家庄】
2021-07-16 01:42:38 GSD insert 第 1 次 等待 3 秒
2021-07-16 01:42:41 {"status":"ok","gid":288999,"msg":"添加成功！"}
2021-07-16 01:42:41 下次操作: 2021-07-16 01:43:02

2021-07-16 01:43:02 开始第 37 次操作

2021-07-16 01:43:02 开始操作号码 【1803192】
2021-07-16 01:43:04 GSD getOne 第 1 次 等待 3 秒
2021-07-16 01:43:07 查询号码 【1803192】，返回信息 {"status":"bad","msg":""}
2021-07-16 01:43:07 查询号码 【1803192】，GSD为【""】
2021-07-16 01:43:07 bad
2021-07-16 01:43:09 CHB 1803192?1626370987 第 1 次 等待 3 秒
2021-07-16 01:43:12 CHB 1803192?1626370987 第 1 次 获取到号码【1803192】GSD
2021-07-16 01:43:12 获取到号码【1803192】的GSD为【河北-石家庄】
2021-07-16 01:43:31 GSD insert 第 1 次 等待 3 秒
2021-07-16 01:43:34 {"status":"ok","gid":289003,"msg":"添加成功！"}
2021-07-16 01:43:34 下次操作: 2021-07-16 01:43:48

2021-07-16 01:43:48 开始第 38 次操作

2021-07-16 01:43:48 开始操作号码 【1803193】
2021-07-16 01:43:53 GSD getOne 第 1 次 等待 3 秒
2021-07-16 01:43:56 查询号码 【1803193】，返回信息 {"status":"bad","msg":""}
2021-07-16 01:43:56 查询号码 【1803193】，GSD为【""】
2021-07-16 01:43:56 bad
2021-07-16 01:43:58 CHB 1803193?1626371036 第 1 次 等待 3 秒
2021-07-16 01:44:01 CHB 1803193?1626371036 第 1 次 获取到号码【1803193】GSD
2021-07-16 01:44:01 获取到号码【1803193】的GSD为【河北-石家庄】
2021-07-16 01:44:19 GSD insert 第 1 次 等待 3 秒
2021-07-16 01:44:22 {"status":"ok","gid":289014,"msg":"添加成功！"}
2021-07-16 01:44:22 下次操作: 2021-07-16 01:44:40

2021-07-16 01:44:40 开始第 39 次操作

2021-07-16 01:44:40 开始操作号码 【1803194】
2021-07-16 01:44:45 GSD getOne 第 1 次 等待 3 秒
2021-07-16 01:44:48 查询号码 【1803194】，返回信息 {"status":"bad","msg":""}
2021-07-16 01:44:48 查询号码 【1803194】，GSD为【""】
2021-07-16 01:44:48 bad
2021-07-16 01:44:49 CHB 1803194?1626371088 第 1 次 等待 3 秒
2021-07-16 01:44:52 CHB 1803194?1626371088 第 1 次 获取到号码【1803194】GSD
2021-07-16 01:44:53 获取到号码【1803194】的GSD为【河北-石家庄】
2021-07-16 01:45:11 GSD insert 第 1 次 等待 3 秒
2021-07-16 01:45:14 {"status":"ok","gid":289023,"msg":"添加成功！"}
2021-07-16 01:45:14 下次操作: 2021-07-16 01:45:26

2021-07-16 01:45:26 开始第 40 次操作

2021-07-16 01:45:26 开始操作号码 【1803195】
2021-07-16 01:45:32 GSD getOne 第 1 次 等待 3 秒
2021-07-16 01:45:35 查询号码 【1803195】，返回信息 {"status":"bad","msg":""}
2021-07-16 01:45:35 查询号码 【1803195】，GSD为【""】
2021-07-16 01:45:35 bad
2021-07-16 01:45:37 CHB 1803195?1626371135 第 1 次 等待 3 秒
2021-07-16 01:45:40 CHB 1803195?1626371135 第 1 次 获取到号码【1803195】GSD
2021-07-16 01:45:40 获取到号码【1803195】的GSD为【河北-秦皇岛】
2021-07-16 01:46:16 GSD insert 第 1 次 等待 3 秒
2021-07-16 01:46:19 {"status":"ok","gid":289033,"msg":"添加成功！"}

2021-07-16 03:38:03 开始第 1 次操作

2021-07-16 03:38:03 开始操作号码 【1803196】
2021-07-16 03:38:05 GSD getOne 第 1 次 等待 3 秒
2021-07-16 03:38:08 查询号码 【1803196】，返回信息 {"status":"ok","msg":"河北-秦皇岛","gid":"289116","time_insert":"2021-07-16 01:54"}
2021-07-16 03:38:08 查询号码 【1803196】，GSD为【"河北-秦皇岛"】

2021-07-16 03:38:08 开始第 1 次操作

2021-07-16 03:38:08 开始操作号码 【1803197】
2021-07-16 03:38:10 GSD getOne 第 1 次 等待 3 秒
2021-07-16 03:38:13 查询号码 【1803197】，返回信息 {"status":"ok","msg":"河北-邢台","gid":"289125","time_insert":"2021-07-16 01:54"}
2021-07-16 03:38:13 查询号码 【1803197】，GSD为【"河北-邢台"】

2021-07-16 03:38:13 开始第 1 次操作

2021-07-16 03:38:13 开始操作号码 【1803198】
2021-07-16 03:38:16 GSD getOne 第 1 次 等待 3 秒
2021-07-16 03:38:19 查询号码 【1803198】，返回信息 {"status":"ok","msg":"河北-邢台","gid":"289132","time_insert":"2021-07-16 01:55"}
2021-07-16 03:38:19 查询号码 【1803198】，GSD为【"河北-邢台"】

2021-07-16 03:38:19 开始第 1 次操作

2021-07-16 03:38:19 开始操作号码 【1803199】
2021-07-16 03:38:22 GSD getOne 第 1 次 等待 3 秒
2021-07-16 03:38:25 查询号码 【1803199】，返回信息 {"status":"ok","msg":"河北-邢台","gid":"289143","time_insert":"2021-07-16 01:56"}
2021-07-16 03:38:25 查询号码 【1803199】，GSD为【"河北-邢台"】

2021-07-16 03:38:25 开始第 1 次操作

2021-07-16 03:38:25 开始操作号码 【1803200】
2021-07-16 03:38:28 GSD getOne 第 1 次 等待 3 秒
2021-07-16 03:38:31 查询号码 【1803200】，返回信息 {"status":"ok","msg":"河北-石家庄","gid":"289155","time_insert":"2021-07-16 01:57"}
2021-07-16 03:38:31 查询号码 【1803200】，GSD为【"河北-石家庄"】

2021-07-16 03:38:31 开始第 1 次操作

2021-07-16 03:38:31 开始操作号码 【1803201】
2021-07-16 03:38:33 GSD getOne 第 1 次 等待 3 秒
2021-07-16 03:38:36 查询号码 【1803201】，返回信息 {"status":"ok","msg":"河北-石家庄","gid":"289166","time_insert":"2021-07-16 01:57"}
2021-07-16 03:38:36 查询号码 【1803201】，GSD为【"河北-石家庄"】

2021-07-16 03:38:36 开始第 1 次操作

2021-07-16 03:38:36 开始操作号码 【1803202】
2021-07-16 03:38:39 GSD getOne 第 1 次 等待 3 秒
2021-07-16 03:38:42 查询号码 【1803202】，返回信息 {"status":"ok","msg":"河北-石家庄","gid":"289176","time_insert":"2021-07-16 01:58"}
2021-07-16 03:38:42 查询号码 【1803202】，GSD为【"河北-石家庄"】

2021-07-16 03:38:42 开始第 1 次操作

2021-07-16 03:38:42 开始操作号码 【1803203】
2021-07-16 03:38:45 GSD getOne 第 1 次 等待 3 秒
2021-07-16 03:38:48 查询号码 【1803203】，返回信息 {"status":"ok","msg":"河北-石家庄","gid":"289187","time_insert":"2021-07-16 01:59"}
2021-07-16 03:38:48 查询号码 【1803203】，GSD为【"河北-石家庄"】

2021-07-16 03:38:48 开始第 1 次操作

2021-07-16 03:38:48 开始操作号码 【1803204】
2021-07-16 03:38:51 GSD getOne 第 1 次 等待 3 秒
2021-07-16 03:38:54 查询号码 【1803204】，返回信息 {"status":"ok","msg":"河北-石家庄","gid":"32122","time_insert":"2018-02-10 14:20","time_update":"2020-08-18 16:12"}
2021-07-16 03:38:54 查询号码 【1803204】，GSD为【"河北-石家庄"】

2021-07-16 03:38:54 开始第 1 次操作

2021-07-16 03:38:54 开始操作号码 【1803205】
2021-07-16 03:38:57 GSD getOne 第 1 次 等待 3 秒
2021-07-16 03:39:00 查询号码 【1803205】，返回信息 {"status":"ok","msg":"河北-石家庄","gid":"289195","time_insert":"2021-07-16 02:00"}
2021-07-16 03:39:00 查询号码 【1803205】，GSD为【"河北-石家庄"】

2021-07-16 03:39:00 开始第 1 次操作

2021-07-16 03:39:00 开始操作号码 【1803206】
2021-07-16 03:39:02 GSD getOne 第 1 次 等待 3 秒
2021-07-16 03:39:05 查询号码 【1803206】，返回信息 {"status":"ok","msg":"河北-石家庄","gid":"32123","time_insert":"2015-02-04 20:25","time_update":"2020-08-18 16:13"}
2021-07-16 03:39:06 查询号码 【1803206】，GSD为【"河北-石家庄"】

2021-07-16 03:39:06 开始第 1 次操作

2021-07-16 03:39:06 开始操作号码 【1803207】
2021-07-16 03:39:08 GSD getOne 第 1 次 等待 3 秒
2021-07-16 03:39:11 查询号码 【1803207】，返回信息 {"status":"ok","msg":"河北-石家庄","gid":"289208","time_insert":"2021-07-16 02:00"}
2021-07-16 03:39:11 查询号码 【1803207】，GSD为【"河北-石家庄"】

2021-07-16 03:39:11 开始第 1 次操作

2021-07-16 03:39:11 开始操作号码 【1803208】
2021-07-16 03:39:14 GSD getOne 第 1 次 等待 3 秒
2021-07-16 03:39:17 查询号码 【1803208】，返回信息 {"status":"ok","msg":"河北-石家庄","gid":"289214","time_insert":"2021-07-16 02:01"}
2021-07-16 03:39:17 查询号码 【1803208】，GSD为【"河北-石家庄"】

2021-07-16 03:39:17 开始第 1 次操作

2021-07-16 03:39:17 开始操作号码 【1803209】
2021-07-16 03:39:20 GSD getOne 第 1 次 等待 3 秒
2021-07-16 03:39:23 查询号码 【1803209】，返回信息 {"status":"ok","msg":"河北-石家庄","gid":"289225","time_insert":"2021-07-16 02:02"}
2021-07-16 03:39:23 查询号码 【1803209】，GSD为【"河北-石家庄"】

2021-07-16 03:39:23 开始第 1 次操作

2021-07-16 03:39:23 开始操作号码 【1803210】
2021-07-16 03:39:26 GSD getOne 第 1 次 等待 3 秒
2021-07-16 03:39:29 查询号码 【1803210】，返回信息 {"status":"ok","msg":"河北-石家庄","gid":"289235","time_insert":"2021-07-16 02:03"}
2021-07-16 03:39:29 查询号码 【1803210】，GSD为【"河北-石家庄"】

2021-07-16 03:39:29 开始第 1 次操作

2021-07-16 03:39:29 开始操作号码 【1803211】
2021-07-16 03:39:32 GSD getOne 第 1 次 等待 3 秒
2021-07-16 03:39:35 查询号码 【1803211】，返回信息 {"status":"ok","msg":"河北-石家庄","gid":"289245","time_insert":"2021-07-16 02:04"}
2021-07-16 03:39:35 查询号码 【1803211】，GSD为【"河北-石家庄"】

2021-07-16 03:39:35 开始第 1 次操作

2021-07-16 03:39:35 开始操作号码 【1803212】
2021-07-16 03:39:37 GSD getOne 第 1 次 等待 3 秒
2021-07-16 03:39:40 查询号码 【1803212】，返回信息 {"status":"ok","msg":"河北-石家庄","gid":"289256","time_insert":"2021-07-16 02:04"}
2021-07-16 03:39:41 查询号码 【1803212】，GSD为【"河北-石家庄"】

2021-07-16 03:39:41 开始第 1 次操作

2021-07-16 03:39:41 开始操作号码 【1803213】
2021-07-16 03:39:43 GSD getOne 第 1 次 等待 3 秒
2021-07-16 03:39:46 查询号码 【1803213】，返回信息 {"status":"ok","msg":"河北-石家庄","gid":"289264","time_insert":"2021-07-16 02:05"}
2021-07-16 03:39:46 查询号码 【1803213】，GSD为【"河北-石家庄"】

2021-07-16 03:39:46 开始第 1 次操作

2021-07-16 03:39:46 开始操作号码 【1803214】
2021-07-16 03:39:49 GSD getOne 第 1 次 等待 3 秒
2021-07-16 03:39:52 查询号码 【1803214】，返回信息 {"status":"ok","msg":"河北-石家庄","gid":"289269","time_insert":"2021-07-16 02:05"}
2021-07-16 03:39:52 查询号码 【1803214】，GSD为【"河北-石家庄"】

2021-07-16 03:39:52 开始第 1 次操作

2021-07-16 03:39:52 开始操作号码 【1803215】
2021-07-16 03:39:55 GSD getOne 第 1 次 等待 3 秒
2021-07-16 03:39:58 查询号码 【1803215】，返回信息 {"status":"ok","msg":"河北-石家庄","gid":"289280","time_insert":"2021-07-16 02:06"}
2021-07-16 03:39:58 查询号码 【1803215】，GSD为【"河北-石家庄"】

2021-07-16 03:39:58 开始第 1 次操作

2021-07-16 03:39:58 开始操作号码 【1803216】
2021-07-16 03:40:01 GSD getOne 第 1 次 等待 3 秒
2021-07-16 03:40:04 查询号码 【1803216】，返回信息 {"status":"ok","msg":"河北-石家庄","gid":"289291","time_insert":"2021-07-16 02:07"}
2021-07-16 03:40:04 查询号码 【1803216】，GSD为【"河北-石家庄"】

2021-07-16 03:40:04 开始第 1 次操作

2021-07-16 03:40:04 开始操作号码 【1803217】
2021-07-16 03:40:07 GSD getOne 第 1 次 等待 3 秒
2021-07-16 03:40:10 查询号码 【1803217】，返回信息 {"status":"ok","msg":"河北-石家庄","gid":"289301","time_insert":"2021-07-16 02:08"}
2021-07-16 03:40:10 查询号码 【1803217】，GSD为【"河北-石家庄"】

2021-07-16 03:40:10 开始第 1 次操作

2021-07-16 03:40:10 开始操作号码 【1803218】
2021-07-16 03:40:12 GSD getOne 第 1 次 等待 3 秒
2021-07-16 03:40:15 查询号码 【1803218】，返回信息 {"status":"ok","msg":"河北-石家庄","gid":"289309","time_insert":"2021-07-16 02:08"}
2021-07-16 03:40:16 查询号码 【1803218】，GSD为【"河北-石家庄"】

2021-07-16 03:40:16 开始第 1 次操作

2021-07-16 03:40:16 开始操作号码 【1803219】
2021-07-16 03:40:18 GSD getOne 第 1 次 等待 3 秒
2021-07-16 03:40:21 查询号码 【1803219】，返回信息 {"status":"ok","msg":"河北-石家庄","gid":"289313","time_insert":"2021-07-16 02:09"}
2021-07-16 03:40:21 查询号码 【1803219】，GSD为【"河北-石家庄"】

2021-07-16 03:40:21 开始第 1 次操作

2021-07-16 03:40:21 开始操作号码 【1803220】
2021-07-16 03:40:24 GSD getOne 第 1 次 等待 3 秒
2021-07-16 03:40:27 查询号码 【1803220】，返回信息 {"status":"ok","msg":"河北-石家庄","gid":"289319","time_insert":"2021-07-16 02:10"}
2021-07-16 03:40:27 查询号码 【1803220】，GSD为【"河北-石家庄"】

2021-07-16 03:40:27 开始第 1 次操作

2021-07-16 03:40:27 开始操作号码 【1803221】
2021-07-16 03:40:30 GSD getOne 第 1 次 等待 3 秒
2021-07-16 03:40:33 查询号码 【1803221】，返回信息 {"status":"ok","msg":"河北-石家庄","gid":"289321","time_insert":"2021-07-16 02:11"}
2021-07-16 03:40:33 查询号码 【1803221】，GSD为【"河北-石家庄"】

2021-07-16 03:40:33 开始第 1 次操作

2021-07-16 03:40:33 开始操作号码 【1803222】
2021-07-16 03:40:36 GSD getOne 第 1 次 等待 3 秒
2021-07-16 03:40:39 查询号码 【1803222】，返回信息 {"status":"ok","msg":"河北-石家庄","gid":"289326","time_insert":"2021-07-16 02:11"}
2021-07-16 03:40:39 查询号码 【1803222】，GSD为【"河北-石家庄"】

2021-07-16 03:40:39 开始第 1 次操作

2021-07-16 03:40:39 开始操作号码 【1803223】
2021-07-16 03:40:46 GSD getOne 第 1 次 等待 3 秒
2021-07-16 03:40:49 查询号码 【1803223】，返回信息 {"status":"ok","msg":"河北-石家庄","gid":"289329","time_insert":"2021-07-16 02:12"}
2021-07-16 03:40:49 查询号码 【1803223】，GSD为【"河北-石家庄"】

2021-07-16 03:40:49 开始第 1 次操作

2021-07-16 03:40:49 开始操作号码 【1803224】
2021-07-16 03:40:51 GSD getOne 第 1 次 等待 3 秒
2021-07-16 03:40:54 查询号码 【1803224】，返回信息 {"status":"ok","msg":"河北-石家庄","gid":"289332","time_insert":"2021-07-16 02:13"}
2021-07-16 03:40:55 查询号码 【1803224】，GSD为【"河北-石家庄"】

2021-07-16 03:40:55 开始第 1 次操作

2021-07-16 03:40:55 开始操作号码 【1803225】
2021-07-16 03:40:57 GSD getOne 第 1 次 等待 3 秒
2021-07-16 03:41:00 查询号码 【1803225】，返回信息 {"status":"ok","msg":"河北-石家庄","gid":"289337","time_insert":"2021-07-16 02:14"}
2021-07-16 03:41:00 查询号码 【1803225】，GSD为【"河北-石家庄"】

2021-07-16 03:41:00 开始第 1 次操作

2021-07-16 03:41:00 开始操作号码 【1803226】
2021-07-16 03:41:03 GSD getOne 第 1 次 等待 3 秒
2021-07-16 03:41:06 查询号码 【1803226】，返回信息 {"status":"ok","msg":"河北-石家庄","gid":"289340","time_insert":"2021-07-16 02:14"}
2021-07-16 03:41:06 查询号码 【1803226】，GSD为【"河北-石家庄"】

2021-07-16 03:41:06 开始第 1 次操作

2021-07-16 03:41:06 开始操作号码 【1803227】
2021-07-16 03:41:09 GSD getOne 第 1 次 等待 3 秒
2021-07-16 03:41:12 查询号码 【1803227】，返回信息 {"status":"ok","msg":"河北-石家庄","gid":"289343","time_insert":"2021-07-16 02:15"}
2021-07-16 03:41:12 查询号码 【1803227】，GSD为【"河北-石家庄"】

2021-07-16 03:41:12 开始第 1 次操作

2021-07-16 03:41:12 开始操作号码 【1803228】
2021-07-16 03:41:15 GSD getOne 第 1 次 等待 3 秒
2021-07-16 03:41:18 查询号码 【1803228】，返回信息 {"status":"ok","msg":"河北-石家庄","gid":"289346","time_insert":"2021-07-16 02:16"}
2021-07-16 03:41:18 查询号码 【1803228】，GSD为【"河北-石家庄"】

2021-07-16 03:41:18 开始第 1 次操作

2021-07-16 03:41:18 开始操作号码 【1803229】
2021-07-16 03:41:21 GSD getOne 第 1 次 等待 3 秒
2021-07-16 03:41:24 查询号码 【1803229】，返回信息 {"status":"ok","msg":"河北-石家庄","gid":"289348","time_insert":"2021-07-16 02:16"}
2021-07-16 03:41:24 查询号码 【1803229】，GSD为【"河北-石家庄"】

2021-07-16 03:41:24 开始第 1 次操作

2021-07-16 03:41:24 开始操作号码 【1803230】
2021-07-16 03:41:27 GSD getOne 第 1 次 等待 3 秒
2021-07-16 03:41:30 查询号码 【1803230】，返回信息 {"status":"ok","msg":"河北-张家口","gid":"289350","time_insert":"2021-07-16 02:17"}
2021-07-16 03:41:30 查询号码 【1803230】，GSD为【"河北-张家口"】

2021-07-16 03:41:30 开始第 1 次操作

2021-07-16 03:41:30 开始操作号码 【1803231】
2021-07-16 03:41:33 GSD getOne 第 1 次 等待 3 秒
2021-07-16 03:41:36 查询号码 【1803231】，返回信息 {"status":"ok","msg":"河北-张家口","gid":"289354","time_insert":"2021-07-16 02:18"}
2021-07-16 03:41:36 查询号码 【1803231】，GSD为【"河北-张家口"】

2021-07-16 03:41:36 开始第 1 次操作

2021-07-16 03:41:36 开始操作号码 【1803232】
2021-07-16 03:41:38 GSD getOne 第 1 次 等待 3 秒
2021-07-16 03:41:41 查询号码 【1803232】，返回信息 {"status":"ok","msg":"河北-张家口","gid":"289355","time_insert":"2021-07-16 02:19"}
2021-07-16 03:41:41 查询号码 【1803232】，GSD为【"河北-张家口"】

2021-07-16 03:41:41 开始第 1 次操作

2021-07-16 03:41:41 开始操作号码 【1803233】
2021-07-16 03:41:44 GSD getOne 第 1 次 等待 3 秒
2021-07-16 03:41:47 查询号码 【1803233】，返回信息 {"status":"ok","msg":"河北-张家口","gid":"289360","time_insert":"2021-07-16 02:19"}
2021-07-16 03:41:47 查询号码 【1803233】，GSD为【"河北-张家口"】

2021-07-16 03:41:47 开始第 1 次操作

2021-07-16 03:41:47 开始操作号码 【1803234】
2021-07-16 03:41:50 GSD getOne 第 1 次 等待 3 秒
2021-07-16 03:41:53 查询号码 【1803234】，返回信息 {"status":"ok","msg":"河北-张家口","gid":"289364","time_insert":"2021-07-16 02:20"}
2021-07-16 03:41:53 查询号码 【1803234】，GSD为【"河北-张家口"】

2021-07-16 03:41:53 开始第 1 次操作

2021-07-16 03:41:53 开始操作号码 【1803235】
2021-07-16 03:41:56 GSD getOne 第 1 次 等待 3 秒
2021-07-16 03:41:59 查询号码 【1803235】，返回信息 {"status":"ok","msg":"河北-张家口","gid":"289366","time_insert":"2021-07-16 02:21"}
2021-07-16 03:41:59 查询号码 【1803235】，GSD为【"河北-张家口"】

2021-07-16 03:41:59 开始第 1 次操作

2021-07-16 03:41:59 开始操作号码 【1803236】
2021-07-16 03:42:04 GSD getOne 第 1 次 等待 3 秒
2021-07-16 03:42:07 查询号码 【1803236】，返回信息 {"status":"ok","msg":"河北-张家口","gid":"289367","time_insert":"2021-07-16 02:22"}
2021-07-16 03:42:07 查询号码 【1803236】，GSD为【"河北-张家口"】

2021-07-16 03:42:07 开始第 1 次操作

2021-07-16 03:42:07 开始操作号码 【1803237】
2021-07-16 03:42:10 GSD getOne 第 1 次 等待 3 秒
2021-07-16 03:42:13 查询号码 【1803237】，返回信息 {"status":"ok","msg":"河北-张家口","gid":"289370","time_insert":"2021-07-16 02:22"}
2021-07-16 03:42:13 查询号码 【1803237】，GSD为【"河北-张家口"】

2021-07-16 03:42:13 开始第 1 次操作

2021-07-16 03:42:13 开始操作号码 【1803238】
2021-07-16 03:42:16 GSD getOne 第 1 次 等待 3 秒
2021-07-16 03:42:19 查询号码 【1803238】，返回信息 {"status":"bad","msg":""}
2021-07-16 03:42:19 查询号码 【1803238】，GSD为【""】
2021-07-16 03:42:19 bad
2021-07-16 03:42:20 CHB 1803238?1626378139 第 1 次 等待 3 秒
2021-07-16 03:42:24 CHB 1803238?1626378139 第 1 次 获取到号码【1803238】GSD
2021-07-16 03:42:24 获取到号码【1803238】的GSD为【河北-张家口】
2021-07-16 03:42:26 GSD insert 第 1 次 等待 3 秒
2021-07-16 03:42:29 {"status":"ok","gid":289813,"msg":"添加成功！"}
2021-07-16 03:42:29 下次操作: 2021-07-16 03:42:52

2021-07-16 03:42:52 开始第 2 次操作

2021-07-16 03:42:52 开始操作号码 【1803239】
2021-07-16 03:42:56 GSD getOne 第 1 次 等待 3 秒
2021-07-16 03:42:59 查询号码 【1803239】，返回信息 {"status":"bad","msg":""}
2021-07-16 03:42:59 查询号码 【1803239】，GSD为【""】
2021-07-16 03:42:59 bad
2021-07-16 03:43:01 CHB 1803239?1626378179 第 1 次 等待 3 秒
2021-07-16 03:43:04 CHB 1803239?1626378179 第 1 次 获取到号码【1803239】GSD
2021-07-16 03:43:04 获取到号码【1803239】的GSD为【河北-张家口】
2021-07-16 03:43:07 GSD insert 第 1 次 等待 3 秒
2021-07-16 03:43:10 {"status":"ok","gid":289821,"msg":"添加成功！"}
2021-07-16 03:43:10 下次操作: 2021-07-16 03:43:29

2021-07-16 03:43:29 开始第 3 次操作

2021-07-16 03:43:29 开始操作号码 【1803240】
2021-07-16 03:43:33 GSD getOne 第 1 次 等待 3 秒
2021-07-16 03:43:36 查询号码 【1803240】，返回信息 {"status":"bad","msg":""}
2021-07-16 03:43:36 查询号码 【1803240】，GSD为【""】
2021-07-16 03:43:36 bad
2021-07-16 03:43:37 CHB 1803240?1626378216 第 1 次 等待 3 秒
2021-07-16 03:43:40 CHB 1803240?1626378216 第 1 次 获取到号码【1803240】GSD
2021-07-16 03:43:41 获取到号码【1803240】的GSD为【河北-石家庄】
2021-07-16 03:43:43 GSD insert 第 1 次 等待 3 秒
2021-07-16 03:43:46 {"status":"ok","gid":289827,"msg":"添加成功！"}
2021-07-16 03:43:46 下次操作: 2021-07-16 03:44:07

2021-07-16 03:44:07 开始第 4 次操作

2021-07-16 03:44:07 开始操作号码 【1803241】
2021-07-16 03:44:10 GSD getOne 第 1 次 等待 3 秒
2021-07-16 03:44:13 查询号码 【1803241】，返回信息 {"status":"bad","msg":""}
2021-07-16 03:44:13 查询号码 【1803241】，GSD为【""】
2021-07-16 03:44:13 bad
2021-07-16 03:44:15 CHB 1803241?1626378253 第 1 次 等待 3 秒
2021-07-16 03:44:18 CHB 1803241?1626378253 第 1 次 获取到号码【1803241】GSD
2021-07-16 03:44:18 获取到号码【1803241】的GSD为【河北-石家庄】
2021-07-16 03:44:20 GSD insert 第 1 次 等待 3 秒
2021-07-16 03:44:23 {"status":"ok","gid":289836,"msg":"添加成功！"}
2021-07-16 03:44:23 下次操作: 2021-07-16 03:44:35

2021-07-16 03:44:35 开始第 5 次操作

2021-07-16 03:44:35 开始操作号码 【1803242】
2021-07-16 03:44:38 GSD getOne 第 1 次 等待 3 秒
2021-07-16 03:44:41 查询号码 【1803242】，返回信息 {"status":"bad","msg":""}
2021-07-16 03:44:41 查询号码 【1803242】，GSD为【""】
2021-07-16 03:44:41 bad
2021-07-16 03:44:43 CHB 1803242?1626378281 第 1 次 等待 3 秒
2021-07-16 03:44:46 CHB 1803242?1626378281 第 1 次 获取到号码【1803242】GSD
2021-07-16 03:44:46 获取到号码【1803242】的GSD为【河北-石家庄】
2021-07-16 03:44:49 GSD insert 第 1 次 等待 3 秒
2021-07-16 03:44:52 {"status":"ok","gid":289843,"msg":"添加成功！"}
2021-07-16 03:44:52 下次操作: 2021-07-16 03:45:14

2021-07-16 03:45:14 开始第 6 次操作

2021-07-16 03:45:14 开始操作号码 【1803243】
2021-07-16 03:45:17 GSD getOne 第 1 次 等待 3 秒
2021-07-16 03:45:20 查询号码 【1803243】，返回信息 {"status":"bad","msg":""}
2021-07-16 03:45:20 查询号码 【1803243】，GSD为【""】
2021-07-16 03:45:20 bad
2021-07-16 03:45:22 CHB 1803243?1626378320 第 1 次 等待 3 秒
2021-07-16 03:45:25 CHB 1803243?1626378320 第 1 次 获取到号码【1803243】GSD
2021-07-16 03:45:25 获取到号码【1803243】的GSD为【河北-石家庄】
2021-07-16 03:45:27 GSD insert 第 1 次 等待 3 秒
2021-07-16 03:45:30 {"status":"ok","gid":289850,"msg":"添加成功！"}
2021-07-16 03:45:30 下次操作: 2021-07-16 03:45:50

2021-07-16 03:45:50 开始第 7 次操作

2021-07-16 03:45:50 开始操作号码 【1803244】
2021-07-16 03:45:53 GSD getOne 第 1 次 等待 3 秒
2021-07-16 03:45:56 查询号码 【1803244】，返回信息 {"status":"bad","msg":""}
2021-07-16 03:45:56 查询号码 【1803244】，GSD为【""】
2021-07-16 03:45:56 bad
2021-07-16 03:45:58 CHB 1803244?1626378356 第 1 次 等待 3 秒
2021-07-16 03:46:01 CHB 1803244?1626378356 第 1 次 获取到号码【1803244】GSD
2021-07-16 03:46:01 获取到号码【1803244】的GSD为【河北-石家庄】
2021-07-16 03:46:04 GSD insert 第 1 次 等待 3 秒
2021-07-16 03:46:07 {"status":"ok","gid":289855,"msg":"添加成功！"}
2021-07-16 03:46:07 下次操作: 2021-07-16 03:46:29

2021-07-16 03:46:29 开始第 8 次操作

2021-07-16 03:46:29 开始操作号码 【1803245】
2021-07-16 03:46:32 GSD getOne 第 1 次 等待 3 秒
2021-07-16 03:46:35 查询号码 【1803245】，返回信息 {"status":"bad","msg":""}
2021-07-16 03:46:35 查询号码 【1803245】，GSD为【""】
2021-07-16 03:46:35 bad
2021-07-16 03:46:36 CHB 1803245?1626378395 第 1 次 等待 3 秒
2021-07-16 03:46:39 CHB 1803245?1626378395 第 1 次 获取到号码【1803245】GSD
2021-07-16 03:46:39 获取到号码【1803245】的GSD为【河北-石家庄】
2021-07-16 03:46:42 GSD insert 第 1 次 等待 3 秒
2021-07-16 03:46:45 {"status":"ok","gid":289861,"msg":"添加成功！"}
2021-07-16 03:46:45 下次操作: 2021-07-16 03:47:00

2021-07-16 03:47:00 开始第 9 次操作

2021-07-16 03:47:00 开始操作号码 【1803246】
2021-07-16 03:47:06 GSD getOne 第 1 次 等待 3 秒
2021-07-16 03:47:09 查询号码 【1803246】，返回信息 {"status":"bad","msg":""}
2021-07-16 03:47:09 查询号码 【1803246】，GSD为【""】
2021-07-16 03:47:09 bad
2021-07-16 03:47:11 CHB 1803246?1626378429 第 1 次 等待 3 秒
2021-07-16 03:47:14 CHB 1803246?1626378429 第 1 次 获取到号码【1803246】GSD
2021-07-16 03:47:14 获取到号码【1803246】的GSD为【河北-石家庄】
2021-07-16 03:47:17 GSD insert 第 1 次 等待 3 秒
2021-07-16 03:47:20 {"status":"ok","gid":289867,"msg":"添加成功！"}
2021-07-16 03:47:20 下次操作: 2021-07-16 03:47:38

2021-07-16 03:47:38 开始第 10 次操作

2021-07-16 03:47:38 开始操作号码 【1803247】
2021-07-16 03:47:40 GSD getOne 第 1 次 等待 3 秒
2021-07-16 03:47:43 查询号码 【1803247】，返回信息 {"status":"bad","msg":""}
2021-07-16 03:47:44 查询号码 【1803247】，GSD为【""】
2021-07-16 03:47:44 bad
2021-07-16 03:47:45 CHB 1803247?1626378464 第 1 次 等待 3 秒
2021-07-16 03:47:48 CHB 1803247?1626378464 第 1 次 获取到号码【1803247】GSD
2021-07-16 03:47:48 获取到号码【1803247】的GSD为【河北-石家庄】
2021-07-16 03:47:51 GSD insert 第 1 次 等待 3 秒
2021-07-16 03:47:54 {"status":"ok","gid":289873,"msg":"添加成功！"}
2021-07-16 03:47:54 下次操作: 2021-07-16 03:48:16

2021-07-16 03:48:16 开始第 11 次操作

2021-07-16 03:48:16 开始操作号码 【1803248】
2021-07-16 03:48:19 GSD getOne 第 1 次 等待 3 秒
2021-07-16 03:48:22 查询号码 【1803248】，返回信息 {"status":"bad","msg":""}
2021-07-16 03:48:22 查询号码 【1803248】，GSD为【""】
2021-07-16 03:48:22 bad
2021-07-16 03:48:24 CHB 1803248?1626378502 第 1 次 等待 3 秒
2021-07-16 03:48:27 CHB 1803248?1626378502 第 1 次 获取到号码【1803248】GSD
2021-07-16 03:48:27 获取到号码【1803248】的GSD为【河北-石家庄】
2021-07-16 03:48:30 GSD insert 第 1 次 等待 3 秒
2021-07-16 03:48:33 {"status":"ok","gid":289879,"msg":"添加成功！"}
2021-07-16 03:48:33 下次操作: 2021-07-16 03:48:55

2021-07-16 03:48:55 开始第 12 次操作

2021-07-16 03:48:55 开始操作号码 【1803249】
2021-07-16 03:48:57 GSD getOne 第 1 次 等待 3 秒
2021-07-16 03:49:01 查询号码 【1803249】，返回信息 {"status":"bad","msg":""}
2021-07-16 03:49:01 查询号码 【1803249】，GSD为【""】
2021-07-16 03:49:01 bad
2021-07-16 03:49:02 CHB 1803249?1626378541 第 1 次 等待 3 秒
2021-07-16 03:49:05 CHB 1803249?1626378541 第 1 次 获取到号码【1803249】GSD
2021-07-16 03:49:05 获取到号码【1803249】的GSD为【河北-石家庄】
2021-07-16 03:49:08 GSD insert 第 1 次 等待 3 秒
2021-07-16 03:49:11 {"status":"ok","gid":289885,"msg":"添加成功！"}
2021-07-16 03:49:11 下次操作: 2021-07-16 03:49:27

2021-07-16 03:49:27 开始第 13 次操作

2021-07-16 03:49:27 开始操作号码 【1803250】
2021-07-16 03:49:30 GSD getOne 第 1 次 等待 3 秒
2021-07-16 03:49:33 查询号码 【1803250】，返回信息 {"status":"bad","msg":""}
2021-07-16 03:49:33 查询号码 【1803250】，GSD为【""】
2021-07-16 03:49:33 bad
2021-07-16 03:49:35 CHB 1803250?1626378573 第 1 次 等待 3 秒
2021-07-16 03:49:38 CHB 1803250?1626378573 第 1 次 获取到号码【1803250】GSD
2021-07-16 03:49:38 获取到号码【1803250】的GSD为【河北-唐山】
2021-07-16 03:49:41 GSD insert 第 1 次 等待 3 秒
2021-07-16 03:49:44 {"status":"ok","gid":289892,"msg":"添加成功！"}
2021-07-16 03:49:44 下次操作: 2021-07-16 03:50:01

2021-07-16 03:50:01 开始第 14 次操作

2021-07-16 03:50:01 开始操作号码 【1803251】
2021-07-16 03:50:03 GSD getOne 第 1 次 等待 3 秒
2021-07-16 03:50:06 查询号码 【1803251】，返回信息 {"status":"bad","msg":""}
2021-07-16 03:50:06 查询号码 【1803251】，GSD为【""】
2021-07-16 03:50:06 bad
2021-07-16 03:50:08 CHB 1803251?1626378606 第 1 次 等待 3 秒
2021-07-16 03:50:11 CHB 1803251?1626378606 第 1 次 获取到号码【1803251】GSD
2021-07-16 03:50:11 获取到号码【1803251】的GSD为【河北-唐山】
2021-07-16 03:50:14 GSD insert 第 1 次 等待 3 秒
2021-07-16 03:50:17 {"status":"ok","gid":289895,"msg":"添加成功！"}
2021-07-16 03:50:17 下次操作: 2021-07-16 03:50:38

2021-07-16 03:50:38 开始第 15 次操作

2021-07-16 03:50:38 开始操作号码 【1803252】
2021-07-16 03:50:41 GSD getOne 第 1 次 等待 3 秒
2021-07-16 03:50:44 查询号码 【1803252】，返回信息 {"status":"bad","msg":""}
2021-07-16 03:50:44 查询号码 【1803252】，GSD为【""】
2021-07-16 03:50:44 bad
2021-07-16 03:50:46 CHB 1803252?1626378644 第 1 次 等待 3 秒
2021-07-16 03:50:49 CHB 1803252?1626378644 第 1 次 获取到号码【1803252】GSD
2021-07-16 03:50:49 获取到号码【1803252】的GSD为【河北-唐山】
2021-07-16 03:50:51 GSD insert 第 1 次 等待 3 秒
2021-07-16 03:50:54 {"status":"ok","gid":289902,"msg":"添加成功！"}
2021-07-16 03:50:54 下次操作: 2021-07-16 03:51:09

2021-07-16 03:51:09 开始第 16 次操作

2021-07-16 03:51:09 开始操作号码 【1803253】
2021-07-16 03:51:12 GSD getOne 第 1 次 等待 3 秒
2021-07-16 03:51:15 查询号码 【1803253】，返回信息 {"status":"bad","msg":""}
2021-07-16 03:51:15 查询号码 【1803253】，GSD为【""】
2021-07-16 03:51:15 bad
2021-07-16 03:51:17 CHB 1803253?1626378675 第 1 次 等待 3 秒
2021-07-16 03:51:20 CHB 1803253?1626378675 第 1 次 获取到号码【1803253】GSD
2021-07-16 03:51:20 获取到号码【1803253】的GSD为【河北-唐山】
2021-07-16 03:51:22 GSD insert 第 1 次 等待 3 秒
2021-07-16 03:51:25 {"status":"ok","gid":289907,"msg":"添加成功！"}
2021-07-16 03:51:26 下次操作: 2021-07-16 03:51:44

2021-07-16 03:51:44 开始第 17 次操作

2021-07-16 03:51:44 开始操作号码 【1803254】
2021-07-16 03:51:46 GSD getOne 第 1 次 等待 3 秒
2021-07-16 03:51:49 查询号码 【1803254】，返回信息 {"status":"bad","msg":""}
2021-07-16 03:51:49 查询号码 【1803254】，GSD为【""】
2021-07-16 03:51:49 bad
2021-07-16 03:51:51 CHB 1803254?1626378709 第 1 次 等待 3 秒
2021-07-16 03:51:54 CHB 1803254?1626378709 第 1 次 获取到号码【1803254】GSD
2021-07-16 03:51:54 获取到号码【1803254】的GSD为【河北-唐山】
2021-07-16 03:51:57 GSD insert 第 1 次 等待 3 秒
2021-07-16 03:52:00 {"status":"ok","gid":289912,"msg":"添加成功！"}
2021-07-16 03:52:00 下次操作: 2021-07-16 03:52:20

2021-07-16 03:52:20 开始第 18 次操作

2021-07-16 03:52:20 开始操作号码 【1803255】
2021-07-16 03:52:23 GSD getOne 第 1 次 等待 3 秒
2021-07-16 03:52:26 查询号码 【1803255】，返回信息 {"status":"bad","msg":""}
2021-07-16 03:52:26 查询号码 【1803255】，GSD为【""】
2021-07-16 03:52:26 bad
2021-07-16 03:52:27 CHB 1803255?1626378746 第 1 次 等待 3 秒
2021-07-16 03:52:30 CHB 1803255?1626378746 第 1 次 获取到号码【1803255】GSD
2021-07-16 03:52:30 获取到号码【1803255】的GSD为【河北-唐山】
2021-07-16 03:52:33 GSD insert 第 1 次 等待 3 秒
2021-07-16 03:52:36 {"status":"ok","gid":289917,"msg":"添加成功！"}
2021-07-16 03:52:36 下次操作: 2021-07-16 03:52:48

2021-07-16 03:52:48 开始第 19 次操作

2021-07-16 03:52:48 开始操作号码 【1803256】
2021-07-16 03:52:51 GSD getOne 第 1 次 等待 3 秒
2021-07-16 03:52:54 查询号码 【1803256】，返回信息 {"status":"bad","msg":""}
2021-07-16 03:52:54 查询号码 【1803256】，GSD为【""】
2021-07-16 03:52:54 bad
2021-07-16 03:52:56 CHB 1803256?1626378774 第 1 次 等待 3 秒
2021-07-16 03:52:59 CHB 1803256?1626378774 第 1 次 获取到号码【1803256】GSD
2021-07-16 03:52:59 获取到号码【1803256】的GSD为【河北-唐山】
2021-07-16 03:53:02 GSD insert 第 1 次 等待 3 秒
2021-07-16 03:53:05 {"status":"ok","gid":289922,"msg":"添加成功！"}
2021-07-16 03:53:05 下次操作: 2021-07-16 03:53:19

2021-07-16 03:53:19 开始第 20 次操作

2021-07-16 03:53:19 开始操作号码 【1803257】
2021-07-16 03:53:22 GSD getOne 第 1 次 等待 3 秒
2021-07-16 03:53:25 查询号码 【1803257】，返回信息 {"status":"bad","msg":""}
2021-07-16 03:53:25 查询号码 【1803257】，GSD为【""】
2021-07-16 03:53:25 bad
2021-07-16 03:53:26 CHB 1803257?1626378805 第 1 次 等待 3 秒
2021-07-16 03:53:29 CHB 1803257?1626378805 第 1 次 获取到号码【1803257】GSD
2021-07-16 03:53:29 获取到号码【1803257】的GSD为【河北-唐山】
2021-07-16 03:53:32 GSD insert 第 1 次 等待 3 秒
2021-07-16 03:53:35 {"status":"ok","gid":289927,"msg":"添加成功！"}
2021-07-16 03:53:35 下次操作: 2021-07-16 03:53:52

2021-07-16 03:53:52 开始第 21 次操作

2021-07-16 03:53:52 开始操作号码 【1803258】
2021-07-16 03:53:55 GSD getOne 第 1 次 等待 3 秒
2021-07-16 03:53:58 查询号码 【1803258】，返回信息 {"status":"bad","msg":""}
2021-07-16 03:53:58 查询号码 【1803258】，GSD为【""】
2021-07-16 03:53:58 bad
2021-07-16 03:54:00 CHB 1803258?1626378838 第 1 次 等待 3 秒
2021-07-16 03:54:03 CHB 1803258?1626378838 第 1 次 获取到号码【1803258】GSD
2021-07-16 03:54:03 获取到号码【1803258】的GSD为【河北-唐山】
2021-07-16 03:54:05 GSD insert 第 1 次 等待 3 秒
2021-07-16 03:54:08 {"status":"ok","gid":289933,"msg":"添加成功！"}
2021-07-16 03:54:08 下次操作: 2021-07-16 03:54:32

2021-07-16 03:54:32 开始第 22 次操作

2021-07-16 03:54:32 开始操作号码 【1803259】
2021-07-16 03:54:35 GSD getOne 第 1 次 等待 3 秒
2021-07-16 03:54:38 查询号码 【1803259】，返回信息 {"status":"bad","msg":""}
2021-07-16 03:54:38 查询号码 【1803259】，GSD为【""】
2021-07-16 03:54:38 bad
2021-07-16 03:54:40 CHB 1803259?1626378878 第 1 次 等待 3 秒
2021-07-16 03:54:43 CHB 1803259?1626378878 第 1 次 获取到号码【1803259】GSD
2021-07-16 03:54:43 获取到号码【1803259】的GSD为【河北-唐山】
2021-07-16 03:54:46 GSD insert 第 1 次 等待 3 秒
2021-07-16 03:54:49 {"status":"ok","gid":289938,"msg":"添加成功！"}
2021-07-16 03:54:49 下次操作: 2021-07-16 03:55:13

2021-07-16 03:55:13 开始第 23 次操作

2021-07-16 03:55:13 开始操作号码 【1803260】
2021-07-16 03:55:16 GSD getOne 第 1 次 等待 3 秒
2021-07-16 03:55:19 查询号码 【1803260】，返回信息 {"status":"bad","msg":""}
2021-07-16 03:55:19 查询号码 【1803260】，GSD为【""】
2021-07-16 03:55:19 bad
2021-07-16 03:55:20 CHB 1803260?1626378919 第 1 次 等待 3 秒
2021-07-16 03:55:23 CHB 1803260?1626378919 第 1 次 获取到号码【1803260】GSD
2021-07-16 03:55:23 获取到号码【1803260】的GSD为【河北-廊坊】
2021-07-16 03:55:26 GSD insert 第 1 次 等待 3 秒
2021-07-16 03:55:29 {"status":"ok","gid":289945,"msg":"添加成功！"}
2021-07-16 03:55:29 下次操作: 2021-07-16 03:55:52

2021-07-16 03:55:52 开始第 24 次操作

2021-07-16 03:55:52 开始操作号码 【1803261】
2021-07-16 03:55:55 GSD getOne 第 1 次 等待 3 秒
2021-07-16 03:55:58 查询号码 【1803261】，返回信息 {"status":"bad","msg":""}
2021-07-16 03:55:58 查询号码 【1803261】，GSD为【""】
2021-07-16 03:55:58 bad
2021-07-16 03:56:00 CHB 1803261?1626378958 第 1 次 等待 3 秒
2021-07-16 03:56:03 CHB 1803261?1626378958 第 1 次 获取到号码【1803261】GSD
2021-07-16 03:56:03 获取到号码【1803261】的GSD为【河北-廊坊】
2021-07-16 03:56:06 GSD insert 第 1 次 等待 3 秒
2021-07-16 03:56:09 {"status":"ok","gid":289951,"msg":"添加成功！"}
2021-07-16 03:56:09 下次操作: 2021-07-16 03:56:33

2021-07-16 03:56:33 开始第 25 次操作

2021-07-16 03:56:33 开始操作号码 【1803262】
2021-07-16 03:56:35 GSD getOne 第 1 次 等待 3 秒
2021-07-16 03:56:38 查询号码 【1803262】，返回信息 {"status":"bad","msg":""}
2021-07-16 03:56:38 查询号码 【1803262】，GSD为【""】
2021-07-16 03:56:38 bad
2021-07-16 03:56:40 CHB 1803262?1626378998 第 1 次 等待 3 秒
2021-07-16 03:56:43 CHB 1803262?1626378998 第 1 次 获取到号码【1803262】GSD
2021-07-16 03:56:43 获取到号码【1803262】的GSD为【河北-廊坊】
2021-07-16 03:56:46 GSD insert 第 1 次 等待 3 秒
2021-07-16 03:56:49 {"status":"ok","gid":289955,"msg":"添加成功！"}
2021-07-16 03:56:49 下次操作: 2021-07-16 03:57:02

2021-07-16 03:57:02 开始第 26 次操作

2021-07-16 03:57:02 开始操作号码 【1803263】
2021-07-16 03:57:06 GSD getOne 第 1 次 等待 3 秒
2021-07-16 03:57:09 查询号码 【1803263】，返回信息 {"status":"bad","msg":""}
2021-07-16 03:57:09 查询号码 【1803263】，GSD为【""】
2021-07-16 03:57:09 bad
2021-07-16 03:57:11 CHB 1803263?1626379029 第 1 次 等待 3 秒
2021-07-16 03:57:14 CHB 1803263?1626379029 第 1 次 获取到号码【1803263】GSD
2021-07-16 03:57:14 获取到号码【1803263】的GSD为【河北-廊坊】
2021-07-16 03:57:17 GSD insert 第 1 次 等待 3 秒
2021-07-16 03:57:20 {"status":"ok","gid":289962,"msg":"添加成功！"}
2021-07-16 03:57:20 下次操作: 2021-07-16 03:57:42

2021-07-16 03:57:42 开始第 27 次操作

2021-07-16 03:57:42 开始操作号码 【1803264】
2021-07-16 03:57:45 GSD getOne 第 1 次 等待 3 秒
2021-07-16 03:57:48 查询号码 【1803264】，返回信息 {"status":"bad","msg":""}
2021-07-16 03:57:48 查询号码 【1803264】，GSD为【""】
2021-07-16 03:57:48 bad
2021-07-16 03:57:49 CHB 1803264?1626379068 第 1 次 等待 3 秒
2021-07-16 03:57:52 CHB 1803264?1626379068 第 1 次 获取到号码【1803264】GSD
2021-07-16 03:57:52 获取到号码【1803264】的GSD为【河北-廊坊】
2021-07-16 03:57:55 GSD insert 第 1 次 等待 3 秒
2021-07-16 03:57:58 {"status":"ok","gid":289967,"msg":"添加成功！"}
2021-07-16 03:57:58 下次操作: 2021-07-16 03:58:10

2021-07-16 03:58:10 开始第 28 次操作

2021-07-16 03:58:10 开始操作号码 【1803265】
2021-07-16 03:58:13 GSD getOne 第 1 次 等待 3 秒
2021-07-16 03:58:16 查询号码 【1803265】，返回信息 {"status":"bad","msg":""}
2021-07-16 03:58:16 查询号码 【1803265】，GSD为【""】
2021-07-16 03:58:16 bad
2021-07-16 03:58:18 CHB 1803265?1626379096 第 1 次 等待 3 秒
2021-07-16 03:58:21 CHB 1803265?1626379096 第 1 次 获取到号码【1803265】GSD
2021-07-16 03:58:21 获取到号码【1803265】的GSD为【河北-石家庄】
2021-07-16 03:58:24 GSD insert 第 1 次 等待 3 秒
2021-07-16 03:58:27 {"status":"ok","gid":289974,"msg":"添加成功！"}
2021-07-16 03:58:27 下次操作: 2021-07-16 03:58:44

2021-07-16 03:58:44 开始第 29 次操作

2021-07-16 03:58:44 开始操作号码 【1803266】
2021-07-16 03:58:47 GSD getOne 第 1 次 等待 3 秒
2021-07-16 03:58:50 查询号码 【1803266】，返回信息 {"status":"bad","msg":""}
2021-07-16 03:58:50 查询号码 【1803266】，GSD为【""】
2021-07-16 03:58:50 bad
2021-07-16 03:58:52 CHB 1803266?1626379130 第 1 次 等待 3 秒
2021-07-16 03:58:55 CHB 1803266?1626379130 第 1 次 获取到号码【1803266】GSD
2021-07-16 03:58:55 获取到号码【1803266】的GSD为【河北-石家庄】
2021-07-16 03:58:58 GSD insert 第 1 次 等待 3 秒
2021-07-16 03:59:01 {"status":"ok","gid":289978,"msg":"添加成功！"}
2021-07-16 03:59:01 下次操作: 2021-07-16 03:59:15

2021-07-16 03:59:15 开始第 30 次操作

2021-07-16 03:59:15 开始操作号码 【1803267】
2021-07-16 03:59:18 GSD getOne 第 1 次 等待 3 秒
2021-07-16 03:59:21 查询号码 【1803267】，返回信息 {"status":"bad","msg":""}
2021-07-16 03:59:21 查询号码 【1803267】，GSD为【""】
2021-07-16 03:59:21 bad
2021-07-16 03:59:22 CHB 1803267?1626379161 第 1 次 等待 3 秒
2021-07-16 03:59:25 CHB 1803267?1626379161 第 1 次 获取到号码【1803267】GSD
2021-07-16 03:59:25 获取到号码【1803267】的GSD为【河北-石家庄】
2021-07-16 03:59:28 GSD insert 第 1 次 等待 3 秒
2021-07-16 03:59:31 {"status":"ok","gid":289983,"msg":"添加成功！"}
2021-07-16 03:59:31 下次操作: 2021-07-16 03:59:50

2021-07-16 03:59:50 开始第 31 次操作

2021-07-16 03:59:50 开始操作号码 【1803268】
2021-07-16 03:59:53 GSD getOne 第 1 次 等待 3 秒
2021-07-16 03:59:56 查询号码 【1803268】，返回信息 {"status":"bad","msg":""}
2021-07-16 03:59:56 查询号码 【1803268】，GSD为【""】
2021-07-16 03:59:56 bad
2021-07-16 03:59:58 CHB 1803268?1626379196 第 1 次 等待 3 秒
2021-07-16 04:00:01 CHB 1803268?1626379196 第 1 次 获取到号码【1803268】GSD
2021-07-16 04:00:01 获取到号码【1803268】的GSD为【河北-石家庄】
2021-07-16 04:00:04 GSD insert 第 1 次 等待 3 秒
2021-07-16 04:00:07 {"status":"ok","gid":289987,"msg":"添加成功！"}
2021-07-16 04:00:07 下次操作: 2021-07-16 04:00:23

2021-07-16 04:00:23 开始第 32 次操作

2021-07-16 04:00:23 开始操作号码 【1803269】
2021-07-16 04:00:26 GSD getOne 第 1 次 等待 3 秒
2021-07-16 04:00:29 查询号码 【1803269】，返回信息 {"status":"bad","msg":""}
2021-07-16 04:00:29 查询号码 【1803269】，GSD为【""】
2021-07-16 04:00:29 bad
2021-07-16 04:00:30 CHB 1803269?1626379229 第 1 次 等待 3 秒
2021-07-16 04:00:33 CHB 1803269?1626379229 第 1 次 获取到号码【1803269】GSD
2021-07-16 04:00:34 获取到号码【1803269】的GSD为【河北-石家庄】
2021-07-16 04:00:36 GSD insert 第 1 次 等待 3 秒
2021-07-16 04:00:39 {"status":"ok","gid":289991,"msg":"添加成功！"}
2021-07-16 04:00:39 下次操作: 2021-07-16 04:00:57

2021-07-16 04:00:57 开始第 33 次操作

2021-07-16 04:00:57 开始操作号码 【1803270】
2021-07-16 04:01:00 GSD getOne 第 1 次 等待 3 秒
2021-07-16 04:01:03 查询号码 【1803270】，返回信息 {"status":"bad","msg":""}
2021-07-16 04:01:03 查询号码 【1803270】，GSD为【""】
2021-07-16 04:01:03 bad
2021-07-16 04:01:05 CHB 1803270?1626379263 第 1 次 等待 3 秒
2021-07-16 04:01:08 CHB 1803270?1626379263 第 1 次 获取到号码【1803270】GSD
2021-07-16 04:01:08 获取到号码【1803270】的GSD为【河北-沧州】
2021-07-16 04:01:11 GSD insert 第 1 次 等待 3 秒
2021-07-16 04:01:14 {"status":"ok","gid":289993,"msg":"添加成功！"}
2021-07-16 04:01:14 下次操作: 2021-07-16 04:01:30

2021-07-16 04:01:30 开始第 34 次操作

2021-07-16 04:01:30 开始操作号码 【1803271】
2021-07-16 04:01:33 GSD getOne 第 1 次 等待 3 秒
2021-07-16 04:01:36 查询号码 【1803271】，返回信息 {"status":"bad","msg":""}
2021-07-16 04:01:36 查询号码 【1803271】，GSD为【""】
2021-07-16 04:01:36 bad
2021-07-16 04:01:37 CHB 1803271?1626379296 第 1 次 等待 3 秒
2021-07-16 04:01:40 CHB 1803271?1626379296 第 1 次 获取到号码【1803271】GSD
2021-07-16 04:01:40 获取到号码【1803271】的GSD为【河北-沧州】
2021-07-16 04:01:43 GSD insert 第 1 次 等待 3 秒
2021-07-16 04:01:46 {"status":"ok","gid":289997,"msg":"添加成功！"}
2021-07-16 04:01:46 下次操作: 2021-07-16 04:02:09

2021-07-16 04:02:09 开始第 35 次操作

2021-07-16 04:02:09 开始操作号码 【1803272】
2021-07-16 04:02:12 GSD getOne 第 1 次 等待 3 秒
2021-07-16 04:02:15 查询号码 【1803272】，返回信息 {"status":"bad","msg":""}
2021-07-16 04:02:15 查询号码 【1803272】，GSD为【""】
2021-07-16 04:02:15 bad
2021-07-16 04:02:17 CHB 1803272?1626379335 第 1 次 等待 3 秒
2021-07-16 04:02:20 CHB 1803272?1626379335 第 1 次 获取到号码【1803272】GSD
2021-07-16 04:02:20 获取到号码【1803272】的GSD为【河北-沧州】
2021-07-16 04:02:22 GSD insert 第 1 次 等待 3 秒
2021-07-16 04:02:25 {"status":"ok","gid":290000,"msg":"添加成功！"}
2021-07-16 04:02:25 下次操作: 2021-07-16 04:02:37

2021-07-16 04:02:37 开始第 36 次操作

2021-07-16 04:02:37 开始操作号码 【1803273】
2021-07-16 04:02:40 GSD getOne 第 1 次 等待 3 秒
2021-07-16 04:02:43 查询号码 【1803273】，返回信息 {"status":"bad","msg":""}
2021-07-16 04:02:43 查询号码 【1803273】，GSD为【""】
2021-07-16 04:02:43 bad
2021-07-16 04:02:45 CHB 1803273?1626379363 第 1 次 等待 3 秒
2021-07-16 04:02:48 CHB 1803273?1626379363 第 1 次 获取到号码【1803273】GSD
2021-07-16 04:02:48 获取到号码【1803273】的GSD为【河北-沧州】
2021-07-16 04:02:51 GSD insert 第 1 次 等待 3 秒
2021-07-16 04:02:54 {"status":"ok","gid":290003,"msg":"添加成功！"}
2021-07-16 04:02:54 下次操作: 2021-07-16 04:03:10

2021-07-16 04:03:10 开始第 37 次操作

2021-07-16 04:03:10 开始操作号码 【1803274】
2021-07-16 04:03:13 GSD getOne 第 1 次 等待 3 秒
2021-07-16 04:03:16 查询号码 【1803274】，返回信息 {"status":"bad","msg":""}
2021-07-16 04:03:16 查询号码 【1803274】，GSD为【""】
2021-07-16 04:03:16 bad
2021-07-16 04:03:18 CHB 1803274?1626379396 第 1 次 等待 3 秒
2021-07-16 04:03:21 CHB 1803274?1626379396 第 1 次 获取到号码【1803274】GSD
2021-07-16 04:03:21 获取到号码【1803274】的GSD为【河北-沧州】
2021-07-16 04:03:24 GSD insert 第 1 次 等待 3 秒
2021-07-16 04:03:27 {"status":"ok","gid":290006,"msg":"添加成功！"}
2021-07-16 04:03:27 下次操作: 2021-07-16 04:03:41

2021-07-16 04:03:41 开始第 38 次操作

2021-07-16 04:03:41 开始操作号码 【1803275】
2021-07-16 04:03:44 GSD getOne 第 1 次 等待 3 秒
2021-07-16 04:03:47 查询号码 【1803275】，返回信息 {"status":"bad","msg":""}
2021-07-16 04:03:47 查询号码 【1803275】，GSD为【""】
2021-07-16 04:03:47 bad
2021-07-16 04:03:49 CHB 1803275?1626379427 第 1 次 等待 3 秒
2021-07-16 04:03:52 CHB 1803275?1626379427 第 1 次 获取到号码【1803275】GSD
2021-07-16 04:03:52 获取到号码【1803275】的GSD为【河北-石家庄】
2021-07-16 04:03:54 GSD insert 第 1 次 等待 3 秒
2021-07-16 04:03:57 {"status":"ok","gid":290010,"msg":"添加成功！"}
2021-07-16 04:03:57 下次操作: 2021-07-16 04:04:12

2021-07-16 04:04:12 开始第 39 次操作

2021-07-16 04:04:13 开始操作号码 【1803276】
2021-07-16 04:04:15 GSD getOne 第 1 次 等待 3 秒
2021-07-16 04:04:18 查询号码 【1803276】，返回信息 {"status":"bad","msg":""}
2021-07-16 04:04:18 查询号码 【1803276】，GSD为【""】
2021-07-16 04:04:18 bad
2021-07-16 04:04:20 CHB 1803276?1626379458 第 1 次 等待 3 秒
2021-07-16 04:04:23 CHB 1803276?1626379458 第 1 次 获取到号码【1803276】GSD
2021-07-16 04:04:23 获取到号码【1803276】的GSD为【河北-石家庄】
2021-07-16 04:04:26 GSD insert 第 1 次 等待 3 秒
2021-07-16 04:04:29 {"status":"ok","gid":290011,"msg":"添加成功！"}
2021-07-16 04:04:29 下次操作: 2021-07-16 04:04:53

2021-07-16 04:04:53 开始第 40 次操作

2021-07-16 04:04:53 开始操作号码 【1803277】
2021-07-16 04:04:56 GSD getOne 第 1 次 等待 3 秒
2021-07-16 04:04:59 查询号码 【1803277】，返回信息 {"status":"bad","msg":""}
2021-07-16 04:04:59 查询号码 【1803277】，GSD为【""】
2021-07-16 04:04:59 bad
2021-07-16 04:05:00 CHB 1803277?1626379499 第 1 次 等待 3 秒
2021-07-16 04:05:03 CHB 1803277?1626379499 第 1 次 获取到号码【1803277】GSD
2021-07-16 04:05:04 获取到号码【1803277】的GSD为【河北-石家庄】
2021-07-16 04:05:06 GSD insert 第 1 次 等待 3 秒
2021-07-16 04:05:09 {"status":"ok","gid":290014,"msg":"添加成功！"}

