2023-12-03 00:08:31 开始第 1133 次操作

2023-12-03 00:08:31 开始操作号码 【1871033】
2023-12-03 00:08:35 GSD getOne 第 1 次 等待 3 秒
2023-12-03 00:08:38 查询号码 【1871033】，返回信息 {"status":"ok","msg":"陕西-西安","gid":"41758","time_insert":"2018-10-08 19:20","time_update":"2020-12-10 04:04"}
2023-12-03 00:08:38 查询号码 【1871033】，GSD为【"陕西-西安"】

2023-12-03 00:08:39 开始第 1134 次操作

2023-12-03 00:08:39 开始操作号码 【1871034】
2023-12-03 00:08:42 GSD getOne 第 1 次 等待 3 秒
2023-12-03 00:08:45 查询号码 【1871034】，返回信息 {"status":"ok","msg":"陕西-西安","gid":"417776","time_insert":"2021-07-27 22:04"}
2023-12-03 00:08:45 查询号码 【1871034】，GSD为【"陕西-西安"】

2023-12-03 00:08:46 开始第 1135 次操作

2023-12-03 00:08:46 开始操作号码 【1871035】
2023-12-03 00:08:50 GSD getOne 第 1 次 等待 3 秒
2023-12-03 00:08:53 查询号码 【1871035】，返回信息 {"status":"ok","msg":"陕西-西安","gid":"417832","time_insert":"2021-07-27 22:15"}
2023-12-03 00:08:53 查询号码 【1871035】，GSD为【"陕西-西安"】

2023-12-03 00:08:55 开始第 1136 次操作

2023-12-03 00:08:55 开始操作号码 【1871036】
2023-12-03 00:09:14 GSD getOne 第 1 次 等待 3 秒
2023-12-03 00:09:17 查询号码 【1871036】，返回信息 {"status":"ok","msg":"陕西-西安","gid":"417863","time_insert":"2021-07-27 22:29"}
2023-12-03 00:09:17 查询号码 【1871036】，GSD为【"陕西-西安"】

