2024-04-15 06:11:13 开始第 3781 次操作

2024-04-15 06:11:13 开始操作号码 【1653682】
2024-04-15 06:11:18 GSD getOne 第 1 次 等待 3 秒
2024-04-15 06:11:21 查询号码 【1653682】，返回信息 {"status":"ok","msg":"黑龙江-黑河","gid":"260606","time_insert":"2021-07-13 00:00"}
2024-04-15 06:11:21 查询号码 【1653682】，GSD为【"黑龙江-黑河"】

2024-04-15 06:11:22 开始第 3782 次操作

2024-04-15 06:11:22 开始操作号码 【1653683】
2024-04-15 06:11:27 GSD getOne 第 1 次 等待 3 秒
2024-04-15 06:11:30 查询号码 【1653683】，返回信息 {"status":"ok","msg":"黑龙江-七台河","gid":"260613","time_insert":"2021-07-13 00:00"}
2024-04-15 06:11:30 查询号码 【1653683】，GSD为【"黑龙江-七台河"】

2024-04-15 06:11:31 开始第 3783 次操作

2024-04-15 06:11:31 开始操作号码 【1653684】
2024-04-15 06:11:38 GSD getOne 第 1 次 等待 3 秒
2024-04-15 06:11:41 查询号码 【1653684】，返回信息 {"status":"ok","msg":"黑龙江-齐齐哈尔","gid":"260628","time_insert":"2021-07-13 00:01"}
2024-04-15 06:11:41 查询号码 【1653684】，GSD为【"黑龙江-齐齐哈尔"】

2024-04-15 06:11:42 开始第 3784 次操作

2024-04-15 06:11:42 开始操作号码 【1653685】
2024-04-15 06:11:51 GSD getOne 第 1 次 等待 3 秒
2024-04-15 06:11:54 查询号码 【1653685】，返回信息 {"status":"ok","msg":"黑龙江-齐齐哈尔","gid":"260637","time_insert":"2021-07-13 00:02"}
2024-04-15 06:11:54 查询号码 【1653685】，GSD为【"黑龙江-齐齐哈尔"】

