2024-04-10 00:08:36 开始第 2941 次操作

2024-04-10 00:08:36 开始操作号码 【1652842】
2024-04-10 00:08:47 GSD getOne 第 1 次 等待 3 秒
2024-04-10 00:08:50 查询号码 【1652842】，返回信息 {"status":"ok","msg":"内蒙古-赤峰","gid":"249624","time_insert":"2021-07-11 16:53"}
2024-04-10 00:08:50 查询号码 【1652842】，GSD为【"内蒙古-赤峰"】

2024-04-10 00:08:51 开始第 2942 次操作

2024-04-10 00:08:51 开始操作号码 【1652843】
2024-04-10 00:08:58 GSD getOne 第 1 次 等待 3 秒
2024-04-10 00:09:01 查询号码 【1652843】，返回信息 {"status":"ok","msg":"山东-临沂","gid":"250084","time_insert":"2021-07-11 18:41"}
2024-04-10 00:09:01 查询号码 【1652843】，GSD为【"山东-临沂"】

2024-04-10 00:09:02 开始第 2943 次操作

2024-04-10 00:09:02 开始操作号码 【1652844】
2024-04-10 00:09:08 GSD getOne 第 1 次 等待 3 秒
2024-04-10 00:09:11 查询号码 【1652844】，返回信息 {"status":"ok","msg":"黑龙江-齐齐哈尔","gid":"250091","time_insert":"2021-07-11 18:42"}
2024-04-10 00:09:11 查询号码 【1652844】，GSD为【"黑龙江-齐齐哈尔"】

2024-04-10 00:09:12 开始第 2944 次操作

2024-04-10 00:09:12 开始操作号码 【1652845】
2024-04-10 00:09:18 GSD getOne 第 1 次 等待 3 秒
2024-04-10 00:09:21 查询号码 【1652845】，返回信息 {"status":"ok","msg":"内蒙古-赤峰","gid":"250099","time_insert":"2021-07-11 18:42"}
2024-04-10 00:09:21 查询号码 【1652845】，GSD为【"内蒙古-赤峰"】

2024-04-10 00:35:55 开始第 2945 次操作

2024-04-10 00:35:55 开始操作号码 【1652846】
2024-04-10 00:36:00 GSD getOne 第 1 次 等待 3 秒
2024-04-10 00:36:03 查询号码 【1652846】，返回信息 {"status":"ok","msg":"山东-临沂","gid":"250106","time_insert":"2021-07-11 18:42"}
2024-04-10 00:36:03 查询号码 【1652846】，GSD为【"山东-临沂"】

2024-04-10 00:36:04 开始第 2946 次操作

2024-04-10 00:36:04 开始操作号码 【1652847】
2024-04-10 00:36:10 GSD getOne 第 1 次 等待 3 秒
2024-04-10 00:36:13 查询号码 【1652847】，返回信息 {"status":"ok","msg":"内蒙古-通辽","gid":"250112","time_insert":"2021-07-11 18:43"}
2024-04-10 00:36:13 查询号码 【1652847】，GSD为【"内蒙古-通辽"】

2024-04-10 00:36:14 开始第 2947 次操作

2024-04-10 00:36:14 开始操作号码 【1652848】
2024-04-10 00:36:20 GSD getOne 第 1 次 等待 3 秒
2024-04-10 00:36:23 查询号码 【1652848】，返回信息 {"status":"ok","msg":"内蒙古-海拉尔","gid":"250119","time_insert":"2021-07-11 18:43"}
2024-04-10 00:36:23 查询号码 【1652848】，GSD为【"内蒙古-海拉尔"】

2024-04-10 00:36:24 开始第 2948 次操作

2024-04-10 00:36:25 开始操作号码 【1652849】
2024-04-10 00:36:31 GSD getOne 第 1 次 等待 3 秒
2024-04-10 00:36:34 查询号码 【1652849】，返回信息 {"status":"ok","msg":"内蒙古-海拉尔","gid":"250129","time_insert":"2021-07-11 18:43"}
2024-04-10 00:36:34 查询号码 【1652849】，GSD为【"内蒙古-海拉尔"】

2024-04-10 01:07:01 开始第 2949 次操作

2024-04-10 01:07:01 开始操作号码 【1652850】
2024-04-10 01:07:06 GSD getOne 第 1 次 等待 3 秒
2024-04-10 01:07:09 查询号码 【1652850】，返回信息 {"status":"ok","msg":"山西-大同","gid":"250135","time_insert":"2021-07-11 18:44"}
2024-04-10 01:07:09 查询号码 【1652850】，GSD为【"山西-大同"】

2024-04-10 01:07:10 开始第 2950 次操作

2024-04-10 01:07:10 开始操作号码 【1652851】
2024-04-10 01:07:15 GSD getOne 第 1 次 等待 3 秒
2024-04-10 01:07:18 查询号码 【1652851】，返回信息 {"status":"ok","msg":"山西-太原","gid":"250141","time_insert":"2021-07-11 18:44"}
2024-04-10 01:07:18 查询号码 【1652851】，GSD为【"山西-太原"】

2024-04-10 01:07:19 开始第 2951 次操作

2024-04-10 01:07:19 开始操作号码 【1652852】
2024-04-10 01:07:26 GSD getOne 第 1 次 等待 3 秒
2024-04-10 01:07:29 查询号码 【1652852】，返回信息 {"status":"ok","msg":"黑龙江-齐齐哈尔","gid":"250148","time_insert":"2021-07-11 18:45"}
2024-04-10 01:07:29 查询号码 【1652852】，GSD为【"黑龙江-齐齐哈尔"】

2024-04-10 01:07:30 开始第 2952 次操作

2024-04-10 01:07:30 开始操作号码 【1652853】
2024-04-10 01:07:36 GSD getOne 第 1 次 等待 3 秒
2024-04-10 01:07:39 查询号码 【1652853】，返回信息 {"status":"ok","msg":"山西-阳泉","gid":"250155","time_insert":"2021-07-11 18:45"}
2024-04-10 01:07:39 查询号码 【1652853】，GSD为【"山西-阳泉"】

2024-04-10 01:32:17 开始第 2953 次操作

2024-04-10 01:32:17 开始操作号码 【1652854】
2024-04-10 01:32:24 GSD getOne 第 1 次 等待 3 秒
2024-04-10 01:32:27 查询号码 【1652854】，返回信息 {"status":"ok","msg":"山东-东营","gid":"250162","time_insert":"2021-07-11 18:46"}
2024-04-10 01:32:27 查询号码 【1652854】，GSD为【"山东-东营"】

2024-04-10 01:32:28 开始第 2954 次操作

2024-04-10 01:32:28 开始操作号码 【1652855】
2024-04-10 01:32:34 GSD getOne 第 1 次 等待 3 秒
2024-04-10 01:32:37 查询号码 【1652855】，返回信息 {"status":"ok","msg":"河北-保定","gid":"250169","time_insert":"2021-07-11 18:46"}
2024-04-10 01:32:37 查询号码 【1652855】，GSD为【"河北-保定"】

2024-04-10 01:32:38 开始第 2955 次操作

2024-04-10 01:32:38 开始操作号码 【1652856】
2024-04-10 01:32:44 GSD getOne 第 1 次 等待 3 秒
2024-04-10 01:32:47 查询号码 【1652856】，返回信息 {"status":"ok","msg":"山西-晋城","gid":"250175","time_insert":"2021-07-11 18:46"}
2024-04-10 01:32:47 查询号码 【1652856】，GSD为【"山西-晋城"】

2024-04-10 01:32:48 开始第 2956 次操作

2024-04-10 01:32:48 开始操作号码 【1652857】
2024-04-10 01:32:54 GSD getOne 第 1 次 等待 3 秒
2024-04-10 01:32:57 查询号码 【1652857】，返回信息 {"status":"ok","msg":"陕西-榆林","gid":"250184","time_insert":"2021-07-11 18:47"}
2024-04-10 01:32:57 查询号码 【1652857】，GSD为【"陕西-榆林"】

2024-04-10 02:09:32 开始第 2957 次操作

2024-04-10 02:09:32 开始操作号码 【1652858】
2024-04-10 02:09:41 GSD getOne 第 1 次 等待 3 秒
2024-04-10 02:09:44 查询号码 【1652858】，返回信息 {"status":"ok","msg":"山西-吕梁","gid":"250190","time_insert":"2021-07-11 18:47"}
2024-04-10 02:09:44 查询号码 【1652858】，GSD为【"山西-吕梁"】

2024-04-10 02:09:45 开始第 2958 次操作

2024-04-10 02:09:45 开始操作号码 【1652859】
2024-04-10 02:09:51 GSD getOne 第 1 次 等待 3 秒
2024-04-10 02:09:54 查询号码 【1652859】，返回信息 {"status":"ok","msg":"陕西-榆林","gid":"250197","time_insert":"2021-07-11 18:47"}
2024-04-10 02:09:54 查询号码 【1652859】，GSD为【"陕西-榆林"】

2024-04-10 02:09:55 开始第 2959 次操作

2024-04-10 02:09:55 开始操作号码 【1652860】
2024-04-10 02:10:01 GSD getOne 第 1 次 等待 3 秒
2024-04-10 02:10:04 查询号码 【1652860】，返回信息 {"status":"ok","msg":"山西-临汾","gid":"250203","time_insert":"2021-07-11 18:48"}
2024-04-10 02:10:04 查询号码 【1652860】，GSD为【"山西-临汾"】

2024-04-10 02:10:05 开始第 2960 次操作

2024-04-10 02:10:05 开始操作号码 【1652861】
2024-04-10 02:10:10 GSD getOne 第 1 次 等待 3 秒
2024-04-10 02:10:13 查询号码 【1652861】，返回信息 {"status":"ok","msg":"山西-长治","gid":"250210","time_insert":"2021-07-11 18:48"}
2024-04-10 02:10:13 查询号码 【1652861】，GSD为【"山西-长治"】

