2024-07-23 00:11:19 开始第 7649 次操作

2024-07-23 00:11:19 开始操作号码 【1547532】
2024-07-23 00:11:45 GSD getOne 第 1 次 等待 3 秒
2024-07-23 00:11:48 查询号码 【1547532】，返回信息 {"status":"ok","msg":"-","gid":"686521","time_insert":"2023-04-30 09:13"}
2024-07-23 00:11:48 查询号码 【1547532】，GSD为【"-"】
2024-07-23 00:11:48 ok && -
2024-07-23 00:11:51 CHB 1547532?1721664708 第 1 次 等待 3 秒
2024-07-23 00:11:54 CHB 1547532?1721664708 第 1 次 获取到号码【1547532】GSD
2024-07-23 00:11:54 未获取到号码【1547532】GSD，可能号码格式错误
2024-07-23 00:11:54 获取到号码【1547532】的GSD为【-】
2024-07-23 00:12:02 GSD insert 第 1 次 等待 3 秒
2024-07-23 00:12:05 {"status":"bad","gid":"686521","msg":"添加失败！号码【1547532(-|-)】已存在！"}
2024-07-23 00:12:05 随机等待 179 秒，约 2 分钟
2024-07-23 00:12:05 下次操作: 2024-07-23 00:15:04

2024-07-23 00:15:04 开始第 7650 次操作

2024-07-23 00:15:04 开始操作号码 【1547533】
2024-07-23 00:15:12 GSD getOne 第 1 次 等待 3 秒
2024-07-23 00:15:15 查询号码 【1547533】，返回信息 {"status":"ok","msg":"-","gid":"686516","time_insert":"2023-04-30 09:10"}
2024-07-23 00:15:15 查询号码 【1547533】，GSD为【"-"】
2024-07-23 00:15:15 ok && -
2024-07-23 00:15:17 CHB 1547533?1721664915 第 1 次 等待 3 秒
2024-07-23 00:15:20 CHB 1547533?1721664915 第 1 次 获取到号码【1547533】GSD
2024-07-23 00:15:21 未获取到号码【1547533】GSD，可能号码格式错误
2024-07-23 00:15:21 获取到号码【1547533】的GSD为【-】
2024-07-23 00:15:29 GSD insert 第 1 次 等待 3 秒
2024-07-23 00:15:32 {"status":"bad","gid":"686516","msg":"添加失败！号码【1547533(-|-)】已存在！"}
2024-07-23 00:15:32 随机等待 84 秒，约 1 分钟
2024-07-23 00:15:32 下次操作: 2024-07-23 00:16:56

2024-07-23 00:16:56 开始第 7651 次操作

2024-07-23 00:16:56 开始操作号码 【1547534】
2024-07-23 00:17:05 GSD getOne 第 1 次 等待 3 秒
2024-07-23 00:17:08 查询号码 【1547534】，返回信息 {"status":"ok","msg":"-","gid":"686513","time_insert":"2023-04-30 09:08"}
2024-07-23 00:17:08 查询号码 【1547534】，GSD为【"-"】
2024-07-23 00:17:08 ok && -
2024-07-23 00:17:10 CHB 1547534?1721665028 第 1 次 等待 3 秒
2024-07-23 00:17:13 CHB 1547534?1721665028 第 1 次 获取到号码【1547534】GSD
2024-07-23 00:17:13 未获取到号码【1547534】GSD，可能号码格式错误
2024-07-23 00:17:13 获取到号码【1547534】的GSD为【-】
2024-07-23 00:17:21 GSD insert 第 1 次 等待 3 秒
2024-07-23 00:17:24 {"status":"bad","gid":"686513","msg":"添加失败！号码【1547534(-|-)】已存在！"}
2024-07-23 00:17:24 随机等待 198 秒，约 3 分钟
2024-07-23 00:17:24 下次操作: 2024-07-23 00:20:42

2024-07-23 00:20:42 开始第 7652 次操作

2024-07-23 00:20:42 开始操作号码 【1547535】
2024-07-23 00:20:51 GSD getOne 第 1 次 等待 3 秒
2024-07-23 00:20:54 查询号码 【1547535】，返回信息 {"status":"ok","msg":"-","gid":"686511","time_insert":"2023-04-30 09:06"}
2024-07-23 00:20:54 查询号码 【1547535】，GSD为【"-"】
2024-07-23 00:20:54 ok && -
2024-07-23 00:20:56 CHB 1547535?1721665254 第 1 次 等待 3 秒
2024-07-23 00:20:59 CHB 1547535?1721665254 第 1 次 获取到号码【1547535】GSD
2024-07-23 00:20:59 未获取到号码【1547535】GSD，可能号码格式错误
2024-07-23 00:20:59 获取到号码【1547535】的GSD为【-】
2024-07-23 00:21:07 GSD insert 第 1 次 等待 3 秒
2024-07-23 00:21:10 {"status":"bad","gid":"686511","msg":"添加失败！号码【1547535(-|-)】已存在！"}

