2024-10-05 00:28:51 开始第 7613 次操作

2024-10-05 00:28:51 开始操作号码 【1437607】
2024-10-05 00:28:53 GSD getOne 第 1 次 等待 3 秒
2024-10-05 00:28:56 查询号码 【1437607】，返回信息 {"status":"ok","msg":"-","gid":"688957","time_insert":"2023-05-02 01:59"}
2024-10-05 00:28:56 查询号码 【1437607】，GSD为【"-"】
2024-10-05 00:28:56 ok && -
2024-10-05 00:28:59 CHB 1437607?1728059336 第 1 次 等待 3 秒
2024-10-05 00:29:02 CHB 1437607?1728059336 第 1 次 获取到号码【1437607】GSD
2024-10-05 00:29:02 未获取到号码【1437607】GSD，可能号码格式错误
2024-10-05 00:29:02 获取到号码【1437607】的GSD为【-】
2024-10-05 00:29:05 GSD insert 第 1 次 等待 3 秒
2024-10-05 00:29:08 {"status":"bad","gid":"688957","msg":"添加失败！号码【1437607(-|-)】已存在！"}
2024-10-05 00:29:08 随机等待 145 秒，约 2 分钟
2024-10-05 00:29:08 下次操作: 2024-10-05 00:31:33

2024-10-05 00:31:33 开始第 7614 次操作

2024-10-05 00:31:33 开始操作号码 【1437608】
2024-10-05 00:31:35 GSD getOne 第 1 次 等待 3 秒
2024-10-05 00:31:38 查询号码 【1437608】，返回信息 {"status":"ok","msg":"-","gid":"688971","time_insert":"2023-05-02 02:20"}
2024-10-05 00:31:38 查询号码 【1437608】，GSD为【"-"】
2024-10-05 00:31:38 ok && -
2024-10-05 00:31:40 CHB 1437608?1728059498 第 1 次 等待 3 秒
2024-10-05 00:31:43 CHB 1437608?1728059498 第 1 次 获取到号码【1437608】GSD
2024-10-05 00:31:43 未获取到号码【1437608】GSD，可能号码格式错误
2024-10-05 00:31:43 获取到号码【1437608】的GSD为【-】
2024-10-05 00:31:51 GSD insert 第 1 次 等待 3 秒
2024-10-05 00:31:54 {"status":"bad","gid":"688971","msg":"添加失败！号码【1437608(-|-)】已存在！"}
2024-10-05 00:31:54 随机等待 121 秒，约 2 分钟
2024-10-05 00:31:54 下次操作: 2024-10-05 00:33:55

2024-10-05 00:33:55 开始第 7615 次操作

2024-10-05 00:33:55 开始操作号码 【1437609】
2024-10-05 00:33:58 GSD getOne 第 1 次 等待 3 秒
2024-10-05 00:34:01 查询号码 【1437609】，返回信息 {"status":"ok","msg":"-","gid":"688984","time_insert":"2023-05-02 02:40"}
2024-10-05 00:34:01 查询号码 【1437609】，GSD为【"-"】
2024-10-05 00:34:01 ok && -
2024-10-05 00:34:04 CHB 1437609?1728059641 第 1 次 等待 3 秒
2024-10-05 00:34:07 CHB 1437609?1728059641 第 1 次 获取到号码【1437609】GSD
2024-10-05 00:34:07 未获取到号码【1437609】GSD，可能号码格式错误
2024-10-05 00:34:07 获取到号码【1437609】的GSD为【-】
2024-10-05 00:34:09 GSD insert 第 1 次 等待 3 秒
2024-10-05 00:34:12 {"status":"bad","gid":"688984","msg":"添加失败！号码【1437609(-|-)】已存在！"}
2024-10-05 00:34:12 随机等待 159 秒，约 2 分钟
2024-10-05 00:34:12 下次操作: 2024-10-05 00:36:51

2024-10-05 00:36:51 开始第 7616 次操作

2024-10-05 00:36:51 开始操作号码 【1437610】
2024-10-05 00:36:53 GSD getOne 第 1 次 等待 3 秒
2024-10-05 00:36:56 查询号码 【1437610】，返回信息 {"status":"ok","msg":"-","gid":"688990","time_insert":"2023-05-02 02:52"}
2024-10-05 00:36:56 查询号码 【1437610】，GSD为【"-"】
2024-10-05 00:36:56 ok && -
2024-10-05 00:36:59 CHB 1437610?1728059816 第 1 次 等待 3 秒
2024-10-05 00:37:02 CHB 1437610?1728059816 第 1 次 获取到号码【1437610】GSD
2024-10-05 00:37:02 未获取到号码【1437610】GSD，可能号码格式错误
2024-10-05 00:37:02 获取到号码【1437610】的GSD为【-】
2024-10-05 00:37:05 GSD insert 第 1 次 等待 3 秒
2024-10-05 00:37:08 {"status":"bad","gid":"688990","msg":"添加失败！号码【1437610(-|-)】已存在！"}

