2021-07-13 00:00:10 开始第 26 次操作

2021-07-13 00:00:10 开始操作号码 【1800610】
2021-07-13 00:00:21 GSD getOne 第 1 次 等待 1 秒
2021-07-13 00:00:22 查询号码 【1800610】，返回信息 {"status":"bad","msg":""}
2021-07-13 00:00:22 查询号码 【1800610】，GSD为【""】
2021-07-13 00:00:22 bad
2021-07-13 00:00:27 CHB 1800610?1626105622 第 1 次 等待 1 秒
2021-07-13 00:00:28 CHB 1800610?1626105622 第 1 次 获取到号码【1800610】GSD
2021-07-13 00:00:28 获取到号码【1800610】的GSD为【江苏-镇江】
2021-07-13 00:00:31 GSD insert 第 1 次 等待 1 秒
2021-07-13 00:00:32 {"status":"ok","id":260611,"msg":"添加成功！260611"}
2021-07-13 00:00:32 下次操作: 2021-07-13 00:00:46

2021-07-13 00:00:46 开始第 27 次操作

2021-07-13 00:00:46 开始操作号码 【1800611】
2021-07-13 00:00:49 GSD getOne 第 1 次 等待 1 秒
2021-07-13 00:00:50 查询号码 【1800611】，返回信息 {"status":"bad","msg":""}
2021-07-13 00:00:50 查询号码 【1800611】，GSD为【""】
2021-07-13 00:00:50 bad
2021-07-13 00:00:52 CHB 1800611?1626105650 第 1 次 等待 1 秒
2021-07-13 00:00:53 CHB 1800611?1626105650 第 1 次 获取到号码【1800611】GSD
2021-07-13 00:00:53 获取到号码【1800611】的GSD为【江苏-常州】
2021-07-13 00:00:56 GSD insert 第 1 次 等待 1 秒
2021-07-13 00:00:57 {"status":"ok","id":260618,"msg":"添加成功！260618"}
2021-07-13 00:00:57 下次操作: 2021-07-13 00:01:09

2021-07-13 00:01:09 开始第 28 次操作

2021-07-13 00:01:09 开始操作号码 【1800612】
2021-07-13 00:01:15 GSD getOne 第 1 次 等待 1 秒
2021-07-13 00:01:16 查询号码 【1800612】，返回信息 {"status":"bad","msg":""}
2021-07-13 00:01:16 查询号码 【1800612】，GSD为【""】
2021-07-13 00:01:16 bad
2021-07-13 00:01:19 CHB 1800612?1626105676 第 1 次 等待 1 秒
2021-07-13 00:01:20 CHB 1800612?1626105676 第 1 次 获取到号码【1800612】GSD
2021-07-13 00:01:20 获取到号码【1800612】的GSD为【江苏-常州】
2021-07-13 00:01:26 GSD insert 第 1 次 等待 1 秒
2021-07-13 00:01:27 {"status":"ok","id":260627,"msg":"添加成功！260627"}
2021-07-13 00:01:27 下次操作: 2021-07-13 00:01:39

2021-07-13 00:01:39 开始第 29 次操作

2021-07-13 00:01:39 开始操作号码 【1800613】
2021-07-13 00:01:47 GSD getOne 第 1 次 等待 1 秒
2021-07-13 00:01:48 查询号码 【1800613】，返回信息 {"status":"bad","msg":""}
2021-07-13 00:01:48 查询号码 【1800613】，GSD为【""】
2021-07-13 00:01:48 bad
2021-07-13 00:02:03 CHB 1800613?1626105708 第 1 次 等待 1 秒
2021-07-13 00:02:04 CHB 1800613?1626105708 第 1 次 获取到号码【1800613】GSD
2021-07-13 00:02:04 获取到号码【1800613】的GSD为【江苏-苏州】
2021-07-13 00:02:10 GSD insert 第 1 次 等待 1 秒
2021-07-13 00:02:11 {"status":"ok","id":260635,"msg":"添加成功！260635"}
2021-07-13 00:02:11 下次操作: 2021-07-13 00:02:23

2021-07-13 00:02:23 开始第 30 次操作

2021-07-13 00:02:23 开始操作号码 【1800614】
2021-07-13 00:02:26 GSD getOne 第 1 次 等待 1 秒
2021-07-13 00:02:27 查询号码 【1800614】，返回信息 {"status":"bad","msg":""}
2021-07-13 00:02:27 查询号码 【1800614】，GSD为【""】
2021-07-13 00:02:27 bad
2021-07-13 00:02:29 CHB 1800614?1626105747 第 1 次 等待 1 秒
2021-07-13 00:02:30 CHB 1800614?1626105747 第 1 次 获取到号码【1800614】GSD
2021-07-13 00:02:30 获取到号码【1800614】的GSD为【江苏-常州】
2021-07-13 00:02:34 GSD insert 第 1 次 等待 1 秒
2021-07-13 00:02:35 {"status":"ok","id":260638,"msg":"添加成功！260638"}

2021-07-13 01:05:27 开始第 1 次操作

2021-07-13 01:05:27 开始操作号码 【1800615】
2021-07-13 01:05:30 GSD getOne 第 1 次 等待 1 秒
2021-07-13 01:05:31 查询号码 【1800615】，返回信息 {"status":"bad","msg":""}
2021-07-13 01:05:31 查询号码 【1800615】，GSD为【""】
2021-07-13 01:05:31 bad
2021-07-13 01:05:37 CHB 1800615?1626109531 第 1 次 等待 1 秒
2021-07-13 01:05:38 CHB 1800615?1626109531 第 1 次 获取到号码【1800615】GSD
2021-07-13 01:05:38 获取到号码【1800615】的GSD为【江苏-无锡】
2021-07-13 01:05:41 GSD insert 第 1 次 等待 1 秒
2021-07-13 01:05:42 {"status":"ok","id":260849,"msg":"添加成功！260849"}
2021-07-13 01:05:42 下次操作: 2021-07-13 01:05:48

2021-07-13 01:05:48 开始第 2 次操作

2021-07-13 01:05:48 开始操作号码 【1800616】
2021-07-13 01:05:56 GSD getOne 第 1 次 等待 1 秒
2021-07-13 01:05:57 查询号码 【1800616】，返回信息 {"status":"bad","msg":""}
2021-07-13 01:05:57 查询号码 【1800616】，GSD为【""】
2021-07-13 01:05:57 bad
2021-07-13 01:05:59 CHB 1800616?1626109557 第 1 次 等待 1 秒
2021-07-13 01:06:00 CHB 1800616?1626109557 第 1 次 获取到号码【1800616】GSD
2021-07-13 01:06:00 获取到号码【1800616】的GSD为【江苏-无锡】
2021-07-13 01:06:04 GSD insert 第 1 次 等待 1 秒
2021-07-13 01:06:05 {"status":"ok","id":260857,"msg":"添加成功！260857"}
2021-07-13 01:06:05 下次操作: 2021-07-13 01:06:15

2021-07-13 01:06:15 开始第 3 次操作

2021-07-13 01:06:15 开始操作号码 【1800617】
2021-07-13 01:06:17 GSD getOne 第 1 次 等待 1 秒
2021-07-13 01:06:18 查询号码 【1800617】，返回信息 {"status":"bad","msg":""}
2021-07-13 01:06:18 查询号码 【1800617】，GSD为【""】
2021-07-13 01:06:18 bad
2021-07-13 01:06:20 CHB 1800617?1626109578 第 1 次 等待 1 秒
2021-07-13 01:06:21 CHB 1800617?1626109578 第 1 次 获取到号码【1800617】GSD
2021-07-13 01:06:21 获取到号码【1800617】的GSD为【江苏-无锡】
2021-07-13 01:06:26 GSD insert 第 1 次 等待 1 秒
2021-07-13 01:06:27 {"status":"ok","id":260864,"msg":"添加成功！260864"}
2021-07-13 01:06:27 下次操作: 2021-07-13 01:06:44

2021-07-13 01:06:44 开始第 4 次操作

2021-07-13 01:06:44 开始操作号码 【1800618】
2021-07-13 01:06:47 GSD getOne 第 1 次 等待 1 秒
2021-07-13 01:06:48 查询号码 【1800618】，返回信息 {"status":"bad","msg":""}
2021-07-13 01:06:48 查询号码 【1800618】，GSD为【""】
2021-07-13 01:06:48 bad
2021-07-13 01:06:49 CHB 1800618?1626109608 第 1 次 等待 1 秒
2021-07-13 01:06:50 CHB 1800618?1626109608 第 1 次 获取到号码【1800618】GSD
2021-07-13 01:06:50 获取到号码【1800618】的GSD为【江苏-无锡】
2021-07-13 01:06:53 GSD insert 第 1 次 等待 1 秒
2021-07-13 01:06:54 {"status":"ok","id":260869,"msg":"添加成功！260869"}
2021-07-13 01:06:54 下次操作: 2021-07-13 01:07:01

2021-07-13 01:07:01 开始第 5 次操作

2021-07-13 01:07:01 开始操作号码 【1800619】
2021-07-13 01:07:05 GSD getOne 第 1 次 等待 1 秒
2021-07-13 01:07:06 查询号码 【1800619】，返回信息 {"status":"bad","msg":""}
2021-07-13 01:07:06 查询号码 【1800619】，GSD为【""】
2021-07-13 01:07:06 bad
2021-07-13 01:07:08 CHB 1800619?1626109626 第 1 次 等待 1 秒
2021-07-13 01:07:09 CHB 1800619?1626109626 第 1 次 获取到号码【1800619】GSD
2021-07-13 01:07:09 获取到号码【1800619】的GSD为【江苏-无锡】
2021-07-13 01:07:11 GSD insert 第 1 次 等待 1 秒
2021-07-13 01:07:12 {"status":"ok","id":260875,"msg":"添加成功！260875"}
2021-07-13 01:07:12 下次操作: 2021-07-13 01:07:29

2021-07-13 01:07:29 开始第 6 次操作

2021-07-13 01:07:29 开始操作号码 【1800620】
2021-07-13 01:07:32 GSD getOne 第 1 次 等待 1 秒
2021-07-13 01:07:33 查询号码 【1800620】，返回信息 {"status":"bad","msg":""}
2021-07-13 01:07:33 查询号码 【1800620】，GSD为【""】
2021-07-13 01:07:33 bad
2021-07-13 01:07:35 CHB 1800620?1626109653 第 1 次 等待 1 秒
2021-07-13 01:07:36 CHB 1800620?1626109653 第 1 次 获取到号码【1800620】GSD
2021-07-13 01:07:36 获取到号码【1800620】的GSD为【江苏-苏州】
2021-07-13 01:07:42 GSD insert 第 1 次 等待 1 秒
2021-07-13 01:07:43 {"status":"ok","id":260884,"msg":"添加成功！260884"}
2021-07-13 01:07:43 下次操作: 2021-07-13 01:07:59

2021-07-13 01:07:59 开始第 7 次操作

2021-07-13 01:07:59 开始操作号码 【1800621】
2021-07-13 01:08:01 GSD getOne 第 1 次 等待 1 秒
2021-07-13 01:08:02 查询号码 【1800621】，返回信息 {"status":"bad","msg":""}
2021-07-13 01:08:02 查询号码 【1800621】，GSD为【""】
2021-07-13 01:08:02 bad
2021-07-13 01:08:06 CHB 1800621?1626109682 第 1 次 等待 1 秒
2021-07-13 01:08:07 CHB 1800621?1626109682 第 1 次 获取到号码【1800621】GSD
2021-07-13 01:08:07 获取到号码【1800621】的GSD为【江苏-苏州】
2021-07-13 01:08:11 GSD insert 第 1 次 等待 1 秒
2021-07-13 01:08:12 {"status":"ok","id":260894,"msg":"添加成功！260894"}
2021-07-13 01:08:12 下次操作: 2021-07-13 01:08:29

2021-07-13 01:08:29 开始第 8 次操作

2021-07-13 01:08:29 开始操作号码 【1800622】
2021-07-13 01:08:34 GSD getOne 第 1 次 等待 1 秒
2021-07-13 01:08:35 查询号码 【1800622】，返回信息 {"status":"ok","msg":"江苏-苏州","gid":"31802","time_insert":"2017-10-20 20:46","time_update":"2020-08-26 02:34"}
2021-07-13 01:08:35 查询号码 【1800622】，GSD为【"江苏-苏州"】

2021-07-13 01:08:35 开始第 8 次操作

2021-07-13 01:08:35 开始操作号码 【1800623】
2021-07-13 01:08:38 GSD getOne 第 1 次 等待 1 秒
2021-07-13 01:08:39 查询号码 【1800623】，返回信息 {"status":"bad","msg":""}
2021-07-13 01:08:39 查询号码 【1800623】，GSD为【""】
2021-07-13 01:08:39 bad
2021-07-13 01:08:41 CHB 1800623?1626109719 第 1 次 等待 1 秒
2021-07-13 01:08:42 CHB 1800623?1626109719 第 1 次 获取到号码【1800623】GSD
2021-07-13 01:08:42 获取到号码【1800623】的GSD为【江苏-苏州】
2021-07-13 01:08:45 GSD insert 第 1 次 等待 1 秒
2021-07-13 01:08:46 {"status":"ok","id":260904,"msg":"添加成功！260904"}
2021-07-13 01:08:46 下次操作: 2021-07-13 01:08:56

2021-07-13 01:08:56 开始第 9 次操作

2021-07-13 01:08:56 开始操作号码 【1800624】
2021-07-13 01:08:58 GSD getOne 第 1 次 等待 1 秒
2021-07-13 01:08:59 查询号码 【1800624】，返回信息 {"status":"bad","msg":""}
2021-07-13 01:09:00 查询号码 【1800624】，GSD为【""】
2021-07-13 01:09:00 bad
2021-07-13 01:09:02 CHB 1800624?1626109740 第 1 次 等待 1 秒
2021-07-13 01:09:03 CHB 1800624?1626109740 第 1 次 获取到号码【1800624】GSD
2021-07-13 01:09:03 获取到号码【1800624】的GSD为【江苏-苏州】
2021-07-13 01:09:14 GSD insert 第 1 次 等待 1 秒
2021-07-13 01:09:15 {"status":"ok","id":260911,"msg":"添加成功！260911"}
2021-07-13 01:09:15 下次操作: 2021-07-13 01:09:25

2021-07-13 01:09:25 开始第 10 次操作

2021-07-13 01:09:25 开始操作号码 【1800625】
2021-07-13 01:09:27 GSD getOne 第 1 次 等待 1 秒
2021-07-13 01:09:28 查询号码 【1800625】，返回信息 {"status":"bad","msg":""}
2021-07-13 01:09:29 查询号码 【1800625】，GSD为【""】
2021-07-13 01:09:29 bad
2021-07-13 01:09:31 CHB 1800625?1626109769 第 1 次 等待 1 秒
2021-07-13 01:09:32 CHB 1800625?1626109769 第 1 次 获取到号码【1800625】GSD
2021-07-13 01:09:32 获取到号码【1800625】的GSD为【江苏-苏州】
2021-07-13 01:09:35 GSD insert 第 1 次 等待 1 秒
2021-07-13 01:09:36 {"status":"ok","id":260918,"msg":"添加成功！260918"}
2021-07-13 01:09:36 下次操作: 2021-07-13 01:09:46

2021-07-13 01:09:46 开始第 11 次操作

2021-07-13 01:09:46 开始操作号码 【1800626】
2021-07-13 01:09:58 GSD getOne 第 1 次 等待 1 秒
2021-07-13 01:09:59 查询号码 【1800626】，返回信息 {"status":"bad","msg":""}
2021-07-13 01:09:59 查询号码 【1800626】，GSD为【""】
2021-07-13 01:09:59 bad
2021-07-13 01:10:01 CHB 1800626?1626109799 第 1 次 等待 1 秒
2021-07-13 01:10:02 CHB 1800626?1626109799 第 1 次 获取到号码【1800626】GSD
2021-07-13 01:10:02 获取到号码【1800626】的GSD为【江苏-苏州】
2021-07-13 01:10:04 GSD insert 第 1 次 等待 1 秒
2021-07-13 01:10:05 {"status":"ok","id":260925,"msg":"添加成功！260925"}
2021-07-13 01:10:05 下次操作: 2021-07-13 01:10:17

2021-07-13 01:10:17 开始第 12 次操作

2021-07-13 01:10:17 开始操作号码 【1800627】
2021-07-13 01:10:26 GSD getOne 第 1 次 等待 1 秒
2021-07-13 01:10:27 查询号码 【1800627】，返回信息 {"status":"bad","msg":""}
2021-07-13 01:10:27 查询号码 【1800627】，GSD为【""】
2021-07-13 01:10:27 bad
2021-07-13 01:10:28 CHB 1800627?1626109827 第 1 次 等待 1 秒
2021-07-13 01:10:29 CHB 1800627?1626109827 第 1 次 获取到号码【1800627】GSD
2021-07-13 01:10:29 获取到号码【1800627】的GSD为【江苏-南通】
2021-07-13 01:10:43 GSD insert 第 1 次 等待 1 秒
2021-07-13 01:10:44 {"status":"ok","id":260937,"msg":"添加成功！260937"}
2021-07-13 01:10:44 下次操作: 2021-07-13 01:10:54

2021-07-13 01:10:54 开始第 13 次操作

2021-07-13 01:10:54 开始操作号码 【1800628】
2021-07-13 01:11:09 GSD getOne 第 1 次 等待 1 秒
2021-07-13 01:11:10 查询号码 【1800628】，返回信息 {"status":"bad","msg":""}
2021-07-13 01:11:10 查询号码 【1800628】，GSD为【""】
2021-07-13 01:11:10 bad
2021-07-13 01:11:12 CHB 1800628?1626109870 第 1 次 等待 1 秒
2021-07-13 01:11:13 CHB 1800628?1626109870 第 1 次 获取到号码【1800628】GSD
2021-07-13 01:11:13 获取到号码【1800628】的GSD为【江苏-南通】
2021-07-13 01:11:36 GSD insert 第 1 次 等待 1 秒
2021-07-13 01:11:37 {"status":"ok","id":260949,"msg":"添加成功！260949"}
2021-07-13 01:11:37 下次操作: 2021-07-13 01:11:53

2021-07-13 01:11:53 开始第 14 次操作

2021-07-13 01:11:53 开始操作号码 【1800629】
2021-07-13 01:11:56 GSD getOne 第 1 次 等待 1 秒
2021-07-13 01:11:57 查询号码 【1800629】，返回信息 {"status":"bad","msg":""}
2021-07-13 01:11:57 查询号码 【1800629】，GSD为【""】
2021-07-13 01:11:57 bad
2021-07-13 01:11:59 CHB 1800629?1626109917 第 1 次 等待 1 秒
2021-07-13 01:12:00 CHB 1800629?1626109917 第 1 次 获取到号码【1800629】GSD
2021-07-13 01:12:00 获取到号码【1800629】的GSD为【江苏-南通】
2021-07-13 01:12:06 GSD insert 第 1 次 等待 1 秒
2021-07-13 01:12:07 {"status":"ok","id":260958,"msg":"添加成功！260958"}
2021-07-13 01:12:07 下次操作: 2021-07-13 01:12:13

2021-07-13 01:12:13 开始第 15 次操作

2021-07-13 01:12:13 开始操作号码 【1800630】
2021-07-13 01:12:17 GSD getOne 第 1 次 等待 1 秒
2021-07-13 01:12:18 查询号码 【1800630】，返回信息 {"status":"bad","msg":""}
2021-07-13 01:12:18 查询号码 【1800630】，GSD为【""】
2021-07-13 01:12:18 bad
2021-07-13 01:12:21 CHB 1800630?1626109938 第 1 次 等待 1 秒
2021-07-13 01:12:22 CHB 1800630?1626109938 第 1 次 获取到号码【1800630】GSD
2021-07-13 01:12:22 获取到号码【1800630】的GSD为【山东-威海】
2021-07-13 01:12:25 GSD insert 第 1 次 等待 1 秒
2021-07-13 01:12:26 {"status":"ok","id":260965,"msg":"添加成功！260965"}
2021-07-13 01:12:26 下次操作: 2021-07-13 01:12:36

2021-07-13 01:12:36 开始第 16 次操作

2021-07-13 01:12:36 开始操作号码 【1800631】
2021-07-13 01:12:40 GSD getOne 第 1 次 等待 1 秒
2021-07-13 01:12:41 查询号码 【1800631】，返回信息 {"status":"bad","msg":""}
2021-07-13 01:12:41 查询号码 【1800631】，GSD为【""】
2021-07-13 01:12:41 bad
2021-07-13 01:12:43 CHB 1800631?1626109961 第 1 次 等待 1 秒
2021-07-13 01:12:44 CHB 1800631?1626109961 第 1 次 获取到号码【1800631】GSD
2021-07-13 01:12:45 获取到号码【1800631】的GSD为【山东-威海】
2021-07-13 01:12:47 GSD insert 第 1 次 等待 1 秒
2021-07-13 01:12:48 {"status":"ok","id":260972,"msg":"添加成功！260972"}
2021-07-13 01:12:48 下次操作: 2021-07-13 01:13:05

2021-07-13 01:13:05 开始第 17 次操作

2021-07-13 01:13:05 开始操作号码 【1800632】
2021-07-13 01:13:10 GSD getOne 第 1 次 等待 1 秒
2021-07-13 01:13:11 查询号码 【1800632】，返回信息 {"status":"bad","msg":""}
2021-07-13 01:13:11 查询号码 【1800632】，GSD为【""】
2021-07-13 01:13:11 bad
2021-07-13 01:13:13 CHB 1800632?1626109991 第 1 次 等待 1 秒
2021-07-13 01:13:14 CHB 1800632?1626109991 第 1 次 获取到号码【1800632】GSD
2021-07-13 01:13:14 获取到号码【1800632】的GSD为【山东-枣庄】
2021-07-13 01:13:17 GSD insert 第 1 次 等待 1 秒
2021-07-13 01:13:18 {"status":"ok","id":260981,"msg":"添加成功！260981"}
2021-07-13 01:13:18 下次操作: 2021-07-13 01:13:33

2021-07-13 01:13:33 开始第 18 次操作

2021-07-13 01:13:33 开始操作号码 【1800633】
2021-07-13 01:13:38 GSD getOne 第 1 次 等待 1 秒
2021-07-13 01:13:39 查询号码 【1800633】，返回信息 {"status":"bad","msg":""}
2021-07-13 01:13:39 查询号码 【1800633】，GSD为【""】
2021-07-13 01:13:39 bad
2021-07-13 01:13:42 CHB 1800633?1626110019 第 1 次 等待 1 秒
2021-07-13 01:13:43 CHB 1800633?1626110019 第 1 次 获取到号码【1800633】GSD
2021-07-13 01:13:43 获取到号码【1800633】的GSD为【山东-日照】
2021-07-13 01:13:52 GSD insert 第 1 次 等待 1 秒
2021-07-13 01:13:53 {"status":"ok","id":260994,"msg":"添加成功！260994"}
2021-07-13 01:13:54 下次操作: 2021-07-13 01:14:09

2021-07-13 01:14:10 开始第 19 次操作

2021-07-13 01:14:10 开始操作号码 【1800634】
2021-07-13 01:14:23 GSD getOne 第 1 次 等待 1 秒
2021-07-13 01:14:24 查询号码 【1800634】，返回信息 {"status":"bad","msg":""}
2021-07-13 01:14:24 查询号码 【1800634】，GSD为【""】
2021-07-13 01:14:24 bad
2021-07-13 01:14:26 CHB 1800634?1626110064 第 1 次 等待 1 秒
2021-07-13 01:14:27 CHB 1800634?1626110064 第 1 次 获取到号码【1800634】GSD
2021-07-13 01:14:27 获取到号码【1800634】的GSD为【山东-莱芜】
2021-07-13 01:15:28 GSD insert 第 1 次 等待 1 秒
2021-07-13 01:15:29 {"status":"ok","id":261021,"msg":"添加成功！261021"}
2021-07-13 01:15:29 下次操作: 2021-07-13 01:15:37

2021-07-13 01:15:37 开始第 20 次操作

2021-07-13 01:15:37 开始操作号码 【1800635】
2021-07-13 01:15:45 GSD getOne 第 1 次 等待 1 秒
2021-07-13 01:15:46 查询号码 【1800635】，返回信息 {"status":"bad","msg":""}
2021-07-13 01:15:46 查询号码 【1800635】，GSD为【""】
2021-07-13 01:15:46 bad
2021-07-13 01:15:48 CHB 1800635?1626110146 第 1 次 等待 1 秒
2021-07-13 01:15:49 CHB 1800635?1626110146 第 1 次 获取到号码【1800635】GSD
2021-07-13 01:15:49 获取到号码【1800635】的GSD为【山东-聊城】
2021-07-13 01:15:51 GSD insert 第 1 次 等待 1 秒
2021-07-13 01:15:52 {"status":"ok","id":261027,"msg":"添加成功！261027"}
2021-07-13 01:15:52 下次操作: 2021-07-13 01:16:06

2021-07-13 01:16:06 开始第 21 次操作

2021-07-13 01:16:06 开始操作号码 【1800636】
2021-07-13 01:16:24 GSD getOne 第 1 次 等待 1 秒
2021-07-13 01:16:25 查询号码 【1800636】，返回信息 {"status":"ok","msg":"山东-济南","gid":"31803","time_insert":"2018-01-31 21:57","time_update":"2021-06-12 04:33"}
2021-07-13 01:16:25 查询号码 【1800636】，GSD为【"山东-济南"】

2021-07-13 01:16:25 开始第 21 次操作

2021-07-13 01:16:25 开始操作号码 【1800637】
2021-07-13 01:17:27 GSD getOne 第 1 次 等待 1 秒
2021-07-13 01:17:28 查询号码 【1800637】，返回信息 {"status":"bad","msg":""}
2021-07-13 01:17:28 查询号码 【1800637】，GSD为【""】
2021-07-13 01:17:28 bad
2021-07-13 01:17:30 CHB 1800637?1626110248 第 1 次 等待 1 秒
2021-07-13 01:17:31 CHB 1800637?1626110248 第 1 次 获取到号码【1800637】GSD
2021-07-13 01:17:31 获取到号码【1800637】的GSD为【山东-滨州】
2021-07-13 01:17:43 GSD insert 第 1 次 等待 1 秒
2021-07-13 01:17:44 {"status":"ok","id":261057,"msg":"添加成功！261057"}
2021-07-13 01:17:44 下次操作: 2021-07-13 01:17:52

2021-07-13 01:17:52 开始第 22 次操作

2021-07-13 01:17:52 开始操作号码 【1800638】
2021-07-13 01:17:55 GSD getOne 第 1 次 等待 1 秒
2021-07-13 01:17:56 查询号码 【1800638】，返回信息 {"status":"bad","msg":""}
2021-07-13 01:17:56 查询号码 【1800638】，GSD为【""】
2021-07-13 01:17:56 bad
2021-07-13 01:17:58 CHB 1800638?1626110276 第 1 次 等待 1 秒
2021-07-13 01:17:59 CHB 1800638?1626110276 第 1 次 获取到号码【1800638】GSD
2021-07-13 01:17:59 获取到号码【1800638】的GSD为【山东-滨州】
2021-07-13 01:18:02 GSD insert 第 1 次 等待 1 秒
2021-07-13 01:18:03 {"status":"ok","id":261060,"msg":"添加成功！261060"}
2021-07-13 01:18:03 下次操作: 2021-07-13 01:18:17

2021-07-13 01:18:17 开始第 23 次操作

2021-07-13 01:18:17 开始操作号码 【1800639】
2021-07-13 01:18:23 GSD getOne 第 1 次 等待 1 秒
2021-07-13 01:18:24 查询号码 【1800639】，返回信息 {"status":"bad","msg":""}
2021-07-13 01:18:25 查询号码 【1800639】，GSD为【""】
2021-07-13 01:18:25 bad
2021-07-13 01:18:26 CHB 1800639?1626110305 第 1 次 等待 1 秒
2021-07-13 01:18:27 CHB 1800639?1626110305 第 1 次 获取到号码【1800639】GSD
2021-07-13 01:18:27 获取到号码【1800639】的GSD为【山东-滨州】
2021-07-13 01:18:35 GSD insert 第 1 次 等待 1 秒
2021-07-13 01:18:36 {"status":"ok","id":261072,"msg":"添加成功！261072"}
2021-07-13 01:18:36 下次操作: 2021-07-13 01:18:45

2021-07-13 01:18:45 开始第 24 次操作

2021-07-13 01:18:45 开始操作号码 【1800640】
2021-07-13 01:18:50 GSD getOne 第 1 次 等待 1 秒
2021-07-13 01:18:51 查询号码 【1800640】，返回信息 {"status":"bad","msg":""}
2021-07-13 01:18:51 查询号码 【1800640】，GSD为【""】
2021-07-13 01:18:51 bad
2021-07-13 01:18:53 CHB 1800640?1626110331 第 1 次 等待 1 秒
2021-07-13 01:18:54 CHB 1800640?1626110331 第 1 次 获取到号码【1800640】GSD
2021-07-13 01:18:54 获取到号码【1800640】的GSD为【山东-济南】
2021-07-13 01:18:57 GSD insert 第 1 次 等待 1 秒
2021-07-13 01:18:58 {"status":"ok","id":261076,"msg":"添加成功！261076"}
2021-07-13 01:18:58 下次操作: 2021-07-13 01:19:06

2021-07-13 01:19:06 开始第 25 次操作

2021-07-13 01:19:06 开始操作号码 【1800641】
2021-07-13 01:19:08 GSD getOne 第 1 次 等待 1 秒
2021-07-13 01:19:09 查询号码 【1800641】，返回信息 {"status":"bad","msg":""}
2021-07-13 01:19:09 查询号码 【1800641】，GSD为【""】
2021-07-13 01:19:09 bad
2021-07-13 01:19:12 CHB 1800641?1626110349 第 1 次 等待 1 秒
2021-07-13 01:19:13 CHB 1800641?1626110349 第 1 次 获取到号码【1800641】GSD
2021-07-13 01:19:13 获取到号码【1800641】的GSD为【山东-济南】
2021-07-13 01:19:23 GSD insert 第 1 次 等待 1 秒
2021-07-13 01:19:24 {"status":"ok","id":261081,"msg":"添加成功！261081"}
2021-07-13 01:19:24 下次操作: 2021-07-13 01:19:39

2021-07-13 01:19:39 开始第 26 次操作

2021-07-13 01:19:39 开始操作号码 【1800642】
2021-07-13 01:19:59 GSD getOne 第 1 次 等待 1 秒
2021-07-13 01:20:00 查询号码 【1800642】，返回信息 {"status":"bad","msg":""}
2021-07-13 01:20:00 查询号码 【1800642】，GSD为【""】
2021-07-13 01:20:00 bad
2021-07-13 01:20:02 CHB 1800642?1626110400 第 1 次 等待 1 秒
2021-07-13 01:20:03 CHB 1800642?1626110400 第 1 次 获取到号码【1800642】GSD
2021-07-13 01:20:03 获取到号码【1800642】的GSD为【山东-青岛】
2021-07-13 01:20:07 GSD insert 第 1 次 等待 1 秒
2021-07-13 01:20:08 {"status":"ok","id":261087,"msg":"添加成功！261087"}
2021-07-13 01:20:08 下次操作: 2021-07-13 01:20:20

2021-07-13 01:20:20 开始第 27 次操作

2021-07-13 01:20:20 开始操作号码 【1800643】
2021-07-13 01:20:22 GSD getOne 第 1 次 等待 1 秒
2021-07-13 01:20:23 查询号码 【1800643】，返回信息 {"status":"bad","msg":""}
2021-07-13 01:20:24 查询号码 【1800643】，GSD为【""】
2021-07-13 01:20:24 bad
2021-07-13 01:20:26 CHB 1800643?1626110424 第 1 次 等待 1 秒
2021-07-13 01:20:27 CHB 1800643?1626110424 第 1 次 获取到号码【1800643】GSD
2021-07-13 01:20:27 获取到号码【1800643】的GSD为【山东-淄博】
2021-07-13 01:20:30 GSD insert 第 1 次 等待 1 秒
2021-07-13 01:20:31 {"status":"ok","id":261090,"msg":"添加成功！261090"}
2021-07-13 01:20:31 下次操作: 2021-07-13 01:20:42

2021-07-13 01:20:42 开始第 28 次操作

2021-07-13 01:20:42 开始操作号码 【1800644】
2021-07-13 01:20:45 GSD getOne 第 1 次 等待 1 秒
2021-07-13 01:20:46 查询号码 【1800644】，返回信息 {"status":"bad","msg":""}
2021-07-13 01:20:46 查询号码 【1800644】，GSD为【""】
2021-07-13 01:20:46 bad
2021-07-13 01:20:47 CHB 1800644?1626110446 第 1 次 等待 1 秒
2021-07-13 01:20:48 CHB 1800644?1626110446 第 1 次 获取到号码【1800644】GSD
2021-07-13 01:20:48 获取到号码【1800644】的GSD为【山东-济南】
2021-07-13 01:20:51 GSD insert 第 1 次 等待 1 秒
2021-07-13 01:20:52 {"status":"ok","id":261093,"msg":"添加成功！261093"}
2021-07-13 01:20:52 下次操作: 2021-07-13 01:21:07

2021-07-13 01:21:07 开始第 29 次操作

2021-07-13 01:21:07 开始操作号码 【1800645】
2021-07-13 01:21:10 GSD getOne 第 1 次 等待 1 秒
2021-07-13 01:21:11 查询号码 【1800645】，返回信息 {"status":"bad","msg":""}
2021-07-13 01:21:11 查询号码 【1800645】，GSD为【""】
2021-07-13 01:21:11 bad
2021-07-13 01:21:13 CHB 1800645?1626110471 第 1 次 等待 1 秒
2021-07-13 01:21:14 CHB 1800645?1626110471 第 1 次 获取到号码【1800645】GSD
2021-07-13 01:21:14 获取到号码【1800645】的GSD为【山东-烟台】
2021-07-13 01:21:17 GSD insert 第 1 次 等待 1 秒
2021-07-13 01:21:18 {"status":"ok","id":261096,"msg":"添加成功！261096"}
2021-07-13 01:21:18 下次操作: 2021-07-13 01:21:35

2021-07-13 01:21:35 开始第 30 次操作

2021-07-13 01:21:35 开始操作号码 【1800646】
2021-07-13 01:21:37 GSD getOne 第 1 次 等待 1 秒
2021-07-13 01:21:38 查询号码 【1800646】，返回信息 {"status":"bad","msg":""}
2021-07-13 01:21:38 查询号码 【1800646】，GSD为【""】
2021-07-13 01:21:38 bad
2021-07-13 01:21:40 CHB 1800646?1626110498 第 1 次 等待 1 秒
2021-07-13 01:21:41 CHB 1800646?1626110498 第 1 次 获取到号码【1800646】GSD
2021-07-13 01:21:41 获取到号码【1800646】的GSD为【山东-潍坊】
2021-07-13 01:21:49 GSD insert 第 1 次 等待 1 秒
2021-07-13 01:21:50 {"status":"ok","id":261099,"msg":"添加成功！261099"}

2021-07-13 01:45:42 开始第 1 次操作

2021-07-13 01:45:42 开始操作号码 【1800647】
2021-07-13 01:50:43 GSD getOne 第 1 次 等待 1 秒
2021-07-13 01:52:54 GSD getOne 第 2 次 等待 1 秒
2021-07-13 01:55:05 GSD getOne 第 3 次 等待 1 秒
2021-07-13 01:57:16 GSD getOne 第 4 次 等待 1 秒
2021-07-13 01:57:20 GSD getOne 第 5 次 等待 1 秒
2021-07-13 01:57:21 查询号码 【1800647】，返回信息 {"status":"bad","msg":""}
2021-07-13 01:57:21 查询号码 【1800647】，GSD为【""】
2021-07-13 01:57:21 bad
2021-07-13 01:57:23 CHB 1800647?1626112641 第 1 次 等待 1 秒
2021-07-13 01:57:24 CHB 1800647?1626112641 第 1 次 获取到号码【1800647】GSD
2021-07-13 01:57:24 获取到号码【1800647】的GSD为【山东-东营】
2021-07-13 01:57:42 GSD insert 第 1 次 等待 1 秒
2021-07-13 01:57:43 {"status":"ok","id":261389,"msg":"添加成功！261389"}
2021-07-13 01:57:43 下次操作: 2021-07-13 01:57:56

2021-07-13 01:57:56 开始第 2 次操作

2021-07-13 01:57:56 开始操作号码 【1800648】
2021-07-13 01:58:06 GSD getOne 第 1 次 等待 1 秒
2021-07-13 01:58:07 查询号码 【1800648】，返回信息 {"status":"bad","msg":""}
2021-07-13 01:58:08 查询号码 【1800648】，GSD为【""】
2021-07-13 01:58:08 bad
2021-07-13 01:58:09 CHB 1800648?1626112688 第 1 次 等待 1 秒
2021-07-13 01:58:10 CHB 1800648?1626112688 第 1 次 获取到号码【1800648】GSD
2021-07-13 01:58:10 获取到号码【1800648】的GSD为【山东-青岛】
2021-07-13 01:58:36 GSD insert 第 1 次 等待 1 秒
2021-07-13 01:58:37 {"status":"ok","id":261398,"msg":"添加成功！261398"}
2021-07-13 01:58:37 下次操作: 2021-07-13 01:58:44

2021-07-13 01:58:44 开始第 3 次操作

2021-07-13 01:58:44 开始操作号码 【1800649】
2021-07-13 01:59:05 GSD getOne 第 1 次 等待 1 秒
2021-07-13 01:59:06 查询号码 【1800649】，返回信息 {"status":"bad","msg":""}
2021-07-13 01:59:06 查询号码 【1800649】，GSD为【""】
2021-07-13 01:59:06 bad
2021-07-13 01:59:08 CHB 1800649?1626112746 第 1 次 等待 1 秒
2021-07-13 01:59:09 CHB 1800649?1626112746 第 1 次 获取到号码【1800649】GSD
2021-07-13 01:59:09 获取到号码【1800649】的GSD为【山东-临沂】
2021-07-13 01:59:27 GSD insert 第 1 次 等待 1 秒
2021-07-13 01:59:28 {"status":"ok","id":261403,"msg":"添加成功！261403"}
2021-07-13 01:59:28 下次操作: 2021-07-13 01:59:36

2021-07-13 01:59:36 开始第 4 次操作

2021-07-13 01:59:36 开始操作号码 【1800650】
2021-07-13 01:59:54 GSD getOne 第 1 次 等待 1 秒
2021-07-13 01:59:55 查询号码 【1800650】，返回信息 {"status":"bad","msg":""}
2021-07-13 01:59:55 查询号码 【1800650】，GSD为【""】
2021-07-13 01:59:55 bad
2021-07-13 01:59:57 CHB 1800650?1626112795 第 1 次 等待 1 秒
2021-07-13 01:59:58 CHB 1800650?1626112795 第 1 次 获取到号码【1800650】GSD
2021-07-13 01:59:58 获取到号码【1800650】的GSD为【浙江-金华】
2021-07-13 02:00:16 GSD insert 第 1 次 等待 1 秒
2021-07-13 02:00:17 {"status":"ok","id":261409,"msg":"添加成功！261409"}
2021-07-13 02:00:17 下次操作: 2021-07-13 02:00:28

2021-07-13 02:00:28 开始第 5 次操作

2021-07-13 02:00:28 开始操作号码 【1800651】
2021-07-13 02:00:42 GSD getOne 第 1 次 等待 1 秒
2021-07-13 02:00:43 查询号码 【1800651】，返回信息 {"status":"bad","msg":""}
2021-07-13 02:00:43 查询号码 【1800651】，GSD为【""】
2021-07-13 02:00:43 bad
2021-07-13 02:00:46 CHB 1800651?1626112843 第 1 次 等待 1 秒
2021-07-13 02:00:47 CHB 1800651?1626112843 第 1 次 获取到号码【1800651】GSD
2021-07-13 02:00:47 获取到号码【1800651】的GSD为【浙江-金华】
2021-07-13 02:01:05 GSD insert 第 1 次 等待 1 秒
2021-07-13 02:01:06 {"status":"ok","id":261414,"msg":"添加成功！261414"}
2021-07-13 02:01:06 下次操作: 2021-07-13 02:01:24

2021-07-13 02:01:24 开始第 6 次操作

2021-07-13 02:01:24 开始操作号码 【1800652】
2021-07-13 02:01:28 GSD getOne 第 1 次 等待 1 秒
2021-07-13 02:01:29 查询号码 【1800652】，返回信息 {"status":"bad","msg":""}
2021-07-13 02:01:29 查询号码 【1800652】，GSD为【""】
2021-07-13 02:01:29 bad
2021-07-13 02:01:30 CHB 1800652?1626112889 第 1 次 等待 1 秒
2021-07-13 02:01:31 CHB 1800652?1626112889 第 1 次 获取到号码【1800652】GSD
2021-07-13 02:01:31 获取到号码【1800652】的GSD为【浙江-金华】
2021-07-13 02:01:49 GSD insert 第 1 次 等待 1 秒
2021-07-13 02:01:50 {"status":"ok","id":261421,"msg":"添加成功！261421"}
2021-07-13 02:01:50 下次操作: 2021-07-13 02:02:04

2021-07-13 02:02:04 开始第 7 次操作

2021-07-13 02:02:04 开始操作号码 【1800653】
2021-07-13 02:02:15 GSD getOne 第 1 次 等待 1 秒
2021-07-13 02:02:16 查询号码 【1800653】，返回信息 {"status":"bad","msg":""}
2021-07-13 02:02:16 查询号码 【1800653】，GSD为【""】
2021-07-13 02:02:16 bad
2021-07-13 02:02:17 CHB 1800653?1626112936 第 1 次 等待 1 秒
2021-07-13 02:02:18 CHB 1800653?1626112936 第 1 次 获取到号码【1800653】GSD
2021-07-13 02:02:18 获取到号码【1800653】的GSD为【浙江-金华】
2021-07-13 02:02:40 GSD insert 第 1 次 等待 1 秒
2021-07-13 02:02:41 {"status":"ok","id":261425,"msg":"添加成功！261425"}
2021-07-13 02:02:41 下次操作: 2021-07-13 02:02:47

2021-07-13 02:02:47 开始第 8 次操作

2021-07-13 02:02:47 开始操作号码 【1800654】
2021-07-13 02:03:16 GSD getOne 第 1 次 等待 1 秒
2021-07-13 02:03:17 查询号码 【1800654】，返回信息 {"status":"bad","msg":""}
2021-07-13 02:03:17 查询号码 【1800654】，GSD为【""】
2021-07-13 02:03:17 bad
2021-07-13 02:03:19 CHB 1800654?1626112997 第 1 次 等待 1 秒
2021-07-13 02:03:20 CHB 1800654?1626112997 第 1 次 获取到号码【1800654】GSD
2021-07-13 02:03:20 获取到号码【1800654】的GSD为【浙江-金华】
2021-07-13 02:03:38 GSD insert 第 1 次 等待 1 秒
2021-07-13 02:03:39 {"status":"ok","id":261431,"msg":"添加成功！261431"}
2021-07-13 02:03:39 下次操作: 2021-07-13 02:03:53

2021-07-13 02:03:53 开始第 9 次操作

2021-07-13 02:03:53 开始操作号码 【1800655】
2021-07-13 02:04:03 GSD getOne 第 1 次 等待 1 秒
2021-07-13 02:04:04 查询号码 【1800655】，返回信息 {"status":"bad","msg":""}
2021-07-13 02:04:04 查询号码 【1800655】，GSD为【""】
2021-07-13 02:04:04 bad
2021-07-13 02:04:06 CHB 1800655?1626113044 第 1 次 等待 1 秒
2021-07-13 02:04:07 CHB 1800655?1626113044 第 1 次 获取到号码【1800655】GSD
2021-07-13 02:04:07 获取到号码【1800655】的GSD为【浙江-金华】
2021-07-13 02:04:25 GSD insert 第 1 次 等待 1 秒
2021-07-13 02:04:26 {"status":"ok","id":261439,"msg":"添加成功！261439"}
2021-07-13 02:04:26 下次操作: 2021-07-13 02:04:32

2021-07-13 02:04:32 开始第 10 次操作

2021-07-13 02:04:32 开始操作号码 【1800656】
2021-07-13 02:04:52 GSD getOne 第 1 次 等待 1 秒
2021-07-13 02:04:53 查询号码 【1800656】，返回信息 {"status":"bad","msg":""}
2021-07-13 02:04:53 查询号码 【1800656】，GSD为【""】
2021-07-13 02:04:53 bad
2021-07-13 02:04:55 CHB 1800656?1626113093 第 1 次 等待 1 秒
2021-07-13 02:04:56 CHB 1800656?1626113093 第 1 次 获取到号码【1800656】GSD
2021-07-13 02:04:56 获取到号码【1800656】的GSD为【浙江-台州】
2021-07-13 02:05:14 GSD insert 第 1 次 等待 1 秒
2021-07-13 02:05:15 {"status":"ok","id":261444,"msg":"添加成功！261444"}
2021-07-13 02:05:15 下次操作: 2021-07-13 02:05:26

2021-07-13 02:05:26 开始第 11 次操作

2021-07-13 02:05:26 开始操作号码 【1800657】
2021-07-13 02:05:40 GSD getOne 第 1 次 等待 1 秒
2021-07-13 02:05:41 查询号码 【1800657】，返回信息 {"status":"ok","msg":"浙江-台州","gid":"31804","time_insert":"2018-06-09 18:55","time_update":"2020-09-02 02:58"}
2021-07-13 02:05:41 查询号码 【1800657】，GSD为【"浙江-台州"】

2021-07-13 02:05:41 开始第 11 次操作

2021-07-13 02:05:41 开始操作号码 【1800658】
2021-07-13 02:06:15 GSD getOne 第 1 次 等待 1 秒
2021-07-13 02:06:16 查询号码 【1800658】，返回信息 {"status":"bad","msg":""}
2021-07-13 02:06:16 查询号码 【1800658】，GSD为【""】
2021-07-13 02:06:16 bad
2021-07-13 02:06:18 CHB 1800658?1626113176 第 1 次 等待 1 秒
2021-07-13 02:06:19 CHB 1800658?1626113176 第 1 次 获取到号码【1800658】GSD
2021-07-13 02:06:19 获取到号码【1800658】的GSD为【浙江-台州】
2021-07-13 02:06:38 GSD insert 第 1 次 等待 1 秒
2021-07-13 02:06:39 {"status":"ok","id":261449,"msg":"添加成功！261449"}
2021-07-13 02:06:40 下次操作: 2021-07-13 02:06:53

2021-07-13 02:06:53 开始第 12 次操作

2021-07-13 02:06:53 开始操作号码 【1800659】
2021-07-13 02:07:02 GSD getOne 第 1 次 等待 1 秒
2021-07-13 02:07:03 查询号码 【1800659】，返回信息 {"status":"bad","msg":""}
2021-07-13 02:07:04 查询号码 【1800659】，GSD为【""】
2021-07-13 02:07:04 bad
2021-07-13 02:07:05 CHB 1800659?1626113224 第 1 次 等待 1 秒
2021-07-13 02:07:06 CHB 1800659?1626113224 第 1 次 获取到号码【1800659】GSD
2021-07-13 02:07:06 获取到号码【1800659】的GSD为【浙江-台州】
2021-07-13 02:07:25 GSD insert 第 1 次 等待 1 秒
2021-07-13 02:07:26 {"status":"ok","id":261454,"msg":"添加成功！261454"}
2021-07-13 02:07:26 下次操作: 2021-07-13 02:07:36

2021-07-13 02:07:36 开始第 13 次操作

2021-07-13 02:07:36 开始操作号码 【1800660】
2021-07-13 02:07:46 GSD getOne 第 1 次 等待 1 秒
2021-07-13 02:07:47 查询号码 【1800660】，返回信息 {"status":"bad","msg":""}
2021-07-13 02:07:47 查询号码 【1800660】，GSD为【""】
2021-07-13 02:07:47 bad
2021-07-13 02:07:48 CHB 1800660?1626113267 第 1 次 等待 1 秒
2021-07-13 02:07:49 CHB 1800660?1626113267 第 1 次 获取到号码【1800660】GSD
2021-07-13 02:07:49 获取到号码【1800660】的GSD为【浙江-嘉兴】
2021-07-13 02:08:09 GSD insert 第 1 次 等待 1 秒
2021-07-13 02:08:10 {"status":"ok","id":261456,"msg":"添加成功！261456"}
2021-07-13 02:08:10 下次操作: 2021-07-13 02:08:28

2021-07-13 02:08:28 开始第 14 次操作

2021-07-13 02:08:28 开始操作号码 【1800661】
2021-07-13 02:08:30 GSD getOne 第 1 次 等待 1 秒
2021-07-13 02:08:31 查询号码 【1800661】，返回信息 {"status":"bad","msg":""}
2021-07-13 02:08:32 查询号码 【1800661】，GSD为【""】
2021-07-13 02:08:32 bad
2021-07-13 02:08:33 CHB 1800661?1626113312 第 1 次 等待 1 秒
2021-07-13 02:08:34 CHB 1800661?1626113312 第 1 次 获取到号码【1800661】GSD
2021-07-13 02:08:34 获取到号码【1800661】的GSD为【浙江-嘉兴】
2021-07-13 02:08:56 GSD insert 第 1 次 等待 1 秒
2021-07-13 02:08:57 {"status":"ok","id":261458,"msg":"添加成功！261458"}
2021-07-13 02:08:57 下次操作: 2021-07-13 02:09:03

2021-07-13 02:09:03 开始第 15 次操作

2021-07-13 02:09:03 开始操作号码 【1800662】
2021-07-13 02:09:21 GSD getOne 第 1 次 等待 1 秒
2021-07-13 02:09:22 查询号码 【1800662】，返回信息 {"status":"bad","msg":""}
2021-07-13 02:09:22 查询号码 【1800662】，GSD为【""】
2021-07-13 02:09:22 bad
2021-07-13 02:09:24 CHB 1800662?1626113362 第 1 次 等待 1 秒
2021-07-13 02:09:25 CHB 1800662?1626113362 第 1 次 获取到号码【1800662】GSD
2021-07-13 02:09:25 获取到号码【1800662】的GSD为【浙江-湖州】
2021-07-13 02:09:43 GSD insert 第 1 次 等待 1 秒
2021-07-13 02:09:44 {"status":"ok","id":261460,"msg":"添加成功！261460"}
2021-07-13 02:09:44 下次操作: 2021-07-13 02:10:01

2021-07-13 02:10:01 开始第 16 次操作

2021-07-13 02:10:01 开始操作号码 【1800663】
2021-07-13 02:10:05 GSD getOne 第 1 次 等待 1 秒
2021-07-13 02:10:06 查询号码 【1800663】，返回信息 {"status":"bad","msg":""}
2021-07-13 02:10:06 查询号码 【1800663】，GSD为【""】
2021-07-13 02:10:06 bad
2021-07-13 02:10:07 CHB 1800663?1626113406 第 1 次 等待 1 秒
2021-07-13 02:10:08 CHB 1800663?1626113406 第 1 次 获取到号码【1800663】GSD
2021-07-13 02:10:08 获取到号码【1800663】的GSD为【浙江-湖州】
2021-07-13 02:10:27 GSD insert 第 1 次 等待 1 秒
2021-07-13 02:10:28 {"status":"ok","id":261466,"msg":"添加成功！261466"}
2021-07-13 02:10:28 下次操作: 2021-07-13 02:10:35

2021-07-13 02:10:35 开始第 17 次操作

2021-07-13 02:10:35 开始操作号码 【1800664】
2021-07-13 02:10:54 GSD getOne 第 1 次 等待 1 秒
2021-07-13 02:10:55 查询号码 【1800664】，返回信息 {"status":"ok","msg":"浙江-宁波","gid":"31805","time_insert":"2018-05-07 09:01","time_update":"2020-09-02 03:01"}
2021-07-13 02:10:55 查询号码 【1800664】，GSD为【"浙江-宁波"】

2021-07-13 02:10:55 开始第 17 次操作

2021-07-13 02:10:55 开始操作号码 【1800665】
2021-07-13 02:11:31 GSD getOne 第 1 次 等待 1 秒
2021-07-13 02:11:32 查询号码 【1800665】，返回信息 {"status":"bad","msg":""}
2021-07-13 02:11:32 查询号码 【1800665】，GSD为【""】
2021-07-13 02:11:32 bad
2021-07-13 02:11:34 CHB 1800665?1626113492 第 1 次 等待 1 秒
2021-07-13 02:11:35 CHB 1800665?1626113492 第 1 次 获取到号码【1800665】GSD
2021-07-13 02:11:35 获取到号码【1800665】的GSD为【浙江-宁波】
2021-07-13 02:11:56 GSD insert 第 1 次 等待 1 秒
2021-07-13 02:11:57 {"status":"ok","id":261468,"msg":"添加成功！261468"}
2021-07-13 02:11:57 下次操作: 2021-07-13 02:12:04

2021-07-13 02:12:04 开始第 18 次操作

2021-07-13 02:12:04 开始操作号码 【1800666】
2021-07-13 02:12:24 GSD getOne 第 1 次 等待 1 秒
2021-07-13 02:12:25 查询号码 【1800666】，返回信息 {"status":"bad","msg":""}
2021-07-13 02:12:25 查询号码 【1800666】，GSD为【""】
2021-07-13 02:12:25 bad
2021-07-13 02:12:27 CHB 1800666?1626113545 第 1 次 等待 1 秒
2021-07-13 02:12:28 CHB 1800666?1626113545 第 1 次 获取到号码【1800666】GSD
2021-07-13 02:12:28 获取到号码【1800666】的GSD为【浙江-绍兴】
2021-07-13 02:12:46 GSD insert 第 1 次 等待 1 秒
2021-07-13 02:12:47 {"status":"ok","id":261471,"msg":"添加成功！261471"}
2021-07-13 02:12:47 下次操作: 2021-07-13 02:12:57

2021-07-13 02:12:57 开始第 19 次操作

2021-07-13 02:12:57 开始操作号码 【1800667】
2021-07-13 02:13:16 GSD getOne 第 1 次 等待 1 秒
2021-07-13 02:13:17 查询号码 【1800667】，返回信息 {"status":"bad","msg":""}
2021-07-13 02:13:17 查询号码 【1800667】，GSD为【""】
2021-07-13 02:13:17 bad
2021-07-13 02:13:18 CHB 1800667?1626113597 第 1 次 等待 1 秒
2021-07-13 02:13:19 CHB 1800667?1626113597 第 1 次 获取到号码【1800667】GSD
2021-07-13 02:13:19 获取到号码【1800667】的GSD为【浙江-绍兴】
2021-07-13 02:13:41 GSD insert 第 1 次 等待 1 秒
2021-07-13 02:13:42 {"status":"ok","id":261474,"msg":"添加成功！261474"}
2021-07-13 02:13:42 下次操作: 2021-07-13 02:13:56

2021-07-13 02:13:56 开始第 20 次操作

2021-07-13 02:13:56 开始操作号码 【1800668】
2021-07-13 02:14:06 GSD getOne 第 1 次 等待 1 秒
2021-07-13 02:14:07 查询号码 【1800668】，返回信息 {"status":"bad","msg":""}
2021-07-13 02:14:07 查询号码 【1800668】，GSD为【""】
2021-07-13 02:14:07 bad
2021-07-13 02:14:09 CHB 1800668?1626113647 第 1 次 等待 1 秒
2021-07-13 02:14:10 CHB 1800668?1626113647 第 1 次 获取到号码【1800668】GSD
2021-07-13 02:14:10 获取到号码【1800668】的GSD为【浙江-温州】
2021-07-13 02:14:29 GSD insert 第 1 次 等待 1 秒
2021-07-13 02:14:30 {"status":"ok","id":261478,"msg":"添加成功！261478"}
2021-07-13 02:14:30 下次操作: 2021-07-13 02:14:36

2021-07-13 02:14:36 开始第 21 次操作

2021-07-13 02:14:36 开始操作号码 【1800669】
2021-07-13 02:14:54 GSD getOne 第 1 次 等待 1 秒
2021-07-13 02:14:55 查询号码 【1800669】，返回信息 {"status":"bad","msg":""}
2021-07-13 02:14:55 查询号码 【1800669】，GSD为【""】
2021-07-13 02:14:55 bad
2021-07-13 02:14:57 CHB 1800669?1626113695 第 1 次 等待 1 秒
2021-07-13 02:14:58 CHB 1800669?1626113695 第 1 次 获取到号码【1800669】GSD
2021-07-13 02:14:58 获取到号码【1800669】的GSD为【浙江-温州】
2021-07-13 02:15:18 GSD insert 第 1 次 等待 1 秒
2021-07-13 02:15:19 {"status":"ok","id":261479,"msg":"添加成功！261479"}
2021-07-13 02:15:19 下次操作: 2021-07-13 02:15:34

2021-07-13 02:15:34 开始第 22 次操作

2021-07-13 02:15:34 开始操作号码 【1800670】
2021-07-13 02:15:41 GSD getOne 第 1 次 等待 1 秒
2021-07-13 02:15:42 查询号码 【1800670】，返回信息 {"status":"bad","msg":""}
2021-07-13 02:15:42 查询号码 【1800670】，GSD为【""】
2021-07-13 02:15:42 bad
2021-07-13 02:15:44 CHB 1800670?1626113742 第 1 次 等待 1 秒
2021-07-13 02:15:45 CHB 1800670?1626113742 第 1 次 获取到号码【1800670】GSD
2021-07-13 02:15:45 获取到号码【1800670】的GSD为【浙江-宁波】
2021-07-13 02:16:03 GSD insert 第 1 次 等待 1 秒
2021-07-13 02:16:04 {"status":"ok","id":261483,"msg":"添加成功！261483"}
2021-07-13 02:16:05 下次操作: 2021-07-13 02:16:20

2021-07-13 02:16:21 开始第 23 次操作

2021-07-13 02:16:21 开始操作号码 【1800671】
2021-07-13 02:16:32 GSD getOne 第 1 次 等待 1 秒
2021-07-13 02:16:33 查询号码 【1800671】，返回信息 {"status":"bad","msg":""}
2021-07-13 02:16:33 查询号码 【1800671】，GSD为【""】
2021-07-13 02:16:33 bad
2021-07-13 02:16:35 CHB 1800671?1626113793 第 1 次 等待 1 秒
2021-07-13 02:16:36 CHB 1800671?1626113793 第 1 次 获取到号码【1800671】GSD
2021-07-13 02:16:36 获取到号码【1800671】的GSD为【浙江-杭州】
2021-07-13 02:16:54 GSD insert 第 1 次 等待 1 秒
2021-07-13 02:16:55 {"status":"ok","id":261485,"msg":"添加成功！261485"}
2021-07-13 02:16:55 下次操作: 2021-07-13 02:17:08

2021-07-13 02:17:08 开始第 24 次操作

2021-07-13 02:17:08 开始操作号码 【1800672】
2021-07-13 02:17:18 GSD getOne 第 1 次 等待 1 秒
2021-07-13 02:17:19 查询号码 【1800672】，返回信息 {"status":"bad","msg":""}
2021-07-13 02:17:19 查询号码 【1800672】，GSD为【""】
2021-07-13 02:17:19 bad
2021-07-13 02:17:21 CHB 1800672?1626113839 第 1 次 等待 1 秒
2021-07-13 02:17:22 CHB 1800672?1626113839 第 1 次 获取到号码【1800672】GSD
2021-07-13 02:17:22 获取到号码【1800672】的GSD为【浙江-湖州】
2021-07-13 02:17:40 GSD insert 第 1 次 等待 1 秒
2021-07-13 02:17:41 {"status":"ok","id":261486,"msg":"添加成功！261486"}
2021-07-13 02:17:41 下次操作: 2021-07-13 02:17:56

2021-07-13 02:17:56 开始第 25 次操作

2021-07-13 02:17:56 开始操作号码 【1800673】
2021-07-13 02:18:02 GSD getOne 第 1 次 等待 1 秒
2021-07-13 02:18:03 查询号码 【1800673】，返回信息 {"status":"bad","msg":""}
2021-07-13 02:18:03 查询号码 【1800673】，GSD为【""】
2021-07-13 02:18:03 bad
2021-07-13 02:18:05 CHB 1800673?1626113883 第 1 次 等待 1 秒
2021-07-13 02:18:06 CHB 1800673?1626113883 第 1 次 获取到号码【1800673】GSD
2021-07-13 02:18:06 获取到号码【1800673】的GSD为【浙江-嘉兴】
2021-07-13 02:18:24 GSD insert 第 1 次 等待 1 秒
2021-07-13 02:18:25 {"status":"ok","id":261488,"msg":"添加成功！261488"}
2021-07-13 02:18:25 下次操作: 2021-07-13 02:18:31

2021-07-13 02:18:31 开始第 26 次操作

2021-07-13 02:18:31 开始操作号码 【1800674】
2021-07-13 02:18:50 GSD getOne 第 1 次 等待 1 秒
2021-07-13 02:18:51 查询号码 【1800674】，返回信息 {"status":"ok","msg":"浙江-宁波","gid":"31806","time_insert":"2019-06-04 09:53","time_update":"2020-09-02 03:02"}
2021-07-13 02:18:51 查询号码 【1800674】，GSD为【"浙江-宁波"】

2021-07-13 02:18:51 开始第 26 次操作

2021-07-13 02:18:51 开始操作号码 【1800675】
2021-07-13 02:19:25 GSD getOne 第 1 次 等待 1 秒
2021-07-13 02:19:26 查询号码 【1800675】，返回信息 {"status":"bad","msg":""}
2021-07-13 02:19:26 查询号码 【1800675】，GSD为【""】
2021-07-13 02:19:26 bad
2021-07-13 02:19:28 CHB 1800675?1626113966 第 1 次 等待 1 秒
2021-07-13 02:19:29 CHB 1800675?1626113966 第 1 次 获取到号码【1800675】GSD
2021-07-13 02:19:29 获取到号码【1800675】的GSD为【浙江-绍兴】
2021-07-13 02:19:47 GSD insert 第 1 次 等待 1 秒
2021-07-13 02:19:48 {"status":"ok","id":261491,"msg":"添加成功！261491"}
2021-07-13 02:19:48 下次操作: 2021-07-13 02:20:04

2021-07-13 02:20:04 开始第 27 次操作

2021-07-13 02:20:04 开始操作号码 【1800676】
2021-07-13 02:20:10 GSD getOne 第 1 次 等待 1 秒
2021-07-13 02:20:11 查询号码 【1800676】，返回信息 {"status":"ok","msg":"浙江-台州","gid":"31807","time_insert":"2015-01-26 13:58","time_update":"2020-09-02 03:07"}
2021-07-13 02:20:11 查询号码 【1800676】，GSD为【"浙江-台州"】

2021-07-13 02:20:11 开始第 27 次操作

2021-07-13 02:20:11 开始操作号码 【1800677】
2021-07-13 02:20:45 GSD getOne 第 1 次 等待 1 秒
2021-07-13 02:20:46 查询号码 【1800677】，返回信息 {"status":"bad","msg":""}
2021-07-13 02:20:46 查询号码 【1800677】，GSD为【""】
2021-07-13 02:20:46 bad
2021-07-13 02:20:48 CHB 1800677?1626114046 第 1 次 等待 1 秒
2021-07-13 02:20:49 CHB 1800677?1626114046 第 1 次 获取到号码【1800677】GSD
2021-07-13 02:20:49 获取到号码【1800677】的GSD为【浙江-温州】
2021-07-13 02:21:07 GSD insert 第 1 次 等待 1 秒
2021-07-13 02:21:08 {"status":"ok","id":261495,"msg":"添加成功！261495"}
2021-07-13 02:21:08 下次操作: 2021-07-13 02:21:17

2021-07-13 02:21:17 开始第 28 次操作

2021-07-13 02:21:17 开始操作号码 【1800678】
2021-07-13 02:21:36 GSD getOne 第 1 次 等待 1 秒
2021-07-13 02:21:37 查询号码 【1800678】，返回信息 {"status":"bad","msg":""}
2021-07-13 02:21:37 查询号码 【1800678】，GSD为【""】
2021-07-13 02:21:37 bad
2021-07-13 02:21:38 CHB 1800678?1626114097 第 1 次 等待 1 秒
2021-07-13 02:21:39 CHB 1800678?1626114097 第 1 次 获取到号码【1800678】GSD
2021-07-13 02:21:39 获取到号码【1800678】的GSD为【浙江-杭州】
2021-07-13 02:21:59 GSD insert 第 1 次 等待 1 秒
2021-07-13 02:22:00 {"status":"ok","id":261499,"msg":"添加成功！261499"}
2021-07-13 02:22:00 下次操作: 2021-07-13 02:22:09

2021-07-13 02:22:09 开始第 29 次操作

2021-07-13 02:22:09 开始操作号码 【1800679】
2021-07-13 02:22:28 GSD getOne 第 1 次 等待 1 秒
2021-07-13 02:22:29 查询号码 【1800679】，返回信息 {"status":"ok","msg":"浙江-金华","gid":"31808","time_insert":"2016-12-29 02:03","time_update":"2020-09-02 03:12"}
2021-07-13 02:22:29 查询号码 【1800679】，GSD为【"浙江-金华"】

2021-07-13 02:22:29 开始第 29 次操作

2021-07-13 02:22:29 开始操作号码 【1800680】
2021-07-13 02:23:04 GSD getOne 第 1 次 等待 1 秒
2021-07-13 02:23:05 查询号码 【1800680】，返回信息 {"status":"bad","msg":""}
2021-07-13 02:23:05 查询号码 【1800680】，GSD为【""】
2021-07-13 02:23:05 bad
2021-07-13 02:23:07 CHB 1800680?1626114185 第 1 次 等待 1 秒
2021-07-13 02:23:08 CHB 1800680?1626114185 第 1 次 获取到号码【1800680】GSD
2021-07-13 02:23:08 获取到号码【1800680】的GSD为【浙江-绍兴】
2021-07-13 02:23:26 GSD insert 第 1 次 等待 1 秒
2021-07-13 02:23:27 {"status":"ok","id":261502,"msg":"添加成功！261502"}
2021-07-13 02:23:27 下次操作: 2021-07-13 02:23:35

2021-07-13 02:23:35 开始第 30 次操作

2021-07-13 02:23:35 开始操作号码 【1800681】
2021-07-13 02:23:53 GSD getOne 第 1 次 等待 1 秒
2021-07-13 02:23:54 查询号码 【1800681】，返回信息 {"status":"bad","msg":""}
2021-07-13 02:23:54 查询号码 【1800681】，GSD为【""】
2021-07-13 02:23:54 bad
2021-07-13 02:23:56 CHB 1800681?1626114234 第 1 次 等待 1 秒
2021-07-13 02:23:57 CHB 1800681?1626114234 第 1 次 获取到号码【1800681】GSD
2021-07-13 02:23:57 获取到号码【1800681】的GSD为【浙江-杭州】
2021-07-13 02:24:15 GSD insert 第 1 次 等待 1 秒
2021-07-13 02:24:16 {"status":"ok","id":261505,"msg":"添加成功！261505"}

2021-07-13 02:50:31 开始第 1 次操作

2021-07-13 02:50:31 开始操作号码 【1800682】
2021-07-13 02:50:34 GSD getOne 第 1 次 等待 1 秒
2021-07-13 02:50:35 查询号码 【1800682】，返回信息 {"status":"bad","msg":""}
2021-07-13 02:50:35 查询号码 【1800682】，GSD为【""】
2021-07-13 02:50:35 bad
2021-07-13 02:50:36 CHB 1800682?1626115835 第 1 次 等待 1 秒
2021-07-13 02:50:37 CHB 1800682?1626115835 第 1 次 获取到号码【1800682】GSD
2021-07-13 02:50:37 获取到号码【1800682】的GSD为【浙江-湖州】
2021-07-13 02:50:41 GSD insert 第 1 次 等待 1 秒
2021-07-13 02:50:42 {"status":"ok","id":261613,"msg":"添加成功！261613"}
2021-07-13 02:50:43 下次操作: 2021-07-13 02:50:56

2021-07-13 02:50:56 开始第 2 次操作

2021-07-13 02:50:56 开始操作号码 【1800683】
2021-07-13 02:50:58 GSD getOne 第 1 次 等待 1 秒
2021-07-13 02:50:59 查询号码 【1800683】，返回信息 {"status":"ok","msg":"浙江-嘉兴","gid":"31809","time_insert":"2014-03-13 20:02","time_update":"2020-09-02 03:16"}
2021-07-13 02:50:59 查询号码 【1800683】，GSD为【"浙江-嘉兴"】

2021-07-13 02:50:59 开始第 2 次操作

2021-07-13 02:50:59 开始操作号码 【1800684】
2021-07-13 02:51:02 GSD getOne 第 1 次 等待 1 秒
2021-07-13 02:51:03 查询号码 【1800684】，返回信息 {"status":"bad","msg":""}
2021-07-13 02:51:03 查询号码 【1800684】，GSD为【""】
2021-07-13 02:51:03 bad
2021-07-13 02:51:04 CHB 1800684?1626115863 第 1 次 等待 1 秒
2021-07-13 02:51:05 CHB 1800684?1626115863 第 1 次 获取到号码【1800684】GSD
2021-07-13 02:51:05 获取到号码【1800684】的GSD为【浙江-宁波】
2021-07-13 02:51:09 GSD insert 第 1 次 等待 1 秒
2021-07-13 02:51:10 {"status":"ok","id":261623,"msg":"添加成功！261623"}
2021-07-13 02:51:10 下次操作: 2021-07-13 02:51:19

2021-07-13 02:51:19 开始第 3 次操作

2021-07-13 02:51:19 开始操作号码 【1800685】
2021-07-13 02:51:22 GSD getOne 第 1 次 等待 1 秒
2021-07-13 02:51:23 查询号码 【1800685】，返回信息 {"status":"bad","msg":""}
2021-07-13 02:51:23 查询号码 【1800685】，GSD为【""】
2021-07-13 02:51:23 bad
2021-07-13 02:51:24 CHB 1800685?1626115883 第 1 次 等待 1 秒
2021-07-13 02:51:25 CHB 1800685?1626115883 第 1 次 获取到号码【1800685】GSD
2021-07-13 02:51:25 获取到号码【1800685】的GSD为【浙江-绍兴】
2021-07-13 02:51:28 GSD insert 第 1 次 等待 1 秒
2021-07-13 02:51:29 {"status":"ok","id":261630,"msg":"添加成功！261630"}
2021-07-13 02:51:29 下次操作: 2021-07-13 02:51:44

2021-07-13 02:51:44 开始第 4 次操作

2021-07-13 02:51:44 开始操作号码 【1800686】
2021-07-13 02:51:46 GSD getOne 第 1 次 等待 1 秒
2021-07-13 02:51:47 查询号码 【1800686】，返回信息 {"status":"ok","msg":"浙江-台州","gid":"31810","time_insert":"2018-03-15 11:55","time_update":"2020-09-02 03:19"}
2021-07-13 02:51:48 查询号码 【1800686】，GSD为【"浙江-台州"】

2021-07-13 02:51:48 开始第 4 次操作

2021-07-13 02:51:48 开始操作号码 【1800687】
2021-07-13 02:51:50 GSD getOne 第 1 次 等待 1 秒
2021-07-13 02:51:51 查询号码 【1800687】，返回信息 {"status":"bad","msg":""}
2021-07-13 02:51:51 查询号码 【1800687】，GSD为【""】
2021-07-13 02:51:51 bad
2021-07-13 02:51:53 CHB 1800687?1626115911 第 1 次 等待 1 秒
2021-07-13 02:51:54 CHB 1800687?1626115911 第 1 次 获取到号码【1800687】GSD
2021-07-13 02:51:54 获取到号码【1800687】的GSD为【浙江-温州】
2021-07-13 02:51:57 GSD insert 第 1 次 等待 1 秒
2021-07-13 02:51:58 {"status":"ok","id":261641,"msg":"添加成功！261641"}
2021-07-13 02:51:58 下次操作: 2021-07-13 02:52:07

2021-07-13 02:52:07 开始第 5 次操作

2021-07-13 02:52:07 开始操作号码 【1800688】
2021-07-13 02:52:11 GSD getOne 第 1 次 等待 1 秒
2021-07-13 02:52:13 查询号码 【1800688】，返回信息 {"status":"bad","msg":""}
2021-07-13 02:52:13 查询号码 【1800688】，GSD为【""】
2021-07-13 02:52:13 bad
2021-07-13 02:52:14 CHB 1800688?1626115933 第 1 次 等待 1 秒
2021-07-13 02:52:15 CHB 1800688?1626115933 第 1 次 获取到号码【1800688】GSD
2021-07-13 02:52:15 获取到号码【1800688】的GSD为【浙江-温州】
2021-07-13 02:52:17 GSD insert 第 1 次 等待 1 秒
2021-07-13 02:52:18 {"status":"ok","id":261651,"msg":"添加成功！261651"}
2021-07-13 02:52:18 下次操作: 2021-07-13 02:52:27

2021-07-13 02:52:27 开始第 6 次操作

2021-07-13 02:52:27 开始操作号码 【1800689】
2021-07-13 02:52:30 GSD getOne 第 1 次 等待 1 秒
2021-07-13 02:52:31 查询号码 【1800689】，返回信息 {"status":"bad","msg":""}
2021-07-13 02:52:31 查询号码 【1800689】，GSD为【""】
2021-07-13 02:52:31 bad
2021-07-13 02:52:32 CHB 1800689?1626115951 第 1 次 等待 1 秒
2021-07-13 02:52:33 CHB 1800689?1626115951 第 1 次 获取到号码【1800689】GSD
2021-07-13 02:52:33 获取到号码【1800689】的GSD为【浙江-金华】
2021-07-13 02:52:36 GSD insert 第 1 次 等待 1 秒
2021-07-13 02:52:37 {"status":"ok","id":261657,"msg":"添加成功！261657"}
2021-07-13 02:52:37 下次操作: 2021-07-13 02:52:49

2021-07-13 02:52:49 开始第 7 次操作

2021-07-13 02:52:49 开始操作号码 【1800690】
2021-07-13 02:52:52 GSD getOne 第 1 次 等待 1 秒
2021-07-13 02:52:53 查询号码 【1800690】，返回信息 {"status":"bad","msg":""}
2021-07-13 02:52:54 查询号码 【1800690】，GSD为【""】
2021-07-13 02:52:54 bad
2021-07-13 02:52:55 CHB 1800690?1626115974 第 1 次 等待 1 秒
2021-07-13 02:52:56 CHB 1800690?1626115974 第 1 次 获取到号码【1800690】GSD
2021-07-13 02:52:56 获取到号码【1800690】的GSD为【福建-福州】
2021-07-13 02:52:58 GSD insert 第 1 次 等待 1 秒
2021-07-13 02:52:59 {"status":"ok","id":261667,"msg":"添加成功！261667"}
2021-07-13 02:52:59 下次操作: 2021-07-13 02:53:05

2021-07-13 02:53:05 开始第 8 次操作

2021-07-13 02:53:05 开始操作号码 【1800691】
2021-07-13 02:53:08 GSD getOne 第 1 次 等待 1 秒
2021-07-13 02:53:09 查询号码 【1800691】，返回信息 {"status":"bad","msg":""}
2021-07-13 02:53:09 查询号码 【1800691】，GSD为【""】
2021-07-13 02:53:09 bad
2021-07-13 02:53:10 CHB 1800691?1626115989 第 1 次 等待 1 秒
2021-07-13 02:53:11 CHB 1800691?1626115989 第 1 次 获取到号码【1800691】GSD
2021-07-13 02:53:11 获取到号码【1800691】的GSD为【福建-福州】
2021-07-13 02:53:14 GSD insert 第 1 次 等待 1 秒
2021-07-13 02:53:15 {"status":"ok","id":261674,"msg":"添加成功！261674"}
2021-07-13 02:53:15 下次操作: 2021-07-13 02:53:22

2021-07-13 02:53:22 开始第 9 次操作

2021-07-13 02:53:22 开始操作号码 【1800692】
2021-07-13 02:53:24 GSD getOne 第 1 次 等待 1 秒
2021-07-13 02:53:25 查询号码 【1800692】，返回信息 {"status":"bad","msg":""}
2021-07-13 02:53:26 查询号码 【1800692】，GSD为【""】
2021-07-13 02:53:26 bad
2021-07-13 02:53:27 CHB 1800692?1626116006 第 1 次 等待 1 秒
2021-07-13 02:53:28 CHB 1800692?1626116006 第 1 次 获取到号码【1800692】GSD
2021-07-13 02:53:28 获取到号码【1800692】的GSD为【福建-福州】
2021-07-13 02:53:30 GSD insert 第 1 次 等待 1 秒
2021-07-13 02:53:31 {"status":"ok","id":261681,"msg":"添加成功！261681"}
2021-07-13 02:53:31 下次操作: 2021-07-13 02:53:39

2021-07-13 02:53:39 开始第 10 次操作

2021-07-13 02:53:39 开始操作号码 【1800693】
2021-07-13 02:53:42 GSD getOne 第 1 次 等待 1 秒
2021-07-13 02:53:43 查询号码 【1800693】，返回信息 {"status":"bad","msg":""}
2021-07-13 02:53:43 查询号码 【1800693】，GSD为【""】
2021-07-13 02:53:43 bad
2021-07-13 02:53:44 CHB 1800693?1626116023 第 1 次 等待 1 秒
2021-07-13 02:53:45 CHB 1800693?1626116023 第 1 次 获取到号码【1800693】GSD
2021-07-13 02:53:45 获取到号码【1800693】的GSD为【福建-福州】
2021-07-13 02:53:48 GSD insert 第 1 次 等待 1 秒
2021-07-13 02:53:49 {"status":"ok","id":261691,"msg":"添加成功！261691"}
2021-07-13 02:53:49 下次操作: 2021-07-13 02:53:59

2021-07-13 02:53:59 开始第 11 次操作

2021-07-13 02:53:59 开始操作号码 【1800694】
2021-07-13 02:54:03 GSD getOne 第 1 次 等待 1 秒
2021-07-13 02:54:04 查询号码 【1800694】，返回信息 {"status":"bad","msg":""}
2021-07-13 02:54:04 查询号码 【1800694】，GSD为【""】
2021-07-13 02:54:04 bad
2021-07-13 02:54:05 CHB 1800694?1626116044 第 1 次 等待 1 秒
2021-07-13 02:54:06 CHB 1800694?1626116044 第 1 次 获取到号码【1800694】GSD
2021-07-13 02:54:06 获取到号码【1800694】的GSD为【福建-漳州】
2021-07-13 02:54:09 GSD insert 第 1 次 等待 1 秒
2021-07-13 02:54:10 {"status":"ok","id":261699,"msg":"添加成功！261699"}
2021-07-13 02:54:10 下次操作: 2021-07-13 02:54:18

2021-07-13 02:54:18 开始第 12 次操作

2021-07-13 02:54:18 开始操作号码 【1800695】
2021-07-13 02:54:21 GSD getOne 第 1 次 等待 1 秒
2021-07-13 02:54:22 查询号码 【1800695】，返回信息 {"status":"bad","msg":""}
2021-07-13 02:54:22 查询号码 【1800695】，GSD为【""】
2021-07-13 02:54:22 bad
2021-07-13 02:54:23 CHB 1800695?1626116062 第 1 次 等待 1 秒
2021-07-13 02:54:24 CHB 1800695?1626116062 第 1 次 获取到号码【1800695】GSD
2021-07-13 02:54:24 获取到号码【1800695】的GSD为【福建-漳州】
2021-07-13 02:54:26 GSD insert 第 1 次 等待 1 秒
2021-07-13 02:54:27 {"status":"ok","id":261707,"msg":"添加成功！261707"}
2021-07-13 02:54:27 下次操作: 2021-07-13 02:54:37

2021-07-13 02:54:37 开始第 13 次操作

2021-07-13 02:54:37 开始操作号码 【1800696】
2021-07-13 02:54:40 GSD getOne 第 1 次 等待 1 秒
2021-07-13 02:54:41 查询号码 【1800696】，返回信息 {"status":"bad","msg":""}
2021-07-13 02:54:41 查询号码 【1800696】，GSD为【""】
2021-07-13 02:54:41 bad
2021-07-13 02:54:42 CHB 1800696?1626116081 第 1 次 等待 1 秒
2021-07-13 02:54:43 CHB 1800696?1626116081 第 1 次 获取到号码【1800696】GSD
2021-07-13 02:54:43 获取到号码【1800696】的GSD为【福建-漳州】
2021-07-13 02:54:46 GSD insert 第 1 次 等待 1 秒
2021-07-13 02:54:47 {"status":"ok","id":261715,"msg":"添加成功！261715"}
2021-07-13 02:54:47 下次操作: 2021-07-13 02:55:01

2021-07-13 02:55:01 开始第 14 次操作

2021-07-13 02:55:01 开始操作号码 【1800697】
2021-07-13 02:55:03 GSD getOne 第 1 次 等待 1 秒
2021-07-13 02:55:04 查询号码 【1800697】，返回信息 {"status":"bad","msg":""}
2021-07-13 02:55:04 查询号码 【1800697】，GSD为【""】
2021-07-13 02:55:04 bad
2021-07-13 02:55:05 CHB 1800697?1626116104 第 1 次 等待 1 秒
2021-07-13 02:55:06 CHB 1800697?1626116104 第 1 次 获取到号码【1800697】GSD
2021-07-13 02:55:06 获取到号码【1800697】的GSD为【福建-龙岩】
2021-07-13 02:55:09 GSD insert 第 1 次 等待 1 秒
2021-07-13 02:55:10 {"status":"ok","id":261722,"msg":"添加成功！261722"}
2021-07-13 02:55:10 下次操作: 2021-07-13 02:55:21

2021-07-13 02:55:21 开始第 15 次操作

2021-07-13 02:55:21 开始操作号码 【1800698】
2021-07-13 02:55:24 GSD getOne 第 1 次 等待 1 秒
2021-07-13 02:55:25 查询号码 【1800698】，返回信息 {"status":"bad","msg":""}
2021-07-13 02:55:25 查询号码 【1800698】，GSD为【""】
2021-07-13 02:55:25 bad
2021-07-13 02:55:27 CHB 1800698?1626116125 第 1 次 等待 1 秒
2021-07-13 02:55:28 CHB 1800698?1626116125 第 1 次 获取到号码【1800698】GSD
2021-07-13 02:55:28 获取到号码【1800698】的GSD为【福建-三明】
2021-07-13 02:55:30 GSD insert 第 1 次 等待 1 秒
2021-07-13 02:55:31 {"status":"ok","id":261731,"msg":"添加成功！261731"}
2021-07-13 02:55:31 下次操作: 2021-07-13 02:55:47

2021-07-13 02:55:47 开始第 16 次操作

2021-07-13 02:55:47 开始操作号码 【1800699】
2021-07-13 02:55:50 GSD getOne 第 1 次 等待 1 秒
2021-07-13 02:55:51 查询号码 【1800699】，返回信息 {"status":"bad","msg":""}
2021-07-13 02:55:51 查询号码 【1800699】，GSD为【""】
2021-07-13 02:55:51 bad
2021-07-13 02:55:52 CHB 1800699?1626116151 第 1 次 等待 1 秒
2021-07-13 02:55:53 CHB 1800699?1626116151 第 1 次 获取到号码【1800699】GSD
2021-07-13 02:55:53 获取到号码【1800699】的GSD为【福建-泉州】
2021-07-13 02:55:55 GSD insert 第 1 次 等待 1 秒
2021-07-13 02:55:56 {"status":"ok","id":261738,"msg":"添加成功！261738"}
2021-07-13 02:55:56 下次操作: 2021-07-13 02:56:07

2021-07-13 02:56:07 开始第 17 次操作

2021-07-13 02:56:07 开始操作号码 【1800700】
2021-07-13 02:56:10 GSD getOne 第 1 次 等待 1 秒
2021-07-13 02:56:11 查询号码 【1800700】，返回信息 {"status":"bad","msg":""}
2021-07-13 02:56:11 查询号码 【1800700】，GSD为【""】
2021-07-13 02:56:11 bad
2021-07-13 02:56:12 CHB 1800700?1626116171 第 1 次 等待 1 秒
2021-07-13 02:56:13 CHB 1800700?1626116171 第 1 次 获取到号码【1800700】GSD
2021-07-13 02:56:13 获取到号码【1800700】的GSD为【江西-南昌】
2021-07-13 02:56:15 GSD insert 第 1 次 等待 1 秒
2021-07-13 02:56:16 {"status":"ok","id":261747,"msg":"添加成功！261747"}
2021-07-13 02:56:16 下次操作: 2021-07-13 02:56:30

2021-07-13 02:56:30 开始第 18 次操作

2021-07-13 02:56:30 开始操作号码 【1800701】
2021-07-13 02:56:33 GSD getOne 第 1 次 等待 1 秒
2021-07-13 02:56:34 查询号码 【1800701】，返回信息 {"status":"bad","msg":""}
2021-07-13 02:56:34 查询号码 【1800701】，GSD为【""】
2021-07-13 02:56:34 bad
2021-07-13 02:56:35 CHB 1800701?1626116194 第 1 次 等待 1 秒
2021-07-13 02:56:36 CHB 1800701?1626116194 第 1 次 获取到号码【1800701】GSD
2021-07-13 02:56:36 获取到号码【1800701】的GSD为【江西-鹰潭】
2021-07-13 02:56:39 GSD insert 第 1 次 等待 1 秒
2021-07-13 02:56:40 {"status":"ok","id":261755,"msg":"添加成功！261755"}
2021-07-13 02:56:40 下次操作: 2021-07-13 02:56:47

2021-07-13 02:56:47 开始第 19 次操作

2021-07-13 02:56:47 开始操作号码 【1800702】
2021-07-13 02:56:49 GSD getOne 第 1 次 等待 1 秒
2021-07-13 02:56:50 查询号码 【1800702】，返回信息 {"status":"bad","msg":""}
2021-07-13 02:56:50 查询号码 【1800702】，GSD为【""】
2021-07-13 02:56:50 bad
2021-07-13 02:56:51 CHB 1800702?1626116210 第 1 次 等待 1 秒
2021-07-13 02:56:52 CHB 1800702?1626116210 第 1 次 获取到号码【1800702】GSD
2021-07-13 02:56:52 获取到号码【1800702】的GSD为【江西-九江】
2021-07-13 02:56:56 GSD insert 第 1 次 等待 1 秒
2021-07-13 02:56:57 {"status":"ok","id":261761,"msg":"添加成功！261761"}
2021-07-13 02:56:57 下次操作: 2021-07-13 02:57:11

2021-07-13 02:57:11 开始第 20 次操作

2021-07-13 02:57:11 开始操作号码 【1800703】
2021-07-13 02:57:13 GSD getOne 第 1 次 等待 1 秒
2021-07-13 02:57:14 查询号码 【1800703】，返回信息 {"status":"bad","msg":""}
2021-07-13 02:57:14 查询号码 【1800703】，GSD为【""】
2021-07-13 02:57:14 bad
2021-07-13 02:57:15 CHB 1800703?1626116234 第 1 次 等待 1 秒
2021-07-13 02:57:16 CHB 1800703?1626116234 第 1 次 获取到号码【1800703】GSD
2021-07-13 02:57:16 获取到号码【1800703】的GSD为【江西-上饶】
2021-07-13 02:57:19 GSD insert 第 1 次 等待 1 秒
2021-07-13 02:57:20 {"status":"ok","id":261768,"msg":"添加成功！261768"}
2021-07-13 02:57:20 下次操作: 2021-07-13 02:57:26

2021-07-13 02:57:26 开始第 21 次操作

2021-07-13 02:57:26 开始操作号码 【1800704】
2021-07-13 02:57:28 GSD getOne 第 1 次 等待 1 秒
2021-07-13 02:57:29 查询号码 【1800704】，返回信息 {"status":"bad","msg":""}
2021-07-13 02:57:29 查询号码 【1800704】，GSD为【""】
2021-07-13 02:57:29 bad
2021-07-13 02:57:31 CHB 1800704?1626116249 第 1 次 等待 1 秒
2021-07-13 02:57:32 CHB 1800704?1626116249 第 1 次 获取到号码【1800704】GSD
2021-07-13 02:57:32 获取到号码【1800704】的GSD为【江西-抚州】
2021-07-13 02:57:34 GSD insert 第 1 次 等待 1 秒
2021-07-13 02:57:35 {"status":"ok","id":261775,"msg":"添加成功！261775"}
2021-07-13 02:57:35 下次操作: 2021-07-13 02:57:47

2021-07-13 02:57:47 开始第 22 次操作

2021-07-13 02:57:47 开始操作号码 【1800705】
2021-07-13 02:57:50 GSD getOne 第 1 次 等待 1 秒
2021-07-13 02:57:51 查询号码 【1800705】，返回信息 {"status":"bad","msg":""}
2021-07-13 02:57:51 查询号码 【1800705】，GSD为【""】
2021-07-13 02:57:51 bad
2021-07-13 02:57:52 CHB 1800705?1626116271 第 1 次 等待 1 秒
2021-07-13 02:57:53 CHB 1800705?1626116271 第 1 次 获取到号码【1800705】GSD
2021-07-13 02:57:53 获取到号码【1800705】的GSD为【江西-宜春】
2021-07-13 02:57:56 GSD insert 第 1 次 等待 1 秒
2021-07-13 02:57:57 {"status":"ok","id":261783,"msg":"添加成功！261783"}
2021-07-13 02:57:57 下次操作: 2021-07-13 02:58:11

2021-07-13 02:58:11 开始第 23 次操作

2021-07-13 02:58:11 开始操作号码 【1800706】
2021-07-13 02:58:14 GSD getOne 第 1 次 等待 1 秒
2021-07-13 02:58:15 查询号码 【1800706】，返回信息 {"status":"bad","msg":""}
2021-07-13 02:58:15 查询号码 【1800706】，GSD为【""】
2021-07-13 02:58:15 bad
2021-07-13 02:58:16 CHB 1800706?1626116295 第 1 次 等待 1 秒
2021-07-13 02:58:17 CHB 1800706?1626116295 第 1 次 获取到号码【1800706】GSD
2021-07-13 02:58:17 获取到号码【1800706】的GSD为【江西-吉安】
2021-07-13 02:58:20 GSD insert 第 1 次 等待 1 秒
2021-07-13 02:58:21 {"status":"ok","id":261791,"msg":"添加成功！261791"}
2021-07-13 02:58:21 下次操作: 2021-07-13 02:58:30

2021-07-13 02:58:30 开始第 24 次操作

2021-07-13 02:58:30 开始操作号码 【1800707】
2021-07-13 02:58:32 GSD getOne 第 1 次 等待 1 秒
2021-07-13 02:58:33 查询号码 【1800707】，返回信息 {"status":"bad","msg":""}
2021-07-13 02:58:33 查询号码 【1800707】，GSD为【""】
2021-07-13 02:58:33 bad
2021-07-13 02:58:34 CHB 1800707?1626116313 第 1 次 等待 1 秒
2021-07-13 02:58:35 CHB 1800707?1626116313 第 1 次 获取到号码【1800707】GSD
2021-07-13 02:58:35 获取到号码【1800707】的GSD为【江西-赣州】
2021-07-13 02:58:38 GSD insert 第 1 次 等待 1 秒
2021-07-13 02:58:39 {"status":"ok","id":261796,"msg":"添加成功！261796"}
2021-07-13 02:58:39 下次操作: 2021-07-13 02:58:46

2021-07-13 02:58:46 开始第 25 次操作

2021-07-13 02:58:46 开始操作号码 【1800708】
2021-07-13 02:58:49 GSD getOne 第 1 次 等待 1 秒
2021-07-13 02:58:50 查询号码 【1800708】，返回信息 {"status":"bad","msg":""}
2021-07-13 02:58:50 查询号码 【1800708】，GSD为【""】
2021-07-13 02:58:50 bad
2021-07-13 02:58:51 CHB 1800708?1626116330 第 1 次 等待 1 秒
2021-07-13 02:58:52 CHB 1800708?1626116330 第 1 次 获取到号码【1800708】GSD
2021-07-13 02:58:52 获取到号码【1800708】的GSD为【江西-南昌】
2021-07-13 02:58:54 GSD insert 第 1 次 等待 1 秒
2021-07-13 02:58:55 {"status":"ok","id":261802,"msg":"添加成功！261802"}
2021-07-13 02:58:55 下次操作: 2021-07-13 02:59:06

2021-07-13 02:59:06 开始第 26 次操作

2021-07-13 02:59:06 开始操作号码 【1800709】
2021-07-13 02:59:09 GSD getOne 第 1 次 等待 1 秒
2021-07-13 02:59:10 查询号码 【1800709】，返回信息 {"status":"bad","msg":""}
2021-07-13 02:59:10 查询号码 【1800709】，GSD为【""】
2021-07-13 02:59:10 bad
2021-07-13 02:59:11 CHB 1800709?1626116350 第 1 次 等待 1 秒
2021-07-13 02:59:12 CHB 1800709?1626116350 第 1 次 获取到号码【1800709】GSD
2021-07-13 02:59:12 获取到号码【1800709】的GSD为【江西-南昌】
2021-07-13 02:59:15 GSD insert 第 1 次 等待 1 秒
2021-07-13 02:59:16 {"status":"ok","id":261808,"msg":"添加成功！261808"}
2021-07-13 02:59:16 下次操作: 2021-07-13 02:59:30

2021-07-13 02:59:30 开始第 27 次操作

2021-07-13 02:59:30 开始操作号码 【1800710】
2021-07-13 02:59:32 GSD getOne 第 1 次 等待 1 秒
2021-07-13 02:59:33 查询号码 【1800710】，返回信息 {"status":"bad","msg":""}
2021-07-13 02:59:33 查询号码 【1800710】，GSD为【""】
2021-07-13 02:59:33 bad
2021-07-13 02:59:35 CHB 1800710?1626116373 第 1 次 等待 1 秒
2021-07-13 02:59:36 CHB 1800710?1626116373 第 1 次 获取到号码【1800710】GSD
2021-07-13 02:59:36 获取到号码【1800710】的GSD为【湖北-武汉】
2021-07-13 02:59:38 GSD insert 第 1 次 等待 1 秒
2021-07-13 02:59:39 {"status":"ok","id":261816,"msg":"添加成功！261816"}
2021-07-13 02:59:39 下次操作: 2021-07-13 02:59:47

2021-07-13 02:59:47 开始第 28 次操作

2021-07-13 02:59:47 开始操作号码 【1800711】
2021-07-13 02:59:50 GSD getOne 第 1 次 等待 1 秒
2021-07-13 02:59:51 查询号码 【1800711】，返回信息 {"status":"bad","msg":""}
2021-07-13 02:59:51 查询号码 【1800711】，GSD为【""】
2021-07-13 02:59:51 bad
2021-07-13 02:59:52 CHB 1800711?1626116391 第 1 次 等待 1 秒
2021-07-13 02:59:53 CHB 1800711?1626116391 第 1 次 获取到号码【1800711】GSD
2021-07-13 02:59:53 获取到号码【1800711】的GSD为【湖北-武汉】
2021-07-13 02:59:56 GSD insert 第 1 次 等待 1 秒
2021-07-13 02:59:57 {"status":"ok","id":261819,"msg":"添加成功！261819"}
2021-07-13 02:59:57 下次操作: 2021-07-13 03:00:10

2021-07-13 03:00:10 开始第 29 次操作

2021-07-13 03:00:10 开始操作号码 【1800712】
2021-07-13 03:00:12 GSD getOne 第 1 次 等待 1 秒
2021-07-13 03:00:13 查询号码 【1800712】，返回信息 {"status":"bad","msg":""}
2021-07-13 03:00:13 查询号码 【1800712】，GSD为【""】
2021-07-13 03:00:13 bad
2021-07-13 03:00:14 CHB 1800712?1626116413 第 1 次 等待 1 秒
2021-07-13 03:00:15 CHB 1800712?1626116413 第 1 次 获取到号码【1800712】GSD
2021-07-13 03:00:15 获取到号码【1800712】的GSD为【湖北-武汉】
2021-07-13 03:00:18 GSD insert 第 1 次 等待 1 秒
2021-07-13 03:00:19 {"status":"ok","id":261822,"msg":"添加成功！261822"}
2021-07-13 03:00:19 下次操作: 2021-07-13 03:00:35

2021-07-13 03:00:35 开始第 30 次操作

2021-07-13 03:00:35 开始操作号码 【1800713】
2021-07-13 03:00:38 GSD getOne 第 1 次 等待 1 秒
2021-07-13 03:00:39 查询号码 【1800713】，返回信息 {"status":"bad","msg":""}
2021-07-13 03:00:39 查询号码 【1800713】，GSD为【""】
2021-07-13 03:00:39 bad
2021-07-13 03:00:40 CHB 1800713?1626116439 第 1 次 等待 1 秒
2021-07-13 03:00:41 CHB 1800713?1626116439 第 1 次 获取到号码【1800713】GSD
2021-07-13 03:00:41 获取到号码【1800713】的GSD为【湖北-武汉】
2021-07-13 03:00:43 GSD insert 第 1 次 等待 1 秒
2021-07-13 03:00:44 {"status":"ok","id":261826,"msg":"添加成功！261826"}

2021-07-13 03:37:50 开始第 1 次操作

2021-07-13 03:37:50 开始操作号码 【1800714】
2021-07-13 03:37:52 GSD getOne 第 1 次 等待 1 秒
2021-07-13 03:37:53 查询号码 【1800714】，返回信息 {"status":"bad","msg":""}
2021-07-13 03:37:53 查询号码 【1800714】，GSD为【""】
2021-07-13 03:37:53 bad
2021-07-13 03:37:55 CHB 1800714?1626118673 第 1 次 等待 1 秒
2021-07-13 03:37:56 CHB 1800714?1626118673 第 1 次 获取到号码【1800714】GSD
2021-07-13 03:37:56 获取到号码【1800714】的GSD为【湖北-武汉】
2021-07-13 03:38:14 GSD insert 第 1 次 等待 1 秒
2021-07-13 03:38:15 {"status":"ok","id":261959,"msg":"添加成功！261959"}
2021-07-13 03:38:15 下次操作: 2021-07-13 03:38:23

2021-07-13 03:38:23 开始第 2 次操作

2021-07-13 03:38:23 开始操作号码 【1800715】
2021-07-13 03:38:41 GSD getOne 第 1 次 等待 1 秒
2021-07-13 03:38:42 查询号码 【1800715】，返回信息 {"status":"bad","msg":""}
2021-07-13 03:38:42 查询号码 【1800715】，GSD为【""】
2021-07-13 03:38:42 bad
2021-07-13 03:38:43 CHB 1800715?1626118722 第 1 次 等待 1 秒
2021-07-13 03:38:44 CHB 1800715?1626118722 第 1 次 获取到号码【1800715】GSD
2021-07-13 03:38:44 获取到号码【1800715】的GSD为【湖北-武汉】
2021-07-13 03:39:05 GSD insert 第 1 次 等待 1 秒
2021-07-13 03:39:06 {"status":"ok","id":261977,"msg":"添加成功！261977"}
2021-07-13 03:39:06 下次操作: 2021-07-13 03:39:18

2021-07-13 03:39:18 开始第 3 次操作

2021-07-13 03:39:18 开始操作号码 【1800716】
2021-07-13 03:39:27 GSD getOne 第 1 次 等待 1 秒
2021-07-13 03:39:28 查询号码 【1800716】，返回信息 {"status":"bad","msg":""}
2021-07-13 03:39:28 查询号码 【1800716】，GSD为【""】
2021-07-13 03:39:28 bad
2021-07-13 03:39:30 CHB 1800716?1626118768 第 1 次 等待 1 秒
2021-07-13 03:39:31 CHB 1800716?1626118768 第 1 次 获取到号码【1800716】GSD
2021-07-13 03:39:31 获取到号码【1800716】的GSD为【湖北-武汉】
2021-07-13 03:39:49 GSD insert 第 1 次 等待 1 秒
2021-07-13 03:39:50 {"status":"ok","id":261992,"msg":"添加成功！261992"}
2021-07-13 03:39:50 下次操作: 2021-07-13 03:39:57

2021-07-13 03:39:57 开始第 4 次操作

2021-07-13 03:39:57 开始操作号码 【1800717】
2021-07-13 03:40:15 GSD getOne 第 1 次 等待 1 秒
2021-07-13 03:40:16 查询号码 【1800717】，返回信息 {"status":"bad","msg":""}
2021-07-13 03:40:16 查询号码 【1800717】，GSD为【""】
2021-07-13 03:40:16 bad
2021-07-13 03:40:17 CHB 1800717?1626118816 第 1 次 等待 1 秒
2021-07-13 03:40:18 CHB 1800717?1626118816 第 1 次 获取到号码【1800717】GSD
2021-07-13 03:40:18 获取到号码【1800717】的GSD为【湖北-武汉】
2021-07-13 03:40:36 GSD insert 第 1 次 等待 1 秒
2021-07-13 03:40:37 {"status":"ok","id":262007,"msg":"添加成功！262007"}
2021-07-13 03:40:37 下次操作: 2021-07-13 03:40:45

2021-07-13 03:40:45 开始第 5 次操作

2021-07-13 03:40:45 开始操作号码 【1800718】
2021-07-13 03:41:03 GSD getOne 第 1 次 等待 1 秒
2021-07-13 03:41:04 查询号码 【1800718】，返回信息 {"status":"bad","msg":""}
2021-07-13 03:41:04 查询号码 【1800718】，GSD为【""】
2021-07-13 03:41:04 bad
2021-07-13 03:41:05 CHB 1800718?1626118864 第 1 次 等待 1 秒
2021-07-13 03:41:06 CHB 1800718?1626118864 第 1 次 获取到号码【1800718】GSD
2021-07-13 03:41:06 获取到号码【1800718】的GSD为【湖北-武汉】
2021-07-13 03:41:24 GSD insert 第 1 次 等待 1 秒
2021-07-13 03:41:25 {"status":"ok","id":262026,"msg":"添加成功！262026"}
2021-07-13 03:41:25 下次操作: 2021-07-13 03:41:37

2021-07-13 03:41:37 开始第 6 次操作

2021-07-13 03:41:37 开始操作号码 【1800719】
2021-07-13 03:41:47 GSD getOne 第 1 次 等待 1 秒
2021-07-13 03:41:48 查询号码 【1800719】，返回信息 {"status":"bad","msg":""}
2021-07-13 03:41:48 查询号码 【1800719】，GSD为【""】
2021-07-13 03:41:48 bad
2021-07-13 03:41:49 CHB 1800719?1626118908 第 1 次 等待 1 秒
2021-07-13 03:41:50 CHB 1800719?1626118908 第 1 次 获取到号码【1800719】GSD
2021-07-13 03:41:50 获取到号码【1800719】的GSD为【湖北-武汉】
2021-07-13 03:42:08 GSD insert 第 1 次 等待 1 秒
2021-07-13 03:42:09 {"status":"ok","id":262039,"msg":"添加成功！262039"}
2021-07-13 03:42:09 下次操作: 2021-07-13 03:42:19

2021-07-13 03:42:19 开始第 7 次操作

2021-07-13 03:42:19 开始操作号码 【1800720】
2021-07-13 03:42:28 GSD getOne 第 1 次 等待 1 秒
2021-07-13 03:42:29 查询号码 【1800720】，返回信息 {"status":"bad","msg":""}
2021-07-13 03:42:29 查询号码 【1800720】，GSD为【""】
2021-07-13 03:42:29 bad
2021-07-13 03:42:31 CHB 1800720?1626118949 第 1 次 等待 1 秒
2021-07-13 03:42:32 CHB 1800720?1626118949 第 1 次 获取到号码【1800720】GSD
2021-07-13 03:42:32 获取到号码【1800720】的GSD为【湖北-宜昌】
2021-07-13 03:42:49 GSD insert 第 1 次 等待 1 秒
2021-07-13 03:42:50 {"status":"ok","id":262053,"msg":"添加成功！262053"}
2021-07-13 03:42:50 下次操作: 2021-07-13 03:42:57

2021-07-13 03:42:57 开始第 8 次操作

2021-07-13 03:42:57 开始操作号码 【1800721】
2021-07-13 03:43:15 GSD getOne 第 1 次 等待 1 秒
2021-07-13 03:43:16 查询号码 【1800721】，返回信息 {"status":"bad","msg":""}
2021-07-13 03:43:16 查询号码 【1800721】，GSD为【""】
2021-07-13 03:43:16 bad
2021-07-13 03:43:18 CHB 1800721?1626118996 第 1 次 等待 1 秒
2021-07-13 03:43:19 CHB 1800721?1626118996 第 1 次 获取到号码【1800721】GSD
2021-07-13 03:43:19 获取到号码【1800721】的GSD为【湖北-荆州】
2021-07-13 03:43:37 GSD insert 第 1 次 等待 1 秒
2021-07-13 03:43:38 {"status":"ok","id":262069,"msg":"添加成功！262069"}
2021-07-13 03:43:38 下次操作: 2021-07-13 03:43:51

2021-07-13 03:43:51 开始第 9 次操作

2021-07-13 03:43:51 开始操作号码 【1800722】
2021-07-13 03:44:01 GSD getOne 第 1 次 等待 1 秒
2021-07-13 03:44:02 查询号码 【1800722】，返回信息 {"status":"bad","msg":""}
2021-07-13 03:44:02 查询号码 【1800722】，GSD为【""】
2021-07-13 03:44:02 bad
2021-07-13 03:44:03 CHB 1800722?1626119042 第 1 次 等待 1 秒
2021-07-13 03:44:04 CHB 1800722?1626119042 第 1 次 获取到号码【1800722】GSD
2021-07-13 03:44:04 获取到号码【1800722】的GSD为【湖北-江汉】
2021-07-13 03:44:22 GSD insert 第 1 次 等待 1 秒
2021-07-13 03:44:23 {"status":"ok","id":262085,"msg":"添加成功！262085"}
2021-07-13 03:44:23 下次操作: 2021-07-13 03:44:31

2021-07-13 03:44:31 开始第 10 次操作

2021-07-13 03:44:31 开始操作号码 【1800723】
2021-07-13 03:44:49 GSD getOne 第 1 次 等待 1 秒
2021-07-13 03:44:50 查询号码 【1800723】，返回信息 {"status":"bad","msg":""}
2021-07-13 03:44:50 查询号码 【1800723】，GSD为【""】
2021-07-13 03:44:50 bad
2021-07-13 03:44:51 CHB 1800723?1626119090 第 1 次 等待 1 秒
2021-07-13 03:44:52 CHB 1800723?1626119090 第 1 次 获取到号码【1800723】GSD
2021-07-13 03:44:52 获取到号码【1800723】的GSD为【湖北-黄石】
2021-07-13 03:45:10 GSD insert 第 1 次 等待 1 秒
2021-07-13 03:45:11 {"status":"ok","id":262101,"msg":"添加成功！262101"}
2021-07-13 03:45:11 下次操作: 2021-07-13 03:45:24

2021-07-13 03:45:24 开始第 11 次操作

2021-07-13 03:45:24 开始操作号码 【1800724】
2021-07-13 03:45:34 GSD getOne 第 1 次 等待 1 秒
2021-07-13 03:45:35 查询号码 【1800724】，返回信息 {"status":"bad","msg":""}
2021-07-13 03:45:35 查询号码 【1800724】，GSD为【""】
2021-07-13 03:45:35 bad
2021-07-13 03:45:36 CHB 1800724?1626119135 第 1 次 等待 1 秒
2021-07-13 03:45:37 CHB 1800724?1626119135 第 1 次 获取到号码【1800724】GSD
2021-07-13 03:45:37 获取到号码【1800724】的GSD为【湖北-咸宁】
2021-07-13 03:45:55 GSD insert 第 1 次 等待 1 秒
2021-07-13 03:45:56 {"status":"ok","id":262116,"msg":"添加成功！262116"}
2021-07-13 03:45:56 下次操作: 2021-07-13 03:46:04

2021-07-13 03:46:04 开始第 12 次操作

2021-07-13 03:46:04 开始操作号码 【1800725】
2021-07-13 03:46:22 GSD getOne 第 1 次 等待 1 秒
2021-07-13 03:46:23 查询号码 【1800725】，返回信息 {"status":"bad","msg":""}
2021-07-13 03:46:23 查询号码 【1800725】，GSD为【""】
2021-07-13 03:46:23 bad
2021-07-13 03:46:24 CHB 1800725?1626119183 第 1 次 等待 1 秒
2021-07-13 03:46:25 CHB 1800725?1626119183 第 1 次 获取到号码【1800725】GSD
2021-07-13 03:46:25 获取到号码【1800725】的GSD为【湖北-黄冈】
2021-07-13 03:46:43 GSD insert 第 1 次 等待 1 秒
2021-07-13 03:46:44 {"status":"ok","id":262132,"msg":"添加成功！262132"}
2021-07-13 03:46:44 下次操作: 2021-07-13 03:47:01

2021-07-13 03:47:01 开始第 13 次操作

2021-07-13 03:47:01 开始操作号码 【1800726】
2021-07-13 03:47:04 GSD getOne 第 1 次 等待 1 秒
2021-07-13 03:47:05 查询号码 【1800726】，返回信息 {"status":"bad","msg":""}
2021-07-13 03:47:05 查询号码 【1800726】，GSD为【""】
2021-07-13 03:47:05 bad
2021-07-13 03:47:06 CHB 1800726?1626119225 第 1 次 等待 1 秒
2021-07-13 03:47:07 CHB 1800726?1626119225 第 1 次 获取到号码【1800726】GSD
2021-07-13 03:47:07 获取到号码【1800726】的GSD为【湖北-恩施】
2021-07-13 03:47:24 GSD insert 第 1 次 等待 1 秒
2021-07-13 03:47:25 {"status":"ok","id":262142,"msg":"添加成功！262142"}
2021-07-13 03:47:26 下次操作: 2021-07-13 03:47:39

2021-07-13 03:47:39 开始第 14 次操作

2021-07-13 03:47:39 开始操作号码 【1800727】
2021-07-13 03:47:48 GSD getOne 第 1 次 等待 1 秒
2021-07-13 03:47:49 查询号码 【1800727】，返回信息 {"status":"bad","msg":""}
2021-07-13 03:47:49 查询号码 【1800727】，GSD为【""】
2021-07-13 03:47:49 bad
2021-07-13 03:47:50 CHB 1800727?1626119269 第 1 次 等待 1 秒
2021-07-13 03:47:51 CHB 1800727?1626119269 第 1 次 获取到号码【1800727】GSD
2021-07-13 03:47:52 获取到号码【1800727】的GSD为【湖北-襄阳】
2021-07-13 03:48:09 GSD insert 第 1 次 等待 1 秒
2021-07-13 03:48:10 {"status":"ok","id":262152,"msg":"添加成功！262152"}
2021-07-13 03:48:10 下次操作: 2021-07-13 03:48:17

2021-07-13 03:48:17 开始第 15 次操作

2021-07-13 03:48:17 开始操作号码 【1800728】
2021-07-13 03:48:36 GSD getOne 第 1 次 等待 1 秒
2021-07-13 03:48:37 查询号码 【1800728】，返回信息 {"status":"bad","msg":""}
2021-07-13 03:48:37 查询号码 【1800728】，GSD为【""】
2021-07-13 03:48:37 bad
2021-07-13 03:48:38 CHB 1800728?1626119317 第 1 次 等待 1 秒
2021-07-13 03:48:39 CHB 1800728?1626119317 第 1 次 获取到号码【1800728】GSD
2021-07-13 03:48:39 获取到号码【1800728】的GSD为【湖北-十堰】
2021-07-13 03:48:57 GSD insert 第 1 次 等待 1 秒
2021-07-13 03:48:58 {"status":"ok","id":262159,"msg":"添加成功！262159"}
2021-07-13 03:48:58 下次操作: 2021-07-13 03:49:16

2021-07-13 03:49:16 开始第 16 次操作

2021-07-13 03:49:16 开始操作号码 【1800729】
2021-07-13 03:49:18 GSD getOne 第 1 次 等待 1 秒
2021-07-13 03:49:19 查询号码 【1800729】，返回信息 {"status":"bad","msg":""}
2021-07-13 03:49:19 查询号码 【1800729】，GSD为【""】
2021-07-13 03:49:19 bad
2021-07-13 03:49:21 CHB 1800729?1626119359 第 1 次 等待 1 秒
2021-07-13 03:49:22 CHB 1800729?1626119359 第 1 次 获取到号码【1800729】GSD
2021-07-13 03:49:22 获取到号码【1800729】的GSD为【湖北-孝感】
2021-07-13 03:49:40 GSD insert 第 1 次 等待 1 秒
2021-07-13 03:49:41 {"status":"ok","id":262165,"msg":"添加成功！262165"}
2021-07-13 03:49:41 下次操作: 2021-07-13 03:49:59

2021-07-13 03:49:59 开始第 17 次操作

2021-07-13 03:49:59 开始操作号码 【1800730】
2021-07-13 03:50:01 GSD getOne 第 1 次 等待 1 秒
2021-07-13 03:50:02 查询号码 【1800730】，返回信息 {"status":"bad","msg":""}
2021-07-13 03:50:02 查询号码 【1800730】，GSD为【""】
2021-07-13 03:50:02 bad
2021-07-13 03:50:03 CHB 1800730?1626119402 第 1 次 等待 1 秒
2021-07-13 03:50:04 CHB 1800730?1626119402 第 1 次 获取到号码【1800730】GSD
2021-07-13 03:50:04 获取到号码【1800730】的GSD为【湖南-岳阳】
2021-07-13 03:50:23 GSD insert 第 1 次 等待 1 秒
2021-07-13 03:50:24 {"status":"ok","id":262169,"msg":"添加成功！262169"}
2021-07-13 03:50:24 下次操作: 2021-07-13 03:50:30

2021-07-13 03:50:30 开始第 18 次操作

2021-07-13 03:50:30 开始操作号码 【1800731】
2021-07-13 03:50:48 GSD getOne 第 1 次 等待 1 秒
2021-07-13 03:50:49 查询号码 【1800731】，返回信息 {"status":"bad","msg":""}
2021-07-13 03:50:49 查询号码 【1800731】，GSD为【""】
2021-07-13 03:50:49 bad
2021-07-13 03:50:50 CHB 1800731?1626119449 第 1 次 等待 1 秒
2021-07-13 03:50:51 CHB 1800731?1626119449 第 1 次 获取到号码【1800731】GSD
2021-07-13 03:50:51 获取到号码【1800731】的GSD为【湖南-长沙】
2021-07-13 03:51:08 GSD insert 第 1 次 等待 1 秒
2021-07-13 03:51:10 {"status":"ok","id":262174,"msg":"添加成功！262174"}
2021-07-13 03:51:10 下次操作: 2021-07-13 03:51:17

2021-07-13 03:51:17 开始第 19 次操作

2021-07-13 03:51:17 开始操作号码 【1800732】
2021-07-13 03:51:34 GSD getOne 第 1 次 等待 1 秒
2021-07-13 03:51:35 查询号码 【1800732】，返回信息 {"status":"bad","msg":""}
2021-07-13 03:51:36 查询号码 【1800732】，GSD为【""】
2021-07-13 03:51:36 bad
2021-07-13 03:51:37 CHB 1800732?1626119496 第 1 次 等待 1 秒
2021-07-13 03:51:38 CHB 1800732?1626119496 第 1 次 获取到号码【1800732】GSD
2021-07-13 03:51:38 获取到号码【1800732】的GSD为【湖南-湘潭】
2021-07-13 03:51:56 GSD insert 第 1 次 等待 1 秒
2021-07-13 03:51:57 {"status":"ok","id":262180,"msg":"添加成功！262180"}
2021-07-13 03:51:57 下次操作: 2021-07-13 03:52:04

2021-07-13 03:52:04 开始第 20 次操作

2021-07-13 03:52:04 开始操作号码 【1800733】
2021-07-13 03:52:21 GSD getOne 第 1 次 等待 1 秒
2021-07-13 03:52:22 查询号码 【1800733】，返回信息 {"status":"bad","msg":""}
2021-07-13 03:52:23 查询号码 【1800733】，GSD为【""】
2021-07-13 03:52:23 bad
2021-07-13 03:52:24 CHB 1800733?1626119543 第 1 次 等待 1 秒
2021-07-13 03:52:25 CHB 1800733?1626119543 第 1 次 获取到号码【1800733】GSD
2021-07-13 03:52:25 获取到号码【1800733】的GSD为【湖南-株洲】
2021-07-13 03:52:43 GSD insert 第 1 次 等待 1 秒
2021-07-13 03:52:44 {"status":"ok","id":262188,"msg":"添加成功！262188"}
2021-07-13 03:52:44 下次操作: 2021-07-13 03:52:50

2021-07-13 03:52:50 开始第 21 次操作

2021-07-13 03:52:50 开始操作号码 【1800734】
2021-07-13 03:53:09 GSD getOne 第 1 次 等待 1 秒
2021-07-13 03:53:10 查询号码 【1800734】，返回信息 {"status":"bad","msg":""}
2021-07-13 03:53:10 查询号码 【1800734】，GSD为【""】
2021-07-13 03:53:10 bad
2021-07-13 03:53:11 CHB 1800734?1626119590 第 1 次 等待 1 秒
2021-07-13 03:53:12 CHB 1800734?1626119590 第 1 次 获取到号码【1800734】GSD
2021-07-13 03:53:12 获取到号码【1800734】的GSD为【湖南-衡阳】
2021-07-13 03:53:31 GSD insert 第 1 次 等待 1 秒
2021-07-13 03:53:32 {"status":"ok","id":262194,"msg":"添加成功！262194"}
2021-07-13 03:53:32 下次操作: 2021-07-13 03:53:45

2021-07-13 03:53:45 开始第 22 次操作

2021-07-13 03:53:45 开始操作号码 【1800735】
2021-07-13 03:53:54 GSD getOne 第 1 次 等待 1 秒
2021-07-13 03:53:55 查询号码 【1800735】，返回信息 {"status":"bad","msg":""}
2021-07-13 03:53:55 查询号码 【1800735】，GSD为【""】
2021-07-13 03:53:55 bad
2021-07-13 03:53:56 CHB 1800735?1626119635 第 1 次 等待 1 秒
2021-07-13 03:53:57 CHB 1800735?1626119635 第 1 次 获取到号码【1800735】GSD
2021-07-13 03:53:58 获取到号码【1800735】的GSD为【湖南-郴州】
2021-07-13 03:54:15 GSD insert 第 1 次 等待 1 秒
2021-07-13 03:54:16 {"status":"ok","id":262197,"msg":"添加成功！262197"}
2021-07-13 03:54:16 下次操作: 2021-07-13 03:54:33

2021-07-13 03:54:33 开始第 23 次操作

2021-07-13 03:54:33 开始操作号码 【1800736】
2021-07-13 03:54:37 GSD getOne 第 1 次 等待 1 秒
2021-07-13 03:54:38 查询号码 【1800736】，返回信息 {"status":"bad","msg":""}
2021-07-13 03:54:38 查询号码 【1800736】，GSD为【""】
2021-07-13 03:54:38 bad
2021-07-13 03:54:40 CHB 1800736?1626119678 第 1 次 等待 1 秒
2021-07-13 03:54:41 CHB 1800736?1626119678 第 1 次 获取到号码【1800736】GSD
2021-07-13 03:54:41 获取到号码【1800736】的GSD为【湖南-常德】
2021-07-13 03:54:59 GSD insert 第 1 次 等待 1 秒
2021-07-13 03:55:00 {"status":"ok","id":262200,"msg":"添加成功！262200"}
2021-07-13 03:55:00 下次操作: 2021-07-13 03:55:16

2021-07-13 03:55:16 开始第 24 次操作

2021-07-13 03:55:16 开始操作号码 【1800737】
2021-07-13 03:55:19 GSD getOne 第 1 次 等待 1 秒
2021-07-13 03:55:20 查询号码 【1800737】，返回信息 {"status":"bad","msg":""}
2021-07-13 03:55:20 查询号码 【1800737】，GSD为【""】
2021-07-13 03:55:20 bad
2021-07-13 03:55:21 CHB 1800737?1626119720 第 1 次 等待 1 秒
2021-07-13 03:55:22 CHB 1800737?1626119720 第 1 次 获取到号码【1800737】GSD
2021-07-13 03:55:23 获取到号码【1800737】的GSD为【湖南-益阳】
2021-07-13 03:55:40 GSD insert 第 1 次 等待 1 秒
2021-07-13 03:55:41 {"status":"ok","id":262203,"msg":"添加成功！262203"}
2021-07-13 03:55:41 下次操作: 2021-07-13 03:55:53

2021-07-13 03:55:53 开始第 25 次操作

2021-07-13 03:55:53 开始操作号码 【1800738】
2021-07-13 03:56:03 GSD getOne 第 1 次 等待 1 秒
2021-07-13 03:56:04 查询号码 【1800738】，返回信息 {"status":"bad","msg":""}
2021-07-13 03:56:04 查询号码 【1800738】，GSD为【""】
2021-07-13 03:56:04 bad
2021-07-13 03:56:05 CHB 1800738?1626119764 第 1 次 等待 1 秒
2021-07-13 03:56:06 CHB 1800738?1626119764 第 1 次 获取到号码【1800738】GSD
2021-07-13 03:56:07 获取到号码【1800738】的GSD为【湖南-娄底】
2021-07-13 03:56:24 GSD insert 第 1 次 等待 1 秒
2021-07-13 03:56:25 {"status":"ok","id":262205,"msg":"添加成功！262205"}
2021-07-13 03:56:25 下次操作: 2021-07-13 03:56:35

2021-07-13 03:56:35 开始第 26 次操作

2021-07-13 03:56:35 开始操作号码 【1800739】
2021-07-13 03:56:45 GSD getOne 第 1 次 等待 1 秒
2021-07-13 03:56:46 查询号码 【1800739】，返回信息 {"status":"ok","msg":"湖南-邵阳","gid":"31811","time_insert":"2014-07-30 16:27","time_update":"2020-09-23 11:49"}
2021-07-13 03:56:46 查询号码 【1800739】，GSD为【"湖南-邵阳"】

2021-07-13 03:56:46 开始第 26 次操作

2021-07-13 03:56:46 开始操作号码 【1800740】
2021-07-13 03:57:20 GSD getOne 第 1 次 等待 1 秒
2021-07-13 03:57:21 查询号码 【1800740】，返回信息 {"status":"bad","msg":""}
2021-07-13 03:57:21 查询号码 【1800740】，GSD为【""】
2021-07-13 03:57:21 bad
2021-07-13 03:57:23 CHB 1800740?1626119841 第 1 次 等待 1 秒
2021-07-13 03:57:24 CHB 1800740?1626119841 第 1 次 获取到号码【1800740】GSD
2021-07-13 03:57:24 获取到号码【1800740】的GSD为【湖南-常德】
2021-07-13 03:57:42 GSD insert 第 1 次 等待 1 秒
2021-07-13 03:57:43 {"status":"ok","id":262208,"msg":"添加成功！262208"}
2021-07-13 03:57:43 下次操作: 2021-07-13 03:57:56

2021-07-13 03:57:56 开始第 27 次操作

2021-07-13 03:57:56 开始操作号码 【1800741】
2021-07-13 03:58:05 GSD getOne 第 1 次 等待 1 秒
2021-07-13 03:58:06 查询号码 【1800741】，返回信息 {"status":"bad","msg":""}
2021-07-13 03:58:06 查询号码 【1800741】，GSD为【""】
2021-07-13 03:58:06 bad
2021-07-13 03:58:07 CHB 1800741?1626119886 第 1 次 等待 1 秒
2021-07-13 03:58:08 CHB 1800741?1626119886 第 1 次 获取到号码【1800741】GSD
2021-07-13 03:58:09 获取到号码【1800741】的GSD为【湖南-株洲】
2021-07-13 03:58:27 GSD insert 第 1 次 等待 1 秒
2021-07-13 03:58:28 {"status":"ok","id":262212,"msg":"添加成功！262212"}
2021-07-13 03:58:28 下次操作: 2021-07-13 03:58:46

2021-07-13 03:58:46 开始第 28 次操作

2021-07-13 03:58:46 开始操作号码 【1800742】
2021-07-13 03:58:49 GSD getOne 第 1 次 等待 1 秒
2021-07-13 03:58:50 查询号码 【1800742】，返回信息 {"status":"bad","msg":""}
2021-07-13 03:58:50 查询号码 【1800742】，GSD为【""】
2021-07-13 03:58:50 bad
2021-07-13 03:58:52 CHB 1800742?1626119930 第 1 次 等待 1 秒
2021-07-13 03:58:53 CHB 1800742?1626119930 第 1 次 获取到号码【1800742】GSD
2021-07-13 03:58:53 获取到号码【1800742】的GSD为【湖南-常德】
2021-07-13 03:59:11 GSD insert 第 1 次 等待 1 秒
2021-07-13 03:59:12 {"status":"ok","id":262215,"msg":"添加成功！262215"}
2021-07-13 03:59:12 下次操作: 2021-07-13 03:59:27

2021-07-13 03:59:27 开始第 29 次操作

2021-07-13 03:59:27 开始操作号码 【1800743】
2021-07-13 03:59:32 GSD getOne 第 1 次 等待 1 秒
2021-07-13 03:59:33 查询号码 【1800743】，返回信息 {"status":"bad","msg":""}
2021-07-13 03:59:33 查询号码 【1800743】，GSD为【""】
2021-07-13 03:59:33 bad
2021-07-13 03:59:34 CHB 1800743?1626119973 第 1 次 等待 1 秒
2021-07-13 03:59:35 CHB 1800743?1626119973 第 1 次 获取到号码【1800743】GSD
2021-07-13 03:59:35 获取到号码【1800743】的GSD为【湖南-吉首】
2021-07-13 03:59:53 GSD insert 第 1 次 等待 1 秒
2021-07-13 03:59:54 {"status":"ok","id":262216,"msg":"添加成功！262216"}
2021-07-13 03:59:54 下次操作: 2021-07-13 04:00:07

2021-07-13 04:00:07 开始第 30 次操作

2021-07-13 04:00:07 开始操作号码 【1800744】
2021-07-13 04:00:17 GSD getOne 第 1 次 等待 1 秒
2021-07-13 04:00:18 查询号码 【1800744】，返回信息 {"status":"bad","msg":""}
2021-07-13 04:00:18 查询号码 【1800744】，GSD为【""】
2021-07-13 04:00:18 bad
2021-07-13 04:00:19 CHB 1800744?1626120018 第 1 次 等待 1 秒
2021-07-13 04:00:20 CHB 1800744?1626120018 第 1 次 获取到号码【1800744】GSD
2021-07-13 04:00:20 获取到号码【1800744】的GSD为【湖南-张家界】
2021-07-13 04:00:38 GSD insert 第 1 次 等待 1 秒
2021-07-13 04:00:39 {"status":"ok","id":262221,"msg":"添加成功！262221"}

