2024-09-13 00:27:52 开始第 4041 次操作

2024-09-13 00:27:52 开始操作号码 【1434040】
2024-09-13 00:28:01 GSD getOne 第 1 次 等待 3 秒
2024-09-13 00:28:04 查询号码 【1434040】，返回信息 {"status":"ok","msg":"-","gid":"596847","time_insert":"2023-03-17 18:50"}
2024-09-13 00:28:04 查询号码 【1434040】，GSD为【"-"】
2024-09-13 00:28:04 ok && -
2024-09-13 00:28:06 CHB 1434040?1726158484 第 1 次 等待 3 秒
2024-09-13 00:28:09 CHB 1434040?1726158484 第 1 次 获取到号码【1434040】GSD
2024-09-13 00:28:09 未获取到号码【1434040】GSD，可能号码格式错误
2024-09-13 00:28:09 获取到号码【1434040】的GSD为【-】
2024-09-13 00:28:16 GSD insert 第 1 次 等待 3 秒
2024-09-13 00:28:19 {"status":"bad","gid":"596847","msg":"添加失败！号码【1434040(-|-)】已存在！"}
2024-09-13 00:28:19 随机等待 122 秒，约 2 分钟
2024-09-13 00:28:19 下次操作: 2024-09-13 00:30:21

2024-09-13 00:30:21 开始第 4042 次操作

2024-09-13 00:30:21 开始操作号码 【1434041】
2024-09-13 00:30:29 GSD getOne 第 1 次 等待 3 秒
2024-09-13 00:30:32 查询号码 【1434041】，返回信息 {"status":"ok","msg":"-","gid":"596864","time_insert":"2023-03-17 18:59"}
2024-09-13 00:30:32 查询号码 【1434041】，GSD为【"-"】
2024-09-13 00:30:32 ok && -
2024-09-13 00:30:34 CHB 1434041?1726158632 第 1 次 等待 3 秒
2024-09-13 00:30:37 CHB 1434041?1726158632 第 1 次 获取到号码【1434041】GSD
2024-09-13 00:30:37 未获取到号码【1434041】GSD，可能号码格式错误
2024-09-13 00:30:37 获取到号码【1434041】的GSD为【-】
2024-09-13 00:30:45 GSD insert 第 1 次 等待 3 秒
2024-09-13 00:30:48 {"status":"bad","gid":"596864","msg":"添加失败！号码【1434041(-|-)】已存在！"}
2024-09-13 00:30:48 随机等待 91 秒，约 1 分钟
2024-09-13 00:30:48 下次操作: 2024-09-13 00:32:19

2024-09-13 00:32:19 开始第 4043 次操作

2024-09-13 00:32:19 开始操作号码 【1434042】
2024-09-13 00:32:27 GSD getOne 第 1 次 等待 3 秒
2024-09-13 00:32:30 查询号码 【1434042】，返回信息 {"status":"ok","msg":"-","gid":"596885","time_insert":"2023-03-17 19:15"}
2024-09-13 00:32:30 查询号码 【1434042】，GSD为【"-"】
2024-09-13 00:32:30 ok && -
2024-09-13 00:32:32 CHB 1434042?1726158750 第 1 次 等待 3 秒
2024-09-13 00:32:35 CHB 1434042?1726158750 第 1 次 获取到号码【1434042】GSD
2024-09-13 00:32:35 未获取到号码【1434042】GSD，可能号码格式错误
2024-09-13 00:32:35 获取到号码【1434042】的GSD为【-】
2024-09-13 00:32:42 GSD insert 第 1 次 等待 3 秒
2024-09-13 00:32:45 {"status":"bad","gid":"596885","msg":"添加失败！号码【1434042(-|-)】已存在！"}
2024-09-13 00:32:45 随机等待 151 秒，约 2 分钟
2024-09-13 00:32:45 下次操作: 2024-09-13 00:35:16

2024-09-13 00:35:16 开始第 4044 次操作

2024-09-13 00:35:16 开始操作号码 【1434043】
2024-09-13 00:35:24 GSD getOne 第 1 次 等待 3 秒
2024-09-13 00:35:27 查询号码 【1434043】，返回信息 {"status":"ok","msg":"-","gid":"596909","time_insert":"2023-03-17 19:30"}
2024-09-13 00:35:27 查询号码 【1434043】，GSD为【"-"】
2024-09-13 00:35:27 ok && -
2024-09-13 00:35:29 CHB 1434043?1726158927 第 1 次 等待 3 秒
2024-09-13 00:35:32 CHB 1434043?1726158927 第 1 次 获取到号码【1434043】GSD
2024-09-13 00:35:32 未获取到号码【1434043】GSD，可能号码格式错误
2024-09-13 00:35:32 获取到号码【1434043】的GSD为【-】
2024-09-13 00:35:40 GSD insert 第 1 次 等待 3 秒
2024-09-13 00:35:43 {"status":"bad","gid":"596909","msg":"添加失败！号码【1434043(-|-)】已存在！"}

2024-09-13 00:46:34 开始第 4045 次操作

2024-09-13 00:46:34 开始操作号码 【1434044】
2024-09-13 00:46:42 GSD getOne 第 1 次 等待 3 秒
2024-09-13 00:46:45 查询号码 【1434044】，返回信息 {"status":"ok","msg":"-","gid":"596943","time_insert":"2023-03-17 19:50"}
2024-09-13 00:46:45 查询号码 【1434044】，GSD为【"-"】
2024-09-13 00:46:45 ok && -
2024-09-13 00:46:47 CHB 1434044?1726159605 第 1 次 等待 3 秒
2024-09-13 00:46:50 CHB 1434044?1726159605 第 1 次 获取到号码【1434044】GSD
2024-09-13 00:46:50 未获取到号码【1434044】GSD，可能号码格式错误
2024-09-13 00:46:50 获取到号码【1434044】的GSD为【-】
2024-09-13 00:46:58 GSD insert 第 1 次 等待 3 秒
2024-09-13 00:47:01 {"status":"bad","gid":"596943","msg":"添加失败！号码【1434044(-|-)】已存在！"}
2024-09-13 00:47:01 随机等待 183 秒，约 3 分钟
2024-09-13 00:47:01 下次操作: 2024-09-13 00:50:04

2024-09-13 00:50:04 开始第 4046 次操作

2024-09-13 00:50:04 开始操作号码 【1434045】
2024-09-13 00:50:12 GSD getOne 第 1 次 等待 3 秒
2024-09-13 00:50:15 查询号码 【1434045】，返回信息 {"status":"ok","msg":"-","gid":"596962","time_insert":"2023-03-17 20:01"}
2024-09-13 00:50:15 查询号码 【1434045】，GSD为【"-"】
2024-09-13 00:50:15 ok && -
2024-09-13 00:50:17 CHB 1434045?1726159815 第 1 次 等待 3 秒
2024-09-13 00:50:20 CHB 1434045?1726159815 第 1 次 获取到号码【1434045】GSD
2024-09-13 00:50:20 未获取到号码【1434045】GSD，可能号码格式错误
2024-09-13 00:50:20 获取到号码【1434045】的GSD为【-】
2024-09-13 00:50:28 GSD insert 第 1 次 等待 3 秒
2024-09-13 00:50:31 {"status":"bad","gid":"596962","msg":"添加失败！号码【1434045(-|-)】已存在！"}
2024-09-13 00:50:31 随机等待 224 秒，约 3 分钟
2024-09-13 00:50:31 下次操作: 2024-09-13 00:54:15

2024-09-13 00:54:15 开始第 4047 次操作

2024-09-13 00:54:15 开始操作号码 【1434046】
2024-09-13 00:54:22 GSD getOne 第 1 次 等待 3 秒
2024-09-13 00:54:25 查询号码 【1434046】，返回信息 {"status":"ok","msg":"-","gid":"596978","time_insert":"2023-03-17 20:14"}
2024-09-13 00:54:25 查询号码 【1434046】，GSD为【"-"】
2024-09-13 00:54:25 ok && -
2024-09-13 00:59:26 CHB 1434046?1726160065 第 1 次 等待 3 秒
2024-09-13 00:59:29 CHB 1434046?1726160065 第 1 次 未获取到 等待 83 秒 下次操作: 2024-09-13 01:00:52
2024-09-13 01:03:07 CHB 1434046?1726160452 第 2 次 等待 3 秒
2024-09-13 01:03:10 CHB 1434046?1726160452 第 2 次 未获取到 等待 137 秒 下次操作: 2024-09-13 01:05:27
2024-09-13 01:05:30 CHB 1434046?1726160727 第 3 次 等待 3 秒
2024-09-13 01:05:33 CHB 1434046?1726160727 第 3 次 获取到号码【1434046】GSD
2024-09-13 01:05:33 未获取到号码【1434046】GSD，可能号码格式错误
2024-09-13 01:05:33 获取到号码【1434046】的GSD为【-】
2024-09-13 01:05:41 GSD insert 第 1 次 等待 3 秒
2024-09-13 01:05:44 {"status":"bad","gid":"596978","msg":"添加失败！号码【1434046(-|-)】已存在！"}
2024-09-13 01:05:44 随机等待 166 秒，约 2 分钟
2024-09-13 01:05:44 下次操作: 2024-09-13 01:08:30

2024-09-13 01:08:30 开始第 4048 次操作

2024-09-13 01:08:30 开始操作号码 【1434047】
2024-09-13 01:08:38 GSD getOne 第 1 次 等待 3 秒
2024-09-13 01:08:41 查询号码 【1434047】，返回信息 {"status":"ok","msg":"-","gid":"596993","time_insert":"2023-03-17 20:25"}
2024-09-13 01:08:41 查询号码 【1434047】，GSD为【"-"】
2024-09-13 01:08:41 ok && -
2024-09-13 01:08:43 CHB 1434047?1726160921 第 1 次 等待 3 秒
2024-09-13 01:08:46 CHB 1434047?1726160921 第 1 次 获取到号码【1434047】GSD
2024-09-13 01:08:46 未获取到号码【1434047】GSD，可能号码格式错误
2024-09-13 01:08:46 获取到号码【1434047】的GSD为【-】
2024-09-13 01:08:54 GSD insert 第 1 次 等待 3 秒
2024-09-13 01:08:57 {"status":"bad","gid":"596993","msg":"添加失败！号码【1434047(-|-)】已存在！"}

