2023-10-12 00:09:30 开始第 2811 次操作

2023-10-12 00:09:30 开始操作号码 【1972800】
2023-10-12 00:11:41 GSD getOne 第 1 次 等待 3 秒
2023-10-12 00:13:54 GSD getOne 第 2 次 等待 3 秒
2023-10-12 00:16:07 GSD getOne 第 3 次 等待 3 秒
2023-10-12 00:18:20 GSD getOne 第 4 次 等待 3 秒
2023-10-12 00:20:33 GSD getOne 第 5 次 等待 3 秒
2023-10-12 00:22:46 GSD getOne 第 6 次 等待 3 秒
2023-10-12 00:25:00 GSD getOne 第 7 次 等待 3 秒
2023-10-12 00:27:13 GSD getOne 第 8 次 等待 3 秒
2023-10-12 00:29:26 GSD getOne 第 9 次 等待 3 秒
2023-10-12 00:31:39 GSD getOne 第 10 次 等待 3 秒
2023-10-12 00:31:42 查询号码 【1972800】，返回信息 
2023-10-12 00:31:42 查询失败，3 秒后重新查询
2023-10-12 00:33:56 GSD getOne 第 1 次 等待 3 秒
2023-10-12 00:36:09 GSD getOne 第 2 次 等待 3 秒
2023-10-12 00:38:22 GSD getOne 第 3 次 等待 3 秒
2023-10-12 00:40:36 GSD getOne 第 4 次 等待 3 秒
2023-10-12 00:42:49 GSD getOne 第 5 次 等待 3 秒
2023-10-12 00:45:02 GSD getOne 第 6 次 等待 3 秒
2023-10-12 00:47:15 GSD getOne 第 7 次 等待 3 秒
2023-10-12 00:49:28 GSD getOne 第 8 次 等待 3 秒
2023-10-12 00:51:41 GSD getOne 第 9 次 等待 3 秒
2023-10-12 00:53:54 GSD getOne 第 10 次 等待 3 秒
2023-10-12 00:53:57 查询号码 【1972800】，返回信息 
2023-10-12 00:53:57 查询失败，结束本次操作，期待下次成功~
2023-10-12 00:53:57 随机等待 78 秒，约 1 分钟
2023-10-12 00:53:57 下次操作: 2023-10-12 00:55:15

2023-10-12 00:55:15 开始第 2812 次操作

2023-10-12 00:55:15 开始操作号码 【1972800】
2023-10-12 00:57:25 GSD getOne 第 1 次 等待 3 秒
2023-10-12 00:59:38 GSD getOne 第 2 次 等待 3 秒
2023-10-12 01:01:51 GSD getOne 第 3 次 等待 3 秒
2023-10-12 01:04:05 GSD getOne 第 4 次 等待 3 秒
2023-10-12 01:06:18 GSD getOne 第 5 次 等待 3 秒
2023-10-12 01:08:31 GSD getOne 第 6 次 等待 3 秒
2023-10-12 01:10:44 GSD getOne 第 7 次 等待 3 秒
2023-10-12 01:12:57 GSD getOne 第 8 次 等待 3 秒
2023-10-12 01:15:10 GSD getOne 第 9 次 等待 3 秒
2023-10-12 01:17:23 GSD getOne 第 10 次 等待 3 秒
2023-10-12 01:17:26 查询号码 【1972800】，返回信息 
2023-10-12 01:17:26 查询失败，3 秒后重新查询
2023-10-12 01:19:40 GSD getOne 第 1 次 等待 3 秒
2023-10-12 01:21:54 GSD getOne 第 2 次 等待 3 秒
2023-10-12 01:24:07 GSD getOne 第 3 次 等待 3 秒
2023-10-12 01:26:20 GSD getOne 第 4 次 等待 3 秒
2023-10-12 01:28:33 GSD getOne 第 5 次 等待 3 秒
2023-10-12 01:30:46 GSD getOne 第 6 次 等待 3 秒
2023-10-12 01:32:59 GSD getOne 第 7 次 等待 3 秒
2023-10-12 01:35:12 GSD getOne 第 8 次 等待 3 秒
2023-10-12 01:37:25 GSD getOne 第 9 次 等待 3 秒
2023-10-12 01:39:39 GSD getOne 第 10 次 等待 3 秒
2023-10-12 01:39:42 查询号码 【1972800】，返回信息 
2023-10-12 01:39:42 查询失败，结束本次操作，期待下次成功~

2023-10-12 02:09:53 开始第 2813 次操作

2023-10-12 02:09:53 开始操作号码 【1972800】
2023-10-12 02:12:04 GSD getOne 第 1 次 等待 3 秒
2023-10-12 02:14:17 GSD getOne 第 2 次 等待 3 秒
2023-10-12 02:16:31 GSD getOne 第 3 次 等待 3 秒
2023-10-12 02:18:44 GSD getOne 第 4 次 等待 3 秒
2023-10-12 02:20:57 GSD getOne 第 5 次 等待 3 秒
2023-10-12 02:23:10 GSD getOne 第 6 次 等待 3 秒
2023-10-12 02:25:23 GSD getOne 第 7 次 等待 3 秒
2023-10-12 02:27:36 GSD getOne 第 8 次 等待 3 秒
2023-10-12 02:29:49 GSD getOne 第 9 次 等待 3 秒
2023-10-12 02:32:02 GSD getOne 第 10 次 等待 3 秒
2023-10-12 02:32:05 查询号码 【1972800】，返回信息 
2023-10-12 02:32:05 查询失败，3 秒后重新查询
2023-10-12 02:34:20 GSD getOne 第 1 次 等待 3 秒
2023-10-12 02:36:33 GSD getOne 第 2 次 等待 3 秒
2023-10-12 02:38:46 GSD getOne 第 3 次 等待 3 秒
2023-10-12 02:40:59 GSD getOne 第 4 次 等待 3 秒
2023-10-12 02:43:12 GSD getOne 第 5 次 等待 3 秒
2023-10-12 02:45:25 GSD getOne 第 6 次 等待 3 秒
2023-10-12 02:47:38 GSD getOne 第 7 次 等待 3 秒
2023-10-12 02:49:51 GSD getOne 第 8 次 等待 3 秒
2023-10-12 02:52:05 GSD getOne 第 9 次 等待 3 秒
2023-10-12 02:54:18 GSD getOne 第 10 次 等待 3 秒
2023-10-12 02:54:21 查询号码 【1972800】，返回信息 
2023-10-12 02:54:21 查询失败，结束本次操作，期待下次成功~
2023-10-12 02:54:21 随机等待 83 秒，约 1 分钟
2023-10-12 02:54:21 下次操作: 2023-10-12 02:55:44

2023-10-12 02:55:44 开始第 2814 次操作

2023-10-12 02:55:44 开始操作号码 【1972800】
2023-10-12 02:57:55 GSD getOne 第 1 次 等待 3 秒
2023-10-12 03:00:08 GSD getOne 第 2 次 等待 3 秒
2023-10-12 03:02:21 GSD getOne 第 3 次 等待 3 秒
2023-10-12 03:04:34 GSD getOne 第 4 次 等待 3 秒
2023-10-12 03:06:47 GSD getOne 第 5 次 等待 3 秒
2023-10-12 03:09:00 GSD getOne 第 6 次 等待 3 秒
2023-10-12 03:11:14 GSD getOne 第 7 次 等待 3 秒
2023-10-12 03:13:27 GSD getOne 第 8 次 等待 3 秒
2023-10-12 03:15:40 GSD getOne 第 9 次 等待 3 秒
2023-10-12 03:17:53 GSD getOne 第 10 次 等待 3 秒
2023-10-12 03:17:56 查询号码 【1972800】，返回信息 
2023-10-12 03:17:56 查询失败，3 秒后重新查询
2023-10-12 03:20:10 GSD getOne 第 1 次 等待 3 秒
2023-10-12 03:22:23 GSD getOne 第 2 次 等待 3 秒
2023-10-12 03:24:36 GSD getOne 第 3 次 等待 3 秒
2023-10-12 03:26:49 GSD getOne 第 4 次 等待 3 秒
2023-10-12 03:29:03 GSD getOne 第 5 次 等待 3 秒
2023-10-12 03:31:16 GSD getOne 第 6 次 等待 3 秒
2023-10-12 03:33:29 GSD getOne 第 7 次 等待 3 秒
2023-10-12 03:35:42 GSD getOne 第 8 次 等待 3 秒
2023-10-12 03:37:55 GSD getOne 第 9 次 等待 3 秒
2023-10-12 03:40:08 GSD getOne 第 10 次 等待 3 秒
2023-10-12 03:40:11 查询号码 【1972800】，返回信息 
2023-10-12 03:40:11 查询失败，结束本次操作，期待下次成功~
2023-10-12 03:40:11 随机等待 162 秒，约 2 分钟
2023-10-12 03:40:11 下次操作: 2023-10-12 03:42:53

2023-10-12 03:42:53 开始第 2815 次操作

2023-10-12 03:42:53 开始操作号码 【1972800】
2023-10-12 03:45:03 GSD getOne 第 1 次 等待 3 秒
2023-10-12 03:47:16 GSD getOne 第 2 次 等待 3 秒
2023-10-12 03:49:29 GSD getOne 第 3 次 等待 3 秒
2023-10-12 03:51:42 GSD getOne 第 4 次 等待 3 秒
2023-10-12 03:53:56 GSD getOne 第 5 次 等待 3 秒
2023-10-12 03:56:09 GSD getOne 第 6 次 等待 3 秒
2023-10-12 03:58:22 GSD getOne 第 7 次 等待 3 秒
2023-10-12 04:00:35 GSD getOne 第 8 次 等待 3 秒
2023-10-12 04:02:48 GSD getOne 第 9 次 等待 3 秒
2023-10-12 04:05:01 GSD getOne 第 10 次 等待 3 秒
2023-10-12 04:05:04 查询号码 【1972800】，返回信息 
2023-10-12 04:05:04 查询失败，3 秒后重新查询
2023-10-12 04:07:18 GSD getOne 第 1 次 等待 3 秒
2023-10-12 04:09:32 GSD getOne 第 2 次 等待 3 秒
2023-10-12 04:11:45 GSD getOne 第 3 次 等待 3 秒
2023-10-12 04:13:58 GSD getOne 第 4 次 等待 3 秒
2023-10-12 04:16:11 GSD getOne 第 5 次 等待 3 秒
2023-10-12 04:18:24 GSD getOne 第 6 次 等待 3 秒
2023-10-12 04:20:37 GSD getOne 第 7 次 等待 3 秒
2023-10-12 04:22:50 GSD getOne 第 8 次 等待 3 秒
2023-10-12 04:25:03 GSD getOne 第 9 次 等待 3 秒
2023-10-12 04:27:16 GSD getOne 第 10 次 等待 3 秒
2023-10-12 04:27:19 查询号码 【1972800】，返回信息 
2023-10-12 04:27:19 查询失败，结束本次操作，期待下次成功~
2023-10-12 04:27:19 随机等待 187 秒，约 3 分钟
2023-10-12 04:27:19 下次操作: 2023-10-12 04:30:26

2023-10-12 04:30:27 开始第 2816 次操作

2023-10-12 04:30:27 开始操作号码 【1972800】
2023-10-12 04:32:36 GSD getOne 第 1 次 等待 3 秒
2023-10-12 04:34:49 GSD getOne 第 2 次 等待 3 秒
2023-10-12 04:37:02 GSD getOne 第 3 次 等待 3 秒
2023-10-12 04:39:15 GSD getOne 第 4 次 等待 3 秒
2023-10-12 04:41:28 GSD getOne 第 5 次 等待 3 秒
2023-10-12 04:43:42 GSD getOne 第 6 次 等待 3 秒
2023-10-12 04:45:55 GSD getOne 第 7 次 等待 3 秒
2023-10-12 04:48:08 GSD getOne 第 8 次 等待 3 秒
2023-10-12 04:50:21 GSD getOne 第 9 次 等待 3 秒
2023-10-12 04:52:34 GSD getOne 第 10 次 等待 3 秒
2023-10-12 04:52:37 查询号码 【1972800】，返回信息 
2023-10-12 04:52:37 查询失败，3 秒后重新查询
2023-10-12 04:54:51 GSD getOne 第 1 次 等待 3 秒
2023-10-12 04:57:04 GSD getOne 第 2 次 等待 3 秒
2023-10-12 04:59:17 GSD getOne 第 3 次 等待 3 秒
2023-10-12 05:01:31 GSD getOne 第 4 次 等待 3 秒
2023-10-12 05:03:44 GSD getOne 第 5 次 等待 3 秒
2023-10-12 05:05:57 GSD getOne 第 6 次 等待 3 秒
2023-10-12 05:08:10 GSD getOne 第 7 次 等待 3 秒
2023-10-12 05:10:23 GSD getOne 第 8 次 等待 3 秒
2023-10-12 05:12:36 GSD getOne 第 9 次 等待 3 秒
2023-10-12 05:14:49 GSD getOne 第 10 次 等待 3 秒
2023-10-12 05:14:52 查询号码 【1972800】，返回信息 
2023-10-12 05:14:52 查询失败，结束本次操作，期待下次成功~

