2024-04-13 00:08:56 开始第 3493 次操作

2024-04-13 00:08:56 开始操作号码 【1653394】
2024-04-13 00:09:08 GSD getOne 第 1 次 等待 3 秒
2024-04-13 00:09:11 查询号码 【1653394】，返回信息 {"status":"ok","msg":"河南-周口","gid":"256866","time_insert":"2021-07-12 13:48"}
2024-04-13 00:09:11 查询号码 【1653394】，GSD为【"河南-周口"】

2024-04-13 00:09:12 开始第 3494 次操作

2024-04-13 00:09:12 开始操作号码 【1653395】
2024-04-13 00:09:18 GSD getOne 第 1 次 等待 3 秒
2024-04-13 00:09:21 查询号码 【1653395】，返回信息 {"status":"ok","msg":"河南-漯河","gid":"256876","time_insert":"2021-07-12 13:49"}
2024-04-13 00:09:21 查询号码 【1653395】，GSD为【"河南-漯河"】

2024-04-13 00:09:22 开始第 3495 次操作

2024-04-13 00:09:22 开始操作号码 【1653396】
2024-04-13 00:09:29 GSD getOne 第 1 次 等待 3 秒
2024-04-13 00:09:32 查询号码 【1653396】，返回信息 {"status":"ok","msg":"河南-驻马店","gid":"256887","time_insert":"2021-07-12 13:49"}
2024-04-13 00:09:33 查询号码 【1653396】，GSD为【"河南-驻马店"】

2024-04-13 00:09:34 开始第 3496 次操作

2024-04-13 00:09:34 开始操作号码 【1653397】
2024-04-13 00:09:40 GSD getOne 第 1 次 等待 3 秒
2024-04-13 00:09:43 查询号码 【1653397】，返回信息 {"status":"ok","msg":"吉林-吉林","gid":"256894","time_insert":"2021-07-12 13:50"}
2024-04-13 00:09:43 查询号码 【1653397】，GSD为【"吉林-吉林"】

