2024-07-21 00:09:22 开始第 7289 次操作

2024-07-21 00:09:22 开始操作号码 【1547172】
2024-07-21 00:09:30 GSD getOne 第 1 次 等待 3 秒
2024-07-21 00:09:33 查询号码 【1547172】，返回信息 {"status":"ok","msg":"-","gid":"678172","time_insert":"2023-04-26 08:57"}
2024-07-21 00:09:33 查询号码 【1547172】，GSD为【"-"】
2024-07-21 00:09:33 ok && -
2024-07-21 00:09:35 CHB 1547172?1721491773 第 1 次 等待 3 秒
2024-07-21 00:09:38 CHB 1547172?1721491773 第 1 次 获取到号码【1547172】GSD
2024-07-21 00:09:38 未获取到号码【1547172】GSD，可能号码格式错误
2024-07-21 00:09:38 获取到号码【1547172】的GSD为【-】
2024-07-21 00:09:46 GSD insert 第 1 次 等待 3 秒
2024-07-21 00:09:49 {"status":"bad","gid":"678172","msg":"添加失败！号码【1547172(-|-)】已存在！"}
2024-07-21 00:09:49 随机等待 139 秒，约 2 分钟
2024-07-21 00:09:49 下次操作: 2024-07-21 00:12:08

2024-07-21 00:12:08 开始第 7290 次操作

2024-07-21 00:12:08 开始操作号码 【1547173】
2024-07-21 00:12:16 GSD getOne 第 1 次 等待 3 秒
2024-07-21 00:12:19 查询号码 【1547173】，返回信息 {"status":"ok","msg":"-","gid":"678198","time_insert":"2023-04-26 09:19"}
2024-07-21 00:12:19 查询号码 【1547173】，GSD为【"-"】
2024-07-21 00:12:19 ok && -
2024-07-21 00:12:21 CHB 1547173?1721491939 第 1 次 等待 3 秒
2024-07-21 00:12:24 CHB 1547173?1721491939 第 1 次 获取到号码【1547173】GSD
2024-07-21 00:12:24 未获取到号码【1547173】GSD，可能号码格式错误
2024-07-21 00:12:24 获取到号码【1547173】的GSD为【-】
2024-07-21 00:12:35 GSD insert 第 1 次 等待 3 秒
2024-07-21 00:12:38 {"status":"bad","gid":"678198","msg":"添加失败！号码【1547173(-|-)】已存在！"}
2024-07-21 00:12:38 随机等待 229 秒，约 3 分钟
2024-07-21 00:12:38 下次操作: 2024-07-21 00:16:27

2024-07-21 00:16:27 开始第 7291 次操作

2024-07-21 00:16:27 开始操作号码 【1547174】
2024-07-21 00:16:36 GSD getOne 第 1 次 等待 3 秒
2024-07-21 00:16:39 查询号码 【1547174】，返回信息 {"status":"ok","msg":"-","gid":"678208","time_insert":"2023-04-26 09:33"}
2024-07-21 00:16:39 查询号码 【1547174】，GSD为【"-"】
2024-07-21 00:16:39 ok && -
2024-07-21 00:16:41 CHB 1547174?1721492199 第 1 次 等待 3 秒
2024-07-21 00:16:44 CHB 1547174?1721492199 第 1 次 获取到号码【1547174】GSD
2024-07-21 00:16:44 未获取到号码【1547174】GSD，可能号码格式错误
2024-07-21 00:16:44 获取到号码【1547174】的GSD为【-】
2024-07-21 00:16:53 GSD insert 第 1 次 等待 3 秒
2024-07-21 00:16:56 {"status":"bad","gid":"678208","msg":"添加失败！号码【1547174(-|-)】已存在！"}
2024-07-21 00:16:56 随机等待 94 秒，约 1 分钟
2024-07-21 00:16:56 下次操作: 2024-07-21 00:18:30

2024-07-21 00:18:30 开始第 7292 次操作

2024-07-21 00:18:30 开始操作号码 【1547175】
2024-07-21 00:18:39 GSD getOne 第 1 次 等待 3 秒
2024-07-21 00:18:42 查询号码 【1547175】，返回信息 {"status":"ok","msg":"-","gid":"678222","time_insert":"2023-04-26 09:50"}
2024-07-21 00:18:42 查询号码 【1547175】，GSD为【"-"】
2024-07-21 00:18:42 ok && -
2024-07-21 00:18:44 CHB 1547175?1721492322 第 1 次 等待 3 秒
2024-07-21 00:18:47 CHB 1547175?1721492322 第 1 次 获取到号码【1547175】GSD
2024-07-21 00:18:47 未获取到号码【1547175】GSD，可能号码格式错误
2024-07-21 00:18:47 获取到号码【1547175】的GSD为【-】
2024-07-21 00:18:59 GSD insert 第 1 次 等待 3 秒
2024-07-21 00:19:02 {"status":"bad","gid":"678222","msg":"添加失败！号码【1547175(-|-)】已存在！"}

