2024-05-15 00:10:26 开始第 9229 次操作

2024-05-15 00:10:26 开始操作号码 【1659123】
2024-05-15 00:10:32 GSD getOne 第 1 次 等待 3 秒
2024-05-15 00:10:35 查询号码 【1659123】，返回信息 {"status":"ok","msg":"山东-泰安","gid":"325978","time_insert":"2021-07-19 12:55","time_update":"2023-05-26 10:01"}
2024-05-15 00:10:35 查询号码 【1659123】，GSD为【"山东-泰安"】

2024-05-15 00:10:36 开始第 9230 次操作

2024-05-15 00:10:36 开始操作号码 【1659124】
2024-05-15 00:10:43 GSD getOne 第 1 次 等待 3 秒
2024-05-15 00:10:46 查询号码 【1659124】，返回信息 {"status":"ok","msg":"吉林-松原","gid":"325989","time_insert":"2021-07-19 12:56","time_update":"2023-05-26 10:01"}
2024-05-15 00:10:46 查询号码 【1659124】，GSD为【"吉林-松原"】

2024-05-15 00:10:47 开始第 9231 次操作

2024-05-15 00:10:47 开始操作号码 【1659125】
2024-05-15 00:10:52 GSD getOne 第 1 次 等待 3 秒
2024-05-15 00:10:55 查询号码 【1659125】，返回信息 {"status":"ok","msg":"陕西-榆林","gid":"325997","time_insert":"2021-07-19 12:57","time_update":"2023-05-26 10:01"}
2024-05-15 00:10:55 查询号码 【1659125】，GSD为【"陕西-榆林"】

2024-05-15 00:10:56 开始第 9232 次操作

2024-05-15 00:10:56 开始操作号码 【1659126】
2024-05-15 00:11:05 GSD getOne 第 1 次 等待 3 秒
2024-05-15 00:11:08 查询号码 【1659126】，返回信息 {"status":"ok","msg":"-","gid":"326001","time_insert":"2021-07-19 12:57"}
2024-05-15 00:11:08 查询号码 【1659126】，GSD为【"-"】
2024-05-15 00:11:08 ok && -
2024-05-15 00:11:11 CHB 1659126?1715703068 第 1 次 等待 3 秒
2024-05-15 00:11:14 CHB 1659126?1715703068 第 1 次 获取到号码【1659126】GSD
2024-05-15 00:11:14 0: 山东-聊城
2024-05-15 00:11:14 获取到号码【1659126】的GSD为【山东-聊城】
2024-05-15 00:11:28 GSD insert 第 1 次 等待 3 秒
2024-05-15 00:11:31 {"status":"ok","gid":"326001","msg":"添加号码已存在，但为‘-’，修改为【山东-聊城】成功！"}

