2024-04-11 00:12:17 开始第 3125 次操作

2024-04-11 00:12:17 开始操作号码 【1653026】
2024-04-11 00:12:24 GSD getOne 第 1 次 等待 3 秒
2024-04-11 00:12:27 查询号码 【1653026】，返回信息 {"status":"ok","msg":"辽宁-大连","gid":"252250","time_insert":"2021-07-12 01:08"}
2024-04-11 00:12:27 查询号码 【1653026】，GSD为【"辽宁-大连"】

2024-04-11 00:12:28 开始第 3126 次操作

2024-04-11 00:12:28 开始操作号码 【1653027】
2024-04-11 00:12:34 GSD getOne 第 1 次 等待 3 秒
2024-04-11 00:12:37 查询号码 【1653027】，返回信息 {"status":"ok","msg":"河南-郑州","gid":"252257","time_insert":"2021-07-12 01:09"}
2024-04-11 00:12:37 查询号码 【1653027】，GSD为【"河南-郑州"】

2024-04-11 00:12:38 开始第 3127 次操作

2024-04-11 00:12:38 开始操作号码 【1653028】
2024-04-11 00:12:50 GSD getOne 第 1 次 等待 3 秒
2024-04-11 00:12:53 查询号码 【1653028】，返回信息 {"status":"ok","msg":"辽宁-大连","gid":"252262","time_insert":"2021-07-12 01:09"}
2024-04-11 00:12:53 查询号码 【1653028】，GSD为【"辽宁-大连"】

2024-04-11 00:12:54 开始第 3128 次操作

2024-04-11 00:12:54 开始操作号码 【1653029】
2024-04-11 00:13:01 GSD getOne 第 1 次 等待 3 秒
2024-04-11 00:13:04 查询号码 【1653029】，返回信息 {"status":"ok","msg":"福建-福州","gid":"252269","time_insert":"2021-07-12 01:10"}
2024-04-11 00:13:04 查询号码 【1653029】，GSD为【"福建-福州"】

2024-04-11 00:38:11 开始第 3129 次操作

2024-04-11 00:38:11 开始操作号码 【1653030】
2024-04-11 00:38:17 GSD getOne 第 1 次 等待 3 秒
2024-04-11 00:38:20 查询号码 【1653030】，返回信息 {"status":"ok","msg":"山东-菏泽","gid":"252273","time_insert":"2021-07-12 01:10"}
2024-04-11 00:38:20 查询号码 【1653030】，GSD为【"山东-菏泽"】

2024-04-11 00:38:21 开始第 3130 次操作

2024-04-11 00:38:21 开始操作号码 【1653031】
2024-04-11 00:38:26 GSD getOne 第 1 次 等待 3 秒
2024-04-11 00:38:29 查询号码 【1653031】，返回信息 {"status":"ok","msg":"广东-湛江","gid":"252279","time_insert":"2021-07-12 01:10"}
2024-04-11 00:38:29 查询号码 【1653031】，GSD为【"广东-湛江"】

2024-04-11 00:38:30 开始第 3131 次操作

2024-04-11 00:38:30 开始操作号码 【1653032】
2024-04-11 00:38:41 GSD getOne 第 1 次 等待 3 秒
2024-04-11 00:38:44 查询号码 【1653032】，返回信息 {"status":"ok","msg":"湖南-衡阳","gid":"252296","time_insert":"2021-07-12 01:12","time_update":"2021-08-21 08:47"}
2024-04-11 00:38:44 查询号码 【1653032】，GSD为【"湖南-衡阳"】

2024-04-11 00:38:45 开始第 3132 次操作

2024-04-11 00:38:45 开始操作号码 【1653033】
2024-04-11 00:38:50 GSD getOne 第 1 次 等待 3 秒
2024-04-11 00:38:53 查询号码 【1653033】，返回信息 {"status":"ok","msg":"黑龙江-哈尔滨","gid":"252303","time_insert":"2021-07-12 01:13"}
2024-04-11 00:38:53 查询号码 【1653033】，GSD为【"黑龙江-哈尔滨"】

