2024-01-02 00:09:20 开始第 6649 次操作

2024-01-02 00:09:20 开始操作号码 【1876549】
2024-01-02 00:09:24 GSD getOne 第 1 次 等待 3 秒
2024-01-02 00:09:27 查询号码 【1876549】，返回信息 {"status":"ok","msg":"山东-临沂","gid":"435586","time_insert":"2021-07-29 17:43"}
2024-01-02 00:09:27 查询号码 【1876549】，GSD为【"山东-临沂"】

2024-01-02 00:09:28 开始第 6650 次操作

2024-01-02 00:09:28 开始操作号码 【1876550】
2024-01-02 00:09:33 GSD getOne 第 1 次 等待 3 秒
2024-01-02 00:09:36 查询号码 【1876550】，返回信息 {"status":"ok","msg":"山东-德州","gid":"435578","time_insert":"2021-07-29 17:42"}
2024-01-02 00:09:36 查询号码 【1876550】，GSD为【"山东-德州"】

2024-01-02 00:09:37 开始第 6651 次操作

2024-01-02 00:09:37 开始操作号码 【1876551】
2024-01-02 00:09:40 GSD getOne 第 1 次 等待 3 秒
2024-01-02 00:09:43 查询号码 【1876551】，返回信息 {"status":"ok","msg":"山东-德州","gid":"435573","time_insert":"2021-07-29 17:41"}
2024-01-02 00:09:43 查询号码 【1876551】，GSD为【"山东-德州"】

2024-01-02 00:09:44 开始第 6652 次操作

2024-01-02 00:09:44 开始操作号码 【1876552】
2024-01-02 00:09:47 GSD getOne 第 1 次 等待 3 秒
2024-01-02 00:09:50 查询号码 【1876552】，返回信息 {"status":"ok","msg":"山东-德州","gid":"435568","time_insert":"2021-07-29 17:40"}
2024-01-02 00:09:50 查询号码 【1876552】，GSD为【"山东-德州"】

