2024-08-05 00:09:21 开始第 9997 次操作

2024-08-05 00:09:21 开始操作号码 【1549878】
2024-08-05 00:09:33 GSD getOne 第 1 次 等待 3 秒
2024-08-05 00:09:36 查询号码 【1549878】，返回信息 {"status":"ok","msg":"-","gid":"674762","time_insert":"2023-04-24 17:14"}
2024-08-05 00:09:36 查询号码 【1549878】，GSD为【"-"】
2024-08-05 00:09:36 ok && -
2024-08-05 00:09:38 CHB 1549878?1722787776 第 1 次 等待 3 秒
2024-08-05 00:09:41 CHB 1549878?1722787776 第 1 次 获取到号码【1549878】GSD
2024-08-05 00:09:41 未获取到号码【1549878】GSD，可能号码格式错误
2024-08-05 00:09:41 获取到号码【1549878】的GSD为【-】
2024-08-05 00:09:51 GSD insert 第 1 次 等待 3 秒
2024-08-05 00:09:54 {"status":"bad","gid":"674762","msg":"添加失败！号码【1549878(-|-)】已存在！"}
2024-08-05 00:09:54 随机等待 100 秒，约 1 分钟
2024-08-05 00:09:54 下次操作: 2024-08-05 00:11:34

2024-08-05 00:11:34 开始第 9998 次操作

2024-08-05 00:11:34 开始操作号码 【1549879】
2024-08-05 00:11:42 GSD getOne 第 1 次 等待 3 秒
2024-08-05 00:11:45 查询号码 【1549879】，返回信息 {"status":"ok","msg":"-","gid":"674760","time_insert":"2023-04-24 17:12"}
2024-08-05 00:11:45 查询号码 【1549879】，GSD为【"-"】
2024-08-05 00:11:45 ok && -
2024-08-05 00:11:47 CHB 1549879?1722787905 第 1 次 等待 3 秒
2024-08-05 00:11:50 CHB 1549879?1722787905 第 1 次 获取到号码【1549879】GSD
2024-08-05 00:11:50 未获取到号码【1549879】GSD，可能号码格式错误
2024-08-05 00:11:50 获取到号码【1549879】的GSD为【-】
2024-08-05 00:11:58 GSD insert 第 1 次 等待 3 秒
2024-08-05 00:12:01 {"status":"bad","gid":"674760","msg":"添加失败！号码【1549879(-|-)】已存在！"}
2024-08-05 00:12:01 随机等待 129 秒，约 2 分钟
2024-08-05 00:12:01 下次操作: 2024-08-05 00:14:10

2024-08-05 00:14:10 开始第 9999 次操作

2024-08-05 00:14:10 开始操作号码 【1549880】
2024-08-05 00:14:18 GSD getOne 第 1 次 等待 3 秒
2024-08-05 00:14:21 查询号码 【1549880】，返回信息 {"status":"ok","msg":"-","gid":"674745","time_insert":"2023-04-24 17:00"}
2024-08-05 00:14:21 查询号码 【1549880】，GSD为【"-"】
2024-08-05 00:14:21 ok && -
2024-08-05 00:14:24 CHB 1549880?1722788061 第 1 次 等待 3 秒
2024-08-05 00:14:27 CHB 1549880?1722788061 第 1 次 获取到号码【1549880】GSD
2024-08-05 00:14:27 未获取到号码【1549880】GSD，可能号码格式错误
2024-08-05 00:14:27 获取到号码【1549880】的GSD为【-】
2024-08-05 00:14:34 GSD insert 第 1 次 等待 3 秒
2024-08-05 00:14:37 {"status":"bad","gid":"674745","msg":"添加失败！号码【1549880(-|-)】已存在！"}
2024-08-05 00:14:37 随机等待 144 秒，约 2 分钟
2024-08-05 00:14:37 下次操作: 2024-08-05 00:17:01

2024-08-05 00:17:01 开始第 10000 次操作

2024-08-05 00:17:01 开始操作号码 【1549881】
2024-08-05 00:17:10 GSD getOne 第 1 次 等待 3 秒
2024-08-05 00:17:13 查询号码 【1549881】，返回信息 {"status":"ok","msg":"-","gid":"674741","time_insert":"2023-04-24 16:58"}
2024-08-05 00:17:13 查询号码 【1549881】，GSD为【"-"】
2024-08-05 00:17:13 ok && -
2024-08-05 00:17:14 CHB 1549881?1722788233 第 1 次 等待 3 秒
2024-08-05 00:17:17 CHB 1549881?1722788233 第 1 次 获取到号码【1549881】GSD
2024-08-05 00:17:17 未获取到号码【1549881】GSD，可能号码格式错误
2024-08-05 00:17:17 获取到号码【1549881】的GSD为【-】
2024-08-05 00:17:26 GSD insert 第 1 次 等待 3 秒
2024-08-05 00:17:29 {"status":"bad","gid":"674741","msg":"添加失败！号码【1549881(-|-)】已存在！"}

2024-08-05 01:07:31 开始第 1 次操作

2024-08-05 01:07:31 开始操作号码 【1549882】
2024-08-05 01:07:41 GSD getOne 第 1 次 等待 3 秒
2024-08-05 01:07:44 查询号码 【1549882】，返回信息 {"status":"ok","msg":"-","gid":"674736","time_insert":"2023-04-24 16:56"}
2024-08-05 01:07:44 查询号码 【1549882】，GSD为【"-"】
2024-08-05 01:07:44 ok && -
2024-08-05 01:07:46 CHB 1549882?1722791264 第 1 次 等待 3 秒
2024-08-05 01:07:49 CHB 1549882?1722791264 第 1 次 获取到号码【1549882】GSD
2024-08-05 01:07:49 未获取到号码【1549882】GSD，可能号码格式错误
2024-08-05 01:07:49 获取到号码【1549882】的GSD为【-】
2024-08-05 01:07:57 GSD insert 第 1 次 等待 3 秒
2024-08-05 01:08:00 {"status":"bad","gid":"674736","msg":"添加失败！号码【1549882(-|-)】已存在！"}
2024-08-05 01:08:00 随机等待 147 秒，约 2 分钟
2024-08-05 01:08:00 下次操作: 2024-08-05 01:10:27

2024-08-05 01:10:27 开始第 2 次操作

2024-08-05 01:10:27 开始操作号码 【1549883】
2024-08-05 01:10:35 GSD getOne 第 1 次 等待 3 秒
2024-08-05 01:10:38 查询号码 【1549883】，返回信息 {"status":"ok","msg":"-","gid":"674733","time_insert":"2023-04-24 16:55"}
2024-08-05 01:10:38 查询号码 【1549883】，GSD为【"-"】
2024-08-05 01:10:38 ok && -
2024-08-05 01:10:40 CHB 1549883?1722791438 第 1 次 等待 3 秒
2024-08-05 01:10:43 CHB 1549883?1722791438 第 1 次 获取到号码【1549883】GSD
2024-08-05 01:10:43 未获取到号码【1549883】GSD，可能号码格式错误
2024-08-05 01:10:43 获取到号码【1549883】的GSD为【-】
2024-08-05 01:10:51 GSD insert 第 1 次 等待 3 秒
2024-08-05 01:10:54 {"status":"bad","gid":"674733","msg":"添加失败！号码【1549883(-|-)】已存在！"}
2024-08-05 01:10:54 随机等待 67 秒，约 1 分钟
2024-08-05 01:10:54 下次操作: 2024-08-05 01:12:01

2024-08-05 01:12:01 开始第 3 次操作

2024-08-05 01:12:01 开始操作号码 【1549884】
2024-08-05 01:12:10 GSD getOne 第 1 次 等待 3 秒
2024-08-05 01:12:13 查询号码 【1549884】，返回信息 {"status":"ok","msg":"-","gid":"674728","time_insert":"2023-04-24 16:52"}
2024-08-05 01:12:13 查询号码 【1549884】，GSD为【"-"】
2024-08-05 01:12:13 ok && -
2024-08-05 01:12:15 CHB 1549884?1722791533 第 1 次 等待 3 秒
2024-08-05 01:12:18 CHB 1549884?1722791533 第 1 次 获取到号码【1549884】GSD
2024-08-05 01:12:18 未获取到号码【1549884】GSD，可能号码格式错误
2024-08-05 01:12:18 获取到号码【1549884】的GSD为【-】
2024-08-05 01:12:26 GSD insert 第 1 次 等待 3 秒
2024-08-05 01:12:29 {"status":"bad","gid":"674728","msg":"添加失败！号码【1549884(-|-)】已存在！"}
2024-08-05 01:12:29 随机等待 148 秒，约 2 分钟
2024-08-05 01:12:29 下次操作: 2024-08-05 01:14:57

2024-08-05 01:14:57 开始第 4 次操作

2024-08-05 01:14:57 开始操作号码 【1549885】
2024-08-05 01:15:05 GSD getOne 第 1 次 等待 3 秒
2024-08-05 01:15:08 查询号码 【1549885】，返回信息 {"status":"ok","msg":"-","gid":"674726","time_insert":"2023-04-24 16:49"}
2024-08-05 01:15:08 查询号码 【1549885】，GSD为【"-"】
2024-08-05 01:15:08 ok && -
2024-08-05 01:15:10 CHB 1549885?1722791708 第 1 次 等待 3 秒
2024-08-05 01:15:13 CHB 1549885?1722791708 第 1 次 获取到号码【1549885】GSD
2024-08-05 01:15:13 未获取到号码【1549885】GSD，可能号码格式错误
2024-08-05 01:15:13 获取到号码【1549885】的GSD为【-】
2024-08-05 01:15:21 GSD insert 第 1 次 等待 3 秒
2024-08-05 01:15:24 {"status":"bad","gid":"674726","msg":"添加失败！号码【1549885(-|-)】已存在！"}

2024-08-05 01:32:14 开始第 5 次操作

2024-08-05 01:32:14 开始操作号码 【1549886】
2024-08-05 01:32:23 GSD getOne 第 1 次 等待 3 秒
2024-08-05 01:32:26 查询号码 【1549886】，返回信息 {"status":"ok","msg":"-","gid":"674724","time_insert":"2023-04-24 16:46"}
2024-08-05 01:32:26 查询号码 【1549886】，GSD为【"-"】
2024-08-05 01:32:26 ok && -
2024-08-05 01:32:28 CHB 1549886?1722792746 第 1 次 等待 3 秒
2024-08-05 01:32:31 CHB 1549886?1722792746 第 1 次 获取到号码【1549886】GSD
2024-08-05 01:32:31 未获取到号码【1549886】GSD，可能号码格式错误
2024-08-05 01:32:31 获取到号码【1549886】的GSD为【-】
2024-08-05 01:32:38 GSD insert 第 1 次 等待 3 秒
2024-08-05 01:32:41 {"status":"bad","gid":"674724","msg":"添加失败！号码【1549886(-|-)】已存在！"}
2024-08-05 01:32:41 随机等待 146 秒，约 2 分钟
2024-08-05 01:32:41 下次操作: 2024-08-05 01:35:07

2024-08-05 01:35:07 开始第 6 次操作

2024-08-05 01:35:07 开始操作号码 【1549887】
2024-08-05 01:35:15 GSD getOne 第 1 次 等待 3 秒
2024-08-05 01:35:18 查询号码 【1549887】，返回信息 {"status":"ok","msg":"-","gid":"674720","time_insert":"2023-04-24 16:44"}
2024-08-05 01:35:19 查询号码 【1549887】，GSD为【"-"】
2024-08-05 01:35:19 ok && -
2024-08-05 01:35:20 CHB 1549887?1722792919 第 1 次 等待 3 秒
2024-08-05 01:35:24 CHB 1549887?1722792919 第 1 次 获取到号码【1549887】GSD
2024-08-05 01:35:24 未获取到号码【1549887】GSD，可能号码格式错误
2024-08-05 01:35:24 获取到号码【1549887】的GSD为【-】
2024-08-05 01:35:31 GSD insert 第 1 次 等待 3 秒
2024-08-05 01:35:34 {"status":"bad","gid":"674720","msg":"添加失败！号码【1549887(-|-)】已存在！"}
2024-08-05 01:35:34 随机等待 218 秒，约 3 分钟
2024-08-05 01:35:34 下次操作: 2024-08-05 01:39:12

2024-08-05 01:39:12 开始第 7 次操作

2024-08-05 01:39:12 开始操作号码 【1549888】
2024-08-05 01:39:20 GSD getOne 第 1 次 等待 3 秒
2024-08-05 01:39:23 查询号码 【1549888】，返回信息 {"status":"ok","msg":"-","gid":"674709","time_insert":"2023-04-24 16:36"}
2024-08-05 01:39:23 查询号码 【1549888】，GSD为【"-"】
2024-08-05 01:39:23 ok && -
2024-08-05 01:39:26 CHB 1549888?1722793163 第 1 次 等待 3 秒
2024-08-05 01:39:29 CHB 1549888?1722793163 第 1 次 获取到号码【1549888】GSD
2024-08-05 01:39:29 未获取到号码【1549888】GSD，可能号码格式错误
2024-08-05 01:39:29 获取到号码【1549888】的GSD为【-】
2024-08-05 01:39:37 GSD insert 第 1 次 等待 3 秒
2024-08-05 01:39:40 {"status":"bad","gid":"674709","msg":"添加失败！号码【1549888(-|-)】已存在！"}
2024-08-05 01:39:40 随机等待 141 秒，约 2 分钟
2024-08-05 01:39:40 下次操作: 2024-08-05 01:42:01

2024-08-05 01:42:01 开始第 8 次操作

2024-08-05 01:42:01 开始操作号码 【1549889】
2024-08-05 01:42:09 GSD getOne 第 1 次 等待 3 秒
2024-08-05 01:42:12 查询号码 【1549889】，返回信息 {"status":"ok","msg":"-","gid":"674705","time_insert":"2023-04-24 16:34"}
2024-08-05 01:42:12 查询号码 【1549889】，GSD为【"-"】
2024-08-05 01:42:12 ok && -
2024-08-05 01:42:14 CHB 1549889?1722793332 第 1 次 等待 3 秒
2024-08-05 01:42:17 CHB 1549889?1722793332 第 1 次 获取到号码【1549889】GSD
2024-08-05 01:42:17 未获取到号码【1549889】GSD，可能号码格式错误
2024-08-05 01:42:17 获取到号码【1549889】的GSD为【-】
2024-08-05 01:42:25 GSD insert 第 1 次 等待 3 秒
2024-08-05 01:42:28 {"status":"bad","gid":"674705","msg":"添加失败！号码【1549889(-|-)】已存在！"}

2024-08-05 02:10:37 开始第 9 次操作

2024-08-05 02:10:37 开始操作号码 【1549890】
2024-08-05 02:10:47 GSD getOne 第 1 次 等待 3 秒
2024-08-05 02:10:50 查询号码 【1549890】，返回信息 {"status":"ok","msg":"-","gid":"674701","time_insert":"2023-04-24 16:32"}
2024-08-05 02:10:50 查询号码 【1549890】，GSD为【"-"】
2024-08-05 02:10:50 ok && -
2024-08-05 02:10:52 CHB 1549890?1722795050 第 1 次 等待 3 秒
2024-08-05 02:10:55 CHB 1549890?1722795050 第 1 次 获取到号码【1549890】GSD
2024-08-05 02:10:55 未获取到号码【1549890】GSD，可能号码格式错误
2024-08-05 02:10:55 获取到号码【1549890】的GSD为【-】
2024-08-05 02:11:04 GSD insert 第 1 次 等待 3 秒
2024-08-05 02:11:07 {"status":"bad","gid":"674701","msg":"添加失败！号码【1549890(-|-)】已存在！"}
2024-08-05 02:11:07 随机等待 215 秒，约 3 分钟
2024-08-05 02:11:07 下次操作: 2024-08-05 02:14:42

2024-08-05 02:14:42 开始第 10 次操作

2024-08-05 02:14:42 开始操作号码 【1549891】
2024-08-05 02:15:14 GSD getOne 第 1 次 等待 3 秒
2024-08-05 02:15:17 查询号码 【1549891】，返回信息 {"status":"ok","msg":"-","gid":"674698","time_insert":"2023-04-24 16:31"}
2024-08-05 02:15:17 查询号码 【1549891】，GSD为【"-"】
2024-08-05 02:15:17 ok && -
2024-08-05 02:15:19 CHB 1549891?1722795317 第 1 次 等待 3 秒
2024-08-05 02:15:22 CHB 1549891?1722795317 第 1 次 获取到号码【1549891】GSD
2024-08-05 02:15:22 未获取到号码【1549891】GSD，可能号码格式错误
2024-08-05 02:15:22 获取到号码【1549891】的GSD为【-】
2024-08-05 02:15:30 GSD insert 第 1 次 等待 3 秒
2024-08-05 02:15:33 {"status":"bad","gid":"674698","msg":"添加失败！号码【1549891(-|-)】已存在！"}
2024-08-05 02:15:33 随机等待 113 秒，约 1 分钟
2024-08-05 02:15:33 下次操作: 2024-08-05 02:17:26

2024-08-05 02:17:26 开始第 11 次操作

2024-08-05 02:17:26 开始操作号码 【1549892】
2024-08-05 02:17:34 GSD getOne 第 1 次 等待 3 秒
2024-08-05 02:17:37 查询号码 【1549892】，返回信息 {"status":"ok","msg":"-","gid":"674687","time_insert":"2023-04-24 16:21"}
2024-08-05 02:17:37 查询号码 【1549892】，GSD为【"-"】
2024-08-05 02:17:37 ok && -
2024-08-05 02:17:39 CHB 1549892?1722795457 第 1 次 等待 3 秒
2024-08-05 02:17:42 CHB 1549892?1722795457 第 1 次 获取到号码【1549892】GSD
2024-08-05 02:17:42 未获取到号码【1549892】GSD，可能号码格式错误
2024-08-05 02:17:42 获取到号码【1549892】的GSD为【-】
2024-08-05 02:17:50 GSD insert 第 1 次 等待 3 秒
2024-08-05 02:17:53 {"status":"bad","gid":"674687","msg":"添加失败！号码【1549892(-|-)】已存在！"}
2024-08-05 02:17:53 随机等待 216 秒，约 3 分钟
2024-08-05 02:17:53 下次操作: 2024-08-05 02:21:29

2024-08-05 02:21:29 开始第 12 次操作

2024-08-05 02:21:29 开始操作号码 【1549893】
2024-08-05 02:21:37 GSD getOne 第 1 次 等待 3 秒
2024-08-05 02:21:40 查询号码 【1549893】，返回信息 {"status":"ok","msg":"-","gid":"674685","time_insert":"2023-04-24 16:19"}
2024-08-05 02:21:40 查询号码 【1549893】，GSD为【"-"】
2024-08-05 02:21:40 ok && -
2024-08-05 02:21:42 CHB 1549893?1722795700 第 1 次 等待 3 秒
2024-08-05 02:21:45 CHB 1549893?1722795700 第 1 次 获取到号码【1549893】GSD
2024-08-05 02:21:45 未获取到号码【1549893】GSD，可能号码格式错误
2024-08-05 02:21:45 获取到号码【1549893】的GSD为【-】
2024-08-05 02:21:52 GSD insert 第 1 次 等待 3 秒
2024-08-05 02:21:55 {"status":"bad","gid":"674685","msg":"添加失败！号码【1549893(-|-)】已存在！"}

2024-08-05 02:35:41 开始第 13 次操作

2024-08-05 02:35:41 开始操作号码 【1549894】
2024-08-05 02:35:49 GSD getOne 第 1 次 等待 3 秒
2024-08-05 02:35:52 查询号码 【1549894】，返回信息 {"status":"ok","msg":"-","gid":"674681","time_insert":"2023-04-24 16:17"}
2024-08-05 02:35:52 查询号码 【1549894】，GSD为【"-"】
2024-08-05 02:35:52 ok && -
2024-08-05 02:35:54 CHB 1549894?1722796552 第 1 次 等待 3 秒
2024-08-05 02:35:57 CHB 1549894?1722796552 第 1 次 获取到号码【1549894】GSD
2024-08-05 02:35:57 未获取到号码【1549894】GSD，可能号码格式错误
2024-08-05 02:35:57 获取到号码【1549894】的GSD为【-】
2024-08-05 02:36:06 GSD insert 第 1 次 等待 3 秒
2024-08-05 02:36:09 {"status":"bad","gid":"674681","msg":"添加失败！号码【1549894(-|-)】已存在！"}
2024-08-05 02:36:09 随机等待 76 秒，约 1 分钟
2024-08-05 02:36:09 下次操作: 2024-08-05 02:37:25

2024-08-05 02:37:25 开始第 14 次操作

2024-08-05 02:37:25 开始操作号码 【1549895】
2024-08-05 02:37:34 GSD getOne 第 1 次 等待 3 秒
2024-08-05 02:37:37 查询号码 【1549895】，返回信息 {"status":"ok","msg":"-","gid":"674676","time_insert":"2023-04-24 16:16"}
2024-08-05 02:37:37 查询号码 【1549895】，GSD为【"-"】
2024-08-05 02:37:37 ok && -
2024-08-05 02:37:39 CHB 1549895?1722796657 第 1 次 等待 3 秒
2024-08-05 02:37:42 CHB 1549895?1722796657 第 1 次 获取到号码【1549895】GSD
2024-08-05 02:37:42 未获取到号码【1549895】GSD，可能号码格式错误
2024-08-05 02:37:42 获取到号码【1549895】的GSD为【-】
2024-08-05 02:37:49 GSD insert 第 1 次 等待 3 秒
2024-08-05 02:37:52 {"status":"bad","gid":"674676","msg":"添加失败！号码【1549895(-|-)】已存在！"}
2024-08-05 02:37:52 随机等待 197 秒，约 3 分钟
2024-08-05 02:37:52 下次操作: 2024-08-05 02:41:09

2024-08-05 02:41:09 开始第 15 次操作

2024-08-05 02:41:09 开始操作号码 【1549896】
2024-08-05 02:41:17 GSD getOne 第 1 次 等待 3 秒
2024-08-05 02:41:20 查询号码 【1549896】，返回信息 {"status":"ok","msg":"-","gid":"674659","time_insert":"2023-04-24 16:02"}
2024-08-05 02:41:20 查询号码 【1549896】，GSD为【"-"】
2024-08-05 02:41:20 ok && -
2024-08-05 02:41:22 CHB 1549896?1722796880 第 1 次 等待 3 秒
2024-08-05 02:41:25 CHB 1549896?1722796880 第 1 次 获取到号码【1549896】GSD
2024-08-05 02:41:25 未获取到号码【1549896】GSD，可能号码格式错误
2024-08-05 02:41:25 获取到号码【1549896】的GSD为【-】
2024-08-05 02:41:33 GSD insert 第 1 次 等待 3 秒
2024-08-05 02:41:36 {"status":"bad","gid":"674659","msg":"添加失败！号码【1549896(-|-)】已存在！"}
2024-08-05 02:41:36 随机等待 81 秒，约 1 分钟
2024-08-05 02:41:36 下次操作: 2024-08-05 02:42:57

2024-08-05 02:42:57 开始第 16 次操作

2024-08-05 02:42:57 开始操作号码 【1549897】
2024-08-05 02:43:04 GSD getOne 第 1 次 等待 3 秒
2024-08-05 02:43:07 查询号码 【1549897】，返回信息 {"status":"ok","msg":"-","gid":"674657","time_insert":"2023-04-24 15:59"}
2024-08-05 02:43:07 查询号码 【1549897】，GSD为【"-"】
2024-08-05 02:43:07 ok && -
2024-08-05 02:43:09 CHB 1549897?1722796987 第 1 次 等待 3 秒
2024-08-05 02:43:12 CHB 1549897?1722796987 第 1 次 获取到号码【1549897】GSD
2024-08-05 02:43:12 未获取到号码【1549897】GSD，可能号码格式错误
2024-08-05 02:43:12 获取到号码【1549897】的GSD为【-】
2024-08-05 02:43:20 GSD insert 第 1 次 等待 3 秒
2024-08-05 02:43:23 {"status":"bad","gid":"674657","msg":"添加失败！号码【1549897(-|-)】已存在！"}

2024-08-05 03:07:25 开始第 17 次操作

2024-08-05 03:07:25 开始操作号码 【1549898】
2024-08-05 03:07:33 GSD getOne 第 1 次 等待 3 秒
2024-08-05 03:07:36 查询号码 【1549898】，返回信息 {"status":"ok","msg":"-","gid":"674651","time_insert":"2023-04-24 15:56"}
2024-08-05 03:07:36 查询号码 【1549898】，GSD为【"-"】
2024-08-05 03:07:36 ok && -
2024-08-05 03:07:38 CHB 1549898?1722798456 第 1 次 等待 3 秒
2024-08-05 03:07:41 CHB 1549898?1722798456 第 1 次 获取到号码【1549898】GSD
2024-08-05 03:07:41 未获取到号码【1549898】GSD，可能号码格式错误
2024-08-05 03:07:41 获取到号码【1549898】的GSD为【-】
2024-08-05 03:07:49 GSD insert 第 1 次 等待 3 秒
2024-08-05 03:07:52 {"status":"bad","gid":"674651","msg":"添加失败！号码【1549898(-|-)】已存在！"}
2024-08-05 03:07:52 随机等待 106 秒，约 1 分钟
2024-08-05 03:07:52 下次操作: 2024-08-05 03:09:38

2024-08-05 03:09:38 开始第 18 次操作

2024-08-05 03:09:38 开始操作号码 【1549899】
2024-08-05 03:09:46 GSD getOne 第 1 次 等待 3 秒
2024-08-05 03:09:49 查询号码 【1549899】，返回信息 {"status":"ok","msg":"-","gid":"674646","time_insert":"2023-04-24 15:54"}
2024-08-05 03:09:49 查询号码 【1549899】，GSD为【"-"】
2024-08-05 03:09:49 ok && -
2024-08-05 03:09:51 CHB 1549899?1722798589 第 1 次 等待 3 秒
2024-08-05 03:09:54 CHB 1549899?1722798589 第 1 次 获取到号码【1549899】GSD
2024-08-05 03:09:54 未获取到号码【1549899】GSD，可能号码格式错误
2024-08-05 03:09:54 获取到号码【1549899】的GSD为【-】
2024-08-05 03:10:02 GSD insert 第 1 次 等待 3 秒
2024-08-05 03:10:05 {"status":"bad","gid":"674646","msg":"添加失败！号码【1549899(-|-)】已存在！"}
2024-08-05 03:10:05 随机等待 156 秒，约 2 分钟
2024-08-05 03:10:05 下次操作: 2024-08-05 03:12:41

2024-08-05 03:12:41 开始第 19 次操作

2024-08-05 03:12:41 开始操作号码 【1549900】
2024-08-05 03:12:49 GSD getOne 第 1 次 等待 3 秒
2024-08-05 03:12:52 查询号码 【1549900】，返回信息 {"status":"ok","msg":"-","gid":"674642","time_insert":"2023-04-24 15:52"}
2024-08-05 03:12:52 查询号码 【1549900】，GSD为【"-"】
2024-08-05 03:12:52 ok && -
2024-08-05 03:12:53 CHB 1549900?1722798772 第 1 次 等待 3 秒
2024-08-05 03:12:56 CHB 1549900?1722798772 第 1 次 获取到号码【1549900】GSD
2024-08-05 03:12:56 未获取到号码【1549900】GSD，可能号码格式错误
2024-08-05 03:12:56 获取到号码【1549900】的GSD为【-】
2024-08-05 03:13:04 GSD insert 第 1 次 等待 3 秒
2024-08-05 03:13:07 {"status":"bad","gid":"674642","msg":"添加失败！号码【1549900(-|-)】已存在！"}
2024-08-05 03:13:07 随机等待 146 秒，约 2 分钟
2024-08-05 03:13:07 下次操作: 2024-08-05 03:15:33

2024-08-05 03:15:33 开始第 20 次操作

2024-08-05 03:15:33 开始操作号码 【1549901】
2024-08-05 03:15:41 GSD getOne 第 1 次 等待 3 秒
2024-08-05 03:15:44 查询号码 【1549901】，返回信息 {"status":"ok","msg":"-","gid":"674641","time_insert":"2023-04-24 15:49"}
2024-08-05 03:15:44 查询号码 【1549901】，GSD为【"-"】
2024-08-05 03:15:44 ok && -
2024-08-05 03:15:46 CHB 1549901?1722798944 第 1 次 等待 3 秒
2024-08-05 03:15:49 CHB 1549901?1722798944 第 1 次 获取到号码【1549901】GSD
2024-08-05 03:15:49 未获取到号码【1549901】GSD，可能号码格式错误
2024-08-05 03:15:49 获取到号码【1549901】的GSD为【-】
2024-08-05 03:16:25 GSD insert 第 1 次 等待 3 秒
2024-08-05 03:16:28 {"status":"bad","gid":"674641","msg":"添加失败！号码【1549901(-|-)】已存在！"}

2024-08-05 03:32:10 开始第 21 次操作

2024-08-05 03:32:10 开始操作号码 【1549902】
2024-08-05 03:32:19 GSD getOne 第 1 次 等待 3 秒
2024-08-05 03:32:22 查询号码 【1549902】，返回信息 {"status":"ok","msg":"-","gid":"674636","time_insert":"2023-04-24 15:47"}
2024-08-05 03:32:22 查询号码 【1549902】，GSD为【"-"】
2024-08-05 03:32:22 ok && -
2024-08-05 03:32:24 CHB 1549902?1722799942 第 1 次 等待 3 秒
2024-08-05 03:32:27 CHB 1549902?1722799942 第 1 次 获取到号码【1549902】GSD
2024-08-05 03:32:27 未获取到号码【1549902】GSD，可能号码格式错误
2024-08-05 03:32:27 获取到号码【1549902】的GSD为【-】
2024-08-05 03:32:35 GSD insert 第 1 次 等待 3 秒
2024-08-05 03:32:38 {"status":"bad","gid":"674636","msg":"添加失败！号码【1549902(-|-)】已存在！"}
2024-08-05 03:32:38 随机等待 179 秒，约 2 分钟
2024-08-05 03:32:38 下次操作: 2024-08-05 03:35:37

2024-08-05 03:35:37 开始第 22 次操作

2024-08-05 03:35:37 开始操作号码 【1549903】
2024-08-05 03:35:45 GSD getOne 第 1 次 等待 3 秒
2024-08-05 03:35:48 查询号码 【1549903】，返回信息 {"status":"ok","msg":"-","gid":"674631","time_insert":"2023-04-24 15:44"}
2024-08-05 03:35:48 查询号码 【1549903】，GSD为【"-"】
2024-08-05 03:35:48 ok && -
2024-08-05 03:35:49 CHB 1549903?1722800148 第 1 次 等待 3 秒
2024-08-05 03:35:53 CHB 1549903?1722800148 第 1 次 获取到号码【1549903】GSD
2024-08-05 03:35:53 未获取到号码【1549903】GSD，可能号码格式错误
2024-08-05 03:35:53 获取到号码【1549903】的GSD为【-】
2024-08-05 03:36:00 GSD insert 第 1 次 等待 3 秒
2024-08-05 03:36:03 {"status":"bad","gid":"674631","msg":"添加失败！号码【1549903(-|-)】已存在！"}
2024-08-05 03:36:03 随机等待 111 秒，约 1 分钟
2024-08-05 03:36:03 下次操作: 2024-08-05 03:37:54

2024-08-05 03:37:54 开始第 23 次操作

2024-08-05 03:37:54 开始操作号码 【1549904】
2024-08-05 03:38:02 GSD getOne 第 1 次 等待 3 秒
2024-08-05 03:38:05 查询号码 【1549904】，返回信息 {"status":"ok","msg":"-","gid":"674623","time_insert":"2023-04-24 15:40"}
2024-08-05 03:38:05 查询号码 【1549904】，GSD为【"-"】
2024-08-05 03:38:05 ok && -
2024-08-05 03:38:07 CHB 1549904?1722800285 第 1 次 等待 3 秒
2024-08-05 03:38:10 CHB 1549904?1722800285 第 1 次 获取到号码【1549904】GSD
2024-08-05 03:38:10 未获取到号码【1549904】GSD，可能号码格式错误
2024-08-05 03:38:10 获取到号码【1549904】的GSD为【-】
2024-08-05 03:38:18 GSD insert 第 1 次 等待 3 秒
2024-08-05 03:38:21 {"status":"bad","gid":"674623","msg":"添加失败！号码【1549904(-|-)】已存在！"}
2024-08-05 03:38:21 随机等待 181 秒，约 3 分钟
2024-08-05 03:38:21 下次操作: 2024-08-05 03:41:22

2024-08-05 03:41:22 开始第 24 次操作

2024-08-05 03:41:22 开始操作号码 【1549905】
2024-08-05 03:41:30 GSD getOne 第 1 次 等待 3 秒
2024-08-05 03:41:33 查询号码 【1549905】，返回信息 {"status":"ok","msg":"-","gid":"674622","time_insert":"2023-04-24 15:39"}
2024-08-05 03:41:33 查询号码 【1549905】，GSD为【"-"】
2024-08-05 03:41:33 ok && -
2024-08-05 03:41:35 CHB 1549905?1722800493 第 1 次 等待 3 秒
2024-08-05 03:41:38 CHB 1549905?1722800493 第 1 次 获取到号码【1549905】GSD
2024-08-05 03:41:38 未获取到号码【1549905】GSD，可能号码格式错误
2024-08-05 03:41:38 获取到号码【1549905】的GSD为【-】
2024-08-05 03:41:46 GSD insert 第 1 次 等待 3 秒
2024-08-05 03:41:49 {"status":"bad","gid":"674622","msg":"添加失败！号码【1549905(-|-)】已存在！"}

2024-08-05 04:09:45 开始第 25 次操作

2024-08-05 04:09:45 开始操作号码 【1549906】
2024-08-05 04:09:53 GSD getOne 第 1 次 等待 3 秒
2024-08-05 04:09:56 查询号码 【1549906】，返回信息 {"status":"ok","msg":"-","gid":"674618","time_insert":"2023-04-24 15:36"}
2024-08-05 04:09:56 查询号码 【1549906】，GSD为【"-"】
2024-08-05 04:09:56 ok && -
2024-08-05 04:09:59 CHB 1549906?1722802196 第 1 次 等待 3 秒
2024-08-05 04:10:02 CHB 1549906?1722802196 第 1 次 获取到号码【1549906】GSD
2024-08-05 04:10:02 未获取到号码【1549906】GSD，可能号码格式错误
2024-08-05 04:10:02 获取到号码【1549906】的GSD为【-】
2024-08-05 04:10:09 GSD insert 第 1 次 等待 3 秒
2024-08-05 04:10:12 {"status":"bad","gid":"674618","msg":"添加失败！号码【1549906(-|-)】已存在！"}
2024-08-05 04:10:12 随机等待 76 秒，约 1 分钟
2024-08-05 04:10:12 下次操作: 2024-08-05 04:11:28

2024-08-05 04:11:28 开始第 26 次操作

2024-08-05 04:11:28 开始操作号码 【1549907】
2024-08-05 04:11:58 GSD getOne 第 1 次 等待 3 秒
2024-08-05 04:12:01 查询号码 【1549907】，返回信息 {"status":"ok","msg":"-","gid":"674615","time_insert":"2023-04-24 15:34"}
2024-08-05 04:12:01 查询号码 【1549907】，GSD为【"-"】
2024-08-05 04:12:01 ok && -
2024-08-05 04:12:03 CHB 1549907?1722802321 第 1 次 等待 3 秒
2024-08-05 04:12:06 CHB 1549907?1722802321 第 1 次 获取到号码【1549907】GSD
2024-08-05 04:12:06 未获取到号码【1549907】GSD，可能号码格式错误
2024-08-05 04:12:06 获取到号码【1549907】的GSD为【-】
2024-08-05 04:12:14 GSD insert 第 1 次 等待 3 秒
2024-08-05 04:12:17 {"status":"bad","gid":"674615","msg":"添加失败！号码【1549907(-|-)】已存在！"}
2024-08-05 04:12:17 随机等待 208 秒，约 3 分钟
2024-08-05 04:12:17 下次操作: 2024-08-05 04:15:45

2024-08-05 04:15:45 开始第 27 次操作

2024-08-05 04:15:45 开始操作号码 【1549908】
2024-08-05 04:15:52 GSD getOne 第 1 次 等待 3 秒
2024-08-05 04:15:55 查询号码 【1549908】，返回信息 {"status":"ok","msg":"-","gid":"674607","time_insert":"2023-04-24 15:31"}
2024-08-05 04:15:55 查询号码 【1549908】，GSD为【"-"】
2024-08-05 04:15:55 ok && -
2024-08-05 04:15:58 CHB 1549908?1722802555 第 1 次 等待 3 秒
2024-08-05 04:16:01 CHB 1549908?1722802555 第 1 次 获取到号码【1549908】GSD
2024-08-05 04:16:01 未获取到号码【1549908】GSD，可能号码格式错误
2024-08-05 04:16:01 获取到号码【1549908】的GSD为【-】
2024-08-05 04:16:08 GSD insert 第 1 次 等待 3 秒
2024-08-05 04:16:11 {"status":"bad","gid":"674607","msg":"添加失败！号码【1549908(-|-)】已存在！"}
2024-08-05 04:16:11 随机等待 106 秒，约 1 分钟
2024-08-05 04:16:11 下次操作: 2024-08-05 04:17:57

2024-08-05 04:17:57 开始第 28 次操作

2024-08-05 04:17:57 开始操作号码 【1549909】
2024-08-05 04:18:05 GSD getOne 第 1 次 等待 3 秒
2024-08-05 04:18:08 查询号码 【1549909】，返回信息 {"status":"ok","msg":"-","gid":"674602","time_insert":"2023-04-24 15:28"}
2024-08-05 04:18:08 查询号码 【1549909】，GSD为【"-"】
2024-08-05 04:18:08 ok && -
2024-08-05 04:18:09 CHB 1549909?1722802688 第 1 次 等待 3 秒
2024-08-05 04:18:12 CHB 1549909?1722802688 第 1 次 获取到号码【1549909】GSD
2024-08-05 04:18:12 未获取到号码【1549909】GSD，可能号码格式错误
2024-08-05 04:18:12 获取到号码【1549909】的GSD为【-】
2024-08-05 04:18:20 GSD insert 第 1 次 等待 3 秒
2024-08-05 04:18:23 {"status":"bad","gid":"674602","msg":"添加失败！号码【1549909(-|-)】已存在！"}

