2024-02-13 00:08:30 开始第 3469 次操作

2024-02-13 00:08:30 开始操作号码 【1763369】
2024-02-13 00:08:37 GSD getOne 第 1 次 等待 3 秒
2024-02-13 00:08:40 查询号码 【1763369】，返回信息 {"status":"ok","msg":"河南-南阳","gid":"55265","time_insert":"2021-04-06 18:56"}
2024-02-13 00:08:40 查询号码 【1763369】，GSD为【"河南-南阳"】

2024-02-13 00:08:41 开始第 3470 次操作

2024-02-13 00:08:41 开始操作号码 【1763370】
2024-02-13 00:08:46 GSD getOne 第 1 次 等待 3 秒
2024-02-13 00:08:49 查询号码 【1763370】，返回信息 {"status":"ok","msg":"河南-信阳","gid":"172499","time_insert":"2021-07-02 07:48"}
2024-02-13 00:08:50 查询号码 【1763370】，GSD为【"河南-信阳"】

2024-02-13 00:08:51 开始第 3471 次操作

2024-02-13 00:08:51 开始操作号码 【1763371】
2024-02-13 00:08:56 GSD getOne 第 1 次 等待 3 秒
2024-02-13 00:08:59 查询号码 【1763371】，返回信息 {"status":"ok","msg":"河南-信阳","gid":"172503","time_insert":"2021-07-02 07:48"}
2024-02-13 00:08:59 查询号码 【1763371】，GSD为【"河南-信阳"】

2024-02-13 00:09:00 开始第 3472 次操作

2024-02-13 00:09:00 开始操作号码 【1763372】
2024-02-13 00:09:04 GSD getOne 第 1 次 等待 3 秒
2024-02-13 00:09:07 查询号码 【1763372】，返回信息 {"status":"ok","msg":"河南-信阳","gid":"172507","time_insert":"2021-07-02 07:49"}
2024-02-13 00:09:07 查询号码 【1763372】，GSD为【"河南-信阳"】

