2024-07-22 00:11:44 开始第 7469 次操作

2024-07-22 00:11:44 开始操作号码 【1547352】
2024-07-22 00:11:52 GSD getOne 第 1 次 等待 3 秒
2024-07-22 00:11:55 查询号码 【1547352】，返回信息 {"status":"ok","msg":"-","gid":"682945","time_insert":"2023-04-28 17:58"}
2024-07-22 00:11:55 查询号码 【1547352】，GSD为【"-"】
2024-07-22 00:11:55 ok && -
2024-07-22 00:11:57 CHB 1547352?1721578315 第 1 次 等待 3 秒
2024-07-22 00:12:00 CHB 1547352?1721578315 第 1 次 获取到号码【1547352】GSD
2024-07-22 00:12:00 未获取到号码【1547352】GSD，可能号码格式错误
2024-07-22 00:12:00 获取到号码【1547352】的GSD为【-】
2024-07-22 00:12:11 GSD insert 第 1 次 等待 3 秒
2024-07-22 00:12:14 {"status":"bad","gid":"682945","msg":"添加失败！号码【1547352(-|-)】已存在！"}
2024-07-22 00:12:14 随机等待 89 秒，约 1 分钟
2024-07-22 00:12:14 下次操作: 2024-07-22 00:13:43

2024-07-22 00:13:43 开始第 7470 次操作

2024-07-22 00:13:43 开始操作号码 【1547353】
2024-07-22 00:13:50 GSD getOne 第 1 次 等待 3 秒
2024-07-22 00:13:53 查询号码 【1547353】，返回信息 {"status":"ok","msg":"-","gid":"682973","time_insert":"2023-04-28 18:16"}
2024-07-22 00:13:53 查询号码 【1547353】，GSD为【"-"】
2024-07-22 00:13:53 ok && -
2024-07-22 00:13:55 CHB 1547353?1721578433 第 1 次 等待 3 秒
2024-07-22 00:13:58 CHB 1547353?1721578433 第 1 次 获取到号码【1547353】GSD
2024-07-22 00:13:58 未获取到号码【1547353】GSD，可能号码格式错误
2024-07-22 00:13:58 获取到号码【1547353】的GSD为【-】
2024-07-22 00:14:05 GSD insert 第 1 次 等待 3 秒
2024-07-22 00:14:08 {"status":"bad","gid":"682973","msg":"添加失败！号码【1547353(-|-)】已存在！"}
2024-07-22 00:14:08 随机等待 191 秒，约 3 分钟
2024-07-22 00:14:08 下次操作: 2024-07-22 00:17:19

2024-07-22 00:17:19 开始第 7471 次操作

2024-07-22 00:17:19 开始操作号码 【1547354】
2024-07-22 00:17:28 GSD getOne 第 1 次 等待 3 秒
2024-07-22 00:17:31 查询号码 【1547354】，返回信息 {"status":"ok","msg":"-","gid":"682993","time_insert":"2023-04-28 18:32"}
2024-07-22 00:17:31 查询号码 【1547354】，GSD为【"-"】
2024-07-22 00:17:31 ok && -
2024-07-22 00:17:33 CHB 1547354?1721578651 第 1 次 等待 3 秒
2024-07-22 00:17:36 CHB 1547354?1721578651 第 1 次 获取到号码【1547354】GSD
2024-07-22 00:17:36 未获取到号码【1547354】GSD，可能号码格式错误
2024-07-22 00:17:36 获取到号码【1547354】的GSD为【-】
2024-07-22 00:17:45 GSD insert 第 1 次 等待 3 秒
2024-07-22 00:17:48 {"status":"bad","gid":"682993","msg":"添加失败！号码【1547354(-|-)】已存在！"}
2024-07-22 00:17:48 随机等待 181 秒，约 3 分钟
2024-07-22 00:17:48 下次操作: 2024-07-22 00:20:49

2024-07-22 00:20:49 开始第 7472 次操作

2024-07-22 00:20:49 开始操作号码 【1547355】
2024-07-22 00:20:58 GSD getOne 第 1 次 等待 3 秒
2024-07-22 00:21:01 查询号码 【1547355】，返回信息 {"status":"ok","msg":"-","gid":"683012","time_insert":"2023-04-28 18:43"}
2024-07-22 00:21:01 查询号码 【1547355】，GSD为【"-"】
2024-07-22 00:21:01 ok && -
2024-07-22 00:21:03 CHB 1547355?1721578861 第 1 次 等待 3 秒
2024-07-22 00:21:06 CHB 1547355?1721578861 第 1 次 获取到号码【1547355】GSD
2024-07-22 00:21:06 未获取到号码【1547355】GSD，可能号码格式错误
2024-07-22 00:21:06 获取到号码【1547355】的GSD为【-】
2024-07-22 00:21:14 GSD insert 第 1 次 等待 3 秒
2024-07-22 00:21:17 {"status":"bad","gid":"683012","msg":"添加失败！号码【1547355(-|-)】已存在！"}

2024-07-22 00:39:14 开始第 7473 次操作

2024-07-22 00:39:14 开始操作号码 【1547356】
2024-07-22 00:39:33 GSD getOne 第 1 次 等待 3 秒
2024-07-22 00:39:36 查询号码 【1547356】，返回信息 {"status":"ok","msg":"-","gid":"683038","time_insert":"2023-04-28 18:57"}
2024-07-22 00:39:36 查询号码 【1547356】，GSD为【"-"】
2024-07-22 00:39:36 ok && -
2024-07-22 00:39:38 CHB 1547356?1721579976 第 1 次 等待 3 秒
2024-07-22 00:39:41 CHB 1547356?1721579976 第 1 次 获取到号码【1547356】GSD
2024-07-22 00:39:41 未获取到号码【1547356】GSD，可能号码格式错误
2024-07-22 00:39:41 获取到号码【1547356】的GSD为【-】
2024-07-22 00:39:50 GSD insert 第 1 次 等待 3 秒
2024-07-22 00:39:53 {"status":"bad","gid":"683038","msg":"添加失败！号码【1547356(-|-)】已存在！"}
2024-07-22 00:39:53 随机等待 163 秒，约 2 分钟
2024-07-22 00:39:53 下次操作: 2024-07-22 00:42:36

2024-07-22 00:42:36 开始第 7474 次操作

2024-07-22 00:42:36 开始操作号码 【1547357】
2024-07-22 00:42:44 GSD getOne 第 1 次 等待 3 秒
2024-07-22 00:42:47 查询号码 【1547357】，返回信息 {"status":"ok","msg":"-","gid":"683052","time_insert":"2023-04-28 19:07"}
2024-07-22 00:42:47 查询号码 【1547357】，GSD为【"-"】
2024-07-22 00:42:47 ok && -
2024-07-22 00:42:50 CHB 1547357?1721580167 第 1 次 等待 3 秒
2024-07-22 00:42:53 CHB 1547357?1721580167 第 1 次 获取到号码【1547357】GSD
2024-07-22 00:42:53 未获取到号码【1547357】GSD，可能号码格式错误
2024-07-22 00:42:53 获取到号码【1547357】的GSD为【-】
2024-07-22 00:43:03 GSD insert 第 1 次 等待 3 秒
2024-07-22 00:43:06 {"status":"bad","gid":"683052","msg":"添加失败！号码【1547357(-|-)】已存在！"}
2024-07-22 00:43:06 随机等待 120 秒，约 2 分钟
2024-07-22 00:43:06 下次操作: 2024-07-22 00:45:06

2024-07-22 00:45:06 开始第 7475 次操作

2024-07-22 00:45:06 开始操作号码 【1547358】
2024-07-22 00:45:13 GSD getOne 第 1 次 等待 3 秒
2024-07-22 00:45:16 查询号码 【1547358】，返回信息 {"status":"ok","msg":"-","gid":"683084","time_insert":"2023-04-28 19:26"}
2024-07-22 00:45:16 查询号码 【1547358】，GSD为【"-"】
2024-07-22 00:45:16 ok && -
2024-07-22 00:45:18 CHB 1547358?1721580316 第 1 次 等待 3 秒
2024-07-22 00:45:21 CHB 1547358?1721580316 第 1 次 获取到号码【1547358】GSD
2024-07-22 00:45:21 未获取到号码【1547358】GSD，可能号码格式错误
2024-07-22 00:45:21 获取到号码【1547358】的GSD为【-】
2024-07-22 00:45:30 GSD insert 第 1 次 等待 3 秒
2024-07-22 00:45:33 {"status":"bad","gid":"683084","msg":"添加失败！号码【1547358(-|-)】已存在！"}
2024-07-22 00:45:33 随机等待 208 秒，约 3 分钟
2024-07-22 00:45:33 下次操作: 2024-07-22 00:49:01

2024-07-22 00:49:01 开始第 7476 次操作

2024-07-22 00:49:01 开始操作号码 【1547359】
2024-07-22 00:49:08 GSD getOne 第 1 次 等待 3 秒
2024-07-22 00:49:11 查询号码 【1547359】，返回信息 {"status":"ok","msg":"-","gid":"683106","time_insert":"2023-04-28 19:39"}
2024-07-22 00:49:11 查询号码 【1547359】，GSD为【"-"】
2024-07-22 00:49:11 ok && -
2024-07-22 00:49:14 CHB 1547359?1721580551 第 1 次 等待 3 秒
2024-07-22 00:49:17 CHB 1547359?1721580551 第 1 次 获取到号码【1547359】GSD
2024-07-22 00:49:17 未获取到号码【1547359】GSD，可能号码格式错误
2024-07-22 00:49:17 获取到号码【1547359】的GSD为【-】
2024-07-22 00:49:24 GSD insert 第 1 次 等待 3 秒
2024-07-22 00:49:27 {"status":"bad","gid":"683106","msg":"添加失败！号码【1547359(-|-)】已存在！"}

