2024-01-06 00:08:44 开始第 7385 次操作

2024-01-06 00:08:44 开始操作号码 【1877285】
2024-01-06 00:09:03 GSD getOne 第 1 次 等待 3 秒
2024-01-06 00:09:06 查询号码 【1877285】，返回信息 {"status":"ok","msg":"湖北-十堰","gid":"428691","time_insert":"2021-07-29 01:06"}
2024-01-06 00:09:06 查询号码 【1877285】，GSD为【"湖北-十堰"】

2024-01-06 00:09:07 开始第 7386 次操作

2024-01-06 00:09:07 开始操作号码 【1877286】
2024-01-06 00:09:10 GSD getOne 第 1 次 等待 3 秒
2024-01-06 00:09:13 查询号码 【1877286】，返回信息 {"status":"ok","msg":"湖北-十堰","gid":"428684","time_insert":"2021-07-29 01:06"}
2024-01-06 00:09:13 查询号码 【1877286】，GSD为【"湖北-十堰"】

2024-01-06 00:09:14 开始第 7387 次操作

2024-01-06 00:09:14 开始操作号码 【1877287】
2024-01-06 00:09:17 GSD getOne 第 1 次 等待 3 秒
2024-01-06 00:09:20 查询号码 【1877287】，返回信息 {"status":"ok","msg":"湖北-十堰","gid":"428677","time_insert":"2021-07-29 01:05"}
2024-01-06 00:09:20 查询号码 【1877287】，GSD为【"湖北-十堰"】

2024-01-06 00:09:21 开始第 7388 次操作

2024-01-06 00:09:21 开始操作号码 【1877288】
2024-01-06 00:09:37 GSD getOne 第 1 次 等待 3 秒
2024-01-06 00:09:40 查询号码 【1877288】，返回信息 {"status":"ok","msg":"湖北-十堰","gid":"42659","time_insert":"2017-08-07 19:57","time_update":"2020-09-19 09:06"}
2024-01-06 00:09:40 查询号码 【1877288】，GSD为【"湖北-十堰"】

