2024-01-18 00:10:21 开始第 9589 次操作

2024-01-18 00:10:21 开始操作号码 【1879489】
2024-01-18 00:10:26 GSD getOne 第 1 次 等待 3 秒
2024-01-18 00:10:29 查询号码 【1879489】，返回信息 {"status":"ok","msg":"甘肃-兰州","gid":"415093","time_insert":"2021-07-27 16:59"}
2024-01-18 00:10:29 查询号码 【1879489】，GSD为【"甘肃-兰州"】

2024-01-18 00:10:30 开始第 9590 次操作

2024-01-18 00:10:30 开始操作号码 【1879490】
2024-01-18 00:10:34 GSD getOne 第 1 次 等待 3 秒
2024-01-18 00:10:37 查询号码 【1879490】，返回信息 {"status":"ok","msg":"甘肃-张掖","gid":"415075","time_insert":"2021-07-27 16:58"}
2024-01-18 00:10:37 查询号码 【1879490】，GSD为【"甘肃-张掖"】

2024-01-18 00:10:38 开始第 9591 次操作

2024-01-18 00:10:38 开始操作号码 【1879491】
2024-01-18 00:10:42 GSD getOne 第 1 次 等待 3 秒
2024-01-18 00:10:45 查询号码 【1879491】，返回信息 {"status":"ok","msg":"甘肃-张掖","gid":"43598","time_insert":"2018-11-23 16:56","time_update":"2020-12-14 04:38"}
2024-01-18 00:10:45 查询号码 【1879491】，GSD为【"甘肃-张掖"】

2024-01-18 00:10:46 开始第 9592 次操作

2024-01-18 00:10:46 开始操作号码 【1879492】
2024-01-18 00:10:50 GSD getOne 第 1 次 等待 3 秒
2024-01-18 00:10:53 查询号码 【1879492】，返回信息 {"status":"ok","msg":"甘肃-张掖","gid":"415063","time_insert":"2021-07-27 16:57"}
2024-01-18 00:10:53 查询号码 【1879492】，GSD为【"甘肃-张掖"】

