2024-10-04 00:28:29 开始第 7453 次操作

2024-10-04 00:28:29 开始操作号码 【1437447】
2024-10-04 00:28:32 GSD getOne 第 1 次 等待 3 秒
2024-10-04 00:28:35 查询号码 【1437447】，返回信息 {"status":"ok","msg":"-","gid":"686468","time_insert":"2023-04-30 08:25"}
2024-10-04 00:28:35 查询号码 【1437447】，GSD为【"-"】
2024-10-04 00:28:35 ok && -
2024-10-04 00:28:37 CHB 1437447?1727972915 第 1 次 等待 3 秒
2024-10-04 00:28:40 CHB 1437447?1727972915 第 1 次 获取到号码【1437447】GSD
2024-10-04 00:28:40 未获取到号码【1437447】GSD，可能号码格式错误
2024-10-04 00:28:40 获取到号码【1437447】的GSD为【-】
2024-10-04 00:28:43 GSD insert 第 1 次 等待 3 秒
2024-10-04 00:28:46 {"status":"bad","gid":"686468","msg":"添加失败！号码【1437447(-|-)】已存在！"}
2024-10-04 00:28:46 随机等待 204 秒，约 3 分钟
2024-10-04 00:28:46 下次操作: 2024-10-04 00:32:10

2024-10-04 00:32:10 开始第 7454 次操作

2024-10-04 00:32:10 开始操作号码 【1437448】
2024-10-04 00:32:12 GSD getOne 第 1 次 等待 3 秒
2024-10-04 00:32:15 查询号码 【1437448】，返回信息 {"status":"ok","msg":"-","gid":"686485","time_insert":"2023-04-30 08:42"}
2024-10-04 00:32:15 查询号码 【1437448】，GSD为【"-"】
2024-10-04 00:32:15 ok && -
2024-10-04 00:32:17 CHB 1437448?1727973135 第 1 次 等待 3 秒
2024-10-04 00:32:20 CHB 1437448?1727973135 第 1 次 获取到号码【1437448】GSD
2024-10-04 00:32:20 未获取到号码【1437448】GSD，可能号码格式错误
2024-10-04 00:32:20 获取到号码【1437448】的GSD为【-】
2024-10-04 00:32:22 GSD insert 第 1 次 等待 3 秒
2024-10-04 00:32:25 {"status":"bad","gid":"686485","msg":"添加失败！号码【1437448(-|-)】已存在！"}
2024-10-04 00:32:25 随机等待 221 秒，约 3 分钟
2024-10-04 00:32:25 下次操作: 2024-10-04 00:36:06

2024-10-04 00:36:06 开始第 7455 次操作

2024-10-04 00:36:06 开始操作号码 【1437449】
2024-10-04 00:36:10 GSD getOne 第 1 次 等待 3 秒
2024-10-04 00:36:13 查询号码 【1437449】，返回信息 {"status":"ok","msg":"-","gid":"686502","time_insert":"2023-04-30 08:59"}
2024-10-04 00:36:13 查询号码 【1437449】，GSD为【"-"】
2024-10-04 00:36:13 ok && -
2024-10-04 00:36:15 CHB 1437449?1727973373 第 1 次 等待 3 秒
2024-10-04 00:36:18 CHB 1437449?1727973373 第 1 次 获取到号码【1437449】GSD
2024-10-04 00:36:18 未获取到号码【1437449】GSD，可能号码格式错误
2024-10-04 00:36:18 获取到号码【1437449】的GSD为【-】
2024-10-04 00:36:20 GSD insert 第 1 次 等待 3 秒
2024-10-04 00:36:23 {"status":"bad","gid":"686502","msg":"添加失败！号码【1437449(-|-)】已存在！"}
2024-10-04 00:36:23 随机等待 205 秒，约 3 分钟
2024-10-04 00:36:23 下次操作: 2024-10-04 00:39:48

2024-10-04 00:39:48 开始第 7456 次操作

2024-10-04 00:39:48 开始操作号码 【1437450】
2024-10-04 00:39:51 GSD getOne 第 1 次 等待 3 秒
2024-10-04 00:39:54 查询号码 【1437450】，返回信息 {"status":"ok","msg":"-","gid":"686524","time_insert":"2023-04-30 09:15"}
2024-10-04 00:39:54 查询号码 【1437450】，GSD为【"-"】
2024-10-04 00:39:54 ok && -
2024-10-04 00:39:56 CHB 1437450?1727973594 第 1 次 等待 3 秒
2024-10-04 00:39:59 CHB 1437450?1727973594 第 1 次 获取到号码【1437450】GSD
2024-10-04 00:39:59 未获取到号码【1437450】GSD，可能号码格式错误
2024-10-04 00:39:59 获取到号码【1437450】的GSD为【-】
2024-10-04 00:40:01 GSD insert 第 1 次 等待 3 秒
2024-10-04 00:40:04 {"status":"bad","gid":"686524","msg":"添加失败！号码【1437450(-|-)】已存在！"}

