2024-02-01 00:09:10 开始第 1261 次操作

2024-02-01 00:09:10 开始操作号码 【1761161】
2024-02-01 00:09:14 GSD getOne 第 1 次 等待 3 秒
2024-02-01 00:09:17 查询号码 【1761161】，返回信息 {"status":"ok","msg":"北京-北京","gid":"149382","time_insert":"2021-06-28 22:42"}
2024-02-01 00:09:17 查询号码 【1761161】，GSD为【"北京-北京"】

2024-02-01 00:09:18 开始第 1262 次操作

2024-02-01 00:09:18 开始操作号码 【1761162】
2024-02-01 00:09:22 GSD getOne 第 1 次 等待 3 秒
2024-02-01 00:09:25 查询号码 【1761162】，返回信息 {"status":"ok","msg":"北京-北京","gid":"149387","time_insert":"2021-06-28 22:43"}
2024-02-01 00:09:25 查询号码 【1761162】，GSD为【"北京-北京"】

2024-02-01 00:09:26 开始第 1263 次操作

2024-02-01 00:09:26 开始操作号码 【1761163】
2024-02-01 00:09:30 GSD getOne 第 1 次 等待 3 秒
2024-02-01 00:09:33 查询号码 【1761163】，返回信息 {"status":"ok","msg":"北京-北京","gid":"149393","time_insert":"2021-06-28 22:44"}
2024-02-01 00:09:33 查询号码 【1761163】，GSD为【"北京-北京"】

2024-02-01 00:09:34 开始第 1264 次操作

2024-02-01 00:09:34 开始操作号码 【1761164】
2024-02-01 00:09:39 GSD getOne 第 1 次 等待 3 秒
2024-02-01 00:09:42 查询号码 【1761164】，返回信息 {"status":"ok","msg":"北京-北京","gid":"149399","time_insert":"2021-06-28 22:44"}
2024-02-01 00:09:42 查询号码 【1761164】，GSD为【"北京-北京"】

